Current configuration:
[NAME]		[DEFLT]	[VALUE]
-dcountfn		/mnt/c/users/robin/onedrive/desktop/cmu/Cebuano/model_parameters/Cebuano.cd_cont_200/mixture_weights
-example	no	no
-fullvar	no	no
-help		no	no
-inmeanfn		/mnt/c/users/robin/onedrive/desktop/cmu/Cebuano/model_parameters/Cebuano.cd_cont_200/means
-inmixwfn		/mnt/c/users/robin/onedrive/desktop/cmu/Cebuano/model_parameters/Cebuano.cd_cont_200/mixture_weights
-invarfn		/mnt/c/users/robin/onedrive/desktop/cmu/Cebuano/model_parameters/Cebuano.cd_cont_200/variances
-ninc		1	1
-outmeanfn		/mnt/c/users/robin/onedrive/desktop/cmu/Cebuano/model_parameters/Cebuano.cd_cont_initial/means
-outmixwfn		/mnt/c/users/robin/onedrive/desktop/cmu/Cebuano/model_parameters/Cebuano.cd_cont_initial/mixture_weights
-outvarfn		/mnt/c/users/robin/onedrive/desktop/cmu/Cebuano/model_parameters/Cebuano.cd_cont_initial/variances

INFO: main.c(85): Reading mixing weight file /mnt/c/users/robin/onedrive/desktop/cmu/Cebuano/model_parameters/Cebuano.cd_cont_200/mixture_weights.
INFO: s3mixw_io.c(116): Read /mnt/c/users/robin/onedrive/desktop/cmu/Cebuano/model_parameters/Cebuano.cd_cont_200/mixture_weights [320x1x1 array]
INFO: s3gau_io.c(168): Read /mnt/c/users/robin/onedrive/desktop/cmu/Cebuano/model_parameters/Cebuano.cd_cont_200/means [320x1x1 array]
INFO: s3gau_io.c(168): Read /mnt/c/users/robin/onedrive/desktop/cmu/Cebuano/model_parameters/Cebuano.cd_cont_200/variances [320x1x1 array]
INFO: s3gau_io.c(552): Read /mnt/c/users/robin/onedrive/desktop/cmu/Cebuano/model_parameters/Cebuano.cd_cont_200/mixture_weights [320x1x1 array]
INFO: main.c(151): output n_density == 2
0:0(3.07e+04)
1:0(5.95e+04)
2:0(4.71e+04)
3:0(5.01e+04)
4:0(7.17e+04)
5:0(5.87e+04)
6:0(1.14e+05)
7:0(2.11e+05)
8:0(1.88e+05)
9:0(1.03e+04)
10:0(1.48e+04)
11:0(7.34e+03)
12:0(1.30e+03)
13:0(2.11e+03)
14:0(1.27e+03)
15:0(1.81e+04)
16:0(1.43e+04)
17:0(1.88e+04)
18:0(3.52e+04)
19:0(1.74e+04)
20:0(1.99e+04)
21:0(1.10e+03)
22:0(9.48e+02)
23:0(5.63e+02)
24:0(2.41e+04)
25:0(4.26e+04)
26:0(2.74e+04)
27:0(5.69e+01)
28:0(5.74e+01)
29:0(1.02e+02)
30:0(5.39e+03)
31:0(8.64e+03)
32:0(4.34e+03)
33:0(1.84e+03)
34:0(3.20e+03)
35:0(4.38e+03)
36:0(2.76e+04)
37:0(2.44e+04)
38:0(3.29e+04)
39:0(1.60e+03)
40:0(3.60e+03)
41:0(2.03e+03)
42:0(4.26e+04)
43:0(3.46e+04)
44:0(5.41e+04)
45:0(1.79e+04)
46:0(9.96e+03)
47:0(1.07e+04)
48:0(2.38e+04)
49:0(3.51e+04)
50:0(2.69e+04)
51:0(4.50e+04)
52:0(2.10e+04)
53:0(4.24e+04)
54:0(1.02e+04)
55:0(7.93e+03)
56:0(9.57e+03)
57:0(7.23e+04)
58:0(3.98e+04)
59:0(3.41e+04)
60:0(5.16e+04)
61:0(2.87e+04)
62:0(3.34e+04)
63:0(5.97e+04)
64:0(2.97e+04)
65:0(2.82e+04)
66:0(6.59e+04)
67:0(1.08e+05)
68:0(1.36e+05)
69:0(2.36e+04)
70:0(4.99e+04)
71:0(3.45e+04)
72:0(5.00e+04)
73:0(3.04e+04)
74:0(7.28e+04)
75:0(8.94e+01)
76:0(1.07e+02)
77:0(2.80e+02)
78:0(4.71e+04)
79:0(1.89e+04)
80:0(1.71e+04)
81:0(1.48e+04)
82:0(9.35e+03)
83:0(1.30e+04)
84:0(4.89e+04)
85:0(9.34e+04)
86:0(5.41e+04)
87:0(6.73e+02)
88:0(1.34e+03)
89:0(7.79e+02)
90:0(3.30e+05)
91:0(1.60e+05)
92:0(1.65e+05)
93:0(7.08e+04)
94:0(3.51e+04)
95:0(3.64e+04)
96:0(2.82e+02)
97:0(3.60e+02)
98:0(2.09e+02)
99:0(5.68e+02)
100:0(4.21e+02)
101:0(4.09e+02)
102:0(1.19e+04)
103:0(2.29e+04)
104:0(1.82e+04)
105:0(9.85e+02)
106:0(8.95e+02)
107:0(1.86e+03)
108:0(5.98e+03)
109:0(4.58e+03)
110:0(4.15e+03)
111:0(9.15e+03)
112:0(7.60e+03)
113:0(1.36e+04)
114:0(7.71e+03)
115:0(2.26e+04)
116:0(1.57e+04)
117:0(4.00e+01)
118:0(1.04e+02)
119:0(4.81e+01)
120:0(8.26e+03)
121:0(1.10e+04)
122:0(1.14e+04)
123:0(2.09e+04)
124:0(2.87e+04)
125:0(9.88e+03)
126:0(1.15e+04)
127:0(8.67e+03)
128:0(2.68e+04)
129:0(5.47e+03)
130:0(2.19e+04)
131:0(1.79e+04)
132:0(4.81e+03)
133:0(2.88e+04)
134:0(4.29e+04)
135:0(1.75e+04)
136:0(1.23e+04)
137:0(1.64e+04)
138:0(1.25e+04)
139:0(4.04e+04)
140:0(9.45e+03)
141:0(1.95e+04)
142:0(1.11e+04)
143:0(1.83e+04)
144:0(1.49e+04)
145:0(4.61e+04)
146:0(6.74e+04)
147:0(3.49e+04)
148:0(1.41e+04)
149:0(4.85e+04)
150:0(5.69e+04)
151:0(1.07e+04)
152:0(1.97e+04)
153:0(2.22e+04)
154:0(5.52e+03)
155:0(2.23e+04)
156:0(5.09e+04)
157:0(1.03e+04)
158:0(1.48e+04)
159:0(7.34e+03)
160:0(1.30e+03)
161:0(2.11e+03)
162:0(1.27e+03)
163:0(1.81e+04)
164:0(4.76e+03)
165:0(9.58e+03)
166:0(5.88e+03)
167:0(6.26e+03)
168:0(6.69e+03)
169:0(3.52e+04)
170:0(1.74e+04)
171:0(1.33e+04)
172:0(6.61e+03)
173:0(1.10e+03)
174:0(9.48e+02)
175:0(5.63e+02)
176:0(8.99e+03)
177:0(1.51e+04)
178:0(2.32e+04)
179:0(1.94e+04)
180:0(2.02e+04)
181:0(7.19e+03)
182:0(5.69e+01)
183:0(5.74e+01)
184:0(1.02e+02)
185:0(5.39e+03)
186:0(8.64e+03)
187:0(4.34e+03)
188:0(1.84e+03)
189:0(3.20e+03)
190:0(4.38e+03)
191:0(2.76e+04)
192:0(5.79e+03)
193:0(1.86e+04)
194:0(2.78e+04)
195:0(5.12e+03)
196:0(1.60e+03)
197:0(3.60e+03)
198:0(2.03e+03)
199:0(1.64e+04)
200:0(2.62e+04)
201:0(7.86e+03)
202:0(1.15e+04)
203:0(1.52e+04)
204:0(2.90e+04)
205:0(1.65e+04)
206:0(8.54e+03)
207:0(1.79e+04)
208:0(9.96e+03)
209:0(1.07e+04)
210:0(1.61e+04)
211:0(7.67e+03)
212:0(2.52e+04)
213:0(9.94e+03)
214:0(1.16e+04)
215:0(1.53e+04)
216:0(3.45e+03)
217:0(4.16e+04)
218:0(2.10e+04)
219:0(1.53e+04)
220:0(2.71e+04)
221:0(1.02e+04)
222:0(7.93e+03)
223:0(9.57e+03)
224:0(4.72e+04)
225:0(2.50e+04)
226:0(3.98e+04)
227:0(7.52e+03)
228:0(2.66e+04)
229:0(3.93e+04)
230:0(1.23e+04)
231:0(1.03e+04)
232:0(1.84e+04)
233:0(3.96e+03)
234:0(1.25e+04)
235:0(1.69e+04)
236:0(2.98e+04)
237:0(2.40e+04)
238:0(5.87e+03)
239:0(2.38e+04)
240:0(5.81e+03)
241:0(9.18e+03)
242:0(1.90e+04)
243:0(1.58e+04)
244:0(8.59e+03)
245:0(4.15e+04)
246:0(3.01e+04)
247:0(3.67e+04)
248:0(2.28e+04)
249:0(1.84e+04)
250:0(1.26e+04)
251:0(1.04e+04)
252:0(2.66e+03)
253:0(4.15e+04)
254:0(1.13e+04)
255:0(4.08e+04)
256:0(1.67e+04)
257:0(2.36e+04)
258:0(2.31e+04)
259:0(2.68e+04)
260:0(3.45e+04)
261:0(3.45e+04)
262:0(1.55e+04)
263:0(3.04e+04)
264:0(1.86e+04)
265:0(4.72e+04)
266:0(7.05e+03)
267:0(8.94e+01)
268:0(1.07e+02)
269:0(2.80e+02)
270:0(9.15e+03)
271:0(3.79e+04)
272:0(1.89e+04)
273:0(1.71e+04)
274:0(1.48e+04)
275:0(9.35e+03)
276:0(1.30e+04)
277:0(3.80e+04)
278:0(1.09e+04)
279:0(5.07e+03)
280:0(8.84e+04)
281:0(3.87e+04)
282:0(1.53e+04)
283:0(6.73e+02)
284:0(1.34e+03)
285:0(7.79e+02)
286:0(1.25e+04)
287:0(5.83e+04)
288:0(7.60e+03)
289:0(2.75e+04)
290:0(1.38e+04)
291:0(2.26e+04)
292:0(2.82e+02)
293:0(3.60e+02)
294:0(2.09e+02)
295:0(5.68e+02)
296:0(4.21e+02)
297:0(4.09e+02)
298:0(1.19e+04)
299:0(1.51e+04)
300:0(7.74e+03)
301:0(7.86e+03)
302:0(1.04e+04)
303:0(9.85e+02)
304:0(8.95e+02)
305:0(1.86e+03)
306:0(5.98e+03)
307:0(4.58e+03)
308:0(4.15e+03)
309:0(9.15e+03)
310:0(7.60e+03)
311:0(1.36e+04)
312:0(7.71e+03)
313:0(1.15e+04)
314:0(1.11e+04)
315:0(3.13e+03)
316:0(1.26e+04)
317:0(4.00e+01)
318:0(1.04e+02)
319:0(4.81e+01)INFO: s3mixw_io.c(232): Wrote /mnt/c/users/robin/onedrive/desktop/cmu/Cebuano/model_parameters/Cebuano.cd_cont_initial/mixture_weights [320x1x2 array]
INFO: s3gau_io.c(228): Wrote /mnt/c/users/robin/onedrive/desktop/cmu/Cebuano/model_parameters/Cebuano.cd_cont_initial/means [320x1x2 array]
INFO: s3gau_io.c(228): Wrote /mnt/c/users/robin/onedrive/desktop/cmu/Cebuano/model_parameters/Cebuano.cd_cont_initial/variances [320x1x2 array]

Fri Jan  6 22:33:18 2023
