Current configuration:
[NAME]		[DEFLT]	[VALUE]
-dcountfn		/mnt/c/users/robin/onedrive/desktop/cmu/Cebuano/model_parameters/Cebuano.cd_cont_200/mixture_weights
-example	no	no
-fullvar	no	no
-help		no	no
-inmeanfn		/mnt/c/users/robin/onedrive/desktop/cmu/Cebuano/model_parameters/Cebuano.cd_cont_200/means
-inmixwfn		/mnt/c/users/robin/onedrive/desktop/cmu/Cebuano/model_parameters/Cebuano.cd_cont_200/mixture_weights
-invarfn		/mnt/c/users/robin/onedrive/desktop/cmu/Cebuano/model_parameters/Cebuano.cd_cont_200/variances
-ninc		1	2
-outmeanfn		/mnt/c/users/robin/onedrive/desktop/cmu/Cebuano/model_parameters/Cebuano.cd_cont_initial/means
-outmixwfn		/mnt/c/users/robin/onedrive/desktop/cmu/Cebuano/model_parameters/Cebuano.cd_cont_initial/mixture_weights
-outvarfn		/mnt/c/users/robin/onedrive/desktop/cmu/Cebuano/model_parameters/Cebuano.cd_cont_initial/variances

INFO: main.c(85): Reading mixing weight file /mnt/c/users/robin/onedrive/desktop/cmu/Cebuano/model_parameters/Cebuano.cd_cont_200/mixture_weights.
INFO: s3mixw_io.c(116): Read /mnt/c/users/robin/onedrive/desktop/cmu/Cebuano/model_parameters/Cebuano.cd_cont_200/mixture_weights [320x1x2 array]
INFO: s3gau_io.c(168): Read /mnt/c/users/robin/onedrive/desktop/cmu/Cebuano/model_parameters/Cebuano.cd_cont_200/means [320x1x2 array]
INFO: s3gau_io.c(168): Read /mnt/c/users/robin/onedrive/desktop/cmu/Cebuano/model_parameters/Cebuano.cd_cont_200/variances [320x1x2 array]
INFO: s3gau_io.c(552): Read /mnt/c/users/robin/onedrive/desktop/cmu/Cebuano/model_parameters/Cebuano.cd_cont_200/mixture_weights [320x1x2 array]
INFO: main.c(151): output n_density == 4
0:1(1.87e+04)0(1.73e+04)
1:1(3.21e+04)0(2.45e+04)
2:0(2.29e+04)1(2.12e+04)
3:0(3.90e+04)1(1.70e+04)
4:1(3.56e+04)0(3.48e+04)
5:1(3.16e+04)0(2.25e+04)
6:1(6.93e+04)0(6.01e+04)
7:1(1.10e+05)0(9.03e+04)
8:0(9.45e+04)1(8.58e+04)
9:0(5.96e+03)1(5.03e+03)
10:0(7.16e+03)1(7.05e+03)
11:1(4.25e+03)0(3.97e+03)
12:0(6.90e+02)1(5.89e+02)
13:0(1.07e+03)1(9.99e+02)
14:1(8.93e+02)0(5.48e+02)
15:0(1.14e+04)1(6.10e+03)
16:0(7.54e+03)1(6.53e+03)
17:1(1.25e+04)0(6.16e+03)
18:1(1.86e+04)0(1.61e+04)
19:0(1.05e+04)1(8.27e+03)
20:1(1.08e+04)0(8.51e+03)
21:1(5.51e+02)0(3.90e+02)
22:1(5.55e+02)0(3.95e+02)
23:0(3.52e+02)1(3.10e+02)
24:1(1.78e+04)0(9.82e+03)
25:0(2.71e+04)1(1.84e+04)
26:0(1.55e+04)1(1.16e+04)
27:0(3.94e+01)1(3.32e+01)
28:1(3.00e+01)0(1.63e+01)
29:1(6.65e+01)0(5.84e+01)
30:0(3.45e+03)1(2.24e+03)
31:0(5.54e+03)1(1.74e+03)
32:0(3.20e+03)1(1.37e+03)
33:0(7.41e+02)1(7.35e+02)
34:1(2.17e+03)0(9.98e+02)
35:0(2.55e+03)1(2.34e+03)
36:0(1.64e+04)1(1.13e+04)
37:1(1.58e+04)0(8.75e+03)
38:1(2.04e+04)0(1.54e+04)
39:1(9.98e+02)0(8.38e+02)
40:1(1.82e+03)0(1.58e+03)
41:0(1.22e+03)1(7.46e+02)
42:0(2.23e+04)1(1.44e+04)
43:0(2.75e+04)1(1.59e+04)
44:1(3.44e+04)0(2.04e+04)
45:1(8.60e+03)0(8.59e+03)
46:0(5.89e+03)1(5.03e+03)
47:0(5.77e+03)1(5.32e+03)
48:0(1.90e+04)1(6.76e+03)
49:0(1.83e+04)1(1.48e+04)
50:0(1.42e+04)1(1.06e+04)
51:0(2.74e+04)1(1.71e+04)
52:0(1.12e+04)1(1.05e+04)
53:1(2.98e+04)0(1.92e+04)
54:0(5.83e+03)1(5.19e+03)
55:1(4.93e+03)0(2.79e+03)
56:0(5.07e+03)1(4.77e+03)
57:0(4.09e+04)1(2.95e+04)
58:1(2.12e+04)0(1.86e+04)
59:0(1.87e+04)1(1.62e+04)
60:0(3.12e+04)1(1.92e+04)
61:0(1.68e+04)1(1.23e+04)
62:0(2.14e+04)1(1.70e+04)
63:1(3.48e+04)0(2.73e+04)
64:0(1.64e+04)1(1.61e+04)
65:0(1.58e+04)1(1.38e+04)
66:0(4.05e+04)1(3.07e+04)
67:0(6.57e+04)1(4.40e+04)
68:1(7.86e+04)0(6.51e+04)
69:0(1.32e+04)1(9.54e+03)
70:0(2.94e+04)1(2.16e+04)
71:1(2.04e+04)0(1.73e+04)
72:1(3.30e+04)0(1.60e+04)
73:0(1.87e+04)1(1.16e+04)
74:1(5.31e+04)0(2.36e+04)
75:1(5.82e+01)0(5.27e+01)
76:0(6.30e+01)1(3.12e+01)
77:0(1.47e+02)1(1.16e+02)
78:1(2.78e+04)0(1.63e+04)
79:0(1.04e+04)1(9.72e+03)
80:1(1.04e+04)0(8.02e+03)
81:0(7.42e+03)1(7.25e+03)
82:0(6.10e+03)1(4.02e+03)
83:0(7.32e+03)1(6.41e+03)
84:1(2.94e+04)0(2.25e+04)
85:1(4.57e+04)0(3.95e+04)
86:0(2.85e+04)1(2.54e+04)
87:1(4.03e+02)0(3.16e+02)
88:1(7.69e+02)0(5.23e+02)
89:0(4.24e+02)1(4.01e+02)
90:1(1.70e+05)0(1.14e+05)
91:0(1.11e+05)1(7.69e+04)
92:0(8.31e+04)1(4.73e+04)
93:1(4.27e+04)0(2.52e+04)
94:0(2.69e+04)1(1.74e+04)
95:0(1.84e+04)1(1.77e+04)
96:1(2.12e+02)0(1.18e+02)
97:0(2.18e+02)1(1.58e+02)
98:0(1.13e+02)1(9.91e+01)
99:0(3.21e+02)1(2.47e+02)
100:1(2.10e+02)0(2.07e+02)
101:0(2.47e+02)1(2.09e+02)
102:0(6.99e+03)1(6.65e+03)
103:1(1.39e+04)0(9.53e+03)
104:1(1.13e+04)0(6.79e+03)
105:0(6.81e+02)1(2.15e+02)
106:1(6.54e+02)0(5.80e+02)
107:1(9.82e+02)0(5.30e+02)
108:1(3.11e+03)0(2.40e+03)
109:0(1.97e+03)1(1.67e+03)
110:0(2.67e+03)1(2.20e+03)
111:1(6.38e+03)0(3.16e+03)
112:1(4.37e+03)0(3.29e+03)
113:0(7.65e+03)1(5.41e+03)
114:1(5.29e+03)0(4.23e+03)
115:1(1.48e+04)0(6.92e+03)
116:1(1.13e+04)0(8.05e+03)
117:0(2.20e+01)1(1.90e+01)
118:1(5.41e+01)0(4.66e+01)
119:0(2.34e+01)1(2.18e+01)
120:0(5.28e+03)1(3.52e+03)
121:1(6.86e+03)0(6.81e+03)
122:0(7.33e+03)1(6.14e+03)
123:0(1.10e+04)1(7.81e+03)
124:1(1.40e+04)0(1.35e+04)
125:0(5.41e+03)1(4.95e+03)
126:1(6.09e+03)0(5.58e+03)
127:0(5.14e+03)1(4.72e+03)
128:1(1.27e+04)0(9.79e+03)
129:0(5.12e+03)1(1.86e+03)
130:0(1.66e+04)1(8.12e+03)
131:1(1.09e+04)0(8.24e+03)
132:1(2.62e+03)0(2.56e+03)
133:1(1.49e+04)0(1.35e+04)
134:0(2.14e+04)1(2.08e+04)
135:0(7.75e+03)1(6.99e+03)
136:1(6.01e+03)0(5.96e+03)
137:1(6.65e+03)0(6.43e+03)
138:0(8.05e+03)1(6.25e+03)
139:0(2.41e+04)1(1.86e+04)
140:1(6.62e+03)0(5.09e+03)
141:0(1.03e+04)1(9.10e+03)
142:1(6.86e+03)0(6.16e+03)
143:0(1.57e+04)1(1.19e+04)
144:1(7.89e+03)0(7.10e+03)
145:0(2.56e+04)1(2.27e+04)
146:1(3.35e+04)0(2.54e+04)
147:0(1.79e+04)1(1.61e+04)
148:1(7.43e+03)0(6.42e+03)
149:1(2.50e+04)0(2.06e+04)
150:1(3.85e+04)0(2.10e+04)
151:0(6.38e+03)1(4.76e+03)
152:0(1.07e+04)1(8.71e+03)
153:0(1.35e+04)1(8.98e+03)
154:0(2.80e+03)1(2.69e+03)
155:1(9.94e+03)0(9.34e+03)
156:0(2.29e+04)1(2.01e+04)
157:0(5.96e+03)1(5.03e+03)
158:0(7.16e+03)1(7.05e+03)
159:1(4.25e+03)0(3.97e+03)
160:0(6.90e+02)1(5.89e+02)
161:0(1.07e+03)1(9.99e+02)
162:1(8.93e+02)0(5.48e+02)
163:0(1.14e+04)1(6.10e+03)
164:0(3.66e+03)1(1.82e+03)
165:0(5.91e+03)1(2.67e+03)
166:0(3.06e+03)1(2.28e+03)
167:1(3.51e+03)0(3.13e+03)
168:1(4.33e+03)0(2.39e+03)
169:1(1.86e+04)0(1.61e+04)
170:0(1.05e+04)1(8.27e+03)
171:1(6.77e+03)0(5.71e+03)
172:1(3.80e+03)0(3.01e+03)
173:1(5.51e+02)0(3.90e+02)
174:1(5.55e+02)0(3.95e+02)
175:0(3.52e+02)1(3.10e+02)
176:1(4.84e+03)0(4.52e+03)
177:1(1.04e+04)0(7.85e+03)
178:1(1.20e+04)0(1.09e+04)
179:1(1.52e+04)0(7.51e+03)
180:0(1.12e+04)1(8.75e+03)
181:0(4.22e+03)1(3.02e+03)
182:0(3.94e+01)1(3.32e+01)
183:1(3.00e+01)0(1.63e+01)
184:1(6.65e+01)0(5.84e+01)
185:0(3.45e+03)1(2.24e+03)
186:0(5.54e+03)1(1.74e+03)
187:0(3.20e+03)1(1.37e+03)
188:0(7.41e+02)1(7.35e+02)
189:1(2.17e+03)0(9.98e+02)
190:0(2.55e+03)1(2.34e+03)
191:0(1.64e+04)1(1.13e+04)
192:0(3.81e+03)1(3.18e+03)
193:1(9.16e+03)0(8.45e+03)
194:1(1.61e+04)0(1.40e+04)
195:1(2.89e+03)0(2.82e+03)
196:1(9.98e+02)0(8.38e+02)
197:1(1.82e+03)0(1.58e+03)
198:0(1.22e+03)1(7.46e+02)
199:1(8.48e+03)0(4.78e+03)
200:1(1.20e+04)0(1.13e+04)
201:0(6.11e+03)1(3.19e+03)
202:0(8.02e+03)1(5.61e+03)
203:0(1.15e+04)1(8.98e+03)
204:0(1.77e+04)1(1.10e+04)
205:1(9.81e+03)0(7.20e+03)
206:0(4.89e+03)1(4.20e+03)
207:1(8.60e+03)0(8.59e+03)
208:0(5.89e+03)1(5.03e+03)
209:0(5.77e+03)1(5.32e+03)
210:0(8.86e+03)1(8.08e+03)
211:0(5.74e+03)1(3.12e+03)
212:1(1.26e+04)0(1.02e+04)
213:1(5.91e+03)0(4.44e+03)
214:1(6.37e+03)0(4.63e+03)
215:0(7.22e+03)1(6.55e+03)
216:1(2.49e+03)0(1.33e+03)
217:0(2.27e+04)1(1.80e+04)
218:0(1.12e+04)1(1.05e+04)
219:1(1.21e+04)0(7.57e+03)
220:1(1.54e+04)0(1.39e+04)
221:0(5.83e+03)1(5.19e+03)
222:1(4.93e+03)0(2.79e+03)
223:0(5.07e+03)1(4.77e+03)
224:0(2.85e+04)1(1.86e+04)
225:0(1.43e+04)1(9.01e+03)
226:1(2.12e+04)0(1.86e+04)
227:1(4.54e+03)0(3.75e+03)
228:0(1.34e+04)1(1.33e+04)
229:1(2.34e+04)0(1.49e+04)
230:0(7.50e+03)1(4.63e+03)
231:1(6.28e+03)0(4.18e+03)
232:1(9.62e+03)0(9.01e+03)
233:1(3.02e+03)0(2.02e+03)
234:1(6.05e+03)0(6.00e+03)
235:0(1.21e+04)1(9.24e+03)
236:1(1.86e+04)0(1.43e+04)
237:1(1.23e+04)0(1.08e+04)
238:1(3.79e+03)0(2.32e+03)
239:1(1.47e+04)0(1.04e+04)
240:0(4.20e+03)1(3.29e+03)
241:0(6.17e+03)1(4.04e+03)
242:0(1.09e+04)1(8.51e+03)
243:0(8.97e+03)1(5.23e+03)
244:0(5.20e+03)1(4.73e+03)
245:1(2.48e+04)0(2.22e+04)
246:1(1.64e+04)0(1.38e+04)
247:0(2.14e+04)1(1.69e+04)
248:1(1.24e+04)0(1.08e+04)
249:0(9.50e+03)1(8.52e+03)
250:0(6.60e+03)1(5.97e+03)
251:1(6.49e+03)0(5.45e+03)
252:1(2.05e+03)0(1.28e+03)
253:1(2.30e+04)0(1.88e+04)
254:0(6.14e+03)1(6.10e+03)
255:1(2.78e+04)0(1.41e+04)
256:1(1.14e+04)0(8.49e+03)
257:0(1.32e+04)1(9.54e+03)
258:1(1.19e+04)0(1.13e+04)
259:1(1.45e+04)0(1.33e+04)
260:1(2.04e+04)0(1.73e+04)
261:0(1.88e+04)1(1.51e+04)
262:1(9.73e+03)0(5.38e+03)
263:0(1.87e+04)1(1.16e+04)
264:1(1.10e+04)0(8.76e+03)
265:1(3.64e+04)0(1.37e+04)
266:1(4.07e+03)0(2.83e+03)
267:1(5.82e+01)0(5.27e+01)
268:0(6.30e+01)1(3.12e+01)
269:0(1.47e+02)1(1.16e+02)
270:1(5.20e+03)0(2.89e+03)
271:1(2.14e+04)0(1.46e+04)
272:0(1.04e+04)1(9.72e+03)
273:1(1.04e+04)0(8.02e+03)
274:0(7.42e+03)1(7.25e+03)
275:0(6.10e+03)1(4.02e+03)
276:0(7.32e+03)1(6.41e+03)
277:1(2.27e+04)0(1.72e+04)
278:0(6.56e+03)1(5.41e+03)
279:0(2.62e+03)1(2.39e+03)
280:1(4.26e+04)0(3.76e+04)
281:0(2.18e+04)1(1.71e+04)
282:1(8.66e+03)0(6.34e+03)
283:1(4.03e+02)0(3.16e+02)
284:1(7.69e+02)0(5.23e+02)
285:0(4.24e+02)1(4.01e+02)
286:0(9.49e+03)1(3.42e+03)
287:1(3.29e+04)0(2.21e+04)
288:0(8.77e+03)1(4.12e+03)
289:0(1.73e+04)1(1.41e+04)
290:0(8.33e+03)1(5.39e+03)
291:1(1.32e+04)0(9.17e+03)
292:1(2.12e+02)0(1.18e+02)
293:0(2.18e+02)1(1.58e+02)
294:0(1.13e+02)1(9.91e+01)
295:0(3.21e+02)1(2.47e+02)
296:1(2.10e+02)0(2.07e+02)
297:0(2.47e+02)1(2.09e+02)
298:0(6.99e+03)1(6.65e+03)
299:1(8.52e+03)0(6.57e+03)
300:0(4.40e+03)1(4.00e+03)
301:0(4.40e+03)1(3.55e+03)
302:0(5.52e+03)1(4.66e+03)
303:0(6.81e+02)1(2.15e+02)
304:1(6.54e+02)0(5.80e+02)
305:1(9.82e+02)0(5.30e+02)
306:1(3.11e+03)0(2.40e+03)
307:0(1.97e+03)1(1.67e+03)
308:0(2.67e+03)1(2.20e+03)
309:1(6.38e+03)0(3.16e+03)
310:1(4.37e+03)0(3.29e+03)
311:0(7.65e+03)1(5.41e+03)
312:1(5.29e+03)0(4.23e+03)
313:1(6.43e+03)0(4.44e+03)
314:1(5.45e+03)0(5.43e+03)
315:0(2.22e+03)1(1.78e+03)
316:1(9.74e+03)0(5.65e+03)
317:0(2.20e+01)1(1.90e+01)
318:1(5.41e+01)0(4.66e+01)
319:0(2.34e+01)1(2.18e+01)INFO: s3mixw_io.c(232): Wrote /mnt/c/users/robin/onedrive/desktop/cmu/Cebuano/model_parameters/Cebuano.cd_cont_initial/mixture_weights [320x1x4 array]
INFO: s3gau_io.c(228): Wrote /mnt/c/users/robin/onedrive/desktop/cmu/Cebuano/model_parameters/Cebuano.cd_cont_initial/means [320x1x4 array]
INFO: s3gau_io.c(228): Wrote /mnt/c/users/robin/onedrive/desktop/cmu/Cebuano/model_parameters/Cebuano.cd_cont_initial/variances [320x1x4 array]

Fri Jan  6 22:41:31 2023
