Current configuration:
[NAME]		[DEFLT]	[VALUE]
-dcountfn		/mnt/c/users/robin/onedrive/desktop/cmu/Cebuano/model_parameters/Cebuano.cd_cont_200/mixture_weights
-example	no	no
-fullvar	no	no
-help		no	no
-inmeanfn		/mnt/c/users/robin/onedrive/desktop/cmu/Cebuano/model_parameters/Cebuano.cd_cont_200/means
-inmixwfn		/mnt/c/users/robin/onedrive/desktop/cmu/Cebuano/model_parameters/Cebuano.cd_cont_200/mixture_weights
-invarfn		/mnt/c/users/robin/onedrive/desktop/cmu/Cebuano/model_parameters/Cebuano.cd_cont_200/variances
-ninc		1	4
-outmeanfn		/mnt/c/users/robin/onedrive/desktop/cmu/Cebuano/model_parameters/Cebuano.cd_cont_initial/means
-outmixwfn		/mnt/c/users/robin/onedrive/desktop/cmu/Cebuano/model_parameters/Cebuano.cd_cont_initial/mixture_weights
-outvarfn		/mnt/c/users/robin/onedrive/desktop/cmu/Cebuano/model_parameters/Cebuano.cd_cont_initial/variances

INFO: main.c(85): Reading mixing weight file /mnt/c/users/robin/onedrive/desktop/cmu/Cebuano/model_parameters/Cebuano.cd_cont_200/mixture_weights.
INFO: s3mixw_io.c(116): Read /mnt/c/users/robin/onedrive/desktop/cmu/Cebuano/model_parameters/Cebuano.cd_cont_200/mixture_weights [320x1x4 array]
INFO: s3gau_io.c(168): Read /mnt/c/users/robin/onedrive/desktop/cmu/Cebuano/model_parameters/Cebuano.cd_cont_200/means [320x1x4 array]
INFO: s3gau_io.c(168): Read /mnt/c/users/robin/onedrive/desktop/cmu/Cebuano/model_parameters/Cebuano.cd_cont_200/variances [320x1x4 array]
INFO: s3gau_io.c(552): Read /mnt/c/users/robin/onedrive/desktop/cmu/Cebuano/model_parameters/Cebuano.cd_cont_200/mixture_weights [320x1x4 array]
INFO: main.c(151): output n_density == 8
0:1(1.19e+04)3(9.88e+03)2(8.10e+03)0(7.18e+03)
1:2(1.56e+04)1(1.43e+04)0(1.16e+04)3(1.05e+04)
2:2(1.37e+04)1(1.20e+04)0(1.08e+04)3(7.25e+03)
3:2(1.88e+04)0(1.53e+04)1(1.40e+04)3(8.35e+03)
4:1(1.81e+04)3(1.71e+04)2(1.66e+04)0(1.12e+04)
5:1(1.92e+04)2(1.33e+04)3(1.25e+04)0(1.16e+04)
6:2(3.91e+04)0(3.73e+04)3(3.07e+04)1(2.79e+04)
7:1(5.26e+04)3(4.69e+04)2(4.44e+04)0(4.26e+04)
8:2(5.50e+04)0(4.91e+04)3(4.59e+04)1(3.04e+04)
9:2(3.01e+03)0(3.01e+03)1(2.43e+03)3(2.03e+03)
10:2(4.17e+03)1(4.06e+03)3(3.19e+03)0(1.86e+03)
11:3(3.22e+03)1(2.84e+03)2(1.67e+03)0(1.39e+03)
12:2(3.76e+02)0(3.19e+02)1(2.68e+02)3(2.19e+02)
13:2(5.87e+02)1(5.39e+02)0(5.36e+02)3(4.74e+02)
14:1(5.43e+02)2(5.39e+02)0(3.21e+02)3(2.34e+02)
15:0(5.52e+03)2(4.41e+03)1(3.78e+03)3(2.62e+03)
16:0(4.58e+03)1(4.43e+03)2(3.40e+03)3(2.64e+03)
17:1(7.76e+03)2(6.88e+03)0(3.09e+03)3(2.16e+03)
18:3(1.26e+04)1(9.38e+03)2(7.85e+03)0(6.29e+03)
19:1(5.26e+03)2(4.10e+03)0(4.06e+03)3(3.77e+03)
20:3(9.98e+03)2(4.46e+03)1(4.02e+03)0(3.88e+03)
21:1(3.05e+02)3(2.35e+02)0(1.95e+02)2(1.87e+02)
22:1(3.22e+02)3(2.19e+02)0(2.11e+02)2(1.96e+02)
23:3(1.83e+02)0(1.83e+02)2(1.50e+02)1(1.48e+02)
24:2(1.35e+04)1(6.63e+03)3(5.40e+03)0(5.16e+03)
25:0(1.12e+04)1(1.07e+04)3(1.01e+04)2(9.37e+03)
26:2(1.04e+04)0(8.29e+03)3(5.21e+03)1(4.80e+03)
27:2(2.17e+01)0(2.17e+01)1(2.10e+01)3(1.52e+01)
28:1(1.83e+01)2(1.17e+01)0(1.00e+01)3(6.00e+00)
29:1(3.73e+01)0(3.44e+01)3(3.24e+01)2(3.06e+01)
30:2(1.57e+03)0(1.51e+03)1(1.49e+03)3(9.96e+02)
31:0(2.85e+03)2(2.47e+03)1(1.58e+03)3(4.40e+02)
32:0(1.51e+03)2(1.30e+03)1(1.00e+03)3(4.73e+02)
33:1(5.84e+02)2(4.09e+02)3(2.80e+02)0(2.61e+02)
34:1(1.17e+03)2(1.00e+03)3(6.83e+02)0(3.81e+02)
35:3(1.39e+03)0(1.35e+03)2(1.32e+03)1(1.03e+03)
36:2(1.02e+04)3(6.88e+03)0(6.49e+03)1(3.44e+03)
37:1(8.82e+03)2(6.78e+03)0(6.04e+03)3(2.86e+03)
38:1(1.14e+04)0(8.91e+03)2(8.71e+03)3(7.58e+03)
39:1(7.24e+02)3(4.79e+02)2(4.61e+02)0(3.92e+02)
40:3(1.03e+03)1(7.67e+02)2(6.79e+02)0(6.70e+02)
41:2(6.23e+02)0(5.13e+02)1(4.86e+02)3(3.49e+02)
42:2(1.30e+04)0(1.06e+04)3(8.13e+03)1(5.55e+03)
43:0(1.89e+04)1(9.51e+03)2(7.77e+03)3(7.55e+03)
44:1(1.99e+04)2(1.64e+04)0(9.23e+03)3(8.82e+03)
45:1(4.58e+03)3(4.47e+03)0(4.31e+03)2(3.13e+03)
46:2(3.88e+03)1(2.96e+03)0(2.38e+03)3(2.36e+03)
47:1(3.36e+03)3(2.94e+03)2(2.94e+03)0(2.81e+03)
48:0(1.19e+04)2(9.46e+03)1(3.60e+03)3(2.31e+03)
49:1(8.54e+03)0(8.23e+03)2(7.45e+03)3(7.12e+03)
50:2(7.55e+03)3(6.11e+03)0(5.99e+03)1(4.48e+03)
51:2(1.46e+04)0(1.28e+04)1(7.44e+03)3(6.39e+03)
52:1(7.11e+03)2(6.62e+03)3(5.56e+03)0(4.43e+03)
53:2(1.63e+04)1(1.47e+04)3(1.00e+04)0(8.61e+03)
54:2(3.73e+03)3(3.01e+03)1(2.31e+03)0(2.30e+03)
55:2(2.47e+03)1(2.30e+03)3(1.74e+03)0(1.38e+03)
56:1(3.34e+03)0(2.59e+03)2(2.48e+03)3(1.66e+03)
57:1(2.19e+04)0(1.71e+04)3(1.63e+04)2(1.53e+04)
58:1(1.43e+04)3(1.01e+04)2(9.08e+03)0(7.77e+03)
59:2(1.60e+04)0(9.50e+03)3(7.93e+03)1(7.82e+03)
60:2(2.01e+04)0(1.29e+04)3(9.04e+03)1(8.03e+03)
61:2(1.36e+04)0(7.14e+03)3(6.38e+03)1(5.75e+03)
62:2(1.34e+04)1(9.92e+03)0(8.91e+03)3(8.80e+03)
63:1(2.12e+04)3(2.00e+04)2(1.20e+04)0(1.12e+04)
64:1(1.33e+04)2(8.93e+03)3(6.80e+03)0(6.15e+03)
65:0(1.00e+04)1(8.30e+03)3(7.83e+03)2(7.18e+03)
66:3(2.39e+04)2(2.05e+04)0(1.80e+04)1(1.32e+04)
67:1(3.43e+04)0(3.08e+04)2(2.74e+04)3(1.87e+04)
68:2(5.07e+04)0(4.05e+04)1(2.63e+04)3(2.56e+04)
69:2(7.20e+03)1(6.69e+03)0(6.66e+03)3(2.96e+03)
70:1(1.50e+04)0(1.16e+04)2(1.09e+04)3(9.83e+03)
71:2(1.17e+04)3(1.13e+04)1(1.03e+04)0(8.78e+03)
72:1(1.37e+04)2(1.31e+04)3(9.15e+03)0(8.20e+03)
73:0(1.25e+04)2(9.47e+03)3(7.21e+03)1(3.95e+03)
74:1(2.70e+04)2(2.55e+04)3(1.62e+04)0(1.04e+04)
75:2(3.63e+01)1(3.09e+01)3(2.60e+01)0(2.16e+01)
76:0(3.92e+01)2(3.40e+01)3(1.67e+01)1(1.54e+01)
77:2(7.11e+01)0(6.51e+01)1(5.55e+01)3(5.40e+01)
78:2(1.35e+04)1(1.24e+04)3(8.18e+03)0(7.68e+03)
79:3(6.07e+03)1(5.30e+03)2(5.22e+03)0(4.57e+03)
80:2(5.98e+03)1(5.46e+03)3(4.72e+03)0(3.89e+03)
81:1(3.85e+03)2(3.79e+03)3(3.46e+03)0(2.75e+03)
82:0(3.94e+03)2(2.98e+03)1(2.27e+03)3(2.26e+03)
83:2(3.29e+03)1(3.26e+03)3(3.21e+03)0(3.06e+03)
84:1(2.02e+04)2(1.44e+04)3(1.27e+04)0(1.15e+04)
85:3(2.35e+04)1(2.35e+04)2(1.96e+04)0(1.29e+04)
86:2(1.57e+04)1(1.36e+04)3(1.22e+04)0(1.19e+04)
87:1(2.37e+02)3(2.09e+02)2(2.00e+02)0(1.66e+02)
88:2(3.65e+02)1(3.60e+02)0(2.75e+02)3(2.45e+02)
89:1(2.63e+02)3(2.02e+02)0(1.91e+02)2(1.53e+02)
90:1(1.06e+05)2(7.98e+04)3(4.33e+04)0(3.81e+04)
91:2(6.45e+04)0(5.68e+04)1(3.66e+04)3(3.29e+04)
92:1(5.08e+04)2(3.40e+04)0(2.83e+04)3(9.53e+03)
93:1(2.41e+04)2(1.68e+04)0(1.26e+04)3(1.08e+04)
94:0(1.40e+04)2(1.34e+04)3(1.27e+04)1(8.60e+03)
95:2(1.11e+04)3(1.09e+04)1(1.01e+04)0(9.34e+03)
96:2(1.19e+02)1(8.87e+01)3(5.33e+01)0(5.07e+01)
97:1(1.03e+02)2(9.76e+01)0(8.43e+01)3(7.34e+01)
98:0(6.79e+01)2(6.50e+01)3(5.53e+01)1(4.32e+01)
99:1(1.85e+02)0(1.63e+02)2(1.51e+02)3(9.81e+01)
100:3(1.15e+02)1(1.10e+02)0(1.03e+02)2(7.82e+01)
101:0(1.46e+02)2(1.24e+02)1(1.08e+02)3(9.81e+01)
102:2(5.22e+03)3(3.48e+03)1(3.23e+03)0(3.22e+03)
103:2(7.46e+03)1(7.13e+03)0(4.20e+03)3(3.52e+03)
104:1(6.12e+03)2(5.38e+03)0(3.82e+03)3(3.35e+03)
105:2(4.02e+02)0(3.56e+02)1(9.78e+01)3(9.34e+01)
106:1(4.12e+02)2(3.94e+02)3(2.51e+02)0(2.47e+02)
107:2(5.00e+02)1(4.18e+02)3(2.37e+02)0(2.18e+02)
108:3(1.65e+03)2(1.55e+03)1(1.43e+03)0(1.37e+03)
109:2(1.10e+03)0(1.07e+03)3(8.86e+02)1(6.30e+02)
110:0(1.38e+03)2(1.25e+03)3(1.25e+03)1(1.14e+03)
111:1(4.16e+03)2(2.65e+03)3(1.61e+03)0(1.58e+03)
112:1(2.46e+03)2(2.37e+03)0(1.60e+03)3(1.55e+03)
113:0(3.26e+03)1(3.08e+03)2(3.02e+03)3(2.66e+03)
114:1(3.35e+03)2(2.51e+03)0(2.38e+03)3(2.34e+03)
115:1(7.98e+03)2(7.17e+03)3(4.20e+03)0(3.18e+03)
116:2(6.47e+03)1(5.16e+03)0(4.22e+03)3(3.11e+03)
117:1(1.20e+01)0(1.20e+01)2(1.00e+01)3(6.00e+00)
118:1(3.48e+01)0(2.51e+01)3(2.41e+01)2(1.90e+01)
119:3(1.57e+01)2(1.10e+01)0(1.10e+01)1(9.00e+00)
120:2(3.28e+03)0(2.51e+03)1(2.13e+03)3(1.33e+03)
121:2(4.64e+03)0(4.16e+03)3(3.11e+03)1(2.50e+03)
122:0(3.69e+03)2(3.54e+03)3(3.24e+03)1(2.97e+03)
123:2(5.41e+03)0(4.39e+03)1(4.00e+03)3(3.30e+03)
124:2(6.68e+03)3(6.57e+03)1(5.80e+03)0(5.79e+03)
125:0(3.05e+03)3(2.49e+03)1(2.30e+03)2(2.17e+03)
126:0(3.43e+03)2(3.41e+03)1(2.88e+03)3(2.58e+03)
127:2(2.86e+03)1(2.80e+03)0(2.34e+03)3(2.11e+03)
128:2(6.27e+03)1(5.75e+03)3(5.47e+03)0(3.81e+03)
129:2(3.01e+03)0(2.22e+03)1(1.57e+03)3(8.57e+02)
130:2(9.61e+03)0(8.13e+03)1(3.49e+03)3(3.19e+03)
131:2(6.04e+03)1(5.31e+03)3(4.17e+03)0(3.44e+03)
132:1(1.54e+03)3(1.42e+03)0(1.27e+03)2(1.22e+03)
133:1(8.79e+03)2(6.04e+03)0(5.68e+03)3(5.52e+03)
134:2(1.07e+04)3(1.00e+04)1(8.71e+03)0(7.56e+03)
135:0(4.54e+03)2(4.03e+03)1(3.43e+03)3(3.28e+03)
136:2(3.71e+03)3(3.45e+03)1(3.00e+03)0(2.17e+03)
137:3(4.29e+03)0(3.70e+03)2(3.43e+03)1(2.55e+03)
138:0(4.29e+03)2(4.15e+03)1(4.05e+03)3(2.58e+03)
139:0(1.37e+04)2(1.19e+04)3(1.08e+04)1(8.10e+03)
140:1(4.13e+03)2(3.13e+03)0(2.28e+03)3(2.28e+03)
141:1(7.83e+03)2(6.31e+03)0(4.62e+03)3(4.08e+03)
142:3(4.64e+03)2(3.41e+03)0(2.97e+03)1(2.94e+03)
143:0(8.90e+03)2(6.31e+03)3(5.81e+03)1(4.73e+03)
144:0(4.40e+03)1(4.24e+03)2(3.91e+03)3(3.60e+03)
145:0(1.65e+04)3(1.10e+04)1(1.09e+04)2(9.82e+03)
146:2(1.60e+04)1(1.46e+04)0(1.03e+04)3(8.69e+03)
147:0(9.27e+03)2(8.00e+03)3(7.65e+03)1(7.10e+03)
148:3(3.72e+03)2(3.57e+03)1(3.44e+03)0(3.21e+03)
149:1(1.48e+04)3(1.08e+04)2(9.01e+03)0(8.01e+03)
150:1(2.16e+04)2(1.89e+04)3(1.04e+04)0(8.78e+03)
151:1(3.08e+03)0(2.89e+03)2(2.48e+03)3(1.60e+03)
152:2(5.97e+03)0(5.39e+03)3(4.45e+03)1(3.46e+03)
153:3(6.41e+03)2(5.96e+03)0(5.14e+03)1(4.28e+03)
154:2(1.55e+03)1(1.50e+03)0(1.40e+03)3(1.32e+03)
155:1(6.37e+03)3(4.75e+03)0(4.56e+03)2(3.53e+03)
156:2(1.32e+04)1(1.14e+04)0(1.06e+04)3(9.29e+03)
157:2(3.01e+03)0(3.01e+03)1(2.43e+03)3(2.03e+03)
158:2(4.17e+03)1(4.06e+03)3(3.19e+03)0(1.86e+03)
159:3(3.22e+03)1(2.84e+03)2(1.67e+03)0(1.39e+03)
160:2(3.76e+02)0(3.19e+02)1(2.68e+02)3(2.19e+02)
161:2(5.87e+02)1(5.39e+02)0(5.36e+02)3(4.74e+02)
162:1(5.43e+02)2(5.39e+02)0(3.21e+02)3(2.34e+02)
163:0(5.52e+03)2(4.41e+03)1(3.78e+03)3(2.62e+03)
164:2(2.35e+03)0(1.89e+03)1(9.17e+02)3(7.17e+02)
165:0(3.15e+03)2(2.91e+03)1(2.00e+03)3(1.12e+03)
166:2(1.81e+03)0(1.36e+03)1(1.23e+03)3(7.22e+02)
167:3(2.34e+03)2(2.09e+03)1(2.09e+03)0(1.72e+03)
168:1(1.97e+03)3(1.82e+03)0(1.56e+03)2(1.19e+03)
169:3(1.26e+04)1(9.38e+03)2(7.85e+03)0(6.29e+03)
170:1(5.26e+03)2(4.10e+03)0(4.06e+03)3(3.77e+03)
171:3(4.24e+03)1(4.23e+03)2(3.46e+03)0(2.97e+03)
172:1(2.51e+03)2(1.83e+03)3(1.59e+03)0(1.52e+03)
173:1(3.05e+02)3(2.35e+02)0(1.95e+02)2(1.87e+02)
174:1(3.22e+02)3(2.19e+02)0(2.11e+02)2(1.96e+02)
175:3(1.83e+02)0(1.83e+02)2(1.50e+02)1(1.48e+02)
176:1(2.88e+03)0(2.54e+03)3(2.42e+03)2(2.28e+03)
177:1(7.48e+03)3(4.79e+03)2(4.76e+03)0(3.52e+03)
178:1(6.29e+03)0(5.96e+03)2(5.36e+03)3(5.36e+03)
179:1(6.41e+03)2(4.89e+03)0(4.31e+03)3(2.83e+03)
180:2(5.92e+03)0(5.58e+03)1(4.33e+03)3(3.98e+03)
181:2(4.13e+03)0(2.16e+03)1(1.35e+03)3(1.26e+03)
182:2(2.17e+01)0(2.17e+01)1(2.10e+01)3(1.52e+01)
183:1(1.83e+01)2(1.17e+01)0(1.00e+01)3(6.00e+00)
184:1(3.73e+01)0(3.44e+01)3(3.24e+01)2(3.06e+01)
185:2(1.57e+03)0(1.51e+03)1(1.49e+03)3(9.96e+02)
186:0(2.85e+03)2(2.47e+03)1(1.58e+03)3(4.40e+02)
187:0(1.51e+03)2(1.30e+03)1(1.00e+03)3(4.73e+02)
188:1(5.84e+02)2(4.09e+02)3(2.80e+02)0(2.61e+02)
189:1(1.17e+03)2(1.00e+03)3(6.83e+02)0(3.81e+02)
190:3(1.39e+03)0(1.35e+03)2(1.32e+03)1(1.03e+03)
191:2(1.02e+04)3(6.88e+03)0(6.49e+03)1(3.44e+03)
192:2(2.05e+03)0(2.02e+03)1(1.72e+03)3(1.07e+03)
193:2(5.32e+03)3(4.33e+03)0(4.06e+03)1(3.94e+03)
194:0(8.07e+03)1(7.80e+03)2(7.72e+03)3(7.35e+03)
195:3(1.44e+03)2(1.43e+03)0(1.42e+03)1(1.33e+03)
196:1(7.24e+02)3(4.79e+02)2(4.61e+02)0(3.92e+02)
197:3(1.03e+03)1(7.67e+02)2(6.79e+02)0(6.70e+02)
198:2(6.23e+02)0(5.13e+02)1(4.86e+02)3(3.49e+02)
199:2(4.96e+03)1(4.79e+03)0(2.62e+03)3(2.13e+03)
200:2(6.95e+03)0(5.87e+03)1(5.53e+03)3(4.48e+03)
201:2(3.79e+03)0(2.53e+03)1(1.50e+03)3(1.06e+03)
202:2(3.87e+03)0(3.55e+03)1(3.44e+03)3(3.01e+03)
203:2(6.59e+03)0(5.74e+03)3(4.60e+03)1(4.06e+03)
204:0(8.43e+03)1(7.77e+03)2(7.06e+03)3(3.89e+03)
205:1(6.08e+03)2(5.20e+03)3(2.99e+03)0(2.98e+03)
206:2(3.40e+03)1(2.59e+03)0(2.21e+03)3(1.72e+03)
207:1(4.58e+03)3(4.47e+03)0(4.31e+03)2(3.13e+03)
208:2(3.88e+03)1(2.96e+03)0(2.38e+03)3(2.36e+03)
209:1(3.36e+03)3(2.94e+03)2(2.94e+03)0(2.81e+03)
210:2(5.44e+03)1(4.32e+03)0(4.17e+03)3(3.65e+03)
211:2(4.16e+03)0(2.10e+03)1(2.00e+03)3(1.47e+03)
212:1(6.39e+03)2(5.10e+03)0(4.75e+03)3(4.30e+03)
213:2(3.66e+03)1(2.89e+03)0(2.26e+03)3(1.98e+03)
214:2(3.44e+03)1(2.99e+03)3(2.40e+03)0(1.87e+03)
215:2(4.43e+03)0(3.47e+03)1(2.92e+03)3(2.63e+03)
216:2(1.44e+03)1(1.26e+03)3(7.77e+02)0(6.48e+02)
217:2(1.16e+04)0(1.03e+04)3(7.90e+03)1(7.39e+03)
218:1(7.11e+03)2(6.62e+03)3(5.56e+03)0(4.43e+03)
219:1(7.15e+03)2(5.55e+03)0(4.34e+03)3(3.96e+03)
220:2(8.14e+03)1(7.23e+03)3(6.69e+03)0(6.63e+03)
221:2(3.73e+03)3(3.01e+03)1(2.31e+03)0(2.30e+03)
222:2(2.47e+03)1(2.30e+03)3(1.74e+03)0(1.38e+03)
223:1(3.34e+03)0(2.59e+03)2(2.48e+03)3(1.66e+03)
224:1(1.46e+04)0(1.41e+04)2(1.10e+04)3(8.61e+03)
225:2(6.93e+03)0(5.60e+03)1(4.90e+03)3(4.83e+03)
226:1(1.43e+04)3(1.01e+04)2(9.08e+03)0(7.77e+03)
227:2(2.91e+03)1(2.69e+03)3(2.61e+03)0(1.79e+03)
228:3(9.12e+03)2(8.00e+03)0(7.50e+03)1(6.63e+03)
229:1(1.08e+04)2(1.06e+04)3(8.87e+03)0(6.90e+03)
230:1(3.90e+03)2(3.62e+03)0(2.87e+03)3(2.37e+03)
231:1(3.37e+03)2(3.02e+03)0(2.69e+03)3(2.25e+03)
232:1(6.36e+03)2(5.45e+03)3(4.88e+03)0(4.87e+03)
233:1(1.51e+03)2(1.44e+03)3(1.05e+03)0(1.04e+03)
234:3(5.00e+03)0(3.12e+03)1(2.73e+03)2(2.49e+03)
235:2(6.09e+03)1(6.00e+03)0(5.28e+03)3(5.28e+03)
236:1(8.45e+03)2(7.94e+03)3(7.86e+03)0(7.56e+03)
237:2(8.56e+03)1(5.42e+03)3(5.00e+03)0(3.74e+03)
238:2(4.36e+03)1(2.57e+03)3(1.71e+03)0(1.24e+03)
239:1(1.17e+04)2(6.32e+03)3(5.69e+03)0(3.54e+03)
240:0(2.35e+03)2(1.95e+03)1(1.91e+03)3(1.70e+03)
241:0(4.49e+03)2(3.55e+03)3(2.35e+03)1(1.65e+03)
242:1(6.03e+03)2(6.01e+03)0(4.98e+03)3(4.28e+03)
243:2(5.17e+03)1(4.04e+03)3(3.57e+03)0(3.21e+03)
244:0(2.73e+03)3(2.60e+03)1(2.53e+03)2(2.52e+03)
245:1(1.54e+04)3(1.30e+04)2(1.20e+04)0(8.84e+03)
246:1(7.64e+03)2(7.60e+03)3(7.54e+03)0(6.85e+03)
247:2(1.29e+04)0(1.00e+04)1(9.09e+03)3(6.99e+03)
248:2(7.78e+03)0(6.27e+03)3(5.88e+03)1(5.06e+03)
249:2(5.03e+03)0(4.58e+03)1(4.27e+03)3(3.79e+03)
250:2(4.09e+03)3(3.78e+03)1(3.65e+03)0(3.62e+03)
251:2(3.46e+03)1(3.40e+03)3(3.11e+03)0(3.01e+03)
252:1(1.30e+03)2(1.23e+03)0(8.02e+02)3(5.41e+02)
253:2(1.10e+04)0(1.10e+04)1(9.82e+03)3(7.13e+03)
254:1(3.62e+03)0(2.71e+03)2(2.52e+03)3(2.22e+03)
255:2(1.38e+04)1(1.36e+04)3(8.07e+03)0(5.05e+03)
256:1(6.39e+03)2(5.37e+03)0(5.35e+03)3(3.40e+03)
257:2(7.20e+03)1(6.69e+03)0(6.66e+03)3(2.96e+03)
258:3(6.45e+03)2(6.17e+03)1(5.63e+03)0(4.47e+03)
259:2(6.58e+03)1(6.54e+03)3(6.15e+03)0(5.35e+03)
260:2(1.17e+04)3(1.13e+04)1(1.03e+04)0(8.78e+03)
261:2(9.83e+03)0(8.88e+03)3(7.34e+03)1(4.87e+03)
262:1(4.05e+03)2(4.00e+03)0(3.16e+03)3(2.08e+03)
263:0(1.25e+04)2(9.47e+03)3(7.21e+03)1(3.95e+03)
264:1(6.59e+03)3(6.29e+03)2(4.48e+03)0(3.63e+03)
265:1(1.89e+04)2(1.80e+04)3(8.10e+03)0(5.00e+03)
266:1(2.94e+03)2(2.15e+03)0(1.69e+03)3(1.43e+03)
267:2(3.63e+01)1(3.09e+01)3(2.60e+01)0(2.16e+01)
268:0(3.92e+01)2(3.40e+01)3(1.67e+01)1(1.54e+01)
269:2(7.11e+01)0(6.51e+01)1(5.55e+01)3(5.40e+01)
270:1(2.68e+03)2(2.35e+03)3(1.40e+03)0(9.48e+02)
271:2(1.06e+04)1(9.42e+03)3(7.37e+03)0(6.96e+03)
272:3(6.07e+03)1(5.30e+03)2(5.22e+03)0(4.57e+03)
273:2(5.98e+03)1(5.46e+03)3(4.72e+03)0(3.89e+03)
274:1(3.85e+03)2(3.79e+03)3(3.46e+03)0(2.75e+03)
275:0(3.94e+03)2(2.98e+03)1(2.27e+03)3(2.26e+03)
276:2(3.29e+03)1(3.26e+03)3(3.21e+03)0(3.06e+03)
277:1(1.45e+04)2(1.14e+04)3(1.10e+04)0(7.89e+03)
278:2(4.42e+03)1(4.09e+03)0(3.24e+03)3(2.37e+03)
279:2(1.66e+03)0(1.32e+03)1(1.24e+03)3(9.35e+02)
280:3(2.22e+04)1(2.12e+04)2(1.86e+04)0(1.24e+04)
281:0(1.06e+04)2(9.82e+03)1(9.64e+03)3(8.23e+03)
282:0(4.14e+03)2(3.99e+03)1(3.47e+03)3(3.40e+03)
283:1(2.37e+02)3(2.09e+02)2(2.00e+02)0(1.66e+02)
284:2(3.65e+02)1(3.60e+02)0(2.75e+02)3(2.45e+02)
285:1(2.63e+02)3(2.02e+02)0(1.91e+02)2(1.53e+02)
286:2(4.66e+03)0(4.58e+03)3(1.52e+03)1(1.39e+03)
287:1(1.66e+04)2(1.40e+04)3(1.10e+04)0(1.05e+04)
288:2(7.43e+03)0(4.22e+03)1(2.54e+03)3(1.75e+03)
289:1(9.89e+03)0(9.62e+03)2(7.16e+03)3(6.18e+03)
290:0(5.07e+03)2(4.03e+03)3(3.29e+03)1(2.73e+03)
291:2(7.44e+03)1(7.38e+03)0(6.78e+03)3(4.69e+03)
292:2(1.19e+02)1(8.87e+01)3(5.33e+01)0(5.07e+01)
293:1(1.03e+02)2(9.76e+01)0(8.43e+01)3(7.34e+01)
294:0(6.79e+01)2(6.50e+01)3(5.53e+01)1(4.32e+01)
295:1(1.85e+02)0(1.63e+02)2(1.51e+02)3(9.81e+01)
296:3(1.15e+02)1(1.10e+02)0(1.03e+02)2(7.82e+01)
297:0(1.46e+02)2(1.24e+02)1(1.08e+02)3(9.81e+01)
298:2(5.22e+03)3(3.48e+03)1(3.23e+03)0(3.22e+03)
299:2(4.04e+03)1(3.65e+03)3(3.24e+03)0(3.05e+03)
300:1(2.33e+03)3(2.17e+03)2(2.15e+03)0(1.67e+03)
301:2(2.22e+03)1(2.06e+03)0(1.84e+03)3(1.67e+03)
302:1(3.24e+03)2(3.08e+03)0(2.67e+03)3(1.90e+03)
303:2(4.02e+02)0(3.56e+02)1(9.78e+01)3(9.34e+01)
304:1(4.12e+02)2(3.94e+02)3(2.51e+02)0(2.47e+02)
305:2(5.00e+02)1(4.18e+02)3(2.37e+02)0(2.18e+02)
306:3(1.65e+03)2(1.55e+03)1(1.43e+03)0(1.37e+03)
307:2(1.10e+03)0(1.07e+03)3(8.86e+02)1(6.30e+02)
308:0(1.38e+03)2(1.25e+03)3(1.25e+03)1(1.14e+03)
309:1(4.16e+03)2(2.65e+03)3(1.61e+03)0(1.58e+03)
310:1(2.46e+03)2(2.37e+03)0(1.60e+03)3(1.55e+03)
311:0(3.26e+03)1(3.08e+03)2(3.02e+03)3(2.66e+03)
312:1(3.35e+03)2(2.51e+03)0(2.38e+03)3(2.34e+03)
313:1(3.86e+03)2(3.35e+03)0(2.08e+03)3(1.78e+03)
314:3(3.30e+03)1(3.01e+03)0(2.70e+03)2(2.46e+03)
315:1(1.22e+03)2(1.05e+03)3(8.48e+02)0(8.41e+02)
316:2(4.61e+03)1(4.32e+03)0(4.12e+03)3(1.95e+03)
317:1(1.20e+01)0(1.20e+01)2(1.00e+01)3(6.00e+00)
318:1(3.48e+01)0(2.51e+01)3(2.41e+01)2(1.90e+01)
319:3(1.57e+01)2(1.10e+01)0(1.10e+01)1(9.00e+00)INFO: s3mixw_io.c(232): Wrote /mnt/c/users/robin/onedrive/desktop/cmu/Cebuano/model_parameters/Cebuano.cd_cont_initial/mixture_weights [320x1x8 array]
INFO: s3gau_io.c(228): Wrote /mnt/c/users/robin/onedrive/desktop/cmu/Cebuano/model_parameters/Cebuano.cd_cont_initial/means [320x1x8 array]
INFO: s3gau_io.c(228): Wrote /mnt/c/users/robin/onedrive/desktop/cmu/Cebuano/model_parameters/Cebuano.cd_cont_initial/variances [320x1x8 array]

Fri Jan  6 22:49:27 2023
