Current configuration:
[NAME]		[DEFLT]	[VALUE]
-dictfn			
-example	no	no
-fdictfn		
-help		no	no
-ignorewpos	no	no
-inCDmdef		
-inCImdef		
-lsnfn			
-maxtriphones	100000	100000
-minocc		1	1
-n_state_pm	3	3
-oalltphnmdef		
-ocimdef		/mnt/c/users/robin/onedrive/desktop/cmu/Cebuano/model_architecture/Cebuano.ci.mdef
-ocountfn		
-ountiedmdef		
-phnlstfn		/mnt/c/users/robin/onedrive/desktop/cmu/Cebuano/model_architecture/Cebuano.phonelist
-triphnlstfn		

INFO: main.c(92): Will write CI mdef file /mnt/c/users/robin/onedrive/desktop/cmu/Cebuano/model_architecture/Cebuano.ci.mdef
INFO: mk_mdef_gen.c(189): 0 single word triphones in input phone list
INFO: mk_mdef_gen.c(190): 0 word beginning triphones in input phone list
INFO: mk_mdef_gen.c(191): 0 word internal triphones in input phone list
INFO: mk_mdef_gen.c(192): 0 word ending triphones in input phone list
INFO: mk_mdef_gen.c(897): 40 n_base, 0 n_tri
INFO: mk_mdef_gen.c(969): Wrote mdef file /mnt/c/users/robin/onedrive/desktop/cmu/Cebuano/model_architecture/Cebuano.ci.mdef
Fri Jan  6 22:06:11 2023
