Current configuration:
[NAME]		[DEFLT]	[VALUE]
-example	no	no
-help		no	no
-mixwfn			/mnt/c/users/robin/onedrive/desktop/cmu/Cebuano/model_parameters/Cebuano.ci_cont_flatinitial/mixture_weights
-moddeffn		/mnt/c/users/robin/onedrive/desktop/cmu/Cebuano/model_architecture/Cebuano.ci.mdef
-ndensity	256	1
-nstream	4	1
-tmatfn			/mnt/c/users/robin/onedrive/desktop/cmu/Cebuano/model_parameters/Cebuano.ci_cont_flatinitial/transition_matrices
-topo			/mnt/c/users/robin/onedrive/desktop/cmu/Cebuano/model_architecture/Cebuano.topology

INFO: model_def_io.c(573): Model definition info:
INFO: model_def_io.c(574): 40 total models defined (40 base, 0 tri)
INFO: model_def_io.c(575): 160 total states
INFO: model_def_io.c(576): 120 total tied states
INFO: model_def_io.c(577): 120 total tied CI states
INFO: model_def_io.c(578): 40 total tied transition matrices
INFO: model_def_io.c(579): 4 max state/model
INFO: model_def_io.c(580): 4 min state/model
INFO: s3tmat_io.c(175): Wrote /mnt/c/users/robin/onedrive/desktop/cmu/Cebuano/model_parameters/Cebuano.ci_cont_flatinitial/transition_matrices [40x3x4 array]
INFO: s3mixw_io.c(232): Wrote /mnt/c/users/robin/onedrive/desktop/cmu/Cebuano/model_parameters/Cebuano.ci_cont_flatinitial/mixture_weights [120x1x1 array]
/mnt/c/users/robin/onedrive/desktop/cmu/sphinxtrain/src/programs/mk_flat/main.c(83): Reading model definition file /mnt/c/users/robin/onedrive/desktop/cmu/Cebuano/model_architecture/Cebuano.ci.mdef
/mnt/c/users/robin/onedrive/desktop/cmu/sphinxtrain/src/programs/mk_flat/main.c(90): 40 models defined
Fri Jan  6 22:06:12 2023
