Current configuration:
[NAME]		[DEFLT]	[VALUE]
-allphones	no	no
-cntthresh	0.00001	1.000000e-05
-csplitmax	100	2000
-csplitmin	1	1
-csplitthr	8e-4	0.000000e+00
-example	no	no
-fullvar	no	no
-help		no	no
-meanfn			/mnt/c/users/robin/onedrive/desktop/cmu/Cebuano/model_parameters/Cebuano.cd_cont_untied/means
-mixwfn			/mnt/c/users/robin/onedrive/desktop/cmu/Cebuano/model_parameters/Cebuano.cd_cont_untied/mixture_weights
-moddeffn		/mnt/c/users/robin/onedrive/desktop/cmu/Cebuano/model_architecture/Cebuano.untied.mdef
-mwfloor	1e-4	1.000000e-08
-phone			UW
-psetfn			/mnt/c/users/robin/onedrive/desktop/cmu/Cebuano/model_architecture/Cebuano.tree_questions
-ssplitmax	5	7
-ssplitmin	1	1
-ssplitthr	8e-4	0.000000e+00
-state			1
-stwt			1.0,0.05,0.0,
-treefn			/mnt/c/users/robin/onedrive/desktop/cmu/Cebuano/trees/Cebuano.unpruned/UW-1.dtree
-ts2cbfn	.semi.	.cont.
-varfloor	0.00001	1.000000e-05
-varfn			/mnt/c/users/robin/onedrive/desktop/cmu/Cebuano/model_parameters/Cebuano.cd_cont_untied/variances

INFO: main.c(223): Reading: /mnt/c/users/robin/onedrive/desktop/cmu/Cebuano/model_architecture/Cebuano.untied.mdef
INFO: model_def_io.c(573): Model definition info:
INFO: model_def_io.c(574): 7744 total models defined (40 base, 7704 tri)
INFO: model_def_io.c(575): 30976 total states
INFO: model_def_io.c(576): 23232 total tied states
INFO: model_def_io.c(577): 120 total tied CI states
INFO: model_def_io.c(578): 40 total tied transition matrices
INFO: model_def_io.c(579): 4 max state/model
INFO: model_def_io.c(580): 4 min state/model
INFO: main.c(242): Building trees for [UW AA N b] through [UW Z M i]
INFO: main.c(268): Covering states |[21738 22172]| == 435
INFO: main.c(275): Reading: /mnt/c/users/robin/onedrive/desktop/cmu/Cebuano/model_parameters/Cebuano.cd_cont_untied/mixture_weights
INFO: s3mixw_io.c(172): Read /mnt/c/users/robin/onedrive/desktop/cmu/Cebuano/model_parameters/Cebuano.cd_cont_untied/mixture_weights [435x1x1 array]
INFO: main.c(311): 140 of 145 models have observation count greater than 0.000010
INFO: main.c(95): nrm stwt: 0.045 0.909 0.045 
INFO: s3gau_io.c(168): Read /mnt/c/users/robin/onedrive/desktop/cmu/Cebuano/model_parameters/Cebuano.cd_cont_untied/means [23232x1x1 array]
INFO: s3gau_io.c(168): Read /mnt/c/users/robin/onedrive/desktop/cmu/Cebuano/model_parameters/Cebuano.cd_cont_untied/variances [23232x1x1 array]
INFO: main.c(549): Reading: /mnt/c/users/robin/onedrive/desktop/cmu/Cebuano/model_architecture/Cebuano.tree_questions
INFO: main.c(587): 180 total simple questions (172 phone; 8 word bndry)
INFO: main.c(589): 42 Left Only questions, and 42 Right Only questions
INFO: dtree.c(1478): Final simple tree
|( QUESTION0_10_R 1 -5.055e+06 4.131e+04 2.264e+04
|    ( QUESTION17 -1 -7.317e+05 7.359e+03 3.161e+03
|        ( - -5.520e+05 6 0 QUESTION14 1 3.734e+03 2.384e+03)
|        ( - -1.724e+05 14 0 QUESTION14 1 9.430e+02 7.773e+02))
|    ( QUESTION0_2_R 1 -4.282e+06 2.130e+04 1.948e+04
|        ( - -8.721e+05 32 0 QUESTION16 -1 6.711e+03 3.795e+03)
|        ( QUESTION0_14_R 1 -3.388e+06 1.353e+04 1.568e+04
|            ( - -6.451e+05 12 0 WDBNDRY_E 0 1.114e+03 3.202e+03)
|            ( QUESTION0_16_R 1 -2.730e+06 9.388e+03 1.248e+04
|                ( - -1.163e+05 4 0 WDBNDRY_E 0 1.318e+03 5.103e+02)
|                ( QUESTION17 -1 -2.604e+06 8.433e+03 1.197e+04
|                    ( QUESTION12 1 -1.195e+06 1.131e+04 5.479e+03
|                        ( - -4.126e+05 4 0)
|                        ( - -7.713e+05 8 0 QUESTION10 1 2.915e+03 3.637e+03))
|                    ( - -1.400e+06 60 0 QUESTION1 1 6.668e+03 6.491e+03))))))
s>    ( QUESTION0_10_R 1 -5.055e+06 4.131e+04 2.264e+04
s>        ( QUESTION17 -1 -7.317e+05 7.359e+03 3.161e+03
s>            ( - -5.520e+05 6 0 QUESTION14 1 3.734e+03 2.384e+03)
s>            ( - -1.724e+05 14 0 QUESTION14 1 9.430e+02 7.773e+02))
s>        ( QUESTION0_2_R 1 -4.282e+06 2.130e+04 1.948e+04
s>            ( - -8.721e+05 32 0 QUESTION16 -1 6.711e+03 3.795e+03)
s>            ( QUESTION0_14_R 1 -3.388e+06 1.353e+04 1.568e+04
s>                ( - -6.451e+05 12 0 WDBNDRY_E 0 1.114e+03 3.202e+03)
s>                ( QUESTION0_16_R 1 -2.730e+06 9.388e+03 1.248e+04
s>                    ( - -1.163e+05 4 0 WDBNDRY_E 0 1.318e+03 5.103e+02)
s>                    ( QUESTION17 -1 -2.604e+06 8.433e+03 1.197e+04
s>                        ( QUESTION12 1 -1.195e+06 1.131e+04 5.479e+03
s>                            ( - -4.126e+05 4 0)
s>                            ( - -7.713e+05 8 0 QUESTION10 1 2.915e+03 3.637e+03))
s>                        ( - -1.400e+06 60 0 QUESTION1 1 6.668e+03 6.491e+03))))))INFO: dtree.c(1315): Comp split 0
INFO: dtree.c(1478): Final simple tree
|( QUESTION0_0_R 1 -2.835e+06 1.395e+04 1.333e+04
|    ( QUESTION17 -1 -1.764e+06 8.588e+03 8.104e+03
|        ( - -6.462e+05 7 0 QUESTION10 1 2.007e+02 3.043e+03)
|        ( QUESTION12 1 -1.109e+06 4.566e+03 5.061e+03
|            ( - -6.167e+05 30 0 QUESTION2_1_L -1 1.856e+03 2.893e+03)
|            ( QUESTION2_10_L -1 -4.882e+05 3.991e+03 2.168e+03
|                ( - -1.946e+05 4 0 WDBNDRY_E 0 4.359e+02 8.634e+02)
|                ( - -2.896e+05 17 0 QUESTION10 -1 1.364e+03 1.304e+03))))
|    ( SILENCE 1 -1.057e+06 3.472e+03 5.226e+03
|        ( QUESTION12 -1 -2.619e+05 1.965e+03 1.318e+03
|            ( - -1.600e+05 1 0)
|            ( - -9.994e+04 5 0 QUESTION2_10_L -1 7.484e+02 4.843e+02))
|        ( QUESTION18 1 -7.920e+05 2.297e+03 3.908e+03
|            ( - -1.222e+05 1 0)
|            ( - -6.674e+05 15 0 QUESTION16 -1 1.211e+03 3.315e+03))))
s>    ( QUESTION0_0_R 1 -2.835e+06 1.395e+04 1.333e+04
s>        ( QUESTION17 -1 -1.764e+06 8.588e+03 8.104e+03
s>            ( - -6.462e+05 7 0 QUESTION10 1 2.007e+02 3.043e+03)
s>            ( QUESTION12 1 -1.109e+06 4.566e+03 5.061e+03
s>                ( - -6.167e+05 30 0 QUESTION2_1_L -1 1.856e+03 2.893e+03)
s>                ( QUESTION2_10_L -1 -4.882e+05 3.991e+03 2.168e+03
s>                    ( - -1.946e+05 4 0 WDBNDRY_E 0 4.359e+02 8.634e+02)
s>                    ( - -2.896e+05 17 0 QUESTION10 -1 1.364e+03 1.304e+03))))
s>        ( SILENCE 1 -1.057e+06 3.472e+03 5.226e+03
s>            ( QUESTION12 -1 -2.619e+05 1.965e+03 1.318e+03
s>                ( - -1.600e+05 1 0)
s>                ( - -9.994e+04 5 0 QUESTION2_10_L -1 7.484e+02 4.843e+02))
s>            ( QUESTION18 1 -7.920e+05 2.297e+03 3.908e+03
s>                ( - -1.222e+05 1 0)
s>                ( - -6.674e+05 15 0 QUESTION16 -1 1.211e+03 3.315e+03))))INFO: dtree.c(1478): Final simple tree
|( QUESTION11 1 -2.167e+06 2.288e+04 9.308e+03
|    ( QUESTION0_9_R 1 -1.169e+06 7.783e+03 5.078e+03
|        ( QUESTION17 -1 -7.314e+05 7.366e+03 3.160e+03
|            ( QUESTION14 1 -5.517e+05 3.735e+03 2.383e+03
|                ( - -7.552e+04 3 0)
|                ( - -4.725e+05 2 0))
|            ( - -1.724e+05 14 0 QUESTION14 1 9.430e+02 7.773e+02))
|        ( - -4.297e+05 6 0 WDBNDRY_E 0 1.016e+03 1.917e+03))
|    ( QUESTION16 -1 -9.750e+05 6.863e+03 4.231e+03
|        ( QUESTION0_3_R 1 -5.950e+05 6.348e+03 2.548e+03
|            ( - -3.744e+05 5 0)
|            ( QUESTION0_13_R 1 -2.143e+05 1.680e+03 9.313e+02
|                ( - -9.597e+04 1 0)
|                ( - -1.166e+05 6 0 QUESTION0_0_R 1 4.783e+02 5.107e+02)))
|        ( - -3.731e+05 23 0 QUESTION0_3_R 1 1.602e+03 1.683e+03)))
s>    ( QUESTION11 1 -2.167e+06 2.288e+04 9.308e+03
s>        ( QUESTION0_9_R 1 -1.169e+06 7.783e+03 5.078e+03
s>            ( QUESTION17 -1 -7.314e+05 7.366e+03 3.160e+03
s>                ( QUESTION14 1 -5.517e+05 3.735e+03 2.383e+03
s>                    ( - -7.552e+04 3 0)
s>                    ( - -4.725e+05 2 0))
s>                ( - -1.724e+05 14 0 QUESTION14 1 9.430e+02 7.773e+02))
s>            ( - -4.297e+05 6 0 WDBNDRY_E 0 1.016e+03 1.917e+03))
s>        ( QUESTION16 -1 -9.750e+05 6.863e+03 4.231e+03
s>            ( QUESTION0_3_R 1 -5.950e+05 6.348e+03 2.548e+03
s>                ( - -3.744e+05 5 0)
s>                ( QUESTION0_13_R 1 -2.143e+05 1.680e+03 9.313e+02
s>                    ( - -9.597e+04 1 0)
s>                    ( - -1.166e+05 6 0 QUESTION0_0_R 1 4.783e+02 5.107e+02)))
s>            ( - -3.731e+05 23 0 QUESTION0_3_R 1 1.602e+03 1.683e+03)))INFO: dtree.c(1315): Comp split 1
INFO: dtree.c(1439): stop. leaf nodes are specific
INFO: dtree.c(1478): Final simple tree
|( QUESTION14 1 -5.517e+05 3.735e+03 2.383e+03
|    ( - -7.552e+04 3 0)
|    ( - -4.725e+05 2 0))
s>    ( QUESTION14 1 -5.517e+05 3.735e+03 2.383e+03
s>        ( - -7.552e+04 3 0)
s>        ( - -4.725e+05 2 0))INFO: dtree.c(1478): Final simple tree
|( QUESTION11 1 -1.591e+06 1.185e+04 6.926e+03
|    ( QUESTION17 -1 -6.041e+05 2.460e+03 2.695e+03
|        ( - -4.131e+05 5 0 QUESTION0_0_R 1 9.834e+01 1.844e+03)
|        ( - -1.885e+05 15 0 QUESTION14 1 9.693e+02 8.509e+02))
|    ( QUESTION16 -1 -9.750e+05 6.863e+03 4.231e+03
|        ( QUESTION0_3_R 1 -5.950e+05 6.348e+03 2.548e+03
|            ( - -3.744e+05 5 0)
|            ( QUESTION0_13_R 1 -2.143e+05 1.680e+03 9.313e+02
|                ( - -9.597e+04 1 0)
|                ( - -1.166e+05 6 0 QUESTION0_0_R 1 4.783e+02 5.107e+02)))
|        ( QUESTION0_3_R 1 -3.731e+05 1.602e+03 1.683e+03
|            ( QUESTION2_10_L -1 -2.805e+05 1.702e+03 1.256e+03
|                ( - -3.561e+04 1 0)
|                ( - -2.431e+05 10 0 QUESTION2 -1 1.068e+03 1.081e+03))
|            ( - -9.102e+04 12 0 QUESTION14 -1 8.694e+02 4.267e+02))))
s>    ( QUESTION11 1 -1.591e+06 1.185e+04 6.926e+03
s>        ( QUESTION17 -1 -6.041e+05 2.460e+03 2.695e+03
s>            ( - -4.131e+05 5 0 QUESTION0_0_R 1 9.834e+01 1.844e+03)
s>            ( - -1.885e+05 15 0 QUESTION14 1 9.693e+02 8.509e+02))
s>        ( QUESTION16 -1 -9.750e+05 6.863e+03 4.231e+03
s>            ( QUESTION0_3_R 1 -5.950e+05 6.348e+03 2.548e+03
s>                ( - -3.744e+05 5 0)
s>                ( QUESTION0_13_R 1 -2.143e+05 1.680e+03 9.313e+02
s>                    ( - -9.597e+04 1 0)
s>                    ( - -1.166e+05 6 0 QUESTION0_0_R 1 4.783e+02 5.107e+02)))
s>            ( QUESTION0_3_R 1 -3.731e+05 1.602e+03 1.683e+03
s>                ( QUESTION2_10_L -1 -2.805e+05 1.702e+03 1.256e+03
s>                    ( - -3.561e+04 1 0)
s>                    ( - -2.431e+05 10 0 QUESTION2 -1 1.068e+03 1.081e+03))
s>                ( - -9.102e+04 12 0 QUESTION14 -1 8.694e+02 4.267e+02))))INFO: dtree.c(1315): Comp split 2
INFO: dtree.c(1478): Final simple tree
|( QUESTION17 -1 -1.866e+06 8.593e+03 8.588e+03
|    ( - -6.462e+05 7 0 QUESTION10 1 2.007e+02 3.043e+03)
|    ( QUESTION10 1 -1.211e+06 4.378e+03 5.545e+03
|        ( QUESTION2_10_L -1 -4.198e+05 3.936e+03 1.854e+03
|            ( - -1.946e+05 4 0 WDBNDRY_E 0 4.359e+02 8.634e+02)
|            ( - -2.213e+05 13 0 QUESTION10 -1 1.183e+03 9.902e+02))
|        ( QUESTION12 1 -7.871e+05 2.441e+03 3.691e+03
|            ( QUESTION2_1_L -1 -6.167e+05 1.856e+03 2.893e+03
|                ( - -2.519e+05 15 0 QUESTION10 -1 6.133e+02 1.207e+03)
|                ( WDBNDRY_B 0 -3.629e+05 1.519e+03 1.686e+03
|                    ( - -1.010e+05 5 0 QUESTION2_0_L -1 5.008e+02 4.753e+02)
|                    ( QUESTION2_19_L -1 -2.604e+05 1.392e+03 1.211e+03
|                        ( - -9.274e+04 2 0)
|                        ( - -1.662e+05 8 0 QUESTION0 -1 1.414e+03 7.733e+02))))
|            ( - -1.680e+05 9 0 WDBNDRY_E 0 1.105e+03 7.984e+02))))
s>    ( QUESTION17 -1 -1.866e+06 8.593e+03 8.588e+03
s>        ( - -6.462e+05 7 0 QUESTION10 1 2.007e+02 3.043e+03)
s>        ( QUESTION10 1 -1.211e+06 4.378e+03 5.545e+03
s>            ( QUESTION2_10_L -1 -4.198e+05 3.936e+03 1.854e+03
s>                ( - -1.946e+05 4 0 WDBNDRY_E 0 4.359e+02 8.634e+02)
s>                ( - -2.213e+05 13 0 QUESTION10 -1 1.183e+03 9.902e+02))
s>            ( QUESTION12 1 -7.871e+05 2.441e+03 3.691e+03
s>                ( QUESTION2_1_L -1 -6.167e+05 1.856e+03 2.893e+03
s>                    ( - -2.519e+05 15 0 QUESTION10 -1 6.133e+02 1.207e+03)
s>                    ( WDBNDRY_B 0 -3.629e+05 1.519e+03 1.686e+03
s>                        ( - -1.010e+05 5 0 QUESTION2_0_L -1 5.008e+02 4.753e+02)
s>                        ( QUESTION2_19_L -1 -2.604e+05 1.392e+03 1.211e+03
s>                            ( - -9.274e+04 2 0)
s>                            ( - -1.662e+05 8 0 QUESTION0 -1 1.414e+03 7.733e+02))))
s>                ( - -1.680e+05 9 0 WDBNDRY_E 0 1.105e+03 7.984e+02))))INFO: dtree.c(1478): Final simple tree
|( SILENCE 1 -9.551e+05 3.127e+03 4.741e+03
|    ( - -1.600e+05 1 0)
|    ( QUESTION18 1 -7.920e+05 2.297e+03 3.908e+03
|        ( - -1.222e+05 1 0)
|        ( QUESTION16 -1 -6.674e+05 1.211e+03 3.315e+03
|            ( - -5.342e+05 3 0 WDBNDRY_E 0 2.200e+02 2.665e+03)
|            ( QUESTION2_11_L -1 -1.321e+05 8.093e+02 6.492e+02
|                ( - -2.132e+04 3 0 WDBNDRY_E 0 3.674e+02 1.009e+02)
|                ( QUESTION2_12_L -1 -1.099e+05 8.675e+02 5.483e+02
|                    ( - -1.724e+04 2 0 WDBNDRY_E 0 1.467e+02 8.331e+01)
|                    ( WDBNDRY_E 0 -9.182e+04 6.052e+02 4.649e+02
|                        ( QUESTION10 -1 -7.778e+04 3.888e+02 3.900e+02
|                            ( - -4.525e+04 4 0 QUESTION0_14_R 1 3.831e+02 2.251e+02)
|                            ( - -3.214e+04 2 0))
|                        ( - -1.344e+04 1 0)))))))
s>    ( SILENCE 1 -9.551e+05 3.127e+03 4.741e+03
s>        ( - -1.600e+05 1 0)
s>        ( QUESTION18 1 -7.920e+05 2.297e+03 3.908e+03
s>            ( - -1.222e+05 1 0)
s>            ( QUESTION16 -1 -6.674e+05 1.211e+03 3.315e+03
s>                ( - -5.342e+05 3 0 WDBNDRY_E 0 2.200e+02 2.665e+03)
s>                ( QUESTION2_11_L -1 -1.321e+05 8.093e+02 6.492e+02
s>                    ( - -2.132e+04 3 0 WDBNDRY_E 0 3.674e+02 1.009e+02)
s>                    ( QUESTION2_12_L -1 -1.099e+05 8.675e+02 5.483e+02
s>                        ( - -1.724e+04 2 0 WDBNDRY_E 0 1.467e+02 8.331e+01)
s>                        ( WDBNDRY_E 0 -9.182e+04 6.052e+02 4.649e+02
s>                            ( QUESTION10 -1 -7.778e+04 3.888e+02 3.900e+02
s>                                ( - -4.525e+04 4 0 QUESTION0_14_R 1 3.831e+02 2.251e+02)
s>                                ( - -3.214e+04 2 0))
s>                            ( - -1.344e+04 1 0)))))))INFO: dtree.c(1315): Comp split 3
INFO: dtree.c(1478): Final simple tree
|( QUESTION0_3_R 1 -8.433e+05 6.991e+03 3.629e+03
|    ( QUESTION16 -1 -6.220e+05 4.510e+03 2.698e+03
|        ( - -3.744e+05 5 0)
|        ( QUESTION2 -1 -2.431e+05 1.068e+03 1.081e+03
|            ( - -8.749e+04 3 0)
|            ( QUESTION15 -1 -1.546e+05 2.384e+02 6.967e+02
|                ( - -1.477e+05 3 0)
|                ( - -6.678e+03 4 0 QUESTION10 -1 2.275e+02 3.098e+01))))
|    ( QUESTION0_13_R 1 -2.143e+05 1.680e+03 9.313e+02
|        ( - -9.597e+04 1 0)
|        ( QUESTION0_0_R 1 -1.166e+05 4.783e+02 5.107e+02
|            ( QUESTION0_5_R 1 -1.164e+05 2.912e+02 5.097e+02
|                ( - -1.093e+05 3 0 WDBNDRY_E 0 2.174e+02 4.777e+02)
|                ( - -6.808e+03 2 0))
|            ( - 2.421e+02 1 0))))
s>    ( QUESTION0_3_R 1 -8.433e+05 6.991e+03 3.629e+03
s>        ( QUESTION16 -1 -6.220e+05 4.510e+03 2.698e+03
s>            ( - -3.744e+05 5 0)
s>            ( QUESTION2 -1 -2.431e+05 1.068e+03 1.081e+03
s>                ( - -8.749e+04 3 0)
s>                ( QUESTION15 -1 -1.546e+05 2.384e+02 6.967e+02
s>                    ( - -1.477e+05 3 0)
s>                    ( - -6.678e+03 4 0 QUESTION10 -1 2.275e+02 3.098e+01))))
s>        ( QUESTION0_13_R 1 -2.143e+05 1.680e+03 9.313e+02
s>            ( - -9.597e+04 1 0)
s>            ( QUESTION0_0_R 1 -1.166e+05 4.783e+02 5.107e+02
s>                ( QUESTION0_5_R 1 -1.164e+05 2.912e+02 5.097e+02
s>                    ( - -1.093e+05 3 0 WDBNDRY_E 0 2.174e+02 4.777e+02)
s>                    ( - -6.808e+03 2 0))
s>                ( - 2.421e+02 1 0))))INFO: dtree.c(1478): Final simple tree
|( QUESTION16 -1 -7.350e+05 3.781e+03 3.297e+03
|    ( - -4.165e+05 6 0 WDBNDRY_B 0 2.857e+02 1.858e+03)
|    ( QUESTION15 1 -3.147e+05 1.906e+03 1.439e+03
|        ( WDBNDRY_I 0 -1.224e+05 1.003e+03 5.456e+02
|            ( QUESTION2 -1 -8.184e+04 9.401e+02 3.608e+02
|                ( - -3.299e+04 1 0)
|                ( - -4.791e+04 4 0 QUESTION2_10_L -1 2.445e+02 2.123e+02))
|            ( - -3.952e+04 3 0 QUESTION2_11_L -1 5.661e+02 1.848e+02))
|        ( QUESTION0_3_R 1 -1.904e+05 1.377e+03 8.932e+02
|            ( - -3.561e+04 1 0)
|            ( QUESTION2_0_L -1 -1.534e+05 8.906e+02 7.180e+02
|                ( QUESTION0_0_R 1 -1.173e+05 7.617e+02 5.463e+02
|                    ( - -6.481e+04 10 0 QUESTION2_6_L -1 4.777e+02 3.030e+02)
|                    ( - -5.173e+04 6 0 QUESTION2 -1 7.777e+02 2.433e+02))
|                ( - -3.524e+04 2 0 QUESTION0_0_R 1 4.016e+02 1.717e+02)))))
s>    ( QUESTION16 -1 -7.350e+05 3.781e+03 3.297e+03
s>        ( - -4.165e+05 6 0 WDBNDRY_B 0 2.857e+02 1.858e+03)
s>        ( QUESTION15 1 -3.147e+05 1.906e+03 1.439e+03
s>            ( WDBNDRY_I 0 -1.224e+05 1.003e+03 5.456e+02
s>                ( QUESTION2 -1 -8.184e+04 9.401e+02 3.608e+02
s>                    ( - -3.299e+04 1 0)
s>                    ( - -4.791e+04 4 0 QUESTION2_10_L -1 2.445e+02 2.123e+02))
s>                ( - -3.952e+04 3 0 QUESTION2_11_L -1 5.661e+02 1.848e+02))
s>            ( QUESTION0_3_R 1 -1.904e+05 1.377e+03 8.932e+02
s>                ( - -3.561e+04 1 0)
s>                ( QUESTION2_0_L -1 -1.534e+05 8.906e+02 7.180e+02
s>                    ( QUESTION0_0_R 1 -1.173e+05 7.617e+02 5.463e+02
s>                        ( - -6.481e+04 10 0 QUESTION2_6_L -1 4.777e+02 3.030e+02)
s>                        ( - -5.173e+04 6 0 QUESTION2 -1 7.777e+02 2.433e+02))
s>                    ( - -3.524e+04 2 0 QUESTION0_0_R 1 4.016e+02 1.717e+02)))))INFO: dtree.c(1315): Comp split 4
INFO: dtree.c(1478): Final simple tree
|( QUESTION10 1 -1.211e+06 4.378e+03 5.545e+03
|    ( QUESTION2_10_L -1 -4.198e+05 3.936e+03 1.854e+03
|        ( - -1.946e+05 4 0 WDBNDRY_E 0 4.359e+02 8.634e+02)
|        ( - -2.213e+05 13 0 QUESTION10 -1 1.183e+03 9.902e+02))
|    ( QUESTION12 1 -7.871e+05 2.441e+03 3.691e+03
|        ( QUESTION2_1_L -1 -6.167e+05 1.856e+03 2.893e+03
|            ( - -2.519e+05 15 0 QUESTION10 -1 6.133e+02 1.207e+03)
|            ( WDBNDRY_B 0 -3.629e+05 1.519e+03 1.686e+03
|                ( - -1.010e+05 5 0 QUESTION2_0_L -1 5.008e+02 4.753e+02)
|                ( QUESTION2_19_L -1 -2.604e+05 1.392e+03 1.211e+03
|                    ( - -9.274e+04 2 0)
|                    ( QUESTION0 -1 -1.662e+05 1.414e+03 7.733e+02
|                        ( - -4.703e+04 2 0 QUESTION2_0_L -1 2.236e+02 2.254e+02)
|                        ( - -1.178e+05 6 0 QUESTION2_0_L -1 9.328e+02 5.479e+02)))))
|        ( - -1.680e+05 9 0 WDBNDRY_E 0 1.105e+03 7.984e+02)))
s>    ( QUESTION10 1 -1.211e+06 4.378e+03 5.545e+03
s>        ( QUESTION2_10_L -1 -4.198e+05 3.936e+03 1.854e+03
s>            ( - -1.946e+05 4 0 WDBNDRY_E 0 4.359e+02 8.634e+02)
s>            ( - -2.213e+05 13 0 QUESTION10 -1 1.183e+03 9.902e+02))
s>        ( QUESTION12 1 -7.871e+05 2.441e+03 3.691e+03
s>            ( QUESTION2_1_L -1 -6.167e+05 1.856e+03 2.893e+03
s>                ( - -2.519e+05 15 0 QUESTION10 -1 6.133e+02 1.207e+03)
s>                ( WDBNDRY_B 0 -3.629e+05 1.519e+03 1.686e+03
s>                    ( - -1.010e+05 5 0 QUESTION2_0_L -1 5.008e+02 4.753e+02)
s>                    ( QUESTION2_19_L -1 -2.604e+05 1.392e+03 1.211e+03
s>                        ( - -9.274e+04 2 0)
s>                        ( QUESTION0 -1 -1.662e+05 1.414e+03 7.733e+02
s>                            ( - -4.703e+04 2 0 QUESTION2_0_L -1 2.236e+02 2.254e+02)
s>                            ( - -1.178e+05 6 0 QUESTION2_0_L -1 9.328e+02 5.479e+02)))))
s>            ( - -1.680e+05 9 0 WDBNDRY_E 0 1.105e+03 7.984e+02)))INFO: dtree.c(1439): stop. leaf nodes are specific
INFO: dtree.c(1478): Final simple tree
|( QUESTION10 1 -6.462e+05 2.007e+02 3.043e+03
|    ( - -6.450e+05 6 0)
|    ( - -9.389e+02 1 0))
s>    ( QUESTION10 1 -6.462e+05 2.007e+02 3.043e+03
s>        ( - -6.450e+05 6 0)
s>        ( - -9.389e+02 1 0))INFO: dtree.c(1315): Comp split 5
INFO: dtree.c(1439): stop. leaf nodes are specific
INFO: dtree.c(1478): Final simple tree
|( QUESTION16 -1 -6.223e+05 4.509e+03 2.699e+03
|    ( WDBNDRY_E 0 -3.746e+05 4.657e+02 1.618e+03
|        ( - 2.421e+02 1 0)
|        ( - -3.744e+05 5 0))
|    ( QUESTION2 -1 -2.431e+05 1.068e+03 1.081e+03
|        ( - -8.749e+04 3 0)
|        ( QUESTION15 -1 -1.546e+05 2.384e+02 6.967e+02
|            ( - -1.477e+05 3 0)
|            ( QUESTION10 -1 -6.678e+03 2.275e+02 3.098e+01
|                ( - -6.373e+02 1 0)
|                ( WDBNDRY_E 0 -5.813e+03 2.152e+02 2.698e+01
|                    ( - -1.054e+03 1 0)
|                    ( - -4.544e+03 2 0))))))
s>    ( QUESTION16 -1 -6.223e+05 4.509e+03 2.699e+03
s>        ( WDBNDRY_E 0 -3.746e+05 4.657e+02 1.618e+03
s>            ( - 2.421e+02 1 0)
s>            ( - -3.744e+05 5 0))
s>        ( QUESTION2 -1 -2.431e+05 1.068e+03 1.081e+03
s>            ( - -8.749e+04 3 0)
s>            ( QUESTION15 -1 -1.546e+05 2.384e+02 6.967e+02
s>                ( - -1.477e+05 3 0)
s>                ( QUESTION10 -1 -6.678e+03 2.275e+02 3.098e+01
s>                    ( - -6.373e+02 1 0)
s>                    ( WDBNDRY_E 0 -5.813e+03 2.152e+02 2.698e+01
s>                        ( - -1.054e+03 1 0)
s>                        ( - -4.544e+03 2 0))))))INFO: dtree.c(1439): stop. leaf nodes are specific
INFO: dtree.c(1478): Final simple tree
|( QUESTION0_0_R 1 -2.141e+05 1.680e+03 9.303e+02
|    ( QUESTION0_5_R 1 -1.164e+05 2.912e+02 5.097e+02
|        ( WDBNDRY_E 0 -1.093e+05 2.174e+02 4.777e+02
|            ( - -2.038e+03 1 0)
|            ( - -1.071e+05 2 0))
|        ( - -6.808e+03 2 0))
|    ( - -9.597e+04 1 0))
s>    ( QUESTION0_0_R 1 -2.141e+05 1.680e+03 9.303e+02
s>        ( QUESTION0_5_R 1 -1.164e+05 2.912e+02 5.097e+02
s>            ( WDBNDRY_E 0 -1.093e+05 2.174e+02 4.777e+02
s>                ( - -2.038e+03 1 0)
s>                ( - -1.071e+05 2 0))
s>            ( - -6.808e+03 2 0))
s>        ( - -9.597e+04 1 0))INFO: dtree.c(1315): Comp split 6
INFO: dtree.c(1439): stop. leaf nodes are specific
INFO: dtree.c(1478): Final simple tree
|( QUESTION10 -1 -2.213e+05 1.183e+03 9.902e+02
|    ( - -2.815e+04 1 0)
|    ( QUESTION0 -1 -1.920e+05 9.289e+02 8.659e+02
|        ( - -2.368e+04 2 0)
|        ( QUESTION14 -1 -1.674e+05 7.931e+02 7.554e+02
|            ( QUESTION2_0_L -1 -2.345e+04 1.010e+02 1.036e+02
|                ( - -2.248e+04 2 0)
|                ( - -8.643e+02 1 0))
|            ( QUESTION13 -1 -1.432e+05 5.916e+02 6.517e+02
|                ( - -6.593e+04 2 0)
|                ( QUESTION2 -1 -7.663e+04 3.320e+02 3.503e+02
|                    ( - -7.448e+04 3 0)
|                    ( - -1.814e+03 2 0))))))
s>    ( QUESTION10 -1 -2.213e+05 1.183e+03 9.902e+02
s>        ( - -2.815e+04 1 0)
s>        ( QUESTION0 -1 -1.920e+05 9.289e+02 8.659e+02
s>            ( - -2.368e+04 2 0)
s>            ( QUESTION14 -1 -1.674e+05 7.931e+02 7.554e+02
s>                ( QUESTION2_0_L -1 -2.345e+04 1.010e+02 1.036e+02
s>                    ( - -2.248e+04 2 0)
s>                    ( - -8.643e+02 1 0))
s>                ( QUESTION13 -1 -1.432e+05 5.916e+02 6.517e+02
s>                    ( - -6.593e+04 2 0)
s>                    ( QUESTION2 -1 -7.663e+04 3.320e+02 3.503e+02
s>                        ( - -7.448e+04 3 0)
s>                        ( - -1.814e+03 2 0))))))INFO: dtree.c(1478): Final simple tree
|( QUESTION10 1 -9.847e+05 3.033e+03 4.555e+03
|    ( - -1.946e+05 4 0 WDBNDRY_E 0 4.359e+02 8.634e+02)
|    ( QUESTION12 1 -7.871e+05 2.441e+03 3.691e+03
|        ( QUESTION2_1_L -1 -6.167e+05 1.856e+03 2.893e+03
|            ( - -2.519e+05 15 0 QUESTION10 -1 6.133e+02 1.207e+03)
|            ( WDBNDRY_B 0 -3.629e+05 1.519e+03 1.686e+03
|                ( - -1.010e+05 5 0 QUESTION2_0_L -1 5.008e+02 4.753e+02)
|                ( QUESTION2_19_L -1 -2.604e+05 1.392e+03 1.211e+03
|                    ( - -9.274e+04 2 0)
|                    ( QUESTION0 -1 -1.662e+05 1.414e+03 7.733e+02
|                        ( - -4.703e+04 2 0 QUESTION2_0_L -1 2.236e+02 2.254e+02)
|                        ( - -1.178e+05 6 0 QUESTION2_0_L -1 9.328e+02 5.479e+02)))))
|        ( WDBNDRY_E 0 -1.680e+05 1.105e+03 7.984e+02
|            ( - -9.994e+04 5 0 QUESTION2_10_L -1 7.484e+02 4.843e+02)
|            ( - -6.698e+04 4 0 QUESTION2 -1 4.177e+02 3.142e+02))))
s>    ( QUESTION10 1 -9.847e+05 3.033e+03 4.555e+03
s>        ( - -1.946e+05 4 0 WDBNDRY_E 0 4.359e+02 8.634e+02)
s>        ( QUESTION12 1 -7.871e+05 2.441e+03 3.691e+03
s>            ( QUESTION2_1_L -1 -6.167e+05 1.856e+03 2.893e+03
s>                ( - -2.519e+05 15 0 QUESTION10 -1 6.133e+02 1.207e+03)
s>                ( WDBNDRY_B 0 -3.629e+05 1.519e+03 1.686e+03
s>                    ( - -1.010e+05 5 0 QUESTION2_0_L -1 5.008e+02 4.753e+02)
s>                    ( QUESTION2_19_L -1 -2.604e+05 1.392e+03 1.211e+03
s>                        ( - -9.274e+04 2 0)
s>                        ( QUESTION0 -1 -1.662e+05 1.414e+03 7.733e+02
s>                            ( - -4.703e+04 2 0 QUESTION2_0_L -1 2.236e+02 2.254e+02)
s>                            ( - -1.178e+05 6 0 QUESTION2_0_L -1 9.328e+02 5.479e+02)))))
s>            ( WDBNDRY_E 0 -1.680e+05 1.105e+03 7.984e+02
s>                ( - -9.994e+04 5 0 QUESTION2_10_L -1 7.484e+02 4.843e+02)
s>                ( - -6.698e+04 4 0 QUESTION2 -1 4.177e+02 3.142e+02))))INFO: dtree.c(1315): Comp split 7
INFO: dtree.c(1439): stop. leaf nodes are specific
INFO: dtree.c(1478): Final simple tree
|( QUESTION2 -1 -2.431e+05 1.068e+03 1.081e+03
|    ( - -8.749e+04 3 0)
|    ( QUESTION15 -1 -1.546e+05 2.384e+02 6.967e+02
|        ( - -1.477e+05 3 0)
|        ( QUESTION10 -1 -6.678e+03 2.275e+02 3.098e+01
|            ( - -6.373e+02 1 0)
|            ( WDBNDRY_E 0 -5.813e+03 2.152e+02 2.698e+01
|                ( - -1.054e+03 1 0)
|                ( - -4.544e+03 2 0)))))
s>    ( QUESTION2 -1 -2.431e+05 1.068e+03 1.081e+03
s>        ( - -8.749e+04 3 0)
s>        ( QUESTION15 -1 -1.546e+05 2.384e+02 6.967e+02
s>            ( - -1.477e+05 3 0)
s>            ( QUESTION10 -1 -6.678e+03 2.275e+02 3.098e+01
s>                ( - -6.373e+02 1 0)
s>                ( WDBNDRY_E 0 -5.813e+03 2.152e+02 2.698e+01
s>                    ( - -1.054e+03 1 0)
s>                    ( - -4.544e+03 2 0)))))INFO: dtree.c(1439): stop. leaf nodes are specific
INFO: dtree.c(1478): Final simple tree
|( WDBNDRY_E 0 -3.746e+05 4.657e+02 1.618e+03
|    ( - 2.421e+02 1 0)
|    ( - -3.744e+05 5 0))
s>    ( WDBNDRY_E 0 -3.746e+05 4.657e+02 1.618e+03
s>        ( - 2.421e+02 1 0)
s>        ( - -3.744e+05 5 0))INFO: dtree.c(1315): Comp split 8
INFO: dtree.c(1478): Final simple tree
|( QUESTION0_3_R 1 -2.308e+05 1.338e+03 1.078e+03
|    ( - -3.561e+04 1 0)
|    ( QUESTION0_0_R 1 -1.938e+05 9.900e+02 9.028e+02
|        ( QUESTION14 -1 -8.804e+04 8.836e+02 4.127e+02
|            ( - -2.235e+04 1 0)
|            ( QUESTION2_6_L -1 -6.481e+04 4.777e+02 3.030e+02
|                ( - -2.320e+03 1 0)
|                ( - -6.201e+04 9 0 QUESTION2_11_L -1 3.563e+02 2.890e+02)))
|        ( QUESTION2 -1 -1.048e+05 7.785e+02 4.900e+02
|            ( - -2.607e+04 1 0)
|            ( QUESTION2_11_L -1 -7.796e+04 7.185e+02 3.622e+02
|                ( - -2.199e+04 1 0)
|                ( WDBNDRY_I 0 -5.525e+04 5.721e+02 2.591e+02
|                    ( - -1.695e+04 2 0 QUESTION12 -1 2.516e+02 8.183e+01)
|                    ( - -3.773e+04 6 0 QUESTION0_9_R 1 4.469e+02 1.773e+02))))))
s>    ( QUESTION0_3_R 1 -2.308e+05 1.338e+03 1.078e+03
s>        ( - -3.561e+04 1 0)
s>        ( QUESTION0_0_R 1 -1.938e+05 9.900e+02 9.028e+02
s>            ( QUESTION14 -1 -8.804e+04 8.836e+02 4.127e+02
s>                ( - -2.235e+04 1 0)
s>                ( QUESTION2_6_L -1 -6.481e+04 4.777e+02 3.030e+02
s>                    ( - -2.320e+03 1 0)
s>                    ( - -6.201e+04 9 0 QUESTION2_11_L -1 3.563e+02 2.890e+02)))
s>            ( QUESTION2 -1 -1.048e+05 7.785e+02 4.900e+02
s>                ( - -2.607e+04 1 0)
s>                ( QUESTION2_11_L -1 -7.796e+04 7.185e+02 3.622e+02
s>                    ( - -2.199e+04 1 0)
s>                    ( WDBNDRY_I 0 -5.525e+04 5.721e+02 2.591e+02
s>                        ( - -1.695e+04 2 0 QUESTION12 -1 2.516e+02 8.183e+01)
s>                        ( - -3.773e+04 6 0 QUESTION0_9_R 1 4.469e+02 1.773e+02))))))INFO: dtree.c(1439): stop. leaf nodes are specific
INFO: dtree.c(1478): Final simple tree
|( QUESTION0_0_R 1 -4.997e+05 1.422e+03 2.219e+03
|    ( - -4.126e+05 4 0)
|    ( QUESTION2 -1 -8.568e+04 9.549e+02 3.769e+02
|        ( - -3.299e+04 1 0)
|        ( QUESTION2_10_L -1 -5.173e+04 2.436e+02 2.283e+02
|            ( - -3.703e+04 2 0)
|            ( WDBNDRY_B 0 -1.446e+04 2.189e+02 6.390e+01
|                ( - -3.076e+03 1 0)
|                ( QUESTION2_14_L -1 -1.117e+04 1.682e+02 4.984e+01
|                    ( - -1.546e+03 1 0)
|                    ( QUESTION0_9_R 1 -9.455e+03 1.274e+02 4.184e+01
|                        ( - -8.926e+03 1 0)
|                        ( - -4.016e+02 1 0)))))))
s>    ( QUESTION0_0_R 1 -4.997e+05 1.422e+03 2.219e+03
s>        ( - -4.126e+05 4 0)
s>        ( QUESTION2 -1 -8.568e+04 9.549e+02 3.769e+02
s>            ( - -3.299e+04 1 0)
s>            ( QUESTION2_10_L -1 -5.173e+04 2.436e+02 2.283e+02
s>                ( - -3.703e+04 2 0)
s>                ( WDBNDRY_B 0 -1.446e+04 2.189e+02 6.390e+01
s>                    ( - -3.076e+03 1 0)
s>                    ( QUESTION2_14_L -1 -1.117e+04 1.682e+02 4.984e+01
s>                        ( - -1.546e+03 1 0)
s>                        ( QUESTION0_9_R 1 -9.455e+03 1.274e+02 4.184e+01
s>                            ( - -8.926e+03 1 0)
s>                            ( - -4.016e+02 1 0)))))))INFO: dtree.c(1315): Comp split 9
INFO: dtree.c(1315): Comp split 10
INFO: dtree.c(1478): Final simple tree
|( QUESTION12 1 -4.701e+05 1.832e+03 2.231e+03
|    ( QUESTION2_0_L -1 -3.003e+05 1.317e+03 1.432e+03
|        ( QUESTION2 -1 -2.530e+05 6.090e+02 1.212e+03
|            ( - -1.675e+05 2 0)
|            ( QUESTION2_10_L -1 -8.490e+04 4.948e+02 3.997e+02
|                ( - -6.566e+04 8 0 WDBNDRY_E 0 3.354e+02 3.124e+02)
|                ( - -1.874e+04 6 0 WDBNDRY_E 0 2.497e+02 8.732e+01)))
|        ( - -4.596e+04 1 0))
|    ( WDBNDRY_E 0 -1.680e+05 1.105e+03 7.984e+02
|        ( QUESTION2_10_L -1 -9.994e+04 7.484e+02 4.843e+02
|            ( - -2.773e+04 2 0)
|            ( - -7.145e+04 3 0 QUESTION11 -1 4.020e+02 3.439e+02))
|        ( QUESTION2 -1 -6.698e+04 4.177e+02 3.142e+02
|            ( - -1.675e+04 1 0)
|            ( - -4.981e+04 3 0 QUESTION0 -1 2.573e+02 2.307e+02))))
s>    ( QUESTION12 1 -4.701e+05 1.832e+03 2.231e+03
s>        ( QUESTION2_0_L -1 -3.003e+05 1.317e+03 1.432e+03
s>            ( QUESTION2 -1 -2.530e+05 6.090e+02 1.212e+03
s>                ( - -1.675e+05 2 0)
s>                ( QUESTION2_10_L -1 -8.490e+04 4.948e+02 3.997e+02
s>                    ( - -6.566e+04 8 0 WDBNDRY_E 0 3.354e+02 3.124e+02)
s>                    ( - -1.874e+04 6 0 WDBNDRY_E 0 2.497e+02 8.732e+01)))
s>            ( - -4.596e+04 1 0))
s>        ( WDBNDRY_E 0 -1.680e+05 1.105e+03 7.984e+02
s>            ( QUESTION2_10_L -1 -9.994e+04 7.484e+02 4.843e+02
s>                ( - -2.773e+04 2 0)
s>                ( - -7.145e+04 3 0 QUESTION11 -1 4.020e+02 3.439e+02))
s>            ( QUESTION2 -1 -6.698e+04 4.177e+02 3.142e+02
s>                ( - -1.675e+04 1 0)
s>                ( - -4.981e+04 3 0 QUESTION0 -1 2.573e+02 2.307e+02))))INFO: dtree.c(1478): Final simple tree
|( QUESTION10 -1 -5.112e+05 2.587e+03 2.324e+03
|    ( - -1.946e+05 4 0 WDBNDRY_E 0 4.359e+02 8.634e+02)
|    ( WDBNDRY_B 0 -3.141e+05 1.387e+03 1.461e+03
|        ( QUESTION2_0_L -1 -1.010e+05 5.008e+02 4.753e+02
|            ( - -6.074e+04 2 0)
|            ( - -3.972e+04 3 0 SILENCE -1 3.057e+02 1.818e+02))
|        ( QUESTION2_13_L -1 -2.117e+05 1.282e+03 9.853e+02
|            ( - -5.020e+04 3 0 QUESTION14 -1 2.929e+02 2.282e+02)
|            ( QUESTION0 -1 -1.602e+05 8.292e+02 7.571e+02
|                ( - -9.274e+04 2 0)
|                ( QUESTION13 -1 -6.665e+04 7.145e+02 3.197e+02
|                    ( - -4.070e+04 1 0)
|                    ( QUESTION2 -1 -2.523e+04 4.628e+02 1.224e+02
|                        ( - -1.357e+04 1 0)
|                        ( - -1.120e+04 1 0)))))))
s>    ( QUESTION10 -1 -5.112e+05 2.587e+03 2.324e+03
s>        ( - -1.946e+05 4 0 WDBNDRY_E 0 4.359e+02 8.634e+02)
s>        ( WDBNDRY_B 0 -3.141e+05 1.387e+03 1.461e+03
s>            ( QUESTION2_0_L -1 -1.010e+05 5.008e+02 4.753e+02
s>                ( - -6.074e+04 2 0)
s>                ( - -3.972e+04 3 0 SILENCE -1 3.057e+02 1.818e+02))
s>            ( QUESTION2_13_L -1 -2.117e+05 1.282e+03 9.853e+02
s>                ( - -5.020e+04 3 0 QUESTION14 -1 2.929e+02 2.282e+02)
s>                ( QUESTION0 -1 -1.602e+05 8.292e+02 7.571e+02
s>                    ( - -9.274e+04 2 0)
s>                    ( QUESTION13 -1 -6.665e+04 7.145e+02 3.197e+02
s>                        ( - -4.070e+04 1 0)
s>                        ( QUESTION2 -1 -2.523e+04 4.628e+02 1.224e+02
s>                            ( - -1.357e+04 1 0)
s>                            ( - -1.120e+04 1 0)))))))INFO: dtree.c(1315): Comp split 11
INFO: dtree.c(1478): Final simple tree
|( QUESTION18 1 -7.920e+05 2.297e+03 3.908e+03
|    ( - -1.222e+05 1 0)
|    ( QUESTION16 -1 -6.674e+05 1.211e+03 3.315e+03
|        ( - -5.342e+05 3 0 WDBNDRY_E 0 2.200e+02 2.665e+03)
|        ( QUESTION2_11_L -1 -1.321e+05 8.093e+02 6.492e+02
|            ( - -2.132e+04 3 0 WDBNDRY_E 0 3.674e+02 1.009e+02)
|            ( QUESTION2_12_L -1 -1.099e+05 8.675e+02 5.483e+02
|                ( - -1.724e+04 2 0 WDBNDRY_E 0 1.467e+02 8.331e+01)
|                ( WDBNDRY_E 0 -9.182e+04 6.052e+02 4.649e+02
|                    ( QUESTION10 -1 -7.778e+04 3.888e+02 3.900e+02
|                        ( QUESTION0_14_R 1 -4.525e+04 3.831e+02 2.251e+02
|                            ( - -4.035e+04 3 0)
|                            ( - -4.512e+03 1 0))
|                        ( - -3.214e+04 2 0))
|                    ( - -1.344e+04 1 0))))))
s>    ( QUESTION18 1 -7.920e+05 2.297e+03 3.908e+03
s>        ( - -1.222e+05 1 0)
s>        ( QUESTION16 -1 -6.674e+05 1.211e+03 3.315e+03
s>            ( - -5.342e+05 3 0 WDBNDRY_E 0 2.200e+02 2.665e+03)
s>            ( QUESTION2_11_L -1 -1.321e+05 8.093e+02 6.492e+02
s>                ( - -2.132e+04 3 0 WDBNDRY_E 0 3.674e+02 1.009e+02)
s>                ( QUESTION2_12_L -1 -1.099e+05 8.675e+02 5.483e+02
s>                    ( - -1.724e+04 2 0 WDBNDRY_E 0 1.467e+02 8.331e+01)
s>                    ( WDBNDRY_E 0 -9.182e+04 6.052e+02 4.649e+02
s>                        ( QUESTION10 -1 -7.778e+04 3.888e+02 3.900e+02
s>                            ( QUESTION0_14_R 1 -4.525e+04 3.831e+02 2.251e+02
s>                                ( - -4.035e+04 3 0)
s>                                ( - -4.512e+03 1 0))
s>                            ( - -3.214e+04 2 0))
s>                        ( - -1.344e+04 1 0))))))INFO: dtree.c(1315): Comp split 12
INFO: dtree.c(1478): Final simple tree
|( WDBNDRY_B 0 -2.625e+05 1.318e+03 1.232e+03
|    ( QUESTION2_0_L -1 -1.010e+05 5.008e+02 4.753e+02
|        ( - -6.074e+04 2 0)
|        ( SILENCE -1 -3.972e+04 3.057e+02 1.818e+02
|            ( - -3.022e+04 1 0)
|            ( QUESTION0 -1 -9.199e+03 1.658e+02 4.371e+01
|                ( - -5.935e+03 1 0)
|                ( - -3.099e+03 1 0))))
|    ( QUESTION0 -1 -1.602e+05 8.292e+02 7.571e+02
|        ( - -9.274e+04 2 0)
|        ( QUESTION13 -1 -6.665e+04 7.145e+02 3.197e+02
|            ( - -4.070e+04 1 0)
|            ( QUESTION2 -1 -2.523e+04 4.628e+02 1.224e+02
|                ( - -1.357e+04 1 0)
|                ( - -1.120e+04 1 0)))))
s>    ( WDBNDRY_B 0 -2.625e+05 1.318e+03 1.232e+03
s>        ( QUESTION2_0_L -1 -1.010e+05 5.008e+02 4.753e+02
s>            ( - -6.074e+04 2 0)
s>            ( SILENCE -1 -3.972e+04 3.057e+02 1.818e+02
s>                ( - -3.022e+04 1 0)
s>                ( QUESTION0 -1 -9.199e+03 1.658e+02 4.371e+01
s>                    ( - -5.935e+03 1 0)
s>                    ( - -3.099e+03 1 0))))
s>        ( QUESTION0 -1 -1.602e+05 8.292e+02 7.571e+02
s>            ( - -9.274e+04 2 0)
s>            ( QUESTION13 -1 -6.665e+04 7.145e+02 3.197e+02
s>                ( - -4.070e+04 1 0)
s>                ( QUESTION2 -1 -2.523e+04 4.628e+02 1.224e+02
s>                    ( - -1.357e+04 1 0)
s>                    ( - -1.120e+04 1 0)))))INFO: dtree.c(1439): stop. leaf nodes are specific
INFO: dtree.c(1478): Final simple tree
|( QUESTION10 -1 -2.458e+05 9.937e+02 1.092e+03
|    ( WDBNDRY_E 0 -1.946e+05 4.359e+02 8.634e+02
|        ( - -5.824e+03 2 0)
|        ( - -1.883e+05 2 0))
|    ( QUESTION14 -1 -5.020e+04 2.929e+02 2.282e+02
|        ( - -1.163e+04 1 0)
|        ( - -3.828e+04 2 0)))
s>    ( QUESTION10 -1 -2.458e+05 9.937e+02 1.092e+03
s>        ( WDBNDRY_E 0 -1.946e+05 4.359e+02 8.634e+02
s>            ( - -5.824e+03 2 0)
s>            ( - -1.883e+05 2 0))
s>        ( QUESTION14 -1 -5.020e+04 2.929e+02 2.282e+02
s>            ( - -1.163e+04 1 0)
s>            ( - -3.828e+04 2 0)))INFO: dtree.c(1315): Comp split 13
INFO: dtree.c(1439): stop. leaf nodes are specific
INFO: dtree.c(1478): Final simple tree
|( QUESTION0_9_R 1 -5.809e+05 6.696e+02 2.905e+03
|    ( - -1.344e+04 1 0)
|    ( QUESTION12 -1 -5.668e+05 5.131e+02 2.830e+03
|        ( - -3.214e+04 2 0)
|        ( WDBNDRY_E 0 -5.342e+05 2.200e+02 2.665e+03
|            ( - -7.937e+02 1 0)
|            ( - -5.332e+05 2 0))))
s>    ( QUESTION0_9_R 1 -5.809e+05 6.696e+02 2.905e+03
s>        ( - -1.344e+04 1 0)
s>        ( QUESTION12 -1 -5.668e+05 5.131e+02 2.830e+03
s>            ( - -3.214e+04 2 0)
s>            ( WDBNDRY_E 0 -5.342e+05 2.200e+02 2.665e+03
s>                ( - -7.937e+02 1 0)
s>                ( - -5.332e+05 2 0))))INFO: dtree.c(1439): stop. leaf nodes are specific
INFO: dtree.c(1478): Final simple tree
|( QUESTION0_9_R 1 -2.086e+05 1.258e+03 1.003e+03
|    ( - -1.222e+05 1 0)
|    ( QUESTION2_10_L -1 -8.516e+04 7.374e+02 4.093e+02
|        ( QUESTION0_14_R 1 -4.525e+04 3.831e+02 2.251e+02
|            ( - -4.035e+04 3 0)
|            ( - -4.512e+03 1 0))
|        ( QUESTION10 -1 -3.918e+04 6.131e+02 1.842e+02
|            ( WDBNDRY_E 0 -2.132e+04 3.674e+02 1.009e+02
|                ( - -1.829e+04 2 0)
|                ( - -2.658e+03 1 0))
|            ( WDBNDRY_E 0 -1.724e+04 1.467e+02 8.331e+01
|                ( - -1.595e+04 1 0)
|                ( - -1.147e+03 1 0)))))
s>    ( QUESTION0_9_R 1 -2.086e+05 1.258e+03 1.003e+03
s>        ( - -1.222e+05 1 0)
s>        ( QUESTION2_10_L -1 -8.516e+04 7.374e+02 4.093e+02
s>            ( QUESTION0_14_R 1 -4.525e+04 3.831e+02 2.251e+02
s>                ( - -4.035e+04 3 0)
s>                ( - -4.512e+03 1 0))
s>            ( QUESTION10 -1 -3.918e+04 6.131e+02 1.842e+02
s>                ( WDBNDRY_E 0 -2.132e+04 3.674e+02 1.009e+02
s>                    ( - -1.829e+04 2 0)
s>                    ( - -2.658e+03 1 0))
s>                ( WDBNDRY_E 0 -1.724e+04 1.467e+02 8.331e+01
s>                    ( - -1.595e+04 1 0)
s>                    ( - -1.147e+03 1 0)))))INFO: dtree.c(1315): Comp split 14
INFO: dtree.c(1478): Final simple tree
|( QUESTION2_0_L -1 -3.288e+05 1.370e+03 1.572e+03
|    ( SILENCE 1 -2.815e+05 7.141e+02 1.352e+03
|        ( - -2.773e+04 2 0)
|        ( QUESTION2 -1 -2.530e+05 6.090e+02 1.212e+03
|            ( - -1.675e+05 2 0)
|            ( QUESTION2_10_L -1 -8.490e+04 4.948e+02 3.997e+02
|                ( WDBNDRY_E 0 -6.566e+04 3.354e+02 3.124e+02
|                    ( - -8.401e+03 4 0)
|                    ( - -5.692e+04 4 0 WDBNDRY_B 0 1.616e+02 2.726e+02))
|                ( WDBNDRY_E 0 -1.874e+04 2.497e+02 8.732e+01
|                    ( - -4.584e+03 1 0)
|                    ( QUESTION11 -1 -1.391e+04 2.598e+02 6.432e+01
|                        ( - -1.201e+03 1 0)
|                        ( - -1.245e+04 4 0 QUESTION2_6_L -1 1.835e+02 5.732e+01))))))
|    ( - -4.596e+04 1 0))
s>    ( QUESTION2_0_L -1 -3.288e+05 1.370e+03 1.572e+03
s>        ( SILENCE 1 -2.815e+05 7.141e+02 1.352e+03
s>            ( - -2.773e+04 2 0)
s>            ( QUESTION2 -1 -2.530e+05 6.090e+02 1.212e+03
s>                ( - -1.675e+05 2 0)
s>                ( QUESTION2_10_L -1 -8.490e+04 4.948e+02 3.997e+02
s>                    ( WDBNDRY_E 0 -6.566e+04 3.354e+02 3.124e+02
s>                        ( - -8.401e+03 4 0)
s>                        ( - -5.692e+04 4 0 WDBNDRY_B 0 1.616e+02 2.726e+02))
s>                    ( WDBNDRY_E 0 -1.874e+04 2.497e+02 8.732e+01
s>                        ( - -4.584e+03 1 0)
s>                        ( QUESTION11 -1 -1.391e+04 2.598e+02 6.432e+01
s>                            ( - -1.201e+03 1 0)
s>                            ( - -1.245e+04 4 0 QUESTION2_6_L -1 1.835e+02 5.732e+01))))))
s>        ( - -4.596e+04 1 0))INFO: dtree.c(1439): stop. leaf nodes are specific
INFO: dtree.c(1478): Final simple tree
|( WDBNDRY_E 0 -1.393e+05 8.697e+02 6.581e+02
|    ( QUESTION11 -1 -7.145e+04 4.020e+02 3.439e+02
|        ( - -1.536e+04 1 0)
|        ( QUESTION2 -1 -5.569e+04 3.515e+02 2.678e+02
|            ( - -1.436e+04 1 0)
|            ( - -4.098e+04 1 0)))
|    ( QUESTION2 -1 -6.698e+04 4.177e+02 3.142e+02
|        ( - -1.675e+04 1 0)
|        ( QUESTION0 -1 -4.981e+04 2.573e+02 2.307e+02
|            ( - -1.177e+03 1 0)
|            ( QUESTION14 -1 -4.838e+04 1.602e+02 2.257e+02
|                ( - -1.692e+03 1 0)
|                ( - -4.653e+04 1 0)))))
s>    ( WDBNDRY_E 0 -1.393e+05 8.697e+02 6.581e+02
s>        ( QUESTION11 -1 -7.145e+04 4.020e+02 3.439e+02
s>            ( - -1.536e+04 1 0)
s>            ( QUESTION2 -1 -5.569e+04 3.515e+02 2.678e+02
s>                ( - -1.436e+04 1 0)
s>                ( - -4.098e+04 1 0)))
s>        ( QUESTION2 -1 -6.698e+04 4.177e+02 3.142e+02
s>            ( - -1.675e+04 1 0)
s>            ( QUESTION0 -1 -4.981e+04 2.573e+02 2.307e+02
s>                ( - -1.177e+03 1 0)
s>                ( QUESTION14 -1 -4.838e+04 1.602e+02 2.257e+02
s>                    ( - -1.692e+03 1 0)
s>                    ( - -4.653e+04 1 0)))))INFO: dtree.c(1315): Comp split 15
INFO: dtree.c(1439): stop. leaf nodes are specific
INFO: dtree.c(1478): Final simple tree
|( QUESTION0_5_R 1 -1.164e+05 2.912e+02 5.097e+02
|    ( WDBNDRY_E 0 -1.093e+05 2.174e+02 4.777e+02
|        ( - -2.038e+03 1 0)
|        ( - -1.071e+05 2 0))
|    ( - -6.808e+03 2 0))
s>    ( QUESTION0_5_R 1 -1.164e+05 2.912e+02 5.097e+02
s>        ( WDBNDRY_E 0 -1.093e+05 2.174e+02 4.777e+02
s>            ( - -2.038e+03 1 0)
s>            ( - -1.071e+05 2 0))
s>        ( - -6.808e+03 2 0))INFO: dtree.c(1315): Comp split 16
INFO: dtree.c(1439): stop. leaf nodes are specific
INFO: dtree.c(1478): Final simple tree
|( WDBNDRY_B 0 -1.422e+05 5.350e+02 6.726e+02
|    ( QUESTION2_0_L -1 -1.010e+05 5.008e+02 4.753e+02
|        ( - -6.074e+04 2 0)
|        ( SILENCE -1 -3.972e+04 3.057e+02 1.818e+02
|            ( - -3.022e+04 1 0)
|            ( QUESTION0 -1 -9.199e+03 1.658e+02 4.371e+01
|                ( - -5.935e+03 1 0)
|                ( - -3.099e+03 1 0))))
|    ( - -4.070e+04 1 0))
s>    ( WDBNDRY_B 0 -1.422e+05 5.350e+02 6.726e+02
s>        ( QUESTION2_0_L -1 -1.010e+05 5.008e+02 4.753e+02
s>            ( - -6.074e+04 2 0)
s>            ( SILENCE -1 -3.972e+04 3.057e+02 1.818e+02
s>                ( - -3.022e+04 1 0)
s>                ( QUESTION0 -1 -9.199e+03 1.658e+02 4.371e+01
s>                    ( - -5.935e+03 1 0)
s>                    ( - -3.099e+03 1 0))))
s>        ( - -4.070e+04 1 0))INFO: dtree.c(1439): stop. leaf nodes are specific
INFO: dtree.c(1478): Final simple tree
|( QUESTION0 -1 -1.187e+05 7.598e+02 5.598e+02
|    ( - -9.274e+04 2 0)
|    ( QUESTION2 -1 -2.523e+04 4.628e+02 1.224e+02
|        ( - -1.357e+04 1 0)
|        ( - -1.120e+04 1 0)))
s>    ( QUESTION0 -1 -1.187e+05 7.598e+02 5.598e+02
s>        ( - -9.274e+04 2 0)
s>        ( QUESTION2 -1 -2.523e+04 4.628e+02 1.224e+02
s>            ( - -1.357e+04 1 0)
s>            ( - -1.120e+04 1 0)))INFO: dtree.c(1315): Comp split 17
INFO: dtree.c(1478): Final simple tree
|( QUESTION0_0_R 1 -1.116e+05 9.824e+02 5.199e+02
|    ( QUESTION2_11_L -1 -6.201e+04 3.563e+02 2.890e+02
|        ( - -1.214e+04 2 0 WDBNDRY_E 0 1.739e+02 6.001e+01)
|        ( QUESTION10 -1 -4.952e+04 3.330e+02 2.290e+02
|            ( QUESTION0_6_R 1 -1.144e+04 2.210e+02 5.470e+01
|                ( - -7.133e+03 2 0)
|                ( - -4.090e+03 1 0))
|            ( WDBNDRY_E 0 -3.774e+04 2.713e+02 1.743e+02
|                ( - -9.164e+02 1 0)
|                ( QUESTION2 -1 -3.655e+04 2.051e+02 1.683e+02
|                    ( - -3.203e+04 1 0)
|                    ( - -4.313e+03 2 0 QUESTION0_5_R 1 1.214e+02 1.983e+01)))))
|    ( WDBNDRY_E 0 -4.862e+04 5.514e+02 2.309e+02
|        ( - -2.199e+04 1 0)
|        ( - -2.607e+04 1 0)))
s>    ( QUESTION0_0_R 1 -1.116e+05 9.824e+02 5.199e+02
s>        ( QUESTION2_11_L -1 -6.201e+04 3.563e+02 2.890e+02
s>            ( - -1.214e+04 2 0 WDBNDRY_E 0 1.739e+02 6.001e+01)
s>            ( QUESTION10 -1 -4.952e+04 3.330e+02 2.290e+02
s>                ( QUESTION0_6_R 1 -1.144e+04 2.210e+02 5.470e+01
s>                    ( - -7.133e+03 2 0)
s>                    ( - -4.090e+03 1 0))
s>                ( WDBNDRY_E 0 -3.774e+04 2.713e+02 1.743e+02
s>                    ( - -9.164e+02 1 0)
s>                    ( QUESTION2 -1 -3.655e+04 2.051e+02 1.683e+02
s>                        ( - -3.203e+04 1 0)
s>                        ( - -4.313e+03 2 0 QUESTION0_5_R 1 1.214e+02 1.983e+01)))))
s>        ( WDBNDRY_E 0 -4.862e+04 5.514e+02 2.309e+02
s>            ( - -2.199e+04 1 0)
s>            ( - -2.607e+04 1 0)))INFO: dtree.c(1478): Final simple tree
|( QUESTION0_3_R 1 -1.176e+05 1.015e+03 5.581e+02
|    ( - -3.561e+04 1 0)
|    ( QUESTION2_9_L -1 -8.100e+04 6.661e+02 3.829e+02
|        ( QUESTION0_9_R 1 -3.466e+04 4.507e+02 1.633e+02
|            ( - -1.574e+04 2 0 WDBNDRY_B 0 2.067e+02 7.566e+01)
|            ( QUESTION0 1 -1.847e+04 3.093e+02 8.764e+01
|                ( - -2.650e+03 1 0)
|                ( - -1.552e+04 1 0)))
|        ( QUESTION14 -1 -4.567e+04 4.930e+02 2.195e+02
|            ( - -2.235e+04 1 0)
|            ( WDBNDRY_E 0 -2.283e+04 3.916e+02 1.098e+02
|                ( - -2.320e+03 1 0)
|                ( WDBNDRY_S 0 -2.012e+04 3.648e+02 9.583e+01
|                    ( - -2.247e+03 1 0)
|                    ( - -1.751e+04 3 0 QUESTION12 -1 2.499e+02 8.383e+01))))))
s>    ( QUESTION0_3_R 1 -1.176e+05 1.015e+03 5.581e+02
s>        ( - -3.561e+04 1 0)
s>        ( QUESTION2_9_L -1 -8.100e+04 6.661e+02 3.829e+02
s>            ( QUESTION0_9_R 1 -3.466e+04 4.507e+02 1.633e+02
s>                ( - -1.574e+04 2 0 WDBNDRY_B 0 2.067e+02 7.566e+01)
s>                ( QUESTION0 1 -1.847e+04 3.093e+02 8.764e+01
s>                    ( - -2.650e+03 1 0)
s>                    ( - -1.552e+04 1 0)))
s>            ( QUESTION14 -1 -4.567e+04 4.930e+02 2.195e+02
s>                ( - -2.235e+04 1 0)
s>                ( WDBNDRY_E 0 -2.283e+04 3.916e+02 1.098e+02
s>                    ( - -2.320e+03 1 0)
s>                    ( WDBNDRY_S 0 -2.012e+04 3.648e+02 9.583e+01
s>                        ( - -2.247e+03 1 0)
s>                        ( - -1.751e+04 3 0 QUESTION12 -1 2.499e+02 8.383e+01))))))INFO: dtree.c(1315): Comp split 18
INFO: dtree.c(1439): stop. leaf nodes are specific
INFO: dtree.c(1478): Final simple tree
|( QUESTION2_0_L -1 -6.509e+04 3.943e+02 3.077e+02
|    ( WDBNDRY_E 0 -1.874e+04 2.497e+02 8.732e+01
|        ( - -4.584e+03 1 0)
|        ( QUESTION11 -1 -1.391e+04 2.598e+02 6.432e+01
|            ( - -1.201e+03 1 0)
|            ( QUESTION2_6_L -1 -1.245e+04 1.835e+02 5.732e+01
|                ( - -2.660e+03 1 0)
|                ( QUESTION0 -1 -9.604e+03 1.680e+02 4.525e+01
|                    ( - -8.548e+02 1 0)
|                    ( - -8.581e+03 2 0)))))
|    ( - -4.596e+04 1 0))
s>    ( QUESTION2_0_L -1 -6.509e+04 3.943e+02 3.077e+02
s>        ( WDBNDRY_E 0 -1.874e+04 2.497e+02 8.732e+01
s>            ( - -4.584e+03 1 0)
s>            ( QUESTION11 -1 -1.391e+04 2.598e+02 6.432e+01
s>                ( - -1.201e+03 1 0)
s>                ( QUESTION2_6_L -1 -1.245e+04 1.835e+02 5.732e+01
s>                    ( - -2.660e+03 1 0)
s>                    ( QUESTION0 -1 -9.604e+03 1.680e+02 4.525e+01
s>                        ( - -8.548e+02 1 0)
s>                        ( - -8.581e+03 2 0)))))
s>        ( - -4.596e+04 1 0))INFO: dtree.c(1439): stop. leaf nodes are specific
INFO: dtree.c(1478): Final simple tree
|( SILENCE 1 -2.622e+05 6.909e+02 1.265e+03
|    ( - -2.773e+04 2 0)
|    ( QUESTION2 -1 -2.338e+05 5.945e+02 1.124e+03
|        ( - -1.675e+05 2 0)
|        ( WDBNDRY_E 0 -6.566e+04 3.354e+02 3.124e+02
|            ( - -8.401e+03 4 0)
|            ( WDBNDRY_B 0 -5.692e+04 1.616e+02 2.726e+02
|                ( - -5.803e+02 2 0)
|                ( - -5.618e+04 2 0)))))
s>    ( SILENCE 1 -2.622e+05 6.909e+02 1.265e+03
s>        ( - -2.773e+04 2 0)
s>        ( QUESTION2 -1 -2.338e+05 5.945e+02 1.124e+03
s>            ( - -1.675e+05 2 0)
s>            ( WDBNDRY_E 0 -6.566e+04 3.354e+02 3.124e+02
s>                ( - -8.401e+03 4 0)
s>                ( WDBNDRY_B 0 -5.692e+04 1.616e+02 2.726e+02
s>                    ( - -5.803e+02 2 0)
s>                    ( - -5.618e+04 2 0)))))INFO: dtree.c(1315): Comp split 19
INFO: dtree.c(1439): stop. leaf nodes are specific
INFO: dtree.c(1478): Final simple tree
|( QUESTION2 -1 -8.568e+04 9.549e+02 3.769e+02
|    ( - -3.299e+04 1 0)
|    ( QUESTION2_10_L -1 -5.173e+04 2.436e+02 2.283e+02
|        ( - -3.703e+04 2 0)
|        ( WDBNDRY_B 0 -1.446e+04 2.189e+02 6.390e+01
|            ( - -3.076e+03 1 0)
|            ( QUESTION2_14_L -1 -1.117e+04 1.682e+02 4.984e+01
|                ( - -1.546e+03 1 0)
|                ( QUESTION0_9_R 1 -9.455e+03 1.274e+02 4.184e+01
|                    ( - -8.926e+03 1 0)
|                    ( - -4.016e+02 1 0))))))
s>    ( QUESTION2 -1 -8.568e+04 9.549e+02 3.769e+02
s>        ( - -3.299e+04 1 0)
s>        ( QUESTION2_10_L -1 -5.173e+04 2.436e+02 2.283e+02
s>            ( - -3.703e+04 2 0)
s>            ( WDBNDRY_B 0 -1.446e+04 2.189e+02 6.390e+01
s>                ( - -3.076e+03 1 0)
s>                ( QUESTION2_14_L -1 -1.117e+04 1.682e+02 4.984e+01
s>                    ( - -1.546e+03 1 0)
s>                    ( QUESTION0_9_R 1 -9.455e+03 1.274e+02 4.184e+01
s>                        ( - -8.926e+03 1 0)
s>                        ( - -4.016e+02 1 0))))))INFO: dtree.c(1315): Comp split 20
INFO: dtree.c(1439): stop. leaf nodes are specific
INFO: dtree.c(1478): Final simple tree
|( QUESTION10 -1 -9.476e+04 6.825e+02 4.258e+02
|    ( - -2.815e+04 1 0)
|    ( - -6.593e+04 2 0))
s>    ( QUESTION10 -1 -9.476e+04 6.825e+02 4.258e+02
s>        ( - -2.815e+04 1 0)
s>        ( - -6.593e+04 2 0))INFO: dtree.c(1439): stop. leaf nodes are specific
INFO: dtree.c(1478): Final simple tree
|( QUESTION2 -1 -1.252e+05 8.719e+02 5.644e+02
|    ( - -7.448e+04 3 0)
|    ( QUESTION13 -1 -4.985e+04 6.384e+02 2.221e+02
|        ( QUESTION2_0_L -1 -2.345e+04 1.010e+02 1.036e+02
|            ( - -2.248e+04 2 0)
|            ( - -8.643e+02 1 0))
|        ( QUESTION0 -1 -2.577e+04 2.758e+02 1.185e+02
|            ( - -2.368e+04 2 0)
|            ( - -1.814e+03 2 0))))
s>    ( QUESTION2 -1 -1.252e+05 8.719e+02 5.644e+02
s>        ( - -7.448e+04 3 0)
s>        ( QUESTION13 -1 -4.985e+04 6.384e+02 2.221e+02
s>            ( QUESTION2_0_L -1 -2.345e+04 1.010e+02 1.036e+02
s>                ( - -2.248e+04 2 0)
s>                ( - -8.643e+02 1 0))
s>            ( QUESTION0 -1 -2.577e+04 2.758e+02 1.185e+02
s>                ( - -2.368e+04 2 0)
s>                ( - -1.814e+03 2 0))))INFO: dtree.c(1315): Comp split 21
INFO: dtree.c(1439): stop. leaf nodes are specific
INFO: dtree.c(1478): Final simple tree
|( QUESTION2_10_L -1 -8.516e+04 7.374e+02 4.093e+02
|    ( QUESTION0_14_R 1 -4.525e+04 3.831e+02 2.251e+02
|        ( - -4.035e+04 3 0)
|        ( - -4.512e+03 1 0))
|    ( QUESTION10 -1 -3.918e+04 6.131e+02 1.842e+02
|        ( WDBNDRY_E 0 -2.132e+04 3.674e+02 1.009e+02
|            ( - -1.829e+04 2 0)
|            ( - -2.658e+03 1 0))
|        ( WDBNDRY_E 0 -1.724e+04 1.467e+02 8.331e+01
|            ( - -1.595e+04 1 0)
|            ( - -1.147e+03 1 0))))
s>    ( QUESTION2_10_L -1 -8.516e+04 7.374e+02 4.093e+02
s>        ( QUESTION0_14_R 1 -4.525e+04 3.831e+02 2.251e+02
s>            ( - -4.035e+04 3 0)
s>            ( - -4.512e+03 1 0))
s>        ( QUESTION10 -1 -3.918e+04 6.131e+02 1.842e+02
s>            ( WDBNDRY_E 0 -2.132e+04 3.674e+02 1.009e+02
s>                ( - -1.829e+04 2 0)
s>                ( - -2.658e+03 1 0))
s>            ( WDBNDRY_E 0 -1.724e+04 1.467e+02 8.331e+01
s>                ( - -1.595e+04 1 0)
s>                ( - -1.147e+03 1 0))))INFO: dtree.c(1315): Comp split 22
INFO: dtree.c(1439): stop. leaf nodes are specific
INFO: dtree.c(1478): Final simple tree
|( QUESTION2 -1 -9.224e+04 1.994e+02 4.052e+02
|    ( - -8.749e+04 3 0)
|    ( - -4.544e+03 2 0))
s>    ( QUESTION2 -1 -9.224e+04 1.994e+02 4.052e+02
s>        ( - -8.749e+04 3 0)
s>        ( - -4.544e+03 2 0))INFO: dtree.c(1439): stop. leaf nodes are specific
INFO: dtree.c(1478): Final simple tree
|( WDBNDRY_E 0 -1.498e+05 2.349e+02 6.758e+02
|    ( - -1.054e+03 1 0)
|    ( QUESTION10 -1 -1.485e+05 2.099e+02 6.698e+02
|        ( - -6.373e+02 1 0)
|        ( - -1.477e+05 3 0)))
s>    ( WDBNDRY_E 0 -1.498e+05 2.349e+02 6.758e+02
s>        ( - -1.054e+03 1 0)
s>        ( QUESTION10 -1 -1.485e+05 2.099e+02 6.698e+02
s>            ( - -6.373e+02 1 0)
s>            ( - -1.477e+05 3 0)))INFO: dtree.c(1315): Comp split 23
INFO: dtree.c(1439): stop. leaf nodes are specific
INFO: dtree.c(1478): Final simple tree
|( QUESTION0_4_R 1 -4.085e+04 3.934e+02 2.012e+02
|    ( - -2.320e+03 1 0)
|    ( WDBNDRY_E 0 -3.814e+04 2.849e+02 1.872e+02
|        ( - -3.561e+04 1 0)
|        ( - -2.247e+03 1 0)))
s>    ( QUESTION0_4_R 1 -4.085e+04 3.934e+02 2.012e+02
s>        ( - -2.320e+03 1 0)
s>        ( WDBNDRY_E 0 -3.814e+04 2.849e+02 1.872e+02
s>            ( - -3.561e+04 1 0)
s>            ( - -2.247e+03 1 0)))INFO: dtree.c(1478): Final simple tree
|( WDBNDRY_I 0 -7.568e+04 7.182e+02 3.569e+02
|    ( QUESTION0_0_R 1 -3.976e+04 4.658e+02 1.915e+02
|        ( - -2.235e+04 1 0)
|        ( QUESTION12 -1 -1.695e+04 2.516e+02 8.183e+01
|            ( - -1.249e+04 1 0)
|            ( - -4.212e+03 1 0)))
|    ( QUESTION0_9_R 1 -3.520e+04 4.508e+02 1.653e+02
|        ( WDBNDRY_B 0 -1.628e+04 1.936e+02 7.766e+01
|            ( QUESTION2_6_L -1 -1.658e+03 1.863e+02 8.000e+00
|                ( - -3.656e+02 1 0)
|                ( - -1.106e+03 1 0))
|            ( - -1.442e+04 1 0))
|        ( QUESTION0 1 -1.847e+04 3.093e+02 8.764e+01
|            ( - -2.650e+03 1 0)
|            ( - -1.552e+04 1 0))))
s>    ( WDBNDRY_I 0 -7.568e+04 7.182e+02 3.569e+02
s>        ( QUESTION0_0_R 1 -3.976e+04 4.658e+02 1.915e+02
s>            ( - -2.235e+04 1 0)
s>            ( QUESTION12 -1 -1.695e+04 2.516e+02 8.183e+01
s>                ( - -1.249e+04 1 0)
s>                ( - -4.212e+03 1 0)))
s>        ( QUESTION0_9_R 1 -3.520e+04 4.508e+02 1.653e+02
s>            ( WDBNDRY_B 0 -1.628e+04 1.936e+02 7.766e+01
s>                ( QUESTION2_6_L -1 -1.658e+03 1.863e+02 8.000e+00
s>                    ( - -3.656e+02 1 0)
s>                    ( - -1.106e+03 1 0))
s>                ( - -1.442e+04 1 0))
s>            ( QUESTION0 1 -1.847e+04 3.093e+02 8.764e+01
s>                ( - -2.650e+03 1 0)
s>                ( - -1.552e+04 1 0))))INFO: dtree.c(1315): Comp split 24
INFO: dtree.c(1439): stop. leaf nodes are specific
INFO: dtree.c(1478): Final simple tree
|( QUESTION14 -1 -5.020e+04 2.929e+02 2.282e+02
|    ( - -1.163e+04 1 0)
|    ( - -3.828e+04 2 0))
s>    ( QUESTION14 -1 -5.020e+04 2.929e+02 2.282e+02
s>        ( - -1.163e+04 1 0)
s>        ( - -3.828e+04 2 0))INFO: dtree.c(1439): stop. leaf nodes are specific
INFO: dtree.c(1478): Final simple tree
|( WDBNDRY_E 0 -1.946e+05 4.359e+02 8.634e+02
|    ( - -5.824e+03 2 0)
|    ( - -1.883e+05 2 0))
s>    ( WDBNDRY_E 0 -1.946e+05 4.359e+02 8.634e+02
s>        ( - -5.824e+03 2 0)
s>        ( - -1.883e+05 2 0))INFO: dtree.c(1315): Comp split 25
INFO: dtree.c(1439): stop. leaf nodes are specific
INFO: dtree.c(1478): Final simple tree
|( WDBNDRY_E 0 -4.833e+04 3.304e+02 2.230e+02
|    ( QUESTION0_6_R 1 -1.144e+04 2.210e+02 5.470e+01
|        ( - -7.133e+03 2 0)
|        ( - -4.090e+03 1 0))
|    ( QUESTION2 -1 -3.655e+04 2.051e+02 1.683e+02
|        ( - -3.203e+04 1 0)
|        ( QUESTION0_5_R 1 -4.313e+03 1.214e+02 1.983e+01
|            ( - -3.657e+03 1 0)
|            ( - -5.346e+02 1 0))))
s>    ( WDBNDRY_E 0 -4.833e+04 3.304e+02 2.230e+02
s>        ( QUESTION0_6_R 1 -1.144e+04 2.210e+02 5.470e+01
s>            ( - -7.133e+03 2 0)
s>            ( - -4.090e+03 1 0))
s>        ( QUESTION2 -1 -3.655e+04 2.051e+02 1.683e+02
s>            ( - -3.203e+04 1 0)
s>            ( QUESTION0_5_R 1 -4.313e+03 1.214e+02 1.983e+01
s>                ( - -3.657e+03 1 0)
s>                ( - -5.346e+02 1 0))))INFO: dtree.c(1439): stop. leaf nodes are specific
INFO: dtree.c(1478): Final simple tree
|( QUESTION14 1 -6.230e+04 5.271e+02 2.969e+02
|    ( - -2.607e+04 1 0)
|    ( QUESTION0_0_R 1 -3.570e+04 3.787e+02 1.691e+02
|        ( QUESTION0_7_R 1 -1.333e+04 2.711e+02 6.601e+01
|            ( - -9.164e+02 1 0)
|            ( WDBNDRY_E 0 -1.214e+04 1.739e+02 6.001e+01
|                ( - -6.435e+03 1 0)
|                ( - -5.530e+03 1 0)))
|        ( - -2.199e+04 1 0)))
s>    ( QUESTION14 1 -6.230e+04 5.271e+02 2.969e+02
s>        ( - -2.607e+04 1 0)
s>        ( QUESTION0_0_R 1 -3.570e+04 3.787e+02 1.691e+02
s>            ( QUESTION0_7_R 1 -1.333e+04 2.711e+02 6.601e+01
s>                ( - -9.164e+02 1 0)
s>                ( WDBNDRY_E 0 -1.214e+04 1.739e+02 6.001e+01
s>                    ( - -6.435e+03 1 0)
s>                    ( - -5.530e+03 1 0)))
s>            ( - -2.199e+04 1 0)))INFO: dtree.c(1315): Comp split 26
INFO: dtree.c(1439): stop. leaf nodes are specific
INFO: dtree.c(1478): Final simple tree
|( QUESTION0_9_R 1 -3.349e+04 9.138e+01 1.506e+02
|    ( - -3.299e+04 1 0)
|    ( - -4.016e+02 1 0))
s>    ( QUESTION0_9_R 1 -3.349e+04 9.138e+01 1.506e+02
s>        ( - -3.299e+04 1 0)
s>        ( - -4.016e+02 1 0))INFO: dtree.c(1439): stop. leaf nodes are specific
INFO: dtree.c(1478): Final simple tree
|( QUESTION2_10_L -1 -5.122e+04 2.524e+02 2.263e+02
|    ( - -3.703e+04 2 0)
|    ( WDBNDRY_B 0 -1.394e+04 2.261e+02 6.190e+01
|        ( - -3.076e+03 1 0)
|        ( QUESTION10 -1 -1.064e+04 1.680e+02 4.784e+01
|            ( - -8.926e+03 1 0)
|            ( - -1.546e+03 1 0))))
s>    ( QUESTION2_10_L -1 -5.122e+04 2.524e+02 2.263e+02
s>        ( - -3.703e+04 2 0)
s>        ( WDBNDRY_B 0 -1.394e+04 2.261e+02 6.190e+01
s>            ( - -3.076e+03 1 0)
s>            ( QUESTION10 -1 -1.064e+04 1.680e+02 4.784e+01
s>                ( - -8.926e+03 1 0)
s>                ( - -1.546e+03 1 0))))INFO: dtree.c(1315): Comp split 27
INFO: dtree.c(1439): stop. leaf nodes are specific
INFO: dtree.c(1478): Final simple tree
|( QUESTION9 -1 -7.287e+04 4.013e+02 3.489e+02
|    ( QUESTION10 -1 -5.670e+04 3.590e+02 2.726e+02
|        ( - -4.098e+04 1 0)
|        ( - -1.536e+04 1 0))
|    ( WDBNDRY_E 0 -1.577e+04 2.274e+02 7.629e+01
|        ( - -1.436e+04 1 0)
|        ( - -1.177e+03 1 0)))
s>    ( QUESTION9 -1 -7.287e+04 4.013e+02 3.489e+02
s>        ( QUESTION10 -1 -5.670e+04 3.590e+02 2.726e+02
s>            ( - -4.098e+04 1 0)
s>            ( - -1.536e+04 1 0))
s>        ( WDBNDRY_E 0 -1.577e+04 2.274e+02 7.629e+01
s>            ( - -1.436e+04 1 0)
s>            ( - -1.177e+03 1 0)))INFO: dtree.c(1439): stop. leaf nodes are specific
INFO: dtree.c(1478): Final simple tree
|( QUESTION2 -1 -6.555e+04 4.205e+02 3.092e+02
|    ( - -1.675e+04 1 0)
|    ( QUESTION14 -1 -4.838e+04 1.602e+02 2.257e+02
|        ( - -1.692e+03 1 0)
|        ( - -4.653e+04 1 0)))
s>    ( QUESTION2 -1 -6.555e+04 4.205e+02 3.092e+02
s>        ( - -1.675e+04 1 0)
s>        ( QUESTION14 -1 -4.838e+04 1.602e+02 2.257e+02
s>            ( - -1.692e+03 1 0)
s>            ( - -4.653e+04 1 0)))INFO: dtree.c(1315): Comp split 28
INFO: dtree.c(1439): stop. leaf nodes are specific
INFO: dtree.c(1478): Final simple tree
|( QUESTION13 -1 -4.985e+04 6.384e+02 2.221e+02
|    ( QUESTION2_0_L -1 -2.345e+04 1.010e+02 1.036e+02
|        ( - -2.248e+04 2 0)
|        ( - -8.643e+02 1 0))
|    ( QUESTION0 -1 -2.577e+04 2.758e+02 1.185e+02
|        ( - -2.368e+04 2 0)
|        ( - -1.814e+03 2 0)))
s>    ( QUESTION13 -1 -4.985e+04 6.384e+02 2.221e+02
s>        ( QUESTION2_0_L -1 -2.345e+04 1.010e+02 1.036e+02
s>            ( - -2.248e+04 2 0)
s>            ( - -8.643e+02 1 0))
s>        ( QUESTION0 -1 -2.577e+04 2.758e+02 1.185e+02
s>            ( - -2.368e+04 2 0)
s>            ( - -1.814e+03 2 0)))INFO: dtree.c(1315): Comp split 29
INFO: dtree.c(1439): stop. leaf nodes are specific
INFO: dtree.c(1478): Final simple tree
|( QUESTION2 -1 -2.523e+04 4.628e+02 1.224e+02
|    ( - -1.357e+04 1 0)
|    ( - -1.120e+04 1 0))
s>    ( QUESTION2 -1 -2.523e+04 4.628e+02 1.224e+02
s>        ( - -1.357e+04 1 0)
s>        ( - -1.120e+04 1 0))INFO: dtree.c(1315): Comp split 30
INFO: dtree.c(1439): stop. leaf nodes are specific
INFO: dtree.c(1478): Final simple tree
|( QUESTION10 -1 -3.918e+04 6.131e+02 1.842e+02
|    ( WDBNDRY_E 0 -2.132e+04 3.674e+02 1.009e+02
|        ( - -1.829e+04 2 0)
|        ( - -2.658e+03 1 0))
|    ( WDBNDRY_E 0 -1.724e+04 1.467e+02 8.331e+01
|        ( - -1.595e+04 1 0)
|        ( - -1.147e+03 1 0)))
s>    ( QUESTION10 -1 -3.918e+04 6.131e+02 1.842e+02
s>        ( WDBNDRY_E 0 -2.132e+04 3.674e+02 1.009e+02
s>            ( - -1.829e+04 2 0)
s>            ( - -2.658e+03 1 0))
s>        ( WDBNDRY_E 0 -1.724e+04 1.467e+02 8.331e+01
s>            ( - -1.595e+04 1 0)
s>            ( - -1.147e+03 1 0)))INFO: dtree.c(1439): stop. leaf nodes are specific
INFO: dtree.c(1478): Final simple tree
|( QUESTION0_14_R 1 -4.525e+04 3.831e+02 2.251e+02
|    ( - -4.035e+04 3 0)
|    ( - -4.512e+03 1 0))
s>    ( QUESTION0_14_R 1 -4.525e+04 3.831e+02 2.251e+02
s>        ( - -4.035e+04 3 0)
s>        ( - -4.512e+03 1 0))INFO: dtree.c(1315): Comp split 31
INFO: dtree.c(1439): stop. leaf nodes are specific
INFO: dtree.c(1478): Final simple tree
|( QUESTION0_9_R 1 -3.520e+04 4.508e+02 1.653e+02
|    ( WDBNDRY_B 0 -1.628e+04 1.936e+02 7.766e+01
|        ( QUESTION2_6_L -1 -1.658e+03 1.863e+02 8.000e+00
|            ( - -3.656e+02 1 0)
|            ( - -1.106e+03 1 0))
|        ( - -1.442e+04 1 0))
|    ( QUESTION0 1 -1.847e+04 3.093e+02 8.764e+01
|        ( - -2.650e+03 1 0)
|        ( - -1.552e+04 1 0)))
s>    ( QUESTION0_9_R 1 -3.520e+04 4.508e+02 1.653e+02
s>        ( WDBNDRY_B 0 -1.628e+04 1.936e+02 7.766e+01
s>            ( QUESTION2_6_L -1 -1.658e+03 1.863e+02 8.000e+00
s>                ( - -3.656e+02 1 0)
s>                ( - -1.106e+03 1 0))
s>            ( - -1.442e+04 1 0))
s>        ( QUESTION0 1 -1.847e+04 3.093e+02 8.764e+01
s>            ( - -2.650e+03 1 0)
s>            ( - -1.552e+04 1 0)))INFO: dtree.c(1439): stop. leaf nodes are specific
INFO: dtree.c(1478): Final simple tree
|( QUESTION0_0_R 1 -3.976e+04 4.658e+02 1.915e+02
|    ( - -2.235e+04 1 0)
|    ( QUESTION12 -1 -1.695e+04 2.516e+02 8.183e+01
|        ( - -1.249e+04 1 0)
|        ( - -4.212e+03 1 0)))
s>    ( QUESTION0_0_R 1 -3.976e+04 4.658e+02 1.915e+02
s>        ( - -2.235e+04 1 0)
s>        ( QUESTION12 -1 -1.695e+04 2.516e+02 8.183e+01
s>            ( - -1.249e+04 1 0)
s>            ( - -4.212e+03 1 0)))INFO: dtree.c(1315): Comp split 32
INFO: dtree.c(1439): stop. leaf nodes are specific
INFO: dtree.c(1478): Final simple tree
|( QUESTION2 -1 -2.338e+05 5.945e+02 1.124e+03
|    ( - -1.675e+05 2 0)
|    ( WDBNDRY_E 0 -6.566e+04 3.354e+02 3.124e+02
|        ( - -8.401e+03 4 0)
|        ( WDBNDRY_B 0 -5.692e+04 1.616e+02 2.726e+02
|            ( - -5.803e+02 2 0)
|            ( - -5.618e+04 2 0))))
s>    ( QUESTION2 -1 -2.338e+05 5.945e+02 1.124e+03
s>        ( - -1.675e+05 2 0)
s>        ( WDBNDRY_E 0 -6.566e+04 3.354e+02 3.124e+02
s>            ( - -8.401e+03 4 0)
s>            ( WDBNDRY_B 0 -5.692e+04 1.616e+02 2.726e+02
s>                ( - -5.803e+02 2 0)
s>                ( - -5.618e+04 2 0))))INFO: dtree.c(1315): Comp split 33
INFO: dtree.c(1315): Comp split 34
INFO: dtree.c(1439): stop. leaf nodes are specific
INFO: dtree.c(1478): Final simple tree
|( QUESTION12 -1 -5.668e+05 5.131e+02 2.830e+03
|    ( - -3.214e+04 2 0)
|    ( WDBNDRY_E 0 -5.342e+05 2.200e+02 2.665e+03
|        ( - -7.937e+02 1 0)
|        ( - -5.332e+05 2 0)))
s>    ( QUESTION12 -1 -5.668e+05 5.131e+02 2.830e+03
s>        ( - -3.214e+04 2 0)
s>        ( WDBNDRY_E 0 -5.342e+05 2.200e+02 2.665e+03
s>            ( - -7.937e+02 1 0)
s>            ( - -5.332e+05 2 0)))INFO: dtree.c(1315): Comp split 35
INFO: dtree.c(1439): stop. leaf nodes are specific
INFO: dtree.c(1478): Final simple tree
|( QUESTION0 -1 -2.577e+04 2.758e+02 1.185e+02
|    ( - -2.368e+04 2 0)
|    ( - -1.814e+03 2 0))
s>    ( QUESTION0 -1 -2.577e+04 2.758e+02 1.185e+02
s>        ( - -2.368e+04 2 0)
s>        ( - -1.814e+03 2 0))INFO: dtree.c(1439): stop. leaf nodes are specific
INFO: dtree.c(1478): Final simple tree
|( QUESTION2_0_L -1 -2.345e+04 1.010e+02 1.036e+02
|    ( - -2.248e+04 2 0)
|    ( - -8.643e+02 1 0))
s>    ( QUESTION2_0_L -1 -2.345e+04 1.010e+02 1.036e+02
s>        ( - -2.248e+04 2 0)
s>        ( - -8.643e+02 1 0))INFO: dtree.c(1315): Comp split 36
INFO: dtree.c(1439): stop. leaf nodes are specific
INFO: dtree.c(1478): Final simple tree
|( WDBNDRY_E 0 -1.724e+04 1.467e+02 8.331e+01
|    ( - -1.595e+04 1 0)
|    ( - -1.147e+03 1 0))
s>    ( WDBNDRY_E 0 -1.724e+04 1.467e+02 8.331e+01
s>        ( - -1.595e+04 1 0)
s>        ( - -1.147e+03 1 0))INFO: dtree.c(1439): stop. leaf nodes are specific
INFO: dtree.c(1478): Final simple tree
|( WDBNDRY_E 0 -2.132e+04 3.674e+02 1.009e+02
|    ( - -1.829e+04 2 0)
|    ( - -2.658e+03 1 0))
s>    ( WDBNDRY_E 0 -2.132e+04 3.674e+02 1.009e+02
s>        ( - -1.829e+04 2 0)
s>        ( - -2.658e+03 1 0))INFO: dtree.c(1315): Comp split 37
INFO: dtree.c(1439): stop. leaf nodes are specific
INFO: dtree.c(1478): Final simple tree
|( SILENCE -1 -3.972e+04 3.057e+02 1.818e+02
|    ( - -3.022e+04 1 0)
|    ( QUESTION0 -1 -9.199e+03 1.658e+02 4.371e+01
|        ( - -5.935e+03 1 0)
|        ( - -3.099e+03 1 0)))
s>    ( SILENCE -1 -3.972e+04 3.057e+02 1.818e+02
s>        ( - -3.022e+04 1 0)
s>        ( QUESTION0 -1 -9.199e+03 1.658e+02 4.371e+01
s>            ( - -5.935e+03 1 0)
s>            ( - -3.099e+03 1 0)))INFO: dtree.c(1439): stop. leaf nodes are specific
INFO: dtree.c(1478): Final simple tree
|( WDBNDRY_B 0 -1.019e+05 4.367e+02 4.908e+02
|    ( - -6.074e+04 2 0)
|    ( - -4.070e+04 1 0))
s>    ( WDBNDRY_B 0 -1.019e+05 4.367e+02 4.908e+02
s>        ( - -6.074e+04 2 0)
s>        ( - -4.070e+04 1 0))INFO: dtree.c(1315): Comp split 38
INFO: dtree.c(1439): stop. leaf nodes are specific
INFO: dtree.c(1478): Final simple tree
|( WDBNDRY_E 0 -1.770e+05 3.337e+02 8.548e+02
|    ( - -8.401e+03 4 0)
|    ( WDBNDRY_B 0 -1.682e+05 1.620e+02 8.150e+02
|        ( - -5.803e+02 2 0)
|        ( - -1.675e+05 2 0)))
s>    ( WDBNDRY_E 0 -1.770e+05 3.337e+02 8.548e+02
s>        ( - -8.401e+03 4 0)
s>        ( WDBNDRY_B 0 -1.682e+05 1.620e+02 8.150e+02
s>            ( - -5.803e+02 2 0)
s>            ( - -1.675e+05 2 0)))INFO: dtree.c(1315): Comp split 39
INFO: dtree.c(1439): stop. leaf nodes are specific
INFO: dtree.c(1478): Final simple tree
|( QUESTION0_0_R 1 -3.570e+04 3.787e+02 1.691e+02
|    ( QUESTION0_7_R 1 -1.333e+04 2.711e+02 6.601e+01
|        ( - -9.164e+02 1 0)
|        ( WDBNDRY_E 0 -1.214e+04 1.739e+02 6.001e+01
|            ( - -6.435e+03 1 0)
|            ( - -5.530e+03 1 0)))
|    ( - -2.199e+04 1 0))
s>    ( QUESTION0_0_R 1 -3.570e+04 3.787e+02 1.691e+02
s>        ( QUESTION0_7_R 1 -1.333e+04 2.711e+02 6.601e+01
s>            ( - -9.164e+02 1 0)
s>            ( WDBNDRY_E 0 -1.214e+04 1.739e+02 6.001e+01
s>                ( - -6.435e+03 1 0)
s>                ( - -5.530e+03 1 0)))
s>        ( - -2.199e+04 1 0))INFO: dtree.c(1315): Comp split 40
INFO: dtree.c(1439): stop. leaf nodes are specific
INFO: dtree.c(1478): Final simple tree
|( WDBNDRY_E 0 -5.342e+05 2.200e+02 2.665e+03
|    ( - -7.937e+02 1 0)
|    ( - -5.332e+05 2 0))
s>    ( WDBNDRY_E 0 -5.342e+05 2.200e+02 2.665e+03
s>        ( - -7.937e+02 1 0)
s>        ( - -5.332e+05 2 0))INFO: dtree.c(1315): Comp split 41
INFO: dtree.c(1439): stop. leaf nodes are specific
INFO: dtree.c(1478): Final simple tree
|( QUESTION12 -1 -1.695e+04 2.516e+02 8.183e+01
|    ( - -1.249e+04 1 0)
|    ( - -4.212e+03 1 0))
s>    ( QUESTION12 -1 -1.695e+04 2.516e+02 8.183e+01
s>        ( - -1.249e+04 1 0)
s>        ( - -4.212e+03 1 0))INFO: dtree.c(1315): Comp split 42
INFO: dtree.c(1315): Comp split 43
INFO: dtree.c(1315): Comp split 44
INFO: dtree.c(1439): stop. leaf nodes are specific
INFO: dtree.c(1478): Final simple tree
|( WDBNDRY_B 0 -1.628e+04 1.936e+02 7.766e+01
|    ( QUESTION2_6_L -1 -1.658e+03 1.863e+02 8.000e+00
|        ( - -3.656e+02 1 0)
|        ( - -1.106e+03 1 0))
|    ( - -1.442e+04 1 0))
s>    ( WDBNDRY_B 0 -1.628e+04 1.936e+02 7.766e+01
s>        ( QUESTION2_6_L -1 -1.658e+03 1.863e+02 8.000e+00
s>            ( - -3.656e+02 1 0)
s>            ( - -1.106e+03 1 0))
s>        ( - -1.442e+04 1 0))INFO: dtree.c(1439): stop. leaf nodes are specific
INFO: dtree.c(1478): Final simple tree
|( QUESTION0 1 -1.847e+04 3.093e+02 8.764e+01
|    ( - -2.650e+03 1 0)
|    ( - -1.552e+04 1 0))
s>    ( QUESTION0 1 -1.847e+04 3.093e+02 8.764e+01
s>        ( - -2.650e+03 1 0)
s>        ( - -1.552e+04 1 0))INFO: dtree.c(1315): Comp split 45
INFO: dtree.c(1315): Comp split 46
INFO: dtree.c(1315): Comp split 47
INFO: dtree.c(1439): stop. leaf nodes are specific
INFO: dtree.c(1478): Final simple tree
|( QUESTION14 -1 -4.838e+04 1.602e+02 2.257e+02
|    ( - -1.692e+03 1 0)
|    ( - -4.653e+04 1 0))
s>    ( QUESTION14 -1 -4.838e+04 1.602e+02 2.257e+02
s>        ( - -1.692e+03 1 0)
s>        ( - -4.653e+04 1 0))INFO: dtree.c(1315): Comp split 48
INFO: dtree.c(1439): stop. leaf nodes are specific
INFO: dtree.c(1478): Final simple tree
|( QUESTION2_6_L -1 -1.245e+04 1.835e+02 5.732e+01
|    ( - -2.660e+03 1 0)
|    ( QUESTION0 -1 -9.604e+03 1.680e+02 4.525e+01
|        ( - -8.548e+02 1 0)
|        ( - -8.581e+03 2 0)))
s>    ( QUESTION2_6_L -1 -1.245e+04 1.835e+02 5.732e+01
s>        ( - -2.660e+03 1 0)
s>        ( QUESTION0 -1 -9.604e+03 1.680e+02 4.525e+01
s>            ( - -8.548e+02 1 0)
s>            ( - -8.581e+03 2 0)))INFO: dtree.c(1439): stop. leaf nodes are specific
INFO: dtree.c(1478): Final simple tree
|( QUESTION0 -1 -5.224e+04 2.831e+02 2.504e+02
|    ( - -4.596e+04 1 0)
|    ( WDBNDRY_E 0 -6.002e+03 2.171e+02 2.999e+01
|        ( - -4.584e+03 1 0)
|        ( - -1.201e+03 1 0)))
s>    ( QUESTION0 -1 -5.224e+04 2.831e+02 2.504e+02
s>        ( - -4.596e+04 1 0)
s>        ( WDBNDRY_E 0 -6.002e+03 2.171e+02 2.999e+01
s>            ( - -4.584e+03 1 0)
s>            ( - -1.201e+03 1 0)))INFO: dtree.c(1315): Comp split 49
INFO: dtree.c(1439): stop. leaf nodes are specific
INFO: dtree.c(1478): Final simple tree
|( WDBNDRY_E 0 -1.577e+04 2.274e+02 7.629e+01
|    ( - -1.436e+04 1 0)
|    ( - -1.177e+03 1 0))
s>    ( WDBNDRY_E 0 -1.577e+04 2.274e+02 7.629e+01
s>        ( - -1.436e+04 1 0)
s>        ( - -1.177e+03 1 0))INFO: dtree.c(1439): stop. leaf nodes are specific
INFO: dtree.c(1478): Final simple tree
|( QUESTION10 -1 -5.670e+04 3.590e+02 2.726e+02
|    ( - -4.098e+04 1 0)
|    ( - -1.536e+04 1 0))
s>    ( QUESTION10 -1 -5.670e+04 3.590e+02 2.726e+02
s>        ( - -4.098e+04 1 0)
s>        ( - -1.536e+04 1 0))INFO: dtree.c(1315): Comp split 50
INFO: dtree.c(1439): stop. leaf nodes are specific
INFO: dtree.c(1478): Final simple tree
|( WDBNDRY_E 0 -3.814e+04 2.849e+02 1.872e+02
|    ( - -3.561e+04 1 0)
|    ( - -2.247e+03 1 0))
s>    ( WDBNDRY_E 0 -3.814e+04 2.849e+02 1.872e+02
s>        ( - -3.561e+04 1 0)
s>        ( - -2.247e+03 1 0))INFO: dtree.c(1315): Comp split 51
INFO: dtree.c(1315): Comp split 52
INFO: dtree.c(1439): stop. leaf nodes are specific
INFO: dtree.c(1478): Final simple tree
|( QUESTION0_7_R 1 -1.333e+04 2.711e+02 6.601e+01
|    ( - -9.164e+02 1 0)
|    ( WDBNDRY_E 0 -1.214e+04 1.739e+02 6.001e+01
|        ( - -6.435e+03 1 0)
|        ( - -5.530e+03 1 0)))
s>    ( QUESTION0_7_R 1 -1.333e+04 2.711e+02 6.601e+01
s>        ( - -9.164e+02 1 0)
s>        ( WDBNDRY_E 0 -1.214e+04 1.739e+02 6.001e+01
s>            ( - -6.435e+03 1 0)
s>            ( - -5.530e+03 1 0)))INFO: dtree.c(1315): Comp split 53
INFO: dtree.c(1315): Comp split 54
INFO: dtree.c(1315): Comp split 55
INFO: dtree.c(1439): stop. leaf nodes are specific
INFO: dtree.c(1478): Final simple tree
|( WDBNDRY_B 0 -1.682e+05 1.620e+02 8.150e+02
|    ( - -5.803e+02 2 0)
|    ( - -1.675e+05 2 0))
s>    ( WDBNDRY_B 0 -1.682e+05 1.620e+02 8.150e+02
s>        ( - -5.803e+02 2 0)
s>        ( - -1.675e+05 2 0))INFO: dtree.c(1315): Comp split 56
INFO: dtree.c(1439): stop. leaf nodes are specific
INFO: dtree.c(1478): Final simple tree
|( QUESTION2 -1 -3.655e+04 2.051e+02 1.683e+02
|    ( - -3.203e+04 1 0)
|    ( QUESTION0_5_R 1 -4.313e+03 1.214e+02 1.983e+01
|        ( - -3.657e+03 1 0)
|        ( - -5.346e+02 1 0)))
s>    ( QUESTION2 -1 -3.655e+04 2.051e+02 1.683e+02
s>        ( - -3.203e+04 1 0)
s>        ( QUESTION0_5_R 1 -4.313e+03 1.214e+02 1.983e+01
s>            ( - -3.657e+03 1 0)
s>            ( - -5.346e+02 1 0)))INFO: dtree.c(1439): stop. leaf nodes are specific
INFO: dtree.c(1478): Final simple tree
|( QUESTION0_6_R 1 -1.144e+04 2.210e+02 5.470e+01
|    ( - -7.133e+03 2 0)
|    ( - -4.090e+03 1 0))
s>    ( QUESTION0_6_R 1 -1.144e+04 2.210e+02 5.470e+01
s>        ( - -7.133e+03 2 0)
s>        ( - -4.090e+03 1 0))INFO: dtree.c(1315): Comp split 57
INFO: dtree.c(1315): Comp split 58
INFO: dtree.c(1439): stop. leaf nodes are specific
INFO: dtree.c(1478): Final simple tree
|( WDBNDRY_E 0 -9.048e+03 2.021e+02 4.100e+01
|    ( - -2.038e+03 1 0)
|    ( - -6.808e+03 2 0))
s>    ( WDBNDRY_E 0 -9.048e+03 2.021e+02 4.100e+01
s>        ( - -2.038e+03 1 0)
s>        ( - -6.808e+03 2 0))INFO: dtree.c(1315): Comp split 59
INFO: dtree.c(1439): stop. leaf nodes are specific
INFO: dtree.c(1478): Final simple tree
|( QUESTION0 -1 -9.199e+03 1.658e+02 4.371e+01
|    ( - -5.935e+03 1 0)
|    ( - -3.099e+03 1 0))
s>    ( QUESTION0 -1 -9.199e+03 1.658e+02 4.371e+01
s>        ( - -5.935e+03 1 0)
s>        ( - -3.099e+03 1 0))INFO: dtree.c(1315): Comp split 60
INFO: dtree.c(1315): Comp split 61
INFO: dtree.c(1315): Comp split 62
INFO: dtree.c(1439): stop. leaf nodes are specific
INFO: dtree.c(1478): Final simple tree
|( WDBNDRY_E 0 -6.002e+03 2.171e+02 2.999e+01
|    ( - -4.584e+03 1 0)
|    ( - -1.201e+03 1 0))
s>    ( WDBNDRY_E 0 -6.002e+03 2.171e+02 2.999e+01
s>        ( - -4.584e+03 1 0)
s>        ( - -1.201e+03 1 0))INFO: dtree.c(1315): Comp split 63
INFO: dtree.c(1315): Comp split 64
INFO: dtree.c(1439): stop. leaf nodes are specific
INFO: dtree.c(1478): Final simple tree
|( WDBNDRY_E 0 -1.214e+04 1.739e+02 6.001e+01
|    ( - -6.435e+03 1 0)
|    ( - -5.530e+03 1 0))
s>    ( WDBNDRY_E 0 -1.214e+04 1.739e+02 6.001e+01
s>        ( - -6.435e+03 1 0)
s>        ( - -5.530e+03 1 0))INFO: dtree.c(1315): Comp split 65
INFO: dtree.c(1439): stop. leaf nodes are specific
INFO: dtree.c(1478): Final simple tree
|( WDBNDRY_B 0 -1.394e+04 2.261e+02 6.190e+01
|    ( - -3.076e+03 1 0)
|    ( QUESTION10 -1 -1.064e+04 1.680e+02 4.784e+01
|        ( - -8.926e+03 1 0)
|        ( - -1.546e+03 1 0)))
s>    ( WDBNDRY_B 0 -1.394e+04 2.261e+02 6.190e+01
s>        ( - -3.076e+03 1 0)
s>        ( QUESTION10 -1 -1.064e+04 1.680e+02 4.784e+01
s>            ( - -8.926e+03 1 0)
s>            ( - -1.546e+03 1 0)))INFO: dtree.c(1315): Comp split 66
INFO: dtree.c(1315): Comp split 67
INFO: dtree.c(1439): stop. leaf nodes are specific
INFO: dtree.c(1478): Final simple tree
|( QUESTION10 -1 -1.485e+05 2.099e+02 6.698e+02
|    ( - -6.373e+02 1 0)
|    ( - -1.477e+05 3 0))
s>    ( QUESTION10 -1 -1.485e+05 2.099e+02 6.698e+02
s>        ( - -6.373e+02 1 0)
s>        ( - -1.477e+05 3 0))INFO: dtree.c(1315): Comp split 68
INFO: dtree.c(1315): Comp split 69
INFO: dtree.c(1439): stop. leaf nodes are specific
INFO: dtree.c(1478): Final simple tree
|( QUESTION10 -1 -1.064e+04 1.680e+02 4.784e+01
|    ( - -8.926e+03 1 0)
|    ( - -1.546e+03 1 0))
s>    ( QUESTION10 -1 -1.064e+04 1.680e+02 4.784e+01
s>        ( - -8.926e+03 1 0)
s>        ( - -1.546e+03 1 0))INFO: dtree.c(1315): Comp split 70
INFO: dtree.c(1315): Comp split 71
INFO: dtree.c(1315): Comp split 72
INFO: dtree.c(1315): Comp split 73
INFO: dtree.c(1315): Comp split 74
INFO: dtree.c(1439): stop. leaf nodes are specific
INFO: dtree.c(1478): Final simple tree
|( QUESTION0_5_R 1 -4.313e+03 1.214e+02 1.983e+01
|    ( - -3.657e+03 1 0)
|    ( - -5.346e+02 1 0))
s>    ( QUESTION0_5_R 1 -4.313e+03 1.214e+02 1.983e+01
s>        ( - -3.657e+03 1 0)
s>        ( - -5.346e+02 1 0))INFO: dtree.c(1315): Comp split 75
INFO: dtree.c(1439): stop. leaf nodes are specific
INFO: dtree.c(1478): Final simple tree
|( WDBNDRY_B 0 -1.497e+04 1.766e+02 7.166e+01
|    ( - -3.656e+02 1 0)
|    ( - -1.442e+04 1 0))
s>    ( WDBNDRY_B 0 -1.497e+04 1.766e+02 7.166e+01
s>        ( - -3.656e+02 1 0)
s>        ( - -1.442e+04 1 0))INFO: dtree.c(1315): Comp split 76
INFO: dtree.c(1315): Comp split 77
INFO: dtree.c(1315): Comp split 78
INFO: dtree.c(1315): Comp split 79
INFO: dtree.c(1439): stop. leaf nodes are specific
INFO: dtree.c(1478): Final simple tree
|( QUESTION0 -1 -9.604e+03 1.680e+02 4.525e+01
|    ( - -8.548e+02 1 0)
|    ( - -8.581e+03 2 0))
s>    ( QUESTION0 -1 -9.604e+03 1.680e+02 4.525e+01
s>        ( - -8.548e+02 1 0)
s>        ( - -8.581e+03 2 0))INFO: dtree.c(1315): Comp split 80
INFO: dtree.c(1315): Comp split 81
INFO: dtree.c(1315): Comp split 82
INFO: dtree.c(1315): Comp split 83
INFO: dtree.c(1315): Comp split 84
INFO: dtree.c(1315): Comp split 85
INFO: dtree.c(1315): Comp split 86
INFO: dtree.c(1315): Comp split 87
INFO: dtree.c(1315): Comp split 88
INFO: dtree.c(1315): Comp split 89
INFO: dtree.c(1315): Comp split 90
INFO: dtree.c(1315): Comp split 91
INFO: dtree.c(1318): stop. leaf nodes are specific
Fri Jan  6 22:27:06 2023
