Current configuration:
[NAME]		[DEFLT]	[VALUE]
-allphones	no	no
-cntthresh	0.00001	1.000000e-05
-csplitmax	100	2000
-csplitmin	1	1
-csplitthr	8e-4	0.000000e+00
-example	no	no
-fullvar	no	no
-help		no	no
-meanfn			/mnt/c/users/robin/onedrive/desktop/cmu/Cebuano/model_parameters/Cebuano.cd_cont_untied/means
-mixwfn			/mnt/c/users/robin/onedrive/desktop/cmu/Cebuano/model_parameters/Cebuano.cd_cont_untied/mixture_weights
-moddeffn		/mnt/c/users/robin/onedrive/desktop/cmu/Cebuano/model_architecture/Cebuano.untied.mdef
-mwfloor	1e-4	1.000000e-08
-phone			R
-psetfn			/mnt/c/users/robin/onedrive/desktop/cmu/Cebuano/model_architecture/Cebuano.tree_questions
-ssplitmax	5	7
-ssplitmin	1	1
-ssplitthr	8e-4	0.000000e+00
-state			2
-stwt			1.0,0.05,0.0,
-treefn			/mnt/c/users/robin/onedrive/desktop/cmu/Cebuano/trees/Cebuano.unpruned/R-2.dtree
-ts2cbfn	.semi.	.cont.
-varfloor	0.00001	1.000000e-05
-varfn			/mnt/c/users/robin/onedrive/desktop/cmu/Cebuano/model_parameters/Cebuano.cd_cont_untied/variances

INFO: main.c(223): Reading: /mnt/c/users/robin/onedrive/desktop/cmu/Cebuano/model_architecture/Cebuano.untied.mdef
INFO: model_def_io.c(573): Model definition info:
INFO: model_def_io.c(574): 7744 total models defined (40 base, 7704 tri)
INFO: model_def_io.c(575): 30976 total states
INFO: model_def_io.c(576): 23232 total tied states
INFO: model_def_io.c(577): 120 total tied CI states
INFO: model_def_io.c(578): 40 total tied transition matrices
INFO: model_def_io.c(579): 4 max state/model
INFO: model_def_io.c(580): 4 min state/model
INFO: main.c(242): Building trees for [R AA AA b] through [R Z EH b]
INFO: main.c(268): Covering states |[18612 19304]| == 693
INFO: main.c(275): Reading: /mnt/c/users/robin/onedrive/desktop/cmu/Cebuano/model_parameters/Cebuano.cd_cont_untied/mixture_weights
INFO: s3mixw_io.c(172): Read /mnt/c/users/robin/onedrive/desktop/cmu/Cebuano/model_parameters/Cebuano.cd_cont_untied/mixture_weights [693x1x1 array]
INFO: main.c(311): 225 of 231 models have observation count greater than 0.000010
INFO: main.c(95): nrm stwt: 0.000 0.048 0.952 
INFO: s3gau_io.c(168): Read /mnt/c/users/robin/onedrive/desktop/cmu/Cebuano/model_parameters/Cebuano.cd_cont_untied/means [23232x1x1 array]
INFO: s3gau_io.c(168): Read /mnt/c/users/robin/onedrive/desktop/cmu/Cebuano/model_parameters/Cebuano.cd_cont_untied/variances [23232x1x1 array]
INFO: main.c(549): Reading: /mnt/c/users/robin/onedrive/desktop/cmu/Cebuano/model_architecture/Cebuano.tree_questions
INFO: main.c(587): 180 total simple questions (172 phone; 8 word bndry)
INFO: main.c(589): 42 Left Only questions, and 42 Right Only questions
INFO: dtree.c(1478): Final simple tree
|( QUESTION0_8_R 1 -3.031e+06 1.921e+04 1.362e+04
|    ( QUESTION14 1 -1.812e+06 7.142e+03 8.130e+03
|        ( QUESTION9 -1 -3.924e+05 2.879e+03 1.783e+03
|            ( - -2.538e+05 23 0 QUESTION0_9_R 1 1.679e+03 1.174e+03)
|            ( - -1.357e+05 22 0 QUESTION0_9_R 1 8.347e+02 6.088e+02))
|        ( QUESTION18 1 -1.413e+06 3.000e+03 6.347e+03
|            ( - -1.745e+05 25 0 WDBNDRY_B 0 9.145e+02 7.890e+02)
|            ( QUESTION0_16_R 1 -1.235e+06 2.680e+03 5.558e+03
|                ( - -1.021e+05 13 0 QUESTION1 -1 7.967e+02 4.734e+02)
|                ( - -1.130e+06 77 0 QUESTION2_19_L -1 1.833e+03 5.085e+03))))
|    ( SILENCE 1 -1.199e+06 8.789e+03 5.492e+03
|        ( - -3.563e+05 4 0 QUESTION0 -1 5.788e+02 1.737e+03)
|        ( QUESTION2_19_L -1 -8.340e+05 5.144e+03 3.755e+03
|            ( - -6.390e+05 48 0 QUESTION0_4_R 1 2.063e+03 2.845e+03)
|            ( - -1.898e+05 13 0 QUESTION0 -1 2.216e+03 9.099e+02))))
s>    ( QUESTION0_8_R 1 -3.031e+06 1.921e+04 1.362e+04
s>        ( QUESTION14 1 -1.812e+06 7.142e+03 8.130e+03
s>            ( QUESTION9 -1 -3.924e+05 2.879e+03 1.783e+03
s>                ( - -2.538e+05 23 0 QUESTION0_9_R 1 1.679e+03 1.174e+03)
s>                ( - -1.357e+05 22 0 QUESTION0_9_R 1 8.347e+02 6.088e+02))
s>            ( QUESTION18 1 -1.413e+06 3.000e+03 6.347e+03
s>                ( - -1.745e+05 25 0 WDBNDRY_B 0 9.145e+02 7.890e+02)
s>                ( QUESTION0_16_R 1 -1.235e+06 2.680e+03 5.558e+03
s>                    ( - -1.021e+05 13 0 QUESTION1 -1 7.967e+02 4.734e+02)
s>                    ( - -1.130e+06 77 0 QUESTION2_19_L -1 1.833e+03 5.085e+03))))
s>        ( SILENCE 1 -1.199e+06 8.789e+03 5.492e+03
s>            ( - -3.563e+05 4 0 QUESTION0 -1 5.788e+02 1.737e+03)
s>            ( QUESTION2_19_L -1 -8.340e+05 5.144e+03 3.755e+03
s>                ( - -6.390e+05 48 0 QUESTION0_4_R 1 2.063e+03 2.845e+03)
s>                ( - -1.898e+05 13 0 QUESTION0 -1 2.216e+03 9.099e+02))))INFO: dtree.c(1315): Comp split 0
INFO: dtree.c(1478): Final simple tree
|( SILENCE 1 -1.443e+06 8.874e+03 6.574e+03
|    ( - -3.563e+05 4 0 QUESTION0 -1 5.788e+02 1.737e+03)
|    ( QUESTION2_19_L -1 -1.078e+06 4.994e+03 4.837e+03
|        ( QUESTION0_2_R 1 -8.126e+05 4.095e+03 3.613e+03
|            ( QUESTION0_3_R 1 -4.956e+05 1.942e+03 2.209e+03
|                ( - -3.776e+05 18 0 WDBNDRY_E 0 1.517e+03 1.681e+03)
|                ( WDBNDRY_E 0 -1.161e+05 2.439e+03 5.282e+02
|                    ( - -5.156e+04 3 0 QUESTION0_6_R 1 2.202e+02 2.513e+02)
|                    ( - -6.212e+04 6 0 QUESTION0_6_R 1 3.139e+02 2.768e+02)))
|            ( QUESTION0_9_R 1 -3.128e+05 1.938e+03 1.404e+03
|                ( - -7.501e+04 10 0 WDBNDRY_B 0 1.123e+02 3.407e+02)
|                ( - -2.359e+05 29 0 QUESTION0_0_R 1 1.159e+03 1.063e+03)))
|        ( QUESTION4 1 -2.606e+05 2.179e+03 1.224e+03
|            ( - -8.327e+04 3 0 WDBNDRY_B 0 6.615e+02 4.167e+02)
|            ( - -1.751e+05 27 0 WDBNDRY_E 0 1.706e+03 8.069e+02))))
s>    ( SILENCE 1 -1.443e+06 8.874e+03 6.574e+03
s>        ( - -3.563e+05 4 0 QUESTION0 -1 5.788e+02 1.737e+03)
s>        ( QUESTION2_19_L -1 -1.078e+06 4.994e+03 4.837e+03
s>            ( QUESTION0_2_R 1 -8.126e+05 4.095e+03 3.613e+03
s>                ( QUESTION0_3_R 1 -4.956e+05 1.942e+03 2.209e+03
s>                    ( - -3.776e+05 18 0 WDBNDRY_E 0 1.517e+03 1.681e+03)
s>                    ( WDBNDRY_E 0 -1.161e+05 2.439e+03 5.282e+02
s>                        ( - -5.156e+04 3 0 QUESTION0_6_R 1 2.202e+02 2.513e+02)
s>                        ( - -6.212e+04 6 0 QUESTION0_6_R 1 3.139e+02 2.768e+02)))
s>                ( QUESTION0_9_R 1 -3.128e+05 1.938e+03 1.404e+03
s>                    ( - -7.501e+04 10 0 WDBNDRY_B 0 1.123e+02 3.407e+02)
s>                    ( - -2.359e+05 29 0 QUESTION0_0_R 1 1.159e+03 1.063e+03)))
s>            ( QUESTION4 1 -2.606e+05 2.179e+03 1.224e+03
s>                ( - -8.327e+04 3 0 WDBNDRY_B 0 6.615e+02 4.167e+02)
s>                ( - -1.751e+05 27 0 WDBNDRY_E 0 1.706e+03 8.069e+02))))INFO: dtree.c(1478): Final simple tree
|( QUESTION0_10_R 1 -1.568e+06 6.124e+03 7.047e+03
|    ( QUESTION2_10_L -1 -2.201e+05 1.182e+03 1.032e+03
|        ( - -1.515e+05 6 0 WDBNDRY_B 0 2.884e+02 7.232e+02)
|        ( - -6.734e+04 11 0 QUESTION14 1 6.007e+02 3.084e+02))
|    ( QUESTION18 1 -1.342e+06 2.858e+03 6.016e+03
|        ( - -1.745e+05 25 0 WDBNDRY_B 0 9.145e+02 7.890e+02)
|        ( QUESTION2_19_L -1 -1.164e+06 2.220e+03 5.227e+03
|            ( QUESTION0 -1 -7.595e+05 1.551e+03 3.413e+03
|                ( - -7.159e+05 21 0 WDBNDRY_I 0 7.307e+02 3.218e+03)
|                ( - -4.206e+04 1 0))
|            ( QUESTION14 -1 -4.025e+05 1.291e+03 1.814e+03
|                ( - -1.014e+05 10 0 QUESTION2_15_L -1 1.139e+03 4.650e+02)
|                ( QUESTION0_16_R 1 -2.998e+05 1.337e+03 1.349e+03
|                    ( - -3.229e+04 7 0 QUESTION10 -1 2.304e+02 1.437e+02)
|                    ( - -2.661e+05 44 0 QUESTION2_10_L -1 1.078e+03 1.205e+03))))))
s>    ( QUESTION0_10_R 1 -1.568e+06 6.124e+03 7.047e+03
s>        ( QUESTION2_10_L -1 -2.201e+05 1.182e+03 1.032e+03
s>            ( - -1.515e+05 6 0 WDBNDRY_B 0 2.884e+02 7.232e+02)
s>            ( - -6.734e+04 11 0 QUESTION14 1 6.007e+02 3.084e+02))
s>        ( QUESTION18 1 -1.342e+06 2.858e+03 6.016e+03
s>            ( - -1.745e+05 25 0 WDBNDRY_B 0 9.145e+02 7.890e+02)
s>            ( QUESTION2_19_L -1 -1.164e+06 2.220e+03 5.227e+03
s>                ( QUESTION0 -1 -7.595e+05 1.551e+03 3.413e+03
s>                    ( - -7.159e+05 21 0 WDBNDRY_I 0 7.307e+02 3.218e+03)
s>                    ( - -4.206e+04 1 0))
s>                ( QUESTION14 -1 -4.025e+05 1.291e+03 1.814e+03
s>                    ( - -1.014e+05 10 0 QUESTION2_15_L -1 1.139e+03 4.650e+02)
s>                    ( QUESTION0_16_R 1 -2.998e+05 1.337e+03 1.349e+03
s>                        ( - -3.229e+04 7 0 QUESTION10 -1 2.304e+02 1.437e+02)
s>                        ( - -2.661e+05 44 0 QUESTION2_10_L -1 1.078e+03 1.205e+03))))))INFO: dtree.c(1315): Comp split 1
INFO: dtree.c(1478): Final simple tree
|( QUESTION0_2_R 1 -9.906e+05 4.813e+03 4.420e+03
|    ( WDBNDRY_E 0 -5.572e+05 2.909e+03 2.496e+03
|        ( QUESTION2_18_L -1 -1.695e+05 1.679e+03 7.963e+02
|            ( - -5.253e+04 2 0 QUESTION0_3_R 1 6.433e+02 2.593e+02)
|            ( QUESTION0_3_R 1 -1.153e+05 1.552e+03 5.371e+02
|                ( - -5.686e+04 6 0)
|                ( - -5.689e+04 4 0 QUESTION0 -1 6.621e+02 2.735e+02)))
|        ( QUESTION2 1 -3.848e+05 2.362e+03 1.699e+03
|            ( - -6.494e+04 7 0 QUESTION0_6_R 1 2.683e+02 2.888e+02)
|            ( - -3.175e+05 12 0 QUESTION0 -1 1.268e+02 1.411e+03)))
|    ( QUESTION14 1 -4.286e+05 2.716e+03 1.924e+03
|        ( - -1.357e+05 22 0 QUESTION0_9_R 1 8.347e+02 6.088e+02)
|        ( QUESTION0 1 -2.902e+05 1.589e+03 1.316e+03
|            ( - -1.009e+05 12 0 QUESTION1 -1 8.036e+02 4.684e+02)
|            ( - -1.877e+05 28 0 QUESTION2_19_L -1 8.065e+02 8.472e+02))))
s>    ( QUESTION0_2_R 1 -9.906e+05 4.813e+03 4.420e+03
s>        ( WDBNDRY_E 0 -5.572e+05 2.909e+03 2.496e+03
s>            ( QUESTION2_18_L -1 -1.695e+05 1.679e+03 7.963e+02
s>                ( - -5.253e+04 2 0 QUESTION0_3_R 1 6.433e+02 2.593e+02)
s>                ( QUESTION0_3_R 1 -1.153e+05 1.552e+03 5.371e+02
s>                    ( - -5.686e+04 6 0)
s>                    ( - -5.689e+04 4 0 QUESTION0 -1 6.621e+02 2.735e+02)))
s>            ( QUESTION2 1 -3.848e+05 2.362e+03 1.699e+03
s>                ( - -6.494e+04 7 0 QUESTION0_6_R 1 2.683e+02 2.888e+02)
s>                ( - -3.175e+05 12 0 QUESTION0 -1 1.268e+02 1.411e+03)))
s>        ( QUESTION14 1 -4.286e+05 2.716e+03 1.924e+03
s>            ( - -1.357e+05 22 0 QUESTION0_9_R 1 8.347e+02 6.088e+02)
s>            ( QUESTION0 1 -2.902e+05 1.589e+03 1.316e+03
s>                ( - -1.009e+05 12 0 QUESTION1 -1 8.036e+02 4.684e+02)
s>                ( - -1.877e+05 28 0 QUESTION2_19_L -1 8.065e+02 8.472e+02))))INFO: dtree.c(1439): stop. leaf nodes are specific
INFO: dtree.c(1478): Final simple tree
|( WDBNDRY_E 0 -4.423e+05 2.717e+03 2.154e+03
|    ( QUESTION0 -1 -3.563e+05 5.788e+02 1.737e+03
|        ( - -3.501e+05 3 0)
|        ( - -5.646e+03 1 0))
|    ( WDBNDRY_B 0 -8.327e+04 6.615e+02 4.167e+02
|        ( - -7.735e+03 1 0)
|        ( QUESTION10 -1 -7.487e+04 3.835e+02 3.777e+02
|            ( - -7.287e+04 1 0)
|            ( - -1.619e+03 1 0))))
s>    ( WDBNDRY_E 0 -4.423e+05 2.717e+03 2.154e+03
s>        ( QUESTION0 -1 -3.563e+05 5.788e+02 1.737e+03
s>            ( - -3.501e+05 3 0)
s>            ( - -5.646e+03 1 0))
s>        ( WDBNDRY_B 0 -8.327e+04 6.615e+02 4.167e+02
s>            ( - -7.735e+03 1 0)
s>            ( QUESTION10 -1 -7.487e+04 3.835e+02 3.777e+02
s>                ( - -7.287e+04 1 0)
s>                ( - -1.619e+03 1 0))))INFO: dtree.c(1315): Comp split 2
INFO: dtree.c(1478): Final simple tree
|( QUESTION0_9_R 1 -2.539e+05 1.532e+03 1.175e+03
|    ( QUESTION2_10_L -1 -2.201e+05 1.182e+03 1.032e+03
|        ( WDBNDRY_B 0 -1.515e+05 2.884e+02 7.232e+02
|            ( - -4.064e+02 1 0)
|            ( - -1.508e+05 5 0))
|        ( QUESTION14 1 -6.734e+04 6.007e+02 3.084e+02
|            ( QUESTION13 -1 -5.456e+04 6.737e+02 2.501e+02
|                ( QUESTION14 -1 -2.595e+04 2.757e+02 1.196e+02
|                    ( - -2.189e+04 3 0 QUESTION2_15_L -1 2.466e+02 1.021e+02)
|                    ( - -3.785e+03 1 0))
|                ( - -2.794e+04 4 0 WDBNDRY_B 0 2.093e+02 1.305e+02))
|            ( WDBNDRY_E 0 -1.218e+04 3.499e+02 5.829e+01
|                ( - -1.065e+04 2 0 QUESTION0 -1 2.569e+02 5.129e+01)
|                ( - -1.177e+03 1 0))))
|    ( - -3.229e+04 7 0 QUESTION10 -1 2.304e+02 1.437e+02))
s>    ( QUESTION0_9_R 1 -2.539e+05 1.532e+03 1.175e+03
s>        ( QUESTION2_10_L -1 -2.201e+05 1.182e+03 1.032e+03
s>            ( WDBNDRY_B 0 -1.515e+05 2.884e+02 7.232e+02
s>                ( - -4.064e+02 1 0)
s>                ( - -1.508e+05 5 0))
s>            ( QUESTION14 1 -6.734e+04 6.007e+02 3.084e+02
s>                ( QUESTION13 -1 -5.456e+04 6.737e+02 2.501e+02
s>                    ( QUESTION14 -1 -2.595e+04 2.757e+02 1.196e+02
s>                        ( - -2.189e+04 3 0 QUESTION2_15_L -1 2.466e+02 1.021e+02)
s>                        ( - -3.785e+03 1 0))
s>                    ( - -2.794e+04 4 0 WDBNDRY_B 0 2.093e+02 1.305e+02))
s>                ( WDBNDRY_E 0 -1.218e+04 3.499e+02 5.829e+01
s>                    ( - -1.065e+04 2 0 QUESTION0 -1 2.569e+02 5.129e+01)
s>                    ( - -1.177e+03 1 0))))
s>        ( - -3.229e+04 7 0 QUESTION10 -1 2.304e+02 1.437e+02))INFO: dtree.c(1478): Final simple tree
|( QUESTION0_14_R 1 -1.308e+06 2.865e+03 5.872e+03
|    ( QUESTION2_19_L -1 -1.082e+06 1.904e+03 4.867e+03
|        ( QUESTION0 -1 -7.454e+05 1.529e+03 3.350e+03
|            ( - -7.018e+05 19 0 WDBNDRY_I 0 7.283e+02 3.156e+03)
|            ( - -4.206e+04 1 0))
|        ( QUESTION14 -1 -3.348e+05 1.348e+03 1.517e+03
|            ( QUESTION2_15_L -1 -8.365e+04 1.244e+03 3.846e+02
|                ( - -2.709e+04 1 0)
|                ( - -5.532e+04 6 0 WDBNDRY_B 0 1.720e+02 2.586e+02))
|            ( QUESTION2_10_L -1 -2.498e+05 1.088e+03 1.132e+03
|                ( - -1.301e+05 11 0 WDBNDRY_B 0 1.031e+02 6.015e+02)
|                ( - -1.187e+05 28 0 QUESTION5 -1 7.494e+02 5.308e+02))))
|    ( WDBNDRY_I 0 -2.226e+05 9.963e+02 1.005e+03
|        ( - -1.508e+05 23 0 QUESTION0_9_R 1 5.238e+02 6.820e+02)
|        ( - -7.083e+04 12 0 QUESTION1 -1 1.215e+03 3.229e+02)))
s>    ( QUESTION0_14_R 1 -1.308e+06 2.865e+03 5.872e+03
s>        ( QUESTION2_19_L -1 -1.082e+06 1.904e+03 4.867e+03
s>            ( QUESTION0 -1 -7.454e+05 1.529e+03 3.350e+03
s>                ( - -7.018e+05 19 0 WDBNDRY_I 0 7.283e+02 3.156e+03)
s>                ( - -4.206e+04 1 0))
s>            ( QUESTION14 -1 -3.348e+05 1.348e+03 1.517e+03
s>                ( QUESTION2_15_L -1 -8.365e+04 1.244e+03 3.846e+02
s>                    ( - -2.709e+04 1 0)
s>                    ( - -5.532e+04 6 0 WDBNDRY_B 0 1.720e+02 2.586e+02))
s>                ( QUESTION2_10_L -1 -2.498e+05 1.088e+03 1.132e+03
s>                    ( - -1.301e+05 11 0 WDBNDRY_B 0 1.031e+02 6.015e+02)
s>                    ( - -1.187e+05 28 0 QUESTION5 -1 7.494e+02 5.308e+02))))
s>        ( WDBNDRY_I 0 -2.226e+05 9.963e+02 1.005e+03
s>            ( - -1.508e+05 23 0 QUESTION0_9_R 1 5.238e+02 6.820e+02)
s>            ( - -7.083e+04 12 0 QUESTION1 -1 1.215e+03 3.229e+02)))INFO: dtree.c(1315): Comp split 3
INFO: dtree.c(1439): stop. leaf nodes are specific
INFO: dtree.c(1478): Final simple tree
|( QUESTION2 1 -3.848e+05 2.362e+03 1.699e+03
|    ( QUESTION0_6_R 1 -6.494e+04 2.683e+02 2.888e+02
|        ( - -5.621e+04 2 0)
|        ( QUESTION0_3_R 1 -8.466e+03 1.968e+02 3.900e+01
|            ( - -2.677e+03 1 0)
|            ( QUESTION0_5_R 1 -5.592e+03 1.593e+02 2.700e+01
|                ( - -1.325e+03 1 0)
|                ( - -4.108e+03 3 0))))
|    ( QUESTION0 -1 -3.175e+05 1.268e+02 1.411e+03
|        ( - -3.163e+05 11 0)
|        ( - -1.035e+03 1 0)))
s>    ( QUESTION2 1 -3.848e+05 2.362e+03 1.699e+03
s>        ( QUESTION0_6_R 1 -6.494e+04 2.683e+02 2.888e+02
s>            ( - -5.621e+04 2 0)
s>            ( QUESTION0_3_R 1 -8.466e+03 1.968e+02 3.900e+01
s>                ( - -2.677e+03 1 0)
s>                ( QUESTION0_5_R 1 -5.592e+03 1.593e+02 2.700e+01
s>                    ( - -1.325e+03 1 0)
s>                    ( - -4.108e+03 3 0))))
s>        ( QUESTION0 -1 -3.175e+05 1.268e+02 1.411e+03
s>            ( - -3.163e+05 11 0)
s>            ( - -1.035e+03 1 0)))INFO: dtree.c(1478): Final simple tree
|( QUESTION14 1 -6.004e+05 3.413e+03 2.721e+03
|    ( - -1.357e+05 22 0 QUESTION0_9_R 1 8.347e+02 6.088e+02)
|    ( QUESTION0_4_R 1 -4.613e+05 2.333e+03 2.112e+03
|        ( - -8.647e+04 5 0 QUESTION2_18_L -1 8.710e+02 4.192e+02)
|        ( QUESTION2_19_L -1 -3.725e+05 1.707e+03 1.693e+03
|            ( QUESTION10 1 -2.553e+05 1.131e+03 1.156e+03
|                ( WDBNDRY_E 0 -1.086e+05 8.997e+02 4.920e+02
|                    ( - -7.395e+04 10 0 QUESTION0_1_R 1 3.340e+02 3.417e+02)
|                    ( - -3.379e+04 8 0))
|                ( QUESTION0 1 -1.455e+05 9.312e+02 6.639e+02
|                    ( - -5.378e+04 3 0 WDBNDRY_B 0 1.176e+02 2.519e+02)
|                    ( - -9.082e+04 10 0 WDBNDRY_E 0 3.728e+02 4.120e+02)))
|            ( QUESTION0 -1 -1.155e+05 9.411e+02 5.369e+02
|                ( - -3.984e+04 4 0 QUESTION0_1_R 1 4.232e+02 1.930e+02)
|                ( - -7.470e+04 12 0 QUESTION0_0_R 1 7.469e+02 3.439e+02)))))
s>    ( QUESTION14 1 -6.004e+05 3.413e+03 2.721e+03
s>        ( - -1.357e+05 22 0 QUESTION0_9_R 1 8.347e+02 6.088e+02)
s>        ( QUESTION0_4_R 1 -4.613e+05 2.333e+03 2.112e+03
s>            ( - -8.647e+04 5 0 QUESTION2_18_L -1 8.710e+02 4.192e+02)
s>            ( QUESTION2_19_L -1 -3.725e+05 1.707e+03 1.693e+03
s>                ( QUESTION10 1 -2.553e+05 1.131e+03 1.156e+03
s>                    ( WDBNDRY_E 0 -1.086e+05 8.997e+02 4.920e+02
s>                        ( - -7.395e+04 10 0 QUESTION0_1_R 1 3.340e+02 3.417e+02)
s>                        ( - -3.379e+04 8 0))
s>                    ( QUESTION0 1 -1.455e+05 9.312e+02 6.639e+02
s>                        ( - -5.378e+04 3 0 WDBNDRY_B 0 1.176e+02 2.519e+02)
s>                        ( - -9.082e+04 10 0 WDBNDRY_E 0 3.728e+02 4.120e+02)))
s>                ( QUESTION0 -1 -1.155e+05 9.411e+02 5.369e+02
s>                    ( - -3.984e+04 4 0 QUESTION0_1_R 1 4.232e+02 1.930e+02)
s>                    ( - -7.470e+04 12 0 QUESTION0_0_R 1 7.469e+02 3.439e+02)))))INFO: dtree.c(1315): Comp split 4
INFO: dtree.c(1439): stop. leaf nodes are specific
INFO: dtree.c(1478): Final simple tree
|( QUESTION2_13_L -1 -1.272e+05 9.143e+02 6.122e+02
|    ( QUESTION0_4_R 1 -7.471e+04 6.130e+02 3.609e+02
|        ( QUESTION0 -1 -3.426e+04 8.797e+02 1.679e+02
|            ( - -2.871e+04 1 0)
|            ( - -4.663e+03 1 0))
|        ( QUESTION0_1_R 1 -3.984e+04 4.232e+02 1.930e+02
|            ( QUESTION10 1 -1.625e+04 3.086e+02 7.948e+01
|                ( - -1.113e+04 2 0)
|                ( - -4.809e+03 1 0))
|            ( - -2.317e+04 1 0)))
|    ( QUESTION0_6_R 1 -5.156e+04 2.202e+02 2.513e+02
|        ( - -5.107e+04 2 0)
|        ( - -2.759e+02 1 0)))
s>    ( QUESTION2_13_L -1 -1.272e+05 9.143e+02 6.122e+02
s>        ( QUESTION0_4_R 1 -7.471e+04 6.130e+02 3.609e+02
s>            ( QUESTION0 -1 -3.426e+04 8.797e+02 1.679e+02
s>                ( - -2.871e+04 1 0)
s>                ( - -4.663e+03 1 0))
s>            ( QUESTION0_1_R 1 -3.984e+04 4.232e+02 1.930e+02
s>                ( QUESTION10 1 -1.625e+04 3.086e+02 7.948e+01
s>                    ( - -1.113e+04 2 0)
s>                    ( - -4.809e+03 1 0))
s>                ( - -2.317e+04 1 0)))
s>        ( QUESTION0_6_R 1 -5.156e+04 2.202e+02 2.513e+02
s>            ( - -5.107e+04 2 0)
s>            ( - -2.759e+02 1 0)))INFO: dtree.c(1478): Final simple tree
|( QUESTION14 1 -4.694e+05 2.455e+03 2.109e+03
|    ( QUESTION0_9_R 1 -1.357e+05 8.347e+02 6.088e+02
|        ( - -9.357e+04 15 0 QUESTION2_0_L -1 2.953e+02 4.228e+02)
|        ( - -4.125e+04 7 0 WDBNDRY_I 0 4.106e+02 1.861e+02))
|    ( QUESTION0 1 -3.313e+05 1.605e+03 1.500e+03
|        ( QUESTION1 -1 -1.009e+05 8.036e+02 4.684e+02
|            ( - -4.438e+04 8 0 QUESTION2 -1 4.774e+02 2.077e+02)
|            ( - -5.572e+04 4 0 SILENCE -1 1.976e+02 2.608e+02))
|        ( QUESTION0_2_R 1 -2.288e+05 1.134e+03 1.031e+03
|            ( - -5.686e+04 6 0)
|            ( QUESTION0 -1 -1.708e+05 6.454e+02 7.677e+02
|                ( QUESTION10 1 -1.425e+05 6.743e+02 6.404e+02
|                    ( - -5.101e+04 12 0 WDBNDRY_E 0 4.673e+02 2.284e+02)
|                    ( - -9.082e+04 10 0 WDBNDRY_E 0 3.728e+02 4.120e+02))
|                ( - -2.761e+04 3 0 WDBNDRY_E 0 2.943e+02 1.273e+02)))))
s>    ( QUESTION14 1 -4.694e+05 2.455e+03 2.109e+03
s>        ( QUESTION0_9_R 1 -1.357e+05 8.347e+02 6.088e+02
s>            ( - -9.357e+04 15 0 QUESTION2_0_L -1 2.953e+02 4.228e+02)
s>            ( - -4.125e+04 7 0 WDBNDRY_I 0 4.106e+02 1.861e+02))
s>        ( QUESTION0 1 -3.313e+05 1.605e+03 1.500e+03
s>            ( QUESTION1 -1 -1.009e+05 8.036e+02 4.684e+02
s>                ( - -4.438e+04 8 0 QUESTION2 -1 4.774e+02 2.077e+02)
s>                ( - -5.572e+04 4 0 SILENCE -1 1.976e+02 2.608e+02))
s>            ( QUESTION0_2_R 1 -2.288e+05 1.134e+03 1.031e+03
s>                ( - -5.686e+04 6 0)
s>                ( QUESTION0 -1 -1.708e+05 6.454e+02 7.677e+02
s>                    ( QUESTION10 1 -1.425e+05 6.743e+02 6.404e+02
s>                        ( - -5.101e+04 12 0 WDBNDRY_E 0 4.673e+02 2.284e+02)
s>                        ( - -9.082e+04 10 0 WDBNDRY_E 0 3.728e+02 4.120e+02))
s>                    ( - -2.761e+04 3 0 WDBNDRY_E 0 2.943e+02 1.273e+02)))))INFO: dtree.c(1315): Comp split 5
INFO: dtree.c(1478): Final simple tree
|( QUESTION16 -1 -3.210e+05 1.317e+03 1.453e+03
|    ( - -5.871e+04 5 0 QUESTION19 -1 3.536e+02 2.702e+02)
|    ( QUESTION5 -1 -2.610e+05 1.043e+03 1.183e+03
|        ( - -1.497e+04 2 0)
|        ( QUESTION2_18_L -1 -2.450e+05 9.310e+02 1.116e+03
|            ( - -1.730e+04 1 0)
|            ( QUESTION14 -1 -2.268e+05 6.492e+02 1.034e+03
|                ( - -2.709e+04 1 0)
|                ( QUESTION2_10_L -1 -1.990e+05 5.399e+02 9.078e+02
|                    ( - -1.301e+05 11 0 WDBNDRY_B 0 1.031e+02 6.015e+02)
|                    ( SILENCE -1 -6.841e+04 4.318e+02 3.063e+02
|                        ( - -6.593e+03 1 0)
|                        ( QUESTION2 -1 -6.139e+04 4.236e+02 2.738e+02
|                            ( - -2.767e+03 1 0)
|                            ( - -5.820e+04 19 0 QUESTION13 -1 4.071e+02 2.584e+02))))))))
s>    ( QUESTION16 -1 -3.210e+05 1.317e+03 1.453e+03
s>        ( - -5.871e+04 5 0 QUESTION19 -1 3.536e+02 2.702e+02)
s>        ( QUESTION5 -1 -2.610e+05 1.043e+03 1.183e+03
s>            ( - -1.497e+04 2 0)
s>            ( QUESTION2_18_L -1 -2.450e+05 9.310e+02 1.116e+03
s>                ( - -1.730e+04 1 0)
s>                ( QUESTION14 -1 -2.268e+05 6.492e+02 1.034e+03
s>                    ( - -2.709e+04 1 0)
s>                    ( QUESTION2_10_L -1 -1.990e+05 5.399e+02 9.078e+02
s>                        ( - -1.301e+05 11 0 WDBNDRY_B 0 1.031e+02 6.015e+02)
s>                        ( SILENCE -1 -6.841e+04 4.318e+02 3.063e+02
s>                            ( - -6.593e+03 1 0)
s>                            ( QUESTION2 -1 -6.139e+04 4.236e+02 2.738e+02
s>                                ( - -2.767e+03 1 0)
s>                                ( - -5.820e+04 19 0 QUESTION13 -1 4.071e+02 2.584e+02))))))))INFO: dtree.c(1478): Final simple tree
|( QUESTION0_9_R 1 -9.829e+05 2.167e+03 4.419e+03
|    ( WDBNDRY_B 0 -1.707e+05 9.105e+02 7.711e+02
|        ( QUESTION1 -1 -5.027e+04 1.141e+03 2.294e+02
|            ( - -1.587e+04 3 0 QUESTION14 -1 1.972e+02 7.465e+01)
|            ( - -3.326e+04 4 0 QUESTION2_0_L -1 3.228e+02 1.548e+02))
|        ( - -1.195e+05 16 0 QUESTION2_9_L -1 5.274e+02 5.416e+02))
|    ( WDBNDRY_I 0 -8.100e+05 1.269e+03 3.648e+03
|        ( QUESTION0_14_R 1 -6.916e+05 5.867e+02 3.108e+03
|            ( - -6.603e+05 13 0 QUESTION0 -1 1.572e+02 2.967e+03)
|            ( - -3.072e+04 7 0 QUESTION0 -1 3.371e+02 1.404e+02))
|        ( WDBNDRY_B 0 -1.172e+05 6.483e+02 5.405e+02
|            ( QUESTION0 -1 -1.002e+05 5.820e+02 4.616e+02
|                ( - -3.794e+04 8 0 QUESTION0_14_R 1 2.751e+02 1.753e+02)
|                ( - -6.168e+04 6 0 QUESTION0_16_R 1 3.998e+02 2.864e+02))
|            ( - -1.632e+04 3 0 QUESTION0_16_R 1 3.384e+02 7.892e+01))))
s>    ( QUESTION0_9_R 1 -9.829e+05 2.167e+03 4.419e+03
s>        ( WDBNDRY_B 0 -1.707e+05 9.105e+02 7.711e+02
s>            ( QUESTION1 -1 -5.027e+04 1.141e+03 2.294e+02
s>                ( - -1.587e+04 3 0 QUESTION14 -1 1.972e+02 7.465e+01)
s>                ( - -3.326e+04 4 0 QUESTION2_0_L -1 3.228e+02 1.548e+02))
s>            ( - -1.195e+05 16 0 QUESTION2_9_L -1 5.274e+02 5.416e+02))
s>        ( WDBNDRY_I 0 -8.100e+05 1.269e+03 3.648e+03
s>            ( QUESTION0_14_R 1 -6.916e+05 5.867e+02 3.108e+03
s>                ( - -6.603e+05 13 0 QUESTION0 -1 1.572e+02 2.967e+03)
s>                ( - -3.072e+04 7 0 QUESTION0 -1 3.371e+02 1.404e+02))
s>            ( WDBNDRY_B 0 -1.172e+05 6.483e+02 5.405e+02
s>                ( QUESTION0 -1 -1.002e+05 5.820e+02 4.616e+02
s>                    ( - -3.794e+04 8 0 QUESTION0_14_R 1 2.751e+02 1.753e+02)
s>                    ( - -6.168e+04 6 0 QUESTION0_16_R 1 3.998e+02 2.864e+02))
s>                ( - -1.632e+04 3 0 QUESTION0_16_R 1 3.384e+02 7.892e+01))))INFO: dtree.c(1315): Comp split 6
INFO: dtree.c(1478): Final simple tree
|( QUESTION0_9_R 1 -2.474e+05 1.064e+03 1.123e+03
|    ( WDBNDRY_B 0 -1.536e+05 8.460e+02 6.964e+02
|        ( QUESTION2_0_L -1 -3.326e+04 3.228e+02 1.548e+02
|            ( - -2.161e+04 2 0)
|            ( - -1.133e+04 2 0 SILENCE -1 1.413e+02 5.256e+01))
|        ( QUESTION2_9_L -1 -1.195e+05 5.274e+02 5.416e+02
|            ( - -4.514e+04 5 0 QUESTION2_10_L -1 1.179e+02 2.035e+02)
|            ( QUESTION0_12_R 1 -7.386e+04 4.310e+02 3.381e+02
|                ( - -3.762e+03 1 0)
|                ( - -6.967e+04 10 0 QUESTION2_12_L -1 2.755e+02 3.211e+02))))
|    ( QUESTION0_14_R 1 -9.275e+04 4.500e+02 4.268e+02
|        ( - -5.318e+04 4 0)
|        ( QUESTION0_16_R 1 -3.912e+04 3.398e+02 1.781e+02
|            ( - -2.841e+03 1 0)
|            ( - -3.594e+04 8 0 QUESTION0 -1 3.148e+02 1.641e+02))))
s>    ( QUESTION0_9_R 1 -2.474e+05 1.064e+03 1.123e+03
s>        ( WDBNDRY_B 0 -1.536e+05 8.460e+02 6.964e+02
s>            ( QUESTION2_0_L -1 -3.326e+04 3.228e+02 1.548e+02
s>                ( - -2.161e+04 2 0)
s>                ( - -1.133e+04 2 0 SILENCE -1 1.413e+02 5.256e+01))
s>            ( QUESTION2_9_L -1 -1.195e+05 5.274e+02 5.416e+02
s>                ( - -4.514e+04 5 0 QUESTION2_10_L -1 1.179e+02 2.035e+02)
s>                ( QUESTION0_12_R 1 -7.386e+04 4.310e+02 3.381e+02
s>                    ( - -3.762e+03 1 0)
s>                    ( - -6.967e+04 10 0 QUESTION2_12_L -1 2.755e+02 3.211e+02))))
s>        ( QUESTION0_14_R 1 -9.275e+04 4.500e+02 4.268e+02
s>            ( - -5.318e+04 4 0)
s>            ( QUESTION0_16_R 1 -3.912e+04 3.398e+02 1.781e+02
s>                ( - -2.841e+03 1 0)
s>                ( - -3.594e+04 8 0 QUESTION0 -1 3.148e+02 1.641e+02))))INFO: dtree.c(1478): Final simple tree
|( WDBNDRY_I 0 -7.326e+05 1.197e+03 3.296e+03
|    ( - -6.603e+05 13 0 QUESTION0 -1 1.572e+02 2.967e+03)
|    ( WDBNDRY_B 0 -7.112e+04 6.198e+02 3.288e+02
|        ( QUESTION0_9_R 1 -5.419e+04 3.776e+02 2.499e+02
|            ( QUESTION14 -1 -1.587e+04 1.972e+02 7.465e+01
|                ( - -1.131e+04 1 0)
|                ( - -4.363e+03 2 0 QUESTION10 -1 1.395e+02 2.100e+01))
|            ( QUESTION0_14_R 1 -3.794e+04 2.751e+02 1.753e+02
|                ( - -3.607e+04 7 0)
|                ( - -1.599e+03 1 0)))
|        ( QUESTION0_16_R 1 -1.632e+04 3.384e+02 7.892e+01
|            ( - -8.657e+03 1 0)
|            ( QUESTION0_14_R 1 -7.320e+03 2.200e+02 3.622e+01
|                ( - -6.483e+03 1 0)
|                ( - -6.167e+02 1 0)))))
s>    ( WDBNDRY_I 0 -7.326e+05 1.197e+03 3.296e+03
s>        ( - -6.603e+05 13 0 QUESTION0 -1 1.572e+02 2.967e+03)
s>        ( WDBNDRY_B 0 -7.112e+04 6.198e+02 3.288e+02
s>            ( QUESTION0_9_R 1 -5.419e+04 3.776e+02 2.499e+02
s>                ( QUESTION14 -1 -1.587e+04 1.972e+02 7.465e+01
s>                    ( - -1.131e+04 1 0)
s>                    ( - -4.363e+03 2 0 QUESTION10 -1 1.395e+02 2.100e+01))
s>                ( QUESTION0_14_R 1 -3.794e+04 2.751e+02 1.753e+02
s>                    ( - -3.607e+04 7 0)
s>                    ( - -1.599e+03 1 0)))
s>            ( QUESTION0_16_R 1 -1.632e+04 3.384e+02 7.892e+01
s>                ( - -8.657e+03 1 0)
s>                ( QUESTION0_14_R 1 -7.320e+03 2.200e+02 3.622e+01
s>                    ( - -6.483e+03 1 0)
s>                    ( - -6.167e+02 1 0)))))INFO: dtree.c(1315): Comp split 7
INFO: dtree.c(1439): stop. leaf nodes are specific
INFO: dtree.c(1478): Final simple tree
|( QUESTION14 -1 -3.583e+05 5.794e+02 1.746e+03
|    ( - -5.646e+03 1 0)
|    ( WDBNDRY_E 0 -3.521e+05 3.754e+02 1.714e+03
|        ( - -3.501e+05 3 0)
|        ( - -1.619e+03 1 0)))
s>    ( QUESTION14 -1 -3.583e+05 5.794e+02 1.746e+03
s>        ( - -5.646e+03 1 0)
s>        ( WDBNDRY_E 0 -3.521e+05 3.754e+02 1.714e+03
s>            ( - -3.501e+05 3 0)
s>            ( - -1.619e+03 1 0)))INFO: dtree.c(1439): stop. leaf nodes are specific
INFO: dtree.c(1478): Final simple tree
|( WDBNDRY_B 0 -8.126e+04 6.579e+02 4.077e+02
|    ( - -7.735e+03 1 0)
|    ( - -7.287e+04 1 0))
s>    ( WDBNDRY_B 0 -8.126e+04 6.579e+02 4.077e+02
s>        ( - -7.735e+03 1 0)
s>        ( - -7.287e+04 1 0))INFO: dtree.c(1315): Comp split 8
INFO: dtree.c(1478): Final simple tree
|( QUESTION0 1 -3.313e+05 1.605e+03 1.500e+03
|    ( QUESTION1 -1 -1.009e+05 8.036e+02 4.684e+02
|        ( QUESTION2 -1 -4.438e+04 4.774e+02 2.077e+02
|            ( - 2.182e+02 1 0)
|            ( - -4.412e+04 7 0 QUESTION13 -1 4.463e+02 2.067e+02))
|        ( - -5.572e+04 4 0 SILENCE -1 1.976e+02 2.608e+02))
|    ( QUESTION0_2_R 1 -2.288e+05 1.134e+03 1.031e+03
|        ( - -5.686e+04 6 0)
|        ( QUESTION0 -1 -1.708e+05 6.454e+02 7.677e+02
|            ( QUESTION10 1 -1.425e+05 6.743e+02 6.404e+02
|                ( WDBNDRY_E 0 -5.101e+04 4.673e+02 2.284e+02
|                    ( - -1.675e+04 4 0)
|                    ( - -3.379e+04 8 0))
|                ( - -9.082e+04 10 0 WDBNDRY_E 0 3.728e+02 4.120e+02))
|            ( - -2.761e+04 3 0 WDBNDRY_E 0 2.943e+02 1.273e+02))))
s>    ( QUESTION0 1 -3.313e+05 1.605e+03 1.500e+03
s>        ( QUESTION1 -1 -1.009e+05 8.036e+02 4.684e+02
s>            ( QUESTION2 -1 -4.438e+04 4.774e+02 2.077e+02
s>                ( - 2.182e+02 1 0)
s>                ( - -4.412e+04 7 0 QUESTION13 -1 4.463e+02 2.067e+02))
s>            ( - -5.572e+04 4 0 SILENCE -1 1.976e+02 2.608e+02))
s>        ( QUESTION0_2_R 1 -2.288e+05 1.134e+03 1.031e+03
s>            ( - -5.686e+04 6 0)
s>            ( QUESTION0 -1 -1.708e+05 6.454e+02 7.677e+02
s>                ( QUESTION10 1 -1.425e+05 6.743e+02 6.404e+02
s>                    ( WDBNDRY_E 0 -5.101e+04 4.673e+02 2.284e+02
s>                        ( - -1.675e+04 4 0)
s>                        ( - -3.379e+04 8 0))
s>                    ( - -9.082e+04 10 0 WDBNDRY_E 0 3.728e+02 4.120e+02))
s>                ( - -2.761e+04 3 0 WDBNDRY_E 0 2.943e+02 1.273e+02))))INFO: dtree.c(1478): Final simple tree
|( QUESTION0_9_R 1 -1.357e+05 8.347e+02 6.088e+02
|    ( QUESTION2_0_L -1 -9.357e+04 2.953e+02 4.228e+02
|        ( QUESTION2_19_L -1 -9.111e+04 2.715e+02 4.127e+02
|            ( - -7.501e+04 10 0 WDBNDRY_B 0 1.123e+02 3.407e+02)
|            ( QUESTION0 -1 -1.583e+04 2.423e+02 7.208e+01
|                ( - -2.341e+03 1 0)
|                ( WDBNDRY_B 0 -1.324e+04 1.969e+02 6.002e+01
|                    ( - -2.642e+02 1 0)
|                    ( - -1.278e+04 2 0 QUESTION2_2_L -1 1.973e+02 5.802e+01))))
|        ( - -2.160e+03 1 0))
|    ( WDBNDRY_I 0 -4.125e+04 4.106e+02 1.861e+02
|        ( QUESTION0 -1 -3.014e+04 1.976e+02 1.361e+02
|            ( - -2.733e+04 2 0)
|            ( - -2.603e+03 1 0))
|        ( - -1.070e+04 4 0 WDBNDRY_B 0 1.461e+02 5.001e+01)))
s>    ( QUESTION0_9_R 1 -1.357e+05 8.347e+02 6.088e+02
s>        ( QUESTION2_0_L -1 -9.357e+04 2.953e+02 4.228e+02
s>            ( QUESTION2_19_L -1 -9.111e+04 2.715e+02 4.127e+02
s>                ( - -7.501e+04 10 0 WDBNDRY_B 0 1.123e+02 3.407e+02)
s>                ( QUESTION0 -1 -1.583e+04 2.423e+02 7.208e+01
s>                    ( - -2.341e+03 1 0)
s>                    ( WDBNDRY_B 0 -1.324e+04 1.969e+02 6.002e+01
s>                        ( - -2.642e+02 1 0)
s>                        ( - -1.278e+04 2 0 QUESTION2_2_L -1 1.973e+02 5.802e+01))))
s>            ( - -2.160e+03 1 0))
s>        ( WDBNDRY_I 0 -4.125e+04 4.106e+02 1.861e+02
s>            ( QUESTION0 -1 -3.014e+04 1.976e+02 1.361e+02
s>                ( - -2.733e+04 2 0)
s>                ( - -2.603e+03 1 0))
s>            ( - -1.070e+04 4 0 WDBNDRY_B 0 1.461e+02 5.001e+01)))INFO: dtree.c(1315): Comp split 9
INFO: dtree.c(1439): stop. leaf nodes are specific
INFO: dtree.c(1478): Final simple tree
|( QUESTION2_10_L -1 -1.795e+05 6.658e+02 8.517e+02
|    ( - -1.508e+05 5 0)
|    ( WDBNDRY_B 0 -2.794e+04 2.093e+02 1.305e+02
|        ( - -3.688e+03 1 0)
|        ( QUESTION10 -1 -2.404e+04 2.223e+02 1.127e+02
|            ( - -2.271e+04 2 0)
|            ( - -1.114e+03 1 0))))
s>    ( QUESTION2_10_L -1 -1.795e+05 6.658e+02 8.517e+02
s>        ( - -1.508e+05 5 0)
s>        ( WDBNDRY_B 0 -2.794e+04 2.093e+02 1.305e+02
s>            ( - -3.688e+03 1 0)
s>            ( QUESTION10 -1 -2.404e+04 2.223e+02 1.127e+02
s>                ( - -2.271e+04 2 0)
s>                ( - -1.114e+03 1 0))))INFO: dtree.c(1478): Final simple tree
|( QUESTION14 1 -7.204e+04 6.228e+02 3.235e+02
|    ( QUESTION14 -1 -5.924e+04 5.254e+02 2.652e+02
|        ( QUESTION2_15_L -1 -2.189e+04 2.466e+02 1.021e+02
|            ( - -1.501e+04 1 0)
|            ( - -6.636e+03 2 0 WDBNDRY_B 0 1.645e+02 3.154e+01))
|        ( WDBNDRY_B 0 -3.683e+04 2.280e+02 1.632e+02
|            ( - -4.542e+03 3 0 QUESTION10 -1 1.387e+02 2.009e+01)
|            ( QUESTION0_9_R 1 -3.206e+04 2.108e+02 1.431e+02
|                ( - -3.785e+03 1 0)
|                ( - -2.806e+04 5 0 QUESTION2_6_L -1 1.176e+02 1.256e+02))))
|    ( WDBNDRY_E 0 -1.218e+04 3.499e+02 5.829e+01
|        ( QUESTION0 -1 -1.065e+04 2.569e+02 5.129e+01
|            ( - -3.775e+03 1 0)
|            ( - -6.622e+03 1 0))
|        ( - -1.177e+03 1 0)))
s>    ( QUESTION14 1 -7.204e+04 6.228e+02 3.235e+02
s>        ( QUESTION14 -1 -5.924e+04 5.254e+02 2.652e+02
s>            ( QUESTION2_15_L -1 -2.189e+04 2.466e+02 1.021e+02
s>                ( - -1.501e+04 1 0)
s>                ( - -6.636e+03 2 0 WDBNDRY_B 0 1.645e+02 3.154e+01))
s>            ( WDBNDRY_B 0 -3.683e+04 2.280e+02 1.632e+02
s>                ( - -4.542e+03 3 0 QUESTION10 -1 1.387e+02 2.009e+01)
s>                ( QUESTION0_9_R 1 -3.206e+04 2.108e+02 1.431e+02
s>                    ( - -3.785e+03 1 0)
s>                    ( - -2.806e+04 5 0 QUESTION2_6_L -1 1.176e+02 1.256e+02))))
s>        ( WDBNDRY_E 0 -1.218e+04 3.499e+02 5.829e+01
s>            ( QUESTION0 -1 -1.065e+04 2.569e+02 5.129e+01
s>                ( - -3.775e+03 1 0)
s>                ( - -6.622e+03 1 0))
s>            ( - -1.177e+03 1 0)))INFO: dtree.c(1315): Comp split 10
INFO: dtree.c(1439): stop. leaf nodes are specific
INFO: dtree.c(1478): Final simple tree
|( QUESTION0_6_R 1 -6.494e+04 2.683e+02 2.888e+02
|    ( - -5.621e+04 2 0)
|    ( QUESTION0_3_R 1 -8.466e+03 1.968e+02 3.900e+01
|        ( - -2.677e+03 1 0)
|        ( QUESTION0_5_R 1 -5.592e+03 1.593e+02 2.700e+01
|            ( - -1.325e+03 1 0)
|            ( - -4.108e+03 3 0))))
s>    ( QUESTION0_6_R 1 -6.494e+04 2.683e+02 2.888e+02
s>        ( - -5.621e+04 2 0)
s>        ( QUESTION0_3_R 1 -8.466e+03 1.968e+02 3.900e+01
s>            ( - -2.677e+03 1 0)
s>            ( QUESTION0_5_R 1 -5.592e+03 1.593e+02 2.700e+01
s>                ( - -1.325e+03 1 0)
s>                ( - -4.108e+03 3 0))))INFO: dtree.c(1439): stop. leaf nodes are specific
INFO: dtree.c(1478): Final simple tree
|( QUESTION0 -1 -3.175e+05 1.268e+02 1.411e+03
|    ( - -3.163e+05 11 0)
|    ( - -1.035e+03 1 0))
s>    ( QUESTION0 -1 -3.175e+05 1.268e+02 1.411e+03
s>        ( - -3.163e+05 11 0)
s>        ( - -1.035e+03 1 0))INFO: dtree.c(1315): Comp split 11
INFO: dtree.c(1478): Final simple tree
|( QUESTION14 -1 -2.268e+05 6.492e+02 1.034e+03
|    ( - -2.709e+04 1 0)
|    ( QUESTION2_10_L -1 -1.990e+05 5.399e+02 9.078e+02
|        ( - -1.301e+05 11 0 WDBNDRY_B 0 1.031e+02 6.015e+02)
|        ( SILENCE -1 -6.841e+04 4.318e+02 3.063e+02
|            ( - -6.593e+03 1 0)
|            ( QUESTION2 -1 -6.139e+04 4.236e+02 2.738e+02
|                ( - -2.767e+03 1 0)
|                ( QUESTION13 -1 -5.820e+04 4.071e+02 2.584e+02
|                    ( - -6.284e+03 1 0)
|                    ( WDBNDRY_B 0 -5.151e+04 2.649e+02 2.273e+02
|                        ( QUESTION2_9_L -1 -2.005e+04 3.048e+02 8.768e+01
|                            ( - -5.599e+03 2 0)
|                            ( - -1.414e+04 9 0 QUESTION10 -1 1.708e+02 6.187e+01))
|                        ( - -3.119e+04 7 0 QUESTION10 -1 2.483e+02 1.396e+02)))))))
s>    ( QUESTION14 -1 -2.268e+05 6.492e+02 1.034e+03
s>        ( - -2.709e+04 1 0)
s>        ( QUESTION2_10_L -1 -1.990e+05 5.399e+02 9.078e+02
s>            ( - -1.301e+05 11 0 WDBNDRY_B 0 1.031e+02 6.015e+02)
s>            ( SILENCE -1 -6.841e+04 4.318e+02 3.063e+02
s>                ( - -6.593e+03 1 0)
s>                ( QUESTION2 -1 -6.139e+04 4.236e+02 2.738e+02
s>                    ( - -2.767e+03 1 0)
s>                    ( QUESTION13 -1 -5.820e+04 4.071e+02 2.584e+02
s>                        ( - -6.284e+03 1 0)
s>                        ( WDBNDRY_B 0 -5.151e+04 2.649e+02 2.273e+02
s>                            ( QUESTION2_9_L -1 -2.005e+04 3.048e+02 8.768e+01
s>                                ( - -5.599e+03 2 0)
s>                                ( - -1.414e+04 9 0 QUESTION10 -1 1.708e+02 6.187e+01))
s>                            ( - -3.119e+04 7 0 QUESTION10 -1 2.483e+02 1.396e+02)))))))INFO: dtree.c(1439): stop. leaf nodes are specific
INFO: dtree.c(1478): Final simple tree
|( QUESTION2 -1 -9.204e+04 7.155e+02 4.194e+02
|    ( - -1.497e+04 2 0)
|    ( WDBNDRY_B 0 -7.636e+04 3.632e+02 3.521e+02
|        ( QUESTION17 -1 -1.630e+04 1.922e+02 7.533e+01
|            ( - -1.291e+03 1 0)
|            ( - -1.482e+04 3 0))
|        ( QUESTION0 -1 -5.969e+04 3.384e+02 2.767e+02
|            ( - -1.730e+04 1 0)
|            ( - -4.206e+04 1 0))))
s>    ( QUESTION2 -1 -9.204e+04 7.155e+02 4.194e+02
s>        ( - -1.497e+04 2 0)
s>        ( WDBNDRY_B 0 -7.636e+04 3.632e+02 3.521e+02
s>            ( QUESTION17 -1 -1.630e+04 1.922e+02 7.533e+01
s>                ( - -1.291e+03 1 0)
s>                ( - -1.482e+04 3 0))
s>            ( QUESTION0 -1 -5.969e+04 3.384e+02 2.767e+02
s>                ( - -1.730e+04 1 0)
s>                ( - -4.206e+04 1 0))))INFO: dtree.c(1315): Comp split 12
INFO: dtree.c(1439): stop. leaf nodes are specific
INFO: dtree.c(1478): Final simple tree
|( QUESTION1 -1 -1.006e+05 8.031e+02 4.674e+02
|    ( QUESTION13 -1 -4.412e+04 4.463e+02 2.067e+02
|        ( - 2.415e+02 1 0)
|        ( QUESTION2_9_L -1 -4.392e+04 2.403e+02 2.057e+02
|            ( - -4.170e+04 4 0)
|            ( WDBNDRY_B 0 -1.983e+03 1.733e+02 1.000e+01
|                ( - -1.258e+03 1 0)
|                ( - -5.521e+02 1 0))))
|    ( SILENCE -1 -5.572e+04 1.976e+02 2.608e+02
|        ( - -1.743e+03 1 0)
|        ( WDBNDRY_B 0 -5.378e+04 1.176e+02 2.519e+02
|            ( - -3.438e+02 1 0)
|            ( - -5.332e+04 2 0))))
s>    ( QUESTION1 -1 -1.006e+05 8.031e+02 4.674e+02
s>        ( QUESTION13 -1 -4.412e+04 4.463e+02 2.067e+02
s>            ( - 2.415e+02 1 0)
s>            ( QUESTION2_9_L -1 -4.392e+04 2.403e+02 2.057e+02
s>                ( - -4.170e+04 4 0)
s>                ( WDBNDRY_B 0 -1.983e+03 1.733e+02 1.000e+01
s>                    ( - -1.258e+03 1 0)
s>                    ( - -5.521e+02 1 0))))
s>        ( SILENCE -1 -5.572e+04 1.976e+02 2.608e+02
s>            ( - -1.743e+03 1 0)
s>            ( WDBNDRY_B 0 -5.378e+04 1.176e+02 2.519e+02
s>                ( - -3.438e+02 1 0)
s>                ( - -5.332e+04 2 0))))INFO: dtree.c(1478): Final simple tree
|( QUESTION0_2_R 1 -2.290e+05 1.132e+03 1.032e+03
|    ( - -5.686e+04 6 0)
|    ( QUESTION9 -1 -1.710e+05 6.441e+02 7.687e+02
|        ( WDBNDRY_E 0 -2.761e+04 2.943e+02 1.273e+02
|            ( - -9.079e+02 1 0)
|            ( - -2.641e+04 2 0 QUESTION10 -1 2.808e+02 1.223e+02))
|        ( QUESTION11 1 -1.428e+05 6.762e+02 6.414e+02
|            ( WDBNDRY_E 0 -9.082e+04 3.728e+02 4.120e+02
|                ( - -1.649e+04 3 0)
|                ( - -7.396e+04 7 0 QUESTION0_0_R 1 1.558e+02 3.353e+02))
|            ( WDBNDRY_B 0 -5.127e+04 4.720e+02 2.294e+02
|                ( - 2.182e+02 1 0)
|                ( WDBNDRY_E 0 -5.101e+04 4.673e+02 2.284e+02
|                    ( - -1.675e+04 4 0)
|                    ( - -3.379e+04 8 0))))))
s>    ( QUESTION0_2_R 1 -2.290e+05 1.132e+03 1.032e+03
s>        ( - -5.686e+04 6 0)
s>        ( QUESTION9 -1 -1.710e+05 6.441e+02 7.687e+02
s>            ( WDBNDRY_E 0 -2.761e+04 2.943e+02 1.273e+02
s>                ( - -9.079e+02 1 0)
s>                ( - -2.641e+04 2 0 QUESTION10 -1 2.808e+02 1.223e+02))
s>            ( QUESTION11 1 -1.428e+05 6.762e+02 6.414e+02
s>                ( WDBNDRY_E 0 -9.082e+04 3.728e+02 4.120e+02
s>                    ( - -1.649e+04 3 0)
s>                    ( - -7.396e+04 7 0 QUESTION0_0_R 1 1.558e+02 3.353e+02))
s>                ( WDBNDRY_B 0 -5.127e+04 4.720e+02 2.294e+02
s>                    ( - 2.182e+02 1 0)
s>                    ( WDBNDRY_E 0 -5.101e+04 4.673e+02 2.284e+02
s>                        ( - -1.675e+04 4 0)
s>                        ( - -3.379e+04 8 0))))))INFO: dtree.c(1315): Comp split 13
INFO: dtree.c(1439): stop. leaf nodes are specific
INFO: dtree.c(1478): Final simple tree
|( QUESTION0 -1 -1.536e+05 6.383e+02 6.896e+02
|    ( QUESTION10 1 -1.253e+05 7.119e+02 5.623e+02
|        ( - -3.379e+04 8 0)
|        ( WDBNDRY_E 0 -9.082e+04 3.728e+02 4.120e+02
|            ( - -1.649e+04 3 0)
|            ( QUESTION0_0_R 1 -7.396e+04 1.558e+02 3.353e+02
|                ( - -7.281e+04 6 0)
|                ( - -9.907e+02 1 0))))
|    ( WDBNDRY_E 0 -2.761e+04 2.943e+02 1.273e+02
|        ( - -9.079e+02 1 0)
|        ( QUESTION10 -1 -2.641e+04 2.808e+02 1.223e+02
|            ( - -1.211e+04 1 0)
|            ( - -1.402e+04 1 0))))
s>    ( QUESTION0 -1 -1.536e+05 6.383e+02 6.896e+02
s>        ( QUESTION10 1 -1.253e+05 7.119e+02 5.623e+02
s>            ( - -3.379e+04 8 0)
s>            ( WDBNDRY_E 0 -9.082e+04 3.728e+02 4.120e+02
s>                ( - -1.649e+04 3 0)
s>                ( QUESTION0_0_R 1 -7.396e+04 1.558e+02 3.353e+02
s>                    ( - -7.281e+04 6 0)
s>                    ( - -9.907e+02 1 0))))
s>        ( WDBNDRY_E 0 -2.761e+04 2.943e+02 1.273e+02
s>            ( - -9.079e+02 1 0)
s>            ( QUESTION10 -1 -2.641e+04 2.808e+02 1.223e+02
s>                ( - -1.211e+04 1 0)
s>                ( - -1.402e+04 1 0))))INFO: dtree.c(1439): stop. leaf nodes are specific
INFO: dtree.c(1478): Final simple tree
|( WDBNDRY_B 0 -7.420e+04 4.710e+02 3.427e+02
|    ( - 2.182e+02 1 0)
|    ( QUESTION0_1_R 1 -7.395e+04 3.340e+02 3.417e+02
|        ( - -1.675e+04 4 0)
|        ( - -5.686e+04 6 0)))
s>    ( WDBNDRY_B 0 -7.420e+04 4.710e+02 3.427e+02
s>        ( - 2.182e+02 1 0)
s>        ( QUESTION0_1_R 1 -7.395e+04 3.340e+02 3.417e+02
s>            ( - -1.675e+04 4 0)
s>            ( - -5.686e+04 6 0)))INFO: dtree.c(1315): Comp split 14
INFO: dtree.c(1478): Final simple tree
|( WDBNDRY_B 0 -7.112e+04 6.198e+02 3.288e+02
|    ( QUESTION0_9_R 1 -5.419e+04 3.776e+02 2.499e+02
|        ( QUESTION14 -1 -1.587e+04 1.972e+02 7.465e+01
|            ( - -1.131e+04 1 0)
|            ( QUESTION10 -1 -4.363e+03 1.395e+02 2.100e+01
|                ( - -3.698e+03 1 0)
|                ( - -5.253e+02 1 0)))
|        ( QUESTION0_14_R 1 -3.794e+04 2.751e+02 1.753e+02
|            ( - -3.607e+04 7 0)
|            ( - -1.599e+03 1 0)))
|    ( QUESTION0_16_R 1 -1.632e+04 3.384e+02 7.892e+01
|        ( - -8.657e+03 1 0)
|        ( QUESTION0_14_R 1 -7.320e+03 2.200e+02 3.622e+01
|            ( - -6.483e+03 1 0)
|            ( - -6.167e+02 1 0))))
s>    ( WDBNDRY_B 0 -7.112e+04 6.198e+02 3.288e+02
s>        ( QUESTION0_9_R 1 -5.419e+04 3.776e+02 2.499e+02
s>            ( QUESTION14 -1 -1.587e+04 1.972e+02 7.465e+01
s>                ( - -1.131e+04 1 0)
s>                ( QUESTION10 -1 -4.363e+03 1.395e+02 2.100e+01
s>                    ( - -3.698e+03 1 0)
s>                    ( - -5.253e+02 1 0)))
s>            ( QUESTION0_14_R 1 -3.794e+04 2.751e+02 1.753e+02
s>                ( - -3.607e+04 7 0)
s>                ( - -1.599e+03 1 0)))
s>        ( QUESTION0_16_R 1 -1.632e+04 3.384e+02 7.892e+01
s>            ( - -8.657e+03 1 0)
s>            ( QUESTION0_14_R 1 -7.320e+03 2.200e+02 3.622e+01
s>                ( - -6.483e+03 1 0)
s>                ( - -6.167e+02 1 0))))INFO: dtree.c(1439): stop. leaf nodes are specific
INFO: dtree.c(1478): Final simple tree
|( QUESTION0 -1 -6.603e+05 1.572e+02 2.967e+03
|    ( - -6.582e+05 11 0)
|    ( - -1.971e+03 2 0))
s>    ( QUESTION0 -1 -6.603e+05 1.572e+02 2.967e+03
s>        ( - -6.582e+05 11 0)
s>        ( - -1.971e+03 2 0))INFO: dtree.c(1315): Comp split 15
INFO: dtree.c(1478): Final simple tree
|( SILENCE -1 -1.088e+05 6.488e+02 4.964e+02
|    ( - -1.082e+04 1 0)
|    ( QUESTION0_14_R 1 -9.731e+04 4.991e+02 4.458e+02
|        ( - -5.318e+04 4 0)
|        ( QUESTION0_17_R 1 -4.363e+04 3.292e+02 1.972e+02
|            ( QUESTION0 -1 -3.594e+04 3.148e+02 1.641e+02
|                ( - -1.280e+04 1 0)
|                ( QUESTION2_6_L -1 -2.283e+04 2.467e+02 1.056e+02
|                    ( - -4.797e+03 1 0)
|                    ( QUESTION10 -1 -1.779e+04 2.117e+02 8.293e+01
|                        ( - -1.066e+04 4 0)
|                        ( - -6.915e+03 2 0 WDBNDRY_B 0 1.776e+02 3.275e+01))))
|            ( QUESTION0_9_R 1 -7.357e+03 2.581e+02 3.307e+01
|                ( - -4.258e+03 2 0 WDBNDRY_B 0 1.320e+02 1.907e+01)
|                ( - -2.841e+03 1 0)))))
s>    ( SILENCE -1 -1.088e+05 6.488e+02 4.964e+02
s>        ( - -1.082e+04 1 0)
s>        ( QUESTION0_14_R 1 -9.731e+04 4.991e+02 4.458e+02
s>            ( - -5.318e+04 4 0)
s>            ( QUESTION0_17_R 1 -4.363e+04 3.292e+02 1.972e+02
s>                ( QUESTION0 -1 -3.594e+04 3.148e+02 1.641e+02
s>                    ( - -1.280e+04 1 0)
s>                    ( QUESTION2_6_L -1 -2.283e+04 2.467e+02 1.056e+02
s>                        ( - -4.797e+03 1 0)
s>                        ( QUESTION10 -1 -1.779e+04 2.117e+02 8.293e+01
s>                            ( - -1.066e+04 4 0)
s>                            ( - -6.915e+03 2 0 WDBNDRY_B 0 1.776e+02 3.275e+01))))
s>                ( QUESTION0_9_R 1 -7.357e+03 2.581e+02 3.307e+01
s>                    ( - -4.258e+03 2 0 WDBNDRY_B 0 1.320e+02 1.907e+01)
s>                    ( - -2.841e+03 1 0)))))INFO: dtree.c(1478): Final simple tree
|( QUESTION2_9_L -1 -1.375e+05 5.849e+02 6.268e+02
|    ( - -4.514e+04 5 0 QUESTION2_10_L -1 1.179e+02 2.035e+02)
|    ( WDBNDRY_B 0 -9.181e+04 5.393e+02 4.233e+02
|        ( - -2.161e+04 2 0)
|        ( QUESTION2_12_L -1 -6.967e+04 2.755e+02 3.211e+02
|            ( QUESTION0 -1 -6.326e+04 2.899e+02 2.913e+02
|                ( QUESTION2_13_L -1 -5.472e+04 1.254e+02 2.522e+02
|                    ( - -3.277e+03 1 0)
|                    ( - -5.132e+04 5 0))
|                ( QUESTION14 -1 -8.255e+03 1.986e+02 3.907e+01
|                    ( - -7.108e+03 1 0)
|                    ( - -9.483e+02 1 0)))
|            ( QUESTION10 -1 -6.126e+03 1.815e+02 2.976e+01
|                ( - -2.631e+02 1 0)
|                ( - -5.681e+03 1 0)))))
s>    ( QUESTION2_9_L -1 -1.375e+05 5.849e+02 6.268e+02
s>        ( - -4.514e+04 5 0 QUESTION2_10_L -1 1.179e+02 2.035e+02)
s>        ( WDBNDRY_B 0 -9.181e+04 5.393e+02 4.233e+02
s>            ( - -2.161e+04 2 0)
s>            ( QUESTION2_12_L -1 -6.967e+04 2.755e+02 3.211e+02
s>                ( QUESTION0 -1 -6.326e+04 2.899e+02 2.913e+02
s>                    ( QUESTION2_13_L -1 -5.472e+04 1.254e+02 2.522e+02
s>                        ( - -3.277e+03 1 0)
s>                        ( - -5.132e+04 5 0))
s>                    ( QUESTION14 -1 -8.255e+03 1.986e+02 3.907e+01
s>                        ( - -7.108e+03 1 0)
s>                        ( - -9.483e+02 1 0)))
s>                ( QUESTION10 -1 -6.126e+03 1.815e+02 2.976e+01
s>                    ( - -2.631e+02 1 0)
s>                    ( - -5.681e+03 1 0)))))INFO: dtree.c(1315): Comp split 16
INFO: dtree.c(1439): stop. leaf nodes are specific
INFO: dtree.c(1478): Final simple tree
|( QUESTION0_4_R 1 -4.498e+04 4.798e+02 2.151e+02
|    ( - -4.663e+03 1 0)
|    ( QUESTION0_1_R 1 -3.984e+04 4.232e+02 1.930e+02
|        ( QUESTION10 1 -1.625e+04 3.086e+02 7.948e+01
|            ( - -1.113e+04 2 0)
|            ( - -4.809e+03 1 0))
|        ( - -2.317e+04 1 0)))
s>    ( QUESTION0_4_R 1 -4.498e+04 4.798e+02 2.151e+02
s>        ( - -4.663e+03 1 0)
s>        ( QUESTION0_1_R 1 -3.984e+04 4.232e+02 1.930e+02
s>            ( QUESTION10 1 -1.625e+04 3.086e+02 7.948e+01
s>                ( - -1.113e+04 2 0)
s>                ( - -4.809e+03 1 0))
s>            ( - -2.317e+04 1 0)))INFO: dtree.c(1439): stop. leaf nodes are specific
INFO: dtree.c(1478): Final simple tree
|( QUESTION2_13_L -1 -8.110e+04 8.212e+02 3.971e+02
|    ( - -2.871e+04 1 0)
|    ( QUESTION0_6_R 1 -5.156e+04 2.202e+02 2.513e+02
|        ( - -5.107e+04 2 0)
|        ( - -2.759e+02 1 0)))
s>    ( QUESTION2_13_L -1 -8.110e+04 8.212e+02 3.971e+02
s>        ( - -2.871e+04 1 0)
s>        ( QUESTION0_6_R 1 -5.156e+04 2.202e+02 2.513e+02
s>            ( - -5.107e+04 2 0)
s>            ( - -2.759e+02 1 0)))INFO: dtree.c(1315): Comp split 17
INFO: dtree.c(1439): stop. leaf nodes are specific
INFO: dtree.c(1478): Final simple tree
|( WDBNDRY_I 0 -4.127e+04 3.774e+02 1.860e+02
|    ( - -2.733e+04 2 0)
|    ( QUESTION0 -1 -1.356e+04 2.103e+02 6.202e+01
|        ( QUESTION0_9_R 1 -1.309e+04 2.230e+02 6.002e+01
|            ( - -2.160e+03 1 0)
|            ( WDBNDRY_B 0 -1.070e+04 1.461e+02 5.001e+01
|                ( QUESTION2_0_L -1 -7.445e+03 8.679e+01 3.500e+01
|                    ( - -6.713e+03 1 0)
|                    ( - -6.447e+02 2 0))
|                ( - -3.113e+03 1 0)))
|        ( - -2.642e+02 1 0)))
s>    ( WDBNDRY_I 0 -4.127e+04 3.774e+02 1.860e+02
s>        ( - -2.733e+04 2 0)
s>        ( QUESTION0 -1 -1.356e+04 2.103e+02 6.202e+01
s>            ( QUESTION0_9_R 1 -1.309e+04 2.230e+02 6.002e+01
s>                ( - -2.160e+03 1 0)
s>                ( WDBNDRY_B 0 -1.070e+04 1.461e+02 5.001e+01
s>                    ( QUESTION2_0_L -1 -7.445e+03 8.679e+01 3.500e+01
s>                        ( - -6.713e+03 1 0)
s>                        ( - -6.447e+02 2 0))
s>                    ( - -3.113e+03 1 0)))
s>            ( - -2.642e+02 1 0)))INFO: dtree.c(1439): stop. leaf nodes are specific
INFO: dtree.c(1478): Final simple tree
|( QUESTION2_13_L -1 -9.340e+04 2.682e+02 4.228e+02
|    ( - -2.341e+03 1 0)
|    ( QUESTION2_5_L -1 -9.079e+04 2.636e+02 4.108e+02
|        ( - -1.106e+04 1 0)
|        ( QUESTION0 -1 -7.946e+04 1.657e+02 3.607e+02
|            ( WDBNDRY_B 0 -7.501e+04 1.123e+02 3.407e+02
|                ( - -3.206e+03 2 0)
|                ( - -7.170e+04 8 0))
|            ( QUESTION0_9_R 1 -4.284e+03 1.538e+02 2.005e+01
|                ( - -1.527e+03 1 0)
|                ( - -2.603e+03 1 0)))))
s>    ( QUESTION2_13_L -1 -9.340e+04 2.682e+02 4.228e+02
s>        ( - -2.341e+03 1 0)
s>        ( QUESTION2_5_L -1 -9.079e+04 2.636e+02 4.108e+02
s>            ( - -1.106e+04 1 0)
s>            ( QUESTION0 -1 -7.946e+04 1.657e+02 3.607e+02
s>                ( WDBNDRY_B 0 -7.501e+04 1.123e+02 3.407e+02
s>                    ( - -3.206e+03 2 0)
s>                    ( - -7.170e+04 8 0))
s>                ( QUESTION0_9_R 1 -4.284e+03 1.538e+02 2.005e+01
s>                    ( - -1.527e+03 1 0)
s>                    ( - -2.603e+03 1 0)))))INFO: dtree.c(1315): Comp split 18
INFO: dtree.c(1439): stop. leaf nodes are specific
INFO: dtree.c(1478): Final simple tree
|( QUESTION13 -1 -5.222e+04 4.010e+02 2.325e+02
|    ( - -6.284e+03 1 0)
|    ( WDBNDRY_B 0 -4.554e+04 2.024e+02 2.015e+02
|        ( QUESTION10 -1 -1.414e+04 1.708e+02 6.187e+01
|            ( - -2.570e+03 1 0)
|            ( QUESTION0 -1 -1.140e+04 1.328e+02 4.987e+01
|                ( - -6.347e+03 5 0)
|                ( - -4.924e+03 3 0)))
|        ( QUESTION10 -1 -3.119e+04 2.483e+02 1.396e+02
|            ( QUESTION2_6_L -1 -2.905e+04 2.018e+02 1.296e+02
|                ( - -2.238e+04 4 0)
|                ( - -6.465e+03 2 0))
|            ( - -1.898e+03 1 0))))
s>    ( QUESTION13 -1 -5.222e+04 4.010e+02 2.325e+02
s>        ( - -6.284e+03 1 0)
s>        ( WDBNDRY_B 0 -4.554e+04 2.024e+02 2.015e+02
s>            ( QUESTION10 -1 -1.414e+04 1.708e+02 6.187e+01
s>                ( - -2.570e+03 1 0)
s>                ( QUESTION0 -1 -1.140e+04 1.328e+02 4.987e+01
s>                    ( - -6.347e+03 5 0)
s>                    ( - -4.924e+03 3 0)))
s>            ( QUESTION10 -1 -3.119e+04 2.483e+02 1.396e+02
s>                ( QUESTION2_6_L -1 -2.905e+04 2.018e+02 1.296e+02
s>                    ( - -2.238e+04 4 0)
s>                    ( - -6.465e+03 2 0))
s>                ( - -1.898e+03 1 0))))INFO: dtree.c(1439): stop. leaf nodes are specific
INFO: dtree.c(1478): Final simple tree
|( QUESTION2_10_L -1 -1.736e+05 5.697e+02 8.012e+02
|    ( WDBNDRY_B 0 -1.301e+05 1.031e+02 6.015e+02
|        ( - -1.041e+03 2 0)
|        ( - -1.289e+05 9 0))
|    ( QUESTION9 -1 -4.298e+04 4.045e+02 1.997e+02
|        ( WDBNDRY_B 0 -3.298e+04 2.874e+02 1.517e+02
|            ( - -5.599e+03 2 0)
|            ( - -2.709e+04 1 0))
|        ( SILENCE -1 -9.595e+03 2.347e+02 4.794e+01
|            ( - -6.593e+03 1 0)
|            ( - -2.767e+03 1 0))))
s>    ( QUESTION2_10_L -1 -1.736e+05 5.697e+02 8.012e+02
s>        ( WDBNDRY_B 0 -1.301e+05 1.031e+02 6.015e+02
s>            ( - -1.041e+03 2 0)
s>            ( - -1.289e+05 9 0))
s>        ( QUESTION9 -1 -4.298e+04 4.045e+02 1.997e+02
s>            ( WDBNDRY_B 0 -3.298e+04 2.874e+02 1.517e+02
s>                ( - -5.599e+03 2 0)
s>                ( - -2.709e+04 1 0))
s>            ( SILENCE -1 -9.595e+03 2.347e+02 4.794e+01
s>                ( - -6.593e+03 1 0)
s>                ( - -2.767e+03 1 0))))INFO: dtree.c(1315): Comp split 19
INFO: dtree.c(1439): stop. leaf nodes are specific
INFO: dtree.c(1478): Final simple tree
|( QUESTION0_6_R 1 -5.156e+04 2.202e+02 2.513e+02
|    ( - -5.107e+04 2 0)
|    ( - -2.759e+02 1 0))
s>    ( QUESTION0_6_R 1 -5.156e+04 2.202e+02 2.513e+02
s>        ( - -5.107e+04 2 0)
s>        ( - -2.759e+02 1 0))INFO: dtree.c(1315): Comp split 20
INFO: dtree.c(1439): stop. leaf nodes are specific
INFO: dtree.c(1478): Final simple tree
|( QUESTION0 -1 -5.644e+04 1.977e+02 2.638e+02
|    ( WDBNDRY_B 0 -5.378e+04 1.176e+02 2.519e+02
|        ( - -3.438e+02 1 0)
|        ( - -5.332e+04 2 0))
|    ( WDBNDRY_B 0 -2.462e+03 1.668e+02 1.189e+01
|        ( - -1.743e+03 1 0)
|        ( - -5.521e+02 1 0)))
s>    ( QUESTION0 -1 -5.644e+04 1.977e+02 2.638e+02
s>        ( WDBNDRY_B 0 -5.378e+04 1.176e+02 2.519e+02
s>            ( - -3.438e+02 1 0)
s>            ( - -5.332e+04 2 0))
s>        ( WDBNDRY_B 0 -2.462e+03 1.668e+02 1.189e+01
s>            ( - -1.743e+03 1 0)
s>            ( - -5.521e+02 1 0)))INFO: dtree.c(1439): stop. leaf nodes are specific
INFO: dtree.c(1478): Final simple tree
|( QUESTION13 -1 -4.340e+04 4.461e+02 2.037e+02
|    ( - 2.415e+02 1 0)
|    ( WDBNDRY_B 0 -4.319e+04 2.384e+02 2.027e+02
|        ( - -1.258e+03 1 0)
|        ( - -4.170e+04 4 0)))
s>    ( QUESTION13 -1 -4.340e+04 4.461e+02 2.037e+02
s>        ( - 2.415e+02 1 0)
s>        ( WDBNDRY_B 0 -4.319e+04 2.384e+02 2.027e+02
s>            ( - -1.258e+03 1 0)
s>            ( - -4.170e+04 4 0)))INFO: dtree.c(1315): Comp split 21
INFO: dtree.c(1439): stop. leaf nodes are specific
INFO: dtree.c(1478): Final simple tree
|( QUESTION0_0_R 1 -3.494e+04 1.536e+02 1.553e+02
|    ( - -3.379e+04 8 0)
|    ( - -9.907e+02 1 0))
s>    ( QUESTION0_0_R 1 -3.494e+04 1.536e+02 1.553e+02
s>        ( - -3.379e+04 8 0)
s>        ( - -9.907e+02 1 0))INFO: dtree.c(1439): stop. leaf nodes are specific
INFO: dtree.c(1478): Final simple tree
|( QUESTION10 1 -1.178e+05 6.220e+02 5.343e+02
|    ( QUESTION10 -1 -2.641e+04 2.808e+02 1.223e+02
|        ( - -1.211e+04 1 0)
|        ( - -1.402e+04 1 0))
|    ( WDBNDRY_E 0 -9.082e+04 3.753e+02 4.120e+02
|        ( QUESTION0 -1 -1.763e+04 2.387e+02 8.173e+01
|            ( - -1.649e+04 3 0)
|            ( - -9.079e+02 1 0))
|        ( - -7.281e+04 6 0)))
s>    ( QUESTION10 1 -1.178e+05 6.220e+02 5.343e+02
s>        ( QUESTION10 -1 -2.641e+04 2.808e+02 1.223e+02
s>            ( - -1.211e+04 1 0)
s>            ( - -1.402e+04 1 0))
s>        ( WDBNDRY_E 0 -9.082e+04 3.753e+02 4.120e+02
s>            ( QUESTION0 -1 -1.763e+04 2.387e+02 8.173e+01
s>                ( - -1.649e+04 3 0)
s>                ( - -9.079e+02 1 0))
s>            ( - -7.281e+04 6 0)))INFO: dtree.c(1315): Comp split 22
INFO: dtree.c(1439): stop. leaf nodes are specific
INFO: dtree.c(1478): Final simple tree
|( WDBNDRY_B 0 -7.636e+04 3.632e+02 3.521e+02
|    ( QUESTION17 -1 -1.630e+04 1.922e+02 7.533e+01
|        ( - -1.291e+03 1 0)
|        ( - -1.482e+04 3 0))
|    ( QUESTION0 -1 -5.969e+04 3.384e+02 2.767e+02
|        ( - -1.730e+04 1 0)
|        ( - -4.206e+04 1 0)))
s>    ( WDBNDRY_B 0 -7.636e+04 3.632e+02 3.521e+02
s>        ( QUESTION17 -1 -1.630e+04 1.922e+02 7.533e+01
s>            ( - -1.291e+03 1 0)
s>            ( - -1.482e+04 3 0))
s>        ( QUESTION0 -1 -5.969e+04 3.384e+02 2.767e+02
s>            ( - -1.730e+04 1 0)
s>            ( - -4.206e+04 1 0)))INFO: dtree.c(1315): Comp split 23
INFO: dtree.c(1439): stop. leaf nodes are specific
INFO: dtree.c(1478): Final simple tree
|( WDBNDRY_B 0 -2.794e+04 2.093e+02 1.305e+02
|    ( - -3.688e+03 1 0)
|    ( QUESTION10 -1 -2.404e+04 2.223e+02 1.127e+02
|        ( - -2.271e+04 2 0)
|        ( - -1.114e+03 1 0)))
s>    ( WDBNDRY_B 0 -2.794e+04 2.093e+02 1.305e+02
s>        ( - -3.688e+03 1 0)
s>        ( QUESTION10 -1 -2.404e+04 2.223e+02 1.127e+02
s>            ( - -2.271e+04 2 0)
s>            ( - -1.114e+03 1 0)))INFO: dtree.c(1315): Comp split 24
INFO: dtree.c(1315): Comp split 25
INFO: dtree.c(1478): Final simple tree
|( QUESTION0_14_R 1 -9.731e+04 4.991e+02 4.458e+02
|    ( - -5.318e+04 4 0)
|    ( QUESTION0_17_R 1 -4.363e+04 3.292e+02 1.972e+02
|        ( QUESTION0 -1 -3.594e+04 3.148e+02 1.641e+02
|            ( - -1.280e+04 1 0)
|            ( QUESTION2_6_L -1 -2.283e+04 2.467e+02 1.056e+02
|                ( - -4.797e+03 1 0)
|                ( QUESTION10 -1 -1.779e+04 2.117e+02 8.293e+01
|                    ( - -1.066e+04 4 0)
|                    ( WDBNDRY_B 0 -6.915e+03 1.776e+02 3.275e+01
|                        ( - -5.037e+03 1 0)
|                        ( - -1.701e+03 1 0)))))
|        ( QUESTION0_9_R 1 -7.357e+03 2.581e+02 3.307e+01
|            ( - -4.258e+03 2 0 WDBNDRY_B 0 1.320e+02 1.907e+01)
|            ( - -2.841e+03 1 0))))
s>    ( QUESTION0_14_R 1 -9.731e+04 4.991e+02 4.458e+02
s>        ( - -5.318e+04 4 0)
s>        ( QUESTION0_17_R 1 -4.363e+04 3.292e+02 1.972e+02
s>            ( QUESTION0 -1 -3.594e+04 3.148e+02 1.641e+02
s>                ( - -1.280e+04 1 0)
s>                ( QUESTION2_6_L -1 -2.283e+04 2.467e+02 1.056e+02
s>                    ( - -4.797e+03 1 0)
s>                    ( QUESTION10 -1 -1.779e+04 2.117e+02 8.293e+01
s>                        ( - -1.066e+04 4 0)
s>                        ( WDBNDRY_B 0 -6.915e+03 1.776e+02 3.275e+01
s>                            ( - -5.037e+03 1 0)
s>                            ( - -1.701e+03 1 0)))))
s>            ( QUESTION0_9_R 1 -7.357e+03 2.581e+02 3.307e+01
s>                ( - -4.258e+03 2 0 WDBNDRY_B 0 1.320e+02 1.907e+01)
s>                ( - -2.841e+03 1 0))))INFO: dtree.c(1315): Comp split 26
INFO: dtree.c(1478): Final simple tree
|( QUESTION14 -1 -5.924e+04 5.254e+02 2.652e+02
|    ( QUESTION2_15_L -1 -2.189e+04 2.466e+02 1.021e+02
|        ( - -1.501e+04 1 0)
|        ( WDBNDRY_B 0 -6.636e+03 1.645e+02 3.154e+01
|            ( - -5.490e+03 1 0)
|            ( - -9.811e+02 1 0)))
|    ( WDBNDRY_B 0 -3.683e+04 2.280e+02 1.632e+02
|        ( QUESTION10 -1 -4.542e+03 1.387e+02 2.009e+01
|            ( QUESTION0_9_R 1 -1.134e+03 1.247e+02 5.000e+00
|                ( - -4.064e+02 1 0)
|                ( - -6.034e+02 1 0))
|            ( - -3.268e+03 1 0))
|        ( QUESTION0_9_R 1 -3.206e+04 2.108e+02 1.431e+02
|            ( - -3.785e+03 1 0)
|            ( - -2.806e+04 5 0 QUESTION2_6_L -1 1.176e+02 1.256e+02))))
s>    ( QUESTION14 -1 -5.924e+04 5.254e+02 2.652e+02
s>        ( QUESTION2_15_L -1 -2.189e+04 2.466e+02 1.021e+02
s>            ( - -1.501e+04 1 0)
s>            ( WDBNDRY_B 0 -6.636e+03 1.645e+02 3.154e+01
s>                ( - -5.490e+03 1 0)
s>                ( - -9.811e+02 1 0)))
s>        ( WDBNDRY_B 0 -3.683e+04 2.280e+02 1.632e+02
s>            ( QUESTION10 -1 -4.542e+03 1.387e+02 2.009e+01
s>                ( QUESTION0_9_R 1 -1.134e+03 1.247e+02 5.000e+00
s>                    ( - -4.064e+02 1 0)
s>                    ( - -6.034e+02 1 0))
s>                ( - -3.268e+03 1 0))
s>            ( QUESTION0_9_R 1 -3.206e+04 2.108e+02 1.431e+02
s>                ( - -3.785e+03 1 0)
s>                ( - -2.806e+04 5 0 QUESTION2_6_L -1 1.176e+02 1.256e+02))))INFO: dtree.c(1439): stop. leaf nodes are specific
INFO: dtree.c(1478): Final simple tree
|( WDBNDRY_E 0 -1.218e+04 3.499e+02 5.829e+01
|    ( QUESTION0 -1 -1.065e+04 2.569e+02 5.129e+01
|        ( - -3.775e+03 1 0)
|        ( - -6.622e+03 1 0))
|    ( - -1.177e+03 1 0))
s>    ( WDBNDRY_E 0 -1.218e+04 3.499e+02 5.829e+01
s>        ( QUESTION0 -1 -1.065e+04 2.569e+02 5.129e+01
s>            ( - -3.775e+03 1 0)
s>            ( - -6.622e+03 1 0))
s>        ( - -1.177e+03 1 0))INFO: dtree.c(1315): Comp split 27
INFO: dtree.c(1439): stop. leaf nodes are specific
INFO: dtree.c(1478): Final simple tree
|( WDBNDRY_E 0 -9.082e+04 3.753e+02 4.120e+02
|    ( QUESTION0 -1 -1.763e+04 2.387e+02 8.173e+01
|        ( - -1.649e+04 3 0)
|        ( - -9.079e+02 1 0))
|    ( - -7.281e+04 6 0))
s>    ( WDBNDRY_E 0 -9.082e+04 3.753e+02 4.120e+02
s>        ( QUESTION0 -1 -1.763e+04 2.387e+02 8.173e+01
s>            ( - -1.649e+04 3 0)
s>            ( - -9.079e+02 1 0))
s>        ( - -7.281e+04 6 0))INFO: dtree.c(1439): stop. leaf nodes are specific
INFO: dtree.c(1478): Final simple tree
|( QUESTION10 -1 -2.641e+04 2.808e+02 1.223e+02
|    ( - -1.211e+04 1 0)
|    ( - -1.402e+04 1 0))
s>    ( QUESTION10 -1 -2.641e+04 2.808e+02 1.223e+02
s>        ( - -1.211e+04 1 0)
s>        ( - -1.402e+04 1 0))INFO: dtree.c(1315): Comp split 28
INFO: dtree.c(1439): stop. leaf nodes are specific
INFO: dtree.c(1478): Final simple tree
|( QUESTION0_9_R 1 -5.502e+04 3.752e+02 2.539e+02
|    ( QUESTION14 -1 -1.587e+04 1.972e+02 7.465e+01
|        ( - -1.131e+04 1 0)
|        ( QUESTION10 -1 -4.363e+03 1.395e+02 2.100e+01
|            ( - -3.698e+03 1 0)
|            ( - -5.253e+02 1 0)))
|    ( QUESTION0_18_R 1 -3.877e+04 2.719e+02 1.793e+02
|        ( - -1.599e+03 1 0)
|        ( WDBNDRY_B 0 -3.690e+04 2.194e+02 1.703e+02
|            ( - -3.607e+04 7 0)
|            ( - -6.167e+02 1 0))))
s>    ( QUESTION0_9_R 1 -5.502e+04 3.752e+02 2.539e+02
s>        ( QUESTION14 -1 -1.587e+04 1.972e+02 7.465e+01
s>            ( - -1.131e+04 1 0)
s>            ( QUESTION10 -1 -4.363e+03 1.395e+02 2.100e+01
s>                ( - -3.698e+03 1 0)
s>                ( - -5.253e+02 1 0)))
s>        ( QUESTION0_18_R 1 -3.877e+04 2.719e+02 1.793e+02
s>            ( - -1.599e+03 1 0)
s>            ( WDBNDRY_B 0 -3.690e+04 2.194e+02 1.703e+02
s>                ( - -3.607e+04 7 0)
s>                ( - -6.167e+02 1 0))))INFO: dtree.c(1439): stop. leaf nodes are specific
INFO: dtree.c(1478): Final simple tree
|( QUESTION0_14_R 1 -1.548e+04 3.442e+02 7.492e+01
|    ( - -6.483e+03 1 0)
|    ( - -8.657e+03 1 0))
s>    ( QUESTION0_14_R 1 -1.548e+04 3.442e+02 7.492e+01
s>        ( - -6.483e+03 1 0)
s>        ( - -8.657e+03 1 0))INFO: dtree.c(1315): Comp split 29
INFO: dtree.c(1439): stop. leaf nodes are specific
INFO: dtree.c(1478): Final simple tree
|( WDBNDRY_B 0 -9.181e+04 5.393e+02 4.233e+02
|    ( - -2.161e+04 2 0)
|    ( QUESTION2_12_L -1 -6.967e+04 2.755e+02 3.211e+02
|        ( QUESTION0 -1 -6.326e+04 2.899e+02 2.913e+02
|            ( QUESTION2_13_L -1 -5.472e+04 1.254e+02 2.522e+02
|                ( - -3.277e+03 1 0)
|                ( - -5.132e+04 5 0))
|            ( QUESTION14 -1 -8.255e+03 1.986e+02 3.907e+01
|                ( - -7.108e+03 1 0)
|                ( - -9.483e+02 1 0)))
|        ( QUESTION10 -1 -6.126e+03 1.815e+02 2.976e+01
|            ( - -2.631e+02 1 0)
|            ( - -5.681e+03 1 0))))
s>    ( WDBNDRY_B 0 -9.181e+04 5.393e+02 4.233e+02
s>        ( - -2.161e+04 2 0)
s>        ( QUESTION2_12_L -1 -6.967e+04 2.755e+02 3.211e+02
s>            ( QUESTION0 -1 -6.326e+04 2.899e+02 2.913e+02
s>                ( QUESTION2_13_L -1 -5.472e+04 1.254e+02 2.522e+02
s>                    ( - -3.277e+03 1 0)
s>                    ( - -5.132e+04 5 0))
s>                ( QUESTION14 -1 -8.255e+03 1.986e+02 3.907e+01
s>                    ( - -7.108e+03 1 0)
s>                    ( - -9.483e+02 1 0)))
s>            ( QUESTION10 -1 -6.126e+03 1.815e+02 2.976e+01
s>                ( - -2.631e+02 1 0)
s>                ( - -5.681e+03 1 0))))INFO: dtree.c(1439): stop. leaf nodes are specific
INFO: dtree.c(1478): Final simple tree
|( QUESTION2_10_L -1 -4.514e+04 1.179e+02 2.035e+02
|    ( - -4.438e+04 4 0)
|    ( - -6.382e+02 1 0))
s>    ( QUESTION2_10_L -1 -4.514e+04 1.179e+02 2.035e+02
s>        ( - -4.438e+04 4 0)
s>        ( - -6.382e+02 1 0))INFO: dtree.c(1315): Comp split 30
INFO: dtree.c(1439): stop. leaf nodes are specific
INFO: dtree.c(1478): Final simple tree
|( WDBNDRY_E 0 -3.521e+05 3.754e+02 1.714e+03
|    ( - -3.501e+05 3 0)
|    ( - -1.619e+03 1 0))
s>    ( WDBNDRY_E 0 -3.521e+05 3.754e+02 1.714e+03
s>        ( - -3.501e+05 3 0)
s>        ( - -1.619e+03 1 0))INFO: dtree.c(1315): Comp split 31
INFO: dtree.c(1439): stop. leaf nodes are specific
INFO: dtree.c(1478): Final simple tree
|( QUESTION9 -1 -4.298e+04 4.045e+02 1.997e+02
|    ( WDBNDRY_B 0 -3.298e+04 2.874e+02 1.517e+02
|        ( - -5.599e+03 2 0)
|        ( - -2.709e+04 1 0))
|    ( SILENCE -1 -9.595e+03 2.347e+02 4.794e+01
|        ( - -6.593e+03 1 0)
|        ( - -2.767e+03 1 0)))
s>    ( QUESTION9 -1 -4.298e+04 4.045e+02 1.997e+02
s>        ( WDBNDRY_B 0 -3.298e+04 2.874e+02 1.517e+02
s>            ( - -5.599e+03 2 0)
s>            ( - -2.709e+04 1 0))
s>        ( SILENCE -1 -9.595e+03 2.347e+02 4.794e+01
s>            ( - -6.593e+03 1 0)
s>            ( - -2.767e+03 1 0)))INFO: dtree.c(1439): stop. leaf nodes are specific
INFO: dtree.c(1478): Final simple tree
|( WDBNDRY_B 0 -1.301e+05 1.031e+02 6.015e+02
|    ( - -1.041e+03 2 0)
|    ( - -1.289e+05 9 0))
s>    ( WDBNDRY_B 0 -1.301e+05 1.031e+02 6.015e+02
s>        ( - -1.041e+03 2 0)
s>        ( - -1.289e+05 9 0))INFO: dtree.c(1315): Comp split 32
INFO: dtree.c(1439): stop. leaf nodes are specific
INFO: dtree.c(1478): Final simple tree
|( WDBNDRY_B 0 -3.796e+04 2.333e+02 1.682e+02
|    ( QUESTION10 -1 -4.542e+03 1.387e+02 2.009e+01
|        ( QUESTION0_9_R 1 -1.134e+03 1.247e+02 5.000e+00
|            ( - -4.064e+02 1 0)
|            ( - -6.034e+02 1 0))
|        ( - -3.268e+03 1 0))
|    ( QUESTION15 -1 -3.318e+04 2.141e+02 1.481e+02
|        ( - -3.785e+03 1 0)
|        ( QUESTION0_9_R 1 -2.918e+04 1.405e+02 1.306e+02
|            ( - -9.811e+02 1 0)
|            ( QUESTION2_6_L -1 -2.806e+04 1.176e+02 1.256e+02
|                ( - -1.439e+03 1 0)
|                ( - -2.650e+04 4 0)))))
s>    ( WDBNDRY_B 0 -3.796e+04 2.333e+02 1.682e+02
s>        ( QUESTION10 -1 -4.542e+03 1.387e+02 2.009e+01
s>            ( QUESTION0_9_R 1 -1.134e+03 1.247e+02 5.000e+00
s>                ( - -4.064e+02 1 0)
s>                ( - -6.034e+02 1 0))
s>            ( - -3.268e+03 1 0))
s>        ( QUESTION15 -1 -3.318e+04 2.141e+02 1.481e+02
s>            ( - -3.785e+03 1 0)
s>            ( QUESTION0_9_R 1 -2.918e+04 1.405e+02 1.306e+02
s>                ( - -9.811e+02 1 0)
s>                ( QUESTION2_6_L -1 -2.806e+04 1.176e+02 1.256e+02
s>                    ( - -1.439e+03 1 0)
s>                    ( - -2.650e+04 4 0)))))INFO: dtree.c(1439): stop. leaf nodes are specific
INFO: dtree.c(1478): Final simple tree
|( WDBNDRY_B 0 -2.074e+04 2.447e+02 9.706e+01
|    ( - -5.490e+03 1 0)
|    ( - -1.501e+04 1 0))
s>    ( WDBNDRY_B 0 -2.074e+04 2.447e+02 9.706e+01
s>        ( - -5.490e+03 1 0)
s>        ( - -1.501e+04 1 0))INFO: dtree.c(1315): Comp split 33
INFO: dtree.c(1439): stop. leaf nodes are specific
INFO: dtree.c(1478): Final simple tree
|( QUESTION2_12_L -1 -6.967e+04 2.755e+02 3.211e+02
|    ( QUESTION0 -1 -6.326e+04 2.899e+02 2.913e+02
|        ( QUESTION2_13_L -1 -5.472e+04 1.254e+02 2.522e+02
|            ( - -3.277e+03 1 0)
|            ( - -5.132e+04 5 0))
|        ( QUESTION14 -1 -8.255e+03 1.986e+02 3.907e+01
|            ( - -7.108e+03 1 0)
|            ( - -9.483e+02 1 0)))
|    ( QUESTION10 -1 -6.126e+03 1.815e+02 2.976e+01
|        ( - -2.631e+02 1 0)
|        ( - -5.681e+03 1 0)))
s>    ( QUESTION2_12_L -1 -6.967e+04 2.755e+02 3.211e+02
s>        ( QUESTION0 -1 -6.326e+04 2.899e+02 2.913e+02
s>            ( QUESTION2_13_L -1 -5.472e+04 1.254e+02 2.522e+02
s>                ( - -3.277e+03 1 0)
s>                ( - -5.132e+04 5 0))
s>            ( QUESTION14 -1 -8.255e+03 1.986e+02 3.907e+01
s>                ( - -7.108e+03 1 0)
s>                ( - -9.483e+02 1 0)))
s>        ( QUESTION10 -1 -6.126e+03 1.815e+02 2.976e+01
s>            ( - -2.631e+02 1 0)
s>            ( - -5.681e+03 1 0)))INFO: dtree.c(1315): Comp split 34
INFO: dtree.c(1439): stop. leaf nodes are specific
INFO: dtree.c(1478): Final simple tree
|( WDBNDRY_B 0 -5.508e+04 2.038e+02 2.576e+02
|    ( - -5.318e+04 4 0)
|    ( - -1.701e+03 1 0))
s>    ( WDBNDRY_B 0 -5.508e+04 2.038e+02 2.576e+02
s>        ( - -5.318e+04 4 0)
s>        ( - -1.701e+03 1 0))INFO: dtree.c(1439): stop. leaf nodes are specific
INFO: dtree.c(1478): Final simple tree
|( QUESTION0_17_R 1 -4.171e+04 3.262e+02 1.882e+02
|    ( QUESTION10 -1 -3.403e+04 2.980e+02 1.551e+02
|        ( QUESTION2_6_L -1 -1.569e+04 2.312e+02 7.288e+01
|            ( - -4.797e+03 1 0)
|            ( - -1.066e+04 4 0))
|        ( WDBNDRY_B 0 -1.804e+04 2.084e+02 8.225e+01
|            ( - -5.037e+03 1 0)
|            ( - -1.280e+04 1 0)))
|    ( QUESTION0_9_R 1 -7.357e+03 2.581e+02 3.307e+01
|        ( WDBNDRY_B 0 -4.258e+03 1.320e+02 1.907e+01
|            ( - -3.640e+02 1 0)
|            ( - -3.762e+03 1 0))
|        ( - -2.841e+03 1 0)))
s>    ( QUESTION0_17_R 1 -4.171e+04 3.262e+02 1.882e+02
s>        ( QUESTION10 -1 -3.403e+04 2.980e+02 1.551e+02
s>            ( QUESTION2_6_L -1 -1.569e+04 2.312e+02 7.288e+01
s>                ( - -4.797e+03 1 0)
s>                ( - -1.066e+04 4 0))
s>            ( WDBNDRY_B 0 -1.804e+04 2.084e+02 8.225e+01
s>                ( - -5.037e+03 1 0)
s>                ( - -1.280e+04 1 0)))
s>        ( QUESTION0_9_R 1 -7.357e+03 2.581e+02 3.307e+01
s>            ( WDBNDRY_B 0 -4.258e+03 1.320e+02 1.907e+01
s>                ( - -3.640e+02 1 0)
s>                ( - -3.762e+03 1 0))
s>            ( - -2.841e+03 1 0)))INFO: dtree.c(1315): Comp split 35
INFO: dtree.c(1439): stop. leaf nodes are specific
INFO: dtree.c(1478): Final simple tree
|( QUESTION0_1_R 1 -3.984e+04 4.232e+02 1.930e+02
|    ( QUESTION10 1 -1.625e+04 3.086e+02 7.948e+01
|        ( - -1.113e+04 2 0)
|        ( - -4.809e+03 1 0))
|    ( - -2.317e+04 1 0))
s>    ( QUESTION0_1_R 1 -3.984e+04 4.232e+02 1.930e+02
s>        ( QUESTION10 1 -1.625e+04 3.086e+02 7.948e+01
s>            ( - -1.113e+04 2 0)
s>            ( - -4.809e+03 1 0))
s>        ( - -2.317e+04 1 0))INFO: dtree.c(1315): Comp split 36
INFO: dtree.c(1439): stop. leaf nodes are specific
INFO: dtree.c(1478): Final simple tree
|( QUESTION0_1_R 1 -7.395e+04 3.340e+02 3.417e+02
|    ( - -1.675e+04 4 0)
|    ( - -5.686e+04 6 0))
s>    ( QUESTION0_1_R 1 -7.395e+04 3.340e+02 3.417e+02
s>        ( - -1.675e+04 4 0)
s>        ( - -5.686e+04 6 0))INFO: dtree.c(1315): Comp split 37
INFO: dtree.c(1439): stop. leaf nodes are specific
INFO: dtree.c(1478): Final simple tree
|( WDBNDRY_B 0 -4.319e+04 2.384e+02 2.027e+02
|    ( - -1.258e+03 1 0)
|    ( - -4.170e+04 4 0))
s>    ( WDBNDRY_B 0 -4.319e+04 2.384e+02 2.027e+02
s>        ( - -1.258e+03 1 0)
s>        ( - -4.170e+04 4 0))INFO: dtree.c(1315): Comp split 38
INFO: dtree.c(1439): stop. leaf nodes are specific
INFO: dtree.c(1478): Final simple tree
|( QUESTION10 1 -1.625e+04 3.086e+02 7.948e+01
|    ( - -1.113e+04 2 0)
|    ( - -4.809e+03 1 0))
s>    ( QUESTION10 1 -1.625e+04 3.086e+02 7.948e+01
s>        ( - -1.113e+04 2 0)
s>        ( - -4.809e+03 1 0))INFO: dtree.c(1315): Comp split 39
INFO: dtree.c(1439): stop. leaf nodes are specific
INFO: dtree.c(1478): Final simple tree
|( WDBNDRY_B 0 -1.070e+04 1.461e+02 5.001e+01
|    ( QUESTION2_0_L -1 -7.445e+03 8.679e+01 3.500e+01
|        ( - -6.713e+03 1 0)
|        ( - -6.447e+02 2 0))
|    ( - -3.113e+03 1 0))
s>    ( WDBNDRY_B 0 -1.070e+04 1.461e+02 5.001e+01
s>        ( QUESTION2_0_L -1 -7.445e+03 8.679e+01 3.500e+01
s>            ( - -6.713e+03 1 0)
s>            ( - -6.447e+02 2 0))
s>        ( - -3.113e+03 1 0))INFO: dtree.c(1439): stop. leaf nodes are specific
INFO: dtree.c(1478): Final simple tree
|( QUESTION0 -1 -3.016e+04 2.050e+02 1.360e+02
|    ( WDBNDRY_B 0 -2.969e+04 1.920e+02 1.340e+02
|        ( - -2.160e+03 1 0)
|        ( - -2.733e+04 2 0))
|    ( - -2.642e+02 1 0))
s>    ( QUESTION0 -1 -3.016e+04 2.050e+02 1.360e+02
s>        ( WDBNDRY_B 0 -2.969e+04 1.920e+02 1.340e+02
s>            ( - -2.160e+03 1 0)
s>            ( - -2.733e+04 2 0))
s>        ( - -2.642e+02 1 0))INFO: dtree.c(1315): Comp split 40
INFO: dtree.c(1439): stop. leaf nodes are specific
INFO: dtree.c(1478): Final simple tree
|( SILENCE -1 -9.595e+03 2.347e+02 4.794e+01
|    ( - -6.593e+03 1 0)
|    ( - -2.767e+03 1 0))
s>    ( SILENCE -1 -9.595e+03 2.347e+02 4.794e+01
s>        ( - -6.593e+03 1 0)
s>        ( - -2.767e+03 1 0))INFO: dtree.c(1439): stop. leaf nodes are specific
INFO: dtree.c(1478): Final simple tree
|( WDBNDRY_B 0 -3.298e+04 2.874e+02 1.517e+02
|    ( - -5.599e+03 2 0)
|    ( - -2.709e+04 1 0))
s>    ( WDBNDRY_B 0 -3.298e+04 2.874e+02 1.517e+02
s>        ( - -5.599e+03 2 0)
s>        ( - -2.709e+04 1 0))INFO: dtree.c(1315): Comp split 41
INFO: dtree.c(1439): stop. leaf nodes are specific
INFO: dtree.c(1478): Final simple tree
|( WDBNDRY_B 0 -4.554e+04 2.024e+02 2.015e+02
|    ( QUESTION10 -1 -1.414e+04 1.708e+02 6.187e+01
|        ( - -2.570e+03 1 0)
|        ( QUESTION0 -1 -1.140e+04 1.328e+02 4.987e+01
|            ( - -6.347e+03 5 0)
|            ( - -4.924e+03 3 0)))
|    ( QUESTION10 -1 -3.119e+04 2.483e+02 1.396e+02
|        ( QUESTION2_6_L -1 -2.905e+04 2.018e+02 1.296e+02
|            ( - -2.238e+04 4 0)
|            ( - -6.465e+03 2 0))
|        ( - -1.898e+03 1 0)))
s>    ( WDBNDRY_B 0 -4.554e+04 2.024e+02 2.015e+02
s>        ( QUESTION10 -1 -1.414e+04 1.708e+02 6.187e+01
s>            ( - -2.570e+03 1 0)
s>            ( QUESTION0 -1 -1.140e+04 1.328e+02 4.987e+01
s>                ( - -6.347e+03 5 0)
s>                ( - -4.924e+03 3 0)))
s>        ( QUESTION10 -1 -3.119e+04 2.483e+02 1.396e+02
s>            ( QUESTION2_6_L -1 -2.905e+04 2.018e+02 1.296e+02
s>                ( - -2.238e+04 4 0)
s>                ( - -6.465e+03 2 0))
s>            ( - -1.898e+03 1 0)))INFO: dtree.c(1315): Comp split 42
INFO: dtree.c(1315): Comp split 43
INFO: dtree.c(1439): stop. leaf nodes are specific
INFO: dtree.c(1478): Final simple tree
|( QUESTION0 -1 -1.763e+04 2.387e+02 8.173e+01
|    ( - -1.649e+04 3 0)
|    ( - -9.079e+02 1 0))
s>    ( QUESTION0 -1 -1.763e+04 2.387e+02 8.173e+01
s>        ( - -1.649e+04 3 0)
s>        ( - -9.079e+02 1 0))INFO: dtree.c(1315): Comp split 44
INFO: dtree.c(1439): stop. leaf nodes are specific
INFO: dtree.c(1478): Final simple tree
|( QUESTION0_18_R 1 -3.877e+04 2.719e+02 1.793e+02
|    ( - -1.599e+03 1 0)
|    ( WDBNDRY_B 0 -3.690e+04 2.194e+02 1.703e+02
|        ( - -3.607e+04 7 0)
|        ( - -6.167e+02 1 0)))
s>    ( QUESTION0_18_R 1 -3.877e+04 2.719e+02 1.793e+02
s>        ( - -1.599e+03 1 0)
s>        ( WDBNDRY_B 0 -3.690e+04 2.194e+02 1.703e+02
s>            ( - -3.607e+04 7 0)
s>            ( - -6.167e+02 1 0)))INFO: dtree.c(1439): stop. leaf nodes are specific
INFO: dtree.c(1478): Final simple tree
|( QUESTION14 -1 -1.587e+04 1.972e+02 7.465e+01
|    ( - -1.131e+04 1 0)
|    ( QUESTION10 -1 -4.363e+03 1.395e+02 2.100e+01
|        ( - -3.698e+03 1 0)
|        ( - -5.253e+02 1 0)))
s>    ( QUESTION14 -1 -1.587e+04 1.972e+02 7.465e+01
s>        ( - -1.131e+04 1 0)
s>        ( QUESTION10 -1 -4.363e+03 1.395e+02 2.100e+01
s>            ( - -3.698e+03 1 0)
s>            ( - -5.253e+02 1 0)))INFO: dtree.c(1315): Comp split 45
INFO: dtree.c(1439): stop. leaf nodes are specific
INFO: dtree.c(1478): Final simple tree
|( QUESTION17 -1 -1.630e+04 1.922e+02 7.533e+01
|    ( - -1.291e+03 1 0)
|    ( - -1.482e+04 3 0))
s>    ( QUESTION17 -1 -1.630e+04 1.922e+02 7.533e+01
s>        ( - -1.291e+03 1 0)
s>        ( - -1.482e+04 3 0))INFO: dtree.c(1439): stop. leaf nodes are specific
INFO: dtree.c(1478): Final simple tree
|( QUESTION0 -1 -5.969e+04 3.384e+02 2.767e+02
|    ( - -1.730e+04 1 0)
|    ( - -4.206e+04 1 0))
s>    ( QUESTION0 -1 -5.969e+04 3.384e+02 2.767e+02
s>        ( - -1.730e+04 1 0)
s>        ( - -4.206e+04 1 0))INFO: dtree.c(1315): Comp split 46
INFO: dtree.c(1439): stop. leaf nodes are specific
INFO: dtree.c(1478): Final simple tree
|( QUESTION0 -1 -1.065e+04 2.569e+02 5.129e+01
|    ( - -3.775e+03 1 0)
|    ( - -6.622e+03 1 0))
s>    ( QUESTION0 -1 -1.065e+04 2.569e+02 5.129e+01
s>        ( - -3.775e+03 1 0)
s>        ( - -6.622e+03 1 0))INFO: dtree.c(1315): Comp split 47
INFO: dtree.c(1315): Comp split 48
INFO: dtree.c(1439): stop. leaf nodes are specific
INFO: dtree.c(1478): Final simple tree
|( QUESTION0_16_R 1 -1.829e+04 2.794e+02 8.325e+01
|    ( - -2.841e+03 1 0)
|    ( QUESTION0_12_R 1 -1.517e+04 2.697e+02 6.925e+01
|        ( - -3.762e+03 1 0)
|        ( WDBNDRY_B 0 -1.114e+04 1.188e+02 5.218e+01
|            ( - -3.640e+02 1 0)
|            ( - -1.066e+04 4 0))))
s>    ( QUESTION0_16_R 1 -1.829e+04 2.794e+02 8.325e+01
s>        ( - -2.841e+03 1 0)
s>        ( QUESTION0_12_R 1 -1.517e+04 2.697e+02 6.925e+01
s>            ( - -3.762e+03 1 0)
s>            ( WDBNDRY_B 0 -1.114e+04 1.188e+02 5.218e+01
s>                ( - -3.640e+02 1 0)
s>                ( - -1.066e+04 4 0))))INFO: dtree.c(1439): stop. leaf nodes are specific
INFO: dtree.c(1478): Final simple tree
|( QUESTION10 -1 -2.308e+04 2.369e+02 1.050e+02
|    ( - -4.797e+03 1 0)
|    ( WDBNDRY_B 0 -1.804e+04 2.084e+02 8.225e+01
|        ( - -5.037e+03 1 0)
|        ( - -1.280e+04 1 0)))
s>    ( QUESTION10 -1 -2.308e+04 2.369e+02 1.050e+02
s>        ( - -4.797e+03 1 0)
s>        ( WDBNDRY_B 0 -1.804e+04 2.084e+02 8.225e+01
s>            ( - -5.037e+03 1 0)
s>            ( - -1.280e+04 1 0)))INFO: dtree.c(1315): Comp split 49
INFO: dtree.c(1315): Comp split 50
INFO: dtree.c(1315): Comp split 51
INFO: dtree.c(1439): stop. leaf nodes are specific
INFO: dtree.c(1478): Final simple tree
|( QUESTION0_5_R 1 -5.592e+03 1.593e+02 2.700e+01
|    ( - -1.325e+03 1 0)
|    ( - -4.108e+03 3 0))
s>    ( QUESTION0_5_R 1 -5.592e+03 1.593e+02 2.700e+01
s>        ( - -1.325e+03 1 0)
s>        ( - -4.108e+03 3 0))INFO: dtree.c(1439): stop. leaf nodes are specific
INFO: dtree.c(1478): Final simple tree
|( QUESTION0_3_R 1 -5.904e+04 1.509e+02 2.618e+02
|    ( - -2.677e+03 1 0)
|    ( - -5.621e+04 2 0))
s>    ( QUESTION0_3_R 1 -5.904e+04 1.509e+02 2.618e+02
s>        ( - -2.677e+03 1 0)
s>        ( - -5.621e+04 2 0))INFO: dtree.c(1315): Comp split 52
INFO: dtree.c(1315): Comp split 53
INFO: dtree.c(1439): stop. leaf nodes are specific
INFO: dtree.c(1478): Final simple tree
|( QUESTION14 -1 -8.255e+03 1.986e+02 3.907e+01
|    ( - -7.108e+03 1 0)
|    ( - -9.483e+02 1 0))
s>    ( QUESTION14 -1 -8.255e+03 1.986e+02 3.907e+01
s>        ( - -7.108e+03 1 0)
s>        ( - -9.483e+02 1 0))INFO: dtree.c(1439): stop. leaf nodes are specific
INFO: dtree.c(1478): Final simple tree
|( QUESTION0 -1 -6.110e+04 2.595e+02 2.820e+02
|    ( QUESTION2_13_L -1 -5.472e+04 1.254e+02 2.522e+02
|        ( - -3.277e+03 1 0)
|        ( - -5.132e+04 5 0))
|    ( QUESTION10 -1 -6.126e+03 1.815e+02 2.976e+01
|        ( - -2.631e+02 1 0)
|        ( - -5.681e+03 1 0)))
s>    ( QUESTION0 -1 -6.110e+04 2.595e+02 2.820e+02
s>        ( QUESTION2_13_L -1 -5.472e+04 1.254e+02 2.522e+02
s>            ( - -3.277e+03 1 0)
s>            ( - -5.132e+04 5 0))
s>        ( QUESTION10 -1 -6.126e+03 1.815e+02 2.976e+01
s>            ( - -2.631e+02 1 0)
s>            ( - -5.681e+03 1 0)))INFO: dtree.c(1315): Comp split 54
INFO: dtree.c(1439): stop. leaf nodes are specific
INFO: dtree.c(1478): Final simple tree
|( QUESTION0 -1 -7.946e+04 1.657e+02 3.607e+02
|    ( WDBNDRY_B 0 -7.501e+04 1.123e+02 3.407e+02
|        ( - -3.206e+03 2 0)
|        ( - -7.170e+04 8 0))
|    ( QUESTION0_9_R 1 -4.284e+03 1.538e+02 2.005e+01
|        ( - -1.527e+03 1 0)
|        ( - -2.603e+03 1 0)))
s>    ( QUESTION0 -1 -7.946e+04 1.657e+02 3.607e+02
s>        ( WDBNDRY_B 0 -7.501e+04 1.123e+02 3.407e+02
s>            ( - -3.206e+03 2 0)
s>            ( - -7.170e+04 8 0))
s>        ( QUESTION0_9_R 1 -4.284e+03 1.538e+02 2.005e+01
s>            ( - -1.527e+03 1 0)
s>            ( - -2.603e+03 1 0)))INFO: dtree.c(1439): stop. leaf nodes are specific
INFO: dtree.c(1478): Final simple tree
|( QUESTION0 -1 -1.363e+04 2.265e+02 6.210e+01
|    ( - -2.341e+03 1 0)
|    ( - -1.106e+04 1 0))
s>    ( QUESTION0 -1 -1.363e+04 2.265e+02 6.210e+01
s>        ( - -2.341e+03 1 0)
s>        ( - -1.106e+04 1 0))INFO: dtree.c(1315): Comp split 55
INFO: dtree.c(1439): stop. leaf nodes are specific
INFO: dtree.c(1478): Final simple tree
|( WDBNDRY_B 0 -1.114e+04 1.188e+02 5.218e+01
|    ( - -3.640e+02 1 0)
|    ( - -1.066e+04 4 0))
s>    ( WDBNDRY_B 0 -1.114e+04 1.188e+02 5.218e+01
s>        ( - -3.640e+02 1 0)
s>        ( - -1.066e+04 4 0))INFO: dtree.c(1439): stop. leaf nodes are specific
INFO: dtree.c(1478): Final simple tree
|( WDBNDRY_B 0 -6.863e+03 2.598e+02 3.107e+01
|    ( - -2.841e+03 1 0)
|    ( - -3.762e+03 1 0))
s>    ( WDBNDRY_B 0 -6.863e+03 2.598e+02 3.107e+01
s>        ( - -2.841e+03 1 0)
s>        ( - -3.762e+03 1 0))INFO: dtree.c(1315): Comp split 56
INFO: dtree.c(1315): Comp split 57
INFO: dtree.c(1315): Comp split 58
INFO: dtree.c(1439): stop. leaf nodes are specific
INFO: dtree.c(1478): Final simple tree
|( WDBNDRY_B 0 -3.690e+04 2.194e+02 1.703e+02
|    ( - -3.607e+04 7 0)
|    ( - -6.167e+02 1 0))
s>    ( WDBNDRY_B 0 -3.690e+04 2.194e+02 1.703e+02
s>        ( - -3.607e+04 7 0)
s>        ( - -6.167e+02 1 0))INFO: dtree.c(1315): Comp split 59
INFO: dtree.c(1439): stop. leaf nodes are specific
INFO: dtree.c(1478): Final simple tree
|( QUESTION2_9_L -1 -4.338e+04 1.909e+02 1.915e+02
|    ( - -6.465e+03 2 0)
|    ( WDBNDRY_B 0 -3.672e+04 1.992e+02 1.620e+02
|        ( QUESTION10 -1 -1.414e+04 1.708e+02 6.187e+01
|            ( - -2.570e+03 1 0)
|            ( QUESTION0 -1 -1.140e+04 1.328e+02 4.987e+01
|                ( - -6.347e+03 5 0)
|                ( - -4.924e+03 3 0)))
|        ( - -2.238e+04 4 0)))
s>    ( QUESTION2_9_L -1 -4.338e+04 1.909e+02 1.915e+02
s>        ( - -6.465e+03 2 0)
s>        ( WDBNDRY_B 0 -3.672e+04 1.992e+02 1.620e+02
s>            ( QUESTION10 -1 -1.414e+04 1.708e+02 6.187e+01
s>                ( - -2.570e+03 1 0)
s>                ( QUESTION0 -1 -1.140e+04 1.328e+02 4.987e+01
s>                    ( - -6.347e+03 5 0)
s>                    ( - -4.924e+03 3 0)))
s>            ( - -2.238e+04 4 0)))INFO: dtree.c(1315): Comp split 60
INFO: dtree.c(1315): Comp split 61
INFO: dtree.c(1439): stop. leaf nodes are specific
INFO: dtree.c(1478): Final simple tree
|( QUESTION2_13_L -1 -5.472e+04 1.254e+02 2.522e+02
|    ( - -3.277e+03 1 0)
|    ( - -5.132e+04 5 0))
s>    ( QUESTION2_13_L -1 -5.472e+04 1.254e+02 2.522e+02
s>        ( - -3.277e+03 1 0)
s>        ( - -5.132e+04 5 0))INFO: dtree.c(1439): stop. leaf nodes are specific
INFO: dtree.c(1478): Final simple tree
|( QUESTION10 -1 -6.126e+03 1.815e+02 2.976e+01
|    ( - -2.631e+02 1 0)
|    ( - -5.681e+03 1 0))
s>    ( QUESTION10 -1 -6.126e+03 1.815e+02 2.976e+01
s>        ( - -2.631e+02 1 0)
s>        ( - -5.681e+03 1 0))INFO: dtree.c(1315): Comp split 62
INFO: dtree.c(1315): Comp split 63
INFO: dtree.c(1315): Comp split 64
INFO: dtree.c(1315): Comp split 65
INFO: dtree.c(1315): Comp split 66
INFO: dtree.c(1439): stop. leaf nodes are specific
INFO: dtree.c(1478): Final simple tree
|( QUESTION10 -1 -6.094e+03 1.402e+02 2.709e+01
|    ( WDBNDRY_B 0 -2.686e+03 1.120e+02 1.200e+01
|        ( QUESTION0_9_R 1 -1.134e+03 1.247e+02 5.000e+00
|            ( - -4.064e+02 1 0)
|            ( - -6.034e+02 1 0))
|        ( - -1.439e+03 1 0))
|    ( - -3.268e+03 1 0))
s>    ( QUESTION10 -1 -6.094e+03 1.402e+02 2.709e+01
s>        ( WDBNDRY_B 0 -2.686e+03 1.120e+02 1.200e+01
s>            ( QUESTION0_9_R 1 -1.134e+03 1.247e+02 5.000e+00
s>                ( - -4.064e+02 1 0)
s>                ( - -6.034e+02 1 0))
s>            ( - -1.439e+03 1 0))
s>        ( - -3.268e+03 1 0))INFO: dtree.c(1439): stop. leaf nodes are specific
INFO: dtree.c(1478): Final simple tree
|( QUESTION15 -1 -3.162e+04 2.120e+02 1.411e+02
|    ( - -3.785e+03 1 0)
|    ( QUESTION0_9_R 1 -2.763e+04 1.415e+02 1.236e+02
|        ( - -9.811e+02 1 0)
|        ( - -2.650e+04 4 0)))
s>    ( QUESTION15 -1 -3.162e+04 2.120e+02 1.411e+02
s>        ( - -3.785e+03 1 0)
s>        ( QUESTION0_9_R 1 -2.763e+04 1.415e+02 1.236e+02
s>            ( - -9.811e+02 1 0)
s>            ( - -2.650e+04 4 0)))INFO: dtree.c(1315): Comp split 67
INFO: dtree.c(1439): stop. leaf nodes are specific
INFO: dtree.c(1478): Final simple tree
|( WDBNDRY_B 0 -1.804e+04 2.084e+02 8.225e+01
|    ( - -5.037e+03 1 0)
|    ( - -1.280e+04 1 0))
s>    ( WDBNDRY_B 0 -1.804e+04 2.084e+02 8.225e+01
s>        ( - -5.037e+03 1 0)
s>        ( - -1.280e+04 1 0))INFO: dtree.c(1315): Comp split 68
INFO: dtree.c(1315): Comp split 69
INFO: dtree.c(1315): Comp split 70
INFO: dtree.c(1439): stop. leaf nodes are specific
INFO: dtree.c(1478): Final simple tree
|( WDBNDRY_B 0 -2.660e+04 2.056e+02 1.245e+02
|    ( - -3.688e+03 1 0)
|    ( - -2.271e+04 2 0))
s>    ( WDBNDRY_B 0 -2.660e+04 2.056e+02 1.245e+02
s>        ( - -3.688e+03 1 0)
s>        ( - -2.271e+04 2 0))INFO: dtree.c(1315): Comp split 71
INFO: dtree.c(1315): Comp split 72
INFO: dtree.c(1315): Comp split 73
INFO: dtree.c(1439): stop. leaf nodes are specific
INFO: dtree.c(1478): Final simple tree
|( WDBNDRY_B 0 -2.743e+04 1.231e+02 1.220e+02
|    ( - -4.924e+03 3 0)
|    ( - -2.238e+04 4 0))
s>    ( WDBNDRY_B 0 -2.743e+04 1.231e+02 1.220e+02
s>        ( - -4.924e+03 3 0)
s>        ( - -2.238e+04 4 0))INFO: dtree.c(1439): stop. leaf nodes are specific
INFO: dtree.c(1478): Final simple tree
|( WDBNDRY_B 0 -1.574e+04 1.871e+02 6.951e+01
|    ( QUESTION0 -1 -9.086e+03 1.689e+02 4.000e+01
|        ( - -6.347e+03 5 0)
|        ( - -2.570e+03 1 0))
|    ( - -6.465e+03 2 0))
s>    ( WDBNDRY_B 0 -1.574e+04 1.871e+02 6.951e+01
s>        ( QUESTION0 -1 -9.086e+03 1.689e+02 4.000e+01
s>            ( - -6.347e+03 5 0)
s>            ( - -2.570e+03 1 0))
s>        ( - -6.465e+03 2 0))INFO: dtree.c(1315): Comp split 74
INFO: dtree.c(1439): stop. leaf nodes are specific
INFO: dtree.c(1478): Final simple tree
|( QUESTION0_9_R 1 -2.763e+04 1.415e+02 1.236e+02
|    ( - -9.811e+02 1 0)
|    ( - -2.650e+04 4 0))
s>    ( QUESTION0_9_R 1 -2.763e+04 1.415e+02 1.236e+02
s>        ( - -9.811e+02 1 0)
s>        ( - -2.650e+04 4 0))INFO: dtree.c(1315): Comp split 75
INFO: dtree.c(1315): Comp split 76
INFO: dtree.c(1315): Comp split 77
INFO: dtree.c(1439): stop. leaf nodes are specific
INFO: dtree.c(1478): Final simple tree
|( WDBNDRY_B 0 -2.969e+04 1.920e+02 1.340e+02
|    ( - -2.160e+03 1 0)
|    ( - -2.733e+04 2 0))
s>    ( WDBNDRY_B 0 -2.969e+04 1.920e+02 1.340e+02
s>        ( - -2.160e+03 1 0)
s>        ( - -2.733e+04 2 0))INFO: dtree.c(1315): Comp split 78
INFO: dtree.c(1315): Comp split 79
INFO: dtree.c(1439): stop. leaf nodes are specific
INFO: dtree.c(1478): Final simple tree
|( WDBNDRY_B 0 -2.918e+03 1.520e+02 1.389e+01
|    ( SILENCE -1 -2.214e+03 1.274e+02 1.089e+01
|        ( - -1.743e+03 1 0)
|        ( - -3.438e+02 1 0))
|    ( - -5.521e+02 1 0))
s>    ( WDBNDRY_B 0 -2.918e+03 1.520e+02 1.389e+01
s>        ( SILENCE -1 -2.214e+03 1.274e+02 1.089e+01
s>            ( - -1.743e+03 1 0)
s>            ( - -3.438e+02 1 0))
s>        ( - -5.521e+02 1 0))INFO: dtree.c(1315): Comp split 80
INFO: dtree.c(1315): Comp split 81
INFO: dtree.c(1439): stop. leaf nodes are specific
INFO: dtree.c(1478): Final simple tree
|( QUESTION10 -1 -4.363e+03 1.395e+02 2.100e+01
|    ( - -3.698e+03 1 0)
|    ( - -5.253e+02 1 0))
s>    ( QUESTION10 -1 -4.363e+03 1.395e+02 2.100e+01
s>        ( - -3.698e+03 1 0)
s>        ( - -5.253e+02 1 0))INFO: dtree.c(1315): Comp split 82
INFO: dtree.c(1315): Comp split 83
INFO: dtree.c(1315): Comp split 84
INFO: dtree.c(1439): stop. leaf nodes are specific
INFO: dtree.c(1478): Final simple tree
|( QUESTION0 -1 -9.086e+03 1.689e+02 4.000e+01
|    ( - -6.347e+03 5 0)
|    ( - -2.570e+03 1 0))
s>    ( QUESTION0 -1 -9.086e+03 1.689e+02 4.000e+01
s>        ( - -6.347e+03 5 0)
s>        ( - -2.570e+03 1 0))INFO: dtree.c(1315): Comp split 85
INFO: dtree.c(1315): Comp split 86
INFO: dtree.c(1315): Comp split 87
INFO: dtree.c(1439): stop. leaf nodes are specific
INFO: dtree.c(1478): Final simple tree
|( QUESTION0_9_R 1 -7.777e+04 1.521e+02 3.527e+02
|    ( WDBNDRY_B 0 -7.501e+04 1.123e+02 3.407e+02
|        ( - -3.206e+03 2 0)
|        ( - -7.170e+04 8 0))
|    ( - -2.603e+03 1 0))
s>    ( QUESTION0_9_R 1 -7.777e+04 1.521e+02 3.527e+02
s>        ( WDBNDRY_B 0 -7.501e+04 1.123e+02 3.407e+02
s>            ( - -3.206e+03 2 0)
s>            ( - -7.170e+04 8 0))
s>        ( - -2.603e+03 1 0))INFO: dtree.c(1315): Comp split 88
INFO: dtree.c(1315): Comp split 89
INFO: dtree.c(1315): Comp split 90
INFO: dtree.c(1315): Comp split 91
INFO: dtree.c(1439): stop. leaf nodes are specific
INFO: dtree.c(1478): Final simple tree
|( WDBNDRY_B 0 -7.501e+04 1.123e+02 3.407e+02
|    ( - -3.206e+03 2 0)
|    ( - -7.170e+04 8 0))
s>    ( WDBNDRY_B 0 -7.501e+04 1.123e+02 3.407e+02
s>        ( - -3.206e+03 2 0)
s>        ( - -7.170e+04 8 0))INFO: dtree.c(1315): Comp split 92
INFO: dtree.c(1439): stop. leaf nodes are specific
INFO: dtree.c(1478): Final simple tree
|( SILENCE -1 -2.214e+03 1.274e+02 1.089e+01
|    ( - -1.743e+03 1 0)
|    ( - -3.438e+02 1 0))
s>    ( SILENCE -1 -2.214e+03 1.274e+02 1.089e+01
s>        ( - -1.743e+03 1 0)
s>        ( - -3.438e+02 1 0))INFO: dtree.c(1315): Comp split 93
INFO: dtree.c(1315): Comp split 94
INFO: dtree.c(1439): stop. leaf nodes are specific
INFO: dtree.c(1478): Final simple tree
|( QUESTION2_0_L -1 -7.445e+03 8.679e+01 3.500e+01
|    ( - -6.713e+03 1 0)
|    ( - -6.447e+02 2 0))
s>    ( QUESTION2_0_L -1 -7.445e+03 8.679e+01 3.500e+01
s>        ( - -6.713e+03 1 0)
s>        ( - -6.447e+02 2 0))INFO: dtree.c(1315): Comp split 95
INFO: dtree.c(1315): Comp split 96
INFO: dtree.c(1439): stop. leaf nodes are specific
INFO: dtree.c(1478): Final simple tree
|( WDBNDRY_B 0 -2.686e+03 1.120e+02 1.200e+01
|    ( QUESTION0_9_R 1 -1.134e+03 1.247e+02 5.000e+00
|        ( - -4.064e+02 1 0)
|        ( - -6.034e+02 1 0))
|    ( - -1.439e+03 1 0))
s>    ( WDBNDRY_B 0 -2.686e+03 1.120e+02 1.200e+01
s>        ( QUESTION0_9_R 1 -1.134e+03 1.247e+02 5.000e+00
s>            ( - -4.064e+02 1 0)
s>            ( - -6.034e+02 1 0))
s>        ( - -1.439e+03 1 0))INFO: dtree.c(1315): Comp split 97
INFO: dtree.c(1315): Comp split 98
INFO: dtree.c(1315): Comp split 99
INFO: dtree.c(1315): Comp split 100
INFO: dtree.c(1315): Comp split 101
INFO: dtree.c(1315): Comp split 102
INFO: dtree.c(1439): stop. leaf nodes are specific
INFO: dtree.c(1478): Final simple tree
|( WDBNDRY_B 0 -1.959e+03 1.136e+02 8.998e+00
|    ( - -4.064e+02 1 0)
|    ( - -1.439e+03 1 0))
s>    ( WDBNDRY_B 0 -1.959e+03 1.136e+02 8.998e+00
s>        ( - -4.064e+02 1 0)
s>        ( - -1.439e+03 1 0))INFO: dtree.c(1315): Comp split 103
INFO: dtree.c(1315): Comp split 104
INFO: dtree.c(1315): Comp split 105
INFO: dtree.c(1315): Comp split 106
INFO: dtree.c(1315): Comp split 107
INFO: dtree.c(1315): Comp split 108
INFO: dtree.c(1315): Comp split 109
INFO: dtree.c(1318): stop. leaf nodes are specific
Fri Jan  6 22:28:15 2023
