Current configuration:
[NAME]		[DEFLT]	[VALUE]
-allphones	no	no
-cntthresh	0.00001	1.000000e-05
-csplitmax	100	2000
-csplitmin	1	1
-csplitthr	8e-4	0.000000e+00
-example	no	no
-fullvar	no	no
-help		no	no
-meanfn			/mnt/c/users/robin/onedrive/desktop/cmu/Cebuano/model_parameters/Cebuano.cd_cont_untied/means
-mixwfn			/mnt/c/users/robin/onedrive/desktop/cmu/Cebuano/model_parameters/Cebuano.cd_cont_untied/mixture_weights
-moddeffn		/mnt/c/users/robin/onedrive/desktop/cmu/Cebuano/model_architecture/Cebuano.untied.mdef
-mwfloor	1e-4	1.000000e-08
-phone			TH
-psetfn			/mnt/c/users/robin/onedrive/desktop/cmu/Cebuano/model_architecture/Cebuano.tree_questions
-ssplitmax	5	7
-ssplitmin	1	1
-ssplitthr	8e-4	0.000000e+00
-state			0
-stwt			1.0,0.05,0.0,
-treefn			/mnt/c/users/robin/onedrive/desktop/cmu/Cebuano/trees/Cebuano.unpruned/TH-0.dtree
-ts2cbfn	.semi.	.cont.
-varfloor	0.00001	1.000000e-05
-varfn			/mnt/c/users/robin/onedrive/desktop/cmu/Cebuano/model_parameters/Cebuano.cd_cont_untied/variances

INFO: main.c(223): Reading: /mnt/c/users/robin/onedrive/desktop/cmu/Cebuano/model_architecture/Cebuano.untied.mdef
INFO: model_def_io.c(573): Model definition info:
INFO: model_def_io.c(574): 7744 total models defined (40 base, 7704 tri)
INFO: model_def_io.c(575): 30976 total states
INFO: model_def_io.c(576): 23232 total tied states
INFO: model_def_io.c(577): 120 total tied CI states
INFO: model_def_io.c(578): 40 total tied transition matrices
INFO: model_def_io.c(579): 4 max state/model
INFO: model_def_io.c(580): 4 min state/model
INFO: main.c(242): Building trees for [TH AA ER b] through [TH V AW b]
INFO: main.c(268): Covering states |[21648 21701]| == 54
INFO: main.c(275): Reading: /mnt/c/users/robin/onedrive/desktop/cmu/Cebuano/model_parameters/Cebuano.cd_cont_untied/mixture_weights
INFO: s3mixw_io.c(172): Read /mnt/c/users/robin/onedrive/desktop/cmu/Cebuano/model_parameters/Cebuano.cd_cont_untied/mixture_weights [54x1x1 array]
INFO: main.c(311): 17 of 18 models have observation count greater than 0.000010
INFO: main.c(95): nrm stwt: 0.952 0.048 0.000 
INFO: s3gau_io.c(168): Read /mnt/c/users/robin/onedrive/desktop/cmu/Cebuano/model_parameters/Cebuano.cd_cont_untied/means [23232x1x1 array]
INFO: s3gau_io.c(168): Read /mnt/c/users/robin/onedrive/desktop/cmu/Cebuano/model_parameters/Cebuano.cd_cont_untied/variances [23232x1x1 array]
INFO: main.c(549): Reading: /mnt/c/users/robin/onedrive/desktop/cmu/Cebuano/model_architecture/Cebuano.tree_questions
INFO: main.c(587): 180 total simple questions (172 phone; 8 word bndry)
INFO: main.c(589): 42 Left Only questions, and 42 Right Only questions
INFO: dtree.c(1478): Final simple tree
|( QUESTION2_0_L -1 -5.635e+04 3.176e+02 2.369e+02
|    ( QUESTION0_17_R 1 -3.349e+04 3.859e+02 1.425e+02
|        ( WDBNDRY_B 0 -1.568e+04 4.666e+02 6.807e+01
|            ( - -1.546e+04 1 0)
|            ( - 2.412e+02 1 0))
|        ( QUESTION0 1 -1.742e+04 2.406e+02 7.438e+01
|            ( WDBNDRY_E 0 -6.531e+03 2.017e+02 2.926e+01
|                ( - -1.120e+03 1 0)
|                ( - -5.210e+03 2 0 WDBNDRY_B 0 1.144e+02 2.326e+01))
|            ( - -1.065e+04 4 0 QUESTION0_3_R 1 1.573e+02 4.513e+01)))
|    ( QUESTION0 -1 -2.254e+04 4.601e+02 9.441e+01
|        ( - 1.941e+02 1 0)
|        ( QUESTION0_0_R 1 -2.227e+04 4.591e+02 9.341e+01
|            ( - 2.418e+02 1 0)
|            ( - -2.206e+04 6 0 WDBNDRY_E 0 1.844e+02 9.241e+01))))
s>    ( QUESTION2_0_L -1 -5.635e+04 3.176e+02 2.369e+02
s>        ( QUESTION0_17_R 1 -3.349e+04 3.859e+02 1.425e+02
s>            ( WDBNDRY_B 0 -1.568e+04 4.666e+02 6.807e+01
s>                ( - -1.546e+04 1 0)
s>                ( - 2.412e+02 1 0))
s>            ( QUESTION0 1 -1.742e+04 2.406e+02 7.438e+01
s>                ( WDBNDRY_E 0 -6.531e+03 2.017e+02 2.926e+01
s>                    ( - -1.120e+03 1 0)
s>                    ( - -5.210e+03 2 0 WDBNDRY_B 0 1.144e+02 2.326e+01))
s>                ( - -1.065e+04 4 0 QUESTION0_3_R 1 1.573e+02 4.513e+01)))
s>        ( QUESTION0 -1 -2.254e+04 4.601e+02 9.441e+01
s>            ( - 1.941e+02 1 0)
s>            ( QUESTION0_0_R 1 -2.227e+04 4.591e+02 9.341e+01
s>                ( - 2.418e+02 1 0)
s>                ( - -2.206e+04 6 0 WDBNDRY_E 0 1.844e+02 9.241e+01))))INFO: dtree.c(1315): Comp split 0
INFO: dtree.c(1478): Final simple tree
|( QUESTION0_17_R 1 -5.612e+04 3.165e+02 2.359e+02
|    ( WDBNDRY_B 0 -3.354e+04 3.058e+02 1.425e+02
|        ( QUESTION0 -1 -1.643e+04 1.618e+02 7.107e+01
|            ( - -1.572e+04 2 0 QUESTION2_0_L -1 4.604e+02 6.807e+01)
|            ( - -5.456e+02 1 0))
|        ( - -1.681e+04 1 0))
|    ( QUESTION0 1 -2.226e+04 2.683e+02 9.338e+01
|        ( QUESTION0_14_R 1 -1.112e+04 2.188e+02 4.726e+01
|            ( WDBNDRY_E 0 -9.783e+03 1.813e+02 4.126e+01
|                ( - -7.561e+02 1 0)
|                ( - -8.846e+03 5 0 QUESTION0 -1 1.504e+02 3.726e+01))
|            ( - -1.120e+03 1 0))
|        ( QUESTION18 -1 -1.087e+04 4.586e+02 4.613e+01
|            ( - 2.418e+02 1 0)
|            ( - -1.065e+04 4 0 QUESTION0_3_R 1 1.573e+02 4.513e+01))))
s>    ( QUESTION0_17_R 1 -5.612e+04 3.165e+02 2.359e+02
s>        ( WDBNDRY_B 0 -3.354e+04 3.058e+02 1.425e+02
s>            ( QUESTION0 -1 -1.643e+04 1.618e+02 7.107e+01
s>                ( - -1.572e+04 2 0 QUESTION2_0_L -1 4.604e+02 6.807e+01)
s>                ( - -5.456e+02 1 0))
s>            ( - -1.681e+04 1 0))
s>        ( QUESTION0 1 -2.226e+04 2.683e+02 9.338e+01
s>            ( QUESTION0_14_R 1 -1.112e+04 2.188e+02 4.726e+01
s>                ( WDBNDRY_E 0 -9.783e+03 1.813e+02 4.126e+01
s>                    ( - -7.561e+02 1 0)
s>                    ( - -8.846e+03 5 0 QUESTION0 -1 1.504e+02 3.726e+01))
s>                ( - -1.120e+03 1 0))
s>            ( QUESTION18 -1 -1.087e+04 4.586e+02 4.613e+01
s>                ( - 2.418e+02 1 0)
s>                ( - -1.065e+04 4 0 QUESTION0_3_R 1 1.573e+02 4.513e+01))))INFO: dtree.c(1315): Comp split 1
INFO: dtree.c(1478): Final simple tree
|( QUESTION2_0_L -1 -5.590e+04 3.172e+02 2.349e+02
|    ( QUESTION0_17_R 1 -3.326e+04 3.843e+02 1.415e+02
|        ( - -1.546e+04 1 0)
|        ( QUESTION0 1 -1.742e+04 2.406e+02 7.438e+01
|            ( WDBNDRY_E 0 -6.531e+03 2.017e+02 2.926e+01
|                ( - -1.120e+03 1 0)
|                ( - -5.210e+03 2 0 WDBNDRY_B 0 1.144e+02 2.326e+01))
|            ( - -1.065e+04 4 0 QUESTION0_3_R 1 1.573e+02 4.513e+01)))
|    ( QUESTION0 -1 -2.232e+04 4.602e+02 9.341e+01
|        ( - 1.941e+02 1 0)
|        ( WDBNDRY_E 0 -2.206e+04 1.844e+02 9.241e+01
|            ( - -7.561e+02 1 0)
|            ( QUESTION14 -1 -2.111e+04 1.683e+02 8.841e+01
|                ( - -5.456e+02 1 0)
|                ( - -2.040e+04 4 0 WDBNDRY_B 0 1.255e+02 8.541e+01)))))
s>    ( QUESTION2_0_L -1 -5.590e+04 3.172e+02 2.349e+02
s>        ( QUESTION0_17_R 1 -3.326e+04 3.843e+02 1.415e+02
s>            ( - -1.546e+04 1 0)
s>            ( QUESTION0 1 -1.742e+04 2.406e+02 7.438e+01
s>                ( WDBNDRY_E 0 -6.531e+03 2.017e+02 2.926e+01
s>                    ( - -1.120e+03 1 0)
s>                    ( - -5.210e+03 2 0 WDBNDRY_B 0 1.144e+02 2.326e+01))
s>                ( - -1.065e+04 4 0 QUESTION0_3_R 1 1.573e+02 4.513e+01)))
s>        ( QUESTION0 -1 -2.232e+04 4.602e+02 9.341e+01
s>            ( - 1.941e+02 1 0)
s>            ( WDBNDRY_E 0 -2.206e+04 1.844e+02 9.241e+01
s>                ( - -7.561e+02 1 0)
s>                ( QUESTION14 -1 -2.111e+04 1.683e+02 8.841e+01
s>                    ( - -5.456e+02 1 0)
s>                    ( - -2.040e+04 4 0 WDBNDRY_B 0 1.255e+02 8.541e+01)))))INFO: dtree.c(1315): Comp split 2
INFO: dtree.c(1478): Final simple tree
|( QUESTION2_0_L -1 -5.564e+04 3.197e+02 2.339e+02
|    ( QUESTION0_17_R 1 -3.326e+04 3.843e+02 1.415e+02
|        ( - -1.546e+04 1 0)
|        ( QUESTION0 1 -1.742e+04 2.406e+02 7.438e+01
|            ( WDBNDRY_E 0 -6.531e+03 2.017e+02 2.926e+01
|                ( - -1.120e+03 1 0)
|                ( - -5.210e+03 2 0 WDBNDRY_B 0 1.144e+02 2.326e+01))
|            ( QUESTION0_3_R 1 -1.065e+04 1.573e+02 4.513e+01
|                ( - -1.444e+03 1 0)
|                ( - -9.052e+03 3 0 QUESTION0_1_R 1 1.575e+02 3.913e+01))))
|    ( WDBNDRY_E 0 -2.206e+04 1.844e+02 9.241e+01
|        ( - -7.561e+02 1 0)
|        ( QUESTION14 -1 -2.111e+04 1.683e+02 8.841e+01
|            ( - -5.456e+02 1 0)
|            ( - -2.040e+04 4 0 WDBNDRY_B 0 1.255e+02 8.541e+01))))
s>    ( QUESTION2_0_L -1 -5.564e+04 3.197e+02 2.339e+02
s>        ( QUESTION0_17_R 1 -3.326e+04 3.843e+02 1.415e+02
s>            ( - -1.546e+04 1 0)
s>            ( QUESTION0 1 -1.742e+04 2.406e+02 7.438e+01
s>                ( WDBNDRY_E 0 -6.531e+03 2.017e+02 2.926e+01
s>                    ( - -1.120e+03 1 0)
s>                    ( - -5.210e+03 2 0 WDBNDRY_B 0 1.144e+02 2.326e+01))
s>                ( QUESTION0_3_R 1 -1.065e+04 1.573e+02 4.513e+01
s>                    ( - -1.444e+03 1 0)
s>                    ( - -9.052e+03 3 0 QUESTION0_1_R 1 1.575e+02 3.913e+01))))
s>        ( WDBNDRY_E 0 -2.206e+04 1.844e+02 9.241e+01
s>            ( - -7.561e+02 1 0)
s>            ( QUESTION14 -1 -2.111e+04 1.683e+02 8.841e+01
s>                ( - -5.456e+02 1 0)
s>                ( - -2.040e+04 4 0 WDBNDRY_B 0 1.255e+02 8.541e+01))))INFO: dtree.c(1315): Comp split 3
INFO: dtree.c(1478): Final simple tree
|( QUESTION0 1 -1.813e+04 2.445e+02 7.738e+01
|    ( WDBNDRY_E 0 -6.531e+03 2.017e+02 2.926e+01
|        ( - -1.120e+03 1 0)
|        ( WDBNDRY_B 0 -5.210e+03 1.144e+02 2.326e+01
|            ( - -4.266e+03 1 0)
|            ( - -8.288e+02 1 0)))
|    ( QUESTION0_3_R 1 -1.135e+04 1.594e+02 4.813e+01
|        ( - -1.444e+03 1 0)
|        ( QUESTION0_1_R 1 -9.748e+03 1.585e+02 4.213e+01
|            ( - -2.673e+03 1 0)
|            ( WDBNDRY_B 0 -6.917e+03 1.500e+02 2.990e+01
|                ( - -5.456e+02 1 0)
|                ( WDBNDRY_E 0 -6.222e+03 1.336e+02 2.690e+01
|                    ( - -4.354e+03 1 0)
|                    ( - -1.734e+03 1 0))))))
s>    ( QUESTION0 1 -1.813e+04 2.445e+02 7.738e+01
s>        ( WDBNDRY_E 0 -6.531e+03 2.017e+02 2.926e+01
s>            ( - -1.120e+03 1 0)
s>            ( WDBNDRY_B 0 -5.210e+03 1.144e+02 2.326e+01
s>                ( - -4.266e+03 1 0)
s>                ( - -8.288e+02 1 0)))
s>        ( QUESTION0_3_R 1 -1.135e+04 1.594e+02 4.813e+01
s>            ( - -1.444e+03 1 0)
s>            ( QUESTION0_1_R 1 -9.748e+03 1.585e+02 4.213e+01
s>                ( - -2.673e+03 1 0)
s>                ( WDBNDRY_B 0 -6.917e+03 1.500e+02 2.990e+01
s>                    ( - -5.456e+02 1 0)
s>                    ( WDBNDRY_E 0 -6.222e+03 1.336e+02 2.690e+01
s>                        ( - -4.354e+03 1 0)
s>                        ( - -1.734e+03 1 0))))))INFO: dtree.c(1439): stop. leaf nodes are specific
INFO: dtree.c(1478): Final simple tree
|( QUESTION0 -1 -3.711e+04 3.159e+02 1.565e+02
|    ( - -1.546e+04 1 0)
|    ( WDBNDRY_E 0 -2.134e+04 1.852e+02 8.941e+01
|        ( - -7.561e+02 1 0)
|        ( WDBNDRY_B 0 -2.040e+04 1.255e+02 8.541e+01
|            ( - -2.738e+03 2 0)
|            ( QUESTION0_14_R 1 -1.754e+04 1.284e+02 7.441e+01
|                ( - -6.016e+02 1 0)
|                ( - -1.681e+04 1 0)))))
s>    ( QUESTION0 -1 -3.711e+04 3.159e+02 1.565e+02
s>        ( - -1.546e+04 1 0)
s>        ( WDBNDRY_E 0 -2.134e+04 1.852e+02 8.941e+01
s>            ( - -7.561e+02 1 0)
s>            ( WDBNDRY_B 0 -2.040e+04 1.255e+02 8.541e+01
s>                ( - -2.738e+03 2 0)
s>                ( QUESTION0_14_R 1 -1.754e+04 1.284e+02 7.441e+01
s>                    ( - -6.016e+02 1 0)
s>                    ( - -1.681e+04 1 0)))))INFO: dtree.c(1315): Comp split 4
INFO: dtree.c(1439): stop. leaf nodes are specific
INFO: dtree.c(1478): Final simple tree
|( WDBNDRY_B 0 -1.618e+04 1.225e+02 7.007e+01
|    ( - -1.546e+04 1 0)
|    ( - -6.016e+02 1 0))
s>    ( WDBNDRY_B 0 -1.618e+04 1.225e+02 7.007e+01
s>        ( - -1.546e+04 1 0)
s>        ( - -6.016e+02 1 0))INFO: dtree.c(1439): stop. leaf nodes are specific
INFO: dtree.c(1478): Final simple tree
|( WDBNDRY_E 0 -2.061e+04 1.863e+02 8.641e+01
|    ( - -7.561e+02 1 0)
|    ( WDBNDRY_B 0 -1.967e+04 1.228e+02 8.241e+01
|        ( - -2.738e+03 2 0)
|        ( - -1.681e+04 1 0)))
s>    ( WDBNDRY_E 0 -2.061e+04 1.863e+02 8.641e+01
s>        ( - -7.561e+02 1 0)
s>        ( WDBNDRY_B 0 -1.967e+04 1.228e+02 8.241e+01
s>            ( - -2.738e+03 2 0)
s>            ( - -1.681e+04 1 0)))INFO: dtree.c(1315): Comp split 5
INFO: dtree.c(1439): stop. leaf nodes are specific
INFO: dtree.c(1478): Final simple tree
|( QUESTION0_3_R 1 -1.135e+04 1.594e+02 4.813e+01
|    ( - -1.444e+03 1 0)
|    ( QUESTION0_1_R 1 -9.748e+03 1.585e+02 4.213e+01
|        ( - -2.673e+03 1 0)
|        ( WDBNDRY_B 0 -6.917e+03 1.500e+02 2.990e+01
|            ( - -5.456e+02 1 0)
|            ( WDBNDRY_E 0 -6.222e+03 1.336e+02 2.690e+01
|                ( - -4.354e+03 1 0)
|                ( - -1.734e+03 1 0)))))
s>    ( QUESTION0_3_R 1 -1.135e+04 1.594e+02 4.813e+01
s>        ( - -1.444e+03 1 0)
s>        ( QUESTION0_1_R 1 -9.748e+03 1.585e+02 4.213e+01
s>            ( - -2.673e+03 1 0)
s>            ( WDBNDRY_B 0 -6.917e+03 1.500e+02 2.990e+01
s>                ( - -5.456e+02 1 0)
s>                ( WDBNDRY_E 0 -6.222e+03 1.336e+02 2.690e+01
s>                    ( - -4.354e+03 1 0)
s>                    ( - -1.734e+03 1 0)))))INFO: dtree.c(1439): stop. leaf nodes are specific
INFO: dtree.c(1478): Final simple tree
|( WDBNDRY_E 0 -6.531e+03 2.017e+02 2.926e+01
|    ( - -1.120e+03 1 0)
|    ( WDBNDRY_B 0 -5.210e+03 1.144e+02 2.326e+01
|        ( - -4.266e+03 1 0)
|        ( - -8.288e+02 1 0)))
s>    ( WDBNDRY_E 0 -6.531e+03 2.017e+02 2.926e+01
s>        ( - -1.120e+03 1 0)
s>        ( WDBNDRY_B 0 -5.210e+03 1.144e+02 2.326e+01
s>            ( - -4.266e+03 1 0)
s>            ( - -8.288e+02 1 0)))INFO: dtree.c(1315): Comp split 6
INFO: dtree.c(1439): stop. leaf nodes are specific
INFO: dtree.c(1478): Final simple tree
|( WDBNDRY_B 0 -5.210e+03 1.144e+02 2.326e+01
|    ( - -4.266e+03 1 0)
|    ( - -8.288e+02 1 0))
s>    ( WDBNDRY_B 0 -5.210e+03 1.144e+02 2.326e+01
s>        ( - -4.266e+03 1 0)
s>        ( - -8.288e+02 1 0))INFO: dtree.c(1315): Comp split 7
INFO: dtree.c(1439): stop. leaf nodes are specific
INFO: dtree.c(1478): Final simple tree
|( WDBNDRY_B 0 -1.967e+04 1.228e+02 8.241e+01
|    ( - -2.738e+03 2 0)
|    ( - -1.681e+04 1 0))
s>    ( WDBNDRY_B 0 -1.967e+04 1.228e+02 8.241e+01
s>        ( - -2.738e+03 2 0)
s>        ( - -1.681e+04 1 0))INFO: dtree.c(1315): Comp split 8
INFO: dtree.c(1439): stop. leaf nodes are specific
INFO: dtree.c(1478): Final simple tree
|( QUESTION0_1_R 1 -9.748e+03 1.585e+02 4.213e+01
|    ( - -2.673e+03 1 0)
|    ( WDBNDRY_B 0 -6.917e+03 1.500e+02 2.990e+01
|        ( - -5.456e+02 1 0)
|        ( WDBNDRY_E 0 -6.222e+03 1.336e+02 2.690e+01
|            ( - -4.354e+03 1 0)
|            ( - -1.734e+03 1 0))))
s>    ( QUESTION0_1_R 1 -9.748e+03 1.585e+02 4.213e+01
s>        ( - -2.673e+03 1 0)
s>        ( WDBNDRY_B 0 -6.917e+03 1.500e+02 2.990e+01
s>            ( - -5.456e+02 1 0)
s>            ( WDBNDRY_E 0 -6.222e+03 1.336e+02 2.690e+01
s>                ( - -4.354e+03 1 0)
s>                ( - -1.734e+03 1 0))))INFO: dtree.c(1315): Comp split 9
INFO: dtree.c(1439): stop. leaf nodes are specific
INFO: dtree.c(1478): Final simple tree
|( WDBNDRY_B 0 -6.917e+03 1.500e+02 2.990e+01
|    ( - -5.456e+02 1 0)
|    ( WDBNDRY_E 0 -6.222e+03 1.336e+02 2.690e+01
|        ( - -4.354e+03 1 0)
|        ( - -1.734e+03 1 0)))
s>    ( WDBNDRY_B 0 -6.917e+03 1.500e+02 2.990e+01
s>        ( - -5.456e+02 1 0)
s>        ( WDBNDRY_E 0 -6.222e+03 1.336e+02 2.690e+01
s>            ( - -4.354e+03 1 0)
s>            ( - -1.734e+03 1 0)))INFO: dtree.c(1315): Comp split 10
INFO: dtree.c(1439): stop. leaf nodes are specific
INFO: dtree.c(1478): Final simple tree
|( WDBNDRY_E 0 -6.222e+03 1.336e+02 2.690e+01
|    ( - -4.354e+03 1 0)
|    ( - -1.734e+03 1 0))
s>    ( WDBNDRY_E 0 -6.222e+03 1.336e+02 2.690e+01
s>        ( - -4.354e+03 1 0)
s>        ( - -1.734e+03 1 0))INFO: dtree.c(1315): Comp split 11
INFO: dtree.c(1315): Comp split 12
INFO: dtree.c(1315): Comp split 13
INFO: dtree.c(1315): Comp split 14
INFO: dtree.c(1315): Comp split 15
INFO: dtree.c(1318): stop. leaf nodes are specific
Fri Jan  6 22:27:39 2023
