Current configuration:
[NAME]		[DEFLT]	[VALUE]
-allphones	no	no
-cntthresh	0.00001	1.000000e-05
-csplitmax	100	2000
-csplitmin	1	1
-csplitthr	8e-4	0.000000e+00
-example	no	no
-fullvar	no	no
-help		no	no
-meanfn			/mnt/c/users/robin/onedrive/desktop/cmu/Cebuano/model_parameters/Cebuano.cd_cont_untied/means
-mixwfn			/mnt/c/users/robin/onedrive/desktop/cmu/Cebuano/model_parameters/Cebuano.cd_cont_untied/mixture_weights
-moddeffn		/mnt/c/users/robin/onedrive/desktop/cmu/Cebuano/model_architecture/Cebuano.untied.mdef
-mwfloor	1e-4	1.000000e-08
-phone			AO
-psetfn			/mnt/c/users/robin/onedrive/desktop/cmu/Cebuano/model_architecture/Cebuano.tree_questions
-ssplitmax	5	7
-ssplitmin	1	1
-ssplitthr	8e-4	0.000000e+00
-state			2
-stwt			1.0,0.05,0.0,
-treefn			/mnt/c/users/robin/onedrive/desktop/cmu/Cebuano/trees/Cebuano.unpruned/AO-2.dtree
-ts2cbfn	.semi.	.cont.
-varfloor	0.00001	1.000000e-05
-varfn			/mnt/c/users/robin/onedrive/desktop/cmu/Cebuano/model_parameters/Cebuano.cd_cont_untied/variances

INFO: main.c(223): Reading: /mnt/c/users/robin/onedrive/desktop/cmu/Cebuano/model_architecture/Cebuano.untied.mdef
INFO: model_def_io.c(573): Model definition info:
INFO: model_def_io.c(574): 7744 total models defined (40 base, 7704 tri)
INFO: model_def_io.c(575): 30976 total states
INFO: model_def_io.c(576): 23232 total tied states
INFO: model_def_io.c(577): 120 total tied CI states
INFO: model_def_io.c(578): 40 total tied transition matrices
INFO: model_def_io.c(579): 4 max state/model
INFO: model_def_io.c(580): 4 min state/model
INFO: main.c(242): Building trees for [AO AA R b] through [AO Z N i]
INFO: main.c(268): Covering states |[4491 4853]| == 363
INFO: main.c(275): Reading: /mnt/c/users/robin/onedrive/desktop/cmu/Cebuano/model_parameters/Cebuano.cd_cont_untied/mixture_weights
INFO: s3mixw_io.c(172): Read /mnt/c/users/robin/onedrive/desktop/cmu/Cebuano/model_parameters/Cebuano.cd_cont_untied/mixture_weights [363x1x1 array]
INFO: main.c(311): 121 of 121 models have observation count greater than 0.000010
INFO: main.c(95): nrm stwt: 0.000 0.048 0.952 
INFO: s3gau_io.c(168): Read /mnt/c/users/robin/onedrive/desktop/cmu/Cebuano/model_parameters/Cebuano.cd_cont_untied/means [23232x1x1 array]
INFO: s3gau_io.c(168): Read /mnt/c/users/robin/onedrive/desktop/cmu/Cebuano/model_parameters/Cebuano.cd_cont_untied/variances [23232x1x1 array]
INFO: main.c(549): Reading: /mnt/c/users/robin/onedrive/desktop/cmu/Cebuano/model_architecture/Cebuano.tree_questions
INFO: main.c(587): 180 total simple questions (172 phone; 8 word bndry)
INFO: main.c(589): 42 Left Only questions, and 42 Right Only questions
INFO: dtree.c(1478): Final simple tree
|( QUESTION0_14_R 1 -2.018e+06 1.843e+04 8.582e+03
|    ( - -3.231e+05 21 0 QUESTION2_11_L -1 9.739e+02 1.382e+03)
|    ( QUESTION0_10_R 1 -1.677e+06 1.160e+04 7.200e+03
|        ( - -2.498e+05 9 0 QUESTION2_6_L -1 2.656e+03 1.100e+03)
|        ( QUESTION0_9_R 1 -1.415e+06 8.322e+03 6.100e+03
|            ( - -2.564e+05 14 0 QUESTION0_12_R 1 2.515e+03 1.162e+03)
|            ( QUESTION0_17_R 1 -1.151e+06 5.585e+03 4.938e+03
|                ( - -3.875e+05 20 0 QUESTION16 -1 1.896e+03 1.688e+03)
|                ( QUESTION11 1 -7.576e+05 4.430e+03 3.250e+03
|                    ( QUESTION2_13_L -1 -4.225e+05 3.257e+03 1.846e+03
|                        ( - -1.367e+05 7 0 QUESTION0 -1 1.312e+03 5.928e+02)
|                        ( - -2.826e+05 16 0 QUESTION2_1_L -1 8.765e+02 1.253e+03))
|                    ( SILENCE 1 -3.306e+05 3.500e+03 1.405e+03
|                        ( - -5.933e+04 4 0 QUESTION13 -1 4.535e+02 2.753e+02)
|                        ( - -2.677e+05 30 0 QUESTION0_4_R 1 1.840e+03 1.129e+03)))))))
s>    ( QUESTION0_14_R 1 -2.018e+06 1.843e+04 8.582e+03
s>        ( - -3.231e+05 21 0 QUESTION2_11_L -1 9.739e+02 1.382e+03)
s>        ( QUESTION0_10_R 1 -1.677e+06 1.160e+04 7.200e+03
s>            ( - -2.498e+05 9 0 QUESTION2_6_L -1 2.656e+03 1.100e+03)
s>            ( QUESTION0_9_R 1 -1.415e+06 8.322e+03 6.100e+03
s>                ( - -2.564e+05 14 0 QUESTION0_12_R 1 2.515e+03 1.162e+03)
s>                ( QUESTION0_17_R 1 -1.151e+06 5.585e+03 4.938e+03
s>                    ( - -3.875e+05 20 0 QUESTION16 -1 1.896e+03 1.688e+03)
s>                    ( QUESTION11 1 -7.576e+05 4.430e+03 3.250e+03
s>                        ( QUESTION2_13_L -1 -4.225e+05 3.257e+03 1.846e+03
s>                            ( - -1.367e+05 7 0 QUESTION0 -1 1.312e+03 5.928e+02)
s>                            ( - -2.826e+05 16 0 QUESTION2_1_L -1 8.765e+02 1.253e+03))
s>                        ( SILENCE 1 -3.306e+05 3.500e+03 1.405e+03
s>                            ( - -5.933e+04 4 0 QUESTION13 -1 4.535e+02 2.753e+02)
s>                            ( - -2.677e+05 30 0 QUESTION0_4_R 1 1.840e+03 1.129e+03)))))))INFO: dtree.c(1315): Comp split 0
INFO: dtree.c(1478): Final simple tree
|( QUESTION0_10_R 1 -1.677e+06 1.160e+04 7.200e+03
|    ( QUESTION2_6_L -1 -2.498e+05 2.656e+03 1.100e+03
|        ( - -2.024e+05 2 0 QUESTION12 -1 1.498e+03 9.055e+02)
|        ( - -4.470e+04 7 0 QUESTION14 1 2.944e+02 1.941e+02))
|    ( QUESTION0_9_R 1 -1.415e+06 8.322e+03 6.100e+03
|        ( - -2.564e+05 14 0 QUESTION0_12_R 1 2.515e+03 1.162e+03)
|        ( QUESTION0_17_R 1 -1.151e+06 5.585e+03 4.938e+03
|            ( - -3.875e+05 20 0 QUESTION16 -1 1.896e+03 1.688e+03)
|            ( QUESTION11 1 -7.576e+05 4.430e+03 3.250e+03
|                ( QUESTION2_13_L -1 -4.225e+05 3.257e+03 1.846e+03
|                    ( - -1.367e+05 7 0 QUESTION0 -1 1.312e+03 5.928e+02)
|                    ( - -2.826e+05 16 0 QUESTION2_1_L -1 8.765e+02 1.253e+03))
|                ( SILENCE 1 -3.306e+05 3.500e+03 1.405e+03
|                    ( - -5.933e+04 4 0 QUESTION13 -1 4.535e+02 2.753e+02)
|                    ( - -2.677e+05 30 0 QUESTION0_4_R 1 1.840e+03 1.129e+03))))))
s>    ( QUESTION0_10_R 1 -1.677e+06 1.160e+04 7.200e+03
s>        ( QUESTION2_6_L -1 -2.498e+05 2.656e+03 1.100e+03
s>            ( - -2.024e+05 2 0 QUESTION12 -1 1.498e+03 9.055e+02)
s>            ( - -4.470e+04 7 0 QUESTION14 1 2.944e+02 1.941e+02))
s>        ( QUESTION0_9_R 1 -1.415e+06 8.322e+03 6.100e+03
s>            ( - -2.564e+05 14 0 QUESTION0_12_R 1 2.515e+03 1.162e+03)
s>            ( QUESTION0_17_R 1 -1.151e+06 5.585e+03 4.938e+03
s>                ( - -3.875e+05 20 0 QUESTION16 -1 1.896e+03 1.688e+03)
s>                ( QUESTION11 1 -7.576e+05 4.430e+03 3.250e+03
s>                    ( QUESTION2_13_L -1 -4.225e+05 3.257e+03 1.846e+03
s>                        ( - -1.367e+05 7 0 QUESTION0 -1 1.312e+03 5.928e+02)
s>                        ( - -2.826e+05 16 0 QUESTION2_1_L -1 8.765e+02 1.253e+03))
s>                    ( SILENCE 1 -3.306e+05 3.500e+03 1.405e+03
s>                        ( - -5.933e+04 4 0 QUESTION13 -1 4.535e+02 2.753e+02)
s>                        ( - -2.677e+05 30 0 QUESTION0_4_R 1 1.840e+03 1.129e+03))))))INFO: dtree.c(1478): Final simple tree
|( QUESTION2_11_L -1 -3.231e+05 9.739e+02 1.382e+03
|    ( - -4.674e+04 1 0)
|    ( QUESTION2_7_L -1 -2.754e+05 9.306e+02 1.169e+03
|        ( - -2.678e+04 1 0)
|        ( QUESTION2_15_L -1 -2.477e+05 7.657e+02 1.051e+03
|            ( - -3.670e+04 4 0 WDBNDRY_E 0 2.690e+02 1.657e+02)
|            ( QUESTION12 -1 -2.102e+05 7.798e+02 8.852e+02
|                ( WDBNDRY_I 0 -7.699e+04 4.453e+02 3.291e+02
|                    ( - -3.956e+04 3 0)
|                    ( - -3.699e+04 2 0 WDBNDRY_B 0 2.224e+02 1.594e+02))
|                ( QUESTION2_9_L -1 -1.325e+05 4.685e+02 5.561e+02
|                    ( - -4.016e+04 3 0)
|                    ( QUESTION10 -1 -9.183e+04 2.982e+02 3.901e+02
|                        ( - -1.974e+04 1 0)
|                        ( - -7.179e+04 6 0 QUESTION2_19_L -1 2.440e+02 3.035e+02)))))))
s>    ( QUESTION2_11_L -1 -3.231e+05 9.739e+02 1.382e+03
s>        ( - -4.674e+04 1 0)
s>        ( QUESTION2_7_L -1 -2.754e+05 9.306e+02 1.169e+03
s>            ( - -2.678e+04 1 0)
s>            ( QUESTION2_15_L -1 -2.477e+05 7.657e+02 1.051e+03
s>                ( - -3.670e+04 4 0 WDBNDRY_E 0 2.690e+02 1.657e+02)
s>                ( QUESTION12 -1 -2.102e+05 7.798e+02 8.852e+02
s>                    ( WDBNDRY_I 0 -7.699e+04 4.453e+02 3.291e+02
s>                        ( - -3.956e+04 3 0)
s>                        ( - -3.699e+04 2 0 WDBNDRY_B 0 2.224e+02 1.594e+02))
s>                    ( QUESTION2_9_L -1 -1.325e+05 4.685e+02 5.561e+02
s>                        ( - -4.016e+04 3 0)
s>                        ( QUESTION10 -1 -9.183e+04 2.982e+02 3.901e+02
s>                            ( - -1.974e+04 1 0)
s>                            ( - -7.179e+04 6 0 QUESTION2_19_L -1 2.440e+02 3.035e+02)))))))INFO: dtree.c(1315): Comp split 1
INFO: dtree.c(1439): stop. leaf nodes are specific
INFO: dtree.c(1478): Final simple tree
|( QUESTION12 -1 -2.024e+05 1.498e+03 9.055e+02
|    ( - -3.333e+04 1 0)
|    ( - -1.676e+05 1 0))
s>    ( QUESTION12 -1 -2.024e+05 1.498e+03 9.055e+02
s>        ( - -3.333e+04 1 0)
s>        ( - -1.676e+05 1 0))INFO: dtree.c(1478): Final simple tree
|( QUESTION0_11_R 1 -1.461e+06 8.450e+03 6.294e+03
|    ( QUESTION0_12_R 1 -2.564e+05 2.515e+03 1.162e+03
|        ( QUESTION2_7_L -1 -2.053e+05 2.270e+03 9.285e+02
|            ( - -1.034e+05 1 0)
|            ( - -9.964e+04 12 0 QUESTION16 -1 5.638e+02 4.352e+02))
|        ( - -4.858e+04 1 0))
|    ( QUESTION0_17_R 1 -1.196e+06 5.623e+03 5.132e+03
|        ( - -3.875e+05 20 0 QUESTION16 -1 1.896e+03 1.688e+03)
|        ( QUESTION11 1 -8.033e+05 4.620e+03 3.444e+03
|            ( QUESTION2_13_L -1 -4.681e+05 2.913e+03 2.040e+03
|                ( - -1.707e+05 9 0 QUESTION0 -1 1.275e+03 7.382e+02)
|                ( - -2.945e+05 21 0 QUESTION2_1_L -1 8.856e+02 1.301e+03))
|            ( SILENCE 1 -3.306e+05 3.500e+03 1.405e+03
|                ( - -5.933e+04 4 0 QUESTION13 -1 4.535e+02 2.753e+02)
|                ( - -2.677e+05 30 0 QUESTION0_4_R 1 1.840e+03 1.129e+03)))))
s>    ( QUESTION0_11_R 1 -1.461e+06 8.450e+03 6.294e+03
s>        ( QUESTION0_12_R 1 -2.564e+05 2.515e+03 1.162e+03
s>            ( QUESTION2_7_L -1 -2.053e+05 2.270e+03 9.285e+02
s>                ( - -1.034e+05 1 0)
s>                ( - -9.964e+04 12 0 QUESTION16 -1 5.638e+02 4.352e+02))
s>            ( - -4.858e+04 1 0))
s>        ( QUESTION0_17_R 1 -1.196e+06 5.623e+03 5.132e+03
s>            ( - -3.875e+05 20 0 QUESTION16 -1 1.896e+03 1.688e+03)
s>            ( QUESTION11 1 -8.033e+05 4.620e+03 3.444e+03
s>                ( QUESTION2_13_L -1 -4.681e+05 2.913e+03 2.040e+03
s>                    ( - -1.707e+05 9 0 QUESTION0 -1 1.275e+03 7.382e+02)
s>                    ( - -2.945e+05 21 0 QUESTION2_1_L -1 8.856e+02 1.301e+03))
s>                ( SILENCE 1 -3.306e+05 3.500e+03 1.405e+03
s>                    ( - -5.933e+04 4 0 QUESTION13 -1 4.535e+02 2.753e+02)
s>                    ( - -2.677e+05 30 0 QUESTION0_4_R 1 1.840e+03 1.129e+03)))))INFO: dtree.c(1315): Comp split 2
INFO: dtree.c(1478): Final simple tree
|( SILENCE 1 -3.192e+05 3.459e+03 1.438e+03
|    ( QUESTION13 -1 -5.933e+04 4.535e+02 2.753e+02
|        ( - 2.432e+02 1 0)
|        ( - -5.912e+04 3 0 WDBNDRY_E 0 3.774e+02 2.743e+02))
|    ( QUESTION0_12_R 1 -2.564e+05 2.515e+03 1.162e+03
|        ( QUESTION2_7_L -1 -2.053e+05 2.270e+03 9.285e+02
|            ( - -1.034e+05 1 0)
|            ( QUESTION16 -1 -9.964e+04 5.638e+02 4.352e+02
|                ( - -1.142e+04 1 0)
|                ( QUESTION3 -1 -8.766e+04 4.402e+02 3.831e+02
|                    ( - 2.110e+02 1 0)
|                    ( WDBNDRY_B 0 -8.743e+04 3.881e+02 3.821e+02
|                        ( - -3.602e+04 4 0 QUESTION2_10_L -1 2.137e+02 1.579e+02)
|                        ( - -5.101e+04 6 0 QUESTION2_10_L -1 4.748e+02 2.242e+02)))))
|        ( - -4.858e+04 1 0)))
s>    ( SILENCE 1 -3.192e+05 3.459e+03 1.438e+03
s>        ( QUESTION13 -1 -5.933e+04 4.535e+02 2.753e+02
s>            ( - 2.432e+02 1 0)
s>            ( - -5.912e+04 3 0 WDBNDRY_E 0 3.774e+02 2.743e+02))
s>        ( QUESTION0_12_R 1 -2.564e+05 2.515e+03 1.162e+03
s>            ( QUESTION2_7_L -1 -2.053e+05 2.270e+03 9.285e+02
s>                ( - -1.034e+05 1 0)
s>                ( QUESTION16 -1 -9.964e+04 5.638e+02 4.352e+02
s>                    ( - -1.142e+04 1 0)
s>                    ( QUESTION3 -1 -8.766e+04 4.402e+02 3.831e+02
s>                        ( - 2.110e+02 1 0)
s>                        ( WDBNDRY_B 0 -8.743e+04 3.881e+02 3.821e+02
s>                            ( - -3.602e+04 4 0 QUESTION2_10_L -1 2.137e+02 1.579e+02)
s>                            ( - -5.101e+04 6 0 QUESTION2_10_L -1 4.748e+02 2.242e+02)))))
s>            ( - -4.858e+04 1 0)))INFO: dtree.c(1478): Final simple tree
|( QUESTION0_17_R 1 -1.133e+06 5.455e+03 4.857e+03
|    ( QUESTION16 -1 -3.875e+05 1.896e+03 1.688e+03
|        ( - -3.375e+04 2 0 QUESTION2_1_L -1 2.367e+02 1.531e+02)
|        ( QUESTION2_1_L -1 -3.518e+05 1.491e+03 1.535e+03
|            ( - -1.605e+05 8 0 QUESTION3 -1 5.351e+02 7.054e+02)
|            ( - -1.899e+05 10 0 WDBNDRY_B 0 6.602e+02 8.294e+02)))
|    ( QUESTION10 1 -7.401e+05 4.391e+03 3.169e+03
|        ( - -1.868e+05 19 0 QUESTION0_1_R 1 8.388e+02 7.866e+02)
|        ( QUESTION2_13_L -1 -5.490e+05 2.484e+03 2.382e+03
|            ( QUESTION0_1_R 1 -1.850e+05 1.536e+03 7.979e+02
|                ( - -1.271e+05 6 0 WDBNDRY_E 0 1.328e+03 5.525e+02)
|                ( - -5.635e+04 6 0 QUESTION0_9_R 1 5.057e+02 2.454e+02))
|            ( QUESTION0_2_R 1 -3.615e+05 2.218e+03 1.585e+03
|                ( - -6.479e+04 8 0 QUESTION10 -1 5.079e+02 2.830e+02)
|                ( - -2.945e+05 21 0 QUESTION2_1_L -1 8.856e+02 1.301e+03)))))
s>    ( QUESTION0_17_R 1 -1.133e+06 5.455e+03 4.857e+03
s>        ( QUESTION16 -1 -3.875e+05 1.896e+03 1.688e+03
s>            ( - -3.375e+04 2 0 QUESTION2_1_L -1 2.367e+02 1.531e+02)
s>            ( QUESTION2_1_L -1 -3.518e+05 1.491e+03 1.535e+03
s>                ( - -1.605e+05 8 0 QUESTION3 -1 5.351e+02 7.054e+02)
s>                ( - -1.899e+05 10 0 WDBNDRY_B 0 6.602e+02 8.294e+02)))
s>        ( QUESTION10 1 -7.401e+05 4.391e+03 3.169e+03
s>            ( - -1.868e+05 19 0 QUESTION0_1_R 1 8.388e+02 7.866e+02)
s>            ( QUESTION2_13_L -1 -5.490e+05 2.484e+03 2.382e+03
s>                ( QUESTION0_1_R 1 -1.850e+05 1.536e+03 7.979e+02
s>                    ( - -1.271e+05 6 0 WDBNDRY_E 0 1.328e+03 5.525e+02)
s>                    ( - -5.635e+04 6 0 QUESTION0_9_R 1 5.057e+02 2.454e+02))
s>                ( QUESTION0_2_R 1 -3.615e+05 2.218e+03 1.585e+03
s>                    ( - -6.479e+04 8 0 QUESTION10 -1 5.079e+02 2.830e+02)
s>                    ( - -2.945e+05 21 0 QUESTION2_1_L -1 8.856e+02 1.301e+03)))))INFO: dtree.c(1315): Comp split 3
INFO: dtree.c(1478): Final simple tree
|( QUESTION0_1_R 1 -3.520e+05 1.381e+03 1.547e+03
|    ( QUESTION2_1_L -1 -2.816e+05 8.842e+02 1.249e+03
|        ( QUESTION2_8_L -1 -2.033e+05 5.416e+02 9.014e+02
|            ( - -2.250e+04 1 0)
|            ( QUESTION11 -1 -1.802e+05 2.938e+02 7.968e+02
|                ( - -1.885e+04 1 0)
|                ( - -1.611e+05 5 0 WDBNDRY_E 0 2.300e+02 7.113e+02)))
|        ( WDBNDRY_I 0 -7.741e+04 3.946e+02 3.474e+02
|            ( QUESTION9 -1 -6.819e+04 3.572e+02 3.093e+02
|                ( - -1.937e+04 2 0 QUESTION12 -1 1.763e+02 9.054e+01)
|                ( - -4.847e+04 4 0 QUESTION0 -1 1.551e+02 2.188e+02))
|            ( - -8.830e+03 2 0 WDBNDRY_B 0 1.423e+02 3.805e+01)))
|    ( QUESTION15 1 -6.901e+04 5.741e+02 2.981e+02
|        ( - -4.121e+04 7 0 QUESTION9 -1 2.595e+02 1.795e+02)
|        ( - -2.722e+04 5 0 QUESTION0_6_R 1 2.499e+02 1.186e+02)))
s>    ( QUESTION0_1_R 1 -3.520e+05 1.381e+03 1.547e+03
s>        ( QUESTION2_1_L -1 -2.816e+05 8.842e+02 1.249e+03
s>            ( QUESTION2_8_L -1 -2.033e+05 5.416e+02 9.014e+02
s>                ( - -2.250e+04 1 0)
s>                ( QUESTION11 -1 -1.802e+05 2.938e+02 7.968e+02
s>                    ( - -1.885e+04 1 0)
s>                    ( - -1.611e+05 5 0 WDBNDRY_E 0 2.300e+02 7.113e+02)))
s>            ( WDBNDRY_I 0 -7.741e+04 3.946e+02 3.474e+02
s>                ( QUESTION9 -1 -6.819e+04 3.572e+02 3.093e+02
s>                    ( - -1.937e+04 2 0 QUESTION12 -1 1.763e+02 9.054e+01)
s>                    ( - -4.847e+04 4 0 QUESTION0 -1 1.551e+02 2.188e+02))
s>                ( - -8.830e+03 2 0 WDBNDRY_B 0 1.423e+02 3.805e+01)))
s>        ( QUESTION15 1 -6.901e+04 5.741e+02 2.981e+02
s>            ( - -4.121e+04 7 0 QUESTION9 -1 2.595e+02 1.795e+02)
s>            ( - -2.722e+04 5 0 QUESTION0_6_R 1 2.499e+02 1.186e+02)))INFO: dtree.c(1478): Final simple tree
|( QUESTION0_0_R 1 -7.751e+05 5.043e+03 3.310e+03
|    ( QUESTION10 1 -3.825e+05 2.125e+03 1.622e+03
|        ( - -1.868e+05 19 0 QUESTION0_1_R 1 8.388e+02 7.866e+02)
|        ( QUESTION9 -1 -1.937e+05 1.881e+03 8.355e+02
|            ( QUESTION0_1_R 1 -1.060e+05 1.127e+03 4.624e+02
|                ( - -4.315e+04 4 0 QUESTION16 -1 3.537e+02 1.903e+02)
|                ( - -6.172e+04 6 0 QUESTION10 -1 4.276e+02 2.720e+02))
|            ( WDBNDRY_E 0 -8.578e+04 1.932e+03 3.731e+02
|                ( - -4.057e+04 1 0)
|                ( - -4.328e+04 3 0 WDBNDRY_B 0 3.051e+02 1.888e+02))))
|    ( QUESTION16 -1 -3.875e+05 1.896e+03 1.688e+03
|        ( - -3.375e+04 2 0 QUESTION2_1_L -1 2.367e+02 1.531e+02)
|        ( QUESTION2_1_L -1 -3.518e+05 1.491e+03 1.535e+03
|            ( - -1.605e+05 8 0 QUESTION3 -1 5.351e+02 7.054e+02)
|            ( - -1.899e+05 10 0 WDBNDRY_B 0 6.602e+02 8.294e+02))))
s>    ( QUESTION0_0_R 1 -7.751e+05 5.043e+03 3.310e+03
s>        ( QUESTION10 1 -3.825e+05 2.125e+03 1.622e+03
s>            ( - -1.868e+05 19 0 QUESTION0_1_R 1 8.388e+02 7.866e+02)
s>            ( QUESTION9 -1 -1.937e+05 1.881e+03 8.355e+02
s>                ( QUESTION0_1_R 1 -1.060e+05 1.127e+03 4.624e+02
s>                    ( - -4.315e+04 4 0 QUESTION16 -1 3.537e+02 1.903e+02)
s>                    ( - -6.172e+04 6 0 QUESTION10 -1 4.276e+02 2.720e+02))
s>                ( WDBNDRY_E 0 -8.578e+04 1.932e+03 3.731e+02
s>                    ( - -4.057e+04 1 0)
s>                    ( - -4.328e+04 3 0 WDBNDRY_B 0 3.051e+02 1.888e+02))))
s>        ( QUESTION16 -1 -3.875e+05 1.896e+03 1.688e+03
s>            ( - -3.375e+04 2 0 QUESTION2_1_L -1 2.367e+02 1.531e+02)
s>            ( QUESTION2_1_L -1 -3.518e+05 1.491e+03 1.535e+03
s>                ( - -1.605e+05 8 0 QUESTION3 -1 5.351e+02 7.054e+02)
s>                ( - -1.899e+05 10 0 WDBNDRY_B 0 6.602e+02 8.294e+02))))INFO: dtree.c(1315): Comp split 4
INFO: dtree.c(1478): Final simple tree
|( QUESTION10 1 -3.825e+05 2.125e+03 1.622e+03
|    ( QUESTION0_1_R 1 -1.868e+05 8.388e+02 7.866e+02
|        ( - -1.583e+05 13 0 QUESTION16 -1 3.038e+02 6.675e+02)
|        ( - -2.762e+04 6 0 QUESTION13 -1 2.719e+02 1.191e+02))
|    ( QUESTION9 -1 -1.937e+05 1.881e+03 8.355e+02
|        ( QUESTION0_1_R 1 -1.060e+05 1.127e+03 4.624e+02
|            ( QUESTION16 -1 -4.315e+04 3.537e+02 1.903e+02
|                ( - -2.705e+04 2 0)
|                ( - -1.575e+04 2 0 WDBNDRY_E 0 5.562e+02 6.864e+01))
|            ( QUESTION10 -1 -6.172e+04 4.276e+02 2.720e+02
|                ( - -5.008e+04 1 0)
|                ( - -1.122e+04 5 0 QUESTION0_7_R 1 2.888e+02 4.964e+01)))
|        ( WDBNDRY_E 0 -8.578e+04 1.932e+03 3.731e+02
|            ( - -4.057e+04 1 0)
|            ( - -4.328e+04 3 0 WDBNDRY_B 0 3.051e+02 1.888e+02))))
s>    ( QUESTION10 1 -3.825e+05 2.125e+03 1.622e+03
s>        ( QUESTION0_1_R 1 -1.868e+05 8.388e+02 7.866e+02
s>            ( - -1.583e+05 13 0 QUESTION16 -1 3.038e+02 6.675e+02)
s>            ( - -2.762e+04 6 0 QUESTION13 -1 2.719e+02 1.191e+02))
s>        ( QUESTION9 -1 -1.937e+05 1.881e+03 8.355e+02
s>            ( QUESTION0_1_R 1 -1.060e+05 1.127e+03 4.624e+02
s>                ( QUESTION16 -1 -4.315e+04 3.537e+02 1.903e+02
s>                    ( - -2.705e+04 2 0)
s>                    ( - -1.575e+04 2 0 WDBNDRY_E 0 5.562e+02 6.864e+01))
s>                ( QUESTION10 -1 -6.172e+04 4.276e+02 2.720e+02
s>                    ( - -5.008e+04 1 0)
s>                    ( - -1.122e+04 5 0 QUESTION0_7_R 1 2.888e+02 4.964e+01)))
s>            ( WDBNDRY_E 0 -8.578e+04 1.932e+03 3.731e+02
s>                ( - -4.057e+04 1 0)
s>                ( - -4.328e+04 3 0 WDBNDRY_B 0 3.051e+02 1.888e+02))))INFO: dtree.c(1478): Final simple tree
|( QUESTION16 -1 -3.875e+05 1.896e+03 1.688e+03
|    ( - -3.375e+04 2 0 QUESTION2_1_L -1 2.367e+02 1.531e+02)
|    ( QUESTION2_1_L -1 -3.518e+05 1.491e+03 1.535e+03
|        ( QUESTION3 -1 -1.605e+05 5.351e+02 7.054e+02
|            ( - -8.838e+03 1 0)
|            ( QUESTION10 -1 -1.511e+05 4.202e+02 6.662e+02
|                ( - -1.252e+05 5 0 QUESTION2_10_L -1 2.199e+02 5.519e+02)
|                ( QUESTION2 -1 -2.545e+04 3.422e+02 1.144e+02
|                    ( - -1.046e+04 1 0)
|                    ( - -1.465e+04 1 0))))
|        ( WDBNDRY_B 0 -1.899e+05 6.602e+02 8.294e+02
|            ( - -3.845e+04 6 0 QUESTION1 -1 2.757e+02 1.657e+02)
|            ( QUESTION2_0_L -1 -1.508e+05 4.400e+02 6.637e+02
|                ( - -1.222e+05 2 0 QUESTION0 -1 2.385e+02 5.407e+02)
|                ( - -2.810e+04 2 0 QUESTION0 -1 3.403e+02 1.230e+02)))))
s>    ( QUESTION16 -1 -3.875e+05 1.896e+03 1.688e+03
s>        ( - -3.375e+04 2 0 QUESTION2_1_L -1 2.367e+02 1.531e+02)
s>        ( QUESTION2_1_L -1 -3.518e+05 1.491e+03 1.535e+03
s>            ( QUESTION3 -1 -1.605e+05 5.351e+02 7.054e+02
s>                ( - -8.838e+03 1 0)
s>                ( QUESTION10 -1 -1.511e+05 4.202e+02 6.662e+02
s>                    ( - -1.252e+05 5 0 QUESTION2_10_L -1 2.199e+02 5.519e+02)
s>                    ( QUESTION2 -1 -2.545e+04 3.422e+02 1.144e+02
s>                        ( - -1.046e+04 1 0)
s>                        ( - -1.465e+04 1 0))))
s>            ( WDBNDRY_B 0 -1.899e+05 6.602e+02 8.294e+02
s>                ( - -3.845e+04 6 0 QUESTION1 -1 2.757e+02 1.657e+02)
s>                ( QUESTION2_0_L -1 -1.508e+05 4.400e+02 6.637e+02
s>                    ( - -1.222e+05 2 0 QUESTION0 -1 2.385e+02 5.407e+02)
s>                    ( - -2.810e+04 2 0 QUESTION0 -1 3.403e+02 1.230e+02)))))INFO: dtree.c(1315): Comp split 5
INFO: dtree.c(1478): Final simple tree
|( QUESTION0_12_R 1 -2.564e+05 2.515e+03 1.162e+03
|    ( QUESTION2_7_L -1 -2.053e+05 2.270e+03 9.285e+02
|        ( - -1.034e+05 1 0)
|        ( QUESTION16 -1 -9.964e+04 5.638e+02 4.352e+02
|            ( - -1.142e+04 1 0)
|            ( QUESTION3 -1 -8.766e+04 4.402e+02 3.831e+02
|                ( - 2.110e+02 1 0)
|                ( WDBNDRY_B 0 -8.743e+04 3.881e+02 3.821e+02
|                    ( - -3.602e+04 4 0 QUESTION2_10_L -1 2.137e+02 1.579e+02)
|                    ( QUESTION2_10_L -1 -5.101e+04 4.748e+02 2.242e+02
|                        ( - -2.013e+04 3 0 QUESTION2 -1 1.327e+02 8.953e+01)
|                        ( QUESTION2_6_L -1 -3.041e+04 2.892e+02 1.347e+02
|                            ( - -5.999e+02 1 0)
|                            ( - -2.952e+04 2 0 QUESTION10 -1 1.838e+02 1.307e+02)))))))
|    ( - -4.858e+04 1 0))
s>    ( QUESTION0_12_R 1 -2.564e+05 2.515e+03 1.162e+03
s>        ( QUESTION2_7_L -1 -2.053e+05 2.270e+03 9.285e+02
s>            ( - -1.034e+05 1 0)
s>            ( QUESTION16 -1 -9.964e+04 5.638e+02 4.352e+02
s>                ( - -1.142e+04 1 0)
s>                ( QUESTION3 -1 -8.766e+04 4.402e+02 3.831e+02
s>                    ( - 2.110e+02 1 0)
s>                    ( WDBNDRY_B 0 -8.743e+04 3.881e+02 3.821e+02
s>                        ( - -3.602e+04 4 0 QUESTION2_10_L -1 2.137e+02 1.579e+02)
s>                        ( QUESTION2_10_L -1 -5.101e+04 4.748e+02 2.242e+02
s>                            ( - -2.013e+04 3 0 QUESTION2 -1 1.327e+02 8.953e+01)
s>                            ( QUESTION2_6_L -1 -3.041e+04 2.892e+02 1.347e+02
s>                                ( - -5.999e+02 1 0)
s>                                ( - -2.952e+04 2 0 QUESTION10 -1 1.838e+02 1.307e+02)))))))
s>        ( - -4.858e+04 1 0))INFO: dtree.c(1439): stop. leaf nodes are specific
INFO: dtree.c(1478): Final simple tree
|( QUESTION13 -1 -5.933e+04 4.535e+02 2.753e+02
|    ( - 2.432e+02 1 0)
|    ( WDBNDRY_E 0 -5.912e+04 3.774e+02 2.743e+02
|        ( QUESTION0 -1 -3.410e+04 2.495e+02 1.581e+02
|            ( - -3.336e+04 1 0)
|            ( - -4.890e+02 1 0))
|        ( - -2.464e+04 1 0)))
s>    ( QUESTION13 -1 -5.933e+04 4.535e+02 2.753e+02
s>        ( - 2.432e+02 1 0)
s>        ( WDBNDRY_E 0 -5.912e+04 3.774e+02 2.743e+02
s>            ( QUESTION0 -1 -3.410e+04 2.495e+02 1.581e+02
s>                ( - -3.336e+04 1 0)
s>                ( - -4.890e+02 1 0))
s>            ( - -2.464e+04 1 0)))INFO: dtree.c(1315): Comp split 6
INFO: dtree.c(1478): Final simple tree
|( QUESTION0_1_R 1 -1.506e+05 1.659e+03 6.512e+02
|    ( QUESTION0 -1 -8.417e+04 8.127e+02 3.681e+02
|        ( - -4.020e+04 1 0)
|        ( QUESTION16 -1 -4.315e+04 3.537e+02 1.903e+02
|            ( - -2.705e+04 2 0)
|            ( WDBNDRY_E 0 -1.575e+04 5.562e+02 6.864e+01
|                ( - -4.229e+03 1 0)
|                ( - -1.097e+04 1 0))))
|    ( QUESTION10 -1 -6.479e+04 5.079e+02 2.830e+02
|        ( - -5.008e+04 1 0)
|        ( QUESTION2_0_L -1 -1.421e+04 2.796e+02 6.062e+01
|            ( QUESTION2 -1 -7.712e+03 2.228e+02 3.200e+01
|                ( - -1.990e+03 1 0)
|                ( - -5.499e+03 2 0 WDBNDRY_B 0 1.407e+02 2.402e+01))
|            ( - -6.214e+03 4 0 QUESTION14 -1 1.651e+02 2.862e+01))))
s>    ( QUESTION0_1_R 1 -1.506e+05 1.659e+03 6.512e+02
s>        ( QUESTION0 -1 -8.417e+04 8.127e+02 3.681e+02
s>            ( - -4.020e+04 1 0)
s>            ( QUESTION16 -1 -4.315e+04 3.537e+02 1.903e+02
s>                ( - -2.705e+04 2 0)
s>                ( WDBNDRY_E 0 -1.575e+04 5.562e+02 6.864e+01
s>                    ( - -4.229e+03 1 0)
s>                    ( - -1.097e+04 1 0))))
s>        ( QUESTION10 -1 -6.479e+04 5.079e+02 2.830e+02
s>            ( - -5.008e+04 1 0)
s>            ( QUESTION2_0_L -1 -1.421e+04 2.796e+02 6.062e+01
s>                ( QUESTION2 -1 -7.712e+03 2.228e+02 3.200e+01
s>                    ( - -1.990e+03 1 0)
s>                    ( - -5.499e+03 2 0 WDBNDRY_B 0 1.407e+02 2.402e+01))
s>                ( - -6.214e+03 4 0 QUESTION14 -1 1.651e+02 2.862e+01))))INFO: dtree.c(1478): Final simple tree
|( QUESTION10 1 -2.293e+05 1.927e+03 9.709e+02
|    ( QUESTION0_1_R 1 -1.868e+05 8.388e+02 7.866e+02
|        ( QUESTION16 -1 -1.583e+05 3.038e+02 6.675e+02
|            ( - -2.095e+03 1 0)
|            ( QUESTION2_10_L -1 -1.559e+05 2.934e+02 6.575e+02
|                ( WDBNDRY_E 0 -1.301e+05 2.711e+02 5.504e+02
|                    ( - -3.650e+03 1 0)
|                    ( - -1.262e+05 4 0))
|                ( QUESTION12 -1 -2.549e+04 2.226e+02 1.070e+02
|                    ( - -1.188e+04 3 0 WDBNDRY_S 0 1.349e+02 5.083e+01)
|                    ( - -1.338e+04 4 0 QUESTION2_6_L -1 2.289e+02 5.622e+01))))
|        ( QUESTION13 -1 -2.762e+04 2.719e+02 1.191e+02
|            ( - -1.675e+04 2 0)
|            ( - -1.059e+04 4 0 WDBNDRY_S 0 1.655e+02 4.551e+01)))
|    ( - -4.057e+04 1 0))
s>    ( QUESTION10 1 -2.293e+05 1.927e+03 9.709e+02
s>        ( QUESTION0_1_R 1 -1.868e+05 8.388e+02 7.866e+02
s>            ( QUESTION16 -1 -1.583e+05 3.038e+02 6.675e+02
s>                ( - -2.095e+03 1 0)
s>                ( QUESTION2_10_L -1 -1.559e+05 2.934e+02 6.575e+02
s>                    ( WDBNDRY_E 0 -1.301e+05 2.711e+02 5.504e+02
s>                        ( - -3.650e+03 1 0)
s>                        ( - -1.262e+05 4 0))
s>                    ( QUESTION12 -1 -2.549e+04 2.226e+02 1.070e+02
s>                        ( - -1.188e+04 3 0 WDBNDRY_S 0 1.349e+02 5.083e+01)
s>                        ( - -1.338e+04 4 0 QUESTION2_6_L -1 2.289e+02 5.622e+01))))
s>            ( QUESTION13 -1 -2.762e+04 2.719e+02 1.191e+02
s>                ( - -1.675e+04 2 0)
s>                ( - -1.059e+04 4 0 WDBNDRY_S 0 1.655e+02 4.551e+01)))
s>        ( - -4.057e+04 1 0))INFO: dtree.c(1315): Comp split 7
INFO: dtree.c(1478): Final simple tree
|( QUESTION2_7_L -1 -2.053e+05 2.270e+03 9.285e+02
|    ( - -1.034e+05 1 0)
|    ( QUESTION16 -1 -9.964e+04 5.638e+02 4.352e+02
|        ( - -1.142e+04 1 0)
|        ( QUESTION3 -1 -8.766e+04 4.402e+02 3.831e+02
|            ( - 2.110e+02 1 0)
|            ( WDBNDRY_B 0 -8.743e+04 3.881e+02 3.821e+02
|                ( QUESTION2_10_L -1 -3.602e+04 2.137e+02 1.579e+02
|                    ( - -9.360e+02 1 0)
|                    ( - -3.488e+04 3 0 QUESTION10 -1 1.899e+02 1.529e+02))
|                ( QUESTION2_10_L -1 -5.101e+04 4.748e+02 2.242e+02
|                    ( - -2.013e+04 3 0 QUESTION2 -1 1.327e+02 8.953e+01)
|                    ( QUESTION2_6_L -1 -3.041e+04 2.892e+02 1.347e+02
|                        ( - -5.999e+02 1 0)
|                        ( - -2.952e+04 2 0 QUESTION10 -1 1.838e+02 1.307e+02)))))))
s>    ( QUESTION2_7_L -1 -2.053e+05 2.270e+03 9.285e+02
s>        ( - -1.034e+05 1 0)
s>        ( QUESTION16 -1 -9.964e+04 5.638e+02 4.352e+02
s>            ( - -1.142e+04 1 0)
s>            ( QUESTION3 -1 -8.766e+04 4.402e+02 3.831e+02
s>                ( - 2.110e+02 1 0)
s>                ( WDBNDRY_B 0 -8.743e+04 3.881e+02 3.821e+02
s>                    ( QUESTION2_10_L -1 -3.602e+04 2.137e+02 1.579e+02
s>                        ( - -9.360e+02 1 0)
s>                        ( - -3.488e+04 3 0 QUESTION10 -1 1.899e+02 1.529e+02))
s>                    ( QUESTION2_10_L -1 -5.101e+04 4.748e+02 2.242e+02
s>                        ( - -2.013e+04 3 0 QUESTION2 -1 1.327e+02 8.953e+01)
s>                        ( QUESTION2_6_L -1 -3.041e+04 2.892e+02 1.347e+02
s>                            ( - -5.999e+02 1 0)
s>                            ( - -2.952e+04 2 0 QUESTION10 -1 1.838e+02 1.307e+02)))))))INFO: dtree.c(1315): Comp split 8
INFO: dtree.c(1439): stop. leaf nodes are specific
INFO: dtree.c(1478): Final simple tree
|( QUESTION2_8_L -1 -1.054e+05 2.507e+02 5.023e+02
|    ( - -5.999e+02 1 0)
|    ( WDBNDRY_B 0 -1.045e+05 2.119e+02 4.983e+02
|        ( - -9.360e+02 1 0)
|        ( - -1.034e+05 1 0)))
s>    ( QUESTION2_8_L -1 -1.054e+05 2.507e+02 5.023e+02
s>        ( - -5.999e+02 1 0)
s>        ( WDBNDRY_B 0 -1.045e+05 2.119e+02 4.983e+02
s>            ( - -9.360e+02 1 0)
s>            ( - -1.034e+05 1 0)))INFO: dtree.c(1478): Final simple tree
|( QUESTION16 -1 -9.761e+04 5.637e+02 4.262e+02
|    ( - -1.142e+04 1 0)
|    ( QUESTION3 -1 -8.563e+04 4.401e+02 3.741e+02
|        ( - 2.110e+02 1 0)
|        ( WDBNDRY_B 0 -8.540e+04 3.903e+02 3.731e+02
|            ( QUESTION10 -1 -3.488e+04 1.899e+02 1.529e+02
|                ( QUESTION2_6_L -1 -3.075e+04 1.368e+02 1.357e+02
|                    ( - -2.915e+04 1 0)
|                    ( - -1.465e+03 1 0))
|                ( - -3.937e+03 1 0))
|            ( QUESTION2_10_L -1 -5.013e+04 4.851e+02 2.202e+02
|                ( - -2.013e+04 3 0 QUESTION2 -1 1.327e+02 8.953e+01)
|                ( QUESTION10 -1 -2.952e+04 1.838e+02 1.307e+02
|                    ( - -1.767e+04 1 0)
|                    ( - -1.166e+04 1 0))))))
s>    ( QUESTION16 -1 -9.761e+04 5.637e+02 4.262e+02
s>        ( - -1.142e+04 1 0)
s>        ( QUESTION3 -1 -8.563e+04 4.401e+02 3.741e+02
s>            ( - 2.110e+02 1 0)
s>            ( WDBNDRY_B 0 -8.540e+04 3.903e+02 3.731e+02
s>                ( QUESTION10 -1 -3.488e+04 1.899e+02 1.529e+02
s>                    ( QUESTION2_6_L -1 -3.075e+04 1.368e+02 1.357e+02
s>                        ( - -2.915e+04 1 0)
s>                        ( - -1.465e+03 1 0))
s>                    ( - -3.937e+03 1 0))
s>                ( QUESTION2_10_L -1 -5.013e+04 4.851e+02 2.202e+02
s>                    ( - -2.013e+04 3 0 QUESTION2 -1 1.327e+02 8.953e+01)
s>                    ( QUESTION10 -1 -2.952e+04 1.838e+02 1.307e+02
s>                        ( - -1.767e+04 1 0)
s>                        ( - -1.166e+04 1 0))))))INFO: dtree.c(1315): Comp split 9
INFO: dtree.c(1478): Final simple tree
|( QUESTION0_1_R 1 -1.868e+05 8.388e+02 7.866e+02
|    ( QUESTION16 -1 -1.583e+05 3.038e+02 6.675e+02
|        ( - -2.095e+03 1 0)
|        ( QUESTION2_10_L -1 -1.559e+05 2.934e+02 6.575e+02
|            ( WDBNDRY_E 0 -1.301e+05 2.711e+02 5.504e+02
|                ( - -3.650e+03 1 0)
|                ( - -1.262e+05 4 0))
|            ( QUESTION12 -1 -2.549e+04 2.226e+02 1.070e+02
|                ( - -1.188e+04 3 0 WDBNDRY_S 0 1.349e+02 5.083e+01)
|                ( QUESTION2_6_L -1 -1.338e+04 2.289e+02 5.622e+01
|                    ( - -2.146e+03 1 0)
|                    ( - -1.101e+04 3 0 WDBNDRY_E 0 1.845e+02 4.724e+01)))))
|    ( QUESTION13 -1 -2.762e+04 2.719e+02 1.191e+02
|        ( - -1.675e+04 2 0)
|        ( - -1.059e+04 4 0 WDBNDRY_S 0 1.655e+02 4.551e+01)))
s>    ( QUESTION0_1_R 1 -1.868e+05 8.388e+02 7.866e+02
s>        ( QUESTION16 -1 -1.583e+05 3.038e+02 6.675e+02
s>            ( - -2.095e+03 1 0)
s>            ( QUESTION2_10_L -1 -1.559e+05 2.934e+02 6.575e+02
s>                ( WDBNDRY_E 0 -1.301e+05 2.711e+02 5.504e+02
s>                    ( - -3.650e+03 1 0)
s>                    ( - -1.262e+05 4 0))
s>                ( QUESTION12 -1 -2.549e+04 2.226e+02 1.070e+02
s>                    ( - -1.188e+04 3 0 WDBNDRY_S 0 1.349e+02 5.083e+01)
s>                    ( QUESTION2_6_L -1 -1.338e+04 2.289e+02 5.622e+01
s>                        ( - -2.146e+03 1 0)
s>                        ( - -1.101e+04 3 0 WDBNDRY_E 0 1.845e+02 4.724e+01)))))
s>        ( QUESTION13 -1 -2.762e+04 2.719e+02 1.191e+02
s>            ( - -1.675e+04 2 0)
s>            ( - -1.059e+04 4 0 WDBNDRY_S 0 1.655e+02 4.551e+01)))INFO: dtree.c(1315): Comp split 10
INFO: dtree.c(1478): Final simple tree
|( QUESTION2_1_L -1 -3.518e+05 1.491e+03 1.535e+03
|    ( QUESTION3 -1 -1.605e+05 5.351e+02 7.054e+02
|        ( - -8.838e+03 1 0)
|        ( QUESTION10 -1 -1.511e+05 4.202e+02 6.662e+02
|            ( - -1.252e+05 5 0 QUESTION2_10_L -1 2.199e+02 5.519e+02)
|            ( QUESTION2 -1 -2.545e+04 3.422e+02 1.144e+02
|                ( - -1.046e+04 1 0)
|                ( - -1.465e+04 1 0))))
|    ( WDBNDRY_B 0 -1.899e+05 6.602e+02 8.294e+02
|        ( - -3.845e+04 6 0 QUESTION1 -1 2.757e+02 1.657e+02)
|        ( QUESTION2_0_L -1 -1.508e+05 4.400e+02 6.637e+02
|            ( - -1.222e+05 2 0 QUESTION0 -1 2.385e+02 5.407e+02)
|            ( QUESTION0 -1 -2.810e+04 3.403e+02 1.230e+02
|                ( - -1.919e+04 1 0)
|                ( - -8.568e+03 1 0)))))
s>    ( QUESTION2_1_L -1 -3.518e+05 1.491e+03 1.535e+03
s>        ( QUESTION3 -1 -1.605e+05 5.351e+02 7.054e+02
s>            ( - -8.838e+03 1 0)
s>            ( QUESTION10 -1 -1.511e+05 4.202e+02 6.662e+02
s>                ( - -1.252e+05 5 0 QUESTION2_10_L -1 2.199e+02 5.519e+02)
s>                ( QUESTION2 -1 -2.545e+04 3.422e+02 1.144e+02
s>                    ( - -1.046e+04 1 0)
s>                    ( - -1.465e+04 1 0))))
s>        ( WDBNDRY_B 0 -1.899e+05 6.602e+02 8.294e+02
s>            ( - -3.845e+04 6 0 QUESTION1 -1 2.757e+02 1.657e+02)
s>            ( QUESTION2_0_L -1 -1.508e+05 4.400e+02 6.637e+02
s>                ( - -1.222e+05 2 0 QUESTION0 -1 2.385e+02 5.407e+02)
s>                ( QUESTION0 -1 -2.810e+04 3.403e+02 1.230e+02
s>                    ( - -1.919e+04 1 0)
s>                    ( - -8.568e+03 1 0)))))INFO: dtree.c(1439): stop. leaf nodes are specific
INFO: dtree.c(1478): Final simple tree
|( QUESTION2_1_L -1 -3.375e+04 2.367e+02 1.531e+02
|    ( - -3.306e+04 1 0)
|    ( - -4.536e+02 1 0))
s>    ( QUESTION2_1_L -1 -3.375e+04 2.367e+02 1.531e+02
s>        ( - -3.306e+04 1 0)
s>        ( - -4.536e+02 1 0))INFO: dtree.c(1315): Comp split 11
INFO: dtree.c(1478): Final simple tree
|( QUESTION10 -1 -6.721e+04 5.563e+02 2.941e+02
|    ( - -5.008e+04 1 0)
|    ( WDBNDRY_E 0 -1.658e+04 3.630e+02 7.166e+01
|        ( - -4.229e+03 1 0)
|        ( QUESTION2_0_L -1 -1.198e+04 2.707e+02 5.264e+01
|            ( WDBNDRY_B 0 -5.499e+03 1.407e+02 2.402e+01
|                ( - -6.325e+02 1 0)
|                ( - -4.726e+03 1 0))
|            ( QUESTION14 -1 -6.214e+03 1.651e+02 2.862e+01
|                ( QUESTION0_5_R 1 -1.218e+03 2.262e+02 6.000e+00
|                    ( - -6.671e+02 1 0)
|                    ( - -3.249e+02 1 0))
|                ( QUESTION12 -1 -4.831e+03 1.085e+02 2.262e+01
|                    ( - -3.293e+03 1 0)
|                    ( - -1.430e+03 1 0))))))
s>    ( QUESTION10 -1 -6.721e+04 5.563e+02 2.941e+02
s>        ( - -5.008e+04 1 0)
s>        ( WDBNDRY_E 0 -1.658e+04 3.630e+02 7.166e+01
s>            ( - -4.229e+03 1 0)
s>            ( QUESTION2_0_L -1 -1.198e+04 2.707e+02 5.264e+01
s>                ( WDBNDRY_B 0 -5.499e+03 1.407e+02 2.402e+01
s>                    ( - -6.325e+02 1 0)
s>                    ( - -4.726e+03 1 0))
s>                ( QUESTION14 -1 -6.214e+03 1.651e+02 2.862e+01
s>                    ( QUESTION0_5_R 1 -1.218e+03 2.262e+02 6.000e+00
s>                        ( - -6.671e+02 1 0)
s>                        ( - -3.249e+02 1 0))
s>                    ( QUESTION12 -1 -4.831e+03 1.085e+02 2.262e+01
s>                        ( - -3.293e+03 1 0)
s>                        ( - -1.430e+03 1 0))))))INFO: dtree.c(1439): stop. leaf nodes are specific
INFO: dtree.c(1478): Final simple tree
|( QUESTION9 -1 -8.162e+04 9.121e+02 3.571e+02
|    ( WDBNDRY_E 0 -3.828e+04 2.649e+02 1.713e+02
|        ( - -2.705e+04 2 0)
|        ( - -1.097e+04 1 0))
|    ( WDBNDRY_B 0 -4.243e+04 2.354e+02 1.858e+02
|        ( - -1.990e+03 1 0)
|        ( - -4.020e+04 1 0)))
s>    ( QUESTION9 -1 -8.162e+04 9.121e+02 3.571e+02
s>        ( WDBNDRY_E 0 -3.828e+04 2.649e+02 1.713e+02
s>            ( - -2.705e+04 2 0)
s>            ( - -1.097e+04 1 0))
s>        ( WDBNDRY_B 0 -4.243e+04 2.354e+02 1.858e+02
s>            ( - -1.990e+03 1 0)
s>            ( - -4.020e+04 1 0)))INFO: dtree.c(1315): Comp split 12
INFO: dtree.c(1439): stop. leaf nodes are specific
INFO: dtree.c(1478): Final simple tree
|( QUESTION10 -1 -1.599e+05 4.176e+02 7.055e+02
|    ( QUESTION2_10_L -1 -1.252e+05 2.199e+02 5.519e+02
|        ( - -1.197e+05 4 0)
|        ( - -5.254e+03 1 0))
|    ( QUESTION2_5_L -1 -3.423e+04 3.553e+02 1.536e+02
|        ( - -1.465e+04 1 0)
|        ( QUESTION2 -1 -1.923e+04 2.054e+02 8.726e+01
|            ( - -1.046e+04 1 0)
|            ( - -8.568e+03 1 0))))
s>    ( QUESTION10 -1 -1.599e+05 4.176e+02 7.055e+02
s>        ( QUESTION2_10_L -1 -1.252e+05 2.199e+02 5.519e+02
s>            ( - -1.197e+05 4 0)
s>            ( - -5.254e+03 1 0))
s>        ( QUESTION2_5_L -1 -3.423e+04 3.553e+02 1.536e+02
s>            ( - -1.465e+04 1 0)
s>            ( QUESTION2 -1 -1.923e+04 2.054e+02 8.726e+01
s>                ( - -1.046e+04 1 0)
s>                ( - -8.568e+03 1 0))))INFO: dtree.c(1478): Final simple tree
|( QUESTION15 -1 -1.903e+05 6.711e+02 8.293e+02
|    ( - -1.199e+05 1 0)
|    ( QUESTION2 -1 -6.971e+04 4.410e+02 2.975e+02
|        ( - -8.838e+03 1 0)
|        ( WDBNDRY_B 0 -6.043e+04 4.255e+02 2.584e+02
|            ( QUESTION1 -1 -3.845e+04 2.757e+02 1.657e+02
|                ( QUESTION12 -1 -1.020e+04 2.180e+02 4.373e+01
|                    ( - -1.368e+03 1 0)
|                    ( - -8.614e+03 1 0))
|                ( SILENCE -1 -2.798e+04 1.909e+02 1.219e+02
|                    ( - -1.028e+04 1 0)
|                    ( - -1.751e+04 3 0 QUESTION2_0_L -1 1.495e+02 7.479e+01)))
|            ( QUESTION2_0_L -1 -2.155e+04 2.704e+02 9.276e+01
|                ( - -2.090e+03 1 0)
|                ( - -1.919e+04 1 0)))))
s>    ( QUESTION15 -1 -1.903e+05 6.711e+02 8.293e+02
s>        ( - -1.199e+05 1 0)
s>        ( QUESTION2 -1 -6.971e+04 4.410e+02 2.975e+02
s>            ( - -8.838e+03 1 0)
s>            ( WDBNDRY_B 0 -6.043e+04 4.255e+02 2.584e+02
s>                ( QUESTION1 -1 -3.845e+04 2.757e+02 1.657e+02
s>                    ( QUESTION12 -1 -1.020e+04 2.180e+02 4.373e+01
s>                        ( - -1.368e+03 1 0)
s>                        ( - -8.614e+03 1 0))
s>                    ( SILENCE -1 -2.798e+04 1.909e+02 1.219e+02
s>                        ( - -1.028e+04 1 0)
s>                        ( - -1.751e+04 3 0 QUESTION2_0_L -1 1.495e+02 7.479e+01)))
s>                ( QUESTION2_0_L -1 -2.155e+04 2.704e+02 9.276e+01
s>                    ( - -2.090e+03 1 0)
s>                    ( - -1.919e+04 1 0)))))INFO: dtree.c(1315): Comp split 13
INFO: dtree.c(1315): Comp split 14
INFO: dtree.c(1478): Final simple tree
|( QUESTION2_1_L -1 -2.723e+05 8.871e+02 1.211e+03
|    ( QUESTION2_8_L -1 -2.033e+05 5.416e+02 9.014e+02
|        ( - -2.250e+04 1 0)
|        ( QUESTION11 -1 -1.802e+05 2.938e+02 7.968e+02
|            ( - -1.885e+04 1 0)
|            ( WDBNDRY_E 0 -1.611e+05 2.300e+02 7.113e+02
|                ( - -2.928e+02 1 0)
|                ( QUESTION2 -1 -1.606e+05 2.067e+02 7.093e+02
|                    ( - -7.833e+02 1 0)
|                    ( - -1.596e+05 3 0)))))
|    ( QUESTION9 -1 -6.819e+04 3.572e+02 3.093e+02
|        ( QUESTION12 -1 -1.937e+04 1.763e+02 9.054e+01
|            ( - -1.318e+04 1 0)
|            ( - -6.008e+03 1 0))
|        ( - -4.847e+04 4 0 QUESTION0 -1 1.551e+02 2.188e+02)))
s>    ( QUESTION2_1_L -1 -2.723e+05 8.871e+02 1.211e+03
s>        ( QUESTION2_8_L -1 -2.033e+05 5.416e+02 9.014e+02
s>            ( - -2.250e+04 1 0)
s>            ( QUESTION11 -1 -1.802e+05 2.938e+02 7.968e+02
s>                ( - -1.885e+04 1 0)
s>                ( WDBNDRY_E 0 -1.611e+05 2.300e+02 7.113e+02
s>                    ( - -2.928e+02 1 0)
s>                    ( QUESTION2 -1 -1.606e+05 2.067e+02 7.093e+02
s>                        ( - -7.833e+02 1 0)
s>                        ( - -1.596e+05 3 0)))))
s>        ( QUESTION9 -1 -6.819e+04 3.572e+02 3.093e+02
s>            ( QUESTION12 -1 -1.937e+04 1.763e+02 9.054e+01
s>                ( - -1.318e+04 1 0)
s>                ( - -6.008e+03 1 0))
s>            ( - -4.847e+04 4 0 QUESTION0 -1 1.551e+02 2.188e+02)))INFO: dtree.c(1478): Final simple tree
|( QUESTION15 1 -7.822e+04 5.574e+02 3.361e+02
|    ( QUESTION9 -1 -4.121e+04 2.595e+02 1.795e+02
|        ( QUESTION13 -1 -2.594e+04 2.119e+02 1.138e+02
|            ( - -1.993e+04 1 0)
|            ( - -5.799e+03 4 0 QUESTION2_10_L -1 1.872e+02 2.509e+01))
|        ( - -1.502e+04 2 0 QUESTION0 -1 1.598e+02 6.564e+01))
|    ( QUESTION0_1_R 1 -3.645e+04 3.928e+02 1.566e+02
|        ( - -8.830e+03 2 0 WDBNDRY_B 0 1.423e+02 3.805e+01)
|        ( QUESTION0_6_R 1 -2.722e+04 2.499e+02 1.186e+02
|            ( WDBNDRY_E 0 -1.313e+04 2.824e+02 5.764e+01
|                ( - -1.160e+04 1 0)
|                ( - -1.247e+03 1 0))
|            ( WDBNDRY_B 0 -1.385e+04 2.125e+02 6.093e+01
|                ( - -2.936e+02 1 0)
|                ( - -1.334e+04 2 0 WDBNDRY_E 0 1.683e+02 5.893e+01)))))
s>    ( QUESTION15 1 -7.822e+04 5.574e+02 3.361e+02
s>        ( QUESTION9 -1 -4.121e+04 2.595e+02 1.795e+02
s>            ( QUESTION13 -1 -2.594e+04 2.119e+02 1.138e+02
s>                ( - -1.993e+04 1 0)
s>                ( - -5.799e+03 4 0 QUESTION2_10_L -1 1.872e+02 2.509e+01))
s>            ( - -1.502e+04 2 0 QUESTION0 -1 1.598e+02 6.564e+01))
s>        ( QUESTION0_1_R 1 -3.645e+04 3.928e+02 1.566e+02
s>            ( - -8.830e+03 2 0 WDBNDRY_B 0 1.423e+02 3.805e+01)
s>            ( QUESTION0_6_R 1 -2.722e+04 2.499e+02 1.186e+02
s>                ( WDBNDRY_E 0 -1.313e+04 2.824e+02 5.764e+01
s>                    ( - -1.160e+04 1 0)
s>                    ( - -1.247e+03 1 0))
s>                ( WDBNDRY_B 0 -1.385e+04 2.125e+02 6.093e+01
s>                    ( - -2.936e+02 1 0)
s>                    ( - -1.334e+04 2 0 WDBNDRY_E 0 1.683e+02 5.893e+01)))))INFO: dtree.c(1315): Comp split 15
INFO: dtree.c(1478): Final simple tree
|( QUESTION12 -1 -1.600e+05 7.676e+02 6.739e+02
|    ( - -2.678e+04 1 0)
|    ( QUESTION2_9_L -1 -1.325e+05 4.685e+02 5.561e+02
|        ( - -4.016e+04 3 0)
|        ( QUESTION10 -1 -9.183e+04 2.982e+02 3.901e+02
|            ( - -1.974e+04 1 0)
|            ( QUESTION2_19_L -1 -7.179e+04 2.440e+02 3.035e+02
|                ( - -2.151e+03 1 0)
|                ( WDBNDRY_E 0 -6.940e+04 2.379e+02 2.938e+02
|                    ( - -7.773e+02 1 0)
|                    ( SILENCE -1 -6.838e+04 1.793e+02 2.898e+02
|                        ( - -3.342e+02 1 0)
|                        ( WDBNDRY_B 0 -6.787e+04 1.773e+02 2.878e+02
|                            ( - -2.886e+03 1 0)
|                            ( - -6.480e+04 2 0))))))))
s>    ( QUESTION12 -1 -1.600e+05 7.676e+02 6.739e+02
s>        ( - -2.678e+04 1 0)
s>        ( QUESTION2_9_L -1 -1.325e+05 4.685e+02 5.561e+02
s>            ( - -4.016e+04 3 0)
s>            ( QUESTION10 -1 -9.183e+04 2.982e+02 3.901e+02
s>                ( - -1.974e+04 1 0)
s>                ( QUESTION2_19_L -1 -7.179e+04 2.440e+02 3.035e+02
s>                    ( - -2.151e+03 1 0)
s>                    ( WDBNDRY_E 0 -6.940e+04 2.379e+02 2.938e+02
s>                        ( - -7.773e+02 1 0)
s>                        ( SILENCE -1 -6.838e+04 1.793e+02 2.898e+02
s>                            ( - -3.342e+02 1 0)
s>                            ( WDBNDRY_B 0 -6.787e+04 1.773e+02 2.878e+02
s>                                ( - -2.886e+03 1 0)
s>                                ( - -6.480e+04 2 0))))))))INFO: dtree.c(1439): stop. leaf nodes are specific
INFO: dtree.c(1478): Final simple tree
|( QUESTION11 -1 -1.619e+05 8.770e+02 7.077e+02
|    ( WDBNDRY_B 0 -8.004e+04 4.507e+02 3.411e+02
|        ( - -3.511e+04 1 0)
|        ( WDBNDRY_I 0 -4.448e+04 3.358e+02 1.887e+02
|            ( - -3.956e+04 3 0)
|            ( WDBNDRY_E 0 -4.593e+03 1.853e+02 1.900e+01
|                ( - -2.748e+03 2 0)
|                ( - -1.660e+03 1 0))))
|    ( QUESTION0 -1 -8.100e+04 5.704e+02 3.666e+02
|        ( - -3.368e+04 2 0)
|        ( - -4.674e+04 1 0)))
s>    ( QUESTION11 -1 -1.619e+05 8.770e+02 7.077e+02
s>        ( WDBNDRY_B 0 -8.004e+04 4.507e+02 3.411e+02
s>            ( - -3.511e+04 1 0)
s>            ( WDBNDRY_I 0 -4.448e+04 3.358e+02 1.887e+02
s>                ( - -3.956e+04 3 0)
s>                ( WDBNDRY_E 0 -4.593e+03 1.853e+02 1.900e+01
s>                    ( - -2.748e+03 2 0)
s>                    ( - -1.660e+03 1 0))))
s>        ( QUESTION0 -1 -8.100e+04 5.704e+02 3.666e+02
s>            ( - -3.368e+04 2 0)
s>            ( - -4.674e+04 1 0)))INFO: dtree.c(1315): Comp split 16
INFO: dtree.c(1439): stop. leaf nodes are specific
INFO: dtree.c(1478): Final simple tree
|( WDBNDRY_B 0 -4.243e+04 2.354e+02 1.858e+02
|    ( - -1.990e+03 1 0)
|    ( - -4.020e+04 1 0))
s>    ( WDBNDRY_B 0 -4.243e+04 2.354e+02 1.858e+02
s>        ( - -1.990e+03 1 0)
s>        ( - -4.020e+04 1 0))INFO: dtree.c(1439): stop. leaf nodes are specific
INFO: dtree.c(1478): Final simple tree
|( WDBNDRY_E 0 -3.828e+04 2.649e+02 1.713e+02
|    ( - -2.705e+04 2 0)
|    ( - -1.097e+04 1 0))
s>    ( WDBNDRY_E 0 -3.828e+04 2.649e+02 1.713e+02
s>        ( - -2.705e+04 2 0)
s>        ( - -1.097e+04 1 0))INFO: dtree.c(1315): Comp split 17
INFO: dtree.c(1439): stop. leaf nodes are specific
INFO: dtree.c(1478): Final simple tree
|( QUESTION9 -1 -6.916e+04 3.568e+02 3.133e+02
|    ( QUESTION12 -1 -1.937e+04 1.763e+02 9.054e+01
|        ( - -1.318e+04 1 0)
|        ( - -6.008e+03 1 0))
|    ( QUESTION5 -1 -4.944e+04 1.937e+02 2.228e+02
|        ( - -7.833e+02 1 0)
|        ( QUESTION0 -1 -4.847e+04 1.551e+02 2.188e+02
|            ( QUESTION2_0_L -1 -4.561e+04 1.257e+02 2.058e+02
|                ( - -2.124e+03 1 0)
|                ( - -4.336e+04 2 0))
|            ( - -2.701e+03 1 0))))
s>    ( QUESTION9 -1 -6.916e+04 3.568e+02 3.133e+02
s>        ( QUESTION12 -1 -1.937e+04 1.763e+02 9.054e+01
s>            ( - -1.318e+04 1 0)
s>            ( - -6.008e+03 1 0))
s>        ( QUESTION5 -1 -4.944e+04 1.937e+02 2.228e+02
s>            ( - -7.833e+02 1 0)
s>            ( QUESTION0 -1 -4.847e+04 1.551e+02 2.188e+02
s>                ( QUESTION2_0_L -1 -4.561e+04 1.257e+02 2.058e+02
s>                    ( - -2.124e+03 1 0)
s>                    ( - -4.336e+04 2 0))
s>                ( - -2.701e+03 1 0))))INFO: dtree.c(1439): stop. leaf nodes are specific
INFO: dtree.c(1478): Final simple tree
|( QUESTION2_8_L -1 -2.023e+05 5.456e+02 8.974e+02
|    ( - -2.250e+04 1 0)
|    ( QUESTION10 -1 -1.792e+05 2.938e+02 7.928e+02
|        ( WDBNDRY_E 0 -1.601e+05 2.306e+02 7.073e+02
|            ( - -2.928e+02 1 0)
|            ( - -1.596e+05 3 0))
|        ( - -1.885e+04 1 0)))
s>    ( QUESTION2_8_L -1 -2.023e+05 5.456e+02 8.974e+02
s>        ( - -2.250e+04 1 0)
s>        ( QUESTION10 -1 -1.792e+05 2.938e+02 7.928e+02
s>            ( WDBNDRY_E 0 -1.601e+05 2.306e+02 7.073e+02
s>                ( - -2.928e+02 1 0)
s>                ( - -1.596e+05 3 0))
s>            ( - -1.885e+04 1 0)))INFO: dtree.c(1315): Comp split 18
INFO: dtree.c(1439): stop. leaf nodes are specific
INFO: dtree.c(1478): Final simple tree
|( QUESTION13 -1 -2.995e+04 2.744e+02 1.280e+02
|    ( - -1.675e+04 2 0)
|    ( QUESTION0_1_R 1 -1.292e+04 1.814e+02 5.449e+01
|        ( - -2.146e+03 1 0)
|        ( WDBNDRY_S 0 -1.059e+04 1.655e+02 4.551e+01
|            ( - -2.093e+03 2 0)
|            ( WDBNDRY_E 0 -8.333e+03 1.249e+02 3.653e+01
|                ( - -5.095e+03 1 0)
|                ( - -3.113e+03 1 0)))))
s>    ( QUESTION13 -1 -2.995e+04 2.744e+02 1.280e+02
s>        ( - -1.675e+04 2 0)
s>        ( QUESTION0_1_R 1 -1.292e+04 1.814e+02 5.449e+01
s>            ( - -2.146e+03 1 0)
s>            ( WDBNDRY_S 0 -1.059e+04 1.655e+02 4.551e+01
s>                ( - -2.093e+03 2 0)
s>                ( WDBNDRY_E 0 -8.333e+03 1.249e+02 3.653e+01
s>                    ( - -5.095e+03 1 0)
s>                    ( - -3.113e+03 1 0)))))INFO: dtree.c(1478): Final simple tree
|( QUESTION16 -1 -1.559e+05 3.037e+02 6.585e+02
|    ( - -2.095e+03 1 0)
|    ( QUESTION2_10_L -1 -1.535e+05 2.709e+02 6.485e+02
|        ( WDBNDRY_E 0 -1.301e+05 2.711e+02 5.504e+02
|            ( - -3.650e+03 1 0)
|            ( - -1.262e+05 4 0))
|        ( QUESTION12 -1 -2.313e+04 2.381e+02 9.807e+01
|            ( WDBNDRY_S 0 -1.188e+04 1.349e+02 5.083e+01
|                ( - -7.966e+02 1 0)
|                ( - -1.095e+04 2 0))
|            ( WDBNDRY_E 0 -1.101e+04 1.845e+02 4.724e+01
|                ( - -2.916e+03 1 0)
|                ( QUESTION10 -1 -7.907e+03 1.627e+02 3.425e+01
|                    ( - -4.991e+03 1 0)
|                    ( - -2.753e+03 1 0))))))
s>    ( QUESTION16 -1 -1.559e+05 3.037e+02 6.585e+02
s>        ( - -2.095e+03 1 0)
s>        ( QUESTION2_10_L -1 -1.535e+05 2.709e+02 6.485e+02
s>            ( WDBNDRY_E 0 -1.301e+05 2.711e+02 5.504e+02
s>                ( - -3.650e+03 1 0)
s>                ( - -1.262e+05 4 0))
s>            ( QUESTION12 -1 -2.313e+04 2.381e+02 9.807e+01
s>                ( WDBNDRY_S 0 -1.188e+04 1.349e+02 5.083e+01
s>                    ( - -7.966e+02 1 0)
s>                    ( - -1.095e+04 2 0))
s>                ( WDBNDRY_E 0 -1.101e+04 1.845e+02 4.724e+01
s>                    ( - -2.916e+03 1 0)
s>                    ( QUESTION10 -1 -7.907e+03 1.627e+02 3.425e+01
s>                        ( - -4.991e+03 1 0)
s>                        ( - -2.753e+03 1 0))))))INFO: dtree.c(1315): Comp split 19
INFO: dtree.c(1439): stop. leaf nodes are specific
INFO: dtree.c(1478): Final simple tree
|( WDBNDRY_B 0 -8.004e+04 4.507e+02 3.411e+02
|    ( - -3.511e+04 1 0)
|    ( WDBNDRY_I 0 -4.448e+04 3.358e+02 1.887e+02
|        ( - -3.956e+04 3 0)
|        ( WDBNDRY_E 0 -4.593e+03 1.853e+02 1.900e+01
|            ( - -2.748e+03 2 0)
|            ( - -1.660e+03 1 0))))
s>    ( WDBNDRY_B 0 -8.004e+04 4.507e+02 3.411e+02
s>        ( - -3.511e+04 1 0)
s>        ( WDBNDRY_I 0 -4.448e+04 3.358e+02 1.887e+02
s>            ( - -3.956e+04 3 0)
s>            ( WDBNDRY_E 0 -4.593e+03 1.853e+02 1.900e+01
s>                ( - -2.748e+03 2 0)
s>                ( - -1.660e+03 1 0))))INFO: dtree.c(1439): stop. leaf nodes are specific
INFO: dtree.c(1478): Final simple tree
|( QUESTION0 -1 -8.100e+04 5.704e+02 3.666e+02
|    ( - -3.368e+04 2 0)
|    ( - -4.674e+04 1 0))
s>    ( QUESTION0 -1 -8.100e+04 5.704e+02 3.666e+02
s>        ( - -3.368e+04 2 0)
s>        ( - -4.674e+04 1 0))INFO: dtree.c(1315): Comp split 20
INFO: dtree.c(1439): stop. leaf nodes are specific
INFO: dtree.c(1478): Final simple tree
|( QUESTION1 -1 -3.953e+04 4.350e+02 1.701e+02
|    ( - -8.838e+03 1 0)
|    ( SILENCE -1 -3.026e+04 2.171e+02 1.309e+02
|        ( - -1.028e+04 1 0)
|        ( WDBNDRY_B 0 -1.977e+04 1.681e+02 8.380e+01
|            ( QUESTION2_0_L -1 -1.751e+04 1.495e+02 7.479e+01
|                ( - -9.933e+03 2 0)
|                ( - -7.424e+03 1 0))
|            ( - -2.090e+03 1 0))))
s>    ( QUESTION1 -1 -3.953e+04 4.350e+02 1.701e+02
s>        ( - -8.838e+03 1 0)
s>        ( SILENCE -1 -3.026e+04 2.171e+02 1.309e+02
s>            ( - -1.028e+04 1 0)
s>            ( WDBNDRY_B 0 -1.977e+04 1.681e+02 8.380e+01
s>                ( QUESTION2_0_L -1 -1.751e+04 1.495e+02 7.479e+01
s>                    ( - -9.933e+03 2 0)
s>                    ( - -7.424e+03 1 0))
s>                ( - -2.090e+03 1 0))))INFO: dtree.c(1439): stop. leaf nodes are specific
INFO: dtree.c(1478): Final simple tree
|( QUESTION0 -1 -1.499e+05 3.835e+02 6.592e+02
|    ( - -1.919e+04 1 0)
|    ( QUESTION14 -1 -1.303e+05 2.319e+02 5.755e+02
|        ( - -8.614e+03 1 0)
|        ( WDBNDRY_B 0 -1.215e+05 1.843e+02 5.387e+02
|            ( - -1.368e+03 1 0)
|            ( - -1.199e+05 1 0))))
s>    ( QUESTION0 -1 -1.499e+05 3.835e+02 6.592e+02
s>        ( - -1.919e+04 1 0)
s>        ( QUESTION14 -1 -1.303e+05 2.319e+02 5.755e+02
s>            ( - -8.614e+03 1 0)
s>            ( WDBNDRY_B 0 -1.215e+05 1.843e+02 5.387e+02
s>                ( - -1.368e+03 1 0)
s>                ( - -1.199e+05 1 0))))INFO: dtree.c(1315): Comp split 21
INFO: dtree.c(1439): stop. leaf nodes are specific
INFO: dtree.c(1478): Final simple tree
|( QUESTION0 -1 -2.912e+04 1.830e+02 1.275e+02
|    ( - -2.151e+03 1 0)
|    ( - -2.678e+04 1 0))
s>    ( QUESTION0 -1 -2.912e+04 1.830e+02 1.275e+02
s>        ( - -2.151e+03 1 0)
s>        ( - -2.678e+04 1 0))INFO: dtree.c(1439): stop. leaf nodes are specific
INFO: dtree.c(1478): Final simple tree
|( QUESTION2_9_L -1 -1.301e+05 4.580e+02 5.464e+02
|    ( - -4.016e+04 3 0)
|    ( QUESTION10 -1 -8.944e+04 2.952e+02 3.804e+02
|        ( - -1.974e+04 1 0)
|        ( WDBNDRY_E 0 -6.940e+04 2.379e+02 2.938e+02
|            ( - -7.773e+02 1 0)
|            ( SILENCE -1 -6.838e+04 1.793e+02 2.898e+02
|                ( - -3.342e+02 1 0)
|                ( WDBNDRY_B 0 -6.787e+04 1.773e+02 2.878e+02
|                    ( - -2.886e+03 1 0)
|                    ( - -6.480e+04 2 0))))))
s>    ( QUESTION2_9_L -1 -1.301e+05 4.580e+02 5.464e+02
s>        ( - -4.016e+04 3 0)
s>        ( QUESTION10 -1 -8.944e+04 2.952e+02 3.804e+02
s>            ( - -1.974e+04 1 0)
s>            ( WDBNDRY_E 0 -6.940e+04 2.379e+02 2.938e+02
s>                ( - -7.773e+02 1 0)
s>                ( SILENCE -1 -6.838e+04 1.793e+02 2.898e+02
s>                    ( - -3.342e+02 1 0)
s>                    ( WDBNDRY_B 0 -6.787e+04 1.773e+02 2.878e+02
s>                        ( - -2.886e+03 1 0)
s>                        ( - -6.480e+04 2 0))))))INFO: dtree.c(1315): Comp split 22
INFO: dtree.c(1439): stop. leaf nodes are specific
INFO: dtree.c(1478): Final simple tree
|( WDBNDRY_B 0 -5.120e+04 3.271e+02 2.252e+02
|    ( QUESTION2_6_L -1 -3.075e+04 1.368e+02 1.357e+02
|        ( - -2.915e+04 1 0)
|        ( - -1.465e+03 1 0))
|    ( QUESTION2 -1 -2.013e+04 1.327e+02 8.953e+01
|        ( - -5.726e+02 1 0)
|        ( - -1.942e+04 2 0)))
s>    ( WDBNDRY_B 0 -5.120e+04 3.271e+02 2.252e+02
s>        ( QUESTION2_6_L -1 -3.075e+04 1.368e+02 1.357e+02
s>            ( - -2.915e+04 1 0)
s>            ( - -1.465e+03 1 0))
s>        ( QUESTION2 -1 -2.013e+04 1.327e+02 8.953e+01
s>            ( - -5.726e+02 1 0)
s>            ( - -1.942e+04 2 0)))INFO: dtree.c(1439): stop. leaf nodes are specific
INFO: dtree.c(1478): Final simple tree
|( QUESTION16 -1 -4.574e+04 4.402e+02 2.010e+02
|    ( - -1.142e+04 1 0)
|    ( QUESTION2 -1 -3.388e+04 4.377e+02 1.489e+02
|        ( - 2.110e+02 1 0)
|        ( WDBNDRY_B 0 -3.366e+04 1.990e+02 1.479e+02
|            ( - -3.937e+03 1 0)
|            ( QUESTION10 -1 -2.952e+04 1.838e+02 1.307e+02
|                ( - -1.767e+04 1 0)
|                ( - -1.166e+04 1 0)))))
s>    ( QUESTION16 -1 -4.574e+04 4.402e+02 2.010e+02
s>        ( - -1.142e+04 1 0)
s>        ( QUESTION2 -1 -3.388e+04 4.377e+02 1.489e+02
s>            ( - 2.110e+02 1 0)
s>            ( WDBNDRY_B 0 -3.366e+04 1.990e+02 1.479e+02
s>                ( - -3.937e+03 1 0)
s>                ( QUESTION10 -1 -2.952e+04 1.838e+02 1.307e+02
s>                    ( - -1.767e+04 1 0)
s>                    ( - -1.166e+04 1 0)))))INFO: dtree.c(1315): Comp split 23
INFO: dtree.c(1439): stop. leaf nodes are specific
INFO: dtree.c(1478): Final simple tree
|( QUESTION0_0_R 1 -2.523e+04 2.948e+02 1.106e+02
|    ( - -1.160e+04 1 0)
|    ( WDBNDRY_E 0 -1.334e+04 1.683e+02 5.893e+01
|        ( - -8.995e+03 1 0)
|        ( - -4.177e+03 1 0)))
s>    ( QUESTION0_0_R 1 -2.523e+04 2.948e+02 1.106e+02
s>        ( - -1.160e+04 1 0)
s>        ( WDBNDRY_E 0 -1.334e+04 1.683e+02 5.893e+01
s>            ( - -8.995e+03 1 0)
s>            ( - -4.177e+03 1 0)))INFO: dtree.c(1478): Final simple tree
|( QUESTION2_0_L -1 -5.238e+04 4.540e+02 2.255e+02
|    ( QUESTION0_9_R 1 -4.148e+04 2.500e+02 1.805e+02
|        ( QUESTION9 -1 -3.854e+04 2.539e+02 1.685e+02
|            ( WDBNDRY_E 0 -2.327e+04 1.884e+02 1.028e+02
|                ( - -1.993e+04 1 0)
|                ( - -3.155e+03 2 0))
|            ( QUESTION0 -1 -1.502e+04 1.598e+02 6.564e+01
|                ( - -1.280e+04 1 0)
|                ( - -2.056e+03 1 0)))
|        ( WDBNDRY_B 0 -2.684e+03 1.863e+02 1.200e+01
|            ( - -2.936e+02 1 0)
|            ( WDBNDRY_E 0 -2.204e+03 1.694e+02 1.000e+01
|                ( - -7.874e+02 1 0)
|                ( - -1.247e+03 1 0))))
|    ( - -1.045e+04 3 0 WDBNDRY_B 0 1.455e+02 4.505e+01))
s>    ( QUESTION2_0_L -1 -5.238e+04 4.540e+02 2.255e+02
s>        ( QUESTION0_9_R 1 -4.148e+04 2.500e+02 1.805e+02
s>            ( QUESTION9 -1 -3.854e+04 2.539e+02 1.685e+02
s>                ( WDBNDRY_E 0 -2.327e+04 1.884e+02 1.028e+02
s>                    ( - -1.993e+04 1 0)
s>                    ( - -3.155e+03 2 0))
s>                ( QUESTION0 -1 -1.502e+04 1.598e+02 6.564e+01
s>                    ( - -1.280e+04 1 0)
s>                    ( - -2.056e+03 1 0)))
s>            ( WDBNDRY_B 0 -2.684e+03 1.863e+02 1.200e+01
s>                ( - -2.936e+02 1 0)
s>                ( WDBNDRY_E 0 -2.204e+03 1.694e+02 1.000e+01
s>                    ( - -7.874e+02 1 0)
s>                    ( - -1.247e+03 1 0))))
s>        ( - -1.045e+04 3 0 WDBNDRY_B 0 1.455e+02 4.505e+01))INFO: dtree.c(1315): Comp split 24
INFO: dtree.c(1315): Comp split 25
INFO: dtree.c(1439): stop. leaf nodes are specific
INFO: dtree.c(1478): Final simple tree
|( WDBNDRY_B 0 -5.053e+04 1.251e+02 2.244e+02
|    ( - -3.249e+02 1 0)
|    ( - -5.008e+04 1 0))
s>    ( WDBNDRY_B 0 -5.053e+04 1.251e+02 2.244e+02
s>        ( - -3.249e+02 1 0)
s>        ( - -5.008e+04 1 0))INFO: dtree.c(1439): stop. leaf nodes are specific
INFO: dtree.c(1478): Final simple tree
|( WDBNDRY_E 0 -1.612e+04 3.668e+02 6.966e+01
|    ( - -4.229e+03 1 0)
|    ( QUESTION2_0_L -1 -1.152e+04 2.925e+02 5.064e+01
|        ( WDBNDRY_B 0 -5.499e+03 1.407e+02 2.402e+01
|            ( - -6.325e+02 1 0)
|            ( - -4.726e+03 1 0))
|        ( QUESTION14 -1 -5.732e+03 2.333e+02 2.662e+01
|            ( - -6.671e+02 1 0)
|            ( QUESTION12 -1 -4.831e+03 1.085e+02 2.262e+01
|                ( - -3.293e+03 1 0)
|                ( - -1.430e+03 1 0)))))
s>    ( WDBNDRY_E 0 -1.612e+04 3.668e+02 6.966e+01
s>        ( - -4.229e+03 1 0)
s>        ( QUESTION2_0_L -1 -1.152e+04 2.925e+02 5.064e+01
s>            ( WDBNDRY_B 0 -5.499e+03 1.407e+02 2.402e+01
s>                ( - -6.325e+02 1 0)
s>                ( - -4.726e+03 1 0))
s>            ( QUESTION14 -1 -5.732e+03 2.333e+02 2.662e+01
s>                ( - -6.671e+02 1 0)
s>                ( QUESTION12 -1 -4.831e+03 1.085e+02 2.262e+01
s>                    ( - -3.293e+03 1 0)
s>                    ( - -1.430e+03 1 0)))))INFO: dtree.c(1315): Comp split 26
INFO: dtree.c(1439): stop. leaf nodes are specific
INFO: dtree.c(1478): Final simple tree
|( QUESTION10 -1 -1.792e+05 2.938e+02 7.928e+02
|    ( WDBNDRY_E 0 -1.601e+05 2.306e+02 7.073e+02
|        ( - -2.928e+02 1 0)
|        ( - -1.596e+05 3 0))
|    ( - -1.885e+04 1 0))
s>    ( QUESTION10 -1 -1.792e+05 2.938e+02 7.928e+02
s>        ( WDBNDRY_E 0 -1.601e+05 2.306e+02 7.073e+02
s>            ( - -2.928e+02 1 0)
s>            ( - -1.596e+05 3 0))
s>        ( - -1.885e+04 1 0))INFO: dtree.c(1315): Comp split 27
INFO: dtree.c(1439): stop. leaf nodes are specific
INFO: dtree.c(1478): Final simple tree
|( QUESTION9 -1 -3.854e+04 2.539e+02 1.685e+02
|    ( WDBNDRY_E 0 -2.327e+04 1.884e+02 1.028e+02
|        ( - -1.993e+04 1 0)
|        ( - -3.155e+03 2 0))
|    ( QUESTION0 -1 -1.502e+04 1.598e+02 6.564e+01
|        ( - -1.280e+04 1 0)
|        ( - -2.056e+03 1 0)))
s>    ( QUESTION9 -1 -3.854e+04 2.539e+02 1.685e+02
s>        ( WDBNDRY_E 0 -2.327e+04 1.884e+02 1.028e+02
s>            ( - -1.993e+04 1 0)
s>            ( - -3.155e+03 2 0))
s>        ( QUESTION0 -1 -1.502e+04 1.598e+02 6.564e+01
s>            ( - -1.280e+04 1 0)
s>            ( - -2.056e+03 1 0)))INFO: dtree.c(1439): stop. leaf nodes are specific
INFO: dtree.c(1478): Final simple tree
|( QUESTION0_7_R 1 -1.332e+04 1.922e+02 5.705e+01
|    ( - -2.936e+02 1 0)
|    ( QUESTION2_0_L -1 -1.283e+04 1.769e+02 5.505e+01
|        ( WDBNDRY_E 0 -2.204e+03 1.694e+02 1.000e+01
|            ( - -7.874e+02 1 0)
|            ( - -1.247e+03 1 0))
|        ( WDBNDRY_B 0 -1.045e+04 1.455e+02 4.505e+01
|            ( - -1.719e+03 1 0)
|            ( WDBNDRY_S 0 -8.586e+03 1.249e+02 3.704e+01
|                ( - -6.969e+03 1 0)
|                ( - -1.492e+03 1 0)))))
s>    ( QUESTION0_7_R 1 -1.332e+04 1.922e+02 5.705e+01
s>        ( - -2.936e+02 1 0)
s>        ( QUESTION2_0_L -1 -1.283e+04 1.769e+02 5.505e+01
s>            ( WDBNDRY_E 0 -2.204e+03 1.694e+02 1.000e+01
s>                ( - -7.874e+02 1 0)
s>                ( - -1.247e+03 1 0))
s>            ( WDBNDRY_B 0 -1.045e+04 1.455e+02 4.505e+01
s>                ( - -1.719e+03 1 0)
s>                ( WDBNDRY_S 0 -8.586e+03 1.249e+02 3.704e+01
s>                    ( - -6.969e+03 1 0)
s>                    ( - -1.492e+03 1 0)))))INFO: dtree.c(1315): Comp split 28
INFO: dtree.c(1439): stop. leaf nodes are specific
INFO: dtree.c(1478): Final simple tree
|( QUESTION11 -1 -8.533e+04 2.770e+02 3.639e+02
|    ( - -6.480e+04 2 0)
|    ( WDBNDRY_B 0 -2.025e+04 1.738e+02 8.863e+01
|        ( - -3.342e+02 1 0)
|        ( - -1.974e+04 1 0)))
s>    ( QUESTION11 -1 -8.533e+04 2.770e+02 3.639e+02
s>        ( - -6.480e+04 2 0)
s>        ( WDBNDRY_B 0 -2.025e+04 1.738e+02 8.863e+01
s>            ( - -3.342e+02 1 0)
s>            ( - -1.974e+04 1 0)))INFO: dtree.c(1439): stop. leaf nodes are specific
INFO: dtree.c(1478): Final simple tree
|( WDBNDRY_E 0 -4.423e+04 2.207e+02 1.825e+02
|    ( - -7.773e+02 1 0)
|    ( WDBNDRY_B 0 -4.323e+04 1.895e+02 1.785e+02
|        ( - -2.886e+03 1 0)
|        ( - -4.016e+04 3 0)))
s>    ( WDBNDRY_E 0 -4.423e+04 2.207e+02 1.825e+02
s>        ( - -7.773e+02 1 0)
s>        ( WDBNDRY_B 0 -4.323e+04 1.895e+02 1.785e+02
s>            ( - -2.886e+03 1 0)
s>            ( - -4.016e+04 3 0)))INFO: dtree.c(1315): Comp split 29
INFO: dtree.c(1439): stop. leaf nodes are specific
INFO: dtree.c(1478): Final simple tree
|( WDBNDRY_E 0 -4.258e+04 2.777e+02 1.817e+02
|    ( - -2.748e+03 2 0)
|    ( - -3.956e+04 3 0))
s>    ( WDBNDRY_E 0 -4.258e+04 2.777e+02 1.817e+02
s>        ( - -2.748e+03 2 0)
s>        ( - -3.956e+04 3 0))INFO: dtree.c(1439): stop. leaf nodes are specific
INFO: dtree.c(1478): Final simple tree
|( WDBNDRY_B 0 -3.699e+04 2.224e+02 1.594e+02
|    ( - -3.511e+04 1 0)
|    ( - -1.660e+03 1 0))
s>    ( WDBNDRY_B 0 -3.699e+04 2.224e+02 1.594e+02
s>        ( - -3.511e+04 1 0)
s>        ( - -1.660e+03 1 0))INFO: dtree.c(1315): Comp split 30
INFO: dtree.c(1439): stop. leaf nodes are specific
INFO: dtree.c(1478): Final simple tree
|( WDBNDRY_E 0 -5.912e+04 3.774e+02 2.743e+02
|    ( QUESTION0 -1 -3.410e+04 2.495e+02 1.581e+02
|        ( - -3.336e+04 1 0)
|        ( - -4.890e+02 1 0))
|    ( - -2.464e+04 1 0))
s>    ( WDBNDRY_E 0 -5.912e+04 3.774e+02 2.743e+02
s>        ( QUESTION0 -1 -3.410e+04 2.495e+02 1.581e+02
s>            ( - -3.336e+04 1 0)
s>            ( - -4.890e+02 1 0))
s>        ( - -2.464e+04 1 0))INFO: dtree.c(1315): Comp split 31
INFO: dtree.c(1439): stop. leaf nodes are specific
INFO: dtree.c(1478): Final simple tree
|( QUESTION2 -1 -3.388e+04 4.377e+02 1.489e+02
|    ( - 2.110e+02 1 0)
|    ( WDBNDRY_B 0 -3.366e+04 1.990e+02 1.479e+02
|        ( - -3.937e+03 1 0)
|        ( QUESTION10 -1 -2.952e+04 1.838e+02 1.307e+02
|            ( - -1.767e+04 1 0)
|            ( - -1.166e+04 1 0))))
s>    ( QUESTION2 -1 -3.388e+04 4.377e+02 1.489e+02
s>        ( - 2.110e+02 1 0)
s>        ( WDBNDRY_B 0 -3.366e+04 1.990e+02 1.479e+02
s>            ( - -3.937e+03 1 0)
s>            ( QUESTION10 -1 -2.952e+04 1.838e+02 1.307e+02
s>                ( - -1.767e+04 1 0)
s>                ( - -1.166e+04 1 0))))INFO: dtree.c(1315): Comp split 32
INFO: dtree.c(1439): stop. leaf nodes are specific
INFO: dtree.c(1478): Final simple tree
|( WDBNDRY_B 0 -3.366e+04 1.990e+02 1.479e+02
|    ( - -3.937e+03 1 0)
|    ( QUESTION10 -1 -2.952e+04 1.838e+02 1.307e+02
|        ( - -1.767e+04 1 0)
|        ( - -1.166e+04 1 0)))
s>    ( WDBNDRY_B 0 -3.366e+04 1.990e+02 1.479e+02
s>        ( - -3.937e+03 1 0)
s>        ( QUESTION10 -1 -2.952e+04 1.838e+02 1.307e+02
s>            ( - -1.767e+04 1 0)
s>            ( - -1.166e+04 1 0)))INFO: dtree.c(1315): Comp split 33
INFO: dtree.c(1439): stop. leaf nodes are specific
INFO: dtree.c(1478): Final simple tree
|( SILENCE -1 -3.026e+04 2.171e+02 1.309e+02
|    ( - -1.028e+04 1 0)
|    ( WDBNDRY_B 0 -1.977e+04 1.681e+02 8.380e+01
|        ( QUESTION2_0_L -1 -1.751e+04 1.495e+02 7.479e+01
|            ( - -9.933e+03 2 0)
|            ( - -7.424e+03 1 0))
|        ( - -2.090e+03 1 0)))
s>    ( SILENCE -1 -3.026e+04 2.171e+02 1.309e+02
s>        ( - -1.028e+04 1 0)
s>        ( WDBNDRY_B 0 -1.977e+04 1.681e+02 8.380e+01
s>            ( QUESTION2_0_L -1 -1.751e+04 1.495e+02 7.479e+01
s>                ( - -9.933e+03 2 0)
s>                ( - -7.424e+03 1 0))
s>            ( - -2.090e+03 1 0)))INFO: dtree.c(1315): Comp split 34
INFO: dtree.c(1439): stop. leaf nodes are specific
INFO: dtree.c(1478): Final simple tree
|( QUESTION2_5_L -1 -3.423e+04 3.553e+02 1.536e+02
|    ( - -1.465e+04 1 0)
|    ( QUESTION2 -1 -1.923e+04 2.054e+02 8.726e+01
|        ( - -1.046e+04 1 0)
|        ( - -8.568e+03 1 0)))
s>    ( QUESTION2_5_L -1 -3.423e+04 3.553e+02 1.536e+02
s>        ( - -1.465e+04 1 0)
s>        ( QUESTION2 -1 -1.923e+04 2.054e+02 8.726e+01
s>            ( - -1.046e+04 1 0)
s>            ( - -8.568e+03 1 0)))INFO: dtree.c(1439): stop. leaf nodes are specific
INFO: dtree.c(1478): Final simple tree
|( QUESTION2_10_L -1 -1.252e+05 2.199e+02 5.519e+02
|    ( - -1.197e+05 4 0)
|    ( - -5.254e+03 1 0))
s>    ( QUESTION2_10_L -1 -1.252e+05 2.199e+02 5.519e+02
s>        ( - -1.197e+05 4 0)
s>        ( - -5.254e+03 1 0))INFO: dtree.c(1315): Comp split 35
INFO: dtree.c(1439): stop. leaf nodes are specific
INFO: dtree.c(1478): Final simple tree
|( QUESTION14 -1 -1.303e+05 2.319e+02 5.755e+02
|    ( - -8.614e+03 1 0)
|    ( WDBNDRY_B 0 -1.215e+05 1.843e+02 5.387e+02
|        ( - -1.368e+03 1 0)
|        ( - -1.199e+05 1 0)))
s>    ( QUESTION14 -1 -1.303e+05 2.319e+02 5.755e+02
s>        ( - -8.614e+03 1 0)
s>        ( WDBNDRY_B 0 -1.215e+05 1.843e+02 5.387e+02
s>            ( - -1.368e+03 1 0)
s>            ( - -1.199e+05 1 0)))INFO: dtree.c(1315): Comp split 36
INFO: dtree.c(1439): stop. leaf nodes are specific
INFO: dtree.c(1478): Final simple tree
|( QUESTION0 -1 -3.410e+04 2.495e+02 1.581e+02
|    ( - -3.336e+04 1 0)
|    ( - -4.890e+02 1 0))
s>    ( QUESTION0 -1 -3.410e+04 2.495e+02 1.581e+02
s>        ( - -3.336e+04 1 0)
s>        ( - -4.890e+02 1 0))INFO: dtree.c(1315): Comp split 37
INFO: dtree.c(1439): stop. leaf nodes are specific
INFO: dtree.c(1478): Final simple tree
|( QUESTION2_0_L -1 -1.152e+04 2.925e+02 5.064e+01
|    ( WDBNDRY_B 0 -5.499e+03 1.407e+02 2.402e+01
|        ( - -6.325e+02 1 0)
|        ( - -4.726e+03 1 0))
|    ( QUESTION14 -1 -5.732e+03 2.333e+02 2.662e+01
|        ( - -6.671e+02 1 0)
|        ( QUESTION12 -1 -4.831e+03 1.085e+02 2.262e+01
|            ( - -3.293e+03 1 0)
|            ( - -1.430e+03 1 0))))
s>    ( QUESTION2_0_L -1 -1.152e+04 2.925e+02 5.064e+01
s>        ( WDBNDRY_B 0 -5.499e+03 1.407e+02 2.402e+01
s>            ( - -6.325e+02 1 0)
s>            ( - -4.726e+03 1 0))
s>        ( QUESTION14 -1 -5.732e+03 2.333e+02 2.662e+01
s>            ( - -6.671e+02 1 0)
s>            ( QUESTION12 -1 -4.831e+03 1.085e+02 2.262e+01
s>                ( - -3.293e+03 1 0)
s>                ( - -1.430e+03 1 0))))INFO: dtree.c(1315): Comp split 38
INFO: dtree.c(1439): stop. leaf nodes are specific
INFO: dtree.c(1478): Final simple tree
|( QUESTION5 -1 -4.944e+04 1.937e+02 2.228e+02
|    ( - -7.833e+02 1 0)
|    ( QUESTION0 -1 -4.847e+04 1.551e+02 2.188e+02
|        ( QUESTION2_0_L -1 -4.561e+04 1.257e+02 2.058e+02
|            ( - -2.124e+03 1 0)
|            ( - -4.336e+04 2 0))
|        ( - -2.701e+03 1 0)))
s>    ( QUESTION5 -1 -4.944e+04 1.937e+02 2.228e+02
s>        ( - -7.833e+02 1 0)
s>        ( QUESTION0 -1 -4.847e+04 1.551e+02 2.188e+02
s>            ( QUESTION2_0_L -1 -4.561e+04 1.257e+02 2.058e+02
s>                ( - -2.124e+03 1 0)
s>                ( - -4.336e+04 2 0))
s>            ( - -2.701e+03 1 0)))INFO: dtree.c(1439): stop. leaf nodes are specific
INFO: dtree.c(1478): Final simple tree
|( QUESTION12 -1 -1.937e+04 1.763e+02 9.054e+01
|    ( - -1.318e+04 1 0)
|    ( - -6.008e+03 1 0))
s>    ( QUESTION12 -1 -1.937e+04 1.763e+02 9.054e+01
s>        ( - -1.318e+04 1 0)
s>        ( - -6.008e+03 1 0))INFO: dtree.c(1315): Comp split 39
INFO: dtree.c(1439): stop. leaf nodes are specific
INFO: dtree.c(1478): Final simple tree
|( QUESTION2 -1 -1.923e+04 2.054e+02 8.726e+01
|    ( - -1.046e+04 1 0)
|    ( - -8.568e+03 1 0))
s>    ( QUESTION2 -1 -1.923e+04 2.054e+02 8.726e+01
s>        ( - -1.046e+04 1 0)
s>        ( - -8.568e+03 1 0))INFO: dtree.c(1315): Comp split 40
INFO: dtree.c(1439): stop. leaf nodes are specific
INFO: dtree.c(1478): Final simple tree
|( WDBNDRY_E 0 -1.101e+04 1.845e+02 4.724e+01
|    ( - -2.916e+03 1 0)
|    ( QUESTION10 -1 -7.907e+03 1.627e+02 3.425e+01
|        ( - -4.991e+03 1 0)
|        ( - -2.753e+03 1 0)))
s>    ( WDBNDRY_E 0 -1.101e+04 1.845e+02 4.724e+01
s>        ( - -2.916e+03 1 0)
s>        ( QUESTION10 -1 -7.907e+03 1.627e+02 3.425e+01
s>            ( - -4.991e+03 1 0)
s>            ( - -2.753e+03 1 0)))INFO: dtree.c(1439): stop. leaf nodes are specific
INFO: dtree.c(1478): Final simple tree
|( WDBNDRY_I 0 -1.446e+05 3.169e+02 6.113e+02
|    ( QUESTION10 -1 -1.373e+05 1.617e+02 5.804e+02
|        ( - -1.262e+05 4 0)
|        ( - -1.095e+04 2 0))
|    ( QUESTION13 -1 -6.940e+03 2.451e+02 3.084e+01
|        ( - -2.095e+03 1 0)
|        ( WDBNDRY_E 0 -4.600e+03 1.530e+02 2.084e+01
|            ( - -3.650e+03 1 0)
|            ( - -7.966e+02 1 0))))
s>    ( WDBNDRY_I 0 -1.446e+05 3.169e+02 6.113e+02
s>        ( QUESTION10 -1 -1.373e+05 1.617e+02 5.804e+02
s>            ( - -1.262e+05 4 0)
s>            ( - -1.095e+04 2 0))
s>        ( QUESTION13 -1 -6.940e+03 2.451e+02 3.084e+01
s>            ( - -2.095e+03 1 0)
s>            ( WDBNDRY_E 0 -4.600e+03 1.530e+02 2.084e+01
s>                ( - -3.650e+03 1 0)
s>                ( - -7.966e+02 1 0))))INFO: dtree.c(1315): Comp split 41
INFO: dtree.c(1439): stop. leaf nodes are specific
INFO: dtree.c(1478): Final simple tree
|( QUESTION2 -1 -2.013e+04 1.327e+02 8.953e+01
|    ( - -5.726e+02 1 0)
|    ( - -1.942e+04 2 0))
s>    ( QUESTION2 -1 -2.013e+04 1.327e+02 8.953e+01
s>        ( - -5.726e+02 1 0)
s>        ( - -1.942e+04 2 0))INFO: dtree.c(1439): stop. leaf nodes are specific
INFO: dtree.c(1478): Final simple tree
|( QUESTION2_6_L -1 -3.075e+04 1.368e+02 1.357e+02
|    ( - -2.915e+04 1 0)
|    ( - -1.465e+03 1 0))
s>    ( QUESTION2_6_L -1 -3.075e+04 1.368e+02 1.357e+02
s>        ( - -2.915e+04 1 0)
s>        ( - -1.465e+03 1 0))INFO: dtree.c(1315): Comp split 42
INFO: dtree.c(1439): stop. leaf nodes are specific
INFO: dtree.c(1478): Final simple tree
|( QUESTION13 -1 -6.940e+03 2.451e+02 3.084e+01
|    ( - -2.095e+03 1 0)
|    ( WDBNDRY_E 0 -4.600e+03 1.530e+02 2.084e+01
|        ( - -3.650e+03 1 0)
|        ( - -7.966e+02 1 0)))
s>    ( QUESTION13 -1 -6.940e+03 2.451e+02 3.084e+01
s>        ( - -2.095e+03 1 0)
s>        ( WDBNDRY_E 0 -4.600e+03 1.530e+02 2.084e+01
s>            ( - -3.650e+03 1 0)
s>            ( - -7.966e+02 1 0)))INFO: dtree.c(1439): stop. leaf nodes are specific
INFO: dtree.c(1478): Final simple tree
|( QUESTION10 -1 -1.373e+05 1.617e+02 5.804e+02
|    ( - -1.262e+05 4 0)
|    ( - -1.095e+04 2 0))
s>    ( QUESTION10 -1 -1.373e+05 1.617e+02 5.804e+02
s>        ( - -1.262e+05 4 0)
s>        ( - -1.095e+04 2 0))INFO: dtree.c(1315): Comp split 43
INFO: dtree.c(1439): stop. leaf nodes are specific
INFO: dtree.c(1478): Final simple tree
|( WDBNDRY_E 0 -1.936e+04 2.151e+02 8.749e+01
|    ( - -2.928e+02 1 0)
|    ( - -1.885e+04 1 0))
s>    ( WDBNDRY_E 0 -1.936e+04 2.151e+02 8.749e+01
s>        ( - -2.928e+02 1 0)
s>        ( - -1.885e+04 1 0))INFO: dtree.c(1315): Comp split 44
INFO: dtree.c(1439): stop. leaf nodes are specific
INFO: dtree.c(1478): Final simple tree
|( WDBNDRY_E 0 -1.334e+04 1.683e+02 5.893e+01
|    ( - -8.995e+03 1 0)
|    ( - -4.177e+03 1 0))
s>    ( WDBNDRY_E 0 -1.334e+04 1.683e+02 5.893e+01
s>        ( - -8.995e+03 1 0)
s>        ( - -4.177e+03 1 0))INFO: dtree.c(1315): Comp split 45
INFO: dtree.c(1439): stop. leaf nodes are specific
INFO: dtree.c(1478): Final simple tree
|( QUESTION14 -1 -5.732e+03 2.333e+02 2.662e+01
|    ( - -6.671e+02 1 0)
|    ( QUESTION12 -1 -4.831e+03 1.085e+02 2.262e+01
|        ( - -3.293e+03 1 0)
|        ( - -1.430e+03 1 0)))
s>    ( QUESTION14 -1 -5.732e+03 2.333e+02 2.662e+01
s>        ( - -6.671e+02 1 0)
s>        ( QUESTION12 -1 -4.831e+03 1.085e+02 2.262e+01
s>            ( - -3.293e+03 1 0)
s>            ( - -1.430e+03 1 0)))INFO: dtree.c(1439): stop. leaf nodes are specific
INFO: dtree.c(1478): Final simple tree
|( WDBNDRY_B 0 -5.499e+03 1.407e+02 2.402e+01
|    ( - -6.325e+02 1 0)
|    ( - -4.726e+03 1 0))
s>    ( WDBNDRY_B 0 -5.499e+03 1.407e+02 2.402e+01
s>        ( - -6.325e+02 1 0)
s>        ( - -4.726e+03 1 0))INFO: dtree.c(1315): Comp split 46
INFO: dtree.c(1315): Comp split 47
INFO: dtree.c(1439): stop. leaf nodes are specific
INFO: dtree.c(1478): Final simple tree
|( WDBNDRY_B 0 -2.025e+04 1.738e+02 8.863e+01
|    ( - -3.342e+02 1 0)
|    ( - -1.974e+04 1 0))
s>    ( WDBNDRY_B 0 -2.025e+04 1.738e+02 8.863e+01
s>        ( - -3.342e+02 1 0)
s>        ( - -1.974e+04 1 0))INFO: dtree.c(1315): Comp split 48
INFO: dtree.c(1439): stop. leaf nodes are specific
INFO: dtree.c(1478): Final simple tree
|( QUESTION0_1_R 1 -1.292e+04 1.814e+02 5.449e+01
|    ( - -2.146e+03 1 0)
|    ( WDBNDRY_S 0 -1.059e+04 1.655e+02 4.551e+01
|        ( - -2.093e+03 2 0)
|        ( WDBNDRY_E 0 -8.333e+03 1.249e+02 3.653e+01
|            ( - -5.095e+03 1 0)
|            ( - -3.113e+03 1 0))))
s>    ( QUESTION0_1_R 1 -1.292e+04 1.814e+02 5.449e+01
s>        ( - -2.146e+03 1 0)
s>        ( WDBNDRY_S 0 -1.059e+04 1.655e+02 4.551e+01
s>            ( - -2.093e+03 2 0)
s>            ( WDBNDRY_E 0 -8.333e+03 1.249e+02 3.653e+01
s>                ( - -5.095e+03 1 0)
s>                ( - -3.113e+03 1 0))))INFO: dtree.c(1315): Comp split 49
INFO: dtree.c(1315): Comp split 50
INFO: dtree.c(1439): stop. leaf nodes are specific
INFO: dtree.c(1478): Final simple tree
|( QUESTION0 -1 -1.502e+04 1.598e+02 6.564e+01
|    ( - -1.280e+04 1 0)
|    ( - -2.056e+03 1 0))
s>    ( QUESTION0 -1 -1.502e+04 1.598e+02 6.564e+01
s>        ( - -1.280e+04 1 0)
s>        ( - -2.056e+03 1 0))INFO: dtree.c(1439): stop. leaf nodes are specific
INFO: dtree.c(1478): Final simple tree
|( WDBNDRY_E 0 -2.327e+04 1.884e+02 1.028e+02
|    ( - -1.993e+04 1 0)
|    ( - -3.155e+03 2 0))
s>    ( WDBNDRY_E 0 -2.327e+04 1.884e+02 1.028e+02
s>        ( - -1.993e+04 1 0)
s>        ( - -3.155e+03 2 0))INFO: dtree.c(1315): Comp split 51
INFO: dtree.c(1439): stop. leaf nodes are specific
INFO: dtree.c(1478): Final simple tree
|( WDBNDRY_B 0 -1.045e+05 2.119e+02 4.983e+02
|    ( - -9.360e+02 1 0)
|    ( - -1.034e+05 1 0))
s>    ( WDBNDRY_B 0 -1.045e+05 2.119e+02 4.983e+02
s>        ( - -9.360e+02 1 0)
s>        ( - -1.034e+05 1 0))INFO: dtree.c(1315): Comp split 52
INFO: dtree.c(1315): Comp split 53
INFO: dtree.c(1439): stop. leaf nodes are specific
INFO: dtree.c(1478): Final simple tree
|( WDBNDRY_E 0 -4.600e+03 1.530e+02 2.084e+01
|    ( - -3.650e+03 1 0)
|    ( - -7.966e+02 1 0))
s>    ( WDBNDRY_E 0 -4.600e+03 1.530e+02 2.084e+01
s>        ( - -3.650e+03 1 0)
s>        ( - -7.966e+02 1 0))INFO: dtree.c(1315): Comp split 54
INFO: dtree.c(1315): Comp split 55
INFO: dtree.c(1315): Comp split 56
INFO: dtree.c(1439): stop. leaf nodes are specific
INFO: dtree.c(1478): Final simple tree
|( QUESTION12 -1 -4.831e+03 1.085e+02 2.262e+01
|    ( - -3.293e+03 1 0)
|    ( - -1.430e+03 1 0))
s>    ( QUESTION12 -1 -4.831e+03 1.085e+02 2.262e+01
s>        ( - -3.293e+03 1 0)
s>        ( - -1.430e+03 1 0))INFO: dtree.c(1315): Comp split 57
INFO: dtree.c(1439): stop. leaf nodes are specific
INFO: dtree.c(1478): Final simple tree
|( WDBNDRY_B 0 -1.215e+05 1.843e+02 5.387e+02
|    ( - -1.368e+03 1 0)
|    ( - -1.199e+05 1 0))
s>    ( WDBNDRY_B 0 -1.215e+05 1.843e+02 5.387e+02
s>        ( - -1.368e+03 1 0)
s>        ( - -1.199e+05 1 0))INFO: dtree.c(1315): Comp split 58
INFO: dtree.c(1315): Comp split 59
INFO: dtree.c(1439): stop. leaf nodes are specific
INFO: dtree.c(1478): Final simple tree
|( WDBNDRY_B 0 -4.323e+04 1.895e+02 1.785e+02
|    ( - -2.886e+03 1 0)
|    ( - -4.016e+04 3 0))
s>    ( WDBNDRY_B 0 -4.323e+04 1.895e+02 1.785e+02
s>        ( - -2.886e+03 1 0)
s>        ( - -4.016e+04 3 0))INFO: dtree.c(1315): Comp split 60
INFO: dtree.c(1315): Comp split 61
INFO: dtree.c(1439): stop. leaf nodes are specific
INFO: dtree.c(1478): Final simple tree
|( WDBNDRY_B 0 -1.977e+04 1.681e+02 8.380e+01
|    ( QUESTION2_0_L -1 -1.751e+04 1.495e+02 7.479e+01
|        ( - -9.933e+03 2 0)
|        ( - -7.424e+03 1 0))
|    ( - -2.090e+03 1 0))
s>    ( WDBNDRY_B 0 -1.977e+04 1.681e+02 8.380e+01
s>        ( QUESTION2_0_L -1 -1.751e+04 1.495e+02 7.479e+01
s>            ( - -9.933e+03 2 0)
s>            ( - -7.424e+03 1 0))
s>        ( - -2.090e+03 1 0))INFO: dtree.c(1315): Comp split 62
INFO: dtree.c(1439): stop. leaf nodes are specific
INFO: dtree.c(1478): Final simple tree
|( WDBNDRY_E 0 -5.799e+03 1.304e+02 2.516e+01
|    ( - -2.916e+03 1 0)
|    ( - -2.753e+03 1 0))
s>    ( WDBNDRY_E 0 -5.799e+03 1.304e+02 2.516e+01
s>        ( - -2.916e+03 1 0)
s>        ( - -2.753e+03 1 0))INFO: dtree.c(1315): Comp split 63
INFO: dtree.c(1315): Comp split 64
INFO: dtree.c(1315): Comp split 65
INFO: dtree.c(1315): Comp split 66
INFO: dtree.c(1439): stop. leaf nodes are specific
INFO: dtree.c(1478): Final simple tree
|( QUESTION10 -1 -2.952e+04 1.838e+02 1.307e+02
|    ( - -1.767e+04 1 0)
|    ( - -1.166e+04 1 0))
s>    ( QUESTION10 -1 -2.952e+04 1.838e+02 1.307e+02
s>        ( - -1.767e+04 1 0)
s>        ( - -1.166e+04 1 0))INFO: dtree.c(1315): Comp split 67
INFO: dtree.c(1439): stop. leaf nodes are specific
INFO: dtree.c(1478): Final simple tree
|( QUESTION0 -1 -4.847e+04 1.551e+02 2.188e+02
|    ( QUESTION2_0_L -1 -4.561e+04 1.257e+02 2.058e+02
|        ( - -2.124e+03 1 0)
|        ( - -4.336e+04 2 0))
|    ( - -2.701e+03 1 0))
s>    ( QUESTION0 -1 -4.847e+04 1.551e+02 2.188e+02
s>        ( QUESTION2_0_L -1 -4.561e+04 1.257e+02 2.058e+02
s>            ( - -2.124e+03 1 0)
s>            ( - -4.336e+04 2 0))
s>        ( - -2.701e+03 1 0))INFO: dtree.c(1315): Comp split 68
INFO: dtree.c(1439): stop. leaf nodes are specific
INFO: dtree.c(1478): Final simple tree
|( QUESTION2_0_L -1 -1.283e+04 1.769e+02 5.505e+01
|    ( WDBNDRY_E 0 -2.204e+03 1.694e+02 1.000e+01
|        ( - -7.874e+02 1 0)
|        ( - -1.247e+03 1 0))
|    ( WDBNDRY_B 0 -1.045e+04 1.455e+02 4.505e+01
|        ( - -1.719e+03 1 0)
|        ( WDBNDRY_S 0 -8.586e+03 1.249e+02 3.704e+01
|            ( - -6.969e+03 1 0)
|            ( - -1.492e+03 1 0))))
s>    ( QUESTION2_0_L -1 -1.283e+04 1.769e+02 5.505e+01
s>        ( WDBNDRY_E 0 -2.204e+03 1.694e+02 1.000e+01
s>            ( - -7.874e+02 1 0)
s>            ( - -1.247e+03 1 0))
s>        ( WDBNDRY_B 0 -1.045e+04 1.455e+02 4.505e+01
s>            ( - -1.719e+03 1 0)
s>            ( WDBNDRY_S 0 -8.586e+03 1.249e+02 3.704e+01
s>                ( - -6.969e+03 1 0)
s>                ( - -1.492e+03 1 0))))INFO: dtree.c(1315): Comp split 69
INFO: dtree.c(1315): Comp split 70
INFO: dtree.c(1315): Comp split 71
INFO: dtree.c(1315): Comp split 72
INFO: dtree.c(1315): Comp split 73
INFO: dtree.c(1315): Comp split 74
INFO: dtree.c(1439): stop. leaf nodes are specific
INFO: dtree.c(1478): Final simple tree
|( WDBNDRY_S 0 -1.059e+04 1.655e+02 4.551e+01
|    ( - -2.093e+03 2 0)
|    ( WDBNDRY_E 0 -8.333e+03 1.249e+02 3.653e+01
|        ( - -5.095e+03 1 0)
|        ( - -3.113e+03 1 0)))
s>    ( WDBNDRY_S 0 -1.059e+04 1.655e+02 4.551e+01
s>        ( - -2.093e+03 2 0)
s>        ( WDBNDRY_E 0 -8.333e+03 1.249e+02 3.653e+01
s>            ( - -5.095e+03 1 0)
s>            ( - -3.113e+03 1 0)))INFO: dtree.c(1315): Comp split 75
INFO: dtree.c(1439): stop. leaf nodes are specific
INFO: dtree.c(1478): Final simple tree
|( WDBNDRY_B 0 -9.654e+03 1.398e+02 4.105e+01
|    ( - -7.424e+03 1 0)
|    ( - -2.090e+03 1 0))
s>    ( WDBNDRY_B 0 -9.654e+03 1.398e+02 4.105e+01
s>        ( - -7.424e+03 1 0)
s>        ( - -2.090e+03 1 0))INFO: dtree.c(1315): Comp split 76
INFO: dtree.c(1439): stop. leaf nodes are specific
INFO: dtree.c(1478): Final simple tree
|( WDBNDRY_B 0 -1.045e+04 1.455e+02 4.505e+01
|    ( - -1.719e+03 1 0)
|    ( WDBNDRY_S 0 -8.586e+03 1.249e+02 3.704e+01
|        ( - -6.969e+03 1 0)
|        ( - -1.492e+03 1 0)))
s>    ( WDBNDRY_B 0 -1.045e+04 1.455e+02 4.505e+01
s>        ( - -1.719e+03 1 0)
s>        ( WDBNDRY_S 0 -8.586e+03 1.249e+02 3.704e+01
s>            ( - -6.969e+03 1 0)
s>            ( - -1.492e+03 1 0)))INFO: dtree.c(1439): stop. leaf nodes are specific
INFO: dtree.c(1478): Final simple tree
|( WDBNDRY_E 0 -2.204e+03 1.694e+02 1.000e+01
|    ( - -7.874e+02 1 0)
|    ( - -1.247e+03 1 0))
s>    ( WDBNDRY_E 0 -2.204e+03 1.694e+02 1.000e+01
s>        ( - -7.874e+02 1 0)
s>        ( - -1.247e+03 1 0))INFO: dtree.c(1315): Comp split 77
INFO: dtree.c(1315): Comp split 78
INFO: dtree.c(1315): Comp split 79
INFO: dtree.c(1315): Comp split 80
INFO: dtree.c(1315): Comp split 81
INFO: dtree.c(1439): stop. leaf nodes are specific
INFO: dtree.c(1478): Final simple tree
|( WDBNDRY_E 0 -8.333e+03 1.249e+02 3.653e+01
|    ( - -5.095e+03 1 0)
|    ( - -3.113e+03 1 0))
s>    ( WDBNDRY_E 0 -8.333e+03 1.249e+02 3.653e+01
s>        ( - -5.095e+03 1 0)
s>        ( - -3.113e+03 1 0))INFO: dtree.c(1315): Comp split 82
INFO: dtree.c(1315): Comp split 83
INFO: dtree.c(1315): Comp split 84
INFO: dtree.c(1439): stop. leaf nodes are specific
INFO: dtree.c(1478): Final simple tree
|( QUESTION2_0_L -1 -4.561e+04 1.257e+02 2.058e+02
|    ( - -2.124e+03 1 0)
|    ( - -4.336e+04 2 0))
s>    ( QUESTION2_0_L -1 -4.561e+04 1.257e+02 2.058e+02
s>        ( - -2.124e+03 1 0)
s>        ( - -4.336e+04 2 0))INFO: dtree.c(1315): Comp split 85
INFO: dtree.c(1315): Comp split 86
INFO: dtree.c(1439): stop. leaf nodes are specific
INFO: dtree.c(1478): Final simple tree
|( WDBNDRY_S 0 -8.586e+03 1.249e+02 3.704e+01
|    ( - -6.969e+03 1 0)
|    ( - -1.492e+03 1 0))
s>    ( WDBNDRY_S 0 -8.586e+03 1.249e+02 3.704e+01
s>        ( - -6.969e+03 1 0)
s>        ( - -1.492e+03 1 0))INFO: dtree.c(1315): Comp split 87
INFO: dtree.c(1315): Comp split 88
INFO: dtree.c(1315): Comp split 89
INFO: dtree.c(1315): Comp split 90
INFO: dtree.c(1315): Comp split 91
INFO: dtree.c(1315): Comp split 92
INFO: dtree.c(1315): Comp split 93
INFO: dtree.c(1315): Comp split 94
INFO: dtree.c(1315): Comp split 95
INFO: dtree.c(1315): Comp split 96
INFO: dtree.c(1315): Comp split 97
INFO: dtree.c(1318): stop. leaf nodes are specific
Fri Jan  6 22:27:48 2023
