Current configuration:
[NAME]		[DEFLT]	[VALUE]
-allphones	no	no
-cntthresh	0.00001	1.000000e-05
-csplitmax	100	2000
-csplitmin	1	1
-csplitthr	8e-4	0.000000e+00
-example	no	no
-fullvar	no	no
-help		no	no
-meanfn			/mnt/c/users/robin/onedrive/desktop/cmu/Cebuano/model_parameters/Cebuano.cd_cont_untied/means
-mixwfn			/mnt/c/users/robin/onedrive/desktop/cmu/Cebuano/model_parameters/Cebuano.cd_cont_untied/mixture_weights
-moddeffn		/mnt/c/users/robin/onedrive/desktop/cmu/Cebuano/model_architecture/Cebuano.untied.mdef
-mwfloor	1e-4	1.000000e-08
-phone			ER
-psetfn			/mnt/c/users/robin/onedrive/desktop/cmu/Cebuano/model_architecture/Cebuano.tree_questions
-ssplitmax	5	7
-ssplitmin	1	1
-ssplitthr	8e-4	0.000000e+00
-state			0
-stwt			1.0,0.05,0.0,
-treefn			/mnt/c/users/robin/onedrive/desktop/cmu/Cebuano/trees/Cebuano.unpruned/ER-0.dtree
-ts2cbfn	.semi.	.cont.
-varfloor	0.00001	1.000000e-05
-varfn			/mnt/c/users/robin/onedrive/desktop/cmu/Cebuano/model_parameters/Cebuano.cd_cont_untied/variances

INFO: main.c(223): Reading: /mnt/c/users/robin/onedrive/desktop/cmu/Cebuano/model_architecture/Cebuano.untied.mdef
INFO: model_def_io.c(573): Model definition info:
INFO: model_def_io.c(574): 7744 total models defined (40 base, 7704 tri)
INFO: model_def_io.c(575): 30976 total states
INFO: model_def_io.c(576): 23232 total tied states
INFO: model_def_io.c(577): 120 total tied CI states
INFO: model_def_io.c(578): 40 total tied transition matrices
INFO: model_def_io.c(579): 4 max state/model
INFO: model_def_io.c(580): 4 min state/model
INFO: main.c(242): Building trees for [ER AY V e] through [ER Z K e]
INFO: main.c(268): Covering states |[7581 7868]| == 288
INFO: main.c(275): Reading: /mnt/c/users/robin/onedrive/desktop/cmu/Cebuano/model_parameters/Cebuano.cd_cont_untied/mixture_weights
INFO: s3mixw_io.c(172): Read /mnt/c/users/robin/onedrive/desktop/cmu/Cebuano/model_parameters/Cebuano.cd_cont_untied/mixture_weights [288x1x1 array]
INFO: main.c(311): 96 of 96 models have observation count greater than 0.000010
INFO: main.c(95): nrm stwt: 0.952 0.048 0.000 
INFO: s3gau_io.c(168): Read /mnt/c/users/robin/onedrive/desktop/cmu/Cebuano/model_parameters/Cebuano.cd_cont_untied/means [23232x1x1 array]
INFO: s3gau_io.c(168): Read /mnt/c/users/robin/onedrive/desktop/cmu/Cebuano/model_parameters/Cebuano.cd_cont_untied/variances [23232x1x1 array]
INFO: main.c(549): Reading: /mnt/c/users/robin/onedrive/desktop/cmu/Cebuano/model_architecture/Cebuano.tree_questions
INFO: main.c(587): 180 total simple questions (172 phone; 8 word bndry)
INFO: main.c(589): 42 Left Only questions, and 42 Right Only questions
INFO: dtree.c(1478): Final simple tree
|( QUESTION2_17_L -1 -4.540e+05 2.110e+03 1.886e+03
|    ( WDBNDRY_B 0 -6.123e+04 1.231e+03 2.630e+02
|        ( - -2.617e+04 1 0)
|        ( - -3.383e+04 8 0 QUESTION11 1 4.202e+02 1.497e+02))
|    ( QUESTION2_10_L -1 -3.906e+05 1.182e+03 1.623e+03
|        ( SILENCE 1 -1.664e+05 1.097e+03 6.820e+02
|            ( - -2.101e+04 2 0)
|            ( QUESTION0_18_R 1 -1.443e+05 9.593e+02 5.953e+02
|                ( - -1.788e+04 1 0)
|                ( - -1.254e+05 32 0 WDBNDRY_E 0 4.332e+02 5.167e+02)))
|        ( QUESTION2_5_L -1 -2.231e+05 7.429e+02 9.409e+02
|            ( QUESTION10 -1 -9.876e+04 6.710e+02 4.243e+02
|                ( - -6.766e+04 8 0 QUESTION2_6_L -1 4.406e+02 2.923e+02)
|                ( - -3.043e+04 6 0 QUESTION2_7_L -1 3.304e+02 1.320e+02))
|            ( - -1.236e+05 38 0 QUESTION2_14_L -1 5.901e+02 5.166e+02))))
s>    ( QUESTION2_17_L -1 -4.540e+05 2.110e+03 1.886e+03
s>        ( WDBNDRY_B 0 -6.123e+04 1.231e+03 2.630e+02
s>            ( - -2.617e+04 1 0)
s>            ( - -3.383e+04 8 0 QUESTION11 1 4.202e+02 1.497e+02))
s>        ( QUESTION2_10_L -1 -3.906e+05 1.182e+03 1.623e+03
s>            ( SILENCE 1 -1.664e+05 1.097e+03 6.820e+02
s>                ( - -2.101e+04 2 0)
s>                ( QUESTION0_18_R 1 -1.443e+05 9.593e+02 5.953e+02
s>                    ( - -1.788e+04 1 0)
s>                    ( - -1.254e+05 32 0 WDBNDRY_E 0 4.332e+02 5.167e+02)))
s>            ( QUESTION2_5_L -1 -2.231e+05 7.429e+02 9.409e+02
s>                ( QUESTION10 -1 -9.876e+04 6.710e+02 4.243e+02
s>                    ( - -6.766e+04 8 0 QUESTION2_6_L -1 4.406e+02 2.923e+02)
s>                    ( - -3.043e+04 6 0 QUESTION2_7_L -1 3.304e+02 1.320e+02))
s>                ( - -1.236e+05 38 0 QUESTION2_14_L -1 5.901e+02 5.166e+02))))INFO: dtree.c(1315): Comp split 0
INFO: dtree.c(1478): Final simple tree
|( QUESTION2_10_L -1 -3.906e+05 1.182e+03 1.623e+03
|    ( SILENCE 1 -1.664e+05 1.097e+03 6.820e+02
|        ( - -2.101e+04 2 0)
|        ( QUESTION0_18_R 1 -1.443e+05 9.593e+02 5.953e+02
|            ( - -1.788e+04 1 0)
|            ( - -1.254e+05 32 0 WDBNDRY_E 0 4.332e+02 5.167e+02)))
|    ( QUESTION2_5_L -1 -2.231e+05 7.429e+02 9.409e+02
|        ( QUESTION10 -1 -9.876e+04 6.710e+02 4.243e+02
|            ( - -6.766e+04 8 0 QUESTION2_6_L -1 4.406e+02 2.923e+02)
|            ( - -3.043e+04 6 0 QUESTION2_7_L -1 3.304e+02 1.320e+02))
|        ( QUESTION2_14_L -1 -1.236e+05 5.901e+02 5.166e+02
|            ( - -1.080e+04 7 0 QUESTION0_1_R 1 4.614e+02 4.657e+01)
|            ( QUESTION2 -1 -1.122e+05 5.349e+02 4.700e+02
|                ( - -1.878e+04 10 0 QUESTION0_1_R 1 3.054e+02 7.874e+01)
|                ( - -9.286e+04 21 0 WDBNDRY_E 0 5.129e+02 3.913e+02)))))
s>    ( QUESTION2_10_L -1 -3.906e+05 1.182e+03 1.623e+03
s>        ( SILENCE 1 -1.664e+05 1.097e+03 6.820e+02
s>            ( - -2.101e+04 2 0)
s>            ( QUESTION0_18_R 1 -1.443e+05 9.593e+02 5.953e+02
s>                ( - -1.788e+04 1 0)
s>                ( - -1.254e+05 32 0 WDBNDRY_E 0 4.332e+02 5.167e+02)))
s>        ( QUESTION2_5_L -1 -2.231e+05 7.429e+02 9.409e+02
s>            ( QUESTION10 -1 -9.876e+04 6.710e+02 4.243e+02
s>                ( - -6.766e+04 8 0 QUESTION2_6_L -1 4.406e+02 2.923e+02)
s>                ( - -3.043e+04 6 0 QUESTION2_7_L -1 3.304e+02 1.320e+02))
s>            ( QUESTION2_14_L -1 -1.236e+05 5.901e+02 5.166e+02
s>                ( - -1.080e+04 7 0 QUESTION0_1_R 1 4.614e+02 4.657e+01)
s>                ( QUESTION2 -1 -1.122e+05 5.349e+02 4.700e+02
s>                    ( - -1.878e+04 10 0 QUESTION0_1_R 1 3.054e+02 7.874e+01)
s>                    ( - -9.286e+04 21 0 WDBNDRY_E 0 5.129e+02 3.913e+02)))))INFO: dtree.c(1478): Final simple tree
|( WDBNDRY_B 0 -6.123e+04 1.231e+03 2.630e+02
|    ( - -2.617e+04 1 0)
|    ( QUESTION11 1 -3.383e+04 4.202e+02 1.497e+02
|        ( QUESTION0_0_R 1 -1.439e+04 1.439e+02 6.504e+01
|            ( - -6.559e+03 2 0)
|            ( - -7.684e+03 1 0))
|        ( SILENCE 1 -1.903e+04 2.227e+02 8.462e+01
|            ( - -1.201e+03 1 0)
|            ( QUESTION0_7_R 1 -1.760e+04 2.118e+02 7.862e+01
|                ( - -3.124e+03 1 0)
|                ( QUESTION0_1_R 1 -1.427e+04 2.540e+02 6.380e+01
|                    ( - -2.316e+03 1 0)
|                    ( QUESTION0_0_R 1 -1.170e+04 7.204e+01 5.278e+01
|                        ( - -6.585e+03 1 0)
|                        ( - -5.039e+03 1 0)))))))
s>    ( WDBNDRY_B 0 -6.123e+04 1.231e+03 2.630e+02
s>        ( - -2.617e+04 1 0)
s>        ( QUESTION11 1 -3.383e+04 4.202e+02 1.497e+02
s>            ( QUESTION0_0_R 1 -1.439e+04 1.439e+02 6.504e+01
s>                ( - -6.559e+03 2 0)
s>                ( - -7.684e+03 1 0))
s>            ( SILENCE 1 -1.903e+04 2.227e+02 8.462e+01
s>                ( - -1.201e+03 1 0)
s>                ( QUESTION0_7_R 1 -1.760e+04 2.118e+02 7.862e+01
s>                    ( - -3.124e+03 1 0)
s>                    ( QUESTION0_1_R 1 -1.427e+04 2.540e+02 6.380e+01
s>                        ( - -2.316e+03 1 0)
s>                        ( QUESTION0_0_R 1 -1.170e+04 7.204e+01 5.278e+01
s>                            ( - -6.585e+03 1 0)
s>                            ( - -5.039e+03 1 0)))))))INFO: dtree.c(1315): Comp split 1
INFO: dtree.c(1478): Final simple tree
|( SILENCE 1 -2.166e+05 1.150e+03 8.927e+02
|    ( - -2.188e+04 3 0 QUESTION2 -1 2.173e+02 8.964e+01)
|    ( QUESTION0_18_R 1 -1.936e+05 1.001e+03 8.030e+02
|        ( - -1.788e+04 1 0)
|        ( QUESTION18 -1 -1.747e+05 6.312e+02 7.244e+02
|            ( - -1.738e+04 2 0 WDBNDRY_E 0 1.155e+02 7.671e+01)
|            ( QUESTION2_4_L -1 -1.567e+05 4.235e+02 6.477e+02
|                ( - -9.216e+03 5 0 QUESTION10 1 1.351e+02 3.905e+01)
|                ( WDBNDRY_E 0 -1.470e+05 4.467e+02 6.087e+02
|                    ( - -5.605e+04 16 0 QUESTION11 1 3.620e+02 2.245e+02)
|                    ( QUESTION12 1 -9.054e+04 6.723e+02 3.841e+02
|                        ( - -3.747e+04 4 0 QUESTION0_0_R 1 1.997e+02 1.635e+02)
|                        ( QUESTION0_5_R 1 -5.241e+04 4.278e+02 2.206e+02
|                            ( - -7.344e+03 2 0 QUESTION0_6_R 1 2.069e+02 3.309e+01)
|                            ( - -4.463e+04 18 0 QUESTION6 -1 2.782e+02 1.876e+02))))))))
s>    ( SILENCE 1 -2.166e+05 1.150e+03 8.927e+02
s>        ( - -2.188e+04 3 0 QUESTION2 -1 2.173e+02 8.964e+01)
s>        ( QUESTION0_18_R 1 -1.936e+05 1.001e+03 8.030e+02
s>            ( - -1.788e+04 1 0)
s>            ( QUESTION18 -1 -1.747e+05 6.312e+02 7.244e+02
s>                ( - -1.738e+04 2 0 WDBNDRY_E 0 1.155e+02 7.671e+01)
s>                ( QUESTION2_4_L -1 -1.567e+05 4.235e+02 6.477e+02
s>                    ( - -9.216e+03 5 0 QUESTION10 1 1.351e+02 3.905e+01)
s>                    ( WDBNDRY_E 0 -1.470e+05 4.467e+02 6.087e+02
s>                        ( - -5.605e+04 16 0 QUESTION11 1 3.620e+02 2.245e+02)
s>                        ( QUESTION12 1 -9.054e+04 6.723e+02 3.841e+02
s>                            ( - -3.747e+04 4 0 QUESTION0_0_R 1 1.997e+02 1.635e+02)
s>                            ( QUESTION0_5_R 1 -5.241e+04 4.278e+02 2.206e+02
s>                                ( - -7.344e+03 2 0 QUESTION0_6_R 1 2.069e+02 3.309e+01)
s>                                ( - -4.463e+04 18 0 QUESTION6 -1 2.782e+02 1.876e+02))))))))INFO: dtree.c(1478): Final simple tree
|( QUESTION12 -1 -1.725e+05 6.966e+02 7.301e+02
|    ( QUESTION0_5_R 1 -8.002e+04 4.427e+02 3.392e+02
|        ( - -6.793e+03 1 0)
|        ( - -7.279e+04 15 0 WDBNDRY_E 0 4.295e+02 3.093e+02))
|    ( QUESTION2_14_L -1 -9.177e+04 5.097e+02 3.909e+02
|        ( QUESTION0_1_R 1 -1.080e+04 4.614e+02 4.657e+01
|            ( - -4.401e+03 1 0)
|            ( QUESTION0_9_R 1 -5.938e+03 4.534e+02 2.606e+01
|                ( - 2.011e+02 1 0)
|                ( - -5.686e+03 5 0 QUESTION0_17_R 1 2.678e+02 2.506e+01)))
|        ( QUESTION2_6_L -1 -8.046e+04 4.669e+02 3.444e+02
|            ( - -1.503e+04 3 0 QUESTION0_8_R 1 1.870e+02 6.430e+01)
|            ( QUESTION0_14_R 1 -6.496e+04 4.621e+02 2.801e+02
|                ( - -2.621e+04 4 0 WDBNDRY_E 0 2.815e+02 1.112e+02)
|                ( - -3.829e+04 6 0 QUESTION0 1 3.522e+02 1.689e+02)))))
s>    ( QUESTION12 -1 -1.725e+05 6.966e+02 7.301e+02
s>        ( QUESTION0_5_R 1 -8.002e+04 4.427e+02 3.392e+02
s>            ( - -6.793e+03 1 0)
s>            ( - -7.279e+04 15 0 WDBNDRY_E 0 4.295e+02 3.093e+02))
s>        ( QUESTION2_14_L -1 -9.177e+04 5.097e+02 3.909e+02
s>            ( QUESTION0_1_R 1 -1.080e+04 4.614e+02 4.657e+01
s>                ( - -4.401e+03 1 0)
s>                ( QUESTION0_9_R 1 -5.938e+03 4.534e+02 2.606e+01
s>                    ( - 2.011e+02 1 0)
s>                    ( - -5.686e+03 5 0 QUESTION0_17_R 1 2.678e+02 2.506e+01)))
s>            ( QUESTION2_6_L -1 -8.046e+04 4.669e+02 3.444e+02
s>                ( - -1.503e+04 3 0 QUESTION0_8_R 1 1.870e+02 6.430e+01)
s>                ( QUESTION0_14_R 1 -6.496e+04 4.621e+02 2.801e+02
s>                    ( - -2.621e+04 4 0 WDBNDRY_E 0 2.815e+02 1.112e+02)
s>                    ( - -3.829e+04 6 0 QUESTION0 1 3.522e+02 1.689e+02)))))INFO: dtree.c(1315): Comp split 2
INFO: dtree.c(1478): Final simple tree
|( QUESTION18 -1 -1.747e+05 6.312e+02 7.244e+02
|    ( - -1.738e+04 2 0 WDBNDRY_E 0 1.155e+02 7.671e+01)
|    ( QUESTION2_4_L -1 -1.567e+05 4.235e+02 6.477e+02
|        ( - -9.216e+03 5 0 QUESTION10 1 1.351e+02 3.905e+01)
|        ( WDBNDRY_E 0 -1.470e+05 4.467e+02 6.087e+02
|            ( QUESTION11 1 -5.605e+04 3.620e+02 2.245e+02
|                ( - -2.740e+04 5 0 QUESTION0_0_R 1 2.638e+02 1.121e+02)
|                ( - -2.829e+04 11 0 QUESTION0_4_R 1 2.209e+02 1.124e+02))
|            ( QUESTION12 1 -9.054e+04 6.723e+02 3.841e+02
|                ( - -3.747e+04 4 0 QUESTION0_0_R 1 1.997e+02 1.635e+02)
|                ( QUESTION0_5_R 1 -5.241e+04 4.278e+02 2.206e+02
|                    ( - -7.344e+03 2 0 QUESTION0_6_R 1 2.069e+02 3.309e+01)
|                    ( QUESTION6 -1 -4.463e+04 2.782e+02 1.876e+02
|                        ( - -5.193e+03 1 0)
|                        ( - -3.916e+04 17 0 QUESTION0_11_R 1 2.740e+02 1.644e+02)))))))
s>    ( QUESTION18 -1 -1.747e+05 6.312e+02 7.244e+02
s>        ( - -1.738e+04 2 0 WDBNDRY_E 0 1.155e+02 7.671e+01)
s>        ( QUESTION2_4_L -1 -1.567e+05 4.235e+02 6.477e+02
s>            ( - -9.216e+03 5 0 QUESTION10 1 1.351e+02 3.905e+01)
s>            ( WDBNDRY_E 0 -1.470e+05 4.467e+02 6.087e+02
s>                ( QUESTION11 1 -5.605e+04 3.620e+02 2.245e+02
s>                    ( - -2.740e+04 5 0 QUESTION0_0_R 1 2.638e+02 1.121e+02)
s>                    ( - -2.829e+04 11 0 QUESTION0_4_R 1 2.209e+02 1.124e+02))
s>                ( QUESTION12 1 -9.054e+04 6.723e+02 3.841e+02
s>                    ( - -3.747e+04 4 0 QUESTION0_0_R 1 1.997e+02 1.635e+02)
s>                    ( QUESTION0_5_R 1 -5.241e+04 4.278e+02 2.206e+02
s>                        ( - -7.344e+03 2 0 QUESTION0_6_R 1 2.069e+02 3.309e+01)
s>                        ( QUESTION6 -1 -4.463e+04 2.782e+02 1.876e+02
s>                            ( - -5.193e+03 1 0)
s>                            ( - -3.916e+04 17 0 QUESTION0_11_R 1 2.740e+02 1.644e+02)))))))INFO: dtree.c(1439): stop. leaf nodes are specific
INFO: dtree.c(1478): Final simple tree
|( WDBNDRY_E 0 -4.066e+04 8.946e+02 1.682e+02
|    ( QUESTION2 -1 -2.188e+04 2.173e+02 8.964e+01
|        ( - -6.481e+02 1 0)
|        ( - -2.101e+04 2 0))
|    ( - -1.788e+04 1 0))
s>    ( WDBNDRY_E 0 -4.066e+04 8.946e+02 1.682e+02
s>        ( QUESTION2 -1 -2.188e+04 2.173e+02 8.964e+01
s>            ( - -6.481e+02 1 0)
s>            ( - -2.101e+04 2 0))
s>        ( - -1.788e+04 1 0))INFO: dtree.c(1315): Comp split 3
INFO: dtree.c(1439): stop. leaf nodes are specific
INFO: dtree.c(1478): Final simple tree
|( QUESTION11 1 -3.383e+04 4.202e+02 1.497e+02
|    ( QUESTION0_0_R 1 -1.439e+04 1.439e+02 6.504e+01
|        ( - -6.559e+03 2 0)
|        ( - -7.684e+03 1 0))
|    ( SILENCE 1 -1.903e+04 2.227e+02 8.462e+01
|        ( - -1.201e+03 1 0)
|        ( QUESTION0_7_R 1 -1.760e+04 2.118e+02 7.862e+01
|            ( - -3.124e+03 1 0)
|            ( QUESTION0_1_R 1 -1.427e+04 2.540e+02 6.380e+01
|                ( - -2.316e+03 1 0)
|                ( QUESTION0_0_R 1 -1.170e+04 7.204e+01 5.278e+01
|                    ( - -6.585e+03 1 0)
|                    ( - -5.039e+03 1 0))))))
s>    ( QUESTION11 1 -3.383e+04 4.202e+02 1.497e+02
s>        ( QUESTION0_0_R 1 -1.439e+04 1.439e+02 6.504e+01
s>            ( - -6.559e+03 2 0)
s>            ( - -7.684e+03 1 0))
s>        ( SILENCE 1 -1.903e+04 2.227e+02 8.462e+01
s>            ( - -1.201e+03 1 0)
s>            ( QUESTION0_7_R 1 -1.760e+04 2.118e+02 7.862e+01
s>                ( - -3.124e+03 1 0)
s>                ( QUESTION0_1_R 1 -1.427e+04 2.540e+02 6.380e+01
s>                    ( - -2.316e+03 1 0)
s>                    ( QUESTION0_0_R 1 -1.170e+04 7.204e+01 5.278e+01
s>                        ( - -6.585e+03 1 0)
s>                        ( - -5.039e+03 1 0))))))INFO: dtree.c(1315): Comp split 4
INFO: dtree.c(1439): stop. leaf nodes are specific
INFO: dtree.c(1478): Final simple tree
|( QUESTION11 -1 -6.081e+04 5.748e+02 2.633e+02
|    ( WDBNDRY_E 0 -1.738e+04 1.155e+02 7.671e+01
|        ( - -3.713e+03 1 0)
|        ( - -1.356e+04 1 0))
|    ( QUESTION0_0_R 1 -4.285e+04 1.986e+02 1.866e+02
|        ( QUESTION2 -1 -4.195e+04 1.878e+02 1.826e+02
|            ( - -5.193e+03 1 0)
|            ( - -3.657e+04 3 0))
|        ( - -6.956e+02 1 0)))
s>    ( QUESTION11 -1 -6.081e+04 5.748e+02 2.633e+02
s>        ( WDBNDRY_E 0 -1.738e+04 1.155e+02 7.671e+01
s>            ( - -3.713e+03 1 0)
s>            ( - -1.356e+04 1 0))
s>        ( QUESTION0_0_R 1 -4.285e+04 1.986e+02 1.866e+02
s>            ( QUESTION2 -1 -4.195e+04 1.878e+02 1.826e+02
s>                ( - -5.193e+03 1 0)
s>                ( - -3.657e+04 3 0))
s>            ( - -6.956e+02 1 0)))INFO: dtree.c(1478): Final simple tree
|( QUESTION5 -1 -1.129e+05 3.935e+02 4.611e+02
|    ( - -1.065e+04 7 0 QUESTION0_15_R 1 1.927e+02 4.505e+01)
|    ( QUESTION0_1_R 1 -1.018e+05 3.747e+02 4.161e+02
|        ( QUESTION10 1 -3.303e+04 2.507e+02 1.344e+02
|            ( QUESTION10 -1 -9.654e+03 2.575e+02 3.989e+01
|                ( - -6.407e+03 4 0 WDBNDRY_E 0 1.820e+02 2.590e+01)
|                ( - -2.989e+03 1 0))
|            ( - -2.312e+04 3 0))
|        ( QUESTION0_6_R 1 -6.841e+04 3.826e+02 2.817e+02
|            ( WDBNDRY_E 0 -2.164e+04 3.304e+02 8.903e+01
|                ( - -1.446e+04 2 0)
|                ( - -6.854e+03 1 0))
|            ( QUESTION0_11_R 1 -4.638e+04 2.741e+02 1.927e+02
|                ( - -8.361e+02 1 0)
|                ( - -4.527e+04 21 0 QUESTION13 -1 2.459e+02 1.877e+02)))))
s>    ( QUESTION5 -1 -1.129e+05 3.935e+02 4.611e+02
s>        ( - -1.065e+04 7 0 QUESTION0_15_R 1 1.927e+02 4.505e+01)
s>        ( QUESTION0_1_R 1 -1.018e+05 3.747e+02 4.161e+02
s>            ( QUESTION10 1 -3.303e+04 2.507e+02 1.344e+02
s>                ( QUESTION10 -1 -9.654e+03 2.575e+02 3.989e+01
s>                    ( - -6.407e+03 4 0 WDBNDRY_E 0 1.820e+02 2.590e+01)
s>                    ( - -2.989e+03 1 0))
s>                ( - -2.312e+04 3 0))
s>            ( QUESTION0_6_R 1 -6.841e+04 3.826e+02 2.817e+02
s>                ( WDBNDRY_E 0 -2.164e+04 3.304e+02 8.903e+01
s>                    ( - -1.446e+04 2 0)
s>                    ( - -6.854e+03 1 0))
s>                ( QUESTION0_11_R 1 -4.638e+04 2.741e+02 1.927e+02
s>                    ( - -8.361e+02 1 0)
s>                    ( - -4.527e+04 21 0 QUESTION13 -1 2.459e+02 1.877e+02)))))INFO: dtree.c(1315): Comp split 5
INFO: dtree.c(1439): stop. leaf nodes are specific
INFO: dtree.c(1478): Final simple tree
|( QUESTION2 -1 -2.188e+04 2.173e+02 8.964e+01
|    ( - -6.481e+02 1 0)
|    ( - -2.101e+04 2 0))
s>    ( QUESTION2 -1 -2.188e+04 2.173e+02 8.964e+01
s>        ( - -6.481e+02 1 0)
s>        ( - -2.101e+04 2 0))INFO: dtree.c(1315): Comp split 6
INFO: dtree.c(1478): Final simple tree
|( WDBNDRY_E 0 -7.279e+04 4.295e+02 3.093e+02
|    ( QUESTION12 1 -4.676e+04 3.045e+02 1.987e+02
|        ( - -2.260e+04 3 0)
|        ( QUESTION10 1 -2.386e+04 1.571e+02 1.028e+02
|            ( - -9.350e+02 1 0)
|            ( - -2.276e+04 6 0 QUESTION0_15_R 1 1.302e+02 9.777e+01)))
|    ( QUESTION0_15_R 1 -2.559e+04 2.664e+02 1.107e+02
|        ( - -1.279e+04 1 0)
|        ( QUESTION0_2_R 1 -1.254e+04 2.285e+02 5.394e+01
|            ( - -3.078e+02 1 0)
|            ( QUESTION0_0_R 1 -1.200e+04 1.844e+02 5.194e+01
|                ( - -7.698e+02 1 0)
|                ( WDBNDRY_B 0 -1.104e+04 1.785e+02 4.794e+01
|                    ( - -9.546e+03 1 0)
|                    ( - -1.320e+03 1 0))))))
s>    ( WDBNDRY_E 0 -7.279e+04 4.295e+02 3.093e+02
s>        ( QUESTION12 1 -4.676e+04 3.045e+02 1.987e+02
s>            ( - -2.260e+04 3 0)
s>            ( QUESTION10 1 -2.386e+04 1.571e+02 1.028e+02
s>                ( - -9.350e+02 1 0)
s>                ( - -2.276e+04 6 0 QUESTION0_15_R 1 1.302e+02 9.777e+01)))
s>        ( QUESTION0_15_R 1 -2.559e+04 2.664e+02 1.107e+02
s>            ( - -1.279e+04 1 0)
s>            ( QUESTION0_2_R 1 -1.254e+04 2.285e+02 5.394e+01
s>                ( - -3.078e+02 1 0)
s>                ( QUESTION0_0_R 1 -1.200e+04 1.844e+02 5.194e+01
s>                    ( - -7.698e+02 1 0)
s>                    ( WDBNDRY_B 0 -1.104e+04 1.785e+02 4.794e+01
s>                        ( - -9.546e+03 1 0)
s>                        ( - -1.320e+03 1 0))))))INFO: dtree.c(1478): Final simple tree
|( QUESTION2_14_L -1 -9.896e+04 4.969e+02 4.208e+02
|    ( QUESTION0_1_R 1 -1.080e+04 4.614e+02 4.657e+01
|        ( - -4.401e+03 1 0)
|        ( QUESTION0_9_R 1 -5.938e+03 4.534e+02 2.606e+01
|            ( - 2.011e+02 1 0)
|            ( - -5.686e+03 5 0 QUESTION0_17_R 1 2.678e+02 2.506e+01)))
|    ( QUESTION2_6_L -1 -8.766e+04 4.711e+02 3.743e+02
|        ( - -1.503e+04 3 0 QUESTION0_8_R 1 1.870e+02 6.430e+01)
|        ( QUESTION12 -1 -7.216e+04 4.113e+02 3.100e+02
|            ( - -6.793e+03 1 0)
|            ( QUESTION0_14_R 1 -6.496e+04 4.621e+02 2.801e+02
|                ( - -2.621e+04 4 0 WDBNDRY_E 0 2.815e+02 1.112e+02)
|                ( QUESTION0 1 -3.829e+04 3.522e+02 1.689e+02
|                    ( - -1.377e+04 1 0)
|                    ( - -2.417e+04 5 0 QUESTION10 -1 3.179e+02 1.060e+02))))))
s>    ( QUESTION2_14_L -1 -9.896e+04 4.969e+02 4.208e+02
s>        ( QUESTION0_1_R 1 -1.080e+04 4.614e+02 4.657e+01
s>            ( - -4.401e+03 1 0)
s>            ( QUESTION0_9_R 1 -5.938e+03 4.534e+02 2.606e+01
s>                ( - 2.011e+02 1 0)
s>                ( - -5.686e+03 5 0 QUESTION0_17_R 1 2.678e+02 2.506e+01)))
s>        ( QUESTION2_6_L -1 -8.766e+04 4.711e+02 3.743e+02
s>            ( - -1.503e+04 3 0 QUESTION0_8_R 1 1.870e+02 6.430e+01)
s>            ( QUESTION12 -1 -7.216e+04 4.113e+02 3.100e+02
s>                ( - -6.793e+03 1 0)
s>                ( QUESTION0_14_R 1 -6.496e+04 4.621e+02 2.801e+02
s>                    ( - -2.621e+04 4 0 WDBNDRY_E 0 2.815e+02 1.112e+02)
s>                    ( QUESTION0 1 -3.829e+04 3.522e+02 1.689e+02
s>                        ( - -1.377e+04 1 0)
s>                        ( - -2.417e+04 5 0 QUESTION10 -1 3.179e+02 1.060e+02))))))INFO: dtree.c(1315): Comp split 7
INFO: dtree.c(1439): stop. leaf nodes are specific
INFO: dtree.c(1478): Final simple tree
|( QUESTION2_14_L -1 -4.316e+04 4.760e+02 1.894e+02
|    ( - -4.401e+03 1 0)
|    ( QUESTION0 1 -3.829e+04 3.522e+02 1.689e+02
|        ( - -1.377e+04 1 0)
|        ( QUESTION10 -1 -2.417e+04 3.179e+02 1.060e+02
|            ( - -1.645e+04 1 0)
|            ( QUESTION0_2_R 1 -7.398e+03 4.775e+02 3.101e+01
|                ( - 2.418e+02 1 0)
|                ( WDBNDRY_I 0 -7.162e+03 2.367e+02 3.001e+01
|                    ( - -4.128e+03 1 0)
|                    ( WDBNDRY_B 0 -2.797e+03 2.099e+02 1.200e+01
|                        ( - -1.423e+03 1 0)
|                        ( - -1.164e+03 1 0)))))))
s>    ( QUESTION2_14_L -1 -4.316e+04 4.760e+02 1.894e+02
s>        ( - -4.401e+03 1 0)
s>        ( QUESTION0 1 -3.829e+04 3.522e+02 1.689e+02
s>            ( - -1.377e+04 1 0)
s>            ( QUESTION10 -1 -2.417e+04 3.179e+02 1.060e+02
s>                ( - -1.645e+04 1 0)
s>                ( QUESTION0_2_R 1 -7.398e+03 4.775e+02 3.101e+01
s>                    ( - 2.418e+02 1 0)
s>                    ( WDBNDRY_I 0 -7.162e+03 2.367e+02 3.001e+01
s>                        ( - -4.128e+03 1 0)
s>                        ( WDBNDRY_B 0 -2.797e+03 2.099e+02 1.200e+01
s>                            ( - -1.423e+03 1 0)
s>                            ( - -1.164e+03 1 0)))))))INFO: dtree.c(1478): Final simple tree
|( QUESTION2_6_L -1 -5.519e+04 4.790e+02 2.314e+02
|    ( - -1.503e+04 3 0 QUESTION0_8_R 1 1.870e+02 6.430e+01)
|    ( QUESTION0_9_R 1 -3.968e+04 4.519e+02 1.671e+02
|        ( - 2.011e+02 1 0)
|        ( QUESTION15 -1 -3.943e+04 4.321e+02 1.661e+02
|            ( - -4.515e+03 4 0 SILENCE 1 2.215e+02 2.106e+01)
|            ( QUESTION0_0_R 1 -3.449e+04 3.430e+02 1.451e+02
|                ( - -6.793e+03 1 0)
|                ( WDBNDRY_E 0 -2.735e+04 2.776e+02 1.152e+02
|                    ( QUESTION0_14_R 1 -1.547e+04 2.420e+02 6.506e+01
|                        ( - -1.433e+04 2 0)
|                        ( - -9.025e+02 1 0))
|                    ( QUESTION0 -1 -1.160e+04 3.948e+02 5.011e+01
|                        ( - -4.803e+03 1 0)
|                        ( - -6.400e+03 1 0)))))))
s>    ( QUESTION2_6_L -1 -5.519e+04 4.790e+02 2.314e+02
s>        ( - -1.503e+04 3 0 QUESTION0_8_R 1 1.870e+02 6.430e+01)
s>        ( QUESTION0_9_R 1 -3.968e+04 4.519e+02 1.671e+02
s>            ( - 2.011e+02 1 0)
s>            ( QUESTION15 -1 -3.943e+04 4.321e+02 1.661e+02
s>                ( - -4.515e+03 4 0 SILENCE 1 2.215e+02 2.106e+01)
s>                ( QUESTION0_0_R 1 -3.449e+04 3.430e+02 1.451e+02
s>                    ( - -6.793e+03 1 0)
s>                    ( WDBNDRY_E 0 -2.735e+04 2.776e+02 1.152e+02
s>                        ( QUESTION0_14_R 1 -1.547e+04 2.420e+02 6.506e+01
s>                            ( - -1.433e+04 2 0)
s>                            ( - -9.025e+02 1 0))
s>                        ( QUESTION0 -1 -1.160e+04 3.948e+02 5.011e+01
s>                            ( - -4.803e+03 1 0)
s>                            ( - -6.400e+03 1 0)))))))INFO: dtree.c(1315): Comp split 8
INFO: dtree.c(1439): stop. leaf nodes are specific
INFO: dtree.c(1478): Final simple tree
|( QUESTION2_6_L -1 -3.601e+04 4.608e+02 1.504e+02
|    ( QUESTION0_8_R 1 -1.503e+04 1.870e+02 6.430e+01
|        ( - -7.980e+02 1 0)
|        ( SILENCE 1 -1.404e+04 1.265e+02 6.030e+01
|            ( - -1.196e+04 1 0)
|            ( - -1.959e+03 1 0)))
|    ( QUESTION10 -1 -2.052e+04 2.506e+02 8.609e+01
|        ( - -1.433e+04 2 0)
|        ( WDBNDRY_E 0 -5.939e+03 2.337e+02 2.503e+01
|            ( - -9.025e+02 1 0)
|            ( - -4.803e+03 1 0))))
s>    ( QUESTION2_6_L -1 -3.601e+04 4.608e+02 1.504e+02
s>        ( QUESTION0_8_R 1 -1.503e+04 1.870e+02 6.430e+01
s>            ( - -7.980e+02 1 0)
s>            ( SILENCE 1 -1.404e+04 1.265e+02 6.030e+01
s>                ( - -1.196e+04 1 0)
s>                ( - -1.959e+03 1 0)))
s>        ( QUESTION10 -1 -2.052e+04 2.506e+02 8.609e+01
s>            ( - -1.433e+04 2 0)
s>            ( WDBNDRY_E 0 -5.939e+03 2.337e+02 2.503e+01
s>                ( - -9.025e+02 1 0)
s>                ( - -4.803e+03 1 0))))INFO: dtree.c(1439): stop. leaf nodes are specific
INFO: dtree.c(1478): Final simple tree
|( QUESTION0_9_R 1 -1.858e+04 4.468e+02 8.105e+01
|    ( - 2.011e+02 1 0)
|    ( QUESTION13 -1 -1.833e+04 3.223e+02 8.005e+01
|        ( SILENCE 1 -4.515e+03 2.215e+02 2.106e+01
|            ( - -4.630e+02 1 0)
|            ( QUESTION0_3_R 1 -3.831e+03 2.088e+02 1.806e+01
|                ( - -2.694e+02 1 0)
|                ( WDBNDRY_E 0 -3.353e+03 1.423e+02 1.606e+01
|                    ( - -1.892e+03 1 0)
|                    ( - -1.318e+03 1 0))))
|        ( QUESTION0_0_R 1 -1.349e+04 3.001e+02 5.899e+01
|            ( - -6.793e+03 1 0)
|            ( - -6.400e+03 1 0))))
s>    ( QUESTION0_9_R 1 -1.858e+04 4.468e+02 8.105e+01
s>        ( - 2.011e+02 1 0)
s>        ( QUESTION13 -1 -1.833e+04 3.223e+02 8.005e+01
s>            ( SILENCE 1 -4.515e+03 2.215e+02 2.106e+01
s>                ( - -4.630e+02 1 0)
s>                ( QUESTION0_3_R 1 -3.831e+03 2.088e+02 1.806e+01
s>                    ( - -2.694e+02 1 0)
s>                    ( WDBNDRY_E 0 -3.353e+03 1.423e+02 1.606e+01
s>                        ( - -1.892e+03 1 0)
s>                        ( - -1.318e+03 1 0))))
s>            ( QUESTION0_0_R 1 -1.349e+04 3.001e+02 5.899e+01
s>                ( - -6.793e+03 1 0)
s>                ( - -6.400e+03 1 0))))INFO: dtree.c(1315): Comp split 9
INFO: dtree.c(1439): stop. leaf nodes are specific
INFO: dtree.c(1478): Final simple tree
|( QUESTION0_0_R 1 -4.285e+04 1.986e+02 1.866e+02
|    ( QUESTION2 -1 -4.195e+04 1.878e+02 1.826e+02
|        ( - -5.193e+03 1 0)
|        ( - -3.657e+04 3 0))
|    ( - -6.956e+02 1 0))
s>    ( QUESTION0_0_R 1 -4.285e+04 1.986e+02 1.866e+02
s>        ( QUESTION2 -1 -4.195e+04 1.878e+02 1.826e+02
s>            ( - -5.193e+03 1 0)
s>            ( - -3.657e+04 3 0))
s>        ( - -6.956e+02 1 0))INFO: dtree.c(1439): stop. leaf nodes are specific
INFO: dtree.c(1478): Final simple tree
|( WDBNDRY_E 0 -1.738e+04 1.155e+02 7.671e+01
|    ( - -3.713e+03 1 0)
|    ( - -1.356e+04 1 0))
s>    ( WDBNDRY_E 0 -1.738e+04 1.155e+02 7.671e+01
s>        ( - -3.713e+03 1 0)
s>        ( - -1.356e+04 1 0))INFO: dtree.c(1315): Comp split 10
INFO: dtree.c(1439): stop. leaf nodes are specific
INFO: dtree.c(1478): Final simple tree
|( QUESTION0_0_R 1 -1.170e+04 7.204e+01 5.278e+01
|    ( - -6.585e+03 1 0)
|    ( - -5.039e+03 1 0))
s>    ( QUESTION0_0_R 1 -1.170e+04 7.204e+01 5.278e+01
s>        ( - -6.585e+03 1 0)
s>        ( - -5.039e+03 1 0))INFO: dtree.c(1439): stop. leaf nodes are specific
INFO: dtree.c(1478): Final simple tree
|( QUESTION11 1 -2.158e+04 2.386e+02 9.689e+01
|    ( QUESTION0_0_R 1 -1.439e+04 1.439e+02 6.504e+01
|        ( - -6.559e+03 2 0)
|        ( - -7.684e+03 1 0))
|    ( SILENCE 1 -6.958e+03 2.112e+02 3.184e+01
|        ( - -1.201e+03 1 0)
|        ( QUESTION0_1_R 1 -5.546e+03 1.053e+02 2.584e+01
|            ( - -2.316e+03 1 0)
|            ( - -3.124e+03 1 0))))
s>    ( QUESTION11 1 -2.158e+04 2.386e+02 9.689e+01
s>        ( QUESTION0_0_R 1 -1.439e+04 1.439e+02 6.504e+01
s>            ( - -6.559e+03 2 0)
s>            ( - -7.684e+03 1 0))
s>        ( SILENCE 1 -6.958e+03 2.112e+02 3.184e+01
s>            ( - -1.201e+03 1 0)
s>            ( QUESTION0_1_R 1 -5.546e+03 1.053e+02 2.584e+01
s>                ( - -2.316e+03 1 0)
s>                ( - -3.124e+03 1 0))))INFO: dtree.c(1315): Comp split 11
INFO: dtree.c(1439): stop. leaf nodes are specific
INFO: dtree.c(1478): Final simple tree
|( QUESTION0_1_R 1 -4.830e+04 3.200e+02 1.975e+02
|    ( WDBNDRY_E 0 -2.634e+04 2.285e+02 1.085e+02
|        ( - -2.312e+04 3 0)
|        ( - -2.989e+03 1 0))
|    ( WDBNDRY_E 0 -2.164e+04 3.304e+02 8.903e+01
|        ( - -1.446e+04 2 0)
|        ( - -6.854e+03 1 0)))
s>    ( QUESTION0_1_R 1 -4.830e+04 3.200e+02 1.975e+02
s>        ( WDBNDRY_E 0 -2.634e+04 2.285e+02 1.085e+02
s>            ( - -2.312e+04 3 0)
s>            ( - -2.989e+03 1 0))
s>        ( WDBNDRY_E 0 -2.164e+04 3.304e+02 8.903e+01
s>            ( - -1.446e+04 2 0)
s>            ( - -6.854e+03 1 0)))INFO: dtree.c(1478): Final simple tree
|( QUESTION5 -1 -6.404e+04 3.770e+02 2.636e+02
|    ( - -1.065e+04 7 0 QUESTION0_15_R 1 1.927e+02 4.505e+01)
|    ( QUESTION0_11_R 1 -5.301e+04 2.751e+02 2.186e+02
|        ( - -8.361e+02 1 0)
|        ( QUESTION13 -1 -5.190e+04 2.475e+02 2.136e+02
|            ( - -2.702e+02 1 0)
|            ( QUESTION10 1 -5.138e+04 2.213e+02 2.116e+02
|                ( - -1.488e+04 9 0 WDBNDRY_E 0 1.955e+02 6.165e+01)
|                ( QUESTION0_15_R 1 -3.627e+04 2.245e+02 1.499e+02
|                    ( WDBNDRY_E 0 -5.801e+03 2.205e+02 2.468e+01
|                        ( - -3.038e+03 1 0)
|                        ( - -2.542e+03 2 0 QUESTION0 1 1.636e+02 1.100e+01))
|                    ( QUESTION0_5_R 1 -3.025e+04 2.020e+02 1.253e+02
|                        ( - -2.835e+02 1 0)
|                        ( - -2.976e+04 11 0 QUESTION0_13_R 1 1.914e+02 1.233e+02)))))))
s>    ( QUESTION5 -1 -6.404e+04 3.770e+02 2.636e+02
s>        ( - -1.065e+04 7 0 QUESTION0_15_R 1 1.927e+02 4.505e+01)
s>        ( QUESTION0_11_R 1 -5.301e+04 2.751e+02 2.186e+02
s>            ( - -8.361e+02 1 0)
s>            ( QUESTION13 -1 -5.190e+04 2.475e+02 2.136e+02
s>                ( - -2.702e+02 1 0)
s>                ( QUESTION10 1 -5.138e+04 2.213e+02 2.116e+02
s>                    ( - -1.488e+04 9 0 WDBNDRY_E 0 1.955e+02 6.165e+01)
s>                    ( QUESTION0_15_R 1 -3.627e+04 2.245e+02 1.499e+02
s>                        ( WDBNDRY_E 0 -5.801e+03 2.205e+02 2.468e+01
s>                            ( - -3.038e+03 1 0)
s>                            ( - -2.542e+03 2 0 QUESTION0 1 1.636e+02 1.100e+01))
s>                        ( QUESTION0_5_R 1 -3.025e+04 2.020e+02 1.253e+02
s>                            ( - -2.835e+02 1 0)
s>                            ( - -2.976e+04 11 0 QUESTION0_13_R 1 1.914e+02 1.233e+02)))))))INFO: dtree.c(1315): Comp split 12
INFO: dtree.c(1439): stop. leaf nodes are specific
INFO: dtree.c(1478): Final simple tree
|( QUESTION0 1 -3.829e+04 3.522e+02 1.689e+02
|    ( - -1.377e+04 1 0)
|    ( QUESTION10 -1 -2.417e+04 3.179e+02 1.060e+02
|        ( - -1.645e+04 1 0)
|        ( QUESTION0_2_R 1 -7.398e+03 4.775e+02 3.101e+01
|            ( - 2.418e+02 1 0)
|            ( WDBNDRY_I 0 -7.162e+03 2.367e+02 3.001e+01
|                ( - -4.128e+03 1 0)
|                ( WDBNDRY_B 0 -2.797e+03 2.099e+02 1.200e+01
|                    ( - -1.423e+03 1 0)
|                    ( - -1.164e+03 1 0))))))
s>    ( QUESTION0 1 -3.829e+04 3.522e+02 1.689e+02
s>        ( - -1.377e+04 1 0)
s>        ( QUESTION10 -1 -2.417e+04 3.179e+02 1.060e+02
s>            ( - -1.645e+04 1 0)
s>            ( QUESTION0_2_R 1 -7.398e+03 4.775e+02 3.101e+01
s>                ( - 2.418e+02 1 0)
s>                ( WDBNDRY_I 0 -7.162e+03 2.367e+02 3.001e+01
s>                    ( - -4.128e+03 1 0)
s>                    ( WDBNDRY_B 0 -2.797e+03 2.099e+02 1.200e+01
s>                        ( - -1.423e+03 1 0)
s>                        ( - -1.164e+03 1 0))))))INFO: dtree.c(1315): Comp split 13
INFO: dtree.c(1439): stop. leaf nodes are specific
INFO: dtree.c(1478): Final simple tree
|( QUESTION0 1 -3.806e+04 3.570e+02 1.679e+02
|    ( - -1.377e+04 1 0)
|    ( QUESTION0_2_R 1 -2.393e+04 3.183e+02 1.050e+02
|        ( - -1.645e+04 1 0)
|        ( WDBNDRY_I 0 -7.162e+03 2.367e+02 3.001e+01
|            ( - -4.128e+03 1 0)
|            ( WDBNDRY_B 0 -2.797e+03 2.099e+02 1.200e+01
|                ( - -1.423e+03 1 0)
|                ( - -1.164e+03 1 0)))))
s>    ( QUESTION0 1 -3.806e+04 3.570e+02 1.679e+02
s>        ( - -1.377e+04 1 0)
s>        ( QUESTION0_2_R 1 -2.393e+04 3.183e+02 1.050e+02
s>            ( - -1.645e+04 1 0)
s>            ( WDBNDRY_I 0 -7.162e+03 2.367e+02 3.001e+01
s>                ( - -4.128e+03 1 0)
s>                ( WDBNDRY_B 0 -2.797e+03 2.099e+02 1.200e+01
s>                    ( - -1.423e+03 1 0)
s>                    ( - -1.164e+03 1 0)))))INFO: dtree.c(1315): Comp split 14
INFO: dtree.c(1439): stop. leaf nodes are specific
INFO: dtree.c(1478): Final simple tree
|( QUESTION10 -1 -2.052e+04 2.506e+02 8.609e+01
|    ( - -1.433e+04 2 0)
|    ( WDBNDRY_E 0 -5.939e+03 2.337e+02 2.503e+01
|        ( - -9.025e+02 1 0)
|        ( - -4.803e+03 1 0)))
s>    ( QUESTION10 -1 -2.052e+04 2.506e+02 8.609e+01
s>        ( - -1.433e+04 2 0)
s>        ( WDBNDRY_E 0 -5.939e+03 2.337e+02 2.503e+01
s>            ( - -9.025e+02 1 0)
s>            ( - -4.803e+03 1 0)))INFO: dtree.c(1439): stop. leaf nodes are specific
INFO: dtree.c(1478): Final simple tree
|( QUESTION0_8_R 1 -1.503e+04 1.870e+02 6.430e+01
|    ( - -7.980e+02 1 0)
|    ( SILENCE 1 -1.404e+04 1.265e+02 6.030e+01
|        ( - -1.196e+04 1 0)
|        ( - -1.959e+03 1 0)))
s>    ( QUESTION0_8_R 1 -1.503e+04 1.870e+02 6.430e+01
s>        ( - -7.980e+02 1 0)
s>        ( SILENCE 1 -1.404e+04 1.265e+02 6.030e+01
s>            ( - -1.196e+04 1 0)
s>            ( - -1.959e+03 1 0)))INFO: dtree.c(1315): Comp split 15
INFO: dtree.c(1439): stop. leaf nodes are specific
INFO: dtree.c(1478): Final simple tree
|( QUESTION12 1 -4.767e+04 2.971e+02 2.027e+02
|    ( WDBNDRY_E 0 -2.352e+04 1.469e+02 9.990e+01
|        ( - -2.260e+04 3 0)
|        ( - -7.698e+02 1 0))
|    ( QUESTION10 1 -2.386e+04 1.571e+02 1.028e+02
|        ( - -9.350e+02 1 0)
|        ( QUESTION0_15_R 1 -2.276e+04 1.302e+02 9.777e+01
|            ( - -3.958e+03 1 0)
|            ( QUESTION0_0_R 1 -1.868e+04 1.174e+02 7.975e+01
|                ( - -5.980e+03 1 0)
|                ( SILENCE 1 -1.258e+04 1.001e+02 5.326e+01
|                    ( - -1.878e+03 2 0)
|                    ( - -1.060e+04 2 0))))))
s>    ( QUESTION12 1 -4.767e+04 2.971e+02 2.027e+02
s>        ( WDBNDRY_E 0 -2.352e+04 1.469e+02 9.990e+01
s>            ( - -2.260e+04 3 0)
s>            ( - -7.698e+02 1 0))
s>        ( QUESTION10 1 -2.386e+04 1.571e+02 1.028e+02
s>            ( - -9.350e+02 1 0)
s>            ( QUESTION0_15_R 1 -2.276e+04 1.302e+02 9.777e+01
s>                ( - -3.958e+03 1 0)
s>                ( QUESTION0_0_R 1 -1.868e+04 1.174e+02 7.975e+01
s>                    ( - -5.980e+03 1 0)
s>                    ( SILENCE 1 -1.258e+04 1.001e+02 5.326e+01
s>                        ( - -1.878e+03 2 0)
s>                        ( - -1.060e+04 2 0))))))INFO: dtree.c(1439): stop. leaf nodes are specific
INFO: dtree.c(1478): Final simple tree
|( QUESTION0_15_R 1 -2.466e+04 2.913e+02 1.067e+02
|    ( - -1.279e+04 1 0)
|    ( QUESTION0_0_R 1 -1.158e+04 2.282e+02 4.994e+01
|        ( - -3.078e+02 1 0)
|        ( WDBNDRY_B 0 -1.104e+04 1.785e+02 4.794e+01
|            ( - -9.546e+03 1 0)
|            ( - -1.320e+03 1 0))))
s>    ( QUESTION0_15_R 1 -2.466e+04 2.913e+02 1.067e+02
s>        ( - -1.279e+04 1 0)
s>        ( QUESTION0_0_R 1 -1.158e+04 2.282e+02 4.994e+01
s>            ( - -3.078e+02 1 0)
s>            ( WDBNDRY_B 0 -1.104e+04 1.785e+02 4.794e+01
s>                ( - -9.546e+03 1 0)
s>                ( - -1.320e+03 1 0))))INFO: dtree.c(1315): Comp split 16
INFO: dtree.c(1439): stop. leaf nodes are specific
INFO: dtree.c(1478): Final simple tree
|( QUESTION13 -1 -1.833e+04 3.223e+02 8.005e+01
|    ( SILENCE 1 -4.515e+03 2.215e+02 2.106e+01
|        ( - -4.630e+02 1 0)
|        ( QUESTION0_3_R 1 -3.831e+03 2.088e+02 1.806e+01
|            ( - -2.694e+02 1 0)
|            ( WDBNDRY_E 0 -3.353e+03 1.423e+02 1.606e+01
|                ( - -1.892e+03 1 0)
|                ( - -1.318e+03 1 0))))
|    ( QUESTION0_0_R 1 -1.349e+04 3.001e+02 5.899e+01
|        ( - -6.793e+03 1 0)
|        ( - -6.400e+03 1 0)))
s>    ( QUESTION13 -1 -1.833e+04 3.223e+02 8.005e+01
s>        ( SILENCE 1 -4.515e+03 2.215e+02 2.106e+01
s>            ( - -4.630e+02 1 0)
s>            ( QUESTION0_3_R 1 -3.831e+03 2.088e+02 1.806e+01
s>                ( - -2.694e+02 1 0)
s>                ( WDBNDRY_E 0 -3.353e+03 1.423e+02 1.606e+01
s>                    ( - -1.892e+03 1 0)
s>                    ( - -1.318e+03 1 0))))
s>        ( QUESTION0_0_R 1 -1.349e+04 3.001e+02 5.899e+01
s>            ( - -6.793e+03 1 0)
s>            ( - -6.400e+03 1 0)))INFO: dtree.c(1315): Comp split 17
INFO: dtree.c(1478): Final simple tree
|( QUESTION0_2_R 1 -1.439e+04 2.362e+02 6.072e+01
|    ( - -2.702e+02 1 0)
|    ( QUESTION0_17_R 1 -1.388e+04 1.985e+02 5.872e+01
|        ( - -7.574e+02 1 0)
|        ( QUESTION7 -1 -1.293e+04 2.198e+02 5.472e+01
|            ( - -2.589e+02 1 0)
|            ( QUESTION0_15_R 1 -1.245e+04 1.951e+02 5.272e+01
|                ( - -3.038e+03 1 0)
|                ( QUESTION10 1 -9.216e+03 1.351e+02 3.905e+01
|                    ( - -1.498e+03 1 0)
|                    ( WDBNDRY_E 0 -7.583e+03 1.249e+02 3.205e+01
|                        ( - -1.359e+03 1 0)
|                        ( QUESTION0_0_R 1 -6.099e+03 1.304e+02 2.605e+01
|                            ( - -5.365e+03 2 0)
|                            ( - -6.041e+02 1 0))))))))
s>    ( QUESTION0_2_R 1 -1.439e+04 2.362e+02 6.072e+01
s>        ( - -2.702e+02 1 0)
s>        ( QUESTION0_17_R 1 -1.388e+04 1.985e+02 5.872e+01
s>            ( - -7.574e+02 1 0)
s>            ( QUESTION7 -1 -1.293e+04 2.198e+02 5.472e+01
s>                ( - -2.589e+02 1 0)
s>                ( QUESTION0_15_R 1 -1.245e+04 1.951e+02 5.272e+01
s>                    ( - -3.038e+03 1 0)
s>                    ( QUESTION10 1 -9.216e+03 1.351e+02 3.905e+01
s>                        ( - -1.498e+03 1 0)
s>                        ( WDBNDRY_E 0 -7.583e+03 1.249e+02 3.205e+01
s>                            ( - -1.359e+03 1 0)
s>                            ( QUESTION0_0_R 1 -6.099e+03 1.304e+02 2.605e+01
s>                                ( - -5.365e+03 2 0)
s>                                ( - -6.041e+02 1 0))))))))INFO: dtree.c(1478): Final simple tree
|( QUESTION0_11_R 1 -4.924e+04 2.742e+02 2.029e+02
|    ( - -8.361e+02 1 0)
|    ( QUESTION0_15_R 1 -4.813e+04 2.298e+02 1.979e+02
|        ( - -2.542e+03 2 0 QUESTION0 1 1.636e+02 1.100e+01)
|        ( QUESTION10 1 -4.536e+04 2.280e+02 1.869e+02
|            ( WDBNDRY_E 0 -1.488e+04 1.955e+02 6.165e+01
|                ( - -8.664e+03 7 0 QUESTION2 -1 1.639e+02 3.548e+01)
|                ( QUESTION0_1_R 1 -6.025e+03 2.305e+02 2.617e+01
|                    ( - -2.272e+03 1 0)
|                    ( - -3.522e+03 1 0)))
|            ( QUESTION0_5_R 1 -3.025e+04 2.020e+02 1.253e+02
|                ( - -2.835e+02 1 0)
|                ( QUESTION0_13_R 1 -2.976e+04 1.914e+02 1.233e+02
|                    ( - -2.328e+04 8 0 QUESTION2 -1 2.006e+02 9.625e+01)
|                    ( - -6.290e+03 3 0 QUESTION0_4_R 1 1.409e+02 2.701e+01))))))
s>    ( QUESTION0_11_R 1 -4.924e+04 2.742e+02 2.029e+02
s>        ( - -8.361e+02 1 0)
s>        ( QUESTION0_15_R 1 -4.813e+04 2.298e+02 1.979e+02
s>            ( - -2.542e+03 2 0 QUESTION0 1 1.636e+02 1.100e+01)
s>            ( QUESTION10 1 -4.536e+04 2.280e+02 1.869e+02
s>                ( WDBNDRY_E 0 -1.488e+04 1.955e+02 6.165e+01
s>                    ( - -8.664e+03 7 0 QUESTION2 -1 1.639e+02 3.548e+01)
s>                    ( QUESTION0_1_R 1 -6.025e+03 2.305e+02 2.617e+01
s>                        ( - -2.272e+03 1 0)
s>                        ( - -3.522e+03 1 0)))
s>                ( QUESTION0_5_R 1 -3.025e+04 2.020e+02 1.253e+02
s>                    ( - -2.835e+02 1 0)
s>                    ( QUESTION0_13_R 1 -2.976e+04 1.914e+02 1.233e+02
s>                        ( - -2.328e+04 8 0 QUESTION2 -1 2.006e+02 9.625e+01)
s>                        ( - -6.290e+03 3 0 QUESTION0_4_R 1 1.409e+02 2.701e+01))))))INFO: dtree.c(1315): Comp split 18
INFO: dtree.c(1439): stop. leaf nodes are specific
INFO: dtree.c(1478): Final simple tree
|( QUESTION0_2_R 1 -2.393e+04 3.183e+02 1.050e+02
|    ( - -1.645e+04 1 0)
|    ( WDBNDRY_I 0 -7.162e+03 2.367e+02 3.001e+01
|        ( - -4.128e+03 1 0)
|        ( WDBNDRY_B 0 -2.797e+03 2.099e+02 1.200e+01
|            ( - -1.423e+03 1 0)
|            ( - -1.164e+03 1 0))))
s>    ( QUESTION0_2_R 1 -2.393e+04 3.183e+02 1.050e+02
s>        ( - -1.645e+04 1 0)
s>        ( WDBNDRY_I 0 -7.162e+03 2.367e+02 3.001e+01
s>            ( - -4.128e+03 1 0)
s>            ( WDBNDRY_B 0 -2.797e+03 2.099e+02 1.200e+01
s>                ( - -1.423e+03 1 0)
s>                ( - -1.164e+03 1 0))))INFO: dtree.c(1315): Comp split 19
INFO: dtree.c(1439): stop. leaf nodes are specific
INFO: dtree.c(1478): Final simple tree
|( QUESTION0_1_R 1 -4.111e+04 3.087e+02 1.664e+02
|    ( WDBNDRY_E 0 -2.634e+04 2.285e+02 1.085e+02
|        ( - -2.312e+04 3 0)
|        ( - -2.989e+03 1 0))
|    ( - -1.446e+04 2 0))
s>    ( QUESTION0_1_R 1 -4.111e+04 3.087e+02 1.664e+02
s>        ( WDBNDRY_E 0 -2.634e+04 2.285e+02 1.085e+02
s>            ( - -2.312e+04 3 0)
s>            ( - -2.989e+03 1 0))
s>        ( - -1.446e+04 2 0))INFO: dtree.c(1315): Comp split 20
INFO: dtree.c(1439): stop. leaf nodes are specific
INFO: dtree.c(1478): Final simple tree
|( QUESTION0_4_R 1 -1.397e+04 2.943e+02 6.099e+01
|    ( - -6.793e+03 1 0)
|    ( WDBNDRY_E 0 -6.879e+03 2.100e+02 3.108e+01
|        ( - -2.694e+02 1 0)
|        ( - -6.400e+03 1 0)))
s>    ( QUESTION0_4_R 1 -1.397e+04 2.943e+02 6.099e+01
s>        ( - -6.793e+03 1 0)
s>        ( WDBNDRY_E 0 -6.879e+03 2.100e+02 3.108e+01
s>            ( - -2.694e+02 1 0)
s>            ( - -6.400e+03 1 0)))INFO: dtree.c(1439): stop. leaf nodes are specific
INFO: dtree.c(1478): Final simple tree
|( SILENCE 1 -4.038e+03 2.225e+02 1.906e+01
|    ( - -4.630e+02 1 0)
|    ( WDBNDRY_E 0 -3.353e+03 1.423e+02 1.606e+01
|        ( - -1.892e+03 1 0)
|        ( - -1.318e+03 1 0)))
s>    ( SILENCE 1 -4.038e+03 2.225e+02 1.906e+01
s>        ( - -4.630e+02 1 0)
s>        ( WDBNDRY_E 0 -3.353e+03 1.423e+02 1.606e+01
s>            ( - -1.892e+03 1 0)
s>            ( - -1.318e+03 1 0)))INFO: dtree.c(1315): Comp split 21
INFO: dtree.c(1439): stop. leaf nodes are specific
INFO: dtree.c(1478): Final simple tree
|( WDBNDRY_I 0 -7.162e+03 2.367e+02 3.001e+01
|    ( - -4.128e+03 1 0)
|    ( WDBNDRY_B 0 -2.797e+03 2.099e+02 1.200e+01
|        ( - -1.423e+03 1 0)
|        ( - -1.164e+03 1 0)))
s>    ( WDBNDRY_I 0 -7.162e+03 2.367e+02 3.001e+01
s>        ( - -4.128e+03 1 0)
s>        ( WDBNDRY_B 0 -2.797e+03 2.099e+02 1.200e+01
s>            ( - -1.423e+03 1 0)
s>            ( - -1.164e+03 1 0)))INFO: dtree.c(1315): Comp split 22
INFO: dtree.c(1439): stop. leaf nodes are specific
INFO: dtree.c(1478): Final simple tree
|( QUESTION0_0_R 1 -5.007e+03 1.922e+02 2.101e+01
|    ( - -2.272e+03 1 0)
|    ( QUESTION0 1 -2.542e+03 1.636e+02 1.100e+01
|        ( - -1.758e+03 1 0)
|        ( - -6.205e+02 1 0)))
s>    ( QUESTION0_0_R 1 -5.007e+03 1.922e+02 2.101e+01
s>        ( - -2.272e+03 1 0)
s>        ( QUESTION0 1 -2.542e+03 1.636e+02 1.100e+01
s>            ( - -1.758e+03 1 0)
s>            ( - -6.205e+02 1 0)))INFO: dtree.c(1478): Final simple tree
|( QUESTION0_11_R 1 -4.392e+04 2.712e+02 1.819e+02
|    ( - -8.361e+02 1 0)
|    ( WDBNDRY_E 0 -4.281e+04 2.164e+02 1.769e+02
|        ( QUESTION0_1_R 1 -1.361e+04 1.612e+02 5.446e+01
|            ( - -3.953e+03 3 0)
|            ( QUESTION2 -1 -9.500e+03 1.596e+02 3.857e+01
|                ( - -5.896e+02 1 0)
|                ( - -8.751e+03 5 0 QUESTION0_0_R 1 1.392e+02 3.557e+01)))
|        ( QUESTION10 -1 -2.898e+04 2.336e+02 1.224e+02
|            ( QUESTION0_13_R 1 -2.255e+04 2.142e+02 9.426e+01
|                ( - -1.556e+04 5 0)
|                ( QUESTION0_5_R 1 -6.775e+03 2.020e+02 2.901e+01
|                    ( - -2.835e+02 1 0)
|                    ( - -6.290e+03 3 0 QUESTION0_4_R 1 1.409e+02 2.701e+01)))
|            ( - -6.198e+03 2 0 QUESTION0_0_R 1 1.532e+02 2.818e+01))))
s>    ( QUESTION0_11_R 1 -4.392e+04 2.712e+02 1.819e+02
s>        ( - -8.361e+02 1 0)
s>        ( WDBNDRY_E 0 -4.281e+04 2.164e+02 1.769e+02
s>            ( QUESTION0_1_R 1 -1.361e+04 1.612e+02 5.446e+01
s>                ( - -3.953e+03 3 0)
s>                ( QUESTION2 -1 -9.500e+03 1.596e+02 3.857e+01
s>                    ( - -5.896e+02 1 0)
s>                    ( - -8.751e+03 5 0 QUESTION0_0_R 1 1.392e+02 3.557e+01)))
s>            ( QUESTION10 -1 -2.898e+04 2.336e+02 1.224e+02
s>                ( QUESTION0_13_R 1 -2.255e+04 2.142e+02 9.426e+01
s>                    ( - -1.556e+04 5 0)
s>                    ( QUESTION0_5_R 1 -6.775e+03 2.020e+02 2.901e+01
s>                        ( - -2.835e+02 1 0)
s>                        ( - -6.290e+03 3 0 QUESTION0_4_R 1 1.409e+02 2.701e+01)))
s>                ( - -6.198e+03 2 0 QUESTION0_0_R 1 1.532e+02 2.818e+01))))INFO: dtree.c(1315): Comp split 23
INFO: dtree.c(1439): stop. leaf nodes are specific
INFO: dtree.c(1478): Final simple tree
|( WDBNDRY_E 0 -2.634e+04 2.285e+02 1.085e+02
|    ( - -2.312e+04 3 0)
|    ( - -2.989e+03 1 0))
s>    ( WDBNDRY_E 0 -2.634e+04 2.285e+02 1.085e+02
s>        ( - -2.312e+04 3 0)
s>        ( - -2.989e+03 1 0))INFO: dtree.c(1315): Comp split 24
INFO: dtree.c(1439): stop. leaf nodes are specific
INFO: dtree.c(1478): Final simple tree
|( QUESTION10 1 -2.476e+04 1.562e+02 1.068e+02
|    ( - -9.350e+02 1 0)
|    ( WDBNDRY_E 0 -2.367e+04 1.397e+02 1.018e+02
|        ( QUESTION0_15_R 1 -2.276e+04 1.302e+02 9.777e+01
|            ( - -3.958e+03 1 0)
|            ( QUESTION0_0_R 1 -1.868e+04 1.174e+02 7.975e+01
|                ( - -5.980e+03 1 0)
|                ( SILENCE 1 -1.258e+04 1.001e+02 5.326e+01
|                    ( - -1.878e+03 2 0)
|                    ( - -1.060e+04 2 0))))
|        ( - -7.698e+02 1 0)))
s>    ( QUESTION10 1 -2.476e+04 1.562e+02 1.068e+02
s>        ( - -9.350e+02 1 0)
s>        ( WDBNDRY_E 0 -2.367e+04 1.397e+02 1.018e+02
s>            ( QUESTION0_15_R 1 -2.276e+04 1.302e+02 9.777e+01
s>                ( - -3.958e+03 1 0)
s>                ( QUESTION0_0_R 1 -1.868e+04 1.174e+02 7.975e+01
s>                    ( - -5.980e+03 1 0)
s>                    ( SILENCE 1 -1.258e+04 1.001e+02 5.326e+01
s>                        ( - -1.878e+03 2 0)
s>                        ( - -1.060e+04 2 0))))
s>            ( - -7.698e+02 1 0)))INFO: dtree.c(1315): Comp split 25
INFO: dtree.c(1439): stop. leaf nodes are specific
INFO: dtree.c(1478): Final simple tree
|( WDBNDRY_E 0 -6.879e+03 2.100e+02 3.108e+01
|    ( - -2.694e+02 1 0)
|    ( - -6.400e+03 1 0))
s>    ( WDBNDRY_E 0 -6.879e+03 2.100e+02 3.108e+01
s>        ( - -2.694e+02 1 0)
s>        ( - -6.400e+03 1 0))INFO: dtree.c(1315): Comp split 26
INFO: dtree.c(1439): stop. leaf nodes are specific
INFO: dtree.c(1478): Final simple tree
|( QUESTION0_0_R 1 -1.158e+04 2.282e+02 4.994e+01
|    ( - -3.078e+02 1 0)
|    ( WDBNDRY_B 0 -1.104e+04 1.785e+02 4.794e+01
|        ( - -9.546e+03 1 0)
|        ( - -1.320e+03 1 0)))
s>    ( QUESTION0_0_R 1 -1.158e+04 2.282e+02 4.994e+01
s>        ( - -3.078e+02 1 0)
s>        ( WDBNDRY_B 0 -1.104e+04 1.785e+02 4.794e+01
s>            ( - -9.546e+03 1 0)
s>            ( - -1.320e+03 1 0)))INFO: dtree.c(1315): Comp split 27
INFO: dtree.c(1478): Final simple tree
|( QUESTION0_11_R 1 -2.808e+04 2.572e+02 1.167e+02
|    ( - -8.361e+02 1 0)
|    ( QUESTION0_5_R 1 -2.699e+04 2.022e+02 1.117e+02
|        ( - -2.835e+02 1 0)
|        ( QUESTION11 -1 -2.650e+04 1.970e+02 1.097e+02
|            ( - -3.522e+03 1 0)
|            ( WDBNDRY_E 0 -2.278e+04 1.893e+02 9.349e+01
|                ( QUESTION0_1_R 1 -1.361e+04 1.612e+02 5.446e+01
|                    ( - -3.953e+03 3 0)
|                    ( QUESTION2 -1 -9.500e+03 1.596e+02 3.857e+01
|                        ( - -5.896e+02 1 0)
|                        ( - -8.751e+03 5 0 QUESTION0_0_R 1 1.392e+02 3.557e+01)))
|                ( QUESTION0_4_R 1 -8.980e+03 1.815e+02 3.903e+01
|                    ( - -2.354e+03 1 0)
|                    ( - -6.445e+03 3 0 QUESTION0_9_R 1 1.567e+02 2.903e+01))))))
s>    ( QUESTION0_11_R 1 -2.808e+04 2.572e+02 1.167e+02
s>        ( - -8.361e+02 1 0)
s>        ( QUESTION0_5_R 1 -2.699e+04 2.022e+02 1.117e+02
s>            ( - -2.835e+02 1 0)
s>            ( QUESTION11 -1 -2.650e+04 1.970e+02 1.097e+02
s>                ( - -3.522e+03 1 0)
s>                ( WDBNDRY_E 0 -2.278e+04 1.893e+02 9.349e+01
s>                    ( QUESTION0_1_R 1 -1.361e+04 1.612e+02 5.446e+01
s>                        ( - -3.953e+03 3 0)
s>                        ( QUESTION2 -1 -9.500e+03 1.596e+02 3.857e+01
s>                            ( - -5.896e+02 1 0)
s>                            ( - -8.751e+03 5 0 QUESTION0_0_R 1 1.392e+02 3.557e+01)))
s>                    ( QUESTION0_4_R 1 -8.980e+03 1.815e+02 3.903e+01
s>                        ( - -2.354e+03 1 0)
s>                        ( - -6.445e+03 3 0 QUESTION0_9_R 1 1.567e+02 2.903e+01))))))INFO: dtree.c(1315): Comp split 28
INFO: dtree.c(1478): Final simple tree
|( QUESTION0_5_R 1 -2.699e+04 2.022e+02 1.117e+02
|    ( - -2.835e+02 1 0)
|    ( QUESTION11 -1 -2.650e+04 1.970e+02 1.097e+02
|        ( - -3.522e+03 1 0)
|        ( WDBNDRY_E 0 -2.278e+04 1.893e+02 9.349e+01
|            ( QUESTION0_1_R 1 -1.361e+04 1.612e+02 5.446e+01
|                ( - -3.953e+03 3 0)
|                ( QUESTION2 -1 -9.500e+03 1.596e+02 3.857e+01
|                    ( - -5.896e+02 1 0)
|                    ( - -8.751e+03 5 0 QUESTION0_0_R 1 1.392e+02 3.557e+01)))
|            ( QUESTION0_4_R 1 -8.980e+03 1.815e+02 3.903e+01
|                ( - -2.354e+03 1 0)
|                ( QUESTION0_9_R 1 -6.445e+03 1.567e+02 2.903e+01
|                    ( - -2.608e+03 1 0)
|                    ( - -3.680e+03 2 0 QUESTION0_0_R 1 1.076e+02 1.701e+01))))))
s>    ( QUESTION0_5_R 1 -2.699e+04 2.022e+02 1.117e+02
s>        ( - -2.835e+02 1 0)
s>        ( QUESTION11 -1 -2.650e+04 1.970e+02 1.097e+02
s>            ( - -3.522e+03 1 0)
s>            ( WDBNDRY_E 0 -2.278e+04 1.893e+02 9.349e+01
s>                ( QUESTION0_1_R 1 -1.361e+04 1.612e+02 5.446e+01
s>                    ( - -3.953e+03 3 0)
s>                    ( QUESTION2 -1 -9.500e+03 1.596e+02 3.857e+01
s>                        ( - -5.896e+02 1 0)
s>                        ( - -8.751e+03 5 0 QUESTION0_0_R 1 1.392e+02 3.557e+01)))
s>                ( QUESTION0_4_R 1 -8.980e+03 1.815e+02 3.903e+01
s>                    ( - -2.354e+03 1 0)
s>                    ( QUESTION0_9_R 1 -6.445e+03 1.567e+02 2.903e+01
s>                        ( - -2.608e+03 1 0)
s>                        ( - -3.680e+03 2 0 QUESTION0_0_R 1 1.076e+02 1.701e+01))))))INFO: dtree.c(1315): Comp split 29
INFO: dtree.c(1439): stop. leaf nodes are specific
INFO: dtree.c(1478): Final simple tree
|( WDBNDRY_E 0 -5.939e+03 2.337e+02 2.503e+01
|    ( - -9.025e+02 1 0)
|    ( - -4.803e+03 1 0))
s>    ( WDBNDRY_E 0 -5.939e+03 2.337e+02 2.503e+01
s>        ( - -9.025e+02 1 0)
s>        ( - -4.803e+03 1 0))INFO: dtree.c(1315): Comp split 30
INFO: dtree.c(1439): stop. leaf nodes are specific
INFO: dtree.c(1478): Final simple tree
|( SILENCE 1 -6.958e+03 2.112e+02 3.184e+01
|    ( - -1.201e+03 1 0)
|    ( QUESTION0_1_R 1 -5.546e+03 1.053e+02 2.584e+01
|        ( - -2.316e+03 1 0)
|        ( - -3.124e+03 1 0)))
s>    ( SILENCE 1 -6.958e+03 2.112e+02 3.184e+01
s>        ( - -1.201e+03 1 0)
s>        ( QUESTION0_1_R 1 -5.546e+03 1.053e+02 2.584e+01
s>            ( - -2.316e+03 1 0)
s>            ( - -3.124e+03 1 0)))INFO: dtree.c(1439): stop. leaf nodes are specific
INFO: dtree.c(1478): Final simple tree
|( QUESTION0_0_R 1 -1.439e+04 1.439e+02 6.504e+01
|    ( - -6.559e+03 2 0)
|    ( - -7.684e+03 1 0))
s>    ( QUESTION0_0_R 1 -1.439e+04 1.439e+02 6.504e+01
s>        ( - -6.559e+03 2 0)
s>        ( - -7.684e+03 1 0))INFO: dtree.c(1315): Comp split 31
INFO: dtree.c(1439): stop. leaf nodes are specific
INFO: dtree.c(1478): Final simple tree
|( WDBNDRY_B 0 -2.797e+03 2.099e+02 1.200e+01
|    ( - -1.423e+03 1 0)
|    ( - -1.164e+03 1 0))
s>    ( WDBNDRY_B 0 -2.797e+03 2.099e+02 1.200e+01
s>        ( - -1.423e+03 1 0)
s>        ( - -1.164e+03 1 0))INFO: dtree.c(1315): Comp split 32
INFO: dtree.c(1439): stop. leaf nodes are specific
INFO: dtree.c(1478): Final simple tree
|( QUESTION0_17_R 1 -1.388e+04 1.985e+02 5.872e+01
|    ( - -7.574e+02 1 0)
|    ( QUESTION7 -1 -1.293e+04 2.198e+02 5.472e+01
|        ( - -2.589e+02 1 0)
|        ( QUESTION0_15_R 1 -1.245e+04 1.951e+02 5.272e+01
|            ( - -3.038e+03 1 0)
|            ( QUESTION10 1 -9.216e+03 1.351e+02 3.905e+01
|                ( - -1.498e+03 1 0)
|                ( WDBNDRY_E 0 -7.583e+03 1.249e+02 3.205e+01
|                    ( - -1.359e+03 1 0)
|                    ( QUESTION0_0_R 1 -6.099e+03 1.304e+02 2.605e+01
|                        ( - -5.365e+03 2 0)
|                        ( - -6.041e+02 1 0)))))))
s>    ( QUESTION0_17_R 1 -1.388e+04 1.985e+02 5.872e+01
s>        ( - -7.574e+02 1 0)
s>        ( QUESTION7 -1 -1.293e+04 2.198e+02 5.472e+01
s>            ( - -2.589e+02 1 0)
s>            ( QUESTION0_15_R 1 -1.245e+04 1.951e+02 5.272e+01
s>                ( - -3.038e+03 1 0)
s>                ( QUESTION10 1 -9.216e+03 1.351e+02 3.905e+01
s>                    ( - -1.498e+03 1 0)
s>                    ( WDBNDRY_E 0 -7.583e+03 1.249e+02 3.205e+01
s>                        ( - -1.359e+03 1 0)
s>                        ( QUESTION0_0_R 1 -6.099e+03 1.304e+02 2.605e+01
s>                            ( - -5.365e+03 2 0)
s>                            ( - -6.041e+02 1 0)))))))INFO: dtree.c(1315): Comp split 33
INFO: dtree.c(1439): stop. leaf nodes are specific
INFO: dtree.c(1478): Final simple tree
|( QUESTION0_0_R 1 -5.104e+03 1.416e+02 2.201e+01
|    ( - -2.354e+03 1 0)
|    ( - -2.608e+03 1 0))
s>    ( QUESTION0_0_R 1 -5.104e+03 1.416e+02 2.201e+01
s>        ( - -2.354e+03 1 0)
s>        ( - -2.608e+03 1 0))INFO: dtree.c(1478): Final simple tree
|( QUESTION0_4_R 1 -2.165e+04 2.042e+02 8.964e+01
|    ( - -2.835e+02 1 0)
|    ( QUESTION11 -1 -2.116e+04 1.939e+02 8.764e+01
|        ( - -3.522e+03 1 0)
|        ( QUESTION3 -1 -1.745e+04 1.699e+02 7.148e+01
|            ( - -2.522e+03 1 0)
|            ( QUESTION0_1_R 1 -1.475e+04 1.590e+02 5.946e+01
|                ( - -3.953e+03 3 0)
|                ( QUESTION2 -1 -1.064e+04 1.597e+02 4.357e+01
|                    ( - -5.896e+02 1 0)
|                    ( QUESTION0_0_R 1 -9.892e+03 1.400e+02 4.057e+01
|                        ( WDBNDRY_E 0 -4.933e+03 9.047e+01 2.159e+01
|                            ( - -3.792e+03 3 0)
|                            ( - -1.050e+03 1 0))
|                        ( - -4.819e+03 2 0)))))))
s>    ( QUESTION0_4_R 1 -2.165e+04 2.042e+02 8.964e+01
s>        ( - -2.835e+02 1 0)
s>        ( QUESTION11 -1 -2.116e+04 1.939e+02 8.764e+01
s>            ( - -3.522e+03 1 0)
s>            ( QUESTION3 -1 -1.745e+04 1.699e+02 7.148e+01
s>                ( - -2.522e+03 1 0)
s>                ( QUESTION0_1_R 1 -1.475e+04 1.590e+02 5.946e+01
s>                    ( - -3.953e+03 3 0)
s>                    ( QUESTION2 -1 -1.064e+04 1.597e+02 4.357e+01
s>                        ( - -5.896e+02 1 0)
s>                        ( QUESTION0_0_R 1 -9.892e+03 1.400e+02 4.057e+01
s>                            ( WDBNDRY_E 0 -4.933e+03 9.047e+01 2.159e+01
s>                                ( - -3.792e+03 3 0)
s>                                ( - -1.050e+03 1 0))
s>                            ( - -4.819e+03 2 0)))))))INFO: dtree.c(1315): Comp split 34
INFO: dtree.c(1315): Comp split 35
INFO: dtree.c(1315): Comp split 36
INFO: dtree.c(1439): stop. leaf nodes are specific
INFO: dtree.c(1478): Final simple tree
|( WDBNDRY_B 0 -1.104e+04 1.785e+02 4.794e+01
|    ( - -9.546e+03 1 0)
|    ( - -1.320e+03 1 0))
s>    ( WDBNDRY_B 0 -1.104e+04 1.785e+02 4.794e+01
s>        ( - -9.546e+03 1 0)
s>        ( - -1.320e+03 1 0))INFO: dtree.c(1315): Comp split 37
INFO: dtree.c(1439): stop. leaf nodes are specific
INFO: dtree.c(1478): Final simple tree
|( QUESTION0_4_R 1 -1.112e+04 1.994e+02 4.557e+01
|    ( - -2.835e+02 1 0)
|    ( QUESTION2 -1 -1.064e+04 1.597e+02 4.357e+01
|        ( - -5.896e+02 1 0)
|        ( QUESTION0_0_R 1 -9.892e+03 1.400e+02 4.057e+01
|            ( WDBNDRY_E 0 -4.933e+03 9.047e+01 2.159e+01
|                ( - -3.792e+03 3 0)
|                ( - -1.050e+03 1 0))
|            ( - -4.819e+03 2 0))))
s>    ( QUESTION0_4_R 1 -1.112e+04 1.994e+02 4.557e+01
s>        ( - -2.835e+02 1 0)
s>        ( QUESTION2 -1 -1.064e+04 1.597e+02 4.357e+01
s>            ( - -5.896e+02 1 0)
s>            ( QUESTION0_0_R 1 -9.892e+03 1.400e+02 4.057e+01
s>                ( WDBNDRY_E 0 -4.933e+03 9.047e+01 2.159e+01
s>                    ( - -3.792e+03 3 0)
s>                    ( - -1.050e+03 1 0))
s>                ( - -4.819e+03 2 0))))INFO: dtree.c(1439): stop. leaf nodes are specific
INFO: dtree.c(1478): Final simple tree
|( QUESTION0_0_R 1 -1.030e+04 1.593e+02 4.407e+01
|    ( WDBNDRY_E 0 -7.620e+03 1.447e+02 3.206e+01
|        ( - -3.953e+03 3 0)
|        ( - -3.522e+03 1 0))
|    ( - -2.522e+03 1 0))
s>    ( QUESTION0_0_R 1 -1.030e+04 1.593e+02 4.407e+01
s>        ( WDBNDRY_E 0 -7.620e+03 1.447e+02 3.206e+01
s>            ( - -3.953e+03 3 0)
s>            ( - -3.522e+03 1 0))
s>        ( - -2.522e+03 1 0))INFO: dtree.c(1315): Comp split 38
INFO: dtree.c(1439): stop. leaf nodes are specific
INFO: dtree.c(1478): Final simple tree
|( WDBNDRY_E 0 -3.353e+03 1.423e+02 1.606e+01
|    ( - -1.892e+03 1 0)
|    ( - -1.318e+03 1 0))
s>    ( WDBNDRY_E 0 -3.353e+03 1.423e+02 1.606e+01
s>        ( - -1.892e+03 1 0)
s>        ( - -1.318e+03 1 0))INFO: dtree.c(1315): Comp split 39
INFO: dtree.c(1439): stop. leaf nodes are specific
INFO: dtree.c(1478): Final simple tree
|( QUESTION0_16_R 1 -1.341e+04 1.999e+02 5.672e+01
|    ( - -3.038e+03 1 0)
|    ( QUESTION0_15_R 1 -1.017e+04 1.947e+02 4.305e+01
|        ( - -7.574e+02 1 0)
|        ( QUESTION10 1 -9.216e+03 1.351e+02 3.905e+01
|            ( - -1.498e+03 1 0)
|            ( WDBNDRY_E 0 -7.583e+03 1.249e+02 3.205e+01
|                ( - -1.359e+03 1 0)
|                ( QUESTION0_0_R 1 -6.099e+03 1.304e+02 2.605e+01
|                    ( - -5.365e+03 2 0)
|                    ( - -6.041e+02 1 0))))))
s>    ( QUESTION0_16_R 1 -1.341e+04 1.999e+02 5.672e+01
s>        ( - -3.038e+03 1 0)
s>        ( QUESTION0_15_R 1 -1.017e+04 1.947e+02 4.305e+01
s>            ( - -7.574e+02 1 0)
s>            ( QUESTION10 1 -9.216e+03 1.351e+02 3.905e+01
s>                ( - -1.498e+03 1 0)
s>                ( WDBNDRY_E 0 -7.583e+03 1.249e+02 3.205e+01
s>                    ( - -1.359e+03 1 0)
s>                    ( QUESTION0_0_R 1 -6.099e+03 1.304e+02 2.605e+01
s>                        ( - -5.365e+03 2 0)
s>                        ( - -6.041e+02 1 0))))))INFO: dtree.c(1315): Comp split 40
INFO: dtree.c(1315): Comp split 41
INFO: dtree.c(1439): stop. leaf nodes are specific
INFO: dtree.c(1478): Final simple tree
|( QUESTION0_1_R 1 -5.546e+03 1.053e+02 2.584e+01
|    ( - -2.316e+03 1 0)
|    ( - -3.124e+03 1 0))
s>    ( QUESTION0_1_R 1 -5.546e+03 1.053e+02 2.584e+01
s>        ( - -2.316e+03 1 0)
s>        ( - -3.124e+03 1 0))INFO: dtree.c(1315): Comp split 42
INFO: dtree.c(1315): Comp split 43
INFO: dtree.c(1315): Comp split 44
INFO: dtree.c(1439): stop. leaf nodes are specific
INFO: dtree.c(1478): Final simple tree
|( QUESTION0_15_R 1 -1.017e+04 1.947e+02 4.305e+01
|    ( - -7.574e+02 1 0)
|    ( QUESTION10 1 -9.216e+03 1.351e+02 3.905e+01
|        ( - -1.498e+03 1 0)
|        ( WDBNDRY_E 0 -7.583e+03 1.249e+02 3.205e+01
|            ( - -1.359e+03 1 0)
|            ( QUESTION0_0_R 1 -6.099e+03 1.304e+02 2.605e+01
|                ( - -5.365e+03 2 0)
|                ( - -6.041e+02 1 0)))))
s>    ( QUESTION0_15_R 1 -1.017e+04 1.947e+02 4.305e+01
s>        ( - -7.574e+02 1 0)
s>        ( QUESTION10 1 -9.216e+03 1.351e+02 3.905e+01
s>            ( - -1.498e+03 1 0)
s>            ( WDBNDRY_E 0 -7.583e+03 1.249e+02 3.205e+01
s>                ( - -1.359e+03 1 0)
s>                ( QUESTION0_0_R 1 -6.099e+03 1.304e+02 2.605e+01
s>                    ( - -5.365e+03 2 0)
s>                    ( - -6.041e+02 1 0)))))INFO: dtree.c(1315): Comp split 45
INFO: dtree.c(1439): stop. leaf nodes are specific
INFO: dtree.c(1478): Final simple tree
|( QUESTION2 -1 -1.064e+04 1.597e+02 4.357e+01
|    ( - -5.896e+02 1 0)
|    ( QUESTION0_0_R 1 -9.892e+03 1.400e+02 4.057e+01
|        ( WDBNDRY_E 0 -4.933e+03 9.047e+01 2.159e+01
|            ( - -3.792e+03 3 0)
|            ( - -1.050e+03 1 0))
|        ( - -4.819e+03 2 0)))
s>    ( QUESTION2 -1 -1.064e+04 1.597e+02 4.357e+01
s>        ( - -5.896e+02 1 0)
s>        ( QUESTION0_0_R 1 -9.892e+03 1.400e+02 4.057e+01
s>            ( WDBNDRY_E 0 -4.933e+03 9.047e+01 2.159e+01
s>                ( - -3.792e+03 3 0)
s>                ( - -1.050e+03 1 0))
s>            ( - -4.819e+03 2 0)))INFO: dtree.c(1315): Comp split 46
INFO: dtree.c(1439): stop. leaf nodes are specific
INFO: dtree.c(1478): Final simple tree
|( QUESTION2 -1 -4.195e+04 1.878e+02 1.826e+02
|    ( - -5.193e+03 1 0)
|    ( - -3.657e+04 3 0))
s>    ( QUESTION2 -1 -4.195e+04 1.878e+02 1.826e+02
s>        ( - -5.193e+03 1 0)
s>        ( - -3.657e+04 3 0))INFO: dtree.c(1315): Comp split 47
INFO: dtree.c(1439): stop. leaf nodes are specific
INFO: dtree.c(1478): Final simple tree
|( QUESTION10 1 -9.216e+03 1.351e+02 3.905e+01
|    ( - -1.498e+03 1 0)
|    ( WDBNDRY_E 0 -7.583e+03 1.249e+02 3.205e+01
|        ( - -1.359e+03 1 0)
|        ( QUESTION0_0_R 1 -6.099e+03 1.304e+02 2.605e+01
|            ( - -5.365e+03 2 0)
|            ( - -6.041e+02 1 0))))
s>    ( QUESTION10 1 -9.216e+03 1.351e+02 3.905e+01
s>        ( - -1.498e+03 1 0)
s>        ( WDBNDRY_E 0 -7.583e+03 1.249e+02 3.205e+01
s>            ( - -1.359e+03 1 0)
s>            ( QUESTION0_0_R 1 -6.099e+03 1.304e+02 2.605e+01
s>                ( - -5.365e+03 2 0)
s>                ( - -6.041e+02 1 0))))INFO: dtree.c(1315): Comp split 48
INFO: dtree.c(1439): stop. leaf nodes are specific
INFO: dtree.c(1478): Final simple tree
|( QUESTION0 1 -2.542e+03 1.636e+02 1.100e+01
|    ( - -1.758e+03 1 0)
|    ( - -6.205e+02 1 0))
s>    ( QUESTION0 1 -2.542e+03 1.636e+02 1.100e+01
s>        ( - -1.758e+03 1 0)
s>        ( - -6.205e+02 1 0))INFO: dtree.c(1315): Comp split 49
INFO: dtree.c(1315): Comp split 50
INFO: dtree.c(1439): stop. leaf nodes are specific
INFO: dtree.c(1478): Final simple tree
|( SILENCE 1 -1.404e+04 1.265e+02 6.030e+01
|    ( - -1.196e+04 1 0)
|    ( - -1.959e+03 1 0))
s>    ( SILENCE 1 -1.404e+04 1.265e+02 6.030e+01
s>        ( - -1.196e+04 1 0)
s>        ( - -1.959e+03 1 0))INFO: dtree.c(1315): Comp split 51
INFO: dtree.c(1315): Comp split 52
INFO: dtree.c(1315): Comp split 53
INFO: dtree.c(1439): stop. leaf nodes are specific
INFO: dtree.c(1478): Final simple tree
|( QUESTION0_0_R 1 -1.669e+04 1.087e+02 7.175e+01
|    ( - -5.980e+03 1 0)
|    ( - -1.060e+04 2 0))
s>    ( QUESTION0_0_R 1 -1.669e+04 1.087e+02 7.175e+01
s>        ( - -5.980e+03 1 0)
s>        ( - -1.060e+04 2 0))INFO: dtree.c(1439): stop. leaf nodes are specific
INFO: dtree.c(1478): Final simple tree
|( QUESTION10 1 -7.912e+03 1.551e+02 3.501e+01
|    ( - -9.350e+02 1 0)
|    ( WDBNDRY_E 0 -6.822e+03 1.254e+02 3.001e+01
|        ( SILENCE 1 -5.927e+03 9.109e+01 2.601e+01
|            ( - -1.878e+03 2 0)
|            ( - -3.958e+03 1 0))
|        ( - -7.698e+02 1 0)))
s>    ( QUESTION10 1 -7.912e+03 1.551e+02 3.501e+01
s>        ( - -9.350e+02 1 0)
s>        ( WDBNDRY_E 0 -6.822e+03 1.254e+02 3.001e+01
s>            ( SILENCE 1 -5.927e+03 9.109e+01 2.601e+01
s>                ( - -1.878e+03 2 0)
s>                ( - -3.958e+03 1 0))
s>            ( - -7.698e+02 1 0)))INFO: dtree.c(1315): Comp split 54
INFO: dtree.c(1439): stop. leaf nodes are specific
INFO: dtree.c(1478): Final simple tree
|( QUESTION0_0_R 1 -9.892e+03 1.400e+02 4.057e+01
|    ( WDBNDRY_E 0 -4.933e+03 9.047e+01 2.159e+01
|        ( - -3.792e+03 3 0)
|        ( - -1.050e+03 1 0))
|    ( - -4.819e+03 2 0))
s>    ( QUESTION0_0_R 1 -9.892e+03 1.400e+02 4.057e+01
s>        ( WDBNDRY_E 0 -4.933e+03 9.047e+01 2.159e+01
s>            ( - -3.792e+03 3 0)
s>            ( - -1.050e+03 1 0))
s>        ( - -4.819e+03 2 0))INFO: dtree.c(1315): Comp split 55
INFO: dtree.c(1439): stop. leaf nodes are specific
INFO: dtree.c(1478): Final simple tree
|( WDBNDRY_E 0 -7.620e+03 1.447e+02 3.206e+01
|    ( - -3.953e+03 3 0)
|    ( - -3.522e+03 1 0))
s>    ( WDBNDRY_E 0 -7.620e+03 1.447e+02 3.206e+01
s>        ( - -3.953e+03 3 0)
s>        ( - -3.522e+03 1 0))INFO: dtree.c(1315): Comp split 56
INFO: dtree.c(1439): stop. leaf nodes are specific
INFO: dtree.c(1478): Final simple tree
|( WDBNDRY_E 0 -6.822e+03 1.254e+02 3.001e+01
|    ( SILENCE 1 -5.927e+03 9.109e+01 2.601e+01
|        ( - -1.878e+03 2 0)
|        ( - -3.958e+03 1 0))
|    ( - -7.698e+02 1 0))
s>    ( WDBNDRY_E 0 -6.822e+03 1.254e+02 3.001e+01
s>        ( SILENCE 1 -5.927e+03 9.109e+01 2.601e+01
s>            ( - -1.878e+03 2 0)
s>            ( - -3.958e+03 1 0))
s>        ( - -7.698e+02 1 0))INFO: dtree.c(1315): Comp split 57
INFO: dtree.c(1315): Comp split 58
INFO: dtree.c(1315): Comp split 59
INFO: dtree.c(1315): Comp split 60
INFO: dtree.c(1315): Comp split 61
INFO: dtree.c(1439): stop. leaf nodes are specific
INFO: dtree.c(1478): Final simple tree
|( WDBNDRY_E 0 -4.933e+03 9.047e+01 2.159e+01
|    ( - -3.792e+03 3 0)
|    ( - -1.050e+03 1 0))
s>    ( WDBNDRY_E 0 -4.933e+03 9.047e+01 2.159e+01
s>        ( - -3.792e+03 3 0)
s>        ( - -1.050e+03 1 0))INFO: dtree.c(1315): Comp split 62
INFO: dtree.c(1439): stop. leaf nodes are specific
INFO: dtree.c(1478): Final simple tree
|( WDBNDRY_E 0 -2.081e+03 1.179e+02 9.000e+00
|    ( - -1.359e+03 1 0)
|    ( - -6.041e+02 1 0))
s>    ( WDBNDRY_E 0 -2.081e+03 1.179e+02 9.000e+00
s>        ( - -1.359e+03 1 0)
s>        ( - -6.041e+02 1 0))INFO: dtree.c(1439): stop. leaf nodes are specific
INFO: dtree.c(1478): Final simple tree
|( QUESTION10 1 -6.999e+03 1.365e+02 3.005e+01
|    ( - -1.498e+03 1 0)
|    ( - -5.365e+03 2 0))
s>    ( QUESTION10 1 -6.999e+03 1.365e+02 3.005e+01
s>        ( - -1.498e+03 1 0)
s>        ( - -5.365e+03 2 0))INFO: dtree.c(1315): Comp split 63
INFO: dtree.c(1315): Comp split 64
INFO: dtree.c(1315): Comp split 65
INFO: dtree.c(1439): stop. leaf nodes are specific
INFO: dtree.c(1478): Final simple tree
|( SILENCE 1 -5.927e+03 9.109e+01 2.601e+01
|    ( - -1.878e+03 2 0)
|    ( - -3.958e+03 1 0))
s>    ( SILENCE 1 -5.927e+03 9.109e+01 2.601e+01
s>        ( - -1.878e+03 2 0)
s>        ( - -3.958e+03 1 0))INFO: dtree.c(1315): Comp split 66
INFO: dtree.c(1315): Comp split 67
INFO: dtree.c(1315): Comp split 68
INFO: dtree.c(1315): Comp split 69
INFO: dtree.c(1315): Comp split 70
INFO: dtree.c(1315): Comp split 71
INFO: dtree.c(1315): Comp split 72
INFO: dtree.c(1315): Comp split 73
INFO: dtree.c(1318): stop. leaf nodes are specific
Fri Jan  6 22:28:05 2023
