Current configuration:
[NAME]		[DEFLT]	[VALUE]
-allphones	no	no
-cntthresh	0.00001	1.000000e-05
-csplitmax	100	2000
-csplitmin	1	1
-csplitthr	8e-4	0.000000e+00
-example	no	no
-fullvar	no	no
-help		no	no
-meanfn			/mnt/c/users/robin/onedrive/desktop/cmu/Cebuano/model_parameters/Cebuano.cd_cont_untied/means
-mixwfn			/mnt/c/users/robin/onedrive/desktop/cmu/Cebuano/model_parameters/Cebuano.cd_cont_untied/mixture_weights
-moddeffn		/mnt/c/users/robin/onedrive/desktop/cmu/Cebuano/model_architecture/Cebuano.untied.mdef
-mwfloor	1e-4	1.000000e-08
-phone			SH
-psetfn			/mnt/c/users/robin/onedrive/desktop/cmu/Cebuano/model_architecture/Cebuano.tree_questions
-ssplitmax	5	7
-ssplitmin	1	1
-ssplitthr	8e-4	0.000000e+00
-state			2
-stwt			1.0,0.05,0.0,
-treefn			/mnt/c/users/robin/onedrive/desktop/cmu/Cebuano/trees/Cebuano.unpruned/SH-2.dtree
-ts2cbfn	.semi.	.cont.
-varfloor	0.00001	1.000000e-05
-varfn			/mnt/c/users/robin/onedrive/desktop/cmu/Cebuano/model_parameters/Cebuano.cd_cont_untied/variances

INFO: main.c(223): Reading: /mnt/c/users/robin/onedrive/desktop/cmu/Cebuano/model_architecture/Cebuano.untied.mdef
INFO: model_def_io.c(573): Model definition info:
INFO: model_def_io.c(574): 7744 total models defined (40 base, 7704 tri)
INFO: model_def_io.c(575): 30976 total states
INFO: model_def_io.c(576): 23232 total tied states
INFO: model_def_io.c(577): 120 total tied CI states
INFO: model_def_io.c(578): 40 total tied transition matrices
INFO: model_def_io.c(579): 4 max state/model
INFO: model_def_io.c(580): 4 min state/model
INFO: main.c(242): Building trees for [SH AE AH e] through [SH UW EH b]
INFO: main.c(268): Covering states |[20439 20507]| == 69
INFO: main.c(275): Reading: /mnt/c/users/robin/onedrive/desktop/cmu/Cebuano/model_parameters/Cebuano.cd_cont_untied/mixture_weights
INFO: s3mixw_io.c(172): Read /mnt/c/users/robin/onedrive/desktop/cmu/Cebuano/model_parameters/Cebuano.cd_cont_untied/mixture_weights [69x1x1 array]
INFO: main.c(311): 23 of 23 models have observation count greater than 0.000010
INFO: main.c(95): nrm stwt: 0.000 0.048 0.952 
INFO: s3gau_io.c(168): Read /mnt/c/users/robin/onedrive/desktop/cmu/Cebuano/model_parameters/Cebuano.cd_cont_untied/means [23232x1x1 array]
INFO: s3gau_io.c(168): Read /mnt/c/users/robin/onedrive/desktop/cmu/Cebuano/model_parameters/Cebuano.cd_cont_untied/variances [23232x1x1 array]
INFO: main.c(549): Reading: /mnt/c/users/robin/onedrive/desktop/cmu/Cebuano/model_architecture/Cebuano.tree_questions
INFO: main.c(587): 180 total simple questions (172 phone; 8 word bndry)
INFO: main.c(589): 42 Left Only questions, and 42 Right Only questions
INFO: dtree.c(1478): Final simple tree
|( QUESTION0_15_R 1 -1.530e+05 6.704e+02 6.428e+02
|    ( - -5.117e+04 6 0 QUESTION2_13_L -1 2.125e+02 2.190e+02)
|    ( QUESTION0_13_R 1 -1.012e+05 5.829e+02 4.238e+02
|        ( QUESTION2_19_L -1 -8.578e+04 5.339e+02 3.635e+02
|            ( WDBNDRY_E 0 -2.768e+04 4.641e+02 1.186e+02
|                ( - 2.198e+02 1 0)
|                ( - -2.743e+04 1 0))
|            ( - -5.757e+04 8 0 QUESTION2_17_L -1 2.272e+02 2.450e+02))
|        ( QUESTION0_7_R 1 -1.481e+04 4.599e+02 6.026e+01
|            ( - 1.596e+02 1 0)
|            ( SILENCE 1 -1.451e+04 3.187e+02 5.926e+01
|                ( - -3.222e+03 1 0)
|                ( WDBNDRY_E 0 -1.097e+04 2.667e+02 4.595e+01
|                    ( - -5.970e+03 3 0 QUESTION0_4_R 1 1.602e+02 2.502e+01)
|                    ( - -4.731e+03 2 0 QUESTION0 -1 1.671e+02 2.093e+01))))))
s>    ( QUESTION0_15_R 1 -1.530e+05 6.704e+02 6.428e+02
s>        ( - -5.117e+04 6 0 QUESTION2_13_L -1 2.125e+02 2.190e+02)
s>        ( QUESTION0_13_R 1 -1.012e+05 5.829e+02 4.238e+02
s>            ( QUESTION2_19_L -1 -8.578e+04 5.339e+02 3.635e+02
s>                ( WDBNDRY_E 0 -2.768e+04 4.641e+02 1.186e+02
s>                    ( - 2.198e+02 1 0)
s>                    ( - -2.743e+04 1 0))
s>                ( - -5.757e+04 8 0 QUESTION2_17_L -1 2.272e+02 2.450e+02))
s>            ( QUESTION0_7_R 1 -1.481e+04 4.599e+02 6.026e+01
s>                ( - 1.596e+02 1 0)
s>                ( SILENCE 1 -1.451e+04 3.187e+02 5.926e+01
s>                    ( - -3.222e+03 1 0)
s>                    ( WDBNDRY_E 0 -1.097e+04 2.667e+02 4.595e+01
s>                        ( - -5.970e+03 3 0 QUESTION0_4_R 1 1.602e+02 2.502e+01)
s>                        ( - -4.731e+03 2 0 QUESTION0 -1 1.671e+02 2.093e+01))))))INFO: dtree.c(1315): Comp split 0
INFO: dtree.c(1478): Final simple tree
|( QUESTION0_13_R 1 -4.297e+04 4.862e+02 1.788e+02
|    ( WDBNDRY_E 0 -2.768e+04 4.641e+02 1.186e+02
|        ( - 2.198e+02 1 0)
|        ( - -2.743e+04 1 0))
|    ( QUESTION0_7_R 1 -1.481e+04 4.599e+02 6.026e+01
|        ( - 1.596e+02 1 0)
|        ( SILENCE 1 -1.451e+04 3.187e+02 5.926e+01
|            ( - -3.222e+03 1 0)
|            ( WDBNDRY_E 0 -1.097e+04 2.667e+02 4.595e+01
|                ( QUESTION0_4_R 1 -5.970e+03 1.602e+02 2.502e+01
|                    ( - -7.409e+02 1 0)
|                    ( - -5.069e+03 2 0 QUESTION0_1_R 1 1.209e+02 2.202e+01))
|                ( QUESTION0 -1 -4.731e+03 1.671e+02 2.093e+01
|                    ( - -7.950e+02 1 0)
|                    ( - -3.769e+03 1 0))))))
s>    ( QUESTION0_13_R 1 -4.297e+04 4.862e+02 1.788e+02
s>        ( WDBNDRY_E 0 -2.768e+04 4.641e+02 1.186e+02
s>            ( - 2.198e+02 1 0)
s>            ( - -2.743e+04 1 0))
s>        ( QUESTION0_7_R 1 -1.481e+04 4.599e+02 6.026e+01
s>            ( - 1.596e+02 1 0)
s>            ( SILENCE 1 -1.451e+04 3.187e+02 5.926e+01
s>                ( - -3.222e+03 1 0)
s>                ( WDBNDRY_E 0 -1.097e+04 2.667e+02 4.595e+01
s>                    ( QUESTION0_4_R 1 -5.970e+03 1.602e+02 2.502e+01
s>                        ( - -7.409e+02 1 0)
s>                        ( - -5.069e+03 2 0 QUESTION0_1_R 1 1.209e+02 2.202e+01))
s>                    ( QUESTION0 -1 -4.731e+03 1.671e+02 2.093e+01
s>                        ( - -7.950e+02 1 0)
s>                        ( - -3.769e+03 1 0))))))INFO: dtree.c(1478): Final simple tree
|( QUESTION0_14_R 1 -1.093e+05 6.071e+02 4.640e+02
|    ( QUESTION2_17_L -1 -5.757e+04 2.272e+02 2.450e+02
|        ( - -3.994e+04 2 0 QUESTION0 -1 1.051e+02 1.693e+02)
|        ( QUESTION13 -1 -1.740e+04 1.388e+02 7.569e+01
|            ( - -3.728e+03 2 0 WDBNDRY_B 0 1.118e+02 1.700e+01)
|            ( - -1.353e+04 4 0 QUESTION11 -1 1.229e+02 5.869e+01)))
|    ( QUESTION2_13_L -1 -5.117e+04 2.125e+02 2.190e+02
|        ( - -4.044e+04 1 0)
|        ( QUESTION15 -1 -1.052e+04 1.690e+02 4.385e+01
|            ( - -2.437e+03 1 0)
|            ( QUESTION13 -1 -7.910e+03 1.388e+02 3.285e+01
|                ( - -5.708e+02 1 0)
|                ( QUESTION0 1 -7.200e+03 1.361e+02 2.985e+01
|                    ( - -6.674e+02 1 0)
|                    ( - -6.397e+03 2 0 WDBNDRY_B 0 1.114e+02 2.685e+01))))))
s>    ( QUESTION0_14_R 1 -1.093e+05 6.071e+02 4.640e+02
s>        ( QUESTION2_17_L -1 -5.757e+04 2.272e+02 2.450e+02
s>            ( - -3.994e+04 2 0 QUESTION0 -1 1.051e+02 1.693e+02)
s>            ( QUESTION13 -1 -1.740e+04 1.388e+02 7.569e+01
s>                ( - -3.728e+03 2 0 WDBNDRY_B 0 1.118e+02 1.700e+01)
s>                ( - -1.353e+04 4 0 QUESTION11 -1 1.229e+02 5.869e+01)))
s>        ( QUESTION2_13_L -1 -5.117e+04 2.125e+02 2.190e+02
s>            ( - -4.044e+04 1 0)
s>            ( QUESTION15 -1 -1.052e+04 1.690e+02 4.385e+01
s>                ( - -2.437e+03 1 0)
s>                ( QUESTION13 -1 -7.910e+03 1.388e+02 3.285e+01
s>                    ( - -5.708e+02 1 0)
s>                    ( QUESTION0 1 -7.200e+03 1.361e+02 2.985e+01
s>                        ( - -6.674e+02 1 0)
s>                        ( - -6.397e+03 2 0 WDBNDRY_B 0 1.114e+02 2.685e+01))))))INFO: dtree.c(1315): Comp split 1
INFO: dtree.c(1439): stop. leaf nodes are specific
INFO: dtree.c(1478): Final simple tree
|( QUESTION2_13_L -1 -4.858e+04 2.321e+02 2.080e+02
|    ( - -4.044e+04 1 0)
|    ( QUESTION13 -1 -7.910e+03 1.388e+02 3.285e+01
|        ( - -5.708e+02 1 0)
|        ( QUESTION0 1 -7.200e+03 1.361e+02 2.985e+01
|            ( - -6.674e+02 1 0)
|            ( WDBNDRY_B 0 -6.397e+03 1.114e+02 2.685e+01
|                ( - -2.021e+03 1 0)
|                ( - -4.265e+03 1 0)))))
s>    ( QUESTION2_13_L -1 -4.858e+04 2.321e+02 2.080e+02
s>        ( - -4.044e+04 1 0)
s>        ( QUESTION13 -1 -7.910e+03 1.388e+02 3.285e+01
s>            ( - -5.708e+02 1 0)
s>            ( QUESTION0 1 -7.200e+03 1.361e+02 2.985e+01
s>                ( - -6.674e+02 1 0)
s>                ( WDBNDRY_B 0 -6.397e+03 1.114e+02 2.685e+01
s>                    ( - -2.021e+03 1 0)
s>                    ( - -4.265e+03 1 0)))))INFO: dtree.c(1478): Final simple tree
|( QUESTION2_17_L -1 -6.014e+04 2.261e+02 2.560e+02
|    ( QUESTION0 -1 -3.994e+04 1.051e+02 1.693e+02
|        ( - -3.647e+04 1 0)
|        ( - -3.373e+03 1 0))
|    ( QUESTION15 -1 -1.997e+04 1.535e+02 8.669e+01
|        ( QUESTION0_14_R 1 -5.117e+03 1.134e+02 2.300e+01
|            ( - -2.567e+03 1 0)
|            ( - -2.437e+03 1 0))
|        ( QUESTION12 -1 -1.469e+04 1.288e+02 6.369e+01
|            ( - -4.559e+03 1 0)
|            ( QUESTION10 -1 -1.001e+04 1.429e+02 4.368e+01
|                ( WDBNDRY_B 0 -6.977e+03 1.102e+02 3.067e+01
|                    ( - -1.940e+03 1 0)
|                    ( - -4.927e+03 1 0))
|                ( - -2.886e+03 2 0 QUESTION0 -1 8.609e+01 1.300e+01)))))
s>    ( QUESTION2_17_L -1 -6.014e+04 2.261e+02 2.560e+02
s>        ( QUESTION0 -1 -3.994e+04 1.051e+02 1.693e+02
s>            ( - -3.647e+04 1 0)
s>            ( - -3.373e+03 1 0))
s>        ( QUESTION15 -1 -1.997e+04 1.535e+02 8.669e+01
s>            ( QUESTION0_14_R 1 -5.117e+03 1.134e+02 2.300e+01
s>                ( - -2.567e+03 1 0)
s>                ( - -2.437e+03 1 0))
s>            ( QUESTION12 -1 -1.469e+04 1.288e+02 6.369e+01
s>                ( - -4.559e+03 1 0)
s>                ( QUESTION10 -1 -1.001e+04 1.429e+02 4.368e+01
s>                    ( WDBNDRY_B 0 -6.977e+03 1.102e+02 3.067e+01
s>                        ( - -1.940e+03 1 0)
s>                        ( - -4.927e+03 1 0))
s>                    ( - -2.886e+03 2 0 QUESTION0 -1 8.609e+01 1.300e+01)))))INFO: dtree.c(1315): Comp split 2
INFO: dtree.c(1478): Final simple tree
|( QUESTION0_7_R 1 -1.504e+04 4.592e+02 6.126e+01
|    ( - 1.596e+02 1 0)
|    ( QUESTION0_13_R 1 -1.474e+04 4.503e+02 6.026e+01
|        ( - 2.198e+02 1 0)
|        ( SILENCE 1 -1.451e+04 3.187e+02 5.926e+01
|            ( - -3.222e+03 1 0)
|            ( WDBNDRY_E 0 -1.097e+04 2.667e+02 4.595e+01
|                ( QUESTION0_4_R 1 -5.970e+03 1.602e+02 2.502e+01
|                    ( - -7.409e+02 1 0)
|                    ( QUESTION0_1_R 1 -5.069e+03 1.209e+02 2.202e+01
|                        ( - -6.075e+02 1 0)
|                        ( - -4.341e+03 1 0)))
|                ( QUESTION0 -1 -4.731e+03 1.671e+02 2.093e+01
|                    ( - -7.950e+02 1 0)
|                    ( - -3.769e+03 1 0))))))
s>    ( QUESTION0_7_R 1 -1.504e+04 4.592e+02 6.126e+01
s>        ( - 1.596e+02 1 0)
s>        ( QUESTION0_13_R 1 -1.474e+04 4.503e+02 6.026e+01
s>            ( - 2.198e+02 1 0)
s>            ( SILENCE 1 -1.451e+04 3.187e+02 5.926e+01
s>                ( - -3.222e+03 1 0)
s>                ( WDBNDRY_E 0 -1.097e+04 2.667e+02 4.595e+01
s>                    ( QUESTION0_4_R 1 -5.970e+03 1.602e+02 2.502e+01
s>                        ( - -7.409e+02 1 0)
s>                        ( QUESTION0_1_R 1 -5.069e+03 1.209e+02 2.202e+01
s>                            ( - -6.075e+02 1 0)
s>                            ( - -4.341e+03 1 0)))
s>                    ( QUESTION0 -1 -4.731e+03 1.671e+02 2.093e+01
s>                        ( - -7.950e+02 1 0)
s>                        ( - -3.769e+03 1 0))))))INFO: dtree.c(1315): Comp split 3
INFO: dtree.c(1439): stop. leaf nodes are specific
INFO: dtree.c(1478): Final simple tree
|( QUESTION0_13_R 1 -1.474e+04 4.503e+02 6.026e+01
|    ( - 2.198e+02 1 0)
|    ( SILENCE 1 -1.451e+04 3.187e+02 5.926e+01
|        ( - -3.222e+03 1 0)
|        ( WDBNDRY_E 0 -1.097e+04 2.667e+02 4.595e+01
|            ( QUESTION0_4_R 1 -5.970e+03 1.602e+02 2.502e+01
|                ( - -7.409e+02 1 0)
|                ( QUESTION0_1_R 1 -5.069e+03 1.209e+02 2.202e+01
|                    ( - -6.075e+02 1 0)
|                    ( - -4.341e+03 1 0)))
|            ( QUESTION0 -1 -4.731e+03 1.671e+02 2.093e+01
|                ( - -7.950e+02 1 0)
|                ( - -3.769e+03 1 0)))))
s>    ( QUESTION0_13_R 1 -1.474e+04 4.503e+02 6.026e+01
s>        ( - 2.198e+02 1 0)
s>        ( SILENCE 1 -1.451e+04 3.187e+02 5.926e+01
s>            ( - -3.222e+03 1 0)
s>            ( WDBNDRY_E 0 -1.097e+04 2.667e+02 4.595e+01
s>                ( QUESTION0_4_R 1 -5.970e+03 1.602e+02 2.502e+01
s>                    ( - -7.409e+02 1 0)
s>                    ( QUESTION0_1_R 1 -5.069e+03 1.209e+02 2.202e+01
s>                        ( - -6.075e+02 1 0)
s>                        ( - -4.341e+03 1 0)))
s>                ( QUESTION0 -1 -4.731e+03 1.671e+02 2.093e+01
s>                    ( - -7.950e+02 1 0)
s>                    ( - -3.769e+03 1 0)))))INFO: dtree.c(1315): Comp split 4
INFO: dtree.c(1439): stop. leaf nodes are specific
INFO: dtree.c(1478): Final simple tree
|( SILENCE 1 -1.451e+04 3.187e+02 5.926e+01
|    ( - -3.222e+03 1 0)
|    ( WDBNDRY_E 0 -1.097e+04 2.667e+02 4.595e+01
|        ( QUESTION0_4_R 1 -5.970e+03 1.602e+02 2.502e+01
|            ( - -7.409e+02 1 0)
|            ( QUESTION0_1_R 1 -5.069e+03 1.209e+02 2.202e+01
|                ( - -6.075e+02 1 0)
|                ( - -4.341e+03 1 0)))
|        ( QUESTION0 -1 -4.731e+03 1.671e+02 2.093e+01
|            ( - -7.950e+02 1 0)
|            ( - -3.769e+03 1 0))))
s>    ( SILENCE 1 -1.451e+04 3.187e+02 5.926e+01
s>        ( - -3.222e+03 1 0)
s>        ( WDBNDRY_E 0 -1.097e+04 2.667e+02 4.595e+01
s>            ( QUESTION0_4_R 1 -5.970e+03 1.602e+02 2.502e+01
s>                ( - -7.409e+02 1 0)
s>                ( QUESTION0_1_R 1 -5.069e+03 1.209e+02 2.202e+01
s>                    ( - -6.075e+02 1 0)
s>                    ( - -4.341e+03 1 0)))
s>            ( QUESTION0 -1 -4.731e+03 1.671e+02 2.093e+01
s>                ( - -7.950e+02 1 0)
s>                ( - -3.769e+03 1 0))))INFO: dtree.c(1315): Comp split 5
INFO: dtree.c(1439): stop. leaf nodes are specific
INFO: dtree.c(1478): Final simple tree
|( QUESTION0_1_R 1 -5.069e+03 1.209e+02 2.202e+01
|    ( - -6.075e+02 1 0)
|    ( - -4.341e+03 1 0))
s>    ( QUESTION0_1_R 1 -5.069e+03 1.209e+02 2.202e+01
s>        ( - -6.075e+02 1 0)
s>        ( - -4.341e+03 1 0))INFO: dtree.c(1439): stop. leaf nodes are specific
INFO: dtree.c(1478): Final simple tree
|( SILENCE 1 -9.114e+03 2.743e+02 3.724e+01
|    ( - -3.222e+03 1 0)
|    ( WDBNDRY_E 0 -5.618e+03 1.459e+02 2.393e+01
|        ( - -7.409e+02 1 0)
|        ( QUESTION0 -1 -4.731e+03 1.671e+02 2.093e+01
|            ( - -7.950e+02 1 0)
|            ( - -3.769e+03 1 0))))
s>    ( SILENCE 1 -9.114e+03 2.743e+02 3.724e+01
s>        ( - -3.222e+03 1 0)
s>        ( WDBNDRY_E 0 -5.618e+03 1.459e+02 2.393e+01
s>            ( - -7.409e+02 1 0)
s>            ( QUESTION0 -1 -4.731e+03 1.671e+02 2.093e+01
s>                ( - -7.950e+02 1 0)
s>                ( - -3.769e+03 1 0))))INFO: dtree.c(1315): Comp split 6
INFO: dtree.c(1439): stop. leaf nodes are specific
INFO: dtree.c(1478): Final simple tree
|( WDBNDRY_E 0 -5.618e+03 1.459e+02 2.393e+01
|    ( - -7.409e+02 1 0)
|    ( QUESTION0 -1 -4.731e+03 1.671e+02 2.093e+01
|        ( - -7.950e+02 1 0)
|        ( - -3.769e+03 1 0)))
s>    ( WDBNDRY_E 0 -5.618e+03 1.459e+02 2.393e+01
s>        ( - -7.409e+02 1 0)
s>        ( QUESTION0 -1 -4.731e+03 1.671e+02 2.093e+01
s>            ( - -7.950e+02 1 0)
s>            ( - -3.769e+03 1 0)))INFO: dtree.c(1315): Comp split 7
INFO: dtree.c(1439): stop. leaf nodes are specific
INFO: dtree.c(1478): Final simple tree
|( QUESTION10 -1 -1.271e+04 1.462e+02 5.567e+01
|    ( WDBNDRY_B 0 -6.977e+03 1.102e+02 3.067e+01
|        ( - -1.940e+03 1 0)
|        ( - -4.927e+03 1 0))
|    ( WDBNDRY_B 0 -5.584e+03 1.308e+02 2.500e+01
|        ( QUESTION0 -1 -2.886e+03 8.609e+01 1.300e+01
|            ( - -1.751e+03 1 0)
|            ( - -1.050e+03 1 0))
|        ( - -2.567e+03 1 0)))
s>    ( QUESTION10 -1 -1.271e+04 1.462e+02 5.567e+01
s>        ( WDBNDRY_B 0 -6.977e+03 1.102e+02 3.067e+01
s>            ( - -1.940e+03 1 0)
s>            ( - -4.927e+03 1 0))
s>        ( WDBNDRY_B 0 -5.584e+03 1.308e+02 2.500e+01
s>            ( QUESTION0 -1 -2.886e+03 8.609e+01 1.300e+01
s>                ( - -1.751e+03 1 0)
s>                ( - -1.050e+03 1 0))
s>            ( - -2.567e+03 1 0)))INFO: dtree.c(1439): stop. leaf nodes are specific
INFO: dtree.c(1478): Final simple tree
|( QUESTION0_14_R 1 -4.718e+04 1.328e+02 2.003e+02
|    ( QUESTION13 -1 -4.461e+04 1.066e+02 1.893e+02
|        ( - -3.373e+03 1 0)
|        ( QUESTION0 -1 -4.113e+04 1.033e+02 1.743e+02
|            ( - -3.647e+04 1 0)
|            ( - -4.559e+03 1 0)))
|    ( - -2.437e+03 1 0))
s>    ( QUESTION0_14_R 1 -4.718e+04 1.328e+02 2.003e+02
s>        ( QUESTION13 -1 -4.461e+04 1.066e+02 1.893e+02
s>            ( - -3.373e+03 1 0)
s>            ( QUESTION0 -1 -4.113e+04 1.033e+02 1.743e+02
s>                ( - -3.647e+04 1 0)
s>                ( - -4.559e+03 1 0)))
s>        ( - -2.437e+03 1 0))INFO: dtree.c(1315): Comp split 8
INFO: dtree.c(1439): stop. leaf nodes are specific
INFO: dtree.c(1478): Final simple tree
|( QUESTION13 -1 -7.910e+03 1.388e+02 3.285e+01
|    ( - -5.708e+02 1 0)
|    ( QUESTION0 1 -7.200e+03 1.361e+02 2.985e+01
|        ( - -6.674e+02 1 0)
|        ( WDBNDRY_B 0 -6.397e+03 1.114e+02 2.685e+01
|            ( - -2.021e+03 1 0)
|            ( - -4.265e+03 1 0))))
s>    ( QUESTION13 -1 -7.910e+03 1.388e+02 3.285e+01
s>        ( - -5.708e+02 1 0)
s>        ( QUESTION0 1 -7.200e+03 1.361e+02 2.985e+01
s>            ( - -6.674e+02 1 0)
s>            ( WDBNDRY_B 0 -6.397e+03 1.114e+02 2.685e+01
s>                ( - -2.021e+03 1 0)
s>                ( - -4.265e+03 1 0))))INFO: dtree.c(1315): Comp split 9
INFO: dtree.c(1439): stop. leaf nodes are specific
INFO: dtree.c(1478): Final simple tree
|( WDBNDRY_E 0 -4.661e+03 1.508e+02 1.993e+01
|    ( - -7.409e+02 1 0)
|    ( - -3.769e+03 1 0))
s>    ( WDBNDRY_E 0 -4.661e+03 1.508e+02 1.993e+01
s>        ( - -7.409e+02 1 0)
s>        ( - -3.769e+03 1 0))INFO: dtree.c(1315): Comp split 10
INFO: dtree.c(1315): Comp split 11
INFO: dtree.c(1439): stop. leaf nodes are specific
INFO: dtree.c(1478): Final simple tree
|( WDBNDRY_B 0 -5.584e+03 1.308e+02 2.500e+01
|    ( QUESTION0 -1 -2.886e+03 8.609e+01 1.300e+01
|        ( - -1.751e+03 1 0)
|        ( - -1.050e+03 1 0))
|    ( - -2.567e+03 1 0))
s>    ( WDBNDRY_B 0 -5.584e+03 1.308e+02 2.500e+01
s>        ( QUESTION0 -1 -2.886e+03 8.609e+01 1.300e+01
s>            ( - -1.751e+03 1 0)
s>            ( - -1.050e+03 1 0))
s>        ( - -2.567e+03 1 0))INFO: dtree.c(1439): stop. leaf nodes are specific
INFO: dtree.c(1478): Final simple tree
|( WDBNDRY_B 0 -6.977e+03 1.102e+02 3.067e+01
|    ( - -1.940e+03 1 0)
|    ( - -4.927e+03 1 0))
s>    ( WDBNDRY_B 0 -6.977e+03 1.102e+02 3.067e+01
s>        ( - -1.940e+03 1 0)
s>        ( - -4.927e+03 1 0))INFO: dtree.c(1315): Comp split 12
INFO: dtree.c(1439): stop. leaf nodes are specific
INFO: dtree.c(1478): Final simple tree
|( QUESTION0 1 -7.200e+03 1.361e+02 2.985e+01
|    ( - -6.674e+02 1 0)
|    ( WDBNDRY_B 0 -6.397e+03 1.114e+02 2.685e+01
|        ( - -2.021e+03 1 0)
|        ( - -4.265e+03 1 0)))
s>    ( QUESTION0 1 -7.200e+03 1.361e+02 2.985e+01
s>        ( - -6.674e+02 1 0)
s>        ( WDBNDRY_B 0 -6.397e+03 1.114e+02 2.685e+01
s>            ( - -2.021e+03 1 0)
s>            ( - -4.265e+03 1 0)))INFO: dtree.c(1315): Comp split 13
INFO: dtree.c(1439): stop. leaf nodes are specific
INFO: dtree.c(1478): Final simple tree
|( WDBNDRY_B 0 -6.397e+03 1.114e+02 2.685e+01
|    ( - -2.021e+03 1 0)
|    ( - -4.265e+03 1 0))
s>    ( WDBNDRY_B 0 -6.397e+03 1.114e+02 2.685e+01
s>        ( - -2.021e+03 1 0)
s>        ( - -4.265e+03 1 0))INFO: dtree.c(1315): Comp split 14
INFO: dtree.c(1439): stop. leaf nodes are specific
INFO: dtree.c(1478): Final simple tree
|( QUESTION13 -1 -4.461e+04 1.066e+02 1.893e+02
|    ( - -3.373e+03 1 0)
|    ( QUESTION0 -1 -4.113e+04 1.033e+02 1.743e+02
|        ( - -3.647e+04 1 0)
|        ( - -4.559e+03 1 0)))
s>    ( QUESTION13 -1 -4.461e+04 1.066e+02 1.893e+02
s>        ( - -3.373e+03 1 0)
s>        ( QUESTION0 -1 -4.113e+04 1.033e+02 1.743e+02
s>            ( - -3.647e+04 1 0)
s>            ( - -4.559e+03 1 0)))INFO: dtree.c(1315): Comp split 15
INFO: dtree.c(1439): stop. leaf nodes are specific
INFO: dtree.c(1478): Final simple tree
|( QUESTION0 -1 -2.886e+03 8.609e+01 1.300e+01
|    ( - -1.751e+03 1 0)
|    ( - -1.050e+03 1 0))
s>    ( QUESTION0 -1 -2.886e+03 8.609e+01 1.300e+01
s>        ( - -1.751e+03 1 0)
s>        ( - -1.050e+03 1 0))INFO: dtree.c(1315): Comp split 16
INFO: dtree.c(1315): Comp split 17
INFO: dtree.c(1315): Comp split 18
INFO: dtree.c(1315): Comp split 19
INFO: dtree.c(1439): stop. leaf nodes are specific
INFO: dtree.c(1478): Final simple tree
|( QUESTION0 -1 -4.113e+04 1.033e+02 1.743e+02
|    ( - -3.647e+04 1 0)
|    ( - -4.559e+03 1 0))
s>    ( QUESTION0 -1 -4.113e+04 1.033e+02 1.743e+02
s>        ( - -3.647e+04 1 0)
s>        ( - -4.559e+03 1 0))INFO: dtree.c(1315): Comp split 20
INFO: dtree.c(1315): Comp split 21
INFO: dtree.c(1315): Comp split 22
INFO: dtree.c(1318): stop. leaf nodes are specific
Fri Jan  6 22:28:06 2023
