Current configuration:
[NAME]		[DEFLT]	[VALUE]
-allphones	no	no
-cntthresh	0.00001	1.000000e-05
-csplitmax	100	2000
-csplitmin	1	1
-csplitthr	8e-4	0.000000e+00
-example	no	no
-fullvar	no	no
-help		no	no
-meanfn			/mnt/c/users/robin/onedrive/desktop/cmu/Cebuano/model_parameters/Cebuano.cd_cont_untied/means
-mixwfn			/mnt/c/users/robin/onedrive/desktop/cmu/Cebuano/model_parameters/Cebuano.cd_cont_untied/mixture_weights
-moddeffn		/mnt/c/users/robin/onedrive/desktop/cmu/Cebuano/model_architecture/Cebuano.untied.mdef
-mwfloor	1e-4	1.000000e-08
-phone			F
-psetfn			/mnt/c/users/robin/onedrive/desktop/cmu/Cebuano/model_architecture/Cebuano.tree_questions
-ssplitmax	5	7
-ssplitmin	1	1
-ssplitthr	8e-4	0.000000e+00
-state			1
-stwt			1.0,0.05,0.0,
-treefn			/mnt/c/users/robin/onedrive/desktop/cmu/Cebuano/trees/Cebuano.unpruned/F-1.dtree
-ts2cbfn	.semi.	.cont.
-varfloor	0.00001	1.000000e-05
-varfn			/mnt/c/users/robin/onedrive/desktop/cmu/Cebuano/model_parameters/Cebuano.cd_cont_untied/variances

INFO: main.c(223): Reading: /mnt/c/users/robin/onedrive/desktop/cmu/Cebuano/model_architecture/Cebuano.untied.mdef
INFO: model_def_io.c(573): Model definition info:
INFO: model_def_io.c(574): 7744 total models defined (40 base, 7704 tri)
INFO: model_def_io.c(575): 30976 total states
INFO: model_def_io.c(576): 23232 total tied states
INFO: model_def_io.c(577): 120 total tied CI states
INFO: model_def_io.c(578): 40 total tied transition matrices
INFO: model_def_io.c(579): 4 max state/model
INFO: model_def_io.c(580): 4 min state/model
INFO: main.c(242): Building trees for [F AA AO b] through [F UW AY b]
INFO: main.c(268): Covering states |[8682 8849]| == 168
INFO: main.c(275): Reading: /mnt/c/users/robin/onedrive/desktop/cmu/Cebuano/model_parameters/Cebuano.cd_cont_untied/mixture_weights
INFO: s3mixw_io.c(172): Read /mnt/c/users/robin/onedrive/desktop/cmu/Cebuano/model_parameters/Cebuano.cd_cont_untied/mixture_weights [168x1x1 array]
INFO: main.c(311): 56 of 56 models have observation count greater than 0.000010
INFO: main.c(95): nrm stwt: 0.045 0.909 0.045 
INFO: s3gau_io.c(168): Read /mnt/c/users/robin/onedrive/desktop/cmu/Cebuano/model_parameters/Cebuano.cd_cont_untied/means [23232x1x1 array]
INFO: s3gau_io.c(168): Read /mnt/c/users/robin/onedrive/desktop/cmu/Cebuano/model_parameters/Cebuano.cd_cont_untied/variances [23232x1x1 array]
INFO: main.c(549): Reading: /mnt/c/users/robin/onedrive/desktop/cmu/Cebuano/model_architecture/Cebuano.tree_questions
INFO: main.c(587): 180 total simple questions (172 phone; 8 word bndry)
INFO: main.c(589): 42 Left Only questions, and 42 Right Only questions
INFO: dtree.c(1478): Final simple tree
|( QUESTION2_17_L -1 -7.467e+05 1.969e+03 3.661e+03
|    ( QUESTION13 1 -3.078e+05 5.888e+02 1.520e+03
|        ( - -6.692e+04 2 0 WDBNDRY_B 0 1.887e+02 3.258e+02)
|        ( - -2.403e+05 3 0 WDBNDRY_E 0 2.678e+02 1.194e+03))
|    ( QUESTION2_0_L -1 -4.370e+05 5.807e+02 2.141e+03
|        ( QUESTION15 1 -1.959e+05 5.031e+02 9.663e+02
|            ( - -7.760e+04 9 0 QUESTION8 -1 2.809e+02 3.850e+02)
|            ( QUESTION0_2_R 1 -1.178e+05 4.775e+02 5.813e+02
|                ( - 2.045e+02 1 0)
|                ( - -1.175e+05 22 0 WDBNDRY_B 0 3.779e+02 5.803e+02)))
|        ( QUESTION0_10_R 1 -2.405e+05 5.741e+02 1.175e+03
|            ( QUESTION0 -1 -1.414e+05 4.373e+02 6.974e+02
|                ( - -6.624e+04 1 0)
|                ( - -7.468e+04 2 0 QUESTION14 1 2.670e+02 3.711e+02))
|            ( - -9.857e+04 16 0 QUESTION0_17_R 1 3.795e+02 4.774e+02))))
s>    ( QUESTION2_17_L -1 -7.467e+05 1.969e+03 3.661e+03
s>        ( QUESTION13 1 -3.078e+05 5.888e+02 1.520e+03
s>            ( - -6.692e+04 2 0 WDBNDRY_B 0 1.887e+02 3.258e+02)
s>            ( - -2.403e+05 3 0 WDBNDRY_E 0 2.678e+02 1.194e+03))
s>        ( QUESTION2_0_L -1 -4.370e+05 5.807e+02 2.141e+03
s>            ( QUESTION15 1 -1.959e+05 5.031e+02 9.663e+02
s>                ( - -7.760e+04 9 0 QUESTION8 -1 2.809e+02 3.850e+02)
s>                ( QUESTION0_2_R 1 -1.178e+05 4.775e+02 5.813e+02
s>                    ( - 2.045e+02 1 0)
s>                    ( - -1.175e+05 22 0 WDBNDRY_B 0 3.779e+02 5.803e+02)))
s>            ( QUESTION0_10_R 1 -2.405e+05 5.741e+02 1.175e+03
s>                ( QUESTION0 -1 -1.414e+05 4.373e+02 6.974e+02
s>                    ( - -6.624e+04 1 0)
s>                    ( - -7.468e+04 2 0 QUESTION14 1 2.670e+02 3.711e+02))
s>                ( - -9.857e+04 16 0 QUESTION0_17_R 1 3.795e+02 4.774e+02))))INFO: dtree.c(1315): Comp split 0
INFO: dtree.c(1478): Final simple tree
|( QUESTION2_0_L -1 -4.370e+05 5.807e+02 2.141e+03
|    ( QUESTION15 1 -1.959e+05 5.031e+02 9.663e+02
|        ( - -7.760e+04 9 0 QUESTION8 -1 2.809e+02 3.850e+02)
|        ( QUESTION0_2_R 1 -1.178e+05 4.775e+02 5.813e+02
|            ( - 2.045e+02 1 0)
|            ( WDBNDRY_B 0 -1.175e+05 3.779e+02 5.803e+02
|                ( - -5.319e+04 11 0 QUESTION9 -1 2.804e+02 2.669e+02)
|                ( - -6.395e+04 11 0 QUESTION0 -1 3.104e+02 3.135e+02))))
|    ( QUESTION0_10_R 1 -2.405e+05 5.741e+02 1.175e+03
|        ( QUESTION0 -1 -1.414e+05 4.373e+02 6.974e+02
|            ( - -6.624e+04 1 0)
|            ( - -7.468e+04 2 0 QUESTION14 1 2.670e+02 3.711e+02))
|        ( QUESTION0_17_R 1 -9.857e+04 3.795e+02 4.774e+02
|            ( - -4.871e+04 4 0 QUESTION1 -1 2.751e+02 2.355e+02)
|            ( - -4.948e+04 12 0 QUESTION0_0_R 1 2.168e+02 2.420e+02))))
s>    ( QUESTION2_0_L -1 -4.370e+05 5.807e+02 2.141e+03
s>        ( QUESTION15 1 -1.959e+05 5.031e+02 9.663e+02
s>            ( - -7.760e+04 9 0 QUESTION8 -1 2.809e+02 3.850e+02)
s>            ( QUESTION0_2_R 1 -1.178e+05 4.775e+02 5.813e+02
s>                ( - 2.045e+02 1 0)
s>                ( WDBNDRY_B 0 -1.175e+05 3.779e+02 5.803e+02
s>                    ( - -5.319e+04 11 0 QUESTION9 -1 2.804e+02 2.669e+02)
s>                    ( - -6.395e+04 11 0 QUESTION0 -1 3.104e+02 3.135e+02))))
s>        ( QUESTION0_10_R 1 -2.405e+05 5.741e+02 1.175e+03
s>            ( QUESTION0 -1 -1.414e+05 4.373e+02 6.974e+02
s>                ( - -6.624e+04 1 0)
s>                ( - -7.468e+04 2 0 QUESTION14 1 2.670e+02 3.711e+02))
s>            ( QUESTION0_17_R 1 -9.857e+04 3.795e+02 4.774e+02
s>                ( - -4.871e+04 4 0 QUESTION1 -1 2.751e+02 2.355e+02)
s>                ( - -4.948e+04 12 0 QUESTION0_0_R 1 2.168e+02 2.420e+02))))INFO: dtree.c(1439): stop. leaf nodes are specific
INFO: dtree.c(1478): Final simple tree
|( QUESTION13 1 -3.078e+05 5.888e+02 1.520e+03
|    ( WDBNDRY_B 0 -6.692e+04 1.887e+02 3.258e+02
|        ( - -6.404e+04 1 0)
|        ( - -2.690e+03 1 0))
|    ( WDBNDRY_E 0 -2.403e+05 2.678e+02 1.194e+03
|        ( - -8.190e+03 1 0)
|        ( WDBNDRY_B 0 -2.318e+05 1.344e+02 1.152e+03
|            ( - -2.312e+05 1 0)
|            ( - -4.987e+02 1 0))))
s>    ( QUESTION13 1 -3.078e+05 5.888e+02 1.520e+03
s>        ( WDBNDRY_B 0 -6.692e+04 1.887e+02 3.258e+02
s>            ( - -6.404e+04 1 0)
s>            ( - -2.690e+03 1 0))
s>        ( WDBNDRY_E 0 -2.403e+05 2.678e+02 1.194e+03
s>            ( - -8.190e+03 1 0)
s>            ( WDBNDRY_B 0 -2.318e+05 1.344e+02 1.152e+03
s>                ( - -2.312e+05 1 0)
s>                ( - -4.987e+02 1 0))))INFO: dtree.c(1315): Comp split 1
INFO: dtree.c(1478): Final simple tree
|( QUESTION11 1 -3.701e+05 5.033e+02 1.815e+03
|    ( QUESTION8 -1 -2.547e+05 4.591e+02 1.246e+03
|        ( - -3.234e+04 1 0)
|        ( QUESTION0_17_R 1 -2.219e+05 3.857e+02 1.085e+03
|            ( QUESTION14 -1 -7.058e+04 3.357e+02 3.443e+02
|                ( - -3.416e+04 1 0)
|                ( - -3.608e+04 6 0 QUESTION2_19_L -1 2.484e+02 1.786e+02))
|            ( QUESTION14 1 -1.509e+05 2.901e+02 7.403e+02
|                ( - -5.234e+04 13 0 QUESTION15 -1 2.565e+02 2.537e+02)
|                ( - -9.826e+04 8 0 QUESTION14 -1 3.044e+02 4.866e+02))))
|    ( WDBNDRY_I 0 -1.149e+05 3.648e+02 5.689e+02
|        ( - -4.595e+04 5 0 QUESTION13 -1 2.708e+02 2.286e+02)
|        ( QUESTION12 -1 -6.860e+04 4.755e+02 3.404e+02
|            ( - 1.821e+02 1 0)
|            ( - -6.831e+04 15 0 QUESTION2_0_L -1 2.624e+02 3.394e+02))))
s>    ( QUESTION11 1 -3.701e+05 5.033e+02 1.815e+03
s>        ( QUESTION8 -1 -2.547e+05 4.591e+02 1.246e+03
s>            ( - -3.234e+04 1 0)
s>            ( QUESTION0_17_R 1 -2.219e+05 3.857e+02 1.085e+03
s>                ( QUESTION14 -1 -7.058e+04 3.357e+02 3.443e+02
s>                    ( - -3.416e+04 1 0)
s>                    ( - -3.608e+04 6 0 QUESTION2_19_L -1 2.484e+02 1.786e+02))
s>                ( QUESTION14 1 -1.509e+05 2.901e+02 7.403e+02
s>                    ( - -5.234e+04 13 0 QUESTION15 -1 2.565e+02 2.537e+02)
s>                    ( - -9.826e+04 8 0 QUESTION14 -1 3.044e+02 4.866e+02))))
s>        ( WDBNDRY_I 0 -1.149e+05 3.648e+02 5.689e+02
s>            ( - -4.595e+04 5 0 QUESTION13 -1 2.708e+02 2.286e+02)
s>            ( QUESTION12 -1 -6.860e+04 4.755e+02 3.404e+02
s>                ( - 1.821e+02 1 0)
s>                ( - -6.831e+04 15 0 QUESTION2_0_L -1 2.624e+02 3.394e+02))))INFO: dtree.c(1315): Comp split 2
INFO: dtree.c(1439): stop. leaf nodes are specific
INFO: dtree.c(1478): Final simple tree
|( QUESTION0_14_R 1 -6.723e+04 4.708e+02 3.280e+02
|    ( - 1.821e+02 1 0)
|    ( QUESTION0_9_R 1 -6.694e+04 4.327e+02 3.270e+02
|        ( - -3.234e+04 1 0)
|        ( - -3.416e+04 1 0)))
s>    ( QUESTION0_14_R 1 -6.723e+04 4.708e+02 3.280e+02
s>        ( - 1.821e+02 1 0)
s>        ( QUESTION0_9_R 1 -6.694e+04 4.327e+02 3.270e+02
s>            ( - -3.234e+04 1 0)
s>            ( - -3.416e+04 1 0)))INFO: dtree.c(1478): Final simple tree
|( QUESTION2_0_L -1 -3.022e+05 4.372e+02 1.487e+03
|    ( QUESTION0_2_R 1 -1.631e+05 4.766e+02 8.050e+02
|        ( - 2.045e+02 1 0)
|        ( WDBNDRY_B 0 -1.628e+05 3.409e+02 8.040e+02
|            ( - -7.218e+04 14 0 QUESTION2_6_L -1 2.578e+02 3.607e+02)
|            ( QUESTION0_17_R 1 -9.025e+04 2.917e+02 4.432e+02
|                ( - -2.157e+04 3 0 QUESTION0 -1 1.262e+02 1.088e+02)
|                ( QUESTION0 -1 -6.839e+04 3.015e+02 3.345e+02
|                    ( QUESTION0_14_R 1 -5.010e+04 2.862e+02 2.445e+02
|                        ( - -3.367e+04 4 0 WDBNDRY_E 0 4.569e+02 1.666e+02)
|                        ( - -1.614e+04 5 0 WDBNDRY_E 0 2.099e+02 7.789e+01))
|                    ( - -1.799e+04 4 0 QUESTION2_14_L -1 2.025e+02 8.998e+01)))))
|    ( QUESTION0_10_R 1 -1.387e+05 3.747e+02 6.819e+02
|        ( - -7.468e+04 2 0 QUESTION14 1 2.670e+02 3.711e+02)
|        ( - -6.368e+04 14 0 QUESTION0_0_R 1 2.232e+02 3.108e+02)))
s>    ( QUESTION2_0_L -1 -3.022e+05 4.372e+02 1.487e+03
s>        ( QUESTION0_2_R 1 -1.631e+05 4.766e+02 8.050e+02
s>            ( - 2.045e+02 1 0)
s>            ( WDBNDRY_B 0 -1.628e+05 3.409e+02 8.040e+02
s>                ( - -7.218e+04 14 0 QUESTION2_6_L -1 2.578e+02 3.607e+02)
s>                ( QUESTION0_17_R 1 -9.025e+04 2.917e+02 4.432e+02
s>                    ( - -2.157e+04 3 0 QUESTION0 -1 1.262e+02 1.088e+02)
s>                    ( QUESTION0 -1 -6.839e+04 3.015e+02 3.345e+02
s>                        ( QUESTION0_14_R 1 -5.010e+04 2.862e+02 2.445e+02
s>                            ( - -3.367e+04 4 0 WDBNDRY_E 0 4.569e+02 1.666e+02)
s>                            ( - -1.614e+04 5 0 WDBNDRY_E 0 2.099e+02 7.789e+01))
s>                        ( - -1.799e+04 4 0 QUESTION2_14_L -1 2.025e+02 8.998e+01)))))
s>        ( QUESTION0_10_R 1 -1.387e+05 3.747e+02 6.819e+02
s>            ( - -7.468e+04 2 0 QUESTION14 1 2.670e+02 3.711e+02)
s>            ( - -6.368e+04 14 0 QUESTION0_0_R 1 2.232e+02 3.108e+02)))INFO: dtree.c(1315): Comp split 3
INFO: dtree.c(1439): stop. leaf nodes are specific
INFO: dtree.c(1478): Final simple tree
|( WDBNDRY_E 0 -2.403e+05 2.678e+02 1.194e+03
|    ( - -8.190e+03 1 0)
|    ( WDBNDRY_B 0 -2.318e+05 1.344e+02 1.152e+03
|        ( - -2.312e+05 1 0)
|        ( - -4.987e+02 1 0)))
s>    ( WDBNDRY_E 0 -2.403e+05 2.678e+02 1.194e+03
s>        ( - -8.190e+03 1 0)
s>        ( WDBNDRY_B 0 -2.318e+05 1.344e+02 1.152e+03
s>            ( - -2.312e+05 1 0)
s>            ( - -4.987e+02 1 0)))INFO: dtree.c(1439): stop. leaf nodes are specific
INFO: dtree.c(1478): Final simple tree
|( WDBNDRY_B 0 -6.692e+04 1.887e+02 3.258e+02
|    ( - -6.404e+04 1 0)
|    ( - -2.690e+03 1 0))
s>    ( WDBNDRY_B 0 -6.692e+04 1.887e+02 3.258e+02
s>        ( - -6.404e+04 1 0)
s>        ( - -2.690e+03 1 0))INFO: dtree.c(1315): Comp split 4
INFO: dtree.c(1439): stop. leaf nodes are specific
INFO: dtree.c(1478): Final simple tree
|( WDBNDRY_E 0 -3.367e+04 4.569e+02 1.666e+02
|    ( - 2.173e+02 1 0)
|    ( - -3.343e+04 3 0))
s>    ( WDBNDRY_E 0 -3.367e+04 4.569e+02 1.666e+02
s>        ( - 2.173e+02 1 0)
s>        ( - -3.343e+04 3 0))INFO: dtree.c(1478): Final simple tree
|( QUESTION2_0_L -1 -2.680e+05 3.941e+02 1.320e+03
|    ( QUESTION0_2_R 1 -1.289e+05 4.757e+02 6.384e+02
|        ( - 2.045e+02 1 0)
|        ( QUESTION17 1 -1.286e+05 2.973e+02 6.374e+02
|            ( - -2.567e+04 4 0 WDBNDRY_B 0 1.376e+02 1.298e+02)
|            ( QUESTION11 -1 -1.027e+05 2.651e+02 5.076e+02
|                ( - -3.023e+04 5 0 QUESTION0_15_R 1 1.861e+02 1.499e+02)
|                ( QUESTION2_6_L -1 -7.219e+04 2.505e+02 3.577e+02
|                    ( - -4.269e+03 1 0)
|                    ( - -6.767e+04 16 0 WDBNDRY_B 0 2.304e+02 3.347e+02)))))
|    ( QUESTION0_10_R 1 -1.387e+05 3.747e+02 6.819e+02
|        ( QUESTION14 1 -7.468e+04 2.670e+02 3.711e+02
|            ( - -1.055e+04 1 0)
|            ( - -6.386e+04 1 0))
|        ( - -6.368e+04 14 0 QUESTION0_0_R 1 2.232e+02 3.108e+02)))
s>    ( QUESTION2_0_L -1 -2.680e+05 3.941e+02 1.320e+03
s>        ( QUESTION0_2_R 1 -1.289e+05 4.757e+02 6.384e+02
s>            ( - 2.045e+02 1 0)
s>            ( QUESTION17 1 -1.286e+05 2.973e+02 6.374e+02
s>                ( - -2.567e+04 4 0 WDBNDRY_B 0 1.376e+02 1.298e+02)
s>                ( QUESTION11 -1 -1.027e+05 2.651e+02 5.076e+02
s>                    ( - -3.023e+04 5 0 QUESTION0_15_R 1 1.861e+02 1.499e+02)
s>                    ( QUESTION2_6_L -1 -7.219e+04 2.505e+02 3.577e+02
s>                        ( - -4.269e+03 1 0)
s>                        ( - -6.767e+04 16 0 WDBNDRY_B 0 2.304e+02 3.347e+02)))))
s>        ( QUESTION0_10_R 1 -1.387e+05 3.747e+02 6.819e+02
s>            ( QUESTION14 1 -7.468e+04 2.670e+02 3.711e+02
s>                ( - -1.055e+04 1 0)
s>                ( - -6.386e+04 1 0))
s>            ( - -6.368e+04 14 0 QUESTION0_0_R 1 2.232e+02 3.108e+02)))INFO: dtree.c(1315): Comp split 5
INFO: dtree.c(1478): Final simple tree
|( QUESTION2_0_L -1 -2.678e+05 3.951e+02 1.319e+03
|    ( QUESTION17 1 -1.286e+05 2.973e+02 6.374e+02
|        ( - -2.567e+04 4 0 WDBNDRY_B 0 1.376e+02 1.298e+02)
|        ( QUESTION11 -1 -1.027e+05 2.651e+02 5.076e+02
|            ( - -3.023e+04 5 0 QUESTION0_15_R 1 1.861e+02 1.499e+02)
|            ( QUESTION2_6_L -1 -7.219e+04 2.505e+02 3.577e+02
|                ( - -4.269e+03 1 0)
|                ( WDBNDRY_B 0 -6.767e+04 2.304e+02 3.347e+02
|                    ( - -4.967e+04 10 0 QUESTION2_10_L -1 2.015e+02 2.489e+02)
|                    ( - -1.777e+04 6 0 QUESTION14 1 2.055e+02 8.589e+01)))))
|    ( QUESTION0_10_R 1 -1.387e+05 3.747e+02 6.819e+02
|        ( QUESTION14 1 -7.468e+04 2.670e+02 3.711e+02
|            ( - -1.055e+04 1 0)
|            ( - -6.386e+04 1 0))
|        ( - -6.368e+04 14 0 QUESTION0_0_R 1 2.232e+02 3.108e+02)))
s>    ( QUESTION2_0_L -1 -2.678e+05 3.951e+02 1.319e+03
s>        ( QUESTION17 1 -1.286e+05 2.973e+02 6.374e+02
s>            ( - -2.567e+04 4 0 WDBNDRY_B 0 1.376e+02 1.298e+02)
s>            ( QUESTION11 -1 -1.027e+05 2.651e+02 5.076e+02
s>                ( - -3.023e+04 5 0 QUESTION0_15_R 1 1.861e+02 1.499e+02)
s>                ( QUESTION2_6_L -1 -7.219e+04 2.505e+02 3.577e+02
s>                    ( - -4.269e+03 1 0)
s>                    ( WDBNDRY_B 0 -6.767e+04 2.304e+02 3.347e+02
s>                        ( - -4.967e+04 10 0 QUESTION2_10_L -1 2.015e+02 2.489e+02)
s>                        ( - -1.777e+04 6 0 QUESTION14 1 2.055e+02 8.589e+01)))))
s>        ( QUESTION0_10_R 1 -1.387e+05 3.747e+02 6.819e+02
s>            ( QUESTION14 1 -7.468e+04 2.670e+02 3.711e+02
s>                ( - -1.055e+04 1 0)
s>                ( - -6.386e+04 1 0))
s>            ( - -6.368e+04 14 0 QUESTION0_0_R 1 2.232e+02 3.108e+02)))INFO: dtree.c(1315): Comp split 6
INFO: dtree.c(1439): stop. leaf nodes are specific
INFO: dtree.c(1478): Final simple tree
|( QUESTION0_9_R 1 -6.694e+04 4.327e+02 3.270e+02
|    ( - -3.234e+04 1 0)
|    ( - -3.416e+04 1 0))
s>    ( QUESTION0_9_R 1 -6.694e+04 4.327e+02 3.270e+02
s>        ( - -3.234e+04 1 0)
s>        ( - -3.416e+04 1 0))INFO: dtree.c(1315): Comp split 7
INFO: dtree.c(1315): Comp split 8
INFO: dtree.c(1478): Final simple tree
|( QUESTION2_0_L -1 -2.035e+05 3.689e+02 1.001e+03
|    ( QUESTION17 1 -1.286e+05 2.973e+02 6.374e+02
|        ( - -2.567e+04 4 0 WDBNDRY_B 0 1.376e+02 1.298e+02)
|        ( QUESTION11 -1 -1.027e+05 2.651e+02 5.076e+02
|            ( - -3.023e+04 5 0 QUESTION0_15_R 1 1.861e+02 1.499e+02)
|            ( QUESTION2_6_L -1 -7.219e+04 2.505e+02 3.577e+02
|                ( - -4.269e+03 1 0)
|                ( WDBNDRY_B 0 -6.767e+04 2.304e+02 3.347e+02
|                    ( - -4.967e+04 10 0 QUESTION2_10_L -1 2.015e+02 2.489e+02)
|                    ( - -1.777e+04 6 0 QUESTION14 1 2.055e+02 8.589e+01)))))
|    ( QUESTION13 -1 -7.444e+04 2.551e+02 3.632e+02
|        ( QUESTION0_0_R 1 -2.636e+04 2.331e+02 1.304e+02
|            ( - -5.535e+03 1 0)
|            ( - -2.059e+04 4 0 QUESTION0_14_R 1 1.888e+02 1.014e+02))
|        ( - -4.783e+04 10 0 QUESTION17 1 2.188e+02 2.328e+02)))
s>    ( QUESTION2_0_L -1 -2.035e+05 3.689e+02 1.001e+03
s>        ( QUESTION17 1 -1.286e+05 2.973e+02 6.374e+02
s>            ( - -2.567e+04 4 0 WDBNDRY_B 0 1.376e+02 1.298e+02)
s>            ( QUESTION11 -1 -1.027e+05 2.651e+02 5.076e+02
s>                ( - -3.023e+04 5 0 QUESTION0_15_R 1 1.861e+02 1.499e+02)
s>                ( QUESTION2_6_L -1 -7.219e+04 2.505e+02 3.577e+02
s>                    ( - -4.269e+03 1 0)
s>                    ( WDBNDRY_B 0 -6.767e+04 2.304e+02 3.347e+02
s>                        ( - -4.967e+04 10 0 QUESTION2_10_L -1 2.015e+02 2.489e+02)
s>                        ( - -1.777e+04 6 0 QUESTION14 1 2.055e+02 8.589e+01)))))
s>        ( QUESTION13 -1 -7.444e+04 2.551e+02 3.632e+02
s>            ( QUESTION0_0_R 1 -2.636e+04 2.331e+02 1.304e+02
s>                ( - -5.535e+03 1 0)
s>                ( - -2.059e+04 4 0 QUESTION0_14_R 1 1.888e+02 1.014e+02))
s>            ( - -4.783e+04 10 0 QUESTION17 1 2.188e+02 2.328e+02)))INFO: dtree.c(1315): Comp split 9
INFO: dtree.c(1315): Comp split 10
INFO: dtree.c(1478): Final simple tree
|( QUESTION0_10_R 1 -9.245e+04 2.656e+02 4.491e+02
|    ( QUESTION2 -1 -1.688e+04 2.189e+02 8.239e+01
|        ( - -1.427e+03 1 0)
|        ( - -1.523e+04 3 0 WDBNDRY_B 0 1.419e+02 7.439e+01))
|    ( QUESTION17 1 -7.530e+04 2.416e+02 3.667e+02
|        ( - -1.610e+04 4 0 WDBNDRY_B 0 1.571e+02 7.885e+01)
|        ( QUESTION0_2_R 1 -5.896e+04 2.201e+02 2.878e+02
|            ( - -5.535e+03 1 0)
|            ( QUESTION0_0_R 1 -5.321e+04 2.093e+02 2.588e+02
|                ( - -4.775e+03 1 0)
|                ( QUESTION13 -1 -4.822e+04 2.019e+02 2.350e+02
|                    ( - -9.883e+03 3 0 QUESTION0_14_R 1 1.857e+02 4.900e+01)
|                    ( QUESTION0_15_R 1 -3.814e+04 1.913e+02 1.860e+02
|                        ( - -1.795e+04 5 0 QUESTION0 -1 1.465e+02 8.645e+01)
|                        ( - -1.999e+04 3 0 QUESTION0_9_R 1 1.696e+02 9.953e+01)))))))
s>    ( QUESTION0_10_R 1 -9.245e+04 2.656e+02 4.491e+02
s>        ( QUESTION2 -1 -1.688e+04 2.189e+02 8.239e+01
s>            ( - -1.427e+03 1 0)
s>            ( - -1.523e+04 3 0 WDBNDRY_B 0 1.419e+02 7.439e+01))
s>        ( QUESTION17 1 -7.530e+04 2.416e+02 3.667e+02
s>            ( - -1.610e+04 4 0 WDBNDRY_B 0 1.571e+02 7.885e+01)
s>            ( QUESTION0_2_R 1 -5.896e+04 2.201e+02 2.878e+02
s>                ( - -5.535e+03 1 0)
s>                ( QUESTION0_0_R 1 -5.321e+04 2.093e+02 2.588e+02
s>                    ( - -4.775e+03 1 0)
s>                    ( QUESTION13 -1 -4.822e+04 2.019e+02 2.350e+02
s>                        ( - -9.883e+03 3 0 QUESTION0_14_R 1 1.857e+02 4.900e+01)
s>                        ( QUESTION0_15_R 1 -3.814e+04 1.913e+02 1.860e+02
s>                            ( - -1.795e+04 5 0 QUESTION0 -1 1.465e+02 8.645e+01)
s>                            ( - -1.999e+04 3 0 QUESTION0_9_R 1 1.696e+02 9.953e+01)))))))INFO: dtree.c(1478): Final simple tree
|( QUESTION17 1 -1.106e+05 2.863e+02 5.515e+02
|    ( - -2.567e+04 4 0 WDBNDRY_B 0 1.376e+02 1.298e+02)
|    ( QUESTION2_6_L -1 -8.465e+04 2.515e+02 4.217e+02
|        ( - -4.269e+03 1 0)
|        ( QUESTION11 -1 -8.013e+04 2.344e+02 3.987e+02
|            ( QUESTION0_15_R 1 -3.023e+04 1.861e+02 1.499e+02
|                ( - -2.913e+03 1 0)
|                ( QUESTION16 -1 -2.713e+04 2.186e+02 1.349e+02
|                    ( - -2.019e+03 1 0)
|                    ( - -2.489e+04 3 0 QUESTION0_9_R 1 1.149e+02 1.239e+02)))
|            ( QUESTION2_10_L -1 -4.967e+04 2.015e+02 2.489e+02
|                ( - -5.232e+03 2 0 QUESTION2 -1 1.689e+02 2.600e+01)
|                ( QUESTION14 1 -4.424e+04 1.792e+02 2.229e+02
|                    ( - -1.125e+04 3 0 QUESTION0_9_R 1 1.531e+02 5.587e+01)
|                    ( - -3.281e+04 5 0 QUESTION0_9_R 1 1.626e+02 1.670e+02))))))
s>    ( QUESTION17 1 -1.106e+05 2.863e+02 5.515e+02
s>        ( - -2.567e+04 4 0 WDBNDRY_B 0 1.376e+02 1.298e+02)
s>        ( QUESTION2_6_L -1 -8.465e+04 2.515e+02 4.217e+02
s>            ( - -4.269e+03 1 0)
s>            ( QUESTION11 -1 -8.013e+04 2.344e+02 3.987e+02
s>                ( QUESTION0_15_R 1 -3.023e+04 1.861e+02 1.499e+02
s>                    ( - -2.913e+03 1 0)
s>                    ( QUESTION16 -1 -2.713e+04 2.186e+02 1.349e+02
s>                        ( - -2.019e+03 1 0)
s>                        ( - -2.489e+04 3 0 QUESTION0_9_R 1 1.149e+02 1.239e+02)))
s>                ( QUESTION2_10_L -1 -4.967e+04 2.015e+02 2.489e+02
s>                    ( - -5.232e+03 2 0 QUESTION2 -1 1.689e+02 2.600e+01)
s>                    ( QUESTION14 1 -4.424e+04 1.792e+02 2.229e+02
s>                        ( - -1.125e+04 3 0 QUESTION0_9_R 1 1.531e+02 5.587e+01)
s>                        ( - -3.281e+04 5 0 QUESTION0_9_R 1 1.626e+02 1.670e+02))))))INFO: dtree.c(1315): Comp split 11
INFO: dtree.c(1439): stop. leaf nodes are specific
INFO: dtree.c(1478): Final simple tree
|( QUESTION2 -1 -2.325e+04 1.862e+02 1.159e+02
|    ( - -2.592e+03 1 0)
|    ( QUESTION0_14_R 1 -2.048e+04 1.656e+02 1.029e+02
|        ( QUESTION2_9_L -1 -9.064e+03 1.767e+02 4.700e+01
|            ( - -2.471e+03 1 0)
|            ( QUESTION10 -1 -6.417e+03 1.291e+02 3.400e+01
|                ( - -4.269e+03 1 0)
|                ( - -2.019e+03 1 0)))
|        ( QUESTION0_9_R 1 -1.125e+04 1.531e+02 5.587e+01
|            ( - -9.156e+03 2 0)
|            ( - -1.936e+03 1 0))))
s>    ( QUESTION2 -1 -2.325e+04 1.862e+02 1.159e+02
s>        ( - -2.592e+03 1 0)
s>        ( QUESTION0_14_R 1 -2.048e+04 1.656e+02 1.029e+02
s>            ( QUESTION2_9_L -1 -9.064e+03 1.767e+02 4.700e+01
s>                ( - -2.471e+03 1 0)
s>                ( QUESTION10 -1 -6.417e+03 1.291e+02 3.400e+01
s>                    ( - -4.269e+03 1 0)
s>                    ( - -2.019e+03 1 0)))
s>            ( QUESTION0_9_R 1 -1.125e+04 1.531e+02 5.587e+01
s>                ( - -9.156e+03 2 0)
s>                ( - -1.936e+03 1 0))))INFO: dtree.c(1478): Final simple tree
|( QUESTION0_17_R 1 -8.695e+04 2.451e+02 4.356e+02
|    ( QUESTION0 -1 -2.157e+04 1.262e+02 1.088e+02
|        ( - -1.706e+04 2 0)
|        ( - -4.386e+03 1 0))
|    ( QUESTION11 -1 -6.513e+04 2.472e+02 3.268e+02
|        ( QUESTION0_15_R 1 -2.799e+04 1.850e+02 1.389e+02
|            ( - -2.913e+03 1 0)
|            ( QUESTION0_9_R 1 -2.489e+04 1.149e+02 1.239e+02
|                ( WDBNDRY_B 0 -1.431e+04 1.318e+02 6.988e+01
|                    ( - -1.152e+04 1 0)
|                    ( - -2.654e+03 1 0))
|                ( - -1.047e+04 1 0)))
|        ( QUESTION0_13_R 1 -3.690e+04 2.031e+02 1.880e+02
|            ( - -2.963e+04 4 0)
|            ( - -7.062e+03 2 0 QUESTION0_0_R 1 9.018e+01 3.699e+01))))
s>    ( QUESTION0_17_R 1 -8.695e+04 2.451e+02 4.356e+02
s>        ( QUESTION0 -1 -2.157e+04 1.262e+02 1.088e+02
s>            ( - -1.706e+04 2 0)
s>            ( - -4.386e+03 1 0))
s>        ( QUESTION11 -1 -6.513e+04 2.472e+02 3.268e+02
s>            ( QUESTION0_15_R 1 -2.799e+04 1.850e+02 1.389e+02
s>                ( - -2.913e+03 1 0)
s>                ( QUESTION0_9_R 1 -2.489e+04 1.149e+02 1.239e+02
s>                    ( WDBNDRY_B 0 -1.431e+04 1.318e+02 6.988e+01
s>                        ( - -1.152e+04 1 0)
s>                        ( - -2.654e+03 1 0))
s>                    ( - -1.047e+04 1 0)))
s>            ( QUESTION0_13_R 1 -3.690e+04 2.031e+02 1.880e+02
s>                ( - -2.963e+04 4 0)
s>                ( - -7.062e+03 2 0 QUESTION0_0_R 1 9.018e+01 3.699e+01))))INFO: dtree.c(1315): Comp split 12
INFO: dtree.c(1478): Final simple tree
|( QUESTION0_15_R 1 -6.020e+04 2.251e+02 2.938e+02
|    ( QUESTION15 1 -3.425e+04 1.997e+02 1.653e+02
|        ( WDBNDRY_B 0 -1.610e+04 1.571e+02 7.885e+01
|            ( - -1.427e+04 3 0 SILENCE -1 1.306e+02 6.985e+01)
|            ( - -1.672e+03 1 0))
|        ( QUESTION0 -1 -1.795e+04 1.465e+02 8.645e+01
|            ( - -1.390e+04 4 0 WDBNDRY_B 0 1.251e+02 6.701e+01)
|            ( - -3.903e+03 1 0)))
|    ( WDBNDRY_B 0 -2.573e+04 2.052e+02 1.285e+02
|        ( QUESTION0_9_R 1 -1.820e+04 1.623e+02 9.053e+01
|            ( - -8.871e+03 1 0)
|            ( - -9.162e+03 1 0))
|        ( WDBNDRY_E 0 -7.325e+03 1.587e+02 3.799e+01
|            ( - -5.535e+03 1 0)
|            ( - -1.631e+03 1 0))))
s>    ( QUESTION0_15_R 1 -6.020e+04 2.251e+02 2.938e+02
s>        ( QUESTION15 1 -3.425e+04 1.997e+02 1.653e+02
s>            ( WDBNDRY_B 0 -1.610e+04 1.571e+02 7.885e+01
s>                ( - -1.427e+04 3 0 SILENCE -1 1.306e+02 6.985e+01)
s>                ( - -1.672e+03 1 0))
s>            ( QUESTION0 -1 -1.795e+04 1.465e+02 8.645e+01
s>                ( - -1.390e+04 4 0 WDBNDRY_B 0 1.251e+02 6.701e+01)
s>                ( - -3.903e+03 1 0)))
s>        ( WDBNDRY_B 0 -2.573e+04 2.052e+02 1.285e+02
s>            ( QUESTION0_9_R 1 -1.820e+04 1.623e+02 9.053e+01
s>                ( - -8.871e+03 1 0)
s>                ( - -9.162e+03 1 0))
s>            ( WDBNDRY_E 0 -7.325e+03 1.587e+02 3.799e+01
s>                ( - -5.535e+03 1 0)
s>                ( - -1.631e+03 1 0))))INFO: dtree.c(1439): stop. leaf nodes are specific
INFO: dtree.c(1478): Final simple tree
|( QUESTION2 -1 -3.193e+04 2.194e+02 1.553e+02
|    ( - -1.427e+03 1 0)
|    ( QUESTION0_0_R 1 -3.028e+04 2.266e+02 1.473e+02
|        ( - -4.775e+03 1 0)
|        ( QUESTION0_14_R 1 -2.528e+04 1.872e+02 1.234e+02
|            ( - -3.319e+03 1 0)
|            ( QUESTION0_9_R 1 -2.177e+04 1.606e+02 1.064e+02
|                ( WDBNDRY_B 0 -1.523e+04 1.419e+02 7.439e+01
|                    ( - -1.055e+04 1 0)
|                    ( - -4.539e+03 2 0))
|                ( WDBNDRY_B 0 -6.379e+03 1.114e+02 3.200e+01
|                    ( - -8.828e+02 1 0)
|                    ( - -5.384e+03 1 0))))))
s>    ( QUESTION2 -1 -3.193e+04 2.194e+02 1.553e+02
s>        ( - -1.427e+03 1 0)
s>        ( QUESTION0_0_R 1 -3.028e+04 2.266e+02 1.473e+02
s>            ( - -4.775e+03 1 0)
s>            ( QUESTION0_14_R 1 -2.528e+04 1.872e+02 1.234e+02
s>                ( - -3.319e+03 1 0)
s>                ( QUESTION0_9_R 1 -2.177e+04 1.606e+02 1.064e+02
s>                    ( WDBNDRY_B 0 -1.523e+04 1.419e+02 7.439e+01
s>                        ( - -1.055e+04 1 0)
s>                        ( - -4.539e+03 2 0))
s>                    ( WDBNDRY_B 0 -6.379e+03 1.114e+02 3.200e+01
s>                        ( - -8.828e+02 1 0)
s>                        ( - -5.384e+03 1 0))))))INFO: dtree.c(1315): Comp split 13
INFO: dtree.c(1439): stop. leaf nodes are specific
INFO: dtree.c(1478): Final simple tree
|( WDBNDRY_B 0 -2.318e+05 1.344e+02 1.152e+03
|    ( - -2.312e+05 1 0)
|    ( - -4.987e+02 1 0))
s>    ( WDBNDRY_B 0 -2.318e+05 1.344e+02 1.152e+03
s>        ( - -2.312e+05 1 0)
s>        ( - -4.987e+02 1 0))INFO: dtree.c(1315): Comp split 14
INFO: dtree.c(1439): stop. leaf nodes are specific
INFO: dtree.c(1478): Final simple tree
|( QUESTION0 -1 -5.787e+04 2.433e+02 2.898e+02
|    ( - -2.963e+04 4 0)
|    ( QUESTION0_15_R 1 -2.799e+04 1.850e+02 1.389e+02
|        ( - -2.913e+03 1 0)
|        ( QUESTION0_9_R 1 -2.489e+04 1.149e+02 1.239e+02
|            ( WDBNDRY_B 0 -1.431e+04 1.318e+02 6.988e+01
|                ( - -1.152e+04 1 0)
|                ( - -2.654e+03 1 0))
|            ( - -1.047e+04 1 0))))
s>    ( QUESTION0 -1 -5.787e+04 2.433e+02 2.898e+02
s>        ( - -2.963e+04 4 0)
s>        ( QUESTION0_15_R 1 -2.799e+04 1.850e+02 1.389e+02
s>            ( - -2.913e+03 1 0)
s>            ( QUESTION0_9_R 1 -2.489e+04 1.149e+02 1.239e+02
s>                ( WDBNDRY_B 0 -1.431e+04 1.318e+02 6.988e+01
s>                    ( - -1.152e+04 1 0)
s>                    ( - -2.654e+03 1 0))
s>                ( - -1.047e+04 1 0))))INFO: dtree.c(1439): stop. leaf nodes are specific
INFO: dtree.c(1478): Final simple tree
|( WDBNDRY_B 0 -2.882e+04 1.849e+02 1.458e+02
|    ( QUESTION0_0_R 1 -7.062e+03 9.018e+01 3.699e+01
|        ( - -3.956e+03 1 0)
|        ( - -3.016e+03 1 0))
|    ( QUESTION0 -1 -2.157e+04 1.262e+02 1.088e+02
|        ( - -1.706e+04 2 0)
|        ( - -4.386e+03 1 0)))
s>    ( WDBNDRY_B 0 -2.882e+04 1.849e+02 1.458e+02
s>        ( QUESTION0_0_R 1 -7.062e+03 9.018e+01 3.699e+01
s>            ( - -3.956e+03 1 0)
s>            ( - -3.016e+03 1 0))
s>        ( QUESTION0 -1 -2.157e+04 1.262e+02 1.088e+02
s>            ( - -1.706e+04 2 0)
s>            ( - -4.386e+03 1 0)))INFO: dtree.c(1315): Comp split 15
INFO: dtree.c(1439): stop. leaf nodes are specific
INFO: dtree.c(1478): Final simple tree
|( WDBNDRY_E 0 -7.325e+03 1.587e+02 3.799e+01
|    ( - -5.535e+03 1 0)
|    ( - -1.631e+03 1 0))
s>    ( WDBNDRY_E 0 -7.325e+03 1.587e+02 3.799e+01
s>        ( - -5.535e+03 1 0)
s>        ( - -1.631e+03 1 0))INFO: dtree.c(1478): Final simple tree
|( QUESTION17 1 -5.263e+04 1.965e+02 2.558e+02
|    ( WDBNDRY_B 0 -1.610e+04 1.571e+02 7.885e+01
|        ( SILENCE -1 -1.427e+04 1.306e+02 6.985e+01
|            ( - -4.090e+03 1 0)
|            ( - -1.005e+04 2 0))
|        ( - -1.672e+03 1 0))
|    ( QUESTION0_15_R 1 -3.634e+04 1.876e+02 1.770e+02
|        ( QUESTION0 -1 -1.795e+04 1.465e+02 8.645e+01
|            ( WDBNDRY_B 0 -1.390e+04 1.251e+02 6.701e+01
|                ( - -7.289e+03 2 0 QUESTION0 1 1.080e+02 3.499e+01)
|                ( - -6.489e+03 2 0))
|            ( - -3.903e+03 1 0))
|        ( QUESTION0_9_R 1 -1.820e+04 1.623e+02 9.053e+01
|            ( - -8.871e+03 1 0)
|            ( - -9.162e+03 1 0))))
s>    ( QUESTION17 1 -5.263e+04 1.965e+02 2.558e+02
s>        ( WDBNDRY_B 0 -1.610e+04 1.571e+02 7.885e+01
s>            ( SILENCE -1 -1.427e+04 1.306e+02 6.985e+01
s>                ( - -4.090e+03 1 0)
s>                ( - -1.005e+04 2 0))
s>            ( - -1.672e+03 1 0))
s>        ( QUESTION0_15_R 1 -3.634e+04 1.876e+02 1.770e+02
s>            ( QUESTION0 -1 -1.795e+04 1.465e+02 8.645e+01
s>                ( WDBNDRY_B 0 -1.390e+04 1.251e+02 6.701e+01
s>                    ( - -7.289e+03 2 0 QUESTION0 1 1.080e+02 3.499e+01)
s>                    ( - -6.489e+03 2 0))
s>                ( - -3.903e+03 1 0))
s>            ( QUESTION0_9_R 1 -1.820e+04 1.623e+02 9.053e+01
s>                ( - -8.871e+03 1 0)
s>                ( - -9.162e+03 1 0))))INFO: dtree.c(1315): Comp split 16
INFO: dtree.c(1439): stop. leaf nodes are specific
INFO: dtree.c(1478): Final simple tree
|( QUESTION0_14_R 1 -2.528e+04 1.872e+02 1.234e+02
|    ( - -3.319e+03 1 0)
|    ( QUESTION0_9_R 1 -2.177e+04 1.606e+02 1.064e+02
|        ( WDBNDRY_B 0 -1.523e+04 1.419e+02 7.439e+01
|            ( - -1.055e+04 1 0)
|            ( - -4.539e+03 2 0))
|        ( WDBNDRY_B 0 -6.379e+03 1.114e+02 3.200e+01
|            ( - -8.828e+02 1 0)
|            ( - -5.384e+03 1 0))))
s>    ( QUESTION0_14_R 1 -2.528e+04 1.872e+02 1.234e+02
s>        ( - -3.319e+03 1 0)
s>        ( QUESTION0_9_R 1 -2.177e+04 1.606e+02 1.064e+02
s>            ( WDBNDRY_B 0 -1.523e+04 1.419e+02 7.439e+01
s>                ( - -1.055e+04 1 0)
s>                ( - -4.539e+03 2 0))
s>            ( WDBNDRY_B 0 -6.379e+03 1.114e+02 3.200e+01
s>                ( - -8.828e+02 1 0)
s>                ( - -5.384e+03 1 0))))INFO: dtree.c(1439): stop. leaf nodes are specific
INFO: dtree.c(1478): Final simple tree
|( WDBNDRY_E 0 -6.403e+03 2.010e+02 3.187e+01
|    ( - -4.775e+03 1 0)
|    ( - -1.427e+03 1 0))
s>    ( WDBNDRY_E 0 -6.403e+03 2.010e+02 3.187e+01
s>        ( - -4.775e+03 1 0)
s>        ( - -1.427e+03 1 0))INFO: dtree.c(1315): Comp split 17
INFO: dtree.c(1439): stop. leaf nodes are specific
INFO: dtree.c(1478): Final simple tree
|( QUESTION0_15_R 1 -2.799e+04 1.850e+02 1.389e+02
|    ( - -2.913e+03 1 0)
|    ( QUESTION0_9_R 1 -2.489e+04 1.149e+02 1.239e+02
|        ( WDBNDRY_B 0 -1.431e+04 1.318e+02 6.988e+01
|            ( - -1.152e+04 1 0)
|            ( - -2.654e+03 1 0))
|        ( - -1.047e+04 1 0)))
s>    ( QUESTION0_15_R 1 -2.799e+04 1.850e+02 1.389e+02
s>        ( - -2.913e+03 1 0)
s>        ( QUESTION0_9_R 1 -2.489e+04 1.149e+02 1.239e+02
s>            ( WDBNDRY_B 0 -1.431e+04 1.318e+02 6.988e+01
s>                ( - -1.152e+04 1 0)
s>                ( - -2.654e+03 1 0))
s>            ( - -1.047e+04 1 0)))INFO: dtree.c(1315): Comp split 18
INFO: dtree.c(1439): stop. leaf nodes are specific
INFO: dtree.c(1478): Final simple tree
|( QUESTION10 -1 -6.417e+03 1.291e+02 3.400e+01
|    ( - -4.269e+03 1 0)
|    ( - -2.019e+03 1 0))
s>    ( QUESTION10 -1 -6.417e+03 1.291e+02 3.400e+01
s>        ( - -4.269e+03 1 0)
s>        ( - -2.019e+03 1 0))INFO: dtree.c(1439): stop. leaf nodes are specific
INFO: dtree.c(1478): Final simple tree
|( QUESTION0_9_R 1 -1.662e+04 1.780e+02 8.187e+01
|    ( - -9.156e+03 2 0)
|    ( QUESTION9 -1 -7.289e+03 1.569e+02 3.600e+01
|        ( - -2.471e+03 1 0)
|        ( QUESTION0_14_R 1 -4.661e+03 1.332e+02 2.300e+01
|            ( - -2.592e+03 1 0)
|            ( - -1.936e+03 1 0))))
s>    ( QUESTION0_9_R 1 -1.662e+04 1.780e+02 8.187e+01
s>        ( - -9.156e+03 2 0)
s>        ( QUESTION9 -1 -7.289e+03 1.569e+02 3.600e+01
s>            ( - -2.471e+03 1 0)
s>            ( QUESTION0_14_R 1 -4.661e+03 1.332e+02 2.300e+01
s>                ( - -2.592e+03 1 0)
s>                ( - -1.936e+03 1 0))))INFO: dtree.c(1315): Comp split 19
INFO: dtree.c(1315): Comp split 20
INFO: dtree.c(1439): stop. leaf nodes are specific
INFO: dtree.c(1478): Final simple tree
|( QUESTION15 1 -3.019e+04 1.857e+02 1.459e+02
|    ( WDBNDRY_B 0 -1.610e+04 1.571e+02 7.885e+01
|        ( SILENCE -1 -1.427e+04 1.306e+02 6.985e+01
|            ( - -4.090e+03 1 0)
|            ( - -1.005e+04 2 0))
|        ( - -1.672e+03 1 0))
|    ( WDBNDRY_B 0 -1.390e+04 1.251e+02 6.701e+01
|        ( QUESTION0 1 -7.289e+03 1.080e+02 3.499e+01
|            ( - -2.106e+03 1 0)
|            ( - -5.075e+03 1 0))
|        ( - -6.489e+03 2 0)))
s>    ( QUESTION15 1 -3.019e+04 1.857e+02 1.459e+02
s>        ( WDBNDRY_B 0 -1.610e+04 1.571e+02 7.885e+01
s>            ( SILENCE -1 -1.427e+04 1.306e+02 6.985e+01
s>                ( - -4.090e+03 1 0)
s>                ( - -1.005e+04 2 0))
s>            ( - -1.672e+03 1 0))
s>        ( WDBNDRY_B 0 -1.390e+04 1.251e+02 6.701e+01
s>            ( QUESTION0 1 -7.289e+03 1.080e+02 3.499e+01
s>                ( - -2.106e+03 1 0)
s>                ( - -5.075e+03 1 0))
s>            ( - -6.489e+03 2 0)))INFO: dtree.c(1439): stop. leaf nodes are specific
INFO: dtree.c(1478): Final simple tree
|( QUESTION0_9_R 1 -2.225e+04 1.603e+02 1.100e+02
|    ( - -8.871e+03 1 0)
|    ( QUESTION0_14_R 1 -1.321e+04 1.494e+02 6.596e+01
|        ( - -9.162e+03 1 0)
|        ( - -3.903e+03 1 0)))
s>    ( QUESTION0_9_R 1 -2.225e+04 1.603e+02 1.100e+02
s>        ( - -8.871e+03 1 0)
s>        ( QUESTION0_14_R 1 -1.321e+04 1.494e+02 6.596e+01
s>            ( - -9.162e+03 1 0)
s>            ( - -3.903e+03 1 0)))INFO: dtree.c(1315): Comp split 21
INFO: dtree.c(1315): Comp split 22
INFO: dtree.c(1439): stop. leaf nodes are specific
INFO: dtree.c(1478): Final simple tree
|( QUESTION0_9_R 1 -2.177e+04 1.606e+02 1.064e+02
|    ( WDBNDRY_B 0 -1.523e+04 1.419e+02 7.439e+01
|        ( - -1.055e+04 1 0)
|        ( - -4.539e+03 2 0))
|    ( WDBNDRY_B 0 -6.379e+03 1.114e+02 3.200e+01
|        ( - -8.828e+02 1 0)
|        ( - -5.384e+03 1 0)))
s>    ( QUESTION0_9_R 1 -2.177e+04 1.606e+02 1.064e+02
s>        ( WDBNDRY_B 0 -1.523e+04 1.419e+02 7.439e+01
s>            ( - -1.055e+04 1 0)
s>            ( - -4.539e+03 2 0))
s>        ( WDBNDRY_B 0 -6.379e+03 1.114e+02 3.200e+01
s>            ( - -8.828e+02 1 0)
s>            ( - -5.384e+03 1 0)))INFO: dtree.c(1315): Comp split 23
INFO: dtree.c(1439): stop. leaf nodes are specific
INFO: dtree.c(1478): Final simple tree
|( WDBNDRY_B 0 -1.390e+04 1.251e+02 6.701e+01
|    ( QUESTION0 1 -7.289e+03 1.080e+02 3.499e+01
|        ( - -2.106e+03 1 0)
|        ( - -5.075e+03 1 0))
|    ( - -6.489e+03 2 0))
s>    ( WDBNDRY_B 0 -1.390e+04 1.251e+02 6.701e+01
s>        ( QUESTION0 1 -7.289e+03 1.080e+02 3.499e+01
s>            ( - -2.106e+03 1 0)
s>            ( - -5.075e+03 1 0))
s>        ( - -6.489e+03 2 0))INFO: dtree.c(1439): stop. leaf nodes are specific
INFO: dtree.c(1478): Final simple tree
|( WDBNDRY_B 0 -1.610e+04 1.571e+02 7.885e+01
|    ( SILENCE -1 -1.427e+04 1.306e+02 6.985e+01
|        ( - -4.090e+03 1 0)
|        ( - -1.005e+04 2 0))
|    ( - -1.672e+03 1 0))
s>    ( WDBNDRY_B 0 -1.610e+04 1.571e+02 7.885e+01
s>        ( SILENCE -1 -1.427e+04 1.306e+02 6.985e+01
s>            ( - -4.090e+03 1 0)
s>            ( - -1.005e+04 2 0))
s>        ( - -1.672e+03 1 0))INFO: dtree.c(1315): Comp split 24
INFO: dtree.c(1439): stop. leaf nodes are specific
INFO: dtree.c(1478): Final simple tree
|( QUESTION0_9_R 1 -2.489e+04 1.149e+02 1.239e+02
|    ( WDBNDRY_B 0 -1.431e+04 1.318e+02 6.988e+01
|        ( - -1.152e+04 1 0)
|        ( - -2.654e+03 1 0))
|    ( - -1.047e+04 1 0))
s>    ( QUESTION0_9_R 1 -2.489e+04 1.149e+02 1.239e+02
s>        ( WDBNDRY_B 0 -1.431e+04 1.318e+02 6.988e+01
s>            ( - -1.152e+04 1 0)
s>            ( - -2.654e+03 1 0))
s>        ( - -1.047e+04 1 0))INFO: dtree.c(1315): Comp split 25
INFO: dtree.c(1439): stop. leaf nodes are specific
INFO: dtree.c(1478): Final simple tree
|( QUESTION0 -1 -2.157e+04 1.262e+02 1.088e+02
|    ( - -1.706e+04 2 0)
|    ( - -4.386e+03 1 0))
s>    ( QUESTION0 -1 -2.157e+04 1.262e+02 1.088e+02
s>        ( - -1.706e+04 2 0)
s>        ( - -4.386e+03 1 0))INFO: dtree.c(1439): stop. leaf nodes are specific
INFO: dtree.c(1478): Final simple tree
|( QUESTION0_0_R 1 -7.062e+03 9.018e+01 3.699e+01
|    ( - -3.956e+03 1 0)
|    ( - -3.016e+03 1 0))
s>    ( QUESTION0_0_R 1 -7.062e+03 9.018e+01 3.699e+01
s>        ( - -3.956e+03 1 0)
s>        ( - -3.016e+03 1 0))INFO: dtree.c(1315): Comp split 26
INFO: dtree.c(1439): stop. leaf nodes are specific
INFO: dtree.c(1478): Final simple tree
|( QUESTION0_14_R 1 -4.661e+03 1.332e+02 2.300e+01
|    ( - -2.592e+03 1 0)
|    ( - -1.936e+03 1 0))
s>    ( QUESTION0_14_R 1 -4.661e+03 1.332e+02 2.300e+01
s>        ( - -2.592e+03 1 0)
s>        ( - -1.936e+03 1 0))INFO: dtree.c(1439): stop. leaf nodes are specific
INFO: dtree.c(1478): Final simple tree
|( QUESTION0_9_R 1 -1.178e+04 1.536e+02 5.887e+01
|    ( - -9.156e+03 2 0)
|    ( - -2.471e+03 1 0))
s>    ( QUESTION0_9_R 1 -1.178e+04 1.536e+02 5.887e+01
s>        ( - -9.156e+03 2 0)
s>        ( - -2.471e+03 1 0))INFO: dtree.c(1315): Comp split 27
INFO: dtree.c(1439): stop. leaf nodes are specific
INFO: dtree.c(1478): Final simple tree
|( WDBNDRY_B 0 -6.379e+03 1.114e+02 3.200e+01
|    ( - -8.828e+02 1 0)
|    ( - -5.384e+03 1 0))
s>    ( WDBNDRY_B 0 -6.379e+03 1.114e+02 3.200e+01
s>        ( - -8.828e+02 1 0)
s>        ( - -5.384e+03 1 0))INFO: dtree.c(1439): stop. leaf nodes are specific
INFO: dtree.c(1478): Final simple tree
|( WDBNDRY_B 0 -1.523e+04 1.419e+02 7.439e+01
|    ( - -1.055e+04 1 0)
|    ( - -4.539e+03 2 0))
s>    ( WDBNDRY_B 0 -1.523e+04 1.419e+02 7.439e+01
s>        ( - -1.055e+04 1 0)
s>        ( - -4.539e+03 2 0))INFO: dtree.c(1315): Comp split 28
INFO: dtree.c(1439): stop. leaf nodes are specific
INFO: dtree.c(1478): Final simple tree
|( QUESTION0_14_R 1 -1.321e+04 1.494e+02 6.596e+01
|    ( - -9.162e+03 1 0)
|    ( - -3.903e+03 1 0))
s>    ( QUESTION0_14_R 1 -1.321e+04 1.494e+02 6.596e+01
s>        ( - -9.162e+03 1 0)
s>        ( - -3.903e+03 1 0))INFO: dtree.c(1315): Comp split 29
INFO: dtree.c(1315): Comp split 30
INFO: dtree.c(1439): stop. leaf nodes are specific
INFO: dtree.c(1478): Final simple tree
|( SILENCE -1 -1.427e+04 1.306e+02 6.985e+01
|    ( - -4.090e+03 1 0)
|    ( - -1.005e+04 2 0))
s>    ( SILENCE -1 -1.427e+04 1.306e+02 6.985e+01
s>        ( - -4.090e+03 1 0)
s>        ( - -1.005e+04 2 0))INFO: dtree.c(1315): Comp split 31
INFO: dtree.c(1315): Comp split 32
INFO: dtree.c(1439): stop. leaf nodes are specific
INFO: dtree.c(1478): Final simple tree
|( WDBNDRY_B 0 -2.209e+04 9.681e+01 1.109e+02
|    ( - -1.152e+04 1 0)
|    ( - -1.047e+04 1 0))
s>    ( WDBNDRY_B 0 -2.209e+04 9.681e+01 1.109e+02
s>        ( - -1.152e+04 1 0)
s>        ( - -1.047e+04 1 0))INFO: dtree.c(1315): Comp split 33
INFO: dtree.c(1315): Comp split 34
INFO: dtree.c(1315): Comp split 35
INFO: dtree.c(1315): Comp split 36
INFO: dtree.c(1315): Comp split 37
INFO: dtree.c(1315): Comp split 38
INFO: dtree.c(1315): Comp split 39
INFO: dtree.c(1315): Comp split 40
INFO: dtree.c(1439): stop. leaf nodes are specific
INFO: dtree.c(1478): Final simple tree
|( QUESTION0 1 -7.289e+03 1.080e+02 3.499e+01
|    ( - -2.106e+03 1 0)
|    ( - -5.075e+03 1 0))
s>    ( QUESTION0 1 -7.289e+03 1.080e+02 3.499e+01
s>        ( - -2.106e+03 1 0)
s>        ( - -5.075e+03 1 0))INFO: dtree.c(1315): Comp split 41
INFO: dtree.c(1315): Comp split 42
INFO: dtree.c(1315): Comp split 43
INFO: dtree.c(1315): Comp split 44
INFO: dtree.c(1315): Comp split 45
INFO: dtree.c(1318): stop. leaf nodes are specific
Fri Jan  6 22:28:06 2023
