Current configuration:
[NAME]		[DEFLT]	[VALUE]
-allphones	no	no
-cntthresh	0.00001	1.000000e-05
-csplitmax	100	2000
-csplitmin	1	1
-csplitthr	8e-4	0.000000e+00
-example	no	no
-fullvar	no	no
-help		no	no
-meanfn			/mnt/c/users/robin/onedrive/desktop/cmu/Cebuano/model_parameters/Cebuano.cd_cont_untied/means
-mixwfn			/mnt/c/users/robin/onedrive/desktop/cmu/Cebuano/model_parameters/Cebuano.cd_cont_untied/mixture_weights
-moddeffn		/mnt/c/users/robin/onedrive/desktop/cmu/Cebuano/model_architecture/Cebuano.untied.mdef
-mwfloor	1e-4	1.000000e-08
-phone			Z
-psetfn			/mnt/c/users/robin/onedrive/desktop/cmu/Cebuano/model_architecture/Cebuano.tree_questions
-ssplitmax	5	7
-ssplitmin	1	1
-ssplitthr	8e-4	0.000000e+00
-state			0
-stwt			1.0,0.05,0.0,
-treefn			/mnt/c/users/robin/onedrive/desktop/cmu/Cebuano/trees/Cebuano.unpruned/Z-0.dtree
-ts2cbfn	.semi.	.cont.
-varfloor	0.00001	1.000000e-05
-varfn			/mnt/c/users/robin/onedrive/desktop/cmu/Cebuano/model_parameters/Cebuano.cd_cont_untied/variances

INFO: main.c(223): Reading: /mnt/c/users/robin/onedrive/desktop/cmu/Cebuano/model_architecture/Cebuano.untied.mdef
INFO: model_def_io.c(573): Model definition info:
INFO: model_def_io.c(574): 7744 total models defined (40 base, 7704 tri)
INFO: model_def_io.c(575): 30976 total states
INFO: model_def_io.c(576): 23232 total tied states
INFO: model_def_io.c(577): 120 total tied CI states
INFO: model_def_io.c(578): 40 total tied transition matrices
INFO: model_def_io.c(579): 4 max state/model
INFO: model_def_io.c(580): 4 min state/model
INFO: main.c(242): Building trees for [Z AA AE e] through [Z UW JH e]
INFO: main.c(268): Covering states |[22791 23225]| == 435
INFO: main.c(275): Reading: /mnt/c/users/robin/onedrive/desktop/cmu/Cebuano/model_parameters/Cebuano.cd_cont_untied/mixture_weights
INFO: s3mixw_io.c(172): Read /mnt/c/users/robin/onedrive/desktop/cmu/Cebuano/model_parameters/Cebuano.cd_cont_untied/mixture_weights [435x1x1 array]
INFO: main.c(311): 144 of 145 models have observation count greater than 0.000010
INFO: main.c(95): nrm stwt: 0.952 0.048 0.000 
INFO: s3gau_io.c(168): Read /mnt/c/users/robin/onedrive/desktop/cmu/Cebuano/model_parameters/Cebuano.cd_cont_untied/means [23232x1x1 array]
INFO: s3gau_io.c(168): Read /mnt/c/users/robin/onedrive/desktop/cmu/Cebuano/model_parameters/Cebuano.cd_cont_untied/variances [23232x1x1 array]
INFO: main.c(549): Reading: /mnt/c/users/robin/onedrive/desktop/cmu/Cebuano/model_architecture/Cebuano.tree_questions
INFO: main.c(587): 180 total simple questions (172 phone; 8 word bndry)
INFO: main.c(589): 42 Left Only questions, and 42 Right Only questions
INFO: dtree.c(1478): Final simple tree
|( SILENCE 1 -1.928e+06 7.225e+03 7.946e+03
|    ( QUESTION2_13_L -1 -6.478e+05 1.759e+03 2.609e+03
|        ( - -1.858e+05 4 0 QUESTION15 -1 9.086e+02 7.683e+02)
|        ( QUESTION2_10_L -1 -4.602e+05 1.308e+03 1.841e+03
|            ( - -2.134e+04 1 0)
|            ( QUESTION2_1_L -1 -4.376e+05 1.104e+03 1.743e+03
|                ( - -3.803e+04 2 0 QUESTION10 -1 1.751e+02 1.516e+02)
|                ( - -3.985e+05 6 0 QUESTION14 -1 6.875e+02 1.592e+03))))
|    ( QUESTION0 -1 -1.273e+06 5.142e+03 5.337e+03
|        ( - -7.540e+05 59 0 QUESTION0_3_R 1 9.695e+02 3.149e+03)
|        ( QUESTION14 -1 -5.143e+05 2.307e+03 2.188e+03
|            ( WDBNDRY_E 0 -2.748e+05 1.264e+03 1.176e+03
|                ( - -8.123e+04 15 0 QUESTION0_1_R 1 4.631e+02 3.549e+02)
|                ( - -1.923e+05 12 0 QUESTION0_15_R 1 6.786e+02 8.211e+02))
|            ( - -2.372e+05 45 0 QUESTION2_7_L -1 8.179e+02 1.012e+03))))
s>    ( SILENCE 1 -1.928e+06 7.225e+03 7.946e+03
s>        ( QUESTION2_13_L -1 -6.478e+05 1.759e+03 2.609e+03
s>            ( - -1.858e+05 4 0 QUESTION15 -1 9.086e+02 7.683e+02)
s>            ( QUESTION2_10_L -1 -4.602e+05 1.308e+03 1.841e+03
s>                ( - -2.134e+04 1 0)
s>                ( QUESTION2_1_L -1 -4.376e+05 1.104e+03 1.743e+03
s>                    ( - -3.803e+04 2 0 QUESTION10 -1 1.751e+02 1.516e+02)
s>                    ( - -3.985e+05 6 0 QUESTION14 -1 6.875e+02 1.592e+03))))
s>        ( QUESTION0 -1 -1.273e+06 5.142e+03 5.337e+03
s>            ( - -7.540e+05 59 0 QUESTION0_3_R 1 9.695e+02 3.149e+03)
s>            ( QUESTION14 -1 -5.143e+05 2.307e+03 2.188e+03
s>                ( WDBNDRY_E 0 -2.748e+05 1.264e+03 1.176e+03
s>                    ( - -8.123e+04 15 0 QUESTION0_1_R 1 4.631e+02 3.549e+02)
s>                    ( - -1.923e+05 12 0 QUESTION0_15_R 1 6.786e+02 8.211e+02))
s>                ( - -2.372e+05 45 0 QUESTION2_7_L -1 8.179e+02 1.012e+03))))INFO: dtree.c(1315): Comp split 0
INFO: dtree.c(1478): Final simple tree
|( QUESTION0 -1 -1.273e+06 5.142e+03 5.337e+03
|    ( QUESTION0_3_R 1 -7.540e+05 9.695e+02 3.149e+03
|        ( - -1.168e+05 8 0 QUESTION2_13_L -1 5.071e+02 4.611e+02)
|        ( QUESTION0_9_R 1 -6.362e+05 7.508e+02 2.688e+03
|            ( - -2.954e+04 6 0 QUESTION2_0_L -1 2.648e+02 1.265e+02)
|            ( - -6.059e+05 45 0 QUESTION2_13_L -1 6.058e+02 2.562e+03)))
|    ( QUESTION14 -1 -5.143e+05 2.307e+03 2.188e+03
|        ( WDBNDRY_E 0 -2.748e+05 1.264e+03 1.176e+03
|            ( - -8.123e+04 15 0 QUESTION0_1_R 1 4.631e+02 3.549e+02)
|            ( - -1.923e+05 12 0 QUESTION0_15_R 1 6.786e+02 8.211e+02))
|        ( QUESTION2_7_L -1 -2.372e+05 8.179e+02 1.012e+03
|            ( - -6.643e+04 7 0 QUESTION11 1 2.220e+02 2.841e+02)
|            ( QUESTION18 -1 -1.700e+05 8.859e+02 7.274e+02
|                ( - -7.485e+04 10 0 QUESTION0_1_R 1 3.229e+02 3.253e+02)
|                ( - -9.424e+04 28 0 QUESTION2_6_L -1 6.317e+02 4.021e+02)))))
s>    ( QUESTION0 -1 -1.273e+06 5.142e+03 5.337e+03
s>        ( QUESTION0_3_R 1 -7.540e+05 9.695e+02 3.149e+03
s>            ( - -1.168e+05 8 0 QUESTION2_13_L -1 5.071e+02 4.611e+02)
s>            ( QUESTION0_9_R 1 -6.362e+05 7.508e+02 2.688e+03
s>                ( - -2.954e+04 6 0 QUESTION2_0_L -1 2.648e+02 1.265e+02)
s>                ( - -6.059e+05 45 0 QUESTION2_13_L -1 6.058e+02 2.562e+03)))
s>        ( QUESTION14 -1 -5.143e+05 2.307e+03 2.188e+03
s>            ( WDBNDRY_E 0 -2.748e+05 1.264e+03 1.176e+03
s>                ( - -8.123e+04 15 0 QUESTION0_1_R 1 4.631e+02 3.549e+02)
s>                ( - -1.923e+05 12 0 QUESTION0_15_R 1 6.786e+02 8.211e+02))
s>            ( QUESTION2_7_L -1 -2.372e+05 8.179e+02 1.012e+03
s>                ( - -6.643e+04 7 0 QUESTION11 1 2.220e+02 2.841e+02)
s>                ( QUESTION18 -1 -1.700e+05 8.859e+02 7.274e+02
s>                    ( - -7.485e+04 10 0 QUESTION0_1_R 1 3.229e+02 3.253e+02)
s>                    ( - -9.424e+04 28 0 QUESTION2_6_L -1 6.317e+02 4.021e+02)))))INFO: dtree.c(1478): Final simple tree
|( QUESTION2_13_L -1 -6.478e+05 1.759e+03 2.609e+03
|    ( QUESTION15 -1 -1.858e+05 9.086e+02 7.683e+02
|        ( - -8.758e+04 2 0 QUESTION16 -1 9.607e+01 3.649e+02)
|        ( QUESTION0 -1 -9.735e+04 3.559e+02 4.034e+02
|            ( - -8.191e+04 1 0)
|            ( - -1.509e+04 1 0)))
|    ( QUESTION2_10_L -1 -4.602e+05 1.308e+03 1.841e+03
|        ( - -2.134e+04 1 0)
|        ( QUESTION2_1_L -1 -4.376e+05 1.104e+03 1.743e+03
|            ( - -3.803e+04 2 0 QUESTION10 -1 1.751e+02 1.516e+02)
|            ( QUESTION14 -1 -3.985e+05 6.875e+02 1.592e+03
|                ( - -3.307e+04 1 0)
|                ( QUESTION13 -1 -3.647e+05 4.022e+02 1.463e+03
|                    ( - -1.653e+04 1 0)
|                    ( - -3.478e+05 4 0 QUESTION0 -1 2.758e+02 1.399e+03))))))
s>    ( QUESTION2_13_L -1 -6.478e+05 1.759e+03 2.609e+03
s>        ( QUESTION15 -1 -1.858e+05 9.086e+02 7.683e+02
s>            ( - -8.758e+04 2 0 QUESTION16 -1 9.607e+01 3.649e+02)
s>            ( QUESTION0 -1 -9.735e+04 3.559e+02 4.034e+02
s>                ( - -8.191e+04 1 0)
s>                ( - -1.509e+04 1 0)))
s>        ( QUESTION2_10_L -1 -4.602e+05 1.308e+03 1.841e+03
s>            ( - -2.134e+04 1 0)
s>            ( QUESTION2_1_L -1 -4.376e+05 1.104e+03 1.743e+03
s>                ( - -3.803e+04 2 0 QUESTION10 -1 1.751e+02 1.516e+02)
s>                ( QUESTION14 -1 -3.985e+05 6.875e+02 1.592e+03
s>                    ( - -3.307e+04 1 0)
s>                    ( QUESTION13 -1 -3.647e+05 4.022e+02 1.463e+03
s>                        ( - -1.653e+04 1 0)
s>                        ( - -3.478e+05 4 0 QUESTION0 -1 2.758e+02 1.399e+03))))))INFO: dtree.c(1315): Comp split 1
INFO: dtree.c(1478): Final simple tree
|( QUESTION2_0_L -1 -7.996e+05 1.197e+03 3.348e+03
|    ( QUESTION0_3_R 1 -7.192e+05 9.521e+02 3.004e+03
|        ( QUESTION2_13_L -1 -1.168e+05 5.071e+02 4.611e+02
|            ( - -1.125e+04 1 0)
|            ( - -1.051e+05 7 0 WDBNDRY_E 0 8.404e+01 4.119e+02))
|        ( QUESTION2_13_L -1 -6.014e+05 5.961e+02 2.543e+03
|            ( WDBNDRY_E 0 -1.235e+05 7.681e+02 5.253e+02
|                ( QUESTION10 1 -1.183e+04 3.434e+02 5.261e+01
|                    ( - -4.792e+03 1 0)
|                    ( - -6.694e+03 3 0 QUESTION0_0_R 1 1.935e+02 2.861e+01))
|                ( - -1.110e+05 1 0))
|            ( WDBNDRY_E 0 -4.772e+05 4.601e+02 2.017e+03
|                ( - -3.358e+05 26 0 QUESTION10 1 2.605e+02 1.413e+03)
|                ( - -1.410e+05 12 0 QUESTION0_15_R 1 2.578e+02 6.047e+02))))
|    ( - -7.926e+04 12 0 WDBNDRY_E 0 3.431e+02 3.442e+02))
s>    ( QUESTION2_0_L -1 -7.996e+05 1.197e+03 3.348e+03
s>        ( QUESTION0_3_R 1 -7.192e+05 9.521e+02 3.004e+03
s>            ( QUESTION2_13_L -1 -1.168e+05 5.071e+02 4.611e+02
s>                ( - -1.125e+04 1 0)
s>                ( - -1.051e+05 7 0 WDBNDRY_E 0 8.404e+01 4.119e+02))
s>            ( QUESTION2_13_L -1 -6.014e+05 5.961e+02 2.543e+03
s>                ( WDBNDRY_E 0 -1.235e+05 7.681e+02 5.253e+02
s>                    ( QUESTION10 1 -1.183e+04 3.434e+02 5.261e+01
s>                        ( - -4.792e+03 1 0)
s>                        ( - -6.694e+03 3 0 QUESTION0_0_R 1 1.935e+02 2.861e+01))
s>                    ( - -1.110e+05 1 0))
s>                ( WDBNDRY_E 0 -4.772e+05 4.601e+02 2.017e+03
s>                    ( - -3.358e+05 26 0 QUESTION10 1 2.605e+02 1.413e+03)
s>                    ( - -1.410e+05 12 0 QUESTION0_15_R 1 2.578e+02 6.047e+02))))
s>        ( - -7.926e+04 12 0 WDBNDRY_E 0 3.431e+02 3.442e+02))INFO: dtree.c(1478): Final simple tree
|( QUESTION14 -1 -4.682e+05 2.000e+03 1.989e+03
|    ( WDBNDRY_E 0 -2.748e+05 1.264e+03 1.176e+03
|        ( - -8.123e+04 15 0 QUESTION0_1_R 1 4.631e+02 3.549e+02)
|        ( QUESTION0_15_R 1 -1.923e+05 6.786e+02 8.211e+02
|            ( - -2.105e+04 2 0 QUESTION14 1 2.208e+02 9.090e+01)
|            ( - -1.705e+05 10 0 QUESTION0_0_R 1 4.700e+02 7.302e+02)))
|    ( QUESTION2_7_L -1 -1.915e+05 8.160e+02 8.127e+02
|        ( - -6.643e+04 7 0 QUESTION11 1 2.220e+02 2.841e+02)
|        ( QUESTION11 -1 -1.242e+05 5.705e+02 5.286e+02
|            ( - -5.599e+04 18 0 QUESTION0_3_R 1 2.292e+02 2.408e+02)
|            ( QUESTION2_11_L -1 -6.767e+04 6.534e+02 2.878e+02
|                ( QUESTION0_3_R 1 -1.257e+04 4.743e+02 5.413e+01
|                    ( - 1.585e+02 1 0)
|                    ( - -1.226e+04 3 0 QUESTION0_15_R 1 1.795e+02 5.313e+01))
|                ( - -5.444e+04 12 0 QUESTION0_9_R 1 3.223e+02 2.337e+02)))))
s>    ( QUESTION14 -1 -4.682e+05 2.000e+03 1.989e+03
s>        ( WDBNDRY_E 0 -2.748e+05 1.264e+03 1.176e+03
s>            ( - -8.123e+04 15 0 QUESTION0_1_R 1 4.631e+02 3.549e+02)
s>            ( QUESTION0_15_R 1 -1.923e+05 6.786e+02 8.211e+02
s>                ( - -2.105e+04 2 0 QUESTION14 1 2.208e+02 9.090e+01)
s>                ( - -1.705e+05 10 0 QUESTION0_0_R 1 4.700e+02 7.302e+02)))
s>        ( QUESTION2_7_L -1 -1.915e+05 8.160e+02 8.127e+02
s>            ( - -6.643e+04 7 0 QUESTION11 1 2.220e+02 2.841e+02)
s>            ( QUESTION11 -1 -1.242e+05 5.705e+02 5.286e+02
s>                ( - -5.599e+04 18 0 QUESTION0_3_R 1 2.292e+02 2.408e+02)
s>                ( QUESTION2_11_L -1 -6.767e+04 6.534e+02 2.878e+02
s>                    ( QUESTION0_3_R 1 -1.257e+04 4.743e+02 5.413e+01
s>                        ( - 1.585e+02 1 0)
s>                        ( - -1.226e+04 3 0 QUESTION0_15_R 1 1.795e+02 5.313e+01))
s>                    ( - -5.444e+04 12 0 QUESTION0_9_R 1 3.223e+02 2.337e+02)))))INFO: dtree.c(1315): Comp split 2
INFO: dtree.c(1478): Final simple tree
|( QUESTION0_0_R 1 -1.705e+05 4.700e+02 7.302e+02
|    ( QUESTION2_15_L -1 -7.118e+04 2.721e+02 3.053e+02
|        ( QUESTION10 1 -6.498e+04 2.174e+02 2.791e+02
|            ( - -5.277e+04 1 0)
|            ( - -1.199e+04 1 0))
|        ( - -5.923e+03 2 0 QUESTION0_1_R 1 1.160e+02 2.625e+01))
|    ( QUESTION2_14_L -1 -9.889e+04 5.617e+02 4.249e+02
|        ( - -7.142e+04 1 0)
|        ( QUESTION0_9_R 1 -2.691e+04 3.135e+02 1.173e+02
|            ( QUESTION2_0_L -1 -7.695e+03 1.902e+02 3.556e+01
|                ( - -2.198e+03 1 0)
|                ( - -5.307e+03 1 0))
|            ( QUESTION2_0_L -1 -1.890e+04 1.545e+02 8.176e+01
|                ( - -7.953e+03 1 0)
|                ( - -1.079e+04 2 0)))))
s>    ( QUESTION0_0_R 1 -1.705e+05 4.700e+02 7.302e+02
s>        ( QUESTION2_15_L -1 -7.118e+04 2.721e+02 3.053e+02
s>            ( QUESTION10 1 -6.498e+04 2.174e+02 2.791e+02
s>                ( - -5.277e+04 1 0)
s>                ( - -1.199e+04 1 0))
s>            ( - -5.923e+03 2 0 QUESTION0_1_R 1 1.160e+02 2.625e+01))
s>        ( QUESTION2_14_L -1 -9.889e+04 5.617e+02 4.249e+02
s>            ( - -7.142e+04 1 0)
s>            ( QUESTION0_9_R 1 -2.691e+04 3.135e+02 1.173e+02
s>                ( QUESTION2_0_L -1 -7.695e+03 1.902e+02 3.556e+01
s>                    ( - -2.198e+03 1 0)
s>                    ( - -5.307e+03 1 0))
s>                ( QUESTION2_0_L -1 -1.890e+04 1.545e+02 8.176e+01
s>                    ( - -7.953e+03 1 0)
s>                    ( - -1.079e+04 2 0)))))INFO: dtree.c(1478): Final simple tree
|( QUESTION2_6_L -1 -2.953e+05 1.211e+03 1.259e+03
|    ( QUESTION10 -1 -8.406e+04 5.451e+02 3.592e+02
|        ( - -1.708e+04 4 0 WDBNDRY_B 0 2.442e+02 7.512e+01)
|        ( - -6.643e+04 7 0 QUESTION11 1 2.220e+02 2.841e+02))
|    ( QUESTION0_15_R 1 -2.100e+05 6.147e+02 8.993e+02
|        ( - -3.404e+04 7 0 QUESTION14 -1 1.731e+02 1.473e+02)
|        ( QUESTION14 -1 -1.754e+05 6.438e+02 7.520e+02
|            ( QUESTION0_2_R 1 -7.111e+04 4.362e+02 3.115e+02
|                ( QUESTION2_14_L -1 -2.337e+04 6.767e+02 1.019e+02
|                    ( - -6.906e+03 2 0 QUESTION0_3_R 1 5.085e+02 3.309e+01)
|                    ( - -1.579e+04 2 0 QUESTION0_3_R 1 2.931e+02 6.883e+01))
|                ( - -4.730e+04 9 0 QUESTION0_13_R 1 5.182e+02 2.096e+02))
|            ( QUESTION2_19_L -1 -1.036e+05 5.754e+02 4.405e+02
|                ( - -2.717e+04 5 0 QUESTION14 1 2.305e+02 1.165e+02)
|                ( - -7.585e+04 22 0 QUESTION2_10_L -1 3.632e+02 3.240e+02)))))
s>    ( QUESTION2_6_L -1 -2.953e+05 1.211e+03 1.259e+03
s>        ( QUESTION10 -1 -8.406e+04 5.451e+02 3.592e+02
s>            ( - -1.708e+04 4 0 WDBNDRY_B 0 2.442e+02 7.512e+01)
s>            ( - -6.643e+04 7 0 QUESTION11 1 2.220e+02 2.841e+02))
s>        ( QUESTION0_15_R 1 -2.100e+05 6.147e+02 8.993e+02
s>            ( - -3.404e+04 7 0 QUESTION14 -1 1.731e+02 1.473e+02)
s>            ( QUESTION14 -1 -1.754e+05 6.438e+02 7.520e+02
s>                ( QUESTION0_2_R 1 -7.111e+04 4.362e+02 3.115e+02
s>                    ( QUESTION2_14_L -1 -2.337e+04 6.767e+02 1.019e+02
s>                        ( - -6.906e+03 2 0 QUESTION0_3_R 1 5.085e+02 3.309e+01)
s>                        ( - -1.579e+04 2 0 QUESTION0_3_R 1 2.931e+02 6.883e+01))
s>                    ( - -4.730e+04 9 0 QUESTION0_13_R 1 5.182e+02 2.096e+02))
s>                ( QUESTION2_19_L -1 -1.036e+05 5.754e+02 4.405e+02
s>                    ( - -2.717e+04 5 0 QUESTION14 1 2.305e+02 1.165e+02)
s>                    ( - -7.585e+04 22 0 QUESTION2_10_L -1 3.632e+02 3.240e+02)))))INFO: dtree.c(1315): Comp split 3
INFO: dtree.c(1439): stop. leaf nodes are specific
INFO: dtree.c(1478): Final simple tree
|( QUESTION2_1_L -1 -4.039e+05 1.129e+03 1.615e+03
|    ( QUESTION10 -1 -3.803e+04 1.751e+02 1.516e+02
|        ( - -1.663e+03 1 0)
|        ( - -3.620e+04 1 0))
|    ( QUESTION13 -1 -3.647e+05 4.022e+02 1.463e+03
|        ( - -1.653e+04 1 0)
|        ( QUESTION0 -1 -3.478e+05 2.758e+02 1.399e+03
|            ( - -3.225e+05 3 0)
|            ( - -2.503e+04 1 0))))
s>    ( QUESTION2_1_L -1 -4.039e+05 1.129e+03 1.615e+03
s>        ( QUESTION10 -1 -3.803e+04 1.751e+02 1.516e+02
s>            ( - -1.663e+03 1 0)
s>            ( - -3.620e+04 1 0))
s>        ( QUESTION13 -1 -3.647e+05 4.022e+02 1.463e+03
s>            ( - -1.653e+04 1 0)
s>            ( QUESTION0 -1 -3.478e+05 2.758e+02 1.399e+03
s>                ( - -3.225e+05 3 0)
s>                ( - -2.503e+04 1 0))))INFO: dtree.c(1439): stop. leaf nodes are specific
INFO: dtree.c(1478): Final simple tree
|( QUESTION2_17_L -1 -2.418e+05 9.188e+02 9.944e+02
|    ( QUESTION0 -1 -9.735e+04 3.559e+02 4.034e+02
|        ( - -8.191e+04 1 0)
|        ( - -1.509e+04 1 0))
|    ( QUESTION10 -1 -1.435e+05 8.279e+02 5.909e+02
|        ( - -2.134e+04 1 0)
|        ( QUESTION14 -1 -1.214e+05 7.057e+02 4.931e+02
|            ( - -3.307e+04 1 0)
|            ( QUESTION16 -1 -8.758e+04 9.607e+01 3.649e+02
|                ( - -6.707e+04 1 0)
|                ( - -2.041e+04 1 0)))))
s>    ( QUESTION2_17_L -1 -2.418e+05 9.188e+02 9.944e+02
s>        ( QUESTION0 -1 -9.735e+04 3.559e+02 4.034e+02
s>            ( - -8.191e+04 1 0)
s>            ( - -1.509e+04 1 0))
s>        ( QUESTION10 -1 -1.435e+05 8.279e+02 5.909e+02
s>            ( - -2.134e+04 1 0)
s>            ( QUESTION14 -1 -1.214e+05 7.057e+02 4.931e+02
s>                ( - -3.307e+04 1 0)
s>                ( QUESTION16 -1 -8.758e+04 9.607e+01 3.649e+02
s>                    ( - -6.707e+04 1 0)
s>                    ( - -2.041e+04 1 0)))))INFO: dtree.c(1315): Comp split 4
INFO: dtree.c(1478): Final simple tree
|( QUESTION14 -1 -1.264e+05 5.191e+02 5.401e+02
|    ( QUESTION0_3_R 1 -4.701e+04 2.969e+02 2.031e+02
|        ( - -4.694e+03 1 0)
|        ( - -4.202e+04 5 0 QUESTION0_0_R 1 2.263e+02 1.843e+02))
|    ( QUESTION2_10_L -1 -7.889e+04 3.602e+02 3.370e+02
|        ( - -5.865e+03 1 0)
|        ( QUESTION10 -1 -7.267e+04 3.276e+02 3.110e+02
|            ( QUESTION0_3_R 1 -1.257e+04 4.743e+02 5.413e+01
|                ( - 1.585e+02 1 0)
|                ( - -1.226e+04 3 0 QUESTION0_15_R 1 1.795e+02 5.313e+01))
|            ( QUESTION0_9_R 1 -5.977e+04 2.712e+02 2.568e+02
|                ( - -2.105e+03 1 0)
|                ( WDBNDRY_E 0 -5.739e+04 2.580e+02 2.468e+02
|                    ( - -4.916e+04 15 0 QUESTION0_3_R 1 2.572e+02 2.111e+02)
|                    ( - -7.973e+03 4 0 WDBNDRY_B 0 1.379e+02 3.572e+01))))))
s>    ( QUESTION14 -1 -1.264e+05 5.191e+02 5.401e+02
s>        ( QUESTION0_3_R 1 -4.701e+04 2.969e+02 2.031e+02
s>            ( - -4.694e+03 1 0)
s>            ( - -4.202e+04 5 0 QUESTION0_0_R 1 2.263e+02 1.843e+02))
s>        ( QUESTION2_10_L -1 -7.889e+04 3.602e+02 3.370e+02
s>            ( - -5.865e+03 1 0)
s>            ( QUESTION10 -1 -7.267e+04 3.276e+02 3.110e+02
s>                ( QUESTION0_3_R 1 -1.257e+04 4.743e+02 5.413e+01
s>                    ( - 1.585e+02 1 0)
s>                    ( - -1.226e+04 3 0 QUESTION0_15_R 1 1.795e+02 5.313e+01))
s>                ( QUESTION0_9_R 1 -5.977e+04 2.712e+02 2.568e+02
s>                    ( - -2.105e+03 1 0)
s>                    ( WDBNDRY_E 0 -5.739e+04 2.580e+02 2.468e+02
s>                        ( - -4.916e+04 15 0 QUESTION0_3_R 1 2.572e+02 2.111e+02)
s>                        ( - -7.973e+03 4 0 WDBNDRY_B 0 1.379e+02 3.572e+01))))))INFO: dtree.c(1478): Final simple tree
|( QUESTION13 -1 -1.673e+05 1.232e+03 7.184e+02
|    ( QUESTION0_13_R 1 -5.443e+04 5.746e+02 2.427e+02
|        ( - -1.021e+04 2 0 QUESTION2_0_L -1 1.418e+02 4.334e+01)
|        ( QUESTION0_3_R 1 -4.365e+04 4.902e+02 1.993e+02
|            ( - 2.427e+02 1 0)
|            ( QUESTION11 1 -4.341e+04 3.575e+02 1.983e+02
|                ( QUESTION2_15_L -1 -2.347e+04 4.248e+02 1.028e+02
|                    ( - -1.221e+04 1 0)
|                    ( - -1.084e+04 4 0 QUESTION2_0_L -1 1.372e+02 4.753e+01))
|                ( - -1.958e+04 3 0 QUESTION0_1_R 1 1.579e+02 9.557e+01))))
|    ( QUESTION11 -1 -1.116e+05 6.304e+02 4.757e+02
|        ( - -6.643e+04 7 0 QUESTION11 1 2.220e+02 2.841e+02)
|        ( QUESTION0_9_R 1 -4.455e+04 2.949e+02 1.916e+02
|            ( - -2.717e+04 5 0 QUESTION14 1 2.305e+02 1.165e+02)
|            ( - -1.708e+04 4 0 WDBNDRY_B 0 2.442e+02 7.512e+01))))
s>    ( QUESTION13 -1 -1.673e+05 1.232e+03 7.184e+02
s>        ( QUESTION0_13_R 1 -5.443e+04 5.746e+02 2.427e+02
s>            ( - -1.021e+04 2 0 QUESTION2_0_L -1 1.418e+02 4.334e+01)
s>            ( QUESTION0_3_R 1 -4.365e+04 4.902e+02 1.993e+02
s>                ( - 2.427e+02 1 0)
s>                ( QUESTION11 1 -4.341e+04 3.575e+02 1.983e+02
s>                    ( QUESTION2_15_L -1 -2.347e+04 4.248e+02 1.028e+02
s>                        ( - -1.221e+04 1 0)
s>                        ( - -1.084e+04 4 0 QUESTION2_0_L -1 1.372e+02 4.753e+01))
s>                    ( - -1.958e+04 3 0 QUESTION0_1_R 1 1.579e+02 9.557e+01))))
s>        ( QUESTION11 -1 -1.116e+05 6.304e+02 4.757e+02
s>            ( - -6.643e+04 7 0 QUESTION11 1 2.220e+02 2.841e+02)
s>            ( QUESTION0_9_R 1 -4.455e+04 2.949e+02 1.916e+02
s>                ( - -2.717e+04 5 0 QUESTION14 1 2.305e+02 1.165e+02)
s>                ( - -1.708e+04 4 0 WDBNDRY_B 0 2.442e+02 7.512e+01))))INFO: dtree.c(1315): Comp split 5
INFO: dtree.c(1439): stop. leaf nodes are specific
INFO: dtree.c(1478): Final simple tree
|( QUESTION10 1 -3.195e+04 1.841e+02 1.508e+02
|    ( - -7.092e+03 1 0)
|    ( QUESTION0_0_R 1 -2.468e+04 1.477e+02 1.152e+02
|        ( QUESTION0_1_R 1 -1.898e+04 1.354e+02 8.733e+01
|            ( - -1.221e+04 1 0)
|            ( - -6.640e+03 1 0))
|        ( - -5.546e+03 1 0)))
s>    ( QUESTION10 1 -3.195e+04 1.841e+02 1.508e+02
s>        ( - -7.092e+03 1 0)
s>        ( QUESTION0_0_R 1 -2.468e+04 1.477e+02 1.152e+02
s>            ( QUESTION0_1_R 1 -1.898e+04 1.354e+02 8.733e+01
s>                ( - -1.221e+04 1 0)
s>                ( - -6.640e+03 1 0))
s>            ( - -5.546e+03 1 0)))INFO: dtree.c(1478): Final simple tree
|( QUESTION12 -1 -1.338e+05 6.950e+02 5.676e+02
|    ( - -6.643e+04 7 0 QUESTION11 1 2.220e+02 2.841e+02)
|    ( QUESTION11 -1 -6.665e+04 6.250e+02 2.835e+02
|        ( QUESTION0_2_R 1 -2.148e+04 4.886e+02 9.187e+01
|            ( - 2.427e+02 1 0)
|            ( - -2.123e+04 6 0 QUESTION2_15_L -1 1.950e+02 9.087e+01))
|        ( QUESTION0_9_R 1 -4.455e+04 2.949e+02 1.916e+02
|            ( QUESTION14 1 -2.717e+04 2.305e+02 1.165e+02
|                ( - -1.206e+03 1 0)
|                ( WDBNDRY_E 0 -2.574e+04 2.456e+02 1.105e+02
|                    ( - -2.711e+03 2 0)
|                    ( - -2.278e+04 2 0)))
|            ( WDBNDRY_B 0 -1.708e+04 2.442e+02 7.512e+01
|                ( - -2.774e+03 1 0)
|                ( - -1.406e+04 3 0 QUESTION0_14_R 1 1.669e+02 6.112e+01)))))
s>    ( QUESTION12 -1 -1.338e+05 6.950e+02 5.676e+02
s>        ( - -6.643e+04 7 0 QUESTION11 1 2.220e+02 2.841e+02)
s>        ( QUESTION11 -1 -6.665e+04 6.250e+02 2.835e+02
s>            ( QUESTION0_2_R 1 -2.148e+04 4.886e+02 9.187e+01
s>                ( - 2.427e+02 1 0)
s>                ( - -2.123e+04 6 0 QUESTION2_15_L -1 1.950e+02 9.087e+01))
s>            ( QUESTION0_9_R 1 -4.455e+04 2.949e+02 1.916e+02
s>                ( QUESTION14 1 -2.717e+04 2.305e+02 1.165e+02
s>                    ( - -1.206e+03 1 0)
s>                    ( WDBNDRY_E 0 -2.574e+04 2.456e+02 1.105e+02
s>                        ( - -2.711e+03 2 0)
s>                        ( - -2.278e+04 2 0)))
s>                ( WDBNDRY_B 0 -1.708e+04 2.442e+02 7.512e+01
s>                    ( - -2.774e+03 1 0)
s>                    ( - -1.406e+04 3 0 QUESTION0_14_R 1 1.669e+02 6.112e+01)))))INFO: dtree.c(1315): Comp split 6
INFO: dtree.c(1478): Final simple tree
|( QUESTION0_3_R 1 -6.949e+05 8.721e+02 2.902e+03
|    ( - -1.051e+05 7 0 WDBNDRY_E 0 8.404e+01 4.119e+02)
|    ( QUESTION2_13_L -1 -5.889e+05 7.554e+02 2.490e+03
|        ( - -1.110e+05 1 0)
|        ( WDBNDRY_E 0 -4.772e+05 4.601e+02 2.017e+03
|            ( QUESTION10 1 -3.358e+05 2.605e+02 1.413e+03
|                ( - -5.631e+04 8 0)
|                ( QUESTION0_14_R 1 -2.792e+05 1.977e+02 1.174e+03
|                    ( - -1.004e+05 7 0)
|                    ( - -1.786e+05 11 0 QUESTION0 1 1.556e+02 7.598e+02)))
|            ( QUESTION0_15_R 1 -1.410e+05 2.578e+02 6.047e+02
|                ( - -1.680e+03 2 0 QUESTION14 1 1.332e+02 8.000e+00)
|                ( QUESTION10 1 -1.391e+05 2.407e+02 5.967e+02
|                    ( - -4.723e+03 2 0)
|                    ( - -1.341e+05 8 0 QUESTION0_0_R 1 1.424e+02 5.747e+02))))))
s>    ( QUESTION0_3_R 1 -6.949e+05 8.721e+02 2.902e+03
s>        ( - -1.051e+05 7 0 WDBNDRY_E 0 8.404e+01 4.119e+02)
s>        ( QUESTION2_13_L -1 -5.889e+05 7.554e+02 2.490e+03
s>            ( - -1.110e+05 1 0)
s>            ( WDBNDRY_E 0 -4.772e+05 4.601e+02 2.017e+03
s>                ( QUESTION10 1 -3.358e+05 2.605e+02 1.413e+03
s>                    ( - -5.631e+04 8 0)
s>                    ( QUESTION0_14_R 1 -2.792e+05 1.977e+02 1.174e+03
s>                        ( - -1.004e+05 7 0)
s>                        ( - -1.786e+05 11 0 QUESTION0 1 1.556e+02 7.598e+02)))
s>                ( QUESTION0_15_R 1 -1.410e+05 2.578e+02 6.047e+02
s>                    ( - -1.680e+03 2 0 QUESTION14 1 1.332e+02 8.000e+00)
s>                    ( QUESTION10 1 -1.391e+05 2.407e+02 5.967e+02
s>                        ( - -4.723e+03 2 0)
s>                        ( - -1.341e+05 8 0 QUESTION0_0_R 1 1.424e+02 5.747e+02))))))INFO: dtree.c(1478): Final simple tree
|( QUESTION2_0_L -1 -1.033e+05 7.088e+02 4.460e+02
|    ( QUESTION0_2_R 1 -2.329e+04 3.833e+02 1.018e+02
|        ( - -1.579e+04 2 0 QUESTION0_3_R 1 1.343e+02 6.816e+01)
|        ( QUESTION11 1 -7.110e+03 2.218e+02 3.360e+01
|            ( - -8.770e+02 1 0)
|            ( - -6.011e+03 2 0 QUESTION0_0_R 1 1.624e+02 2.960e+01)))
|    ( WDBNDRY_E 0 -7.926e+04 3.431e+02 3.442e+02
|        ( QUESTION12 1 -3.413e+04 2.136e+02 1.507e+02
|            ( QUESTION0 -1 -1.059e+04 1.989e+02 4.806e+01
|                ( - -2.600e+03 1 0)
|                ( - -7.787e+03 1 0))
|            ( QUESTION0 -1 -2.333e+04 1.690e+02 1.027e+02
|                ( - -1.404e+03 1 0)
|                ( - -2.176e+04 5 0 QUESTION0_1_R 1 1.575e+02 9.566e+01)))
|        ( - -4.478e+04 4 0 QUESTION0_9_R 1 1.660e+02 1.935e+02)))
s>    ( QUESTION2_0_L -1 -1.033e+05 7.088e+02 4.460e+02
s>        ( QUESTION0_2_R 1 -2.329e+04 3.833e+02 1.018e+02
s>            ( - -1.579e+04 2 0 QUESTION0_3_R 1 1.343e+02 6.816e+01)
s>            ( QUESTION11 1 -7.110e+03 2.218e+02 3.360e+01
s>                ( - -8.770e+02 1 0)
s>                ( - -6.011e+03 2 0 QUESTION0_0_R 1 1.624e+02 2.960e+01)))
s>        ( WDBNDRY_E 0 -7.926e+04 3.431e+02 3.442e+02
s>            ( QUESTION12 1 -3.413e+04 2.136e+02 1.507e+02
s>                ( QUESTION0 -1 -1.059e+04 1.989e+02 4.806e+01
s>                    ( - -2.600e+03 1 0)
s>                    ( - -7.787e+03 1 0))
s>                ( QUESTION0 -1 -2.333e+04 1.690e+02 1.027e+02
s>                    ( - -1.404e+03 1 0)
s>                    ( - -2.176e+04 5 0 QUESTION0_1_R 1 1.575e+02 9.566e+01)))
s>            ( - -4.478e+04 4 0 QUESTION0_9_R 1 1.660e+02 1.935e+02)))INFO: dtree.c(1315): Comp split 7
INFO: dtree.c(1439): stop. leaf nodes are specific
INFO: dtree.c(1478): Final simple tree
|( QUESTION13 -1 -3.647e+05 4.022e+02 1.463e+03
|    ( - -1.653e+04 1 0)
|    ( QUESTION0 -1 -3.478e+05 2.758e+02 1.399e+03
|        ( - -3.225e+05 3 0)
|        ( - -2.503e+04 1 0)))
s>    ( QUESTION13 -1 -3.647e+05 4.022e+02 1.463e+03
s>        ( - -1.653e+04 1 0)
s>        ( QUESTION0 -1 -3.478e+05 2.758e+02 1.399e+03
s>            ( - -3.225e+05 3 0)
s>            ( - -2.503e+04 1 0)))INFO: dtree.c(1439): stop. leaf nodes are specific
INFO: dtree.c(1478): Final simple tree
|( QUESTION10 -1 -3.803e+04 1.751e+02 1.516e+02
|    ( - -1.663e+03 1 0)
|    ( - -3.620e+04 1 0))
s>    ( QUESTION10 -1 -3.803e+04 1.751e+02 1.516e+02
s>        ( - -1.663e+03 1 0)
s>        ( - -3.620e+04 1 0))INFO: dtree.c(1315): Comp split 8
INFO: dtree.c(1439): stop. leaf nodes are specific
INFO: dtree.c(1478): Final simple tree
|( QUESTION10 -1 -1.097e+05 7.552e+02 4.628e+02
|    ( - -2.134e+04 1 0)
|    ( QUESTION16 -1 -8.758e+04 9.607e+01 3.649e+02
|        ( - -6.707e+04 1 0)
|        ( - -2.041e+04 1 0)))
s>    ( QUESTION10 -1 -1.097e+05 7.552e+02 4.628e+02
s>        ( - -2.134e+04 1 0)
s>        ( QUESTION16 -1 -8.758e+04 9.607e+01 3.649e+02
s>            ( - -6.707e+04 1 0)
s>            ( - -2.041e+04 1 0)))INFO: dtree.c(1439): stop. leaf nodes are specific
INFO: dtree.c(1478): Final simple tree
|( QUESTION0 -1 -1.310e+05 6.867e+02 5.316e+02
|    ( - -8.191e+04 1 0)
|    ( QUESTION2_0_L -1 -4.845e+04 2.951e+02 1.904e+02
|        ( - -1.509e+04 1 0)
|        ( - -3.307e+04 1 0)))
s>    ( QUESTION0 -1 -1.310e+05 6.867e+02 5.316e+02
s>        ( - -8.191e+04 1 0)
s>        ( QUESTION2_0_L -1 -4.845e+04 2.951e+02 1.904e+02
s>            ( - -1.509e+04 1 0)
s>            ( - -3.307e+04 1 0)))INFO: dtree.c(1315): Comp split 9
INFO: dtree.c(1478): Final simple tree
|( WDBNDRY_E 0 -4.753e+05 4.792e+02 2.009e+03
|    ( QUESTION10 1 -3.358e+05 2.605e+02 1.413e+03
|        ( - -5.631e+04 8 0)
|        ( QUESTION0_14_R 1 -2.792e+05 1.977e+02 1.174e+03
|            ( - -1.004e+05 7 0)
|            ( QUESTION0 1 -1.786e+05 1.556e+02 7.598e+02
|                ( - -3.951e+03 1 0)
|                ( QUESTION0_2_R 1 -1.745e+05 1.395e+02 7.438e+02
|                    ( - -8.831e+04 3 0)
|                    ( - -8.607e+04 7 0 QUESTION0_17_R 1 1.155e+02 3.619e+02)))))
|    ( QUESTION10 1 -1.391e+05 2.407e+02 5.967e+02
|        ( - -4.723e+03 2 0)
|        ( QUESTION0_0_R 1 -1.341e+05 1.424e+02 5.747e+02
|            ( - -5.258e+03 2 0)
|            ( - -1.287e+05 6 0))))
s>    ( WDBNDRY_E 0 -4.753e+05 4.792e+02 2.009e+03
s>        ( QUESTION10 1 -3.358e+05 2.605e+02 1.413e+03
s>            ( - -5.631e+04 8 0)
s>            ( QUESTION0_14_R 1 -2.792e+05 1.977e+02 1.174e+03
s>                ( - -1.004e+05 7 0)
s>                ( QUESTION0 1 -1.786e+05 1.556e+02 7.598e+02
s>                    ( - -3.951e+03 1 0)
s>                    ( QUESTION0_2_R 1 -1.745e+05 1.395e+02 7.438e+02
s>                        ( - -8.831e+04 3 0)
s>                        ( - -8.607e+04 7 0 QUESTION0_17_R 1 1.155e+02 3.619e+02)))))
s>        ( QUESTION10 1 -1.391e+05 2.407e+02 5.967e+02
s>            ( - -4.723e+03 2 0)
s>            ( QUESTION0_0_R 1 -1.341e+05 1.424e+02 5.747e+02
s>                ( - -5.258e+03 2 0)
s>                ( - -1.287e+05 6 0))))INFO: dtree.c(1439): stop. leaf nodes are specific
INFO: dtree.c(1478): Final simple tree
|( QUESTION0_14_R 1 -2.186e+05 6.978e+02 8.926e+02
|    ( - -1.110e+05 1 0)
|    ( QUESTION0_0_R 1 -1.070e+05 2.282e+02 4.199e+02
|        ( WDBNDRY_E 0 -1.051e+05 8.404e+01 4.119e+02
|            ( - -1.036e+05 6 0)
|            ( - -1.365e+03 1 0))
|        ( QUESTION14 1 -1.680e+03 1.332e+02 8.000e+00
|            ( - -9.740e+02 1 0)
|            ( - -5.723e+02 1 0))))
s>    ( QUESTION0_14_R 1 -2.186e+05 6.978e+02 8.926e+02
s>        ( - -1.110e+05 1 0)
s>        ( QUESTION0_0_R 1 -1.070e+05 2.282e+02 4.199e+02
s>            ( WDBNDRY_E 0 -1.051e+05 8.404e+01 4.119e+02
s>                ( - -1.036e+05 6 0)
s>                ( - -1.365e+03 1 0))
s>            ( QUESTION14 1 -1.680e+03 1.332e+02 8.000e+00
s>                ( - -9.740e+02 1 0)
s>                ( - -5.723e+02 1 0))))INFO: dtree.c(1315): Comp split 10
INFO: dtree.c(1478): Final simple tree
|( QUESTION0_1_R 1 -8.561e+04 4.203e+02 3.738e+02
|    ( QUESTION0 -1 -2.473e+04 2.587e+02 1.128e+02
|        ( QUESTION10 1 -7.570e+03 1.786e+02 3.591e+01
|            ( - -4.792e+03 1 0)
|            ( - -2.600e+03 1 0))
|        ( - -1.691e+04 2 0 QUESTION10 1 1.614e+02 7.686e+01))
|    ( WDBNDRY_E 0 -6.046e+04 2.004e+02 2.610e+02
|        ( QUESTION0 -1 -1.547e+04 1.862e+02 6.755e+01
|            ( QUESTION0_14_R 1 -2.643e+03 1.822e+02 1.260e+01
|                ( - -1.057e+03 1 0)
|                ( - -1.404e+03 1 0))
|            ( - -1.264e+04 4 0 QUESTION0_0_R 1 1.275e+02 5.495e+01))
|        ( QUESTION0_9_R 1 -4.478e+04 1.660e+02 1.935e+02
|            ( - -1.643e+03 1 0)
|            ( - -4.297e+04 3 0))))
s>    ( QUESTION0_1_R 1 -8.561e+04 4.203e+02 3.738e+02
s>        ( QUESTION0 -1 -2.473e+04 2.587e+02 1.128e+02
s>            ( QUESTION10 1 -7.570e+03 1.786e+02 3.591e+01
s>                ( - -4.792e+03 1 0)
s>                ( - -2.600e+03 1 0))
s>            ( - -1.691e+04 2 0 QUESTION10 1 1.614e+02 7.686e+01))
s>        ( WDBNDRY_E 0 -6.046e+04 2.004e+02 2.610e+02
s>            ( QUESTION0 -1 -1.547e+04 1.862e+02 6.755e+01
s>                ( QUESTION0_14_R 1 -2.643e+03 1.822e+02 1.260e+01
s>                    ( - -1.057e+03 1 0)
s>                    ( - -1.404e+03 1 0))
s>                ( - -1.264e+04 4 0 QUESTION0_0_R 1 1.275e+02 5.495e+01))
s>            ( QUESTION0_9_R 1 -4.478e+04 1.660e+02 1.935e+02
s>                ( - -1.643e+03 1 0)
s>                ( - -4.297e+04 3 0))))INFO: dtree.c(1439): stop. leaf nodes are specific
INFO: dtree.c(1478): Final simple tree
|( QUESTION0_1_R 1 -1.683e+04 1.558e+02 7.216e+01
|    ( - -8.770e+02 1 0)
|    ( QUESTION0_3_R 1 -1.579e+04 1.343e+02 6.816e+01
|        ( - -1.125e+04 1 0)
|        ( - -4.406e+03 1 0)))
s>    ( QUESTION0_1_R 1 -1.683e+04 1.558e+02 7.216e+01
s>        ( - -8.770e+02 1 0)
s>        ( QUESTION0_3_R 1 -1.579e+04 1.343e+02 6.816e+01
s>            ( - -1.125e+04 1 0)
s>            ( - -4.406e+03 1 0)))INFO: dtree.c(1315): Comp split 11
INFO: dtree.c(1478): Final simple tree
|( QUESTION11 -1 -4.013e+04 4.766e+02 1.699e+02
|    ( QUESTION2_15_L -1 -2.123e+04 1.950e+02 9.087e+01
|        ( - -7.556e+03 1 0)
|        ( QUESTION0_0_R 1 -1.348e+04 1.319e+02 5.851e+01
|            ( QUESTION2_0_L -1 -1.084e+04 1.372e+02 4.753e+01
|                ( - -4.784e+03 2 0)
|                ( - -5.917e+03 2 0))
|            ( - -2.508e+03 1 0)))
|    ( QUESTION0_9_R 1 -1.842e+04 2.556e+02 7.903e+01
|        ( WDBNDRY_E 0 -4.105e+03 1.879e+02 1.791e+01
|            ( - -2.711e+03 2 0)
|            ( - -1.206e+03 1 0))
|        ( QUESTION0_14_R 1 -1.406e+04 1.669e+02 6.112e+01
|            ( - -9.404e+03 1 0)
|            ( - -4.491e+03 2 0 QUESTION0 1 1.193e+02 1.999e+01))))
s>    ( QUESTION11 -1 -4.013e+04 4.766e+02 1.699e+02
s>        ( QUESTION2_15_L -1 -2.123e+04 1.950e+02 9.087e+01
s>            ( - -7.556e+03 1 0)
s>            ( QUESTION0_0_R 1 -1.348e+04 1.319e+02 5.851e+01
s>                ( QUESTION2_0_L -1 -1.084e+04 1.372e+02 4.753e+01
s>                    ( - -4.784e+03 2 0)
s>                    ( - -5.917e+03 2 0))
s>                ( - -2.508e+03 1 0)))
s>        ( QUESTION0_9_R 1 -1.842e+04 2.556e+02 7.903e+01
s>            ( WDBNDRY_E 0 -4.105e+03 1.879e+02 1.791e+01
s>                ( - -2.711e+03 2 0)
s>                ( - -1.206e+03 1 0))
s>            ( QUESTION0_14_R 1 -1.406e+04 1.669e+02 6.112e+01
s>                ( - -9.404e+03 1 0)
s>                ( - -4.491e+03 2 0 QUESTION0 1 1.193e+02 1.999e+01))))INFO: dtree.c(1478): Final simple tree
|( QUESTION0_2_R 1 -9.283e+04 4.807e+02 3.977e+02
|    ( - 2.427e+02 1 0)
|    ( QUESTION11 -1 -9.260e+04 4.027e+02 3.967e+02
|        ( QUESTION11 1 -6.643e+04 2.220e+02 2.841e+02
|            ( QUESTION0_11_R 1 -2.190e+04 1.781e+02 9.057e+01
|                ( - -1.410e+04 1 0)
|                ( - -7.623e+03 2 0 WDBNDRY_E 0 1.406e+02 3.171e+01))
|            ( QUESTION0_14_R 1 -4.431e+04 2.029e+02 1.935e+02
|                ( - -2.116e+04 2 0 WDBNDRY_E 0 1.429e+02 9.048e+01)
|                ( WDBNDRY_E 0 -2.295e+04 1.438e+02 1.031e+02
|                    ( - -1.121e+04 1 0)
|                    ( - -1.160e+04 1 0))))
|        ( WDBNDRY_B 0 -2.576e+04 2.075e+02 1.126e+02
|            ( - -2.774e+03 1 0)
|            ( - -2.278e+04 2 0))))
s>    ( QUESTION0_2_R 1 -9.283e+04 4.807e+02 3.977e+02
s>        ( - 2.427e+02 1 0)
s>        ( QUESTION11 -1 -9.260e+04 4.027e+02 3.967e+02
s>            ( QUESTION11 1 -6.643e+04 2.220e+02 2.841e+02
s>                ( QUESTION0_11_R 1 -2.190e+04 1.781e+02 9.057e+01
s>                    ( - -1.410e+04 1 0)
s>                    ( - -7.623e+03 2 0 WDBNDRY_E 0 1.406e+02 3.171e+01))
s>                ( QUESTION0_14_R 1 -4.431e+04 2.029e+02 1.935e+02
s>                    ( - -2.116e+04 2 0 WDBNDRY_E 0 1.429e+02 9.048e+01)
s>                    ( WDBNDRY_E 0 -2.295e+04 1.438e+02 1.031e+02
s>                        ( - -1.121e+04 1 0)
s>                        ( - -1.160e+04 1 0))))
s>            ( WDBNDRY_B 0 -2.576e+04 2.075e+02 1.126e+02
s>                ( - -2.774e+03 1 0)
s>                ( - -2.278e+04 2 0))))INFO: dtree.c(1315): Comp split 12
INFO: dtree.c(1439): stop. leaf nodes are specific
INFO: dtree.c(1478): Final simple tree
|( QUESTION16 -1 -8.758e+04 9.607e+01 3.649e+02
|    ( - -6.707e+04 1 0)
|    ( - -2.041e+04 1 0))
s>    ( QUESTION16 -1 -8.758e+04 9.607e+01 3.649e+02
s>        ( - -6.707e+04 1 0)
s>        ( - -2.041e+04 1 0))INFO: dtree.c(1315): Comp split 13
INFO: dtree.c(1439): stop. leaf nodes are specific
INFO: dtree.c(1478): Final simple tree
|( QUESTION0_9_R 1 -3.071e+04 3.864e+02 1.336e+02
|    ( - -5.307e+03 1 0)
|    ( QUESTION0_0_R 1 -2.502e+04 1.958e+02 1.080e+02
|        ( QUESTION0_1_R 1 -5.923e+03 1.160e+02 2.625e+01
|            ( - -5.033e+03 1 0)
|            ( - -7.741e+02 1 0))
|        ( QUESTION2_0_L -1 -1.890e+04 1.545e+02 8.176e+01
|            ( - -7.953e+03 1 0)
|            ( - -1.079e+04 2 0))))
s>    ( QUESTION0_9_R 1 -3.071e+04 3.864e+02 1.336e+02
s>        ( - -5.307e+03 1 0)
s>        ( QUESTION0_0_R 1 -2.502e+04 1.958e+02 1.080e+02
s>            ( QUESTION0_1_R 1 -5.923e+03 1.160e+02 2.625e+01
s>                ( - -5.033e+03 1 0)
s>                ( - -7.741e+02 1 0))
s>            ( QUESTION2_0_L -1 -1.890e+04 1.545e+02 8.176e+01
s>                ( - -7.953e+03 1 0)
s>                ( - -1.079e+04 2 0))))INFO: dtree.c(1439): stop. leaf nodes are specific
INFO: dtree.c(1478): Final simple tree
|( QUESTION0_0_R 1 -1.391e+05 4.159e+02 5.966e+02
|    ( QUESTION10 1 -6.498e+04 2.174e+02 2.791e+02
|        ( - -5.277e+04 1 0)
|        ( - -1.199e+04 1 0))
|    ( QUESTION0_9_R 1 -7.373e+04 1.105e+02 3.175e+02
|        ( - -2.198e+03 1 0)
|        ( - -7.142e+04 1 0)))
s>    ( QUESTION0_0_R 1 -1.391e+05 4.159e+02 5.966e+02
s>        ( QUESTION10 1 -6.498e+04 2.174e+02 2.791e+02
s>            ( - -5.277e+04 1 0)
s>            ( - -1.199e+04 1 0))
s>        ( QUESTION0_9_R 1 -7.373e+04 1.105e+02 3.175e+02
s>            ( - -2.198e+03 1 0)
s>            ( - -7.142e+04 1 0)))INFO: dtree.c(1315): Comp split 14
INFO: dtree.c(1439): stop. leaf nodes are specific
INFO: dtree.c(1478): Final simple tree
|( QUESTION0_0_R 1 -1.070e+05 2.282e+02 4.199e+02
|    ( WDBNDRY_E 0 -1.051e+05 8.404e+01 4.119e+02
|        ( - -1.036e+05 6 0)
|        ( - -1.365e+03 1 0))
|    ( QUESTION14 1 -1.680e+03 1.332e+02 8.000e+00
|        ( - -9.740e+02 1 0)
|        ( - -5.723e+02 1 0)))
s>    ( QUESTION0_0_R 1 -1.070e+05 2.282e+02 4.199e+02
s>        ( WDBNDRY_E 0 -1.051e+05 8.404e+01 4.119e+02
s>            ( - -1.036e+05 6 0)
s>            ( - -1.365e+03 1 0))
s>        ( QUESTION14 1 -1.680e+03 1.332e+02 8.000e+00
s>            ( - -9.740e+02 1 0)
s>            ( - -5.723e+02 1 0)))INFO: dtree.c(1315): Comp split 15
INFO: dtree.c(1439): stop. leaf nodes are specific
INFO: dtree.c(1478): Final simple tree
|( QUESTION2_0_L -1 -4.845e+04 2.951e+02 1.904e+02
|    ( - -1.509e+04 1 0)
|    ( - -3.307e+04 1 0))
s>    ( QUESTION2_0_L -1 -4.845e+04 2.951e+02 1.904e+02
s>        ( - -1.509e+04 1 0)
s>        ( - -3.307e+04 1 0))INFO: dtree.c(1315): Comp split 16
INFO: dtree.c(1439): stop. leaf nodes are specific
INFO: dtree.c(1478): Final simple tree
|( QUESTION0_0_R 1 -4.202e+04 2.263e+02 1.843e+02
|    ( - -1.080e+04 1 0)
|    ( WDBNDRY_E 0 -3.099e+04 1.878e+02 1.343e+02
|        ( QUESTION0_16_R 1 -9.749e+03 1.143e+02 4.339e+01
|            ( - -8.155e+03 1 0)
|            ( - -1.480e+03 1 0))
|        ( QUESTION14 1 -2.105e+04 2.208e+02 9.090e+01
|            ( - -2.058e+04 1 0)
|            ( - -2.530e+02 1 0))))
s>    ( QUESTION0_0_R 1 -4.202e+04 2.263e+02 1.843e+02
s>        ( - -1.080e+04 1 0)
s>        ( WDBNDRY_E 0 -3.099e+04 1.878e+02 1.343e+02
s>            ( QUESTION0_16_R 1 -9.749e+03 1.143e+02 4.339e+01
s>                ( - -8.155e+03 1 0)
s>                ( - -1.480e+03 1 0))
s>            ( QUESTION14 1 -2.105e+04 2.208e+02 9.090e+01
s>                ( - -2.058e+04 1 0)
s>                ( - -2.530e+02 1 0))))INFO: dtree.c(1478): Final simple tree
|( QUESTION2_10_L -1 -8.382e+04 3.574e+02 3.558e+02
|    ( - -5.865e+03 1 0)
|    ( QUESTION10 -1 -7.760e+04 3.410e+02 3.298e+02
|        ( QUESTION0_3_R 1 -1.257e+04 4.743e+02 5.413e+01
|            ( - 1.585e+02 1 0)
|            ( - -1.226e+04 3 0 QUESTION0_15_R 1 1.795e+02 5.313e+01))
|        ( QUESTION0_9_R 1 -6.468e+04 2.682e+02 2.756e+02
|            ( - -2.105e+03 1 0)
|            ( WDBNDRY_E 0 -6.231e+04 2.590e+02 2.656e+02
|                ( QUESTION0_3_R 1 -5.408e+04 2.762e+02 2.299e+02
|                    ( QUESTION12 -1 -1.504e+04 2.500e+02 6.409e+01
|                        ( - -5.090e+03 1 0)
|                        ( - -9.703e+03 3 0 QUESTION14 -1 2.071e+02 3.979e+01))
|                    ( - -3.876e+04 12 0 QUESTION16 -1 2.067e+02 1.658e+02))
|                ( - -7.973e+03 4 0 WDBNDRY_B 0 1.379e+02 3.572e+01)))))
s>    ( QUESTION2_10_L -1 -8.382e+04 3.574e+02 3.558e+02
s>        ( - -5.865e+03 1 0)
s>        ( QUESTION10 -1 -7.760e+04 3.410e+02 3.298e+02
s>            ( QUESTION0_3_R 1 -1.257e+04 4.743e+02 5.413e+01
s>                ( - 1.585e+02 1 0)
s>                ( - -1.226e+04 3 0 QUESTION0_15_R 1 1.795e+02 5.313e+01))
s>            ( QUESTION0_9_R 1 -6.468e+04 2.682e+02 2.756e+02
s>                ( - -2.105e+03 1 0)
s>                ( WDBNDRY_E 0 -6.231e+04 2.590e+02 2.656e+02
s>                    ( QUESTION0_3_R 1 -5.408e+04 2.762e+02 2.299e+02
s>                        ( QUESTION12 -1 -1.504e+04 2.500e+02 6.409e+01
s>                            ( - -5.090e+03 1 0)
s>                            ( - -9.703e+03 3 0 QUESTION14 -1 2.071e+02 3.979e+01))
s>                        ( - -3.876e+04 12 0 QUESTION16 -1 2.067e+02 1.658e+02))
s>                    ( - -7.973e+03 4 0 WDBNDRY_B 0 1.379e+02 3.572e+01)))))INFO: dtree.c(1315): Comp split 17
INFO: dtree.c(1478): Final simple tree
|( WDBNDRY_E 0 -6.353e+04 3.229e+02 2.687e+02
|    ( QUESTION0_9_R 1 -5.201e+04 2.601e+02 2.196e+02
|        ( - -2.105e+03 1 0)
|        ( QUESTION14 -1 -4.965e+04 2.324e+02 2.096e+02
|            ( - -4.694e+03 1 0)
|            ( QUESTION12 -1 -4.472e+04 1.941e+02 1.908e+02
|                ( - -1.999e+04 4 0 QUESTION10 1 1.545e+02 8.543e+01)
|                ( QUESTION2_14_L -1 -2.454e+04 1.731e+02 1.054e+02
|                    ( - -1.267e+04 4 0 QUESTION0_1_R 1 1.475e+02 5.439e+01)
|                    ( QUESTION0_1_R 1 -1.169e+04 1.867e+02 5.100e+01
|                        ( - -1.771e+03 2 0 QUESTION10 1 1.564e+02 8.000e+00)
|                        ( QUESTION0_0_R 1 -9.737e+03 1.685e+02 4.300e+01
|                            ( - -5.343e+03 3 0 QUESTION0_3_R 1 1.329e+02 2.300e+01)
|                            ( - -4.226e+03 3 0 QUESTION0_14_R 1 1.399e+02 2.000e+01)))))))
|    ( - -1.120e+04 1 0))
s>    ( WDBNDRY_E 0 -6.353e+04 3.229e+02 2.687e+02
s>        ( QUESTION0_9_R 1 -5.201e+04 2.601e+02 2.196e+02
s>            ( - -2.105e+03 1 0)
s>            ( QUESTION14 -1 -4.965e+04 2.324e+02 2.096e+02
s>                ( - -4.694e+03 1 0)
s>                ( QUESTION12 -1 -4.472e+04 1.941e+02 1.908e+02
s>                    ( - -1.999e+04 4 0 QUESTION10 1 1.545e+02 8.543e+01)
s>                    ( QUESTION2_14_L -1 -2.454e+04 1.731e+02 1.054e+02
s>                        ( - -1.267e+04 4 0 QUESTION0_1_R 1 1.475e+02 5.439e+01)
s>                        ( QUESTION0_1_R 1 -1.169e+04 1.867e+02 5.100e+01
s>                            ( - -1.771e+03 2 0 QUESTION10 1 1.564e+02 8.000e+00)
s>                            ( QUESTION0_0_R 1 -9.737e+03 1.685e+02 4.300e+01
s>                                ( - -5.343e+03 3 0 QUESTION0_3_R 1 1.329e+02 2.300e+01)
s>                                ( - -4.226e+03 3 0 QUESTION0_14_R 1 1.399e+02 2.000e+01)))))))
s>        ( - -1.120e+04 1 0))INFO: dtree.c(1439): stop. leaf nodes are specific
INFO: dtree.c(1478): Final simple tree
|( QUESTION2_11_L -1 -1.974e+04 4.544e+02 8.705e+01
|    ( - 1.585e+02 1 0)
|    ( QUESTION10 -1 -1.945e+04 3.260e+02 8.605e+01
|        ( - -5.865e+03 1 0)
|        ( WDBNDRY_E 0 -1.326e+04 1.940e+02 6.003e+01
|            ( - -5.090e+03 1 0)
|            ( WDBNDRY_B 0 -7.973e+03 1.379e+02 3.572e+01
|                ( - -1.225e+03 1 0)
|                ( QUESTION0_14_R 1 -6.610e+03 1.258e+02 2.972e+01
|                    ( - -4.810e+03 2 0)
|                    ( - -1.674e+03 1 0))))))
s>    ( QUESTION2_11_L -1 -1.974e+04 4.544e+02 8.705e+01
s>        ( - 1.585e+02 1 0)
s>        ( QUESTION10 -1 -1.945e+04 3.260e+02 8.605e+01
s>            ( - -5.865e+03 1 0)
s>            ( WDBNDRY_E 0 -1.326e+04 1.940e+02 6.003e+01
s>                ( - -5.090e+03 1 0)
s>                ( WDBNDRY_B 0 -7.973e+03 1.379e+02 3.572e+01
s>                    ( - -1.225e+03 1 0)
s>                    ( QUESTION0_14_R 1 -6.610e+03 1.258e+02 2.972e+01
s>                        ( - -4.810e+03 2 0)
s>                        ( - -1.674e+03 1 0))))))INFO: dtree.c(1315): Comp split 18
INFO: dtree.c(1478): Final simple tree
|( QUESTION0_14_R 1 -2.846e+05 1.917e+02 1.197e+03
|    ( - -1.004e+05 7 0)
|    ( QUESTION9 1 -1.840e+05 1.579e+02 7.827e+02
|        ( WDBNDRY_E 0 -9.147e+04 1.338e+02 3.848e+02
|            ( QUESTION0_17_R 1 -8.607e+04 1.155e+02 3.619e+02
|                ( - -1.315e+03 1 0)
|                ( QUESTION15 1 -8.464e+04 1.376e+02 3.559e+02
|                    ( - -1.922e+03 1 0)
|                    ( QUESTION0_0_R 1 -8.258e+04 1.125e+02 3.469e+02
|                        ( - -7.724e+04 3 0)
|                        ( - -5.227e+03 2 0))))
|            ( - -5.258e+03 2 0))
|        ( QUESTION0_0_R 1 -9.241e+04 1.442e+02 3.979e+02
|            ( - -8.831e+04 3 0)
|            ( - -3.951e+03 1 0))))
s>    ( QUESTION0_14_R 1 -2.846e+05 1.917e+02 1.197e+03
s>        ( - -1.004e+05 7 0)
s>        ( QUESTION9 1 -1.840e+05 1.579e+02 7.827e+02
s>            ( WDBNDRY_E 0 -9.147e+04 1.338e+02 3.848e+02
s>                ( QUESTION0_17_R 1 -8.607e+04 1.155e+02 3.619e+02
s>                    ( - -1.315e+03 1 0)
s>                    ( QUESTION15 1 -8.464e+04 1.376e+02 3.559e+02
s>                        ( - -1.922e+03 1 0)
s>                        ( QUESTION0_0_R 1 -8.258e+04 1.125e+02 3.469e+02
s>                            ( - -7.724e+04 3 0)
s>                            ( - -5.227e+03 2 0))))
s>                ( - -5.258e+03 2 0))
s>            ( QUESTION0_0_R 1 -9.241e+04 1.442e+02 3.979e+02
s>                ( - -8.831e+04 3 0)
s>                ( - -3.951e+03 1 0))))INFO: dtree.c(1439): stop. leaf nodes are specific
INFO: dtree.c(1478): Final simple tree
|( QUESTION0_0_R 1 -1.902e+05 2.651e+02 8.127e+02
|    ( WDBNDRY_E 0 -6.126e+04 2.275e+02 2.610e+02
|        ( - -5.631e+04 8 0)
|        ( - -4.723e+03 2 0))
|    ( - -1.287e+05 6 0))
s>    ( QUESTION0_0_R 1 -1.902e+05 2.651e+02 8.127e+02
s>        ( WDBNDRY_E 0 -6.126e+04 2.275e+02 2.610e+02
s>            ( - -5.631e+04 8 0)
s>            ( - -4.723e+03 2 0))
s>        ( - -1.287e+05 6 0))INFO: dtree.c(1315): Comp split 19
INFO: dtree.c(1478): Final simple tree
|( QUESTION11 -1 -9.260e+04 4.027e+02 3.967e+02
|    ( QUESTION11 1 -6.643e+04 2.220e+02 2.841e+02
|        ( QUESTION0_11_R 1 -2.190e+04 1.781e+02 9.057e+01
|            ( - -1.410e+04 1 0)
|            ( - -7.623e+03 2 0 WDBNDRY_E 0 1.406e+02 3.171e+01))
|        ( QUESTION0_14_R 1 -4.431e+04 2.029e+02 1.935e+02
|            ( WDBNDRY_E 0 -2.116e+04 1.429e+02 9.048e+01
|                ( - -6.367e+03 1 0)
|                ( - -1.465e+04 1 0))
|            ( WDBNDRY_E 0 -2.295e+04 1.438e+02 1.031e+02
|                ( - -1.121e+04 1 0)
|                ( - -1.160e+04 1 0))))
|    ( WDBNDRY_B 0 -2.576e+04 2.075e+02 1.126e+02
|        ( - -2.774e+03 1 0)
|        ( - -2.278e+04 2 0)))
s>    ( QUESTION11 -1 -9.260e+04 4.027e+02 3.967e+02
s>        ( QUESTION11 1 -6.643e+04 2.220e+02 2.841e+02
s>            ( QUESTION0_11_R 1 -2.190e+04 1.781e+02 9.057e+01
s>                ( - -1.410e+04 1 0)
s>                ( - -7.623e+03 2 0 WDBNDRY_E 0 1.406e+02 3.171e+01))
s>            ( QUESTION0_14_R 1 -4.431e+04 2.029e+02 1.935e+02
s>                ( WDBNDRY_E 0 -2.116e+04 1.429e+02 9.048e+01
s>                    ( - -6.367e+03 1 0)
s>                    ( - -1.465e+04 1 0))
s>                ( WDBNDRY_E 0 -2.295e+04 1.438e+02 1.031e+02
s>                    ( - -1.121e+04 1 0)
s>                    ( - -1.160e+04 1 0))))
s>        ( WDBNDRY_B 0 -2.576e+04 2.075e+02 1.126e+02
s>            ( - -2.774e+03 1 0)
s>            ( - -2.278e+04 2 0)))INFO: dtree.c(1315): Comp split 20
INFO: dtree.c(1439): stop. leaf nodes are specific
INFO: dtree.c(1478): Final simple tree
|( QUESTION0_9_R 1 -1.842e+04 2.556e+02 7.903e+01
|    ( WDBNDRY_E 0 -4.105e+03 1.879e+02 1.791e+01
|        ( - -2.711e+03 2 0)
|        ( - -1.206e+03 1 0))
|    ( QUESTION0_14_R 1 -1.406e+04 1.669e+02 6.112e+01
|        ( - -9.404e+03 1 0)
|        ( QUESTION0 1 -4.491e+03 1.193e+02 1.999e+01
|            ( - -3.100e+03 1 0)
|            ( - -1.272e+03 1 0))))
s>    ( QUESTION0_9_R 1 -1.842e+04 2.556e+02 7.903e+01
s>        ( WDBNDRY_E 0 -4.105e+03 1.879e+02 1.791e+01
s>            ( - -2.711e+03 2 0)
s>            ( - -1.206e+03 1 0))
s>        ( QUESTION0_14_R 1 -1.406e+04 1.669e+02 6.112e+01
s>            ( - -9.404e+03 1 0)
s>            ( QUESTION0 1 -4.491e+03 1.193e+02 1.999e+01
s>                ( - -3.100e+03 1 0)
s>                ( - -1.272e+03 1 0))))INFO: dtree.c(1439): stop. leaf nodes are specific
INFO: dtree.c(1478): Final simple tree
|( QUESTION2_15_L -1 -2.123e+04 1.950e+02 9.087e+01
|    ( - -7.556e+03 1 0)
|    ( QUESTION0_0_R 1 -1.348e+04 1.319e+02 5.851e+01
|        ( QUESTION2_0_L -1 -1.084e+04 1.372e+02 4.753e+01
|            ( - -4.784e+03 2 0)
|            ( - -5.917e+03 2 0))
|        ( - -2.508e+03 1 0)))
s>    ( QUESTION2_15_L -1 -2.123e+04 1.950e+02 9.087e+01
s>        ( - -7.556e+03 1 0)
s>        ( QUESTION0_0_R 1 -1.348e+04 1.319e+02 5.851e+01
s>            ( QUESTION2_0_L -1 -1.084e+04 1.372e+02 4.753e+01
s>                ( - -4.784e+03 2 0)
s>                ( - -5.917e+03 2 0))
s>            ( - -2.508e+03 1 0)))INFO: dtree.c(1315): Comp split 21
INFO: dtree.c(1439): stop. leaf nodes are specific
INFO: dtree.c(1478): Final simple tree
|( QUESTION10 -1 -1.945e+04 3.260e+02 8.605e+01
|    ( - -5.865e+03 1 0)
|    ( WDBNDRY_E 0 -1.326e+04 1.940e+02 6.003e+01
|        ( - -5.090e+03 1 0)
|        ( WDBNDRY_B 0 -7.973e+03 1.379e+02 3.572e+01
|            ( - -1.225e+03 1 0)
|            ( QUESTION0_14_R 1 -6.610e+03 1.258e+02 2.972e+01
|                ( - -4.810e+03 2 0)
|                ( - -1.674e+03 1 0)))))
s>    ( QUESTION10 -1 -1.945e+04 3.260e+02 8.605e+01
s>        ( - -5.865e+03 1 0)
s>        ( WDBNDRY_E 0 -1.326e+04 1.940e+02 6.003e+01
s>            ( - -5.090e+03 1 0)
s>            ( WDBNDRY_B 0 -7.973e+03 1.379e+02 3.572e+01
s>                ( - -1.225e+03 1 0)
s>                ( QUESTION0_14_R 1 -6.610e+03 1.258e+02 2.972e+01
s>                    ( - -4.810e+03 2 0)
s>                    ( - -1.674e+03 1 0)))))INFO: dtree.c(1315): Comp split 22
INFO: dtree.c(1439): stop. leaf nodes are specific
INFO: dtree.c(1478): Final simple tree
|( QUESTION2_0_L -1 -2.755e+04 2.635e+02 1.254e+02
|    ( QUESTION0_0_R 1 -6.011e+03 1.624e+02 2.960e+01
|        ( - -4.792e+03 1 0)
|        ( - -1.057e+03 1 0))
|    ( QUESTION0 -1 -2.127e+04 1.762e+02 9.577e+01
|        ( QUESTION0_0_R 1 -4.192e+03 1.885e+02 1.891e+01
|            ( - -2.600e+03 1 0)
|            ( - -1.404e+03 1 0))
|        ( QUESTION10 1 -1.691e+04 1.614e+02 7.686e+01
|            ( - -8.957e+03 1 0)
|            ( - -7.787e+03 1 0))))
s>    ( QUESTION2_0_L -1 -2.755e+04 2.635e+02 1.254e+02
s>        ( QUESTION0_0_R 1 -6.011e+03 1.624e+02 2.960e+01
s>            ( - -4.792e+03 1 0)
s>            ( - -1.057e+03 1 0))
s>        ( QUESTION0 -1 -2.127e+04 1.762e+02 9.577e+01
s>            ( QUESTION0_0_R 1 -4.192e+03 1.885e+02 1.891e+01
s>                ( - -2.600e+03 1 0)
s>                ( - -1.404e+03 1 0))
s>            ( QUESTION10 1 -1.691e+04 1.614e+02 7.686e+01
s>                ( - -8.957e+03 1 0)
s>                ( - -7.787e+03 1 0))))INFO: dtree.c(1439): stop. leaf nodes are specific
INFO: dtree.c(1478): Final simple tree
|( WDBNDRY_E 0 -5.762e+04 1.962e+02 2.484e+02
|    ( QUESTION0_0_R 1 -1.264e+04 1.275e+02 5.495e+01
|        ( QUESTION0_3_R 1 -1.011e+04 1.231e+02 4.401e+01
|            ( - -9.678e+03 2 0)
|            ( - -3.055e+02 1 0))
|        ( - -2.408e+03 1 0))
|    ( QUESTION0_9_R 1 -4.478e+04 1.660e+02 1.935e+02
|        ( - -1.643e+03 1 0)
|        ( - -4.297e+04 3 0)))
s>    ( WDBNDRY_E 0 -5.762e+04 1.962e+02 2.484e+02
s>        ( QUESTION0_0_R 1 -1.264e+04 1.275e+02 5.495e+01
s>            ( QUESTION0_3_R 1 -1.011e+04 1.231e+02 4.401e+01
s>                ( - -9.678e+03 2 0)
s>                ( - -3.055e+02 1 0))
s>            ( - -2.408e+03 1 0))
s>        ( QUESTION0_9_R 1 -4.478e+04 1.660e+02 1.935e+02
s>            ( - -1.643e+03 1 0)
s>            ( - -4.297e+04 3 0)))INFO: dtree.c(1315): Comp split 23
INFO: dtree.c(1439): stop. leaf nodes are specific
INFO: dtree.c(1478): Final simple tree
|( QUESTION0_9_R 1 -7.373e+04 1.105e+02 3.175e+02
|    ( - -2.198e+03 1 0)
|    ( - -7.142e+04 1 0))
s>    ( QUESTION0_9_R 1 -7.373e+04 1.105e+02 3.175e+02
s>        ( - -2.198e+03 1 0)
s>        ( - -7.142e+04 1 0))INFO: dtree.c(1439): stop. leaf nodes are specific
INFO: dtree.c(1478): Final simple tree
|( QUESTION10 1 -6.498e+04 2.174e+02 2.791e+02
|    ( - -5.277e+04 1 0)
|    ( - -1.199e+04 1 0))
s>    ( QUESTION10 1 -6.498e+04 2.174e+02 2.791e+02
s>        ( - -5.277e+04 1 0)
s>        ( - -1.199e+04 1 0))INFO: dtree.c(1315): Comp split 24
INFO: dtree.c(1439): stop. leaf nodes are specific
INFO: dtree.c(1478): Final simple tree
|( QUESTION0_9_R 1 -3.757e+04 2.176e+02 1.652e+02
|    ( - -2.278e+04 2 0)
|    ( WDBNDRY_B 0 -1.457e+04 1.943e+02 6.663e+01
|        ( - -2.774e+03 1 0)
|        ( - -1.160e+04 1 0)))
s>    ( QUESTION0_9_R 1 -3.757e+04 2.176e+02 1.652e+02
s>        ( - -2.278e+04 2 0)
s>        ( WDBNDRY_B 0 -1.457e+04 1.943e+02 6.663e+01
s>            ( - -2.774e+03 1 0)
s>            ( - -1.160e+04 1 0)))INFO: dtree.c(1439): stop. leaf nodes are specific
INFO: dtree.c(1478): Final simple tree
|( QUESTION0_11_R 1 -5.462e+04 2.029e+02 2.315e+02
|    ( - -1.410e+04 1 0)
|    ( QUESTION11 1 -4.032e+04 1.749e+02 1.726e+02
|        ( WDBNDRY_E 0 -7.623e+03 1.406e+02 3.171e+01
|            ( - -1.027e+03 1 0)
|            ( - -6.456e+03 1 0))
|        ( WDBNDRY_E 0 -3.252e+04 1.645e+02 1.409e+02
|            ( QUESTION0_0_R 1 -1.771e+04 1.304e+02 7.889e+01
|                ( - -1.121e+04 1 0)
|                ( - -6.367e+03 1 0))
|            ( - -1.465e+04 1 0))))
s>    ( QUESTION0_11_R 1 -5.462e+04 2.029e+02 2.315e+02
s>        ( - -1.410e+04 1 0)
s>        ( QUESTION11 1 -4.032e+04 1.749e+02 1.726e+02
s>            ( WDBNDRY_E 0 -7.623e+03 1.406e+02 3.171e+01
s>                ( - -1.027e+03 1 0)
s>                ( - -6.456e+03 1 0))
s>            ( WDBNDRY_E 0 -3.252e+04 1.645e+02 1.409e+02
s>                ( QUESTION0_0_R 1 -1.771e+04 1.304e+02 7.889e+01
s>                    ( - -1.121e+04 1 0)
s>                    ( - -6.367e+03 1 0))
s>                ( - -1.465e+04 1 0))))INFO: dtree.c(1315): Comp split 25
INFO: dtree.c(1439): stop. leaf nodes are specific
INFO: dtree.c(1478): Final simple tree
|( QUESTION0 -1 -3.478e+05 2.758e+02 1.399e+03
|    ( - -3.225e+05 3 0)
|    ( - -2.503e+04 1 0))
s>    ( QUESTION0 -1 -3.478e+05 2.758e+02 1.399e+03
s>        ( - -3.225e+05 3 0)
s>        ( - -2.503e+04 1 0))INFO: dtree.c(1315): Comp split 26
INFO: dtree.c(1439): stop. leaf nodes are specific
INFO: dtree.c(1478): Final simple tree
|( QUESTION0_0_R 1 -2.502e+04 1.958e+02 1.080e+02
|    ( QUESTION0_1_R 1 -5.923e+03 1.160e+02 2.625e+01
|        ( - -5.033e+03 1 0)
|        ( - -7.741e+02 1 0))
|    ( QUESTION2_0_L -1 -1.890e+04 1.545e+02 8.176e+01
|        ( - -7.953e+03 1 0)
|        ( - -1.079e+04 2 0)))
s>    ( QUESTION0_0_R 1 -2.502e+04 1.958e+02 1.080e+02
s>        ( QUESTION0_1_R 1 -5.923e+03 1.160e+02 2.625e+01
s>            ( - -5.033e+03 1 0)
s>            ( - -7.741e+02 1 0))
s>        ( QUESTION2_0_L -1 -1.890e+04 1.545e+02 8.176e+01
s>            ( - -7.953e+03 1 0)
s>            ( - -1.079e+04 2 0)))INFO: dtree.c(1315): Comp split 27
INFO: dtree.c(1478): Final simple tree
|( QUESTION14 -1 -4.325e+04 2.347e+02 1.816e+02
|    ( - -4.694e+03 1 0)
|    ( QUESTION12 -1 -3.832e+04 1.861e+02 1.628e+02
|        ( QUESTION10 1 -1.999e+04 1.545e+02 8.543e+01
|            ( - -2.132e+03 1 0)
|            ( - -1.771e+04 3 0 QUESTION0_1_R 1 7.816e+01 7.578e+01))
|        ( QUESTION0_1_R 1 -1.814e+04 1.514e+02 7.739e+01
|            ( - -3.710e+03 1 0)
|            ( QUESTION0_15_R 1 -1.428e+04 1.407e+02 6.137e+01
|                ( - -5.812e+02 1 0)
|                ( QUESTION10 -1 -1.356e+04 1.340e+02 5.837e+01
|                    ( - -4.085e+02 1 0)
|                    ( QUESTION0_4_R 1 -1.302e+04 1.226e+02 5.637e+01
|                        ( - -1.448e+03 1 0)
|                        ( - -1.145e+04 3 0 QUESTION0_0_R 1 1.191e+02 4.937e+01)))))))
s>    ( QUESTION14 -1 -4.325e+04 2.347e+02 1.816e+02
s>        ( - -4.694e+03 1 0)
s>        ( QUESTION12 -1 -3.832e+04 1.861e+02 1.628e+02
s>            ( QUESTION10 1 -1.999e+04 1.545e+02 8.543e+01
s>                ( - -2.132e+03 1 0)
s>                ( - -1.771e+04 3 0 QUESTION0_1_R 1 7.816e+01 7.578e+01))
s>            ( QUESTION0_1_R 1 -1.814e+04 1.514e+02 7.739e+01
s>                ( - -3.710e+03 1 0)
s>                ( QUESTION0_15_R 1 -1.428e+04 1.407e+02 6.137e+01
s>                    ( - -5.812e+02 1 0)
s>                    ( QUESTION10 -1 -1.356e+04 1.340e+02 5.837e+01
s>                        ( - -4.085e+02 1 0)
s>                        ( QUESTION0_4_R 1 -1.302e+04 1.226e+02 5.637e+01
s>                            ( - -1.448e+03 1 0)
s>                            ( - -1.145e+04 3 0 QUESTION0_0_R 1 1.191e+02 4.937e+01)))))))INFO: dtree.c(1439): stop. leaf nodes are specific
INFO: dtree.c(1478): Final simple tree
|( WDBNDRY_E 0 -1.993e+04 2.726e+02 8.713e+01
|    ( QUESTION0_0_R 1 -8.467e+03 1.928e+02 3.800e+01
|        ( QUESTION10 1 -1.771e+03 1.564e+02 8.000e+00
|            ( - -7.945e+02 1 0)
|            ( - -8.199e+02 1 0))
|        ( QUESTION0_9_R 1 -6.503e+03 1.723e+02 3.000e+01
|            ( - -2.105e+03 1 0)
|            ( QUESTION0_14_R 1 -4.226e+03 1.399e+02 2.000e+01
|                ( - -3.761e+03 2 0)
|                ( - -3.250e+02 1 0))))
|    ( - -1.120e+04 1 0))
s>    ( WDBNDRY_E 0 -1.993e+04 2.726e+02 8.713e+01
s>        ( QUESTION0_0_R 1 -8.467e+03 1.928e+02 3.800e+01
s>            ( QUESTION10 1 -1.771e+03 1.564e+02 8.000e+00
s>                ( - -7.945e+02 1 0)
s>                ( - -8.199e+02 1 0))
s>            ( QUESTION0_9_R 1 -6.503e+03 1.723e+02 3.000e+01
s>                ( - -2.105e+03 1 0)
s>                ( QUESTION0_14_R 1 -4.226e+03 1.399e+02 2.000e+01
s>                    ( - -3.761e+03 2 0)
s>                    ( - -3.250e+02 1 0))))
s>        ( - -1.120e+04 1 0))INFO: dtree.c(1315): Comp split 28
INFO: dtree.c(1439): stop. leaf nodes are specific
INFO: dtree.c(1478): Final simple tree
|( WDBNDRY_E 0 -1.326e+04 1.940e+02 6.003e+01
|    ( - -5.090e+03 1 0)
|    ( WDBNDRY_B 0 -7.973e+03 1.379e+02 3.572e+01
|        ( - -1.225e+03 1 0)
|        ( QUESTION0_14_R 1 -6.610e+03 1.258e+02 2.972e+01
|            ( - -4.810e+03 2 0)
|            ( - -1.674e+03 1 0))))
s>    ( WDBNDRY_E 0 -1.326e+04 1.940e+02 6.003e+01
s>        ( - -5.090e+03 1 0)
s>        ( WDBNDRY_B 0 -7.973e+03 1.379e+02 3.572e+01
s>            ( - -1.225e+03 1 0)
s>            ( QUESTION0_14_R 1 -6.610e+03 1.258e+02 2.972e+01
s>                ( - -4.810e+03 2 0)
s>                ( - -1.674e+03 1 0))))INFO: dtree.c(1315): Comp split 29
INFO: dtree.c(1439): stop. leaf nodes are specific
INFO: dtree.c(1478): Final simple tree
|( QUESTION0_9_R 1 -6.503e+03 1.723e+02 3.000e+01
|    ( - -2.105e+03 1 0)
|    ( QUESTION0_14_R 1 -4.226e+03 1.399e+02 2.000e+01
|        ( - -3.761e+03 2 0)
|        ( - -3.250e+02 1 0)))
s>    ( QUESTION0_9_R 1 -6.503e+03 1.723e+02 3.000e+01
s>        ( - -2.105e+03 1 0)
s>        ( QUESTION0_14_R 1 -4.226e+03 1.399e+02 2.000e+01
s>            ( - -3.761e+03 2 0)
s>            ( - -3.250e+02 1 0)))INFO: dtree.c(1439): stop. leaf nodes are specific
INFO: dtree.c(1478): Final simple tree
|( QUESTION11 1 -1.311e+04 1.602e+02 5.713e+01
|    ( - -8.199e+02 1 0)
|    ( WDBNDRY_E 0 -1.213e+04 1.376e+02 5.313e+01
|        ( - -7.945e+02 1 0)
|        ( - -1.120e+04 1 0)))
s>    ( QUESTION11 1 -1.311e+04 1.602e+02 5.713e+01
s>        ( - -8.199e+02 1 0)
s>        ( WDBNDRY_E 0 -1.213e+04 1.376e+02 5.313e+01
s>            ( - -7.945e+02 1 0)
s>            ( - -1.120e+04 1 0)))INFO: dtree.c(1315): Comp split 30
INFO: dtree.c(1315): Comp split 31
INFO: dtree.c(1315): Comp split 32
INFO: dtree.c(1439): stop. leaf nodes are specific
INFO: dtree.c(1478): Final simple tree
|( WDBNDRY_E 0 -6.126e+04 2.275e+02 2.610e+02
|    ( - -5.631e+04 8 0)
|    ( - -4.723e+03 2 0))
s>    ( WDBNDRY_E 0 -6.126e+04 2.275e+02 2.610e+02
s>        ( - -5.631e+04 8 0)
s>        ( - -4.723e+03 2 0))INFO: dtree.c(1315): Comp split 33
INFO: dtree.c(1439): stop. leaf nodes are specific
INFO: dtree.c(1478): Final simple tree
|( QUESTION0 -1 -2.127e+04 1.762e+02 9.577e+01
|    ( QUESTION0_0_R 1 -4.192e+03 1.885e+02 1.891e+01
|        ( - -2.600e+03 1 0)
|        ( - -1.404e+03 1 0))
|    ( QUESTION10 1 -1.691e+04 1.614e+02 7.686e+01
|        ( - -8.957e+03 1 0)
|        ( - -7.787e+03 1 0)))
s>    ( QUESTION0 -1 -2.127e+04 1.762e+02 9.577e+01
s>        ( QUESTION0_0_R 1 -4.192e+03 1.885e+02 1.891e+01
s>            ( - -2.600e+03 1 0)
s>            ( - -1.404e+03 1 0))
s>        ( QUESTION10 1 -1.691e+04 1.614e+02 7.686e+01
s>            ( - -8.957e+03 1 0)
s>            ( - -7.787e+03 1 0)))INFO: dtree.c(1439): stop. leaf nodes are specific
INFO: dtree.c(1478): Final simple tree
|( QUESTION0_0_R 1 -6.011e+03 1.624e+02 2.960e+01
|    ( - -4.792e+03 1 0)
|    ( - -1.057e+03 1 0))
s>    ( QUESTION0_0_R 1 -6.011e+03 1.624e+02 2.960e+01
s>        ( - -4.792e+03 1 0)
s>        ( - -1.057e+03 1 0))INFO: dtree.c(1315): Comp split 34
INFO: dtree.c(1439): stop. leaf nodes are specific
INFO: dtree.c(1478): Final simple tree
|( QUESTION0_14_R 1 -1.406e+04 1.669e+02 6.112e+01
|    ( - -9.404e+03 1 0)
|    ( QUESTION0 1 -4.491e+03 1.193e+02 1.999e+01
|        ( - -3.100e+03 1 0)
|        ( - -1.272e+03 1 0)))
s>    ( QUESTION0_14_R 1 -1.406e+04 1.669e+02 6.112e+01
s>        ( - -9.404e+03 1 0)
s>        ( QUESTION0 1 -4.491e+03 1.193e+02 1.999e+01
s>            ( - -3.100e+03 1 0)
s>            ( - -1.272e+03 1 0)))INFO: dtree.c(1439): stop. leaf nodes are specific
INFO: dtree.c(1478): Final simple tree
|( WDBNDRY_E 0 -4.105e+03 1.879e+02 1.791e+01
|    ( - -2.711e+03 2 0)
|    ( - -1.206e+03 1 0))
s>    ( WDBNDRY_E 0 -4.105e+03 1.879e+02 1.791e+01
s>        ( - -2.711e+03 2 0)
s>        ( - -1.206e+03 1 0))INFO: dtree.c(1315): Comp split 35
INFO: dtree.c(1478): Final simple tree
|( QUESTION12 -1 -3.603e+04 1.803e+02 1.532e+02
|    ( QUESTION0_1_R 1 -1.771e+04 7.816e+01 7.578e+01
|        ( - -9.122e+03 2 0)
|        ( - -8.506e+03 1 0))
|    ( QUESTION0_1_R 1 -1.814e+04 1.514e+02 7.739e+01
|        ( - -3.710e+03 1 0)
|        ( QUESTION0_15_R 1 -1.428e+04 1.407e+02 6.137e+01
|            ( - -5.812e+02 1 0)
|            ( QUESTION10 -1 -1.356e+04 1.340e+02 5.837e+01
|                ( - -4.085e+02 1 0)
|                ( QUESTION0_4_R 1 -1.302e+04 1.226e+02 5.637e+01
|                    ( - -1.448e+03 1 0)
|                    ( QUESTION0_0_R 1 -1.145e+04 1.191e+02 4.937e+01
|                        ( - -4.802e+03 2 0)
|                        ( - -6.528e+03 1 0)))))))
s>    ( QUESTION12 -1 -3.603e+04 1.803e+02 1.532e+02
s>        ( QUESTION0_1_R 1 -1.771e+04 7.816e+01 7.578e+01
s>            ( - -9.122e+03 2 0)
s>            ( - -8.506e+03 1 0))
s>        ( QUESTION0_1_R 1 -1.814e+04 1.514e+02 7.739e+01
s>            ( - -3.710e+03 1 0)
s>            ( QUESTION0_15_R 1 -1.428e+04 1.407e+02 6.137e+01
s>                ( - -5.812e+02 1 0)
s>                ( QUESTION10 -1 -1.356e+04 1.340e+02 5.837e+01
s>                    ( - -4.085e+02 1 0)
s>                    ( QUESTION0_4_R 1 -1.302e+04 1.226e+02 5.637e+01
s>                        ( - -1.448e+03 1 0)
s>                        ( QUESTION0_0_R 1 -1.145e+04 1.191e+02 4.937e+01
s>                            ( - -4.802e+03 2 0)
s>                            ( - -6.528e+03 1 0)))))))INFO: dtree.c(1439): stop. leaf nodes are specific
INFO: dtree.c(1478): Final simple tree
|( QUESTION0_1_R 1 -6.980e+03 1.535e+02 2.844e+01
|    ( - -2.132e+03 1 0)
|    ( - -4.694e+03 1 0))
s>    ( QUESTION0_1_R 1 -6.980e+03 1.535e+02 2.844e+01
s>        ( - -2.132e+03 1 0)
s>        ( - -4.694e+03 1 0))INFO: dtree.c(1315): Comp split 36
INFO: dtree.c(1439): stop. leaf nodes are specific
INFO: dtree.c(1478): Final simple tree
|( QUESTION14 1 -1.680e+03 1.332e+02 8.000e+00
|    ( - -9.740e+02 1 0)
|    ( - -5.723e+02 1 0))
s>    ( QUESTION14 1 -1.680e+03 1.332e+02 8.000e+00
s>        ( - -9.740e+02 1 0)
s>        ( - -5.723e+02 1 0))INFO: dtree.c(1439): stop. leaf nodes are specific
INFO: dtree.c(1478): Final simple tree
|( WDBNDRY_E 0 -1.051e+05 8.404e+01 4.119e+02
|    ( - -1.036e+05 6 0)
|    ( - -1.365e+03 1 0))
s>    ( WDBNDRY_E 0 -1.051e+05 8.404e+01 4.119e+02
s>        ( - -1.036e+05 6 0)
s>        ( - -1.365e+03 1 0))INFO: dtree.c(1315): Comp split 37
INFO: dtree.c(1315): Comp split 38
INFO: dtree.c(1439): stop. leaf nodes are specific
INFO: dtree.c(1478): Final simple tree
|( WDBNDRY_E 0 -2.891e+04 1.743e+02 1.253e+02
|    ( - -8.155e+03 1 0)
|    ( - -2.058e+04 1 0))
s>    ( WDBNDRY_E 0 -2.891e+04 1.743e+02 1.253e+02
s>        ( - -8.155e+03 1 0)
s>        ( - -2.058e+04 1 0))INFO: dtree.c(1439): stop. leaf nodes are specific
INFO: dtree.c(1478): Final simple tree
|( WDBNDRY_E 0 -1.289e+04 2.187e+02 5.905e+01
|    ( QUESTION0_0_R 1 -1.241e+04 1.294e+02 5.705e+01
|        ( - -1.080e+04 1 0)
|        ( - -1.480e+03 1 0))
|    ( - -2.530e+02 1 0))
s>    ( WDBNDRY_E 0 -1.289e+04 2.187e+02 5.905e+01
s>        ( QUESTION0_0_R 1 -1.241e+04 1.294e+02 5.705e+01
s>            ( - -1.080e+04 1 0)
s>            ( - -1.480e+03 1 0))
s>        ( - -2.530e+02 1 0))INFO: dtree.c(1315): Comp split 39
INFO: dtree.c(1439): stop. leaf nodes are specific
INFO: dtree.c(1478): Final simple tree
|( QUESTION0_0_R 1 -1.241e+04 1.294e+02 5.705e+01
|    ( - -1.080e+04 1 0)
|    ( - -1.480e+03 1 0))
s>    ( QUESTION0_0_R 1 -1.241e+04 1.294e+02 5.705e+01
s>        ( - -1.080e+04 1 0)
s>        ( - -1.480e+03 1 0))INFO: dtree.c(1315): Comp split 40
INFO: dtree.c(1439): stop. leaf nodes are specific
INFO: dtree.c(1478): Final simple tree
|( WDBNDRY_B 0 -1.457e+04 1.943e+02 6.663e+01
|    ( - -2.774e+03 1 0)
|    ( - -1.160e+04 1 0))
s>    ( WDBNDRY_B 0 -1.457e+04 1.943e+02 6.663e+01
s>        ( - -2.774e+03 1 0)
s>        ( - -1.160e+04 1 0))INFO: dtree.c(1315): Comp split 41
INFO: dtree.c(1315): Comp split 42
INFO: dtree.c(1439): stop. leaf nodes are specific
INFO: dtree.c(1478): Final simple tree
|( QUESTION0 1 -1.772e+05 1.562e+02 7.538e+02
|    ( - -3.951e+03 1 0)
|    ( QUESTION15 1 -1.731e+05 1.473e+02 7.378e+02
|        ( - -1.922e+03 1 0)
|        ( QUESTION0_2_R 1 -1.710e+05 1.336e+02 7.288e+02
|            ( - -8.831e+04 3 0)
|            ( QUESTION0_0_R 1 -8.258e+04 1.125e+02 3.469e+02
|                ( - -7.724e+04 3 0)
|                ( - -5.227e+03 2 0)))))
s>    ( QUESTION0 1 -1.772e+05 1.562e+02 7.538e+02
s>        ( - -3.951e+03 1 0)
s>        ( QUESTION15 1 -1.731e+05 1.473e+02 7.378e+02
s>            ( - -1.922e+03 1 0)
s>            ( QUESTION0_2_R 1 -1.710e+05 1.336e+02 7.288e+02
s>                ( - -8.831e+04 3 0)
s>                ( QUESTION0_0_R 1 -8.258e+04 1.125e+02 3.469e+02
s>                    ( - -7.724e+04 3 0)
s>                    ( - -5.227e+03 2 0)))))INFO: dtree.c(1439): stop. leaf nodes are specific
INFO: dtree.c(1478): Final simple tree
|( QUESTION0_14_R 1 -1.072e+05 1.355e+02 4.429e+02
|    ( - -1.004e+05 7 0)
|    ( WDBNDRY_E 0 -6.674e+03 1.015e+02 2.896e+01
|        ( - -1.315e+03 1 0)
|        ( - -5.258e+03 2 0)))
s>    ( QUESTION0_14_R 1 -1.072e+05 1.355e+02 4.429e+02
s>        ( - -1.004e+05 7 0)
s>        ( WDBNDRY_E 0 -6.674e+03 1.015e+02 2.896e+01
s>            ( - -1.315e+03 1 0)
s>            ( - -5.258e+03 2 0)))INFO: dtree.c(1315): Comp split 43
INFO: dtree.c(1439): stop. leaf nodes are specific
INFO: dtree.c(1478): Final simple tree
|( QUESTION0_0_R 1 -2.547e+04 1.666e+02 1.093e+02
|    ( - -1.121e+04 1 0)
|    ( - -1.410e+04 1 0))
s>    ( QUESTION0_0_R 1 -2.547e+04 1.666e+02 1.093e+02
s>        ( - -1.121e+04 1 0)
s>        ( - -1.410e+04 1 0))INFO: dtree.c(1439): stop. leaf nodes are specific
INFO: dtree.c(1478): Final simple tree
|( QUESTION0_13_R 1 -2.894e+04 1.583e+02 1.222e+02
|    ( WDBNDRY_E 0 -2.116e+04 1.429e+02 9.048e+01
|        ( - -6.367e+03 1 0)
|        ( - -1.465e+04 1 0))
|    ( WDBNDRY_E 0 -7.623e+03 1.406e+02 3.171e+01
|        ( - -1.027e+03 1 0)
|        ( - -6.456e+03 1 0)))
s>    ( QUESTION0_13_R 1 -2.894e+04 1.583e+02 1.222e+02
s>        ( WDBNDRY_E 0 -2.116e+04 1.429e+02 9.048e+01
s>            ( - -6.367e+03 1 0)
s>            ( - -1.465e+04 1 0))
s>        ( WDBNDRY_E 0 -7.623e+03 1.406e+02 3.171e+01
s>            ( - -1.027e+03 1 0)
s>            ( - -6.456e+03 1 0)))INFO: dtree.c(1315): Comp split 44
INFO: dtree.c(1439): stop. leaf nodes are specific
INFO: dtree.c(1478): Final simple tree
|( QUESTION0_0_R 1 -1.264e+04 1.275e+02 5.495e+01
|    ( QUESTION0_3_R 1 -1.011e+04 1.231e+02 4.401e+01
|        ( - -9.678e+03 2 0)
|        ( - -3.055e+02 1 0))
|    ( - -2.408e+03 1 0))
s>    ( QUESTION0_0_R 1 -1.264e+04 1.275e+02 5.495e+01
s>        ( QUESTION0_3_R 1 -1.011e+04 1.231e+02 4.401e+01
s>            ( - -9.678e+03 2 0)
s>            ( - -3.055e+02 1 0))
s>        ( - -2.408e+03 1 0))INFO: dtree.c(1439): stop. leaf nodes are specific
INFO: dtree.c(1478): Final simple tree
|( QUESTION0_9_R 1 -4.478e+04 1.660e+02 1.935e+02
|    ( - -1.643e+03 1 0)
|    ( - -4.297e+04 3 0))
s>    ( QUESTION0_9_R 1 -4.478e+04 1.660e+02 1.935e+02
s>        ( - -1.643e+03 1 0)
s>        ( - -4.297e+04 3 0))INFO: dtree.c(1315): Comp split 45
INFO: dtree.c(1439): stop. leaf nodes are specific
INFO: dtree.c(1478): Final simple tree
|( QUESTION2_0_L -1 -1.890e+04 1.545e+02 8.176e+01
|    ( - -7.953e+03 1 0)
|    ( - -1.079e+04 2 0))
s>    ( QUESTION2_0_L -1 -1.890e+04 1.545e+02 8.176e+01
s>        ( - -7.953e+03 1 0)
s>        ( - -1.079e+04 2 0))INFO: dtree.c(1439): stop. leaf nodes are specific
INFO: dtree.c(1478): Final simple tree
|( QUESTION0_1_R 1 -5.923e+03 1.160e+02 2.625e+01
|    ( - -5.033e+03 1 0)
|    ( - -7.741e+02 1 0))
s>    ( QUESTION0_1_R 1 -5.923e+03 1.160e+02 2.625e+01
s>        ( - -5.033e+03 1 0)
s>        ( - -7.741e+02 1 0))INFO: dtree.c(1315): Comp split 46
INFO: dtree.c(1439): stop. leaf nodes are specific
INFO: dtree.c(1478): Final simple tree
|( QUESTION0_0_R 1 -1.348e+04 1.319e+02 5.851e+01
|    ( QUESTION2_0_L -1 -1.084e+04 1.372e+02 4.753e+01
|        ( - -4.784e+03 2 0)
|        ( - -5.917e+03 2 0))
|    ( - -2.508e+03 1 0))
s>    ( QUESTION0_0_R 1 -1.348e+04 1.319e+02 5.851e+01
s>        ( QUESTION2_0_L -1 -1.084e+04 1.372e+02 4.753e+01
s>            ( - -4.784e+03 2 0)
s>            ( - -5.917e+03 2 0))
s>        ( - -2.508e+03 1 0))INFO: dtree.c(1315): Comp split 47
INFO: dtree.c(1439): stop. leaf nodes are specific
INFO: dtree.c(1478): Final simple tree
|( QUESTION11 1 -1.848e+04 1.775e+02 8.386e+01
|    ( - -7.787e+03 1 0)
|    ( QUESTION0_0_R 1 -1.051e+04 1.542e+02 4.771e+01
|        ( - -8.957e+03 1 0)
|        ( - -1.404e+03 1 0)))
s>    ( QUESTION11 1 -1.848e+04 1.775e+02 8.386e+01
s>        ( - -7.787e+03 1 0)
s>        ( QUESTION0_0_R 1 -1.051e+04 1.542e+02 4.771e+01
s>            ( - -8.957e+03 1 0)
s>            ( - -1.404e+03 1 0)))INFO: dtree.c(1315): Comp split 48
INFO: dtree.c(1315): Comp split 49
INFO: dtree.c(1439): stop. leaf nodes are specific
INFO: dtree.c(1478): Final simple tree
|( WDBNDRY_B 0 -7.973e+03 1.379e+02 3.572e+01
|    ( - -1.225e+03 1 0)
|    ( QUESTION0_14_R 1 -6.610e+03 1.258e+02 2.972e+01
|        ( - -4.810e+03 2 0)
|        ( - -1.674e+03 1 0)))
s>    ( WDBNDRY_B 0 -7.973e+03 1.379e+02 3.572e+01
s>        ( - -1.225e+03 1 0)
s>        ( QUESTION0_14_R 1 -6.610e+03 1.258e+02 2.972e+01
s>            ( - -4.810e+03 2 0)
s>            ( - -1.674e+03 1 0)))INFO: dtree.c(1315): Comp split 50
INFO: dtree.c(1315): Comp split 51
INFO: dtree.c(1439): stop. leaf nodes are specific
INFO: dtree.c(1478): Final simple tree
|( QUESTION0_0_R 1 -2.468e+04 1.477e+02 1.152e+02
|    ( QUESTION0_1_R 1 -1.898e+04 1.354e+02 8.733e+01
|        ( - -1.221e+04 1 0)
|        ( - -6.640e+03 1 0))
|    ( - -5.546e+03 1 0))
s>    ( QUESTION0_0_R 1 -2.468e+04 1.477e+02 1.152e+02
s>        ( QUESTION0_1_R 1 -1.898e+04 1.354e+02 8.733e+01
s>            ( - -1.221e+04 1 0)
s>            ( - -6.640e+03 1 0))
s>        ( - -5.546e+03 1 0))INFO: dtree.c(1315): Comp split 52
INFO: dtree.c(1439): stop. leaf nodes are specific
INFO: dtree.c(1478): Final simple tree
|( QUESTION0_1_R 1 -4.235e+03 1.171e+02 1.803e+01
|    ( - -3.710e+03 1 0)
|    ( - -4.085e+02 1 0))
s>    ( QUESTION0_1_R 1 -4.235e+03 1.171e+02 1.803e+01
s>        ( - -3.710e+03 1 0)
s>        ( - -4.085e+02 1 0))INFO: dtree.c(1439): stop. leaf nodes are specific
INFO: dtree.c(1478): Final simple tree
|( QUESTION12 -1 -3.161e+04 1.670e+02 1.351e+02
|    ( QUESTION0_1_R 1 -1.771e+04 7.816e+01 7.578e+01
|        ( - -9.122e+03 2 0)
|        ( - -8.506e+03 1 0))
|    ( QUESTION0_15_R 1 -1.374e+04 1.398e+02 5.937e+01
|        ( - -5.812e+02 1 0)
|        ( QUESTION0_4_R 1 -1.302e+04 1.226e+02 5.637e+01
|            ( - -1.448e+03 1 0)
|            ( QUESTION0_0_R 1 -1.145e+04 1.191e+02 4.937e+01
|                ( - -4.802e+03 2 0)
|                ( - -6.528e+03 1 0)))))
s>    ( QUESTION12 -1 -3.161e+04 1.670e+02 1.351e+02
s>        ( QUESTION0_1_R 1 -1.771e+04 7.816e+01 7.578e+01
s>            ( - -9.122e+03 2 0)
s>            ( - -8.506e+03 1 0))
s>        ( QUESTION0_15_R 1 -1.374e+04 1.398e+02 5.937e+01
s>            ( - -5.812e+02 1 0)
s>            ( QUESTION0_4_R 1 -1.302e+04 1.226e+02 5.637e+01
s>                ( - -1.448e+03 1 0)
s>                ( QUESTION0_0_R 1 -1.145e+04 1.191e+02 4.937e+01
s>                    ( - -4.802e+03 2 0)
s>                    ( - -6.528e+03 1 0)))))INFO: dtree.c(1315): Comp split 53
INFO: dtree.c(1439): stop. leaf nodes are specific
INFO: dtree.c(1478): Final simple tree
|( QUESTION0_0_R 1 -1.051e+04 1.542e+02 4.771e+01
|    ( - -8.957e+03 1 0)
|    ( - -1.404e+03 1 0))
s>    ( QUESTION0_0_R 1 -1.051e+04 1.542e+02 4.771e+01
s>        ( - -8.957e+03 1 0)
s>        ( - -1.404e+03 1 0))INFO: dtree.c(1315): Comp split 54
INFO: dtree.c(1315): Comp split 55
INFO: dtree.c(1315): Comp split 56
INFO: dtree.c(1439): stop. leaf nodes are specific
INFO: dtree.c(1478): Final simple tree
|( QUESTION0_0_R 1 -1.412e+04 1.384e+02 6.017e+01
|    ( - -1.027e+03 1 0)
|    ( WDBNDRY_E 0 -1.295e+04 1.304e+02 5.519e+01
|        ( - -6.367e+03 1 0)
|        ( - -6.456e+03 1 0)))
s>    ( QUESTION0_0_R 1 -1.412e+04 1.384e+02 6.017e+01
s>        ( - -1.027e+03 1 0)
s>        ( WDBNDRY_E 0 -1.295e+04 1.304e+02 5.519e+01
s>            ( - -6.367e+03 1 0)
s>            ( - -6.456e+03 1 0)))INFO: dtree.c(1315): Comp split 57
INFO: dtree.c(1439): stop. leaf nodes are specific
INFO: dtree.c(1478): Final simple tree
|( QUESTION0_14_R 1 -4.226e+03 1.399e+02 2.000e+01
|    ( - -3.761e+03 2 0)
|    ( - -3.250e+02 1 0))
s>    ( QUESTION0_14_R 1 -4.226e+03 1.399e+02 2.000e+01
s>        ( - -3.761e+03 2 0)
s>        ( - -3.250e+02 1 0))INFO: dtree.c(1315): Comp split 58
INFO: dtree.c(1439): stop. leaf nodes are specific
INFO: dtree.c(1478): Final simple tree
|( QUESTION0_15_R 1 -1.374e+04 1.398e+02 5.937e+01
|    ( - -5.812e+02 1 0)
|    ( QUESTION0_4_R 1 -1.302e+04 1.226e+02 5.637e+01
|        ( - -1.448e+03 1 0)
|        ( QUESTION0_0_R 1 -1.145e+04 1.191e+02 4.937e+01
|            ( - -4.802e+03 2 0)
|            ( - -6.528e+03 1 0))))
s>    ( QUESTION0_15_R 1 -1.374e+04 1.398e+02 5.937e+01
s>        ( - -5.812e+02 1 0)
s>        ( QUESTION0_4_R 1 -1.302e+04 1.226e+02 5.637e+01
s>            ( - -1.448e+03 1 0)
s>            ( QUESTION0_0_R 1 -1.145e+04 1.191e+02 4.937e+01
s>                ( - -4.802e+03 2 0)
s>                ( - -6.528e+03 1 0))))INFO: dtree.c(1439): stop. leaf nodes are specific
INFO: dtree.c(1478): Final simple tree
|( QUESTION0_1_R 1 -1.771e+04 7.816e+01 7.578e+01
|    ( - -9.122e+03 2 0)
|    ( - -8.506e+03 1 0))
s>    ( QUESTION0_1_R 1 -1.771e+04 7.816e+01 7.578e+01
s>        ( - -9.122e+03 2 0)
s>        ( - -8.506e+03 1 0))INFO: dtree.c(1315): Comp split 59
INFO: dtree.c(1439): stop. leaf nodes are specific
INFO: dtree.c(1478): Final simple tree
|( QUESTION0 1 -4.491e+03 1.193e+02 1.999e+01
|    ( - -3.100e+03 1 0)
|    ( - -1.272e+03 1 0))
s>    ( QUESTION0 1 -4.491e+03 1.193e+02 1.999e+01
s>        ( - -3.100e+03 1 0)
s>        ( - -1.272e+03 1 0))INFO: dtree.c(1315): Comp split 60
INFO: dtree.c(1315): Comp split 61
INFO: dtree.c(1315): Comp split 62
INFO: dtree.c(1315): Comp split 63
INFO: dtree.c(1439): stop. leaf nodes are specific
INFO: dtree.c(1478): Final simple tree
|( WDBNDRY_E 0 -1.213e+04 1.376e+02 5.313e+01
|    ( - -7.945e+02 1 0)
|    ( - -1.120e+04 1 0))
s>    ( WDBNDRY_E 0 -1.213e+04 1.376e+02 5.313e+01
s>        ( - -7.945e+02 1 0)
s>        ( - -1.120e+04 1 0))INFO: dtree.c(1315): Comp split 64
INFO: dtree.c(1439): stop. leaf nodes are specific
INFO: dtree.c(1478): Final simple tree
|( QUESTION15 1 -1.731e+05 1.473e+02 7.378e+02
|    ( - -1.922e+03 1 0)
|    ( QUESTION0_2_R 1 -1.710e+05 1.336e+02 7.288e+02
|        ( - -8.831e+04 3 0)
|        ( QUESTION0_0_R 1 -8.258e+04 1.125e+02 3.469e+02
|            ( - -7.724e+04 3 0)
|            ( - -5.227e+03 2 0))))
s>    ( QUESTION15 1 -1.731e+05 1.473e+02 7.378e+02
s>        ( - -1.922e+03 1 0)
s>        ( QUESTION0_2_R 1 -1.710e+05 1.336e+02 7.288e+02
s>            ( - -8.831e+04 3 0)
s>            ( QUESTION0_0_R 1 -8.258e+04 1.125e+02 3.469e+02
s>                ( - -7.724e+04 3 0)
s>                ( - -5.227e+03 2 0))))INFO: dtree.c(1315): Comp split 65
INFO: dtree.c(1439): stop. leaf nodes are specific
INFO: dtree.c(1478): Final simple tree
|( QUESTION0_3_R 1 -1.579e+04 1.343e+02 6.816e+01
|    ( - -1.125e+04 1 0)
|    ( - -4.406e+03 1 0))
s>    ( QUESTION0_3_R 1 -1.579e+04 1.343e+02 6.816e+01
s>        ( - -1.125e+04 1 0)
s>        ( - -4.406e+03 1 0))INFO: dtree.c(1315): Comp split 66
INFO: dtree.c(1315): Comp split 67
INFO: dtree.c(1315): Comp split 68
INFO: dtree.c(1315): Comp split 69
INFO: dtree.c(1439): stop. leaf nodes are specific
INFO: dtree.c(1478): Final simple tree
|( QUESTION0_0_R 1 -7.410e+03 1.183e+02 3.194e+01
|    ( - -4.784e+03 2 0)
|    ( - -2.508e+03 1 0))
s>    ( QUESTION0_0_R 1 -7.410e+03 1.183e+02 3.194e+01
s>        ( - -4.784e+03 2 0)
s>        ( - -2.508e+03 1 0))INFO: dtree.c(1315): Comp split 70
INFO: dtree.c(1439): stop. leaf nodes are specific
INFO: dtree.c(1478): Final simple tree
|( QUESTION0_1_R 1 -1.898e+04 1.354e+02 8.733e+01
|    ( - -1.221e+04 1 0)
|    ( - -6.640e+03 1 0))
s>    ( QUESTION0_1_R 1 -1.898e+04 1.354e+02 8.733e+01
s>        ( - -1.221e+04 1 0)
s>        ( - -6.640e+03 1 0))INFO: dtree.c(1315): Comp split 71
INFO: dtree.c(1439): stop. leaf nodes are specific
INFO: dtree.c(1478): Final simple tree
|( QUESTION0_2_R 1 -1.710e+05 1.336e+02 7.288e+02
|    ( - -8.831e+04 3 0)
|    ( QUESTION0_0_R 1 -8.258e+04 1.125e+02 3.469e+02
|        ( - -7.724e+04 3 0)
|        ( - -5.227e+03 2 0)))
s>    ( QUESTION0_2_R 1 -1.710e+05 1.336e+02 7.288e+02
s>        ( - -8.831e+04 3 0)
s>        ( QUESTION0_0_R 1 -8.258e+04 1.125e+02 3.469e+02
s>            ( - -7.724e+04 3 0)
s>            ( - -5.227e+03 2 0)))INFO: dtree.c(1315): Comp split 72
INFO: dtree.c(1439): stop. leaf nodes are specific
INFO: dtree.c(1478): Final simple tree
|( WDBNDRY_B 0 -3.019e+03 1.207e+02 1.399e+01
|    ( - -1.225e+03 1 0)
|    ( - -1.674e+03 1 0))
s>    ( WDBNDRY_B 0 -3.019e+03 1.207e+02 1.399e+01
s>        ( - -1.225e+03 1 0)
s>        ( - -1.674e+03 1 0))INFO: dtree.c(1315): Comp split 73
INFO: dtree.c(1315): Comp split 74
INFO: dtree.c(1439): stop. leaf nodes are specific
INFO: dtree.c(1478): Final simple tree
|( QUESTION0_4_R 1 -1.302e+04 1.226e+02 5.637e+01
|    ( - -1.448e+03 1 0)
|    ( QUESTION0_0_R 1 -1.145e+04 1.191e+02 4.937e+01
|        ( - -4.802e+03 2 0)
|        ( - -6.528e+03 1 0)))
s>    ( QUESTION0_4_R 1 -1.302e+04 1.226e+02 5.637e+01
s>        ( - -1.448e+03 1 0)
s>        ( QUESTION0_0_R 1 -1.145e+04 1.191e+02 4.937e+01
s>            ( - -4.802e+03 2 0)
s>            ( - -6.528e+03 1 0)))INFO: dtree.c(1315): Comp split 75
INFO: dtree.c(1439): stop. leaf nodes are specific
INFO: dtree.c(1478): Final simple tree
|( WDBNDRY_E 0 -1.295e+04 1.304e+02 5.519e+01
|    ( - -6.367e+03 1 0)
|    ( - -6.456e+03 1 0))
s>    ( WDBNDRY_E 0 -1.295e+04 1.304e+02 5.519e+01
s>        ( - -6.367e+03 1 0)
s>        ( - -6.456e+03 1 0))INFO: dtree.c(1315): Comp split 76
INFO: dtree.c(1315): Comp split 77
INFO: dtree.c(1439): stop. leaf nodes are specific
INFO: dtree.c(1478): Final simple tree
|( WDBNDRY_E 0 -6.674e+03 1.015e+02 2.896e+01
|    ( - -1.315e+03 1 0)
|    ( - -5.258e+03 2 0))
s>    ( WDBNDRY_E 0 -6.674e+03 1.015e+02 2.896e+01
s>        ( - -1.315e+03 1 0)
s>        ( - -5.258e+03 2 0))INFO: dtree.c(1315): Comp split 78
INFO: dtree.c(1315): Comp split 79
INFO: dtree.c(1315): Comp split 80
INFO: dtree.c(1439): stop. leaf nodes are specific
INFO: dtree.c(1478): Final simple tree
|( QUESTION0_0_R 1 -8.258e+04 1.125e+02 3.469e+02
|    ( - -7.724e+04 3 0)
|    ( - -5.227e+03 2 0))
s>    ( QUESTION0_0_R 1 -8.258e+04 1.125e+02 3.469e+02
s>        ( - -7.724e+04 3 0)
s>        ( - -5.227e+03 2 0))INFO: dtree.c(1315): Comp split 81
INFO: dtree.c(1315): Comp split 82
INFO: dtree.c(1315): Comp split 83
INFO: dtree.c(1315): Comp split 84
INFO: dtree.c(1439): stop. leaf nodes are specific
INFO: dtree.c(1478): Final simple tree
|( QUESTION0_3_R 1 -1.011e+04 1.231e+02 4.401e+01
|    ( - -9.678e+03 2 0)
|    ( - -3.055e+02 1 0))
s>    ( QUESTION0_3_R 1 -1.011e+04 1.231e+02 4.401e+01
s>        ( - -9.678e+03 2 0)
s>        ( - -3.055e+02 1 0))INFO: dtree.c(1315): Comp split 85
INFO: dtree.c(1315): Comp split 86
INFO: dtree.c(1439): stop. leaf nodes are specific
INFO: dtree.c(1478): Final simple tree
|( QUESTION0_0_R 1 -1.145e+04 1.191e+02 4.937e+01
|    ( - -4.802e+03 2 0)
|    ( - -6.528e+03 1 0))
s>    ( QUESTION0_0_R 1 -1.145e+04 1.191e+02 4.937e+01
s>        ( - -4.802e+03 2 0)
s>        ( - -6.528e+03 1 0))INFO: dtree.c(1315): Comp split 87
INFO: dtree.c(1315): Comp split 88
INFO: dtree.c(1315): Comp split 89
INFO: dtree.c(1315): Comp split 90
INFO: dtree.c(1315): Comp split 91
INFO: dtree.c(1315): Comp split 92
INFO: dtree.c(1315): Comp split 93
INFO: dtree.c(1315): Comp split 94
INFO: dtree.c(1315): Comp split 95
INFO: dtree.c(1315): Comp split 96
INFO: dtree.c(1315): Comp split 97
INFO: dtree.c(1315): Comp split 98
INFO: dtree.c(1315): Comp split 99
INFO: dtree.c(1318): stop. leaf nodes are specific
Fri Jan  6 22:28:07 2023
