Current configuration:
[NAME]		[DEFLT]	[VALUE]
-allphones	no	no
-cntthresh	0.00001	1.000000e-05
-csplitmax	100	2000
-csplitmin	1	1
-csplitthr	8e-4	0.000000e+00
-example	no	no
-fullvar	no	no
-help		no	no
-meanfn			/mnt/c/users/robin/onedrive/desktop/cmu/Cebuano/model_parameters/Cebuano.cd_cont_untied/means
-mixwfn			/mnt/c/users/robin/onedrive/desktop/cmu/Cebuano/model_parameters/Cebuano.cd_cont_untied/mixture_weights
-moddeffn		/mnt/c/users/robin/onedrive/desktop/cmu/Cebuano/model_architecture/Cebuano.untied.mdef
-mwfloor	1e-4	1.000000e-08
-phone			TH
-psetfn			/mnt/c/users/robin/onedrive/desktop/cmu/Cebuano/model_architecture/Cebuano.tree_questions
-ssplitmax	5	7
-ssplitmin	1	1
-ssplitthr	8e-4	0.000000e+00
-state			2
-stwt			1.0,0.05,0.0,
-treefn			/mnt/c/users/robin/onedrive/desktop/cmu/Cebuano/trees/Cebuano.unpruned/TH-2.dtree
-ts2cbfn	.semi.	.cont.
-varfloor	0.00001	1.000000e-05
-varfn			/mnt/c/users/robin/onedrive/desktop/cmu/Cebuano/model_parameters/Cebuano.cd_cont_untied/variances

INFO: main.c(223): Reading: /mnt/c/users/robin/onedrive/desktop/cmu/Cebuano/model_architecture/Cebuano.untied.mdef
INFO: model_def_io.c(573): Model definition info:
INFO: model_def_io.c(574): 7744 total models defined (40 base, 7704 tri)
INFO: model_def_io.c(575): 30976 total states
INFO: model_def_io.c(576): 23232 total tied states
INFO: model_def_io.c(577): 120 total tied CI states
INFO: model_def_io.c(578): 40 total tied transition matrices
INFO: model_def_io.c(579): 4 max state/model
INFO: model_def_io.c(580): 4 min state/model
INFO: main.c(242): Building trees for [TH AA ER b] through [TH V AW b]
INFO: main.c(268): Covering states |[21648 21701]| == 54
INFO: main.c(275): Reading: /mnt/c/users/robin/onedrive/desktop/cmu/Cebuano/model_parameters/Cebuano.cd_cont_untied/mixture_weights
INFO: s3mixw_io.c(172): Read /mnt/c/users/robin/onedrive/desktop/cmu/Cebuano/model_parameters/Cebuano.cd_cont_untied/mixture_weights [54x1x1 array]
INFO: main.c(311): 17 of 18 models have observation count greater than 0.000010
INFO: main.c(95): nrm stwt: 0.000 0.048 0.952 
INFO: s3gau_io.c(168): Read /mnt/c/users/robin/onedrive/desktop/cmu/Cebuano/model_parameters/Cebuano.cd_cont_untied/means [23232x1x1 array]
INFO: s3gau_io.c(168): Read /mnt/c/users/robin/onedrive/desktop/cmu/Cebuano/model_parameters/Cebuano.cd_cont_untied/variances [23232x1x1 array]
INFO: main.c(549): Reading: /mnt/c/users/robin/onedrive/desktop/cmu/Cebuano/model_architecture/Cebuano.tree_questions
INFO: main.c(587): 180 total simple questions (172 phone; 8 word bndry)
INFO: main.c(589): 42 Left Only questions, and 42 Right Only questions
INFO: dtree.c(1478): Final simple tree
|( QUESTION0_14_R 1 -4.117e+04 2.457e+02 1.711e+02
|    ( WDBNDRY_E 0 -9.762e+03 1.834e+02 4.102e+01
|        ( - -3.599e+02 1 0)
|        ( - -9.219e+03 5 0 WDBNDRY_B 0 1.304e+02 3.902e+01))
|    ( QUESTION0 1 -3.116e+04 4.601e+02 1.301e+02
|        ( - 1.690e+02 1 0)
|        ( QUESTION2_18_L -1 -3.087e+04 2.290e+02 1.291e+02
|            ( - -2.225e+02 1 0)
|            ( QUESTION0_17_R 1 -3.042e+04 1.895e+02 1.271e+02
|                ( - -2.272e+04 4 0 QUESTION2_0_L -1 1.492e+02 9.613e+01)
|                ( QUESTION18 -1 -7.511e+03 4.623e+02 3.093e+01
|                    ( - 2.425e+02 1 0)
|                    ( QUESTION0_3_R 1 -7.291e+03 1.618e+02 2.993e+01
|                        ( - -5.055e+02 1 0)
|                        ( - -6.623e+03 3 0 QUESTION0_1_R 1 1.494e+02 2.793e+01)))))))
s>    ( QUESTION0_14_R 1 -4.117e+04 2.457e+02 1.711e+02
s>        ( WDBNDRY_E 0 -9.762e+03 1.834e+02 4.102e+01
s>            ( - -3.599e+02 1 0)
s>            ( - -9.219e+03 5 0 WDBNDRY_B 0 1.304e+02 3.902e+01))
s>        ( QUESTION0 1 -3.116e+04 4.601e+02 1.301e+02
s>            ( - 1.690e+02 1 0)
s>            ( QUESTION2_18_L -1 -3.087e+04 2.290e+02 1.291e+02
s>                ( - -2.225e+02 1 0)
s>                ( QUESTION0_17_R 1 -3.042e+04 1.895e+02 1.271e+02
s>                    ( - -2.272e+04 4 0 QUESTION2_0_L -1 1.492e+02 9.613e+01)
s>                    ( QUESTION18 -1 -7.511e+03 4.623e+02 3.093e+01
s>                        ( - 2.425e+02 1 0)
s>                        ( QUESTION0_3_R 1 -7.291e+03 1.618e+02 2.993e+01
s>                            ( - -5.055e+02 1 0)
s>                            ( - -6.623e+03 3 0 QUESTION0_1_R 1 1.494e+02 2.793e+01)))))))INFO: dtree.c(1315): Comp split 0
INFO: dtree.c(1478): Final simple tree
|( QUESTION0_14_R 1 -4.095e+04 2.481e+02 1.701e+02
|    ( WDBNDRY_E 0 -9.762e+03 1.834e+02 4.102e+01
|        ( - -3.599e+02 1 0)
|        ( - -9.219e+03 5 0 WDBNDRY_B 0 1.304e+02 3.902e+01))
|    ( QUESTION0 1 -3.094e+04 4.602e+02 1.291e+02
|        ( - 1.690e+02 1 0)
|        ( QUESTION2_18_L -1 -3.065e+04 2.290e+02 1.281e+02
|            ( - -2.225e+02 1 0)
|            ( QUESTION2_0_L -1 -3.019e+04 1.838e+02 1.261e+02
|                ( QUESTION0_3_R 1 -1.127e+04 1.640e+02 4.583e+01
|                    ( - -5.055e+02 1 0)
|                    ( QUESTION0_0_R 1 -1.060e+04 1.545e+02 4.383e+01
|                        ( - -3.883e+03 2 0 WDBNDRY_E 0 1.364e+02 1.691e+01)
|                        ( - -6.560e+03 2 0 WDBNDRY_B 0 1.324e+02 2.691e+01)))
|                ( - -1.874e+04 3 0 QUESTION0 -1 1.252e+02 8.023e+01)))))
s>    ( QUESTION0_14_R 1 -4.095e+04 2.481e+02 1.701e+02
s>        ( WDBNDRY_E 0 -9.762e+03 1.834e+02 4.102e+01
s>            ( - -3.599e+02 1 0)
s>            ( - -9.219e+03 5 0 WDBNDRY_B 0 1.304e+02 3.902e+01))
s>        ( QUESTION0 1 -3.094e+04 4.602e+02 1.291e+02
s>            ( - 1.690e+02 1 0)
s>            ( QUESTION2_18_L -1 -3.065e+04 2.290e+02 1.281e+02
s>                ( - -2.225e+02 1 0)
s>                ( QUESTION2_0_L -1 -3.019e+04 1.838e+02 1.261e+02
s>                    ( QUESTION0_3_R 1 -1.127e+04 1.640e+02 4.583e+01
s>                        ( - -5.055e+02 1 0)
s>                        ( QUESTION0_0_R 1 -1.060e+04 1.545e+02 4.383e+01
s>                            ( - -3.883e+03 2 0 WDBNDRY_E 0 1.364e+02 1.691e+01)
s>                            ( - -6.560e+03 2 0 WDBNDRY_B 0 1.324e+02 2.691e+01)))
s>                    ( - -1.874e+04 3 0 QUESTION0 -1 1.252e+02 8.023e+01)))))INFO: dtree.c(1315): Comp split 1
INFO: dtree.c(1478): Final simple tree
|( QUESTION0_14_R 1 -4.066e+04 2.476e+02 1.691e+02
|    ( WDBNDRY_E 0 -9.762e+03 1.834e+02 4.102e+01
|        ( - -3.599e+02 1 0)
|        ( - -9.219e+03 5 0 WDBNDRY_B 0 1.304e+02 3.902e+01))
|    ( QUESTION2_18_L -1 -3.065e+04 2.290e+02 1.281e+02
|        ( - -2.225e+02 1 0)
|        ( QUESTION2_0_L -1 -3.019e+04 1.838e+02 1.261e+02
|            ( QUESTION0_3_R 1 -1.127e+04 1.640e+02 4.583e+01
|                ( - -5.055e+02 1 0)
|                ( QUESTION0_0_R 1 -1.060e+04 1.545e+02 4.383e+01
|                    ( WDBNDRY_E 0 -3.883e+03 1.364e+02 1.691e+01
|                        ( - -3.084e+03 1 0)
|                        ( - -6.629e+02 1 0))
|                    ( - -6.560e+03 2 0 WDBNDRY_B 0 1.324e+02 2.691e+01)))
|            ( - -1.874e+04 3 0 QUESTION0 -1 1.252e+02 8.023e+01))))
s>    ( QUESTION0_14_R 1 -4.066e+04 2.476e+02 1.691e+02
s>        ( WDBNDRY_E 0 -9.762e+03 1.834e+02 4.102e+01
s>            ( - -3.599e+02 1 0)
s>            ( - -9.219e+03 5 0 WDBNDRY_B 0 1.304e+02 3.902e+01))
s>        ( QUESTION2_18_L -1 -3.065e+04 2.290e+02 1.281e+02
s>            ( - -2.225e+02 1 0)
s>            ( QUESTION2_0_L -1 -3.019e+04 1.838e+02 1.261e+02
s>                ( QUESTION0_3_R 1 -1.127e+04 1.640e+02 4.583e+01
s>                    ( - -5.055e+02 1 0)
s>                    ( QUESTION0_0_R 1 -1.060e+04 1.545e+02 4.383e+01
s>                        ( WDBNDRY_E 0 -3.883e+03 1.364e+02 1.691e+01
s>                            ( - -3.084e+03 1 0)
s>                            ( - -6.629e+02 1 0))
s>                        ( - -6.560e+03 2 0 WDBNDRY_B 0 1.324e+02 2.691e+01)))
s>                ( - -1.874e+04 3 0 QUESTION0 -1 1.252e+02 8.023e+01))))INFO: dtree.c(1315): Comp split 2
INFO: dtree.c(1439): stop. leaf nodes are specific
INFO: dtree.c(1478): Final simple tree
|( QUESTION0_15_R 1 -1.360e+04 2.233e+02 5.693e+01
|    ( - -2.225e+02 1 0)
|    ( QUESTION0_2_R 1 -1.316e+04 1.791e+02 5.493e+01
|        ( - -5.055e+02 1 0)
|        ( WDBNDRY_E 0 -1.247e+04 1.710e+02 5.293e+01
|            ( - -3.084e+03 1 0)
|            ( WDBNDRY_B 0 -9.219e+03 1.304e+02 3.902e+01
|                ( QUESTION0 -1 -5.780e+03 1.400e+02 2.402e+01
|                    ( - -3.553e+03 1 0)
|                    ( - -2.087e+03 2 0))
|                ( QUESTION0 -1 -3.308e+03 1.099e+02 1.500e+01
|                    ( - -1.708e+03 1 0)
|                    ( - -1.490e+03 1 0))))))
s>    ( QUESTION0_15_R 1 -1.360e+04 2.233e+02 5.693e+01
s>        ( - -2.225e+02 1 0)
s>        ( QUESTION0_2_R 1 -1.316e+04 1.791e+02 5.493e+01
s>            ( - -5.055e+02 1 0)
s>            ( WDBNDRY_E 0 -1.247e+04 1.710e+02 5.293e+01
s>                ( - -3.084e+03 1 0)
s>                ( WDBNDRY_B 0 -9.219e+03 1.304e+02 3.902e+01
s>                    ( QUESTION0 -1 -5.780e+03 1.400e+02 2.402e+01
s>                        ( - -3.553e+03 1 0)
s>                        ( - -2.087e+03 2 0))
s>                    ( QUESTION0 -1 -3.308e+03 1.099e+02 1.500e+01
s>                        ( - -1.708e+03 1 0)
s>                        ( - -1.490e+03 1 0))))))INFO: dtree.c(1439): stop. leaf nodes are specific
INFO: dtree.c(1478): Final simple tree
|( QUESTION0_14_R 1 -2.680e+04 1.858e+02 1.121e+02
|    ( - -3.599e+02 1 0)
|    ( WDBNDRY_I 0 -2.625e+04 1.479e+02 1.101e+02
|        ( QUESTION0_0_R 1 -1.748e+04 1.312e+02 7.423e+01
|            ( - -6.629e+02 1 0)
|            ( - -1.669e+04 1 0))
|        ( QUESTION2_19_L -1 -8.623e+03 1.399e+02 3.591e+01
|            ( - -3.828e+03 1 0)
|            ( QUESTION0 -1 -4.655e+03 1.249e+02 2.002e+01
|                ( - -7.869e+02 1 0)
|                ( WDBNDRY_B 0 -3.743e+03 8.739e+01 1.602e+01
|                    ( - -1.056e+03 1 0)
|                    ( - -2.600e+03 1 0))))))
s>    ( QUESTION0_14_R 1 -2.680e+04 1.858e+02 1.121e+02
s>        ( - -3.599e+02 1 0)
s>        ( WDBNDRY_I 0 -2.625e+04 1.479e+02 1.101e+02
s>            ( QUESTION0_0_R 1 -1.748e+04 1.312e+02 7.423e+01
s>                ( - -6.629e+02 1 0)
s>                ( - -1.669e+04 1 0))
s>            ( QUESTION2_19_L -1 -8.623e+03 1.399e+02 3.591e+01
s>                ( - -3.828e+03 1 0)
s>                ( QUESTION0 -1 -4.655e+03 1.249e+02 2.002e+01
s>                    ( - -7.869e+02 1 0)
s>                    ( WDBNDRY_B 0 -3.743e+03 8.739e+01 1.602e+01
s>                        ( - -1.056e+03 1 0)
s>                        ( - -2.600e+03 1 0))))))INFO: dtree.c(1315): Comp split 3
INFO: dtree.c(1439): stop. leaf nodes are specific
INFO: dtree.c(1478): Final simple tree
|( QUESTION0_2_R 1 -1.316e+04 1.791e+02 5.493e+01
|    ( - -5.055e+02 1 0)
|    ( WDBNDRY_E 0 -1.247e+04 1.710e+02 5.293e+01
|        ( - -3.084e+03 1 0)
|        ( WDBNDRY_B 0 -9.219e+03 1.304e+02 3.902e+01
|            ( QUESTION0 -1 -5.780e+03 1.400e+02 2.402e+01
|                ( - -3.553e+03 1 0)
|                ( - -2.087e+03 2 0))
|            ( QUESTION0 -1 -3.308e+03 1.099e+02 1.500e+01
|                ( - -1.708e+03 1 0)
|                ( - -1.490e+03 1 0)))))
s>    ( QUESTION0_2_R 1 -1.316e+04 1.791e+02 5.493e+01
s>        ( - -5.055e+02 1 0)
s>        ( WDBNDRY_E 0 -1.247e+04 1.710e+02 5.293e+01
s>            ( - -3.084e+03 1 0)
s>            ( WDBNDRY_B 0 -9.219e+03 1.304e+02 3.902e+01
s>                ( QUESTION0 -1 -5.780e+03 1.400e+02 2.402e+01
s>                    ( - -3.553e+03 1 0)
s>                    ( - -2.087e+03 2 0))
s>                ( QUESTION0 -1 -3.308e+03 1.099e+02 1.500e+01
s>                    ( - -1.708e+03 1 0)
s>                    ( - -1.490e+03 1 0)))))INFO: dtree.c(1315): Comp split 4
INFO: dtree.c(1439): stop. leaf nodes are specific
INFO: dtree.c(1478): Final simple tree
|( WDBNDRY_I 0 -2.625e+04 1.479e+02 1.101e+02
|    ( QUESTION0_0_R 1 -1.748e+04 1.312e+02 7.423e+01
|        ( - -6.629e+02 1 0)
|        ( - -1.669e+04 1 0))
|    ( QUESTION2_19_L -1 -8.623e+03 1.399e+02 3.591e+01
|        ( - -3.828e+03 1 0)
|        ( QUESTION0 -1 -4.655e+03 1.249e+02 2.002e+01
|            ( - -7.869e+02 1 0)
|            ( WDBNDRY_B 0 -3.743e+03 8.739e+01 1.602e+01
|                ( - -1.056e+03 1 0)
|                ( - -2.600e+03 1 0)))))
s>    ( WDBNDRY_I 0 -2.625e+04 1.479e+02 1.101e+02
s>        ( QUESTION0_0_R 1 -1.748e+04 1.312e+02 7.423e+01
s>            ( - -6.629e+02 1 0)
s>            ( - -1.669e+04 1 0))
s>        ( QUESTION2_19_L -1 -8.623e+03 1.399e+02 3.591e+01
s>            ( - -3.828e+03 1 0)
s>            ( QUESTION0 -1 -4.655e+03 1.249e+02 2.002e+01
s>                ( - -7.869e+02 1 0)
s>                ( WDBNDRY_B 0 -3.743e+03 8.739e+01 1.602e+01
s>                    ( - -1.056e+03 1 0)
s>                    ( - -2.600e+03 1 0)))))INFO: dtree.c(1315): Comp split 5
INFO: dtree.c(1439): stop. leaf nodes are specific
INFO: dtree.c(1478): Final simple tree
|( WDBNDRY_E 0 -1.247e+04 1.710e+02 5.293e+01
|    ( - -3.084e+03 1 0)
|    ( WDBNDRY_B 0 -9.219e+03 1.304e+02 3.902e+01
|        ( QUESTION0 -1 -5.780e+03 1.400e+02 2.402e+01
|            ( - -3.553e+03 1 0)
|            ( - -2.087e+03 2 0))
|        ( QUESTION0 -1 -3.308e+03 1.099e+02 1.500e+01
|            ( - -1.708e+03 1 0)
|            ( - -1.490e+03 1 0))))
s>    ( WDBNDRY_E 0 -1.247e+04 1.710e+02 5.293e+01
s>        ( - -3.084e+03 1 0)
s>        ( WDBNDRY_B 0 -9.219e+03 1.304e+02 3.902e+01
s>            ( QUESTION0 -1 -5.780e+03 1.400e+02 2.402e+01
s>                ( - -3.553e+03 1 0)
s>                ( - -2.087e+03 2 0))
s>            ( QUESTION0 -1 -3.308e+03 1.099e+02 1.500e+01
s>                ( - -1.708e+03 1 0)
s>                ( - -1.490e+03 1 0))))INFO: dtree.c(1315): Comp split 6
INFO: dtree.c(1439): stop. leaf nodes are specific
INFO: dtree.c(1478): Final simple tree
|( WDBNDRY_B 0 -9.219e+03 1.304e+02 3.902e+01
|    ( QUESTION0 -1 -5.780e+03 1.400e+02 2.402e+01
|        ( - -3.553e+03 1 0)
|        ( - -2.087e+03 2 0))
|    ( QUESTION0 -1 -3.308e+03 1.099e+02 1.500e+01
|        ( - -1.708e+03 1 0)
|        ( - -1.490e+03 1 0)))
s>    ( WDBNDRY_B 0 -9.219e+03 1.304e+02 3.902e+01
s>        ( QUESTION0 -1 -5.780e+03 1.400e+02 2.402e+01
s>            ( - -3.553e+03 1 0)
s>            ( - -2.087e+03 2 0))
s>        ( QUESTION0 -1 -3.308e+03 1.099e+02 1.500e+01
s>            ( - -1.708e+03 1 0)
s>            ( - -1.490e+03 1 0)))INFO: dtree.c(1315): Comp split 7
INFO: dtree.c(1439): stop. leaf nodes are specific
INFO: dtree.c(1478): Final simple tree
|( WDBNDRY_B 0 -6.560e+03 1.324e+02 2.691e+01
|    ( - -3.828e+03 1 0)
|    ( - -2.600e+03 1 0))
s>    ( WDBNDRY_B 0 -6.560e+03 1.324e+02 2.691e+01
s>        ( - -3.828e+03 1 0)
s>        ( - -2.600e+03 1 0))INFO: dtree.c(1439): stop. leaf nodes are specific
INFO: dtree.c(1478): Final simple tree
|( QUESTION0_0_R 1 -1.954e+04 1.330e+02 8.323e+01
|    ( - -6.629e+02 1 0)
|    ( QUESTION0 -1 -1.874e+04 1.252e+02 8.023e+01
|        ( - -7.869e+02 1 0)
|        ( WDBNDRY_B 0 -1.783e+04 8.565e+01 7.623e+01
|            ( - -1.056e+03 1 0)
|            ( - -1.669e+04 1 0))))
s>    ( QUESTION0_0_R 1 -1.954e+04 1.330e+02 8.323e+01
s>        ( - -6.629e+02 1 0)
s>        ( QUESTION0 -1 -1.874e+04 1.252e+02 8.023e+01
s>            ( - -7.869e+02 1 0)
s>            ( WDBNDRY_B 0 -1.783e+04 8.565e+01 7.623e+01
s>                ( - -1.056e+03 1 0)
s>                ( - -1.669e+04 1 0))))INFO: dtree.c(1315): Comp split 8
INFO: dtree.c(1439): stop. leaf nodes are specific
INFO: dtree.c(1478): Final simple tree
|( WDBNDRY_B 0 -5.525e+03 1.296e+02 2.300e+01
|    ( - -2.087e+03 2 0)
|    ( QUESTION0 -1 -3.308e+03 1.099e+02 1.500e+01
|        ( - -1.708e+03 1 0)
|        ( - -1.490e+03 1 0)))
s>    ( WDBNDRY_B 0 -5.525e+03 1.296e+02 2.300e+01
s>        ( - -2.087e+03 2 0)
s>        ( QUESTION0 -1 -3.308e+03 1.099e+02 1.500e+01
s>            ( - -1.708e+03 1 0)
s>            ( - -1.490e+03 1 0)))INFO: dtree.c(1315): Comp split 9
INFO: dtree.c(1439): stop. leaf nodes are specific
INFO: dtree.c(1478): Final simple tree
|( QUESTION0 -1 -1.874e+04 1.252e+02 8.023e+01
|    ( - -7.869e+02 1 0)
|    ( WDBNDRY_B 0 -1.783e+04 8.565e+01 7.623e+01
|        ( - -1.056e+03 1 0)
|        ( - -1.669e+04 1 0)))
s>    ( QUESTION0 -1 -1.874e+04 1.252e+02 8.023e+01
s>        ( - -7.869e+02 1 0)
s>        ( WDBNDRY_B 0 -1.783e+04 8.565e+01 7.623e+01
s>            ( - -1.056e+03 1 0)
s>            ( - -1.669e+04 1 0)))INFO: dtree.c(1315): Comp split 10
INFO: dtree.c(1315): Comp split 11
INFO: dtree.c(1439): stop. leaf nodes are specific
INFO: dtree.c(1478): Final simple tree
|( QUESTION0 -1 -3.308e+03 1.099e+02 1.500e+01
|    ( - -1.708e+03 1 0)
|    ( - -1.490e+03 1 0))
s>    ( QUESTION0 -1 -3.308e+03 1.099e+02 1.500e+01
s>        ( - -1.708e+03 1 0)
s>        ( - -1.490e+03 1 0))INFO: dtree.c(1315): Comp split 12
INFO: dtree.c(1439): stop. leaf nodes are specific
INFO: dtree.c(1478): Final simple tree
|( WDBNDRY_B 0 -1.783e+04 8.565e+01 7.623e+01
|    ( - -1.056e+03 1 0)
|    ( - -1.669e+04 1 0))
s>    ( WDBNDRY_B 0 -1.783e+04 8.565e+01 7.623e+01
s>        ( - -1.056e+03 1 0)
s>        ( - -1.669e+04 1 0))INFO: dtree.c(1315): Comp split 13
INFO: dtree.c(1315): Comp split 14
INFO: dtree.c(1315): Comp split 15
INFO: dtree.c(1318): stop. leaf nodes are specific
Fri Jan  6 22:27:40 2023
