Current configuration:
[NAME]		[DEFLT]	[VALUE]
-allphones	no	no
-cntthresh	0.00001	1.000000e-05
-csplitmax	100	2000
-csplitmin	1	1
-csplitthr	8e-4	0.000000e+00
-example	no	no
-fullvar	no	no
-help		no	no
-meanfn			/mnt/c/users/robin/onedrive/desktop/cmu/Cebuano/model_parameters/Cebuano.cd_cont_untied/means
-mixwfn			/mnt/c/users/robin/onedrive/desktop/cmu/Cebuano/model_parameters/Cebuano.cd_cont_untied/mixture_weights
-moddeffn		/mnt/c/users/robin/onedrive/desktop/cmu/Cebuano/model_architecture/Cebuano.untied.mdef
-mwfloor	1e-4	1.000000e-08
-phone			EH
-psetfn			/mnt/c/users/robin/onedrive/desktop/cmu/Cebuano/model_architecture/Cebuano.tree_questions
-ssplitmax	5	7
-ssplitmin	1	1
-ssplitthr	8e-4	0.000000e+00
-state			1
-stwt			1.0,0.05,0.0,
-treefn			/mnt/c/users/robin/onedrive/desktop/cmu/Cebuano/trees/Cebuano.unpruned/EH-1.dtree
-ts2cbfn	.semi.	.cont.
-varfloor	0.00001	1.000000e-05
-varfn			/mnt/c/users/robin/onedrive/desktop/cmu/Cebuano/model_parameters/Cebuano.cd_cont_untied/variances

INFO: main.c(223): Reading: /mnt/c/users/robin/onedrive/desktop/cmu/Cebuano/model_architecture/Cebuano.untied.mdef
INFO: model_def_io.c(573): Model definition info:
INFO: model_def_io.c(574): 7744 total models defined (40 base, 7704 tri)
INFO: model_def_io.c(575): 30976 total states
INFO: model_def_io.c(576): 23232 total tied states
INFO: model_def_io.c(577): 120 total tied CI states
INFO: model_def_io.c(578): 40 total tied transition matrices
INFO: model_def_io.c(579): 4 max state/model
INFO: model_def_io.c(580): 4 min state/model
INFO: main.c(242): Building trees for [EH AA B b] through [EH Z R b]
INFO: main.c(268): Covering states |[7131 7580]| == 450
INFO: main.c(275): Reading: /mnt/c/users/robin/onedrive/desktop/cmu/Cebuano/model_parameters/Cebuano.cd_cont_untied/mixture_weights
INFO: s3mixw_io.c(172): Read /mnt/c/users/robin/onedrive/desktop/cmu/Cebuano/model_parameters/Cebuano.cd_cont_untied/mixture_weights [450x1x1 array]
INFO: main.c(311): 150 of 150 models have observation count greater than 0.000010
INFO: main.c(95): nrm stwt: 0.045 0.909 0.045 
INFO: s3gau_io.c(168): Read /mnt/c/users/robin/onedrive/desktop/cmu/Cebuano/model_parameters/Cebuano.cd_cont_untied/means [23232x1x1 array]
INFO: s3gau_io.c(168): Read /mnt/c/users/robin/onedrive/desktop/cmu/Cebuano/model_parameters/Cebuano.cd_cont_untied/variances [23232x1x1 array]
INFO: main.c(549): Reading: /mnt/c/users/robin/onedrive/desktop/cmu/Cebuano/model_architecture/Cebuano.tree_questions
INFO: main.c(587): 180 total simple questions (172 phone; 8 word bndry)
INFO: main.c(589): 42 Left Only questions, and 42 Right Only questions
INFO: dtree.c(1478): Final simple tree
|( QUESTION0_6_R 1 -1.652e+06 1.745e+04 7.653e+03
|    ( QUESTION2_19_L -1 -1.622e+05 3.562e+03 7.020e+02
|        ( - -1.033e+05 2 0 WDBNDRY_B 0 1.591e+03 4.575e+02)
|        ( - -5.536e+04 13 0 SILENCE -1 7.273e+02 2.445e+02))
|    ( QUESTION13 1 -1.472e+06 1.095e+04 6.951e+03
|        ( QUESTION0_9_R 1 -6.908e+05 3.058e+03 3.388e+03
|            ( - -2.184e+05 20 0 QUESTION14 -1 1.291e+03 1.103e+03)
|            ( WDBNDRY_B 0 -4.693e+05 2.298e+03 2.285e+03
|                ( - -2.610e+05 14 0 QUESTION13 -1 2.588e+03 1.263e+03)
|                ( - -2.060e+05 17 0 QUESTION2_0_L -1 1.054e+03 1.021e+03)))
|        ( QUESTION11 1 -7.708e+05 3.116e+03 3.564e+03
|            ( - -4.697e+05 31 0 QUESTION2_13_L -1 1.138e+03 2.222e+03)
|            ( QUESTION0_0_R 1 -2.979e+05 2.519e+03 1.342e+03
|                ( - -2.498e+05 45 0 QUESTION2 -1 1.100e+03 1.141e+03)
|                ( - -4.559e+04 8 0 QUESTION15 -1 5.362e+02 2.009e+02)))))
s>    ( QUESTION0_6_R 1 -1.652e+06 1.745e+04 7.653e+03
s>        ( QUESTION2_19_L -1 -1.622e+05 3.562e+03 7.020e+02
s>            ( - -1.033e+05 2 0 WDBNDRY_B 0 1.591e+03 4.575e+02)
s>            ( - -5.536e+04 13 0 SILENCE -1 7.273e+02 2.445e+02))
s>        ( QUESTION13 1 -1.472e+06 1.095e+04 6.951e+03
s>            ( QUESTION0_9_R 1 -6.908e+05 3.058e+03 3.388e+03
s>                ( - -2.184e+05 20 0 QUESTION14 -1 1.291e+03 1.103e+03)
s>                ( WDBNDRY_B 0 -4.693e+05 2.298e+03 2.285e+03
s>                    ( - -2.610e+05 14 0 QUESTION13 -1 2.588e+03 1.263e+03)
s>                    ( - -2.060e+05 17 0 QUESTION2_0_L -1 1.054e+03 1.021e+03)))
s>            ( QUESTION11 1 -7.708e+05 3.116e+03 3.564e+03
s>                ( - -4.697e+05 31 0 QUESTION2_13_L -1 1.138e+03 2.222e+03)
s>                ( QUESTION0_0_R 1 -2.979e+05 2.519e+03 1.342e+03
s>                    ( - -2.498e+05 45 0 QUESTION2 -1 1.100e+03 1.141e+03)
s>                    ( - -4.559e+04 8 0 QUESTION15 -1 5.362e+02 2.009e+02)))))INFO: dtree.c(1315): Comp split 0
INFO: dtree.c(1439): stop. leaf nodes are specific
INFO: dtree.c(1478): Final simple tree
|( WDBNDRY_B 0 -1.033e+05 1.591e+03 4.575e+02
|    ( - -8.537e+03 1 0)
|    ( - -9.320e+04 1 0))
s>    ( WDBNDRY_B 0 -1.033e+05 1.591e+03 4.575e+02
s>        ( - -8.537e+03 1 0)
s>        ( - -9.320e+04 1 0))INFO: dtree.c(1478): Final simple tree
|( QUESTION13 1 -1.530e+06 1.188e+04 7.196e+03
|    ( QUESTION0_9_R 1 -6.908e+05 3.058e+03 3.388e+03
|        ( QUESTION14 -1 -2.184e+05 1.291e+03 1.103e+03
|            ( - -4.273e+04 1 0)
|            ( - -1.744e+05 19 0 QUESTION7 -1 8.810e+02 8.689e+02))
|        ( WDBNDRY_B 0 -4.693e+05 2.298e+03 2.285e+03
|            ( QUESTION13 -1 -2.610e+05 2.588e+03 1.263e+03
|                ( - -7.048e+04 3 0 QUESTION2_0_L -1 5.669e+02 3.577e+02)
|                ( - -1.879e+05 11 0 QUESTION11 -1 4.050e+02 9.057e+02))
|            ( - -2.060e+05 17 0 QUESTION2_0_L -1 1.054e+03 1.021e+03)))
|    ( QUESTION11 1 -8.277e+05 3.821e+03 3.808e+03
|        ( - -4.697e+05 31 0 QUESTION2_13_L -1 1.138e+03 2.222e+03)
|        ( QUESTION0_0_R 1 -3.542e+05 2.506e+03 1.586e+03
|            ( - -3.061e+05 58 0 QUESTION9 -1 1.068e+03 1.385e+03)
|            ( - -4.559e+04 8 0 QUESTION15 -1 5.362e+02 2.009e+02))))
s>    ( QUESTION13 1 -1.530e+06 1.188e+04 7.196e+03
s>        ( QUESTION0_9_R 1 -6.908e+05 3.058e+03 3.388e+03
s>            ( QUESTION14 -1 -2.184e+05 1.291e+03 1.103e+03
s>                ( - -4.273e+04 1 0)
s>                ( - -1.744e+05 19 0 QUESTION7 -1 8.810e+02 8.689e+02))
s>            ( WDBNDRY_B 0 -4.693e+05 2.298e+03 2.285e+03
s>                ( QUESTION13 -1 -2.610e+05 2.588e+03 1.263e+03
s>                    ( - -7.048e+04 3 0 QUESTION2_0_L -1 5.669e+02 3.577e+02)
s>                    ( - -1.879e+05 11 0 QUESTION11 -1 4.050e+02 9.057e+02))
s>                ( - -2.060e+05 17 0 QUESTION2_0_L -1 1.054e+03 1.021e+03)))
s>        ( QUESTION11 1 -8.277e+05 3.821e+03 3.808e+03
s>            ( - -4.697e+05 31 0 QUESTION2_13_L -1 1.138e+03 2.222e+03)
s>            ( QUESTION0_0_R 1 -3.542e+05 2.506e+03 1.586e+03
s>                ( - -3.061e+05 58 0 QUESTION9 -1 1.068e+03 1.385e+03)
s>                ( - -4.559e+04 8 0 QUESTION15 -1 5.362e+02 2.009e+02))))INFO: dtree.c(1315): Comp split 1
INFO: dtree.c(1478): Final simple tree
|( QUESTION0_9_R 1 -6.908e+05 3.058e+03 3.388e+03
|    ( QUESTION14 -1 -2.184e+05 1.291e+03 1.103e+03
|        ( - -4.273e+04 1 0)
|        ( QUESTION7 -1 -1.744e+05 8.810e+02 8.689e+02
|            ( - -6.255e+04 1 0)
|            ( - -1.110e+05 18 0 QUESTION17 -1 5.514e+02 5.463e+02)))
|    ( WDBNDRY_B 0 -4.693e+05 2.298e+03 2.285e+03
|        ( QUESTION13 -1 -2.610e+05 2.588e+03 1.263e+03
|            ( - -7.048e+04 3 0 QUESTION2_0_L -1 5.669e+02 3.577e+02)
|            ( - -1.879e+05 11 0 QUESTION11 -1 4.050e+02 9.057e+02))
|        ( QUESTION2_0_L -1 -2.060e+05 1.054e+03 1.021e+03
|            ( QUESTION2_11_L -1 -1.870e+05 7.290e+02 9.247e+02
|                ( - -1.557e+04 2 0)
|                ( - -1.707e+05 13 0 QUESTION2_14_L -1 6.490e+02 8.454e+02))
|            ( - -1.794e+04 2 0))))
s>    ( QUESTION0_9_R 1 -6.908e+05 3.058e+03 3.388e+03
s>        ( QUESTION14 -1 -2.184e+05 1.291e+03 1.103e+03
s>            ( - -4.273e+04 1 0)
s>            ( QUESTION7 -1 -1.744e+05 8.810e+02 8.689e+02
s>                ( - -6.255e+04 1 0)
s>                ( - -1.110e+05 18 0 QUESTION17 -1 5.514e+02 5.463e+02)))
s>        ( WDBNDRY_B 0 -4.693e+05 2.298e+03 2.285e+03
s>            ( QUESTION13 -1 -2.610e+05 2.588e+03 1.263e+03
s>                ( - -7.048e+04 3 0 QUESTION2_0_L -1 5.669e+02 3.577e+02)
s>                ( - -1.879e+05 11 0 QUESTION11 -1 4.050e+02 9.057e+02))
s>            ( QUESTION2_0_L -1 -2.060e+05 1.054e+03 1.021e+03
s>                ( QUESTION2_11_L -1 -1.870e+05 7.290e+02 9.247e+02
s>                    ( - -1.557e+04 2 0)
s>                    ( - -1.707e+05 13 0 QUESTION2_14_L -1 6.490e+02 8.454e+02))
s>                ( - -1.794e+04 2 0))))INFO: dtree.c(1478): Final simple tree
|( QUESTION11 1 -8.277e+05 3.821e+03 3.808e+03
|    ( QUESTION2_13_L -1 -4.697e+05 1.138e+03 2.222e+03
|        ( QUESTION14 -1 -1.288e+05 1.073e+03 6.016e+02
|            ( - -2.642e+04 2 0)
|            ( QUESTION2_14_L -1 -1.013e+05 8.978e+02 4.820e+02
|                ( - -3.566e+04 3 0 WDBNDRY_B 0 4.564e+02 1.798e+02)
|                ( - -6.475e+04 5 0 QUESTION0_0_R 1 2.544e+02 3.022e+02)))
|        ( QUESTION2 -1 -3.398e+05 1.028e+03 1.620e+03
|            ( - -1.471e+05 4 0 QUESTION0_0_R 1 6.269e+02 6.954e+02)
|            ( - -1.916e+05 17 0 QUESTION2_1_L -1 7.738e+02 9.250e+02)))
|    ( QUESTION0_0_R 1 -3.542e+05 2.506e+03 1.586e+03
|        ( QUESTION9 -1 -3.061e+05 1.068e+03 1.385e+03
|            ( - -1.761e+05 38 0 QUESTION0_4_R 1 8.611e+02 8.142e+02)
|            ( - -1.290e+05 20 0 QUESTION0 -1 7.286e+02 5.711e+02))
|        ( - -4.559e+04 8 0 QUESTION15 -1 5.362e+02 2.009e+02)))
s>    ( QUESTION11 1 -8.277e+05 3.821e+03 3.808e+03
s>        ( QUESTION2_13_L -1 -4.697e+05 1.138e+03 2.222e+03
s>            ( QUESTION14 -1 -1.288e+05 1.073e+03 6.016e+02
s>                ( - -2.642e+04 2 0)
s>                ( QUESTION2_14_L -1 -1.013e+05 8.978e+02 4.820e+02
s>                    ( - -3.566e+04 3 0 WDBNDRY_B 0 4.564e+02 1.798e+02)
s>                    ( - -6.475e+04 5 0 QUESTION0_0_R 1 2.544e+02 3.022e+02)))
s>            ( QUESTION2 -1 -3.398e+05 1.028e+03 1.620e+03
s>                ( - -1.471e+05 4 0 QUESTION0_0_R 1 6.269e+02 6.954e+02)
s>                ( - -1.916e+05 17 0 QUESTION2_1_L -1 7.738e+02 9.250e+02)))
s>        ( QUESTION0_0_R 1 -3.542e+05 2.506e+03 1.586e+03
s>            ( QUESTION9 -1 -3.061e+05 1.068e+03 1.385e+03
s>                ( - -1.761e+05 38 0 QUESTION0_4_R 1 8.611e+02 8.142e+02)
s>                ( - -1.290e+05 20 0 QUESTION0 -1 7.286e+02 5.711e+02))
s>            ( - -4.559e+04 8 0 QUESTION15 -1 5.362e+02 2.009e+02)))INFO: dtree.c(1315): Comp split 2
INFO: dtree.c(1478): Final simple tree
|( WDBNDRY_B 0 -3.610e+05 2.377e+03 1.751e+03
|    ( QUESTION11 -1 -1.879e+05 4.050e+02 9.057e+02
|        ( - -3.952e+04 1 0)
|        ( QUESTION0 -1 -1.480e+05 3.411e+02 7.127e+02
|            ( - -1.018e+05 4 0 QUESTION2_0_L -1 2.796e+02 4.877e+02)
|            ( QUESTION2_10_L -1 -4.581e+04 3.188e+02 2.250e+02
|                ( - -6.502e+03 2 0)
|                ( - -3.899e+04 4 0 QUESTION2_6_L -1 2.230e+02 1.920e+02))))
|    ( QUESTION2_14_L -1 -1.707e+05 6.490e+02 8.454e+02
|        ( - -4.305e+03 1 0)
|        ( QUESTION3 -1 -1.658e+05 4.646e+02 8.199e+02
|            ( - -2.177e+03 1 0)
|            ( QUESTION8 -1 -1.632e+05 4.468e+02 8.059e+02
|                ( - -3.612e+03 1 0)
|                ( - -1.591e+05 10 0 QUESTION10 -1 3.146e+02 7.849e+02)))))
s>    ( WDBNDRY_B 0 -3.610e+05 2.377e+03 1.751e+03
s>        ( QUESTION11 -1 -1.879e+05 4.050e+02 9.057e+02
s>            ( - -3.952e+04 1 0)
s>            ( QUESTION0 -1 -1.480e+05 3.411e+02 7.127e+02
s>                ( - -1.018e+05 4 0 QUESTION2_0_L -1 2.796e+02 4.877e+02)
s>                ( QUESTION2_10_L -1 -4.581e+04 3.188e+02 2.250e+02
s>                    ( - -6.502e+03 2 0)
s>                    ( - -3.899e+04 4 0 QUESTION2_6_L -1 2.230e+02 1.920e+02))))
s>        ( QUESTION2_14_L -1 -1.707e+05 6.490e+02 8.454e+02
s>            ( - -4.305e+03 1 0)
s>            ( QUESTION3 -1 -1.658e+05 4.646e+02 8.199e+02
s>                ( - -2.177e+03 1 0)
s>                ( QUESTION8 -1 -1.632e+05 4.468e+02 8.059e+02
s>                    ( - -3.612e+03 1 0)
s>                    ( - -1.591e+05 10 0 QUESTION10 -1 3.146e+02 7.849e+02)))))INFO: dtree.c(1478): Final simple tree
|( QUESTION2_14_L -1 -3.248e+05 1.553e+03 1.636e+03
|    ( - -4.792e+04 1 0)
|    ( QUESTION14 -1 -2.754e+05 1.216e+03 1.389e+03
|        ( - -4.928e+04 2 0 QUESTION0_9_R 1 3.211e+02 2.671e+02)
|        ( QUESTION7 -1 -2.249e+05 9.511e+02 1.122e+03
|            ( - -6.255e+04 1 0)
|            ( QUESTION9 -1 -1.614e+05 5.381e+02 7.992e+02
|                ( QUESTION2_12_L -1 -1.115e+05 5.310e+02 5.575e+02
|                    ( - -1.583e+04 2 0)
|                    ( QUESTION0_9_R 1 -9.512e+04 5.282e+02 4.739e+02
|                        ( - -4.470e+04 9 0 QUESTION18 -1 3.496e+02 2.210e+02)
|                        ( QUESTION12 -1 -4.989e+04 5.220e+02 2.530e+02
|                            ( - -1.794e+04 2 0)
|                            ( - -3.143e+04 3 0 WDBNDRY_B 0 3.729e+02 1.563e+02))))
|                ( - -4.934e+04 7 0 QUESTION2_0_L -1 3.797e+02 2.418e+02)))))
s>    ( QUESTION2_14_L -1 -3.248e+05 1.553e+03 1.636e+03
s>        ( - -4.792e+04 1 0)
s>        ( QUESTION14 -1 -2.754e+05 1.216e+03 1.389e+03
s>            ( - -4.928e+04 2 0 QUESTION0_9_R 1 3.211e+02 2.671e+02)
s>            ( QUESTION7 -1 -2.249e+05 9.511e+02 1.122e+03
s>                ( - -6.255e+04 1 0)
s>                ( QUESTION9 -1 -1.614e+05 5.381e+02 7.992e+02
s>                    ( QUESTION2_12_L -1 -1.115e+05 5.310e+02 5.575e+02
s>                        ( - -1.583e+04 2 0)
s>                        ( QUESTION0_9_R 1 -9.512e+04 5.282e+02 4.739e+02
s>                            ( - -4.470e+04 9 0 QUESTION18 -1 3.496e+02 2.210e+02)
s>                            ( QUESTION12 -1 -4.989e+04 5.220e+02 2.530e+02
s>                                ( - -1.794e+04 2 0)
s>                                ( - -3.143e+04 3 0 WDBNDRY_B 0 3.729e+02 1.563e+02))))
s>                    ( - -4.934e+04 7 0 QUESTION2_0_L -1 3.797e+02 2.418e+02)))))INFO: dtree.c(1315): Comp split 3
INFO: dtree.c(1478): Final simple tree
|( QUESTION2_13_L -1 -4.697e+05 1.138e+03 2.222e+03
|    ( QUESTION14 -1 -1.288e+05 1.073e+03 6.016e+02
|        ( - -2.642e+04 2 0)
|        ( QUESTION2_14_L -1 -1.013e+05 8.978e+02 4.820e+02
|            ( - -3.566e+04 3 0 WDBNDRY_B 0 4.564e+02 1.798e+02)
|            ( - -6.475e+04 5 0 QUESTION0_0_R 1 2.544e+02 3.022e+02)))
|    ( QUESTION2 -1 -3.398e+05 1.028e+03 1.620e+03
|        ( QUESTION0_0_R 1 -1.471e+05 6.269e+02 6.954e+02
|            ( - -1.262e+05 3 0 QUESTION3 -1 1.500e+02 5.942e+02)
|            ( - -2.024e+04 1 0))
|        ( QUESTION2_1_L -1 -1.916e+05 7.738e+02 9.250e+02
|            ( QUESTION12 -1 -1.538e+05 5.597e+02 7.418e+02
|                ( - -2.567e+04 2 0)
|                ( - -1.276e+05 8 0 QUESTION10 -1 3.712e+02 6.129e+02))
|            ( - -3.706e+04 7 0 SILENCE -1 3.351e+02 1.832e+02))))
s>    ( QUESTION2_13_L -1 -4.697e+05 1.138e+03 2.222e+03
s>        ( QUESTION14 -1 -1.288e+05 1.073e+03 6.016e+02
s>            ( - -2.642e+04 2 0)
s>            ( QUESTION2_14_L -1 -1.013e+05 8.978e+02 4.820e+02
s>                ( - -3.566e+04 3 0 WDBNDRY_B 0 4.564e+02 1.798e+02)
s>                ( - -6.475e+04 5 0 QUESTION0_0_R 1 2.544e+02 3.022e+02)))
s>        ( QUESTION2 -1 -3.398e+05 1.028e+03 1.620e+03
s>            ( QUESTION0_0_R 1 -1.471e+05 6.269e+02 6.954e+02
s>                ( - -1.262e+05 3 0 QUESTION3 -1 1.500e+02 5.942e+02)
s>                ( - -2.024e+04 1 0))
s>            ( QUESTION2_1_L -1 -1.916e+05 7.738e+02 9.250e+02
s>                ( QUESTION12 -1 -1.538e+05 5.597e+02 7.418e+02
s>                    ( - -2.567e+04 2 0)
s>                    ( - -1.276e+05 8 0 QUESTION10 -1 3.712e+02 6.129e+02))
s>                ( - -3.706e+04 7 0 SILENCE -1 3.351e+02 1.832e+02))))INFO: dtree.c(1478): Final simple tree
|( QUESTION0_0_R 1 -3.542e+05 2.506e+03 1.586e+03
|    ( QUESTION9 -1 -3.061e+05 1.068e+03 1.385e+03
|        ( QUESTION0_4_R 1 -1.761e+05 8.611e+02 8.142e+02
|            ( - -5.001e+04 16 0 QUESTION0_5_R 1 5.765e+02 2.323e+02)
|            ( QUESTION10 -1 -1.252e+05 6.398e+02 5.818e+02
|                ( - -7.191e+04 9 0 QUESTION0_1_R 1 4.594e+02 3.314e+02)
|                ( - -5.264e+04 13 0 QUESTION2_14_L -1 4.141e+02 2.504e+02)))
|        ( QUESTION0 -1 -1.290e+05 7.286e+02 5.711e+02
|            ( WDBNDRY_B 0 -4.289e+04 6.139e+02 1.976e+02
|                ( - -2.925e+04 7 0 QUESTION0_1_R 1 2.895e+02 1.340e+02)
|                ( - -1.303e+04 3 0 QUESTION0_3_R 1 2.948e+02 6.368e+01))
|            ( QUESTION0_5_R 1 -8.536e+04 6.216e+02 3.734e+02
|                ( - -1.434e+04 1 0)
|                ( - -7.040e+04 9 0 QUESTION0_1_R 1 4.906e+02 3.121e+02))))
|    ( - -4.559e+04 8 0 QUESTION15 -1 5.362e+02 2.009e+02))
s>    ( QUESTION0_0_R 1 -3.542e+05 2.506e+03 1.586e+03
s>        ( QUESTION9 -1 -3.061e+05 1.068e+03 1.385e+03
s>            ( QUESTION0_4_R 1 -1.761e+05 8.611e+02 8.142e+02
s>                ( - -5.001e+04 16 0 QUESTION0_5_R 1 5.765e+02 2.323e+02)
s>                ( QUESTION10 -1 -1.252e+05 6.398e+02 5.818e+02
s>                    ( - -7.191e+04 9 0 QUESTION0_1_R 1 4.594e+02 3.314e+02)
s>                    ( - -5.264e+04 13 0 QUESTION2_14_L -1 4.141e+02 2.504e+02)))
s>            ( QUESTION0 -1 -1.290e+05 7.286e+02 5.711e+02
s>                ( WDBNDRY_B 0 -4.289e+04 6.139e+02 1.976e+02
s>                    ( - -2.925e+04 7 0 QUESTION0_1_R 1 2.895e+02 1.340e+02)
s>                    ( - -1.303e+04 3 0 QUESTION0_3_R 1 2.948e+02 6.368e+01))
s>                ( QUESTION0_5_R 1 -8.536e+04 6.216e+02 3.734e+02
s>                    ( - -1.434e+04 1 0)
s>                    ( - -7.040e+04 9 0 QUESTION0_1_R 1 4.906e+02 3.121e+02))))
s>        ( - -4.559e+04 8 0 QUESTION15 -1 5.362e+02 2.009e+02))INFO: dtree.c(1315): Comp split 4
INFO: dtree.c(1478): Final simple tree
|( QUESTION8 -1 -1.698e+05 4.405e+02 8.388e+02
|    ( - -3.612e+03 1 0)
|    ( QUESTION10 -1 -1.658e+05 3.127e+02 8.179e+02
|        ( WDBNDRY_B 0 -1.561e+05 1.948e+02 7.709e+02
|            ( - -6.502e+03 2 0)
|            ( - -1.494e+05 4 0))
|        ( QUESTION2_13_L -1 -9.346e+03 2.764e+02 4.700e+01
|            ( QUESTION0 -1 -4.797e+03 2.536e+02 2.600e+01
|                ( - -1.690e+03 1 0)
|                ( - -2.853e+03 1 0))
|            ( QUESTION2 -1 -4.273e+03 2.729e+02 2.100e+01
|                ( - -1.918e+02 1 0)
|                ( QUESTION13 -1 -3.808e+03 2.042e+02 1.900e+01
|                    ( - -3.707e+02 1 0)
|                    ( - -3.234e+03 2 0 QUESTION0 -1 1.457e+02 1.600e+01))))))
s>    ( QUESTION8 -1 -1.698e+05 4.405e+02 8.388e+02
s>        ( - -3.612e+03 1 0)
s>        ( QUESTION10 -1 -1.658e+05 3.127e+02 8.179e+02
s>            ( WDBNDRY_B 0 -1.561e+05 1.948e+02 7.709e+02
s>                ( - -6.502e+03 2 0)
s>                ( - -1.494e+05 4 0))
s>            ( QUESTION2_13_L -1 -9.346e+03 2.764e+02 4.700e+01
s>                ( QUESTION0 -1 -4.797e+03 2.536e+02 2.600e+01
s>                    ( - -1.690e+03 1 0)
s>                    ( - -2.853e+03 1 0))
s>                ( QUESTION2 -1 -4.273e+03 2.729e+02 2.100e+01
s>                    ( - -1.918e+02 1 0)
s>                    ( QUESTION13 -1 -3.808e+03 2.042e+02 1.900e+01
s>                        ( - -3.707e+02 1 0)
s>                        ( - -3.234e+03 2 0 QUESTION0 -1 1.457e+02 1.600e+01))))))INFO: dtree.c(1478): Final simple tree
|( QUESTION13 -1 -1.886e+05 5.417e+02 9.123e+02
|    ( - -4.305e+03 1 0)
|    ( QUESTION11 -1 -1.838e+05 4.246e+02 8.868e+02
|        ( - -3.952e+04 1 0)
|        ( QUESTION0 -1 -1.438e+05 4.377e+02 6.937e+02
|            ( QUESTION2_0_L -1 -1.018e+05 2.796e+02 4.877e+02
|                ( - -1.005e+05 3 0)
|                ( - -1.079e+03 1 0))
|            ( WDBNDRY_B 0 -4.156e+04 3.898e+02 2.060e+02
|                ( QUESTION2_6_L -1 -3.899e+04 2.230e+02 1.920e+02
|                    ( - -1.152e+04 1 0)
|                    ( QUESTION3 -1 -2.725e+04 1.484e+02 1.350e+02
|                        ( - -3.754e+03 1 0)
|                        ( - -2.334e+04 2 0 QUESTION2 -1 1.486e+02 1.163e+02)))
|                ( - -2.177e+03 1 0)))))
s>    ( QUESTION13 -1 -1.886e+05 5.417e+02 9.123e+02
s>        ( - -4.305e+03 1 0)
s>        ( QUESTION11 -1 -1.838e+05 4.246e+02 8.868e+02
s>            ( - -3.952e+04 1 0)
s>            ( QUESTION0 -1 -1.438e+05 4.377e+02 6.937e+02
s>                ( QUESTION2_0_L -1 -1.018e+05 2.796e+02 4.877e+02
s>                    ( - -1.005e+05 3 0)
s>                    ( - -1.079e+03 1 0))
s>                ( WDBNDRY_B 0 -4.156e+04 3.898e+02 2.060e+02
s>                    ( QUESTION2_6_L -1 -3.899e+04 2.230e+02 1.920e+02
s>                        ( - -1.152e+04 1 0)
s>                        ( QUESTION3 -1 -2.725e+04 1.484e+02 1.350e+02
s>                            ( - -3.754e+03 1 0)
s>                            ( - -2.334e+04 2 0 QUESTION2 -1 1.486e+02 1.163e+02)))
s>                    ( - -2.177e+03 1 0)))))INFO: dtree.c(1315): Comp split 5
INFO: dtree.c(1439): stop. leaf nodes are specific
INFO: dtree.c(1478): Final simple tree
|( QUESTION15 -1 -4.559e+04 5.362e+02 2.009e+02
|    ( - -2.573e+04 1 0)
|    ( QUESTION0 -1 -1.932e+04 4.789e+02 8.687e+01
|        ( - 2.414e+02 1 0)
|        ( SILENCE -1 -1.908e+04 2.799e+02 8.587e+01
|            ( - -8.574e+02 1 0)
|            ( QUESTION2_9_L -1 -1.795e+04 2.357e+02 8.087e+01
|                ( - -4.425e+03 2 0)
|                ( QUESTION13 -1 -1.329e+04 2.108e+02 5.987e+01
|                    ( - -1.017e+03 1 0)
|                    ( QUESTION10 -1 -1.206e+04 1.166e+02 5.487e+01
|                        ( - -4.423e+03 1 0)
|                        ( - -7.520e+03 1 0)))))))
s>    ( QUESTION15 -1 -4.559e+04 5.362e+02 2.009e+02
s>        ( - -2.573e+04 1 0)
s>        ( QUESTION0 -1 -1.932e+04 4.789e+02 8.687e+01
s>            ( - 2.414e+02 1 0)
s>            ( SILENCE -1 -1.908e+04 2.799e+02 8.587e+01
s>                ( - -8.574e+02 1 0)
s>                ( QUESTION2_9_L -1 -1.795e+04 2.357e+02 8.087e+01
s>                    ( - -4.425e+03 2 0)
s>                    ( QUESTION13 -1 -1.329e+04 2.108e+02 5.987e+01
s>                        ( - -1.017e+03 1 0)
s>                        ( QUESTION10 -1 -1.206e+04 1.166e+02 5.487e+01
s>                            ( - -4.423e+03 1 0)
s>                            ( - -7.520e+03 1 0)))))))INFO: dtree.c(1478): Final simple tree
|( QUESTION9 -1 -3.061e+05 1.068e+03 1.385e+03
|    ( QUESTION0_4_R 1 -1.761e+05 8.611e+02 8.142e+02
|        ( QUESTION0_5_R 1 -5.001e+04 5.765e+02 2.323e+02
|            ( - -3.598e+04 12 0 QUESTION2_6_L -1 4.625e+02 1.625e+02)
|            ( - -1.346e+04 4 0 QUESTION12 -1 3.590e+02 6.988e+01))
|        ( QUESTION10 -1 -1.252e+05 6.398e+02 5.818e+02
|            ( - -7.191e+04 9 0 QUESTION0_1_R 1 4.594e+02 3.314e+02)
|            ( - -5.264e+04 13 0 QUESTION2_14_L -1 4.141e+02 2.504e+02)))
|    ( QUESTION0 -1 -1.290e+05 7.286e+02 5.711e+02
|        ( WDBNDRY_B 0 -4.289e+04 6.139e+02 1.976e+02
|            ( - -2.925e+04 7 0 QUESTION0_1_R 1 2.895e+02 1.340e+02)
|            ( - -1.303e+04 3 0 QUESTION0_3_R 1 2.948e+02 6.368e+01))
|        ( QUESTION0_5_R 1 -8.536e+04 6.216e+02 3.734e+02
|            ( - -1.434e+04 1 0)
|            ( - -7.040e+04 9 0 QUESTION0_1_R 1 4.906e+02 3.121e+02))))
s>    ( QUESTION9 -1 -3.061e+05 1.068e+03 1.385e+03
s>        ( QUESTION0_4_R 1 -1.761e+05 8.611e+02 8.142e+02
s>            ( QUESTION0_5_R 1 -5.001e+04 5.765e+02 2.323e+02
s>                ( - -3.598e+04 12 0 QUESTION2_6_L -1 4.625e+02 1.625e+02)
s>                ( - -1.346e+04 4 0 QUESTION12 -1 3.590e+02 6.988e+01))
s>            ( QUESTION10 -1 -1.252e+05 6.398e+02 5.818e+02
s>                ( - -7.191e+04 9 0 QUESTION0_1_R 1 4.594e+02 3.314e+02)
s>                ( - -5.264e+04 13 0 QUESTION2_14_L -1 4.141e+02 2.504e+02)))
s>        ( QUESTION0 -1 -1.290e+05 7.286e+02 5.711e+02
s>            ( WDBNDRY_B 0 -4.289e+04 6.139e+02 1.976e+02
s>                ( - -2.925e+04 7 0 QUESTION0_1_R 1 2.895e+02 1.340e+02)
s>                ( - -1.303e+04 3 0 QUESTION0_3_R 1 2.948e+02 6.368e+01))
s>            ( QUESTION0_5_R 1 -8.536e+04 6.216e+02 3.734e+02
s>                ( - -1.434e+04 1 0)
s>                ( - -7.040e+04 9 0 QUESTION0_1_R 1 4.906e+02 3.121e+02))))INFO: dtree.c(1315): Comp split 6
INFO: dtree.c(1478): Final simple tree
|( QUESTION2_5_L -1 -2.488e+05 9.378e+02 1.206e+03
|    ( QUESTION12 -1 -1.538e+05 5.597e+02 7.418e+02
|        ( - -2.567e+04 2 0)
|        ( QUESTION10 -1 -1.276e+05 3.712e+02 6.129e+02
|            ( - -9.299e+04 7 0 QUESTION2_10_L -1 2.543e+02 4.471e+02)
|            ( - -3.421e+04 1 0)))
|    ( QUESTION15 -1 -9.402e+04 7.538e+02 4.642e+02
|        ( WDBNDRY_B 0 -3.566e+04 4.564e+02 1.798e+02
|            ( - -6.685e+03 1 0)
|            ( - -2.852e+04 2 0))
|        ( SILENCE -1 -5.761e+04 3.179e+02 2.844e+02
|            ( - -4.511e+03 2 0)
|            ( QUESTION0_0_R 1 -5.278e+04 3.301e+02 2.604e+02
|                ( - -3.221e+04 5 0 WDBNDRY_B 0 2.357e+02 1.592e+02)
|                ( - -2.024e+04 1 0)))))
s>    ( QUESTION2_5_L -1 -2.488e+05 9.378e+02 1.206e+03
s>        ( QUESTION12 -1 -1.538e+05 5.597e+02 7.418e+02
s>            ( - -2.567e+04 2 0)
s>            ( QUESTION10 -1 -1.276e+05 3.712e+02 6.129e+02
s>                ( - -9.299e+04 7 0 QUESTION2_10_L -1 2.543e+02 4.471e+02)
s>                ( - -3.421e+04 1 0)))
s>        ( QUESTION15 -1 -9.402e+04 7.538e+02 4.642e+02
s>            ( WDBNDRY_B 0 -3.566e+04 4.564e+02 1.798e+02
s>                ( - -6.685e+03 1 0)
s>                ( - -2.852e+04 2 0))
s>            ( SILENCE -1 -5.761e+04 3.179e+02 2.844e+02
s>                ( - -4.511e+03 2 0)
s>                ( QUESTION0_0_R 1 -5.278e+04 3.301e+02 2.604e+02
s>                    ( - -3.221e+04 5 0 WDBNDRY_B 0 2.357e+02 1.592e+02)
s>                    ( - -2.024e+04 1 0)))))INFO: dtree.c(1439): stop. leaf nodes are specific
INFO: dtree.c(1478): Final simple tree
|( QUESTION9 -1 -2.191e+05 9.787e+02 1.016e+03
|    ( QUESTION14 -1 -9.011e+04 7.403e+02 4.128e+02
|        ( - -2.642e+04 2 0)
|        ( QUESTION0_0_R 1 -6.295e+04 2.564e+02 2.932e+02
|            ( - -6.176e+04 3 0)
|            ( - -9.357e+02 1 0)))
|    ( QUESTION3 -1 -1.280e+05 1.731e+02 6.032e+02
|        ( - -1.250e+05 2 0)
|        ( QUESTION0 -1 -2.841e+03 1.280e+02 1.500e+01
|            ( - -1.628e+03 1 0)
|            ( - -1.085e+03 1 0))))
s>    ( QUESTION9 -1 -2.191e+05 9.787e+02 1.016e+03
s>        ( QUESTION14 -1 -9.011e+04 7.403e+02 4.128e+02
s>            ( - -2.642e+04 2 0)
s>            ( QUESTION0_0_R 1 -6.295e+04 2.564e+02 2.932e+02
s>                ( - -6.176e+04 3 0)
s>                ( - -9.357e+02 1 0)))
s>        ( QUESTION3 -1 -1.280e+05 1.731e+02 6.032e+02
s>            ( - -1.250e+05 2 0)
s>            ( QUESTION0 -1 -2.841e+03 1.280e+02 1.500e+01
s>                ( - -1.628e+03 1 0)
s>                ( - -1.085e+03 1 0))))INFO: dtree.c(1315): Comp split 7
INFO: dtree.c(1315): Comp split 8
INFO: dtree.c(1439): stop. leaf nodes are specific
INFO: dtree.c(1478): Final simple tree
|( QUESTION15 -1 -1.170e+05 1.392e+03 6.113e+02
|    ( - -4.792e+04 1 0)
|    ( WDBNDRY_B 0 -6.772e+04 4.895e+02 3.637e+02
|        ( QUESTION0_9_R 1 -4.928e+04 3.211e+02 2.671e+02
|            ( - -4.273e+04 1 0)
|            ( - -6.238e+03 1 0))
|        ( - -1.794e+04 2 0)))
s>    ( QUESTION15 -1 -1.170e+05 1.392e+03 6.113e+02
s>        ( - -4.792e+04 1 0)
s>        ( WDBNDRY_B 0 -6.772e+04 4.895e+02 3.637e+02
s>            ( QUESTION0_9_R 1 -4.928e+04 3.211e+02 2.671e+02
s>                ( - -4.273e+04 1 0)
s>                ( - -6.238e+03 1 0))
s>            ( - -1.794e+04 2 0)))INFO: dtree.c(1478): Final simple tree
|( QUESTION7 -1 -2.062e+05 9.524e+02 1.025e+03
|    ( - -6.255e+04 1 0)
|    ( QUESTION17 -1 -1.427e+05 4.820e+02 7.026e+02
|        ( - -1.845e+04 3 0 QUESTION2_1_L -1 3.533e+02 9.446e+01)
|        ( QUESTION2_9_L -1 -1.238e+05 4.720e+02 6.081e+02
|            ( QUESTION0_9_R 1 -4.553e+04 3.878e+02 2.294e+02
|                ( - -2.957e+04 3 0 QUESTION2_10_L -1 1.729e+02 1.501e+02)
|                ( - -1.557e+04 2 0))
|            ( QUESTION3 -1 -7.780e+04 3.776e+02 3.787e+02
|                ( - -2.014e+04 1 0)
|                ( QUESTION13 -1 -5.728e+04 3.558e+02 2.776e+02
|                    ( WDBNDRY_B 0 -1.819e+04 3.580e+02 9.101e+01
|                        ( - -1.548e+04 1 0)
|                        ( - -2.353e+03 1 0))
|                    ( - -3.873e+04 10 0 SILENCE -1 3.361e+02 1.866e+02))))))
s>    ( QUESTION7 -1 -2.062e+05 9.524e+02 1.025e+03
s>        ( - -6.255e+04 1 0)
s>        ( QUESTION17 -1 -1.427e+05 4.820e+02 7.026e+02
s>            ( - -1.845e+04 3 0 QUESTION2_1_L -1 3.533e+02 9.446e+01)
s>            ( QUESTION2_9_L -1 -1.238e+05 4.720e+02 6.081e+02
s>                ( QUESTION0_9_R 1 -4.553e+04 3.878e+02 2.294e+02
s>                    ( - -2.957e+04 3 0 QUESTION2_10_L -1 1.729e+02 1.501e+02)
s>                    ( - -1.557e+04 2 0))
s>                ( QUESTION3 -1 -7.780e+04 3.776e+02 3.787e+02
s>                    ( - -2.014e+04 1 0)
s>                    ( QUESTION13 -1 -5.728e+04 3.558e+02 2.776e+02
s>                        ( WDBNDRY_B 0 -1.819e+04 3.580e+02 9.101e+01
s>                            ( - -1.548e+04 1 0)
s>                            ( - -2.353e+03 1 0))
s>                        ( - -3.873e+04 10 0 SILENCE -1 3.361e+02 1.866e+02))))))INFO: dtree.c(1315): Comp split 9
INFO: dtree.c(1478): Final simple tree
|( QUESTION2_9_L -1 -1.527e+05 7.390e+02 7.154e+02
|    ( QUESTION0_3_R 1 -7.552e+04 5.467e+02 3.494e+02
|        ( - -5.739e+04 6 0 QUESTION2_10_L -1 3.116e+02 2.632e+02)
|        ( QUESTION2_10_L -1 -1.759e+04 4.369e+02 8.623e+01
|            ( - -6.558e+03 2 0)
|            ( - -1.059e+04 2 0 QUESTION0_1_R 1 2.975e+02 5.527e+01)))
|    ( QUESTION0_4_R 1 -7.648e+04 5.320e+02 3.659e+02
|        ( QUESTION12 -1 -1.561e+04 3.831e+02 7.957e+01
|            ( - -1.428e+03 1 0)
|            ( - -1.380e+04 3 0 QUESTION10 -1 2.934e+02 7.057e+01))
|        ( QUESTION2_14_L -1 -6.033e+04 4.180e+02 2.864e+02
|            ( - -1.569e+04 3 0 QUESTION2 1 2.001e+02 7.669e+01)
|            ( QUESTION2 1 -4.422e+04 3.271e+02 2.097e+02
|                ( - -7.233e+03 1 0)
|                ( - -3.666e+04 11 0 QUESTION2_1_L -1 2.492e+02 1.747e+02)))))
s>    ( QUESTION2_9_L -1 -1.527e+05 7.390e+02 7.154e+02
s>        ( QUESTION0_3_R 1 -7.552e+04 5.467e+02 3.494e+02
s>            ( - -5.739e+04 6 0 QUESTION2_10_L -1 3.116e+02 2.632e+02)
s>            ( QUESTION2_10_L -1 -1.759e+04 4.369e+02 8.623e+01
s>                ( - -6.558e+03 2 0)
s>                ( - -1.059e+04 2 0 QUESTION0_1_R 1 2.975e+02 5.527e+01)))
s>        ( QUESTION0_4_R 1 -7.648e+04 5.320e+02 3.659e+02
s>            ( QUESTION12 -1 -1.561e+04 3.831e+02 7.957e+01
s>                ( - -1.428e+03 1 0)
s>                ( - -1.380e+04 3 0 QUESTION10 -1 2.934e+02 7.057e+01))
s>            ( QUESTION2_14_L -1 -6.033e+04 4.180e+02 2.864e+02
s>                ( - -1.569e+04 3 0 QUESTION2 1 2.001e+02 7.669e+01)
s>                ( QUESTION2 1 -4.422e+04 3.271e+02 2.097e+02
s>                    ( - -7.233e+03 1 0)
s>                    ( - -3.666e+04 11 0 QUESTION2_1_L -1 2.492e+02 1.747e+02)))))INFO: dtree.c(1478): Final simple tree
|( QUESTION0 -1 -1.518e+05 7.089e+02 6.698e+02
|    ( - -2.925e+04 7 0 QUESTION0_1_R 1 2.895e+02 1.340e+02)
|    ( QUESTION2_9_L -1 -1.219e+05 6.039e+02 5.359e+02
|        ( WDBNDRY_B 0 -2.052e+04 4.651e+02 9.880e+01
|            ( - 2.207e+02 1 0)
|            ( - -2.028e+04 6 0 QUESTION0_7_R 1 3.474e+02 9.780e+01))
|        ( QUESTION0_1_R 1 -1.008e+05 5.667e+02 4.371e+02
|            ( WDBNDRY_B 0 -2.498e+04 5.679e+02 1.129e+02
|                ( - -7.862e+03 1 0)
|                ( - -1.655e+04 2 0))
|            ( SILENCE -1 -7.522e+04 5.141e+02 3.242e+02
|                ( - -1.434e+04 1 0)
|                ( QUESTION2_5_L -1 -6.036e+04 4.663e+02 2.629e+02
|                    ( - 1.587e+02 1 0)
|                    ( - -6.006e+04 10 0 QUESTION0_7_R 1 4.450e+02 2.619e+02))))))
s>    ( QUESTION0 -1 -1.518e+05 7.089e+02 6.698e+02
s>        ( - -2.925e+04 7 0 QUESTION0_1_R 1 2.895e+02 1.340e+02)
s>        ( QUESTION2_9_L -1 -1.219e+05 6.039e+02 5.359e+02
s>            ( WDBNDRY_B 0 -2.052e+04 4.651e+02 9.880e+01
s>                ( - 2.207e+02 1 0)
s>                ( - -2.028e+04 6 0 QUESTION0_7_R 1 3.474e+02 9.780e+01))
s>            ( QUESTION0_1_R 1 -1.008e+05 5.667e+02 4.371e+02
s>                ( WDBNDRY_B 0 -2.498e+04 5.679e+02 1.129e+02
s>                    ( - -7.862e+03 1 0)
s>                    ( - -1.655e+04 2 0))
s>                ( SILENCE -1 -7.522e+04 5.141e+02 3.242e+02
s>                    ( - -1.434e+04 1 0)
s>                    ( QUESTION2_5_L -1 -6.036e+04 4.663e+02 2.629e+02
s>                        ( - 1.587e+02 1 0)
s>                        ( - -6.006e+04 10 0 QUESTION0_7_R 1 4.450e+02 2.619e+02))))))INFO: dtree.c(1315): Comp split 10
INFO: dtree.c(1439): stop. leaf nodes are specific
INFO: dtree.c(1478): Final simple tree
|( WDBNDRY_B 0 -6.117e+04 4.997e+02 3.306e+02
|    ( - -4.273e+04 1 0)
|    ( - -1.794e+04 2 0))
s>    ( WDBNDRY_B 0 -6.117e+04 4.997e+02 3.306e+02
s>        ( - -4.273e+04 1 0)
s>        ( - -1.794e+04 2 0))INFO: dtree.c(1439): stop. leaf nodes are specific
INFO: dtree.c(1478): Final simple tree
|( QUESTION14 -1 -5.446e+04 3.059e+02 2.807e+02
|    ( - -6.238e+03 1 0)
|    ( - -4.792e+04 1 0))
s>    ( QUESTION14 -1 -5.446e+04 3.059e+02 2.807e+02
s>        ( - -6.238e+03 1 0)
s>        ( - -4.792e+04 1 0))INFO: dtree.c(1315): Comp split 11
INFO: dtree.c(1439): stop. leaf nodes are specific
INFO: dtree.c(1478): Final simple tree
|( QUESTION2_1_L -1 -1.569e+05 7.846e+02 7.560e+02
|    ( QUESTION10 -1 -1.276e+05 3.712e+02 6.129e+02
|        ( QUESTION2_10_L -1 -9.299e+04 2.543e+02 4.471e+02
|            ( QUESTION0_0_R 1 -8.287e+04 2.001e+02 3.982e+02
|                ( - -8.225e+04 4 0)
|                ( - -4.148e+02 1 0))
|            ( - -9.870e+03 2 0))
|        ( - -3.421e+04 1 0))
|    ( - -2.852e+04 2 0))
s>    ( QUESTION2_1_L -1 -1.569e+05 7.846e+02 7.560e+02
s>        ( QUESTION10 -1 -1.276e+05 3.712e+02 6.129e+02
s>            ( QUESTION2_10_L -1 -9.299e+04 2.543e+02 4.471e+02
s>                ( QUESTION0_0_R 1 -8.287e+04 2.001e+02 3.982e+02
s>                    ( - -8.225e+04 4 0)
s>                    ( - -4.148e+02 1 0))
s>                ( - -9.870e+03 2 0))
s>            ( - -3.421e+04 1 0))
s>        ( - -2.852e+04 2 0))INFO: dtree.c(1478): Final simple tree
|( SILENCE -1 -9.049e+04 3.345e+02 4.500e+02
|    ( - -4.511e+03 2 0)
|    ( QUESTION0_0_R 1 -8.564e+04 3.354e+02 4.260e+02
|        ( QUESTION2_12_L -1 -6.507e+04 3.052e+02 3.248e+02
|            ( - -1.326e+04 2 0 QUESTION0 -1 1.777e+02 6.850e+01)
|            ( WDBNDRY_B 0 -5.150e+04 2.917e+02 2.563e+02
|                ( QUESTION12 -1 -1.556e+04 2.838e+02 7.940e+01
|                    ( - -8.431e+03 1 0)
|                    ( - -6.843e+03 1 0))
|                ( QUESTION0 -1 -3.565e+04 2.293e+02 1.769e+02
|                    ( - -3.491e+03 1 0)
|                    ( QUESTION2_0_L -1 -3.193e+04 1.950e+02 1.589e+02
|                        ( - -2.567e+04 2 0)
|                        ( - -6.071e+03 1 0)))))
|        ( - -2.024e+04 1 0)))
s>    ( SILENCE -1 -9.049e+04 3.345e+02 4.500e+02
s>        ( - -4.511e+03 2 0)
s>        ( QUESTION0_0_R 1 -8.564e+04 3.354e+02 4.260e+02
s>            ( QUESTION2_12_L -1 -6.507e+04 3.052e+02 3.248e+02
s>                ( - -1.326e+04 2 0 QUESTION0 -1 1.777e+02 6.850e+01)
s>                ( WDBNDRY_B 0 -5.150e+04 2.917e+02 2.563e+02
s>                    ( QUESTION12 -1 -1.556e+04 2.838e+02 7.940e+01
s>                        ( - -8.431e+03 1 0)
s>                        ( - -6.843e+03 1 0))
s>                    ( QUESTION0 -1 -3.565e+04 2.293e+02 1.769e+02
s>                        ( - -3.491e+03 1 0)
s>                        ( QUESTION2_0_L -1 -3.193e+04 1.950e+02 1.589e+02
s>                            ( - -2.567e+04 2 0)
s>                            ( - -6.071e+03 1 0)))))
s>            ( - -2.024e+04 1 0)))INFO: dtree.c(1315): Comp split 12
INFO: dtree.c(1439): stop. leaf nodes are specific
INFO: dtree.c(1478): Final simple tree
|( QUESTION2 -1 -6.521e+04 3.130e+02 3.366e+02
|    ( - -6.255e+04 1 0)
|    ( - -2.353e+03 1 0))
s>    ( QUESTION2 -1 -6.521e+04 3.130e+02 3.366e+02
s>        ( - -6.255e+04 1 0)
s>        ( - -2.353e+03 1 0))INFO: dtree.c(1478): Final simple tree
|( QUESTION13 -1 -1.400e+05 4.845e+02 6.886e+02
|    ( QUESTION2_12_L -1 -3.428e+04 4.803e+02 1.715e+02
|        ( - -1.583e+04 2 0)
|        ( - -1.797e+04 2 0 WDBNDRY_B 0 2.226e+02 8.796e+01))
|    ( QUESTION2_9_L -1 -1.053e+05 4.803e+02 5.171e+02
|        ( QUESTION0_9_R 1 -4.553e+04 3.878e+02 2.294e+02
|            ( - -2.957e+04 3 0 QUESTION2_10_L -1 1.729e+02 1.501e+02)
|            ( - -1.557e+04 2 0))
|        ( QUESTION3 -1 -5.925e+04 3.778e+02 2.877e+02
|            ( - -2.014e+04 1 0)
|            ( SILENCE -1 -3.873e+04 3.361e+02 1.866e+02
|                ( - -9.450e+03 1 0)
|                ( QUESTION2_12_L -1 -2.894e+04 2.891e+02 1.388e+02
|                    ( - -1.427e+04 3 0 WDBNDRY_B 0 1.934e+02 7.097e+01)
|                    ( - -1.438e+04 6 0 QUESTION2_7_L -1 2.699e+02 6.782e+01))))))
s>    ( QUESTION13 -1 -1.400e+05 4.845e+02 6.886e+02
s>        ( QUESTION2_12_L -1 -3.428e+04 4.803e+02 1.715e+02
s>            ( - -1.583e+04 2 0)
s>            ( - -1.797e+04 2 0 WDBNDRY_B 0 2.226e+02 8.796e+01))
s>        ( QUESTION2_9_L -1 -1.053e+05 4.803e+02 5.171e+02
s>            ( QUESTION0_9_R 1 -4.553e+04 3.878e+02 2.294e+02
s>                ( - -2.957e+04 3 0 QUESTION2_10_L -1 1.729e+02 1.501e+02)
s>                ( - -1.557e+04 2 0))
s>            ( QUESTION3 -1 -5.925e+04 3.778e+02 2.877e+02
s>                ( - -2.014e+04 1 0)
s>                ( SILENCE -1 -3.873e+04 3.361e+02 1.866e+02
s>                    ( - -9.450e+03 1 0)
s>                    ( QUESTION2_12_L -1 -2.894e+04 2.891e+02 1.388e+02
s>                        ( - -1.427e+04 3 0 WDBNDRY_B 0 1.934e+02 7.097e+01)
s>                        ( - -1.438e+04 6 0 QUESTION2_7_L -1 2.699e+02 6.782e+01))))))INFO: dtree.c(1315): Comp split 13
INFO: dtree.c(1439): stop. leaf nodes are specific
INFO: dtree.c(1478): Final simple tree
|( QUESTION2_10_L -1 -7.184e+04 3.366e+02 3.292e+02
|    ( QUESTION0_1_R 1 -5.949e+04 3.679e+02 2.732e+02
|        ( - -6.558e+03 2 0)
|        ( - -5.257e+04 4 0))
|    ( QUESTION2 1 -1.202e+04 2.674e+02 5.598e+01
|        ( - -7.233e+03 1 0)
|        ( - -4.514e+03 2 0)))
s>    ( QUESTION2_10_L -1 -7.184e+04 3.366e+02 3.292e+02
s>        ( QUESTION0_1_R 1 -5.949e+04 3.679e+02 2.732e+02
s>            ( - -6.558e+03 2 0)
s>            ( - -5.257e+04 4 0))
s>        ( QUESTION2 1 -1.202e+04 2.674e+02 5.598e+01
s>            ( - -7.233e+03 1 0)
s>            ( - -4.514e+03 2 0)))INFO: dtree.c(1478): Final simple tree
|( QUESTION10 -1 -7.991e+04 6.222e+02 3.862e+02
|    ( QUESTION0_1_R 1 -1.733e+04 2.938e+02 8.915e+01
|        ( - -7.091e+03 1 0)
|        ( QUESTION2_6_L -1 -9.940e+03 2.715e+02 5.188e+01
|            ( - -6.467e+03 1 0)
|            ( - -3.202e+03 1 0)))
|    ( QUESTION5 1 -6.196e+04 4.460e+02 2.971e+02
|        ( - -1.516e+04 1 0)
|        ( QUESTION0_5_R 1 -4.635e+04 3.341e+02 2.224e+02
|            ( - -5.307e+03 1 0)
|            ( QUESTION0_4_R 1 -4.071e+04 3.258e+02 1.947e+02
|                ( QUESTION12 -1 -3.224e+03 3.047e+02 1.800e+01
|                    ( - -1.428e+03 1 0)
|                    ( - -1.491e+03 1 0))
|                ( - -3.716e+04 13 0 QUESTION2_1_L -1 2.464e+02 1.767e+02)))))
s>    ( QUESTION10 -1 -7.991e+04 6.222e+02 3.862e+02
s>        ( QUESTION0_1_R 1 -1.733e+04 2.938e+02 8.915e+01
s>            ( - -7.091e+03 1 0)
s>            ( QUESTION2_6_L -1 -9.940e+03 2.715e+02 5.188e+01
s>                ( - -6.467e+03 1 0)
s>                ( - -3.202e+03 1 0)))
s>        ( QUESTION5 1 -6.196e+04 4.460e+02 2.971e+02
s>            ( - -1.516e+04 1 0)
s>            ( QUESTION0_5_R 1 -4.635e+04 3.341e+02 2.224e+02
s>                ( - -5.307e+03 1 0)
s>                ( QUESTION0_4_R 1 -4.071e+04 3.258e+02 1.947e+02
s>                    ( QUESTION12 -1 -3.224e+03 3.047e+02 1.800e+01
s>                        ( - -1.428e+03 1 0)
s>                        ( - -1.491e+03 1 0))
s>                    ( - -3.716e+04 13 0 QUESTION2_1_L -1 2.464e+02 1.767e+02)))))INFO: dtree.c(1315): Comp split 14
INFO: dtree.c(1439): stop. leaf nodes are specific
INFO: dtree.c(1478): Final simple tree
|( QUESTION3 -1 -1.280e+05 1.731e+02 6.032e+02
|    ( - -1.250e+05 2 0)
|    ( QUESTION0 -1 -2.841e+03 1.280e+02 1.500e+01
|        ( - -1.628e+03 1 0)
|        ( - -1.085e+03 1 0)))
s>    ( QUESTION3 -1 -1.280e+05 1.731e+02 6.032e+02
s>        ( - -1.250e+05 2 0)
s>        ( QUESTION0 -1 -2.841e+03 1.280e+02 1.500e+01
s>            ( - -1.628e+03 1 0)
s>            ( - -1.085e+03 1 0)))INFO: dtree.c(1439): stop. leaf nodes are specific
INFO: dtree.c(1478): Final simple tree
|( QUESTION14 -1 -9.011e+04 7.403e+02 4.128e+02
|    ( - -2.642e+04 2 0)
|    ( QUESTION0_0_R 1 -6.295e+04 2.564e+02 2.932e+02
|        ( - -6.176e+04 3 0)
|        ( - -9.357e+02 1 0)))
s>    ( QUESTION14 -1 -9.011e+04 7.403e+02 4.128e+02
s>        ( - -2.642e+04 2 0)
s>        ( QUESTION0_0_R 1 -6.295e+04 2.564e+02 2.932e+02
s>            ( - -6.176e+04 3 0)
s>            ( - -9.357e+02 1 0)))INFO: dtree.c(1315): Comp split 15
INFO: dtree.c(1478): Final simple tree
|( QUESTION0_1_R 1 -9.240e+04 6.317e+02 3.983e+02
|    ( - -1.655e+04 2 0)
|    ( SILENCE -1 -7.522e+04 5.141e+02 3.242e+02
|        ( - -1.434e+04 1 0)
|        ( QUESTION2_5_L -1 -6.036e+04 4.663e+02 2.629e+02
|            ( - 1.587e+02 1 0)
|            ( QUESTION0_7_R 1 -6.006e+04 4.450e+02 2.619e+02
|                ( - 2.190e+02 1 0)
|                ( QUESTION0_3_R 1 -5.983e+04 3.442e+02 2.609e+02
|                    ( - -4.287e+04 4 0 QUESTION3 -1 2.000e+02 1.892e+02)
|                    ( WDBNDRY_B 0 -1.662e+04 3.238e+02 7.167e+01
|                        ( QUESTION14 -1 -7.551e+03 2.064e+02 3.504e+01
|                            ( - -4.430e+03 1 0)
|                            ( - -2.914e+03 1 0))
|                        ( - -8.741e+03 3 0 QUESTION14 -1 1.892e+02 3.663e+01)))))))
s>    ( QUESTION0_1_R 1 -9.240e+04 6.317e+02 3.983e+02
s>        ( - -1.655e+04 2 0)
s>        ( SILENCE -1 -7.522e+04 5.141e+02 3.242e+02
s>            ( - -1.434e+04 1 0)
s>            ( QUESTION2_5_L -1 -6.036e+04 4.663e+02 2.629e+02
s>                ( - 1.587e+02 1 0)
s>                ( QUESTION0_7_R 1 -6.006e+04 4.450e+02 2.619e+02
s>                    ( - 2.190e+02 1 0)
s>                    ( QUESTION0_3_R 1 -5.983e+04 3.442e+02 2.609e+02
s>                        ( - -4.287e+04 4 0 QUESTION3 -1 2.000e+02 1.892e+02)
s>                        ( WDBNDRY_B 0 -1.662e+04 3.238e+02 7.167e+01
s>                            ( QUESTION14 -1 -7.551e+03 2.064e+02 3.504e+01
s>                                ( - -4.430e+03 1 0)
s>                                ( - -2.914e+03 1 0))
s>                            ( - -8.741e+03 3 0 QUESTION14 -1 1.892e+02 3.663e+01)))))))INFO: dtree.c(1478): Final simple tree
|( QUESTION0 -1 -5.852e+04 6.070e+02 2.716e+02
|    ( QUESTION0_1_R 1 -2.925e+04 2.895e+02 1.340e+02
|        ( QUESTION2_0_L -1 -9.223e+03 4.671e+02 4.166e+01
|            ( - -8.901e+03 3 0)
|            ( - 1.453e+02 1 0))
|        ( QUESTION2_0_L -1 -1.974e+04 3.431e+02 9.230e+01
|            ( - -1.401e+03 1 0)
|            ( - -1.799e+04 2 0 QUESTION0_3_R 1 1.222e+02 8.530e+01)))
|    ( QUESTION0_3_R 1 -2.866e+04 4.643e+02 1.376e+02
|        ( - 2.207e+02 1 0)
|        ( QUESTION0_7_R 1 -2.842e+04 3.528e+02 1.366e+02
|            ( - -2.073e+03 1 0)
|            ( QUESTION2_10_L -1 -2.599e+04 3.116e+02 1.246e+02
|                ( - -8.226e+03 3 0 QUESTION0_5_R 1 2.635e+02 3.798e+01)
|                ( - -1.745e+04 3 0 WDBNDRY_B 0 2.240e+02 8.663e+01)))))
s>    ( QUESTION0 -1 -5.852e+04 6.070e+02 2.716e+02
s>        ( QUESTION0_1_R 1 -2.925e+04 2.895e+02 1.340e+02
s>            ( QUESTION2_0_L -1 -9.223e+03 4.671e+02 4.166e+01
s>                ( - -8.901e+03 3 0)
s>                ( - 1.453e+02 1 0))
s>            ( QUESTION2_0_L -1 -1.974e+04 3.431e+02 9.230e+01
s>                ( - -1.401e+03 1 0)
s>                ( - -1.799e+04 2 0 QUESTION0_3_R 1 1.222e+02 8.530e+01)))
s>        ( QUESTION0_3_R 1 -2.866e+04 4.643e+02 1.376e+02
s>            ( - 2.207e+02 1 0)
s>            ( QUESTION0_7_R 1 -2.842e+04 3.528e+02 1.366e+02
s>                ( - -2.073e+03 1 0)
s>                ( QUESTION2_10_L -1 -2.599e+04 3.116e+02 1.246e+02
s>                    ( - -8.226e+03 3 0 QUESTION0_5_R 1 2.635e+02 3.798e+01)
s>                    ( - -1.745e+04 3 0 WDBNDRY_B 0 2.240e+02 8.663e+01)))))INFO: dtree.c(1315): Comp split 16
INFO: dtree.c(1439): stop. leaf nodes are specific
INFO: dtree.c(1478): Final simple tree
|( QUESTION0_0_R 1 -2.914e+04 1.969e+02 1.461e+02
|    ( - -2.852e+04 2 0)
|    ( - -4.148e+02 1 0))
s>    ( QUESTION0_0_R 1 -2.914e+04 1.969e+02 1.461e+02
s>        ( - -2.852e+04 2 0)
s>        ( - -4.148e+02 1 0))INFO: dtree.c(1439): stop. leaf nodes are specific
INFO: dtree.c(1478): Final simple tree
|( QUESTION10 -1 -1.270e+05 3.687e+02 6.099e+02
|    ( QUESTION2_10_L -1 -9.238e+04 2.542e+02 4.441e+02
|        ( - -8.225e+04 4 0)
|        ( - -9.870e+03 2 0))
|    ( - -3.421e+04 1 0))
s>    ( QUESTION10 -1 -1.270e+05 3.687e+02 6.099e+02
s>        ( QUESTION2_10_L -1 -9.238e+04 2.542e+02 4.441e+02
s>            ( - -8.225e+04 4 0)
s>            ( - -9.870e+03 2 0))
s>        ( - -3.421e+04 1 0))INFO: dtree.c(1315): Comp split 17
INFO: dtree.c(1439): stop. leaf nodes are specific
INFO: dtree.c(1478): Final simple tree
|( QUESTION0_0_R 1 -2.761e+04 2.541e+02 1.256e+02
|    ( - -2.642e+04 2 0)
|    ( - -9.357e+02 1 0))
s>    ( QUESTION0_0_R 1 -2.761e+04 2.541e+02 1.256e+02
s>        ( - -2.642e+04 2 0)
s>        ( - -9.357e+02 1 0))INFO: dtree.c(1315): Comp split 18
INFO: dtree.c(1439): stop. leaf nodes are specific
INFO: dtree.c(1478): Final simple tree
|( QUESTION0_1_R 1 -2.464e+04 2.897e+02 1.258e+02
|    ( - -7.091e+03 1 0)
|    ( QUESTION2_6_L -1 -1.726e+04 2.834e+02 8.857e+01
|        ( - -6.467e+03 1 0)
|        ( QUESTION0_5_R 1 -1.051e+04 3.242e+02 5.469e+01
|            ( - -5.307e+03 1 0)
|            ( QUESTION10 -1 -4.877e+03 1.842e+02 2.700e+01
|                ( - -3.202e+03 1 0)
|                ( - -1.491e+03 1 0)))))
s>    ( QUESTION0_1_R 1 -2.464e+04 2.897e+02 1.258e+02
s>        ( - -7.091e+03 1 0)
s>        ( QUESTION2_6_L -1 -1.726e+04 2.834e+02 8.857e+01
s>            ( - -6.467e+03 1 0)
s>            ( QUESTION0_5_R 1 -1.051e+04 3.242e+02 5.469e+01
s>                ( - -5.307e+03 1 0)
s>                ( QUESTION10 -1 -4.877e+03 1.842e+02 2.700e+01
s>                    ( - -3.202e+03 1 0)
s>                    ( - -1.491e+03 1 0)))))INFO: dtree.c(1478): Final simple tree
|( QUESTION5 1 -5.456e+04 4.318e+02 2.604e+02
|    ( - -1.516e+04 1 0)
|    ( QUESTION0_4_R 1 -3.897e+04 3.744e+02 1.857e+02
|        ( - -1.428e+03 1 0)
|        ( QUESTION2_1_L -1 -3.716e+04 2.464e+02 1.767e+02
|            ( QUESTION0_1_R 1 -1.426e+04 2.004e+02 6.883e+01
|                ( - -1.348e+04 1 0)
|                ( - -5.786e+02 1 0))
|            ( QUESTION13 -1 -2.266e+04 2.137e+02 1.079e+02
|                ( - -8.242e+03 7 0 QUESTION0_1_R 1 1.639e+02 3.970e+01)
|                ( QUESTION0 -1 -1.420e+04 2.022e+02 6.817e+01
|                    ( QUESTION0_1_R 1 -7.430e+03 1.890e+02 3.599e+01
|                        ( - -2.139e+03 1 0)
|                        ( - -5.101e+03 1 0))
|                    ( - -6.571e+03 2 0 QUESTION0_1_R 1 1.626e+02 3.217e+01))))))
s>    ( QUESTION5 1 -5.456e+04 4.318e+02 2.604e+02
s>        ( - -1.516e+04 1 0)
s>        ( QUESTION0_4_R 1 -3.897e+04 3.744e+02 1.857e+02
s>            ( - -1.428e+03 1 0)
s>            ( QUESTION2_1_L -1 -3.716e+04 2.464e+02 1.767e+02
s>                ( QUESTION0_1_R 1 -1.426e+04 2.004e+02 6.883e+01
s>                    ( - -1.348e+04 1 0)
s>                    ( - -5.786e+02 1 0))
s>                ( QUESTION13 -1 -2.266e+04 2.137e+02 1.079e+02
s>                    ( - -8.242e+03 7 0 QUESTION0_1_R 1 1.639e+02 3.970e+01)
s>                    ( QUESTION0 -1 -1.420e+04 2.022e+02 6.817e+01
s>                        ( QUESTION0_1_R 1 -7.430e+03 1.890e+02 3.599e+01
s>                            ( - -2.139e+03 1 0)
s>                            ( - -5.101e+03 1 0))
s>                        ( - -6.571e+03 2 0 QUESTION0_1_R 1 1.626e+02 3.217e+01))))))INFO: dtree.c(1315): Comp split 19
INFO: dtree.c(1478): Final simple tree
|( QUESTION2_9_L -1 -1.235e+05 4.773e+02 6.051e+02
|    ( QUESTION0_9_R 1 -4.553e+04 3.878e+02 2.294e+02
|        ( - -2.957e+04 3 0 QUESTION2_10_L -1 1.729e+02 1.501e+02)
|        ( - -1.557e+04 2 0))
|    ( QUESTION3 -1 -7.752e+04 3.874e+02 3.757e+02
|        ( - -2.014e+04 1 0)
|        ( SILENCE -1 -5.700e+04 3.634e+02 2.745e+02
|            ( - -9.450e+03 1 0)
|            ( QUESTION0_9_R 1 -4.718e+04 3.524e+02 2.267e+02
|                ( QUESTION2_12_L -1 -3.135e+04 2.826e+02 1.497e+02
|                    ( - -1.427e+04 3 0 WDBNDRY_B 0 1.934e+02 7.097e+01)
|                    ( QUESTION12 -1 -1.679e+04 2.366e+02 7.877e+01
|                        ( - -7.399e+03 3 0 WDBNDRY_B 0 2.227e+02 3.597e+01)
|                        ( - -9.157e+03 4 0 WDBNDRY_B 0 1.862e+02 4.281e+01)))
|                ( - -1.548e+04 1 0)))))
s>    ( QUESTION2_9_L -1 -1.235e+05 4.773e+02 6.051e+02
s>        ( QUESTION0_9_R 1 -4.553e+04 3.878e+02 2.294e+02
s>            ( - -2.957e+04 3 0 QUESTION2_10_L -1 1.729e+02 1.501e+02)
s>            ( - -1.557e+04 2 0))
s>        ( QUESTION3 -1 -7.752e+04 3.874e+02 3.757e+02
s>            ( - -2.014e+04 1 0)
s>            ( SILENCE -1 -5.700e+04 3.634e+02 2.745e+02
s>                ( - -9.450e+03 1 0)
s>                ( QUESTION0_9_R 1 -4.718e+04 3.524e+02 2.267e+02
s>                    ( QUESTION2_12_L -1 -3.135e+04 2.826e+02 1.497e+02
s>                        ( - -1.427e+04 3 0 WDBNDRY_B 0 1.934e+02 7.097e+01)
s>                        ( QUESTION12 -1 -1.679e+04 2.366e+02 7.877e+01
s>                            ( - -7.399e+03 3 0 WDBNDRY_B 0 2.227e+02 3.597e+01)
s>                            ( - -9.157e+03 4 0 WDBNDRY_B 0 1.862e+02 4.281e+01)))
s>                    ( - -1.548e+04 1 0)))))INFO: dtree.c(1315): Comp split 20
INFO: dtree.c(1439): stop. leaf nodes are specific
INFO: dtree.c(1478): Final simple tree
|( QUESTION2_1_L -1 -2.367e+04 4.633e+02 9.893e+01
|    ( - 1.587e+02 1 0)
|    ( QUESTION13 -1 -2.337e+04 2.936e+02 9.793e+01
|        ( QUESTION14 -1 -8.020e+03 1.841e+02 3.363e+01
|            ( - -2.904e+03 1 0)
|            ( - -4.931e+03 1 0))
|        ( WDBNDRY_B 0 -1.506e+04 1.201e+02 6.431e+01
|            ( - -1.434e+04 1 0)
|            ( - -5.954e+02 1 0))))
s>    ( QUESTION2_1_L -1 -2.367e+04 4.633e+02 9.893e+01
s>        ( - 1.587e+02 1 0)
s>        ( QUESTION13 -1 -2.337e+04 2.936e+02 9.793e+01
s>            ( QUESTION14 -1 -8.020e+03 1.841e+02 3.363e+01
s>                ( - -2.904e+03 1 0)
s>                ( - -4.931e+03 1 0))
s>            ( WDBNDRY_B 0 -1.506e+04 1.201e+02 6.431e+01
s>                ( - -1.434e+04 1 0)
s>                ( - -5.954e+02 1 0))))INFO: dtree.c(1439): stop. leaf nodes are specific
INFO: dtree.c(1478): Final simple tree
|( QUESTION0_1_R 1 -6.809e+04 6.217e+02 2.993e+02
|    ( - -1.655e+04 2 0)
|    ( QUESTION0_7_R 1 -5.092e+04 4.444e+02 2.253e+02
|        ( - 2.190e+02 1 0)
|        ( WDBNDRY_B 0 -5.070e+04 2.744e+02 2.243e+02
|            ( QUESTION14 -1 -7.551e+03 2.064e+02 3.504e+01
|                ( - -4.430e+03 1 0)
|                ( - -2.914e+03 1 0))
|            ( QUESTION3 -1 -4.287e+04 2.000e+02 1.892e+02
|                ( - -4.078e+04 3 0)
|                ( - -1.889e+03 1 0)))))
s>    ( QUESTION0_1_R 1 -6.809e+04 6.217e+02 2.993e+02
s>        ( - -1.655e+04 2 0)
s>        ( QUESTION0_7_R 1 -5.092e+04 4.444e+02 2.253e+02
s>            ( - 2.190e+02 1 0)
s>            ( WDBNDRY_B 0 -5.070e+04 2.744e+02 2.243e+02
s>                ( QUESTION14 -1 -7.551e+03 2.064e+02 3.504e+01
s>                    ( - -4.430e+03 1 0)
s>                    ( - -2.914e+03 1 0))
s>                ( QUESTION3 -1 -4.287e+04 2.000e+02 1.892e+02
s>                    ( - -4.078e+04 3 0)
s>                    ( - -1.889e+03 1 0)))))INFO: dtree.c(1315): Comp split 21
INFO: dtree.c(1439): stop. leaf nodes are specific
INFO: dtree.c(1478): Final simple tree
|( QUESTION0_1_R 1 -1.859e+04 1.503e+02 8.220e+01
|    ( - -1.655e+04 2 0)
|    ( - -1.889e+03 1 0))
s>    ( QUESTION0_1_R 1 -1.859e+04 1.503e+02 8.220e+01
s>        ( - -1.655e+04 2 0)
s>        ( - -1.889e+03 1 0))INFO: dtree.c(1439): stop. leaf nodes are specific
INFO: dtree.c(1478): Final simple tree
|( QUESTION0_7_R 1 -4.883e+04 4.441e+02 2.171e+02
|    ( - 2.190e+02 1 0)
|    ( WDBNDRY_B 0 -4.861e+04 2.721e+02 2.161e+02
|        ( QUESTION14 -1 -7.551e+03 2.064e+02 3.504e+01
|            ( - -4.430e+03 1 0)
|            ( - -2.914e+03 1 0))
|        ( - -4.078e+04 3 0)))
s>    ( QUESTION0_7_R 1 -4.883e+04 4.441e+02 2.171e+02
s>        ( - 2.190e+02 1 0)
s>        ( WDBNDRY_B 0 -4.861e+04 2.721e+02 2.161e+02
s>            ( QUESTION14 -1 -7.551e+03 2.064e+02 3.504e+01
s>                ( - -4.430e+03 1 0)
s>                ( - -2.914e+03 1 0))
s>            ( - -4.078e+04 3 0)))INFO: dtree.c(1315): Comp split 22
INFO: dtree.c(1439): stop. leaf nodes are specific
INFO: dtree.c(1478): Final simple tree
|( QUESTION6 -1 -3.038e+04 4.650e+02 1.446e+02
|    ( - 2.207e+02 1 0)
|    ( QUESTION0_7_R 1 -3.014e+04 3.555e+02 1.436e+02
|        ( - -2.073e+03 1 0)
|        ( QUESTION0_3_R 1 -2.771e+04 3.155e+02 1.316e+02
|            ( - -1.401e+03 1 0)
|            ( QUESTION2_10_L -1 -2.599e+04 3.116e+02 1.246e+02
|                ( QUESTION0_5_R 1 -8.226e+03 2.635e+02 3.798e+01
|                    ( - -6.438e+03 2 0)
|                    ( - -1.524e+03 1 0))
|                ( WDBNDRY_B 0 -1.745e+04 2.240e+02 8.663e+01
|                    ( - -7.862e+03 1 0)
|                    ( - -9.368e+03 2 0))))))
s>    ( QUESTION6 -1 -3.038e+04 4.650e+02 1.446e+02
s>        ( - 2.207e+02 1 0)
s>        ( QUESTION0_7_R 1 -3.014e+04 3.555e+02 1.436e+02
s>            ( - -2.073e+03 1 0)
s>            ( QUESTION0_3_R 1 -2.771e+04 3.155e+02 1.316e+02
s>                ( - -1.401e+03 1 0)
s>                ( QUESTION2_10_L -1 -2.599e+04 3.116e+02 1.246e+02
s>                    ( QUESTION0_5_R 1 -8.226e+03 2.635e+02 3.798e+01
s>                        ( - -6.438e+03 2 0)
s>                        ( - -1.524e+03 1 0))
s>                    ( WDBNDRY_B 0 -1.745e+04 2.240e+02 8.663e+01
s>                        ( - -7.862e+03 1 0)
s>                        ( - -9.368e+03 2 0))))))INFO: dtree.c(1439): stop. leaf nodes are specific
INFO: dtree.c(1478): Final simple tree
|( QUESTION0_1_R 1 -2.751e+04 2.984e+02 1.270e+02
|    ( QUESTION2_0_L -1 -9.223e+03 4.671e+02 4.166e+01
|        ( - -8.901e+03 3 0)
|        ( - 1.453e+02 1 0))
|    ( QUESTION0_3_R 1 -1.799e+04 1.222e+02 8.530e+01
|        ( - -1.666e+04 1 0)
|        ( - -1.210e+03 1 0)))
s>    ( QUESTION0_1_R 1 -2.751e+04 2.984e+02 1.270e+02
s>        ( QUESTION2_0_L -1 -9.223e+03 4.671e+02 4.166e+01
s>            ( - -8.901e+03 3 0)
s>            ( - 1.453e+02 1 0))
s>        ( QUESTION0_3_R 1 -1.799e+04 1.222e+02 8.530e+01
s>            ( - -1.666e+04 1 0)
s>            ( - -1.210e+03 1 0)))INFO: dtree.c(1315): Comp split 23
INFO: dtree.c(1478): Final simple tree
|( QUESTION11 -1 -1.838e+05 4.246e+02 8.868e+02
|    ( - -3.952e+04 1 0)
|    ( QUESTION0 -1 -1.438e+05 4.377e+02 6.937e+02
|        ( QUESTION2_0_L -1 -1.018e+05 2.796e+02 4.877e+02
|            ( - -1.005e+05 3 0)
|            ( - -1.079e+03 1 0))
|        ( WDBNDRY_B 0 -4.156e+04 3.898e+02 2.060e+02
|            ( QUESTION2_6_L -1 -3.899e+04 2.230e+02 1.920e+02
|                ( - -1.152e+04 1 0)
|                ( QUESTION3 -1 -2.725e+04 1.484e+02 1.350e+02
|                    ( - -3.754e+03 1 0)
|                    ( QUESTION2 -1 -2.334e+04 1.486e+02 1.163e+02
|                        ( - -7.264e+03 1 0)
|                        ( - -1.593e+04 1 0))))
|            ( - -2.177e+03 1 0))))
s>    ( QUESTION11 -1 -1.838e+05 4.246e+02 8.868e+02
s>        ( - -3.952e+04 1 0)
s>        ( QUESTION0 -1 -1.438e+05 4.377e+02 6.937e+02
s>            ( QUESTION2_0_L -1 -1.018e+05 2.796e+02 4.877e+02
s>                ( - -1.005e+05 3 0)
s>                ( - -1.079e+03 1 0))
s>            ( WDBNDRY_B 0 -4.156e+04 3.898e+02 2.060e+02
s>                ( QUESTION2_6_L -1 -3.899e+04 2.230e+02 1.920e+02
s>                    ( - -1.152e+04 1 0)
s>                    ( QUESTION3 -1 -2.725e+04 1.484e+02 1.350e+02
s>                        ( - -3.754e+03 1 0)
s>                        ( QUESTION2 -1 -2.334e+04 1.486e+02 1.163e+02
s>                            ( - -7.264e+03 1 0)
s>                            ( - -1.593e+04 1 0))))
s>                ( - -2.177e+03 1 0))))INFO: dtree.c(1315): Comp split 24
INFO: dtree.c(1439): stop. leaf nodes are specific
INFO: dtree.c(1478): Final simple tree
|( QUESTION0 -1 -1.932e+04 4.789e+02 8.687e+01
|    ( - 2.414e+02 1 0)
|    ( SILENCE -1 -1.908e+04 2.799e+02 8.587e+01
|        ( - -8.574e+02 1 0)
|        ( QUESTION2_9_L -1 -1.795e+04 2.357e+02 8.087e+01
|            ( - -4.425e+03 2 0)
|            ( QUESTION13 -1 -1.329e+04 2.108e+02 5.987e+01
|                ( - -1.017e+03 1 0)
|                ( QUESTION10 -1 -1.206e+04 1.166e+02 5.487e+01
|                    ( - -4.423e+03 1 0)
|                    ( - -7.520e+03 1 0))))))
s>    ( QUESTION0 -1 -1.932e+04 4.789e+02 8.687e+01
s>        ( - 2.414e+02 1 0)
s>        ( SILENCE -1 -1.908e+04 2.799e+02 8.587e+01
s>            ( - -8.574e+02 1 0)
s>            ( QUESTION2_9_L -1 -1.795e+04 2.357e+02 8.087e+01
s>                ( - -4.425e+03 2 0)
s>                ( QUESTION13 -1 -1.329e+04 2.108e+02 5.987e+01
s>                    ( - -1.017e+03 1 0)
s>                    ( QUESTION10 -1 -1.206e+04 1.166e+02 5.487e+01
s>                        ( - -4.423e+03 1 0)
s>                        ( - -7.520e+03 1 0))))))INFO: dtree.c(1315): Comp split 25
INFO: dtree.c(1439): stop. leaf nodes are specific
INFO: dtree.c(1478): Final simple tree
|( QUESTION9 -1 -6.461e+04 3.621e+02 3.222e+02
|    ( QUESTION2_10_L -1 -2.957e+04 1.729e+02 1.501e+02
|        ( - -1.866e+04 2 0)
|        ( - -1.074e+04 1 0))
|    ( QUESTION0 -1 -3.468e+04 2.626e+02 1.721e+02
|        ( WDBNDRY_B 0 -1.427e+04 1.934e+02 7.097e+01
|            ( - -3.307e+03 2 0)
|            ( - -1.077e+04 1 0))
|        ( - -2.014e+04 1 0)))
s>    ( QUESTION9 -1 -6.461e+04 3.621e+02 3.222e+02
s>        ( QUESTION2_10_L -1 -2.957e+04 1.729e+02 1.501e+02
s>            ( - -1.866e+04 2 0)
s>            ( - -1.074e+04 1 0))
s>        ( QUESTION0 -1 -3.468e+04 2.626e+02 1.721e+02
s>            ( WDBNDRY_B 0 -1.427e+04 1.934e+02 7.097e+01
s>                ( - -3.307e+03 2 0)
s>                ( - -1.077e+04 1 0))
s>            ( - -2.014e+04 1 0)))INFO: dtree.c(1478): Final simple tree
|( QUESTION2_9_L -1 -5.839e+04 4.078e+02 2.829e+02
|    ( - -1.557e+04 2 0)
|    ( SILENCE -1 -4.241e+04 3.543e+02 2.035e+02
|        ( - -9.450e+03 1 0)
|        ( QUESTION0_9_R 1 -3.261e+04 3.326e+02 1.558e+02
|            ( QUESTION12 -1 -1.679e+04 2.366e+02 7.877e+01
|                ( WDBNDRY_B 0 -7.399e+03 2.227e+02 3.597e+01
|                    ( - -3.469e+03 1 0)
|                    ( QUESTION2_0_L -1 -3.707e+03 2.533e+02 1.797e+01
|                        ( - -2.260e+03 1 0)
|                        ( - -1.194e+03 1 0)))
|                ( WDBNDRY_B 0 -9.157e+03 1.862e+02 4.281e+01
|                    ( - -2.969e+03 1 0)
|                    ( - -6.002e+03 3 0 QUESTION10 -1 1.900e+02 2.792e+01)))
|            ( - -1.548e+04 1 0))))
s>    ( QUESTION2_9_L -1 -5.839e+04 4.078e+02 2.829e+02
s>        ( - -1.557e+04 2 0)
s>        ( SILENCE -1 -4.241e+04 3.543e+02 2.035e+02
s>            ( - -9.450e+03 1 0)
s>            ( QUESTION0_9_R 1 -3.261e+04 3.326e+02 1.558e+02
s>                ( QUESTION12 -1 -1.679e+04 2.366e+02 7.877e+01
s>                    ( WDBNDRY_B 0 -7.399e+03 2.227e+02 3.597e+01
s>                        ( - -3.469e+03 1 0)
s>                        ( QUESTION2_0_L -1 -3.707e+03 2.533e+02 1.797e+01
s>                            ( - -2.260e+03 1 0)
s>                            ( - -1.194e+03 1 0)))
s>                    ( WDBNDRY_B 0 -9.157e+03 1.862e+02 4.281e+01
s>                        ( - -2.969e+03 1 0)
s>                        ( - -6.002e+03 3 0 QUESTION10 -1 1.900e+02 2.792e+01)))
s>                ( - -1.548e+04 1 0))))INFO: dtree.c(1315): Comp split 26
INFO: dtree.c(1315): Comp split 27
INFO: dtree.c(1439): stop. leaf nodes are specific
INFO: dtree.c(1478): Final simple tree
|( QUESTION2 -1 -6.154e+03 2.364e+02 3.396e+01
|    ( - -3.612e+03 1 0)
|    ( QUESTION0 -1 -2.305e+03 2.445e+02 1.300e+01
|        ( - -1.690e+03 1 0)
|        ( - -3.707e+02 1 0)))
s>    ( QUESTION2 -1 -6.154e+03 2.364e+02 3.396e+01
s>        ( - -3.612e+03 1 0)
s>        ( QUESTION0 -1 -2.305e+03 2.445e+02 1.300e+01
s>            ( - -1.690e+03 1 0)
s>            ( - -3.707e+02 1 0)))INFO: dtree.c(1439): stop. leaf nodes are specific
INFO: dtree.c(1478): Final simple tree
|( QUESTION2 -1 -1.632e+05 2.637e+02 8.049e+02
|    ( - -1.918e+02 1 0)
|    ( QUESTION13 -1 -1.627e+05 2.560e+02 8.029e+02
|        ( - -2.853e+03 1 0)
|        ( QUESTION10 -1 -1.596e+05 2.742e+02 7.869e+02
|            ( WDBNDRY_B 0 -1.561e+05 1.948e+02 7.709e+02
|                ( - -6.502e+03 2 0)
|                ( - -1.494e+05 4 0))
|            ( QUESTION0 -1 -3.234e+03 1.457e+02 1.600e+01
|                ( - -2.204e+03 1 0)
|                ( - -8.835e+02 1 0)))))
s>    ( QUESTION2 -1 -1.632e+05 2.637e+02 8.049e+02
s>        ( - -1.918e+02 1 0)
s>        ( QUESTION13 -1 -1.627e+05 2.560e+02 8.029e+02
s>            ( - -2.853e+03 1 0)
s>            ( QUESTION10 -1 -1.596e+05 2.742e+02 7.869e+02
s>                ( WDBNDRY_B 0 -1.561e+05 1.948e+02 7.709e+02
s>                    ( - -6.502e+03 2 0)
s>                    ( - -1.494e+05 4 0))
s>                ( QUESTION0 -1 -3.234e+03 1.457e+02 1.600e+01
s>                    ( - -2.204e+03 1 0)
s>                    ( - -8.835e+02 1 0)))))INFO: dtree.c(1315): Comp split 28
INFO: dtree.c(1439): stop. leaf nodes are specific
INFO: dtree.c(1478): Final simple tree
|( SILENCE -1 -1.908e+04 2.799e+02 8.587e+01
|    ( - -8.574e+02 1 0)
|    ( QUESTION2_9_L -1 -1.795e+04 2.357e+02 8.087e+01
|        ( - -4.425e+03 2 0)
|        ( QUESTION13 -1 -1.329e+04 2.108e+02 5.987e+01
|            ( - -1.017e+03 1 0)
|            ( QUESTION10 -1 -1.206e+04 1.166e+02 5.487e+01
|                ( - -4.423e+03 1 0)
|                ( - -7.520e+03 1 0)))))
s>    ( SILENCE -1 -1.908e+04 2.799e+02 8.587e+01
s>        ( - -8.574e+02 1 0)
s>        ( QUESTION2_9_L -1 -1.795e+04 2.357e+02 8.087e+01
s>            ( - -4.425e+03 2 0)
s>            ( QUESTION13 -1 -1.329e+04 2.108e+02 5.987e+01
s>                ( - -1.017e+03 1 0)
s>                ( QUESTION10 -1 -1.206e+04 1.166e+02 5.487e+01
s>                    ( - -4.423e+03 1 0)
s>                    ( - -7.520e+03 1 0)))))INFO: dtree.c(1315): Comp split 29
INFO: dtree.c(1439): stop. leaf nodes are specific
INFO: dtree.c(1478): Final simple tree
|( WDBNDRY_B 0 -4.156e+04 3.898e+02 2.060e+02
|    ( QUESTION2_6_L -1 -3.899e+04 2.230e+02 1.920e+02
|        ( - -1.152e+04 1 0)
|        ( QUESTION3 -1 -2.725e+04 1.484e+02 1.350e+02
|            ( - -3.754e+03 1 0)
|            ( QUESTION2 -1 -2.334e+04 1.486e+02 1.163e+02
|                ( - -7.264e+03 1 0)
|                ( - -1.593e+04 1 0))))
|    ( - -2.177e+03 1 0))
s>    ( WDBNDRY_B 0 -4.156e+04 3.898e+02 2.060e+02
s>        ( QUESTION2_6_L -1 -3.899e+04 2.230e+02 1.920e+02
s>            ( - -1.152e+04 1 0)
s>            ( QUESTION3 -1 -2.725e+04 1.484e+02 1.350e+02
s>                ( - -3.754e+03 1 0)
s>                ( QUESTION2 -1 -2.334e+04 1.486e+02 1.163e+02
s>                    ( - -7.264e+03 1 0)
s>                    ( - -1.593e+04 1 0))))
s>        ( - -2.177e+03 1 0))INFO: dtree.c(1439): stop. leaf nodes are specific
INFO: dtree.c(1478): Final simple tree
|( QUESTION2_0_L -1 -1.417e+05 3.952e+02 6.808e+02
|    ( - -1.005e+05 3 0)
|    ( QUESTION0 -1 -4.087e+04 2.736e+02 1.990e+02
|        ( - -1.079e+03 1 0)
|        ( - -3.952e+04 1 0)))
s>    ( QUESTION2_0_L -1 -1.417e+05 3.952e+02 6.808e+02
s>        ( - -1.005e+05 3 0)
s>        ( QUESTION0 -1 -4.087e+04 2.736e+02 1.990e+02
s>            ( - -1.079e+03 1 0)
s>            ( - -3.952e+04 1 0)))INFO: dtree.c(1315): Comp split 30
INFO: dtree.c(1439): stop. leaf nodes are specific
INFO: dtree.c(1478): Final simple tree
|( QUESTION0_1_R 1 -2.719e+04 2.958e+02 1.260e+02
|    ( - -8.901e+03 3 0)
|    ( QUESTION0_3_R 1 -1.799e+04 1.222e+02 8.530e+01
|        ( - -1.666e+04 1 0)
|        ( - -1.210e+03 1 0)))
s>    ( QUESTION0_1_R 1 -2.719e+04 2.958e+02 1.260e+02
s>        ( - -8.901e+03 3 0)
s>        ( QUESTION0_3_R 1 -1.799e+04 1.222e+02 8.530e+01
s>            ( - -1.666e+04 1 0)
s>            ( - -1.210e+03 1 0)))INFO: dtree.c(1315): Comp split 31
INFO: dtree.c(1439): stop. leaf nodes are specific
INFO: dtree.c(1478): Final simple tree
|( QUESTION0_7_R 1 -3.014e+04 3.555e+02 1.436e+02
|    ( - -2.073e+03 1 0)
|    ( QUESTION0_3_R 1 -2.771e+04 3.155e+02 1.316e+02
|        ( - -1.401e+03 1 0)
|        ( QUESTION2_10_L -1 -2.599e+04 3.116e+02 1.246e+02
|            ( QUESTION0_5_R 1 -8.226e+03 2.635e+02 3.798e+01
|                ( - -6.438e+03 2 0)
|                ( - -1.524e+03 1 0))
|            ( WDBNDRY_B 0 -1.745e+04 2.240e+02 8.663e+01
|                ( - -7.862e+03 1 0)
|                ( - -9.368e+03 2 0)))))
s>    ( QUESTION0_7_R 1 -3.014e+04 3.555e+02 1.436e+02
s>        ( - -2.073e+03 1 0)
s>        ( QUESTION0_3_R 1 -2.771e+04 3.155e+02 1.316e+02
s>            ( - -1.401e+03 1 0)
s>            ( QUESTION2_10_L -1 -2.599e+04 3.116e+02 1.246e+02
s>                ( QUESTION0_5_R 1 -8.226e+03 2.635e+02 3.798e+01
s>                    ( - -6.438e+03 2 0)
s>                    ( - -1.524e+03 1 0))
s>                ( WDBNDRY_B 0 -1.745e+04 2.240e+02 8.663e+01
s>                    ( - -7.862e+03 1 0)
s>                    ( - -9.368e+03 2 0)))))INFO: dtree.c(1315): Comp split 32
INFO: dtree.c(1439): stop. leaf nodes are specific
INFO: dtree.c(1478): Final simple tree
|( QUESTION13 -1 -2.337e+04 2.936e+02 9.793e+01
|    ( QUESTION14 -1 -8.020e+03 1.841e+02 3.363e+01
|        ( - -2.904e+03 1 0)
|        ( - -4.931e+03 1 0))
|    ( WDBNDRY_B 0 -1.506e+04 1.201e+02 6.431e+01
|        ( - -1.434e+04 1 0)
|        ( - -5.954e+02 1 0)))
s>    ( QUESTION13 -1 -2.337e+04 2.936e+02 9.793e+01
s>        ( QUESTION14 -1 -8.020e+03 1.841e+02 3.363e+01
s>            ( - -2.904e+03 1 0)
s>            ( - -4.931e+03 1 0))
s>        ( WDBNDRY_B 0 -1.506e+04 1.201e+02 6.431e+01
s>            ( - -1.434e+04 1 0)
s>            ( - -5.954e+02 1 0)))INFO: dtree.c(1315): Comp split 33
INFO: dtree.c(1439): stop. leaf nodes are specific
INFO: dtree.c(1478): Final simple tree
|( WDBNDRY_B 0 -4.861e+04 2.721e+02 2.161e+02
|    ( QUESTION14 -1 -7.551e+03 2.064e+02 3.504e+01
|        ( - -4.430e+03 1 0)
|        ( - -2.914e+03 1 0))
|    ( - -4.078e+04 3 0))
s>    ( WDBNDRY_B 0 -4.861e+04 2.721e+02 2.161e+02
s>        ( QUESTION14 -1 -7.551e+03 2.064e+02 3.504e+01
s>            ( - -4.430e+03 1 0)
s>            ( - -2.914e+03 1 0))
s>        ( - -4.078e+04 3 0))INFO: dtree.c(1315): Comp split 34
INFO: dtree.c(1478): Final simple tree
|( QUESTION0_4_R 1 -3.897e+04 3.744e+02 1.857e+02
|    ( - -1.428e+03 1 0)
|    ( QUESTION2_1_L -1 -3.716e+04 2.464e+02 1.767e+02
|        ( QUESTION0_1_R 1 -1.426e+04 2.004e+02 6.883e+01
|            ( - -1.348e+04 1 0)
|            ( - -5.786e+02 1 0))
|        ( QUESTION13 -1 -2.266e+04 2.137e+02 1.079e+02
|            ( QUESTION0_1_R 1 -8.242e+03 1.639e+02 3.970e+01
|                ( - -3.873e+03 2 0)
|                ( - -4.206e+03 5 0 QUESTION16 -1 1.688e+02 2.100e+01))
|            ( QUESTION0 -1 -1.420e+04 2.022e+02 6.817e+01
|                ( QUESTION0_1_R 1 -7.430e+03 1.890e+02 3.599e+01
|                    ( - -2.139e+03 1 0)
|                    ( - -5.101e+03 1 0))
|                ( - -6.571e+03 2 0 QUESTION0_1_R 1 1.626e+02 3.217e+01)))))
s>    ( QUESTION0_4_R 1 -3.897e+04 3.744e+02 1.857e+02
s>        ( - -1.428e+03 1 0)
s>        ( QUESTION2_1_L -1 -3.716e+04 2.464e+02 1.767e+02
s>            ( QUESTION0_1_R 1 -1.426e+04 2.004e+02 6.883e+01
s>                ( - -1.348e+04 1 0)
s>                ( - -5.786e+02 1 0))
s>            ( QUESTION13 -1 -2.266e+04 2.137e+02 1.079e+02
s>                ( QUESTION0_1_R 1 -8.242e+03 1.639e+02 3.970e+01
s>                    ( - -3.873e+03 2 0)
s>                    ( - -4.206e+03 5 0 QUESTION16 -1 1.688e+02 2.100e+01))
s>                ( QUESTION0 -1 -1.420e+04 2.022e+02 6.817e+01
s>                    ( QUESTION0_1_R 1 -7.430e+03 1.890e+02 3.599e+01
s>                        ( - -2.139e+03 1 0)
s>                        ( - -5.101e+03 1 0))
s>                    ( - -6.571e+03 2 0 QUESTION0_1_R 1 1.626e+02 3.217e+01)))))INFO: dtree.c(1315): Comp split 35
INFO: dtree.c(1439): stop. leaf nodes are specific
INFO: dtree.c(1478): Final simple tree
|( QUESTION0_1_R 1 -1.885e+04 2.740e+02 8.694e+01
|    ( - -6.558e+03 2 0)
|    ( QUESTION2 1 -1.202e+04 2.674e+02 5.598e+01
|        ( - -7.233e+03 1 0)
|        ( - -4.514e+03 2 0)))
s>    ( QUESTION0_1_R 1 -1.885e+04 2.740e+02 8.694e+01
s>        ( - -6.558e+03 2 0)
s>        ( QUESTION2 1 -1.202e+04 2.674e+02 5.598e+01
s>            ( - -7.233e+03 1 0)
s>            ( - -4.514e+03 2 0)))INFO: dtree.c(1315): Comp split 36
INFO: dtree.c(1439): stop. leaf nodes are specific
INFO: dtree.c(1478): Final simple tree
|( WDBNDRY_B 0 -3.308e+04 2.076e+02 1.671e+02
|    ( - -3.307e+03 2 0)
|    ( QUESTION2_10_L -1 -2.957e+04 1.729e+02 1.501e+02
|        ( - -1.866e+04 2 0)
|        ( - -1.074e+04 1 0)))
s>    ( WDBNDRY_B 0 -3.308e+04 2.076e+02 1.671e+02
s>        ( - -3.307e+03 2 0)
s>        ( QUESTION2_10_L -1 -2.957e+04 1.729e+02 1.501e+02
s>            ( - -1.866e+04 2 0)
s>            ( - -1.074e+04 1 0)))INFO: dtree.c(1439): stop. leaf nodes are specific
INFO: dtree.c(1478): Final simple tree
|( QUESTION0 -1 -3.111e+04 1.937e+02 1.551e+02
|    ( - -1.077e+04 1 0)
|    ( - -2.014e+04 1 0))
s>    ( QUESTION0 -1 -3.111e+04 1.937e+02 1.551e+02
s>        ( - -1.077e+04 1 0)
s>        ( - -2.014e+04 1 0))INFO: dtree.c(1315): Comp split 37
INFO: dtree.c(1478): Final simple tree
|( SILENCE -1 -4.241e+04 3.543e+02 2.035e+02
|    ( - -9.450e+03 1 0)
|    ( QUESTION0_9_R 1 -3.261e+04 3.326e+02 1.558e+02
|        ( QUESTION12 -1 -1.679e+04 2.366e+02 7.877e+01
|            ( WDBNDRY_B 0 -7.399e+03 2.227e+02 3.597e+01
|                ( - -3.469e+03 1 0)
|                ( QUESTION2_0_L -1 -3.707e+03 2.533e+02 1.797e+01
|                    ( - -2.260e+03 1 0)
|                    ( - -1.194e+03 1 0)))
|            ( WDBNDRY_B 0 -9.157e+03 1.862e+02 4.281e+01
|                ( - -2.969e+03 1 0)
|                ( QUESTION10 -1 -6.002e+03 1.900e+02 2.792e+01
|                    ( - -1.990e+03 1 0)
|                    ( - -3.821e+03 2 0 QUESTION2 -1 1.177e+02 1.795e+01))))
|        ( - -1.548e+04 1 0)))
s>    ( SILENCE -1 -4.241e+04 3.543e+02 2.035e+02
s>        ( - -9.450e+03 1 0)
s>        ( QUESTION0_9_R 1 -3.261e+04 3.326e+02 1.558e+02
s>            ( QUESTION12 -1 -1.679e+04 2.366e+02 7.877e+01
s>                ( WDBNDRY_B 0 -7.399e+03 2.227e+02 3.597e+01
s>                    ( - -3.469e+03 1 0)
s>                    ( QUESTION2_0_L -1 -3.707e+03 2.533e+02 1.797e+01
s>                        ( - -2.260e+03 1 0)
s>                        ( - -1.194e+03 1 0)))
s>                ( WDBNDRY_B 0 -9.157e+03 1.862e+02 4.281e+01
s>                    ( - -2.969e+03 1 0)
s>                    ( QUESTION10 -1 -6.002e+03 1.900e+02 2.792e+01
s>                        ( - -1.990e+03 1 0)
s>                        ( - -3.821e+03 2 0 QUESTION2 -1 1.177e+02 1.795e+01))))
s>            ( - -1.548e+04 1 0)))INFO: dtree.c(1315): Comp split 38
INFO: dtree.c(1439): stop. leaf nodes are specific
INFO: dtree.c(1478): Final simple tree
|( QUESTION0_0_R 1 -5.694e+04 3.087e+02 2.821e+02
|    ( QUESTION0 -1 -3.639e+04 2.405e+02 1.809e+02
|        ( - -3.491e+03 1 0)
|        ( WDBNDRY_B 0 -3.266e+04 1.515e+02 1.629e+02
|            ( - -6.843e+03 1 0)
|            ( - -2.567e+04 2 0)))
|    ( - -2.024e+04 1 0))
s>    ( QUESTION0_0_R 1 -5.694e+04 3.087e+02 2.821e+02
s>        ( QUESTION0 -1 -3.639e+04 2.405e+02 1.809e+02
s>            ( - -3.491e+03 1 0)
s>            ( WDBNDRY_B 0 -3.266e+04 1.515e+02 1.629e+02
s>                ( - -6.843e+03 1 0)
s>                ( - -2.567e+04 2 0)))
s>        ( - -2.024e+04 1 0))INFO: dtree.c(1439): stop. leaf nodes are specific
INFO: dtree.c(1478): Final simple tree
|( SILENCE -1 -3.314e+04 3.211e+02 1.679e+02
|    ( - -4.511e+03 2 0)
|    ( QUESTION13 -1 -2.831e+04 2.230e+02 1.439e+02
|        ( - -6.685e+03 1 0)
|        ( WDBNDRY_B 0 -2.140e+04 1.773e+02 1.073e+02
|            ( QUESTION0 -1 -1.515e+04 3.256e+02 7.734e+01
|                ( - -6.398e+03 1 0)
|                ( - -8.431e+03 1 0))
|            ( - -6.071e+03 1 0))))
s>    ( SILENCE -1 -3.314e+04 3.211e+02 1.679e+02
s>        ( - -4.511e+03 2 0)
s>        ( QUESTION13 -1 -2.831e+04 2.230e+02 1.439e+02
s>            ( - -6.685e+03 1 0)
s>            ( WDBNDRY_B 0 -2.140e+04 1.773e+02 1.073e+02
s>                ( QUESTION0 -1 -1.515e+04 3.256e+02 7.734e+01
s>                    ( - -6.398e+03 1 0)
s>                    ( - -8.431e+03 1 0))
s>                ( - -6.071e+03 1 0))))INFO: dtree.c(1315): Comp split 39
INFO: dtree.c(1439): stop. leaf nodes are specific
INFO: dtree.c(1478): Final simple tree
|( QUESTION0 -1 -4.087e+04 2.736e+02 1.990e+02
|    ( - -1.079e+03 1 0)
|    ( - -3.952e+04 1 0))
s>    ( QUESTION0 -1 -4.087e+04 2.736e+02 1.990e+02
s>        ( - -1.079e+03 1 0)
s>        ( - -3.952e+04 1 0))INFO: dtree.c(1315): Comp split 40
INFO: dtree.c(1439): stop. leaf nodes are specific
INFO: dtree.c(1478): Final simple tree
|( QUESTION2_6_L -1 -3.899e+04 2.230e+02 1.920e+02
|    ( - -1.152e+04 1 0)
|    ( QUESTION3 -1 -2.725e+04 1.484e+02 1.350e+02
|        ( - -3.754e+03 1 0)
|        ( QUESTION2 -1 -2.334e+04 1.486e+02 1.163e+02
|            ( - -7.264e+03 1 0)
|            ( - -1.593e+04 1 0))))
s>    ( QUESTION2_6_L -1 -3.899e+04 2.230e+02 1.920e+02
s>        ( - -1.152e+04 1 0)
s>        ( QUESTION3 -1 -2.725e+04 1.484e+02 1.350e+02
s>            ( - -3.754e+03 1 0)
s>            ( QUESTION2 -1 -2.334e+04 1.486e+02 1.163e+02
s>                ( - -7.264e+03 1 0)
s>                ( - -1.593e+04 1 0))))INFO: dtree.c(1315): Comp split 41
INFO: dtree.c(1439): stop. leaf nodes are specific
INFO: dtree.c(1478): Final simple tree
|( SILENCE -1 -2.433e+04 3.112e+02 1.224e+02
|    ( - -4.511e+03 2 0)
|    ( QUESTION13 -1 -1.950e+04 2.099e+02 9.841e+01
|        ( - -6.685e+03 1 0)
|        ( WDBNDRY_B 0 -1.261e+04 1.393e+02 6.179e+01
|            ( - -6.398e+03 1 0)
|            ( - -6.071e+03 1 0))))
s>    ( SILENCE -1 -2.433e+04 3.112e+02 1.224e+02
s>        ( - -4.511e+03 2 0)
s>        ( QUESTION13 -1 -1.950e+04 2.099e+02 9.841e+01
s>            ( - -6.685e+03 1 0)
s>            ( WDBNDRY_B 0 -1.261e+04 1.393e+02 6.179e+01
s>                ( - -6.398e+03 1 0)
s>                ( - -6.071e+03 1 0))))INFO: dtree.c(1315): Comp split 42
INFO: dtree.c(1439): stop. leaf nodes are specific
INFO: dtree.c(1478): Final simple tree
|( QUESTION0_9_R 1 -2.633e+04 3.087e+02 1.258e+02
|    ( WDBNDRY_B 0 -1.054e+04 2.049e+02 4.881e+01
|        ( - -2.969e+03 1 0)
|        ( QUESTION10 -1 -7.366e+03 1.973e+02 3.392e+01
|            ( - -1.990e+03 1 0)
|            ( QUESTION12 -1 -5.179e+03 1.637e+02 2.395e+01
|                ( - -1.194e+03 1 0)
|                ( QUESTION2 -1 -3.821e+03 1.177e+02 1.795e+01
|                    ( - -1.434e+03 1 0)
|                    ( - -2.270e+03 1 0)))))
|    ( - -1.548e+04 1 0))
s>    ( QUESTION0_9_R 1 -2.633e+04 3.087e+02 1.258e+02
s>        ( WDBNDRY_B 0 -1.054e+04 2.049e+02 4.881e+01
s>            ( - -2.969e+03 1 0)
s>            ( QUESTION10 -1 -7.366e+03 1.973e+02 3.392e+01
s>                ( - -1.990e+03 1 0)
s>                ( QUESTION12 -1 -5.179e+03 1.637e+02 2.395e+01
s>                    ( - -1.194e+03 1 0)
s>                    ( QUESTION2 -1 -3.821e+03 1.177e+02 1.795e+01
s>                        ( - -1.434e+03 1 0)
s>                        ( - -2.270e+03 1 0)))))
s>        ( - -1.548e+04 1 0))INFO: dtree.c(1439): stop. leaf nodes are specific
INFO: dtree.c(1478): Final simple tree
|( SILENCE -1 -1.570e+04 2.867e+02 7.773e+01
|    ( - -9.450e+03 1 0)
|    ( WDBNDRY_B 0 -5.963e+03 2.333e+02 2.997e+01
|        ( - -3.469e+03 1 0)
|        ( - -2.260e+03 1 0)))
s>    ( SILENCE -1 -1.570e+04 2.867e+02 7.773e+01
s>        ( - -9.450e+03 1 0)
s>        ( WDBNDRY_B 0 -5.963e+03 2.333e+02 2.997e+01
s>            ( - -3.469e+03 1 0)
s>            ( - -2.260e+03 1 0)))INFO: dtree.c(1315): Comp split 43
INFO: dtree.c(1439): stop. leaf nodes are specific
INFO: dtree.c(1478): Final simple tree
|( WDBNDRY_B 0 -1.919e+04 2.258e+02 9.563e+01
|    ( - -7.862e+03 1 0)
|    ( QUESTION0_5_R 1 -1.110e+04 2.118e+02 5.682e+01
|        ( - -9.368e+03 2 0)
|        ( - -1.524e+03 1 0)))
s>    ( WDBNDRY_B 0 -1.919e+04 2.258e+02 9.563e+01
s>        ( - -7.862e+03 1 0)
s>        ( QUESTION0_5_R 1 -1.110e+04 2.118e+02 5.682e+01
s>            ( - -9.368e+03 2 0)
s>            ( - -1.524e+03 1 0)))INFO: dtree.c(1439): stop. leaf nodes are specific
INFO: dtree.c(1478): Final simple tree
|( QUESTION0_7_R 1 -1.057e+04 3.539e+02 4.798e+01
|    ( - -2.073e+03 1 0)
|    ( WDBNDRY_B 0 -8.141e+03 3.014e+02 3.598e+01
|        ( - -1.401e+03 1 0)
|        ( - -6.438e+03 2 0)))
s>    ( QUESTION0_7_R 1 -1.057e+04 3.539e+02 4.798e+01
s>        ( - -2.073e+03 1 0)
s>        ( WDBNDRY_B 0 -8.141e+03 3.014e+02 3.598e+01
s>            ( - -1.401e+03 1 0)
s>            ( - -6.438e+03 2 0)))INFO: dtree.c(1315): Comp split 44
INFO: dtree.c(1478): Final simple tree
|( QUESTION2_1_L -1 -3.716e+04 2.464e+02 1.767e+02
|    ( QUESTION0_1_R 1 -1.426e+04 2.004e+02 6.883e+01
|        ( - -1.348e+04 1 0)
|        ( - -5.786e+02 1 0))
|    ( QUESTION13 -1 -2.266e+04 2.137e+02 1.079e+02
|        ( QUESTION0_1_R 1 -8.242e+03 1.639e+02 3.970e+01
|            ( - -3.873e+03 2 0)
|            ( QUESTION16 -1 -4.206e+03 1.688e+02 2.100e+01
|                ( - -3.701e+03 3 0)
|                ( - -3.363e+02 2 0)))
|        ( QUESTION0 -1 -1.420e+04 2.022e+02 6.817e+01
|            ( QUESTION0_1_R 1 -7.430e+03 1.890e+02 3.599e+01
|                ( - -2.139e+03 1 0)
|                ( - -5.101e+03 1 0))
|            ( - -6.571e+03 2 0 QUESTION0_1_R 1 1.626e+02 3.217e+01))))
s>    ( QUESTION2_1_L -1 -3.716e+04 2.464e+02 1.767e+02
s>        ( QUESTION0_1_R 1 -1.426e+04 2.004e+02 6.883e+01
s>            ( - -1.348e+04 1 0)
s>            ( - -5.786e+02 1 0))
s>        ( QUESTION13 -1 -2.266e+04 2.137e+02 1.079e+02
s>            ( QUESTION0_1_R 1 -8.242e+03 1.639e+02 3.970e+01
s>                ( - -3.873e+03 2 0)
s>                ( QUESTION16 -1 -4.206e+03 1.688e+02 2.100e+01
s>                    ( - -3.701e+03 3 0)
s>                    ( - -3.363e+02 2 0)))
s>            ( QUESTION0 -1 -1.420e+04 2.022e+02 6.817e+01
s>                ( QUESTION0_1_R 1 -7.430e+03 1.890e+02 3.599e+01
s>                    ( - -2.139e+03 1 0)
s>                    ( - -5.101e+03 1 0))
s>                ( - -6.571e+03 2 0 QUESTION0_1_R 1 1.626e+02 3.217e+01))))INFO: dtree.c(1315): Comp split 45
INFO: dtree.c(1439): stop. leaf nodes are specific
INFO: dtree.c(1478): Final simple tree
|( QUESTION2_10_L -1 -9.238e+04 2.542e+02 4.441e+02
|    ( - -8.225e+04 4 0)
|    ( - -9.870e+03 2 0))
s>    ( QUESTION2_10_L -1 -9.238e+04 2.542e+02 4.441e+02
s>        ( - -8.225e+04 4 0)
s>        ( - -9.870e+03 2 0))INFO: dtree.c(1315): Comp split 46
INFO: dtree.c(1439): stop. leaf nodes are specific
INFO: dtree.c(1478): Final simple tree
|( WDBNDRY_B 0 -8.141e+03 3.014e+02 3.598e+01
|    ( - -1.401e+03 1 0)
|    ( - -6.438e+03 2 0))
s>    ( WDBNDRY_B 0 -8.141e+03 3.014e+02 3.598e+01
s>        ( - -1.401e+03 1 0)
s>        ( - -6.438e+03 2 0))INFO: dtree.c(1315): Comp split 47
INFO: dtree.c(1439): stop. leaf nodes are specific
INFO: dtree.c(1478): Final simple tree
|( QUESTION10 -1 -4.877e+03 1.842e+02 2.700e+01
|    ( - -3.202e+03 1 0)
|    ( - -1.491e+03 1 0))
s>    ( QUESTION10 -1 -4.877e+03 1.842e+02 2.700e+01
s>        ( - -3.202e+03 1 0)
s>        ( - -1.491e+03 1 0))INFO: dtree.c(1439): stop. leaf nodes are specific
INFO: dtree.c(1478): Final simple tree
|( QUESTION0_5_R 1 -1.944e+04 2.933e+02 9.884e+01
|    ( - -5.307e+03 1 0)
|    ( QUESTION0_1_R 1 -1.384e+04 2.816e+02 7.115e+01
|        ( - -7.091e+03 1 0)
|        ( - -6.467e+03 1 0)))
s>    ( QUESTION0_5_R 1 -1.944e+04 2.933e+02 9.884e+01
s>        ( - -5.307e+03 1 0)
s>        ( QUESTION0_1_R 1 -1.384e+04 2.816e+02 7.115e+01
s>            ( - -7.091e+03 1 0)
s>            ( - -6.467e+03 1 0)))INFO: dtree.c(1315): Comp split 48
INFO: dtree.c(1439): stop. leaf nodes are specific
INFO: dtree.c(1478): Final simple tree
|( QUESTION10 -1 -1.206e+04 1.166e+02 5.487e+01
|    ( - -4.423e+03 1 0)
|    ( - -7.520e+03 1 0))
s>    ( QUESTION10 -1 -1.206e+04 1.166e+02 5.487e+01
s>        ( - -4.423e+03 1 0)
s>        ( - -7.520e+03 1 0))INFO: dtree.c(1439): stop. leaf nodes are specific
INFO: dtree.c(1478): Final simple tree
|( SILENCE -1 -6.708e+03 2.580e+02 3.099e+01
|    ( - -8.574e+02 1 0)
|    ( QUESTION10 -1 -5.592e+03 1.511e+02 2.599e+01
|        ( - -4.425e+03 2 0)
|        ( - -1.017e+03 1 0)))
s>    ( SILENCE -1 -6.708e+03 2.580e+02 3.099e+01
s>        ( - -8.574e+02 1 0)
s>        ( QUESTION10 -1 -5.592e+03 1.511e+02 2.599e+01
s>            ( - -4.425e+03 2 0)
s>            ( - -1.017e+03 1 0)))INFO: dtree.c(1315): Comp split 49
INFO: dtree.c(1315): Comp split 50
INFO: dtree.c(1439): stop. leaf nodes are specific
INFO: dtree.c(1478): Final simple tree
|( QUESTION13 -1 -1.950e+04 2.099e+02 9.841e+01
|    ( - -6.685e+03 1 0)
|    ( WDBNDRY_B 0 -1.261e+04 1.393e+02 6.179e+01
|        ( - -6.398e+03 1 0)
|        ( - -6.071e+03 1 0)))
s>    ( QUESTION13 -1 -1.950e+04 2.099e+02 9.841e+01
s>        ( - -6.685e+03 1 0)
s>        ( WDBNDRY_B 0 -1.261e+04 1.393e+02 6.179e+01
s>            ( - -6.398e+03 1 0)
s>            ( - -6.071e+03 1 0)))INFO: dtree.c(1315): Comp split 51
INFO: dtree.c(1439): stop. leaf nodes are specific
INFO: dtree.c(1478): Final simple tree
|( QUESTION0 -1 -3.639e+04 2.405e+02 1.809e+02
|    ( - -3.491e+03 1 0)
|    ( WDBNDRY_B 0 -3.266e+04 1.515e+02 1.629e+02
|        ( - -6.843e+03 1 0)
|        ( - -2.567e+04 2 0)))
s>    ( QUESTION0 -1 -3.639e+04 2.405e+02 1.809e+02
s>        ( - -3.491e+03 1 0)
s>        ( WDBNDRY_B 0 -3.266e+04 1.515e+02 1.629e+02
s>            ( - -6.843e+03 1 0)
s>            ( - -2.567e+04 2 0)))INFO: dtree.c(1315): Comp split 52
INFO: dtree.c(1439): stop. leaf nodes are specific
INFO: dtree.c(1478): Final simple tree
|( WDBNDRY_B 0 -1.054e+04 2.049e+02 4.881e+01
|    ( - -2.969e+03 1 0)
|    ( QUESTION10 -1 -7.366e+03 1.973e+02 3.392e+01
|        ( - -1.990e+03 1 0)
|        ( QUESTION12 -1 -5.179e+03 1.637e+02 2.395e+01
|            ( - -1.194e+03 1 0)
|            ( QUESTION2 -1 -3.821e+03 1.177e+02 1.795e+01
|                ( - -1.434e+03 1 0)
|                ( - -2.270e+03 1 0)))))
s>    ( WDBNDRY_B 0 -1.054e+04 2.049e+02 4.881e+01
s>        ( - -2.969e+03 1 0)
s>        ( QUESTION10 -1 -7.366e+03 1.973e+02 3.392e+01
s>            ( - -1.990e+03 1 0)
s>            ( QUESTION12 -1 -5.179e+03 1.637e+02 2.395e+01
s>                ( - -1.194e+03 1 0)
s>                ( QUESTION2 -1 -3.821e+03 1.177e+02 1.795e+01
s>                    ( - -1.434e+03 1 0)
s>                    ( - -2.270e+03 1 0)))))INFO: dtree.c(1315): Comp split 53
INFO: dtree.c(1315): Comp split 54
INFO: dtree.c(1315): Comp split 55
INFO: dtree.c(1439): stop. leaf nodes are specific
INFO: dtree.c(1478): Final simple tree
|( QUESTION0_3_R 1 -1.799e+04 1.222e+02 8.530e+01
|    ( - -1.666e+04 1 0)
|    ( - -1.210e+03 1 0))
s>    ( QUESTION0_3_R 1 -1.799e+04 1.222e+02 8.530e+01
s>        ( - -1.666e+04 1 0)
s>        ( - -1.210e+03 1 0))INFO: dtree.c(1315): Comp split 56
INFO: dtree.c(1439): stop. leaf nodes are specific
INFO: dtree.c(1478): Final simple tree
|( WDBNDRY_B 0 -1.506e+04 1.201e+02 6.431e+01
|    ( - -1.434e+04 1 0)
|    ( - -5.954e+02 1 0))
s>    ( WDBNDRY_B 0 -1.506e+04 1.201e+02 6.431e+01
s>        ( - -1.434e+04 1 0)
s>        ( - -5.954e+02 1 0))INFO: dtree.c(1439): stop. leaf nodes are specific
INFO: dtree.c(1478): Final simple tree
|( QUESTION14 -1 -8.020e+03 1.841e+02 3.363e+01
|    ( - -2.904e+03 1 0)
|    ( - -4.931e+03 1 0))
s>    ( QUESTION14 -1 -8.020e+03 1.841e+02 3.363e+01
s>        ( - -2.904e+03 1 0)
s>        ( - -4.931e+03 1 0))INFO: dtree.c(1315): Comp split 57
INFO: dtree.c(1439): stop. leaf nodes are specific
INFO: dtree.c(1478): Final simple tree
|( QUESTION0_1_R 1 -1.384e+04 2.816e+02 7.115e+01
|    ( - -7.091e+03 1 0)
|    ( - -6.467e+03 1 0))
s>    ( QUESTION0_1_R 1 -1.384e+04 2.816e+02 7.115e+01
s>        ( - -7.091e+03 1 0)
s>        ( - -6.467e+03 1 0))INFO: dtree.c(1315): Comp split 58
INFO: dtree.c(1439): stop. leaf nodes are specific
INFO: dtree.c(1478): Final simple tree
|( WDBNDRY_B 0 -5.963e+03 2.333e+02 2.997e+01
|    ( - -3.469e+03 1 0)
|    ( - -2.260e+03 1 0))
s>    ( WDBNDRY_B 0 -5.963e+03 2.333e+02 2.997e+01
s>        ( - -3.469e+03 1 0)
s>        ( - -2.260e+03 1 0))INFO: dtree.c(1315): Comp split 59
INFO: dtree.c(1439): stop. leaf nodes are specific
INFO: dtree.c(1478): Final simple tree
|( QUESTION0 -1 -1.498e+04 1.942e+02 7.217e+01
|    ( QUESTION0_1_R 1 -7.430e+03 1.890e+02 3.599e+01
|        ( - -2.139e+03 1 0)
|        ( - -5.101e+03 1 0))
|    ( QUESTION2_0_L -1 -7.351e+03 2.021e+02 3.617e+01
|        ( - -5.786e+02 1 0)
|        ( QUESTION0_1_R 1 -6.571e+03 1.626e+02 3.217e+01
|            ( - -5.539e+02 1 0)
|            ( - -5.854e+03 1 0))))
s>    ( QUESTION0 -1 -1.498e+04 1.942e+02 7.217e+01
s>        ( QUESTION0_1_R 1 -7.430e+03 1.890e+02 3.599e+01
s>            ( - -2.139e+03 1 0)
s>            ( - -5.101e+03 1 0))
s>        ( QUESTION2_0_L -1 -7.351e+03 2.021e+02 3.617e+01
s>            ( - -5.786e+02 1 0)
s>            ( QUESTION0_1_R 1 -6.571e+03 1.626e+02 3.217e+01
s>                ( - -5.539e+02 1 0)
s>                ( - -5.854e+03 1 0))))INFO: dtree.c(1439): stop. leaf nodes are specific
INFO: dtree.c(1478): Final simple tree
|( QUESTION0_1_R 1 -2.190e+04 2.244e+02 1.045e+02
|    ( QUESTION12 -1 -1.747e+04 1.208e+02 8.352e+01
|        ( - -1.348e+04 1 0)
|        ( - -3.873e+03 2 0))
|    ( QUESTION16 -1 -4.206e+03 1.688e+02 2.100e+01
|        ( - -3.701e+03 3 0)
|        ( - -3.363e+02 2 0)))
s>    ( QUESTION0_1_R 1 -2.190e+04 2.244e+02 1.045e+02
s>        ( QUESTION12 -1 -1.747e+04 1.208e+02 8.352e+01
s>            ( - -1.348e+04 1 0)
s>            ( - -3.873e+03 2 0))
s>        ( QUESTION16 -1 -4.206e+03 1.688e+02 2.100e+01
s>            ( - -3.701e+03 3 0)
s>            ( - -3.363e+02 2 0)))INFO: dtree.c(1315): Comp split 60
INFO: dtree.c(1315): Comp split 61
INFO: dtree.c(1439): stop. leaf nodes are specific
INFO: dtree.c(1478): Final simple tree
|( QUESTION0 -1 -3.234e+03 1.457e+02 1.600e+01
|    ( - -2.204e+03 1 0)
|    ( - -8.835e+02 1 0))
s>    ( QUESTION0 -1 -3.234e+03 1.457e+02 1.600e+01
s>        ( - -2.204e+03 1 0)
s>        ( - -8.835e+02 1 0))INFO: dtree.c(1439): stop. leaf nodes are specific
INFO: dtree.c(1478): Final simple tree
|( QUESTION2 -1 -1.597e+05 2.637e+02 7.889e+02
|    ( - -1.918e+02 1 0)
|    ( QUESTION10 -1 -1.592e+05 2.547e+02 7.869e+02
|        ( WDBNDRY_B 0 -1.561e+05 1.948e+02 7.709e+02
|            ( - -6.502e+03 2 0)
|            ( - -1.494e+05 4 0))
|        ( - -2.853e+03 1 0)))
s>    ( QUESTION2 -1 -1.597e+05 2.637e+02 7.889e+02
s>        ( - -1.918e+02 1 0)
s>        ( QUESTION10 -1 -1.592e+05 2.547e+02 7.869e+02
s>            ( WDBNDRY_B 0 -1.561e+05 1.948e+02 7.709e+02
s>                ( - -6.502e+03 2 0)
s>                ( - -1.494e+05 4 0))
s>            ( - -2.853e+03 1 0)))INFO: dtree.c(1315): Comp split 62
INFO: dtree.c(1439): stop. leaf nodes are specific
INFO: dtree.c(1478): Final simple tree
|( QUESTION2 1 -1.202e+04 2.674e+02 5.598e+01
|    ( - -7.233e+03 1 0)
|    ( - -4.514e+03 2 0))
s>    ( QUESTION2 1 -1.202e+04 2.674e+02 5.598e+01
s>        ( - -7.233e+03 1 0)
s>        ( - -4.514e+03 2 0))INFO: dtree.c(1315): Comp split 63
INFO: dtree.c(1315): Comp split 64
INFO: dtree.c(1439): stop. leaf nodes are specific
INFO: dtree.c(1478): Final simple tree
|( QUESTION14 -1 -7.551e+03 2.064e+02 3.504e+01
|    ( - -4.430e+03 1 0)
|    ( - -2.914e+03 1 0))
s>    ( QUESTION14 -1 -7.551e+03 2.064e+02 3.504e+01
s>        ( - -4.430e+03 1 0)
s>        ( - -2.914e+03 1 0))INFO: dtree.c(1315): Comp split 65
INFO: dtree.c(1315): Comp split 66
INFO: dtree.c(1439): stop. leaf nodes are specific
INFO: dtree.c(1478): Final simple tree
|( QUESTION10 -1 -1.592e+05 2.547e+02 7.869e+02
|    ( WDBNDRY_B 0 -1.561e+05 1.948e+02 7.709e+02
|        ( - -6.502e+03 2 0)
|        ( - -1.494e+05 4 0))
|    ( - -2.853e+03 1 0))
s>    ( QUESTION10 -1 -1.592e+05 2.547e+02 7.869e+02
s>        ( WDBNDRY_B 0 -1.561e+05 1.948e+02 7.709e+02
s>            ( - -6.502e+03 2 0)
s>            ( - -1.494e+05 4 0))
s>        ( - -2.853e+03 1 0))INFO: dtree.c(1315): Comp split 67
INFO: dtree.c(1439): stop. leaf nodes are specific
INFO: dtree.c(1478): Final simple tree
|( QUESTION10 -1 -5.592e+03 1.511e+02 2.599e+01
|    ( - -4.425e+03 2 0)
|    ( - -1.017e+03 1 0))
s>    ( QUESTION10 -1 -5.592e+03 1.511e+02 2.599e+01
s>        ( - -4.425e+03 2 0)
s>        ( - -1.017e+03 1 0))INFO: dtree.c(1315): Comp split 68
INFO: dtree.c(1439): stop. leaf nodes are specific
INFO: dtree.c(1478): Final simple tree
|( WDBNDRY_B 0 -1.561e+05 1.948e+02 7.709e+02
|    ( - -6.502e+03 2 0)
|    ( - -1.494e+05 4 0))
s>    ( WDBNDRY_B 0 -1.561e+05 1.948e+02 7.709e+02
s>        ( - -6.502e+03 2 0)
s>        ( - -1.494e+05 4 0))INFO: dtree.c(1315): Comp split 69
INFO: dtree.c(1315): Comp split 70
INFO: dtree.c(1315): Comp split 71
INFO: dtree.c(1439): stop. leaf nodes are specific
INFO: dtree.c(1478): Final simple tree
|( WDBNDRY_B 0 -3.266e+04 1.515e+02 1.629e+02
|    ( - -6.843e+03 1 0)
|    ( - -2.567e+04 2 0))
s>    ( WDBNDRY_B 0 -3.266e+04 1.515e+02 1.629e+02
s>        ( - -6.843e+03 1 0)
s>        ( - -2.567e+04 2 0))INFO: dtree.c(1315): Comp split 72
INFO: dtree.c(1439): stop. leaf nodes are specific
INFO: dtree.c(1478): Final simple tree
|( QUESTION0 -1 -2.305e+03 2.445e+02 1.300e+01
|    ( - -1.690e+03 1 0)
|    ( - -3.707e+02 1 0))
s>    ( QUESTION0 -1 -2.305e+03 2.445e+02 1.300e+01
s>        ( - -1.690e+03 1 0)
s>        ( - -3.707e+02 1 0))INFO: dtree.c(1315): Comp split 73
INFO: dtree.c(1315): Comp split 74
INFO: dtree.c(1315): Comp split 75
INFO: dtree.c(1439): stop. leaf nodes are specific
INFO: dtree.c(1478): Final simple tree
|( QUESTION0_1_R 1 -1.798e+04 1.671e+02 8.552e+01
|    ( QUESTION12 -1 -1.747e+04 1.208e+02 8.352e+01
|        ( - -1.348e+04 1 0)
|        ( - -3.873e+03 2 0))
|    ( - -3.363e+02 2 0))
s>    ( QUESTION0_1_R 1 -1.798e+04 1.671e+02 8.552e+01
s>        ( QUESTION12 -1 -1.747e+04 1.208e+02 8.352e+01
s>            ( - -1.348e+04 1 0)
s>            ( - -3.873e+03 2 0))
s>        ( - -3.363e+02 2 0))INFO: dtree.c(1315): Comp split 76
INFO: dtree.c(1439): stop. leaf nodes are specific
INFO: dtree.c(1478): Final simple tree
|( QUESTION0_5_R 1 -1.110e+04 2.118e+02 5.682e+01
|    ( - -9.368e+03 2 0)
|    ( - -1.524e+03 1 0))
s>    ( QUESTION0_5_R 1 -1.110e+04 2.118e+02 5.682e+01
s>        ( - -9.368e+03 2 0)
s>        ( - -1.524e+03 1 0))INFO: dtree.c(1315): Comp split 77
INFO: dtree.c(1439): stop. leaf nodes are specific
INFO: dtree.c(1478): Final simple tree
|( QUESTION2 -1 -2.334e+04 1.486e+02 1.163e+02
|    ( - -7.264e+03 1 0)
|    ( - -1.593e+04 1 0))
s>    ( QUESTION2 -1 -2.334e+04 1.486e+02 1.163e+02
s>        ( - -7.264e+03 1 0)
s>        ( - -1.593e+04 1 0))INFO: dtree.c(1439): stop. leaf nodes are specific
INFO: dtree.c(1478): Final simple tree
|( QUESTION2 -1 -1.542e+04 1.461e+02 7.573e+01
|    ( - -3.754e+03 1 0)
|    ( - -1.152e+04 1 0))
s>    ( QUESTION2 -1 -1.542e+04 1.461e+02 7.573e+01
s>        ( - -3.754e+03 1 0)
s>        ( - -1.152e+04 1 0))INFO: dtree.c(1315): Comp split 78
INFO: dtree.c(1439): stop. leaf nodes are specific
INFO: dtree.c(1478): Final simple tree
|( QUESTION12 -1 -5.179e+03 1.637e+02 2.395e+01
|    ( - -1.194e+03 1 0)
|    ( QUESTION2 -1 -3.821e+03 1.177e+02 1.795e+01
|        ( - -1.434e+03 1 0)
|        ( - -2.270e+03 1 0)))
s>    ( QUESTION12 -1 -5.179e+03 1.637e+02 2.395e+01
s>        ( - -1.194e+03 1 0)
s>        ( QUESTION2 -1 -3.821e+03 1.177e+02 1.795e+01
s>            ( - -1.434e+03 1 0)
s>            ( - -2.270e+03 1 0)))INFO: dtree.c(1439): stop. leaf nodes are specific
INFO: dtree.c(1478): Final simple tree
|( WDBNDRY_B 0 -5.139e+03 1.796e+02 2.486e+01
|    ( - -2.969e+03 1 0)
|    ( - -1.990e+03 1 0))
s>    ( WDBNDRY_B 0 -5.139e+03 1.796e+02 2.486e+01
s>        ( - -2.969e+03 1 0)
s>        ( - -1.990e+03 1 0))INFO: dtree.c(1315): Comp split 79
INFO: dtree.c(1439): stop. leaf nodes are specific
INFO: dtree.c(1478): Final simple tree
|( QUESTION2_1_L -1 -9.660e+03 1.939e+02 4.817e+01
|    ( - -5.786e+02 1 0)
|    ( QUESTION0 -1 -8.888e+03 1.777e+02 4.417e+01
|        ( - -2.139e+03 1 0)
|        ( QUESTION0_1_R 1 -6.571e+03 1.626e+02 3.217e+01
|            ( - -5.539e+02 1 0)
|            ( - -5.854e+03 1 0))))
s>    ( QUESTION2_1_L -1 -9.660e+03 1.939e+02 4.817e+01
s>        ( - -5.786e+02 1 0)
s>        ( QUESTION0 -1 -8.888e+03 1.777e+02 4.417e+01
s>            ( - -2.139e+03 1 0)
s>            ( QUESTION0_1_R 1 -6.571e+03 1.626e+02 3.217e+01
s>                ( - -5.539e+02 1 0)
s>                ( - -5.854e+03 1 0))))INFO: dtree.c(1315): Comp split 80
INFO: dtree.c(1315): Comp split 81
INFO: dtree.c(1439): stop. leaf nodes are specific
INFO: dtree.c(1478): Final simple tree
|( WDBNDRY_B 0 -1.261e+04 1.393e+02 6.179e+01
|    ( - -6.398e+03 1 0)
|    ( - -6.071e+03 1 0))
s>    ( WDBNDRY_B 0 -1.261e+04 1.393e+02 6.179e+01
s>        ( - -6.398e+03 1 0)
s>        ( - -6.071e+03 1 0))INFO: dtree.c(1315): Comp split 82
INFO: dtree.c(1439): stop. leaf nodes are specific
INFO: dtree.c(1478): Final simple tree
|( QUESTION2_10_L -1 -2.957e+04 1.729e+02 1.501e+02
|    ( - -1.866e+04 2 0)
|    ( - -1.074e+04 1 0))
s>    ( QUESTION2_10_L -1 -2.957e+04 1.729e+02 1.501e+02
s>        ( - -1.866e+04 2 0)
s>        ( - -1.074e+04 1 0))INFO: dtree.c(1315): Comp split 83
INFO: dtree.c(1315): Comp split 84
INFO: dtree.c(1315): Comp split 85
INFO: dtree.c(1315): Comp split 86
INFO: dtree.c(1439): stop. leaf nodes are specific
INFO: dtree.c(1478): Final simple tree
|( QUESTION0 -1 -8.888e+03 1.777e+02 4.417e+01
|    ( - -2.139e+03 1 0)
|    ( QUESTION0_1_R 1 -6.571e+03 1.626e+02 3.217e+01
|        ( - -5.539e+02 1 0)
|        ( - -5.854e+03 1 0)))
s>    ( QUESTION0 -1 -8.888e+03 1.777e+02 4.417e+01
s>        ( - -2.139e+03 1 0)
s>        ( QUESTION0_1_R 1 -6.571e+03 1.626e+02 3.217e+01
s>            ( - -5.539e+02 1 0)
s>            ( - -5.854e+03 1 0)))INFO: dtree.c(1315): Comp split 87
INFO: dtree.c(1315): Comp split 88
INFO: dtree.c(1315): Comp split 89
INFO: dtree.c(1315): Comp split 90
INFO: dtree.c(1315): Comp split 91
INFO: dtree.c(1439): stop. leaf nodes are specific
INFO: dtree.c(1478): Final simple tree
|( QUESTION0_1_R 1 -6.571e+03 1.626e+02 3.217e+01
|    ( - -5.539e+02 1 0)
|    ( - -5.854e+03 1 0))
s>    ( QUESTION0_1_R 1 -6.571e+03 1.626e+02 3.217e+01
s>        ( - -5.539e+02 1 0)
s>        ( - -5.854e+03 1 0))INFO: dtree.c(1315): Comp split 92
INFO: dtree.c(1439): stop. leaf nodes are specific
INFO: dtree.c(1478): Final simple tree
|( QUESTION0 -1 -2.841e+03 1.280e+02 1.500e+01
|    ( - -1.628e+03 1 0)
|    ( - -1.085e+03 1 0))
s>    ( QUESTION0 -1 -2.841e+03 1.280e+02 1.500e+01
s>        ( - -1.628e+03 1 0)
s>        ( - -1.085e+03 1 0))INFO: dtree.c(1315): Comp split 93
INFO: dtree.c(1315): Comp split 94
INFO: dtree.c(1439): stop. leaf nodes are specific
INFO: dtree.c(1478): Final simple tree
|( QUESTION12 -1 -1.747e+04 1.208e+02 8.352e+01
|    ( - -1.348e+04 1 0)
|    ( - -3.873e+03 2 0))
s>    ( QUESTION12 -1 -1.747e+04 1.208e+02 8.352e+01
s>        ( - -1.348e+04 1 0)
s>        ( - -3.873e+03 2 0))INFO: dtree.c(1315): Comp split 95
INFO: dtree.c(1439): stop. leaf nodes are specific
INFO: dtree.c(1478): Final simple tree
|( QUESTION2 -1 -3.821e+03 1.177e+02 1.795e+01
|    ( - -1.434e+03 1 0)
|    ( - -2.270e+03 1 0))
s>    ( QUESTION2 -1 -3.821e+03 1.177e+02 1.795e+01
s>        ( - -1.434e+03 1 0)
s>        ( - -2.270e+03 1 0))INFO: dtree.c(1315): Comp split 96
INFO: dtree.c(1315): Comp split 97
INFO: dtree.c(1315): Comp split 98
INFO: dtree.c(1315): Comp split 99
INFO: dtree.c(1315): Comp split 100
INFO: dtree.c(1315): Comp split 101
INFO: dtree.c(1315): Comp split 102
INFO: dtree.c(1315): Comp split 103
INFO: dtree.c(1315): Comp split 104
INFO: dtree.c(1315): Comp split 105
INFO: dtree.c(1315): Comp split 106
INFO: dtree.c(1315): Comp split 107
INFO: dtree.c(1315): Comp split 108
INFO: dtree.c(1315): Comp split 109
INFO: dtree.c(1315): Comp split 110
INFO: dtree.c(1318): stop. leaf nodes are specific
Fri Jan  6 22:27:07 2023
