Current configuration:
[NAME]		[DEFLT]	[VALUE]
-allphones	no	no
-cntthresh	0.00001	1.000000e-05
-csplitmax	100	2000
-csplitmin	1	1
-csplitthr	8e-4	0.000000e+00
-example	no	no
-fullvar	no	no
-help		no	no
-meanfn			/mnt/c/users/robin/onedrive/desktop/cmu/Cebuano/model_parameters/Cebuano.cd_cont_untied/means
-mixwfn			/mnt/c/users/robin/onedrive/desktop/cmu/Cebuano/model_parameters/Cebuano.cd_cont_untied/mixture_weights
-moddeffn		/mnt/c/users/robin/onedrive/desktop/cmu/Cebuano/model_architecture/Cebuano.untied.mdef
-mwfloor	1e-4	1.000000e-08
-phone			AW
-psetfn			/mnt/c/users/robin/onedrive/desktop/cmu/Cebuano/model_architecture/Cebuano.tree_questions
-ssplitmax	5	7
-ssplitmin	1	1
-ssplitthr	8e-4	0.000000e+00
-state			0
-stwt			1.0,0.05,0.0,
-treefn			/mnt/c/users/robin/onedrive/desktop/cmu/Cebuano/trees/Cebuano.unpruned/AW-0.dtree
-ts2cbfn	.semi.	.cont.
-varfloor	0.00001	1.000000e-05
-varfn			/mnt/c/users/robin/onedrive/desktop/cmu/Cebuano/model_parameters/Cebuano.cd_cont_untied/variances

INFO: main.c(223): Reading: /mnt/c/users/robin/onedrive/desktop/cmu/Cebuano/model_architecture/Cebuano.untied.mdef
INFO: model_def_io.c(573): Model definition info:
INFO: model_def_io.c(574): 7744 total models defined (40 base, 7704 tri)
INFO: model_def_io.c(575): 30976 total states
INFO: model_def_io.c(576): 23232 total tied states
INFO: model_def_io.c(577): 120 total tied CI states
INFO: model_def_io.c(578): 40 total tied transition matrices
INFO: model_def_io.c(579): 4 max state/model
INFO: model_def_io.c(580): 4 min state/model
INFO: main.c(242): Building trees for [AW D N i] through [AW TH Z i]
INFO: main.c(268): Covering states |[4854 4931]| == 78
INFO: main.c(275): Reading: /mnt/c/users/robin/onedrive/desktop/cmu/Cebuano/model_parameters/Cebuano.cd_cont_untied/mixture_weights
INFO: s3mixw_io.c(172): Read /mnt/c/users/robin/onedrive/desktop/cmu/Cebuano/model_parameters/Cebuano.cd_cont_untied/mixture_weights [78x1x1 array]
INFO: main.c(311): 26 of 26 models have observation count greater than 0.000010
INFO: main.c(95): nrm stwt: 0.952 0.048 0.000 
INFO: s3gau_io.c(168): Read /mnt/c/users/robin/onedrive/desktop/cmu/Cebuano/model_parameters/Cebuano.cd_cont_untied/means [23232x1x1 array]
INFO: s3gau_io.c(168): Read /mnt/c/users/robin/onedrive/desktop/cmu/Cebuano/model_parameters/Cebuano.cd_cont_untied/variances [23232x1x1 array]
INFO: main.c(549): Reading: /mnt/c/users/robin/onedrive/desktop/cmu/Cebuano/model_architecture/Cebuano.tree_questions
INFO: main.c(587): 180 total simple questions (172 phone; 8 word bndry)
INFO: main.c(589): 42 Left Only questions, and 42 Right Only questions
INFO: dtree.c(1478): Final simple tree
|( QUESTION2_6_L -1 -3.055e+05 2.679e+03 1.383e+03
|    ( WDBNDRY_E 0 -1.956e+05 2.617e+03 8.681e+02
|        ( QUESTION0_14_R 1 -1.523e+05 5.106e+02 6.920e+02
|            ( - -5.840e+04 1 0)
|            ( - -9.339e+04 8 0 QUESTION0_1_R 1 3.186e+02 4.183e+02))
|        ( - -4.073e+04 4 0 QUESTION10 1 2.291e+02 1.761e+02))
|    ( QUESTION11 1 -1.072e+05 8.205e+02 5.150e+02
|        ( - -3.370e+04 6 0 QUESTION0_17_R 1 3.349e+02 1.629e+02)
|        ( QUESTION0_14_R 1 -7.268e+04 3.866e+02 3.521e+02
|            ( QUESTION10 -1 -1.137e+04 3.460e+02 5.598e+01
|                ( - -7.831e+03 1 0)
|                ( - -3.194e+03 1 0))
|            ( QUESTION9 -1 -6.092e+04 3.574e+02 2.962e+02
|                ( - -5.613e+04 3 0 QUESTION0_4_R 1 2.577e+02 2.742e+02)
|                ( - -4.432e+03 2 0 QUESTION0_5_R 1 2.130e+02 2.200e+01)))))
s>    ( QUESTION2_6_L -1 -3.055e+05 2.679e+03 1.383e+03
s>        ( WDBNDRY_E 0 -1.956e+05 2.617e+03 8.681e+02
s>            ( QUESTION0_14_R 1 -1.523e+05 5.106e+02 6.920e+02
s>                ( - -5.840e+04 1 0)
s>                ( - -9.339e+04 8 0 QUESTION0_1_R 1 3.186e+02 4.183e+02))
s>            ( - -4.073e+04 4 0 QUESTION10 1 2.291e+02 1.761e+02))
s>        ( QUESTION11 1 -1.072e+05 8.205e+02 5.150e+02
s>            ( - -3.370e+04 6 0 QUESTION0_17_R 1 3.349e+02 1.629e+02)
s>            ( QUESTION0_14_R 1 -7.268e+04 3.866e+02 3.521e+02
s>                ( QUESTION10 -1 -1.137e+04 3.460e+02 5.598e+01
s>                    ( - -7.831e+03 1 0)
s>                    ( - -3.194e+03 1 0))
s>                ( QUESTION9 -1 -6.092e+04 3.574e+02 2.962e+02
s>                    ( - -5.613e+04 3 0 QUESTION0_4_R 1 2.577e+02 2.742e+02)
s>                    ( - -4.432e+03 2 0 QUESTION0_5_R 1 2.130e+02 2.200e+01)))))INFO: dtree.c(1315): Comp split 0
INFO: dtree.c(1439): stop. leaf nodes are specific
INFO: dtree.c(1478): Final simple tree
|( QUESTION10 1 -4.073e+04 2.291e+02 1.761e+02
|    ( - -3.487e+04 3 0)
|    ( - -5.631e+03 1 0))
s>    ( QUESTION10 1 -4.073e+04 2.291e+02 1.761e+02
s>        ( - -3.487e+04 3 0)
s>        ( - -5.631e+03 1 0))INFO: dtree.c(1478): Final simple tree
|( QUESTION2_6_L -1 -2.619e+05 2.420e+03 1.207e+03
|    ( QUESTION0_14_R 1 -1.523e+05 5.106e+02 6.920e+02
|        ( - -5.840e+04 1 0)
|        ( - -9.339e+04 8 0 QUESTION0_1_R 1 3.186e+02 4.183e+02))
|    ( QUESTION11 1 -1.072e+05 8.205e+02 5.150e+02
|        ( QUESTION0_17_R 1 -3.370e+04 3.349e+02 1.629e+02
|            ( - -2.139e+03 1 0)
|            ( - -3.122e+04 5 0 QUESTION2_10_L -1 3.293e+02 1.509e+02))
|        ( QUESTION0_14_R 1 -7.268e+04 3.866e+02 3.521e+02
|            ( QUESTION10 -1 -1.137e+04 3.460e+02 5.598e+01
|                ( - -7.831e+03 1 0)
|                ( - -3.194e+03 1 0))
|            ( QUESTION9 -1 -6.092e+04 3.574e+02 2.962e+02
|                ( - -5.613e+04 3 0 QUESTION0_4_R 1 2.577e+02 2.742e+02)
|                ( - -4.432e+03 2 0 QUESTION0_5_R 1 2.130e+02 2.200e+01)))))
s>    ( QUESTION2_6_L -1 -2.619e+05 2.420e+03 1.207e+03
s>        ( QUESTION0_14_R 1 -1.523e+05 5.106e+02 6.920e+02
s>            ( - -5.840e+04 1 0)
s>            ( - -9.339e+04 8 0 QUESTION0_1_R 1 3.186e+02 4.183e+02))
s>        ( QUESTION11 1 -1.072e+05 8.205e+02 5.150e+02
s>            ( QUESTION0_17_R 1 -3.370e+04 3.349e+02 1.629e+02
s>                ( - -2.139e+03 1 0)
s>                ( - -3.122e+04 5 0 QUESTION2_10_L -1 3.293e+02 1.509e+02))
s>            ( QUESTION0_14_R 1 -7.268e+04 3.866e+02 3.521e+02
s>                ( QUESTION10 -1 -1.137e+04 3.460e+02 5.598e+01
s>                    ( - -7.831e+03 1 0)
s>                    ( - -3.194e+03 1 0))
s>                ( QUESTION9 -1 -6.092e+04 3.574e+02 2.962e+02
s>                    ( - -5.613e+04 3 0 QUESTION0_4_R 1 2.577e+02 2.742e+02)
s>                    ( - -4.432e+03 2 0 QUESTION0_5_R 1 2.130e+02 2.200e+01)))))INFO: dtree.c(1315): Comp split 1
INFO: dtree.c(1478): Final simple tree
|( QUESTION11 1 -1.072e+05 8.205e+02 5.150e+02
|    ( QUESTION0_17_R 1 -3.370e+04 3.349e+02 1.629e+02
|        ( - -2.139e+03 1 0)
|        ( QUESTION2_10_L -1 -3.122e+04 3.293e+02 1.509e+02
|            ( - -1.377e+04 2 0)
|            ( WDBNDRY_E 0 -1.712e+04 2.602e+02 8.249e+01
|                ( - -1.177e+04 2 0 QUESTION0_0_R 1 1.344e+02 5.836e+01)
|                ( - -5.089e+03 1 0))))
|    ( QUESTION0_14_R 1 -7.268e+04 3.866e+02 3.521e+02
|        ( QUESTION10 -1 -1.137e+04 3.460e+02 5.598e+01
|            ( - -7.831e+03 1 0)
|            ( - -3.194e+03 1 0))
|        ( QUESTION9 -1 -6.092e+04 3.574e+02 2.962e+02
|            ( - -5.613e+04 3 0 QUESTION0_4_R 1 2.577e+02 2.742e+02)
|            ( - -4.432e+03 2 0 QUESTION0_5_R 1 2.130e+02 2.200e+01))))
s>    ( QUESTION11 1 -1.072e+05 8.205e+02 5.150e+02
s>        ( QUESTION0_17_R 1 -3.370e+04 3.349e+02 1.629e+02
s>            ( - -2.139e+03 1 0)
s>            ( QUESTION2_10_L -1 -3.122e+04 3.293e+02 1.509e+02
s>                ( - -1.377e+04 2 0)
s>                ( WDBNDRY_E 0 -1.712e+04 2.602e+02 8.249e+01
s>                    ( - -1.177e+04 2 0 QUESTION0_0_R 1 1.344e+02 5.836e+01)
s>                    ( - -5.089e+03 1 0))))
s>        ( QUESTION0_14_R 1 -7.268e+04 3.866e+02 3.521e+02
s>            ( QUESTION10 -1 -1.137e+04 3.460e+02 5.598e+01
s>                ( - -7.831e+03 1 0)
s>                ( - -3.194e+03 1 0))
s>            ( QUESTION9 -1 -6.092e+04 3.574e+02 2.962e+02
s>                ( - -5.613e+04 3 0 QUESTION0_4_R 1 2.577e+02 2.742e+02)
s>                ( - -4.432e+03 2 0 QUESTION0_5_R 1 2.130e+02 2.200e+01))))INFO: dtree.c(1439): stop. leaf nodes are specific
INFO: dtree.c(1478): Final simple tree
|( QUESTION0_14_R 1 -1.523e+05 5.106e+02 6.920e+02
|    ( - -5.840e+04 1 0)
|    ( QUESTION0_1_R 1 -9.339e+04 3.186e+02 4.183e+02
|        ( - -2.181e+04 2 0)
|        ( QUESTION0_0_R 1 -7.126e+04 2.860e+02 3.166e+02
|            ( QUESTION0_3_R 1 -5.549e+04 2.316e+02 2.492e+02
|                ( - -2.980e+04 3 0)
|                ( - -2.545e+04 1 0))
|            ( QUESTION0_9_R 1 -1.549e+04 1.582e+02 6.738e+01
|                ( - -6.624e+03 1 0)
|                ( - -8.703e+03 1 0)))))
s>    ( QUESTION0_14_R 1 -1.523e+05 5.106e+02 6.920e+02
s>        ( - -5.840e+04 1 0)
s>        ( QUESTION0_1_R 1 -9.339e+04 3.186e+02 4.183e+02
s>            ( - -2.181e+04 2 0)
s>            ( QUESTION0_0_R 1 -7.126e+04 2.860e+02 3.166e+02
s>                ( QUESTION0_3_R 1 -5.549e+04 2.316e+02 2.492e+02
s>                    ( - -2.980e+04 3 0)
s>                    ( - -2.545e+04 1 0))
s>                ( QUESTION0_9_R 1 -1.549e+04 1.582e+02 6.738e+01
s>                    ( - -6.624e+03 1 0)
s>                    ( - -8.703e+03 1 0)))))INFO: dtree.c(1315): Comp split 2
INFO: dtree.c(1439): stop. leaf nodes are specific
INFO: dtree.c(1478): Final simple tree
|( QUESTION0_17_R 1 -3.842e+04 3.327e+02 1.849e+02
|    ( - -2.139e+03 1 0)
|    ( QUESTION0_5_R 1 -3.595e+04 3.317e+02 1.729e+02
|        ( - -3.354e+03 1 0)
|        ( QUESTION2_10_L -1 -3.226e+04 3.411e+02 1.559e+02
|            ( - -1.377e+04 2 0)
|            ( QUESTION10 -1 -1.815e+04 2.519e+02 8.749e+01
|                ( - -5.089e+03 1 0)
|                ( WDBNDRY_E 0 -1.280e+04 1.688e+02 6.336e+01
|                    ( QUESTION0_0_R 1 -1.177e+04 1.344e+02 5.836e+01
|                        ( - -8.796e+03 1 0)
|                        ( - -2.839e+03 1 0))
|                    ( - -8.654e+02 1 0))))))
s>    ( QUESTION0_17_R 1 -3.842e+04 3.327e+02 1.849e+02
s>        ( - -2.139e+03 1 0)
s>        ( QUESTION0_5_R 1 -3.595e+04 3.317e+02 1.729e+02
s>            ( - -3.354e+03 1 0)
s>            ( QUESTION2_10_L -1 -3.226e+04 3.411e+02 1.559e+02
s>                ( - -1.377e+04 2 0)
s>                ( QUESTION10 -1 -1.815e+04 2.519e+02 8.749e+01
s>                    ( - -5.089e+03 1 0)
s>                    ( WDBNDRY_E 0 -1.280e+04 1.688e+02 6.336e+01
s>                        ( QUESTION0_0_R 1 -1.177e+04 1.344e+02 5.836e+01
s>                            ( - -8.796e+03 1 0)
s>                            ( - -2.839e+03 1 0))
s>                        ( - -8.654e+02 1 0))))))INFO: dtree.c(1439): stop. leaf nodes are specific
INFO: dtree.c(1478): Final simple tree
|( QUESTION0_14_R 1 -6.791e+04 4.035e+02 3.301e+02
|    ( QUESTION10 -1 -1.137e+04 3.460e+02 5.598e+01
|        ( - -7.831e+03 1 0)
|        ( - -3.194e+03 1 0))
|    ( QUESTION0_4_R 1 -5.613e+04 2.577e+02 2.742e+02
|        ( - -2.457e+04 1 0)
|        ( WDBNDRY_E 0 -3.131e+04 2.303e+02 1.553e+02
|            ( - -2.590e+04 1 0)
|            ( - -5.178e+03 1 0))))
s>    ( QUESTION0_14_R 1 -6.791e+04 4.035e+02 3.301e+02
s>        ( QUESTION10 -1 -1.137e+04 3.460e+02 5.598e+01
s>            ( - -7.831e+03 1 0)
s>            ( - -3.194e+03 1 0))
s>        ( QUESTION0_4_R 1 -5.613e+04 2.577e+02 2.742e+02
s>            ( - -2.457e+04 1 0)
s>            ( WDBNDRY_E 0 -3.131e+04 2.303e+02 1.553e+02
s>                ( - -2.590e+04 1 0)
s>                ( - -5.178e+03 1 0))))INFO: dtree.c(1315): Comp split 3
INFO: dtree.c(1439): stop. leaf nodes are specific
INFO: dtree.c(1478): Final simple tree
|( QUESTION0_0_R 1 -7.126e+04 2.860e+02 3.166e+02
|    ( QUESTION0_3_R 1 -5.549e+04 2.316e+02 2.492e+02
|        ( - -2.980e+04 3 0)
|        ( - -2.545e+04 1 0))
|    ( QUESTION0_9_R 1 -1.549e+04 1.582e+02 6.738e+01
|        ( - -6.624e+03 1 0)
|        ( - -8.703e+03 1 0)))
s>    ( QUESTION0_0_R 1 -7.126e+04 2.860e+02 3.166e+02
s>        ( QUESTION0_3_R 1 -5.549e+04 2.316e+02 2.492e+02
s>            ( - -2.980e+04 3 0)
s>            ( - -2.545e+04 1 0))
s>        ( QUESTION0_9_R 1 -1.549e+04 1.582e+02 6.738e+01
s>            ( - -6.624e+03 1 0)
s>            ( - -8.703e+03 1 0)))INFO: dtree.c(1439): stop. leaf nodes are specific
INFO: dtree.c(1478): Final simple tree
|( QUESTION0_0_R 1 -8.037e+04 1.561e+02 3.754e+02
|    ( - -2.181e+04 2 0)
|    ( - -5.840e+04 1 0))
s>    ( QUESTION0_0_R 1 -8.037e+04 1.561e+02 3.754e+02
s>        ( - -2.181e+04 2 0)
s>        ( - -5.840e+04 1 0))INFO: dtree.c(1315): Comp split 4
INFO: dtree.c(1439): stop. leaf nodes are specific
INFO: dtree.c(1478): Final simple tree
|( QUESTION0_14_R 1 -6.429e+04 3.225e+02 3.131e+02
|    ( - -7.831e+03 1 0)
|    ( QUESTION0_4_R 1 -5.613e+04 2.577e+02 2.742e+02
|        ( - -2.457e+04 1 0)
|        ( WDBNDRY_E 0 -3.131e+04 2.303e+02 1.553e+02
|            ( - -2.590e+04 1 0)
|            ( - -5.178e+03 1 0))))
s>    ( QUESTION0_14_R 1 -6.429e+04 3.225e+02 3.131e+02
s>        ( - -7.831e+03 1 0)
s>        ( QUESTION0_4_R 1 -5.613e+04 2.577e+02 2.742e+02
s>            ( - -2.457e+04 1 0)
s>            ( WDBNDRY_E 0 -3.131e+04 2.303e+02 1.553e+02
s>                ( - -2.590e+04 1 0)
s>                ( - -5.178e+03 1 0))))INFO: dtree.c(1315): Comp split 5
INFO: dtree.c(1439): stop. leaf nodes are specific
INFO: dtree.c(1478): Final simple tree
|( QUESTION10 -1 -1.815e+04 2.519e+02 8.749e+01
|    ( - -5.089e+03 1 0)
|    ( WDBNDRY_E 0 -1.280e+04 1.688e+02 6.336e+01
|        ( QUESTION0_0_R 1 -1.177e+04 1.344e+02 5.836e+01
|            ( - -8.796e+03 1 0)
|            ( - -2.839e+03 1 0))
|        ( - -8.654e+02 1 0)))
s>    ( QUESTION10 -1 -1.815e+04 2.519e+02 8.749e+01
s>        ( - -5.089e+03 1 0)
s>        ( WDBNDRY_E 0 -1.280e+04 1.688e+02 6.336e+01
s>            ( QUESTION0_0_R 1 -1.177e+04 1.344e+02 5.836e+01
s>                ( - -8.796e+03 1 0)
s>                ( - -2.839e+03 1 0))
s>            ( - -8.654e+02 1 0)))INFO: dtree.c(1439): stop. leaf nodes are specific
INFO: dtree.c(1478): Final simple tree
|( WDBNDRY_E 0 -1.986e+04 3.163e+02 9.742e+01
|    ( - -2.139e+03 1 0)
|    ( QUESTION0_1_R 1 -1.740e+04 2.751e+02 8.542e+01
|        ( - -1.377e+04 2 0)
|        ( - -3.354e+03 1 0)))
s>    ( WDBNDRY_E 0 -1.986e+04 3.163e+02 9.742e+01
s>        ( - -2.139e+03 1 0)
s>        ( QUESTION0_1_R 1 -1.740e+04 2.751e+02 8.542e+01
s>            ( - -1.377e+04 2 0)
s>            ( - -3.354e+03 1 0)))INFO: dtree.c(1315): Comp split 6
INFO: dtree.c(1439): stop. leaf nodes are specific
INFO: dtree.c(1478): Final simple tree
|( QUESTION0_4_R 1 -5.613e+04 2.577e+02 2.742e+02
|    ( - -2.457e+04 1 0)
|    ( WDBNDRY_E 0 -3.131e+04 2.303e+02 1.553e+02
|        ( - -2.590e+04 1 0)
|        ( - -5.178e+03 1 0)))
s>    ( QUESTION0_4_R 1 -5.613e+04 2.577e+02 2.742e+02
s>        ( - -2.457e+04 1 0)
s>        ( WDBNDRY_E 0 -3.131e+04 2.303e+02 1.553e+02
s>            ( - -2.590e+04 1 0)
s>            ( - -5.178e+03 1 0)))INFO: dtree.c(1315): Comp split 7
INFO: dtree.c(1439): stop. leaf nodes are specific
INFO: dtree.c(1478): Final simple tree
|( QUESTION0_1_R 1 -1.740e+04 2.751e+02 8.542e+01
|    ( - -1.377e+04 2 0)
|    ( - -3.354e+03 1 0))
s>    ( QUESTION0_1_R 1 -1.740e+04 2.751e+02 8.542e+01
s>        ( - -1.377e+04 2 0)
s>        ( - -3.354e+03 1 0))INFO: dtree.c(1315): Comp split 8
INFO: dtree.c(1439): stop. leaf nodes are specific
INFO: dtree.c(1478): Final simple tree
|( QUESTION0_9_R 1 -1.549e+04 1.582e+02 6.738e+01
|    ( - -6.624e+03 1 0)
|    ( - -8.703e+03 1 0))
s>    ( QUESTION0_9_R 1 -1.549e+04 1.582e+02 6.738e+01
s>        ( - -6.624e+03 1 0)
s>        ( - -8.703e+03 1 0))INFO: dtree.c(1439): stop. leaf nodes are specific
INFO: dtree.c(1478): Final simple tree
|( QUESTION0_3_R 1 -5.549e+04 2.316e+02 2.492e+02
|    ( - -2.980e+04 3 0)
|    ( - -2.545e+04 1 0))
s>    ( QUESTION0_3_R 1 -5.549e+04 2.316e+02 2.492e+02
s>        ( - -2.980e+04 3 0)
s>        ( - -2.545e+04 1 0))INFO: dtree.c(1315): Comp split 9
INFO: dtree.c(1315): Comp split 10
INFO: dtree.c(1439): stop. leaf nodes are specific
INFO: dtree.c(1478): Final simple tree
|( WDBNDRY_E 0 -3.131e+04 2.303e+02 1.553e+02
|    ( - -2.590e+04 1 0)
|    ( - -5.178e+03 1 0))
s>    ( WDBNDRY_E 0 -3.131e+04 2.303e+02 1.553e+02
s>        ( - -2.590e+04 1 0)
s>        ( - -5.178e+03 1 0))INFO: dtree.c(1315): Comp split 11
INFO: dtree.c(1439): stop. leaf nodes are specific
INFO: dtree.c(1478): Final simple tree
|( WDBNDRY_E 0 -1.280e+04 1.688e+02 6.336e+01
|    ( QUESTION0_0_R 1 -1.177e+04 1.344e+02 5.836e+01
|        ( - -8.796e+03 1 0)
|        ( - -2.839e+03 1 0))
|    ( - -8.654e+02 1 0))
s>    ( WDBNDRY_E 0 -1.280e+04 1.688e+02 6.336e+01
s>        ( QUESTION0_0_R 1 -1.177e+04 1.344e+02 5.836e+01
s>            ( - -8.796e+03 1 0)
s>            ( - -2.839e+03 1 0))
s>        ( - -8.654e+02 1 0))INFO: dtree.c(1315): Comp split 12
INFO: dtree.c(1315): Comp split 13
INFO: dtree.c(1315): Comp split 14
INFO: dtree.c(1315): Comp split 15
INFO: dtree.c(1439): stop. leaf nodes are specific
INFO: dtree.c(1478): Final simple tree
|( QUESTION0_0_R 1 -1.177e+04 1.344e+02 5.836e+01
|    ( - -8.796e+03 1 0)
|    ( - -2.839e+03 1 0))
s>    ( QUESTION0_0_R 1 -1.177e+04 1.344e+02 5.836e+01
s>        ( - -8.796e+03 1 0)
s>        ( - -2.839e+03 1 0))INFO: dtree.c(1315): Comp split 16
INFO: dtree.c(1315): Comp split 17
INFO: dtree.c(1315): Comp split 18
INFO: dtree.c(1315): Comp split 19
INFO: dtree.c(1318): stop. leaf nodes are specific
Fri Jan  6 22:27:00 2023
