Current configuration:
[NAME]		[DEFLT]	[VALUE]
-allphones	no	no
-cntthresh	0.00001	1.000000e-05
-csplitmax	100	2000
-csplitmin	1	1
-csplitthr	8e-4	0.000000e+00
-example	no	no
-fullvar	no	no
-help		no	no
-meanfn			/mnt/c/users/robin/onedrive/desktop/cmu/Cebuano/model_parameters/Cebuano.cd_cont_untied/means
-mixwfn			/mnt/c/users/robin/onedrive/desktop/cmu/Cebuano/model_parameters/Cebuano.cd_cont_untied/mixture_weights
-moddeffn		/mnt/c/users/robin/onedrive/desktop/cmu/Cebuano/model_architecture/Cebuano.untied.mdef
-mwfloor	1e-4	1.000000e-08
-phone			Y
-psetfn			/mnt/c/users/robin/onedrive/desktop/cmu/Cebuano/model_architecture/Cebuano.tree_questions
-ssplitmax	5	7
-ssplitmin	1	1
-ssplitthr	8e-4	0.000000e+00
-state			0
-stwt			1.0,0.05,0.0,
-treefn			/mnt/c/users/robin/onedrive/desktop/cmu/Cebuano/trees/Cebuano.unpruned/Y-0.dtree
-ts2cbfn	.semi.	.cont.
-varfloor	0.00001	1.000000e-05
-varfn			/mnt/c/users/robin/onedrive/desktop/cmu/Cebuano/model_parameters/Cebuano.cd_cont_untied/variances

INFO: main.c(223): Reading: /mnt/c/users/robin/onedrive/desktop/cmu/Cebuano/model_architecture/Cebuano.untied.mdef
INFO: model_def_io.c(573): Model definition info:
INFO: model_def_io.c(574): 7744 total models defined (40 base, 7704 tri)
INFO: model_def_io.c(575): 30976 total states
INFO: model_def_io.c(576): 23232 total tied states
INFO: model_def_io.c(577): 120 total tied CI states
INFO: model_def_io.c(578): 40 total tied transition matrices
INFO: model_def_io.c(579): 4 max state/model
INFO: model_def_io.c(580): 4 min state/model
INFO: main.c(242): Building trees for [Y AA UW b] through [Y Z UW i]
INFO: main.c(268): Covering states |[22572 22790]| == 219
INFO: main.c(275): Reading: /mnt/c/users/robin/onedrive/desktop/cmu/Cebuano/model_parameters/Cebuano.cd_cont_untied/mixture_weights
INFO: s3mixw_io.c(172): Read /mnt/c/users/robin/onedrive/desktop/cmu/Cebuano/model_parameters/Cebuano.cd_cont_untied/mixture_weights [219x1x1 array]
INFO: main.c(311): 73 of 73 models have observation count greater than 0.000010
INFO: main.c(95): nrm stwt: 0.952 0.048 0.000 
INFO: s3gau_io.c(168): Read /mnt/c/users/robin/onedrive/desktop/cmu/Cebuano/model_parameters/Cebuano.cd_cont_untied/means [23232x1x1 array]
INFO: s3gau_io.c(168): Read /mnt/c/users/robin/onedrive/desktop/cmu/Cebuano/model_parameters/Cebuano.cd_cont_untied/variances [23232x1x1 array]
INFO: main.c(549): Reading: /mnt/c/users/robin/onedrive/desktop/cmu/Cebuano/model_architecture/Cebuano.tree_questions
INFO: main.c(587): 180 total simple questions (172 phone; 8 word bndry)
INFO: main.c(589): 42 Left Only questions, and 42 Right Only questions
INFO: dtree.c(1478): Final simple tree
|( QUESTION2_9_L -1 -2.383e+06 1.473e+04 1.019e+04
|    ( QUESTION2_10_L -1 -8.750e+05 4.648e+03 3.734e+03
|        ( - -7.535e+05 14 0 QUESTION0 1 3.298e+02 3.229e+03)
|        ( - -1.168e+05 3 0 WDBNDRY_B 0 7.914e+02 5.047e+02))
|    ( SILENCE -1 -1.494e+06 7.066e+03 6.455e+03
|        ( - -1.535e+05 2 0 QUESTION0_16_R 1 5.175e+02 6.921e+02)
|        ( QUESTION2_19_L -1 -1.333e+06 5.021e+03 5.762e+03
|            ( QUESTION0_14_R 1 -1.566e+05 5.900e+03 6.897e+02
|                ( - -5.355e+04 1 0)
|                ( - -9.717e+04 5 0 WDBNDRY_B 0 1.924e+02 4.303e+02))
|            ( WDBNDRY_B 0 -1.171e+06 4.018e+03 5.073e+03
|                ( - -4.292e+05 18 0 QUESTION12 -1 2.489e+03 1.887e+03)
|                ( QUESTION11 -1 -7.382e+05 4.568e+03 3.186e+03
|                    ( - -4.398e+05 20 0 QUESTION2_1_L -1 3.059e+03 1.905e+03)
|                    ( - -2.939e+05 10 0 QUESTION9 -1 2.688e+03 1.281e+03))))))
s>    ( QUESTION2_9_L -1 -2.383e+06 1.473e+04 1.019e+04
s>        ( QUESTION2_10_L -1 -8.750e+05 4.648e+03 3.734e+03
s>            ( - -7.535e+05 14 0 QUESTION0 1 3.298e+02 3.229e+03)
s>            ( - -1.168e+05 3 0 WDBNDRY_B 0 7.914e+02 5.047e+02))
s>        ( SILENCE -1 -1.494e+06 7.066e+03 6.455e+03
s>            ( - -1.535e+05 2 0 QUESTION0_16_R 1 5.175e+02 6.921e+02)
s>            ( QUESTION2_19_L -1 -1.333e+06 5.021e+03 5.762e+03
s>                ( QUESTION0_14_R 1 -1.566e+05 5.900e+03 6.897e+02
s>                    ( - -5.355e+04 1 0)
s>                    ( - -9.717e+04 5 0 WDBNDRY_B 0 1.924e+02 4.303e+02))
s>                ( WDBNDRY_B 0 -1.171e+06 4.018e+03 5.073e+03
s>                    ( - -4.292e+05 18 0 QUESTION12 -1 2.489e+03 1.887e+03)
s>                    ( QUESTION11 -1 -7.382e+05 4.568e+03 3.186e+03
s>                        ( - -4.398e+05 20 0 QUESTION2_1_L -1 3.059e+03 1.905e+03)
s>                        ( - -2.939e+05 10 0 QUESTION9 -1 2.688e+03 1.281e+03))))))INFO: dtree.c(1315): Comp split 0
INFO: dtree.c(1478): Final simple tree
|( SILENCE -1 -1.494e+06 7.066e+03 6.455e+03
|    ( - -1.535e+05 2 0 QUESTION0_16_R 1 5.175e+02 6.921e+02)
|    ( QUESTION2_19_L -1 -1.333e+06 5.021e+03 5.762e+03
|        ( QUESTION0_14_R 1 -1.566e+05 5.900e+03 6.897e+02
|            ( - -5.355e+04 1 0)
|            ( - -9.717e+04 5 0 WDBNDRY_B 0 1.924e+02 4.303e+02))
|        ( WDBNDRY_B 0 -1.171e+06 4.018e+03 5.073e+03
|            ( - -4.292e+05 18 0 QUESTION12 -1 2.489e+03 1.887e+03)
|            ( QUESTION11 -1 -7.382e+05 4.568e+03 3.186e+03
|                ( QUESTION2_1_L -1 -4.398e+05 3.059e+03 1.905e+03
|                    ( - -1.223e+05 3 0 QUESTION0 1 3.328e+02 5.516e+02)
|                    ( QUESTION0_17_R 1 -3.144e+05 4.172e+03 1.353e+03
|                        ( - -1.220e+05 4 0 QUESTION14 -1 1.131e+03 5.461e+02)
|                        ( - -1.882e+05 13 0 QUESTION12 -1 1.158e+03 8.070e+02)))
|                ( - -2.939e+05 10 0 QUESTION9 -1 2.688e+03 1.281e+03)))))
s>    ( SILENCE -1 -1.494e+06 7.066e+03 6.455e+03
s>        ( - -1.535e+05 2 0 QUESTION0_16_R 1 5.175e+02 6.921e+02)
s>        ( QUESTION2_19_L -1 -1.333e+06 5.021e+03 5.762e+03
s>            ( QUESTION0_14_R 1 -1.566e+05 5.900e+03 6.897e+02
s>                ( - -5.355e+04 1 0)
s>                ( - -9.717e+04 5 0 WDBNDRY_B 0 1.924e+02 4.303e+02))
s>            ( WDBNDRY_B 0 -1.171e+06 4.018e+03 5.073e+03
s>                ( - -4.292e+05 18 0 QUESTION12 -1 2.489e+03 1.887e+03)
s>                ( QUESTION11 -1 -7.382e+05 4.568e+03 3.186e+03
s>                    ( QUESTION2_1_L -1 -4.398e+05 3.059e+03 1.905e+03
s>                        ( - -1.223e+05 3 0 QUESTION0 1 3.328e+02 5.516e+02)
s>                        ( QUESTION0_17_R 1 -3.144e+05 4.172e+03 1.353e+03
s>                            ( - -1.220e+05 4 0 QUESTION14 -1 1.131e+03 5.461e+02)
s>                            ( - -1.882e+05 13 0 QUESTION12 -1 1.158e+03 8.070e+02)))
s>                    ( - -2.939e+05 10 0 QUESTION9 -1 2.688e+03 1.281e+03)))))INFO: dtree.c(1439): stop. leaf nodes are specific
INFO: dtree.c(1478): Final simple tree
|( QUESTION2_10_L -1 -8.750e+05 4.648e+03 3.734e+03
|    ( QUESTION0 1 -7.535e+05 3.298e+02 3.229e+03
|        ( WDBNDRY_B 0 -7.238e+05 2.617e+02 3.102e+03
|            ( - -7.471e+03 3 0)
|            ( QUESTION0_14_R 1 -7.161e+05 1.314e+02 3.070e+03
|                ( - -3.770e+04 4 0)
|                ( - -6.782e+05 4 0)))
|        ( - -2.939e+04 3 0))
|    ( WDBNDRY_B 0 -1.168e+05 7.914e+02 5.047e+02
|        ( QUESTION0_16_R 1 -9.090e+03 1.139e+02 3.987e+01
|            ( - -1.323e+03 1 0)
|            ( - -7.652e+03 1 0))
|        ( - -1.069e+05 1 0)))
s>    ( QUESTION2_10_L -1 -8.750e+05 4.648e+03 3.734e+03
s>        ( QUESTION0 1 -7.535e+05 3.298e+02 3.229e+03
s>            ( WDBNDRY_B 0 -7.238e+05 2.617e+02 3.102e+03
s>                ( - -7.471e+03 3 0)
s>                ( QUESTION0_14_R 1 -7.161e+05 1.314e+02 3.070e+03
s>                    ( - -3.770e+04 4 0)
s>                    ( - -6.782e+05 4 0)))
s>            ( - -2.939e+04 3 0))
s>        ( WDBNDRY_B 0 -1.168e+05 7.914e+02 5.047e+02
s>            ( QUESTION0_16_R 1 -9.090e+03 1.139e+02 3.987e+01
s>                ( - -1.323e+03 1 0)
s>                ( - -7.652e+03 1 0))
s>            ( - -1.069e+05 1 0)))INFO: dtree.c(1315): Comp split 1
INFO: dtree.c(1439): stop. leaf nodes are specific
INFO: dtree.c(1478): Final simple tree
|( QUESTION0_14_R 1 -1.810e+05 5.457e+03 8.055e+02
|    ( - -5.355e+04 1 0)
|    ( QUESTION14 -1 -1.220e+05 1.131e+03 5.461e+02
|        ( - -7.277e+03 1 0)
|        ( QUESTION12 -1 -1.136e+05 1.582e+02 5.104e+02
|            ( - -1.127e+05 2 0)
|            ( - -8.190e+02 1 0))))
s>    ( QUESTION0_14_R 1 -1.810e+05 5.457e+03 8.055e+02
s>        ( - -5.355e+04 1 0)
s>        ( QUESTION14 -1 -1.220e+05 1.131e+03 5.461e+02
s>            ( - -7.277e+03 1 0)
s>            ( QUESTION12 -1 -1.136e+05 1.582e+02 5.104e+02
s>                ( - -1.127e+05 2 0)
s>                ( - -8.190e+02 1 0))))INFO: dtree.c(1478): Final simple tree
|( SILENCE -1 -1.303e+06 6.337e+03 5.649e+03
|    ( - -1.535e+05 2 0 QUESTION0_16_R 1 5.175e+02 6.921e+02)
|    ( QUESTION2_19_L -1 -1.144e+06 3.959e+03 4.957e+03
|        ( - -9.717e+04 5 0 WDBNDRY_B 0 1.924e+02 4.303e+02)
|        ( WDBNDRY_B 0 -1.042e+06 3.744e+03 4.527e+03
|            ( QUESTION12 -1 -4.292e+05 2.489e+03 1.887e+03
|                ( - -1.930e+05 2 0 QUESTION0_14_R 1 3.287e+02 8.828e+02)
|                ( - -2.338e+05 16 0 QUESTION0 -1 8.338e+02 1.004e+03))
|            ( QUESTION2_7_L -1 -6.095e+05 2.904e+03 2.640e+03
|                ( - -1.223e+05 3 0 QUESTION0 1 3.328e+02 5.516e+02)
|                ( QUESTION0 -1 -4.843e+05 2.929e+03 2.088e+03
|                    ( - -1.656e+05 2 0 QUESTION0_14_R 1 1.914e+02 7.424e+02)
|                    ( QUESTION10 -1 -3.158e+05 2.201e+03 1.346e+03
|                        ( - -1.163e+05 3 0 QUESTION0_14_R 1 5.408e+02 5.014e+02)
|                        ( - -1.973e+05 18 0 QUESTION13 -1 1.134e+03 8.443e+02)))))))
s>    ( SILENCE -1 -1.303e+06 6.337e+03 5.649e+03
s>        ( - -1.535e+05 2 0 QUESTION0_16_R 1 5.175e+02 6.921e+02)
s>        ( QUESTION2_19_L -1 -1.144e+06 3.959e+03 4.957e+03
s>            ( - -9.717e+04 5 0 WDBNDRY_B 0 1.924e+02 4.303e+02)
s>            ( WDBNDRY_B 0 -1.042e+06 3.744e+03 4.527e+03
s>                ( QUESTION12 -1 -4.292e+05 2.489e+03 1.887e+03
s>                    ( - -1.930e+05 2 0 QUESTION0_14_R 1 3.287e+02 8.828e+02)
s>                    ( - -2.338e+05 16 0 QUESTION0 -1 8.338e+02 1.004e+03))
s>                ( QUESTION2_7_L -1 -6.095e+05 2.904e+03 2.640e+03
s>                    ( - -1.223e+05 3 0 QUESTION0 1 3.328e+02 5.516e+02)
s>                    ( QUESTION0 -1 -4.843e+05 2.929e+03 2.088e+03
s>                        ( - -1.656e+05 2 0 QUESTION0_14_R 1 1.914e+02 7.424e+02)
s>                        ( QUESTION10 -1 -3.158e+05 2.201e+03 1.346e+03
s>                            ( - -1.163e+05 3 0 QUESTION0_14_R 1 5.408e+02 5.014e+02)
s>                            ( - -1.973e+05 18 0 QUESTION13 -1 1.134e+03 8.443e+02)))))))INFO: dtree.c(1315): Comp split 2
INFO: dtree.c(1439): stop. leaf nodes are specific
INFO: dtree.c(1478): Final simple tree
|( SILENCE -1 -3.497e+05 3.196e+03 1.575e+03
|    ( QUESTION0_16_R 1 -1.535e+05 5.175e+02 6.921e+02
|        ( - -6.539e+03 1 0)
|        ( - -1.465e+05 1 0))
|    ( QUESTION0_14_R 1 -1.930e+05 3.287e+02 8.828e+02
|        ( - -2.110e+03 1 0)
|        ( - -1.905e+05 1 0)))
s>    ( SILENCE -1 -3.497e+05 3.196e+03 1.575e+03
s>        ( QUESTION0_16_R 1 -1.535e+05 5.175e+02 6.921e+02
s>            ( - -6.539e+03 1 0)
s>            ( - -1.465e+05 1 0))
s>        ( QUESTION0_14_R 1 -1.930e+05 3.287e+02 8.828e+02
s>            ( - -2.110e+03 1 0)
s>            ( - -1.905e+05 1 0)))INFO: dtree.c(1478): Final simple tree
|( QUESTION2_19_L -1 -9.463e+05 3.923e+03 4.074e+03
|    ( - -9.717e+04 5 0 WDBNDRY_B 0 1.924e+02 4.303e+02)
|    ( QUESTION2_7_L -1 -8.452e+05 3.179e+03 3.644e+03
|        ( - -1.223e+05 3 0 QUESTION0 1 3.328e+02 5.516e+02)
|        ( QUESTION2_16_L -1 -7.198e+05 3.280e+03 3.092e+03
|            ( - -1.665e+05 3 0 QUESTION0_14_R 1 1.927e+02 7.464e+02)
|            ( QUESTION10 -1 -5.500e+05 2.766e+03 2.346e+03
|                ( - -1.592e+05 4 0 QUESTION0_14_R 1 5.883e+02 6.840e+02)
|                ( QUESTION0_17_R 1 -3.880e+05 1.174e+03 1.662e+03
|                    ( QUESTION2 -1 -1.725e+05 1.048e+03 7.422e+02
|                        ( - -1.155e+04 5 0 QUESTION5 -1 4.980e+02 4.987e+01)
|                        ( - -1.599e+05 6 0 QUESTION2_15_L -1 6.894e+02 6.923e+02))
|                    ( QUESTION13 -1 -2.144e+05 1.179e+03 9.198e+02
|                        ( - -3.127e+04 8 0 QUESTION14 -1 4.769e+02 1.389e+02)
|                        ( - -1.819e+05 13 0 QUESTION0_15_R 1 4.952e+02 7.809e+02)))))))
s>    ( QUESTION2_19_L -1 -9.463e+05 3.923e+03 4.074e+03
s>        ( - -9.717e+04 5 0 WDBNDRY_B 0 1.924e+02 4.303e+02)
s>        ( QUESTION2_7_L -1 -8.452e+05 3.179e+03 3.644e+03
s>            ( - -1.223e+05 3 0 QUESTION0 1 3.328e+02 5.516e+02)
s>            ( QUESTION2_16_L -1 -7.198e+05 3.280e+03 3.092e+03
s>                ( - -1.665e+05 3 0 QUESTION0_14_R 1 1.927e+02 7.464e+02)
s>                ( QUESTION10 -1 -5.500e+05 2.766e+03 2.346e+03
s>                    ( - -1.592e+05 4 0 QUESTION0_14_R 1 5.883e+02 6.840e+02)
s>                    ( QUESTION0_17_R 1 -3.880e+05 1.174e+03 1.662e+03
s>                        ( QUESTION2 -1 -1.725e+05 1.048e+03 7.422e+02
s>                            ( - -1.155e+04 5 0 QUESTION5 -1 4.980e+02 4.987e+01)
s>                            ( - -1.599e+05 6 0 QUESTION2_15_L -1 6.894e+02 6.923e+02))
s>                        ( QUESTION13 -1 -2.144e+05 1.179e+03 9.198e+02
s>                            ( - -3.127e+04 8 0 QUESTION14 -1 4.769e+02 1.389e+02)
s>                            ( - -1.819e+05 13 0 QUESTION0_15_R 1 4.952e+02 7.809e+02)))))))INFO: dtree.c(1315): Comp split 3
INFO: dtree.c(1439): stop. leaf nodes are specific
INFO: dtree.c(1478): Final simple tree
|( QUESTION14 -1 -1.220e+05 1.131e+03 5.461e+02
|    ( - -7.277e+03 1 0)
|    ( QUESTION12 -1 -1.136e+05 1.582e+02 5.104e+02
|        ( - -1.127e+05 2 0)
|        ( - -8.190e+02 1 0)))
s>    ( QUESTION14 -1 -1.220e+05 1.131e+03 5.461e+02
s>        ( - -7.277e+03 1 0)
s>        ( QUESTION12 -1 -1.136e+05 1.582e+02 5.104e+02
s>            ( - -1.127e+05 2 0)
s>            ( - -8.190e+02 1 0)))INFO: dtree.c(1315): Comp split 4
INFO: dtree.c(1439): stop. leaf nodes are specific
INFO: dtree.c(1478): Final simple tree
|( WDBNDRY_B 0 -7.629e+05 4.425e+02 3.269e+03
|    ( QUESTION2_10_L -1 -1.670e+04 1.349e+02 7.187e+01
|        ( - -7.471e+03 3 0)
|        ( QUESTION0_16_R 1 -9.090e+03 1.139e+02 3.987e+01
|            ( - -1.323e+03 1 0)
|            ( - -7.652e+03 1 0)))
|    ( QUESTION0 1 -7.458e+05 3.316e+02 3.197e+03
|        ( QUESTION0_14_R 1 -7.161e+05 1.314e+02 3.070e+03
|            ( - -3.770e+04 4 0)
|            ( - -6.782e+05 4 0))
|        ( - -2.939e+04 3 0)))
s>    ( WDBNDRY_B 0 -7.629e+05 4.425e+02 3.269e+03
s>        ( QUESTION2_10_L -1 -1.670e+04 1.349e+02 7.187e+01
s>            ( - -7.471e+03 3 0)
s>            ( QUESTION0_16_R 1 -9.090e+03 1.139e+02 3.987e+01
s>                ( - -1.323e+03 1 0)
s>                ( - -7.652e+03 1 0)))
s>        ( QUESTION0 1 -7.458e+05 3.316e+02 3.197e+03
s>            ( QUESTION0_14_R 1 -7.161e+05 1.314e+02 3.070e+03
s>                ( - -3.770e+04 4 0)
s>                ( - -6.782e+05 4 0))
s>            ( - -2.939e+04 3 0)))INFO: dtree.c(1315): Comp split 5
INFO: dtree.c(1478): Final simple tree
|( QUESTION2_7_L -1 -8.452e+05 3.179e+03 3.644e+03
|    ( - -1.223e+05 3 0 QUESTION0 1 3.328e+02 5.516e+02)
|    ( QUESTION2_16_L -1 -7.198e+05 3.280e+03 3.092e+03
|        ( - -1.665e+05 3 0 QUESTION0_14_R 1 1.927e+02 7.464e+02)
|        ( QUESTION10 -1 -5.500e+05 2.766e+03 2.346e+03
|            ( - -1.592e+05 4 0 QUESTION0_14_R 1 5.883e+02 6.840e+02)
|            ( QUESTION0_17_R 1 -3.880e+05 1.174e+03 1.662e+03
|                ( QUESTION2 -1 -1.725e+05 1.048e+03 7.422e+02
|                    ( - -1.155e+04 5 0 QUESTION5 -1 4.980e+02 4.987e+01)
|                    ( QUESTION2_15_L -1 -1.599e+05 6.894e+02 6.923e+02
|                        ( - -2.120e+04 1 0)
|                        ( - -1.380e+05 5 0 QUESTION14 -1 6.914e+02 6.005e+02)))
|                ( QUESTION13 -1 -2.144e+05 1.179e+03 9.198e+02
|                    ( - -3.127e+04 8 0 QUESTION14 -1 4.769e+02 1.389e+02)
|                    ( - -1.819e+05 13 0 QUESTION0_15_R 1 4.952e+02 7.809e+02))))))
s>    ( QUESTION2_7_L -1 -8.452e+05 3.179e+03 3.644e+03
s>        ( - -1.223e+05 3 0 QUESTION0 1 3.328e+02 5.516e+02)
s>        ( QUESTION2_16_L -1 -7.198e+05 3.280e+03 3.092e+03
s>            ( - -1.665e+05 3 0 QUESTION0_14_R 1 1.927e+02 7.464e+02)
s>            ( QUESTION10 -1 -5.500e+05 2.766e+03 2.346e+03
s>                ( - -1.592e+05 4 0 QUESTION0_14_R 1 5.883e+02 6.840e+02)
s>                ( QUESTION0_17_R 1 -3.880e+05 1.174e+03 1.662e+03
s>                    ( QUESTION2 -1 -1.725e+05 1.048e+03 7.422e+02
s>                        ( - -1.155e+04 5 0 QUESTION5 -1 4.980e+02 4.987e+01)
s>                        ( QUESTION2_15_L -1 -1.599e+05 6.894e+02 6.923e+02
s>                            ( - -2.120e+04 1 0)
s>                            ( - -1.380e+05 5 0 QUESTION14 -1 6.914e+02 6.005e+02)))
s>                    ( QUESTION13 -1 -2.144e+05 1.179e+03 9.198e+02
s>                        ( - -3.127e+04 8 0 QUESTION14 -1 4.769e+02 1.389e+02)
s>                        ( - -1.819e+05 13 0 QUESTION0_15_R 1 4.952e+02 7.809e+02))))))INFO: dtree.c(1439): stop. leaf nodes are specific
INFO: dtree.c(1478): Final simple tree
|( WDBNDRY_B 0 -9.717e+04 1.924e+02 4.303e+02
|    ( - -9.408e+04 4 0)
|    ( - -2.896e+03 1 0))
s>    ( WDBNDRY_B 0 -9.717e+04 1.924e+02 4.303e+02
s>        ( - -9.408e+04 4 0)
s>        ( - -2.896e+03 1 0))INFO: dtree.c(1315): Comp split 6
INFO: dtree.c(1478): Final simple tree
|( QUESTION10 -1 -5.500e+05 2.766e+03 2.346e+03
|    ( QUESTION0_14_R 1 -1.592e+05 5.883e+02 6.840e+02
|        ( - -2.031e+04 1 0)
|        ( - -1.383e+05 3 0 WDBNDRY_B 0 4.777e+02 5.948e+02))
|    ( QUESTION0_17_R 1 -3.880e+05 1.174e+03 1.662e+03
|        ( QUESTION2 -1 -1.725e+05 1.048e+03 7.422e+02
|            ( - -1.155e+04 5 0 QUESTION5 -1 4.980e+02 4.987e+01)
|            ( QUESTION2_15_L -1 -1.599e+05 6.894e+02 6.923e+02
|                ( - -2.120e+04 1 0)
|                ( QUESTION14 -1 -1.380e+05 6.914e+02 6.005e+02
|                    ( - -2.124e+04 1 0)
|                    ( - -1.160e+05 4 0 QUESTION16 -1 3.586e+02 5.083e+02))))
|        ( QUESTION13 -1 -2.144e+05 1.179e+03 9.198e+02
|            ( - -3.127e+04 8 0 QUESTION14 -1 4.769e+02 1.389e+02)
|            ( - -1.819e+05 13 0 QUESTION0_15_R 1 4.952e+02 7.809e+02))))
s>    ( QUESTION10 -1 -5.500e+05 2.766e+03 2.346e+03
s>        ( QUESTION0_14_R 1 -1.592e+05 5.883e+02 6.840e+02
s>            ( - -2.031e+04 1 0)
s>            ( - -1.383e+05 3 0 WDBNDRY_B 0 4.777e+02 5.948e+02))
s>        ( QUESTION0_17_R 1 -3.880e+05 1.174e+03 1.662e+03
s>            ( QUESTION2 -1 -1.725e+05 1.048e+03 7.422e+02
s>                ( - -1.155e+04 5 0 QUESTION5 -1 4.980e+02 4.987e+01)
s>                ( QUESTION2_15_L -1 -1.599e+05 6.894e+02 6.923e+02
s>                    ( - -2.120e+04 1 0)
s>                    ( QUESTION14 -1 -1.380e+05 6.914e+02 6.005e+02
s>                        ( - -2.124e+04 1 0)
s>                        ( - -1.160e+05 4 0 QUESTION16 -1 3.586e+02 5.083e+02))))
s>            ( QUESTION13 -1 -2.144e+05 1.179e+03 9.198e+02
s>                ( - -3.127e+04 8 0 QUESTION14 -1 4.769e+02 1.389e+02)
s>                ( - -1.819e+05 13 0 QUESTION0_15_R 1 4.952e+02 7.809e+02))))INFO: dtree.c(1439): stop. leaf nodes are specific
INFO: dtree.c(1478): Final simple tree
|( QUESTION12 -1 -2.916e+05 2.828e+03 1.298e+03
|    ( QUESTION0 1 -1.223e+05 3.328e+02 5.516e+02
|        ( QUESTION0_14_R 1 -1.009e+05 1.994e+02 4.534e+02
|            ( - -8.399e+03 1 0)
|            ( - -9.231e+04 1 0))
|        ( - -2.103e+04 1 0))
|    ( QUESTION0_14_R 1 -1.665e+05 1.927e+02 7.464e+02
|        ( QUESTION0 -1 -6.818e+03 1.468e+02 3.085e+01
|            ( - -5.912e+03 1 0)
|            ( - -7.594e+02 1 0))
|        ( - -1.595e+05 1 0)))
s>    ( QUESTION12 -1 -2.916e+05 2.828e+03 1.298e+03
s>        ( QUESTION0 1 -1.223e+05 3.328e+02 5.516e+02
s>            ( QUESTION0_14_R 1 -1.009e+05 1.994e+02 4.534e+02
s>                ( - -8.399e+03 1 0)
s>                ( - -9.231e+04 1 0))
s>            ( - -2.103e+04 1 0))
s>        ( QUESTION0_14_R 1 -1.665e+05 1.927e+02 7.464e+02
s>            ( QUESTION0 -1 -6.818e+03 1.468e+02 3.085e+01
s>                ( - -5.912e+03 1 0)
s>                ( - -7.594e+02 1 0))
s>            ( - -1.595e+05 1 0)))INFO: dtree.c(1315): Comp split 7
INFO: dtree.c(1439): stop. leaf nodes are specific
INFO: dtree.c(1478): Final simple tree
|( QUESTION0_17_R 1 -1.999e+05 4.533e+02 9.128e+02
|    ( - -1.905e+05 1 0)
|    ( SILENCE -1 -8.917e+03 2.676e+02 4.005e+01
|        ( - -6.539e+03 1 0)
|        ( - -2.110e+03 1 0)))
s>    ( QUESTION0_17_R 1 -1.999e+05 4.533e+02 9.128e+02
s>        ( - -1.905e+05 1 0)
s>        ( SILENCE -1 -8.917e+03 2.676e+02 4.005e+01
s>            ( - -6.539e+03 1 0)
s>            ( - -2.110e+03 1 0)))INFO: dtree.c(1315): Comp split 8
INFO: dtree.c(1439): stop. leaf nodes are specific
INFO: dtree.c(1478): Final simple tree
|( QUESTION0_14_R 1 -1.665e+05 1.927e+02 7.464e+02
|    ( QUESTION0 -1 -6.818e+03 1.468e+02 3.085e+01
|        ( - -5.912e+03 1 0)
|        ( - -7.594e+02 1 0))
|    ( - -1.595e+05 1 0))
s>    ( QUESTION0_14_R 1 -1.665e+05 1.927e+02 7.464e+02
s>        ( QUESTION0 -1 -6.818e+03 1.468e+02 3.085e+01
s>            ( - -5.912e+03 1 0)
s>            ( - -7.594e+02 1 0))
s>        ( - -1.595e+05 1 0))INFO: dtree.c(1439): stop. leaf nodes are specific
INFO: dtree.c(1478): Final simple tree
|( QUESTION0 1 -1.223e+05 3.328e+02 5.516e+02
|    ( QUESTION0_14_R 1 -1.009e+05 1.994e+02 4.534e+02
|        ( - -8.399e+03 1 0)
|        ( - -9.231e+04 1 0))
|    ( - -2.103e+04 1 0))
s>    ( QUESTION0 1 -1.223e+05 3.328e+02 5.516e+02
s>        ( QUESTION0_14_R 1 -1.009e+05 1.994e+02 4.534e+02
s>            ( - -8.399e+03 1 0)
s>            ( - -9.231e+04 1 0))
s>        ( - -2.103e+04 1 0))INFO: dtree.c(1315): Comp split 9
INFO: dtree.c(1478): Final simple tree
|( QUESTION0_17_R 1 -3.880e+05 1.174e+03 1.662e+03
|    ( QUESTION2 -1 -1.725e+05 1.048e+03 7.422e+02
|        ( QUESTION5 -1 -1.155e+04 4.980e+02 4.987e+01
|            ( - 2.417e+02 1 0)
|            ( - -1.129e+04 4 0 WDBNDRY_B 0 1.553e+02 4.887e+01))
|        ( QUESTION2_15_L -1 -1.599e+05 6.894e+02 6.923e+02
|            ( - -2.120e+04 1 0)
|            ( QUESTION14 -1 -1.380e+05 6.914e+02 6.005e+02
|                ( - -2.124e+04 1 0)
|                ( - -1.160e+05 4 0 QUESTION16 -1 3.586e+02 5.083e+02))))
|    ( QUESTION13 -1 -2.144e+05 1.179e+03 9.198e+02
|        ( - -3.127e+04 8 0 QUESTION14 -1 4.769e+02 1.389e+02)
|        ( QUESTION0_15_R 1 -1.819e+05 4.952e+02 7.809e+02
|            ( - -3.617e+03 1 0)
|            ( - -1.778e+05 12 0 QUESTION0_9_R 1 4.514e+02 7.636e+02))))
s>    ( QUESTION0_17_R 1 -3.880e+05 1.174e+03 1.662e+03
s>        ( QUESTION2 -1 -1.725e+05 1.048e+03 7.422e+02
s>            ( QUESTION5 -1 -1.155e+04 4.980e+02 4.987e+01
s>                ( - 2.417e+02 1 0)
s>                ( - -1.129e+04 4 0 WDBNDRY_B 0 1.553e+02 4.887e+01))
s>            ( QUESTION2_15_L -1 -1.599e+05 6.894e+02 6.923e+02
s>                ( - -2.120e+04 1 0)
s>                ( QUESTION14 -1 -1.380e+05 6.914e+02 6.005e+02
s>                    ( - -2.124e+04 1 0)
s>                    ( - -1.160e+05 4 0 QUESTION16 -1 3.586e+02 5.083e+02))))
s>        ( QUESTION13 -1 -2.144e+05 1.179e+03 9.198e+02
s>            ( - -3.127e+04 8 0 QUESTION14 -1 4.769e+02 1.389e+02)
s>            ( QUESTION0_15_R 1 -1.819e+05 4.952e+02 7.809e+02
s>                ( - -3.617e+03 1 0)
s>                ( - -1.778e+05 12 0 QUESTION0_9_R 1 4.514e+02 7.636e+02))))INFO: dtree.c(1439): stop. leaf nodes are specific
INFO: dtree.c(1478): Final simple tree
|( QUESTION0_14_R 1 -1.592e+05 5.883e+02 6.840e+02
|    ( - -2.031e+04 1 0)
|    ( WDBNDRY_B 0 -1.383e+05 4.777e+02 5.948e+02
|        ( - -4.240e+04 1 0)
|        ( QUESTION0_19_R 1 -9.548e+04 1.104e+02 4.123e+02
|            ( - -9.365e+04 1 0)
|            ( - -1.716e+03 1 0))))
s>    ( QUESTION0_14_R 1 -1.592e+05 5.883e+02 6.840e+02
s>        ( - -2.031e+04 1 0)
s>        ( WDBNDRY_B 0 -1.383e+05 4.777e+02 5.948e+02
s>            ( - -4.240e+04 1 0)
s>            ( QUESTION0_19_R 1 -9.548e+04 1.104e+02 4.123e+02
s>                ( - -9.365e+04 1 0)
s>                ( - -1.716e+03 1 0))))INFO: dtree.c(1315): Comp split 10
INFO: dtree.c(1478): Final simple tree
|( QUESTION0_15_R 1 -2.953e+05 1.197e+03 1.273e+03
|    ( WDBNDRY_B 0 -1.163e+05 4.954e+02 5.093e+02
|        ( QUESTION16 -1 -1.160e+05 3.586e+02 5.083e+02
|            ( - -1.879e+04 1 0)
|            ( QUESTION0 -1 -9.689e+04 1.285e+02 4.244e+02
|                ( - -9.568e+04 2 0)
|                ( - -1.081e+03 1 0)))
|        ( - 2.417e+02 1 0))
|    ( QUESTION0_9_R 1 -1.778e+05 4.514e+02 7.636e+02
|        ( - 2.168e+02 1 0)
|        ( WDBNDRY_B 0 -1.776e+05 3.260e+02 7.626e+02
|            ( - -1.546e+04 4 0)
|            ( QUESTION2 -1 -1.618e+05 2.010e+02 6.942e+02
|                ( - -2.726e+02 1 0)
|                ( - -1.613e+05 6 0)))))
s>    ( QUESTION0_15_R 1 -2.953e+05 1.197e+03 1.273e+03
s>        ( WDBNDRY_B 0 -1.163e+05 4.954e+02 5.093e+02
s>            ( QUESTION16 -1 -1.160e+05 3.586e+02 5.083e+02
s>                ( - -1.879e+04 1 0)
s>                ( QUESTION0 -1 -9.689e+04 1.285e+02 4.244e+02
s>                    ( - -9.568e+04 2 0)
s>                    ( - -1.081e+03 1 0)))
s>            ( - 2.417e+02 1 0))
s>        ( QUESTION0_9_R 1 -1.778e+05 4.514e+02 7.636e+02
s>            ( - 2.168e+02 1 0)
s>            ( WDBNDRY_B 0 -1.776e+05 3.260e+02 7.626e+02
s>                ( - -1.546e+04 4 0)
s>                ( QUESTION2 -1 -1.618e+05 2.010e+02 6.942e+02
s>                    ( - -2.726e+02 1 0)
s>                    ( - -1.613e+05 6 0)))))INFO: dtree.c(1478): Final simple tree
|( QUESTION0_17_R 1 -9.104e+04 1.038e+03 3.890e+02
|    ( QUESTION2 -1 -5.467e+04 7.623e+02 2.329e+02
|        ( - -1.129e+04 4 0 WDBNDRY_B 0 1.553e+02 4.887e+01)
|        ( - -4.262e+04 2 0 QUESTION0 -1 1.771e+02 1.840e+02))
|    ( QUESTION14 -1 -3.533e+04 5.439e+02 1.562e+02
|        ( WDBNDRY_B 0 -9.463e+03 3.277e+02 4.488e+01
|            ( - -1.169e+03 1 0)
|            ( - -7.966e+03 2 0))
|        ( QUESTION2 -1 -2.532e+04 3.789e+02 1.113e+02
|            ( - -3.617e+03 1 0)
|            ( QUESTION0_9_R 1 -2.133e+04 2.861e+02 9.399e+01
|                ( - -9.450e+03 1 0)
|                ( WDBNDRY_B 0 -1.159e+04 2.480e+02 5.108e+01
|                    ( - -4.855e+03 2 0 QUESTION0_0_R 1 1.733e+02 2.205e+01)
|                    ( - -6.486e+03 2 0 QUESTION0_14_R 1 9.052e+01 2.904e+01))))))
s>    ( QUESTION0_17_R 1 -9.104e+04 1.038e+03 3.890e+02
s>        ( QUESTION2 -1 -5.467e+04 7.623e+02 2.329e+02
s>            ( - -1.129e+04 4 0 WDBNDRY_B 0 1.553e+02 4.887e+01)
s>            ( - -4.262e+04 2 0 QUESTION0 -1 1.771e+02 1.840e+02))
s>        ( QUESTION14 -1 -3.533e+04 5.439e+02 1.562e+02
s>            ( WDBNDRY_B 0 -9.463e+03 3.277e+02 4.488e+01
s>                ( - -1.169e+03 1 0)
s>                ( - -7.966e+03 2 0))
s>            ( QUESTION2 -1 -2.532e+04 3.789e+02 1.113e+02
s>                ( - -3.617e+03 1 0)
s>                ( QUESTION0_9_R 1 -2.133e+04 2.861e+02 9.399e+01
s>                    ( - -9.450e+03 1 0)
s>                    ( WDBNDRY_B 0 -1.159e+04 2.480e+02 5.108e+01
s>                        ( - -4.855e+03 2 0 QUESTION0_0_R 1 1.733e+02 2.205e+01)
s>                        ( - -6.486e+03 2 0 QUESTION0_14_R 1 9.052e+01 2.904e+01))))))INFO: dtree.c(1315): Comp split 11
INFO: dtree.c(1439): stop. leaf nodes are specific
INFO: dtree.c(1478): Final simple tree
|( QUESTION16 -1 -1.165e+05 3.571e+02 5.103e+02
|    ( - -1.879e+04 1 0)
|    ( WDBNDRY_B 0 -9.736e+04 1.998e+02 4.264e+02
|        ( QUESTION0 -1 -9.689e+04 1.285e+02 4.244e+02
|            ( - -9.568e+04 2 0)
|            ( - -1.081e+03 1 0))
|        ( - -2.726e+02 1 0)))
s>    ( QUESTION16 -1 -1.165e+05 3.571e+02 5.103e+02
s>        ( - -1.879e+04 1 0)
s>        ( WDBNDRY_B 0 -9.736e+04 1.998e+02 4.264e+02
s>            ( QUESTION0 -1 -9.689e+04 1.285e+02 4.244e+02
s>                ( - -9.568e+04 2 0)
s>                ( - -1.081e+03 1 0))
s>            ( - -2.726e+02 1 0)))INFO: dtree.c(1439): stop. leaf nodes are specific
INFO: dtree.c(1478): Final simple tree
|( QUESTION0_15_R 1 -1.776e+05 4.846e+02 7.626e+02
|    ( - 2.417e+02 1 0)
|    ( QUESTION0_9_R 1 -1.773e+05 4.514e+02 7.616e+02
|        ( - 2.168e+02 1 0)
|        ( WDBNDRY_B 0 -1.771e+05 3.258e+02 7.606e+02
|            ( - -1.546e+04 4 0)
|            ( - -1.613e+05 6 0))))
s>    ( QUESTION0_15_R 1 -1.776e+05 4.846e+02 7.626e+02
s>        ( - 2.417e+02 1 0)
s>        ( QUESTION0_9_R 1 -1.773e+05 4.514e+02 7.616e+02
s>            ( - 2.168e+02 1 0)
s>            ( WDBNDRY_B 0 -1.771e+05 3.258e+02 7.606e+02
s>                ( - -1.546e+04 4 0)
s>                ( - -1.613e+05 6 0))))INFO: dtree.c(1315): Comp split 12
INFO: dtree.c(1439): stop. leaf nodes are specific
INFO: dtree.c(1478): Final simple tree
|( QUESTION12 -1 -1.136e+05 1.582e+02 5.104e+02
|    ( - -1.127e+05 2 0)
|    ( - -8.190e+02 1 0))
s>    ( QUESTION12 -1 -1.136e+05 1.582e+02 5.104e+02
s>        ( - -1.127e+05 2 0)
s>        ( - -8.190e+02 1 0))INFO: dtree.c(1315): Comp split 13
INFO: dtree.c(1439): stop. leaf nodes are specific
INFO: dtree.c(1478): Final simple tree
|( QUESTION0 -1 -4.262e+04 1.771e+02 1.840e+02
|    ( - -2.120e+04 1 0)
|    ( - -2.124e+04 1 0))
s>    ( QUESTION0 -1 -4.262e+04 1.771e+02 1.840e+02
s>        ( - -2.120e+04 1 0)
s>        ( - -2.124e+04 1 0))INFO: dtree.c(1478): Final simple tree
|( QUESTION2 -1 -4.731e+04 8.031e+02 2.050e+02
|    ( QUESTION0_16_R 1 -1.524e+04 3.263e+02 6.616e+01
|        ( - -3.617e+03 1 0)
|        ( - -1.129e+04 4 0 WDBNDRY_B 0 1.553e+02 4.887e+01))
|    ( QUESTION14 -1 -3.127e+04 4.769e+02 1.389e+02
|        ( WDBNDRY_B 0 -9.463e+03 3.277e+02 4.488e+01
|            ( - -1.169e+03 1 0)
|            ( - -7.966e+03 2 0))
|        ( QUESTION0_9_R 1 -2.133e+04 2.861e+02 9.399e+01
|            ( - -9.450e+03 1 0)
|            ( WDBNDRY_B 0 -1.159e+04 2.480e+02 5.108e+01
|                ( QUESTION0_0_R 1 -4.855e+03 1.733e+02 2.205e+01
|                    ( - -1.952e+03 1 0)
|                    ( - -2.730e+03 1 0))
|                ( - -6.486e+03 2 0 QUESTION0_14_R 1 9.052e+01 2.904e+01)))))
s>    ( QUESTION2 -1 -4.731e+04 8.031e+02 2.050e+02
s>        ( QUESTION0_16_R 1 -1.524e+04 3.263e+02 6.616e+01
s>            ( - -3.617e+03 1 0)
s>            ( - -1.129e+04 4 0 WDBNDRY_B 0 1.553e+02 4.887e+01))
s>        ( QUESTION14 -1 -3.127e+04 4.769e+02 1.389e+02
s>            ( WDBNDRY_B 0 -9.463e+03 3.277e+02 4.488e+01
s>                ( - -1.169e+03 1 0)
s>                ( - -7.966e+03 2 0))
s>            ( QUESTION0_9_R 1 -2.133e+04 2.861e+02 9.399e+01
s>                ( - -9.450e+03 1 0)
s>                ( WDBNDRY_B 0 -1.159e+04 2.480e+02 5.108e+01
s>                    ( QUESTION0_0_R 1 -4.855e+03 1.733e+02 2.205e+01
s>                        ( - -1.952e+03 1 0)
s>                        ( - -2.730e+03 1 0))
s>                    ( - -6.486e+03 2 0 QUESTION0_14_R 1 9.052e+01 2.904e+01)))))INFO: dtree.c(1315): Comp split 14
INFO: dtree.c(1439): stop. leaf nodes are specific
INFO: dtree.c(1478): Final simple tree
|( QUESTION0_17_R 1 -2.036e+04 3.411e+02 8.821e+01
|    ( WDBNDRY_B 0 -1.129e+04 1.553e+02 4.887e+01
|        ( QUESTION3 -1 -7.318e+03 2.215e+02 3.187e+01
|            ( - -1.462e+03 1 0)
|            ( - -5.635e+03 1 0))
|        ( QUESTION3 -1 -3.821e+03 2.001e+02 1.700e+01
|            ( - -2.593e+03 1 0)
|            ( - -1.028e+03 1 0)))
|    ( WDBNDRY_B 0 -8.729e+03 2.572e+02 3.934e+01
|        ( QUESTION0_0_R 1 -4.855e+03 1.733e+02 2.205e+01
|            ( - -1.952e+03 1 0)
|            ( - -2.730e+03 1 0))
|        ( - -3.617e+03 1 0)))
s>    ( QUESTION0_17_R 1 -2.036e+04 3.411e+02 8.821e+01
s>        ( WDBNDRY_B 0 -1.129e+04 1.553e+02 4.887e+01
s>            ( QUESTION3 -1 -7.318e+03 2.215e+02 3.187e+01
s>                ( - -1.462e+03 1 0)
s>                ( - -5.635e+03 1 0))
s>            ( QUESTION3 -1 -3.821e+03 2.001e+02 1.700e+01
s>                ( - -2.593e+03 1 0)
s>                ( - -1.028e+03 1 0)))
s>        ( WDBNDRY_B 0 -8.729e+03 2.572e+02 3.934e+01
s>            ( QUESTION0_0_R 1 -4.855e+03 1.733e+02 2.205e+01
s>                ( - -1.952e+03 1 0)
s>                ( - -2.730e+03 1 0))
s>            ( - -3.617e+03 1 0)))INFO: dtree.c(1439): stop. leaf nodes are specific
INFO: dtree.c(1478): Final simple tree
|( QUESTION2_0_L -1 -2.604e+04 4.110e+02 1.168e+02
|    ( QUESTION14 -1 -1.399e+04 2.355e+02 6.392e+01
|        ( - -7.966e+03 2 0)
|        ( - -5.784e+03 1 0))
|    ( WDBNDRY_B 0 -1.164e+04 2.922e+02 5.290e+01
|        ( - -1.169e+03 1 0)
|        ( QUESTION0_9_R 1 -1.018e+04 1.178e+02 4.591e+01
|            ( - -9.450e+03 1 0)
|            ( - -6.114e+02 1 0))))
s>    ( QUESTION2_0_L -1 -2.604e+04 4.110e+02 1.168e+02
s>        ( QUESTION14 -1 -1.399e+04 2.355e+02 6.392e+01
s>            ( - -7.966e+03 2 0)
s>            ( - -5.784e+03 1 0))
s>        ( WDBNDRY_B 0 -1.164e+04 2.922e+02 5.290e+01
s>            ( - -1.169e+03 1 0)
s>            ( QUESTION0_9_R 1 -1.018e+04 1.178e+02 4.591e+01
s>                ( - -9.450e+03 1 0)
s>                ( - -6.114e+02 1 0))))INFO: dtree.c(1315): Comp split 15
INFO: dtree.c(1439): stop. leaf nodes are specific
INFO: dtree.c(1478): Final simple tree
|( WDBNDRY_B 0 -1.383e+05 4.777e+02 5.948e+02
|    ( - -4.240e+04 1 0)
|    ( QUESTION0_19_R 1 -9.548e+04 1.104e+02 4.123e+02
|        ( - -9.365e+04 1 0)
|        ( - -1.716e+03 1 0)))
s>    ( WDBNDRY_B 0 -1.383e+05 4.777e+02 5.948e+02
s>        ( - -4.240e+04 1 0)
s>        ( QUESTION0_19_R 1 -9.548e+04 1.104e+02 4.123e+02
s>            ( - -9.365e+04 1 0)
s>            ( - -1.716e+03 1 0)))INFO: dtree.c(1315): Comp split 16
INFO: dtree.c(1439): stop. leaf nodes are specific
INFO: dtree.c(1478): Final simple tree
|( QUESTION0_9_R 1 -1.773e+05 4.514e+02 7.616e+02
|    ( - 2.168e+02 1 0)
|    ( WDBNDRY_B 0 -1.771e+05 3.258e+02 7.606e+02
|        ( - -1.546e+04 4 0)
|        ( - -1.613e+05 6 0)))
s>    ( QUESTION0_9_R 1 -1.773e+05 4.514e+02 7.616e+02
s>        ( - 2.168e+02 1 0)
s>        ( WDBNDRY_B 0 -1.771e+05 3.258e+02 7.606e+02
s>            ( - -1.546e+04 4 0)
s>            ( - -1.613e+05 6 0)))INFO: dtree.c(1315): Comp split 17
INFO: dtree.c(1439): stop. leaf nodes are specific
INFO: dtree.c(1478): Final simple tree
|( QUESTION0_19_R 1 -9.548e+04 1.104e+02 4.123e+02
|    ( - -9.365e+04 1 0)
|    ( - -1.716e+03 1 0))
s>    ( QUESTION0_19_R 1 -9.548e+04 1.104e+02 4.123e+02
s>        ( - -9.365e+04 1 0)
s>        ( - -1.716e+03 1 0))INFO: dtree.c(1315): Comp split 18
INFO: dtree.c(1439): stop. leaf nodes are specific
INFO: dtree.c(1478): Final simple tree
|( SILENCE -1 -8.917e+03 2.676e+02 4.005e+01
|    ( - -6.539e+03 1 0)
|    ( - -2.110e+03 1 0))
s>    ( SILENCE -1 -8.917e+03 2.676e+02 4.005e+01
s>        ( - -6.539e+03 1 0)
s>        ( - -2.110e+03 1 0))INFO: dtree.c(1315): Comp split 19
INFO: dtree.c(1439): stop. leaf nodes are specific
INFO: dtree.c(1478): Final simple tree
|( WDBNDRY_B 0 -1.771e+05 3.258e+02 7.606e+02
|    ( - -1.546e+04 4 0)
|    ( - -1.613e+05 6 0))
s>    ( WDBNDRY_B 0 -1.771e+05 3.258e+02 7.606e+02
s>        ( - -1.546e+04 4 0)
s>        ( - -1.613e+05 6 0))INFO: dtree.c(1315): Comp split 20
INFO: dtree.c(1439): stop. leaf nodes are specific
INFO: dtree.c(1478): Final simple tree
|( QUESTION0 1 -7.458e+05 3.316e+02 3.197e+03
|    ( QUESTION0_14_R 1 -7.161e+05 1.314e+02 3.070e+03
|        ( - -3.770e+04 4 0)
|        ( - -6.782e+05 4 0))
|    ( - -2.939e+04 3 0))
s>    ( QUESTION0 1 -7.458e+05 3.316e+02 3.197e+03
s>        ( QUESTION0_14_R 1 -7.161e+05 1.314e+02 3.070e+03
s>            ( - -3.770e+04 4 0)
s>            ( - -6.782e+05 4 0))
s>        ( - -2.939e+04 3 0))INFO: dtree.c(1439): stop. leaf nodes are specific
INFO: dtree.c(1478): Final simple tree
|( QUESTION2_10_L -1 -1.670e+04 1.349e+02 7.187e+01
|    ( - -7.471e+03 3 0)
|    ( QUESTION0_16_R 1 -9.090e+03 1.139e+02 3.987e+01
|        ( - -1.323e+03 1 0)
|        ( - -7.652e+03 1 0)))
s>    ( QUESTION2_10_L -1 -1.670e+04 1.349e+02 7.187e+01
s>        ( - -7.471e+03 3 0)
s>        ( QUESTION0_16_R 1 -9.090e+03 1.139e+02 3.987e+01
s>            ( - -1.323e+03 1 0)
s>            ( - -7.652e+03 1 0)))INFO: dtree.c(1315): Comp split 21
INFO: dtree.c(1439): stop. leaf nodes are specific
INFO: dtree.c(1478): Final simple tree
|( QUESTION14 -1 -1.470e+04 2.470e+02 6.692e+01
|    ( - -7.966e+03 2 0)
|    ( QUESTION0_14_R 1 -6.486e+03 9.052e+01 2.904e+01
|        ( - -5.784e+03 1 0)
|        ( - -6.114e+02 1 0)))
s>    ( QUESTION14 -1 -1.470e+04 2.470e+02 6.692e+01
s>        ( - -7.966e+03 2 0)
s>        ( QUESTION0_14_R 1 -6.486e+03 9.052e+01 2.904e+01
s>            ( - -5.784e+03 1 0)
s>            ( - -6.114e+02 1 0)))INFO: dtree.c(1439): stop. leaf nodes are specific
INFO: dtree.c(1478): Final simple tree
|( WDBNDRY_B 0 -1.091e+04 2.926e+02 4.990e+01
|    ( - -1.169e+03 1 0)
|    ( - -9.450e+03 1 0))
s>    ( WDBNDRY_B 0 -1.091e+04 2.926e+02 4.990e+01
s>        ( - -1.169e+03 1 0)
s>        ( - -9.450e+03 1 0))INFO: dtree.c(1315): Comp split 22
INFO: dtree.c(1439): stop. leaf nodes are specific
INFO: dtree.c(1478): Final simple tree
|( QUESTION0 -1 -9.689e+04 1.285e+02 4.244e+02
|    ( - -9.568e+04 2 0)
|    ( - -1.081e+03 1 0))
s>    ( QUESTION0 -1 -9.689e+04 1.285e+02 4.244e+02
s>        ( - -9.568e+04 2 0)
s>        ( - -1.081e+03 1 0))INFO: dtree.c(1439): stop. leaf nodes are specific
INFO: dtree.c(1478): Final simple tree
|( WDBNDRY_B 0 -1.926e+04 1.969e+02 8.592e+01
|    ( - -1.879e+04 1 0)
|    ( - -2.726e+02 1 0))
s>    ( WDBNDRY_B 0 -1.926e+04 1.969e+02 8.592e+01
s>        ( - -1.879e+04 1 0)
s>        ( - -2.726e+02 1 0))INFO: dtree.c(1315): Comp split 23
INFO: dtree.c(1439): stop. leaf nodes are specific
INFO: dtree.c(1478): Final simple tree
|( QUESTION0_0_R 1 -1.344e+04 1.890e+02 5.787e+01
|    ( - -1.952e+03 1 0)
|    ( WDBNDRY_B 0 -1.129e+04 1.553e+02 4.887e+01
|        ( QUESTION3 -1 -7.318e+03 2.215e+02 3.187e+01
|            ( - -1.462e+03 1 0)
|            ( - -5.635e+03 1 0))
|        ( QUESTION3 -1 -3.821e+03 2.001e+02 1.700e+01
|            ( - -2.593e+03 1 0)
|            ( - -1.028e+03 1 0))))
s>    ( QUESTION0_0_R 1 -1.344e+04 1.890e+02 5.787e+01
s>        ( - -1.952e+03 1 0)
s>        ( WDBNDRY_B 0 -1.129e+04 1.553e+02 4.887e+01
s>            ( QUESTION3 -1 -7.318e+03 2.215e+02 3.187e+01
s>                ( - -1.462e+03 1 0)
s>                ( - -5.635e+03 1 0))
s>            ( QUESTION3 -1 -3.821e+03 2.001e+02 1.700e+01
s>                ( - -2.593e+03 1 0)
s>                ( - -1.028e+03 1 0))))INFO: dtree.c(1439): stop. leaf nodes are specific
INFO: dtree.c(1478): Final simple tree
|( WDBNDRY_B 0 -6.571e+03 2.247e+02 3.034e+01
|    ( - -2.730e+03 1 0)
|    ( - -3.617e+03 1 0))
s>    ( WDBNDRY_B 0 -6.571e+03 2.247e+02 3.034e+01
s>        ( - -2.730e+03 1 0)
s>        ( - -3.617e+03 1 0))INFO: dtree.c(1315): Comp split 24
INFO: dtree.c(1439): stop. leaf nodes are specific
INFO: dtree.c(1478): Final simple tree
|( QUESTION0_14_R 1 -1.009e+05 1.994e+02 4.534e+02
|    ( - -8.399e+03 1 0)
|    ( - -9.231e+04 1 0))
s>    ( QUESTION0_14_R 1 -1.009e+05 1.994e+02 4.534e+02
s>        ( - -8.399e+03 1 0)
s>        ( - -9.231e+04 1 0))INFO: dtree.c(1315): Comp split 25
INFO: dtree.c(1439): stop. leaf nodes are specific
INFO: dtree.c(1478): Final simple tree
|( QUESTION0_14_R 1 -7.161e+05 1.314e+02 3.070e+03
|    ( - -3.770e+04 4 0)
|    ( - -6.782e+05 4 0))
s>    ( QUESTION0_14_R 1 -7.161e+05 1.314e+02 3.070e+03
s>        ( - -3.770e+04 4 0)
s>        ( - -6.782e+05 4 0))INFO: dtree.c(1315): Comp split 26
INFO: dtree.c(1315): Comp split 27
INFO: dtree.c(1315): Comp split 28
INFO: dtree.c(1439): stop. leaf nodes are specific
INFO: dtree.c(1478): Final simple tree
|( WDBNDRY_B 0 -8.435e+03 2.077e+02 3.687e+01
|    ( - -5.635e+03 1 0)
|    ( - -2.593e+03 1 0))
s>    ( WDBNDRY_B 0 -8.435e+03 2.077e+02 3.687e+01
s>        ( - -5.635e+03 1 0)
s>        ( - -2.593e+03 1 0))INFO: dtree.c(1439): stop. leaf nodes are specific
INFO: dtree.c(1478): Final simple tree
|( QUESTION0_0_R 1 -4.732e+03 1.463e+02 2.100e+01
|    ( - -1.952e+03 1 0)
|    ( WDBNDRY_B 0 -2.634e+03 1.442e+02 1.200e+01
|        ( - -1.462e+03 1 0)
|        ( - -1.028e+03 1 0)))
s>    ( QUESTION0_0_R 1 -4.732e+03 1.463e+02 2.100e+01
s>        ( - -1.952e+03 1 0)
s>        ( WDBNDRY_B 0 -2.634e+03 1.442e+02 1.200e+01
s>            ( - -1.462e+03 1 0)
s>            ( - -1.028e+03 1 0)))INFO: dtree.c(1315): Comp split 29
INFO: dtree.c(1315): Comp split 30
INFO: dtree.c(1439): stop. leaf nodes are specific
INFO: dtree.c(1478): Final simple tree
|( QUESTION0_14_R 1 -6.486e+03 9.052e+01 2.904e+01
|    ( - -5.784e+03 1 0)
|    ( - -6.114e+02 1 0))
s>    ( QUESTION0_14_R 1 -6.486e+03 9.052e+01 2.904e+01
s>        ( - -5.784e+03 1 0)
s>        ( - -6.114e+02 1 0))INFO: dtree.c(1315): Comp split 31
INFO: dtree.c(1315): Comp split 32
INFO: dtree.c(1315): Comp split 33
INFO: dtree.c(1315): Comp split 34
INFO: dtree.c(1315): Comp split 35
INFO: dtree.c(1439): stop. leaf nodes are specific
INFO: dtree.c(1478): Final simple tree
|( QUESTION0 -1 -6.818e+03 1.468e+02 3.085e+01
|    ( - -5.912e+03 1 0)
|    ( - -7.594e+02 1 0))
s>    ( QUESTION0 -1 -6.818e+03 1.468e+02 3.085e+01
s>        ( - -5.912e+03 1 0)
s>        ( - -7.594e+02 1 0))INFO: dtree.c(1315): Comp split 36
INFO: dtree.c(1315): Comp split 37
INFO: dtree.c(1315): Comp split 38
INFO: dtree.c(1315): Comp split 39
INFO: dtree.c(1315): Comp split 40
INFO: dtree.c(1439): stop. leaf nodes are specific
INFO: dtree.c(1478): Final simple tree
|( WDBNDRY_B 0 -2.634e+03 1.442e+02 1.200e+01
|    ( - -1.462e+03 1 0)
|    ( - -1.028e+03 1 0))
s>    ( WDBNDRY_B 0 -2.634e+03 1.442e+02 1.200e+01
s>        ( - -1.462e+03 1 0)
s>        ( - -1.028e+03 1 0))INFO: dtree.c(1315): Comp split 41
INFO: dtree.c(1315): Comp split 42
INFO: dtree.c(1439): stop. leaf nodes are specific
INFO: dtree.c(1478): Final simple tree
|( QUESTION0_16_R 1 -9.090e+03 1.139e+02 3.987e+01
|    ( - -1.323e+03 1 0)
|    ( - -7.652e+03 1 0))
s>    ( QUESTION0_16_R 1 -9.090e+03 1.139e+02 3.987e+01
s>        ( - -1.323e+03 1 0)
s>        ( - -7.652e+03 1 0))INFO: dtree.c(1315): Comp split 43
INFO: dtree.c(1315): Comp split 44
INFO: dtree.c(1315): Comp split 45
INFO: dtree.c(1315): Comp split 46
INFO: dtree.c(1315): Comp split 47
INFO: dtree.c(1315): Comp split 48
INFO: dtree.c(1318): stop. leaf nodes are specific
Fri Jan  6 22:28:27 2023
