Current configuration:
[NAME]		[DEFLT]	[VALUE]
-allphones	no	no
-cntthresh	0.00001	1.000000e-05
-csplitmax	100	2000
-csplitmin	1	1
-csplitthr	8e-4	0.000000e+00
-example	no	no
-fullvar	no	no
-help		no	no
-meanfn			/mnt/c/users/robin/onedrive/desktop/cmu/Cebuano/model_parameters/Cebuano.cd_cont_untied/means
-mixwfn			/mnt/c/users/robin/onedrive/desktop/cmu/Cebuano/model_parameters/Cebuano.cd_cont_untied/mixture_weights
-moddeffn		/mnt/c/users/robin/onedrive/desktop/cmu/Cebuano/model_architecture/Cebuano.untied.mdef
-mwfloor	1e-4	1.000000e-08
-phone			UH
-psetfn			/mnt/c/users/robin/onedrive/desktop/cmu/Cebuano/model_architecture/Cebuano.tree_questions
-ssplitmax	5	7
-ssplitmin	1	1
-ssplitthr	8e-4	0.000000e+00
-state			1
-stwt			1.0,0.05,0.0,
-treefn			/mnt/c/users/robin/onedrive/desktop/cmu/Cebuano/trees/Cebuano.unpruned/UH-1.dtree
-ts2cbfn	.semi.	.cont.
-varfloor	0.00001	1.000000e-05
-varfn			/mnt/c/users/robin/onedrive/desktop/cmu/Cebuano/model_parameters/Cebuano.cd_cont_untied/variances

INFO: main.c(223): Reading: /mnt/c/users/robin/onedrive/desktop/cmu/Cebuano/model_architecture/Cebuano.untied.mdef
INFO: model_def_io.c(573): Model definition info:
INFO: model_def_io.c(574): 7744 total models defined (40 base, 7704 tri)
INFO: model_def_io.c(575): 30976 total states
INFO: model_def_io.c(576): 23232 total tied states
INFO: model_def_io.c(577): 120 total tied CI states
INFO: model_def_io.c(578): 40 total tied transition matrices
INFO: model_def_io.c(579): 4 max state/model
INFO: model_def_io.c(580): 4 min state/model
INFO: main.c(242): Building trees for [UH B CH i] through [UH Y R i]
INFO: main.c(268): Covering states |[21702 21737]| == 36
INFO: main.c(275): Reading: /mnt/c/users/robin/onedrive/desktop/cmu/Cebuano/model_parameters/Cebuano.cd_cont_untied/mixture_weights
INFO: s3mixw_io.c(172): Read /mnt/c/users/robin/onedrive/desktop/cmu/Cebuano/model_parameters/Cebuano.cd_cont_untied/mixture_weights [36x1x1 array]
INFO: main.c(311): 11 of 12 models have observation count greater than 0.000010
INFO: main.c(95): nrm stwt: 0.045 0.909 0.045 
INFO: s3gau_io.c(168): Read /mnt/c/users/robin/onedrive/desktop/cmu/Cebuano/model_parameters/Cebuano.cd_cont_untied/means [23232x1x1 array]
INFO: s3gau_io.c(168): Read /mnt/c/users/robin/onedrive/desktop/cmu/Cebuano/model_parameters/Cebuano.cd_cont_untied/variances [23232x1x1 array]
INFO: main.c(549): Reading: /mnt/c/users/robin/onedrive/desktop/cmu/Cebuano/model_architecture/Cebuano.tree_questions
INFO: main.c(587): 180 total simple questions (172 phone; 8 word bndry)
INFO: main.c(589): 42 Left Only questions, and 42 Right Only questions
INFO: dtree.c(1478): Final simple tree
|( QUESTION0_1_R 1 -9.550e+04 8.423e+02 4.107e+02
|    ( - -1.952e+04 1 0)
|    ( QUESTION0_9_R 1 -7.513e+04 6.680e+02 3.215e+02
|        ( QUESTION10 -1 -2.467e+04 1.877e+02 1.074e+02
|            ( - -6.273e+03 2 0)
|            ( - -1.821e+04 1 0))
|        ( QUESTION0_0_R 1 -4.979e+04 3.133e+02 2.141e+02
|            ( QUESTION2 1 -4.948e+03 1.686e+02 2.000e+01
|                ( QUESTION0_3_R 1 -2.203e+03 1.602e+02 9.000e+00
|                    ( - -1.196e+03 1 0)
|                    ( - -8.465e+02 1 0))
|                ( QUESTION10 -1 -2.577e+03 1.937e+02 1.100e+01
|                    ( - -1.700e+03 1 0)
|                    ( - -6.827e+02 1 0)))
|            ( - -4.453e+04 3 0 QUESTION2 -1 1.465e+02 1.941e+02))))
s>    ( QUESTION0_1_R 1 -9.550e+04 8.423e+02 4.107e+02
s>        ( - -1.952e+04 1 0)
s>        ( QUESTION0_9_R 1 -7.513e+04 6.680e+02 3.215e+02
s>            ( QUESTION10 -1 -2.467e+04 1.877e+02 1.074e+02
s>                ( - -6.273e+03 2 0)
s>                ( - -1.821e+04 1 0))
s>            ( QUESTION0_0_R 1 -4.979e+04 3.133e+02 2.141e+02
s>                ( QUESTION2 1 -4.948e+03 1.686e+02 2.000e+01
s>                    ( QUESTION0_3_R 1 -2.203e+03 1.602e+02 9.000e+00
s>                        ( - -1.196e+03 1 0)
s>                        ( - -8.465e+02 1 0))
s>                    ( QUESTION10 -1 -2.577e+03 1.937e+02 1.100e+01
s>                        ( - -1.700e+03 1 0)
s>                        ( - -6.827e+02 1 0)))
s>                ( - -4.453e+04 3 0 QUESTION2 -1 1.465e+02 1.941e+02))))INFO: dtree.c(1315): Comp split 0
INFO: dtree.c(1478): Final simple tree
|( QUESTION0_9_R 1 -7.513e+04 6.680e+02 3.215e+02
|    ( QUESTION10 -1 -2.467e+04 1.877e+02 1.074e+02
|        ( - -6.273e+03 2 0)
|        ( - -1.821e+04 1 0))
|    ( QUESTION0_0_R 1 -4.979e+04 3.133e+02 2.141e+02
|        ( QUESTION2 1 -4.948e+03 1.686e+02 2.000e+01
|            ( QUESTION0_3_R 1 -2.203e+03 1.602e+02 9.000e+00
|                ( - -1.196e+03 1 0)
|                ( - -8.465e+02 1 0))
|            ( QUESTION10 -1 -2.577e+03 1.937e+02 1.100e+01
|                ( - -1.700e+03 1 0)
|                ( - -6.827e+02 1 0)))
|        ( QUESTION2 -1 -4.453e+04 1.465e+02 1.941e+02
|            ( - -9.039e+02 1 0)
|            ( - -4.348e+04 2 0))))
s>    ( QUESTION0_9_R 1 -7.513e+04 6.680e+02 3.215e+02
s>        ( QUESTION10 -1 -2.467e+04 1.877e+02 1.074e+02
s>            ( - -6.273e+03 2 0)
s>            ( - -1.821e+04 1 0))
s>        ( QUESTION0_0_R 1 -4.979e+04 3.133e+02 2.141e+02
s>            ( QUESTION2 1 -4.948e+03 1.686e+02 2.000e+01
s>                ( QUESTION0_3_R 1 -2.203e+03 1.602e+02 9.000e+00
s>                    ( - -1.196e+03 1 0)
s>                    ( - -8.465e+02 1 0))
s>                ( QUESTION10 -1 -2.577e+03 1.937e+02 1.100e+01
s>                    ( - -1.700e+03 1 0)
s>                    ( - -6.827e+02 1 0)))
s>            ( QUESTION2 -1 -4.453e+04 1.465e+02 1.941e+02
s>                ( - -9.039e+02 1 0)
s>                ( - -4.348e+04 2 0))))INFO: dtree.c(1315): Comp split 1
INFO: dtree.c(1439): stop. leaf nodes are specific
INFO: dtree.c(1478): Final simple tree
|( QUESTION10 -1 -4.740e+04 2.950e+02 2.051e+02
|    ( - -1.700e+03 1 0)
|    ( QUESTION0_0_R 1 -4.541e+04 1.906e+02 1.971e+02
|        ( - -6.827e+02 1 0)
|        ( QUESTION2 -1 -4.453e+04 1.465e+02 1.941e+02
|            ( - -9.039e+02 1 0)
|            ( - -4.348e+04 2 0))))
s>    ( QUESTION10 -1 -4.740e+04 2.950e+02 2.051e+02
s>        ( - -1.700e+03 1 0)
s>        ( QUESTION0_0_R 1 -4.541e+04 1.906e+02 1.971e+02
s>            ( - -6.827e+02 1 0)
s>            ( QUESTION2 -1 -4.453e+04 1.465e+02 1.941e+02
s>                ( - -9.039e+02 1 0)
s>                ( - -4.348e+04 2 0))))INFO: dtree.c(1439): stop. leaf nodes are specific
INFO: dtree.c(1478): Final simple tree
|( QUESTION10 -1 -2.703e+04 2.226e+02 1.164e+02
|    ( QUESTION0_4_R 1 -8.601e+03 1.444e+02 3.676e+01
|        ( - -8.465e+02 1 0)
|        ( QUESTION0_0_R 1 -7.610e+03 1.405e+02 3.276e+01
|            ( - -1.196e+03 1 0)
|            ( - -6.273e+03 2 0)))
|    ( - -1.821e+04 1 0))
s>    ( QUESTION10 -1 -2.703e+04 2.226e+02 1.164e+02
s>        ( QUESTION0_4_R 1 -8.601e+03 1.444e+02 3.676e+01
s>            ( - -8.465e+02 1 0)
s>            ( QUESTION0_0_R 1 -7.610e+03 1.405e+02 3.276e+01
s>                ( - -1.196e+03 1 0)
s>                ( - -6.273e+03 2 0)))
s>        ( - -1.821e+04 1 0))INFO: dtree.c(1315): Comp split 2
INFO: dtree.c(1439): stop. leaf nodes are specific
INFO: dtree.c(1478): Final simple tree
|( QUESTION0_0_R 1 -4.541e+04 1.906e+02 1.971e+02
|    ( - -6.827e+02 1 0)
|    ( QUESTION2 -1 -4.453e+04 1.465e+02 1.941e+02
|        ( - -9.039e+02 1 0)
|        ( - -4.348e+04 2 0)))
s>    ( QUESTION0_0_R 1 -4.541e+04 1.906e+02 1.971e+02
s>        ( - -6.827e+02 1 0)
s>        ( QUESTION2 -1 -4.453e+04 1.465e+02 1.941e+02
s>            ( - -9.039e+02 1 0)
s>            ( - -4.348e+04 2 0)))INFO: dtree.c(1315): Comp split 3
INFO: dtree.c(1439): stop. leaf nodes are specific
INFO: dtree.c(1478): Final simple tree
|( QUESTION0_4_R 1 -8.601e+03 1.444e+02 3.676e+01
|    ( - -8.465e+02 1 0)
|    ( QUESTION0_0_R 1 -7.610e+03 1.405e+02 3.276e+01
|        ( - -1.196e+03 1 0)
|        ( - -6.273e+03 2 0)))
s>    ( QUESTION0_4_R 1 -8.601e+03 1.444e+02 3.676e+01
s>        ( - -8.465e+02 1 0)
s>        ( QUESTION0_0_R 1 -7.610e+03 1.405e+02 3.276e+01
s>            ( - -1.196e+03 1 0)
s>            ( - -6.273e+03 2 0)))INFO: dtree.c(1315): Comp split 4
INFO: dtree.c(1439): stop. leaf nodes are specific
INFO: dtree.c(1478): Final simple tree
|( QUESTION2 -1 -4.453e+04 1.465e+02 1.941e+02
|    ( - -9.039e+02 1 0)
|    ( - -4.348e+04 2 0))
s>    ( QUESTION2 -1 -4.453e+04 1.465e+02 1.941e+02
s>        ( - -9.039e+02 1 0)
s>        ( - -4.348e+04 2 0))INFO: dtree.c(1315): Comp split 5
INFO: dtree.c(1315): Comp split 6
INFO: dtree.c(1439): stop. leaf nodes are specific
INFO: dtree.c(1478): Final simple tree
|( QUESTION0_0_R 1 -7.610e+03 1.405e+02 3.276e+01
|    ( - -1.196e+03 1 0)
|    ( - -6.273e+03 2 0))
s>    ( QUESTION0_0_R 1 -7.610e+03 1.405e+02 3.276e+01
s>        ( - -1.196e+03 1 0)
s>        ( - -6.273e+03 2 0))INFO: dtree.c(1315): Comp split 7
INFO: dtree.c(1315): Comp split 8
INFO: dtree.c(1318): stop. leaf nodes are specific
Fri Jan  6 22:27:39 2023
