Current configuration:
[NAME]		[DEFLT]	[VALUE]
-allphones	no	no
-cntthresh	0.00001	1.000000e-05
-csplitmax	100	2000
-csplitmin	1	1
-csplitthr	8e-4	0.000000e+00
-example	no	no
-fullvar	no	no
-help		no	no
-meanfn			/mnt/c/users/robin/onedrive/desktop/cmu/Cebuano/model_parameters/Cebuano.cd_cont_untied/means
-mixwfn			/mnt/c/users/robin/onedrive/desktop/cmu/Cebuano/model_parameters/Cebuano.cd_cont_untied/mixture_weights
-moddeffn		/mnt/c/users/robin/onedrive/desktop/cmu/Cebuano/model_architecture/Cebuano.untied.mdef
-mwfloor	1e-4	1.000000e-08
-phone			Z
-psetfn			/mnt/c/users/robin/onedrive/desktop/cmu/Cebuano/model_architecture/Cebuano.tree_questions
-ssplitmax	5	7
-ssplitmin	1	1
-ssplitthr	8e-4	0.000000e+00
-state			2
-stwt			1.0,0.05,0.0,
-treefn			/mnt/c/users/robin/onedrive/desktop/cmu/Cebuano/trees/Cebuano.unpruned/Z-2.dtree
-ts2cbfn	.semi.	.cont.
-varfloor	0.00001	1.000000e-05
-varfn			/mnt/c/users/robin/onedrive/desktop/cmu/Cebuano/model_parameters/Cebuano.cd_cont_untied/variances

INFO: main.c(223): Reading: /mnt/c/users/robin/onedrive/desktop/cmu/Cebuano/model_architecture/Cebuano.untied.mdef
INFO: model_def_io.c(573): Model definition info:
INFO: model_def_io.c(574): 7744 total models defined (40 base, 7704 tri)
INFO: model_def_io.c(575): 30976 total states
INFO: model_def_io.c(576): 23232 total tied states
INFO: model_def_io.c(577): 120 total tied CI states
INFO: model_def_io.c(578): 40 total tied transition matrices
INFO: model_def_io.c(579): 4 max state/model
INFO: model_def_io.c(580): 4 min state/model
INFO: main.c(242): Building trees for [Z AA AE e] through [Z UW JH e]
INFO: main.c(268): Covering states |[22791 23225]| == 435
INFO: main.c(275): Reading: /mnt/c/users/robin/onedrive/desktop/cmu/Cebuano/model_parameters/Cebuano.cd_cont_untied/mixture_weights
INFO: s3mixw_io.c(172): Read /mnt/c/users/robin/onedrive/desktop/cmu/Cebuano/model_parameters/Cebuano.cd_cont_untied/mixture_weights [435x1x1 array]
INFO: main.c(311): 144 of 145 models have observation count greater than 0.000010
INFO: main.c(95): nrm stwt: 0.000 0.048 0.952 
INFO: s3gau_io.c(168): Read /mnt/c/users/robin/onedrive/desktop/cmu/Cebuano/model_parameters/Cebuano.cd_cont_untied/means [23232x1x1 array]
INFO: s3gau_io.c(168): Read /mnt/c/users/robin/onedrive/desktop/cmu/Cebuano/model_parameters/Cebuano.cd_cont_untied/variances [23232x1x1 array]
INFO: main.c(549): Reading: /mnt/c/users/robin/onedrive/desktop/cmu/Cebuano/model_architecture/Cebuano.tree_questions
INFO: main.c(587): 180 total simple questions (172 phone; 8 word bndry)
INFO: main.c(589): 42 Left Only questions, and 42 Right Only questions
INFO: dtree.c(1478): Final simple tree
|( WDBNDRY_E 0 -3.917e+06 3.523e+04 1.760e+04
|    ( QUESTION0_3_R 1 -3.296e+06 7.526e+03 1.518e+04
|        ( QUESTION2_19_L -1 -6.592e+05 3.964e+03 3.212e+03
|            ( - -5.492e+05 6 0)
|            ( - -1.060e+05 9 0 QUESTION14 -1 1.082e+03 4.947e+02))
|        ( SILENCE 1 -2.629e+06 5.640e+03 1.196e+04
|            ( QUESTION2_0_L -1 -1.338e+06 2.976e+03 6.008e+03
|                ( - -1.070e+06 10 0 QUESTION2_18_L -1 2.784e+03 4.812e+03)
|                ( - -2.651e+05 3 0 QUESTION12 -1 1.666e+03 1.196e+03))
|            ( QUESTION16 1 -1.286e+06 4.004e+03 5.955e+03
|                ( - -4.384e+04 7 0 QUESTION0_9_R 1 5.156e+02 1.807e+02)
|                ( - -1.238e+06 63 0 QUESTION0_2_R 1 2.851e+03 5.774e+03))))
|    ( QUESTION2_18_L -1 -5.853e+05 2.970e+03 2.422e+03
|        ( - -1.148e+05 1 0)
|        ( - -4.676e+05 45 0 QUESTION0_13_R 1 2.774e+03 1.943e+03)))
s>    ( WDBNDRY_E 0 -3.917e+06 3.523e+04 1.760e+04
s>        ( QUESTION0_3_R 1 -3.296e+06 7.526e+03 1.518e+04
s>            ( QUESTION2_19_L -1 -6.592e+05 3.964e+03 3.212e+03
s>                ( - -5.492e+05 6 0)
s>                ( - -1.060e+05 9 0 QUESTION14 -1 1.082e+03 4.947e+02))
s>            ( SILENCE 1 -2.629e+06 5.640e+03 1.196e+04
s>                ( QUESTION2_0_L -1 -1.338e+06 2.976e+03 6.008e+03
s>                    ( - -1.070e+06 10 0 QUESTION2_18_L -1 2.784e+03 4.812e+03)
s>                    ( - -2.651e+05 3 0 QUESTION12 -1 1.666e+03 1.196e+03))
s>                ( QUESTION16 1 -1.286e+06 4.004e+03 5.955e+03
s>                    ( - -4.384e+04 7 0 QUESTION0_9_R 1 5.156e+02 1.807e+02)
s>                    ( - -1.238e+06 63 0 QUESTION0_2_R 1 2.851e+03 5.774e+03))))
s>        ( QUESTION2_18_L -1 -5.853e+05 2.970e+03 2.422e+03
s>            ( - -1.148e+05 1 0)
s>            ( - -4.676e+05 45 0 QUESTION0_13_R 1 2.774e+03 1.943e+03)))INFO: dtree.c(1315): Comp split 0
INFO: dtree.c(1478): Final simple tree
|( QUESTION2_18_L -1 -6.309e+05 3.124e+03 2.603e+03
|    ( - -1.148e+05 1 0)
|    ( QUESTION0_13_R 1 -5.130e+05 2.718e+03 2.124e+03
|        ( QUESTION2_14_L -1 -3.454e+05 1.130e+03 1.432e+03
|            ( - -7.327e+04 2 0 WDBNDRY_E 0 4.893e+02 3.093e+02)
|            ( QUESTION2_7_L -1 -2.710e+05 8.221e+02 1.123e+03
|                ( - -1.804e+04 2 0 QUESTION0_14_R 1 1.481e+02 7.482e+01)
|                ( QUESTION0 1 -2.521e+05 6.437e+02 1.048e+03
|                    ( - -2.175e+05 20 0 QUESTION2_12_L -1 5.265e+02 9.058e+02)
|                    ( - -3.395e+04 11 0 QUESTION2_9_L -1 4.495e+02 1.422e+02))))
|        ( QUESTION12 -1 -1.649e+05 1.940e+03 6.921e+02
|            ( - -3.925e+04 2 0 WDBNDRY_E 0 5.807e+02 1.614e+02)
|            ( QUESTION10 1 -1.237e+05 9.985e+02 5.307e+02
|                ( - -7.183e+04 6 0 QUESTION2_15_L -1 3.018e+02 3.162e+02)
|                ( - -5.091e+04 9 0 QUESTION2_0_L -1 6.057e+02 2.145e+02)))))
s>    ( QUESTION2_18_L -1 -6.309e+05 3.124e+03 2.603e+03
s>        ( - -1.148e+05 1 0)
s>        ( QUESTION0_13_R 1 -5.130e+05 2.718e+03 2.124e+03
s>            ( QUESTION2_14_L -1 -3.454e+05 1.130e+03 1.432e+03
s>                ( - -7.327e+04 2 0 WDBNDRY_E 0 4.893e+02 3.093e+02)
s>                ( QUESTION2_7_L -1 -2.710e+05 8.221e+02 1.123e+03
s>                    ( - -1.804e+04 2 0 QUESTION0_14_R 1 1.481e+02 7.482e+01)
s>                    ( QUESTION0 1 -2.521e+05 6.437e+02 1.048e+03
s>                        ( - -2.175e+05 20 0 QUESTION2_12_L -1 5.265e+02 9.058e+02)
s>                        ( - -3.395e+04 11 0 QUESTION2_9_L -1 4.495e+02 1.422e+02))))
s>            ( QUESTION12 -1 -1.649e+05 1.940e+03 6.921e+02
s>                ( - -3.925e+04 2 0 WDBNDRY_E 0 5.807e+02 1.614e+02)
s>                ( QUESTION10 1 -1.237e+05 9.985e+02 5.307e+02
s>                    ( - -7.183e+04 6 0 QUESTION2_15_L -1 3.018e+02 3.162e+02)
s>                    ( - -5.091e+04 9 0 QUESTION2_0_L -1 6.057e+02 2.145e+02)))))INFO: dtree.c(1478): Final simple tree
|( QUESTION0_3_R 1 -3.247e+06 7.009e+03 1.499e+04
|    ( QUESTION2_19_L -1 -6.592e+05 3.964e+03 3.212e+03
|        ( - -5.492e+05 6 0)
|        ( - -1.060e+05 9 0 QUESTION14 -1 1.082e+03 4.947e+02))
|    ( SILENCE 1 -2.581e+06 5.414e+03 1.178e+04
|        ( QUESTION2_0_L -1 -1.338e+06 2.976e+03 6.008e+03
|            ( QUESTION2_18_L -1 -1.070e+06 2.784e+03 4.812e+03
|                ( - -1.309e+05 1 0)
|                ( - -9.359e+05 9 0 QUESTION12 -1 1.111e+03 4.246e+03))
|            ( QUESTION12 -1 -2.651e+05 1.666e+03 1.196e+03
|                ( - -5.185e+04 1 0)
|                ( - -2.116e+05 2 0 QUESTION14 -1 3.007e+02 9.521e+02)))
|        ( QUESTION0_2_R 1 -1.238e+06 2.851e+03 5.774e+03
|            ( - -2.694e+05 10 0 QUESTION11 -1 1.398e+03 1.295e+03)
|            ( - -9.660e+05 53 0 QUESTION0_13_R 1 1.351e+03 4.479e+03))))
s>    ( QUESTION0_3_R 1 -3.247e+06 7.009e+03 1.499e+04
s>        ( QUESTION2_19_L -1 -6.592e+05 3.964e+03 3.212e+03
s>            ( - -5.492e+05 6 0)
s>            ( - -1.060e+05 9 0 QUESTION14 -1 1.082e+03 4.947e+02))
s>        ( SILENCE 1 -2.581e+06 5.414e+03 1.178e+04
s>            ( QUESTION2_0_L -1 -1.338e+06 2.976e+03 6.008e+03
s>                ( QUESTION2_18_L -1 -1.070e+06 2.784e+03 4.812e+03
s>                    ( - -1.309e+05 1 0)
s>                    ( - -9.359e+05 9 0 QUESTION12 -1 1.111e+03 4.246e+03))
s>                ( QUESTION12 -1 -2.651e+05 1.666e+03 1.196e+03
s>                    ( - -5.185e+04 1 0)
s>                    ( - -2.116e+05 2 0 QUESTION14 -1 3.007e+02 9.521e+02)))
s>            ( QUESTION0_2_R 1 -1.238e+06 2.851e+03 5.774e+03
s>                ( - -2.694e+05 10 0 QUESTION11 -1 1.398e+03 1.295e+03)
s>                ( - -9.660e+05 53 0 QUESTION0_13_R 1 1.351e+03 4.479e+03))))INFO: dtree.c(1315): Comp split 1
INFO: dtree.c(1478): Final simple tree
|( SILENCE 1 -2.689e+06 5.662e+03 1.228e+04
|    ( QUESTION2_0_L -1 -1.338e+06 2.976e+03 6.008e+03
|        ( QUESTION2_18_L -1 -1.070e+06 2.784e+03 4.812e+03
|            ( - -1.309e+05 1 0)
|            ( - -9.359e+05 9 0 QUESTION12 -1 1.111e+03 4.246e+03))
|        ( QUESTION12 -1 -2.651e+05 1.666e+03 1.196e+03
|            ( - -5.185e+04 1 0)
|            ( - -2.116e+05 2 0 QUESTION14 -1 3.007e+02 9.521e+02)))
|    ( QUESTION0_4_R 1 -1.345e+06 2.939e+03 6.269e+03
|        ( - -2.694e+05 10 0 QUESTION11 -1 1.398e+03 1.295e+03)
|        ( QUESTION0_13_R 1 -1.073e+06 1.428e+03 4.974e+03
|            ( QUESTION13 -1 -4.530e+05 1.443e+03 2.089e+03
|                ( - -1.015e+05 6 0 QUESTION2_0_L -1 7.025e+02 4.953e+02)
|                ( - -3.501e+05 13 0 QUESTION0 -1 6.397e+02 1.594e+03))
|            ( - -6.184e+05 43 0 QUESTION11 -1 1.319e+03 2.885e+03))))
s>    ( SILENCE 1 -2.689e+06 5.662e+03 1.228e+04
s>        ( QUESTION2_0_L -1 -1.338e+06 2.976e+03 6.008e+03
s>            ( QUESTION2_18_L -1 -1.070e+06 2.784e+03 4.812e+03
s>                ( - -1.309e+05 1 0)
s>                ( - -9.359e+05 9 0 QUESTION12 -1 1.111e+03 4.246e+03))
s>            ( QUESTION12 -1 -2.651e+05 1.666e+03 1.196e+03
s>                ( - -5.185e+04 1 0)
s>                ( - -2.116e+05 2 0 QUESTION14 -1 3.007e+02 9.521e+02)))
s>        ( QUESTION0_4_R 1 -1.345e+06 2.939e+03 6.269e+03
s>            ( - -2.694e+05 10 0 QUESTION11 -1 1.398e+03 1.295e+03)
s>            ( QUESTION0_13_R 1 -1.073e+06 1.428e+03 4.974e+03
s>                ( QUESTION13 -1 -4.530e+05 1.443e+03 2.089e+03
s>                    ( - -1.015e+05 6 0 QUESTION2_0_L -1 7.025e+02 4.953e+02)
s>                    ( - -3.501e+05 13 0 QUESTION0 -1 6.397e+02 1.594e+03))
s>                ( - -6.184e+05 43 0 QUESTION11 -1 1.319e+03 2.885e+03))))INFO: dtree.c(1315): Comp split 2
INFO: dtree.c(1478): Final simple tree
|( SILENCE 1 -6.968e+05 3.687e+03 3.111e+03
|    ( QUESTION0 -1 -3.429e+05 4.856e+02 1.517e+03
|        ( - -1.309e+05 1 0)
|        ( QUESTION14 -1 -2.116e+05 3.007e+02 9.521e+02
|            ( - -1.297e+05 1 0)
|            ( - -8.153e+04 1 0)))
|    ( QUESTION0 -1 -3.501e+05 6.397e+02 1.594e+03
|        ( QUESTION0_14_R 1 -3.443e+05 4.044e+02 1.571e+03
|            ( - -3.044e+05 8 0 QUESTION2_13_L -1 1.488e+02 1.386e+03)
|            ( QUESTION2_0_L -1 -3.949e+04 2.567e+02 1.848e+02
|                ( QUESTION0 1 -3.108e+04 2.491e+02 1.448e+02
|                    ( - -1.327e+04 1 0)
|                    ( - -1.756e+04 2 0))
|                ( - -8.152e+03 1 0)))
|        ( - -5.164e+03 1 0)))
s>    ( SILENCE 1 -6.968e+05 3.687e+03 3.111e+03
s>        ( QUESTION0 -1 -3.429e+05 4.856e+02 1.517e+03
s>            ( - -1.309e+05 1 0)
s>            ( QUESTION14 -1 -2.116e+05 3.007e+02 9.521e+02
s>                ( - -1.297e+05 1 0)
s>                ( - -8.153e+04 1 0)))
s>        ( QUESTION0 -1 -3.501e+05 6.397e+02 1.594e+03
s>            ( QUESTION0_14_R 1 -3.443e+05 4.044e+02 1.571e+03
s>                ( - -3.044e+05 8 0 QUESTION2_13_L -1 1.488e+02 1.386e+03)
s>                ( QUESTION2_0_L -1 -3.949e+04 2.567e+02 1.848e+02
s>                    ( QUESTION0 1 -3.108e+04 2.491e+02 1.448e+02
s>                        ( - -1.327e+04 1 0)
s>                        ( - -1.756e+04 2 0))
s>                    ( - -8.152e+03 1 0)))
s>            ( - -5.164e+03 1 0)))INFO: dtree.c(1478): Final simple tree
|( SILENCE 1 -1.985e+06 4.500e+03 9.166e+03
|    ( QUESTION2_6_L -1 -9.882e+05 1.161e+03 4.490e+03
|        ( - -6.521e+04 1 0)
|        ( QUESTION11 -1 -9.219e+05 1.020e+03 4.204e+03
|            ( - -2.500e+05 4 0 QUESTION14 -1 9.552e+02 1.165e+03)
|            ( - -6.709e+05 5 0 QUESTION2_11_L -1 2.999e+02 3.039e+03)))
|    ( QUESTION9 1 -9.922e+05 2.592e+03 4.676e+03
|        ( QUESTION11 -1 -5.965e+05 1.529e+03 2.774e+03
|            ( QUESTION14 -1 -2.181e+05 9.992e+02 1.007e+03
|                ( - -1.289e+05 9 0 QUESTION0_2_R 1 6.557e+02 6.129e+02)
|                ( - -8.812e+04 15 0 QUESTION0_1_R 1 3.424e+02 3.940e+02))
|            ( - -3.769e+05 19 0 QUESTION12 1 5.804e+02 1.767e+03))
|        ( QUESTION2_13_L -1 -3.931e+05 1.070e+03 1.901e+03
|            ( - -1.236e+05 8 0 QUESTION2_14_L -1 6.974e+02 5.943e+02)
|            ( - -2.684e+05 8 0 QUESTION12 -1 8.672e+02 1.307e+03))))
s>    ( SILENCE 1 -1.985e+06 4.500e+03 9.166e+03
s>        ( QUESTION2_6_L -1 -9.882e+05 1.161e+03 4.490e+03
s>            ( - -6.521e+04 1 0)
s>            ( QUESTION11 -1 -9.219e+05 1.020e+03 4.204e+03
s>                ( - -2.500e+05 4 0 QUESTION14 -1 9.552e+02 1.165e+03)
s>                ( - -6.709e+05 5 0 QUESTION2_11_L -1 2.999e+02 3.039e+03)))
s>        ( QUESTION9 1 -9.922e+05 2.592e+03 4.676e+03
s>            ( QUESTION11 -1 -5.965e+05 1.529e+03 2.774e+03
s>                ( QUESTION14 -1 -2.181e+05 9.992e+02 1.007e+03
s>                    ( - -1.289e+05 9 0 QUESTION0_2_R 1 6.557e+02 6.129e+02)
s>                    ( - -8.812e+04 15 0 QUESTION0_1_R 1 3.424e+02 3.940e+02))
s>                ( - -3.769e+05 19 0 QUESTION12 1 5.804e+02 1.767e+03))
s>            ( QUESTION2_13_L -1 -3.931e+05 1.070e+03 1.901e+03
s>                ( - -1.236e+05 8 0 QUESTION2_14_L -1 6.974e+02 5.943e+02)
s>                ( - -2.684e+05 8 0 QUESTION12 -1 8.672e+02 1.307e+03))))INFO: dtree.c(1315): Comp split 3
INFO: dtree.c(1478): Final simple tree
|( QUESTION9 1 -9.922e+05 2.592e+03 4.676e+03
|    ( QUESTION11 -1 -5.965e+05 1.529e+03 2.774e+03
|        ( QUESTION14 -1 -2.181e+05 9.992e+02 1.007e+03
|            ( - -1.289e+05 9 0 QUESTION0_2_R 1 6.557e+02 6.129e+02)
|            ( - -8.812e+04 15 0 QUESTION0_1_R 1 3.424e+02 3.940e+02))
|        ( - -3.769e+05 19 0 QUESTION12 1 5.804e+02 1.767e+03))
|    ( QUESTION2_13_L -1 -3.931e+05 1.070e+03 1.901e+03
|        ( QUESTION2_14_L -1 -1.236e+05 6.974e+02 5.943e+02
|            ( - -6.175e+04 3 0 QUESTION14 -1 7.137e+02 2.988e+02)
|            ( - -6.113e+04 5 0 QUESTION0 -1 5.035e+02 2.956e+02))
|        ( QUESTION12 -1 -2.684e+05 8.672e+02 1.307e+03
|            ( - -2.366e+04 1 0)
|            ( QUESTION0_13_R 1 -2.439e+05 7.956e+02 1.188e+03
|                ( - -2.467e+04 1 0)
|                ( - -2.184e+05 6 0 QUESTION0_0_R 1 3.541e+02 1.064e+03)))))
s>    ( QUESTION9 1 -9.922e+05 2.592e+03 4.676e+03
s>        ( QUESTION11 -1 -5.965e+05 1.529e+03 2.774e+03
s>            ( QUESTION14 -1 -2.181e+05 9.992e+02 1.007e+03
s>                ( - -1.289e+05 9 0 QUESTION0_2_R 1 6.557e+02 6.129e+02)
s>                ( - -8.812e+04 15 0 QUESTION0_1_R 1 3.424e+02 3.940e+02))
s>            ( - -3.769e+05 19 0 QUESTION12 1 5.804e+02 1.767e+03))
s>        ( QUESTION2_13_L -1 -3.931e+05 1.070e+03 1.901e+03
s>            ( QUESTION2_14_L -1 -1.236e+05 6.974e+02 5.943e+02
s>                ( - -6.175e+04 3 0 QUESTION14 -1 7.137e+02 2.988e+02)
s>                ( - -6.113e+04 5 0 QUESTION0 -1 5.035e+02 2.956e+02))
s>            ( QUESTION12 -1 -2.684e+05 8.672e+02 1.307e+03
s>                ( - -2.366e+04 1 0)
s>                ( QUESTION0_13_R 1 -2.439e+05 7.956e+02 1.188e+03
s>                    ( - -2.467e+04 1 0)
s>                    ( - -2.184e+05 6 0 QUESTION0_0_R 1 3.541e+02 1.064e+03)))))INFO: dtree.c(1478): Final simple tree
|( QUESTION2_6_L -1 -9.882e+05 1.161e+03 4.490e+03
|    ( - -6.521e+04 1 0)
|    ( QUESTION11 -1 -9.219e+05 1.020e+03 4.204e+03
|        ( QUESTION14 -1 -2.500e+05 9.552e+02 1.165e+03
|            ( - -6.687e+04 1 0)
|            ( QUESTION16 -1 -1.821e+05 4.662e+02 8.307e+02
|                ( - -9.976e+04 1 0)
|                ( QUESTION12 -1 -8.190e+04 1.797e+02 3.841e+02
|                    ( - -5.185e+04 1 0)
|                    ( - -2.987e+04 1 0))))
|        ( QUESTION2_11_L -1 -6.709e+05 2.999e+02 3.039e+03
|            ( - -8.918e+03 1 0)
|            ( QUESTION0 -1 -6.617e+05 2.328e+02 2.997e+03
|                ( - -6.449e+05 3 0)
|                ( - -1.656e+04 1 0)))))
s>    ( QUESTION2_6_L -1 -9.882e+05 1.161e+03 4.490e+03
s>        ( - -6.521e+04 1 0)
s>        ( QUESTION11 -1 -9.219e+05 1.020e+03 4.204e+03
s>            ( QUESTION14 -1 -2.500e+05 9.552e+02 1.165e+03
s>                ( - -6.687e+04 1 0)
s>                ( QUESTION16 -1 -1.821e+05 4.662e+02 8.307e+02
s>                    ( - -9.976e+04 1 0)
s>                    ( QUESTION12 -1 -8.190e+04 1.797e+02 3.841e+02
s>                        ( - -5.185e+04 1 0)
s>                        ( - -2.987e+04 1 0))))
s>            ( QUESTION2_11_L -1 -6.709e+05 2.999e+02 3.039e+03
s>                ( - -8.918e+03 1 0)
s>                ( QUESTION0 -1 -6.617e+05 2.328e+02 2.997e+03
s>                    ( - -6.449e+05 3 0)
s>                    ( - -1.656e+04 1 0)))))INFO: dtree.c(1315): Comp split 4
INFO: dtree.c(1439): stop. leaf nodes are specific
INFO: dtree.c(1478): Final simple tree
|( QUESTION0 -1 -3.501e+05 6.397e+02 1.594e+03
|    ( QUESTION0_14_R 1 -3.443e+05 4.044e+02 1.571e+03
|        ( QUESTION2_13_L -1 -3.044e+05 1.488e+02 1.386e+03
|            ( - -1.649e+03 1 0)
|            ( - -3.026e+05 7 0))
|        ( QUESTION2_0_L -1 -3.949e+04 2.567e+02 1.848e+02
|            ( QUESTION0 1 -3.108e+04 2.491e+02 1.448e+02
|                ( - -1.327e+04 1 0)
|                ( - -1.756e+04 2 0))
|            ( - -8.152e+03 1 0)))
|    ( - -5.164e+03 1 0))
s>    ( QUESTION0 -1 -3.501e+05 6.397e+02 1.594e+03
s>        ( QUESTION0_14_R 1 -3.443e+05 4.044e+02 1.571e+03
s>            ( QUESTION2_13_L -1 -3.044e+05 1.488e+02 1.386e+03
s>                ( - -1.649e+03 1 0)
s>                ( - -3.026e+05 7 0))
s>            ( QUESTION2_0_L -1 -3.949e+04 2.567e+02 1.848e+02
s>                ( QUESTION0 1 -3.108e+04 2.491e+02 1.448e+02
s>                    ( - -1.327e+04 1 0)
s>                    ( - -1.756e+04 2 0))
s>                ( - -8.152e+03 1 0)))
s>        ( - -5.164e+03 1 0))INFO: dtree.c(1439): stop. leaf nodes are specific
INFO: dtree.c(1478): Final simple tree
|( QUESTION0 -1 -3.429e+05 4.856e+02 1.517e+03
|    ( - -1.309e+05 1 0)
|    ( QUESTION14 -1 -2.116e+05 3.007e+02 9.521e+02
|        ( - -1.297e+05 1 0)
|        ( - -8.153e+04 1 0)))
s>    ( QUESTION0 -1 -3.429e+05 4.856e+02 1.517e+03
s>        ( - -1.309e+05 1 0)
s>        ( QUESTION14 -1 -2.116e+05 3.007e+02 9.521e+02
s>            ( - -1.297e+05 1 0)
s>            ( - -8.153e+04 1 0)))INFO: dtree.c(1315): Comp split 5
INFO: dtree.c(1478): Final simple tree
|( QUESTION10 1 -2.755e+05 2.554e+03 1.151e+03
|    ( - -7.183e+04 6 0 QUESTION2_15_L -1 3.018e+02 3.162e+02)
|    ( QUESTION0_14_R 1 -2.011e+05 1.103e+03 8.350e+02
|        ( - -1.148e+05 1 0)
|        ( QUESTION14 1 -8.523e+04 4.749e+02 3.567e+02
|            ( QUESTION0_9_R 1 -3.092e+04 4.945e+02 1.320e+02
|                ( QUESTION0 -1 -8.356e+03 4.771e+02 3.797e+01
|                    ( - 1.437e+02 1 0)
|                    ( - -8.022e+03 3 0 QUESTION2_0_L -1 3.410e+02 3.697e+01))
|                ( - -2.207e+04 4 0 QUESTION10 -1 1.607e+02 9.405e+01))
|            ( QUESTION10 -1 -5.384e+04 4.500e+02 2.247e+02
|                ( - 1.650e+02 1 0)
|                ( QUESTION0 -1 -5.355e+04 3.741e+02 2.237e+02
|                    ( - -3.209e+04 7 0 QUESTION0_0_R 1 2.138e+02 1.369e+02)
|                    ( - -2.110e+04 4 0 QUESTION0_0_R 1 2.723e+02 8.673e+01))))))
s>    ( QUESTION10 1 -2.755e+05 2.554e+03 1.151e+03
s>        ( - -7.183e+04 6 0 QUESTION2_15_L -1 3.018e+02 3.162e+02)
s>        ( QUESTION0_14_R 1 -2.011e+05 1.103e+03 8.350e+02
s>            ( - -1.148e+05 1 0)
s>            ( QUESTION14 1 -8.523e+04 4.749e+02 3.567e+02
s>                ( QUESTION0_9_R 1 -3.092e+04 4.945e+02 1.320e+02
s>                    ( QUESTION0 -1 -8.356e+03 4.771e+02 3.797e+01
s>                        ( - 1.437e+02 1 0)
s>                        ( - -8.022e+03 3 0 QUESTION2_0_L -1 3.410e+02 3.697e+01))
s>                    ( - -2.207e+04 4 0 QUESTION10 -1 1.607e+02 9.405e+01))
s>                ( QUESTION10 -1 -5.384e+04 4.500e+02 2.247e+02
s>                    ( - 1.650e+02 1 0)
s>                    ( QUESTION0 -1 -5.355e+04 3.741e+02 2.237e+02
s>                        ( - -3.209e+04 7 0 QUESTION0_0_R 1 2.138e+02 1.369e+02)
s>                        ( - -2.110e+04 4 0 QUESTION0_0_R 1 2.723e+02 8.673e+01))))))INFO: dtree.c(1478): Final simple tree
|( QUESTION2_7_L -1 -3.519e+05 2.095e+03 1.451e+03
|    ( WDBNDRY_E 0 -5.795e+04 7.420e+02 2.362e+02
|        ( - -3.243e+04 1 0)
|        ( QUESTION0_9_R 1 -2.478e+04 5.071e+02 1.006e+02
|            ( - -6.233e+03 1 0)
|            ( - -1.804e+04 2 0 QUESTION0_14_R 1 1.481e+02 7.482e+01)))
|    ( QUESTION2_14_L -1 -2.919e+05 1.039e+03 1.215e+03
|        ( WDBNDRY_E 0 -7.327e+04 4.893e+02 3.093e+02
|            ( - 1.499e+02 1 0)
|            ( - -7.293e+04 1 0))
|        ( QUESTION2_12_L -1 -2.175e+05 5.265e+02 9.058e+02
|            ( - -1.401e+05 7 0 QUESTION0 -1 1.316e+02 5.843e+02)
|            ( QUESTION15 -1 -7.693e+04 3.979e+02 3.215e+02
|                ( - -3.910e+04 3 0)
|                ( - -3.743e+04 10 0 QUESTION2_9_L -1 2.196e+02 1.555e+02)))))
s>    ( QUESTION2_7_L -1 -3.519e+05 2.095e+03 1.451e+03
s>        ( WDBNDRY_E 0 -5.795e+04 7.420e+02 2.362e+02
s>            ( - -3.243e+04 1 0)
s>            ( QUESTION0_9_R 1 -2.478e+04 5.071e+02 1.006e+02
s>                ( - -6.233e+03 1 0)
s>                ( - -1.804e+04 2 0 QUESTION0_14_R 1 1.481e+02 7.482e+01)))
s>        ( QUESTION2_14_L -1 -2.919e+05 1.039e+03 1.215e+03
s>            ( WDBNDRY_E 0 -7.327e+04 4.893e+02 3.093e+02
s>                ( - 1.499e+02 1 0)
s>                ( - -7.293e+04 1 0))
s>            ( QUESTION2_12_L -1 -2.175e+05 5.265e+02 9.058e+02
s>                ( - -1.401e+05 7 0 QUESTION0 -1 1.316e+02 5.843e+02)
s>                ( QUESTION15 -1 -7.693e+04 3.979e+02 3.215e+02
s>                    ( - -3.910e+04 3 0)
s>                    ( - -3.743e+04 10 0 QUESTION2_9_L -1 2.196e+02 1.555e+02)))))INFO: dtree.c(1315): Comp split 6
INFO: dtree.c(1478): Final simple tree
|( QUESTION11 -1 -6.842e+05 1.450e+03 3.197e+03
|    ( QUESTION0_14_R 1 -3.058e+05 1.101e+03 1.430e+03
|        ( - -6.814e+04 2 0 QUESTION14 -1 5.731e+02 3.378e+02)
|        ( QUESTION14 -1 -2.366e+05 9.127e+02 1.092e+03
|            ( QUESTION0_3_R 1 -1.464e+05 7.458e+02 6.932e+02
|                ( - -4.774e+04 2 0 QUESTION2_0_L -1 2.926e+02 2.347e+02)
|                ( QUESTION2_15_L -1 -9.796e+04 7.492e+02 4.584e+02
|                    ( - -5.894e+04 1 0)
|                    ( - -3.827e+04 7 0 QUESTION11 1 4.028e+02 1.729e+02)))
|            ( - -8.924e+04 16 0 QUESTION0_1_R 1 3.481e+02 3.990e+02)))
|    ( QUESTION12 1 -3.769e+05 5.804e+02 1.767e+03
|        ( - -1.827e+05 5 0 QUESTION2_13_L -1 5.533e+02 8.593e+02)
|        ( QUESTION2_13_L -1 -1.936e+05 5.880e+02 9.079e+02
|            ( - -1.633e+04 2 0 QUESTION0_1_R 1 1.956e+02 7.467e+01)
|            ( - -1.767e+05 12 0 QUESTION0_2_R 1 4.681e+02 8.333e+02))))
s>    ( QUESTION11 -1 -6.842e+05 1.450e+03 3.197e+03
s>        ( QUESTION0_14_R 1 -3.058e+05 1.101e+03 1.430e+03
s>            ( - -6.814e+04 2 0 QUESTION14 -1 5.731e+02 3.378e+02)
s>            ( QUESTION14 -1 -2.366e+05 9.127e+02 1.092e+03
s>                ( QUESTION0_3_R 1 -1.464e+05 7.458e+02 6.932e+02
s>                    ( - -4.774e+04 2 0 QUESTION2_0_L -1 2.926e+02 2.347e+02)
s>                    ( QUESTION2_15_L -1 -9.796e+04 7.492e+02 4.584e+02
s>                        ( - -5.894e+04 1 0)
s>                        ( - -3.827e+04 7 0 QUESTION11 1 4.028e+02 1.729e+02)))
s>                ( - -8.924e+04 16 0 QUESTION0_1_R 1 3.481e+02 3.990e+02)))
s>        ( QUESTION12 1 -3.769e+05 5.804e+02 1.767e+03
s>            ( - -1.827e+05 5 0 QUESTION2_13_L -1 5.533e+02 8.593e+02)
s>            ( QUESTION2_13_L -1 -1.936e+05 5.880e+02 9.079e+02
s>                ( - -1.633e+04 2 0 QUESTION0_1_R 1 1.956e+02 7.467e+01)
s>                ( - -1.767e+05 12 0 QUESTION0_2_R 1 4.681e+02 8.333e+02))))INFO: dtree.c(1478): Final simple tree
|( QUESTION11 -1 -3.049e+05 1.070e+03 1.478e+03
|    ( QUESTION0_0_R 1 -9.646e+04 7.980e+02 4.743e+02
|        ( QUESTION12 -1 -4.132e+04 4.942e+02 2.057e+02
|            ( - -2.366e+04 1 0)
|            ( QUESTION14 -1 -1.717e+04 1.562e+02 8.706e+01
|                ( - -1.677e+04 1 0)
|                ( - -2.415e+02 1 0)))
|        ( QUESTION0_9_R 1 -5.434e+04 4.950e+02 2.685e+02
|            ( - -2.204e+04 1 0)
|            ( - -3.181e+04 3 0 QUESTION14 -1 1.550e+02 1.545e+02)))
|    ( QUESTION2_13_L -1 -2.073e+05 3.943e+02 1.004e+03
|        ( - -1.132e+04 1 0)
|        ( QUESTION0 -1 -1.956e+05 3.372e+02 9.481e+02
|            ( - -1.926e+05 3 0)
|            ( - -2.647e+03 1 0))))
s>    ( QUESTION11 -1 -3.049e+05 1.070e+03 1.478e+03
s>        ( QUESTION0_0_R 1 -9.646e+04 7.980e+02 4.743e+02
s>            ( QUESTION12 -1 -4.132e+04 4.942e+02 2.057e+02
s>                ( - -2.366e+04 1 0)
s>                ( QUESTION14 -1 -1.717e+04 1.562e+02 8.706e+01
s>                    ( - -1.677e+04 1 0)
s>                    ( - -2.415e+02 1 0)))
s>            ( QUESTION0_9_R 1 -5.434e+04 4.950e+02 2.685e+02
s>                ( - -2.204e+04 1 0)
s>                ( - -3.181e+04 3 0 QUESTION14 -1 1.550e+02 1.545e+02)))
s>        ( QUESTION2_13_L -1 -2.073e+05 3.943e+02 1.004e+03
s>            ( - -1.132e+04 1 0)
s>            ( QUESTION0 -1 -1.956e+05 3.372e+02 9.481e+02
s>                ( - -1.926e+05 3 0)
s>                ( - -2.647e+03 1 0))))INFO: dtree.c(1315): Comp split 7
INFO: dtree.c(1478): Final simple tree
|( QUESTION10 1 -1.353e+05 1.103e+03 5.779e+02
|    ( QUESTION2_15_L -1 -7.183e+04 3.018e+02 3.162e+02
|        ( - -6.304e+04 1 0)
|        ( - -8.481e+03 5 0 QUESTION2_0_L -1 1.576e+02 3.696e+01))
|    ( QUESTION2_0_L -1 -6.233e+04 5.079e+02 2.616e+02
|        ( QUESTION10 -1 -5.436e+04 4.500e+02 2.267e+02
|            ( - 1.650e+02 1 0)
|            ( QUESTION0_9_R 1 -5.407e+04 3.779e+02 2.257e+02
|                ( - -2.620e+04 3 0 QUESTION0 -1 1.866e+02 1.120e+02)
|                ( WDBNDRY_E 0 -2.750e+04 1.955e+02 1.137e+02
|                    ( - -9.222e+03 3 0 QUESTION0_16_R 1 1.449e+02 3.921e+01)
|                    ( - -1.808e+04 5 0 QUESTION0 -1 2.455e+02 7.452e+01))))
|        ( WDBNDRY_E 0 -7.464e+03 2.427e+02 3.492e+01
|            ( - -9.475e+02 1 0)
|            ( - -6.274e+03 2 0 QUESTION14 -1 1.435e+02 3.097e+01))))
s>    ( QUESTION10 1 -1.353e+05 1.103e+03 5.779e+02
s>        ( QUESTION2_15_L -1 -7.183e+04 3.018e+02 3.162e+02
s>            ( - -6.304e+04 1 0)
s>            ( - -8.481e+03 5 0 QUESTION2_0_L -1 1.576e+02 3.696e+01))
s>        ( QUESTION2_0_L -1 -6.233e+04 5.079e+02 2.616e+02
s>            ( QUESTION10 -1 -5.436e+04 4.500e+02 2.267e+02
s>                ( - 1.650e+02 1 0)
s>                ( QUESTION0_9_R 1 -5.407e+04 3.779e+02 2.257e+02
s>                    ( - -2.620e+04 3 0 QUESTION0 -1 1.866e+02 1.120e+02)
s>                    ( WDBNDRY_E 0 -2.750e+04 1.955e+02 1.137e+02
s>                        ( - -9.222e+03 3 0 QUESTION0_16_R 1 1.449e+02 3.921e+01)
s>                        ( - -1.808e+04 5 0 QUESTION0 -1 2.455e+02 7.452e+01))))
s>            ( WDBNDRY_E 0 -7.464e+03 2.427e+02 3.492e+01
s>                ( - -9.475e+02 1 0)
s>                ( - -6.274e+03 2 0 QUESTION14 -1 1.435e+02 3.097e+01))))INFO: dtree.c(1439): stop. leaf nodes are specific
INFO: dtree.c(1478): Final simple tree
|( QUESTION0_9_R 1 -1.375e+05 4.726e+02 5.734e+02
|    ( - 1.437e+02 1 0)
|    ( QUESTION0 -1 -1.372e+05 3.698e+02 5.724e+02
|        ( QUESTION0_14_R 1 -1.155e+05 1.234e+02 4.814e+02
|            ( - -1.148e+05 1 0)
|            ( - -6.197e+02 1 0))
|        ( QUESTION10 -1 -2.132e+04 1.603e+02 9.105e+01
|            ( - -1.736e+03 1 0)
|            ( QUESTION12 -1 -1.942e+04 8.594e+01 8.291e+01
|                ( - -4.617e+02 1 0)
|                ( - -1.888e+04 1 0)))))
s>    ( QUESTION0_9_R 1 -1.375e+05 4.726e+02 5.734e+02
s>        ( - 1.437e+02 1 0)
s>        ( QUESTION0 -1 -1.372e+05 3.698e+02 5.724e+02
s>            ( QUESTION0_14_R 1 -1.155e+05 1.234e+02 4.814e+02
s>                ( - -1.148e+05 1 0)
s>                ( - -6.197e+02 1 0))
s>            ( QUESTION10 -1 -2.132e+04 1.603e+02 9.105e+01
s>                ( - -1.736e+03 1 0)
s>                ( QUESTION12 -1 -1.942e+04 8.594e+01 8.291e+01
s>                    ( - -4.617e+02 1 0)
s>                    ( - -1.888e+04 1 0)))))INFO: dtree.c(1315): Comp split 8
INFO: dtree.c(1478): Final simple tree
|( QUESTION2_14_L -1 -2.986e+05 1.071e+03 1.241e+03
|    ( WDBNDRY_E 0 -7.327e+04 4.893e+02 3.093e+02
|        ( - 1.499e+02 1 0)
|        ( - -7.293e+04 1 0))
|    ( QUESTION0_9_R 1 -2.243e+05 5.147e+02 9.316e+02
|        ( - -6.233e+03 1 0)
|        ( QUESTION2_12_L -1 -2.175e+05 5.265e+02 9.058e+02
|            ( - -1.401e+05 7 0 QUESTION0 -1 1.316e+02 5.843e+02)
|            ( QUESTION15 -1 -7.693e+04 3.979e+02 3.215e+02
|                ( - -3.910e+04 3 0)
|                ( QUESTION2_9_L -1 -3.743e+04 2.196e+02 1.555e+02
|                    ( - -1.200e+04 2 0 QUESTION2_10_L -1 1.637e+02 5.036e+01)
|                    ( QUESTION0_14_R 1 -2.521e+04 1.754e+02 1.051e+02
|                        ( - -2.273e+04 7 0 QUESTION13 -1 1.382e+02 9.510e+01)
|                        ( - -2.297e+03 1 0)))))))
s>    ( QUESTION2_14_L -1 -2.986e+05 1.071e+03 1.241e+03
s>        ( WDBNDRY_E 0 -7.327e+04 4.893e+02 3.093e+02
s>            ( - 1.499e+02 1 0)
s>            ( - -7.293e+04 1 0))
s>        ( QUESTION0_9_R 1 -2.243e+05 5.147e+02 9.316e+02
s>            ( - -6.233e+03 1 0)
s>            ( QUESTION2_12_L -1 -2.175e+05 5.265e+02 9.058e+02
s>                ( - -1.401e+05 7 0 QUESTION0 -1 1.316e+02 5.843e+02)
s>                ( QUESTION15 -1 -7.693e+04 3.979e+02 3.215e+02
s>                    ( - -3.910e+04 3 0)
s>                    ( QUESTION2_9_L -1 -3.743e+04 2.196e+02 1.555e+02
s>                        ( - -1.200e+04 2 0 QUESTION2_10_L -1 1.637e+02 5.036e+01)
s>                        ( QUESTION0_14_R 1 -2.521e+04 1.754e+02 1.051e+02
s>                            ( - -2.273e+04 7 0 QUESTION13 -1 1.382e+02 9.510e+01)
s>                            ( - -2.297e+03 1 0)))))))INFO: dtree.c(1439): stop. leaf nodes are specific
INFO: dtree.c(1478): Final simple tree
|( WDBNDRY_E 0 -5.115e+04 6.830e+02 2.104e+02
|    ( - -3.243e+04 1 0)
|    ( QUESTION0_14_R 1 -1.804e+04 1.481e+02 7.482e+01
|        ( - -1.174e+04 1 0)
|        ( - -6.154e+03 1 0)))
s>    ( WDBNDRY_E 0 -5.115e+04 6.830e+02 2.104e+02
s>        ( - -3.243e+04 1 0)
s>        ( QUESTION0_14_R 1 -1.804e+04 1.481e+02 7.482e+01
s>            ( - -1.174e+04 1 0)
s>            ( - -6.154e+03 1 0)))INFO: dtree.c(1315): Comp split 9
INFO: dtree.c(1478): Final simple tree
|( QUESTION0_2_R 1 -1.448e+05 5.360e+02 6.465e+02
|    ( QUESTION0 -1 -6.716e+04 4.550e+02 3.032e+02
|        ( - -1.436e+04 1 0)
|        ( QUESTION14 -1 -5.234e+04 3.421e+02 2.376e+02
|            ( - -1.704e+04 1 0)
|            ( QUESTION12 -1 -3.496e+04 3.167e+02 1.573e+02
|                ( - -3.540e+03 1 0)
|                ( - -3.111e+04 5 0 QUESTION17 -1 1.940e+02 1.412e+02))))
|    ( QUESTION14 -1 -7.706e+04 3.366e+02 3.432e+02
|        ( QUESTION2_0_L -1 -2.086e+04 3.205e+02 9.262e+01
|            ( - -2.658e+03 2 0)
|            ( QUESTION10 1 -1.788e+04 3.282e+02 8.162e+01
|                ( - -6.442e+03 1 0)
|                ( - -1.111e+04 3 0 QUESTION0_0_R 1 1.252e+02 5.161e+01)))
|        ( - -5.586e+04 11 0 QUESTION16 -1 2.939e+02 2.506e+02)))
s>    ( QUESTION0_2_R 1 -1.448e+05 5.360e+02 6.465e+02
s>        ( QUESTION0 -1 -6.716e+04 4.550e+02 3.032e+02
s>            ( - -1.436e+04 1 0)
s>            ( QUESTION14 -1 -5.234e+04 3.421e+02 2.376e+02
s>                ( - -1.704e+04 1 0)
s>                ( QUESTION12 -1 -3.496e+04 3.167e+02 1.573e+02
s>                    ( - -3.540e+03 1 0)
s>                    ( - -3.111e+04 5 0 QUESTION17 -1 1.940e+02 1.412e+02))))
s>        ( QUESTION14 -1 -7.706e+04 3.366e+02 3.432e+02
s>            ( QUESTION2_0_L -1 -2.086e+04 3.205e+02 9.262e+01
s>                ( - -2.658e+03 2 0)
s>                ( QUESTION10 1 -1.788e+04 3.282e+02 8.162e+01
s>                    ( - -6.442e+03 1 0)
s>                    ( - -1.111e+04 3 0 QUESTION0_0_R 1 1.252e+02 5.161e+01)))
s>            ( - -5.586e+04 11 0 QUESTION16 -1 2.939e+02 2.506e+02)))INFO: dtree.c(1478): Final simple tree
|( QUESTION14 -1 -5.374e+05 1.638e+03 2.551e+03
|    ( QUESTION0_0_R 1 -1.324e+05 5.650e+02 6.446e+02
|        ( QUESTION2_0_L -1 -1.071e+05 5.152e+02 5.203e+02
|            ( - -5.986e+04 2 0 QUESTION0_1_R 1 2.440e+02 2.896e+02)
|            ( - -4.676e+04 1 0))
|        ( - -2.467e+04 1 0))
|    ( QUESTION2_19_L -1 -4.034e+05 7.132e+02 1.906e+03
|        ( QUESTION12 1 -3.289e+05 6.187e+02 1.540e+03
|            ( - -1.686e+05 3 0)
|            ( - -1.597e+05 10 0 QUESTION0_0_R 1 2.861e+02 7.503e+02))
|        ( QUESTION0_0_R 1 -7.383e+04 5.877e+02 3.656e+02
|            ( QUESTION2_12_L -1 -2.182e+04 3.859e+02 1.111e+02
|                ( - -7.894e+03 1 0)
|                ( - -1.354e+04 2 0 QUESTION0_1_R 1 3.097e+02 6.900e+01))
|            ( - -5.142e+04 2 0 QUESTION0_9_R 1 2.692e+02 2.545e+02))))
s>    ( QUESTION14 -1 -5.374e+05 1.638e+03 2.551e+03
s>        ( QUESTION0_0_R 1 -1.324e+05 5.650e+02 6.446e+02
s>            ( QUESTION2_0_L -1 -1.071e+05 5.152e+02 5.203e+02
s>                ( - -5.986e+04 2 0 QUESTION0_1_R 1 2.440e+02 2.896e+02)
s>                ( - -4.676e+04 1 0))
s>            ( - -2.467e+04 1 0))
s>        ( QUESTION2_19_L -1 -4.034e+05 7.132e+02 1.906e+03
s>            ( QUESTION12 1 -3.289e+05 6.187e+02 1.540e+03
s>                ( - -1.686e+05 3 0)
s>                ( - -1.597e+05 10 0 QUESTION0_0_R 1 2.861e+02 7.503e+02))
s>            ( QUESTION0_0_R 1 -7.383e+04 5.877e+02 3.656e+02
s>                ( QUESTION2_12_L -1 -2.182e+04 3.859e+02 1.111e+02
s>                    ( - -7.894e+03 1 0)
s>                    ( - -1.354e+04 2 0 QUESTION0_1_R 1 3.097e+02 6.900e+01))
s>                ( - -5.142e+04 2 0 QUESTION0_9_R 1 2.692e+02 2.545e+02))))INFO: dtree.c(1315): Comp split 10
INFO: dtree.c(1439): stop. leaf nodes are specific
INFO: dtree.c(1478): Final simple tree
|( QUESTION11 -1 -1.548e+05 5.832e+02 7.556e+02
|    ( QUESTION0_0_R 1 -1.324e+05 5.650e+02 6.446e+02
|        ( QUESTION2_0_L -1 -1.071e+05 5.152e+02 5.203e+02
|            ( QUESTION0_1_R 1 -5.986e+04 2.440e+02 2.896e+02
|                ( - -5.894e+04 1 0)
|                ( - -6.818e+02 1 0))
|            ( - -4.676e+04 1 0))
|        ( - -2.467e+04 1 0))
|    ( QUESTION2_12_L -1 -2.182e+04 3.859e+02 1.111e+02
|        ( - -7.894e+03 1 0)
|        ( QUESTION0_1_R 1 -1.354e+04 3.097e+02 6.900e+01
|            ( - -5.309e+03 1 0)
|            ( - -7.919e+03 1 0))))
s>    ( QUESTION11 -1 -1.548e+05 5.832e+02 7.556e+02
s>        ( QUESTION0_0_R 1 -1.324e+05 5.650e+02 6.446e+02
s>            ( QUESTION2_0_L -1 -1.071e+05 5.152e+02 5.203e+02
s>                ( QUESTION0_1_R 1 -5.986e+04 2.440e+02 2.896e+02
s>                    ( - -5.894e+04 1 0)
s>                    ( - -6.818e+02 1 0))
s>                ( - -4.676e+04 1 0))
s>            ( - -2.467e+04 1 0))
s>        ( QUESTION2_12_L -1 -2.182e+04 3.859e+02 1.111e+02
s>            ( - -7.894e+03 1 0)
s>            ( QUESTION0_1_R 1 -1.354e+04 3.097e+02 6.900e+01
s>                ( - -5.309e+03 1 0)
s>                ( - -7.919e+03 1 0))))INFO: dtree.c(1439): stop. leaf nodes are specific
INFO: dtree.c(1478): Final simple tree
|( QUESTION10 1 -3.809e+05 6.123e+02 1.795e+03
|    ( - -1.562e+05 8 0)
|    ( QUESTION2_19_L -1 -2.241e+05 5.442e+02 1.059e+03
|        ( QUESTION0_0_R 1 -1.722e+05 3.502e+02 8.042e+02
|            ( - -1.686e+05 3 0)
|            ( - -3.195e+03 2 0))
|        ( QUESTION0_9_R 1 -5.142e+04 2.692e+02 2.545e+02
|            ( - -8.254e+03 1 0)
|            ( - -4.290e+04 1 0))))
s>    ( QUESTION10 1 -3.809e+05 6.123e+02 1.795e+03
s>        ( - -1.562e+05 8 0)
s>        ( QUESTION2_19_L -1 -2.241e+05 5.442e+02 1.059e+03
s>            ( QUESTION0_0_R 1 -1.722e+05 3.502e+02 8.042e+02
s>                ( - -1.686e+05 3 0)
s>                ( - -3.195e+03 2 0))
s>            ( QUESTION0_9_R 1 -5.142e+04 2.692e+02 2.545e+02
s>                ( - -8.254e+03 1 0)
s>                ( - -4.290e+04 1 0))))INFO: dtree.c(1315): Comp split 11
INFO: dtree.c(1439): stop. leaf nodes are specific
INFO: dtree.c(1478): Final simple tree
|( QUESTION0 -1 -7.951e+05 9.836e+02 3.641e+03
|    ( - -6.449e+05 3 0)
|    ( QUESTION14 -1 -1.493e+05 4.864e+02 7.183e+02
|        ( - -6.687e+04 1 0)
|        ( QUESTION12 -1 -8.190e+04 1.797e+02 3.841e+02
|            ( - -5.185e+04 1 0)
|            ( - -2.987e+04 1 0))))
s>    ( QUESTION0 -1 -7.951e+05 9.836e+02 3.641e+03
s>        ( - -6.449e+05 3 0)
s>        ( QUESTION14 -1 -1.493e+05 4.864e+02 7.183e+02
s>            ( - -6.687e+04 1 0)
s>            ( QUESTION12 -1 -8.190e+04 1.797e+02 3.841e+02
s>                ( - -5.185e+04 1 0)
s>                ( - -2.987e+04 1 0))))INFO: dtree.c(1439): stop. leaf nodes are specific
INFO: dtree.c(1478): Final simple tree
|( QUESTION12 -1 -1.918e+05 8.143e+02 8.496e+02
|    ( - -6.521e+04 1 0)
|    ( QUESTION2_10_L -1 -1.257e+05 2.552e+02 5.631e+02
|        ( - -1.656e+04 1 0)
|        ( QUESTION10 -1 -1.089e+05 2.392e+02 4.889e+02
|            ( - -8.918e+03 1 0)
|            ( - -9.976e+04 1 0))))
s>    ( QUESTION12 -1 -1.918e+05 8.143e+02 8.496e+02
s>        ( - -6.521e+04 1 0)
s>        ( QUESTION2_10_L -1 -1.257e+05 2.552e+02 5.631e+02
s>            ( - -1.656e+04 1 0)
s>            ( QUESTION10 -1 -1.089e+05 2.392e+02 4.889e+02
s>                ( - -8.918e+03 1 0)
s>                ( - -9.976e+04 1 0))))INFO: dtree.c(1315): Comp split 12
INFO: dtree.c(1439): stop. leaf nodes are specific
INFO: dtree.c(1478): Final simple tree
|( QUESTION2_13_L -1 -2.297e+05 4.084e+02 1.118e+03
|    ( - -1.132e+04 1 0)
|    ( QUESTION0_0_R 1 -2.180e+05 3.536e+02 1.062e+03
|        ( QUESTION0 -1 -1.956e+05 3.372e+02 9.481e+02
|            ( - -1.926e+05 3 0)
|            ( - -2.647e+03 1 0))
|        ( - -2.204e+04 1 0)))
s>    ( QUESTION2_13_L -1 -2.297e+05 4.084e+02 1.118e+03
s>        ( - -1.132e+04 1 0)
s>        ( QUESTION0_0_R 1 -2.180e+05 3.536e+02 1.062e+03
s>            ( QUESTION0 -1 -1.956e+05 3.372e+02 9.481e+02
s>                ( - -1.926e+05 3 0)
s>                ( - -2.647e+03 1 0))
s>            ( - -2.204e+04 1 0)))INFO: dtree.c(1439): stop. leaf nodes are specific
INFO: dtree.c(1478): Final simple tree
|( QUESTION0_0_R 1 -7.378e+04 6.485e+02 3.603e+02
|    ( QUESTION12 -1 -4.132e+04 4.942e+02 2.057e+02
|        ( - -2.366e+04 1 0)
|        ( QUESTION14 -1 -1.717e+04 1.562e+02 8.706e+01
|            ( - -1.677e+04 1 0)
|            ( - -2.415e+02 1 0)))
|    ( QUESTION14 -1 -3.181e+04 1.550e+02 1.545e+02
|        ( - -2.100e+04 1 0)
|        ( - -1.065e+04 2 0)))
s>    ( QUESTION0_0_R 1 -7.378e+04 6.485e+02 3.603e+02
s>        ( QUESTION12 -1 -4.132e+04 4.942e+02 2.057e+02
s>            ( - -2.366e+04 1 0)
s>            ( QUESTION14 -1 -1.717e+04 1.562e+02 8.706e+01
s>                ( - -1.677e+04 1 0)
s>                ( - -2.415e+02 1 0)))
s>        ( QUESTION14 -1 -3.181e+04 1.550e+02 1.545e+02
s>            ( - -2.100e+04 1 0)
s>            ( - -1.065e+04 2 0)))INFO: dtree.c(1315): Comp split 13
INFO: dtree.c(1478): Final simple tree
|( QUESTION2_9_L -1 -1.082e+05 2.666e+02 4.537e+02
|    ( QUESTION2_10_L -1 -1.200e+04 1.637e+02 5.036e+01
|        ( - -4.357e+03 1 0)
|        ( - -7.484e+03 1 0))
|    ( QUESTION2_12_L -1 -9.590e+04 2.261e+02 4.033e+02
|        ( - -7.293e+04 1 0)
|        ( QUESTION13 -1 -2.273e+04 1.382e+02 9.510e+01
|            ( - -1.072e+04 2 0)
|            ( WDBNDRY_B 0 -1.188e+04 1.315e+02 4.997e+01
|                ( SILENCE -1 -1.551e+03 1.513e+02 7.000e+00
|                    ( - -4.306e+02 1 0)
|                    ( - -9.693e+02 1 0))
|                ( QUESTION10 -1 -1.019e+04 9.791e+01 4.297e+01
|                    ( - -7.060e+03 1 0)
|                    ( - -3.035e+03 2 0))))))
s>    ( QUESTION2_9_L -1 -1.082e+05 2.666e+02 4.537e+02
s>        ( QUESTION2_10_L -1 -1.200e+04 1.637e+02 5.036e+01
s>            ( - -4.357e+03 1 0)
s>            ( - -7.484e+03 1 0))
s>        ( QUESTION2_12_L -1 -9.590e+04 2.261e+02 4.033e+02
s>            ( - -7.293e+04 1 0)
s>            ( QUESTION13 -1 -2.273e+04 1.382e+02 9.510e+01
s>                ( - -1.072e+04 2 0)
s>                ( WDBNDRY_B 0 -1.188e+04 1.315e+02 4.997e+01
s>                    ( SILENCE -1 -1.551e+03 1.513e+02 7.000e+00
s>                        ( - -4.306e+02 1 0)
s>                        ( - -9.693e+02 1 0))
s>                    ( QUESTION10 -1 -1.019e+04 9.791e+01 4.297e+01
s>                        ( - -7.060e+03 1 0)
s>                        ( - -3.035e+03 2 0))))))INFO: dtree.c(1439): stop. leaf nodes are specific
INFO: dtree.c(1478): Final simple tree
|( QUESTION0_9_R 1 -1.891e+05 5.009e+02 7.871e+02
|    ( - -6.233e+03 1 0)
|    ( WDBNDRY_E 0 -1.824e+05 4.705e+02 7.614e+02
|        ( - 1.499e+02 1 0)
|        ( QUESTION15 -1 -1.821e+05 4.446e+02 7.604e+02
|            ( - -3.910e+04 3 0)
|            ( QUESTION0_14_R 1 -1.425e+05 1.625e+02 5.943e+02
|                ( QUESTION0 -1 -1.401e+05 1.316e+02 5.843e+02
|                    ( - -1.320e+05 6 0)
|                    ( - -7.985e+03 1 0))
|                ( - -2.297e+03 1 0)))))
s>    ( QUESTION0_9_R 1 -1.891e+05 5.009e+02 7.871e+02
s>        ( - -6.233e+03 1 0)
s>        ( WDBNDRY_E 0 -1.824e+05 4.705e+02 7.614e+02
s>            ( - 1.499e+02 1 0)
s>            ( QUESTION15 -1 -1.821e+05 4.446e+02 7.604e+02
s>                ( - -3.910e+04 3 0)
s>                ( QUESTION0_14_R 1 -1.425e+05 1.625e+02 5.943e+02
s>                    ( QUESTION0 -1 -1.401e+05 1.316e+02 5.843e+02
s>                        ( - -1.320e+05 6 0)
s>                        ( - -7.985e+03 1 0))
s>                    ( - -2.297e+03 1 0)))))INFO: dtree.c(1315): Comp split 14
INFO: dtree.c(1478): Final simple tree
|( QUESTION2_0_L -1 -6.233e+04 5.079e+02 2.616e+02
|    ( QUESTION10 -1 -5.436e+04 4.500e+02 2.267e+02
|        ( - 1.650e+02 1 0)
|        ( QUESTION0_9_R 1 -5.407e+04 3.779e+02 2.257e+02
|            ( - -2.620e+04 3 0 QUESTION0 -1 1.866e+02 1.120e+02)
|            ( WDBNDRY_E 0 -2.750e+04 1.955e+02 1.137e+02
|                ( - -9.222e+03 3 0 QUESTION0_16_R 1 1.449e+02 3.921e+01)
|                ( QUESTION0 -1 -1.808e+04 2.455e+02 7.452e+01
|                    ( QUESTION0_0_R 1 -5.723e+03 4.815e+02 2.495e+01
|                        ( - -5.415e+03 2 0)
|                        ( - 1.740e+02 1 0))
|                    ( - -1.211e+04 2 0 QUESTION0_0_R 1 2.263e+02 4.957e+01)))))
|    ( WDBNDRY_E 0 -7.464e+03 2.427e+02 3.492e+01
|        ( - -9.475e+02 1 0)
|        ( - -6.274e+03 2 0 QUESTION14 -1 1.435e+02 3.097e+01)))
s>    ( QUESTION2_0_L -1 -6.233e+04 5.079e+02 2.616e+02
s>        ( QUESTION10 -1 -5.436e+04 4.500e+02 2.267e+02
s>            ( - 1.650e+02 1 0)
s>            ( QUESTION0_9_R 1 -5.407e+04 3.779e+02 2.257e+02
s>                ( - -2.620e+04 3 0 QUESTION0 -1 1.866e+02 1.120e+02)
s>                ( WDBNDRY_E 0 -2.750e+04 1.955e+02 1.137e+02
s>                    ( - -9.222e+03 3 0 QUESTION0_16_R 1 1.449e+02 3.921e+01)
s>                    ( QUESTION0 -1 -1.808e+04 2.455e+02 7.452e+01
s>                        ( QUESTION0_0_R 1 -5.723e+03 4.815e+02 2.495e+01
s>                            ( - -5.415e+03 2 0)
s>                            ( - 1.740e+02 1 0))
s>                        ( - -1.211e+04 2 0 QUESTION0_0_R 1 2.263e+02 4.957e+01)))))
s>        ( WDBNDRY_E 0 -7.464e+03 2.427e+02 3.492e+01
s>            ( - -9.475e+02 1 0)
s>            ( - -6.274e+03 2 0 QUESTION14 -1 1.435e+02 3.097e+01)))INFO: dtree.c(1439): stop. leaf nodes are specific
INFO: dtree.c(1478): Final simple tree
|( QUESTION2_15_L -1 -7.183e+04 3.018e+02 3.162e+02
|    ( - -6.304e+04 1 0)
|    ( QUESTION2_0_L -1 -8.481e+03 1.576e+02 3.696e+01
|        ( QUESTION0 -1 -7.987e+03 1.398e+02 3.496e+01
|            ( QUESTION0_1_R 1 -2.406e+03 1.193e+02 1.000e+01
|                ( - -1.160e+03 2 0)
|                ( - -1.127e+03 1 0))
|            ( - -5.441e+03 1 0))
|        ( - -3.369e+02 1 0)))
s>    ( QUESTION2_15_L -1 -7.183e+04 3.018e+02 3.162e+02
s>        ( - -6.304e+04 1 0)
s>        ( QUESTION2_0_L -1 -8.481e+03 1.576e+02 3.696e+01
s>            ( QUESTION0 -1 -7.987e+03 1.398e+02 3.496e+01
s>                ( QUESTION0_1_R 1 -2.406e+03 1.193e+02 1.000e+01
s>                    ( - -1.160e+03 2 0)
s>                    ( - -1.127e+03 1 0))
s>                ( - -5.441e+03 1 0))
s>            ( - -3.369e+02 1 0)))INFO: dtree.c(1315): Comp split 15
INFO: dtree.c(1439): stop. leaf nodes are specific
INFO: dtree.c(1478): Final simple tree
|( QUESTION14 -1 -1.493e+05 4.864e+02 7.183e+02
|    ( - -6.687e+04 1 0)
|    ( QUESTION12 -1 -8.190e+04 1.797e+02 3.841e+02
|        ( - -5.185e+04 1 0)
|        ( - -2.987e+04 1 0)))
s>    ( QUESTION14 -1 -1.493e+05 4.864e+02 7.183e+02
s>        ( - -6.687e+04 1 0)
s>        ( QUESTION12 -1 -8.190e+04 1.797e+02 3.841e+02
s>            ( - -5.185e+04 1 0)
s>            ( - -2.987e+04 1 0)))INFO: dtree.c(1315): Comp split 16
INFO: dtree.c(1439): stop. leaf nodes are specific
INFO: dtree.c(1478): Final simple tree
|( QUESTION10 -1 -7.434e+04 2.154e+02 3.288e+02
|    ( - -8.918e+03 1 0)
|    ( - -6.521e+04 1 0))
s>    ( QUESTION10 -1 -7.434e+04 2.154e+02 3.288e+02
s>        ( - -8.918e+03 1 0)
s>        ( - -6.521e+04 1 0))INFO: dtree.c(1439): stop. leaf nodes are specific
INFO: dtree.c(1478): Final simple tree
|( QUESTION10 -1 -1.166e+05 2.467e+02 5.208e+02
|    ( - -1.656e+04 1 0)
|    ( - -9.976e+04 1 0))
s>    ( QUESTION10 -1 -1.166e+05 2.467e+02 5.208e+02
s>        ( - -1.656e+04 1 0)
s>        ( - -9.976e+04 1 0))INFO: dtree.c(1315): Comp split 17
INFO: dtree.c(1439): stop. leaf nodes are specific
INFO: dtree.c(1478): Final simple tree
|( QUESTION2_0_L -1 -1.129e+05 5.115e+02 5.473e+02
|    ( QUESTION0_1_R 1 -5.986e+04 2.440e+02 2.896e+02
|        ( - -5.894e+04 1 0)
|        ( - -6.818e+02 1 0))
|    ( QUESTION0_1_R 1 -5.249e+04 4.192e+02 2.577e+02
|        ( - -5.309e+03 1 0)
|        ( - -4.676e+04 1 0)))
s>    ( QUESTION2_0_L -1 -1.129e+05 5.115e+02 5.473e+02
s>        ( QUESTION0_1_R 1 -5.986e+04 2.440e+02 2.896e+02
s>            ( - -5.894e+04 1 0)
s>            ( - -6.818e+02 1 0))
s>        ( QUESTION0_1_R 1 -5.249e+04 4.192e+02 2.577e+02
s>            ( - -5.309e+03 1 0)
s>            ( - -4.676e+04 1 0)))INFO: dtree.c(1439): stop. leaf nodes are specific
INFO: dtree.c(1478): Final simple tree
|( QUESTION0_2_R 1 -4.115e+04 3.894e+02 2.084e+02
|    ( - -7.919e+03 1 0)
|    ( QUESTION0_0_R 1 -3.285e+04 2.810e+02 1.664e+02
|        ( - -7.894e+03 1 0)
|        ( - -2.467e+04 1 0)))
s>    ( QUESTION0_2_R 1 -4.115e+04 3.894e+02 2.084e+02
s>        ( - -7.919e+03 1 0)
s>        ( QUESTION0_0_R 1 -3.285e+04 2.810e+02 1.664e+02
s>            ( - -7.894e+03 1 0)
s>            ( - -2.467e+04 1 0)))INFO: dtree.c(1315): Comp split 18
INFO: dtree.c(1439): stop. leaf nodes are specific
INFO: dtree.c(1478): Final simple tree
|( QUESTION0_0_R 1 -2.206e+05 5.209e+02 1.045e+03
|    ( - -1.686e+05 3 0)
|    ( QUESTION0_9_R 1 -5.142e+04 2.692e+02 2.545e+02
|        ( - -8.254e+03 1 0)
|        ( - -4.290e+04 1 0)))
s>    ( QUESTION0_0_R 1 -2.206e+05 5.209e+02 1.045e+03
s>        ( - -1.686e+05 3 0)
s>        ( QUESTION0_9_R 1 -5.142e+04 2.692e+02 2.545e+02
s>            ( - -8.254e+03 1 0)
s>            ( - -4.290e+04 1 0)))INFO: dtree.c(1439): stop. leaf nodes are specific
INFO: dtree.c(1478): Final simple tree
|( QUESTION0_0_R 1 -1.597e+05 2.861e+02 7.503e+02
|    ( - -1.562e+05 8 0)
|    ( - -3.195e+03 2 0))
s>    ( QUESTION0_0_R 1 -1.597e+05 2.861e+02 7.503e+02
s>        ( - -1.562e+05 8 0)
s>        ( - -3.195e+03 2 0))INFO: dtree.c(1315): Comp split 19
INFO: dtree.c(1439): stop. leaf nodes are specific
INFO: dtree.c(1478): Final simple tree
|( QUESTION0_14_R 1 -1.804e+04 1.481e+02 7.482e+01
|    ( - -1.174e+04 1 0)
|    ( - -6.154e+03 1 0))
s>    ( QUESTION0_14_R 1 -1.804e+04 1.481e+02 7.482e+01
s>        ( - -1.174e+04 1 0)
s>        ( - -6.154e+03 1 0))INFO: dtree.c(1315): Comp split 20
INFO: dtree.c(1439): stop. leaf nodes are specific
INFO: dtree.c(1478): Final simple tree
|( QUESTION14 -1 -1.717e+04 1.562e+02 8.706e+01
|    ( - -1.677e+04 1 0)
|    ( - -2.415e+02 1 0))
s>    ( QUESTION14 -1 -1.717e+04 1.562e+02 8.706e+01
s>        ( - -1.677e+04 1 0)
s>        ( - -2.415e+02 1 0))INFO: dtree.c(1439): stop. leaf nodes are specific
INFO: dtree.c(1478): Final simple tree
|( QUESTION0_0_R 1 -5.594e+04 4.665e+02 2.732e+02
|    ( - -2.366e+04 1 0)
|    ( QUESTION14 -1 -3.181e+04 1.550e+02 1.545e+02
|        ( - -2.100e+04 1 0)
|        ( - -1.065e+04 2 0)))
s>    ( QUESTION0_0_R 1 -5.594e+04 4.665e+02 2.732e+02
s>        ( - -2.366e+04 1 0)
s>        ( QUESTION14 -1 -3.181e+04 1.550e+02 1.545e+02
s>            ( - -2.100e+04 1 0)
s>            ( - -1.065e+04 2 0)))INFO: dtree.c(1315): Comp split 21
INFO: dtree.c(1439): stop. leaf nodes are specific
INFO: dtree.c(1478): Final simple tree
|( QUESTION0_14_R 1 -3.443e+05 4.044e+02 1.571e+03
|    ( QUESTION2_13_L -1 -3.044e+05 1.488e+02 1.386e+03
|        ( - -1.649e+03 1 0)
|        ( - -3.026e+05 7 0))
|    ( QUESTION2_0_L -1 -3.949e+04 2.567e+02 1.848e+02
|        ( QUESTION0 1 -3.108e+04 2.491e+02 1.448e+02
|            ( - -1.327e+04 1 0)
|            ( - -1.756e+04 2 0))
|        ( - -8.152e+03 1 0)))
s>    ( QUESTION0_14_R 1 -3.443e+05 4.044e+02 1.571e+03
s>        ( QUESTION2_13_L -1 -3.044e+05 1.488e+02 1.386e+03
s>            ( - -1.649e+03 1 0)
s>            ( - -3.026e+05 7 0))
s>        ( QUESTION2_0_L -1 -3.949e+04 2.567e+02 1.848e+02
s>            ( QUESTION0 1 -3.108e+04 2.491e+02 1.448e+02
s>                ( - -1.327e+04 1 0)
s>                ( - -1.756e+04 2 0))
s>            ( - -8.152e+03 1 0)))INFO: dtree.c(1315): Comp split 22
INFO: dtree.c(1439): stop. leaf nodes are specific
INFO: dtree.c(1478): Final simple tree
|( QUESTION14 -1 -6.274e+03 1.435e+02 3.097e+01
|    ( - -4.754e+03 1 0)
|    ( - -1.377e+03 1 0))
s>    ( QUESTION14 -1 -6.274e+03 1.435e+02 3.097e+01
s>        ( - -4.754e+03 1 0)
s>        ( - -1.377e+03 1 0))INFO: dtree.c(1478): Final simple tree
|( QUESTION10 -1 -5.545e+04 4.501e+02 2.307e+02
|    ( - 1.650e+02 1 0)
|    ( QUESTION0_9_R 1 -5.517e+04 3.906e+02 2.297e+02
|        ( QUESTION0 -1 -2.620e+04 1.866e+02 1.120e+02
|            ( - -2.460e+04 2 0)
|            ( - -1.408e+03 1 0))
|        ( WDBNDRY_E 0 -2.858e+04 2.147e+02 1.177e+02
|            ( - -1.029e+04 4 0 QUESTION0_16_R 1 1.455e+02 4.316e+01)
|            ( QUESTION0 -1 -1.808e+04 2.455e+02 7.452e+01
|                ( QUESTION0_0_R 1 -5.723e+03 4.815e+02 2.495e+01
|                    ( - -5.415e+03 2 0)
|                    ( - 1.740e+02 1 0))
|                ( QUESTION0_0_R 1 -1.211e+04 2.263e+02 4.957e+01
|                    ( - -1.144e+04 1 0)
|                    ( - -4.479e+02 1 0))))))
s>    ( QUESTION10 -1 -5.545e+04 4.501e+02 2.307e+02
s>        ( - 1.650e+02 1 0)
s>        ( QUESTION0_9_R 1 -5.517e+04 3.906e+02 2.297e+02
s>            ( QUESTION0 -1 -2.620e+04 1.866e+02 1.120e+02
s>                ( - -2.460e+04 2 0)
s>                ( - -1.408e+03 1 0))
s>            ( WDBNDRY_E 0 -2.858e+04 2.147e+02 1.177e+02
s>                ( - -1.029e+04 4 0 QUESTION0_16_R 1 1.455e+02 4.316e+01)
s>                ( QUESTION0 -1 -1.808e+04 2.455e+02 7.452e+01
s>                    ( QUESTION0_0_R 1 -5.723e+03 4.815e+02 2.495e+01
s>                        ( - -5.415e+03 2 0)
s>                        ( - 1.740e+02 1 0))
s>                    ( QUESTION0_0_R 1 -1.211e+04 2.263e+02 4.957e+01
s>                        ( - -1.144e+04 1 0)
s>                        ( - -4.479e+02 1 0))))))INFO: dtree.c(1315): Comp split 23
INFO: dtree.c(1478): Final simple tree
|( QUESTION0_2_R 1 -1.298e+05 4.369e+02 5.808e+02
|    ( QUESTION14 -1 -5.234e+04 3.421e+02 2.376e+02
|        ( - -1.704e+04 1 0)
|        ( QUESTION12 -1 -3.496e+04 3.167e+02 1.573e+02
|            ( - -3.540e+03 1 0)
|            ( - -3.111e+04 5 0 QUESTION17 -1 1.940e+02 1.412e+02)))
|    ( QUESTION14 -1 -7.706e+04 3.366e+02 3.432e+02
|        ( QUESTION2_0_L -1 -2.086e+04 3.205e+02 9.262e+01
|            ( - -2.658e+03 2 0)
|            ( QUESTION10 1 -1.788e+04 3.282e+02 8.162e+01
|                ( - -6.442e+03 1 0)
|                ( - -1.111e+04 3 0 QUESTION0_0_R 1 1.252e+02 5.161e+01)))
|        ( QUESTION16 -1 -5.586e+04 2.939e+02 2.506e+02
|            ( - -1.187e+04 4 0 QUESTION10 1 1.600e+02 5.192e+01)
|            ( - -4.370e+04 7 0 QUESTION10 1 2.918e+02 1.987e+02))))
s>    ( QUESTION0_2_R 1 -1.298e+05 4.369e+02 5.808e+02
s>        ( QUESTION14 -1 -5.234e+04 3.421e+02 2.376e+02
s>            ( - -1.704e+04 1 0)
s>            ( QUESTION12 -1 -3.496e+04 3.167e+02 1.573e+02
s>                ( - -3.540e+03 1 0)
s>                ( - -3.111e+04 5 0 QUESTION17 -1 1.940e+02 1.412e+02)))
s>        ( QUESTION14 -1 -7.706e+04 3.366e+02 3.432e+02
s>            ( QUESTION2_0_L -1 -2.086e+04 3.205e+02 9.262e+01
s>                ( - -2.658e+03 2 0)
s>                ( QUESTION10 1 -1.788e+04 3.282e+02 8.162e+01
s>                    ( - -6.442e+03 1 0)
s>                    ( - -1.111e+04 3 0 QUESTION0_0_R 1 1.252e+02 5.161e+01)))
s>            ( QUESTION16 -1 -5.586e+04 2.939e+02 2.506e+02
s>                ( - -1.187e+04 4 0 QUESTION10 1 1.600e+02 5.192e+01)
s>                ( - -4.370e+04 7 0 QUESTION10 1 2.918e+02 1.987e+02))))INFO: dtree.c(1315): Comp split 24
INFO: dtree.c(1439): stop. leaf nodes are specific
INFO: dtree.c(1478): Final simple tree
|( QUESTION0_9_R 1 -5.142e+04 2.692e+02 2.545e+02
|    ( - -8.254e+03 1 0)
|    ( - -4.290e+04 1 0))
s>    ( QUESTION0_9_R 1 -5.142e+04 2.692e+02 2.545e+02
s>        ( - -8.254e+03 1 0)
s>        ( - -4.290e+04 1 0))INFO: dtree.c(1315): Comp split 25
INFO: dtree.c(1439): stop. leaf nodes are specific
INFO: dtree.c(1478): Final simple tree
|( QUESTION0_1_R 1 -5.249e+04 4.192e+02 2.577e+02
|    ( - -5.309e+03 1 0)
|    ( - -4.676e+04 1 0))
s>    ( QUESTION0_1_R 1 -5.249e+04 4.192e+02 2.577e+02
s>        ( - -5.309e+03 1 0)
s>        ( - -4.676e+04 1 0))INFO: dtree.c(1439): stop. leaf nodes are specific
INFO: dtree.c(1478): Final simple tree
|( QUESTION0_1_R 1 -5.986e+04 2.440e+02 2.896e+02
|    ( - -5.894e+04 1 0)
|    ( - -6.818e+02 1 0))
s>    ( QUESTION0_1_R 1 -5.986e+04 2.440e+02 2.896e+02
s>        ( - -5.894e+04 1 0)
s>        ( - -6.818e+02 1 0))INFO: dtree.c(1315): Comp split 26
INFO: dtree.c(1439): stop. leaf nodes are specific
INFO: dtree.c(1478): Final simple tree
|( WDBNDRY_E 0 -1.824e+05 4.705e+02 7.614e+02
|    ( - 1.499e+02 1 0)
|    ( QUESTION15 -1 -1.821e+05 4.446e+02 7.604e+02
|        ( - -3.910e+04 3 0)
|        ( QUESTION0_14_R 1 -1.425e+05 1.625e+02 5.943e+02
|            ( QUESTION0 -1 -1.401e+05 1.316e+02 5.843e+02
|                ( - -1.320e+05 6 0)
|                ( - -7.985e+03 1 0))
|            ( - -2.297e+03 1 0))))
s>    ( WDBNDRY_E 0 -1.824e+05 4.705e+02 7.614e+02
s>        ( - 1.499e+02 1 0)
s>        ( QUESTION15 -1 -1.821e+05 4.446e+02 7.604e+02
s>            ( - -3.910e+04 3 0)
s>            ( QUESTION0_14_R 1 -1.425e+05 1.625e+02 5.943e+02
s>                ( QUESTION0 -1 -1.401e+05 1.316e+02 5.843e+02
s>                    ( - -1.320e+05 6 0)
s>                    ( - -7.985e+03 1 0))
s>                ( - -2.297e+03 1 0))))INFO: dtree.c(1315): Comp split 27
INFO: dtree.c(1439): stop. leaf nodes are specific
INFO: dtree.c(1478): Final simple tree
|( QUESTION15 -1 -2.535e+04 2.786e+02 1.090e+02
|    ( QUESTION10 1 -1.187e+04 1.600e+02 5.192e+01
|        ( QUESTION17 -1 -5.276e+03 1.341e+02 2.333e+01
|            ( - -4.005e+02 1 0)
|            ( - -4.742e+03 1 0))
|        ( QUESTION17 -1 -6.433e+03 4.876e+02 2.859e+01
|            ( - 1.244e+02 1 0)
|            ( - -6.070e+03 1 0)))
|    ( QUESTION10 1 -1.320e+04 3.118e+02 5.712e+01
|        ( QUESTION0_1_R 1 -1.023e+04 2.527e+02 4.611e+01
|            ( - -6.442e+03 1 0)
|            ( - -3.540e+03 1 0))
|        ( - -2.658e+03 2 0)))
s>    ( QUESTION15 -1 -2.535e+04 2.786e+02 1.090e+02
s>        ( QUESTION10 1 -1.187e+04 1.600e+02 5.192e+01
s>            ( QUESTION17 -1 -5.276e+03 1.341e+02 2.333e+01
s>                ( - -4.005e+02 1 0)
s>                ( - -4.742e+03 1 0))
s>            ( QUESTION17 -1 -6.433e+03 4.876e+02 2.859e+01
s>                ( - 1.244e+02 1 0)
s>                ( - -6.070e+03 1 0)))
s>        ( QUESTION10 1 -1.320e+04 3.118e+02 5.712e+01
s>            ( QUESTION0_1_R 1 -1.023e+04 2.527e+02 4.611e+01
s>                ( - -6.442e+03 1 0)
s>                ( - -3.540e+03 1 0))
s>            ( - -2.658e+03 2 0)))INFO: dtree.c(1478): Final simple tree
|( QUESTION0_2_R 1 -1.040e+05 3.993e+02 4.718e+02
|    ( QUESTION14 -1 -4.848e+04 3.300e+02 2.215e+02
|        ( - -1.704e+04 1 0)
|        ( QUESTION17 -1 -3.111e+04 1.940e+02 1.412e+02
|            ( - -2.934e+03 2 0)
|            ( QUESTION0_3_R 1 -2.798e+04 1.795e+02 1.282e+02
|                ( - -2.688e+04 2 0)
|                ( - -9.175e+02 1 0))))
|    ( QUESTION14 -1 -5.512e+04 3.132e+02 2.503e+02
|        ( - -1.111e+04 3 0 QUESTION0_0_R 1 1.252e+02 5.161e+01)
|        ( QUESTION10 1 -4.370e+04 2.918e+02 1.987e+02
|            ( - -1.576e+04 3 0 QUESTION0 -1 1.574e+02 7.348e+01)
|            ( QUESTION12 -1 -2.765e+04 2.122e+02 1.252e+02
|                ( - -1.384e+04 3 0 QUESTION2_0_L -1 1.534e+02 6.069e+01)
|                ( - -1.360e+04 1 0)))))
s>    ( QUESTION0_2_R 1 -1.040e+05 3.993e+02 4.718e+02
s>        ( QUESTION14 -1 -4.848e+04 3.300e+02 2.215e+02
s>            ( - -1.704e+04 1 0)
s>            ( QUESTION17 -1 -3.111e+04 1.940e+02 1.412e+02
s>                ( - -2.934e+03 2 0)
s>                ( QUESTION0_3_R 1 -2.798e+04 1.795e+02 1.282e+02
s>                    ( - -2.688e+04 2 0)
s>                    ( - -9.175e+02 1 0))))
s>        ( QUESTION14 -1 -5.512e+04 3.132e+02 2.503e+02
s>            ( - -1.111e+04 3 0 QUESTION0_0_R 1 1.252e+02 5.161e+01)
s>            ( QUESTION10 1 -4.370e+04 2.918e+02 1.987e+02
s>                ( - -1.576e+04 3 0 QUESTION0 -1 1.574e+02 7.348e+01)
s>                ( QUESTION12 -1 -2.765e+04 2.122e+02 1.252e+02
s>                    ( - -1.384e+04 3 0 QUESTION2_0_L -1 1.534e+02 6.069e+01)
s>                    ( - -1.360e+04 1 0)))))INFO: dtree.c(1315): Comp split 28
INFO: dtree.c(1439): stop. leaf nodes are specific
INFO: dtree.c(1478): Final simple tree
|( QUESTION12 -1 -8.190e+04 1.797e+02 3.841e+02
|    ( - -5.185e+04 1 0)
|    ( - -2.987e+04 1 0))
s>    ( QUESTION12 -1 -8.190e+04 1.797e+02 3.841e+02
s>        ( - -5.185e+04 1 0)
s>        ( - -2.987e+04 1 0))INFO: dtree.c(1315): Comp split 29
INFO: dtree.c(1439): stop. leaf nodes are specific
INFO: dtree.c(1478): Final simple tree
|( QUESTION14 -1 -2.116e+05 3.007e+02 9.521e+02
|    ( - -1.297e+05 1 0)
|    ( - -8.153e+04 1 0))
s>    ( QUESTION14 -1 -2.116e+05 3.007e+02 9.521e+02
s>        ( - -1.297e+05 1 0)
s>        ( - -8.153e+04 1 0))INFO: dtree.c(1315): Comp split 30
INFO: dtree.c(1439): stop. leaf nodes are specific
INFO: dtree.c(1478): Final simple tree
|( QUESTION15 -1 -2.500e+04 2.798e+02 1.080e+02
|    ( QUESTION10 1 -1.151e+04 1.662e+02 5.092e+01
|        ( QUESTION17 -1 -5.276e+03 1.341e+02 2.333e+01
|            ( - -4.005e+02 1 0)
|            ( - -4.742e+03 1 0))
|        ( - -6.070e+03 1 0))
|    ( QUESTION10 1 -1.320e+04 3.118e+02 5.712e+01
|        ( QUESTION0_1_R 1 -1.023e+04 2.527e+02 4.611e+01
|            ( - -6.442e+03 1 0)
|            ( - -3.540e+03 1 0))
|        ( - -2.658e+03 2 0)))
s>    ( QUESTION15 -1 -2.500e+04 2.798e+02 1.080e+02
s>        ( QUESTION10 1 -1.151e+04 1.662e+02 5.092e+01
s>            ( QUESTION17 -1 -5.276e+03 1.341e+02 2.333e+01
s>                ( - -4.005e+02 1 0)
s>                ( - -4.742e+03 1 0))
s>            ( - -6.070e+03 1 0))
s>        ( QUESTION10 1 -1.320e+04 3.118e+02 5.712e+01
s>            ( QUESTION0_1_R 1 -1.023e+04 2.527e+02 4.611e+01
s>                ( - -6.442e+03 1 0)
s>                ( - -3.540e+03 1 0))
s>            ( - -2.658e+03 2 0)))INFO: dtree.c(1315): Comp split 31
INFO: dtree.c(1439): stop. leaf nodes are specific
INFO: dtree.c(1478): Final simple tree
|( QUESTION0 -1 -1.372e+05 3.698e+02 5.724e+02
|    ( QUESTION0_14_R 1 -1.155e+05 1.234e+02 4.814e+02
|        ( - -1.148e+05 1 0)
|        ( - -6.197e+02 1 0))
|    ( QUESTION10 -1 -2.132e+04 1.603e+02 9.105e+01
|        ( - -1.736e+03 1 0)
|        ( QUESTION12 -1 -1.942e+04 8.594e+01 8.291e+01
|            ( - -4.617e+02 1 0)
|            ( - -1.888e+04 1 0))))
s>    ( QUESTION0 -1 -1.372e+05 3.698e+02 5.724e+02
s>        ( QUESTION0_14_R 1 -1.155e+05 1.234e+02 4.814e+02
s>            ( - -1.148e+05 1 0)
s>            ( - -6.197e+02 1 0))
s>        ( QUESTION10 -1 -2.132e+04 1.603e+02 9.105e+01
s>            ( - -1.736e+03 1 0)
s>            ( QUESTION12 -1 -1.942e+04 8.594e+01 8.291e+01
s>                ( - -4.617e+02 1 0)
s>                ( - -1.888e+04 1 0))))INFO: dtree.c(1315): Comp split 32
INFO: dtree.c(1439): stop. leaf nodes are specific
INFO: dtree.c(1478): Final simple tree
|( QUESTION15 -1 -1.821e+05 4.446e+02 7.604e+02
|    ( - -3.910e+04 3 0)
|    ( QUESTION0_14_R 1 -1.425e+05 1.625e+02 5.943e+02
|        ( QUESTION0 -1 -1.401e+05 1.316e+02 5.843e+02
|            ( - -1.320e+05 6 0)
|            ( - -7.985e+03 1 0))
|        ( - -2.297e+03 1 0)))
s>    ( QUESTION15 -1 -1.821e+05 4.446e+02 7.604e+02
s>        ( - -3.910e+04 3 0)
s>        ( QUESTION0_14_R 1 -1.425e+05 1.625e+02 5.943e+02
s>            ( QUESTION0 -1 -1.401e+05 1.316e+02 5.843e+02
s>                ( - -1.320e+05 6 0)
s>                ( - -7.985e+03 1 0))
s>            ( - -2.297e+03 1 0)))INFO: dtree.c(1315): Comp split 33
INFO: dtree.c(1439): stop. leaf nodes are specific
INFO: dtree.c(1478): Final simple tree
|( QUESTION14 -1 -3.181e+04 1.550e+02 1.545e+02
|    ( - -2.100e+04 1 0)
|    ( - -1.065e+04 2 0))
s>    ( QUESTION14 -1 -3.181e+04 1.550e+02 1.545e+02
s>        ( - -2.100e+04 1 0)
s>        ( - -1.065e+04 2 0))INFO: dtree.c(1315): Comp split 34
INFO: dtree.c(1478): Final simple tree
|( QUESTION10 -1 -5.516e+04 4.501e+02 2.297e+02
|    ( - 1.650e+02 1 0)
|    ( QUESTION0_9_R 1 -5.487e+04 3.871e+02 2.287e+02
|        ( QUESTION0 -1 -2.620e+04 1.866e+02 1.120e+02
|            ( - -2.460e+04 2 0)
|            ( - -1.408e+03 1 0))
|        ( WDBNDRY_E 0 -2.829e+04 2.131e+02 1.167e+02
|            ( QUESTION0_16_R 1 -1.029e+04 1.455e+02 4.316e+01
|                ( - -9.252e+03 3 0 QUESTION14 -1 1.340e+02 3.916e+01)
|                ( - -8.879e+02 1 0))
|            ( QUESTION0 -1 -1.779e+04 2.666e+02 7.352e+01
|                ( - -5.415e+03 2 0)
|                ( QUESTION0_0_R 1 -1.211e+04 2.263e+02 4.957e+01
|                    ( - -1.144e+04 1 0)
|                    ( - -4.479e+02 1 0))))))
s>    ( QUESTION10 -1 -5.516e+04 4.501e+02 2.297e+02
s>        ( - 1.650e+02 1 0)
s>        ( QUESTION0_9_R 1 -5.487e+04 3.871e+02 2.287e+02
s>            ( QUESTION0 -1 -2.620e+04 1.866e+02 1.120e+02
s>                ( - -2.460e+04 2 0)
s>                ( - -1.408e+03 1 0))
s>            ( WDBNDRY_E 0 -2.829e+04 2.131e+02 1.167e+02
s>                ( QUESTION0_16_R 1 -1.029e+04 1.455e+02 4.316e+01
s>                    ( - -9.252e+03 3 0 QUESTION14 -1 1.340e+02 3.916e+01)
s>                    ( - -8.879e+02 1 0))
s>                ( QUESTION0 -1 -1.779e+04 2.666e+02 7.352e+01
s>                    ( - -5.415e+03 2 0)
s>                    ( QUESTION0_0_R 1 -1.211e+04 2.263e+02 4.957e+01
s>                        ( - -1.144e+04 1 0)
s>                        ( - -4.479e+02 1 0))))))INFO: dtree.c(1315): Comp split 35
INFO: dtree.c(1478): Final simple tree
|( QUESTION0_9_R 1 -5.487e+04 3.871e+02 2.287e+02
|    ( QUESTION0 -1 -2.620e+04 1.866e+02 1.120e+02
|        ( - -2.460e+04 2 0)
|        ( - -1.408e+03 1 0))
|    ( WDBNDRY_E 0 -2.829e+04 2.131e+02 1.167e+02
|        ( QUESTION0_16_R 1 -1.029e+04 1.455e+02 4.316e+01
|            ( QUESTION14 -1 -9.252e+03 1.340e+02 3.916e+01
|                ( - -7.655e+03 1 0)
|                ( - -1.464e+03 2 0 QUESTION0 -1 1.145e+02 5.944e+00))
|            ( - -8.879e+02 1 0))
|        ( QUESTION0 -1 -1.779e+04 2.666e+02 7.352e+01
|            ( - -5.415e+03 2 0)
|            ( QUESTION0_0_R 1 -1.211e+04 2.263e+02 4.957e+01
|                ( - -1.144e+04 1 0)
|                ( - -4.479e+02 1 0)))))
s>    ( QUESTION0_9_R 1 -5.487e+04 3.871e+02 2.287e+02
s>        ( QUESTION0 -1 -2.620e+04 1.866e+02 1.120e+02
s>            ( - -2.460e+04 2 0)
s>            ( - -1.408e+03 1 0))
s>        ( WDBNDRY_E 0 -2.829e+04 2.131e+02 1.167e+02
s>            ( QUESTION0_16_R 1 -1.029e+04 1.455e+02 4.316e+01
s>                ( QUESTION14 -1 -9.252e+03 1.340e+02 3.916e+01
s>                    ( - -7.655e+03 1 0)
s>                    ( - -1.464e+03 2 0 QUESTION0 -1 1.145e+02 5.944e+00))
s>                ( - -8.879e+02 1 0))
s>            ( QUESTION0 -1 -1.779e+04 2.666e+02 7.352e+01
s>                ( - -5.415e+03 2 0)
s>                ( QUESTION0_0_R 1 -1.211e+04 2.263e+02 4.957e+01
s>                    ( - -1.144e+04 1 0)
s>                    ( - -4.479e+02 1 0)))))INFO: dtree.c(1315): Comp split 36
INFO: dtree.c(1439): stop. leaf nodes are specific
INFO: dtree.c(1478): Final simple tree
|( QUESTION0_14_R 1 -1.425e+05 1.625e+02 5.943e+02
|    ( QUESTION0 -1 -1.401e+05 1.316e+02 5.843e+02
|        ( - -1.320e+05 6 0)
|        ( - -7.985e+03 1 0))
|    ( - -2.297e+03 1 0))
s>    ( QUESTION0_14_R 1 -1.425e+05 1.625e+02 5.943e+02
s>        ( QUESTION0 -1 -1.401e+05 1.316e+02 5.843e+02
s>            ( - -1.320e+05 6 0)
s>            ( - -7.985e+03 1 0))
s>        ( - -2.297e+03 1 0))INFO: dtree.c(1315): Comp split 37
INFO: dtree.c(1478): Final simple tree
|( QUESTION14 -1 -5.822e+04 3.200e+02 2.633e+02
|    ( - -1.111e+04 3 0 QUESTION0_0_R 1 1.252e+02 5.161e+01)
|    ( QUESTION10 1 -4.679e+04 2.952e+02 2.117e+02
|        ( QUESTION0 -1 -1.884e+04 1.600e+02 8.648e+01
|            ( - -1.782e+03 1 0)
|            ( QUESTION2_1_L -1 -1.690e+04 1.544e+02 7.748e+01
|                ( - -1.316e+04 1 0)
|                ( QUESTION0_1_R 1 -3.586e+03 1.433e+02 1.500e+01
|                    ( - -5.094e+02 1 0)
|                    ( - -2.934e+03 2 0))))
|        ( QUESTION12 -1 -2.765e+04 2.122e+02 1.252e+02
|            ( QUESTION2_0_L -1 -1.384e+04 1.534e+02 6.069e+01
|                ( - -7.753e+02 1 0)
|                ( - -1.291e+04 2 0))
|            ( - -1.360e+04 1 0))))
s>    ( QUESTION14 -1 -5.822e+04 3.200e+02 2.633e+02
s>        ( - -1.111e+04 3 0 QUESTION0_0_R 1 1.252e+02 5.161e+01)
s>        ( QUESTION10 1 -4.679e+04 2.952e+02 2.117e+02
s>            ( QUESTION0 -1 -1.884e+04 1.600e+02 8.648e+01
s>                ( - -1.782e+03 1 0)
s>                ( QUESTION2_1_L -1 -1.690e+04 1.544e+02 7.748e+01
s>                    ( - -1.316e+04 1 0)
s>                    ( QUESTION0_1_R 1 -3.586e+03 1.433e+02 1.500e+01
s>                        ( - -5.094e+02 1 0)
s>                        ( - -2.934e+03 2 0))))
s>            ( QUESTION12 -1 -2.765e+04 2.122e+02 1.252e+02
s>                ( QUESTION2_0_L -1 -1.384e+04 1.534e+02 6.069e+01
s>                    ( - -7.753e+02 1 0)
s>                    ( - -1.291e+04 2 0))
s>                ( - -1.360e+04 1 0))))INFO: dtree.c(1439): stop. leaf nodes are specific
INFO: dtree.c(1478): Final simple tree
|( QUESTION14 -1 -4.535e+04 3.344e+02 2.085e+02
|    ( - -1.704e+04 1 0)
|    ( QUESTION0_3_R 1 -2.798e+04 1.795e+02 1.282e+02
|        ( - -2.688e+04 2 0)
|        ( - -9.175e+02 1 0)))
s>    ( QUESTION14 -1 -4.535e+04 3.344e+02 2.085e+02
s>        ( - -1.704e+04 1 0)
s>        ( QUESTION0_3_R 1 -2.798e+04 1.795e+02 1.282e+02
s>            ( - -2.688e+04 2 0)
s>            ( - -9.175e+02 1 0)))INFO: dtree.c(1315): Comp split 38
INFO: dtree.c(1315): Comp split 39
INFO: dtree.c(1439): stop. leaf nodes are specific
INFO: dtree.c(1478): Final simple tree
|( QUESTION0_0_R 1 -2.180e+05 3.536e+02 1.062e+03
|    ( QUESTION0 -1 -1.956e+05 3.372e+02 9.481e+02
|        ( - -1.926e+05 3 0)
|        ( - -2.647e+03 1 0))
|    ( - -2.204e+04 1 0))
s>    ( QUESTION0_0_R 1 -2.180e+05 3.536e+02 1.062e+03
s>        ( QUESTION0 -1 -1.956e+05 3.372e+02 9.481e+02
s>            ( - -1.926e+05 3 0)
s>            ( - -2.647e+03 1 0))
s>        ( - -2.204e+04 1 0))INFO: dtree.c(1315): Comp split 40
INFO: dtree.c(1439): stop. leaf nodes are specific
INFO: dtree.c(1478): Final simple tree
|( QUESTION2_0_L -1 -3.949e+04 2.567e+02 1.848e+02
|    ( QUESTION0 1 -3.108e+04 2.491e+02 1.448e+02
|        ( - -1.327e+04 1 0)
|        ( - -1.756e+04 2 0))
|    ( - -8.152e+03 1 0))
s>    ( QUESTION2_0_L -1 -3.949e+04 2.567e+02 1.848e+02
s>        ( QUESTION0 1 -3.108e+04 2.491e+02 1.448e+02
s>            ( - -1.327e+04 1 0)
s>            ( - -1.756e+04 2 0))
s>        ( - -8.152e+03 1 0))INFO: dtree.c(1439): stop. leaf nodes are specific
INFO: dtree.c(1478): Final simple tree
|( QUESTION2_13_L -1 -3.044e+05 1.488e+02 1.386e+03
|    ( - -1.649e+03 1 0)
|    ( - -3.026e+05 7 0))
s>    ( QUESTION2_13_L -1 -3.044e+05 1.488e+02 1.386e+03
s>        ( - -1.649e+03 1 0)
s>        ( - -3.026e+05 7 0))INFO: dtree.c(1315): Comp split 41
INFO: dtree.c(1439): stop. leaf nodes are specific
INFO: dtree.c(1478): Final simple tree
|( WDBNDRY_E 0 -2.726e+04 2.150e+02 1.127e+02
|    ( QUESTION14 -1 -9.252e+03 1.340e+02 3.916e+01
|        ( - -7.655e+03 1 0)
|        ( QUESTION0 -1 -1.464e+03 1.145e+02 5.944e+00
|            ( - -4.017e+02 1 0)
|            ( - -9.475e+02 1 0)))
|    ( QUESTION0 -1 -1.779e+04 2.666e+02 7.352e+01
|        ( - -5.415e+03 2 0)
|        ( QUESTION0_0_R 1 -1.211e+04 2.263e+02 4.957e+01
|            ( - -1.144e+04 1 0)
|            ( - -4.479e+02 1 0))))
s>    ( WDBNDRY_E 0 -2.726e+04 2.150e+02 1.127e+02
s>        ( QUESTION14 -1 -9.252e+03 1.340e+02 3.916e+01
s>            ( - -7.655e+03 1 0)
s>            ( QUESTION0 -1 -1.464e+03 1.145e+02 5.944e+00
s>                ( - -4.017e+02 1 0)
s>                ( - -9.475e+02 1 0)))
s>        ( QUESTION0 -1 -1.779e+04 2.666e+02 7.352e+01
s>            ( - -5.415e+03 2 0)
s>            ( QUESTION0_0_R 1 -1.211e+04 2.263e+02 4.957e+01
s>                ( - -1.144e+04 1 0)
s>                ( - -4.479e+02 1 0))))INFO: dtree.c(1439): stop. leaf nodes are specific
INFO: dtree.c(1478): Final simple tree
|( QUESTION0 -1 -2.721e+04 1.863e+02 1.160e+02
|    ( WDBNDRY_E 0 -2.562e+04 1.278e+02 1.100e+02
|        ( - -8.879e+02 1 0)
|        ( - -2.460e+04 2 0))
|    ( - -1.408e+03 1 0))
s>    ( QUESTION0 -1 -2.721e+04 1.863e+02 1.160e+02
s>        ( WDBNDRY_E 0 -2.562e+04 1.278e+02 1.100e+02
s>            ( - -8.879e+02 1 0)
s>            ( - -2.460e+04 2 0))
s>        ( - -1.408e+03 1 0))INFO: dtree.c(1315): Comp split 42
INFO: dtree.c(1439): stop. leaf nodes are specific
INFO: dtree.c(1478): Final simple tree
|( QUESTION0_0_R 1 -3.285e+04 2.810e+02 1.664e+02
|    ( - -7.894e+03 1 0)
|    ( - -2.467e+04 1 0))
s>    ( QUESTION0_0_R 1 -3.285e+04 2.810e+02 1.664e+02
s>        ( - -7.894e+03 1 0)
s>        ( - -2.467e+04 1 0))INFO: dtree.c(1315): Comp split 43
INFO: dtree.c(1439): stop. leaf nodes are specific
INFO: dtree.c(1478): Final simple tree
|( QUESTION10 -1 -2.132e+04 1.603e+02 9.105e+01
|    ( - -1.736e+03 1 0)
|    ( QUESTION12 -1 -1.942e+04 8.594e+01 8.291e+01
|        ( - -4.617e+02 1 0)
|        ( - -1.888e+04 1 0)))
s>    ( QUESTION10 -1 -2.132e+04 1.603e+02 9.105e+01
s>        ( - -1.736e+03 1 0)
s>        ( QUESTION12 -1 -1.942e+04 8.594e+01 8.291e+01
s>            ( - -4.617e+02 1 0)
s>            ( - -1.888e+04 1 0)))INFO: dtree.c(1439): stop. leaf nodes are specific
INFO: dtree.c(1478): Final simple tree
|( QUESTION0_14_R 1 -1.155e+05 1.234e+02 4.814e+02
|    ( - -1.148e+05 1 0)
|    ( - -6.197e+02 1 0))
s>    ( QUESTION0_14_R 1 -1.155e+05 1.234e+02 4.814e+02
s>        ( - -1.148e+05 1 0)
s>        ( - -6.197e+02 1 0))INFO: dtree.c(1315): Comp split 44
INFO: dtree.c(1439): stop. leaf nodes are specific
INFO: dtree.c(1478): Final simple tree
|( QUESTION0 -1 -1.956e+05 3.372e+02 9.481e+02
|    ( - -1.926e+05 3 0)
|    ( - -2.647e+03 1 0))
s>    ( QUESTION0 -1 -1.956e+05 3.372e+02 9.481e+02
s>        ( - -1.926e+05 3 0)
s>        ( - -2.647e+03 1 0))INFO: dtree.c(1315): Comp split 45
INFO: dtree.c(1315): Comp split 46
INFO: dtree.c(1439): stop. leaf nodes are specific
INFO: dtree.c(1478): Final simple tree
|( QUESTION0_3_R 1 -2.798e+04 1.795e+02 1.282e+02
|    ( - -2.688e+04 2 0)
|    ( - -9.175e+02 1 0))
s>    ( QUESTION0_3_R 1 -2.798e+04 1.795e+02 1.282e+02
s>        ( - -2.688e+04 2 0)
s>        ( - -9.175e+02 1 0))INFO: dtree.c(1315): Comp split 47
INFO: dtree.c(1439): stop. leaf nodes are specific
INFO: dtree.c(1478): Final simple tree
|( WDBNDRY_E 0 -1.549e+04 1.707e+02 6.610e+01
|    ( QUESTION14 -1 -9.252e+03 1.340e+02 3.916e+01
|        ( - -7.655e+03 1 0)
|        ( QUESTION0 -1 -1.464e+03 1.145e+02 5.944e+00
|            ( - -4.017e+02 1 0)
|            ( - -9.475e+02 1 0)))
|    ( QUESTION0_0_R 1 -6.067e+03 2.039e+02 2.695e+01
|        ( - -5.415e+03 2 0)
|        ( - -4.479e+02 1 0)))
s>    ( WDBNDRY_E 0 -1.549e+04 1.707e+02 6.610e+01
s>        ( QUESTION14 -1 -9.252e+03 1.340e+02 3.916e+01
s>            ( - -7.655e+03 1 0)
s>            ( QUESTION0 -1 -1.464e+03 1.145e+02 5.944e+00
s>                ( - -4.017e+02 1 0)
s>                ( - -9.475e+02 1 0)))
s>        ( QUESTION0_0_R 1 -6.067e+03 2.039e+02 2.695e+01
s>            ( - -5.415e+03 2 0)
s>            ( - -4.479e+02 1 0)))INFO: dtree.c(1315): Comp split 48
INFO: dtree.c(1439): stop. leaf nodes are specific
INFO: dtree.c(1478): Final simple tree
|( QUESTION10 1 -2.454e+04 2.692e+02 1.141e+02
|    ( - -1.316e+04 1 0)
|    ( QUESTION0_0_R 1 -1.111e+04 1.252e+02 5.161e+01
|        ( - -1.027e+04 2 0)
|        ( - -7.148e+02 1 0)))
s>    ( QUESTION10 1 -2.454e+04 2.692e+02 1.141e+02
s>        ( - -1.316e+04 1 0)
s>        ( QUESTION0_0_R 1 -1.111e+04 1.252e+02 5.161e+01
s>            ( - -1.027e+04 2 0)
s>            ( - -7.148e+02 1 0)))INFO: dtree.c(1439): stop. leaf nodes are specific
INFO: dtree.c(1478): Final simple tree
|( QUESTION2_14_L -1 -3.335e+04 2.264e+02 1.492e+02
|    ( - -1.360e+04 1 0)
|    ( QUESTION0 -1 -1.953e+04 1.613e+02 8.469e+01
|        ( - -1.782e+03 1 0)
|        ( QUESTION10 1 -1.758e+04 1.561e+02 7.569e+01
|            ( QUESTION0_1_R 1 -3.586e+03 1.433e+02 1.500e+01
|                ( - -5.094e+02 1 0)
|                ( - -2.934e+03 2 0))
|            ( QUESTION2_0_L -1 -1.384e+04 1.534e+02 6.069e+01
|                ( - -7.753e+02 1 0)
|                ( - -1.291e+04 2 0)))))
s>    ( QUESTION2_14_L -1 -3.335e+04 2.264e+02 1.492e+02
s>        ( - -1.360e+04 1 0)
s>        ( QUESTION0 -1 -1.953e+04 1.613e+02 8.469e+01
s>            ( - -1.782e+03 1 0)
s>            ( QUESTION10 1 -1.758e+04 1.561e+02 7.569e+01
s>                ( QUESTION0_1_R 1 -3.586e+03 1.433e+02 1.500e+01
s>                    ( - -5.094e+02 1 0)
s>                    ( - -2.934e+03 2 0))
s>                ( QUESTION2_0_L -1 -1.384e+04 1.534e+02 6.069e+01
s>                    ( - -7.753e+02 1 0)
s>                    ( - -1.291e+04 2 0)))))INFO: dtree.c(1315): Comp split 49
INFO: dtree.c(1439): stop. leaf nodes are specific
INFO: dtree.c(1478): Final simple tree
|( QUESTION0_1_R 1 -6.688e+03 1.208e+02 2.996e+01
|    ( - -5.441e+03 1 0)
|    ( - -1.127e+03 1 0))
s>    ( QUESTION0_1_R 1 -6.688e+03 1.208e+02 2.996e+01
s>        ( - -5.441e+03 1 0)
s>        ( - -1.127e+03 1 0))INFO: dtree.c(1439): stop. leaf nodes are specific
INFO: dtree.c(1478): Final simple tree
|( QUESTION0_1_R 1 -6.483e+04 1.525e+02 2.863e+02
|    ( QUESTION0 -1 -6.434e+04 1.334e+02 2.843e+02
|        ( - -1.160e+03 2 0)
|        ( - -6.304e+04 1 0))
|    ( - -3.369e+02 1 0))
s>    ( QUESTION0_1_R 1 -6.483e+04 1.525e+02 2.863e+02
s>        ( QUESTION0 -1 -6.434e+04 1.334e+02 2.843e+02
s>            ( - -1.160e+03 2 0)
s>            ( - -6.304e+04 1 0))
s>        ( - -3.369e+02 1 0))INFO: dtree.c(1315): Comp split 50
INFO: dtree.c(1439): stop. leaf nodes are specific
INFO: dtree.c(1478): Final simple tree
|( QUESTION0_1_R 1 -1.023e+04 2.527e+02 4.611e+01
|    ( - -6.442e+03 1 0)
|    ( - -3.540e+03 1 0))
s>    ( QUESTION0_1_R 1 -1.023e+04 2.527e+02 4.611e+01
s>        ( - -6.442e+03 1 0)
s>        ( - -3.540e+03 1 0))INFO: dtree.c(1439): stop. leaf nodes are specific
INFO: dtree.c(1478): Final simple tree
|( QUESTION14 -1 -1.446e+04 2.856e+02 6.192e+01
|    ( - -2.658e+03 2 0)
|    ( QUESTION10 1 -1.151e+04 1.662e+02 5.092e+01
|        ( QUESTION17 -1 -5.276e+03 1.341e+02 2.333e+01
|            ( - -4.005e+02 1 0)
|            ( - -4.742e+03 1 0))
|        ( - -6.070e+03 1 0)))
s>    ( QUESTION14 -1 -1.446e+04 2.856e+02 6.192e+01
s>        ( - -2.658e+03 2 0)
s>        ( QUESTION10 1 -1.151e+04 1.662e+02 5.092e+01
s>            ( QUESTION17 -1 -5.276e+03 1.341e+02 2.333e+01
s>                ( - -4.005e+02 1 0)
s>                ( - -4.742e+03 1 0))
s>            ( - -6.070e+03 1 0)))INFO: dtree.c(1315): Comp split 51
INFO: dtree.c(1315): Comp split 52
INFO: dtree.c(1439): stop. leaf nodes are specific
INFO: dtree.c(1478): Final simple tree
|( QUESTION0 1 -2.592e+04 2.055e+02 1.222e+02
|    ( - -8.152e+03 1 0)
|    ( - -1.756e+04 2 0))
s>    ( QUESTION0 1 -2.592e+04 2.055e+02 1.222e+02
s>        ( - -8.152e+03 1 0)
s>        ( - -1.756e+04 2 0))INFO: dtree.c(1315): Comp split 53
INFO: dtree.c(1315): Comp split 54
INFO: dtree.c(1439): stop. leaf nodes are specific
INFO: dtree.c(1478): Final simple tree
|( QUESTION10 1 -1.151e+04 1.662e+02 5.092e+01
|    ( QUESTION17 -1 -5.276e+03 1.341e+02 2.333e+01
|        ( - -4.005e+02 1 0)
|        ( - -4.742e+03 1 0))
|    ( - -6.070e+03 1 0))
s>    ( QUESTION10 1 -1.151e+04 1.662e+02 5.092e+01
s>        ( QUESTION17 -1 -5.276e+03 1.341e+02 2.333e+01
s>            ( - -4.005e+02 1 0)
s>            ( - -4.742e+03 1 0))
s>        ( - -6.070e+03 1 0))INFO: dtree.c(1315): Comp split 55
INFO: dtree.c(1439): stop. leaf nodes are specific
INFO: dtree.c(1478): Final simple tree
|( QUESTION0_0_R 1 -1.398e+04 1.127e+02 6.548e+01
|    ( - -1.316e+04 1 0)
|    ( - -7.148e+02 1 0))
s>    ( QUESTION0_0_R 1 -1.398e+04 1.127e+02 6.548e+01
s>        ( - -1.316e+04 1 0)
s>        ( - -7.148e+02 1 0))INFO: dtree.c(1315): Comp split 56
INFO: dtree.c(1315): Comp split 57
INFO: dtree.c(1315): Comp split 58
INFO: dtree.c(1439): stop. leaf nodes are specific
INFO: dtree.c(1478): Final simple tree
|( QUESTION2_11_L -1 -2.352e+04 2.041e+02 9.833e+01
|    ( - -7.484e+03 1 0)
|    ( WDBNDRY_B 0 -1.583e+04 1.612e+02 6.678e+01
|        ( - -9.693e+02 1 0)
|        ( QUESTION2_9_L -1 -1.470e+04 1.470e+02 6.178e+01
|            ( - -4.357e+03 1 0)
|            ( QUESTION10 -1 -1.019e+04 9.791e+01 4.297e+01
|                ( - -7.060e+03 1 0)
|                ( - -3.035e+03 2 0)))))
s>    ( QUESTION2_11_L -1 -2.352e+04 2.041e+02 9.833e+01
s>        ( - -7.484e+03 1 0)
s>        ( WDBNDRY_B 0 -1.583e+04 1.612e+02 6.678e+01
s>            ( - -9.693e+02 1 0)
s>            ( QUESTION2_9_L -1 -1.470e+04 1.470e+02 6.178e+01
s>                ( - -4.357e+03 1 0)
s>                ( QUESTION10 -1 -1.019e+04 9.791e+01 4.297e+01
s>                    ( - -7.060e+03 1 0)
s>                    ( - -3.035e+03 2 0)))))INFO: dtree.c(1439): stop. leaf nodes are specific
INFO: dtree.c(1478): Final simple tree
|( QUESTION2_20_L -1 -8.438e+04 1.824e+02 3.554e+02
|    ( - -1.072e+04 2 0)
|    ( WDBNDRY_B 0 -7.348e+04 1.146e+02 3.103e+02
|        ( - -4.306e+02 1 0)
|        ( - -7.293e+04 1 0)))
s>    ( QUESTION2_20_L -1 -8.438e+04 1.824e+02 3.554e+02
s>        ( - -1.072e+04 2 0)
s>        ( WDBNDRY_B 0 -7.348e+04 1.146e+02 3.103e+02
s>            ( - -4.306e+02 1 0)
s>            ( - -7.293e+04 1 0)))INFO: dtree.c(1315): Comp split 59
INFO: dtree.c(1315): Comp split 60
INFO: dtree.c(1315): Comp split 61
INFO: dtree.c(1315): Comp split 62
INFO: dtree.c(1439): stop. leaf nodes are specific
INFO: dtree.c(1478): Final simple tree
|( QUESTION0 -1 -1.953e+04 1.613e+02 8.469e+01
|    ( - -1.782e+03 1 0)
|    ( QUESTION10 1 -1.758e+04 1.561e+02 7.569e+01
|        ( QUESTION0_1_R 1 -3.586e+03 1.433e+02 1.500e+01
|            ( - -5.094e+02 1 0)
|            ( - -2.934e+03 2 0))
|        ( QUESTION2_0_L -1 -1.384e+04 1.534e+02 6.069e+01
|            ( - -7.753e+02 1 0)
|            ( - -1.291e+04 2 0))))
s>    ( QUESTION0 -1 -1.953e+04 1.613e+02 8.469e+01
s>        ( - -1.782e+03 1 0)
s>        ( QUESTION10 1 -1.758e+04 1.561e+02 7.569e+01
s>            ( QUESTION0_1_R 1 -3.586e+03 1.433e+02 1.500e+01
s>                ( - -5.094e+02 1 0)
s>                ( - -2.934e+03 2 0))
s>            ( QUESTION2_0_L -1 -1.384e+04 1.534e+02 6.069e+01
s>                ( - -7.753e+02 1 0)
s>                ( - -1.291e+04 2 0))))INFO: dtree.c(1315): Comp split 63
INFO: dtree.c(1315): Comp split 64
INFO: dtree.c(1439): stop. leaf nodes are specific
INFO: dtree.c(1478): Final simple tree
|( WDBNDRY_E 0 -1.483e+04 1.642e+02 6.310e+01
|    ( QUESTION14 -1 -9.252e+03 1.340e+02 3.916e+01
|        ( - -7.655e+03 1 0)
|        ( QUESTION0 -1 -1.464e+03 1.145e+02 5.944e+00
|            ( - -4.017e+02 1 0)
|            ( - -9.475e+02 1 0)))
|    ( - -5.415e+03 2 0))
s>    ( WDBNDRY_E 0 -1.483e+04 1.642e+02 6.310e+01
s>        ( QUESTION14 -1 -9.252e+03 1.340e+02 3.916e+01
s>            ( - -7.655e+03 1 0)
s>            ( QUESTION0 -1 -1.464e+03 1.145e+02 5.944e+00
s>                ( - -4.017e+02 1 0)
s>                ( - -9.475e+02 1 0)))
s>        ( - -5.415e+03 2 0))INFO: dtree.c(1315): Comp split 65
INFO: dtree.c(1315): Comp split 66
INFO: dtree.c(1439): stop. leaf nodes are specific
INFO: dtree.c(1478): Final simple tree
|( WDBNDRY_B 0 -1.583e+04 1.612e+02 6.678e+01
|    ( - -9.693e+02 1 0)
|    ( QUESTION2_9_L -1 -1.470e+04 1.470e+02 6.178e+01
|        ( - -4.357e+03 1 0)
|        ( QUESTION10 -1 -1.019e+04 9.791e+01 4.297e+01
|            ( - -7.060e+03 1 0)
|            ( - -3.035e+03 2 0))))
s>    ( WDBNDRY_B 0 -1.583e+04 1.612e+02 6.678e+01
s>        ( - -9.693e+02 1 0)
s>        ( QUESTION2_9_L -1 -1.470e+04 1.470e+02 6.178e+01
s>            ( - -4.357e+03 1 0)
s>            ( QUESTION10 -1 -1.019e+04 9.791e+01 4.297e+01
s>                ( - -7.060e+03 1 0)
s>                ( - -3.035e+03 2 0))))INFO: dtree.c(1315): Comp split 67
INFO: dtree.c(1439): stop. leaf nodes are specific
INFO: dtree.c(1478): Final simple tree
|( WDBNDRY_E 0 -2.562e+04 1.278e+02 1.100e+02
|    ( - -8.879e+02 1 0)
|    ( - -2.460e+04 2 0))
s>    ( WDBNDRY_E 0 -2.562e+04 1.278e+02 1.100e+02
s>        ( - -8.879e+02 1 0)
s>        ( - -2.460e+04 2 0))INFO: dtree.c(1315): Comp split 68
INFO: dtree.c(1439): stop. leaf nodes are specific
INFO: dtree.c(1478): Final simple tree
|( WDBNDRY_B 0 -7.348e+04 1.146e+02 3.103e+02
|    ( - -4.306e+02 1 0)
|    ( - -7.293e+04 1 0))
s>    ( WDBNDRY_B 0 -7.348e+04 1.146e+02 3.103e+02
s>        ( - -4.306e+02 1 0)
s>        ( - -7.293e+04 1 0))INFO: dtree.c(1315): Comp split 69
INFO: dtree.c(1315): Comp split 70
INFO: dtree.c(1315): Comp split 71
INFO: dtree.c(1439): stop. leaf nodes are specific
INFO: dtree.c(1478): Final simple tree
|( QUESTION17 -1 -5.276e+03 1.341e+02 2.333e+01
|    ( - -4.005e+02 1 0)
|    ( - -4.742e+03 1 0))
s>    ( QUESTION17 -1 -5.276e+03 1.341e+02 2.333e+01
s>        ( - -4.005e+02 1 0)
s>        ( - -4.742e+03 1 0))INFO: dtree.c(1315): Comp split 72
INFO: dtree.c(1439): stop. leaf nodes are specific
INFO: dtree.c(1478): Final simple tree
|( QUESTION14 -1 -9.252e+03 1.340e+02 3.916e+01
|    ( - -7.655e+03 1 0)
|    ( QUESTION0 -1 -1.464e+03 1.145e+02 5.944e+00
|        ( - -4.017e+02 1 0)
|        ( - -9.475e+02 1 0)))
s>    ( QUESTION14 -1 -9.252e+03 1.340e+02 3.916e+01
s>        ( - -7.655e+03 1 0)
s>        ( QUESTION0 -1 -1.464e+03 1.145e+02 5.944e+00
s>            ( - -4.017e+02 1 0)
s>            ( - -9.475e+02 1 0)))INFO: dtree.c(1315): Comp split 73
INFO: dtree.c(1439): stop. leaf nodes are specific
INFO: dtree.c(1478): Final simple tree
|( QUESTION0 -1 -1.401e+05 1.316e+02 5.843e+02
|    ( - -1.320e+05 6 0)
|    ( - -7.985e+03 1 0))
s>    ( QUESTION0 -1 -1.401e+05 1.316e+02 5.843e+02
s>        ( - -1.320e+05 6 0)
s>        ( - -7.985e+03 1 0))INFO: dtree.c(1315): Comp split 74
INFO: dtree.c(1439): stop. leaf nodes are specific
INFO: dtree.c(1478): Final simple tree
|( QUESTION10 1 -1.758e+04 1.561e+02 7.569e+01
|    ( QUESTION0_1_R 1 -3.586e+03 1.433e+02 1.500e+01
|        ( - -5.094e+02 1 0)
|        ( - -2.934e+03 2 0))
|    ( QUESTION2_0_L -1 -1.384e+04 1.534e+02 6.069e+01
|        ( - -7.753e+02 1 0)
|        ( - -1.291e+04 2 0)))
s>    ( QUESTION10 1 -1.758e+04 1.561e+02 7.569e+01
s>        ( QUESTION0_1_R 1 -3.586e+03 1.433e+02 1.500e+01
s>            ( - -5.094e+02 1 0)
s>            ( - -2.934e+03 2 0))
s>        ( QUESTION2_0_L -1 -1.384e+04 1.534e+02 6.069e+01
s>            ( - -7.753e+02 1 0)
s>            ( - -1.291e+04 2 0)))INFO: dtree.c(1315): Comp split 75
INFO: dtree.c(1439): stop. leaf nodes are specific
INFO: dtree.c(1478): Final simple tree
|( QUESTION2_9_L -1 -1.470e+04 1.470e+02 6.178e+01
|    ( - -4.357e+03 1 0)
|    ( QUESTION10 -1 -1.019e+04 9.791e+01 4.297e+01
|        ( - -7.060e+03 1 0)
|        ( - -3.035e+03 2 0)))
s>    ( QUESTION2_9_L -1 -1.470e+04 1.470e+02 6.178e+01
s>        ( - -4.357e+03 1 0)
s>        ( QUESTION10 -1 -1.019e+04 9.791e+01 4.297e+01
s>            ( - -7.060e+03 1 0)
s>            ( - -3.035e+03 2 0)))INFO: dtree.c(1315): Comp split 76
INFO: dtree.c(1439): stop. leaf nodes are specific
INFO: dtree.c(1478): Final simple tree
|( QUESTION12 -1 -1.942e+04 8.594e+01 8.291e+01
|    ( - -4.617e+02 1 0)
|    ( - -1.888e+04 1 0))
s>    ( QUESTION12 -1 -1.942e+04 8.594e+01 8.291e+01
s>        ( - -4.617e+02 1 0)
s>        ( - -1.888e+04 1 0))INFO: dtree.c(1315): Comp split 77
INFO: dtree.c(1315): Comp split 78
INFO: dtree.c(1439): stop. leaf nodes are specific
INFO: dtree.c(1478): Final simple tree
|( QUESTION2_0_L -1 -1.384e+04 1.534e+02 6.069e+01
|    ( - -7.753e+02 1 0)
|    ( - -1.291e+04 2 0))
s>    ( QUESTION2_0_L -1 -1.384e+04 1.534e+02 6.069e+01
s>        ( - -7.753e+02 1 0)
s>        ( - -1.291e+04 2 0))INFO: dtree.c(1439): stop. leaf nodes are specific
INFO: dtree.c(1478): Final simple tree
|( QUESTION0_1_R 1 -3.586e+03 1.433e+02 1.500e+01
|    ( - -5.094e+02 1 0)
|    ( - -2.934e+03 2 0))
s>    ( QUESTION0_1_R 1 -3.586e+03 1.433e+02 1.500e+01
s>        ( - -5.094e+02 1 0)
s>        ( - -2.934e+03 2 0))INFO: dtree.c(1315): Comp split 79
INFO: dtree.c(1315): Comp split 80
INFO: dtree.c(1315): Comp split 81
INFO: dtree.c(1439): stop. leaf nodes are specific
INFO: dtree.c(1478): Final simple tree
|( QUESTION0 -1 -6.434e+04 1.334e+02 2.843e+02
|    ( - -1.160e+03 2 0)
|    ( - -6.304e+04 1 0))
s>    ( QUESTION0 -1 -6.434e+04 1.334e+02 2.843e+02
s>        ( - -1.160e+03 2 0)
s>        ( - -6.304e+04 1 0))INFO: dtree.c(1315): Comp split 82
INFO: dtree.c(1315): Comp split 83
INFO: dtree.c(1315): Comp split 84
INFO: dtree.c(1439): stop. leaf nodes are specific
INFO: dtree.c(1478): Final simple tree
|( QUESTION10 -1 -1.019e+04 9.791e+01 4.297e+01
|    ( - -7.060e+03 1 0)
|    ( - -3.035e+03 2 0))
s>    ( QUESTION10 -1 -1.019e+04 9.791e+01 4.297e+01
s>        ( - -7.060e+03 1 0)
s>        ( - -3.035e+03 2 0))INFO: dtree.c(1315): Comp split 85
INFO: dtree.c(1315): Comp split 86
INFO: dtree.c(1315): Comp split 87
INFO: dtree.c(1315): Comp split 88
INFO: dtree.c(1439): stop. leaf nodes are specific
INFO: dtree.c(1478): Final simple tree
|( QUESTION0 -1 -1.464e+03 1.145e+02 5.944e+00
|    ( - -4.017e+02 1 0)
|    ( - -9.475e+02 1 0))
s>    ( QUESTION0 -1 -1.464e+03 1.145e+02 5.944e+00
s>        ( - -4.017e+02 1 0)
s>        ( - -9.475e+02 1 0))INFO: dtree.c(1315): Comp split 89
INFO: dtree.c(1315): Comp split 90
INFO: dtree.c(1315): Comp split 91
INFO: dtree.c(1315): Comp split 92
INFO: dtree.c(1315): Comp split 93
INFO: dtree.c(1315): Comp split 94
INFO: dtree.c(1315): Comp split 95
INFO: dtree.c(1315): Comp split 96
INFO: dtree.c(1315): Comp split 97
INFO: dtree.c(1315): Comp split 98
INFO: dtree.c(1315): Comp split 99
INFO: dtree.c(1318): stop. leaf nodes are specific
Fri Jan  6 22:28:13 2023
