Current configuration:
[NAME]		[DEFLT]	[VALUE]
-allphones	no	no
-cntthresh	0.00001	1.000000e-05
-csplitmax	100	2000
-csplitmin	1	1
-csplitthr	8e-4	0.000000e+00
-example	no	no
-fullvar	no	no
-help		no	no
-meanfn			/mnt/c/users/robin/onedrive/desktop/cmu/Cebuano/model_parameters/Cebuano.cd_cont_untied/means
-mixwfn			/mnt/c/users/robin/onedrive/desktop/cmu/Cebuano/model_parameters/Cebuano.cd_cont_untied/mixture_weights
-moddeffn		/mnt/c/users/robin/onedrive/desktop/cmu/Cebuano/model_architecture/Cebuano.untied.mdef
-mwfloor	1e-4	1.000000e-08
-phone			ZH
-psetfn			/mnt/c/users/robin/onedrive/desktop/cmu/Cebuano/model_architecture/Cebuano.tree_questions
-ssplitmax	5	7
-ssplitmin	1	1
-ssplitthr	8e-4	0.000000e+00
-state			2
-stwt			1.0,0.05,0.0,
-treefn			/mnt/c/users/robin/onedrive/desktop/cmu/Cebuano/trees/Cebuano.unpruned/ZH-2.dtree
-ts2cbfn	.semi.	.cont.
-varfloor	0.00001	1.000000e-05
-varfn			/mnt/c/users/robin/onedrive/desktop/cmu/Cebuano/model_parameters/Cebuano.cd_cont_untied/variances

INFO: main.c(223): Reading: /mnt/c/users/robin/onedrive/desktop/cmu/Cebuano/model_architecture/Cebuano.untied.mdef
INFO: model_def_io.c(573): Model definition info:
INFO: model_def_io.c(574): 7744 total models defined (40 base, 7704 tri)
INFO: model_def_io.c(575): 30976 total states
INFO: model_def_io.c(576): 23232 total tied states
INFO: model_def_io.c(577): 120 total tied CI states
INFO: model_def_io.c(578): 40 total tied transition matrices
INFO: model_def_io.c(579): 4 max state/model
INFO: model_def_io.c(580): 4 min state/model
INFO: main.c(242): Building trees for [ZH AE AH i] through [ZH IH AH i]
INFO: main.c(268): Covering states |[23226 23231]| == 6
INFO: main.c(275): Reading: /mnt/c/users/robin/onedrive/desktop/cmu/Cebuano/model_parameters/Cebuano.cd_cont_untied/mixture_weights
INFO: s3mixw_io.c(172): Read /mnt/c/users/robin/onedrive/desktop/cmu/Cebuano/model_parameters/Cebuano.cd_cont_untied/mixture_weights [6x1x1 array]
INFO: main.c(311): 2 of 2 models have observation count greater than 0.000010
INFO: main.c(95): nrm stwt: 0.000 0.048 0.952 
INFO: s3gau_io.c(168): Read /mnt/c/users/robin/onedrive/desktop/cmu/Cebuano/model_parameters/Cebuano.cd_cont_untied/means [23232x1x1 array]
INFO: s3gau_io.c(168): Read /mnt/c/users/robin/onedrive/desktop/cmu/Cebuano/model_parameters/Cebuano.cd_cont_untied/variances [23232x1x1 array]
INFO: main.c(549): Reading: /mnt/c/users/robin/onedrive/desktop/cmu/Cebuano/model_architecture/Cebuano.tree_questions
INFO: main.c(587): 180 total simple questions (172 phone; 8 word bndry)
INFO: main.c(589): 42 Left Only questions, and 42 Right Only questions
INFO: dtree.c(1439): stop. leaf nodes are specific
INFO: dtree.c(1478): Final simple tree
|( QUESTION0 -1 -1.150e+04 2.325e+02 4.759e+01
|    ( - -8.052e+03 1 0)
|    ( - -3.215e+03 1 0))
s>    ( QUESTION0 -1 -1.150e+04 2.325e+02 4.759e+01
s>        ( - -8.052e+03 1 0)
s>        ( - -3.215e+03 1 0))INFO: dtree.c(1315): Comp split 0
INFO: dtree.c(1315): Comp split 1
INFO: dtree.c(1318): stop. leaf nodes are specific
Fri Jan  6 22:27:00 2023
