Current configuration:
[NAME]		[DEFLT]	[VALUE]
-allphones	no	no
-cntthresh	0.00001	1.000000e-05
-csplitmax	100	2000
-csplitmin	1	1
-csplitthr	8e-4	0.000000e+00
-example	no	no
-fullvar	no	no
-help		no	no
-meanfn			/mnt/c/users/robin/onedrive/desktop/cmu/Cebuano/model_parameters/Cebuano.cd_cont_untied/means
-mixwfn			/mnt/c/users/robin/onedrive/desktop/cmu/Cebuano/model_parameters/Cebuano.cd_cont_untied/mixture_weights
-moddeffn		/mnt/c/users/robin/onedrive/desktop/cmu/Cebuano/model_architecture/Cebuano.untied.mdef
-mwfloor	1e-4	1.000000e-08
-phone			Y
-psetfn			/mnt/c/users/robin/onedrive/desktop/cmu/Cebuano/model_architecture/Cebuano.tree_questions
-ssplitmax	5	7
-ssplitmin	1	1
-ssplitthr	8e-4	0.000000e+00
-state			1
-stwt			1.0,0.05,0.0,
-treefn			/mnt/c/users/robin/onedrive/desktop/cmu/Cebuano/trees/Cebuano.unpruned/Y-1.dtree
-ts2cbfn	.semi.	.cont.
-varfloor	0.00001	1.000000e-05
-varfn			/mnt/c/users/robin/onedrive/desktop/cmu/Cebuano/model_parameters/Cebuano.cd_cont_untied/variances

INFO: main.c(223): Reading: /mnt/c/users/robin/onedrive/desktop/cmu/Cebuano/model_architecture/Cebuano.untied.mdef
INFO: model_def_io.c(573): Model definition info:
INFO: model_def_io.c(574): 7744 total models defined (40 base, 7704 tri)
INFO: model_def_io.c(575): 30976 total states
INFO: model_def_io.c(576): 23232 total tied states
INFO: model_def_io.c(577): 120 total tied CI states
INFO: model_def_io.c(578): 40 total tied transition matrices
INFO: model_def_io.c(579): 4 max state/model
INFO: model_def_io.c(580): 4 min state/model
INFO: main.c(242): Building trees for [Y AA UW b] through [Y Z UW i]
INFO: main.c(268): Covering states |[22572 22790]| == 219
INFO: main.c(275): Reading: /mnt/c/users/robin/onedrive/desktop/cmu/Cebuano/model_parameters/Cebuano.cd_cont_untied/mixture_weights
INFO: s3mixw_io.c(172): Read /mnt/c/users/robin/onedrive/desktop/cmu/Cebuano/model_parameters/Cebuano.cd_cont_untied/mixture_weights [219x1x1 array]
INFO: main.c(311): 73 of 73 models have observation count greater than 0.000010
INFO: main.c(95): nrm stwt: 0.045 0.909 0.045 
INFO: s3gau_io.c(168): Read /mnt/c/users/robin/onedrive/desktop/cmu/Cebuano/model_parameters/Cebuano.cd_cont_untied/means [23232x1x1 array]
INFO: s3gau_io.c(168): Read /mnt/c/users/robin/onedrive/desktop/cmu/Cebuano/model_parameters/Cebuano.cd_cont_untied/variances [23232x1x1 array]
INFO: main.c(549): Reading: /mnt/c/users/robin/onedrive/desktop/cmu/Cebuano/model_architecture/Cebuano.tree_questions
INFO: main.c(587): 180 total simple questions (172 phone; 8 word bndry)
INFO: main.c(589): 42 Left Only questions, and 42 Right Only questions
INFO: dtree.c(1478): Final simple tree
|( QUESTION2_9_L -1 -2.280e+06 1.126e+04 9.523e+03
|    ( QUESTION2_10_L -1 -9.810e+05 5.365e+03 4.094e+03
|        ( - -8.575e+05 14 0 QUESTION0 1 3.728e+02 3.592e+03)
|        ( - -1.182e+05 3 0 WDBNDRY_B 0 5.574e+02 5.028e+02))
|    ( WDBNDRY_B 0 -1.288e+06 6.043e+03 5.428e+03
|        ( QUESTION0 -1 -5.158e+05 4.537e+03 2.164e+03
|            ( - -2.420e+05 11 0 QUESTION2_19_L -1 2.675e+03 1.064e+03)
|            ( - -2.693e+05 13 0 SILENCE -1 1.194e+03 1.100e+03))
|        ( QUESTION2_19_L -1 -7.660e+05 4.431e+03 3.264e+03
|            ( - -4.492e+04 2 0 QUESTION0_14_R 1 1.750e+03 2.001e+02)
|            ( QUESTION2_0_L -1 -7.167e+05 4.961e+03 3.064e+03
|                ( - -4.176e+05 17 0 QUESTION11 -1 2.300e+03 1.797e+03)
|                ( QUESTION0_17_R 1 -2.941e+05 5.894e+03 1.267e+03
|                    ( - -1.173e+05 3 0 QUESTION2 -1 4.848e+02 5.121e+02)
|                    ( - -1.709e+05 10 0 QUESTION13 -1 5.862e+02 7.551e+02))))))
s>    ( QUESTION2_9_L -1 -2.280e+06 1.126e+04 9.523e+03
s>        ( QUESTION2_10_L -1 -9.810e+05 5.365e+03 4.094e+03
s>            ( - -8.575e+05 14 0 QUESTION0 1 3.728e+02 3.592e+03)
s>            ( - -1.182e+05 3 0 WDBNDRY_B 0 5.574e+02 5.028e+02))
s>        ( WDBNDRY_B 0 -1.288e+06 6.043e+03 5.428e+03
s>            ( QUESTION0 -1 -5.158e+05 4.537e+03 2.164e+03
s>                ( - -2.420e+05 11 0 QUESTION2_19_L -1 2.675e+03 1.064e+03)
s>                ( - -2.693e+05 13 0 SILENCE -1 1.194e+03 1.100e+03))
s>            ( QUESTION2_19_L -1 -7.660e+05 4.431e+03 3.264e+03
s>                ( - -4.492e+04 2 0 QUESTION0_14_R 1 1.750e+03 2.001e+02)
s>                ( QUESTION2_0_L -1 -7.167e+05 4.961e+03 3.064e+03
s>                    ( - -4.176e+05 17 0 QUESTION11 -1 2.300e+03 1.797e+03)
s>                    ( QUESTION0_17_R 1 -2.941e+05 5.894e+03 1.267e+03
s>                        ( - -1.173e+05 3 0 QUESTION2 -1 4.848e+02 5.121e+02)
s>                        ( - -1.709e+05 10 0 QUESTION13 -1 5.862e+02 7.551e+02))))))INFO: dtree.c(1315): Comp split 0
INFO: dtree.c(1478): Final simple tree
|( QUESTION2_10_L -1 -1.381e+06 6.570e+03 5.707e+03
|    ( - -8.575e+05 14 0 QUESTION0 1 3.728e+02 3.592e+03)
|    ( WDBNDRY_B 0 -5.170e+05 9.690e+03 2.115e+03
|        ( SILENCE -1 -2.766e+05 1.249e+03 1.130e+03
|            ( QUESTION0_16_R 1 -1.348e+05 5.007e+02 5.774e+02
|                ( - -4.361e+03 1 0)
|                ( - -1.300e+05 1 0))
|            ( QUESTION14 -1 -1.405e+05 8.010e+02 5.527e+02
|                ( - -2.120e+04 2 0 QUESTION0_14_R 1 2.906e+02 8.870e+01)
|                ( QUESTION4 -1 -1.185e+05 5.749e+02 4.640e+02
|                    ( - -7.399e+03 2 0 QUESTION0_16_R 1 1.805e+02 3.120e+01)
|                    ( - -1.106e+05 9 0 QUESTION12 -1 4.611e+02 4.328e+02))))
|        ( QUESTION11 -1 -2.307e+05 2.930e+03 9.852e+02
|            ( - -1.170e+05 2 0)
|            ( - -1.108e+05 2 0 QUESTION2 -1 4.808e+02 4.741e+02))))
s>    ( QUESTION2_10_L -1 -1.381e+06 6.570e+03 5.707e+03
s>        ( - -8.575e+05 14 0 QUESTION0 1 3.728e+02 3.592e+03)
s>        ( WDBNDRY_B 0 -5.170e+05 9.690e+03 2.115e+03
s>            ( SILENCE -1 -2.766e+05 1.249e+03 1.130e+03
s>                ( QUESTION0_16_R 1 -1.348e+05 5.007e+02 5.774e+02
s>                    ( - -4.361e+03 1 0)
s>                    ( - -1.300e+05 1 0))
s>                ( QUESTION14 -1 -1.405e+05 8.010e+02 5.527e+02
s>                    ( - -2.120e+04 2 0 QUESTION0_14_R 1 2.906e+02 8.870e+01)
s>                    ( QUESTION4 -1 -1.185e+05 5.749e+02 4.640e+02
s>                        ( - -7.399e+03 2 0 QUESTION0_16_R 1 1.805e+02 3.120e+01)
s>                        ( - -1.106e+05 9 0 QUESTION12 -1 4.611e+02 4.328e+02))))
s>            ( QUESTION11 -1 -2.307e+05 2.930e+03 9.852e+02
s>                ( - -1.170e+05 2 0)
s>                ( - -1.108e+05 2 0 QUESTION2 -1 4.808e+02 4.741e+02))))INFO: dtree.c(1478): Final simple tree
|( QUESTION2_19_L -1 -8.866e+05 5.146e+03 3.816e+03
|    ( QUESTION0_14_R 1 -1.604e+05 5.932e+03 6.939e+02
|        ( - -3.772e+04 1 0)
|        ( - -1.167e+05 5 0 WDBNDRY_B 0 2.820e+02 5.192e+02))
|    ( QUESTION2_5_L -1 -7.211e+05 2.803e+03 3.122e+03
|        ( QUESTION10 -1 -2.322e+05 2.029e+03 1.005e+03
|            ( - -1.112e+05 3 0 QUESTION0_14_R 1 6.368e+02 4.760e+02)
|            ( - -1.190e+05 3 0 QUESTION0_19_R 1 3.457e+02 5.286e+02))
|        ( QUESTION2_16_L -1 -4.860e+05 2.682e+03 2.117e+03
|            ( - -1.584e+05 3 0 QUESTION0_14_R 1 3.239e+02 6.974e+02)
|            ( QUESTION0_17_R 1 -3.250e+05 1.779e+03 1.420e+03
|                ( - -1.198e+05 7 0 QUESTION2_0_L -1 9.983e+02 5.276e+02)
|                ( QUESTION13 -1 -2.034e+05 1.059e+03 8.921e+02
|                    ( - -1.820e+04 5 0 QUESTION0_9_R 1 4.102e+02 7.438e+01)
|                    ( - -1.842e+05 13 0 QUESTION0_15_R 1 5.208e+02 8.178e+02))))))
s>    ( QUESTION2_19_L -1 -8.866e+05 5.146e+03 3.816e+03
s>        ( QUESTION0_14_R 1 -1.604e+05 5.932e+03 6.939e+02
s>            ( - -3.772e+04 1 0)
s>            ( - -1.167e+05 5 0 WDBNDRY_B 0 2.820e+02 5.192e+02))
s>        ( QUESTION2_5_L -1 -7.211e+05 2.803e+03 3.122e+03
s>            ( QUESTION10 -1 -2.322e+05 2.029e+03 1.005e+03
s>                ( - -1.112e+05 3 0 QUESTION0_14_R 1 6.368e+02 4.760e+02)
s>                ( - -1.190e+05 3 0 QUESTION0_19_R 1 3.457e+02 5.286e+02))
s>            ( QUESTION2_16_L -1 -4.860e+05 2.682e+03 2.117e+03
s>                ( - -1.584e+05 3 0 QUESTION0_14_R 1 3.239e+02 6.974e+02)
s>                ( QUESTION0_17_R 1 -3.250e+05 1.779e+03 1.420e+03
s>                    ( - -1.198e+05 7 0 QUESTION2_0_L -1 9.983e+02 5.276e+02)
s>                    ( QUESTION13 -1 -2.034e+05 1.059e+03 8.921e+02
s>                        ( - -1.820e+04 5 0 QUESTION0_9_R 1 4.102e+02 7.438e+01)
s>                        ( - -1.842e+05 13 0 QUESTION0_15_R 1 5.208e+02 8.178e+02))))))INFO: dtree.c(1315): Comp split 1
INFO: dtree.c(1439): stop. leaf nodes are specific
INFO: dtree.c(1478): Final simple tree
|( QUESTION11 -1 -2.307e+05 2.930e+03 9.852e+02
|    ( - -1.170e+05 2 0)
|    ( QUESTION2 -1 -1.108e+05 4.808e+02 4.741e+02
|        ( - 1.805e+02 1 0)
|        ( - -1.105e+05 1 0)))
s>    ( QUESTION11 -1 -2.307e+05 2.930e+03 9.852e+02
s>        ( - -1.170e+05 2 0)
s>        ( QUESTION2 -1 -1.108e+05 4.808e+02 4.741e+02
s>            ( - 1.805e+02 1 0)
s>            ( - -1.105e+05 1 0)))INFO: dtree.c(1478): Final simple tree
|( WDBNDRY_B 0 -1.139e+06 4.922e+03 4.722e+03
|    ( SILENCE -1 -2.845e+05 1.270e+03 1.163e+03
|        ( QUESTION0_16_R 1 -1.348e+05 5.007e+02 5.774e+02
|            ( - -4.361e+03 1 0)
|            ( - -1.300e+05 1 0))
|        ( QUESTION14 -1 -1.484e+05 7.898e+02 5.858e+02
|            ( - -2.120e+04 2 0 QUESTION0_14_R 1 2.906e+02 8.870e+01)
|            ( QUESTION4 -1 -1.264e+05 5.674e+02 4.971e+02
|                ( - -7.399e+03 2 0 QUESTION0_16_R 1 1.805e+02 3.120e+01)
|                ( QUESTION12 -1 -1.184e+05 4.885e+02 4.659e+02
|                    ( - -5.261e+04 2 0 QUESTION0_14_R 1 2.293e+02 1.955e+02)
|                    ( - -6.534e+04 10 0 QUESTION2_6_L -1 3.064e+02 2.704e+02)))))
|    ( QUESTION0 1 -8.495e+05 3.767e+02 3.559e+03
|        ( - -8.146e+05 8 0 QUESTION0_14_R 1 2.081e+02 3.408e+03)
|        ( - -3.453e+04 3 0)))
s>    ( WDBNDRY_B 0 -1.139e+06 4.922e+03 4.722e+03
s>        ( SILENCE -1 -2.845e+05 1.270e+03 1.163e+03
s>            ( QUESTION0_16_R 1 -1.348e+05 5.007e+02 5.774e+02
s>                ( - -4.361e+03 1 0)
s>                ( - -1.300e+05 1 0))
s>            ( QUESTION14 -1 -1.484e+05 7.898e+02 5.858e+02
s>                ( - -2.120e+04 2 0 QUESTION0_14_R 1 2.906e+02 8.870e+01)
s>                ( QUESTION4 -1 -1.264e+05 5.674e+02 4.971e+02
s>                    ( - -7.399e+03 2 0 QUESTION0_16_R 1 1.805e+02 3.120e+01)
s>                    ( QUESTION12 -1 -1.184e+05 4.885e+02 4.659e+02
s>                        ( - -5.261e+04 2 0 QUESTION0_14_R 1 2.293e+02 1.955e+02)
s>                        ( - -6.534e+04 10 0 QUESTION2_6_L -1 3.064e+02 2.704e+02)))))
s>        ( QUESTION0 1 -8.495e+05 3.767e+02 3.559e+03
s>            ( - -8.146e+05 8 0 QUESTION0_14_R 1 2.081e+02 3.408e+03)
s>            ( - -3.453e+04 3 0)))INFO: dtree.c(1315): Comp split 2
INFO: dtree.c(1478): Final simple tree
|( QUESTION2_19_L -1 -8.427e+05 4.942e+03 3.641e+03
|    ( - -1.167e+05 5 0 WDBNDRY_B 0 2.820e+02 5.192e+02)
|    ( QUESTION2_5_L -1 -7.211e+05 2.803e+03 3.122e+03
|        ( QUESTION10 -1 -2.322e+05 2.029e+03 1.005e+03
|            ( - -1.112e+05 3 0 QUESTION0_14_R 1 6.368e+02 4.760e+02)
|            ( - -1.190e+05 3 0 QUESTION0_19_R 1 3.457e+02 5.286e+02))
|        ( QUESTION2_16_L -1 -4.860e+05 2.682e+03 2.117e+03
|            ( - -1.584e+05 3 0 QUESTION0_14_R 1 3.239e+02 6.974e+02)
|            ( QUESTION0_17_R 1 -3.250e+05 1.779e+03 1.420e+03
|                ( QUESTION2_0_L -1 -1.198e+05 9.983e+02 5.276e+02
|                    ( - -3.342e+04 5 0 WDBNDRY_B 0 6.183e+02 1.427e+02)
|                    ( - -8.537e+04 2 0))
|                ( QUESTION13 -1 -2.034e+05 1.059e+03 8.921e+02
|                    ( - -1.820e+04 5 0 QUESTION0_9_R 1 4.102e+02 7.438e+01)
|                    ( - -1.842e+05 13 0 QUESTION0_15_R 1 5.208e+02 8.178e+02))))))
s>    ( QUESTION2_19_L -1 -8.427e+05 4.942e+03 3.641e+03
s>        ( - -1.167e+05 5 0 WDBNDRY_B 0 2.820e+02 5.192e+02)
s>        ( QUESTION2_5_L -1 -7.211e+05 2.803e+03 3.122e+03
s>            ( QUESTION10 -1 -2.322e+05 2.029e+03 1.005e+03
s>                ( - -1.112e+05 3 0 QUESTION0_14_R 1 6.368e+02 4.760e+02)
s>                ( - -1.190e+05 3 0 QUESTION0_19_R 1 3.457e+02 5.286e+02))
s>            ( QUESTION2_16_L -1 -4.860e+05 2.682e+03 2.117e+03
s>                ( - -1.584e+05 3 0 QUESTION0_14_R 1 3.239e+02 6.974e+02)
s>                ( QUESTION0_17_R 1 -3.250e+05 1.779e+03 1.420e+03
s>                    ( QUESTION2_0_L -1 -1.198e+05 9.983e+02 5.276e+02
s>                        ( - -3.342e+04 5 0 WDBNDRY_B 0 6.183e+02 1.427e+02)
s>                        ( - -8.537e+04 2 0))
s>                    ( QUESTION13 -1 -2.034e+05 1.059e+03 8.921e+02
s>                        ( - -1.820e+04 5 0 QUESTION0_9_R 1 4.102e+02 7.438e+01)
s>                        ( - -1.842e+05 13 0 QUESTION0_15_R 1 5.208e+02 8.178e+02))))))INFO: dtree.c(1315): Comp split 3
INFO: dtree.c(1439): stop. leaf nodes are specific
INFO: dtree.c(1478): Final simple tree
|( QUESTION2_0_L -1 -8.574e+05 5.180e+02 3.590e+03
|    ( QUESTION15 1 -8.510e+05 3.770e+02 3.565e+03
|        ( - -3.453e+04 3 0)
|        ( QUESTION0_17_R 1 -8.161e+05 2.142e+02 3.414e+03
|            ( - -7.657e+05 4 0)
|            ( WDBNDRY_B 0 -5.020e+04 1.441e+02 2.079e+02
|                ( - -1.300e+03 1 0)
|                ( - -4.875e+04 4 0))))
|    ( - -5.919e+03 1 0))
s>    ( QUESTION2_0_L -1 -8.574e+05 5.180e+02 3.590e+03
s>        ( QUESTION15 1 -8.510e+05 3.770e+02 3.565e+03
s>            ( - -3.453e+04 3 0)
s>            ( QUESTION0_17_R 1 -8.161e+05 2.142e+02 3.414e+03
s>                ( - -7.657e+05 4 0)
s>                ( WDBNDRY_B 0 -5.020e+04 1.441e+02 2.079e+02
s>                    ( - -1.300e+03 1 0)
s>                    ( - -4.875e+04 4 0))))
s>        ( - -5.919e+03 1 0))INFO: dtree.c(1478): Final simple tree
|( SILENCE -1 -2.765e+05 1.223e+03 1.132e+03
|    ( QUESTION0_16_R 1 -1.348e+05 5.007e+02 5.774e+02
|        ( - -4.361e+03 1 0)
|        ( - -1.300e+05 1 0))
|    ( QUESTION14 -1 -1.404e+05 8.107e+02 5.546e+02
|        ( QUESTION0_14_R 1 -2.120e+04 2.906e+02 8.870e+01
|            ( - -5.082e+02 1 0)
|            ( - -2.040e+04 1 0))
|        ( QUESTION12 -1 -1.184e+05 4.885e+02 4.659e+02
|            ( QUESTION0_14_R 1 -5.261e+04 2.293e+02 1.955e+02
|                ( - -3.349e+02 1 0)
|                ( - -5.204e+04 1 0))
|            ( QUESTION2_6_L -1 -6.534e+04 3.064e+02 2.704e+02
|                ( - -3.691e+04 1 0)
|                ( - -2.813e+04 9 0 QUESTION16 -1 1.982e+02 1.164e+02)))))
s>    ( SILENCE -1 -2.765e+05 1.223e+03 1.132e+03
s>        ( QUESTION0_16_R 1 -1.348e+05 5.007e+02 5.774e+02
s>            ( - -4.361e+03 1 0)
s>            ( - -1.300e+05 1 0))
s>        ( QUESTION14 -1 -1.404e+05 8.107e+02 5.546e+02
s>            ( QUESTION0_14_R 1 -2.120e+04 2.906e+02 8.870e+01
s>                ( - -5.082e+02 1 0)
s>                ( - -2.040e+04 1 0))
s>            ( QUESTION12 -1 -1.184e+05 4.885e+02 4.659e+02
s>                ( QUESTION0_14_R 1 -5.261e+04 2.293e+02 1.955e+02
s>                    ( - -3.349e+02 1 0)
s>                    ( - -5.204e+04 1 0))
s>                ( QUESTION2_6_L -1 -6.534e+04 3.064e+02 2.704e+02
s>                    ( - -3.691e+04 1 0)
s>                    ( - -2.813e+04 9 0 QUESTION16 -1 1.982e+02 1.164e+02)))))INFO: dtree.c(1315): Comp split 4
INFO: dtree.c(1478): Final simple tree
|( QUESTION2_5_L -1 -7.211e+05 2.803e+03 3.122e+03
|    ( QUESTION10 -1 -2.322e+05 2.029e+03 1.005e+03
|        ( QUESTION0_14_R 1 -1.112e+05 6.368e+02 4.760e+02
|            ( - -2.462e+04 1 0)
|            ( - -8.590e+04 2 0 QUESTION0_19_R 1 8.853e+01 3.668e+02))
|        ( - -1.190e+05 3 0 QUESTION0_19_R 1 3.457e+02 5.286e+02))
|    ( QUESTION2_16_L -1 -4.860e+05 2.682e+03 2.117e+03
|        ( - -1.584e+05 3 0 QUESTION0_14_R 1 3.239e+02 6.974e+02)
|        ( QUESTION0_17_R 1 -3.250e+05 1.779e+03 1.420e+03
|            ( QUESTION2_0_L -1 -1.198e+05 9.983e+02 5.276e+02
|                ( - -3.342e+04 5 0 WDBNDRY_B 0 6.183e+02 1.427e+02)
|                ( - -8.537e+04 2 0))
|            ( QUESTION13 -1 -2.034e+05 1.059e+03 8.921e+02
|                ( - -1.820e+04 5 0 QUESTION0_9_R 1 4.102e+02 7.438e+01)
|                ( - -1.842e+05 13 0 QUESTION0_15_R 1 5.208e+02 8.178e+02)))))
s>    ( QUESTION2_5_L -1 -7.211e+05 2.803e+03 3.122e+03
s>        ( QUESTION10 -1 -2.322e+05 2.029e+03 1.005e+03
s>            ( QUESTION0_14_R 1 -1.112e+05 6.368e+02 4.760e+02
s>                ( - -2.462e+04 1 0)
s>                ( - -8.590e+04 2 0 QUESTION0_19_R 1 8.853e+01 3.668e+02))
s>            ( - -1.190e+05 3 0 QUESTION0_19_R 1 3.457e+02 5.286e+02))
s>        ( QUESTION2_16_L -1 -4.860e+05 2.682e+03 2.117e+03
s>            ( - -1.584e+05 3 0 QUESTION0_14_R 1 3.239e+02 6.974e+02)
s>            ( QUESTION0_17_R 1 -3.250e+05 1.779e+03 1.420e+03
s>                ( QUESTION2_0_L -1 -1.198e+05 9.983e+02 5.276e+02
s>                    ( - -3.342e+04 5 0 WDBNDRY_B 0 6.183e+02 1.427e+02)
s>                    ( - -8.537e+04 2 0))
s>                ( QUESTION13 -1 -2.034e+05 1.059e+03 8.921e+02
s>                    ( - -1.820e+04 5 0 QUESTION0_9_R 1 4.102e+02 7.438e+01)
s>                    ( - -1.842e+05 13 0 QUESTION0_15_R 1 5.208e+02 8.178e+02)))))INFO: dtree.c(1439): stop. leaf nodes are specific
INFO: dtree.c(1478): Final simple tree
|( WDBNDRY_B 0 -1.167e+05 2.820e+02 5.192e+02
|    ( - -1.110e+05 4 0)
|    ( - -5.449e+03 1 0))
s>    ( WDBNDRY_B 0 -1.167e+05 2.820e+02 5.192e+02
s>        ( - -1.110e+05 4 0)
s>        ( - -5.449e+03 1 0))INFO: dtree.c(1315): Comp split 5
INFO: dtree.c(1478): Final simple tree
|( QUESTION2_12_L -1 -2.379e+05 1.279e+03 1.035e+03
|    ( QUESTION0_14_R 1 -4.227e+04 6.552e+02 1.799e+02
|        ( - -1.058e+04 3 0 QUESTION14 -1 2.019e+02 4.528e+01)
|        ( QUESTION14 -1 -3.103e+04 5.799e+02 1.347e+02
|            ( - -5.004e+03 1 0)
|            ( - -2.545e+04 2 0 WDBNDRY_B 0 2.336e+02 1.119e+02)))
|    ( QUESTION0_14_R 1 -1.944e+05 8.474e+02 8.549e+02
|        ( WDBNDRY_B 0 -1.802e+05 3.501e+02 8.018e+02
|            ( - -1.726e+04 4 0)
|            ( - -1.626e+05 7 0 QUESTION2 -1 2.142e+02 7.240e+02))
|        ( QUESTION4 -1 -1.334e+04 4.823e+02 5.310e+01
|            ( - 1.776e+02 1 0)
|            ( QUESTION0_9_R 1 -1.304e+04 3.861e+02 5.210e+01
|                ( - -7.009e+03 2 0 QUESTION12 -1 2.425e+02 2.809e+01)
|                ( - -5.640e+03 3 0 QUESTION0_16_R 1 2.060e+02 2.401e+01)))))
s>    ( QUESTION2_12_L -1 -2.379e+05 1.279e+03 1.035e+03
s>        ( QUESTION0_14_R 1 -4.227e+04 6.552e+02 1.799e+02
s>            ( - -1.058e+04 3 0 QUESTION14 -1 2.019e+02 4.528e+01)
s>            ( QUESTION14 -1 -3.103e+04 5.799e+02 1.347e+02
s>                ( - -5.004e+03 1 0)
s>                ( - -2.545e+04 2 0 WDBNDRY_B 0 2.336e+02 1.119e+02)))
s>        ( QUESTION0_14_R 1 -1.944e+05 8.474e+02 8.549e+02
s>            ( WDBNDRY_B 0 -1.802e+05 3.501e+02 8.018e+02
s>                ( - -1.726e+04 4 0)
s>                ( - -1.626e+05 7 0 QUESTION2 -1 2.142e+02 7.240e+02))
s>            ( QUESTION4 -1 -1.334e+04 4.823e+02 5.310e+01
s>                ( - 1.776e+02 1 0)
s>                ( QUESTION0_9_R 1 -1.304e+04 3.861e+02 5.210e+01
s>                    ( - -7.009e+03 2 0 QUESTION12 -1 2.425e+02 2.809e+01)
s>                    ( - -5.640e+03 3 0 QUESTION0_16_R 1 2.060e+02 2.401e+01)))))INFO: dtree.c(1478): Final simple tree
|( QUESTION10 -1 -4.795e+05 2.277e+03 2.087e+03
|    ( QUESTION0_14_R 1 -1.112e+05 6.368e+02 4.760e+02
|        ( - -2.462e+04 1 0)
|        ( - -8.590e+04 2 0 QUESTION0_19_R 1 8.853e+01 3.668e+02))
|    ( QUESTION2_12_L -1 -3.661e+05 2.094e+03 1.611e+03
|        ( QUESTION0_14_R 1 -1.584e+05 3.239e+02 6.974e+02
|            ( - -7.720e+03 2 0 QUESTION0 -1 1.396e+02 3.475e+01)
|            ( - -1.503e+05 1 0))
|        ( WDBNDRY_B 0 -2.057e+05 1.237e+03 9.136e+02
|            ( - -8.537e+04 2 0)
|            ( QUESTION0_19_R 1 -1.190e+05 3.457e+02 5.286e+02
|                ( - -8.843e+04 1 0)
|                ( QUESTION0_14_R 1 -3.028e+04 2.191e+02 1.365e+02
|                    ( - -1.232e+04 1 0)
|                    ( - -1.774e+04 1 0))))))
s>    ( QUESTION10 -1 -4.795e+05 2.277e+03 2.087e+03
s>        ( QUESTION0_14_R 1 -1.112e+05 6.368e+02 4.760e+02
s>            ( - -2.462e+04 1 0)
s>            ( - -8.590e+04 2 0 QUESTION0_19_R 1 8.853e+01 3.668e+02))
s>        ( QUESTION2_12_L -1 -3.661e+05 2.094e+03 1.611e+03
s>            ( QUESTION0_14_R 1 -1.584e+05 3.239e+02 6.974e+02
s>                ( - -7.720e+03 2 0 QUESTION0 -1 1.396e+02 3.475e+01)
s>                ( - -1.503e+05 1 0))
s>            ( WDBNDRY_B 0 -2.057e+05 1.237e+03 9.136e+02
s>                ( - -8.537e+04 2 0)
s>                ( QUESTION0_19_R 1 -1.190e+05 3.457e+02 5.286e+02
s>                    ( - -8.843e+04 1 0)
s>                    ( QUESTION0_14_R 1 -3.028e+04 2.191e+02 1.365e+02
s>                        ( - -1.232e+04 1 0)
s>                        ( - -1.774e+04 1 0))))))INFO: dtree.c(1315): Comp split 6
INFO: dtree.c(1439): stop. leaf nodes are specific
INFO: dtree.c(1478): Final simple tree
|( QUESTION2 -1 -1.108e+05 4.808e+02 4.741e+02
|    ( - 1.805e+02 1 0)
|    ( - -1.105e+05 1 0))
s>    ( QUESTION2 -1 -1.108e+05 4.808e+02 4.741e+02
s>        ( - 1.805e+02 1 0)
s>        ( - -1.105e+05 1 0))INFO: dtree.c(1315): Comp split 7
INFO: dtree.c(1439): stop. leaf nodes are specific
INFO: dtree.c(1478): Final simple tree
|( WDBNDRY_B 0 -2.057e+05 1.237e+03 9.136e+02
|    ( - -8.537e+04 2 0)
|    ( QUESTION0_19_R 1 -1.190e+05 3.457e+02 5.286e+02
|        ( - -8.843e+04 1 0)
|        ( QUESTION0_14_R 1 -3.028e+04 2.191e+02 1.365e+02
|            ( - -1.232e+04 1 0)
|            ( - -1.774e+04 1 0))))
s>    ( WDBNDRY_B 0 -2.057e+05 1.237e+03 9.136e+02
s>        ( - -8.537e+04 2 0)
s>        ( QUESTION0_19_R 1 -1.190e+05 3.457e+02 5.286e+02
s>            ( - -8.843e+04 1 0)
s>            ( QUESTION0_14_R 1 -3.028e+04 2.191e+02 1.365e+02
s>                ( - -1.232e+04 1 0)
s>                ( - -1.774e+04 1 0))))INFO: dtree.c(1439): stop. leaf nodes are specific
INFO: dtree.c(1478): Final simple tree
|( QUESTION10 -1 -2.716e+05 2.072e+03 1.173e+03
|    ( QUESTION0_14_R 1 -1.112e+05 6.368e+02 4.760e+02
|        ( - -2.462e+04 1 0)
|        ( QUESTION0_19_R 1 -8.590e+04 8.853e+01 3.668e+02
|            ( - -8.382e+04 1 0)
|            ( - -1.992e+03 1 0)))
|    ( QUESTION0_14_R 1 -1.584e+05 3.239e+02 6.974e+02
|        ( QUESTION0 -1 -7.720e+03 1.396e+02 3.475e+01
|            ( - -7.022e+03 1 0)
|            ( - -5.589e+02 1 0))
|        ( - -1.503e+05 1 0)))
s>    ( QUESTION10 -1 -2.716e+05 2.072e+03 1.173e+03
s>        ( QUESTION0_14_R 1 -1.112e+05 6.368e+02 4.760e+02
s>            ( - -2.462e+04 1 0)
s>            ( QUESTION0_19_R 1 -8.590e+04 8.853e+01 3.668e+02
s>                ( - -8.382e+04 1 0)
s>                ( - -1.992e+03 1 0)))
s>        ( QUESTION0_14_R 1 -1.584e+05 3.239e+02 6.974e+02
s>            ( QUESTION0 -1 -7.720e+03 1.396e+02 3.475e+01
s>                ( - -7.022e+03 1 0)
s>                ( - -5.589e+02 1 0))
s>            ( - -1.503e+05 1 0)))INFO: dtree.c(1315): Comp split 8
INFO: dtree.c(1439): stop. leaf nodes are specific
INFO: dtree.c(1478): Final simple tree
|( QUESTION0_14_R 1 -1.185e+05 5.665e+02 5.077e+02
|    ( QUESTION0 -1 -3.200e+04 3.628e+02 1.409e+02
|        ( - -7.022e+03 1 0)
|        ( - -2.462e+04 1 0))
|    ( QUESTION0_19_R 1 -8.590e+04 8.853e+01 3.668e+02
|        ( - -8.382e+04 1 0)
|        ( - -1.992e+03 1 0)))
s>    ( QUESTION0_14_R 1 -1.185e+05 5.665e+02 5.077e+02
s>        ( QUESTION0 -1 -3.200e+04 3.628e+02 1.409e+02
s>            ( - -7.022e+03 1 0)
s>            ( - -2.462e+04 1 0))
s>        ( QUESTION0_19_R 1 -8.590e+04 8.853e+01 3.668e+02
s>            ( - -8.382e+04 1 0)
s>            ( - -1.992e+03 1 0)))INFO: dtree.c(1439): stop. leaf nodes are specific
INFO: dtree.c(1478): Final simple tree
|( QUESTION0_14_R 1 -1.510e+05 1.414e+02 6.656e+02
|    ( - -5.589e+02 1 0)
|    ( - -1.503e+05 1 0))
s>    ( QUESTION0_14_R 1 -1.510e+05 1.414e+02 6.656e+02
s>        ( - -5.589e+02 1 0)
s>        ( - -1.503e+05 1 0))INFO: dtree.c(1315): Comp split 9
INFO: dtree.c(1439): stop. leaf nodes are specific
INFO: dtree.c(1478): Final simple tree
|( SILENCE -1 -1.825e+05 4.956e+02 7.516e+02
|    ( - -1.300e+05 1 0)
|    ( - -5.204e+04 1 0))
s>    ( SILENCE -1 -1.825e+05 4.956e+02 7.516e+02
s>        ( - -1.300e+05 1 0)
s>        ( - -5.204e+04 1 0))INFO: dtree.c(1478): Final simple tree
|( QUESTION14 -1 -9.259e+04 7.170e+02 3.803e+02
|    ( QUESTION0_14_R 1 -2.120e+04 2.906e+02 8.870e+01
|        ( - -5.082e+02 1 0)
|        ( - -2.040e+04 1 0))
|    ( QUESTION0_17_R 1 -7.067e+04 4.091e+02 2.916e+02
|        ( QUESTION2_6_L -1 -6.345e+04 2.901e+02 2.634e+02
|            ( - -3.691e+04 1 0)
|            ( QUESTION16 -1 -2.625e+04 2.018e+02 1.094e+02
|                ( - -1.101e+04 1 0)
|                ( - -1.504e+04 6 0 QUESTION2_10_L -1 1.440e+02 6.272e+01)))
|        ( QUESTION12 -1 -6.814e+03 2.232e+02 2.824e+01
|            ( - -3.349e+02 1 0)
|            ( QUESTION0_0_R 1 -6.256e+03 1.851e+02 2.624e+01
|                ( - -8.578e+02 1 0)
|                ( - -5.213e+03 2 0 SILENCE -1 1.437e+02 2.224e+01)))))
s>    ( QUESTION14 -1 -9.259e+04 7.170e+02 3.803e+02
s>        ( QUESTION0_14_R 1 -2.120e+04 2.906e+02 8.870e+01
s>            ( - -5.082e+02 1 0)
s>            ( - -2.040e+04 1 0))
s>        ( QUESTION0_17_R 1 -7.067e+04 4.091e+02 2.916e+02
s>            ( QUESTION2_6_L -1 -6.345e+04 2.901e+02 2.634e+02
s>                ( - -3.691e+04 1 0)
s>                ( QUESTION16 -1 -2.625e+04 2.018e+02 1.094e+02
s>                    ( - -1.101e+04 1 0)
s>                    ( - -1.504e+04 6 0 QUESTION2_10_L -1 1.440e+02 6.272e+01)))
s>            ( QUESTION12 -1 -6.814e+03 2.232e+02 2.824e+01
s>                ( - -3.349e+02 1 0)
s>                ( QUESTION0_0_R 1 -6.256e+03 1.851e+02 2.624e+01
s>                    ( - -8.578e+02 1 0)
s>                    ( - -5.213e+03 2 0 SILENCE -1 1.437e+02 2.224e+01)))))INFO: dtree.c(1315): Comp split 10
INFO: dtree.c(1439): stop. leaf nodes are specific
INFO: dtree.c(1478): Final simple tree
|( WDBNDRY_B 0 -1.802e+05 3.501e+02 8.018e+02
|    ( - -1.726e+04 4 0)
|    ( QUESTION2 -1 -1.626e+05 2.142e+02 7.240e+02
|        ( - -3.146e+02 1 0)
|        ( - -1.620e+05 6 0)))
s>    ( WDBNDRY_B 0 -1.802e+05 3.501e+02 8.018e+02
s>        ( - -1.726e+04 4 0)
s>        ( QUESTION2 -1 -1.626e+05 2.142e+02 7.240e+02
s>            ( - -3.146e+02 1 0)
s>            ( - -1.620e+05 6 0)))INFO: dtree.c(1478): Final simple tree
|( WDBNDRY_B 0 -5.633e+04 8.351e+02 2.330e+02
|    ( - -2.419e+04 1 0)
|    ( QUESTION13 -1 -3.131e+04 5.762e+02 1.261e+02
|        ( QUESTION0_17_R 1 -2.503e+04 5.471e+02 1.021e+02
|            ( QUESTION14 -1 -6.285e+03 2.552e+02 2.773e+01
|                ( - -5.004e+03 1 0)
|                ( - -1.026e+03 1 0))
|            ( QUESTION0_9_R 1 -1.820e+04 4.102e+02 7.438e+01
|                ( - -6.482e+03 1 0)
|                ( - -1.131e+04 4 0 QUESTION14 -1 2.135e+02 4.828e+01)))
|        ( QUESTION4 -1 -5.701e+03 4.862e+02 2.401e+01
|            ( - 1.776e+02 1 0)
|            ( QUESTION0_17_R 1 -5.392e+03 2.421e+02 2.301e+01
|                ( - -1.625e+03 1 0)
|                ( - -3.525e+03 2 0 QUESTION0_9_R 1 2.193e+02 1.600e+01)))))
s>    ( WDBNDRY_B 0 -5.633e+04 8.351e+02 2.330e+02
s>        ( - -2.419e+04 1 0)
s>        ( QUESTION13 -1 -3.131e+04 5.762e+02 1.261e+02
s>            ( QUESTION0_17_R 1 -2.503e+04 5.471e+02 1.021e+02
s>                ( QUESTION14 -1 -6.285e+03 2.552e+02 2.773e+01
s>                    ( - -5.004e+03 1 0)
s>                    ( - -1.026e+03 1 0))
s>                ( QUESTION0_9_R 1 -1.820e+04 4.102e+02 7.438e+01
s>                    ( - -6.482e+03 1 0)
s>                    ( - -1.131e+04 4 0 QUESTION14 -1 2.135e+02 4.828e+01)))
s>            ( QUESTION4 -1 -5.701e+03 4.862e+02 2.401e+01
s>                ( - 1.776e+02 1 0)
s>                ( QUESTION0_17_R 1 -5.392e+03 2.421e+02 2.301e+01
s>                    ( - -1.625e+03 1 0)
s>                    ( - -3.525e+03 2 0 QUESTION0_9_R 1 2.193e+02 1.600e+01)))))INFO: dtree.c(1315): Comp split 11
INFO: dtree.c(1439): stop. leaf nodes are specific
INFO: dtree.c(1478): Final simple tree
|( QUESTION0_19_R 1 -1.190e+05 3.457e+02 5.286e+02
|    ( - -8.843e+04 1 0)
|    ( QUESTION0_14_R 1 -3.028e+04 2.191e+02 1.365e+02
|        ( - -1.232e+04 1 0)
|        ( - -1.774e+04 1 0)))
s>    ( QUESTION0_19_R 1 -1.190e+05 3.457e+02 5.286e+02
s>        ( - -8.843e+04 1 0)
s>        ( QUESTION0_14_R 1 -3.028e+04 2.191e+02 1.365e+02
s>            ( - -1.232e+04 1 0)
s>            ( - -1.774e+04 1 0)))INFO: dtree.c(1315): Comp split 12
INFO: dtree.c(1439): stop. leaf nodes are specific
INFO: dtree.c(1478): Final simple tree
|( QUESTION14 -1 -3.103e+04 5.799e+02 1.347e+02
|    ( - -5.004e+03 1 0)
|    ( WDBNDRY_B 0 -2.545e+04 2.336e+02 1.119e+02
|        ( - -2.419e+04 1 0)
|        ( - -1.026e+03 1 0)))
s>    ( QUESTION14 -1 -3.103e+04 5.799e+02 1.347e+02
s>        ( - -5.004e+03 1 0)
s>        ( WDBNDRY_B 0 -2.545e+04 2.336e+02 1.119e+02
s>            ( - -2.419e+04 1 0)
s>            ( - -1.026e+03 1 0)))INFO: dtree.c(1478): Final simple tree
|( QUESTION13 -1 -2.445e+04 5.517e+02 9.838e+01
|    ( QUESTION0_9_R 1 -1.820e+04 4.102e+02 7.438e+01
|        ( - -6.482e+03 1 0)
|        ( QUESTION14 -1 -1.131e+04 2.135e+02 4.828e+01
|            ( - -5.347e+03 2 0)
|            ( QUESTION0_14_R 1 -5.746e+03 9.251e+01 2.545e+01
|                ( - -5.034e+03 1 0)
|                ( - -6.198e+02 1 0))))
|    ( QUESTION4 -1 -5.701e+03 4.862e+02 2.401e+01
|        ( - 1.776e+02 1 0)
|        ( QUESTION0_17_R 1 -5.392e+03 2.421e+02 2.301e+01
|            ( - -1.625e+03 1 0)
|            ( QUESTION0_9_R 1 -3.525e+03 2.193e+02 1.600e+01
|                ( - -2.844e+02 1 0)
|                ( - -3.021e+03 1 0)))))
s>    ( QUESTION13 -1 -2.445e+04 5.517e+02 9.838e+01
s>        ( QUESTION0_9_R 1 -1.820e+04 4.102e+02 7.438e+01
s>            ( - -6.482e+03 1 0)
s>            ( QUESTION14 -1 -1.131e+04 2.135e+02 4.828e+01
s>                ( - -5.347e+03 2 0)
s>                ( QUESTION0_14_R 1 -5.746e+03 9.251e+01 2.545e+01
s>                    ( - -5.034e+03 1 0)
s>                    ( - -6.198e+02 1 0))))
s>        ( QUESTION4 -1 -5.701e+03 4.862e+02 2.401e+01
s>            ( - 1.776e+02 1 0)
s>            ( QUESTION0_17_R 1 -5.392e+03 2.421e+02 2.301e+01
s>                ( - -1.625e+03 1 0)
s>                ( QUESTION0_9_R 1 -3.525e+03 2.193e+02 1.600e+01
s>                    ( - -2.844e+02 1 0)
s>                    ( - -3.021e+03 1 0)))))INFO: dtree.c(1315): Comp split 13
INFO: dtree.c(1439): stop. leaf nodes are specific
INFO: dtree.c(1478): Final simple tree
|( QUESTION0_14_R 1 -2.095e+04 2.119e+02 8.770e+01
|    ( - -3.349e+02 1 0)
|    ( - -2.040e+04 1 0))
s>    ( QUESTION0_14_R 1 -2.095e+04 2.119e+02 8.770e+01
s>        ( - -3.349e+02 1 0)
s>        ( - -2.040e+04 1 0))INFO: dtree.c(1478): Final simple tree
|( QUESTION0_17_R 1 -7.088e+04 4.327e+02 2.926e+02
|    ( QUESTION2_6_L -1 -6.345e+04 2.901e+02 2.634e+02
|        ( - -3.691e+04 1 0)
|        ( QUESTION16 -1 -2.625e+04 2.018e+02 1.094e+02
|            ( - -1.101e+04 1 0)
|            ( QUESTION2_10_L -1 -1.504e+04 1.440e+02 6.272e+01
|                ( - -7.709e+03 3 0)
|                ( - -7.183e+03 3 0 QUESTION11 -1 1.162e+02 2.969e+01))))
|    ( QUESTION14 -1 -7.003e+03 2.385e+02 2.924e+01
|        ( - -5.082e+02 1 0)
|        ( QUESTION0_0_R 1 -6.256e+03 1.851e+02 2.624e+01
|            ( - -8.578e+02 1 0)
|            ( SILENCE -1 -5.213e+03 1.437e+02 2.224e+01
|                ( - -4.361e+03 1 0)
|                ( - -7.087e+02 1 0)))))
s>    ( QUESTION0_17_R 1 -7.088e+04 4.327e+02 2.926e+02
s>        ( QUESTION2_6_L -1 -6.345e+04 2.901e+02 2.634e+02
s>            ( - -3.691e+04 1 0)
s>            ( QUESTION16 -1 -2.625e+04 2.018e+02 1.094e+02
s>                ( - -1.101e+04 1 0)
s>                ( QUESTION2_10_L -1 -1.504e+04 1.440e+02 6.272e+01
s>                    ( - -7.709e+03 3 0)
s>                    ( - -7.183e+03 3 0 QUESTION11 -1 1.162e+02 2.969e+01))))
s>        ( QUESTION14 -1 -7.003e+03 2.385e+02 2.924e+01
s>            ( - -5.082e+02 1 0)
s>            ( QUESTION0_0_R 1 -6.256e+03 1.851e+02 2.624e+01
s>                ( - -8.578e+02 1 0)
s>                ( SILENCE -1 -5.213e+03 1.437e+02 2.224e+01
s>                    ( - -4.361e+03 1 0)
s>                    ( - -7.087e+02 1 0)))))INFO: dtree.c(1315): Comp split 14
INFO: dtree.c(1439): stop. leaf nodes are specific
INFO: dtree.c(1478): Final simple tree
|( QUESTION0_14_R 1 -9.322e+04 2.956e+02 3.986e+02
|    ( - -7.022e+03 1 0)
|    ( QUESTION0_19_R 1 -8.590e+04 8.853e+01 3.668e+02
|        ( - -8.382e+04 1 0)
|        ( - -1.992e+03 1 0)))
s>    ( QUESTION0_14_R 1 -9.322e+04 2.956e+02 3.986e+02
s>        ( - -7.022e+03 1 0)
s>        ( QUESTION0_19_R 1 -8.590e+04 8.853e+01 3.668e+02
s>            ( - -8.382e+04 1 0)
s>            ( - -1.992e+03 1 0)))INFO: dtree.c(1315): Comp split 15
INFO: dtree.c(1439): stop. leaf nodes are specific
INFO: dtree.c(1478): Final simple tree
|( WDBNDRY_B 0 -2.545e+04 2.336e+02 1.119e+02
|    ( - -2.419e+04 1 0)
|    ( - -1.026e+03 1 0))
s>    ( WDBNDRY_B 0 -2.545e+04 2.336e+02 1.119e+02
s>        ( - -2.419e+04 1 0)
s>        ( - -1.026e+03 1 0))INFO: dtree.c(1315): Comp split 16
INFO: dtree.c(1439): stop. leaf nodes are specific
INFO: dtree.c(1478): Final simple tree
|( QUESTION4 -1 -5.701e+03 4.862e+02 2.401e+01
|    ( - 1.776e+02 1 0)
|    ( QUESTION0_17_R 1 -5.392e+03 2.421e+02 2.301e+01
|        ( - -1.625e+03 1 0)
|        ( QUESTION0_9_R 1 -3.525e+03 2.193e+02 1.600e+01
|            ( - -2.844e+02 1 0)
|            ( - -3.021e+03 1 0))))
s>    ( QUESTION4 -1 -5.701e+03 4.862e+02 2.401e+01
s>        ( - 1.776e+02 1 0)
s>        ( QUESTION0_17_R 1 -5.392e+03 2.421e+02 2.301e+01
s>            ( - -1.625e+03 1 0)
s>            ( QUESTION0_9_R 1 -3.525e+03 2.193e+02 1.600e+01
s>                ( - -2.844e+02 1 0)
s>                ( - -3.021e+03 1 0))))INFO: dtree.c(1439): stop. leaf nodes are specific
INFO: dtree.c(1478): Final simple tree
|( QUESTION0_9_R 1 -1.820e+04 4.102e+02 7.438e+01
|    ( - -6.482e+03 1 0)
|    ( QUESTION14 -1 -1.131e+04 2.135e+02 4.828e+01
|        ( - -5.347e+03 2 0)
|        ( QUESTION0_14_R 1 -5.746e+03 9.251e+01 2.545e+01
|            ( - -5.034e+03 1 0)
|            ( - -6.198e+02 1 0))))
s>    ( QUESTION0_9_R 1 -1.820e+04 4.102e+02 7.438e+01
s>        ( - -6.482e+03 1 0)
s>        ( QUESTION14 -1 -1.131e+04 2.135e+02 4.828e+01
s>            ( - -5.347e+03 2 0)
s>            ( QUESTION0_14_R 1 -5.746e+03 9.251e+01 2.545e+01
s>                ( - -5.034e+03 1 0)
s>                ( - -6.198e+02 1 0))))INFO: dtree.c(1315): Comp split 17
INFO: dtree.c(1439): stop. leaf nodes are specific
INFO: dtree.c(1478): Final simple tree
|( QUESTION15 1 -8.510e+05 3.770e+02 3.565e+03
|    ( - -3.453e+04 3 0)
|    ( QUESTION0_17_R 1 -8.161e+05 2.142e+02 3.414e+03
|        ( - -7.657e+05 4 0)
|        ( WDBNDRY_B 0 -5.020e+04 1.441e+02 2.079e+02
|            ( - -1.300e+03 1 0)
|            ( - -4.875e+04 4 0))))
s>    ( QUESTION15 1 -8.510e+05 3.770e+02 3.565e+03
s>        ( - -3.453e+04 3 0)
s>        ( QUESTION0_17_R 1 -8.161e+05 2.142e+02 3.414e+03
s>            ( - -7.657e+05 4 0)
s>            ( WDBNDRY_B 0 -5.020e+04 1.441e+02 2.079e+02
s>                ( - -1.300e+03 1 0)
s>                ( - -4.875e+04 4 0))))INFO: dtree.c(1315): Comp split 18
INFO: dtree.c(1315): Comp split 19
INFO: dtree.c(1439): stop. leaf nodes are specific
INFO: dtree.c(1478): Final simple tree
|( QUESTION0_17_R 1 -5.392e+03 2.421e+02 2.301e+01
|    ( - -1.625e+03 1 0)
|    ( QUESTION0_9_R 1 -3.525e+03 2.193e+02 1.600e+01
|        ( - -2.844e+02 1 0)
|        ( - -3.021e+03 1 0)))
s>    ( QUESTION0_17_R 1 -5.392e+03 2.421e+02 2.301e+01
s>        ( - -1.625e+03 1 0)
s>        ( QUESTION0_9_R 1 -3.525e+03 2.193e+02 1.600e+01
s>            ( - -2.844e+02 1 0)
s>            ( - -3.021e+03 1 0)))INFO: dtree.c(1315): Comp split 20
INFO: dtree.c(1315): Comp split 21
INFO: dtree.c(1439): stop. leaf nodes are specific
INFO: dtree.c(1478): Final simple tree
|( QUESTION2_6_L -1 -6.446e+04 3.020e+02 2.674e+02
|    ( - -3.691e+04 1 0)
|    ( QUESTION16 -1 -2.725e+04 2.061e+02 1.134e+02
|        ( - -1.101e+04 1 0)
|        ( QUESTION11 -1 -1.604e+04 1.423e+02 6.672e+01
|            ( QUESTION0_0_R 1 -1.838e+03 1.271e+02 8.006e+00
|                ( - -8.578e+02 1 0)
|                ( - -8.530e+02 1 0))
|            ( QUESTION2_10_L -1 -1.406e+04 1.331e+02 5.871e+01
|                ( - -7.709e+03 3 0)
|                ( QUESTION2 -1 -6.214e+03 1.076e+02 2.568e+01
|                    ( - -4.172e+02 1 0)
|                    ( - -5.689e+03 1 0))))))
s>    ( QUESTION2_6_L -1 -6.446e+04 3.020e+02 2.674e+02
s>        ( - -3.691e+04 1 0)
s>        ( QUESTION16 -1 -2.725e+04 2.061e+02 1.134e+02
s>            ( - -1.101e+04 1 0)
s>            ( QUESTION11 -1 -1.604e+04 1.423e+02 6.672e+01
s>                ( QUESTION0_0_R 1 -1.838e+03 1.271e+02 8.006e+00
s>                    ( - -8.578e+02 1 0)
s>                    ( - -8.530e+02 1 0))
s>                ( QUESTION2_10_L -1 -1.406e+04 1.331e+02 5.871e+01
s>                    ( - -7.709e+03 3 0)
s>                    ( QUESTION2 -1 -6.214e+03 1.076e+02 2.568e+01
s>                        ( - -4.172e+02 1 0)
s>                        ( - -5.689e+03 1 0))))))INFO: dtree.c(1439): stop. leaf nodes are specific
INFO: dtree.c(1478): Final simple tree
|( QUESTION14 -1 -5.980e+03 2.586e+02 2.524e+01
|    ( - -5.082e+02 1 0)
|    ( SILENCE -1 -5.213e+03 1.437e+02 2.224e+01
|        ( - -4.361e+03 1 0)
|        ( - -7.087e+02 1 0)))
s>    ( QUESTION14 -1 -5.980e+03 2.586e+02 2.524e+01
s>        ( - -5.082e+02 1 0)
s>        ( SILENCE -1 -5.213e+03 1.437e+02 2.224e+01
s>            ( - -4.361e+03 1 0)
s>            ( - -7.087e+02 1 0)))INFO: dtree.c(1315): Comp split 22
INFO: dtree.c(1439): stop. leaf nodes are specific
INFO: dtree.c(1478): Final simple tree
|( QUESTION14 -1 -1.131e+04 2.135e+02 4.828e+01
|    ( - -5.347e+03 2 0)
|    ( QUESTION0_14_R 1 -5.746e+03 9.251e+01 2.545e+01
|        ( - -5.034e+03 1 0)
|        ( - -6.198e+02 1 0)))
s>    ( QUESTION14 -1 -1.131e+04 2.135e+02 4.828e+01
s>        ( - -5.347e+03 2 0)
s>        ( QUESTION0_14_R 1 -5.746e+03 9.251e+01 2.545e+01
s>            ( - -5.034e+03 1 0)
s>            ( - -6.198e+02 1 0)))INFO: dtree.c(1315): Comp split 23
INFO: dtree.c(1439): stop. leaf nodes are specific
INFO: dtree.c(1478): Final simple tree
|( QUESTION0_17_R 1 -8.161e+05 2.142e+02 3.414e+03
|    ( - -7.657e+05 4 0)
|    ( WDBNDRY_B 0 -5.020e+04 1.441e+02 2.079e+02
|        ( - -1.300e+03 1 0)
|        ( - -4.875e+04 4 0)))
s>    ( QUESTION0_17_R 1 -8.161e+05 2.142e+02 3.414e+03
s>        ( - -7.657e+05 4 0)
s>        ( WDBNDRY_B 0 -5.020e+04 1.441e+02 2.079e+02
s>            ( - -1.300e+03 1 0)
s>            ( - -4.875e+04 4 0)))INFO: dtree.c(1315): Comp split 24
INFO: dtree.c(1439): stop. leaf nodes are specific
INFO: dtree.c(1478): Final simple tree
|( QUESTION2 -1 -1.626e+05 2.142e+02 7.240e+02
|    ( - -3.146e+02 1 0)
|    ( - -1.620e+05 6 0))
s>    ( QUESTION2 -1 -1.626e+05 2.142e+02 7.240e+02
s>        ( - -3.146e+02 1 0)
s>        ( - -1.620e+05 6 0))INFO: dtree.c(1315): Comp split 25
INFO: dtree.c(1439): stop. leaf nodes are specific
INFO: dtree.c(1478): Final simple tree
|( QUESTION0_14_R 1 -3.028e+04 2.191e+02 1.365e+02
|    ( - -1.232e+04 1 0)
|    ( - -1.774e+04 1 0))
s>    ( QUESTION0_14_R 1 -3.028e+04 2.191e+02 1.365e+02
s>        ( - -1.232e+04 1 0)
s>        ( - -1.774e+04 1 0))INFO: dtree.c(1315): Comp split 26
INFO: dtree.c(1439): stop. leaf nodes are specific
INFO: dtree.c(1478): Final simple tree
|( QUESTION16 -1 -2.725e+04 2.061e+02 1.134e+02
|    ( - -1.101e+04 1 0)
|    ( QUESTION11 -1 -1.604e+04 1.423e+02 6.672e+01
|        ( QUESTION0_0_R 1 -1.838e+03 1.271e+02 8.006e+00
|            ( - -8.578e+02 1 0)
|            ( - -8.530e+02 1 0))
|        ( QUESTION2_10_L -1 -1.406e+04 1.331e+02 5.871e+01
|            ( - -7.709e+03 3 0)
|            ( QUESTION2 -1 -6.214e+03 1.076e+02 2.568e+01
|                ( - -4.172e+02 1 0)
|                ( - -5.689e+03 1 0)))))
s>    ( QUESTION16 -1 -2.725e+04 2.061e+02 1.134e+02
s>        ( - -1.101e+04 1 0)
s>        ( QUESTION11 -1 -1.604e+04 1.423e+02 6.672e+01
s>            ( QUESTION0_0_R 1 -1.838e+03 1.271e+02 8.006e+00
s>                ( - -8.578e+02 1 0)
s>                ( - -8.530e+02 1 0))
s>            ( QUESTION2_10_L -1 -1.406e+04 1.331e+02 5.871e+01
s>                ( - -7.709e+03 3 0)
s>                ( QUESTION2 -1 -6.214e+03 1.076e+02 2.568e+01
s>                    ( - -4.172e+02 1 0)
s>                    ( - -5.689e+03 1 0)))))INFO: dtree.c(1315): Comp split 27
INFO: dtree.c(1439): stop. leaf nodes are specific
INFO: dtree.c(1478): Final simple tree
|( QUESTION0_19_R 1 -8.590e+04 8.853e+01 3.668e+02
|    ( - -8.382e+04 1 0)
|    ( - -1.992e+03 1 0))
s>    ( QUESTION0_19_R 1 -8.590e+04 8.853e+01 3.668e+02
s>        ( - -8.382e+04 1 0)
s>        ( - -1.992e+03 1 0))INFO: dtree.c(1315): Comp split 28
INFO: dtree.c(1315): Comp split 29
INFO: dtree.c(1439): stop. leaf nodes are specific
INFO: dtree.c(1478): Final simple tree
|( SILENCE -1 -5.213e+03 1.437e+02 2.224e+01
|    ( - -4.361e+03 1 0)
|    ( - -7.087e+02 1 0))
s>    ( SILENCE -1 -5.213e+03 1.437e+02 2.224e+01
s>        ( - -4.361e+03 1 0)
s>        ( - -7.087e+02 1 0))INFO: dtree.c(1315): Comp split 30
INFO: dtree.c(1439): stop. leaf nodes are specific
INFO: dtree.c(1478): Final simple tree
|( QUESTION0_9_R 1 -3.525e+03 2.193e+02 1.600e+01
|    ( - -2.844e+02 1 0)
|    ( - -3.021e+03 1 0))
s>    ( QUESTION0_9_R 1 -3.525e+03 2.193e+02 1.600e+01
s>        ( - -2.844e+02 1 0)
s>        ( - -3.021e+03 1 0))INFO: dtree.c(1315): Comp split 31
INFO: dtree.c(1315): Comp split 32
INFO: dtree.c(1315): Comp split 33
INFO: dtree.c(1315): Comp split 34
INFO: dtree.c(1439): stop. leaf nodes are specific
INFO: dtree.c(1478): Final simple tree
|( WDBNDRY_B 0 -5.020e+04 1.441e+02 2.079e+02
|    ( - -1.300e+03 1 0)
|    ( - -4.875e+04 4 0))
s>    ( WDBNDRY_B 0 -5.020e+04 1.441e+02 2.079e+02
s>        ( - -1.300e+03 1 0)
s>        ( - -4.875e+04 4 0))INFO: dtree.c(1315): Comp split 35
INFO: dtree.c(1315): Comp split 36
INFO: dtree.c(1439): stop. leaf nodes are specific
INFO: dtree.c(1478): Final simple tree
|( QUESTION0_14_R 1 -5.746e+03 9.251e+01 2.545e+01
|    ( - -5.034e+03 1 0)
|    ( - -6.198e+02 1 0))
s>    ( QUESTION0_14_R 1 -5.746e+03 9.251e+01 2.545e+01
s>        ( - -5.034e+03 1 0)
s>        ( - -6.198e+02 1 0))INFO: dtree.c(1315): Comp split 37
INFO: dtree.c(1315): Comp split 38
INFO: dtree.c(1439): stop. leaf nodes are specific
INFO: dtree.c(1478): Final simple tree
|( QUESTION11 -1 -1.604e+04 1.423e+02 6.672e+01
|    ( QUESTION0_0_R 1 -1.838e+03 1.271e+02 8.006e+00
|        ( - -8.578e+02 1 0)
|        ( - -8.530e+02 1 0))
|    ( QUESTION2_10_L -1 -1.406e+04 1.331e+02 5.871e+01
|        ( - -7.709e+03 3 0)
|        ( QUESTION2 -1 -6.214e+03 1.076e+02 2.568e+01
|            ( - -4.172e+02 1 0)
|            ( - -5.689e+03 1 0))))
s>    ( QUESTION11 -1 -1.604e+04 1.423e+02 6.672e+01
s>        ( QUESTION0_0_R 1 -1.838e+03 1.271e+02 8.006e+00
s>            ( - -8.578e+02 1 0)
s>            ( - -8.530e+02 1 0))
s>        ( QUESTION2_10_L -1 -1.406e+04 1.331e+02 5.871e+01
s>            ( - -7.709e+03 3 0)
s>            ( QUESTION2 -1 -6.214e+03 1.076e+02 2.568e+01
s>                ( - -4.172e+02 1 0)
s>                ( - -5.689e+03 1 0))))INFO: dtree.c(1315): Comp split 39
INFO: dtree.c(1439): stop. leaf nodes are specific
INFO: dtree.c(1478): Final simple tree
|( QUESTION0_0_R 1 -8.705e+03 1.372e+02 3.703e+01
|    ( - -8.578e+02 1 0)
|    ( - -7.709e+03 3 0))
s>    ( QUESTION0_0_R 1 -8.705e+03 1.372e+02 3.703e+01
s>        ( - -8.578e+02 1 0)
s>        ( - -7.709e+03 3 0))INFO: dtree.c(1439): stop. leaf nodes are specific
INFO: dtree.c(1478): Final simple tree
|( QUESTION11 -1 -7.183e+03 1.162e+02 2.969e+01
|    ( - -8.530e+02 1 0)
|    ( QUESTION2 -1 -6.214e+03 1.076e+02 2.568e+01
|        ( - -4.172e+02 1 0)
|        ( - -5.689e+03 1 0)))
s>    ( QUESTION11 -1 -7.183e+03 1.162e+02 2.969e+01
s>        ( - -8.530e+02 1 0)
s>        ( QUESTION2 -1 -6.214e+03 1.076e+02 2.568e+01
s>            ( - -4.172e+02 1 0)
s>            ( - -5.689e+03 1 0)))INFO: dtree.c(1315): Comp split 40
INFO: dtree.c(1315): Comp split 41
INFO: dtree.c(1315): Comp split 42
INFO: dtree.c(1315): Comp split 43
INFO: dtree.c(1315): Comp split 44
INFO: dtree.c(1439): stop. leaf nodes are specific
INFO: dtree.c(1478): Final simple tree
|( QUESTION2 -1 -6.214e+03 1.076e+02 2.568e+01
|    ( - -4.172e+02 1 0)
|    ( - -5.689e+03 1 0))
s>    ( QUESTION2 -1 -6.214e+03 1.076e+02 2.568e+01
s>        ( - -4.172e+02 1 0)
s>        ( - -5.689e+03 1 0))INFO: dtree.c(1315): Comp split 45
INFO: dtree.c(1315): Comp split 46
INFO: dtree.c(1315): Comp split 47
INFO: dtree.c(1315): Comp split 48
INFO: dtree.c(1318): stop. leaf nodes are specific
Fri Jan  6 22:28:28 2023
