Current configuration:
[NAME]		[DEFLT]	[VALUE]
-allphones	no	no
-cntthresh	0.00001	1.000000e-05
-csplitmax	100	2000
-csplitmin	1	1
-csplitthr	8e-4	0.000000e+00
-example	no	no
-fullvar	no	no
-help		no	no
-meanfn			/mnt/c/users/robin/onedrive/desktop/cmu/Cebuano/model_parameters/Cebuano.cd_cont_untied/means
-mixwfn			/mnt/c/users/robin/onedrive/desktop/cmu/Cebuano/model_parameters/Cebuano.cd_cont_untied/mixture_weights
-moddeffn		/mnt/c/users/robin/onedrive/desktop/cmu/Cebuano/model_architecture/Cebuano.untied.mdef
-mwfloor	1e-4	1.000000e-08
-phone			CH
-psetfn			/mnt/c/users/robin/onedrive/desktop/cmu/Cebuano/model_architecture/Cebuano.tree_questions
-ssplitmax	5	7
-ssplitmin	1	1
-ssplitthr	8e-4	0.000000e+00
-state			1
-stwt			1.0,0.05,0.0,
-treefn			/mnt/c/users/robin/onedrive/desktop/cmu/Cebuano/trees/Cebuano.unpruned/CH-1.dtree
-ts2cbfn	.semi.	.cont.
-varfloor	0.00001	1.000000e-05
-varfn			/mnt/c/users/robin/onedrive/desktop/cmu/Cebuano/model_parameters/Cebuano.cd_cont_untied/variances

INFO: main.c(223): Reading: /mnt/c/users/robin/onedrive/desktop/cmu/Cebuano/model_architecture/Cebuano.untied.mdef
INFO: model_def_io.c(573): Model definition info:
INFO: model_def_io.c(574): 7744 total models defined (40 base, 7704 tri)
INFO: model_def_io.c(575): 30976 total states
INFO: model_def_io.c(576): 23232 total tied states
INFO: model_def_io.c(577): 120 total tied CI states
INFO: model_def_io.c(578): 40 total tied transition matrices
INFO: model_def_io.c(579): 4 max state/model
INFO: model_def_io.c(580): 4 min state/model
INFO: main.c(242): Building trees for [CH AA AH i] through [CH UH F e]
INFO: main.c(268): Covering states |[6087 6140]| == 54
INFO: main.c(275): Reading: /mnt/c/users/robin/onedrive/desktop/cmu/Cebuano/model_parameters/Cebuano.cd_cont_untied/mixture_weights
INFO: s3mixw_io.c(172): Read /mnt/c/users/robin/onedrive/desktop/cmu/Cebuano/model_parameters/Cebuano.cd_cont_untied/mixture_weights [54x1x1 array]
INFO: main.c(311): 18 of 18 models have observation count greater than 0.000010
INFO: main.c(95): nrm stwt: 0.045 0.909 0.045 
INFO: s3gau_io.c(168): Read /mnt/c/users/robin/onedrive/desktop/cmu/Cebuano/model_parameters/Cebuano.cd_cont_untied/means [23232x1x1 array]
INFO: s3gau_io.c(168): Read /mnt/c/users/robin/onedrive/desktop/cmu/Cebuano/model_parameters/Cebuano.cd_cont_untied/variances [23232x1x1 array]
INFO: main.c(549): Reading: /mnt/c/users/robin/onedrive/desktop/cmu/Cebuano/model_architecture/Cebuano.tree_questions
INFO: main.c(587): 180 total simple questions (172 phone; 8 word bndry)
INFO: main.c(589): 42 Left Only questions, and 42 Right Only questions
INFO: dtree.c(1478): Final simple tree
|( QUESTION0_11_R 1 -2.123e+05 6.890e+02 9.599e+02
|    ( - -9.121e+04 2 0)
|    ( QUESTION1 -1 -1.204e+05 5.974e+02 5.455e+02
|        ( QUESTION14 -1 -3.387e+04 3.234e+02 1.567e+02
|            ( - -1.719e+04 4 0 WDBNDRY_B 0 2.143e+02 8.141e+01)
|            ( - -1.636e+04 5 0 WDBNDRY_B 0 2.142e+02 7.527e+01))
|        ( QUESTION2_13_L -1 -8.597e+04 5.087e+02 3.889e+02
|            ( - -1.769e+02 1 0)
|            ( WDBNDRY_B 0 -8.528e+04 4.355e+02 3.879e+02
|                ( - -1.781e+04 2 0 SILENCE -1 1.423e+02 7.848e+01)
|                ( WDBNDRY_E 0 -6.704e+04 3.190e+02 3.094e+02
|                    ( - -3.302e+04 1 0)
|                    ( QUESTION0_14_R 1 -3.370e+04 2.926e+02 1.557e+02
|                        ( - -3.126e+04 2 0)
|                        ( - -2.156e+03 1 0)))))))
s>    ( QUESTION0_11_R 1 -2.123e+05 6.890e+02 9.599e+02
s>        ( - -9.121e+04 2 0)
s>        ( QUESTION1 -1 -1.204e+05 5.974e+02 5.455e+02
s>            ( QUESTION14 -1 -3.387e+04 3.234e+02 1.567e+02
s>                ( - -1.719e+04 4 0 WDBNDRY_B 0 2.143e+02 8.141e+01)
s>                ( - -1.636e+04 5 0 WDBNDRY_B 0 2.142e+02 7.527e+01))
s>            ( QUESTION2_13_L -1 -8.597e+04 5.087e+02 3.889e+02
s>                ( - -1.769e+02 1 0)
s>                ( WDBNDRY_B 0 -8.528e+04 4.355e+02 3.879e+02
s>                    ( - -1.781e+04 2 0 SILENCE -1 1.423e+02 7.848e+01)
s>                    ( WDBNDRY_E 0 -6.704e+04 3.190e+02 3.094e+02
s>                        ( - -3.302e+04 1 0)
s>                        ( QUESTION0_14_R 1 -3.370e+04 2.926e+02 1.557e+02
s>                            ( - -3.126e+04 2 0)
s>                            ( - -2.156e+03 1 0)))))))INFO: dtree.c(1315): Comp split 0
INFO: dtree.c(1439): stop. leaf nodes are specific
INFO: dtree.c(1478): Final simple tree
|( WDBNDRY_B 0 -8.463e+04 4.196e+02 3.908e+02
|    ( - -1.323e+04 1 0)
|    ( QUESTION0_14_R 1 -7.099e+04 3.157e+02 3.264e+02
|        ( QUESTION0 -1 -3.215e+04 1.134e+02 1.500e+02
|            ( - -3.126e+04 2 0)
|            ( - -7.843e+02 1 0))
|        ( WDBNDRY_E 0 -3.852e+04 3.430e+02 1.764e+02
|            ( - -3.302e+04 1 0)
|            ( QUESTION0 -1 -5.159e+03 1.789e+02 2.273e+01
|                ( - -2.156e+03 1 0)
|                ( QUESTION0_9_R 1 -2.825e+03 1.551e+02 1.300e+01
|                    ( - -9.062e+02 1 0)
|                    ( - -1.763e+03 1 0))))))
s>    ( WDBNDRY_B 0 -8.463e+04 4.196e+02 3.908e+02
s>        ( - -1.323e+04 1 0)
s>        ( QUESTION0_14_R 1 -7.099e+04 3.157e+02 3.264e+02
s>            ( QUESTION0 -1 -3.215e+04 1.134e+02 1.500e+02
s>                ( - -3.126e+04 2 0)
s>                ( - -7.843e+02 1 0))
s>            ( WDBNDRY_E 0 -3.852e+04 3.430e+02 1.764e+02
s>                ( - -3.302e+04 1 0)
s>                ( QUESTION0 -1 -5.159e+03 1.789e+02 2.273e+01
s>                    ( - -2.156e+03 1 0)
s>                    ( QUESTION0_9_R 1 -2.825e+03 1.551e+02 1.300e+01
s>                        ( - -9.062e+02 1 0)
s>                        ( - -1.763e+03 1 0))))))INFO: dtree.c(1478): Final simple tree
|( QUESTION2_15_L -1 -1.268e+05 5.005e+02 5.691e+02
|    ( - -1.769e+02 1 0)
|    ( QUESTION0_14_R 1 -1.261e+05 3.840e+02 5.681e+02
|        ( SILENCE -1 -2.598e+04 3.173e+02 1.153e+02
|            ( - -1.553e+04 1 0)
|            ( QUESTION12 -1 -1.013e+04 1.524e+02 4.679e+01
|                ( - -5.804e+03 1 0)
|                ( - -4.170e+03 2 0 WDBNDRY_B 0 9.218e+01 1.900e+01)))
|        ( QUESTION0_11_R 1 -9.972e+04 2.399e+02 4.528e+02
|            ( - -9.121e+04 2 0)
|            ( QUESTION0_9_R 1 -8.263e+03 1.559e+02 3.848e+01
|                ( - -2.591e+03 1 0)
|                ( WDBNDRY_E 0 -5.516e+03 1.135e+02 2.548e+01
|                    ( - -4.264e+03 1 0)
|                    ( - -1.138e+03 1 0))))))
s>    ( QUESTION2_15_L -1 -1.268e+05 5.005e+02 5.691e+02
s>        ( - -1.769e+02 1 0)
s>        ( QUESTION0_14_R 1 -1.261e+05 3.840e+02 5.681e+02
s>            ( SILENCE -1 -2.598e+04 3.173e+02 1.153e+02
s>                ( - -1.553e+04 1 0)
s>                ( QUESTION12 -1 -1.013e+04 1.524e+02 4.679e+01
s>                    ( - -5.804e+03 1 0)
s>                    ( - -4.170e+03 2 0 WDBNDRY_B 0 9.218e+01 1.900e+01)))
s>            ( QUESTION0_11_R 1 -9.972e+04 2.399e+02 4.528e+02
s>                ( - -9.121e+04 2 0)
s>                ( QUESTION0_9_R 1 -8.263e+03 1.559e+02 3.848e+01
s>                    ( - -2.591e+03 1 0)
s>                    ( WDBNDRY_E 0 -5.516e+03 1.135e+02 2.548e+01
s>                        ( - -4.264e+03 1 0)
s>                        ( - -1.138e+03 1 0))))))INFO: dtree.c(1315): Comp split 1
INFO: dtree.c(1478): Final simple tree
|( QUESTION0_14_R 1 -1.261e+05 3.840e+02 5.681e+02
|    ( SILENCE -1 -2.598e+04 3.173e+02 1.153e+02
|        ( - -1.553e+04 1 0)
|        ( QUESTION12 -1 -1.013e+04 1.524e+02 4.679e+01
|            ( - -5.804e+03 1 0)
|            ( WDBNDRY_B 0 -4.170e+03 9.218e+01 1.900e+01
|                ( - -2.131e+03 1 0)
|                ( - -1.947e+03 1 0))))
|    ( QUESTION0_11_R 1 -9.972e+04 2.399e+02 4.528e+02
|        ( - -9.121e+04 2 0)
|        ( QUESTION0_9_R 1 -8.263e+03 1.559e+02 3.848e+01
|            ( - -2.591e+03 1 0)
|            ( WDBNDRY_E 0 -5.516e+03 1.135e+02 2.548e+01
|                ( - -4.264e+03 1 0)
|                ( - -1.138e+03 1 0)))))
s>    ( QUESTION0_14_R 1 -1.261e+05 3.840e+02 5.681e+02
s>        ( SILENCE -1 -2.598e+04 3.173e+02 1.153e+02
s>            ( - -1.553e+04 1 0)
s>            ( QUESTION12 -1 -1.013e+04 1.524e+02 4.679e+01
s>                ( - -5.804e+03 1 0)
s>                ( WDBNDRY_B 0 -4.170e+03 9.218e+01 1.900e+01
s>                    ( - -2.131e+03 1 0)
s>                    ( - -1.947e+03 1 0))))
s>        ( QUESTION0_11_R 1 -9.972e+04 2.399e+02 4.528e+02
s>            ( - -9.121e+04 2 0)
s>            ( QUESTION0_9_R 1 -8.263e+03 1.559e+02 3.848e+01
s>                ( - -2.591e+03 1 0)
s>                ( WDBNDRY_E 0 -5.516e+03 1.135e+02 2.548e+01
s>                    ( - -4.264e+03 1 0)
s>                    ( - -1.138e+03 1 0)))))INFO: dtree.c(1315): Comp split 2
INFO: dtree.c(1439): stop. leaf nodes are specific
INFO: dtree.c(1478): Final simple tree
|( QUESTION0_14_R 1 -7.099e+04 3.157e+02 3.264e+02
|    ( QUESTION0 -1 -3.215e+04 1.134e+02 1.500e+02
|        ( - -3.126e+04 2 0)
|        ( - -7.843e+02 1 0))
|    ( WDBNDRY_E 0 -3.852e+04 3.430e+02 1.764e+02
|        ( - -3.302e+04 1 0)
|        ( QUESTION0 -1 -5.159e+03 1.789e+02 2.273e+01
|            ( - -2.156e+03 1 0)
|            ( QUESTION0_9_R 1 -2.825e+03 1.551e+02 1.300e+01
|                ( - -9.062e+02 1 0)
|                ( - -1.763e+03 1 0)))))
s>    ( QUESTION0_14_R 1 -7.099e+04 3.157e+02 3.264e+02
s>        ( QUESTION0 -1 -3.215e+04 1.134e+02 1.500e+02
s>            ( - -3.126e+04 2 0)
s>            ( - -7.843e+02 1 0))
s>        ( WDBNDRY_E 0 -3.852e+04 3.430e+02 1.764e+02
s>            ( - -3.302e+04 1 0)
s>            ( QUESTION0 -1 -5.159e+03 1.789e+02 2.273e+01
s>                ( - -2.156e+03 1 0)
s>                ( QUESTION0_9_R 1 -2.825e+03 1.551e+02 1.300e+01
s>                    ( - -9.062e+02 1 0)
s>                    ( - -1.763e+03 1 0)))))INFO: dtree.c(1315): Comp split 3
INFO: dtree.c(1439): stop. leaf nodes are specific
INFO: dtree.c(1478): Final simple tree
|( WDBNDRY_B 0 -1.084e+05 3.504e+02 4.888e+02
|    ( - -1.553e+04 1 0)
|    ( QUESTION0_9_R 1 -9.247e+04 1.142e+02 4.203e+02
|        ( - -9.121e+04 2 0)
|        ( - -1.138e+03 1 0)))
s>    ( WDBNDRY_B 0 -1.084e+05 3.504e+02 4.888e+02
s>        ( - -1.553e+04 1 0)
s>        ( QUESTION0_9_R 1 -9.247e+04 1.142e+02 4.203e+02
s>            ( - -9.121e+04 2 0)
s>            ( - -1.138e+03 1 0)))INFO: dtree.c(1439): stop. leaf nodes are specific
INFO: dtree.c(1478): Final simple tree
|( QUESTION0_9_R 1 -1.732e+04 1.834e+02 7.927e+01
|    ( - -2.591e+03 1 0)
|    ( QUESTION12 -1 -1.455e+04 1.629e+02 6.627e+01
|        ( - -5.804e+03 1 0)
|        ( WDBNDRY_E 0 -8.579e+03 1.445e+02 3.849e+01
|            ( - -4.264e+03 1 0)
|            ( WDBNDRY_B 0 -4.170e+03 9.218e+01 1.900e+01
|                ( - -2.131e+03 1 0)
|                ( - -1.947e+03 1 0)))))
s>    ( QUESTION0_9_R 1 -1.732e+04 1.834e+02 7.927e+01
s>        ( - -2.591e+03 1 0)
s>        ( QUESTION12 -1 -1.455e+04 1.629e+02 6.627e+01
s>            ( - -5.804e+03 1 0)
s>            ( WDBNDRY_E 0 -8.579e+03 1.445e+02 3.849e+01
s>                ( - -4.264e+03 1 0)
s>                ( WDBNDRY_B 0 -4.170e+03 9.218e+01 1.900e+01
s>                    ( - -2.131e+03 1 0)
s>                    ( - -1.947e+03 1 0)))))INFO: dtree.c(1315): Comp split 4
INFO: dtree.c(1439): stop. leaf nodes are specific
INFO: dtree.c(1478): Final simple tree
|( QUESTION0_9_R 1 -9.247e+04 1.142e+02 4.203e+02
|    ( - -9.121e+04 2 0)
|    ( - -1.138e+03 1 0))
s>    ( QUESTION0_9_R 1 -9.247e+04 1.142e+02 4.203e+02
s>        ( - -9.121e+04 2 0)
s>        ( - -1.138e+03 1 0))INFO: dtree.c(1315): Comp split 5
INFO: dtree.c(1439): stop. leaf nodes are specific
INFO: dtree.c(1478): Final simple tree
|( QUESTION0 -1 -5.159e+03 1.789e+02 2.273e+01
|    ( - -2.156e+03 1 0)
|    ( QUESTION0_9_R 1 -2.825e+03 1.551e+02 1.300e+01
|        ( - -9.062e+02 1 0)
|        ( - -1.763e+03 1 0)))
s>    ( QUESTION0 -1 -5.159e+03 1.789e+02 2.273e+01
s>        ( - -2.156e+03 1 0)
s>        ( QUESTION0_9_R 1 -2.825e+03 1.551e+02 1.300e+01
s>            ( - -9.062e+02 1 0)
s>            ( - -1.763e+03 1 0)))INFO: dtree.c(1439): stop. leaf nodes are specific
INFO: dtree.c(1478): Final simple tree
|( WDBNDRY_E 0 -6.548e+04 3.100e+02 3.037e+02
|    ( - -3.302e+04 1 0)
|    ( QUESTION0 -1 -3.215e+04 1.134e+02 1.500e+02
|        ( - -3.126e+04 2 0)
|        ( - -7.843e+02 1 0)))
s>    ( WDBNDRY_E 0 -6.548e+04 3.100e+02 3.037e+02
s>        ( - -3.302e+04 1 0)
s>        ( QUESTION0 -1 -3.215e+04 1.134e+02 1.500e+02
s>            ( - -3.126e+04 2 0)
s>            ( - -7.843e+02 1 0)))INFO: dtree.c(1315): Comp split 6
INFO: dtree.c(1439): stop. leaf nodes are specific
INFO: dtree.c(1478): Final simple tree
|( QUESTION0 -1 -3.215e+04 1.134e+02 1.500e+02
|    ( - -3.126e+04 2 0)
|    ( - -7.843e+02 1 0))
s>    ( QUESTION0 -1 -3.215e+04 1.134e+02 1.500e+02
s>        ( - -3.126e+04 2 0)
s>        ( - -7.843e+02 1 0))INFO: dtree.c(1315): Comp split 7
INFO: dtree.c(1439): stop. leaf nodes are specific
INFO: dtree.c(1478): Final simple tree
|( WDBNDRY_E 0 -1.132e+04 1.522e+02 5.149e+01
|    ( - -4.264e+03 1 0)
|    ( QUESTION0_9_R 1 -6.903e+03 1.421e+02 3.200e+01
|        ( - -2.591e+03 1 0)
|        ( WDBNDRY_B 0 -4.170e+03 9.218e+01 1.900e+01
|            ( - -2.131e+03 1 0)
|            ( - -1.947e+03 1 0))))
s>    ( WDBNDRY_E 0 -1.132e+04 1.522e+02 5.149e+01
s>        ( - -4.264e+03 1 0)
s>        ( QUESTION0_9_R 1 -6.903e+03 1.421e+02 3.200e+01
s>            ( - -2.591e+03 1 0)
s>            ( WDBNDRY_B 0 -4.170e+03 9.218e+01 1.900e+01
s>                ( - -2.131e+03 1 0)
s>                ( - -1.947e+03 1 0))))INFO: dtree.c(1315): Comp split 8
INFO: dtree.c(1439): stop. leaf nodes are specific
INFO: dtree.c(1478): Final simple tree
|( QUESTION0_9_R 1 -2.825e+03 1.551e+02 1.300e+01
|    ( - -9.062e+02 1 0)
|    ( - -1.763e+03 1 0))
s>    ( QUESTION0_9_R 1 -2.825e+03 1.551e+02 1.300e+01
s>        ( - -9.062e+02 1 0)
s>        ( - -1.763e+03 1 0))INFO: dtree.c(1315): Comp split 9
INFO: dtree.c(1315): Comp split 10
INFO: dtree.c(1439): stop. leaf nodes are specific
INFO: dtree.c(1478): Final simple tree
|( QUESTION0_9_R 1 -6.903e+03 1.421e+02 3.200e+01
|    ( - -2.591e+03 1 0)
|    ( WDBNDRY_B 0 -4.170e+03 9.218e+01 1.900e+01
|        ( - -2.131e+03 1 0)
|        ( - -1.947e+03 1 0)))
s>    ( QUESTION0_9_R 1 -6.903e+03 1.421e+02 3.200e+01
s>        ( - -2.591e+03 1 0)
s>        ( WDBNDRY_B 0 -4.170e+03 9.218e+01 1.900e+01
s>            ( - -2.131e+03 1 0)
s>            ( - -1.947e+03 1 0)))INFO: dtree.c(1315): Comp split 11
INFO: dtree.c(1439): stop. leaf nodes are specific
INFO: dtree.c(1478): Final simple tree
|( WDBNDRY_B 0 -4.170e+03 9.218e+01 1.900e+01
|    ( - -2.131e+03 1 0)
|    ( - -1.947e+03 1 0))
s>    ( WDBNDRY_B 0 -4.170e+03 9.218e+01 1.900e+01
s>        ( - -2.131e+03 1 0)
s>        ( - -1.947e+03 1 0))INFO: dtree.c(1315): Comp split 12
INFO: dtree.c(1315): Comp split 13
INFO: dtree.c(1315): Comp split 14
INFO: dtree.c(1315): Comp split 15
INFO: dtree.c(1318): stop. leaf nodes are specific
Fri Jan  6 22:28:04 2023
