Current configuration:
[NAME]		[DEFLT]	[VALUE]
-allphones	no	no
-cntthresh	0.00001	1.000000e-05
-csplitmax	100	2000
-csplitmin	1	1
-csplitthr	8e-4	0.000000e+00
-example	no	no
-fullvar	no	no
-help		no	no
-meanfn			/mnt/c/users/robin/onedrive/desktop/cmu/Cebuano/model_parameters/Cebuano.cd_cont_untied/means
-mixwfn			/mnt/c/users/robin/onedrive/desktop/cmu/Cebuano/model_parameters/Cebuano.cd_cont_untied/mixture_weights
-moddeffn		/mnt/c/users/robin/onedrive/desktop/cmu/Cebuano/model_architecture/Cebuano.untied.mdef
-mwfloor	1e-4	1.000000e-08
-phone			Y
-psetfn			/mnt/c/users/robin/onedrive/desktop/cmu/Cebuano/model_architecture/Cebuano.tree_questions
-ssplitmax	5	7
-ssplitmin	1	1
-ssplitthr	8e-4	0.000000e+00
-state			2
-stwt			1.0,0.05,0.0,
-treefn			/mnt/c/users/robin/onedrive/desktop/cmu/Cebuano/trees/Cebuano.unpruned/Y-2.dtree
-ts2cbfn	.semi.	.cont.
-varfloor	0.00001	1.000000e-05
-varfn			/mnt/c/users/robin/onedrive/desktop/cmu/Cebuano/model_parameters/Cebuano.cd_cont_untied/variances

INFO: main.c(223): Reading: /mnt/c/users/robin/onedrive/desktop/cmu/Cebuano/model_architecture/Cebuano.untied.mdef
INFO: model_def_io.c(573): Model definition info:
INFO: model_def_io.c(574): 7744 total models defined (40 base, 7704 tri)
INFO: model_def_io.c(575): 30976 total states
INFO: model_def_io.c(576): 23232 total tied states
INFO: model_def_io.c(577): 120 total tied CI states
INFO: model_def_io.c(578): 40 total tied transition matrices
INFO: model_def_io.c(579): 4 max state/model
INFO: model_def_io.c(580): 4 min state/model
INFO: main.c(242): Building trees for [Y AA UW b] through [Y Z UW i]
INFO: main.c(268): Covering states |[22572 22790]| == 219
INFO: main.c(275): Reading: /mnt/c/users/robin/onedrive/desktop/cmu/Cebuano/model_parameters/Cebuano.cd_cont_untied/mixture_weights
INFO: s3mixw_io.c(172): Read /mnt/c/users/robin/onedrive/desktop/cmu/Cebuano/model_parameters/Cebuano.cd_cont_untied/mixture_weights [219x1x1 array]
INFO: main.c(311): 73 of 73 models have observation count greater than 0.000010
INFO: main.c(95): nrm stwt: 0.000 0.048 0.952 
INFO: s3gau_io.c(168): Read /mnt/c/users/robin/onedrive/desktop/cmu/Cebuano/model_parameters/Cebuano.cd_cont_untied/means [23232x1x1 array]
INFO: s3gau_io.c(168): Read /mnt/c/users/robin/onedrive/desktop/cmu/Cebuano/model_parameters/Cebuano.cd_cont_untied/variances [23232x1x1 array]
INFO: main.c(549): Reading: /mnt/c/users/robin/onedrive/desktop/cmu/Cebuano/model_architecture/Cebuano.tree_questions
INFO: main.c(587): 180 total simple questions (172 phone; 8 word bndry)
INFO: main.c(589): 42 Left Only questions, and 42 Right Only questions
INFO: dtree.c(1478): Final simple tree
|( QUESTION2_1_L -1 -3.141e+06 8.607e+03 1.382e+04
|    ( QUESTION2_11_L -1 -1.790e+06 6.426e+03 7.874e+03
|        ( - -1.619e+05 3 0 WDBNDRY_B 0 6.150e+02 7.276e+02)
|        ( - -1.621e+06 25 0 QUESTION2_6_L -1 3.160e+03 7.147e+03))
|    ( QUESTION0_17_R 1 -1.343e+06 6.999e+03 5.945e+03
|        ( QUESTION12 -1 -1.025e+06 5.771e+03 4.569e+03
|            ( - -2.361e+05 3 0 WDBNDRY_B 0 2.725e+03 1.082e+03)
|            ( QUESTION0 -1 -7.828e+05 4.312e+03 3.488e+03
|                ( QUESTION2_19_L -1 -5.409e+05 3.373e+03 2.444e+03
|                    ( - -1.997e+05 5 0 WDBNDRY_B 0 4.795e+02 9.143e+02)
|                    ( - -3.378e+05 4 0 QUESTION2_0_L -1 1.110e+03 1.530e+03))
|                ( - -2.376e+05 8 0 QUESTION14 -1 1.664e+03 1.043e+03)))
|        ( QUESTION2_19_L -1 -3.112e+05 5.255e+03 1.376e+03
|            ( - -4.353e+04 1 0)
|            ( - -2.624e+05 24 0 QUESTION13 -1 1.704e+03 1.167e+03))))
s>    ( QUESTION2_1_L -1 -3.141e+06 8.607e+03 1.382e+04
s>        ( QUESTION2_11_L -1 -1.790e+06 6.426e+03 7.874e+03
s>            ( - -1.619e+05 3 0 WDBNDRY_B 0 6.150e+02 7.276e+02)
s>            ( - -1.621e+06 25 0 QUESTION2_6_L -1 3.160e+03 7.147e+03))
s>        ( QUESTION0_17_R 1 -1.343e+06 6.999e+03 5.945e+03
s>            ( QUESTION12 -1 -1.025e+06 5.771e+03 4.569e+03
s>                ( - -2.361e+05 3 0 WDBNDRY_B 0 2.725e+03 1.082e+03)
s>                ( QUESTION0 -1 -7.828e+05 4.312e+03 3.488e+03
s>                    ( QUESTION2_19_L -1 -5.409e+05 3.373e+03 2.444e+03
s>                        ( - -1.997e+05 5 0 WDBNDRY_B 0 4.795e+02 9.143e+02)
s>                        ( - -3.378e+05 4 0 QUESTION2_0_L -1 1.110e+03 1.530e+03))
s>                    ( - -2.376e+05 8 0 QUESTION14 -1 1.664e+03 1.043e+03)))
s>            ( QUESTION2_19_L -1 -3.112e+05 5.255e+03 1.376e+03
s>                ( - -4.353e+04 1 0)
s>                ( - -2.624e+05 24 0 QUESTION13 -1 1.704e+03 1.167e+03))))INFO: dtree.c(1315): Comp split 0
INFO: dtree.c(1478): Final simple tree
|( QUESTION0_17_R 1 -5.142e+05 3.388e+03 2.290e+03
|    ( WDBNDRY_B 0 -1.997e+05 4.795e+02 9.143e+02
|        ( - -1.908e+05 4 0)
|        ( - -8.380e+03 1 0))
|    ( QUESTION2_19_L -1 -3.112e+05 5.255e+03 1.376e+03
|        ( - -4.353e+04 1 0)
|        ( QUESTION13 -1 -2.624e+05 1.704e+03 1.167e+03
|            ( QUESTION14 -1 -4.636e+04 8.436e+02 2.151e+02
|                ( - -1.524e+04 3 0 WDBNDRY_B 0 1.984e+02 7.585e+01)
|                ( - -3.028e+04 6 0 QUESTION0_9_R 1 2.767e+02 1.393e+02))
|            ( WDBNDRY_B 0 -2.143e+05 4.879e+02 9.517e+02
|                ( SILENCE -1 -3.178e+04 4.555e+02 1.458e+02
|                    ( - -6.676e+03 1 0)
|                    ( - -2.464e+04 5 0 QUESTION0 -1 2.376e+02 1.131e+02))
|                ( - -1.820e+05 9 0 QUESTION9 -1 3.743e+02 8.059e+02)))))
s>    ( QUESTION0_17_R 1 -5.142e+05 3.388e+03 2.290e+03
s>        ( WDBNDRY_B 0 -1.997e+05 4.795e+02 9.143e+02
s>            ( - -1.908e+05 4 0)
s>            ( - -8.380e+03 1 0))
s>        ( QUESTION2_19_L -1 -3.112e+05 5.255e+03 1.376e+03
s>            ( - -4.353e+04 1 0)
s>            ( QUESTION13 -1 -2.624e+05 1.704e+03 1.167e+03
s>                ( QUESTION14 -1 -4.636e+04 8.436e+02 2.151e+02
s>                    ( - -1.524e+04 3 0 WDBNDRY_B 0 1.984e+02 7.585e+01)
s>                    ( - -3.028e+04 6 0 QUESTION0_9_R 1 2.767e+02 1.393e+02))
s>                ( WDBNDRY_B 0 -2.143e+05 4.879e+02 9.517e+02
s>                    ( SILENCE -1 -3.178e+04 4.555e+02 1.458e+02
s>                        ( - -6.676e+03 1 0)
s>                        ( - -2.464e+04 5 0 QUESTION0 -1 2.376e+02 1.131e+02))
s>                    ( - -1.820e+05 9 0 QUESTION9 -1 3.743e+02 8.059e+02)))))INFO: dtree.c(1478): Final simple tree
|( QUESTION2_11_L -1 -2.615e+06 6.316e+03 1.153e+04
|    ( - -1.619e+05 3 0 WDBNDRY_B 0 6.150e+02 7.276e+02)
|    ( QUESTION11 -1 -2.447e+06 5.291e+03 1.080e+04
|        ( QUESTION2_1_L -1 -4.296e+05 2.887e+03 1.926e+03
|            ( - -1.238e+05 3 0 QUESTION0_19_R 1 4.827e+02 5.476e+02)
|            ( WDBNDRY_B 0 -3.029e+05 3.412e+03 1.378e+03
|                ( - -1.037e+05 4 0 QUESTION12 -1 7.265e+02 4.669e+02)
|                ( - -1.958e+05 4 0 QUESTION14 -1 8.597e+02 9.112e+02)))
|        ( QUESTION0 -1 -2.012e+06 4.609e+03 8.876e+03
|            ( - -3.378e+05 4 0 QUESTION2_0_L -1 1.110e+03 1.530e+03)
|            ( WDBNDRY_B 0 -1.670e+06 3.614e+03 7.346e+03
|                ( - -2.375e+05 7 0 QUESTION2_6_L -1 1.449e+03 1.047e+03)
|                ( QUESTION2_6_L -1 -1.429e+06 2.292e+03 6.299e+03
|                    ( - -1.636e+05 3 0 QUESTION0_14_R 1 1.596e+03 7.398e+02)
|                    ( - -1.263e+06 15 0 QUESTION2_2_L -1 6.050e+02 5.560e+03))))))
s>    ( QUESTION2_11_L -1 -2.615e+06 6.316e+03 1.153e+04
s>        ( - -1.619e+05 3 0 WDBNDRY_B 0 6.150e+02 7.276e+02)
s>        ( QUESTION11 -1 -2.447e+06 5.291e+03 1.080e+04
s>            ( QUESTION2_1_L -1 -4.296e+05 2.887e+03 1.926e+03
s>                ( - -1.238e+05 3 0 QUESTION0_19_R 1 4.827e+02 5.476e+02)
s>                ( WDBNDRY_B 0 -3.029e+05 3.412e+03 1.378e+03
s>                    ( - -1.037e+05 4 0 QUESTION12 -1 7.265e+02 4.669e+02)
s>                    ( - -1.958e+05 4 0 QUESTION14 -1 8.597e+02 9.112e+02)))
s>            ( QUESTION0 -1 -2.012e+06 4.609e+03 8.876e+03
s>                ( - -3.378e+05 4 0 QUESTION2_0_L -1 1.110e+03 1.530e+03)
s>                ( WDBNDRY_B 0 -1.670e+06 3.614e+03 7.346e+03
s>                    ( - -2.375e+05 7 0 QUESTION2_6_L -1 1.449e+03 1.047e+03)
s>                    ( QUESTION2_6_L -1 -1.429e+06 2.292e+03 6.299e+03
s>                        ( - -1.636e+05 3 0 QUESTION0_14_R 1 1.596e+03 7.398e+02)
s>                        ( - -1.263e+06 15 0 QUESTION2_2_L -1 6.050e+02 5.560e+03))))))INFO: dtree.c(1315): Comp split 1
INFO: dtree.c(1439): stop. leaf nodes are specific
INFO: dtree.c(1478): Final simple tree
|( QUESTION11 -1 -3.603e+05 2.621e+03 1.639e+03
|    ( QUESTION14 -1 -1.958e+05 8.597e+02 9.112e+02
|        ( - -1.140e+04 1 0)
|        ( QUESTION12 -1 -1.835e+05 2.197e+02 8.543e+02
|            ( - -1.818e+05 2 0)
|            ( - -1.495e+03 1 0)))
|    ( WDBNDRY_B 0 -1.619e+05 6.150e+02 7.276e+02
|        ( QUESTION0_16_R 1 -8.846e+03 1.433e+02 3.916e+01
|            ( - -1.306e+03 1 0)
|            ( - -7.397e+03 1 0))
|        ( - -1.525e+05 1 0)))
s>    ( QUESTION11 -1 -3.603e+05 2.621e+03 1.639e+03
s>        ( QUESTION14 -1 -1.958e+05 8.597e+02 9.112e+02
s>            ( - -1.140e+04 1 0)
s>            ( QUESTION12 -1 -1.835e+05 2.197e+02 8.543e+02
s>                ( - -1.818e+05 2 0)
s>                ( - -1.495e+03 1 0)))
s>        ( WDBNDRY_B 0 -1.619e+05 6.150e+02 7.276e+02
s>            ( QUESTION0_16_R 1 -8.846e+03 1.433e+02 3.916e+01
s>                ( - -1.306e+03 1 0)
s>                ( - -7.397e+03 1 0))
s>            ( - -1.525e+05 1 0)))INFO: dtree.c(1478): Final simple tree
|( QUESTION2_9_L -1 -2.243e+06 4.659e+03 9.891e+03
|    ( - -1.263e+06 14 0 QUESTION0_19_R 1 5.581e+02 5.561e+03)
|    ( QUESTION2_0_L -1 -9.753e+05 4.118e+03 4.330e+03
|        ( QUESTION0 -1 -6.106e+05 1.927e+03 2.746e+03
|            ( - -2.517e+05 2 0 WDBNDRY_B 0 8.020e+02 1.154e+03)
|            ( QUESTION12 -1 -3.570e+05 1.594e+03 1.592e+03
|                ( - -1.238e+05 3 0 QUESTION0_19_R 1 4.827e+02 5.476e+02)
|                ( QUESTION0_14_R 1 -2.316e+05 1.722e+03 1.044e+03
|                    ( - -2.668e+04 1 0)
|                    ( - -2.032e+05 8 0 WDBNDRY_B 0 1.030e+03 9.253e+02))))
|        ( SILENCE -1 -3.607e+05 1.487e+03 1.584e+03
|            ( - -1.593e+05 1 0)
|            ( QUESTION12 -1 -1.999e+05 1.100e+03 8.844e+02
|                ( - -5.158e+04 1 0)
|                ( - -1.472e+05 6 0 QUESTION2 -1 8.375e+02 6.497e+02)))))
s>    ( QUESTION2_9_L -1 -2.243e+06 4.659e+03 9.891e+03
s>        ( - -1.263e+06 14 0 QUESTION0_19_R 1 5.581e+02 5.561e+03)
s>        ( QUESTION2_0_L -1 -9.753e+05 4.118e+03 4.330e+03
s>            ( QUESTION0 -1 -6.106e+05 1.927e+03 2.746e+03
s>                ( - -2.517e+05 2 0 WDBNDRY_B 0 8.020e+02 1.154e+03)
s>                ( QUESTION12 -1 -3.570e+05 1.594e+03 1.592e+03
s>                    ( - -1.238e+05 3 0 QUESTION0_19_R 1 4.827e+02 5.476e+02)
s>                    ( QUESTION0_14_R 1 -2.316e+05 1.722e+03 1.044e+03
s>                        ( - -2.668e+04 1 0)
s>                        ( - -2.032e+05 8 0 WDBNDRY_B 0 1.030e+03 9.253e+02))))
s>            ( SILENCE -1 -3.607e+05 1.487e+03 1.584e+03
s>                ( - -1.593e+05 1 0)
s>                ( QUESTION12 -1 -1.999e+05 1.100e+03 8.844e+02
s>                    ( - -5.158e+04 1 0)
s>                    ( - -1.472e+05 6 0 QUESTION2 -1 8.375e+02 6.497e+02)))))INFO: dtree.c(1315): Comp split 2
INFO: dtree.c(1439): stop. leaf nodes are specific
INFO: dtree.c(1478): Final simple tree
|( QUESTION2_13_L -1 -6.018e+04 1.473e+03 2.852e+02
|    ( - -1.457e+04 2 0)
|    ( WDBNDRY_B 0 -4.414e+04 1.473e+02 2.124e+02
|        ( - -4.655e+02 1 0)
|        ( - -4.353e+04 1 0)))
s>    ( QUESTION2_13_L -1 -6.018e+04 1.473e+03 2.852e+02
s>        ( - -1.457e+04 2 0)
s>        ( WDBNDRY_B 0 -4.414e+04 1.473e+02 2.124e+02
s>            ( - -4.655e+02 1 0)
s>            ( - -4.353e+04 1 0)))INFO: dtree.c(1478): Final simple tree
|( QUESTION0_17_R 1 -4.480e+05 2.701e+03 2.005e+03
|    ( WDBNDRY_B 0 -1.997e+05 4.795e+02 9.143e+02
|        ( - -1.908e+05 4 0)
|        ( - -8.380e+03 1 0))
|    ( QUESTION13 -1 -2.456e+05 1.035e+03 1.091e+03
|        ( QUESTION0_9_R 1 -3.028e+04 2.767e+02 1.393e+02
|            ( - -2.012e+04 1 0)
|            ( - -9.889e+03 5 0 WDBNDRY_B 0 1.931e+02 4.476e+01))
|        ( WDBNDRY_B 0 -2.143e+05 4.879e+02 9.517e+02
|            ( SILENCE -1 -3.178e+04 4.555e+02 1.458e+02
|                ( - -6.676e+03 1 0)
|                ( - -2.464e+04 5 0 QUESTION0 -1 2.376e+02 1.131e+02))
|            ( QUESTION9 -1 -1.820e+05 3.743e+02 8.059e+02
|                ( - -1.712e+05 7 0 QUESTION0_9_R 1 1.690e+02 7.580e+02)
|                ( - -1.047e+04 2 0 QUESTION0 -1 2.445e+02 4.785e+01)))))
s>    ( QUESTION0_17_R 1 -4.480e+05 2.701e+03 2.005e+03
s>        ( WDBNDRY_B 0 -1.997e+05 4.795e+02 9.143e+02
s>            ( - -1.908e+05 4 0)
s>            ( - -8.380e+03 1 0))
s>        ( QUESTION13 -1 -2.456e+05 1.035e+03 1.091e+03
s>            ( QUESTION0_9_R 1 -3.028e+04 2.767e+02 1.393e+02
s>                ( - -2.012e+04 1 0)
s>                ( - -9.889e+03 5 0 WDBNDRY_B 0 1.931e+02 4.476e+01))
s>            ( WDBNDRY_B 0 -2.143e+05 4.879e+02 9.517e+02
s>                ( SILENCE -1 -3.178e+04 4.555e+02 1.458e+02
s>                    ( - -6.676e+03 1 0)
s>                    ( - -2.464e+04 5 0 QUESTION0 -1 2.376e+02 1.131e+02))
s>                ( QUESTION9 -1 -1.820e+05 3.743e+02 8.059e+02
s>                    ( - -1.712e+05 7 0 QUESTION0_9_R 1 1.690e+02 7.580e+02)
s>                    ( - -1.047e+04 2 0 QUESTION0 -1 2.445e+02 4.785e+01)))))INFO: dtree.c(1315): Comp split 3
INFO: dtree.c(1478): Final simple tree
|( QUESTION2_15_L -1 -7.595e+05 2.280e+03 3.395e+03
|    ( - -2.517e+05 2 0 WDBNDRY_B 0 8.020e+02 1.154e+03)
|    ( WDBNDRY_B 0 -5.055e+05 1.801e+03 2.242e+03
|        ( QUESTION10 -1 -2.050e+05 1.123e+03 9.132e+02
|            ( - -5.514e+04 1 0)
|            ( QUESTION2 -1 -1.488e+05 8.337e+02 6.567e+02
|                ( - -1.093e+04 2 0 QUESTION3 -1 1.351e+02 4.824e+01)
|                ( - -1.370e+05 5 0 QUESTION14 -1 7.926e+02 6.084e+02)))
|        ( QUESTION10 -1 -2.987e+05 1.274e+03 1.328e+03
|            ( QUESTION0_14_R 1 -1.636e+05 1.596e+03 7.398e+02
|                ( - -2.668e+04 1 0)
|                ( - -1.353e+05 2 0 QUESTION0_19_R 1 1.444e+02 6.207e+02))
|            ( QUESTION2_2_L -1 -1.338e+05 9.597e+02 5.887e+02
|                ( - -8.863e+03 3 0 QUESTION0_16_R 1 3.036e+02 4.006e+01)
|                ( - -1.240e+05 4 0 QUESTION0_19_R 1 4.840e+02 5.486e+02)))))
s>    ( QUESTION2_15_L -1 -7.595e+05 2.280e+03 3.395e+03
s>        ( - -2.517e+05 2 0 WDBNDRY_B 0 8.020e+02 1.154e+03)
s>        ( WDBNDRY_B 0 -5.055e+05 1.801e+03 2.242e+03
s>            ( QUESTION10 -1 -2.050e+05 1.123e+03 9.132e+02
s>                ( - -5.514e+04 1 0)
s>                ( QUESTION2 -1 -1.488e+05 8.337e+02 6.567e+02
s>                    ( - -1.093e+04 2 0 QUESTION3 -1 1.351e+02 4.824e+01)
s>                    ( - -1.370e+05 5 0 QUESTION14 -1 7.926e+02 6.084e+02)))
s>            ( QUESTION10 -1 -2.987e+05 1.274e+03 1.328e+03
s>                ( QUESTION0_14_R 1 -1.636e+05 1.596e+03 7.398e+02
s>                    ( - -2.668e+04 1 0)
s>                    ( - -1.353e+05 2 0 QUESTION0_19_R 1 1.444e+02 6.207e+02))
s>                ( QUESTION2_2_L -1 -1.338e+05 9.597e+02 5.887e+02
s>                    ( - -8.863e+03 3 0 QUESTION0_16_R 1 3.036e+02 4.006e+01)
s>                    ( - -1.240e+05 4 0 QUESTION0_19_R 1 4.840e+02 5.486e+02)))))INFO: dtree.c(1439): stop. leaf nodes are specific
INFO: dtree.c(1478): Final simple tree
|( QUESTION10 -1 -1.478e+06 3.488e+03 6.495e+03
|    ( QUESTION0_19_R 1 -1.263e+06 5.581e+02 5.561e+03
|        ( WDBNDRY_B 0 -1.138e+06 3.521e+02 5.008e+03
|            ( - -9.642e+03 3 0)
|            ( - -1.128e+06 4 0))
|        ( QUESTION0_14_R 1 -1.242e+05 5.222e+02 5.526e+02
|            ( - -8.302e+04 4 0)
|            ( - -4.071e+04 3 0)))
|    ( SILENCE -1 -2.118e+05 8.848e+02 9.344e+02
|        ( - -1.593e+05 1 0)
|        ( - -5.158e+04 1 0)))
s>    ( QUESTION10 -1 -1.478e+06 3.488e+03 6.495e+03
s>        ( QUESTION0_19_R 1 -1.263e+06 5.581e+02 5.561e+03
s>            ( WDBNDRY_B 0 -1.138e+06 3.521e+02 5.008e+03
s>                ( - -9.642e+03 3 0)
s>                ( - -1.128e+06 4 0))
s>            ( QUESTION0_14_R 1 -1.242e+05 5.222e+02 5.526e+02
s>                ( - -8.302e+04 4 0)
s>                ( - -4.071e+04 3 0)))
s>        ( SILENCE -1 -2.118e+05 8.848e+02 9.344e+02
s>            ( - -1.593e+05 1 0)
s>            ( - -5.158e+04 1 0)))INFO: dtree.c(1315): Comp split 4
INFO: dtree.c(1439): stop. leaf nodes are specific
INFO: dtree.c(1478): Final simple tree
|( QUESTION0_19_R 1 -1.263e+06 5.581e+02 5.561e+03
|    ( WDBNDRY_B 0 -1.138e+06 3.521e+02 5.008e+03
|        ( - -9.642e+03 3 0)
|        ( - -1.128e+06 4 0))
|    ( QUESTION0_14_R 1 -1.242e+05 5.222e+02 5.526e+02
|        ( - -8.302e+04 4 0)
|        ( - -4.071e+04 3 0)))
s>    ( QUESTION0_19_R 1 -1.263e+06 5.581e+02 5.561e+03
s>        ( WDBNDRY_B 0 -1.138e+06 3.521e+02 5.008e+03
s>            ( - -9.642e+03 3 0)
s>            ( - -1.128e+06 4 0))
s>        ( QUESTION0_14_R 1 -1.242e+05 5.222e+02 5.526e+02
s>            ( - -8.302e+04 4 0)
s>            ( - -4.071e+04 3 0)))INFO: dtree.c(1439): stop. leaf nodes are specific
INFO: dtree.c(1478): Final simple tree
|( SILENCE -1 -2.118e+05 8.848e+02 9.344e+02
|    ( - -1.593e+05 1 0)
|    ( - -5.158e+04 1 0))
s>    ( SILENCE -1 -2.118e+05 8.848e+02 9.344e+02
s>        ( - -1.593e+05 1 0)
s>        ( - -5.158e+04 1 0))INFO: dtree.c(1315): Comp split 5
INFO: dtree.c(1478): Final simple tree
|( QUESTION2_5_L -1 -3.119e+05 1.665e+03 1.364e+03
|    ( QUESTION10 -1 -1.516e+05 1.122e+03 6.667e+02
|        ( - -2.668e+04 1 0)
|        ( QUESTION0_19_R 1 -1.238e+05 4.827e+02 5.476e+02
|            ( - -9.191e+04 1 0)
|            ( - -3.138e+04 2 0 QUESTION0_14_R 1 2.016e+02 1.413e+02)))
|    ( QUESTION2 -1 -1.587e+05 1.312e+03 6.977e+02
|        ( QUESTION0_16_R 1 -2.035e+04 3.574e+02 8.931e+01
|            ( - -3.886e+03 1 0)
|            ( QUESTION5 -1 -1.610e+04 2.755e+02 7.083e+01
|                ( - -1.120e+03 1 0)
|                ( - -1.471e+04 4 0 WDBNDRY_B 0 2.522e+02 6.483e+01)))
|        ( QUESTION14 -1 -1.370e+05 7.926e+02 6.084e+02
|            ( - -3.898e+04 1 0)
|            ( - -9.722e+04 4 0 QUESTION2_0_L -1 2.058e+02 4.293e+02))))
s>    ( QUESTION2_5_L -1 -3.119e+05 1.665e+03 1.364e+03
s>        ( QUESTION10 -1 -1.516e+05 1.122e+03 6.667e+02
s>            ( - -2.668e+04 1 0)
s>            ( QUESTION0_19_R 1 -1.238e+05 4.827e+02 5.476e+02
s>                ( - -9.191e+04 1 0)
s>                ( - -3.138e+04 2 0 QUESTION0_14_R 1 2.016e+02 1.413e+02)))
s>        ( QUESTION2 -1 -1.587e+05 1.312e+03 6.977e+02
s>            ( QUESTION0_16_R 1 -2.035e+04 3.574e+02 8.931e+01
s>                ( - -3.886e+03 1 0)
s>                ( QUESTION5 -1 -1.610e+04 2.755e+02 7.083e+01
s>                    ( - -1.120e+03 1 0)
s>                    ( - -1.471e+04 4 0 WDBNDRY_B 0 2.522e+02 6.483e+01)))
s>            ( QUESTION14 -1 -1.370e+05 7.926e+02 6.084e+02
s>                ( - -3.898e+04 1 0)
s>                ( - -9.722e+04 4 0 QUESTION2_0_L -1 2.058e+02 4.293e+02))))INFO: dtree.c(1439): stop. leaf nodes are specific
INFO: dtree.c(1478): Final simple tree
|( QUESTION2_16_L -1 -4.444e+05 1.430e+03 2.031e+03
|    ( - -2.164e+05 1 0)
|    ( WDBNDRY_B 0 -2.266e+05 8.726e+02 1.041e+03
|        ( QUESTION0 -1 -9.039e+04 7.562e+02 4.201e+02
|            ( - -3.450e+04 1 0)
|            ( - -5.514e+04 1 0))
|        ( QUESTION0_19_R 1 -1.353e+05 1.444e+02 6.207e+02
|            ( - -1.327e+05 1 0)
|            ( - -2.503e+03 1 0))))
s>    ( QUESTION2_16_L -1 -4.444e+05 1.430e+03 2.031e+03
s>        ( - -2.164e+05 1 0)
s>        ( WDBNDRY_B 0 -2.266e+05 8.726e+02 1.041e+03
s>            ( QUESTION0 -1 -9.039e+04 7.562e+02 4.201e+02
s>                ( - -3.450e+04 1 0)
s>                ( - -5.514e+04 1 0))
s>            ( QUESTION0_19_R 1 -1.353e+05 1.444e+02 6.207e+02
s>                ( - -1.327e+05 1 0)
s>                ( - -2.503e+03 1 0))))INFO: dtree.c(1315): Comp split 6
INFO: dtree.c(1478): Final simple tree
|( QUESTION13 -1 -2.456e+05 1.035e+03 1.091e+03
|    ( QUESTION0_9_R 1 -3.028e+04 2.767e+02 1.393e+02
|        ( - -2.012e+04 1 0)
|        ( - -9.889e+03 5 0 WDBNDRY_B 0 1.931e+02 4.476e+01))
|    ( WDBNDRY_B 0 -2.143e+05 4.879e+02 9.517e+02
|        ( SILENCE -1 -3.178e+04 4.555e+02 1.458e+02
|            ( - -6.676e+03 1 0)
|            ( QUESTION0 -1 -2.464e+04 2.376e+02 1.131e+02
|                ( - -2.417e+04 4 0)
|                ( - -2.323e+02 1 0)))
|        ( QUESTION9 -1 -1.820e+05 3.743e+02 8.059e+02
|            ( - -1.712e+05 7 0 QUESTION0_9_R 1 1.690e+02 7.580e+02)
|            ( QUESTION0 -1 -1.047e+04 2.445e+02 4.785e+01
|                ( - -8.877e+03 1 0)
|                ( - -1.351e+03 1 0)))))
s>    ( QUESTION13 -1 -2.456e+05 1.035e+03 1.091e+03
s>        ( QUESTION0_9_R 1 -3.028e+04 2.767e+02 1.393e+02
s>            ( - -2.012e+04 1 0)
s>            ( - -9.889e+03 5 0 WDBNDRY_B 0 1.931e+02 4.476e+01))
s>        ( WDBNDRY_B 0 -2.143e+05 4.879e+02 9.517e+02
s>            ( SILENCE -1 -3.178e+04 4.555e+02 1.458e+02
s>                ( - -6.676e+03 1 0)
s>                ( QUESTION0 -1 -2.464e+04 2.376e+02 1.131e+02
s>                    ( - -2.417e+04 4 0)
s>                    ( - -2.323e+02 1 0)))
s>            ( QUESTION9 -1 -1.820e+05 3.743e+02 8.059e+02
s>                ( - -1.712e+05 7 0 QUESTION0_9_R 1 1.690e+02 7.580e+02)
s>                ( QUESTION0 -1 -1.047e+04 2.445e+02 4.785e+01
s>                    ( - -8.877e+03 1 0)
s>                    ( - -1.351e+03 1 0)))))INFO: dtree.c(1439): stop. leaf nodes are specific
INFO: dtree.c(1478): Final simple tree
|( WDBNDRY_B 0 -1.997e+05 4.795e+02 9.143e+02
|    ( - -1.908e+05 4 0)
|    ( - -8.380e+03 1 0))
s>    ( WDBNDRY_B 0 -1.997e+05 4.795e+02 9.143e+02
s>        ( - -1.908e+05 4 0)
s>        ( - -8.380e+03 1 0))INFO: dtree.c(1315): Comp split 7
INFO: dtree.c(1439): stop. leaf nodes are specific
INFO: dtree.c(1478): Final simple tree
|( WDBNDRY_B 0 -1.635e+05 6.169e+02 7.349e+02
|    ( QUESTION0_16_R 1 -8.846e+03 1.433e+02 3.916e+01
|        ( - -1.306e+03 1 0)
|        ( - -7.397e+03 1 0))
|    ( QUESTION10 -1 -1.541e+05 1.389e+02 6.957e+02
|        ( - -1.525e+05 1 0)
|        ( - -1.495e+03 1 0)))
s>    ( WDBNDRY_B 0 -1.635e+05 6.169e+02 7.349e+02
s>        ( QUESTION0_16_R 1 -8.846e+03 1.433e+02 3.916e+01
s>            ( - -1.306e+03 1 0)
s>            ( - -7.397e+03 1 0))
s>        ( QUESTION10 -1 -1.541e+05 1.389e+02 6.957e+02
s>            ( - -1.525e+05 1 0)
s>            ( - -1.495e+03 1 0)))INFO: dtree.c(1439): stop. leaf nodes are specific
INFO: dtree.c(1478): Final simple tree
|( QUESTION12 -1 -1.941e+05 8.614e+02 9.039e+02
|    ( - -1.818e+05 2 0)
|    ( - -1.140e+04 1 0))
s>    ( QUESTION12 -1 -1.941e+05 8.614e+02 9.039e+02
s>        ( - -1.818e+05 2 0)
s>        ( - -1.140e+04 1 0))INFO: dtree.c(1315): Comp split 8
INFO: dtree.c(1439): stop. leaf nodes are specific
INFO: dtree.c(1478): Final simple tree
|( QUESTION2 -1 -6.018e+04 8.568e+02 2.684e+02
|    ( QUESTION0_16_R 1 -2.035e+04 3.574e+02 8.931e+01
|        ( - -3.886e+03 1 0)
|        ( QUESTION5 -1 -1.610e+04 2.755e+02 7.083e+01
|            ( - -1.120e+03 1 0)
|            ( WDBNDRY_B 0 -1.471e+04 2.522e+02 6.483e+01
|                ( QUESTION3 -1 -1.093e+04 1.351e+02 4.824e+01
|                    ( - -3.358e+02 1 0)
|                    ( - -1.046e+04 1 0))
|                ( QUESTION3 -1 -3.531e+03 5.024e+02 1.659e+01
|                    ( - -3.270e+03 1 0)
|                    ( - 2.413e+02 1 0)))))
|    ( - -3.898e+04 1 0))
s>    ( QUESTION2 -1 -6.018e+04 8.568e+02 2.684e+02
s>        ( QUESTION0_16_R 1 -2.035e+04 3.574e+02 8.931e+01
s>            ( - -3.886e+03 1 0)
s>            ( QUESTION5 -1 -1.610e+04 2.755e+02 7.083e+01
s>                ( - -1.120e+03 1 0)
s>                ( WDBNDRY_B 0 -1.471e+04 2.522e+02 6.483e+01
s>                    ( QUESTION3 -1 -1.093e+04 1.351e+02 4.824e+01
s>                        ( - -3.358e+02 1 0)
s>                        ( - -1.046e+04 1 0))
s>                    ( QUESTION3 -1 -3.531e+03 5.024e+02 1.659e+01
s>                        ( - -3.270e+03 1 0)
s>                        ( - 2.413e+02 1 0)))))
s>        ( - -3.898e+04 1 0))INFO: dtree.c(1439): stop. leaf nodes are specific
INFO: dtree.c(1478): Final simple tree
|( QUESTION10 -1 -2.499e+05 1.390e+03 1.096e+03
|    ( - -2.668e+04 1 0)
|    ( WDBNDRY_B 0 -2.218e+05 8.421e+02 9.769e+02
|        ( QUESTION2_0_L -1 -9.722e+04 2.058e+02 4.293e+02
|            ( - -1.155e+03 1 0)
|            ( QUESTION0 -1 -9.586e+04 1.797e+02 4.233e+02
|                ( - -8.505e+04 2 0)
|                ( - -1.063e+04 1 0)))
|        ( QUESTION0_19_R 1 -1.238e+05 4.827e+02 5.476e+02
|            ( - -9.191e+04 1 0)
|            ( QUESTION0_14_R 1 -3.138e+04 2.016e+02 1.413e+02
|                ( - -1.128e+04 1 0)
|                ( - -1.990e+04 1 0)))))
s>    ( QUESTION10 -1 -2.499e+05 1.390e+03 1.096e+03
s>        ( - -2.668e+04 1 0)
s>        ( WDBNDRY_B 0 -2.218e+05 8.421e+02 9.769e+02
s>            ( QUESTION2_0_L -1 -9.722e+04 2.058e+02 4.293e+02
s>                ( - -1.155e+03 1 0)
s>                ( QUESTION0 -1 -9.586e+04 1.797e+02 4.233e+02
s>                    ( - -8.505e+04 2 0)
s>                    ( - -1.063e+04 1 0)))
s>            ( QUESTION0_19_R 1 -1.238e+05 4.827e+02 5.476e+02
s>                ( - -9.191e+04 1 0)
s>                ( QUESTION0_14_R 1 -3.138e+04 2.016e+02 1.413e+02
s>                    ( - -1.128e+04 1 0)
s>                    ( - -1.990e+04 1 0)))))INFO: dtree.c(1315): Comp split 9
INFO: dtree.c(1439): stop. leaf nodes are specific
INFO: dtree.c(1478): Final simple tree
|( WDBNDRY_B 0 -4.414e+04 1.473e+02 2.124e+02
|    ( - -4.655e+02 1 0)
|    ( - -4.353e+04 1 0))
s>    ( WDBNDRY_B 0 -4.414e+04 1.473e+02 2.124e+02
s>        ( - -4.655e+02 1 0)
s>        ( - -4.353e+04 1 0))INFO: dtree.c(1315): Comp split 10
INFO: dtree.c(1439): stop. leaf nodes are specific
INFO: dtree.c(1478): Final simple tree
|( WDBNDRY_B 0 -2.266e+05 8.726e+02 1.041e+03
|    ( QUESTION0 -1 -9.039e+04 7.562e+02 4.201e+02
|        ( - -3.450e+04 1 0)
|        ( - -5.514e+04 1 0))
|    ( QUESTION0_19_R 1 -1.353e+05 1.444e+02 6.207e+02
|        ( - -1.327e+05 1 0)
|        ( - -2.503e+03 1 0)))
s>    ( WDBNDRY_B 0 -2.266e+05 8.726e+02 1.041e+03
s>        ( QUESTION0 -1 -9.039e+04 7.562e+02 4.201e+02
s>            ( - -3.450e+04 1 0)
s>            ( - -5.514e+04 1 0))
s>        ( QUESTION0_19_R 1 -1.353e+05 1.444e+02 6.207e+02
s>            ( - -1.327e+05 1 0)
s>            ( - -2.503e+03 1 0)))INFO: dtree.c(1315): Comp split 11
INFO: dtree.c(1439): stop. leaf nodes are specific
INFO: dtree.c(1478): Final simple tree
|( WDBNDRY_B 0 -2.218e+05 8.421e+02 9.769e+02
|    ( QUESTION2_0_L -1 -9.722e+04 2.058e+02 4.293e+02
|        ( - -1.155e+03 1 0)
|        ( QUESTION0 -1 -9.586e+04 1.797e+02 4.233e+02
|            ( - -8.505e+04 2 0)
|            ( - -1.063e+04 1 0)))
|    ( QUESTION0_19_R 1 -1.238e+05 4.827e+02 5.476e+02
|        ( - -9.191e+04 1 0)
|        ( QUESTION0_14_R 1 -3.138e+04 2.016e+02 1.413e+02
|            ( - -1.128e+04 1 0)
|            ( - -1.990e+04 1 0))))
s>    ( WDBNDRY_B 0 -2.218e+05 8.421e+02 9.769e+02
s>        ( QUESTION2_0_L -1 -9.722e+04 2.058e+02 4.293e+02
s>            ( - -1.155e+03 1 0)
s>            ( QUESTION0 -1 -9.586e+04 1.797e+02 4.233e+02
s>                ( - -8.505e+04 2 0)
s>                ( - -1.063e+04 1 0)))
s>        ( QUESTION0_19_R 1 -1.238e+05 4.827e+02 5.476e+02
s>            ( - -9.191e+04 1 0)
s>            ( QUESTION0_14_R 1 -3.138e+04 2.016e+02 1.413e+02
s>                ( - -1.128e+04 1 0)
s>                ( - -1.990e+04 1 0))))INFO: dtree.c(1315): Comp split 12
INFO: dtree.c(1478): Final simple tree
|( QUESTION0_9_R 1 -3.234e+04 3.177e+02 1.483e+02
|    ( - -2.012e+04 1 0)
|    ( QUESTION2 -1 -1.190e+04 2.209e+02 5.376e+01
|        ( - -1.351e+03 1 0)
|        ( QUESTION12 -1 -1.033e+04 2.060e+02 4.676e+01
|            ( - -2.323e+02 1 0)
|            ( WDBNDRY_B 0 -9.889e+03 1.931e+02 4.476e+01
|                ( QUESTION0_0_R 1 -2.129e+03 1.926e+02 1.000e+01
|                    ( - -5.922e+02 1 0)
|                    ( - -1.344e+03 1 0))
|                ( QUESTION17 -1 -7.567e+03 1.185e+02 3.476e+01
|                    ( - -5.672e+02 1 0)
|                    ( QUESTION0_14_R 1 -6.881e+03 1.122e+02 3.176e+01
|                        ( - -6.182e+03 1 0)
|                        ( - -5.868e+02 1 0)))))))
s>    ( QUESTION0_9_R 1 -3.234e+04 3.177e+02 1.483e+02
s>        ( - -2.012e+04 1 0)
s>        ( QUESTION2 -1 -1.190e+04 2.209e+02 5.376e+01
s>            ( - -1.351e+03 1 0)
s>            ( QUESTION12 -1 -1.033e+04 2.060e+02 4.676e+01
s>                ( - -2.323e+02 1 0)
s>                ( WDBNDRY_B 0 -9.889e+03 1.931e+02 4.476e+01
s>                    ( QUESTION0_0_R 1 -2.129e+03 1.926e+02 1.000e+01
s>                        ( - -5.922e+02 1 0)
s>                        ( - -1.344e+03 1 0))
s>                    ( QUESTION17 -1 -7.567e+03 1.185e+02 3.476e+01
s>                        ( - -5.672e+02 1 0)
s>                        ( QUESTION0_14_R 1 -6.881e+03 1.122e+02 3.176e+01
s>                            ( - -6.182e+03 1 0)
s>                            ( - -5.868e+02 1 0)))))))INFO: dtree.c(1439): stop. leaf nodes are specific
INFO: dtree.c(1478): Final simple tree
|( WDBNDRY_B 0 -2.122e+05 4.995e+02 9.427e+02
|    ( SILENCE -1 -3.131e+04 4.576e+02 1.438e+02
|        ( - -6.676e+03 1 0)
|        ( - -2.417e+04 4 0))
|    ( QUESTION0 -1 -1.804e+05 3.477e+02 7.989e+02
|        ( - -8.877e+03 1 0)
|        ( QUESTION0_9_R 1 -1.712e+05 1.690e+02 7.580e+02
|            ( - -7.421e+02 1 0)
|            ( - -1.703e+05 6 0))))
s>    ( WDBNDRY_B 0 -2.122e+05 4.995e+02 9.427e+02
s>        ( SILENCE -1 -3.131e+04 4.576e+02 1.438e+02
s>            ( - -6.676e+03 1 0)
s>            ( - -2.417e+04 4 0))
s>        ( QUESTION0 -1 -1.804e+05 3.477e+02 7.989e+02
s>            ( - -8.877e+03 1 0)
s>            ( QUESTION0_9_R 1 -1.712e+05 1.690e+02 7.580e+02
s>                ( - -7.421e+02 1 0)
s>                ( - -1.703e+05 6 0))))INFO: dtree.c(1315): Comp split 13
INFO: dtree.c(1439): stop. leaf nodes are specific
INFO: dtree.c(1478): Final simple tree
|( WDBNDRY_B 0 -1.704e+05 5.713e+02 7.843e+02
|    ( - -3.450e+04 1 0)
|    ( QUESTION0_19_R 1 -1.353e+05 1.444e+02 6.207e+02
|        ( - -1.327e+05 1 0)
|        ( - -2.503e+03 1 0)))
s>    ( WDBNDRY_B 0 -1.704e+05 5.713e+02 7.843e+02
s>        ( - -3.450e+04 1 0)
s>        ( QUESTION0_19_R 1 -1.353e+05 1.444e+02 6.207e+02
s>            ( - -1.327e+05 1 0)
s>            ( - -2.503e+03 1 0)))INFO: dtree.c(1315): Comp split 14
INFO: dtree.c(1315): Comp split 15
INFO: dtree.c(1315): Comp split 16
INFO: dtree.c(1439): stop. leaf nodes are specific
INFO: dtree.c(1478): Final simple tree
|( QUESTION0_16_R 1 -2.035e+04 3.574e+02 8.931e+01
|    ( - -3.886e+03 1 0)
|    ( QUESTION5 -1 -1.610e+04 2.755e+02 7.083e+01
|        ( - -1.120e+03 1 0)
|        ( WDBNDRY_B 0 -1.471e+04 2.522e+02 6.483e+01
|            ( QUESTION3 -1 -1.093e+04 1.351e+02 4.824e+01
|                ( - -3.358e+02 1 0)
|                ( - -1.046e+04 1 0))
|            ( QUESTION3 -1 -3.531e+03 5.024e+02 1.659e+01
|                ( - -3.270e+03 1 0)
|                ( - 2.413e+02 1 0)))))
s>    ( QUESTION0_16_R 1 -2.035e+04 3.574e+02 8.931e+01
s>        ( - -3.886e+03 1 0)
s>        ( QUESTION5 -1 -1.610e+04 2.755e+02 7.083e+01
s>            ( - -1.120e+03 1 0)
s>            ( WDBNDRY_B 0 -1.471e+04 2.522e+02 6.483e+01
s>                ( QUESTION3 -1 -1.093e+04 1.351e+02 4.824e+01
s>                    ( - -3.358e+02 1 0)
s>                    ( - -1.046e+04 1 0))
s>                ( QUESTION3 -1 -3.531e+03 5.024e+02 1.659e+01
s>                    ( - -3.270e+03 1 0)
s>                    ( - 2.413e+02 1 0)))))INFO: dtree.c(1315): Comp split 17
INFO: dtree.c(1439): stop. leaf nodes are specific
INFO: dtree.c(1478): Final simple tree
|( QUESTION0_19_R 1 -1.238e+05 4.827e+02 5.476e+02
|    ( - -9.191e+04 1 0)
|    ( QUESTION0_14_R 1 -3.138e+04 2.016e+02 1.413e+02
|        ( - -1.128e+04 1 0)
|        ( - -1.990e+04 1 0)))
s>    ( QUESTION0_19_R 1 -1.238e+05 4.827e+02 5.476e+02
s>        ( - -9.191e+04 1 0)
s>        ( QUESTION0_14_R 1 -3.138e+04 2.016e+02 1.413e+02
s>            ( - -1.128e+04 1 0)
s>            ( - -1.990e+04 1 0)))INFO: dtree.c(1439): stop. leaf nodes are specific
INFO: dtree.c(1478): Final simple tree
|( QUESTION2_0_L -1 -9.722e+04 2.058e+02 4.293e+02
|    ( - -1.155e+03 1 0)
|    ( QUESTION0 -1 -9.586e+04 1.797e+02 4.233e+02
|        ( - -8.505e+04 2 0)
|        ( - -1.063e+04 1 0)))
s>    ( QUESTION2_0_L -1 -9.722e+04 2.058e+02 4.293e+02
s>        ( - -1.155e+03 1 0)
s>        ( QUESTION0 -1 -9.586e+04 1.797e+02 4.233e+02
s>            ( - -8.505e+04 2 0)
s>            ( - -1.063e+04 1 0)))INFO: dtree.c(1315): Comp split 18
INFO: dtree.c(1439): stop. leaf nodes are specific
INFO: dtree.c(1478): Final simple tree
|( QUESTION0 1 -1.342e+05 5.185e+02 5.950e+02
|    ( WDBNDRY_B 0 -9.295e+04 2.860e+02 4.162e+02
|        ( - -9.642e+03 3 0)
|        ( - -8.302e+04 4 0))
|    ( - -4.071e+04 3 0))
s>    ( QUESTION0 1 -1.342e+05 5.185e+02 5.950e+02
s>        ( WDBNDRY_B 0 -9.295e+04 2.860e+02 4.162e+02
s>            ( - -9.642e+03 3 0)
s>            ( - -8.302e+04 4 0))
s>        ( - -4.071e+04 3 0))INFO: dtree.c(1315): Comp split 19
INFO: dtree.c(1439): stop. leaf nodes are specific
INFO: dtree.c(1478): Final simple tree
|( QUESTION10 -1 -1.541e+05 1.389e+02 6.957e+02
|    ( - -1.525e+05 1 0)
|    ( - -1.495e+03 1 0))
s>    ( QUESTION10 -1 -1.541e+05 1.389e+02 6.957e+02
s>        ( - -1.525e+05 1 0)
s>        ( - -1.495e+03 1 0))INFO: dtree.c(1439): stop. leaf nodes are specific
INFO: dtree.c(1478): Final simple tree
|( QUESTION0_16_R 1 -8.846e+03 1.433e+02 3.916e+01
|    ( - -1.306e+03 1 0)
|    ( - -7.397e+03 1 0))
s>    ( QUESTION0_16_R 1 -8.846e+03 1.433e+02 3.916e+01
s>        ( - -1.306e+03 1 0)
s>        ( - -7.397e+03 1 0))INFO: dtree.c(1315): Comp split 20
INFO: dtree.c(1439): stop. leaf nodes are specific
INFO: dtree.c(1478): Final simple tree
|( QUESTION0_19_R 1 -1.353e+05 1.444e+02 6.207e+02
|    ( - -1.327e+05 1 0)
|    ( - -2.503e+03 1 0))
s>    ( QUESTION0_19_R 1 -1.353e+05 1.444e+02 6.207e+02
s>        ( - -1.327e+05 1 0)
s>        ( - -2.503e+03 1 0))INFO: dtree.c(1315): Comp split 21
INFO: dtree.c(1439): stop. leaf nodes are specific
INFO: dtree.c(1478): Final simple tree
|( WDBNDRY_B 0 -9.295e+04 2.860e+02 4.162e+02
|    ( - -9.642e+03 3 0)
|    ( - -8.302e+04 4 0))
s>    ( WDBNDRY_B 0 -9.295e+04 2.860e+02 4.162e+02
s>        ( - -9.642e+03 3 0)
s>        ( - -8.302e+04 4 0))INFO: dtree.c(1315): Comp split 22
INFO: dtree.c(1439): stop. leaf nodes are specific
INFO: dtree.c(1478): Final simple tree
|( WDBNDRY_B 0 -1.876e+05 4.562e+02 8.316e+02
|    ( - -6.676e+03 1 0)
|    ( QUESTION0 -1 -1.804e+05 3.477e+02 7.989e+02
|        ( - -8.877e+03 1 0)
|        ( QUESTION0_9_R 1 -1.712e+05 1.690e+02 7.580e+02
|            ( - -7.421e+02 1 0)
|            ( - -1.703e+05 6 0))))
s>    ( WDBNDRY_B 0 -1.876e+05 4.562e+02 8.316e+02
s>        ( - -6.676e+03 1 0)
s>        ( QUESTION0 -1 -1.804e+05 3.477e+02 7.989e+02
s>            ( - -8.877e+03 1 0)
s>            ( QUESTION0_9_R 1 -1.712e+05 1.690e+02 7.580e+02
s>                ( - -7.421e+02 1 0)
s>                ( - -1.703e+05 6 0))))INFO: dtree.c(1315): Comp split 23
INFO: dtree.c(1439): stop. leaf nodes are specific
INFO: dtree.c(1478): Final simple tree
|( QUESTION0_14_R 1 -3.138e+04 2.016e+02 1.413e+02
|    ( - -1.128e+04 1 0)
|    ( - -1.990e+04 1 0))
s>    ( QUESTION0_14_R 1 -3.138e+04 2.016e+02 1.413e+02
s>        ( - -1.128e+04 1 0)
s>        ( - -1.990e+04 1 0))INFO: dtree.c(1315): Comp split 24
INFO: dtree.c(1315): Comp split 25
INFO: dtree.c(1439): stop. leaf nodes are specific
INFO: dtree.c(1478): Final simple tree
|( QUESTION0_16_R 1 -2.012e+04 3.558e+02 8.831e+01
|    ( - -3.886e+03 1 0)
|    ( QUESTION5 -1 -1.587e+04 2.766e+02 6.983e+01
|        ( - -1.120e+03 1 0)
|        ( WDBNDRY_B 0 -1.448e+04 2.816e+02 6.383e+01
|            ( QUESTION3 -1 -1.093e+04 1.351e+02 4.824e+01
|                ( - -3.358e+02 1 0)
|                ( - -1.046e+04 1 0))
|            ( - -3.270e+03 1 0))))
s>    ( QUESTION0_16_R 1 -2.012e+04 3.558e+02 8.831e+01
s>        ( - -3.886e+03 1 0)
s>        ( QUESTION5 -1 -1.587e+04 2.766e+02 6.983e+01
s>            ( - -1.120e+03 1 0)
s>            ( WDBNDRY_B 0 -1.448e+04 2.816e+02 6.383e+01
s>                ( QUESTION3 -1 -1.093e+04 1.351e+02 4.824e+01
s>                    ( - -3.358e+02 1 0)
s>                    ( - -1.046e+04 1 0))
s>                ( - -3.270e+03 1 0))))INFO: dtree.c(1315): Comp split 26
INFO: dtree.c(1439): stop. leaf nodes are specific
INFO: dtree.c(1478): Final simple tree
|( QUESTION0 -1 -1.804e+05 3.477e+02 7.989e+02
|    ( - -8.877e+03 1 0)
|    ( QUESTION0_9_R 1 -1.712e+05 1.690e+02 7.580e+02
|        ( - -7.421e+02 1 0)
|        ( - -1.703e+05 6 0)))
s>    ( QUESTION0 -1 -1.804e+05 3.477e+02 7.989e+02
s>        ( - -8.877e+03 1 0)
s>        ( QUESTION0_9_R 1 -1.712e+05 1.690e+02 7.580e+02
s>            ( - -7.421e+02 1 0)
s>            ( - -1.703e+05 6 0)))INFO: dtree.c(1315): Comp split 27
INFO: dtree.c(1439): stop. leaf nodes are specific
INFO: dtree.c(1478): Final simple tree
|( QUESTION5 -1 -1.587e+04 2.766e+02 6.983e+01
|    ( - -1.120e+03 1 0)
|    ( WDBNDRY_B 0 -1.448e+04 2.816e+02 6.383e+01
|        ( QUESTION3 -1 -1.093e+04 1.351e+02 4.824e+01
|            ( - -3.358e+02 1 0)
|            ( - -1.046e+04 1 0))
|        ( - -3.270e+03 1 0)))
s>    ( QUESTION5 -1 -1.587e+04 2.766e+02 6.983e+01
s>        ( - -1.120e+03 1 0)
s>        ( WDBNDRY_B 0 -1.448e+04 2.816e+02 6.383e+01
s>            ( QUESTION3 -1 -1.093e+04 1.351e+02 4.824e+01
s>                ( - -3.358e+02 1 0)
s>                ( - -1.046e+04 1 0))
s>            ( - -3.270e+03 1 0)))INFO: dtree.c(1315): Comp split 28
INFO: dtree.c(1439): stop. leaf nodes are specific
INFO: dtree.c(1478): Final simple tree
|( QUESTION0_9_R 1 -1.712e+05 1.690e+02 7.580e+02
|    ( - -7.421e+02 1 0)
|    ( - -1.703e+05 6 0))
s>    ( QUESTION0_9_R 1 -1.712e+05 1.690e+02 7.580e+02
s>        ( - -7.421e+02 1 0)
s>        ( - -1.703e+05 6 0))INFO: dtree.c(1315): Comp split 29
INFO: dtree.c(1439): stop. leaf nodes are specific
INFO: dtree.c(1478): Final simple tree
|( QUESTION2 -1 -1.146e+04 2.190e+02 5.176e+01
|    ( - -1.351e+03 1 0)
|    ( WDBNDRY_B 0 -9.889e+03 1.931e+02 4.476e+01
|        ( QUESTION0_0_R 1 -2.129e+03 1.926e+02 1.000e+01
|            ( - -5.922e+02 1 0)
|            ( - -1.344e+03 1 0))
|        ( QUESTION17 -1 -7.567e+03 1.185e+02 3.476e+01
|            ( - -5.672e+02 1 0)
|            ( QUESTION0_14_R 1 -6.881e+03 1.122e+02 3.176e+01
|                ( - -6.182e+03 1 0)
|                ( - -5.868e+02 1 0)))))
s>    ( QUESTION2 -1 -1.146e+04 2.190e+02 5.176e+01
s>        ( - -1.351e+03 1 0)
s>        ( WDBNDRY_B 0 -9.889e+03 1.931e+02 4.476e+01
s>            ( QUESTION0_0_R 1 -2.129e+03 1.926e+02 1.000e+01
s>                ( - -5.922e+02 1 0)
s>                ( - -1.344e+03 1 0))
s>            ( QUESTION17 -1 -7.567e+03 1.185e+02 3.476e+01
s>                ( - -5.672e+02 1 0)
s>                ( QUESTION0_14_R 1 -6.881e+03 1.122e+02 3.176e+01
s>                    ( - -6.182e+03 1 0)
s>                    ( - -5.868e+02 1 0)))))INFO: dtree.c(1439): stop. leaf nodes are specific
INFO: dtree.c(1478): Final simple tree
|( WDBNDRY_B 0 -2.055e+04 2.033e+02 9.650e+01
|    ( - -2.323e+02 1 0)
|    ( - -2.012e+04 1 0))
s>    ( WDBNDRY_B 0 -2.055e+04 2.033e+02 9.650e+01
s>        ( - -2.323e+02 1 0)
s>        ( - -2.012e+04 1 0))INFO: dtree.c(1315): Comp split 30
INFO: dtree.c(1315): Comp split 31
INFO: dtree.c(1439): stop. leaf nodes are specific
INFO: dtree.c(1478): Final simple tree
|( WDBNDRY_B 0 -1.232e+04 2.737e+02 5.424e+01
|    ( QUESTION3 -1 -1.093e+04 1.351e+02 4.824e+01
|        ( - -3.358e+02 1 0)
|        ( - -1.046e+04 1 0))
|    ( - -1.120e+03 1 0))
s>    ( WDBNDRY_B 0 -1.232e+04 2.737e+02 5.424e+01
s>        ( QUESTION3 -1 -1.093e+04 1.351e+02 4.824e+01
s>            ( - -3.358e+02 1 0)
s>            ( - -1.046e+04 1 0))
s>        ( - -1.120e+03 1 0))INFO: dtree.c(1315): Comp split 32
INFO: dtree.c(1439): stop. leaf nodes are specific
INFO: dtree.c(1478): Final simple tree
|( QUESTION3 -1 -1.093e+04 1.351e+02 4.824e+01
|    ( - -3.358e+02 1 0)
|    ( - -1.046e+04 1 0))
s>    ( QUESTION3 -1 -1.093e+04 1.351e+02 4.824e+01
s>        ( - -3.358e+02 1 0)
s>        ( - -1.046e+04 1 0))INFO: dtree.c(1315): Comp split 33
INFO: dtree.c(1439): stop. leaf nodes are specific
INFO: dtree.c(1478): Final simple tree
|( QUESTION2 -1 -9.881e+03 2.196e+02 4.476e+01
|    ( - -1.351e+03 1 0)
|    ( WDBNDRY_B 0 -8.311e+03 1.517e+02 3.776e+01
|        ( - -5.922e+02 1 0)
|        ( QUESTION17 -1 -7.567e+03 1.185e+02 3.476e+01
|            ( - -5.672e+02 1 0)
|            ( QUESTION0_14_R 1 -6.881e+03 1.122e+02 3.176e+01
|                ( - -6.182e+03 1 0)
|                ( - -5.868e+02 1 0)))))
s>    ( QUESTION2 -1 -9.881e+03 2.196e+02 4.476e+01
s>        ( - -1.351e+03 1 0)
s>        ( WDBNDRY_B 0 -8.311e+03 1.517e+02 3.776e+01
s>            ( - -5.922e+02 1 0)
s>            ( QUESTION17 -1 -7.567e+03 1.185e+02 3.476e+01
s>                ( - -5.672e+02 1 0)
s>                ( QUESTION0_14_R 1 -6.881e+03 1.122e+02 3.176e+01
s>                    ( - -6.182e+03 1 0)
s>                    ( - -5.868e+02 1 0)))))INFO: dtree.c(1315): Comp split 34
INFO: dtree.c(1439): stop. leaf nodes are specific
INFO: dtree.c(1478): Final simple tree
|( WDBNDRY_B 0 -8.311e+03 1.517e+02 3.776e+01
|    ( - -5.922e+02 1 0)
|    ( QUESTION17 -1 -7.567e+03 1.185e+02 3.476e+01
|        ( - -5.672e+02 1 0)
|        ( QUESTION0_14_R 1 -6.881e+03 1.122e+02 3.176e+01
|            ( - -6.182e+03 1 0)
|            ( - -5.868e+02 1 0))))
s>    ( WDBNDRY_B 0 -8.311e+03 1.517e+02 3.776e+01
s>        ( - -5.922e+02 1 0)
s>        ( QUESTION17 -1 -7.567e+03 1.185e+02 3.476e+01
s>            ( - -5.672e+02 1 0)
s>            ( QUESTION0_14_R 1 -6.881e+03 1.122e+02 3.176e+01
s>                ( - -6.182e+03 1 0)
s>                ( - -5.868e+02 1 0))))INFO: dtree.c(1315): Comp split 35
INFO: dtree.c(1439): stop. leaf nodes are specific
INFO: dtree.c(1478): Final simple tree
|( QUESTION0 -1 -9.586e+04 1.797e+02 4.233e+02
|    ( - -8.505e+04 2 0)
|    ( - -1.063e+04 1 0))
s>    ( QUESTION0 -1 -9.586e+04 1.797e+02 4.233e+02
s>        ( - -8.505e+04 2 0)
s>        ( - -1.063e+04 1 0))INFO: dtree.c(1315): Comp split 36
INFO: dtree.c(1315): Comp split 37
INFO: dtree.c(1315): Comp split 38
INFO: dtree.c(1315): Comp split 39
INFO: dtree.c(1315): Comp split 40
INFO: dtree.c(1439): stop. leaf nodes are specific
INFO: dtree.c(1478): Final simple tree
|( QUESTION17 -1 -7.567e+03 1.185e+02 3.476e+01
|    ( - -5.672e+02 1 0)
|    ( QUESTION0_14_R 1 -6.881e+03 1.122e+02 3.176e+01
|        ( - -6.182e+03 1 0)
|        ( - -5.868e+02 1 0)))
s>    ( QUESTION17 -1 -7.567e+03 1.185e+02 3.476e+01
s>        ( - -5.672e+02 1 0)
s>        ( QUESTION0_14_R 1 -6.881e+03 1.122e+02 3.176e+01
s>            ( - -6.182e+03 1 0)
s>            ( - -5.868e+02 1 0)))INFO: dtree.c(1315): Comp split 41
INFO: dtree.c(1315): Comp split 42
INFO: dtree.c(1315): Comp split 43
INFO: dtree.c(1315): Comp split 44
INFO: dtree.c(1315): Comp split 45
INFO: dtree.c(1315): Comp split 46
INFO: dtree.c(1439): stop. leaf nodes are specific
INFO: dtree.c(1478): Final simple tree
|( QUESTION0_14_R 1 -6.881e+03 1.122e+02 3.176e+01
|    ( - -6.182e+03 1 0)
|    ( - -5.868e+02 1 0))
s>    ( QUESTION0_14_R 1 -6.881e+03 1.122e+02 3.176e+01
s>        ( - -6.182e+03 1 0)
s>        ( - -5.868e+02 1 0))INFO: dtree.c(1315): Comp split 47
INFO: dtree.c(1315): Comp split 48
INFO: dtree.c(1318): stop. leaf nodes are specific
Fri Jan  6 22:28:29 2023
