Current configuration:
[NAME]		[DEFLT]	[VALUE]
-allphones	no	no
-cntthresh	0.00001	1.000000e-05
-csplitmax	100	2000
-csplitmin	1	1
-csplitthr	8e-4	0.000000e+00
-example	no	no
-fullvar	no	no
-help		no	no
-meanfn			/mnt/c/users/robin/onedrive/desktop/cmu/Cebuano/model_parameters/Cebuano.cd_cont_untied/means
-mixwfn			/mnt/c/users/robin/onedrive/desktop/cmu/Cebuano/model_parameters/Cebuano.cd_cont_untied/mixture_weights
-moddeffn		/mnt/c/users/robin/onedrive/desktop/cmu/Cebuano/model_architecture/Cebuano.untied.mdef
-mwfloor	1e-4	1.000000e-08
-phone			AO
-psetfn			/mnt/c/users/robin/onedrive/desktop/cmu/Cebuano/model_architecture/Cebuano.tree_questions
-ssplitmax	5	7
-ssplitmin	1	1
-ssplitthr	8e-4	0.000000e+00
-state			1
-stwt			1.0,0.05,0.0,
-treefn			/mnt/c/users/robin/onedrive/desktop/cmu/Cebuano/trees/Cebuano.unpruned/AO-1.dtree
-ts2cbfn	.semi.	.cont.
-varfloor	0.00001	1.000000e-05
-varfn			/mnt/c/users/robin/onedrive/desktop/cmu/Cebuano/model_parameters/Cebuano.cd_cont_untied/variances

INFO: main.c(223): Reading: /mnt/c/users/robin/onedrive/desktop/cmu/Cebuano/model_architecture/Cebuano.untied.mdef
INFO: model_def_io.c(573): Model definition info:
INFO: model_def_io.c(574): 7744 total models defined (40 base, 7704 tri)
INFO: model_def_io.c(575): 30976 total states
INFO: model_def_io.c(576): 23232 total tied states
INFO: model_def_io.c(577): 120 total tied CI states
INFO: model_def_io.c(578): 40 total tied transition matrices
INFO: model_def_io.c(579): 4 max state/model
INFO: model_def_io.c(580): 4 min state/model
INFO: main.c(242): Building trees for [AO AA R b] through [AO Z N i]
INFO: main.c(268): Covering states |[4491 4853]| == 363
INFO: main.c(275): Reading: /mnt/c/users/robin/onedrive/desktop/cmu/Cebuano/model_parameters/Cebuano.cd_cont_untied/mixture_weights
INFO: s3mixw_io.c(172): Read /mnt/c/users/robin/onedrive/desktop/cmu/Cebuano/model_parameters/Cebuano.cd_cont_untied/mixture_weights [363x1x1 array]
INFO: main.c(311): 121 of 121 models have observation count greater than 0.000010
INFO: main.c(95): nrm stwt: 0.045 0.909 0.045 
INFO: s3gau_io.c(168): Read /mnt/c/users/robin/onedrive/desktop/cmu/Cebuano/model_parameters/Cebuano.cd_cont_untied/means [23232x1x1 array]
INFO: s3gau_io.c(168): Read /mnt/c/users/robin/onedrive/desktop/cmu/Cebuano/model_parameters/Cebuano.cd_cont_untied/variances [23232x1x1 array]
INFO: main.c(549): Reading: /mnt/c/users/robin/onedrive/desktop/cmu/Cebuano/model_architecture/Cebuano.tree_questions
INFO: main.c(587): 180 total simple questions (172 phone; 8 word bndry)
INFO: main.c(589): 42 Left Only questions, and 42 Right Only questions
INFO: dtree.c(1478): Final simple tree
|( QUESTION17 -1 -2.887e+06 1.960e+04 1.340e+04
|    ( QUESTION2_1_L -1 -3.044e+05 9.974e+03 1.325e+03
|        ( - -1.684e+05 2 0 QUESTION0_9_R 1 2.313e+03 7.468e+02)
|        ( - -1.260e+05 14 0 QUESTION0_11_R 1 9.895e+02 5.785e+02))
|    ( QUESTION0_14_R 1 -2.563e+06 1.374e+04 1.207e+04
|        ( - -7.792e+05 19 0 WDBNDRY_I 0 1.107e+03 3.750e+03)
|        ( QUESTION2_14_L -1 -1.770e+06 4.784e+03 8.321e+03
|            ( - -1.964e+05 6 0 QUESTION0_13_R 1 1.740e+03 1.001e+03)
|            ( QUESTION11 1 -1.569e+06 4.374e+03 7.320e+03
|                ( QUESTION0_11_R 1 -8.903e+05 4.365e+03 4.108e+03
|                    ( - -6.258e+04 1 0)
|                    ( - -8.233e+05 42 0 WDBNDRY_E 0 3.410e+03 3.818e+03))
|                ( QUESTION0_8_R 1 -6.741e+05 3.838e+03 3.212e+03
|                    ( - -2.192e+05 11 0 QUESTION2_7_L -1 2.535e+03 1.042e+03)
|                    ( - -4.511e+05 26 0 QUESTION0_6_R 1 2.461e+03 2.170e+03))))))
s>    ( QUESTION17 -1 -2.887e+06 1.960e+04 1.340e+04
s>        ( QUESTION2_1_L -1 -3.044e+05 9.974e+03 1.325e+03
s>            ( - -1.684e+05 2 0 QUESTION0_9_R 1 2.313e+03 7.468e+02)
s>            ( - -1.260e+05 14 0 QUESTION0_11_R 1 9.895e+02 5.785e+02))
s>        ( QUESTION0_14_R 1 -2.563e+06 1.374e+04 1.207e+04
s>            ( - -7.792e+05 19 0 WDBNDRY_I 0 1.107e+03 3.750e+03)
s>            ( QUESTION2_14_L -1 -1.770e+06 4.784e+03 8.321e+03
s>                ( - -1.964e+05 6 0 QUESTION0_13_R 1 1.740e+03 1.001e+03)
s>                ( QUESTION11 1 -1.569e+06 4.374e+03 7.320e+03
s>                    ( QUESTION0_11_R 1 -8.903e+05 4.365e+03 4.108e+03
s>                        ( - -6.258e+04 1 0)
s>                        ( - -8.233e+05 42 0 WDBNDRY_E 0 3.410e+03 3.818e+03))
s>                    ( QUESTION0_8_R 1 -6.741e+05 3.838e+03 3.212e+03
s>                        ( - -2.192e+05 11 0 QUESTION2_7_L -1 2.535e+03 1.042e+03)
s>                        ( - -4.511e+05 26 0 QUESTION0_6_R 1 2.461e+03 2.170e+03))))))INFO: dtree.c(1315): Comp split 0
INFO: dtree.c(1439): stop. leaf nodes are specific
INFO: dtree.c(1478): Final simple tree
|( QUESTION0_9_R 1 -1.684e+05 2.313e+03 7.468e+02
|    ( - -1.343e+05 1 0)
|    ( - -3.179e+04 1 0))
s>    ( QUESTION0_9_R 1 -1.684e+05 2.313e+03 7.468e+02
s>        ( - -1.343e+05 1 0)
s>        ( - -3.179e+04 1 0))INFO: dtree.c(1478): Final simple tree
|( QUESTION0_14_R 1 -2.692e+06 1.406e+04 1.265e+04
|    ( - -7.858e+05 21 0 WDBNDRY_B 0 1.052e+03 3.780e+03)
|    ( QUESTION0_17_R 1 -1.892e+06 4.983e+03 8.870e+03
|        ( QUESTION2_14_L -1 -4.422e+05 3.805e+03 2.149e+03
|            ( - -1.464e+05 1 0)
|            ( - -2.920e+05 18 0 QUESTION2_1_L -1 1.527e+03 1.386e+03))
|        ( QUESTION12 1 -1.445e+06 4.175e+03 6.721e+03
|            ( QUESTION2_1_L -1 -5.079e+05 3.972e+03 2.356e+03
|                ( - -2.378e+05 7 0 QUESTION2_8_L -1 8.116e+02 1.104e+03)
|                ( - -2.661e+05 14 0 WDBNDRY_I 0 2.308e+03 1.252e+03))
|            ( QUESTION0_12_R 1 -9.329e+05 4.347e+03 4.364e+03
|                ( QUESTION2_7_L -1 -2.537e+05 2.921e+03 1.198e+03
|                    ( - -1.120e+05 1 0)
|                    ( - -1.388e+05 12 0 QUESTION16 -1 1.270e+03 6.492e+02))
|                ( - -6.749e+05 45 0 QUESTION16 1 2.687e+03 3.166e+03)))))
s>    ( QUESTION0_14_R 1 -2.692e+06 1.406e+04 1.265e+04
s>        ( - -7.858e+05 21 0 WDBNDRY_B 0 1.052e+03 3.780e+03)
s>        ( QUESTION0_17_R 1 -1.892e+06 4.983e+03 8.870e+03
s>            ( QUESTION2_14_L -1 -4.422e+05 3.805e+03 2.149e+03
s>                ( - -1.464e+05 1 0)
s>                ( - -2.920e+05 18 0 QUESTION2_1_L -1 1.527e+03 1.386e+03))
s>            ( QUESTION12 1 -1.445e+06 4.175e+03 6.721e+03
s>                ( QUESTION2_1_L -1 -5.079e+05 3.972e+03 2.356e+03
s>                    ( - -2.378e+05 7 0 QUESTION2_8_L -1 8.116e+02 1.104e+03)
s>                    ( - -2.661e+05 14 0 WDBNDRY_I 0 2.308e+03 1.252e+03))
s>                ( QUESTION0_12_R 1 -9.329e+05 4.347e+03 4.364e+03
s>                    ( QUESTION2_7_L -1 -2.537e+05 2.921e+03 1.198e+03
s>                        ( - -1.120e+05 1 0)
s>                        ( - -1.388e+05 12 0 QUESTION16 -1 1.270e+03 6.492e+02))
s>                    ( - -6.749e+05 45 0 QUESTION16 1 2.687e+03 3.166e+03)))))INFO: dtree.c(1315): Comp split 1
INFO: dtree.c(1478): Final simple tree
|( QUESTION0_17_R 1 -1.892e+06 4.983e+03 8.870e+03
|    ( QUESTION2_14_L -1 -4.422e+05 3.805e+03 2.149e+03
|        ( - -1.464e+05 1 0)
|        ( - -2.920e+05 18 0 QUESTION2_1_L -1 1.527e+03 1.386e+03))
|    ( QUESTION12 1 -1.445e+06 4.175e+03 6.721e+03
|        ( QUESTION2_1_L -1 -5.079e+05 3.972e+03 2.356e+03
|            ( - -2.378e+05 7 0 QUESTION2_8_L -1 8.116e+02 1.104e+03)
|            ( - -2.661e+05 14 0 WDBNDRY_I 0 2.308e+03 1.252e+03))
|        ( QUESTION0_12_R 1 -9.329e+05 4.347e+03 4.364e+03
|            ( QUESTION2_7_L -1 -2.537e+05 2.921e+03 1.198e+03
|                ( - -1.120e+05 1 0)
|                ( - -1.388e+05 12 0 QUESTION16 -1 1.270e+03 6.492e+02))
|            ( QUESTION16 1 -6.749e+05 2.687e+03 3.166e+03
|                ( - -6.388e+04 2 0 WDBNDRY_E 0 2.290e+02 2.953e+02)
|                ( - -6.083e+05 43 0 QUESTION2_11_L -1 2.309e+03 2.871e+03)))))
s>    ( QUESTION0_17_R 1 -1.892e+06 4.983e+03 8.870e+03
s>        ( QUESTION2_14_L -1 -4.422e+05 3.805e+03 2.149e+03
s>            ( - -1.464e+05 1 0)
s>            ( - -2.920e+05 18 0 QUESTION2_1_L -1 1.527e+03 1.386e+03))
s>        ( QUESTION12 1 -1.445e+06 4.175e+03 6.721e+03
s>            ( QUESTION2_1_L -1 -5.079e+05 3.972e+03 2.356e+03
s>                ( - -2.378e+05 7 0 QUESTION2_8_L -1 8.116e+02 1.104e+03)
s>                ( - -2.661e+05 14 0 WDBNDRY_I 0 2.308e+03 1.252e+03))
s>            ( QUESTION0_12_R 1 -9.329e+05 4.347e+03 4.364e+03
s>                ( QUESTION2_7_L -1 -2.537e+05 2.921e+03 1.198e+03
s>                    ( - -1.120e+05 1 0)
s>                    ( - -1.388e+05 12 0 QUESTION16 -1 1.270e+03 6.492e+02))
s>                ( QUESTION16 1 -6.749e+05 2.687e+03 3.166e+03
s>                    ( - -6.388e+04 2 0 WDBNDRY_E 0 2.290e+02 2.953e+02)
s>                    ( - -6.083e+05 43 0 QUESTION2_11_L -1 2.309e+03 2.871e+03)))))INFO: dtree.c(1478): Final simple tree
|( WDBNDRY_B 0 -7.858e+05 1.052e+03 3.780e+03
|    ( - -1.078e+05 3 0 SILENCE -1 2.111e+02 5.235e+02)
|    ( QUESTION2_7_L -1 -6.770e+05 7.850e+02 3.257e+03
|        ( - -5.779e+04 1 0)
|        ( QUESTION2_11_L -1 -6.184e+05 7.087e+02 2.975e+03
|            ( - -1.020e+05 1 0)
|            ( QUESTION0 -1 -5.157e+05 6.866e+02 2.484e+03
|                ( - -6.722e+04 3 0 QUESTION2_13_L -1 3.781e+02 3.265e+02)
|                ( QUESTION2_9_L -1 -4.478e+05 4.809e+02 2.158e+03
|                    ( - -1.105e+05 3 0)
|                    ( WDBNDRY_I 0 -3.368e+05 4.928e+02 1.629e+03
|                        ( QUESTION12 -1 -3.210e+05 4.510e+02 1.553e+03
|                            ( - -9.883e+04 3 0)
|                            ( - -2.217e+05 3 0 QUESTION10 -1 3.247e+02 1.074e+03))
|                        ( - -1.539e+04 4 0 QUESTION16 -1 3.396e+02 7.601e+01)))))))
s>    ( WDBNDRY_B 0 -7.858e+05 1.052e+03 3.780e+03
s>        ( - -1.078e+05 3 0 SILENCE -1 2.111e+02 5.235e+02)
s>        ( QUESTION2_7_L -1 -6.770e+05 7.850e+02 3.257e+03
s>            ( - -5.779e+04 1 0)
s>            ( QUESTION2_11_L -1 -6.184e+05 7.087e+02 2.975e+03
s>                ( - -1.020e+05 1 0)
s>                ( QUESTION0 -1 -5.157e+05 6.866e+02 2.484e+03
s>                    ( - -6.722e+04 3 0 QUESTION2_13_L -1 3.781e+02 3.265e+02)
s>                    ( QUESTION2_9_L -1 -4.478e+05 4.809e+02 2.158e+03
s>                        ( - -1.105e+05 3 0)
s>                        ( WDBNDRY_I 0 -3.368e+05 4.928e+02 1.629e+03
s>                            ( QUESTION12 -1 -3.210e+05 4.510e+02 1.553e+03
s>                                ( - -9.883e+04 3 0)
s>                                ( - -2.217e+05 3 0 QUESTION10 -1 3.247e+02 1.074e+03))
s>                            ( - -1.539e+04 4 0 QUESTION16 -1 3.396e+02 7.601e+01)))))))INFO: dtree.c(1315): Comp split 2
INFO: dtree.c(1478): Final simple tree
|( QUESTION2_1_L -1 -6.840e+05 5.801e+03 3.254e+03
|    ( QUESTION0_0_R 1 -4.133e+05 1.746e+03 1.912e+03
|        ( QUESTION2_8_L -1 -2.378e+05 8.116e+02 1.104e+03
|            ( - -2.161e+04 1 0)
|            ( - -2.154e+05 6 0 QUESTION11 -1 4.632e+02 9.979e+02))
|        ( QUESTION3 -1 -1.738e+05 6.320e+02 8.074e+02
|            ( - -1.081e+04 1 0)
|            ( - -1.623e+05 7 0 QUESTION11 -1 5.618e+02 7.528e+02)))
|    ( QUESTION2_14_L -1 -2.648e+05 1.740e+03 1.342e+03
|        ( - -1.464e+05 1 0)
|        ( WDBNDRY_B 0 -1.167e+05 8.621e+02 5.785e+02
|            ( - -6.767e+04 6 0 SILENCE -1 4.334e+02 3.410e+02)
|            ( QUESTION0 -1 -4.814e+04 6.463e+02 2.375e+02
|                ( - -3.554e+04 2 0 QUESTION2_0_L -1 4.024e+02 1.792e+02)
|                ( - -1.196e+04 2 0 QUESTION12 -1 2.436e+02 5.827e+01)))))
s>    ( QUESTION2_1_L -1 -6.840e+05 5.801e+03 3.254e+03
s>        ( QUESTION0_0_R 1 -4.133e+05 1.746e+03 1.912e+03
s>            ( QUESTION2_8_L -1 -2.378e+05 8.116e+02 1.104e+03
s>                ( - -2.161e+04 1 0)
s>                ( - -2.154e+05 6 0 QUESTION11 -1 4.632e+02 9.979e+02))
s>            ( QUESTION3 -1 -1.738e+05 6.320e+02 8.074e+02
s>                ( - -1.081e+04 1 0)
s>                ( - -1.623e+05 7 0 QUESTION11 -1 5.618e+02 7.528e+02)))
s>        ( QUESTION2_14_L -1 -2.648e+05 1.740e+03 1.342e+03
s>            ( - -1.464e+05 1 0)
s>            ( WDBNDRY_B 0 -1.167e+05 8.621e+02 5.785e+02
s>                ( - -6.767e+04 6 0 SILENCE -1 4.334e+02 3.410e+02)
s>                ( QUESTION0 -1 -4.814e+04 6.463e+02 2.375e+02
s>                    ( - -3.554e+04 2 0 QUESTION2_0_L -1 4.024e+02 1.792e+02)
s>                    ( - -1.196e+04 2 0 QUESTION12 -1 2.436e+02 5.827e+01)))))INFO: dtree.c(1478): Final simple tree
|( QUESTION0_12_R 1 -1.201e+06 3.873e+03 5.616e+03
|    ( QUESTION2_7_L -1 -2.537e+05 2.921e+03 1.198e+03
|        ( - -1.120e+05 1 0)
|        ( - -1.388e+05 12 0 QUESTION16 -1 1.270e+03 6.492e+02))
|    ( QUESTION2_17_L -1 -9.438e+05 3.032e+03 4.418e+03
|        ( - -4.935e+04 1 0)
|        ( QUESTION10 1 -8.915e+05 2.704e+03 4.186e+03
|            ( - -3.031e+05 19 0 QUESTION13 -1 1.057e+03 1.440e+03)
|            ( QUESTION16 1 -5.856e+05 2.831e+03 2.746e+03
|                ( - -6.388e+04 2 0 WDBNDRY_E 0 2.290e+02 2.953e+02)
|                ( QUESTION2_7_L -1 -5.189e+05 2.250e+03 2.451e+03
|                    ( - -5.182e+04 2 0 QUESTION0_0_R 1 3.870e+02 2.383e+02)
|                    ( SILENCE 1 -4.649e+05 2.048e+03 2.213e+03
|                        ( - -7.310e+04 4 0 QUESTION2_12_L -1 4.990e+02 3.623e+02)
|                        ( - -3.897e+05 31 0 QUESTION2_15_L -1 1.916e+03 1.851e+03)))))))
s>    ( QUESTION0_12_R 1 -1.201e+06 3.873e+03 5.616e+03
s>        ( QUESTION2_7_L -1 -2.537e+05 2.921e+03 1.198e+03
s>            ( - -1.120e+05 1 0)
s>            ( - -1.388e+05 12 0 QUESTION16 -1 1.270e+03 6.492e+02))
s>        ( QUESTION2_17_L -1 -9.438e+05 3.032e+03 4.418e+03
s>            ( - -4.935e+04 1 0)
s>            ( QUESTION10 1 -8.915e+05 2.704e+03 4.186e+03
s>                ( - -3.031e+05 19 0 QUESTION13 -1 1.057e+03 1.440e+03)
s>                ( QUESTION16 1 -5.856e+05 2.831e+03 2.746e+03
s>                    ( - -6.388e+04 2 0 WDBNDRY_E 0 2.290e+02 2.953e+02)
s>                    ( QUESTION2_7_L -1 -5.189e+05 2.250e+03 2.451e+03
s>                        ( - -5.182e+04 2 0 QUESTION0_0_R 1 3.870e+02 2.383e+02)
s>                        ( SILENCE 1 -4.649e+05 2.048e+03 2.213e+03
s>                            ( - -7.310e+04 4 0 QUESTION2_12_L -1 4.990e+02 3.623e+02)
s>                            ( - -3.897e+05 31 0 QUESTION2_15_L -1 1.916e+03 1.851e+03)))))))INFO: dtree.c(1315): Comp split 3
INFO: dtree.c(1478): Final simple tree
|( QUESTION0_0_R 1 -4.143e+05 1.750e+03 1.915e+03
|    ( QUESTION2_8_L -1 -2.378e+05 8.116e+02 1.104e+03
|        ( - -2.161e+04 1 0)
|        ( QUESTION11 -1 -2.154e+05 4.632e+02 9.979e+02
|            ( - -1.414e+04 1 0)
|            ( - -2.008e+05 5 0 WDBNDRY_E 0 2.489e+02 9.327e+02)))
|    ( QUESTION2_6_L -1 -1.747e+05 5.581e+02 8.110e+02
|        ( - -1.595e+04 1 0)
|        ( QUESTION2 -1 -1.582e+05 4.541e+02 7.348e+02
|            ( - -1.111e+04 1 0)
|            ( QUESTION2_10_L -1 -1.467e+05 5.631e+02 6.842e+02
|                ( - -1.280e+05 4 0)
|                ( QUESTION10 -1 -1.810e+04 3.055e+02 8.854e+01
|                    ( - -5.837e+03 1 0)
|                    ( - -1.196e+04 2 0 QUESTION12 -1 2.436e+02 5.827e+01))))))
s>    ( QUESTION0_0_R 1 -4.143e+05 1.750e+03 1.915e+03
s>        ( QUESTION2_8_L -1 -2.378e+05 8.116e+02 1.104e+03
s>            ( - -2.161e+04 1 0)
s>            ( QUESTION11 -1 -2.154e+05 4.632e+02 9.979e+02
s>                ( - -1.414e+04 1 0)
s>                ( - -2.008e+05 5 0 WDBNDRY_E 0 2.489e+02 9.327e+02)))
s>        ( QUESTION2_6_L -1 -1.747e+05 5.581e+02 8.110e+02
s>            ( - -1.595e+04 1 0)
s>            ( QUESTION2 -1 -1.582e+05 4.541e+02 7.348e+02
s>                ( - -1.111e+04 1 0)
s>                ( QUESTION2_10_L -1 -1.467e+05 5.631e+02 6.842e+02
s>                    ( - -1.280e+05 4 0)
s>                    ( QUESTION10 -1 -1.810e+04 3.055e+02 8.854e+01
s>                        ( - -5.837e+03 1 0)
s>                        ( - -1.196e+04 2 0 QUESTION12 -1 2.436e+02 5.827e+01))))))INFO: dtree.c(1478): Final simple tree
|( QUESTION15 -1 -2.637e+05 1.762e+03 1.338e+03
|    ( - -1.464e+05 1 0)
|    ( WDBNDRY_B 0 -1.155e+05 7.349e+02 5.749e+02
|        ( SILENCE -1 -6.767e+04 4.334e+02 3.410e+02
|            ( - -1.385e+04 1 0)
|            ( QUESTION13 -1 -5.338e+04 3.841e+02 2.705e+02
|                ( - -1.711e+04 1 0)
|                ( QUESTION2_0_L -1 -3.588e+04 3.068e+02 1.820e+02
|                    ( - -2.182e+04 2 0)
|                    ( - -1.376e+04 2 0 QUESTION0 -1 2.324e+02 6.904e+01))))
|        ( QUESTION0 -1 -4.710e+04 7.507e+02 2.339e+02
|            ( QUESTION2_0_L -1 -3.554e+04 4.024e+02 1.792e+02
|                ( - -4.721e+03 1 0)
|                ( - -3.042e+04 1 0))
|            ( - -1.081e+04 1 0))))
s>    ( QUESTION15 -1 -2.637e+05 1.762e+03 1.338e+03
s>        ( - -1.464e+05 1 0)
s>        ( WDBNDRY_B 0 -1.155e+05 7.349e+02 5.749e+02
s>            ( SILENCE -1 -6.767e+04 4.334e+02 3.410e+02
s>                ( - -1.385e+04 1 0)
s>                ( QUESTION13 -1 -5.338e+04 3.841e+02 2.705e+02
s>                    ( - -1.711e+04 1 0)
s>                    ( QUESTION2_0_L -1 -3.588e+04 3.068e+02 1.820e+02
s>                        ( - -2.182e+04 2 0)
s>                        ( - -1.376e+04 2 0 QUESTION0 -1 2.324e+02 6.904e+01))))
s>            ( QUESTION0 -1 -4.710e+04 7.507e+02 2.339e+02
s>                ( QUESTION2_0_L -1 -3.554e+04 4.024e+02 1.792e+02
s>                    ( - -4.721e+03 1 0)
s>                    ( - -3.042e+04 1 0))
s>                ( - -1.081e+04 1 0))))INFO: dtree.c(1315): Comp split 4
INFO: dtree.c(1478): Final simple tree
|( QUESTION18 1 -1.032e+06 2.816e+03 4.836e+03
|    ( - -6.258e+04 1 0)
|    ( QUESTION10 1 -9.671e+05 2.771e+03 4.545e+03
|        ( - -3.031e+05 19 0 QUESTION13 -1 1.057e+03 1.440e+03)
|        ( QUESTION2_7_L -1 -6.612e+05 2.331e+03 3.105e+03
|            ( - -5.182e+04 2 0 QUESTION0_0_R 1 3.870e+02 2.383e+02)
|            ( QUESTION17 -1 -6.070e+05 2.214e+03 2.867e+03
|                ( - -9.808e+04 8 0 QUESTION0_11_R 1 9.798e+02 4.545e+02)
|                ( SILENCE 1 -5.067e+05 2.003e+03 2.413e+03
|                    ( - -7.288e+04 3 0 QUESTION0 -1 4.974e+02 3.613e+02)
|                    ( QUESTION0_6_R 1 -4.318e+05 1.973e+03 2.051e+03
|                        ( - -7.277e+04 1 0)
|                        ( QUESTION2_13_L -1 -3.571e+05 1.935e+03 1.678e+03
|                            ( - -1.164e+05 6 0 WDBNDRY_E 0 7.767e+02 5.607e+02)
|                            ( - -2.388e+05 30 0 QUESTION2_0_L -1 1.386e+03 1.117e+03))))))))
s>    ( QUESTION18 1 -1.032e+06 2.816e+03 4.836e+03
s>        ( - -6.258e+04 1 0)
s>        ( QUESTION10 1 -9.671e+05 2.771e+03 4.545e+03
s>            ( - -3.031e+05 19 0 QUESTION13 -1 1.057e+03 1.440e+03)
s>            ( QUESTION2_7_L -1 -6.612e+05 2.331e+03 3.105e+03
s>                ( - -5.182e+04 2 0 QUESTION0_0_R 1 3.870e+02 2.383e+02)
s>                ( QUESTION17 -1 -6.070e+05 2.214e+03 2.867e+03
s>                    ( - -9.808e+04 8 0 QUESTION0_11_R 1 9.798e+02 4.545e+02)
s>                    ( SILENCE 1 -5.067e+05 2.003e+03 2.413e+03
s>                        ( - -7.288e+04 3 0 QUESTION0 -1 4.974e+02 3.613e+02)
s>                        ( QUESTION0_6_R 1 -4.318e+05 1.973e+03 2.051e+03
s>                            ( - -7.277e+04 1 0)
s>                            ( QUESTION2_13_L -1 -3.571e+05 1.935e+03 1.678e+03
s>                                ( - -1.164e+05 6 0 WDBNDRY_E 0 7.767e+02 5.607e+02)
s>                                ( - -2.388e+05 30 0 QUESTION2_0_L -1 1.386e+03 1.117e+03))))))))INFO: dtree.c(1439): stop. leaf nodes are specific
INFO: dtree.c(1478): Final simple tree
|( QUESTION0_0_R 1 -1.640e+05 2.639e+03 7.806e+02
|    ( - -4.935e+04 1 0)
|    ( - -1.120e+05 1 0))
s>    ( QUESTION0_0_R 1 -1.640e+05 2.639e+03 7.806e+02
s>        ( - -4.935e+04 1 0)
s>        ( - -1.120e+05 1 0))INFO: dtree.c(1315): Comp split 5
INFO: dtree.c(1478): Final simple tree
|( QUESTION2_15_L -1 -5.320e+05 2.116e+03 2.506e+03
|    ( QUESTION0 -1 -1.714e+05 1.744e+03 7.966e+02
|        ( - -7.156e+04 2 0 WDBNDRY_E 0 7.154e+02 3.421e+02)
|        ( QUESTION0_11_R 1 -9.808e+04 9.798e+02 4.545e+02
|            ( - -1.317e+04 1 0)
|            ( - -8.393e+04 7 0 QUESTION0_1_R 1 7.053e+02 3.940e+02)))
|    ( QUESTION0_0_R 1 -3.585e+05 2.064e+03 1.709e+03
|        ( WDBNDRY_I 0 -2.133e+05 1.351e+03 1.040e+03
|            ( QUESTION0_1_R 1 -1.676e+05 1.110e+03 8.279e+02
|                ( QUESTION9 -1 -9.372e+04 8.600e+02 4.548e+02
|                    ( - -3.331e+04 3 0 QUESTION12 -1 2.991e+02 1.642e+02)
|                    ( - -5.955e+04 4 0 QUESTION2_0_L -1 3.602e+02 2.906e+02))
|                ( - -7.277e+04 1 0))
|            ( - -4.431e+04 10 0 WDBNDRY_E 0 5.868e+02 2.123e+02))
|        ( - -1.431e+05 17 0 QUESTION13 -1 8.513e+02 6.689e+02)))
s>    ( QUESTION2_15_L -1 -5.320e+05 2.116e+03 2.506e+03
s>        ( QUESTION0 -1 -1.714e+05 1.744e+03 7.966e+02
s>            ( - -7.156e+04 2 0 WDBNDRY_E 0 7.154e+02 3.421e+02)
s>            ( QUESTION0_11_R 1 -9.808e+04 9.798e+02 4.545e+02
s>                ( - -1.317e+04 1 0)
s>                ( - -8.393e+04 7 0 QUESTION0_1_R 1 7.053e+02 3.940e+02)))
s>        ( QUESTION0_0_R 1 -3.585e+05 2.064e+03 1.709e+03
s>            ( WDBNDRY_I 0 -2.133e+05 1.351e+03 1.040e+03
s>                ( QUESTION0_1_R 1 -1.676e+05 1.110e+03 8.279e+02
s>                    ( QUESTION9 -1 -9.372e+04 8.600e+02 4.548e+02
s>                        ( - -3.331e+04 3 0 QUESTION12 -1 2.991e+02 1.642e+02)
s>                        ( - -5.955e+04 4 0 QUESTION2_0_L -1 3.602e+02 2.906e+02))
s>                    ( - -7.277e+04 1 0))
s>                ( - -4.431e+04 10 0 WDBNDRY_E 0 5.868e+02 2.123e+02))
s>            ( - -1.431e+05 17 0 QUESTION13 -1 8.513e+02 6.689e+02)))INFO: dtree.c(1478): Final simple tree
|( QUESTION0_11_R 1 -4.969e+05 2.646e+03 2.330e+03
|    ( - -6.258e+04 1 0)
|    ( QUESTION0_0_R 1 -4.316e+05 2.047e+03 2.040e+03
|        ( QUESTION13 -1 -3.097e+05 1.060e+03 1.471e+03
|            ( - -2.410e+04 4 0 QUESTION0_1_R 1 2.100e+02 1.110e+02)
|            ( WDBNDRY_I 0 -2.845e+05 5.745e+02 1.360e+03
|                ( - -2.586e+05 10 0 QUESTION2_6_L -1 4.014e+02 1.238e+03)
|                ( QUESTION0_1_R 1 -2.533e+04 4.659e+02 1.223e+02
|                    ( - -1.328e+04 3 0 QUESTION2_11_L -1 2.788e+02 6.408e+01)
|                    ( - -1.158e+04 3 0 WDBNDRY_E 0 2.092e+02 5.820e+01))))
|        ( WDBNDRY_I 0 -1.199e+05 1.905e+03 5.685e+02
|            ( - -4.513e+04 1 0)
|            ( QUESTION0 -1 -7.288e+04 4.974e+02 3.613e+02
|                ( - -4.019e+04 1 0)
|                ( - -3.220e+04 2 0 WDBNDRY_E 0 2.826e+02 1.600e+02)))))
s>    ( QUESTION0_11_R 1 -4.969e+05 2.646e+03 2.330e+03
s>        ( - -6.258e+04 1 0)
s>        ( QUESTION0_0_R 1 -4.316e+05 2.047e+03 2.040e+03
s>            ( QUESTION13 -1 -3.097e+05 1.060e+03 1.471e+03
s>                ( - -2.410e+04 4 0 QUESTION0_1_R 1 2.100e+02 1.110e+02)
s>                ( WDBNDRY_I 0 -2.845e+05 5.745e+02 1.360e+03
s>                    ( - -2.586e+05 10 0 QUESTION2_6_L -1 4.014e+02 1.238e+03)
s>                    ( QUESTION0_1_R 1 -2.533e+04 4.659e+02 1.223e+02
s>                        ( - -1.328e+04 3 0 QUESTION2_11_L -1 2.788e+02 6.408e+01)
s>                        ( - -1.158e+04 3 0 WDBNDRY_E 0 2.092e+02 5.820e+01))))
s>            ( WDBNDRY_I 0 -1.199e+05 1.905e+03 5.685e+02
s>                ( - -4.513e+04 1 0)
s>                ( QUESTION0 -1 -7.288e+04 4.974e+02 3.613e+02
s>                    ( - -4.019e+04 1 0)
s>                    ( - -3.220e+04 2 0 WDBNDRY_E 0 2.826e+02 1.600e+02)))))INFO: dtree.c(1315): Comp split 6
INFO: dtree.c(1439): stop. leaf nodes are specific
INFO: dtree.c(1478): Final simple tree
|( QUESTION0_0_R 1 -1.014e+05 9.733e+02 4.653e+02
|    ( QUESTION16 -1 -3.782e+04 4.499e+02 1.751e+02
|        ( QUESTION0_1_R 1 -2.006e+04 2.496e+02 9.197e+01
|            ( - -1.296e+03 1 0)
|            ( - -1.852e+04 2 0))
|        ( QUESTION2_10_L -1 -1.731e+04 2.733e+02 8.308e+01
|            ( - -5.311e+03 1 0)
|            ( WDBNDRY_S 0 -1.173e+04 2.329e+02 5.578e+01
|                ( - -1.094e+03 1 0)
|                ( WDBNDRY_E 0 -1.040e+04 1.819e+02 4.978e+01
|                    ( - -6.369e+03 1 0)
|                    ( - -3.851e+03 1 0)))))
|    ( - -6.258e+04 1 0))
s>    ( QUESTION0_0_R 1 -1.014e+05 9.733e+02 4.653e+02
s>        ( QUESTION16 -1 -3.782e+04 4.499e+02 1.751e+02
s>            ( QUESTION0_1_R 1 -2.006e+04 2.496e+02 9.197e+01
s>                ( - -1.296e+03 1 0)
s>                ( - -1.852e+04 2 0))
s>            ( QUESTION2_10_L -1 -1.731e+04 2.733e+02 8.308e+01
s>                ( - -5.311e+03 1 0)
s>                ( WDBNDRY_S 0 -1.173e+04 2.329e+02 5.578e+01
s>                    ( - -1.094e+03 1 0)
s>                    ( WDBNDRY_E 0 -1.040e+04 1.819e+02 4.978e+01
s>                        ( - -6.369e+03 1 0)
s>                        ( - -3.851e+03 1 0)))))
s>        ( - -6.258e+04 1 0))INFO: dtree.c(1478): Final simple tree
|( QUESTION0_8_R 1 -3.925e+05 2.052e+03 1.865e+03
|    ( - -4.513e+04 1 0)
|    ( WDBNDRY_I 0 -3.453e+05 1.801e+03 1.657e+03
|        ( QUESTION2_6_L -1 -2.586e+05 4.014e+02 1.238e+03
|            ( QUESTION10 -1 -2.862e+04 2.988e+02 1.369e+02
|                ( - -5.494e+03 1 0)
|                ( - -2.282e+04 3 0 QUESTION0_1_R 1 1.794e+02 1.107e+02))
|            ( - -2.296e+05 6 0 QUESTION2_10_L -1 2.156e+02 1.101e+03))
|        ( QUESTION0 -1 -8.490e+04 4.788e+02 4.195e+02
|            ( SILENCE 1 -4.683e+04 3.913e+02 2.335e+02
|                ( - -4.019e+04 1 0)
|                ( - -6.256e+03 1 0))
|            ( WDBNDRY_E 0 -3.759e+04 2.759e+02 1.861e+02
|                ( - -2.726e+03 1 0)
|                ( - -3.459e+04 3 0 SILENCE 1 2.780e+02 1.711e+02)))))
s>    ( QUESTION0_8_R 1 -3.925e+05 2.052e+03 1.865e+03
s>        ( - -4.513e+04 1 0)
s>        ( WDBNDRY_I 0 -3.453e+05 1.801e+03 1.657e+03
s>            ( QUESTION2_6_L -1 -2.586e+05 4.014e+02 1.238e+03
s>                ( QUESTION10 -1 -2.862e+04 2.988e+02 1.369e+02
s>                    ( - -5.494e+03 1 0)
s>                    ( - -2.282e+04 3 0 QUESTION0_1_R 1 1.794e+02 1.107e+02))
s>                ( - -2.296e+05 6 0 QUESTION2_10_L -1 2.156e+02 1.101e+03))
s>            ( QUESTION0 -1 -8.490e+04 4.788e+02 4.195e+02
s>                ( SILENCE 1 -4.683e+04 3.913e+02 2.335e+02
s>                    ( - -4.019e+04 1 0)
s>                    ( - -6.256e+03 1 0))
s>                ( WDBNDRY_E 0 -3.759e+04 2.759e+02 1.861e+02
s>                    ( - -2.726e+03 1 0)
s>                    ( - -3.459e+04 3 0 SILENCE 1 2.780e+02 1.711e+02)))))INFO: dtree.c(1315): Comp split 7
INFO: dtree.c(1439): stop. leaf nodes are specific
INFO: dtree.c(1478): Final simple tree
|( QUESTION0_1_R 1 -1.676e+05 1.110e+03 8.279e+02
|    ( QUESTION9 -1 -9.372e+04 8.600e+02 4.548e+02
|        ( QUESTION12 -1 -3.331e+04 2.991e+02 1.642e+02
|            ( - -1.538e+04 1 0)
|            ( QUESTION14 -1 -1.763e+04 1.905e+02 8.663e+01
|                ( - -4.494e+03 1 0)
|                ( - -1.294e+04 1 0)))
|        ( QUESTION2_0_L -1 -5.955e+04 3.602e+02 2.906e+02
|            ( - -3.311e+03 1 0)
|            ( QUESTION0 -1 -5.588e+04 2.884e+02 2.736e+02
|                ( - -5.215e+04 2 0)
|                ( - -3.438e+03 1 0))))
|    ( - -7.277e+04 1 0))
s>    ( QUESTION0_1_R 1 -1.676e+05 1.110e+03 8.279e+02
s>        ( QUESTION9 -1 -9.372e+04 8.600e+02 4.548e+02
s>            ( QUESTION12 -1 -3.331e+04 2.991e+02 1.642e+02
s>                ( - -1.538e+04 1 0)
s>                ( QUESTION14 -1 -1.763e+04 1.905e+02 8.663e+01
s>                    ( - -4.494e+03 1 0)
s>                    ( - -1.294e+04 1 0)))
s>            ( QUESTION2_0_L -1 -5.955e+04 3.602e+02 2.906e+02
s>                ( - -3.311e+03 1 0)
s>                ( QUESTION0 -1 -5.588e+04 2.884e+02 2.736e+02
s>                    ( - -5.215e+04 2 0)
s>                    ( - -3.438e+03 1 0))))
s>        ( - -7.277e+04 1 0))INFO: dtree.c(1478): Final simple tree
|( QUESTION17 -1 -3.614e+05 2.012e+03 1.678e+03
|    ( QUESTION0_11_R 1 -9.808e+04 9.798e+02 4.545e+02
|        ( - -1.317e+04 1 0)
|        ( QUESTION0_1_R 1 -8.393e+04 7.053e+02 3.940e+02
|            ( - -3.068e+04 2 0)
|            ( - -5.254e+04 5 0 SILENCE 1 4.639e+02 2.454e+02)))
|    ( QUESTION2_13_L -1 -2.613e+05 2.001e+03 1.223e+03
|        ( QUESTION0_10_R 1 -1.025e+05 7.135e+02 4.959e+02
|            ( - -1.171e+04 1 0)
|            ( - -9.004e+04 4 0 QUESTION0 -1 5.168e+02 4.401e+02))
|        ( QUESTION0_11_R 1 -1.568e+05 9.749e+02 7.274e+02
|            ( QUESTION2_11_L -1 -1.047e+05 8.288e+02 4.932e+02
|                ( - -2.739e+04 2 0 WDBNDRY_B 0 1.989e+02 1.310e+02)
|                ( - -7.646e+04 8 0 WDBNDRY_B 0 5.912e+02 3.622e+02))
|            ( - -5.115e+04 14 0 QUESTION0_5_R 1 4.089e+02 2.342e+02))))
s>    ( QUESTION17 -1 -3.614e+05 2.012e+03 1.678e+03
s>        ( QUESTION0_11_R 1 -9.808e+04 9.798e+02 4.545e+02
s>            ( - -1.317e+04 1 0)
s>            ( QUESTION0_1_R 1 -8.393e+04 7.053e+02 3.940e+02
s>                ( - -3.068e+04 2 0)
s>                ( - -5.254e+04 5 0 SILENCE 1 4.639e+02 2.454e+02)))
s>        ( QUESTION2_13_L -1 -2.613e+05 2.001e+03 1.223e+03
s>            ( QUESTION0_10_R 1 -1.025e+05 7.135e+02 4.959e+02
s>                ( - -1.171e+04 1 0)
s>                ( - -9.004e+04 4 0 QUESTION0 -1 5.168e+02 4.401e+02))
s>            ( QUESTION0_11_R 1 -1.568e+05 9.749e+02 7.274e+02
s>                ( QUESTION2_11_L -1 -1.047e+05 8.288e+02 4.932e+02
s>                    ( - -2.739e+04 2 0 WDBNDRY_B 0 1.989e+02 1.310e+02)
s>                    ( - -7.646e+04 8 0 WDBNDRY_B 0 5.912e+02 3.622e+02))
s>                ( - -5.115e+04 14 0 QUESTION0_5_R 1 4.089e+02 2.342e+02))))INFO: dtree.c(1315): Comp split 8
INFO: dtree.c(1315): Comp split 9
INFO: dtree.c(1439): stop. leaf nodes are specific
INFO: dtree.c(1478): Final simple tree
|( QUESTION10 -1 -1.183e+05 8.407e+02 5.711e+02
|    ( WDBNDRY_B 0 -2.739e+04 1.989e+02 1.310e+02
|        ( - -1.777e+03 1 0)
|        ( - -2.542e+04 1 0))
|    ( QUESTION0 -1 -9.004e+04 5.168e+02 4.401e+02
|        ( - -5.914e+04 1 0)
|        ( WDBNDRY_I 0 -3.038e+04 5.499e+02 1.538e+02
|            ( - -1.881e+04 1 0)
|            ( WDBNDRY_B 0 -1.102e+04 2.309e+02 5.834e+01
|                ( - -1.002e+03 1 0)
|                ( - -9.791e+03 1 0)))))
s>    ( QUESTION10 -1 -1.183e+05 8.407e+02 5.711e+02
s>        ( WDBNDRY_B 0 -2.739e+04 1.989e+02 1.310e+02
s>            ( - -1.777e+03 1 0)
s>            ( - -2.542e+04 1 0))
s>        ( QUESTION0 -1 -9.004e+04 5.168e+02 4.401e+02
s>            ( - -5.914e+04 1 0)
s>            ( WDBNDRY_I 0 -3.038e+04 5.499e+02 1.538e+02
s>                ( - -1.881e+04 1 0)
s>                ( WDBNDRY_B 0 -1.102e+04 2.309e+02 5.834e+01
s>                    ( - -1.002e+03 1 0)
s>                    ( - -9.791e+03 1 0)))))INFO: dtree.c(1478): Final simple tree
|( QUESTION2_13_L -1 -2.406e+05 1.793e+03 1.107e+03
|    ( QUESTION0_11_R 1 -1.102e+05 1.063e+03 5.103e+02
|        ( - -1.317e+04 1 0)
|        ( QUESTION0_1_R 1 -9.600e+04 7.674e+02 4.498e+02
|            ( - -3.068e+04 2 0)
|            ( SILENCE 1 -6.455e+04 4.639e+02 3.012e+02
|                ( - 2.416e+02 1 0)
|                ( - -6.433e+04 5 0 QUESTION0_9_R 1 4.260e+02 3.002e+02))))
|    ( QUESTION0_11_R 1 -1.286e+05 9.666e+02 5.964e+02
|        ( WDBNDRY_B 0 -7.646e+04 5.912e+02 3.622e+02
|            ( - -4.402e+04 3 0 QUESTION10 -1 2.983e+02 2.057e+02)
|            ( QUESTION2_6_L -1 -3.185e+04 4.452e+02 1.565e+02
|                ( - 1.796e+02 1 0)
|                ( - -3.158e+04 4 0 QUESTION3 -1 2.307e+02 1.555e+02)))
|        ( - -5.115e+04 14 0 QUESTION0_5_R 1 4.089e+02 2.342e+02)))
s>    ( QUESTION2_13_L -1 -2.406e+05 1.793e+03 1.107e+03
s>        ( QUESTION0_11_R 1 -1.102e+05 1.063e+03 5.103e+02
s>            ( - -1.317e+04 1 0)
s>            ( QUESTION0_1_R 1 -9.600e+04 7.674e+02 4.498e+02
s>                ( - -3.068e+04 2 0)
s>                ( SILENCE 1 -6.455e+04 4.639e+02 3.012e+02
s>                    ( - 2.416e+02 1 0)
s>                    ( - -6.433e+04 5 0 QUESTION0_9_R 1 4.260e+02 3.002e+02))))
s>        ( QUESTION0_11_R 1 -1.286e+05 9.666e+02 5.964e+02
s>            ( WDBNDRY_B 0 -7.646e+04 5.912e+02 3.622e+02
s>                ( - -4.402e+04 3 0 QUESTION10 -1 2.983e+02 2.057e+02)
s>                ( QUESTION2_6_L -1 -3.185e+04 4.452e+02 1.565e+02
s>                    ( - 1.796e+02 1 0)
s>                    ( - -3.158e+04 4 0 QUESTION3 -1 2.307e+02 1.555e+02)))
s>            ( - -5.115e+04 14 0 QUESTION0_5_R 1 4.089e+02 2.342e+02)))INFO: dtree.c(1315): Comp split 10
INFO: dtree.c(1315): Comp split 11
INFO: dtree.c(1478): Final simple tree
|( WDBNDRY_I 0 -3.453e+05 1.801e+03 1.657e+03
|    ( QUESTION2_6_L -1 -2.586e+05 4.014e+02 1.238e+03
|        ( QUESTION10 -1 -2.862e+04 2.988e+02 1.369e+02
|            ( - -5.494e+03 1 0)
|            ( - -2.282e+04 3 0 QUESTION0_1_R 1 1.794e+02 1.107e+02))
|        ( - -2.296e+05 6 0 QUESTION2_10_L -1 2.156e+02 1.101e+03))
|    ( QUESTION0 -1 -8.490e+04 4.788e+02 4.195e+02
|        ( SILENCE 1 -4.683e+04 3.913e+02 2.335e+02
|            ( - -4.019e+04 1 0)
|            ( - -6.256e+03 1 0))
|        ( WDBNDRY_E 0 -3.759e+04 2.759e+02 1.861e+02
|            ( - -2.726e+03 1 0)
|            ( SILENCE 1 -3.459e+04 2.780e+02 1.711e+02
|                ( - -2.919e+04 1 0)
|                ( - -5.119e+03 2 0)))))
s>    ( WDBNDRY_I 0 -3.453e+05 1.801e+03 1.657e+03
s>        ( QUESTION2_6_L -1 -2.586e+05 4.014e+02 1.238e+03
s>            ( QUESTION10 -1 -2.862e+04 2.988e+02 1.369e+02
s>                ( - -5.494e+03 1 0)
s>                ( - -2.282e+04 3 0 QUESTION0_1_R 1 1.794e+02 1.107e+02))
s>            ( - -2.296e+05 6 0 QUESTION2_10_L -1 2.156e+02 1.101e+03))
s>        ( QUESTION0 -1 -8.490e+04 4.788e+02 4.195e+02
s>            ( SILENCE 1 -4.683e+04 3.913e+02 2.335e+02
s>                ( - -4.019e+04 1 0)
s>                ( - -6.256e+03 1 0))
s>            ( WDBNDRY_E 0 -3.759e+04 2.759e+02 1.861e+02
s>                ( - -2.726e+03 1 0)
s>                ( SILENCE 1 -3.459e+04 2.780e+02 1.711e+02
s>                    ( - -2.919e+04 1 0)
s>                    ( - -5.119e+03 2 0)))))INFO: dtree.c(1315): Comp split 12
INFO: dtree.c(1439): stop. leaf nodes are specific
INFO: dtree.c(1478): Final simple tree
|( WDBNDRY_B 0 -7.646e+04 5.912e+02 3.622e+02
|    ( QUESTION10 -1 -4.402e+04 2.983e+02 2.057e+02
|        ( QUESTION2_6_L -1 -3.657e+04 2.337e+02 1.706e+02
|            ( - -3.450e+04 1 0)
|            ( - -1.836e+03 1 0))
|        ( - -7.156e+03 1 0))
|    ( QUESTION2_6_L -1 -3.185e+04 4.452e+02 1.565e+02
|        ( - 1.796e+02 1 0)
|        ( QUESTION3 -1 -3.158e+04 2.307e+02 1.555e+02
|            ( - -3.698e+02 1 0)
|            ( QUESTION2 -1 -3.098e+04 2.306e+02 1.525e+02
|                ( - -1.140e+03 1 0)
|                ( - -2.961e+04 2 0)))))
s>    ( WDBNDRY_B 0 -7.646e+04 5.912e+02 3.622e+02
s>        ( QUESTION10 -1 -4.402e+04 2.983e+02 2.057e+02
s>            ( QUESTION2_6_L -1 -3.657e+04 2.337e+02 1.706e+02
s>                ( - -3.450e+04 1 0)
s>                ( - -1.836e+03 1 0))
s>            ( - -7.156e+03 1 0))
s>        ( QUESTION2_6_L -1 -3.185e+04 4.452e+02 1.565e+02
s>            ( - 1.796e+02 1 0)
s>            ( QUESTION3 -1 -3.158e+04 2.307e+02 1.555e+02
s>                ( - -3.698e+02 1 0)
s>                ( QUESTION2 -1 -3.098e+04 2.306e+02 1.525e+02
s>                    ( - -1.140e+03 1 0)
s>                    ( - -2.961e+04 2 0)))))INFO: dtree.c(1478): Final simple tree
|( QUESTION0_11_R 1 -1.622e+05 1.085e+03 7.445e+02
|    ( - -1.317e+04 1 0)
|    ( WDBNDRY_E 0 -1.480e+05 8.510e+02 6.840e+02
|        ( QUESTION0_1_R 1 -8.424e+04 7.081e+02 3.950e+02
|            ( - -3.068e+04 2 0)
|            ( SILENCE 1 -5.286e+04 4.645e+02 2.464e+02
|                ( - 2.416e+02 1 0)
|                ( QUESTION0_9_R 1 -5.263e+04 4.478e+02 2.454e+02
|                    ( - -2.253e+04 1 0)
|                    ( - -2.965e+04 3 0 QUESTION0_0_R 1 2.567e+02 1.368e+02))))
|        ( QUESTION0_2_R 1 -6.290e+04 4.523e+02 2.890e+02
|            ( - -1.675e+04 7 0 QUESTION2 -1 2.250e+02 7.969e+01)
|            ( QUESTION2_12_L -1 -4.570e+04 3.441e+02 2.093e+02
|                ( - -1.171e+04 1 0)
|                ( - -3.365e+04 7 0 QUESTION15 1 2.869e+02 1.535e+02)))))
s>    ( QUESTION0_11_R 1 -1.622e+05 1.085e+03 7.445e+02
s>        ( - -1.317e+04 1 0)
s>        ( WDBNDRY_E 0 -1.480e+05 8.510e+02 6.840e+02
s>            ( QUESTION0_1_R 1 -8.424e+04 7.081e+02 3.950e+02
s>                ( - -3.068e+04 2 0)
s>                ( SILENCE 1 -5.286e+04 4.645e+02 2.464e+02
s>                    ( - 2.416e+02 1 0)
s>                    ( QUESTION0_9_R 1 -5.263e+04 4.478e+02 2.454e+02
s>                        ( - -2.253e+04 1 0)
s>                        ( - -2.965e+04 3 0 QUESTION0_0_R 1 2.567e+02 1.368e+02))))
s>            ( QUESTION0_2_R 1 -6.290e+04 4.523e+02 2.890e+02
s>                ( - -1.675e+04 7 0 QUESTION2 -1 2.250e+02 7.969e+01)
s>                ( QUESTION2_12_L -1 -4.570e+04 3.441e+02 2.093e+02
s>                    ( - -1.171e+04 1 0)
s>                    ( - -3.365e+04 7 0 QUESTION15 1 2.869e+02 1.535e+02)))))INFO: dtree.c(1315): Comp split 13
INFO: dtree.c(1439): stop. leaf nodes are specific
INFO: dtree.c(1478): Final simple tree
|( QUESTION0 -1 -7.830e+04 5.269e+02 3.874e+02
|    ( - -4.019e+04 1 0)
|    ( WDBNDRY_E 0 -3.759e+04 2.759e+02 1.861e+02
|        ( - -2.726e+03 1 0)
|        ( SILENCE 1 -3.459e+04 2.780e+02 1.711e+02
|            ( - -2.919e+04 1 0)
|            ( - -5.119e+03 2 0))))
s>    ( QUESTION0 -1 -7.830e+04 5.269e+02 3.874e+02
s>        ( - -4.019e+04 1 0)
s>        ( WDBNDRY_E 0 -3.759e+04 2.759e+02 1.861e+02
s>            ( - -2.726e+03 1 0)
s>            ( SILENCE 1 -3.459e+04 2.780e+02 1.711e+02
s>                ( - -2.919e+04 1 0)
s>                ( - -5.119e+03 2 0))))INFO: dtree.c(1439): stop. leaf nodes are specific
INFO: dtree.c(1478): Final simple tree
|( QUESTION2_9_L -1 -2.652e+05 4.149e+02 1.270e+03
|    ( QUESTION2_10_L -1 -2.296e+05 2.156e+02 1.101e+03
|        ( QUESTION0_1_R 1 -2.187e+05 1.749e+02 1.049e+03
|            ( - -2.129e+05 4 0)
|            ( - -5.638e+03 1 0))
|        ( - -1.065e+04 1 0))
|    ( WDBNDRY_E 0 -3.520e+04 3.270e+02 1.690e+02
|        ( - -6.256e+03 1 0)
|        ( QUESTION10 -1 -2.862e+04 2.988e+02 1.369e+02
|            ( - -5.494e+03 1 0)
|            ( QUESTION0_1_R 1 -2.282e+04 1.794e+02 1.107e+02
|                ( - -1.635e+04 2 0)
|                ( - -6.297e+03 1 0)))))
s>    ( QUESTION2_9_L -1 -2.652e+05 4.149e+02 1.270e+03
s>        ( QUESTION2_10_L -1 -2.296e+05 2.156e+02 1.101e+03
s>            ( QUESTION0_1_R 1 -2.187e+05 1.749e+02 1.049e+03
s>                ( - -2.129e+05 4 0)
s>                ( - -5.638e+03 1 0))
s>            ( - -1.065e+04 1 0))
s>        ( WDBNDRY_E 0 -3.520e+04 3.270e+02 1.690e+02
s>            ( - -6.256e+03 1 0)
s>            ( QUESTION10 -1 -2.862e+04 2.988e+02 1.369e+02
s>                ( - -5.494e+03 1 0)
s>                ( QUESTION0_1_R 1 -2.282e+04 1.794e+02 1.107e+02
s>                    ( - -1.635e+04 2 0)
s>                    ( - -6.297e+03 1 0)))))INFO: dtree.c(1315): Comp split 14
INFO: dtree.c(1439): stop. leaf nodes are specific
INFO: dtree.c(1478): Final simple tree
|( QUESTION0 -1 -1.777e+05 8.622e+02 9.185e+02
|    ( - -3.042e+04 1 0)
|    ( - -1.464e+05 1 0))
s>    ( QUESTION0 -1 -1.777e+05 8.622e+02 9.185e+02
s>        ( - -3.042e+04 1 0)
s>        ( - -1.464e+05 1 0))INFO: dtree.c(1439): stop. leaf nodes are specific
INFO: dtree.c(1478): Final simple tree
|( QUESTION2 -1 -8.421e+04 7.497e+02 4.197e+02
|    ( - -1.081e+04 1 0)
|    ( SILENCE -1 -7.265e+04 4.474e+02 3.650e+02
|        ( - -1.385e+04 1 0)
|        ( QUESTION13 -1 -5.835e+04 3.768e+02 2.945e+02
|            ( - -1.711e+04 1 0)
|            ( WDBNDRY_B 0 -4.085e+04 2.489e+02 2.060e+02
|                ( QUESTION2_0_L -1 -3.588e+04 3.068e+02 1.820e+02
|                    ( - -2.182e+04 2 0)
|                    ( QUESTION0 -1 -1.376e+04 2.324e+02 6.904e+01
|                        ( - -1.211e+04 1 0)
|                        ( - -1.417e+03 1 0)))
|                ( - -4.721e+03 1 0)))))
s>    ( QUESTION2 -1 -8.421e+04 7.497e+02 4.197e+02
s>        ( - -1.081e+04 1 0)
s>        ( SILENCE -1 -7.265e+04 4.474e+02 3.650e+02
s>            ( - -1.385e+04 1 0)
s>            ( QUESTION13 -1 -5.835e+04 3.768e+02 2.945e+02
s>                ( - -1.711e+04 1 0)
s>                ( WDBNDRY_B 0 -4.085e+04 2.489e+02 2.060e+02
s>                    ( QUESTION2_0_L -1 -3.588e+04 3.068e+02 1.820e+02
s>                        ( - -2.182e+04 2 0)
s>                        ( QUESTION0 -1 -1.376e+04 2.324e+02 6.904e+01
s>                            ( - -1.211e+04 1 0)
s>                            ( - -1.417e+03 1 0)))
s>                    ( - -4.721e+03 1 0)))))INFO: dtree.c(1315): Comp split 15
INFO: dtree.c(1439): stop. leaf nodes are specific
INFO: dtree.c(1478): Final simple tree
|( QUESTION2_6_L -1 -1.747e+05 5.581e+02 8.110e+02
|    ( - -1.595e+04 1 0)
|    ( QUESTION2 -1 -1.582e+05 4.541e+02 7.348e+02
|        ( - -1.111e+04 1 0)
|        ( QUESTION2_10_L -1 -1.467e+05 5.631e+02 6.842e+02
|            ( - -1.280e+05 4 0)
|            ( QUESTION10 -1 -1.810e+04 3.055e+02 8.854e+01
|                ( - -5.837e+03 1 0)
|                ( QUESTION12 -1 -1.196e+04 2.436e+02 5.827e+01
|                    ( - -1.141e+04 1 0)
|                    ( - -2.988e+02 1 0))))))
s>    ( QUESTION2_6_L -1 -1.747e+05 5.581e+02 8.110e+02
s>        ( - -1.595e+04 1 0)
s>        ( QUESTION2 -1 -1.582e+05 4.541e+02 7.348e+02
s>            ( - -1.111e+04 1 0)
s>            ( QUESTION2_10_L -1 -1.467e+05 5.631e+02 6.842e+02
s>                ( - -1.280e+05 4 0)
s>                ( QUESTION10 -1 -1.810e+04 3.055e+02 8.854e+01
s>                    ( - -5.837e+03 1 0)
s>                    ( QUESTION12 -1 -1.196e+04 2.436e+02 5.827e+01
s>                        ( - -1.141e+04 1 0)
s>                        ( - -2.988e+02 1 0))))))INFO: dtree.c(1439): stop. leaf nodes are specific
INFO: dtree.c(1478): Final simple tree
|( QUESTION2_8_L -1 -2.378e+05 8.116e+02 1.104e+03
|    ( - -2.161e+04 1 0)
|    ( QUESTION11 -1 -2.154e+05 4.632e+02 9.979e+02
|        ( - -1.414e+04 1 0)
|        ( WDBNDRY_E 0 -2.008e+05 2.489e+02 9.327e+02
|            ( - -3.348e+02 1 0)
|            ( QUESTION2 -1 -2.002e+05 1.564e+02 9.307e+02
|                ( - -3.718e+02 1 0)
|                ( - -1.997e+05 3 0)))))
s>    ( QUESTION2_8_L -1 -2.378e+05 8.116e+02 1.104e+03
s>        ( - -2.161e+04 1 0)
s>        ( QUESTION11 -1 -2.154e+05 4.632e+02 9.979e+02
s>            ( - -1.414e+04 1 0)
s>            ( WDBNDRY_E 0 -2.008e+05 2.489e+02 9.327e+02
s>                ( - -3.348e+02 1 0)
s>                ( QUESTION2 -1 -2.002e+05 1.564e+02 9.307e+02
s>                    ( - -3.718e+02 1 0)
s>                    ( - -1.997e+05 3 0)))))INFO: dtree.c(1315): Comp split 16
INFO: dtree.c(1478): Final simple tree
|( WDBNDRY_B 0 -9.323e+04 5.508e+02 4.268e+02
|    ( - -1.908e+04 7 0 QUESTION9 -1 2.522e+02 9.069e+01)
|    ( SILENCE 1 -7.360e+04 4.615e+02 3.361e+02
|        ( - 2.416e+02 1 0)
|        ( QUESTION12 -1 -7.338e+04 3.326e+02 3.351e+02
|            ( WDBNDRY_S 0 -1.586e+04 2.574e+02 7.531e+01
|                ( - -1.329e+04 1 0)
|                ( - -2.312e+03 1 0))
|            ( QUESTION0 -1 -5.719e+04 3.253e+02 2.598e+02
|                ( - -1.171e+04 1 0)
|                ( QUESTION15 1 -4.516e+04 3.432e+02 2.040e+02
|                    ( - -7.477e+03 4 0 QUESTION2 -1 2.442e+02 3.199e+01)
|                    ( QUESTION0_13_R 1 -3.734e+04 2.672e+02 1.720e+02
|                        ( - -1.122e+04 1 0)
|                        ( - -2.585e+04 3 0 WDBNDRY_E 0 1.491e+02 1.183e+02)))))))
s>    ( WDBNDRY_B 0 -9.323e+04 5.508e+02 4.268e+02
s>        ( - -1.908e+04 7 0 QUESTION9 -1 2.522e+02 9.069e+01)
s>        ( SILENCE 1 -7.360e+04 4.615e+02 3.361e+02
s>            ( - 2.416e+02 1 0)
s>            ( QUESTION12 -1 -7.338e+04 3.326e+02 3.351e+02
s>                ( WDBNDRY_S 0 -1.586e+04 2.574e+02 7.531e+01
s>                    ( - -1.329e+04 1 0)
s>                    ( - -2.312e+03 1 0))
s>                ( QUESTION0 -1 -5.719e+04 3.253e+02 2.598e+02
s>                    ( - -1.171e+04 1 0)
s>                    ( QUESTION15 1 -4.516e+04 3.432e+02 2.040e+02
s>                        ( - -7.477e+03 4 0 QUESTION2 -1 2.442e+02 3.199e+01)
s>                        ( QUESTION0_13_R 1 -3.734e+04 2.672e+02 1.720e+02
s>                            ( - -1.122e+04 1 0)
s>                            ( - -2.585e+04 3 0 WDBNDRY_E 0 1.491e+02 1.183e+02)))))))INFO: dtree.c(1439): stop. leaf nodes are specific
INFO: dtree.c(1478): Final simple tree
|( WDBNDRY_E 0 -6.768e+04 9.608e+02 3.177e+02
|    ( QUESTION0_0_R 1 -5.355e+04 3.363e+02 2.572e+02
|        ( - -3.068e+04 2 0)
|        ( - -2.253e+04 1 0))
|    ( - -1.317e+04 1 0))
s>    ( WDBNDRY_E 0 -6.768e+04 9.608e+02 3.177e+02
s>        ( QUESTION0_0_R 1 -5.355e+04 3.363e+02 2.572e+02
s>            ( - -3.068e+04 2 0)
s>            ( - -2.253e+04 1 0))
s>        ( - -1.317e+04 1 0))INFO: dtree.c(1315): Comp split 17
INFO: dtree.c(1439): stop. leaf nodes are specific
INFO: dtree.c(1478): Final simple tree
|( QUESTION0_1_R 1 -7.647e+04 2.577e+02 3.921e+02
|    ( - -3.438e+03 1 0)
|    ( - -7.277e+04 1 0))
s>    ( QUESTION0_1_R 1 -7.647e+04 2.577e+02 3.921e+02
s>        ( - -3.438e+03 1 0)
s>        ( - -7.277e+04 1 0))INFO: dtree.c(1439): stop. leaf nodes are specific
INFO: dtree.c(1478): Final simple tree
|( QUESTION0 -1 -8.999e+04 8.594e+02 4.358e+02
|    ( QUESTION2_0_L -1 -5.582e+04 3.580e+02 2.716e+02
|        ( - -3.311e+03 1 0)
|        ( - -5.215e+04 2 0))
|    ( QUESTION12 -1 -3.331e+04 2.991e+02 1.642e+02
|        ( - -1.538e+04 1 0)
|        ( QUESTION14 -1 -1.763e+04 1.905e+02 8.663e+01
|            ( - -4.494e+03 1 0)
|            ( - -1.294e+04 1 0))))
s>    ( QUESTION0 -1 -8.999e+04 8.594e+02 4.358e+02
s>        ( QUESTION2_0_L -1 -5.582e+04 3.580e+02 2.716e+02
s>            ( - -3.311e+03 1 0)
s>            ( - -5.215e+04 2 0))
s>        ( QUESTION12 -1 -3.331e+04 2.991e+02 1.642e+02
s>            ( - -1.538e+04 1 0)
s>            ( QUESTION14 -1 -1.763e+04 1.905e+02 8.663e+01
s>                ( - -4.494e+03 1 0)
s>                ( - -1.294e+04 1 0))))INFO: dtree.c(1315): Comp split 18
INFO: dtree.c(1478): Final simple tree
|( QUESTION2_11_L -1 -5.505e+05 7.339e+02 2.649e+03
|    ( - -1.020e+05 1 0)
|    ( QUESTION2_9_L -1 -4.478e+05 4.809e+02 2.158e+03
|        ( - -1.105e+05 3 0)
|        ( WDBNDRY_I 0 -3.368e+05 4.928e+02 1.629e+03
|            ( QUESTION12 -1 -3.210e+05 4.510e+02 1.553e+03
|                ( - -9.883e+04 3 0)
|                ( QUESTION10 -1 -2.217e+05 3.247e+02 1.074e+03
|                    ( - -5.166e+04 1 0)
|                    ( - -1.697e+05 2 0)))
|            ( QUESTION16 -1 -1.539e+04 3.396e+02 7.601e+01
|                ( - -6.261e+03 2 0)
|                ( WDBNDRY_E 0 -8.792e+03 2.988e+02 4.601e+01
|                    ( - -1.917e+03 1 0)
|                    ( - -6.577e+03 1 0))))))
s>    ( QUESTION2_11_L -1 -5.505e+05 7.339e+02 2.649e+03
s>        ( - -1.020e+05 1 0)
s>        ( QUESTION2_9_L -1 -4.478e+05 4.809e+02 2.158e+03
s>            ( - -1.105e+05 3 0)
s>            ( WDBNDRY_I 0 -3.368e+05 4.928e+02 1.629e+03
s>                ( QUESTION12 -1 -3.210e+05 4.510e+02 1.553e+03
s>                    ( - -9.883e+04 3 0)
s>                    ( QUESTION10 -1 -2.217e+05 3.247e+02 1.074e+03
s>                        ( - -5.166e+04 1 0)
s>                        ( - -1.697e+05 2 0)))
s>                ( QUESTION16 -1 -1.539e+04 3.396e+02 7.601e+01
s>                    ( - -6.261e+03 2 0)
s>                    ( WDBNDRY_E 0 -8.792e+03 2.988e+02 4.601e+01
s>                        ( - -1.917e+03 1 0)
s>                        ( - -6.577e+03 1 0))))))INFO: dtree.c(1439): stop. leaf nodes are specific
INFO: dtree.c(1478): Final simple tree
|( QUESTION2_20_L -1 -2.341e+05 9.324e+02 1.131e+03
|    ( QUESTION0 -1 -1.053e+05 1.566e+02 5.115e+02
|        ( - -8.947e+03 1 0)
|        ( - -9.615e+04 1 0))
|    ( QUESTION1 -1 -1.279e+05 4.791e+02 6.199e+02
|        ( - -5.779e+04 1 0)
|        ( QUESTION2_19_L -1 -6.967e+04 3.701e+02 3.385e+02
|            ( - -5.765e+03 1 0)
|            ( WDBNDRY_B 0 -6.353e+04 1.699e+02 3.082e+02
|                ( - -2.284e+03 1 0)
|                ( - -6.108e+04 2 0)))))
s>    ( QUESTION2_20_L -1 -2.341e+05 9.324e+02 1.131e+03
s>        ( QUESTION0 -1 -1.053e+05 1.566e+02 5.115e+02
s>            ( - -8.947e+03 1 0)
s>            ( - -9.615e+04 1 0))
s>        ( QUESTION1 -1 -1.279e+05 4.791e+02 6.199e+02
s>            ( - -5.779e+04 1 0)
s>            ( QUESTION2_19_L -1 -6.967e+04 3.701e+02 3.385e+02
s>                ( - -5.765e+03 1 0)
s>                ( WDBNDRY_B 0 -6.353e+04 1.699e+02 3.082e+02
s>                    ( - -2.284e+03 1 0)
s>                    ( - -6.108e+04 2 0)))))INFO: dtree.c(1315): Comp split 19
INFO: dtree.c(1439): stop. leaf nodes are specific
INFO: dtree.c(1478): Final simple tree
|( QUESTION16 -1 -3.782e+04 4.499e+02 1.751e+02
|    ( QUESTION0_1_R 1 -2.006e+04 2.496e+02 9.197e+01
|        ( - -1.296e+03 1 0)
|        ( - -1.852e+04 2 0))
|    ( QUESTION2_10_L -1 -1.731e+04 2.733e+02 8.308e+01
|        ( - -5.311e+03 1 0)
|        ( WDBNDRY_S 0 -1.173e+04 2.329e+02 5.578e+01
|            ( - -1.094e+03 1 0)
|            ( WDBNDRY_E 0 -1.040e+04 1.819e+02 4.978e+01
|                ( - -6.369e+03 1 0)
|                ( - -3.851e+03 1 0)))))
s>    ( QUESTION16 -1 -3.782e+04 4.499e+02 1.751e+02
s>        ( QUESTION0_1_R 1 -2.006e+04 2.496e+02 9.197e+01
s>            ( - -1.296e+03 1 0)
s>            ( - -1.852e+04 2 0))
s>        ( QUESTION2_10_L -1 -1.731e+04 2.733e+02 8.308e+01
s>            ( - -5.311e+03 1 0)
s>            ( WDBNDRY_S 0 -1.173e+04 2.329e+02 5.578e+01
s>                ( - -1.094e+03 1 0)
s>                ( WDBNDRY_E 0 -1.040e+04 1.819e+02 4.978e+01
s>                    ( - -6.369e+03 1 0)
s>                    ( - -3.851e+03 1 0)))))INFO: dtree.c(1315): Comp split 20
INFO: dtree.c(1439): stop. leaf nodes are specific
INFO: dtree.c(1478): Final simple tree
|( QUESTION0_0_R 1 -5.355e+04 3.363e+02 2.572e+02
|    ( - -3.068e+04 2 0)
|    ( - -2.253e+04 1 0))
s>    ( QUESTION0_0_R 1 -5.355e+04 3.363e+02 2.572e+02
s>        ( - -3.068e+04 2 0)
s>        ( - -2.253e+04 1 0))INFO: dtree.c(1315): Comp split 21
INFO: dtree.c(1439): stop. leaf nodes are specific
INFO: dtree.c(1478): Final simple tree
|( WDBNDRY_E 0 -3.906e+04 6.566e+02 1.894e+02
|    ( - -9.791e+03 1 0)
|    ( WDBNDRY_B 0 -2.861e+04 2.215e+02 1.370e+02
|        ( QUESTION0_0_R 1 -2.969e+03 1.903e+02 1.500e+01
|            ( - -1.002e+03 1 0)
|            ( - -1.777e+03 1 0))
|        ( - -2.542e+04 1 0)))
s>    ( WDBNDRY_E 0 -3.906e+04 6.566e+02 1.894e+02
s>        ( - -9.791e+03 1 0)
s>        ( WDBNDRY_B 0 -2.861e+04 2.215e+02 1.370e+02
s>            ( QUESTION0_0_R 1 -2.969e+03 1.903e+02 1.500e+01
s>                ( - -1.002e+03 1 0)
s>                ( - -1.777e+03 1 0))
s>            ( - -2.542e+04 1 0)))INFO: dtree.c(1439): stop. leaf nodes are specific
INFO: dtree.c(1478): Final simple tree
|( WDBNDRY_E 0 -7.826e+04 3.143e+02 3.818e+02
|    ( - -5.914e+04 1 0)
|    ( - -1.881e+04 1 0))
s>    ( WDBNDRY_E 0 -7.826e+04 3.143e+02 3.818e+02
s>        ( - -5.914e+04 1 0)
s>        ( - -1.881e+04 1 0))INFO: dtree.c(1315): Comp split 22
INFO: dtree.c(1439): stop. leaf nodes are specific
INFO: dtree.c(1478): Final simple tree
|( QUESTION1 -1 -1.279e+05 4.791e+02 6.199e+02
|    ( - -5.779e+04 1 0)
|    ( QUESTION2_19_L -1 -6.967e+04 3.701e+02 3.385e+02
|        ( - -5.765e+03 1 0)
|        ( WDBNDRY_B 0 -6.353e+04 1.699e+02 3.082e+02
|            ( - -2.284e+03 1 0)
|            ( - -6.108e+04 2 0))))
s>    ( QUESTION1 -1 -1.279e+05 4.791e+02 6.199e+02
s>        ( - -5.779e+04 1 0)
s>        ( QUESTION2_19_L -1 -6.967e+04 3.701e+02 3.385e+02
s>            ( - -5.765e+03 1 0)
s>            ( WDBNDRY_B 0 -6.353e+04 1.699e+02 3.082e+02
s>                ( - -2.284e+03 1 0)
s>                ( - -6.108e+04 2 0))))INFO: dtree.c(1439): stop. leaf nodes are specific
INFO: dtree.c(1478): Final simple tree
|( QUESTION0 -1 -1.053e+05 1.566e+02 5.115e+02
|    ( - -8.947e+03 1 0)
|    ( - -9.615e+04 1 0))
s>    ( QUESTION0 -1 -1.053e+05 1.566e+02 5.115e+02
s>        ( - -8.947e+03 1 0)
s>        ( - -9.615e+04 1 0))INFO: dtree.c(1315): Comp split 23
INFO: dtree.c(1315): Comp split 24
INFO: dtree.c(1439): stop. leaf nodes are specific
INFO: dtree.c(1478): Final simple tree
|( QUESTION12 -1 -3.331e+04 2.991e+02 1.642e+02
|    ( - -1.538e+04 1 0)
|    ( QUESTION14 -1 -1.763e+04 1.905e+02 8.663e+01
|        ( - -4.494e+03 1 0)
|        ( - -1.294e+04 1 0)))
s>    ( QUESTION12 -1 -3.331e+04 2.991e+02 1.642e+02
s>        ( - -1.538e+04 1 0)
s>        ( QUESTION14 -1 -1.763e+04 1.905e+02 8.663e+01
s>            ( - -4.494e+03 1 0)
s>            ( - -1.294e+04 1 0)))INFO: dtree.c(1439): stop. leaf nodes are specific
INFO: dtree.c(1478): Final simple tree
|( QUESTION2_0_L -1 -5.582e+04 3.580e+02 2.716e+02
|    ( - -3.311e+03 1 0)
|    ( - -5.215e+04 2 0))
s>    ( QUESTION2_0_L -1 -5.582e+04 3.580e+02 2.716e+02
s>        ( - -3.311e+03 1 0)
s>        ( - -5.215e+04 2 0))INFO: dtree.c(1315): Comp split 25
INFO: dtree.c(1439): stop. leaf nodes are specific
INFO: dtree.c(1478): Final simple tree
|( QUESTION11 -1 -2.154e+05 4.632e+02 9.979e+02
|    ( - -1.414e+04 1 0)
|    ( WDBNDRY_E 0 -2.008e+05 2.489e+02 9.327e+02
|        ( - -3.348e+02 1 0)
|        ( QUESTION2 -1 -2.002e+05 1.564e+02 9.307e+02
|            ( - -3.718e+02 1 0)
|            ( - -1.997e+05 3 0))))
s>    ( QUESTION11 -1 -2.154e+05 4.632e+02 9.979e+02
s>        ( - -1.414e+04 1 0)
s>        ( WDBNDRY_E 0 -2.008e+05 2.489e+02 9.327e+02
s>            ( - -3.348e+02 1 0)
s>            ( QUESTION2 -1 -2.002e+05 1.564e+02 9.307e+02
s>                ( - -3.718e+02 1 0)
s>                ( - -1.997e+05 3 0))))INFO: dtree.c(1315): Comp split 26
INFO: dtree.c(1439): stop. leaf nodes are specific
INFO: dtree.c(1478): Final simple tree
|( QUESTION2_6_L -1 -1.540e+05 3.719e+02 7.461e+02
|    ( - -5.166e+04 1 0)
|    ( - -1.020e+05 1 0))
s>    ( QUESTION2_6_L -1 -1.540e+05 3.719e+02 7.461e+02
s>        ( - -5.166e+04 1 0)
s>        ( - -1.020e+05 1 0))INFO: dtree.c(1439): stop. leaf nodes are specific
INFO: dtree.c(1478): Final simple tree
|( QUESTION2_14_L -1 -3.957e+05 4.773e+02 1.903e+03
|    ( WDBNDRY_E 0 -1.720e+05 4.369e+02 8.307e+02
|        ( - -1.917e+03 1 0)
|        ( - -1.697e+05 2 0))
|    ( WDBNDRY_S 0 -2.232e+05 4.061e+02 1.072e+03
|        ( - -6.577e+03 1 0)
|        ( QUESTION12 -1 -2.162e+05 3.983e+02 1.037e+03
|            ( - -9.883e+04 3 0)
|            ( WDBNDRY_E 0 -1.170e+05 2.526e+02 5.591e+02
|                ( - -6.261e+03 2 0)
|                ( - -1.105e+05 3 0)))))
s>    ( QUESTION2_14_L -1 -3.957e+05 4.773e+02 1.903e+03
s>        ( WDBNDRY_E 0 -1.720e+05 4.369e+02 8.307e+02
s>            ( - -1.917e+03 1 0)
s>            ( - -1.697e+05 2 0))
s>        ( WDBNDRY_S 0 -2.232e+05 4.061e+02 1.072e+03
s>            ( - -6.577e+03 1 0)
s>            ( QUESTION12 -1 -2.162e+05 3.983e+02 1.037e+03
s>                ( - -9.883e+04 3 0)
s>                ( WDBNDRY_E 0 -1.170e+05 2.526e+02 5.591e+02
s>                    ( - -6.261e+03 2 0)
s>                    ( - -1.105e+05 3 0)))))INFO: dtree.c(1315): Comp split 27
INFO: dtree.c(1439): stop. leaf nodes are specific
INFO: dtree.c(1478): Final simple tree
|( SILENCE -1 -7.265e+04 4.474e+02 3.650e+02
|    ( - -1.385e+04 1 0)
|    ( QUESTION13 -1 -5.835e+04 3.768e+02 2.945e+02
|        ( - -1.711e+04 1 0)
|        ( WDBNDRY_B 0 -4.085e+04 2.489e+02 2.060e+02
|            ( QUESTION2_0_L -1 -3.588e+04 3.068e+02 1.820e+02
|                ( - -2.182e+04 2 0)
|                ( QUESTION0 -1 -1.376e+04 2.324e+02 6.904e+01
|                    ( - -1.211e+04 1 0)
|                    ( - -1.417e+03 1 0)))
|            ( - -4.721e+03 1 0))))
s>    ( SILENCE -1 -7.265e+04 4.474e+02 3.650e+02
s>        ( - -1.385e+04 1 0)
s>        ( QUESTION13 -1 -5.835e+04 3.768e+02 2.945e+02
s>            ( - -1.711e+04 1 0)
s>            ( WDBNDRY_B 0 -4.085e+04 2.489e+02 2.060e+02
s>                ( QUESTION2_0_L -1 -3.588e+04 3.068e+02 1.820e+02
s>                    ( - -2.182e+04 2 0)
s>                    ( QUESTION0 -1 -1.376e+04 2.324e+02 6.904e+01
s>                        ( - -1.211e+04 1 0)
s>                        ( - -1.417e+03 1 0)))
s>                ( - -4.721e+03 1 0))))INFO: dtree.c(1315): Comp split 28
INFO: dtree.c(1439): stop. leaf nodes are specific
INFO: dtree.c(1478): Final simple tree
|( WDBNDRY_B 0 -2.861e+04 2.215e+02 1.370e+02
|    ( QUESTION0_0_R 1 -2.969e+03 1.903e+02 1.500e+01
|        ( - -1.002e+03 1 0)
|        ( - -1.777e+03 1 0))
|    ( - -2.542e+04 1 0))
s>    ( WDBNDRY_B 0 -2.861e+04 2.215e+02 1.370e+02
s>        ( QUESTION0_0_R 1 -2.969e+03 1.903e+02 1.500e+01
s>            ( - -1.002e+03 1 0)
s>            ( - -1.777e+03 1 0))
s>        ( - -2.542e+04 1 0))INFO: dtree.c(1315): Comp split 29
INFO: dtree.c(1478): Final simple tree
|( QUESTION0 -1 -7.079e+04 3.229e+02 3.231e+02
|    ( - -1.171e+04 1 0)
|    ( QUESTION15 1 -5.876e+04 3.531e+02 2.673e+02
|        ( QUESTION2 -1 -7.477e+03 2.442e+02 3.199e+01
|            ( - -3.217e+03 1 0)
|            ( WDBNDRY_E 0 -4.016e+03 2.163e+02 1.699e+01
|                ( - -1.068e+03 1 0)
|                ( - -2.732e+03 2 0)))
|        ( WDBNDRY_S 0 -5.093e+04 3.063e+02 2.353e+02
|            ( - -1.329e+04 1 0)
|            ( QUESTION0_13_R 1 -3.734e+04 2.672e+02 1.720e+02
|                ( - -1.122e+04 1 0)
|                ( WDBNDRY_E 0 -2.585e+04 1.491e+02 1.183e+02
|                    ( - -1.689e+04 1 0)
|                    ( - -8.816e+03 2 0 QUESTION0_0_R 1 1.572e+02 4.021e+01))))))
s>    ( QUESTION0 -1 -7.079e+04 3.229e+02 3.231e+02
s>        ( - -1.171e+04 1 0)
s>        ( QUESTION15 1 -5.876e+04 3.531e+02 2.673e+02
s>            ( QUESTION2 -1 -7.477e+03 2.442e+02 3.199e+01
s>                ( - -3.217e+03 1 0)
s>                ( WDBNDRY_E 0 -4.016e+03 2.163e+02 1.699e+01
s>                    ( - -1.068e+03 1 0)
s>                    ( - -2.732e+03 2 0)))
s>            ( WDBNDRY_S 0 -5.093e+04 3.063e+02 2.353e+02
s>                ( - -1.329e+04 1 0)
s>                ( QUESTION0_13_R 1 -3.734e+04 2.672e+02 1.720e+02
s>                    ( - -1.122e+04 1 0)
s>                    ( WDBNDRY_E 0 -2.585e+04 1.491e+02 1.183e+02
s>                        ( - -1.689e+04 1 0)
s>                        ( - -8.816e+03 2 0 QUESTION0_0_R 1 1.572e+02 4.021e+01))))))INFO: dtree.c(1478): Final simple tree
|( WDBNDRY_E 0 -2.180e+04 4.554e+02 1.037e+02
|    ( - 2.416e+02 1 0)
|    ( QUESTION9 -1 -2.158e+04 2.429e+02 1.027e+02
|        ( QUESTION12 -1 -1.017e+04 1.984e+02 4.769e+01
|            ( WDBNDRY_B 0 -6.918e+03 2.036e+02 3.369e+01
|                ( - -4.402e+03 1 0)
|                ( - -2.312e+03 1 0))
|            ( QUESTION0_5_R 1 -3.050e+03 1.830e+02 1.400e+01
|                ( QUESTION14 -1 -2.541e+03 2.251e+02 1.200e+01
|                    ( - -8.998e+02 1 0)
|                    ( - -1.416e+03 1 0))
|                ( - -3.264e+02 1 0)))
|        ( QUESTION0_1_R 1 -1.117e+04 2.062e+02 5.499e+01
|            ( - -3.034e+03 1 0)
|            ( - -7.934e+03 2 0 QUESTION0 -1 1.609e+02 4.000e+01))))
s>    ( WDBNDRY_E 0 -2.180e+04 4.554e+02 1.037e+02
s>        ( - 2.416e+02 1 0)
s>        ( QUESTION9 -1 -2.158e+04 2.429e+02 1.027e+02
s>            ( QUESTION12 -1 -1.017e+04 1.984e+02 4.769e+01
s>                ( WDBNDRY_B 0 -6.918e+03 2.036e+02 3.369e+01
s>                    ( - -4.402e+03 1 0)
s>                    ( - -2.312e+03 1 0))
s>                ( QUESTION0_5_R 1 -3.050e+03 1.830e+02 1.400e+01
s>                    ( QUESTION14 -1 -2.541e+03 2.251e+02 1.200e+01
s>                        ( - -8.998e+02 1 0)
s>                        ( - -1.416e+03 1 0))
s>                    ( - -3.264e+02 1 0)))
s>            ( QUESTION0_1_R 1 -1.117e+04 2.062e+02 5.499e+01
s>                ( - -3.034e+03 1 0)
s>                ( - -7.934e+03 2 0 QUESTION0 -1 1.609e+02 4.000e+01))))INFO: dtree.c(1315): Comp split 30
INFO: dtree.c(1439): stop. leaf nodes are specific
INFO: dtree.c(1478): Final simple tree
|( WDBNDRY_B 0 -3.168e+04 2.304e+02 1.565e+02
|    ( - -1.836e+03 1 0)
|    ( - -2.961e+04 2 0))
s>    ( WDBNDRY_B 0 -3.168e+04 2.304e+02 1.565e+02
s>        ( - -1.836e+03 1 0)
s>        ( - -2.961e+04 2 0))INFO: dtree.c(1439): stop. leaf nodes are specific
INFO: dtree.c(1478): Final simple tree
|( QUESTION2_5_L -1 -4.417e+04 3.075e+02 2.057e+02
|    ( QUESTION2 -1 -3.612e+04 2.125e+02 1.676e+02
|        ( - -1.140e+03 1 0)
|        ( WDBNDRY_B 0 -3.476e+04 4.452e+02 1.616e+02
|            ( - -3.450e+04 1 0)
|            ( - 1.796e+02 1 0)))
|    ( WDBNDRY_B 0 -7.745e+03 2.186e+02 3.816e+01
|        ( - -7.156e+03 1 0)
|        ( - -3.698e+02 1 0)))
s>    ( QUESTION2_5_L -1 -4.417e+04 3.075e+02 2.057e+02
s>        ( QUESTION2 -1 -3.612e+04 2.125e+02 1.676e+02
s>            ( - -1.140e+03 1 0)
s>            ( WDBNDRY_B 0 -3.476e+04 4.452e+02 1.616e+02
s>                ( - -3.450e+04 1 0)
s>                ( - 1.796e+02 1 0)))
s>        ( WDBNDRY_B 0 -7.745e+03 2.186e+02 3.816e+01
s>            ( - -7.156e+03 1 0)
s>            ( - -3.698e+02 1 0)))INFO: dtree.c(1315): Comp split 31
INFO: dtree.c(1439): stop. leaf nodes are specific
INFO: dtree.c(1478): Final simple tree
|( QUESTION2 -1 -1.401e+05 4.363e+02 6.483e+02
|    ( - -1.111e+04 1 0)
|    ( QUESTION10 -1 -1.285e+05 2.364e+02 5.977e+02
|        ( - -1.280e+05 4 0)
|        ( - -2.988e+02 1 0)))
s>    ( QUESTION2 -1 -1.401e+05 4.363e+02 6.483e+02
s>        ( - -1.111e+04 1 0)
s>        ( QUESTION10 -1 -1.285e+05 2.364e+02 5.977e+02
s>            ( - -1.280e+05 4 0)
s>            ( - -2.988e+02 1 0)))INFO: dtree.c(1439): stop. leaf nodes are specific
INFO: dtree.c(1478): Final simple tree
|( QUESTION2_6_L -1 -3.405e+04 5.430e+02 1.627e+02
|    ( - -1.595e+04 1 0)
|    ( QUESTION10 -1 -1.755e+04 3.005e+02 8.654e+01
|        ( - -5.837e+03 1 0)
|        ( - -1.141e+04 1 0)))
s>    ( QUESTION2_6_L -1 -3.405e+04 5.430e+02 1.627e+02
s>        ( - -1.595e+04 1 0)
s>        ( QUESTION10 -1 -1.755e+04 3.005e+02 8.654e+01
s>            ( - -5.837e+03 1 0)
s>            ( - -1.141e+04 1 0)))INFO: dtree.c(1315): Comp split 32
INFO: dtree.c(1439): stop. leaf nodes are specific
INFO: dtree.c(1478): Final simple tree
|( QUESTION10 -1 -1.755e+04 3.005e+02 8.654e+01
|    ( - -5.837e+03 1 0)
|    ( - -1.141e+04 1 0))
s>    ( QUESTION10 -1 -1.755e+04 3.005e+02 8.654e+01
s>        ( - -5.837e+03 1 0)
s>        ( - -1.141e+04 1 0))INFO: dtree.c(1315): Comp split 33
INFO: dtree.c(1439): stop. leaf nodes are specific
INFO: dtree.c(1478): Final simple tree
|( QUESTION2_14_L -1 -2.185e+05 4.059e+02 1.048e+03
|    ( - -1.917e+03 1 0)
|    ( QUESTION12 -1 -2.162e+05 3.983e+02 1.037e+03
|        ( - -9.883e+04 3 0)
|        ( WDBNDRY_E 0 -1.170e+05 2.526e+02 5.591e+02
|            ( - -6.261e+03 2 0)
|            ( - -1.105e+05 3 0))))
s>    ( QUESTION2_14_L -1 -2.185e+05 4.059e+02 1.048e+03
s>        ( - -1.917e+03 1 0)
s>        ( QUESTION12 -1 -2.162e+05 3.983e+02 1.037e+03
s>            ( - -9.883e+04 3 0)
s>            ( WDBNDRY_E 0 -1.170e+05 2.526e+02 5.591e+02
s>                ( - -6.261e+03 2 0)
s>                ( - -1.105e+05 3 0))))INFO: dtree.c(1439): stop. leaf nodes are specific
INFO: dtree.c(1478): Final simple tree
|( WDBNDRY_S 0 -1.767e+05 3.806e+02 8.547e+02
|    ( - -6.577e+03 1 0)
|    ( - -1.697e+05 2 0))
s>    ( WDBNDRY_S 0 -1.767e+05 3.806e+02 8.547e+02
s>        ( - -6.577e+03 1 0)
s>        ( - -1.697e+05 2 0))INFO: dtree.c(1315): Comp split 34
INFO: dtree.c(1439): stop. leaf nodes are specific
INFO: dtree.c(1478): Final simple tree
|( WDBNDRY_E 0 -3.759e+04 2.759e+02 1.861e+02
|    ( - -2.726e+03 1 0)
|    ( SILENCE 1 -3.459e+04 2.780e+02 1.711e+02
|        ( - -2.919e+04 1 0)
|        ( - -5.119e+03 2 0)))
s>    ( WDBNDRY_E 0 -3.759e+04 2.759e+02 1.861e+02
s>        ( - -2.726e+03 1 0)
s>        ( SILENCE 1 -3.459e+04 2.780e+02 1.711e+02
s>            ( - -2.919e+04 1 0)
s>            ( - -5.119e+03 2 0)))INFO: dtree.c(1315): Comp split 35
INFO: dtree.c(1439): stop. leaf nodes are specific
INFO: dtree.c(1478): Final simple tree
|( QUESTION2_19_L -1 -6.967e+04 3.701e+02 3.385e+02
|    ( - -5.765e+03 1 0)
|    ( WDBNDRY_B 0 -6.353e+04 1.699e+02 3.082e+02
|        ( - -2.284e+03 1 0)
|        ( - -6.108e+04 2 0)))
s>    ( QUESTION2_19_L -1 -6.967e+04 3.701e+02 3.385e+02
s>        ( - -5.765e+03 1 0)
s>        ( WDBNDRY_B 0 -6.353e+04 1.699e+02 3.082e+02
s>            ( - -2.284e+03 1 0)
s>            ( - -6.108e+04 2 0)))INFO: dtree.c(1315): Comp split 36
INFO: dtree.c(1439): stop. leaf nodes are specific
INFO: dtree.c(1478): Final simple tree
|( WDBNDRY_E 0 -2.008e+05 2.489e+02 9.327e+02
|    ( - -3.348e+02 1 0)
|    ( QUESTION2 -1 -2.002e+05 1.564e+02 9.307e+02
|        ( - -3.718e+02 1 0)
|        ( - -1.997e+05 3 0)))
s>    ( WDBNDRY_E 0 -2.008e+05 2.489e+02 9.327e+02
s>        ( - -3.348e+02 1 0)
s>        ( QUESTION2 -1 -2.002e+05 1.564e+02 9.307e+02
s>            ( - -3.718e+02 1 0)
s>            ( - -1.997e+05 3 0)))INFO: dtree.c(1315): Comp split 37
INFO: dtree.c(1478): Final simple tree
|( QUESTION9 -1 -2.158e+04 2.429e+02 1.027e+02
|    ( QUESTION12 -1 -1.017e+04 1.984e+02 4.769e+01
|        ( WDBNDRY_B 0 -6.918e+03 2.036e+02 3.369e+01
|            ( - -4.402e+03 1 0)
|            ( - -2.312e+03 1 0))
|        ( QUESTION0_5_R 1 -3.050e+03 1.830e+02 1.400e+01
|            ( QUESTION14 -1 -2.541e+03 2.251e+02 1.200e+01
|                ( - -8.998e+02 1 0)
|                ( - -1.416e+03 1 0))
|            ( - -3.264e+02 1 0)))
|    ( QUESTION0_1_R 1 -1.117e+04 2.062e+02 5.499e+01
|        ( - -3.034e+03 1 0)
|        ( QUESTION0 -1 -7.934e+03 1.609e+02 4.000e+01
|            ( - -1.511e+03 1 0)
|            ( - -6.263e+03 1 0))))
s>    ( QUESTION9 -1 -2.158e+04 2.429e+02 1.027e+02
s>        ( QUESTION12 -1 -1.017e+04 1.984e+02 4.769e+01
s>            ( WDBNDRY_B 0 -6.918e+03 2.036e+02 3.369e+01
s>                ( - -4.402e+03 1 0)
s>                ( - -2.312e+03 1 0))
s>            ( QUESTION0_5_R 1 -3.050e+03 1.830e+02 1.400e+01
s>                ( QUESTION14 -1 -2.541e+03 2.251e+02 1.200e+01
s>                    ( - -8.998e+02 1 0)
s>                    ( - -1.416e+03 1 0))
s>                ( - -3.264e+02 1 0)))
s>        ( QUESTION0_1_R 1 -1.117e+04 2.062e+02 5.499e+01
s>            ( - -3.034e+03 1 0)
s>            ( QUESTION0 -1 -7.934e+03 1.609e+02 4.000e+01
s>                ( - -1.511e+03 1 0)
s>                ( - -6.263e+03 1 0))))INFO: dtree.c(1315): Comp split 38
INFO: dtree.c(1439): stop. leaf nodes are specific
INFO: dtree.c(1478): Final simple tree
|( QUESTION0_1_R 1 -2.006e+04 2.496e+02 9.197e+01
|    ( - -1.296e+03 1 0)
|    ( - -1.852e+04 2 0))
s>    ( QUESTION0_1_R 1 -2.006e+04 2.496e+02 9.197e+01
s>        ( - -1.296e+03 1 0)
s>        ( - -1.852e+04 2 0))INFO: dtree.c(1439): stop. leaf nodes are specific
INFO: dtree.c(1478): Final simple tree
|( QUESTION2_10_L -1 -1.731e+04 2.733e+02 8.308e+01
|    ( - -5.311e+03 1 0)
|    ( WDBNDRY_S 0 -1.173e+04 2.329e+02 5.578e+01
|        ( - -1.094e+03 1 0)
|        ( WDBNDRY_E 0 -1.040e+04 1.819e+02 4.978e+01
|            ( - -6.369e+03 1 0)
|            ( - -3.851e+03 1 0))))
s>    ( QUESTION2_10_L -1 -1.731e+04 2.733e+02 8.308e+01
s>        ( - -5.311e+03 1 0)
s>        ( WDBNDRY_S 0 -1.173e+04 2.329e+02 5.578e+01
s>            ( - -1.094e+03 1 0)
s>            ( WDBNDRY_E 0 -1.040e+04 1.819e+02 4.978e+01
s>                ( - -6.369e+03 1 0)
s>                ( - -3.851e+03 1 0))))INFO: dtree.c(1315): Comp split 39
INFO: dtree.c(1439): stop. leaf nodes are specific
INFO: dtree.c(1478): Final simple tree
|( QUESTION13 -1 -5.835e+04 3.768e+02 2.945e+02
|    ( - -1.711e+04 1 0)
|    ( WDBNDRY_B 0 -4.085e+04 2.489e+02 2.060e+02
|        ( QUESTION2_0_L -1 -3.588e+04 3.068e+02 1.820e+02
|            ( - -2.182e+04 2 0)
|            ( QUESTION0 -1 -1.376e+04 2.324e+02 6.904e+01
|                ( - -1.211e+04 1 0)
|                ( - -1.417e+03 1 0)))
|        ( - -4.721e+03 1 0)))
s>    ( QUESTION13 -1 -5.835e+04 3.768e+02 2.945e+02
s>        ( - -1.711e+04 1 0)
s>        ( WDBNDRY_B 0 -4.085e+04 2.489e+02 2.060e+02
s>            ( QUESTION2_0_L -1 -3.588e+04 3.068e+02 1.820e+02
s>                ( - -2.182e+04 2 0)
s>                ( QUESTION0 -1 -1.376e+04 2.324e+02 6.904e+01
s>                    ( - -1.211e+04 1 0)
s>                    ( - -1.417e+03 1 0)))
s>            ( - -4.721e+03 1 0)))INFO: dtree.c(1315): Comp split 40
INFO: dtree.c(1439): stop. leaf nodes are specific
INFO: dtree.c(1478): Final simple tree
|( QUESTION2_5_L -1 -4.390e+04 3.077e+02 2.047e+02
|    ( WDBNDRY_B 0 -3.585e+04 2.129e+02 1.666e+02
|        ( - -3.450e+04 1 0)
|        ( - -1.140e+03 1 0))
|    ( WDBNDRY_B 0 -7.745e+03 2.186e+02 3.816e+01
|        ( - -7.156e+03 1 0)
|        ( - -3.698e+02 1 0)))
s>    ( QUESTION2_5_L -1 -4.390e+04 3.077e+02 2.047e+02
s>        ( WDBNDRY_B 0 -3.585e+04 2.129e+02 1.666e+02
s>            ( - -3.450e+04 1 0)
s>            ( - -1.140e+03 1 0))
s>        ( WDBNDRY_B 0 -7.745e+03 2.186e+02 3.816e+01
s>            ( - -7.156e+03 1 0)
s>            ( - -3.698e+02 1 0)))INFO: dtree.c(1315): Comp split 41
INFO: dtree.c(1439): stop. leaf nodes are specific
INFO: dtree.c(1478): Final simple tree
|( QUESTION10 -1 -1.285e+05 2.364e+02 5.977e+02
|    ( - -1.280e+05 4 0)
|    ( - -2.988e+02 1 0))
s>    ( QUESTION10 -1 -1.285e+05 2.364e+02 5.977e+02
s>        ( - -1.280e+05 4 0)
s>        ( - -2.988e+02 1 0))INFO: dtree.c(1315): Comp split 42
INFO: dtree.c(1439): stop. leaf nodes are specific
INFO: dtree.c(1478): Final simple tree
|( WDBNDRY_E 0 -3.520e+04 3.270e+02 1.690e+02
|    ( - -6.256e+03 1 0)
|    ( QUESTION10 -1 -2.862e+04 2.988e+02 1.369e+02
|        ( - -5.494e+03 1 0)
|        ( QUESTION0_1_R 1 -2.282e+04 1.794e+02 1.107e+02
|            ( - -1.635e+04 2 0)
|            ( - -6.297e+03 1 0))))
s>    ( WDBNDRY_E 0 -3.520e+04 3.270e+02 1.690e+02
s>        ( - -6.256e+03 1 0)
s>        ( QUESTION10 -1 -2.862e+04 2.988e+02 1.369e+02
s>            ( - -5.494e+03 1 0)
s>            ( QUESTION0_1_R 1 -2.282e+04 1.794e+02 1.107e+02
s>                ( - -1.635e+04 2 0)
s>                ( - -6.297e+03 1 0))))INFO: dtree.c(1439): stop. leaf nodes are specific
INFO: dtree.c(1478): Final simple tree
|( QUESTION2_10_L -1 -2.296e+05 2.156e+02 1.101e+03
|    ( QUESTION0_1_R 1 -2.187e+05 1.749e+02 1.049e+03
|        ( - -2.129e+05 4 0)
|        ( - -5.638e+03 1 0))
|    ( - -1.065e+04 1 0))
s>    ( QUESTION2_10_L -1 -2.296e+05 2.156e+02 1.101e+03
s>        ( QUESTION0_1_R 1 -2.187e+05 1.749e+02 1.049e+03
s>            ( - -2.129e+05 4 0)
s>            ( - -5.638e+03 1 0))
s>        ( - -1.065e+04 1 0))INFO: dtree.c(1315): Comp split 43
INFO: dtree.c(1478): Final simple tree
|( QUESTION0 -1 -6.765e+04 3.146e+02 3.111e+02
|    ( - -1.171e+04 1 0)
|    ( WDBNDRY_S 0 -5.563e+04 3.063e+02 2.553e+02
|        ( - -1.329e+04 1 0)
|        ( QUESTION0_13_R 1 -4.203e+04 2.679e+02 1.920e+02
|            ( QUESTION10 -1 -1.251e+04 2.209e+02 5.871e+01
|                ( - -1.068e+03 1 0)
|                ( - -1.122e+04 1 0))
|            ( QUESTION2 -1 -2.926e+04 1.878e+02 1.333e+02
|                ( - -3.217e+03 1 0)
|                ( WDBNDRY_E 0 -2.585e+04 1.491e+02 1.183e+02
|                    ( - -1.689e+04 1 0)
|                    ( QUESTION0_0_R 1 -8.816e+03 1.572e+02 4.021e+01
|                        ( - -8.119e+02 1 0)
|                        ( - -7.847e+03 1 0)))))))
s>    ( QUESTION0 -1 -6.765e+04 3.146e+02 3.111e+02
s>        ( - -1.171e+04 1 0)
s>        ( WDBNDRY_S 0 -5.563e+04 3.063e+02 2.553e+02
s>            ( - -1.329e+04 1 0)
s>            ( QUESTION0_13_R 1 -4.203e+04 2.679e+02 1.920e+02
s>                ( QUESTION10 -1 -1.251e+04 2.209e+02 5.871e+01
s>                    ( - -1.068e+03 1 0)
s>                    ( - -1.122e+04 1 0))
s>                ( QUESTION2 -1 -2.926e+04 1.878e+02 1.333e+02
s>                    ( - -3.217e+03 1 0)
s>                    ( WDBNDRY_E 0 -2.585e+04 1.491e+02 1.183e+02
s>                        ( - -1.689e+04 1 0)
s>                        ( QUESTION0_0_R 1 -8.816e+03 1.572e+02 4.021e+01
s>                            ( - -8.119e+02 1 0)
s>                            ( - -7.847e+03 1 0)))))))INFO: dtree.c(1315): Comp split 44
INFO: dtree.c(1439): stop. leaf nodes are specific
INFO: dtree.c(1478): Final simple tree
|( QUESTION13 -1 -3.611e+04 3.405e+02 1.815e+02
|    ( - -1.711e+04 1 0)
|    ( QUESTION0 -1 -1.866e+04 2.185e+02 9.303e+01
|        ( WDBNDRY_B 0 -1.702e+04 1.946e+02 8.603e+01
|            ( - -1.211e+04 1 0)
|            ( - -4.721e+03 1 0))
|        ( - -1.417e+03 1 0)))
s>    ( QUESTION13 -1 -3.611e+04 3.405e+02 1.815e+02
s>        ( - -1.711e+04 1 0)
s>        ( QUESTION0 -1 -1.866e+04 2.185e+02 9.303e+01
s>            ( WDBNDRY_B 0 -1.702e+04 1.946e+02 8.603e+01
s>                ( - -1.211e+04 1 0)
s>                ( - -4.721e+03 1 0))
s>            ( - -1.417e+03 1 0)))INFO: dtree.c(1315): Comp split 45
INFO: dtree.c(1439): stop. leaf nodes are specific
INFO: dtree.c(1478): Final simple tree
|( QUESTION12 -1 -2.162e+05 3.983e+02 1.037e+03
|    ( - -9.883e+04 3 0)
|    ( WDBNDRY_E 0 -1.170e+05 2.526e+02 5.591e+02
|        ( - -6.261e+03 2 0)
|        ( - -1.105e+05 3 0)))
s>    ( QUESTION12 -1 -2.162e+05 3.983e+02 1.037e+03
s>        ( - -9.883e+04 3 0)
s>        ( WDBNDRY_E 0 -1.170e+05 2.526e+02 5.591e+02
s>            ( - -6.261e+03 2 0)
s>            ( - -1.105e+05 3 0)))INFO: dtree.c(1315): Comp split 46
INFO: dtree.c(1439): stop. leaf nodes are specific
INFO: dtree.c(1478): Final simple tree
|( WDBNDRY_E 0 -1.170e+05 2.526e+02 5.591e+02
|    ( - -6.261e+03 2 0)
|    ( - -1.105e+05 3 0))
s>    ( WDBNDRY_E 0 -1.170e+05 2.526e+02 5.591e+02
s>        ( - -6.261e+03 2 0)
s>        ( - -1.105e+05 3 0))INFO: dtree.c(1315): Comp split 47
INFO: dtree.c(1315): Comp split 48
INFO: dtree.c(1315): Comp split 49
INFO: dtree.c(1439): stop. leaf nodes are specific
INFO: dtree.c(1478): Final simple tree
|( WDBNDRY_B 0 -6.353e+04 1.699e+02 3.082e+02
|    ( - -2.284e+03 1 0)
|    ( - -6.108e+04 2 0))
s>    ( WDBNDRY_B 0 -6.353e+04 1.699e+02 3.082e+02
s>        ( - -2.284e+03 1 0)
s>        ( - -6.108e+04 2 0))INFO: dtree.c(1315): Comp split 50
INFO: dtree.c(1315): Comp split 51
INFO: dtree.c(1439): stop. leaf nodes are specific
INFO: dtree.c(1478): Final simple tree
|( QUESTION0 -1 -1.866e+04 2.185e+02 9.303e+01
|    ( WDBNDRY_B 0 -1.702e+04 1.946e+02 8.603e+01
|        ( - -1.211e+04 1 0)
|        ( - -4.721e+03 1 0))
|    ( - -1.417e+03 1 0))
s>    ( QUESTION0 -1 -1.866e+04 2.185e+02 9.303e+01
s>        ( WDBNDRY_B 0 -1.702e+04 1.946e+02 8.603e+01
s>            ( - -1.211e+04 1 0)
s>            ( - -4.721e+03 1 0))
s>        ( - -1.417e+03 1 0))INFO: dtree.c(1315): Comp split 52
INFO: dtree.c(1315): Comp split 53
INFO: dtree.c(1439): stop. leaf nodes are specific
INFO: dtree.c(1478): Final simple tree
|( QUESTION10 -1 -2.862e+04 2.988e+02 1.369e+02
|    ( - -5.494e+03 1 0)
|    ( QUESTION0_1_R 1 -2.282e+04 1.794e+02 1.107e+02
|        ( - -1.635e+04 2 0)
|        ( - -6.297e+03 1 0)))
s>    ( QUESTION10 -1 -2.862e+04 2.988e+02 1.369e+02
s>        ( - -5.494e+03 1 0)
s>        ( QUESTION0_1_R 1 -2.282e+04 1.794e+02 1.107e+02
s>            ( - -1.635e+04 2 0)
s>            ( - -6.297e+03 1 0)))INFO: dtree.c(1315): Comp split 54
INFO: dtree.c(1439): stop. leaf nodes are specific
INFO: dtree.c(1478): Final simple tree
|( WDBNDRY_S 0 -5.563e+04 3.063e+02 2.553e+02
|    ( - -1.329e+04 1 0)
|    ( QUESTION0_13_R 1 -4.203e+04 2.679e+02 1.920e+02
|        ( QUESTION10 -1 -1.251e+04 2.209e+02 5.871e+01
|            ( - -1.068e+03 1 0)
|            ( - -1.122e+04 1 0))
|        ( QUESTION2 -1 -2.926e+04 1.878e+02 1.333e+02
|            ( - -3.217e+03 1 0)
|            ( WDBNDRY_E 0 -2.585e+04 1.491e+02 1.183e+02
|                ( - -1.689e+04 1 0)
|                ( QUESTION0_0_R 1 -8.816e+03 1.572e+02 4.021e+01
|                    ( - -8.119e+02 1 0)
|                    ( - -7.847e+03 1 0))))))
s>    ( WDBNDRY_S 0 -5.563e+04 3.063e+02 2.553e+02
s>        ( - -1.329e+04 1 0)
s>        ( QUESTION0_13_R 1 -4.203e+04 2.679e+02 1.920e+02
s>            ( QUESTION10 -1 -1.251e+04 2.209e+02 5.871e+01
s>                ( - -1.068e+03 1 0)
s>                ( - -1.122e+04 1 0))
s>            ( QUESTION2 -1 -2.926e+04 1.878e+02 1.333e+02
s>                ( - -3.217e+03 1 0)
s>                ( WDBNDRY_E 0 -2.585e+04 1.491e+02 1.183e+02
s>                    ( - -1.689e+04 1 0)
s>                    ( QUESTION0_0_R 1 -8.816e+03 1.572e+02 4.021e+01
s>                        ( - -8.119e+02 1 0)
s>                        ( - -7.847e+03 1 0))))))INFO: dtree.c(1315): Comp split 55
INFO: dtree.c(1315): Comp split 56
INFO: dtree.c(1439): stop. leaf nodes are specific
INFO: dtree.c(1478): Final simple tree
|( WDBNDRY_B 0 -7.745e+03 2.186e+02 3.816e+01
|    ( - -7.156e+03 1 0)
|    ( - -3.698e+02 1 0))
s>    ( WDBNDRY_B 0 -7.745e+03 2.186e+02 3.816e+01
s>        ( - -7.156e+03 1 0)
s>        ( - -3.698e+02 1 0))INFO: dtree.c(1439): stop. leaf nodes are specific
INFO: dtree.c(1478): Final simple tree
|( WDBNDRY_B 0 -3.585e+04 2.129e+02 1.666e+02
|    ( - -3.450e+04 1 0)
|    ( - -1.140e+03 1 0))
s>    ( WDBNDRY_B 0 -3.585e+04 2.129e+02 1.666e+02
s>        ( - -3.450e+04 1 0)
s>        ( - -1.140e+03 1 0))INFO: dtree.c(1315): Comp split 57
INFO: dtree.c(1439): stop. leaf nodes are specific
INFO: dtree.c(1478): Final simple tree
|( QUESTION0_13_R 1 -4.203e+04 2.679e+02 1.920e+02
|    ( QUESTION10 -1 -1.251e+04 2.209e+02 5.871e+01
|        ( - -1.068e+03 1 0)
|        ( - -1.122e+04 1 0))
|    ( QUESTION2 -1 -2.926e+04 1.878e+02 1.333e+02
|        ( - -3.217e+03 1 0)
|        ( WDBNDRY_E 0 -2.585e+04 1.491e+02 1.183e+02
|            ( - -1.689e+04 1 0)
|            ( QUESTION0_0_R 1 -8.816e+03 1.572e+02 4.021e+01
|                ( - -8.119e+02 1 0)
|                ( - -7.847e+03 1 0)))))
s>    ( QUESTION0_13_R 1 -4.203e+04 2.679e+02 1.920e+02
s>        ( QUESTION10 -1 -1.251e+04 2.209e+02 5.871e+01
s>            ( - -1.068e+03 1 0)
s>            ( - -1.122e+04 1 0))
s>        ( QUESTION2 -1 -2.926e+04 1.878e+02 1.333e+02
s>            ( - -3.217e+03 1 0)
s>            ( WDBNDRY_E 0 -2.585e+04 1.491e+02 1.183e+02
s>                ( - -1.689e+04 1 0)
s>                ( QUESTION0_0_R 1 -8.816e+03 1.572e+02 4.021e+01
s>                    ( - -8.119e+02 1 0)
s>                    ( - -7.847e+03 1 0)))))INFO: dtree.c(1315): Comp split 58
INFO: dtree.c(1315): Comp split 59
INFO: dtree.c(1439): stop. leaf nodes are specific
INFO: dtree.c(1478): Final simple tree
|( QUESTION14 -1 -1.763e+04 1.905e+02 8.663e+01
|    ( - -4.494e+03 1 0)
|    ( - -1.294e+04 1 0))
s>    ( QUESTION14 -1 -1.763e+04 1.905e+02 8.663e+01
s>        ( - -4.494e+03 1 0)
s>        ( - -1.294e+04 1 0))INFO: dtree.c(1315): Comp split 60
INFO: dtree.c(1439): stop. leaf nodes are specific
INFO: dtree.c(1478): Final simple tree
|( QUESTION0_1_R 1 -2.282e+04 1.794e+02 1.107e+02
|    ( - -1.635e+04 2 0)
|    ( - -6.297e+03 1 0))
s>    ( QUESTION0_1_R 1 -2.282e+04 1.794e+02 1.107e+02
s>        ( - -1.635e+04 2 0)
s>        ( - -6.297e+03 1 0))INFO: dtree.c(1315): Comp split 61
INFO: dtree.c(1439): stop. leaf nodes are specific
INFO: dtree.c(1478): Final simple tree
|( WDBNDRY_E 0 -8.101e+03 2.559e+02 4.105e+01
|    ( - -2.726e+03 1 0)
|    ( - -5.119e+03 2 0))
s>    ( WDBNDRY_E 0 -8.101e+03 2.559e+02 4.105e+01
s>        ( - -2.726e+03 1 0)
s>        ( - -5.119e+03 2 0))INFO: dtree.c(1315): Comp split 62
INFO: dtree.c(1439): stop. leaf nodes are specific
INFO: dtree.c(1478): Final simple tree
|( WDBNDRY_E 0 -1.040e+04 1.819e+02 4.978e+01
|    ( - -6.369e+03 1 0)
|    ( - -3.851e+03 1 0))
s>    ( WDBNDRY_E 0 -1.040e+04 1.819e+02 4.978e+01
s>        ( - -6.369e+03 1 0)
s>        ( - -3.851e+03 1 0))INFO: dtree.c(1439): stop. leaf nodes are specific
INFO: dtree.c(1478): Final simple tree
|( WDBNDRY_E 0 -6.631e+03 2.262e+02 3.331e+01
|    ( - -5.311e+03 1 0)
|    ( - -1.094e+03 1 0))
s>    ( WDBNDRY_E 0 -6.631e+03 2.262e+02 3.331e+01
s>        ( - -5.311e+03 1 0)
s>        ( - -1.094e+03 1 0))INFO: dtree.c(1315): Comp split 63
INFO: dtree.c(1439): stop. leaf nodes are specific
INFO: dtree.c(1478): Final simple tree
|( QUESTION10 -1 -1.348e+04 2.065e+02 6.271e+01
|    ( - -1.068e+03 1 0)
|    ( WDBNDRY_E 0 -1.221e+04 1.728e+02 5.771e+01
|        ( - -1.122e+04 1 0)
|        ( - -8.119e+02 1 0)))
s>    ( QUESTION10 -1 -1.348e+04 2.065e+02 6.271e+01
s>        ( - -1.068e+03 1 0)
s>        ( WDBNDRY_E 0 -1.221e+04 1.728e+02 5.771e+01
s>            ( - -1.122e+04 1 0)
s>            ( - -8.119e+02 1 0)))INFO: dtree.c(1439): stop. leaf nodes are specific
INFO: dtree.c(1478): Final simple tree
|( QUESTION2 -1 -2.828e+04 1.896e+02 1.293e+02
|    ( - -3.217e+03 1 0)
|    ( WDBNDRY_E 0 -2.487e+04 1.388e+02 1.143e+02
|        ( - -1.689e+04 1 0)
|        ( - -7.847e+03 1 0)))
s>    ( QUESTION2 -1 -2.828e+04 1.896e+02 1.293e+02
s>        ( - -3.217e+03 1 0)
s>        ( WDBNDRY_E 0 -2.487e+04 1.388e+02 1.143e+02
s>            ( - -1.689e+04 1 0)
s>            ( - -7.847e+03 1 0)))INFO: dtree.c(1315): Comp split 64
INFO: dtree.c(1439): stop. leaf nodes are specific
INFO: dtree.c(1478): Final simple tree
|( QUESTION9 -1 -2.041e+04 2.484e+02 9.769e+01
|    ( WDBNDRY_B 0 -8.989e+03 2.028e+02 4.269e+01
|        ( QUESTION15 -1 -6.474e+03 1.693e+02 3.069e+01
|            ( - -1.416e+03 1 0)
|            ( QUESTION0_5_R 1 -4.888e+03 1.602e+02 2.369e+01
|                ( - -4.402e+03 1 0)
|                ( - -3.264e+02 1 0)))
|        ( - -2.312e+03 1 0))
|    ( QUESTION0_1_R 1 -1.117e+04 2.062e+02 5.499e+01
|        ( - -3.034e+03 1 0)
|        ( QUESTION0 -1 -7.934e+03 1.609e+02 4.000e+01
|            ( - -1.511e+03 1 0)
|            ( - -6.263e+03 1 0))))
s>    ( QUESTION9 -1 -2.041e+04 2.484e+02 9.769e+01
s>        ( WDBNDRY_B 0 -8.989e+03 2.028e+02 4.269e+01
s>            ( QUESTION15 -1 -6.474e+03 1.693e+02 3.069e+01
s>                ( - -1.416e+03 1 0)
s>                ( QUESTION0_5_R 1 -4.888e+03 1.602e+02 2.369e+01
s>                    ( - -4.402e+03 1 0)
s>                    ( - -3.264e+02 1 0)))
s>            ( - -2.312e+03 1 0))
s>        ( QUESTION0_1_R 1 -1.117e+04 2.062e+02 5.499e+01
s>            ( - -3.034e+03 1 0)
s>            ( QUESTION0 -1 -7.934e+03 1.609e+02 4.000e+01
s>                ( - -1.511e+03 1 0)
s>                ( - -6.263e+03 1 0))))INFO: dtree.c(1315): Comp split 65
INFO: dtree.c(1439): stop. leaf nodes are specific
INFO: dtree.c(1478): Final simple tree
|( QUESTION12 -1 -5.989e+03 1.719e+02 2.869e+01
|    ( - -4.402e+03 1 0)
|    ( - -1.416e+03 1 0))
s>    ( QUESTION12 -1 -5.989e+03 1.719e+02 2.869e+01
s>        ( - -4.402e+03 1 0)
s>        ( - -1.416e+03 1 0))INFO: dtree.c(1439): stop. leaf nodes are specific
INFO: dtree.c(1478): Final simple tree
|( QUESTION2 -1 -1.416e+04 2.209e+02 6.899e+01
|    ( - -6.263e+03 1 0)
|    ( WDBNDRY_B 0 -7.679e+03 1.781e+02 3.699e+01
|        ( QUESTION0_1_R 1 -5.188e+03 1.613e+02 2.499e+01
|            ( - -3.034e+03 1 0)
|            ( QUESTION0_5_R 1 -1.993e+03 1.564e+02 1.000e+01
|                ( - -1.511e+03 1 0)
|                ( - -3.264e+02 1 0)))
|        ( - -2.312e+03 1 0)))
s>    ( QUESTION2 -1 -1.416e+04 2.209e+02 6.899e+01
s>        ( - -6.263e+03 1 0)
s>        ( WDBNDRY_B 0 -7.679e+03 1.781e+02 3.699e+01
s>            ( QUESTION0_1_R 1 -5.188e+03 1.613e+02 2.499e+01
s>                ( - -3.034e+03 1 0)
s>                ( QUESTION0_5_R 1 -1.993e+03 1.564e+02 1.000e+01
s>                    ( - -1.511e+03 1 0)
s>                    ( - -3.264e+02 1 0)))
s>            ( - -2.312e+03 1 0)))INFO: dtree.c(1315): Comp split 66
INFO: dtree.c(1315): Comp split 67
INFO: dtree.c(1315): Comp split 68
INFO: dtree.c(1315): Comp split 69
INFO: dtree.c(1315): Comp split 70
INFO: dtree.c(1439): stop. leaf nodes are specific
INFO: dtree.c(1478): Final simple tree
|( QUESTION2 -1 -2.002e+05 1.564e+02 9.307e+02
|    ( - -3.718e+02 1 0)
|    ( - -1.997e+05 3 0))
s>    ( QUESTION2 -1 -2.002e+05 1.564e+02 9.307e+02
s>        ( - -3.718e+02 1 0)
s>        ( - -1.997e+05 3 0))INFO: dtree.c(1315): Comp split 71
INFO: dtree.c(1315): Comp split 72
INFO: dtree.c(1439): stop. leaf nodes are specific
INFO: dtree.c(1478): Final simple tree
|( QUESTION0_1_R 1 -1.645e+04 1.569e+02 7.966e+01
|    ( - -1.065e+04 1 0)
|    ( - -5.638e+03 1 0))
s>    ( QUESTION0_1_R 1 -1.645e+04 1.569e+02 7.966e+01
s>        ( - -1.065e+04 1 0)
s>        ( - -5.638e+03 1 0))INFO: dtree.c(1315): Comp split 73
INFO: dtree.c(1315): Comp split 74
INFO: dtree.c(1315): Comp split 75
INFO: dtree.c(1439): stop. leaf nodes are specific
INFO: dtree.c(1478): Final simple tree
|( QUESTION0_0_R 1 -2.969e+03 1.903e+02 1.500e+01
|    ( - -1.002e+03 1 0)
|    ( - -1.777e+03 1 0))
s>    ( QUESTION0_0_R 1 -2.969e+03 1.903e+02 1.500e+01
s>        ( - -1.002e+03 1 0)
s>        ( - -1.777e+03 1 0))INFO: dtree.c(1315): Comp split 76
INFO: dtree.c(1439): stop. leaf nodes are specific
INFO: dtree.c(1478): Final simple tree
|( WDBNDRY_B 0 -7.679e+03 1.781e+02 3.699e+01
|    ( QUESTION0_1_R 1 -5.188e+03 1.613e+02 2.499e+01
|        ( - -3.034e+03 1 0)
|        ( QUESTION0_5_R 1 -1.993e+03 1.564e+02 1.000e+01
|            ( - -1.511e+03 1 0)
|            ( - -3.264e+02 1 0)))
|    ( - -2.312e+03 1 0))
s>    ( WDBNDRY_B 0 -7.679e+03 1.781e+02 3.699e+01
s>        ( QUESTION0_1_R 1 -5.188e+03 1.613e+02 2.499e+01
s>            ( - -3.034e+03 1 0)
s>            ( QUESTION0_5_R 1 -1.993e+03 1.564e+02 1.000e+01
s>                ( - -1.511e+03 1 0)
s>                ( - -3.264e+02 1 0)))
s>        ( - -2.312e+03 1 0))INFO: dtree.c(1315): Comp split 77
INFO: dtree.c(1315): Comp split 78
INFO: dtree.c(1439): stop. leaf nodes are specific
INFO: dtree.c(1478): Final simple tree
|( WDBNDRY_B 0 -1.702e+04 1.946e+02 8.603e+01
|    ( - -1.211e+04 1 0)
|    ( - -4.721e+03 1 0))
s>    ( WDBNDRY_B 0 -1.702e+04 1.946e+02 8.603e+01
s>        ( - -1.211e+04 1 0)
s>        ( - -4.721e+03 1 0))INFO: dtree.c(1315): Comp split 79
INFO: dtree.c(1315): Comp split 80
INFO: dtree.c(1439): stop. leaf nodes are specific
INFO: dtree.c(1478): Final simple tree
|( WDBNDRY_E 0 -1.221e+04 1.728e+02 5.771e+01
|    ( - -1.122e+04 1 0)
|    ( - -8.119e+02 1 0))
s>    ( WDBNDRY_E 0 -1.221e+04 1.728e+02 5.771e+01
s>        ( - -1.122e+04 1 0)
s>        ( - -8.119e+02 1 0))INFO: dtree.c(1315): Comp split 81
INFO: dtree.c(1315): Comp split 82
INFO: dtree.c(1315): Comp split 83
INFO: dtree.c(1315): Comp split 84
INFO: dtree.c(1439): stop. leaf nodes are specific
INFO: dtree.c(1478): Final simple tree
|( WDBNDRY_E 0 -2.487e+04 1.388e+02 1.143e+02
|    ( - -1.689e+04 1 0)
|    ( - -7.847e+03 1 0))
s>    ( WDBNDRY_E 0 -2.487e+04 1.388e+02 1.143e+02
s>        ( - -1.689e+04 1 0)
s>        ( - -7.847e+03 1 0))INFO: dtree.c(1315): Comp split 85
INFO: dtree.c(1315): Comp split 86
INFO: dtree.c(1315): Comp split 87
INFO: dtree.c(1439): stop. leaf nodes are specific
INFO: dtree.c(1478): Final simple tree
|( QUESTION0_1_R 1 -5.188e+03 1.613e+02 2.499e+01
|    ( - -3.034e+03 1 0)
|    ( QUESTION0_5_R 1 -1.993e+03 1.564e+02 1.000e+01
|        ( - -1.511e+03 1 0)
|        ( - -3.264e+02 1 0)))
s>    ( QUESTION0_1_R 1 -5.188e+03 1.613e+02 2.499e+01
s>        ( - -3.034e+03 1 0)
s>        ( QUESTION0_5_R 1 -1.993e+03 1.564e+02 1.000e+01
s>            ( - -1.511e+03 1 0)
s>            ( - -3.264e+02 1 0)))INFO: dtree.c(1315): Comp split 88
INFO: dtree.c(1315): Comp split 89
INFO: dtree.c(1315): Comp split 90
INFO: dtree.c(1315): Comp split 91
INFO: dtree.c(1439): stop. leaf nodes are specific
INFO: dtree.c(1478): Final simple tree
|( QUESTION0_5_R 1 -1.993e+03 1.564e+02 1.000e+01
|    ( - -1.511e+03 1 0)
|    ( - -3.264e+02 1 0))
s>    ( QUESTION0_5_R 1 -1.993e+03 1.564e+02 1.000e+01
s>        ( - -1.511e+03 1 0)
s>        ( - -3.264e+02 1 0))INFO: dtree.c(1315): Comp split 92
INFO: dtree.c(1315): Comp split 93
INFO: dtree.c(1315): Comp split 94
INFO: dtree.c(1315): Comp split 95
INFO: dtree.c(1315): Comp split 96
INFO: dtree.c(1315): Comp split 97
INFO: dtree.c(1318): stop. leaf nodes are specific
Fri Jan  6 22:27:45 2023
