Current configuration:
[NAME]		[DEFLT]	[VALUE]
-allphones	no	no
-cntthresh	0.00001	1.000000e-05
-csplitmax	100	2000
-csplitmin	1	1
-csplitthr	8e-4	0.000000e+00
-example	no	no
-fullvar	no	no
-help		no	no
-meanfn			/mnt/c/users/robin/onedrive/desktop/cmu/Cebuano/model_parameters/Cebuano.cd_cont_untied/means
-mixwfn			/mnt/c/users/robin/onedrive/desktop/cmu/Cebuano/model_parameters/Cebuano.cd_cont_untied/mixture_weights
-moddeffn		/mnt/c/users/robin/onedrive/desktop/cmu/Cebuano/model_architecture/Cebuano.untied.mdef
-mwfloor	1e-4	1.000000e-08
-phone			TH
-psetfn			/mnt/c/users/robin/onedrive/desktop/cmu/Cebuano/model_architecture/Cebuano.tree_questions
-ssplitmax	5	7
-ssplitmin	1	1
-ssplitthr	8e-4	0.000000e+00
-state			1
-stwt			1.0,0.05,0.0,
-treefn			/mnt/c/users/robin/onedrive/desktop/cmu/Cebuano/trees/Cebuano.unpruned/TH-1.dtree
-ts2cbfn	.semi.	.cont.
-varfloor	0.00001	1.000000e-05
-varfn			/mnt/c/users/robin/onedrive/desktop/cmu/Cebuano/model_parameters/Cebuano.cd_cont_untied/variances

INFO: main.c(223): Reading: /mnt/c/users/robin/onedrive/desktop/cmu/Cebuano/model_architecture/Cebuano.untied.mdef
INFO: model_def_io.c(573): Model definition info:
INFO: model_def_io.c(574): 7744 total models defined (40 base, 7704 tri)
INFO: model_def_io.c(575): 30976 total states
INFO: model_def_io.c(576): 23232 total tied states
INFO: model_def_io.c(577): 120 total tied CI states
INFO: model_def_io.c(578): 40 total tied transition matrices
INFO: model_def_io.c(579): 4 max state/model
INFO: model_def_io.c(580): 4 min state/model
INFO: main.c(242): Building trees for [TH AA ER b] through [TH V AW b]
INFO: main.c(268): Covering states |[21648 21701]| == 54
INFO: main.c(275): Reading: /mnt/c/users/robin/onedrive/desktop/cmu/Cebuano/model_parameters/Cebuano.cd_cont_untied/mixture_weights
INFO: s3mixw_io.c(172): Read /mnt/c/users/robin/onedrive/desktop/cmu/Cebuano/model_parameters/Cebuano.cd_cont_untied/mixture_weights [54x1x1 array]
INFO: main.c(311): 17 of 18 models have observation count greater than 0.000010
INFO: main.c(95): nrm stwt: 0.045 0.909 0.045 
INFO: s3gau_io.c(168): Read /mnt/c/users/robin/onedrive/desktop/cmu/Cebuano/model_parameters/Cebuano.cd_cont_untied/means [23232x1x1 array]
INFO: s3gau_io.c(168): Read /mnt/c/users/robin/onedrive/desktop/cmu/Cebuano/model_parameters/Cebuano.cd_cont_untied/variances [23232x1x1 array]
INFO: main.c(549): Reading: /mnt/c/users/robin/onedrive/desktop/cmu/Cebuano/model_architecture/Cebuano.tree_questions
INFO: main.c(587): 180 total simple questions (172 phone; 8 word bndry)
INFO: main.c(589): 42 Left Only questions, and 42 Right Only questions
INFO: dtree.c(1478): Final simple tree
|( QUESTION0_1_R 1 -7.217e+04 3.136e+02 3.425e+02
|    ( - -4.135e+03 1 0)
|    ( QUESTION2_18_L -1 -6.773e+04 2.458e+02 3.206e+02
|        ( WDBNDRY_E 0 -1.505e+03 5.110e+02 8.000e+00
|            ( - -1.213e+03 1 0)
|            ( - 2.189e+02 1 0))
|        ( QUESTION2_13_L -1 -6.598e+04 2.499e+02 3.126e+02
|            ( QUESTION0_3_R 1 -1.237e+04 2.014e+02 6.108e+01
|                ( - -3.926e+03 1 0)
|                ( - -8.244e+03 2 0 WDBNDRY_E 0 1.909e+02 4.008e+01))
|            ( QUESTION0_0_R 1 -5.335e+04 4.506e+02 2.516e+02
|                ( - 2.411e+02 1 0)
|                ( QUESTION13 -1 -5.314e+04 2.101e+02 2.506e+02
|                    ( - -2.434e+04 3 0 WDBNDRY_E 0 1.432e+02 1.139e+02)
|                    ( - -2.859e+04 7 0 QUESTION0_14_R 1 1.865e+02 1.366e+02))))))
s>    ( QUESTION0_1_R 1 -7.217e+04 3.136e+02 3.425e+02
s>        ( - -4.135e+03 1 0)
s>        ( QUESTION2_18_L -1 -6.773e+04 2.458e+02 3.206e+02
s>            ( WDBNDRY_E 0 -1.505e+03 5.110e+02 8.000e+00
s>                ( - -1.213e+03 1 0)
s>                ( - 2.189e+02 1 0))
s>            ( QUESTION2_13_L -1 -6.598e+04 2.499e+02 3.126e+02
s>                ( QUESTION0_3_R 1 -1.237e+04 2.014e+02 6.108e+01
s>                    ( - -3.926e+03 1 0)
s>                    ( - -8.244e+03 2 0 WDBNDRY_E 0 1.909e+02 4.008e+01))
s>                ( QUESTION0_0_R 1 -5.335e+04 4.506e+02 2.516e+02
s>                    ( - 2.411e+02 1 0)
s>                    ( QUESTION13 -1 -5.314e+04 2.101e+02 2.506e+02
s>                        ( - -2.434e+04 3 0 WDBNDRY_E 0 1.432e+02 1.139e+02)
s>                        ( - -2.859e+04 7 0 QUESTION0_14_R 1 1.865e+02 1.366e+02))))))INFO: dtree.c(1315): Comp split 0
INFO: dtree.c(1478): Final simple tree
|( QUESTION0_1_R 1 -7.193e+04 3.132e+02 3.415e+02
|    ( - -4.135e+03 1 0)
|    ( QUESTION2_18_L -1 -6.748e+04 2.963e+02 3.196e+02
|        ( - -1.213e+03 1 0)
|        ( QUESTION2_13_L -1 -6.598e+04 2.499e+02 3.126e+02
|            ( QUESTION0_3_R 1 -1.237e+04 2.014e+02 6.108e+01
|                ( - -3.926e+03 1 0)
|                ( WDBNDRY_E 0 -8.244e+03 1.909e+02 4.008e+01
|                    ( - -5.947e+03 1 0)
|                    ( - -2.106e+03 1 0)))
|            ( QUESTION0_0_R 1 -5.335e+04 4.506e+02 2.516e+02
|                ( - 2.411e+02 1 0)
|                ( QUESTION13 -1 -5.314e+04 2.101e+02 2.506e+02
|                    ( - -2.434e+04 3 0 WDBNDRY_E 0 1.432e+02 1.139e+02)
|                    ( - -2.859e+04 7 0 QUESTION0_14_R 1 1.865e+02 1.366e+02))))))
s>    ( QUESTION0_1_R 1 -7.193e+04 3.132e+02 3.415e+02
s>        ( - -4.135e+03 1 0)
s>        ( QUESTION2_18_L -1 -6.748e+04 2.963e+02 3.196e+02
s>            ( - -1.213e+03 1 0)
s>            ( QUESTION2_13_L -1 -6.598e+04 2.499e+02 3.126e+02
s>                ( QUESTION0_3_R 1 -1.237e+04 2.014e+02 6.108e+01
s>                    ( - -3.926e+03 1 0)
s>                    ( WDBNDRY_E 0 -8.244e+03 1.909e+02 4.008e+01
s>                        ( - -5.947e+03 1 0)
s>                        ( - -2.106e+03 1 0)))
s>                ( QUESTION0_0_R 1 -5.335e+04 4.506e+02 2.516e+02
s>                    ( - 2.411e+02 1 0)
s>                    ( QUESTION13 -1 -5.314e+04 2.101e+02 2.506e+02
s>                        ( - -2.434e+04 3 0 WDBNDRY_E 0 1.432e+02 1.139e+02)
s>                        ( - -2.859e+04 7 0 QUESTION0_14_R 1 1.865e+02 1.366e+02))))))INFO: dtree.c(1315): Comp split 1
INFO: dtree.c(1478): Final simple tree
|( QUESTION0_1_R 1 -7.172e+04 3.131e+02 3.405e+02
|    ( - -4.135e+03 1 0)
|    ( QUESTION2_18_L -1 -6.728e+04 2.965e+02 3.186e+02
|        ( - -1.213e+03 1 0)
|        ( QUESTION2_13_L -1 -6.577e+04 2.498e+02 3.116e+02
|            ( QUESTION0_3_R 1 -1.237e+04 2.014e+02 6.108e+01
|                ( - -3.926e+03 1 0)
|                ( WDBNDRY_E 0 -8.244e+03 1.909e+02 4.008e+01
|                    ( - -5.947e+03 1 0)
|                    ( - -2.106e+03 1 0)))
|            ( QUESTION13 -1 -5.314e+04 2.101e+02 2.506e+02
|                ( - -2.434e+04 3 0 WDBNDRY_E 0 1.432e+02 1.139e+02)
|                ( QUESTION0_14_R 1 -2.859e+04 1.865e+02 1.366e+02
|                    ( - -1.724e+04 5 0 WDBNDRY_B 0 1.594e+02 8.372e+01)
|                    ( - -1.117e+04 2 0 QUESTION2_0_L -1 1.439e+02 5.291e+01))))))
s>    ( QUESTION0_1_R 1 -7.172e+04 3.131e+02 3.405e+02
s>        ( - -4.135e+03 1 0)
s>        ( QUESTION2_18_L -1 -6.728e+04 2.965e+02 3.186e+02
s>            ( - -1.213e+03 1 0)
s>            ( QUESTION2_13_L -1 -6.577e+04 2.498e+02 3.116e+02
s>                ( QUESTION0_3_R 1 -1.237e+04 2.014e+02 6.108e+01
s>                    ( - -3.926e+03 1 0)
s>                    ( WDBNDRY_E 0 -8.244e+03 1.909e+02 4.008e+01
s>                        ( - -5.947e+03 1 0)
s>                        ( - -2.106e+03 1 0)))
s>                ( QUESTION13 -1 -5.314e+04 2.101e+02 2.506e+02
s>                    ( - -2.434e+04 3 0 WDBNDRY_E 0 1.432e+02 1.139e+02)
s>                    ( QUESTION0_14_R 1 -2.859e+04 1.865e+02 1.366e+02
s>                        ( - -1.724e+04 5 0 WDBNDRY_B 0 1.594e+02 8.372e+01)
s>                        ( - -1.117e+04 2 0 QUESTION2_0_L -1 1.439e+02 5.291e+01))))))INFO: dtree.c(1315): Comp split 2
INFO: dtree.c(1478): Final simple tree
|( QUESTION2_18_L -1 -6.728e+04 2.965e+02 3.186e+02
|    ( - -1.213e+03 1 0)
|    ( QUESTION2_13_L -1 -6.577e+04 2.498e+02 3.116e+02
|        ( QUESTION0_3_R 1 -1.237e+04 2.014e+02 6.108e+01
|            ( - -3.926e+03 1 0)
|            ( WDBNDRY_E 0 -8.244e+03 1.909e+02 4.008e+01
|                ( - -5.947e+03 1 0)
|                ( - -2.106e+03 1 0)))
|        ( QUESTION13 -1 -5.314e+04 2.101e+02 2.506e+02
|            ( - -2.434e+04 3 0 WDBNDRY_E 0 1.432e+02 1.139e+02)
|            ( QUESTION0_14_R 1 -2.859e+04 1.865e+02 1.366e+02
|                ( WDBNDRY_B 0 -1.724e+04 1.594e+02 8.372e+01
|                    ( - -1.379e+04 3 0 QUESTION0 -1 1.509e+02 6.772e+01)
|                    ( - -3.291e+03 2 0 QUESTION0 -1 9.016e+01 1.600e+01))
|                ( - -1.117e+04 2 0 QUESTION2_0_L -1 1.439e+02 5.291e+01)))))
s>    ( QUESTION2_18_L -1 -6.728e+04 2.965e+02 3.186e+02
s>        ( - -1.213e+03 1 0)
s>        ( QUESTION2_13_L -1 -6.577e+04 2.498e+02 3.116e+02
s>            ( QUESTION0_3_R 1 -1.237e+04 2.014e+02 6.108e+01
s>                ( - -3.926e+03 1 0)
s>                ( WDBNDRY_E 0 -8.244e+03 1.909e+02 4.008e+01
s>                    ( - -5.947e+03 1 0)
s>                    ( - -2.106e+03 1 0)))
s>            ( QUESTION13 -1 -5.314e+04 2.101e+02 2.506e+02
s>                ( - -2.434e+04 3 0 WDBNDRY_E 0 1.432e+02 1.139e+02)
s>                ( QUESTION0_14_R 1 -2.859e+04 1.865e+02 1.366e+02
s>                    ( WDBNDRY_B 0 -1.724e+04 1.594e+02 8.372e+01
s>                        ( - -1.379e+04 3 0 QUESTION0 -1 1.509e+02 6.772e+01)
s>                        ( - -3.291e+03 2 0 QUESTION0 -1 9.016e+01 1.600e+01))
s>                    ( - -1.117e+04 2 0 QUESTION2_0_L -1 1.439e+02 5.291e+01)))))INFO: dtree.c(1315): Comp split 3
INFO: dtree.c(1439): stop. leaf nodes are specific
INFO: dtree.c(1478): Final simple tree
|( WDBNDRY_E 0 -1.866e+04 1.559e+02 8.991e+01
|    ( - -3.926e+03 1 0)
|    ( WDBNDRY_B 0 -1.458e+04 1.204e+02 6.891e+01
|        ( QUESTION2_0_L -1 -1.117e+04 1.439e+02 5.291e+01
|            ( - -1.031e+04 1 0)
|            ( - -7.138e+02 1 0))
|        ( QUESTION0 -1 -3.291e+03 9.016e+01 1.600e+01
|            ( - -1.801e+03 1 0)
|            ( - -1.400e+03 1 0))))
s>    ( WDBNDRY_E 0 -1.866e+04 1.559e+02 8.991e+01
s>        ( - -3.926e+03 1 0)
s>        ( WDBNDRY_B 0 -1.458e+04 1.204e+02 6.891e+01
s>            ( QUESTION2_0_L -1 -1.117e+04 1.439e+02 5.291e+01
s>                ( - -1.031e+04 1 0)
s>                ( - -7.138e+02 1 0))
s>            ( QUESTION0 -1 -3.291e+03 9.016e+01 1.600e+01
s>                ( - -1.801e+03 1 0)
s>                ( - -1.400e+03 1 0))))INFO: dtree.c(1478): Final simple tree
|( QUESTION2_18_L -1 -4.831e+04 2.936e+02 2.287e+02
|    ( - -1.213e+03 1 0)
|    ( QUESTION0_15_R 1 -4.680e+04 2.294e+02 2.217e+02
|        ( WDBNDRY_I 0 -2.921e+04 1.907e+02 1.370e+02
|            ( - -2.219e+04 1 0)
|            ( WDBNDRY_B 0 -6.833e+03 9.156e+01 3.308e+01
|                ( - -7.947e+02 1 0)
|                ( - -5.947e+03 1 0)))
|        ( WDBNDRY_I 0 -1.736e+04 2.101e+02 8.472e+01
|            ( - -2.106e+03 1 0)
|            ( QUESTION12 -1 -1.504e+04 1.507e+02 7.372e+01
|                ( - -7.657e+03 2 0)
|                ( WDBNDRY_B 0 -7.237e+03 1.355e+02 3.572e+01
|                    ( - -5.978e+03 1 0)
|                    ( - -1.124e+03 1 0))))))
s>    ( QUESTION2_18_L -1 -4.831e+04 2.936e+02 2.287e+02
s>        ( - -1.213e+03 1 0)
s>        ( QUESTION0_15_R 1 -4.680e+04 2.294e+02 2.217e+02
s>            ( WDBNDRY_I 0 -2.921e+04 1.907e+02 1.370e+02
s>                ( - -2.219e+04 1 0)
s>                ( WDBNDRY_B 0 -6.833e+03 9.156e+01 3.308e+01
s>                    ( - -7.947e+02 1 0)
s>                    ( - -5.947e+03 1 0)))
s>            ( WDBNDRY_I 0 -1.736e+04 2.101e+02 8.472e+01
s>                ( - -2.106e+03 1 0)
s>                ( QUESTION12 -1 -1.504e+04 1.507e+02 7.372e+01
s>                    ( - -7.657e+03 2 0)
s>                    ( WDBNDRY_B 0 -7.237e+03 1.355e+02 3.572e+01
s>                        ( - -5.978e+03 1 0)
s>                        ( - -1.124e+03 1 0))))))INFO: dtree.c(1315): Comp split 4
INFO: dtree.c(1439): stop. leaf nodes are specific
INFO: dtree.c(1478): Final simple tree
|( QUESTION0_15_R 1 -4.680e+04 2.294e+02 2.217e+02
|    ( WDBNDRY_I 0 -2.921e+04 1.907e+02 1.370e+02
|        ( - -2.219e+04 1 0)
|        ( WDBNDRY_B 0 -6.833e+03 9.156e+01 3.308e+01
|            ( - -7.947e+02 1 0)
|            ( - -5.947e+03 1 0)))
|    ( WDBNDRY_I 0 -1.736e+04 2.101e+02 8.472e+01
|        ( - -2.106e+03 1 0)
|        ( QUESTION12 -1 -1.504e+04 1.507e+02 7.372e+01
|            ( - -7.657e+03 2 0)
|            ( WDBNDRY_B 0 -7.237e+03 1.355e+02 3.572e+01
|                ( - -5.978e+03 1 0)
|                ( - -1.124e+03 1 0)))))
s>    ( QUESTION0_15_R 1 -4.680e+04 2.294e+02 2.217e+02
s>        ( WDBNDRY_I 0 -2.921e+04 1.907e+02 1.370e+02
s>            ( - -2.219e+04 1 0)
s>            ( WDBNDRY_B 0 -6.833e+03 9.156e+01 3.308e+01
s>                ( - -7.947e+02 1 0)
s>                ( - -5.947e+03 1 0)))
s>        ( WDBNDRY_I 0 -1.736e+04 2.101e+02 8.472e+01
s>            ( - -2.106e+03 1 0)
s>            ( QUESTION12 -1 -1.504e+04 1.507e+02 7.372e+01
s>                ( - -7.657e+03 2 0)
s>                ( WDBNDRY_B 0 -7.237e+03 1.355e+02 3.572e+01
s>                    ( - -5.978e+03 1 0)
s>                    ( - -1.124e+03 1 0)))))INFO: dtree.c(1315): Comp split 5
INFO: dtree.c(1439): stop. leaf nodes are specific
INFO: dtree.c(1478): Final simple tree
|( WDBNDRY_B 0 -3.130e+04 1.867e+02 1.479e+02
|    ( - -7.657e+03 2 0)
|    ( WDBNDRY_E 0 -2.346e+04 1.428e+02 1.099e+02
|        ( - -1.124e+03 1 0)
|        ( - -2.219e+04 1 0)))
s>    ( WDBNDRY_B 0 -3.130e+04 1.867e+02 1.479e+02
s>        ( - -7.657e+03 2 0)
s>        ( WDBNDRY_E 0 -2.346e+04 1.428e+02 1.099e+02
s>            ( - -1.124e+03 1 0)
s>            ( - -2.219e+04 1 0)))INFO: dtree.c(1439): stop. leaf nodes are specific
INFO: dtree.c(1478): Final simple tree
|( WDBNDRY_I 0 -1.527e+04 1.948e+02 7.381e+01
|    ( - -2.106e+03 1 0)
|    ( QUESTION0_14_R 1 -1.297e+04 1.612e+02 6.281e+01
|        ( - -5.978e+03 1 0)
|        ( WDBNDRY_B 0 -6.833e+03 9.156e+01 3.308e+01
|            ( - -7.947e+02 1 0)
|            ( - -5.947e+03 1 0))))
s>    ( WDBNDRY_I 0 -1.527e+04 1.948e+02 7.381e+01
s>        ( - -2.106e+03 1 0)
s>        ( QUESTION0_14_R 1 -1.297e+04 1.612e+02 6.281e+01
s>            ( - -5.978e+03 1 0)
s>            ( WDBNDRY_B 0 -6.833e+03 9.156e+01 3.308e+01
s>                ( - -7.947e+02 1 0)
s>                ( - -5.947e+03 1 0))))INFO: dtree.c(1315): Comp split 6
INFO: dtree.c(1439): stop. leaf nodes are specific
INFO: dtree.c(1478): Final simple tree
|( QUESTION0_14_R 1 -1.297e+04 1.612e+02 6.281e+01
|    ( - -5.978e+03 1 0)
|    ( WDBNDRY_B 0 -6.833e+03 9.156e+01 3.308e+01
|        ( - -7.947e+02 1 0)
|        ( - -5.947e+03 1 0)))
s>    ( QUESTION0_14_R 1 -1.297e+04 1.612e+02 6.281e+01
s>        ( - -5.978e+03 1 0)
s>        ( WDBNDRY_B 0 -6.833e+03 9.156e+01 3.308e+01
s>            ( - -7.947e+02 1 0)
s>            ( - -5.947e+03 1 0)))INFO: dtree.c(1315): Comp split 7
INFO: dtree.c(1439): stop. leaf nodes are specific
INFO: dtree.c(1478): Final simple tree
|( WDBNDRY_E 0 -2.346e+04 1.428e+02 1.099e+02
|    ( - -1.124e+03 1 0)
|    ( - -2.219e+04 1 0))
s>    ( WDBNDRY_E 0 -2.346e+04 1.428e+02 1.099e+02
s>        ( - -1.124e+03 1 0)
s>        ( - -2.219e+04 1 0))INFO: dtree.c(1315): Comp split 8
INFO: dtree.c(1439): stop. leaf nodes are specific
INFO: dtree.c(1478): Final simple tree
|( WDBNDRY_B 0 -6.833e+03 9.156e+01 3.308e+01
|    ( - -7.947e+02 1 0)
|    ( - -5.947e+03 1 0))
s>    ( WDBNDRY_B 0 -6.833e+03 9.156e+01 3.308e+01
s>        ( - -7.947e+02 1 0)
s>        ( - -5.947e+03 1 0))INFO: dtree.c(1315): Comp split 9
INFO: dtree.c(1439): stop. leaf nodes are specific
INFO: dtree.c(1478): Final simple tree
|( WDBNDRY_B 0 -1.458e+04 1.204e+02 6.891e+01
|    ( QUESTION2_0_L -1 -1.117e+04 1.439e+02 5.291e+01
|        ( - -1.031e+04 1 0)
|        ( - -7.138e+02 1 0))
|    ( QUESTION0 -1 -3.291e+03 9.016e+01 1.600e+01
|        ( - -1.801e+03 1 0)
|        ( - -1.400e+03 1 0)))
s>    ( WDBNDRY_B 0 -1.458e+04 1.204e+02 6.891e+01
s>        ( QUESTION2_0_L -1 -1.117e+04 1.439e+02 5.291e+01
s>            ( - -1.031e+04 1 0)
s>            ( - -7.138e+02 1 0))
s>        ( QUESTION0 -1 -3.291e+03 9.016e+01 1.600e+01
s>            ( - -1.801e+03 1 0)
s>            ( - -1.400e+03 1 0)))INFO: dtree.c(1315): Comp split 10
INFO: dtree.c(1315): Comp split 11
INFO: dtree.c(1439): stop. leaf nodes are specific
INFO: dtree.c(1478): Final simple tree
|( WDBNDRY_B 0 -4.130e+03 1.253e+02 2.000e+01
|    ( - -7.138e+02 1 0)
|    ( QUESTION0 -1 -3.291e+03 9.016e+01 1.600e+01
|        ( - -1.801e+03 1 0)
|        ( - -1.400e+03 1 0)))
s>    ( WDBNDRY_B 0 -4.130e+03 1.253e+02 2.000e+01
s>        ( - -7.138e+02 1 0)
s>        ( QUESTION0 -1 -3.291e+03 9.016e+01 1.600e+01
s>            ( - -1.801e+03 1 0)
s>            ( - -1.400e+03 1 0)))INFO: dtree.c(1315): Comp split 12
INFO: dtree.c(1439): stop. leaf nodes are specific
INFO: dtree.c(1478): Final simple tree
|( QUESTION0 -1 -3.291e+03 9.016e+01 1.600e+01
|    ( - -1.801e+03 1 0)
|    ( - -1.400e+03 1 0))
s>    ( QUESTION0 -1 -3.291e+03 9.016e+01 1.600e+01
s>        ( - -1.801e+03 1 0)
s>        ( - -1.400e+03 1 0))INFO: dtree.c(1315): Comp split 13
INFO: dtree.c(1315): Comp split 14
INFO: dtree.c(1315): Comp split 15
INFO: dtree.c(1318): stop. leaf nodes are specific
Fri Jan  6 22:27:39 2023
