Current configuration:
[NAME]		[DEFLT]	[VALUE]
-allphones	no	no
-cntthresh	0.00001	1.000000e-05
-csplitmax	100	2000
-csplitmin	1	1
-csplitthr	8e-4	0.000000e+00
-example	no	no
-fullvar	no	no
-help		no	no
-meanfn			/mnt/c/users/robin/onedrive/desktop/cmu/Cebuano/model_parameters/Cebuano.cd_cont_untied/means
-mixwfn			/mnt/c/users/robin/onedrive/desktop/cmu/Cebuano/model_parameters/Cebuano.cd_cont_untied/mixture_weights
-moddeffn		/mnt/c/users/robin/onedrive/desktop/cmu/Cebuano/model_architecture/Cebuano.untied.mdef
-mwfloor	1e-4	1.000000e-08
-phone			CH
-psetfn			/mnt/c/users/robin/onedrive/desktop/cmu/Cebuano/model_architecture/Cebuano.tree_questions
-ssplitmax	5	7
-ssplitmin	1	1
-ssplitthr	8e-4	0.000000e+00
-state			0
-stwt			1.0,0.05,0.0,
-treefn			/mnt/c/users/robin/onedrive/desktop/cmu/Cebuano/trees/Cebuano.unpruned/CH-0.dtree
-ts2cbfn	.semi.	.cont.
-varfloor	0.00001	1.000000e-05
-varfn			/mnt/c/users/robin/onedrive/desktop/cmu/Cebuano/model_parameters/Cebuano.cd_cont_untied/variances

INFO: main.c(223): Reading: /mnt/c/users/robin/onedrive/desktop/cmu/Cebuano/model_architecture/Cebuano.untied.mdef
INFO: model_def_io.c(573): Model definition info:
INFO: model_def_io.c(574): 7744 total models defined (40 base, 7704 tri)
INFO: model_def_io.c(575): 30976 total states
INFO: model_def_io.c(576): 23232 total tied states
INFO: model_def_io.c(577): 120 total tied CI states
INFO: model_def_io.c(578): 40 total tied transition matrices
INFO: model_def_io.c(579): 4 max state/model
INFO: model_def_io.c(580): 4 min state/model
INFO: main.c(242): Building trees for [CH AA AH i] through [CH UH F e]
INFO: main.c(268): Covering states |[6087 6140]| == 54
INFO: main.c(275): Reading: /mnt/c/users/robin/onedrive/desktop/cmu/Cebuano/model_parameters/Cebuano.cd_cont_untied/mixture_weights
INFO: s3mixw_io.c(172): Read /mnt/c/users/robin/onedrive/desktop/cmu/Cebuano/model_parameters/Cebuano.cd_cont_untied/mixture_weights [54x1x1 array]
INFO: main.c(311): 18 of 18 models have observation count greater than 0.000010
INFO: main.c(95): nrm stwt: 0.952 0.048 0.000 
INFO: s3gau_io.c(168): Read /mnt/c/users/robin/onedrive/desktop/cmu/Cebuano/model_parameters/Cebuano.cd_cont_untied/means [23232x1x1 array]
INFO: s3gau_io.c(168): Read /mnt/c/users/robin/onedrive/desktop/cmu/Cebuano/model_parameters/Cebuano.cd_cont_untied/variances [23232x1x1 array]
INFO: main.c(549): Reading: /mnt/c/users/robin/onedrive/desktop/cmu/Cebuano/model_architecture/Cebuano.tree_questions
INFO: main.c(587): 180 total simple questions (172 phone; 8 word bndry)
INFO: main.c(589): 42 Left Only questions, and 42 Right Only questions
INFO: dtree.c(1478): Final simple tree
|( QUESTION0 -1 -2.561e+05 6.489e+02 1.124e+03
|    ( QUESTION2_19_L -1 -1.951e+05 7.845e+02 8.580e+02
|        ( QUESTION0_9_R 1 -1.794e+05 4.783e+02 7.858e+02
|            ( - -1.064e+05 2 0)
|            ( - -7.253e+04 4 0 WDBNDRY_E 0 2.205e+02 3.171e+02))
|        ( WDBNDRY_E 0 -1.495e+04 3.024e+02 7.225e+01
|            ( - -8.551e+03 1 0)
|            ( - -6.093e+03 1 0)))
|    ( QUESTION12 -1 -6.031e+04 3.770e+02 2.656e+02
|        ( - -6.452e+03 3 0 QUESTION0_15_R 1 1.514e+02 2.818e+01)
|        ( WDBNDRY_B 0 -5.348e+04 3.682e+02 2.374e+02
|            ( - -3.499e+04 2 0 SILENCE -1 1.998e+02 1.564e+02)
|            ( QUESTION0_9_R 1 -1.812e+04 2.533e+02 8.100e+01
|                ( - -4.078e+03 1 0)
|                ( - -1.379e+04 4 0 WDBNDRY_E 0 1.589e+02 6.100e+01)))))
s>    ( QUESTION0 -1 -2.561e+05 6.489e+02 1.124e+03
s>        ( QUESTION2_19_L -1 -1.951e+05 7.845e+02 8.580e+02
s>            ( QUESTION0_9_R 1 -1.794e+05 4.783e+02 7.858e+02
s>                ( - -1.064e+05 2 0)
s>                ( - -7.253e+04 4 0 WDBNDRY_E 0 2.205e+02 3.171e+02))
s>            ( WDBNDRY_E 0 -1.495e+04 3.024e+02 7.225e+01
s>                ( - -8.551e+03 1 0)
s>                ( - -6.093e+03 1 0)))
s>        ( QUESTION12 -1 -6.031e+04 3.770e+02 2.656e+02
s>            ( - -6.452e+03 3 0 QUESTION0_15_R 1 1.514e+02 2.818e+01)
s>            ( WDBNDRY_B 0 -5.348e+04 3.682e+02 2.374e+02
s>                ( - -3.499e+04 2 0 SILENCE -1 1.998e+02 1.564e+02)
s>                ( QUESTION0_9_R 1 -1.812e+04 2.533e+02 8.100e+01
s>                    ( - -4.078e+03 1 0)
s>                    ( - -1.379e+04 4 0 WDBNDRY_E 0 1.589e+02 6.100e+01)))))INFO: dtree.c(1315): Comp split 0
INFO: dtree.c(1439): stop. leaf nodes are specific
INFO: dtree.c(1478): Final simple tree
|( QUESTION12 -1 -2.623e+04 4.873e+02 1.204e+02
|    ( QUESTION0_15_R 1 -6.452e+03 1.514e+02 2.818e+01
|        ( - -7.484e+02 1 0)
|        ( WDBNDRY_B 0 -5.552e+03 1.074e+02 2.418e+01
|            ( - -4.102e+03 1 0)
|            ( - -1.343e+03 1 0)))
|    ( QUESTION0_15_R 1 -1.929e+04 2.980e+02 9.225e+01
|        ( - -6.093e+03 1 0)
|        ( WDBNDRY_E 0 -1.290e+04 2.666e+02 6.200e+01
|            ( - -8.551e+03 1 0)
|            ( - -4.078e+03 1 0))))
s>    ( QUESTION12 -1 -2.623e+04 4.873e+02 1.204e+02
s>        ( QUESTION0_15_R 1 -6.452e+03 1.514e+02 2.818e+01
s>            ( - -7.484e+02 1 0)
s>            ( WDBNDRY_B 0 -5.552e+03 1.074e+02 2.418e+01
s>                ( - -4.102e+03 1 0)
s>                ( - -1.343e+03 1 0)))
s>        ( QUESTION0_15_R 1 -1.929e+04 2.980e+02 9.225e+01
s>            ( - -6.093e+03 1 0)
s>            ( WDBNDRY_E 0 -1.290e+04 2.666e+02 6.200e+01
s>                ( - -8.551e+03 1 0)
s>                ( - -4.078e+03 1 0))))INFO: dtree.c(1478): Final simple tree
|( QUESTION0_11_R 1 -2.291e+05 5.758e+02 1.003e+03
|    ( - -1.064e+05 2 0)
|    ( QUESTION2_0_L -1 -1.221e+05 4.642e+02 5.345e+02
|        ( QUESTION15 -1 -8.590e+04 3.465e+02 3.751e+02
|            ( - -1.166e+04 2 0 WDBNDRY_E 0 1.127e+02 5.200e+01)
|            ( WDBNDRY_E 0 -7.389e+04 2.258e+02 3.231e+02
|                ( - -3.115e+04 1 0)
|                ( WDBNDRY_B 0 -4.251e+04 1.594e+02 1.879e+02
|                    ( - -2.704e+03 1 0)
|                    ( - -3.965e+04 3 0 QUESTION0 -1 1.350e+02 1.759e+02))))
|        ( QUESTION0_9_R 1 -3.574e+04 1.994e+02 1.594e+02
|            ( - -1.007e+04 1 0)
|            ( WDBNDRY_B 0 -2.547e+04 1.358e+02 1.149e+02
|                ( - -2.472e+04 1 0)
|                ( - -6.195e+02 1 0)))))
s>    ( QUESTION0_11_R 1 -2.291e+05 5.758e+02 1.003e+03
s>        ( - -1.064e+05 2 0)
s>        ( QUESTION2_0_L -1 -1.221e+05 4.642e+02 5.345e+02
s>            ( QUESTION15 -1 -8.590e+04 3.465e+02 3.751e+02
s>                ( - -1.166e+04 2 0 WDBNDRY_E 0 1.127e+02 5.200e+01)
s>                ( WDBNDRY_E 0 -7.389e+04 2.258e+02 3.231e+02
s>                    ( - -3.115e+04 1 0)
s>                    ( WDBNDRY_B 0 -4.251e+04 1.594e+02 1.879e+02
s>                        ( - -2.704e+03 1 0)
s>                        ( - -3.965e+04 3 0 QUESTION0 -1 1.350e+02 1.759e+02))))
s>            ( QUESTION0_9_R 1 -3.574e+04 1.994e+02 1.594e+02
s>                ( - -1.007e+04 1 0)
s>                ( WDBNDRY_B 0 -2.547e+04 1.358e+02 1.149e+02
s>                    ( - -2.472e+04 1 0)
s>                    ( - -6.195e+02 1 0)))))INFO: dtree.c(1315): Comp split 1
INFO: dtree.c(1478): Final simple tree
|( QUESTION2_0_L -1 -1.221e+05 4.642e+02 5.345e+02
|    ( QUESTION15 -1 -8.590e+04 3.465e+02 3.751e+02
|        ( - -1.166e+04 2 0 WDBNDRY_E 0 1.127e+02 5.200e+01)
|        ( WDBNDRY_E 0 -7.389e+04 2.258e+02 3.231e+02
|            ( - -3.115e+04 1 0)
|            ( WDBNDRY_B 0 -4.251e+04 1.594e+02 1.879e+02
|                ( - -2.704e+03 1 0)
|                ( QUESTION0 -1 -3.965e+04 1.350e+02 1.759e+02
|                    ( - -3.829e+04 2 0)
|                    ( - -1.226e+03 1 0)))))
|    ( QUESTION0_9_R 1 -3.574e+04 1.994e+02 1.594e+02
|        ( - -1.007e+04 1 0)
|        ( WDBNDRY_B 0 -2.547e+04 1.358e+02 1.149e+02
|            ( - -2.472e+04 1 0)
|            ( - -6.195e+02 1 0))))
s>    ( QUESTION2_0_L -1 -1.221e+05 4.642e+02 5.345e+02
s>        ( QUESTION15 -1 -8.590e+04 3.465e+02 3.751e+02
s>            ( - -1.166e+04 2 0 WDBNDRY_E 0 1.127e+02 5.200e+01)
s>            ( WDBNDRY_E 0 -7.389e+04 2.258e+02 3.231e+02
s>                ( - -3.115e+04 1 0)
s>                ( WDBNDRY_B 0 -4.251e+04 1.594e+02 1.879e+02
s>                    ( - -2.704e+03 1 0)
s>                    ( QUESTION0 -1 -3.965e+04 1.350e+02 1.759e+02
s>                        ( - -3.829e+04 2 0)
s>                        ( - -1.226e+03 1 0)))))
s>        ( QUESTION0_9_R 1 -3.574e+04 1.994e+02 1.594e+02
s>            ( - -1.007e+04 1 0)
s>            ( WDBNDRY_B 0 -2.547e+04 1.358e+02 1.149e+02
s>                ( - -2.472e+04 1 0)
s>                ( - -6.195e+02 1 0))))INFO: dtree.c(1315): Comp split 2
INFO: dtree.c(1439): stop. leaf nodes are specific
INFO: dtree.c(1478): Final simple tree
|( QUESTION0_15_R 1 -1.929e+04 2.980e+02 9.225e+01
|    ( - -6.093e+03 1 0)
|    ( WDBNDRY_E 0 -1.290e+04 2.666e+02 6.200e+01
|        ( - -8.551e+03 1 0)
|        ( - -4.078e+03 1 0)))
s>    ( QUESTION0_15_R 1 -1.929e+04 2.980e+02 9.225e+01
s>        ( - -6.093e+03 1 0)
s>        ( WDBNDRY_E 0 -1.290e+04 2.666e+02 6.200e+01
s>            ( - -8.551e+03 1 0)
s>            ( - -4.078e+03 1 0)))INFO: dtree.c(1439): stop. leaf nodes are specific
INFO: dtree.c(1478): Final simple tree
|( QUESTION0_15_R 1 -6.452e+03 1.514e+02 2.818e+01
|    ( - -7.484e+02 1 0)
|    ( WDBNDRY_B 0 -5.552e+03 1.074e+02 2.418e+01
|        ( - -4.102e+03 1 0)
|        ( - -1.343e+03 1 0)))
s>    ( QUESTION0_15_R 1 -6.452e+03 1.514e+02 2.818e+01
s>        ( - -7.484e+02 1 0)
s>        ( WDBNDRY_B 0 -5.552e+03 1.074e+02 2.418e+01
s>            ( - -4.102e+03 1 0)
s>            ( - -1.343e+03 1 0)))INFO: dtree.c(1315): Comp split 3
INFO: dtree.c(1439): stop. leaf nodes are specific
INFO: dtree.c(1478): Final simple tree
|( SILENCE -1 -3.635e+04 2.060e+02 1.624e+02
|    ( - -2.472e+04 1 0)
|    ( WDBNDRY_B 0 -1.142e+04 1.238e+02 5.057e+01
|        ( - -1.007e+04 1 0)
|        ( - -1.226e+03 1 0)))
s>    ( SILENCE -1 -3.635e+04 2.060e+02 1.624e+02
s>        ( - -2.472e+04 1 0)
s>        ( WDBNDRY_B 0 -1.142e+04 1.238e+02 5.057e+01
s>            ( - -1.007e+04 1 0)
s>            ( - -1.226e+03 1 0)))INFO: dtree.c(1439): stop. leaf nodes are specific
INFO: dtree.c(1478): Final simple tree
|( QUESTION15 -1 -8.528e+04 3.470e+02 3.721e+02
|    ( WDBNDRY_E 0 -1.166e+04 1.127e+02 5.200e+01
|        ( - -9.380e+03 1 0)
|        ( - -2.169e+03 1 0))
|    ( WDBNDRY_E 0 -7.327e+04 2.194e+02 3.201e+02
|        ( - -3.115e+04 1 0)
|        ( WDBNDRY_B 0 -4.190e+04 1.618e+02 1.849e+02
|            ( - -2.704e+03 1 0)
|            ( QUESTION0_14_R 1 -3.904e+04 1.279e+02 1.729e+02
|                ( - -3.829e+04 2 0)
|                ( - -6.195e+02 1 0)))))
s>    ( QUESTION15 -1 -8.528e+04 3.470e+02 3.721e+02
s>        ( WDBNDRY_E 0 -1.166e+04 1.127e+02 5.200e+01
s>            ( - -9.380e+03 1 0)
s>            ( - -2.169e+03 1 0))
s>        ( WDBNDRY_E 0 -7.327e+04 2.194e+02 3.201e+02
s>            ( - -3.115e+04 1 0)
s>            ( WDBNDRY_B 0 -4.190e+04 1.618e+02 1.849e+02
s>                ( - -2.704e+03 1 0)
s>                ( QUESTION0_14_R 1 -3.904e+04 1.279e+02 1.729e+02
s>                    ( - -3.829e+04 2 0)
s>                    ( - -6.195e+02 1 0)))))INFO: dtree.c(1315): Comp split 4
INFO: dtree.c(1439): stop. leaf nodes are specific
INFO: dtree.c(1478): Final simple tree
|( WDBNDRY_E 0 -7.327e+04 2.194e+02 3.201e+02
|    ( - -3.115e+04 1 0)
|    ( WDBNDRY_B 0 -4.190e+04 1.618e+02 1.849e+02
|        ( - -2.704e+03 1 0)
|        ( QUESTION0_14_R 1 -3.904e+04 1.279e+02 1.729e+02
|            ( - -3.829e+04 2 0)
|            ( - -6.195e+02 1 0))))
s>    ( WDBNDRY_E 0 -7.327e+04 2.194e+02 3.201e+02
s>        ( - -3.115e+04 1 0)
s>        ( WDBNDRY_B 0 -4.190e+04 1.618e+02 1.849e+02
s>            ( - -2.704e+03 1 0)
s>            ( QUESTION0_14_R 1 -3.904e+04 1.279e+02 1.729e+02
s>                ( - -3.829e+04 2 0)
s>                ( - -6.195e+02 1 0))))INFO: dtree.c(1439): stop. leaf nodes are specific
INFO: dtree.c(1478): Final simple tree
|( WDBNDRY_E 0 -1.166e+04 1.127e+02 5.200e+01
|    ( - -9.380e+03 1 0)
|    ( - -2.169e+03 1 0))
s>    ( WDBNDRY_E 0 -1.166e+04 1.127e+02 5.200e+01
s>        ( - -9.380e+03 1 0)
s>        ( - -2.169e+03 1 0))INFO: dtree.c(1315): Comp split 5
INFO: dtree.c(1439): stop. leaf nodes are specific
INFO: dtree.c(1478): Final simple tree
|( WDBNDRY_E 0 -1.290e+04 2.666e+02 6.200e+01
|    ( - -8.551e+03 1 0)
|    ( - -4.078e+03 1 0))
s>    ( WDBNDRY_E 0 -1.290e+04 2.666e+02 6.200e+01
s>        ( - -8.551e+03 1 0)
s>        ( - -4.078e+03 1 0))INFO: dtree.c(1315): Comp split 6
INFO: dtree.c(1315): Comp split 7
INFO: dtree.c(1439): stop. leaf nodes are specific
INFO: dtree.c(1478): Final simple tree
|( WDBNDRY_B 0 -4.190e+04 1.618e+02 1.849e+02
|    ( - -2.704e+03 1 0)
|    ( QUESTION0_14_R 1 -3.904e+04 1.279e+02 1.729e+02
|        ( - -3.829e+04 2 0)
|        ( - -6.195e+02 1 0)))
s>    ( WDBNDRY_B 0 -4.190e+04 1.618e+02 1.849e+02
s>        ( - -2.704e+03 1 0)
s>        ( QUESTION0_14_R 1 -3.904e+04 1.279e+02 1.729e+02
s>            ( - -3.829e+04 2 0)
s>            ( - -6.195e+02 1 0)))INFO: dtree.c(1315): Comp split 8
INFO: dtree.c(1439): stop. leaf nodes are specific
INFO: dtree.c(1478): Final simple tree
|( WDBNDRY_B 0 -1.142e+04 1.238e+02 5.057e+01
|    ( - -1.007e+04 1 0)
|    ( - -1.226e+03 1 0))
s>    ( WDBNDRY_B 0 -1.142e+04 1.238e+02 5.057e+01
s>        ( - -1.007e+04 1 0)
s>        ( - -1.226e+03 1 0))INFO: dtree.c(1315): Comp split 9
INFO: dtree.c(1439): stop. leaf nodes are specific
INFO: dtree.c(1478): Final simple tree
|( QUESTION0_14_R 1 -3.904e+04 1.279e+02 1.729e+02
|    ( - -3.829e+04 2 0)
|    ( - -6.195e+02 1 0))
s>    ( QUESTION0_14_R 1 -3.904e+04 1.279e+02 1.729e+02
s>        ( - -3.829e+04 2 0)
s>        ( - -6.195e+02 1 0))INFO: dtree.c(1315): Comp split 10
INFO: dtree.c(1439): stop. leaf nodes are specific
INFO: dtree.c(1478): Final simple tree
|( WDBNDRY_B 0 -5.552e+03 1.074e+02 2.418e+01
|    ( - -4.102e+03 1 0)
|    ( - -1.343e+03 1 0))
s>    ( WDBNDRY_B 0 -5.552e+03 1.074e+02 2.418e+01
s>        ( - -4.102e+03 1 0)
s>        ( - -1.343e+03 1 0))INFO: dtree.c(1315): Comp split 11
INFO: dtree.c(1315): Comp split 12
INFO: dtree.c(1315): Comp split 13
INFO: dtree.c(1315): Comp split 14
INFO: dtree.c(1315): Comp split 15
INFO: dtree.c(1318): stop. leaf nodes are specific
Fri Jan  6 22:28:03 2023
