Current configuration:
[NAME]		[DEFLT]	[VALUE]
-allphones	no	no
-cntthresh	0.00001	1.000000e-05
-csplitmax	100	2000
-csplitmin	1	1
-csplitthr	8e-4	0.000000e+00
-example	no	no
-fullvar	no	no
-help		no	no
-meanfn			/mnt/c/users/robin/onedrive/desktop/cmu/Cebuano/model_parameters/Cebuano.cd_cont_untied/means
-mixwfn			/mnt/c/users/robin/onedrive/desktop/cmu/Cebuano/model_parameters/Cebuano.cd_cont_untied/mixture_weights
-moddeffn		/mnt/c/users/robin/onedrive/desktop/cmu/Cebuano/model_architecture/Cebuano.untied.mdef
-mwfloor	1e-4	1.000000e-08
-phone			UW
-psetfn			/mnt/c/users/robin/onedrive/desktop/cmu/Cebuano/model_architecture/Cebuano.tree_questions
-ssplitmax	5	7
-ssplitmin	1	1
-ssplitthr	8e-4	0.000000e+00
-state			0
-stwt			1.0,0.05,0.0,
-treefn			/mnt/c/users/robin/onedrive/desktop/cmu/Cebuano/trees/Cebuano.unpruned/UW-0.dtree
-ts2cbfn	.semi.	.cont.
-varfloor	0.00001	1.000000e-05
-varfn			/mnt/c/users/robin/onedrive/desktop/cmu/Cebuano/model_parameters/Cebuano.cd_cont_untied/variances

INFO: main.c(223): Reading: /mnt/c/users/robin/onedrive/desktop/cmu/Cebuano/model_architecture/Cebuano.untied.mdef
INFO: model_def_io.c(573): Model definition info:
INFO: model_def_io.c(574): 7744 total models defined (40 base, 7704 tri)
INFO: model_def_io.c(575): 30976 total states
INFO: model_def_io.c(576): 23232 total tied states
INFO: model_def_io.c(577): 120 total tied CI states
INFO: model_def_io.c(578): 40 total tied transition matrices
INFO: model_def_io.c(579): 4 max state/model
INFO: model_def_io.c(580): 4 min state/model
INFO: main.c(242): Building trees for [UW AA N b] through [UW Z M i]
INFO: main.c(268): Covering states |[21738 22172]| == 435
INFO: main.c(275): Reading: /mnt/c/users/robin/onedrive/desktop/cmu/Cebuano/model_parameters/Cebuano.cd_cont_untied/mixture_weights
INFO: s3mixw_io.c(172): Read /mnt/c/users/robin/onedrive/desktop/cmu/Cebuano/model_parameters/Cebuano.cd_cont_untied/mixture_weights [435x1x1 array]
INFO: main.c(311): 140 of 145 models have observation count greater than 0.000010
INFO: main.c(95): nrm stwt: 0.952 0.048 0.000 
INFO: s3gau_io.c(168): Read /mnt/c/users/robin/onedrive/desktop/cmu/Cebuano/model_parameters/Cebuano.cd_cont_untied/means [23232x1x1 array]
INFO: s3gau_io.c(168): Read /mnt/c/users/robin/onedrive/desktop/cmu/Cebuano/model_parameters/Cebuano.cd_cont_untied/variances [23232x1x1 array]
INFO: main.c(549): Reading: /mnt/c/users/robin/onedrive/desktop/cmu/Cebuano/model_architecture/Cebuano.tree_questions
INFO: main.c(587): 180 total simple questions (172 phone; 8 word bndry)
INFO: main.c(589): 42 Left Only questions, and 42 Right Only questions
INFO: dtree.c(1478): Final simple tree
|( QUESTION16 -1 -3.417e+06 2.572e+04 1.416e+04
|    ( QUESTION0_10_R 1 -2.155e+06 2.063e+04 9.111e+03
|        ( - -5.703e+05 7 0 QUESTION14 1 2.211e+03 2.480e+03)
|        ( QUESTION0_2_R 1 -1.564e+06 8.362e+03 6.631e+03
|            ( - -4.465e+05 10 0 QUESTION0_3_R 1 2.220e+03 1.920e+03)
|            ( QUESTION12 1 -1.109e+06 6.420e+03 4.711e+03
|                ( - -3.695e+05 5 0 WDBNDRY_B 0 3.431e+02 1.622e+03)
|                ( QUESTION0_15_R 1 -7.334e+05 6.908e+03 3.089e+03
|                    ( - -9.953e+04 2 0 QUESTION0 1 1.364e+02 4.353e+02)
|                    ( - -6.270e+05 11 0 QUESTION10 1 2.777e+03 2.653e+03)))))
|    ( QUESTION2 -1 -1.236e+06 6.963e+03 5.049e+03
|        ( - -3.268e+05 15 0 QUESTION10 1 1.017e+03 1.374e+03)
|        ( QUESTION1 -1 -9.025e+05 6.012e+03 3.675e+03
|            ( - -6.909e+05 77 0 QUESTION2_10_L -1 4.259e+03 2.825e+03)
|            ( - -2.055e+05 13 0 WDBNDRY_I 0 1.990e+03 8.499e+02))))
s>    ( QUESTION16 -1 -3.417e+06 2.572e+04 1.416e+04
s>        ( QUESTION0_10_R 1 -2.155e+06 2.063e+04 9.111e+03
s>            ( - -5.703e+05 7 0 QUESTION14 1 2.211e+03 2.480e+03)
s>            ( QUESTION0_2_R 1 -1.564e+06 8.362e+03 6.631e+03
s>                ( - -4.465e+05 10 0 QUESTION0_3_R 1 2.220e+03 1.920e+03)
s>                ( QUESTION12 1 -1.109e+06 6.420e+03 4.711e+03
s>                    ( - -3.695e+05 5 0 WDBNDRY_B 0 3.431e+02 1.622e+03)
s>                    ( QUESTION0_15_R 1 -7.334e+05 6.908e+03 3.089e+03
s>                        ( - -9.953e+04 2 0 QUESTION0 1 1.364e+02 4.353e+02)
s>                        ( - -6.270e+05 11 0 QUESTION10 1 2.777e+03 2.653e+03)))))
s>        ( QUESTION2 -1 -1.236e+06 6.963e+03 5.049e+03
s>            ( - -3.268e+05 15 0 QUESTION10 1 1.017e+03 1.374e+03)
s>            ( QUESTION1 -1 -9.025e+05 6.012e+03 3.675e+03
s>                ( - -6.909e+05 77 0 QUESTION2_10_L -1 4.259e+03 2.825e+03)
s>                ( - -2.055e+05 13 0 WDBNDRY_I 0 1.990e+03 8.499e+02))))INFO: dtree.c(1315): Comp split 0
INFO: dtree.c(1439): stop. leaf nodes are specific
INFO: dtree.c(1478): Final simple tree
|( QUESTION13 1 -9.472e+05 7.409e+03 4.102e+03
|    ( QUESTION14 1 -5.700e+05 2.211e+03 2.479e+03
|        ( WDBNDRY_B 0 -7.035e+04 3.160e+02 3.092e+02
|            ( - -2.341e+03 1 0)
|            ( - -6.770e+04 3 0))
|        ( - -4.975e+05 2 0))
|    ( WDBNDRY_E 0 -3.698e+05 4.618e+02 1.623e+03
|        ( - 2.430e+02 1 0)
|        ( WDBNDRY_B 0 -3.695e+05 3.431e+02 1.622e+03
|            ( - -1.744e+03 1 0)
|            ( - -3.675e+05 4 0))))
s>    ( QUESTION13 1 -9.472e+05 7.409e+03 4.102e+03
s>        ( QUESTION14 1 -5.700e+05 2.211e+03 2.479e+03
s>            ( WDBNDRY_B 0 -7.035e+04 3.160e+02 3.092e+02
s>                ( - -2.341e+03 1 0)
s>                ( - -6.770e+04 3 0))
s>            ( - -4.975e+05 2 0))
s>        ( WDBNDRY_E 0 -3.698e+05 4.618e+02 1.623e+03
s>            ( - 2.430e+02 1 0)
s>            ( WDBNDRY_B 0 -3.695e+05 3.431e+02 1.622e+03
s>                ( - -1.744e+03 1 0)
s>                ( - -3.675e+05 4 0))))INFO: dtree.c(1478): Final simple tree
|( QUESTION16 -1 -2.444e+06 1.889e+04 1.006e+04
|    ( QUESTION0_2_R 1 -1.189e+06 8.803e+03 5.008e+03
|        ( - -4.465e+05 10 0 QUESTION0_3_R 1 2.220e+03 1.920e+03)
|        ( QUESTION0_15_R 1 -7.334e+05 6.908e+03 3.089e+03
|            ( - -9.953e+04 2 0 QUESTION0 1 1.364e+02 4.353e+02)
|            ( QUESTION10 1 -6.270e+05 2.777e+03 2.653e+03
|                ( - -3.590e+05 6 0)
|                ( - -2.652e+05 5 0 QUESTION0_9_R 1 8.680e+02 1.112e+03))))
|    ( QUESTION2 -1 -1.236e+06 6.963e+03 5.049e+03
|        ( - -3.268e+05 15 0 QUESTION10 1 1.017e+03 1.374e+03)
|        ( QUESTION1 -1 -9.025e+05 6.012e+03 3.675e+03
|            ( QUESTION2_10_L -1 -6.909e+05 4.259e+03 2.825e+03
|                ( - -1.864e+05 28 0 QUESTION0_9_R 1 1.378e+03 7.361e+02)
|                ( - -5.002e+05 49 0 QUESTION15 -1 1.821e+03 2.089e+03))
|            ( - -2.055e+05 13 0 WDBNDRY_I 0 1.990e+03 8.499e+02))))
s>    ( QUESTION16 -1 -2.444e+06 1.889e+04 1.006e+04
s>        ( QUESTION0_2_R 1 -1.189e+06 8.803e+03 5.008e+03
s>            ( - -4.465e+05 10 0 QUESTION0_3_R 1 2.220e+03 1.920e+03)
s>            ( QUESTION0_15_R 1 -7.334e+05 6.908e+03 3.089e+03
s>                ( - -9.953e+04 2 0 QUESTION0 1 1.364e+02 4.353e+02)
s>                ( QUESTION10 1 -6.270e+05 2.777e+03 2.653e+03
s>                    ( - -3.590e+05 6 0)
s>                    ( - -2.652e+05 5 0 QUESTION0_9_R 1 8.680e+02 1.112e+03))))
s>        ( QUESTION2 -1 -1.236e+06 6.963e+03 5.049e+03
s>            ( - -3.268e+05 15 0 QUESTION10 1 1.017e+03 1.374e+03)
s>            ( QUESTION1 -1 -9.025e+05 6.012e+03 3.675e+03
s>                ( QUESTION2_10_L -1 -6.909e+05 4.259e+03 2.825e+03
s>                    ( - -1.864e+05 28 0 QUESTION0_9_R 1 1.378e+03 7.361e+02)
s>                    ( - -5.002e+05 49 0 QUESTION15 -1 1.821e+03 2.089e+03))
s>                ( - -2.055e+05 13 0 WDBNDRY_I 0 1.990e+03 8.499e+02))))INFO: dtree.c(1315): Comp split 1
INFO: dtree.c(1439): stop. leaf nodes are specific
INFO: dtree.c(1478): Final simple tree
|( QUESTION10 1 -6.270e+05 2.777e+03 2.653e+03
|    ( - -3.590e+05 6 0)
|    ( QUESTION0_9_R 1 -2.652e+05 8.680e+02 1.112e+03
|        ( - -5.246e+04 1 0)
|        ( WDBNDRY_E 0 -2.119e+05 2.824e+02 8.857e+02
|            ( - -9.777e+02 1 0)
|            ( QUESTION0_0_R 1 -2.106e+05 2.078e+02 8.807e+02
|                ( - -9.854e+02 1 0)
|                ( - -2.094e+05 2 0)))))
s>    ( QUESTION10 1 -6.270e+05 2.777e+03 2.653e+03
s>        ( - -3.590e+05 6 0)
s>        ( QUESTION0_9_R 1 -2.652e+05 8.680e+02 1.112e+03
s>            ( - -5.246e+04 1 0)
s>            ( WDBNDRY_E 0 -2.119e+05 2.824e+02 8.857e+02
s>                ( - -9.777e+02 1 0)
s>                ( QUESTION0_0_R 1 -2.106e+05 2.078e+02 8.807e+02
s>                    ( - -9.854e+02 1 0)
s>                    ( - -2.094e+05 2 0)))))INFO: dtree.c(1478): Final simple tree
|( QUESTION16 -1 -1.796e+06 1.255e+04 7.404e+03
|    ( QUESTION0_3_R 1 -5.476e+05 2.608e+03 2.355e+03
|        ( - -3.286e+05 5 0)
|        ( - -2.164e+05 7 0 QUESTION0 1 1.195e+03 9.370e+02))
|    ( QUESTION2 -1 -1.236e+06 6.963e+03 5.049e+03
|        ( - -3.268e+05 15 0 QUESTION10 1 1.017e+03 1.374e+03)
|        ( QUESTION1 -1 -9.025e+05 6.012e+03 3.675e+03
|            ( QUESTION2_10_L -1 -6.909e+05 4.259e+03 2.825e+03
|                ( - -1.864e+05 28 0 QUESTION0_9_R 1 1.378e+03 7.361e+02)
|                ( - -5.002e+05 49 0 QUESTION15 -1 1.821e+03 2.089e+03))
|            ( WDBNDRY_I 0 -2.055e+05 1.990e+03 8.499e+02
|                ( QUESTION2_0_L -1 -1.437e+05 2.081e+03 6.051e+02
|                    ( - -1.035e+05 7 0 QUESTION11 1 2.293e+02 4.364e+02)
|                    ( - -3.805e+04 1 0))
|                ( - -5.984e+04 5 0 QUESTION2_0_L -1 1.045e+03 2.448e+02)))))
s>    ( QUESTION16 -1 -1.796e+06 1.255e+04 7.404e+03
s>        ( QUESTION0_3_R 1 -5.476e+05 2.608e+03 2.355e+03
s>            ( - -3.286e+05 5 0)
s>            ( - -2.164e+05 7 0 QUESTION0 1 1.195e+03 9.370e+02))
s>        ( QUESTION2 -1 -1.236e+06 6.963e+03 5.049e+03
s>            ( - -3.268e+05 15 0 QUESTION10 1 1.017e+03 1.374e+03)
s>            ( QUESTION1 -1 -9.025e+05 6.012e+03 3.675e+03
s>                ( QUESTION2_10_L -1 -6.909e+05 4.259e+03 2.825e+03
s>                    ( - -1.864e+05 28 0 QUESTION0_9_R 1 1.378e+03 7.361e+02)
s>                    ( - -5.002e+05 49 0 QUESTION15 -1 1.821e+03 2.089e+03))
s>                ( WDBNDRY_I 0 -2.055e+05 1.990e+03 8.499e+02
s>                    ( QUESTION2_0_L -1 -1.437e+05 2.081e+03 6.051e+02
s>                        ( - -1.035e+05 7 0 QUESTION11 1 2.293e+02 4.364e+02)
s>                        ( - -3.805e+04 1 0))
s>                    ( - -5.984e+04 5 0 QUESTION2_0_L -1 1.045e+03 2.448e+02)))))INFO: dtree.c(1315): Comp split 2
INFO: dtree.c(1478): Final simple tree
|( QUESTION2 -1 -1.236e+06 6.963e+03 5.049e+03
|    ( - -3.268e+05 15 0 QUESTION10 1 1.017e+03 1.374e+03)
|    ( QUESTION1 -1 -9.025e+05 6.012e+03 3.675e+03
|        ( QUESTION2_10_L -1 -6.909e+05 4.259e+03 2.825e+03
|            ( - -1.864e+05 28 0 QUESTION0_9_R 1 1.378e+03 7.361e+02)
|            ( QUESTION15 -1 -5.002e+05 1.821e+03 2.089e+03
|                ( - -2.412e+05 13 0 QUESTION0_2_R 1 6.862e+02 1.040e+03)
|                ( SILENCE 1 -2.572e+05 1.454e+03 1.049e+03
|                    ( - -7.036e+04 3 0 QUESTION12 -1 9.593e+02 2.832e+02)
|                    ( - -1.854e+05 33 0 QUESTION2_9_L -1 1.016e+03 7.663e+02))))
|        ( WDBNDRY_I 0 -2.055e+05 1.990e+03 8.499e+02
|            ( QUESTION2_0_L -1 -1.437e+05 2.081e+03 6.051e+02
|                ( - -1.035e+05 7 0 QUESTION11 1 2.293e+02 4.364e+02)
|                ( - -3.805e+04 1 0))
|            ( - -5.984e+04 5 0 QUESTION2_0_L -1 1.045e+03 2.448e+02))))
s>    ( QUESTION2 -1 -1.236e+06 6.963e+03 5.049e+03
s>        ( - -3.268e+05 15 0 QUESTION10 1 1.017e+03 1.374e+03)
s>        ( QUESTION1 -1 -9.025e+05 6.012e+03 3.675e+03
s>            ( QUESTION2_10_L -1 -6.909e+05 4.259e+03 2.825e+03
s>                ( - -1.864e+05 28 0 QUESTION0_9_R 1 1.378e+03 7.361e+02)
s>                ( QUESTION15 -1 -5.002e+05 1.821e+03 2.089e+03
s>                    ( - -2.412e+05 13 0 QUESTION0_2_R 1 6.862e+02 1.040e+03)
s>                    ( SILENCE 1 -2.572e+05 1.454e+03 1.049e+03
s>                        ( - -7.036e+04 3 0 QUESTION12 -1 9.593e+02 2.832e+02)
s>                        ( - -1.854e+05 33 0 QUESTION2_9_L -1 1.016e+03 7.663e+02))))
s>            ( WDBNDRY_I 0 -2.055e+05 1.990e+03 8.499e+02
s>                ( QUESTION2_0_L -1 -1.437e+05 2.081e+03 6.051e+02
s>                    ( - -1.035e+05 7 0 QUESTION11 1 2.293e+02 4.364e+02)
s>                    ( - -3.805e+04 1 0))
s>                ( - -5.984e+04 5 0 QUESTION2_0_L -1 1.045e+03 2.448e+02))))INFO: dtree.c(1439): stop. leaf nodes are specific
INFO: dtree.c(1478): Final simple tree
|( QUESTION0_3_R 1 -5.476e+05 2.608e+03 2.355e+03
|    ( - -3.286e+05 5 0)
|    ( QUESTION0 1 -2.164e+05 1.195e+03 9.370e+02
|        ( - -9.902e+04 1 0)
|        ( WDBNDRY_E 0 -1.162e+05 1.879e+02 5.037e+02
|            ( - -1.887e+03 1 0)
|            ( QUESTION0_0_R 1 -1.141e+05 1.158e+02 4.955e+02
|                ( QUESTION0_5_R 1 -1.136e+05 7.882e+01 4.935e+02
|                    ( - -1.091e+05 2 0)
|                    ( - -4.442e+03 2 0))
|                ( - -3.795e+02 1 0)))))
s>    ( QUESTION0_3_R 1 -5.476e+05 2.608e+03 2.355e+03
s>        ( - -3.286e+05 5 0)
s>        ( QUESTION0 1 -2.164e+05 1.195e+03 9.370e+02
s>            ( - -9.902e+04 1 0)
s>            ( WDBNDRY_E 0 -1.162e+05 1.879e+02 5.037e+02
s>                ( - -1.887e+03 1 0)
s>                ( QUESTION0_0_R 1 -1.141e+05 1.158e+02 4.955e+02
s>                    ( QUESTION0_5_R 1 -1.136e+05 7.882e+01 4.935e+02
s>                        ( - -1.091e+05 2 0)
s>                        ( - -4.442e+03 2 0))
s>                    ( - -3.795e+02 1 0)))))INFO: dtree.c(1315): Comp split 3
INFO: dtree.c(1439): stop. leaf nodes are specific
INFO: dtree.c(1478): Final simple tree
|( WDBNDRY_E 0 -3.723e+05 4.615e+02 1.634e+03
|    ( - 2.430e+02 1 0)
|    ( WDBNDRY_B 0 -3.721e+05 3.080e+02 1.633e+03
|        ( QUESTION0_0_R 1 -4.320e+03 2.358e+02 1.905e+01
|            ( - -1.744e+03 1 0)
|            ( - -2.341e+03 1 0))
|        ( - -3.675e+05 4 0)))
s>    ( WDBNDRY_E 0 -3.723e+05 4.615e+02 1.634e+03
s>        ( - 2.430e+02 1 0)
s>        ( WDBNDRY_B 0 -3.721e+05 3.080e+02 1.633e+03
s>            ( QUESTION0_0_R 1 -4.320e+03 2.358e+02 1.905e+01
s>                ( - -1.744e+03 1 0)
s>                ( - -2.341e+03 1 0))
s>            ( - -3.675e+05 4 0)))INFO: dtree.c(1439): stop. leaf nodes are specific
INFO: dtree.c(1478): Final simple tree
|( QUESTION14 1 -5.674e+05 2.263e+03 2.468e+03
|    ( - -6.770e+04 3 0)
|    ( - -4.975e+05 2 0))
s>    ( QUESTION14 1 -5.674e+05 2.263e+03 2.468e+03
s>        ( - -6.770e+04 3 0)
s>        ( - -4.975e+05 2 0))INFO: dtree.c(1315): Comp split 4
INFO: dtree.c(1478): Final simple tree
|( WDBNDRY_I 0 -1.654e+05 1.988e+03 6.812e+02
|    ( QUESTION11 1 -1.035e+05 2.293e+02 4.364e+02
|        ( QUESTION2_13_L -1 -7.627e+04 1.855e+02 3.205e+02
|            ( - -5.518e+02 1 0)
|            ( - -7.553e+04 3 0 QUESTION12 1 9.573e+01 3.175e+02))
|        ( QUESTION0_0_R 1 -2.705e+04 1.767e+02 1.159e+02
|            ( - -2.651e+04 2 0)
|            ( - -3.610e+02 1 0)))
|    ( QUESTION2_0_L -1 -5.984e+04 1.045e+03 2.448e+02
|        ( - -2.475e+04 2 0)
|        ( SILENCE -1 -3.405e+04 2.841e+02 1.435e+02
|            ( WDBNDRY_B 0 -2.947e+04 2.065e+02 1.253e+02
|                ( - -2.841e+04 1 0)
|                ( - -8.575e+02 1 0))
|            ( - -4.291e+03 1 0))))
s>    ( WDBNDRY_I 0 -1.654e+05 1.988e+03 6.812e+02
s>        ( QUESTION11 1 -1.035e+05 2.293e+02 4.364e+02
s>            ( QUESTION2_13_L -1 -7.627e+04 1.855e+02 3.205e+02
s>                ( - -5.518e+02 1 0)
s>                ( - -7.553e+04 3 0 QUESTION12 1 9.573e+01 3.175e+02))
s>            ( QUESTION0_0_R 1 -2.705e+04 1.767e+02 1.159e+02
s>                ( - -2.651e+04 2 0)
s>                ( - -3.610e+02 1 0)))
s>        ( QUESTION2_0_L -1 -5.984e+04 1.045e+03 2.448e+02
s>            ( - -2.475e+04 2 0)
s>            ( SILENCE -1 -3.405e+04 2.841e+02 1.435e+02
s>                ( WDBNDRY_B 0 -2.947e+04 2.065e+02 1.253e+02
s>                    ( - -2.841e+04 1 0)
s>                    ( - -8.575e+02 1 0))
s>                ( - -4.291e+03 1 0))))INFO: dtree.c(1478): Final simple tree
|( QUESTION2 -1 -1.064e+06 6.145e+03 4.368e+03
|    ( QUESTION10 1 -3.268e+05 1.017e+03 1.374e+03
|        ( - -1.490e+05 6 0 QUESTION0_1_R 1 3.254e+02 6.393e+02)
|        ( - -1.767e+05 9 0 QUESTION0_8_R 1 4.098e+02 7.347e+02))
|    ( QUESTION2_10_L -1 -7.306e+05 4.120e+03 2.994e+03
|        ( QUESTION0_9_R 1 -1.864e+05 1.378e+03 7.361e+02
|            ( - -3.706e+04 4 0 WDBNDRY_I 0 2.865e+02 1.561e+02)
|            ( - -1.480e+05 24 0 WDBNDRY_I 0 9.531e+02 5.800e+02))
|        ( QUESTION15 -1 -5.400e+05 2.050e+03 2.258e+03
|            ( - -2.412e+05 13 0 QUESTION0_2_R 1 6.862e+02 1.040e+03)
|            ( QUESTION0 -1 -2.967e+05 1.487e+03 1.218e+03
|                ( - -3.805e+04 1 0)
|                ( SILENCE 1 -2.572e+05 1.454e+03 1.049e+03
|                    ( - -7.036e+04 3 0 QUESTION12 -1 9.593e+02 2.832e+02)
|                    ( - -1.854e+05 33 0 QUESTION2_9_L -1 1.016e+03 7.663e+02))))))
s>    ( QUESTION2 -1 -1.064e+06 6.145e+03 4.368e+03
s>        ( QUESTION10 1 -3.268e+05 1.017e+03 1.374e+03
s>            ( - -1.490e+05 6 0 QUESTION0_1_R 1 3.254e+02 6.393e+02)
s>            ( - -1.767e+05 9 0 QUESTION0_8_R 1 4.098e+02 7.347e+02))
s>        ( QUESTION2_10_L -1 -7.306e+05 4.120e+03 2.994e+03
s>            ( QUESTION0_9_R 1 -1.864e+05 1.378e+03 7.361e+02
s>                ( - -3.706e+04 4 0 WDBNDRY_I 0 2.865e+02 1.561e+02)
s>                ( - -1.480e+05 24 0 WDBNDRY_I 0 9.531e+02 5.800e+02))
s>            ( QUESTION15 -1 -5.400e+05 2.050e+03 2.258e+03
s>                ( - -2.412e+05 13 0 QUESTION0_2_R 1 6.862e+02 1.040e+03)
s>                ( QUESTION0 -1 -2.967e+05 1.487e+03 1.218e+03
s>                    ( - -3.805e+04 1 0)
s>                    ( SILENCE 1 -2.572e+05 1.454e+03 1.049e+03
s>                        ( - -7.036e+04 3 0 QUESTION12 -1 9.593e+02 2.832e+02)
s>                        ( - -1.854e+05 33 0 QUESTION2_9_L -1 1.016e+03 7.663e+02))))))INFO: dtree.c(1315): Comp split 5
INFO: dtree.c(1478): Final simple tree
|( QUESTION15 -1 -5.002e+05 1.821e+03 2.089e+03
|    ( QUESTION0_2_R 1 -2.412e+05 6.862e+02 1.040e+03
|        ( - -1.101e+05 5 0 QUESTION0_3_R 1 1.872e+02 4.762e+02)
|        ( - -1.305e+05 8 0 QUESTION10 1 4.317e+02 5.634e+02))
|    ( SILENCE 1 -2.572e+05 1.454e+03 1.049e+03
|        ( QUESTION12 -1 -7.036e+04 9.593e+02 2.832e+02
|            ( - -3.787e+04 1 0)
|            ( - -3.153e+04 2 0 QUESTION10 -1 3.884e+02 1.389e+02))
|        ( QUESTION2_9_L -1 -1.854e+05 1.016e+03 7.663e+02
|            ( QUESTION10 1 -8.834e+04 1.035e+03 3.752e+02
|                ( - -3.387e+04 2 0 QUESTION0_1_R 1 2.529e+02 1.492e+02)
|                ( - -5.344e+04 10 0 WDBNDRY_E 0 3.625e+02 2.260e+02))
|            ( QUESTION13 -1 -9.603e+04 5.897e+02 3.910e+02
|                ( - -6.431e+04 9 0 QUESTION10 1 6.543e+02 2.688e+02)
|                ( - -3.113e+04 12 0 QUESTION0_3_R 1 4.600e+02 1.223e+02)))))
s>    ( QUESTION15 -1 -5.002e+05 1.821e+03 2.089e+03
s>        ( QUESTION0_2_R 1 -2.412e+05 6.862e+02 1.040e+03
s>            ( - -1.101e+05 5 0 QUESTION0_3_R 1 1.872e+02 4.762e+02)
s>            ( - -1.305e+05 8 0 QUESTION10 1 4.317e+02 5.634e+02))
s>        ( SILENCE 1 -2.572e+05 1.454e+03 1.049e+03
s>            ( QUESTION12 -1 -7.036e+04 9.593e+02 2.832e+02
s>                ( - -3.787e+04 1 0)
s>                ( - -3.153e+04 2 0 QUESTION10 -1 3.884e+02 1.389e+02))
s>            ( QUESTION2_9_L -1 -1.854e+05 1.016e+03 7.663e+02
s>                ( QUESTION10 1 -8.834e+04 1.035e+03 3.752e+02
s>                    ( - -3.387e+04 2 0 QUESTION0_1_R 1 2.529e+02 1.492e+02)
s>                    ( - -5.344e+04 10 0 WDBNDRY_E 0 3.625e+02 2.260e+02))
s>                ( QUESTION13 -1 -9.603e+04 5.897e+02 3.910e+02
s>                    ( - -6.431e+04 9 0 QUESTION10 1 6.543e+02 2.688e+02)
s>                    ( - -3.113e+04 12 0 QUESTION0_3_R 1 4.600e+02 1.223e+02)))))INFO: dtree.c(1478): Final simple tree
|( QUESTION2 -1 -5.567e+05 3.660e+03 2.279e+03
|    ( QUESTION10 1 -3.268e+05 1.017e+03 1.374e+03
|        ( - -1.490e+05 6 0 QUESTION0_1_R 1 3.254e+02 6.393e+02)
|        ( QUESTION0_8_R 1 -1.767e+05 4.098e+02 7.347e+02
|            ( QUESTION14 1 -4.281e+04 4.679e+02 1.843e+02
|                ( - -1.395e+04 1 0)
|                ( - -2.840e+04 1 0))
|            ( - -1.335e+05 7 0 SILENCE 1 3.351e+02 5.505e+02)))
|    ( QUESTION0 -1 -2.262e+05 1.745e+03 9.048e+02
|        ( - -3.805e+04 1 0)
|        ( QUESTION0_9_R 1 -1.864e+05 1.378e+03 7.361e+02
|            ( - -3.706e+04 4 0 WDBNDRY_I 0 2.865e+02 1.561e+02)
|            ( WDBNDRY_I 0 -1.480e+05 9.531e+02 5.800e+02
|                ( - -8.437e+04 4 0 QUESTION10 1 2.505e+02 3.291e+02)
|                ( - -6.266e+04 20 0 QUESTION0_3_R 1 3.778e+02 2.509e+02)))))
s>    ( QUESTION2 -1 -5.567e+05 3.660e+03 2.279e+03
s>        ( QUESTION10 1 -3.268e+05 1.017e+03 1.374e+03
s>            ( - -1.490e+05 6 0 QUESTION0_1_R 1 3.254e+02 6.393e+02)
s>            ( QUESTION0_8_R 1 -1.767e+05 4.098e+02 7.347e+02
s>                ( QUESTION14 1 -4.281e+04 4.679e+02 1.843e+02
s>                    ( - -1.395e+04 1 0)
s>                    ( - -2.840e+04 1 0))
s>                ( - -1.335e+05 7 0 SILENCE 1 3.351e+02 5.505e+02)))
s>        ( QUESTION0 -1 -2.262e+05 1.745e+03 9.048e+02
s>            ( - -3.805e+04 1 0)
s>            ( QUESTION0_9_R 1 -1.864e+05 1.378e+03 7.361e+02
s>                ( - -3.706e+04 4 0 WDBNDRY_I 0 2.865e+02 1.561e+02)
s>                ( WDBNDRY_I 0 -1.480e+05 9.531e+02 5.800e+02
s>                    ( - -8.437e+04 4 0 QUESTION10 1 2.505e+02 3.291e+02)
s>                    ( - -6.266e+04 20 0 QUESTION0_3_R 1 3.778e+02 2.509e+02)))))INFO: dtree.c(1315): Comp split 6
INFO: dtree.c(1478): Final simple tree
|( QUESTION0 -1 -2.262e+05 1.745e+03 9.048e+02
|    ( - -3.805e+04 1 0)
|    ( QUESTION0_9_R 1 -1.864e+05 1.378e+03 7.361e+02
|        ( WDBNDRY_I 0 -3.706e+04 2.865e+02 1.561e+02
|            ( - -2.732e+04 2 0)
|            ( - -9.455e+03 2 0 WDBNDRY_B 0 2.490e+02 4.054e+01))
|        ( WDBNDRY_I 0 -1.480e+05 9.531e+02 5.800e+02
|            ( - -8.437e+04 4 0 QUESTION10 1 2.505e+02 3.291e+02)
|            ( QUESTION0_3_R 1 -6.266e+04 3.778e+02 2.509e+02
|                ( - -1.345e+04 1 0)
|                ( QUESTION0_2_R 1 -4.884e+04 3.135e+02 1.955e+02
|                    ( - -6.065e+03 3 0 QUESTION0_6_R 1 1.161e+02 2.500e+01)
|                    ( QUESTION14 1 -4.246e+04 2.641e+02 1.705e+02
|                        ( - -7.515e+03 1 0)
|                        ( - -3.468e+04 15 0 SILENCE 1 2.823e+02 1.390e+02)))))))
s>    ( QUESTION0 -1 -2.262e+05 1.745e+03 9.048e+02
s>        ( - -3.805e+04 1 0)
s>        ( QUESTION0_9_R 1 -1.864e+05 1.378e+03 7.361e+02
s>            ( WDBNDRY_I 0 -3.706e+04 2.865e+02 1.561e+02
s>                ( - -2.732e+04 2 0)
s>                ( - -9.455e+03 2 0 WDBNDRY_B 0 2.490e+02 4.054e+01))
s>            ( WDBNDRY_I 0 -1.480e+05 9.531e+02 5.800e+02
s>                ( - -8.437e+04 4 0 QUESTION10 1 2.505e+02 3.291e+02)
s>                ( QUESTION0_3_R 1 -6.266e+04 3.778e+02 2.509e+02
s>                    ( - -1.345e+04 1 0)
s>                    ( QUESTION0_2_R 1 -4.884e+04 3.135e+02 1.955e+02
s>                        ( - -6.065e+03 3 0 QUESTION0_6_R 1 1.161e+02 2.500e+01)
s>                        ( QUESTION14 1 -4.246e+04 2.641e+02 1.705e+02
s>                            ( - -7.515e+03 1 0)
s>                            ( - -3.468e+04 15 0 SILENCE 1 2.823e+02 1.390e+02)))))))INFO: dtree.c(1478): Final simple tree
|( QUESTION10 1 -3.268e+05 1.017e+03 1.374e+03
|    ( QUESTION0_1_R 1 -1.490e+05 3.254e+02 6.393e+02
|        ( - -6.644e+04 3 0)
|        ( - -8.227e+04 3 0))
|    ( QUESTION0_8_R 1 -1.767e+05 4.098e+02 7.347e+02
|        ( QUESTION14 1 -4.281e+04 4.679e+02 1.843e+02
|            ( - -1.395e+04 1 0)
|            ( - -2.840e+04 1 0))
|        ( SILENCE 1 -1.335e+05 3.351e+02 5.505e+02
|            ( - -8.936e+03 1 0)
|            ( QUESTION12 1 -1.243e+05 3.113e+02 5.121e+02
|                ( QUESTION3 -1 -8.492e+04 2.690e+02 3.452e+02
|                    ( - -7.559e+04 2 0)
|                    ( - -9.060e+03 1 0))
|                ( - -3.902e+04 3 0 QUESTION0_1_R 1 2.149e+02 1.669e+02)))))
s>    ( QUESTION10 1 -3.268e+05 1.017e+03 1.374e+03
s>        ( QUESTION0_1_R 1 -1.490e+05 3.254e+02 6.393e+02
s>            ( - -6.644e+04 3 0)
s>            ( - -8.227e+04 3 0))
s>        ( QUESTION0_8_R 1 -1.767e+05 4.098e+02 7.347e+02
s>            ( QUESTION14 1 -4.281e+04 4.679e+02 1.843e+02
s>                ( - -1.395e+04 1 0)
s>                ( - -2.840e+04 1 0))
s>            ( SILENCE 1 -1.335e+05 3.351e+02 5.505e+02
s>                ( - -8.936e+03 1 0)
s>                ( QUESTION12 1 -1.243e+05 3.113e+02 5.121e+02
s>                    ( QUESTION3 -1 -8.492e+04 2.690e+02 3.452e+02
s>                        ( - -7.559e+04 2 0)
s>                        ( - -9.060e+03 1 0))
s>                    ( - -3.902e+04 3 0 QUESTION0_1_R 1 2.149e+02 1.669e+02)))))INFO: dtree.c(1315): Comp split 7
INFO: dtree.c(1439): stop. leaf nodes are specific
INFO: dtree.c(1478): Final simple tree
|( QUESTION0_9_R 1 -2.639e+05 8.594e+02 1.107e+03
|    ( - -5.246e+04 1 0)
|    ( QUESTION0_0_R 1 -2.106e+05 2.078e+02 8.807e+02
|        ( - -9.854e+02 1 0)
|        ( - -2.094e+05 2 0)))
s>    ( QUESTION0_9_R 1 -2.639e+05 8.594e+02 1.107e+03
s>        ( - -5.246e+04 1 0)
s>        ( QUESTION0_0_R 1 -2.106e+05 2.078e+02 8.807e+02
s>            ( - -9.854e+02 1 0)
s>            ( - -2.094e+05 2 0)))INFO: dtree.c(1439): stop. leaf nodes are specific
INFO: dtree.c(1478): Final simple tree
|( WDBNDRY_E 0 -3.603e+05 2.677e+02 1.546e+03
|    ( - -9.777e+02 1 0)
|    ( - -3.590e+05 6 0))
s>    ( WDBNDRY_E 0 -3.603e+05 2.677e+02 1.546e+03
s>        ( - -9.777e+02 1 0)
s>        ( - -3.590e+05 6 0))INFO: dtree.c(1315): Comp split 8
INFO: dtree.c(1439): stop. leaf nodes are specific
INFO: dtree.c(1478): Final simple tree
|( QUESTION0 1 -2.164e+05 1.195e+03 9.370e+02
|    ( - -9.902e+04 1 0)
|    ( WDBNDRY_E 0 -1.162e+05 1.879e+02 5.037e+02
|        ( - -1.887e+03 1 0)
|        ( QUESTION0_0_R 1 -1.141e+05 1.158e+02 4.955e+02
|            ( QUESTION0_5_R 1 -1.136e+05 7.882e+01 4.935e+02
|                ( - -1.091e+05 2 0)
|                ( - -4.442e+03 2 0))
|            ( - -3.795e+02 1 0))))
s>    ( QUESTION0 1 -2.164e+05 1.195e+03 9.370e+02
s>        ( - -9.902e+04 1 0)
s>        ( WDBNDRY_E 0 -1.162e+05 1.879e+02 5.037e+02
s>            ( - -1.887e+03 1 0)
s>            ( QUESTION0_0_R 1 -1.141e+05 1.158e+02 4.955e+02
s>                ( QUESTION0_5_R 1 -1.136e+05 7.882e+01 4.935e+02
s>                    ( - -1.091e+05 2 0)
s>                    ( - -4.442e+03 2 0))
s>                ( - -3.795e+02 1 0))))INFO: dtree.c(1315): Comp split 9
INFO: dtree.c(1315): Comp split 10
INFO: dtree.c(1439): stop. leaf nodes are specific
INFO: dtree.c(1478): Final simple tree
|( QUESTION2_19_L -1 -6.036e+04 1.042e+03 2.468e+02
|    ( - -2.475e+04 2 0)
|    ( SILENCE -1 -3.457e+04 2.981e+02 1.455e+02
|        ( WDBNDRY_B 0 -2.947e+04 2.065e+02 1.253e+02
|            ( - -2.841e+04 1 0)
|            ( - -8.575e+02 1 0))
|        ( WDBNDRY_B 0 -4.798e+03 1.460e+02 2.024e+01
|            ( - -4.291e+03 1 0)
|            ( - -3.610e+02 1 0))))
s>    ( QUESTION2_19_L -1 -6.036e+04 1.042e+03 2.468e+02
s>        ( - -2.475e+04 2 0)
s>        ( SILENCE -1 -3.457e+04 2.981e+02 1.455e+02
s>            ( WDBNDRY_B 0 -2.947e+04 2.065e+02 1.253e+02
s>                ( - -2.841e+04 1 0)
s>                ( - -8.575e+02 1 0))
s>            ( WDBNDRY_B 0 -4.798e+03 1.460e+02 2.024e+01
s>                ( - -4.291e+03 1 0)
s>                ( - -3.610e+02 1 0))))INFO: dtree.c(1439): stop. leaf nodes are specific
INFO: dtree.c(1478): Final simple tree
|( QUESTION10 1 -1.030e+05 2.292e+02 4.344e+02
|    ( - -2.651e+04 2 0)
|    ( QUESTION2_13_L -1 -7.627e+04 1.855e+02 3.205e+02
|        ( - -5.518e+02 1 0)
|        ( QUESTION12 1 -7.553e+04 9.573e+01 3.175e+02
|            ( - -7.280e+04 2 0)
|            ( - -2.638e+03 1 0))))
s>    ( QUESTION10 1 -1.030e+05 2.292e+02 4.344e+02
s>        ( - -2.651e+04 2 0)
s>        ( QUESTION2_13_L -1 -7.627e+04 1.855e+02 3.205e+02
s>            ( - -5.518e+02 1 0)
s>            ( QUESTION12 1 -7.553e+04 9.573e+01 3.175e+02
s>                ( - -7.280e+04 2 0)
s>                ( - -2.638e+03 1 0))))INFO: dtree.c(1315): Comp split 11
INFO: dtree.c(1478): Final simple tree
|( QUESTION10 -1 -2.761e+05 1.010e+03 1.189e+03
|    ( QUESTION0_1_R 1 -3.387e+04 2.529e+02 1.492e+02
|        ( - -3.317e+04 1 0)
|        ( - -4.491e+02 1 0))
|    ( QUESTION0_2_R 1 -2.412e+05 6.862e+02 1.040e+03
|        ( - -1.101e+05 5 0 QUESTION0_3_R 1 1.872e+02 4.762e+02)
|        ( QUESTION10 1 -1.305e+05 4.317e+02 5.634e+02
|            ( - -5.148e+04 2 0)
|            ( QUESTION12 1 -7.855e+04 3.894e+02 3.361e+02
|                ( - -3.142e+04 2 0)
|                ( QUESTION14 1 -4.675e+04 2.455e+02 2.025e+02
|                    ( - -1.865e+03 1 0)
|                    ( WDBNDRY_E 0 -4.463e+04 2.189e+02 1.935e+02
|                        ( - -8.093e+03 1 0)
|                        ( - -3.632e+04 2 0 QUESTION0_0_R 1 1.191e+02 1.590e+02)))))))
s>    ( QUESTION10 -1 -2.761e+05 1.010e+03 1.189e+03
s>        ( QUESTION0_1_R 1 -3.387e+04 2.529e+02 1.492e+02
s>            ( - -3.317e+04 1 0)
s>            ( - -4.491e+02 1 0))
s>        ( QUESTION0_2_R 1 -2.412e+05 6.862e+02 1.040e+03
s>            ( - -1.101e+05 5 0 QUESTION0_3_R 1 1.872e+02 4.762e+02)
s>            ( QUESTION10 1 -1.305e+05 4.317e+02 5.634e+02
s>                ( - -5.148e+04 2 0)
s>                ( QUESTION12 1 -7.855e+04 3.894e+02 3.361e+02
s>                    ( - -3.142e+04 2 0)
s>                    ( QUESTION14 1 -4.675e+04 2.455e+02 2.025e+02
s>                        ( - -1.865e+03 1 0)
s>                        ( WDBNDRY_E 0 -4.463e+04 2.189e+02 1.935e+02
s>                            ( - -8.093e+03 1 0)
s>                            ( - -3.632e+04 2 0 QUESTION0_0_R 1 1.191e+02 1.590e+02)))))))INFO: dtree.c(1478): Final simple tree
|( SILENCE 1 -2.221e+05 1.365e+03 9.002e+02
|    ( QUESTION12 -1 -7.036e+04 9.593e+02 2.832e+02
|        ( - -3.787e+04 1 0)
|        ( - -3.153e+04 2 0 QUESTION10 -1 3.884e+02 1.389e+02))
|    ( QUESTION13 -1 -1.504e+05 9.940e+02 6.170e+02
|        ( QUESTION10 1 -6.431e+04 6.543e+02 2.688e+02
|            ( - -2.513e+04 5 0 QUESTION0_1_R 1 1.314e+02 1.085e+02)
|            ( QUESTION2_0_L -1 -3.852e+04 4.260e+02 1.603e+02
|                ( - -1.015e+04 2 0 QUESTION12 1 2.049e+02 4.563e+01)
|                ( - -2.795e+04 2 0 QUESTION0_1_R 1 2.622e+02 1.147e+02)))
|        ( QUESTION2_9_L -1 -8.512e+04 5.506e+02 3.482e+02
|            ( - -5.344e+04 10 0 WDBNDRY_E 0 3.625e+02 2.260e+02)
|            ( QUESTION0_3_R 1 -3.113e+04 4.600e+02 1.223e+02
|                ( - 1.765e+02 1 0)
|                ( - -3.085e+04 11 0 QUESTION0_11_R 1 3.221e+02 1.213e+02)))))
s>    ( SILENCE 1 -2.221e+05 1.365e+03 9.002e+02
s>        ( QUESTION12 -1 -7.036e+04 9.593e+02 2.832e+02
s>            ( - -3.787e+04 1 0)
s>            ( - -3.153e+04 2 0 QUESTION10 -1 3.884e+02 1.389e+02))
s>        ( QUESTION13 -1 -1.504e+05 9.940e+02 6.170e+02
s>            ( QUESTION10 1 -6.431e+04 6.543e+02 2.688e+02
s>                ( - -2.513e+04 5 0 QUESTION0_1_R 1 1.314e+02 1.085e+02)
s>                ( QUESTION2_0_L -1 -3.852e+04 4.260e+02 1.603e+02
s>                    ( - -1.015e+04 2 0 QUESTION12 1 2.049e+02 4.563e+01)
s>                    ( - -2.795e+04 2 0 QUESTION0_1_R 1 2.622e+02 1.147e+02)))
s>            ( QUESTION2_9_L -1 -8.512e+04 5.506e+02 3.482e+02
s>                ( - -5.344e+04 10 0 WDBNDRY_E 0 3.625e+02 2.260e+02)
s>                ( QUESTION0_3_R 1 -3.113e+04 4.600e+02 1.223e+02
s>                    ( - 1.765e+02 1 0)
s>                    ( - -3.085e+04 11 0 QUESTION0_11_R 1 3.221e+02 1.213e+02)))))INFO: dtree.c(1315): Comp split 12
INFO: dtree.c(1478): Final simple tree
|( QUESTION0_9_R 1 -1.864e+05 1.378e+03 7.361e+02
|    ( WDBNDRY_I 0 -3.706e+04 2.865e+02 1.561e+02
|        ( - -2.732e+04 2 0)
|        ( - -9.455e+03 2 0 WDBNDRY_B 0 2.490e+02 4.054e+01))
|    ( WDBNDRY_I 0 -1.480e+05 9.531e+02 5.800e+02
|        ( - -8.437e+04 4 0 QUESTION10 1 2.505e+02 3.291e+02)
|        ( QUESTION0_3_R 1 -6.266e+04 3.778e+02 2.509e+02
|            ( - -1.345e+04 1 0)
|            ( QUESTION0_2_R 1 -4.884e+04 3.135e+02 1.955e+02
|                ( - -6.065e+03 3 0 QUESTION0_6_R 1 1.161e+02 2.500e+01)
|                ( QUESTION14 1 -4.246e+04 2.641e+02 1.705e+02
|                    ( - -7.515e+03 1 0)
|                    ( SILENCE 1 -3.468e+04 2.823e+02 1.390e+02
|                        ( - -8.966e+03 2 0)
|                        ( - -2.543e+04 13 0 QUESTION0_15_R 1 2.330e+02 1.028e+02)))))))
s>    ( QUESTION0_9_R 1 -1.864e+05 1.378e+03 7.361e+02
s>        ( WDBNDRY_I 0 -3.706e+04 2.865e+02 1.561e+02
s>            ( - -2.732e+04 2 0)
s>            ( - -9.455e+03 2 0 WDBNDRY_B 0 2.490e+02 4.054e+01))
s>        ( WDBNDRY_I 0 -1.480e+05 9.531e+02 5.800e+02
s>            ( - -8.437e+04 4 0 QUESTION10 1 2.505e+02 3.291e+02)
s>            ( QUESTION0_3_R 1 -6.266e+04 3.778e+02 2.509e+02
s>                ( - -1.345e+04 1 0)
s>                ( QUESTION0_2_R 1 -4.884e+04 3.135e+02 1.955e+02
s>                    ( - -6.065e+03 3 0 QUESTION0_6_R 1 1.161e+02 2.500e+01)
s>                    ( QUESTION14 1 -4.246e+04 2.641e+02 1.705e+02
s>                        ( - -7.515e+03 1 0)
s>                        ( SILENCE 1 -3.468e+04 2.823e+02 1.390e+02
s>                            ( - -8.966e+03 2 0)
s>                            ( - -2.543e+04 13 0 QUESTION0_15_R 1 2.330e+02 1.028e+02)))))))INFO: dtree.c(1315): Comp split 13
INFO: dtree.c(1439): stop. leaf nodes are specific
INFO: dtree.c(1478): Final simple tree
|( QUESTION11 1 -9.067e+04 2.453e+02 3.541e+02
|    ( - -1.793e+04 2 0)
|    ( WDBNDRY_E 0 -7.249e+04 2.328e+02 2.855e+02
|        ( QUESTION0_6_R 1 -6.065e+03 1.161e+02 2.500e+01
|            ( - -3.642e+03 2 0)
|            ( - -2.306e+03 1 0))
|        ( - -6.619e+04 2 0)))
s>    ( QUESTION11 1 -9.067e+04 2.453e+02 3.541e+02
s>        ( - -1.793e+04 2 0)
s>        ( WDBNDRY_E 0 -7.249e+04 2.328e+02 2.855e+02
s>            ( QUESTION0_6_R 1 -6.065e+03 1.161e+02 2.500e+01
s>                ( - -3.642e+03 2 0)
s>                ( - -2.306e+03 1 0))
s>            ( - -6.619e+04 2 0)))INFO: dtree.c(1478): Final simple tree
|( WDBNDRY_E 0 -9.417e+04 8.986e+02 3.819e+02
|    ( QUESTION0_2_R 1 -6.453e+04 3.340e+02 2.604e+02
|        ( - -1.345e+04 1 0)
|        ( QUESTION0_9_R 1 -5.074e+04 2.716e+02 2.051e+02
|            ( - -8.953e+03 1 0)
|            ( QUESTION14 1 -4.152e+04 2.617e+02 1.665e+02
|                ( - -7.515e+03 1 0)
|                ( SILENCE 1 -3.374e+04 2.809e+02 1.350e+02
|                    ( - -8.966e+03 2 0)
|                    ( QUESTION0_15_R 1 -2.450e+04 2.337e+02 9.883e+01
|                        ( - -3.501e+03 2 0 QUESTION0_16_R 1 1.916e+02 1.500e+01)
|                        ( - -2.076e+04 9 0 QUESTION10 1 1.442e+02 8.383e+01))))))
|    ( QUESTION14 1 -2.874e+04 2.534e+02 1.215e+02
|        ( - -2.527e+02 1 0)
|        ( - -2.824e+04 4 0 WDBNDRY_B 0 1.180e+02 1.195e+02)))
s>    ( WDBNDRY_E 0 -9.417e+04 8.986e+02 3.819e+02
s>        ( QUESTION0_2_R 1 -6.453e+04 3.340e+02 2.604e+02
s>            ( - -1.345e+04 1 0)
s>            ( QUESTION0_9_R 1 -5.074e+04 2.716e+02 2.051e+02
s>                ( - -8.953e+03 1 0)
s>                ( QUESTION14 1 -4.152e+04 2.617e+02 1.665e+02
s>                    ( - -7.515e+03 1 0)
s>                    ( SILENCE 1 -3.374e+04 2.809e+02 1.350e+02
s>                        ( - -8.966e+03 2 0)
s>                        ( QUESTION0_15_R 1 -2.450e+04 2.337e+02 9.883e+01
s>                            ( - -3.501e+03 2 0 QUESTION0_16_R 1 1.916e+02 1.500e+01)
s>                            ( - -2.076e+04 9 0 QUESTION10 1 1.442e+02 8.383e+01))))))
s>        ( QUESTION14 1 -2.874e+04 2.534e+02 1.215e+02
s>            ( - -2.527e+02 1 0)
s>            ( - -2.824e+04 4 0 WDBNDRY_B 0 1.180e+02 1.195e+02)))INFO: dtree.c(1315): Comp split 14
INFO: dtree.c(1439): stop. leaf nodes are specific
INFO: dtree.c(1478): Final simple tree
|( QUESTION12 -1 -8.080e+04 9.343e+02 3.288e+02
|    ( - -3.787e+04 1 0)
|    ( QUESTION10 -1 -4.200e+04 3.593e+02 1.845e+02
|        ( - -2.281e+04 1 0)
|        ( WDBNDRY_E 0 -1.883e+04 3.477e+02 8.510e+01
|            ( - -8.332e+03 1 0)
|            ( QUESTION12 1 -1.015e+04 2.049e+02 4.563e+01
|                ( - -7.378e+03 1 0)
|                ( - -2.562e+03 1 0)))))
s>    ( QUESTION12 -1 -8.080e+04 9.343e+02 3.288e+02
s>        ( - -3.787e+04 1 0)
s>        ( QUESTION10 -1 -4.200e+04 3.593e+02 1.845e+02
s>            ( - -2.281e+04 1 0)
s>            ( WDBNDRY_E 0 -1.883e+04 3.477e+02 8.510e+01
s>                ( - -8.332e+03 1 0)
s>                ( QUESTION12 1 -1.015e+04 2.049e+02 4.563e+01
s>                    ( - -7.378e+03 1 0)
s>                    ( - -2.562e+03 1 0)))))INFO: dtree.c(1478): Final simple tree
|( QUESTION13 -1 -1.399e+05 1.087e+03 5.714e+02
|    ( QUESTION10 1 -5.368e+04 6.015e+02 2.231e+02
|        ( - -2.513e+04 5 0 QUESTION0_1_R 1 1.314e+02 1.085e+02)
|        ( - -2.795e+04 2 0 QUESTION0_1_R 1 2.622e+02 1.147e+02))
|    ( QUESTION2_9_L -1 -8.512e+04 5.506e+02 3.482e+02
|        ( WDBNDRY_E 0 -5.344e+04 3.625e+02 2.260e+02
|            ( - -3.220e+04 5 0 QUESTION0_9_R 1 2.411e+02 1.364e+02)
|            ( QUESTION0_13_R 1 -2.087e+04 2.914e+02 8.957e+01
|                ( - -3.257e+03 1 0)
|                ( - -1.732e+04 4 0 QUESTION0_0_R 1 1.771e+02 7.418e+01)))
|        ( QUESTION0_3_R 1 -3.113e+04 4.600e+02 1.223e+02
|            ( - 1.765e+02 1 0)
|            ( QUESTION0_11_R 1 -3.085e+04 3.221e+02 1.213e+02
|                ( - -2.113e+03 1 0)
|                ( - -2.841e+04 10 0 QUESTION0_2_R 1 2.690e+02 1.133e+02)))))
s>    ( QUESTION13 -1 -1.399e+05 1.087e+03 5.714e+02
s>        ( QUESTION10 1 -5.368e+04 6.015e+02 2.231e+02
s>            ( - -2.513e+04 5 0 QUESTION0_1_R 1 1.314e+02 1.085e+02)
s>            ( - -2.795e+04 2 0 QUESTION0_1_R 1 2.622e+02 1.147e+02))
s>        ( QUESTION2_9_L -1 -8.512e+04 5.506e+02 3.482e+02
s>            ( WDBNDRY_E 0 -5.344e+04 3.625e+02 2.260e+02
s>                ( - -3.220e+04 5 0 QUESTION0_9_R 1 2.411e+02 1.364e+02)
s>                ( QUESTION0_13_R 1 -2.087e+04 2.914e+02 8.957e+01
s>                    ( - -3.257e+03 1 0)
s>                    ( - -1.732e+04 4 0 QUESTION0_0_R 1 1.771e+02 7.418e+01)))
s>            ( QUESTION0_3_R 1 -3.113e+04 4.600e+02 1.223e+02
s>                ( - 1.765e+02 1 0)
s>                ( QUESTION0_11_R 1 -3.085e+04 3.221e+02 1.213e+02
s>                    ( - -2.113e+03 1 0)
s>                    ( - -2.841e+04 10 0 QUESTION0_2_R 1 2.690e+02 1.133e+02)))))INFO: dtree.c(1315): Comp split 15
INFO: dtree.c(1439): stop. leaf nodes are specific
INFO: dtree.c(1478): Final simple tree
|( WDBNDRY_E 0 -1.162e+05 1.879e+02 5.037e+02
|    ( - -1.887e+03 1 0)
|    ( QUESTION0_0_R 1 -1.141e+05 1.158e+02 4.955e+02
|        ( QUESTION0_5_R 1 -1.136e+05 7.882e+01 4.935e+02
|            ( - -1.091e+05 2 0)
|            ( - -4.442e+03 2 0))
|        ( - -3.795e+02 1 0)))
s>    ( WDBNDRY_E 0 -1.162e+05 1.879e+02 5.037e+02
s>        ( - -1.887e+03 1 0)
s>        ( QUESTION0_0_R 1 -1.141e+05 1.158e+02 4.955e+02
s>            ( QUESTION0_5_R 1 -1.136e+05 7.882e+01 4.935e+02
s>                ( - -1.091e+05 2 0)
s>                ( - -4.442e+03 2 0))
s>            ( - -3.795e+02 1 0)))INFO: dtree.c(1315): Comp split 16
INFO: dtree.c(1439): stop. leaf nodes are specific
INFO: dtree.c(1478): Final simple tree
|( QUESTION15 1 -1.187e+05 5.255e+02 4.912e+02
|    ( - -2.840e+04 1 0)
|    ( QUESTION0_0_R 1 -8.977e+04 2.312e+02 3.653e+02
|        ( - -7.559e+04 2 0)
|        ( - -1.395e+04 1 0)))
s>    ( QUESTION15 1 -1.187e+05 5.255e+02 4.912e+02
s>        ( - -2.840e+04 1 0)
s>        ( QUESTION0_0_R 1 -8.977e+04 2.312e+02 3.653e+02
s>            ( - -7.559e+04 2 0)
s>            ( - -1.395e+04 1 0)))INFO: dtree.c(1439): stop. leaf nodes are specific
INFO: dtree.c(1478): Final simple tree
|( QUESTION0_4_R 1 -2.070e+05 3.936e+02 8.828e+02
|    ( WDBNDRY_E 0 -2.753e+04 1.772e+02 1.184e+02
|        ( - -2.921e+02 1 0)
|        ( - -2.706e+04 1 0))
|    ( QUESTION0_2_R 1 -1.791e+05 3.831e+02 7.644e+02
|        ( - -8.227e+04 3 0)
|        ( WDBNDRY_E 0 -9.640e+04 3.126e+02 4.120e+02
|            ( - -8.936e+03 1 0)
|            ( QUESTION10 1 -8.715e+04 2.100e+02 3.736e+02
|                ( - -6.644e+04 3 0)
|                ( QUESTION3 -1 -2.050e+04 1.633e+02 8.671e+01
|                    ( - -1.128e+04 1 0)
|                    ( - -9.060e+03 1 0))))))
s>    ( QUESTION0_4_R 1 -2.070e+05 3.936e+02 8.828e+02
s>        ( WDBNDRY_E 0 -2.753e+04 1.772e+02 1.184e+02
s>            ( - -2.921e+02 1 0)
s>            ( - -2.706e+04 1 0))
s>        ( QUESTION0_2_R 1 -1.791e+05 3.831e+02 7.644e+02
s>            ( - -8.227e+04 3 0)
s>            ( WDBNDRY_E 0 -9.640e+04 3.126e+02 4.120e+02
s>                ( - -8.936e+03 1 0)
s>                ( QUESTION10 1 -8.715e+04 2.100e+02 3.736e+02
s>                    ( - -6.644e+04 3 0)
s>                    ( QUESTION3 -1 -2.050e+04 1.633e+02 8.671e+01
s>                        ( - -1.128e+04 1 0)
s>                        ( - -9.060e+03 1 0))))))INFO: dtree.c(1315): Comp split 17
INFO: dtree.c(1478): Final simple tree
|( QUESTION2_9_L -1 -8.512e+04 5.506e+02 3.482e+02
|    ( WDBNDRY_E 0 -5.344e+04 3.625e+02 2.260e+02
|        ( QUESTION0_9_R 1 -3.220e+04 2.411e+02 1.364e+02
|            ( - -1.121e+04 1 0)
|            ( - -2.076e+04 4 0 QUESTION0_2_R 1 2.139e+02 8.861e+01))
|        ( QUESTION0_13_R 1 -2.087e+04 2.914e+02 8.957e+01
|            ( - -3.257e+03 1 0)
|            ( - -1.732e+04 4 0 QUESTION0_0_R 1 1.771e+02 7.418e+01)))
|    ( QUESTION0_3_R 1 -3.113e+04 4.600e+02 1.223e+02
|        ( - 1.765e+02 1 0)
|        ( QUESTION0_11_R 1 -3.085e+04 3.221e+02 1.213e+02
|            ( - -2.113e+03 1 0)
|            ( QUESTION0_2_R 1 -2.841e+04 2.690e+02 1.133e+02
|                ( - -5.461e+02 1 0)
|                ( - -2.760e+04 9 0 QUESTION2_0_L -1 2.065e+02 1.103e+02)))))
s>    ( QUESTION2_9_L -1 -8.512e+04 5.506e+02 3.482e+02
s>        ( WDBNDRY_E 0 -5.344e+04 3.625e+02 2.260e+02
s>            ( QUESTION0_9_R 1 -3.220e+04 2.411e+02 1.364e+02
s>                ( - -1.121e+04 1 0)
s>                ( - -2.076e+04 4 0 QUESTION0_2_R 1 2.139e+02 8.861e+01))
s>            ( QUESTION0_13_R 1 -2.087e+04 2.914e+02 8.957e+01
s>                ( - -3.257e+03 1 0)
s>                ( - -1.732e+04 4 0 QUESTION0_0_R 1 1.771e+02 7.418e+01)))
s>        ( QUESTION0_3_R 1 -3.113e+04 4.600e+02 1.223e+02
s>            ( - 1.765e+02 1 0)
s>            ( QUESTION0_11_R 1 -3.085e+04 3.221e+02 1.213e+02
s>                ( - -2.113e+03 1 0)
s>                ( QUESTION0_2_R 1 -2.841e+04 2.690e+02 1.133e+02
s>                    ( - -5.461e+02 1 0)
s>                    ( - -2.760e+04 9 0 QUESTION2_0_L -1 2.065e+02 1.103e+02)))))INFO: dtree.c(1439): stop. leaf nodes are specific
INFO: dtree.c(1478): Final simple tree
|( QUESTION10 1 -5.368e+04 6.015e+02 2.231e+02
|    ( QUESTION0_1_R 1 -2.513e+04 1.314e+02 1.085e+02
|        ( QUESTION2_0_L -1 -2.156e+04 8.774e+01 9.344e+01
|            ( - -2.041e+04 2 0)
|            ( - -1.061e+03 1 0))
|        ( - -3.447e+03 2 0))
|    ( QUESTION0_1_R 1 -2.795e+04 2.622e+02 1.147e+02
|        ( - -1.490e+04 1 0)
|        ( - -1.279e+04 1 0)))
s>    ( QUESTION10 1 -5.368e+04 6.015e+02 2.231e+02
s>        ( QUESTION0_1_R 1 -2.513e+04 1.314e+02 1.085e+02
s>            ( QUESTION2_0_L -1 -2.156e+04 8.774e+01 9.344e+01
s>                ( - -2.041e+04 2 0)
s>                ( - -1.061e+03 1 0))
s>            ( - -3.447e+03 2 0))
s>        ( QUESTION0_1_R 1 -2.795e+04 2.622e+02 1.147e+02
s>            ( - -1.490e+04 1 0)
s>            ( - -1.279e+04 1 0)))INFO: dtree.c(1315): Comp split 18
INFO: dtree.c(1439): stop. leaf nodes are specific
INFO: dtree.c(1478): Final simple tree
|( SILENCE -1 -3.457e+04 2.981e+02 1.455e+02
|    ( WDBNDRY_B 0 -2.947e+04 2.065e+02 1.253e+02
|        ( - -2.841e+04 1 0)
|        ( - -8.575e+02 1 0))
|    ( WDBNDRY_B 0 -4.798e+03 1.460e+02 2.024e+01
|        ( - -4.291e+03 1 0)
|        ( - -3.610e+02 1 0)))
s>    ( SILENCE -1 -3.457e+04 2.981e+02 1.455e+02
s>        ( WDBNDRY_B 0 -2.947e+04 2.065e+02 1.253e+02
s>            ( - -2.841e+04 1 0)
s>            ( - -8.575e+02 1 0))
s>        ( WDBNDRY_B 0 -4.798e+03 1.460e+02 2.024e+01
s>            ( - -4.291e+03 1 0)
s>            ( - -3.610e+02 1 0)))INFO: dtree.c(1315): Comp split 19
INFO: dtree.c(1439): stop. leaf nodes are specific
INFO: dtree.c(1478): Final simple tree
|( QUESTION10 -1 -8.523e+04 5.806e+02 3.736e+02
|    ( - -3.317e+04 1 0)
|    ( - -5.148e+04 2 0))
s>    ( QUESTION10 -1 -8.523e+04 5.806e+02 3.736e+02
s>        ( - -3.317e+04 1 0)
s>        ( - -5.148e+04 2 0))INFO: dtree.c(1478): Final simple tree
|( QUESTION0_2_R 1 -1.899e+05 5.348e+02 8.153e+02
|    ( QUESTION10 -1 -1.108e+05 2.452e+02 4.792e+02
|        ( - -4.491e+02 1 0)
|        ( QUESTION0_3_R 1 -1.101e+05 1.872e+02 4.762e+02
|            ( - -1.053e+05 3 0)
|            ( QUESTION0_5_R 1 -4.550e+03 1.231e+02 2.107e+01
|                ( - -3.663e+03 1 0)
|                ( - -7.644e+02 1 0))))
|    ( QUESTION12 1 -7.855e+04 3.894e+02 3.361e+02
|        ( - -3.142e+04 2 0)
|        ( QUESTION14 1 -4.675e+04 2.455e+02 2.025e+02
|            ( - -1.865e+03 1 0)
|            ( WDBNDRY_E 0 -4.463e+04 2.189e+02 1.935e+02
|                ( - -8.093e+03 1 0)
|                ( - -3.632e+04 2 0 QUESTION0_0_R 1 1.191e+02 1.590e+02)))))
s>    ( QUESTION0_2_R 1 -1.899e+05 5.348e+02 8.153e+02
s>        ( QUESTION10 -1 -1.108e+05 2.452e+02 4.792e+02
s>            ( - -4.491e+02 1 0)
s>            ( QUESTION0_3_R 1 -1.101e+05 1.872e+02 4.762e+02
s>                ( - -1.053e+05 3 0)
s>                ( QUESTION0_5_R 1 -4.550e+03 1.231e+02 2.107e+01
s>                    ( - -3.663e+03 1 0)
s>                    ( - -7.644e+02 1 0))))
s>        ( QUESTION12 1 -7.855e+04 3.894e+02 3.361e+02
s>            ( - -3.142e+04 2 0)
s>            ( QUESTION14 1 -4.675e+04 2.455e+02 2.025e+02
s>                ( - -1.865e+03 1 0)
s>                ( WDBNDRY_E 0 -4.463e+04 2.189e+02 1.935e+02
s>                    ( - -8.093e+03 1 0)
s>                    ( - -3.632e+04 2 0 QUESTION0_0_R 1 1.191e+02 1.590e+02)))))INFO: dtree.c(1315): Comp split 20
INFO: dtree.c(1439): stop. leaf nodes are specific
INFO: dtree.c(1478): Final simple tree
|( QUESTION10 -1 -4.200e+04 3.593e+02 1.845e+02
|    ( - -2.281e+04 1 0)
|    ( WDBNDRY_E 0 -1.883e+04 3.477e+02 8.510e+01
|        ( - -8.332e+03 1 0)
|        ( QUESTION12 1 -1.015e+04 2.049e+02 4.563e+01
|            ( - -7.378e+03 1 0)
|            ( - -2.562e+03 1 0))))
s>    ( QUESTION10 -1 -4.200e+04 3.593e+02 1.845e+02
s>        ( - -2.281e+04 1 0)
s>        ( WDBNDRY_E 0 -1.883e+04 3.477e+02 8.510e+01
s>            ( - -8.332e+03 1 0)
s>            ( QUESTION12 1 -1.015e+04 2.049e+02 4.563e+01
s>                ( - -7.378e+03 1 0)
s>                ( - -2.562e+03 1 0))))INFO: dtree.c(1315): Comp split 21
INFO: dtree.c(1439): stop. leaf nodes are specific
INFO: dtree.c(1478): Final simple tree
|( WDBNDRY_B 0 -2.824e+04 1.180e+02 1.195e+02
|    ( - -8.032e+02 2 0)
|    ( - -2.732e+04 2 0))
s>    ( WDBNDRY_B 0 -2.824e+04 1.180e+02 1.195e+02
s>        ( - -8.032e+02 2 0)
s>        ( - -2.732e+04 2 0))INFO: dtree.c(1478): Final simple tree
|( QUESTION0_2_R 1 -6.502e+04 3.314e+02 2.624e+02
|    ( - -1.345e+04 1 0)
|    ( QUESTION0_9_R 1 -5.124e+04 2.680e+02 2.071e+02
|        ( WDBNDRY_B 0 -9.455e+03 2.490e+02 4.054e+01
|            ( - -2.527e+02 1 0)
|            ( - -8.953e+03 1 0))
|        ( QUESTION14 1 -4.152e+04 2.617e+02 1.665e+02
|            ( - -7.515e+03 1 0)
|            ( SILENCE 1 -3.374e+04 2.809e+02 1.350e+02
|                ( - -8.966e+03 2 0)
|                ( QUESTION0_15_R 1 -2.450e+04 2.337e+02 9.883e+01
|                    ( QUESTION0_16_R 1 -3.501e+03 1.916e+02 1.500e+01
|                        ( - -1.052e+03 1 0)
|                        ( - -2.257e+03 1 0))
|                    ( - -2.076e+04 9 0 QUESTION10 1 1.442e+02 8.383e+01))))))
s>    ( QUESTION0_2_R 1 -6.502e+04 3.314e+02 2.624e+02
s>        ( - -1.345e+04 1 0)
s>        ( QUESTION0_9_R 1 -5.124e+04 2.680e+02 2.071e+02
s>            ( WDBNDRY_B 0 -9.455e+03 2.490e+02 4.054e+01
s>                ( - -2.527e+02 1 0)
s>                ( - -8.953e+03 1 0))
s>            ( QUESTION14 1 -4.152e+04 2.617e+02 1.665e+02
s>                ( - -7.515e+03 1 0)
s>                ( SILENCE 1 -3.374e+04 2.809e+02 1.350e+02
s>                    ( - -8.966e+03 2 0)
s>                    ( QUESTION0_15_R 1 -2.450e+04 2.337e+02 9.883e+01
s>                        ( QUESTION0_16_R 1 -3.501e+03 1.916e+02 1.500e+01
s>                            ( - -1.052e+03 1 0)
s>                            ( - -2.257e+03 1 0))
s>                        ( - -2.076e+04 9 0 QUESTION10 1 1.442e+02 8.383e+01))))))INFO: dtree.c(1315): Comp split 22
INFO: dtree.c(1439): stop. leaf nodes are specific
INFO: dtree.c(1478): Final simple tree
|( QUESTION0_0_R 1 -2.106e+05 2.078e+02 8.807e+02
|    ( - -9.854e+02 1 0)
|    ( - -2.094e+05 2 0))
s>    ( QUESTION0_0_R 1 -2.106e+05 2.078e+02 8.807e+02
s>        ( - -9.854e+02 1 0)
s>        ( - -2.094e+05 2 0))INFO: dtree.c(1315): Comp split 23
INFO: dtree.c(1439): stop. leaf nodes are specific
INFO: dtree.c(1478): Final simple tree
|( QUESTION0_1_R 1 -2.513e+04 1.314e+02 1.085e+02
|    ( QUESTION2_0_L -1 -2.156e+04 8.774e+01 9.344e+01
|        ( - -2.041e+04 2 0)
|        ( - -1.061e+03 1 0))
|    ( - -3.447e+03 2 0))
s>    ( QUESTION0_1_R 1 -2.513e+04 1.314e+02 1.085e+02
s>        ( QUESTION2_0_L -1 -2.156e+04 8.774e+01 9.344e+01
s>            ( - -2.041e+04 2 0)
s>            ( - -1.061e+03 1 0))
s>        ( - -3.447e+03 2 0))INFO: dtree.c(1439): stop. leaf nodes are specific
INFO: dtree.c(1478): Final simple tree
|( QUESTION0_1_R 1 -2.795e+04 2.622e+02 1.147e+02
|    ( - -1.490e+04 1 0)
|    ( - -1.279e+04 1 0))
s>    ( QUESTION0_1_R 1 -2.795e+04 2.622e+02 1.147e+02
s>        ( - -1.490e+04 1 0)
s>        ( - -1.279e+04 1 0))INFO: dtree.c(1315): Comp split 24
INFO: dtree.c(1315): Comp split 25
INFO: dtree.c(1478): Final simple tree
|( QUESTION0_3_R 1 -3.113e+04 4.600e+02 1.223e+02
|    ( - 1.765e+02 1 0)
|    ( QUESTION0_11_R 1 -3.085e+04 3.221e+02 1.213e+02
|        ( - -2.113e+03 1 0)
|        ( QUESTION0_2_R 1 -2.841e+04 2.690e+02 1.133e+02
|            ( - -5.461e+02 1 0)
|            ( QUESTION2_0_L -1 -2.760e+04 2.065e+02 1.103e+02
|                ( QUESTION10 -1 -4.345e+03 1.985e+02 1.895e+01
|                    ( WDBNDRY_B 0 -3.847e+03 1.601e+02 1.695e+01
|                        ( - -3.725e+02 1 0)
|                        ( - -3.314e+03 1 0))
|                    ( - -2.998e+02 1 0))
|                ( QUESTION11 1 -2.305e+04 2.573e+02 9.133e+01
|                    ( - -6.243e+03 2 0 QUESTION0_0_R 1 1.547e+02 2.415e+01)
|                    ( - -1.655e+04 4 0 WDBNDRY_E 0 1.366e+02 6.718e+01))))))
s>    ( QUESTION0_3_R 1 -3.113e+04 4.600e+02 1.223e+02
s>        ( - 1.765e+02 1 0)
s>        ( QUESTION0_11_R 1 -3.085e+04 3.221e+02 1.213e+02
s>            ( - -2.113e+03 1 0)
s>            ( QUESTION0_2_R 1 -2.841e+04 2.690e+02 1.133e+02
s>                ( - -5.461e+02 1 0)
s>                ( QUESTION2_0_L -1 -2.760e+04 2.065e+02 1.103e+02
s>                    ( QUESTION10 -1 -4.345e+03 1.985e+02 1.895e+01
s>                        ( WDBNDRY_B 0 -3.847e+03 1.601e+02 1.695e+01
s>                            ( - -3.725e+02 1 0)
s>                            ( - -3.314e+03 1 0))
s>                        ( - -2.998e+02 1 0))
s>                    ( QUESTION11 1 -2.305e+04 2.573e+02 9.133e+01
s>                        ( - -6.243e+03 2 0 QUESTION0_0_R 1 1.547e+02 2.415e+01)
s>                        ( - -1.655e+04 4 0 WDBNDRY_E 0 1.366e+02 6.718e+01))))))INFO: dtree.c(1478): Final simple tree
|( WDBNDRY_E 0 -5.344e+04 3.625e+02 2.260e+02
|    ( QUESTION0_9_R 1 -3.220e+04 2.411e+02 1.364e+02
|        ( - -1.121e+04 1 0)
|        ( QUESTION0_2_R 1 -2.076e+04 2.139e+02 8.861e+01
|            ( - -4.184e+03 1 0)
|            ( QUESTION0_0_R 1 -1.636e+04 1.410e+02 6.960e+01
|                ( - -2.304e+03 1 0)
|                ( - -1.391e+04 2 0))))
|    ( QUESTION0_13_R 1 -2.087e+04 2.914e+02 8.957e+01
|        ( - -3.257e+03 1 0)
|        ( QUESTION0_0_R 1 -1.732e+04 1.771e+02 7.418e+01
|            ( QUESTION0_1_R 1 -1.041e+04 1.382e+02 4.451e+01
|                ( - -7.489e+03 2 0)
|                ( - -2.781e+03 1 0))
|            ( - -6.737e+03 1 0))))
s>    ( WDBNDRY_E 0 -5.344e+04 3.625e+02 2.260e+02
s>        ( QUESTION0_9_R 1 -3.220e+04 2.411e+02 1.364e+02
s>            ( - -1.121e+04 1 0)
s>            ( QUESTION0_2_R 1 -2.076e+04 2.139e+02 8.861e+01
s>                ( - -4.184e+03 1 0)
s>                ( QUESTION0_0_R 1 -1.636e+04 1.410e+02 6.960e+01
s>                    ( - -2.304e+03 1 0)
s>                    ( - -1.391e+04 2 0))))
s>        ( QUESTION0_13_R 1 -2.087e+04 2.914e+02 8.957e+01
s>            ( - -3.257e+03 1 0)
s>            ( QUESTION0_0_R 1 -1.732e+04 1.771e+02 7.418e+01
s>                ( QUESTION0_1_R 1 -1.041e+04 1.382e+02 4.451e+01
s>                    ( - -7.489e+03 2 0)
s>                    ( - -2.781e+03 1 0))
s>                ( - -6.737e+03 1 0))))INFO: dtree.c(1315): Comp split 26
INFO: dtree.c(1439): stop. leaf nodes are specific
INFO: dtree.c(1478): Final simple tree
|( QUESTION12 1 -7.855e+04 3.894e+02 3.361e+02
|    ( - -3.142e+04 2 0)
|    ( QUESTION14 1 -4.675e+04 2.455e+02 2.025e+02
|        ( - -1.865e+03 1 0)
|        ( WDBNDRY_E 0 -4.463e+04 2.189e+02 1.935e+02
|            ( - -8.093e+03 1 0)
|            ( QUESTION0_0_R 1 -3.632e+04 1.191e+02 1.590e+02
|                ( - -3.499e+04 1 0)
|                ( - -1.210e+03 1 0)))))
s>    ( QUESTION12 1 -7.855e+04 3.894e+02 3.361e+02
s>        ( - -3.142e+04 2 0)
s>        ( QUESTION14 1 -4.675e+04 2.455e+02 2.025e+02
s>            ( - -1.865e+03 1 0)
s>            ( WDBNDRY_E 0 -4.463e+04 2.189e+02 1.935e+02
s>                ( - -8.093e+03 1 0)
s>                ( QUESTION0_0_R 1 -3.632e+04 1.191e+02 1.590e+02
s>                    ( - -3.499e+04 1 0)
s>                    ( - -1.210e+03 1 0)))))INFO: dtree.c(1439): stop. leaf nodes are specific
INFO: dtree.c(1478): Final simple tree
|( QUESTION10 -1 -1.108e+05 2.452e+02 4.792e+02
|    ( - -4.491e+02 1 0)
|    ( QUESTION0_3_R 1 -1.101e+05 1.872e+02 4.762e+02
|        ( - -1.053e+05 3 0)
|        ( QUESTION0_5_R 1 -4.550e+03 1.231e+02 2.107e+01
|            ( - -3.663e+03 1 0)
|            ( - -7.644e+02 1 0))))
s>    ( QUESTION10 -1 -1.108e+05 2.452e+02 4.792e+02
s>        ( - -4.491e+02 1 0)
s>        ( QUESTION0_3_R 1 -1.101e+05 1.872e+02 4.762e+02
s>            ( - -1.053e+05 3 0)
s>            ( QUESTION0_5_R 1 -4.550e+03 1.231e+02 2.107e+01
s>                ( - -3.663e+03 1 0)
s>                ( - -7.644e+02 1 0))))INFO: dtree.c(1315): Comp split 27
INFO: dtree.c(1439): stop. leaf nodes are specific
INFO: dtree.c(1478): Final simple tree
|( QUESTION0_0_R 1 -8.977e+04 2.312e+02 3.653e+02
|    ( - -7.559e+04 2 0)
|    ( - -1.395e+04 1 0))
s>    ( QUESTION0_0_R 1 -8.977e+04 2.312e+02 3.653e+02
s>        ( - -7.559e+04 2 0)
s>        ( - -1.395e+04 1 0))INFO: dtree.c(1315): Comp split 28
INFO: dtree.c(1439): stop. leaf nodes are specific
INFO: dtree.c(1478): Final simple tree
|( WDBNDRY_B 0 -3.721e+05 3.080e+02 1.633e+03
|    ( QUESTION0_0_R 1 -4.320e+03 2.358e+02 1.905e+01
|        ( - -1.744e+03 1 0)
|        ( - -2.341e+03 1 0))
|    ( - -3.675e+05 4 0))
s>    ( WDBNDRY_B 0 -3.721e+05 3.080e+02 1.633e+03
s>        ( QUESTION0_0_R 1 -4.320e+03 2.358e+02 1.905e+01
s>            ( - -1.744e+03 1 0)
s>            ( - -2.341e+03 1 0))
s>        ( - -3.675e+05 4 0))INFO: dtree.c(1315): Comp split 29
INFO: dtree.c(1478): Final simple tree
|( QUESTION0_11_R 1 -3.085e+04 3.221e+02 1.213e+02
|    ( - -2.113e+03 1 0)
|    ( QUESTION0_2_R 1 -2.841e+04 2.690e+02 1.133e+02
|        ( - -5.461e+02 1 0)
|        ( QUESTION2_0_L -1 -2.760e+04 2.065e+02 1.103e+02
|            ( QUESTION10 -1 -4.345e+03 1.985e+02 1.895e+01
|                ( WDBNDRY_B 0 -3.847e+03 1.601e+02 1.695e+01
|                    ( - -3.725e+02 1 0)
|                    ( - -3.314e+03 1 0))
|                ( - -2.998e+02 1 0))
|            ( QUESTION11 1 -2.305e+04 2.573e+02 9.133e+01
|                ( QUESTION0_0_R 1 -6.243e+03 1.547e+02 2.415e+01
|                    ( - -3.441e+03 1 0)
|                    ( - -2.647e+03 1 0))
|                ( - -1.655e+04 4 0 WDBNDRY_E 0 1.366e+02 6.718e+01)))))
s>    ( QUESTION0_11_R 1 -3.085e+04 3.221e+02 1.213e+02
s>        ( - -2.113e+03 1 0)
s>        ( QUESTION0_2_R 1 -2.841e+04 2.690e+02 1.133e+02
s>            ( - -5.461e+02 1 0)
s>            ( QUESTION2_0_L -1 -2.760e+04 2.065e+02 1.103e+02
s>                ( QUESTION10 -1 -4.345e+03 1.985e+02 1.895e+01
s>                    ( WDBNDRY_B 0 -3.847e+03 1.601e+02 1.695e+01
s>                        ( - -3.725e+02 1 0)
s>                        ( - -3.314e+03 1 0))
s>                    ( - -2.998e+02 1 0))
s>                ( QUESTION11 1 -2.305e+04 2.573e+02 9.133e+01
s>                    ( QUESTION0_0_R 1 -6.243e+03 1.547e+02 2.415e+01
s>                        ( - -3.441e+03 1 0)
s>                        ( - -2.647e+03 1 0))
s>                    ( - -1.655e+04 4 0 WDBNDRY_E 0 1.366e+02 6.718e+01)))))INFO: dtree.c(1315): Comp split 30
INFO: dtree.c(1439): stop. leaf nodes are specific
INFO: dtree.c(1478): Final simple tree
|( SILENCE 1 -1.662e+04 1.377e+02 6.769e+01
|    ( - -8.966e+03 2 0)
|    ( - -7.515e+03 1 0))
s>    ( SILENCE 1 -1.662e+04 1.377e+02 6.769e+01
s>        ( - -8.966e+03 2 0)
s>        ( - -7.515e+03 1 0))INFO: dtree.c(1478): Final simple tree
|( QUESTION0_2_R 1 -4.798e+04 3.274e+02 1.947e+02
|    ( - -1.345e+04 1 0)
|    ( QUESTION0_9_R 1 -3.420e+04 2.542e+02 1.394e+02
|        ( WDBNDRY_B 0 -9.455e+03 2.490e+02 4.054e+01
|            ( - -2.527e+02 1 0)
|            ( - -8.953e+03 1 0))
|        ( QUESTION0_15_R 1 -2.450e+04 2.337e+02 9.883e+01
|            ( QUESTION0_16_R 1 -3.501e+03 1.916e+02 1.500e+01
|                ( - -1.052e+03 1 0)
|                ( - -2.257e+03 1 0))
|            ( QUESTION10 1 -2.076e+04 1.442e+02 8.383e+01
|                ( - -3.100e+03 2 0)
|                ( QUESTION0_0_R 1 -1.752e+04 1.360e+02 7.017e+01
|                    ( - -4.226e+03 4 0)
|                    ( - -1.316e+04 3 0))))))
s>    ( QUESTION0_2_R 1 -4.798e+04 3.274e+02 1.947e+02
s>        ( - -1.345e+04 1 0)
s>        ( QUESTION0_9_R 1 -3.420e+04 2.542e+02 1.394e+02
s>            ( WDBNDRY_B 0 -9.455e+03 2.490e+02 4.054e+01
s>                ( - -2.527e+02 1 0)
s>                ( - -8.953e+03 1 0))
s>            ( QUESTION0_15_R 1 -2.450e+04 2.337e+02 9.883e+01
s>                ( QUESTION0_16_R 1 -3.501e+03 1.916e+02 1.500e+01
s>                    ( - -1.052e+03 1 0)
s>                    ( - -2.257e+03 1 0))
s>                ( QUESTION10 1 -2.076e+04 1.442e+02 8.383e+01
s>                    ( - -3.100e+03 2 0)
s>                    ( QUESTION0_0_R 1 -1.752e+04 1.360e+02 7.017e+01
s>                        ( - -4.226e+03 4 0)
s>                        ( - -1.316e+04 3 0))))))INFO: dtree.c(1315): Comp split 31
INFO: dtree.c(1439): stop. leaf nodes are specific
INFO: dtree.c(1478): Final simple tree
|( WDBNDRY_E 0 -4.330e+04 2.176e+02 1.877e+02
|    ( - -8.093e+03 1 0)
|    ( - -3.499e+04 1 0))
s>    ( WDBNDRY_E 0 -4.330e+04 2.176e+02 1.877e+02
s>        ( - -8.093e+03 1 0)
s>        ( - -3.499e+04 1 0))INFO: dtree.c(1439): stop. leaf nodes are specific
INFO: dtree.c(1478): Final simple tree
|( QUESTION14 1 -3.484e+04 2.317e+02 1.484e+02
|    ( - -1.865e+03 1 0)
|    ( QUESTION0_0_R 1 -3.275e+04 1.178e+02 1.393e+02
|        ( - -3.142e+04 2 0)
|        ( - -1.210e+03 1 0)))
s>    ( QUESTION14 1 -3.484e+04 2.317e+02 1.484e+02
s>        ( - -1.865e+03 1 0)
s>        ( QUESTION0_0_R 1 -3.275e+04 1.178e+02 1.393e+02
s>            ( - -3.142e+04 2 0)
s>            ( - -1.210e+03 1 0)))INFO: dtree.c(1315): Comp split 32
INFO: dtree.c(1439): stop. leaf nodes are specific
INFO: dtree.c(1478): Final simple tree
|( QUESTION0_2_R 1 -1.791e+05 3.831e+02 7.644e+02
|    ( - -8.227e+04 3 0)
|    ( WDBNDRY_E 0 -9.640e+04 3.126e+02 4.120e+02
|        ( - -8.936e+03 1 0)
|        ( QUESTION10 1 -8.715e+04 2.100e+02 3.736e+02
|            ( - -6.644e+04 3 0)
|            ( QUESTION3 -1 -2.050e+04 1.633e+02 8.671e+01
|                ( - -1.128e+04 1 0)
|                ( - -9.060e+03 1 0)))))
s>    ( QUESTION0_2_R 1 -1.791e+05 3.831e+02 7.644e+02
s>        ( - -8.227e+04 3 0)
s>        ( WDBNDRY_E 0 -9.640e+04 3.126e+02 4.120e+02
s>            ( - -8.936e+03 1 0)
s>            ( QUESTION10 1 -8.715e+04 2.100e+02 3.736e+02
s>                ( - -6.644e+04 3 0)
s>                ( QUESTION3 -1 -2.050e+04 1.633e+02 8.671e+01
s>                    ( - -1.128e+04 1 0)
s>                    ( - -9.060e+03 1 0)))))INFO: dtree.c(1439): stop. leaf nodes are specific
INFO: dtree.c(1478): Final simple tree
|( WDBNDRY_E 0 -2.753e+04 1.772e+02 1.184e+02
|    ( - -2.921e+02 1 0)
|    ( - -2.706e+04 1 0))
s>    ( WDBNDRY_E 0 -2.753e+04 1.772e+02 1.184e+02
s>        ( - -2.921e+02 1 0)
s>        ( - -2.706e+04 1 0))INFO: dtree.c(1315): Comp split 33
INFO: dtree.c(1439): stop. leaf nodes are specific
INFO: dtree.c(1478): Final simple tree
|( WDBNDRY_E 0 -3.327e+04 3.163e+02 1.451e+02
|    ( - -2.281e+04 1 0)
|    ( QUESTION12 1 -1.015e+04 2.049e+02 4.563e+01
|        ( - -7.378e+03 1 0)
|        ( - -2.562e+03 1 0)))
s>    ( WDBNDRY_E 0 -3.327e+04 3.163e+02 1.451e+02
s>        ( - -2.281e+04 1 0)
s>        ( QUESTION12 1 -1.015e+04 2.049e+02 4.563e+01
s>            ( - -7.378e+03 1 0)
s>            ( - -2.562e+03 1 0)))INFO: dtree.c(1315): Comp split 34
INFO: dtree.c(1439): stop. leaf nodes are specific
INFO: dtree.c(1478): Final simple tree
|( QUESTION0_13_R 1 -2.037e+04 2.840e+02 8.771e+01
|    ( - -3.257e+03 1 0)
|    ( QUESTION0_0_R 1 -1.683e+04 1.468e+02 7.231e+01
|        ( WDBNDRY_E 0 -9.942e+03 1.489e+02 4.265e+01
|            ( - -2.304e+03 1 0)
|            ( - -7.489e+03 2 0))
|        ( - -6.737e+03 1 0)))
s>    ( QUESTION0_13_R 1 -2.037e+04 2.840e+02 8.771e+01
s>        ( - -3.257e+03 1 0)
s>        ( QUESTION0_0_R 1 -1.683e+04 1.468e+02 7.231e+01
s>            ( WDBNDRY_E 0 -9.942e+03 1.489e+02 4.265e+01
s>                ( - -2.304e+03 1 0)
s>                ( - -7.489e+03 2 0))
s>            ( - -6.737e+03 1 0)))INFO: dtree.c(1439): stop. leaf nodes are specific
INFO: dtree.c(1478): Final simple tree
|( QUESTION0_9_R 1 -3.268e+04 2.518e+02 1.383e+02
|    ( - -1.121e+04 1 0)
|    ( QUESTION0_0_R 1 -2.122e+04 2.211e+02 9.048e+01
|        ( WDBNDRY_E 0 -7.087e+03 1.231e+02 3.101e+01
|            ( - -4.184e+03 1 0)
|            ( - -2.781e+03 1 0))
|        ( - -1.391e+04 2 0)))
s>    ( QUESTION0_9_R 1 -3.268e+04 2.518e+02 1.383e+02
s>        ( - -1.121e+04 1 0)
s>        ( QUESTION0_0_R 1 -2.122e+04 2.211e+02 9.048e+01
s>            ( WDBNDRY_E 0 -7.087e+03 1.231e+02 3.101e+01
s>                ( - -4.184e+03 1 0)
s>                ( - -2.781e+03 1 0))
s>            ( - -1.391e+04 2 0)))INFO: dtree.c(1315): Comp split 35
INFO: dtree.c(1439): stop. leaf nodes are specific
INFO: dtree.c(1478): Final simple tree
|( WDBNDRY_E 0 -9.640e+04 3.126e+02 4.120e+02
|    ( - -8.936e+03 1 0)
|    ( QUESTION10 1 -8.715e+04 2.100e+02 3.736e+02
|        ( - -6.644e+04 3 0)
|        ( QUESTION3 -1 -2.050e+04 1.633e+02 8.671e+01
|            ( - -1.128e+04 1 0)
|            ( - -9.060e+03 1 0))))
s>    ( WDBNDRY_E 0 -9.640e+04 3.126e+02 4.120e+02
s>        ( - -8.936e+03 1 0)
s>        ( QUESTION10 1 -8.715e+04 2.100e+02 3.736e+02
s>            ( - -6.644e+04 3 0)
s>            ( QUESTION3 -1 -2.050e+04 1.633e+02 8.671e+01
s>                ( - -1.128e+04 1 0)
s>                ( - -9.060e+03 1 0))))INFO: dtree.c(1315): Comp split 36
INFO: dtree.c(1439): stop. leaf nodes are specific
INFO: dtree.c(1478): Final simple tree
|( QUESTION2_0_L -1 -2.760e+04 2.065e+02 1.103e+02
|    ( QUESTION10 -1 -4.345e+03 1.985e+02 1.895e+01
|        ( WDBNDRY_B 0 -3.847e+03 1.601e+02 1.695e+01
|            ( - -3.725e+02 1 0)
|            ( - -3.314e+03 1 0))
|        ( - -2.998e+02 1 0))
|    ( QUESTION11 1 -2.305e+04 2.573e+02 9.133e+01
|        ( QUESTION0_0_R 1 -6.243e+03 1.547e+02 2.415e+01
|            ( - -3.441e+03 1 0)
|            ( - -2.647e+03 1 0))
|        ( WDBNDRY_E 0 -1.655e+04 1.366e+02 6.718e+01
|            ( - -1.443e+04 2 0)
|            ( - -1.974e+03 2 0))))
s>    ( QUESTION2_0_L -1 -2.760e+04 2.065e+02 1.103e+02
s>        ( QUESTION10 -1 -4.345e+03 1.985e+02 1.895e+01
s>            ( WDBNDRY_B 0 -3.847e+03 1.601e+02 1.695e+01
s>                ( - -3.725e+02 1 0)
s>                ( - -3.314e+03 1 0))
s>            ( - -2.998e+02 1 0))
s>        ( QUESTION11 1 -2.305e+04 2.573e+02 9.133e+01
s>            ( QUESTION0_0_R 1 -6.243e+03 1.547e+02 2.415e+01
s>                ( - -3.441e+03 1 0)
s>                ( - -2.647e+03 1 0))
s>            ( WDBNDRY_E 0 -1.655e+04 1.366e+02 6.718e+01
s>                ( - -1.443e+04 2 0)
s>                ( - -1.974e+03 2 0))))INFO: dtree.c(1439): stop. leaf nodes are specific
INFO: dtree.c(1478): Final simple tree
|( WDBNDRY_E 0 -2.903e+03 2.440e+02 1.100e+01
|    ( - -5.461e+02 1 0)
|    ( - -2.113e+03 1 0))
s>    ( WDBNDRY_E 0 -2.903e+03 2.440e+02 1.100e+01
s>        ( - -5.461e+02 1 0)
s>        ( - -2.113e+03 1 0))INFO: dtree.c(1315): Comp split 37
INFO: dtree.c(1439): stop. leaf nodes are specific
INFO: dtree.c(1478): Final simple tree
|( WDBNDRY_B 0 -3.700e+05 2.022e+02 1.625e+03
|    ( - -2.341e+03 1 0)
|    ( - -3.675e+05 4 0))
s>    ( WDBNDRY_B 0 -3.700e+05 2.022e+02 1.625e+03
s>        ( - -2.341e+03 1 0)
s>        ( - -3.675e+05 4 0))INFO: dtree.c(1315): Comp split 38
INFO: dtree.c(1439): stop. leaf nodes are specific
INFO: dtree.c(1478): Final simple tree
|( WDBNDRY_B 0 -1.833e+04 2.411e+02 7.556e+01
|    ( - -2.527e+02 1 0)
|    ( QUESTION0_1_R 1 -1.783e+04 1.554e+02 7.356e+01
|        ( - -4.226e+03 4 0)
|        ( - -1.345e+04 1 0)))
s>    ( WDBNDRY_B 0 -1.833e+04 2.411e+02 7.556e+01
s>        ( - -2.527e+02 1 0)
s>        ( QUESTION0_1_R 1 -1.783e+04 1.554e+02 7.356e+01
s>            ( - -4.226e+03 4 0)
s>            ( - -1.345e+04 1 0)))INFO: dtree.c(1439): stop. leaf nodes are specific
INFO: dtree.c(1478): Final simple tree
|( QUESTION0_9_R 1 -2.933e+04 2.619e+02 1.191e+02
|    ( - -8.953e+03 1 0)
|    ( QUESTION0_16_R 1 -2.011e+04 2.257e+02 8.060e+01
|        ( - -1.052e+03 1 0)
|        ( QUESTION0_14_R 1 -1.883e+04 1.928e+02 7.560e+01
|            ( - -1.316e+04 3 0)
|            ( QUESTION0_0_R 1 -5.486e+03 1.290e+02 2.366e+01
|                ( - -3.100e+03 2 0)
|                ( - -2.257e+03 1 0)))))
s>    ( QUESTION0_9_R 1 -2.933e+04 2.619e+02 1.191e+02
s>        ( - -8.953e+03 1 0)
s>        ( QUESTION0_16_R 1 -2.011e+04 2.257e+02 8.060e+01
s>            ( - -1.052e+03 1 0)
s>            ( QUESTION0_14_R 1 -1.883e+04 1.928e+02 7.560e+01
s>                ( - -1.316e+04 3 0)
s>                ( QUESTION0_0_R 1 -5.486e+03 1.290e+02 2.366e+01
s>                    ( - -3.100e+03 2 0)
s>                    ( - -2.257e+03 1 0)))))INFO: dtree.c(1315): Comp split 39
INFO: dtree.c(1439): stop. leaf nodes are specific
INFO: dtree.c(1478): Final simple tree
|( QUESTION12 1 -1.015e+04 2.049e+02 4.563e+01
|    ( - -7.378e+03 1 0)
|    ( - -2.562e+03 1 0))
s>    ( QUESTION12 1 -1.015e+04 2.049e+02 4.563e+01
s>        ( - -7.378e+03 1 0)
s>        ( - -2.562e+03 1 0))INFO: dtree.c(1315): Comp split 40
INFO: dtree.c(1439): stop. leaf nodes are specific
INFO: dtree.c(1478): Final simple tree
|( QUESTION10 1 -8.715e+04 2.100e+02 3.736e+02
|    ( - -6.644e+04 3 0)
|    ( QUESTION3 -1 -2.050e+04 1.633e+02 8.671e+01
|        ( - -1.128e+04 1 0)
|        ( - -9.060e+03 1 0)))
s>    ( QUESTION10 1 -8.715e+04 2.100e+02 3.736e+02
s>        ( - -6.644e+04 3 0)
s>        ( QUESTION3 -1 -2.050e+04 1.633e+02 8.671e+01
s>            ( - -1.128e+04 1 0)
s>            ( - -9.060e+03 1 0)))INFO: dtree.c(1315): Comp split 41
INFO: dtree.c(1439): stop. leaf nodes are specific
INFO: dtree.c(1478): Final simple tree
|( WDBNDRY_S 0 -5.850e+03 1.943e+02 2.424e+01
|    ( - -8.575e+02 1 0)
|    ( WDBNDRY_B 0 -4.798e+03 1.460e+02 2.024e+01
|        ( - -4.291e+03 1 0)
|        ( - -3.610e+02 1 0)))
s>    ( WDBNDRY_S 0 -5.850e+03 1.943e+02 2.424e+01
s>        ( - -8.575e+02 1 0)
s>        ( WDBNDRY_B 0 -4.798e+03 1.460e+02 2.024e+01
s>            ( - -4.291e+03 1 0)
s>            ( - -3.610e+02 1 0)))INFO: dtree.c(1315): Comp split 42
INFO: dtree.c(1439): stop. leaf nodes are specific
INFO: dtree.c(1478): Final simple tree
|( QUESTION0_0_R 1 -1.683e+04 1.468e+02 7.231e+01
|    ( WDBNDRY_E 0 -9.942e+03 1.489e+02 4.265e+01
|        ( - -2.304e+03 1 0)
|        ( - -7.489e+03 2 0))
|    ( - -6.737e+03 1 0))
s>    ( QUESTION0_0_R 1 -1.683e+04 1.468e+02 7.231e+01
s>        ( WDBNDRY_E 0 -9.942e+03 1.489e+02 4.265e+01
s>            ( - -2.304e+03 1 0)
s>            ( - -7.489e+03 2 0))
s>        ( - -6.737e+03 1 0))INFO: dtree.c(1315): Comp split 43
INFO: dtree.c(1439): stop. leaf nodes are specific
INFO: dtree.c(1478): Final simple tree
|( QUESTION0_0_R 1 -6.243e+03 1.547e+02 2.415e+01
|    ( - -3.441e+03 1 0)
|    ( - -2.647e+03 1 0))
s>    ( QUESTION0_0_R 1 -6.243e+03 1.547e+02 2.415e+01
s>        ( - -3.441e+03 1 0)
s>        ( - -2.647e+03 1 0))INFO: dtree.c(1439): stop. leaf nodes are specific
INFO: dtree.c(1478): Final simple tree
|( QUESTION12 1 -2.108e+04 2.020e+02 8.613e+01
|    ( QUESTION10 -1 -3.816e+03 2.020e+02 1.695e+01
|        ( - -3.314e+03 1 0)
|        ( - -2.998e+02 1 0))
|    ( WDBNDRY_B 0 -1.706e+04 1.400e+02 6.918e+01
|        ( - -3.725e+02 1 0)
|        ( WDBNDRY_E 0 -1.655e+04 1.366e+02 6.718e+01
|            ( - -1.443e+04 2 0)
|            ( - -1.974e+03 2 0))))
s>    ( QUESTION12 1 -2.108e+04 2.020e+02 8.613e+01
s>        ( QUESTION10 -1 -3.816e+03 2.020e+02 1.695e+01
s>            ( - -3.314e+03 1 0)
s>            ( - -2.998e+02 1 0))
s>        ( WDBNDRY_B 0 -1.706e+04 1.400e+02 6.918e+01
s>            ( - -3.725e+02 1 0)
s>            ( WDBNDRY_E 0 -1.655e+04 1.366e+02 6.718e+01
s>                ( - -1.443e+04 2 0)
s>                ( - -1.974e+03 2 0))))INFO: dtree.c(1315): Comp split 44
INFO: dtree.c(1315): Comp split 45
INFO: dtree.c(1315): Comp split 46
INFO: dtree.c(1439): stop. leaf nodes are specific
INFO: dtree.c(1478): Final simple tree
|( QUESTION0_16_R 1 -2.011e+04 2.257e+02 8.060e+01
|    ( - -1.052e+03 1 0)
|    ( QUESTION0_14_R 1 -1.883e+04 1.928e+02 7.560e+01
|        ( - -1.316e+04 3 0)
|        ( QUESTION0_0_R 1 -5.486e+03 1.290e+02 2.366e+01
|            ( - -3.100e+03 2 0)
|            ( - -2.257e+03 1 0))))
s>    ( QUESTION0_16_R 1 -2.011e+04 2.257e+02 8.060e+01
s>        ( - -1.052e+03 1 0)
s>        ( QUESTION0_14_R 1 -1.883e+04 1.928e+02 7.560e+01
s>            ( - -1.316e+04 3 0)
s>            ( QUESTION0_0_R 1 -5.486e+03 1.290e+02 2.366e+01
s>                ( - -3.100e+03 2 0)
s>                ( - -2.257e+03 1 0))))INFO: dtree.c(1315): Comp split 47
INFO: dtree.c(1439): stop. leaf nodes are specific
INFO: dtree.c(1478): Final simple tree
|( QUESTION0_0_R 1 -2.122e+04 2.211e+02 9.048e+01
|    ( WDBNDRY_E 0 -7.087e+03 1.231e+02 3.101e+01
|        ( - -4.184e+03 1 0)
|        ( - -2.781e+03 1 0))
|    ( - -1.391e+04 2 0))
s>    ( QUESTION0_0_R 1 -2.122e+04 2.211e+02 9.048e+01
s>        ( WDBNDRY_E 0 -7.087e+03 1.231e+02 3.101e+01
s>            ( - -4.184e+03 1 0)
s>            ( - -2.781e+03 1 0))
s>        ( - -1.391e+04 2 0))INFO: dtree.c(1315): Comp split 48
INFO: dtree.c(1439): stop. leaf nodes are specific
INFO: dtree.c(1478): Final simple tree
|( WDBNDRY_E 0 -7.249e+04 2.328e+02 2.855e+02
|    ( QUESTION0_6_R 1 -6.065e+03 1.161e+02 2.500e+01
|        ( - -3.642e+03 2 0)
|        ( - -2.306e+03 1 0))
|    ( - -6.619e+04 2 0))
s>    ( WDBNDRY_E 0 -7.249e+04 2.328e+02 2.855e+02
s>        ( QUESTION0_6_R 1 -6.065e+03 1.161e+02 2.500e+01
s>            ( - -3.642e+03 2 0)
s>            ( - -2.306e+03 1 0))
s>        ( - -6.619e+04 2 0))INFO: dtree.c(1315): Comp split 49
INFO: dtree.c(1439): stop. leaf nodes are specific
INFO: dtree.c(1478): Final simple tree
|( QUESTION0_3_R 1 -1.101e+05 1.872e+02 4.762e+02
|    ( - -1.053e+05 3 0)
|    ( QUESTION0_5_R 1 -4.550e+03 1.231e+02 2.107e+01
|        ( - -3.663e+03 1 0)
|        ( - -7.644e+02 1 0)))
s>    ( QUESTION0_3_R 1 -1.101e+05 1.872e+02 4.762e+02
s>        ( - -1.053e+05 3 0)
s>        ( QUESTION0_5_R 1 -4.550e+03 1.231e+02 2.107e+01
s>            ( - -3.663e+03 1 0)
s>            ( - -7.644e+02 1 0)))INFO: dtree.c(1315): Comp split 50
INFO: dtree.c(1315): Comp split 51
INFO: dtree.c(1439): stop. leaf nodes are specific
INFO: dtree.c(1478): Final simple tree
|( QUESTION0_1_R 1 -1.783e+04 1.554e+02 7.356e+01
|    ( - -4.226e+03 4 0)
|    ( - -1.345e+04 1 0))
s>    ( QUESTION0_1_R 1 -1.783e+04 1.554e+02 7.356e+01
s>        ( - -4.226e+03 4 0)
s>        ( - -1.345e+04 1 0))INFO: dtree.c(1315): Comp split 52
INFO: dtree.c(1439): stop. leaf nodes are specific
INFO: dtree.c(1478): Final simple tree
|( QUESTION0_6_R 1 -6.065e+03 1.161e+02 2.500e+01
|    ( - -3.642e+03 2 0)
|    ( - -2.306e+03 1 0))
s>    ( QUESTION0_6_R 1 -6.065e+03 1.161e+02 2.500e+01
s>        ( - -3.642e+03 2 0)
s>        ( - -2.306e+03 1 0))INFO: dtree.c(1315): Comp split 53
INFO: dtree.c(1439): stop. leaf nodes are specific
INFO: dtree.c(1478): Final simple tree
|( QUESTION0_0_R 1 -3.275e+04 1.178e+02 1.393e+02
|    ( - -3.142e+04 2 0)
|    ( - -1.210e+03 1 0))
s>    ( QUESTION0_0_R 1 -3.275e+04 1.178e+02 1.393e+02
s>        ( - -3.142e+04 2 0)
s>        ( - -1.210e+03 1 0))INFO: dtree.c(1315): Comp split 54
INFO: dtree.c(1315): Comp split 55
INFO: dtree.c(1439): stop. leaf nodes are specific
INFO: dtree.c(1478): Final simple tree
|( QUESTION2_13_L -1 -7.627e+04 1.855e+02 3.205e+02
|    ( - -5.518e+02 1 0)
|    ( QUESTION12 1 -7.553e+04 9.573e+01 3.175e+02
|        ( - -7.280e+04 2 0)
|        ( - -2.638e+03 1 0)))
s>    ( QUESTION2_13_L -1 -7.627e+04 1.855e+02 3.205e+02
s>        ( - -5.518e+02 1 0)
s>        ( QUESTION12 1 -7.553e+04 9.573e+01 3.175e+02
s>            ( - -7.280e+04 2 0)
s>            ( - -2.638e+03 1 0)))INFO: dtree.c(1315): Comp split 56
INFO: dtree.c(1439): stop. leaf nodes are specific
INFO: dtree.c(1478): Final simple tree
|( QUESTION0_14_R 1 -1.883e+04 1.928e+02 7.560e+01
|    ( - -1.316e+04 3 0)
|    ( QUESTION0_0_R 1 -5.486e+03 1.290e+02 2.366e+01
|        ( - -3.100e+03 2 0)
|        ( - -2.257e+03 1 0)))
s>    ( QUESTION0_14_R 1 -1.883e+04 1.928e+02 7.560e+01
s>        ( - -1.316e+04 3 0)
s>        ( QUESTION0_0_R 1 -5.486e+03 1.290e+02 2.366e+01
s>            ( - -3.100e+03 2 0)
s>            ( - -2.257e+03 1 0)))INFO: dtree.c(1315): Comp split 57
INFO: dtree.c(1439): stop. leaf nodes are specific
INFO: dtree.c(1478): Final simple tree
|( WDBNDRY_E 0 -7.087e+03 1.231e+02 3.101e+01
|    ( - -4.184e+03 1 0)
|    ( - -2.781e+03 1 0))
s>    ( WDBNDRY_E 0 -7.087e+03 1.231e+02 3.101e+01
s>        ( - -4.184e+03 1 0)
s>        ( - -2.781e+03 1 0))INFO: dtree.c(1315): Comp split 58
INFO: dtree.c(1315): Comp split 59
INFO: dtree.c(1439): stop. leaf nodes are specific
INFO: dtree.c(1478): Final simple tree
|( QUESTION3 -1 -2.050e+04 1.633e+02 8.671e+01
|    ( - -1.128e+04 1 0)
|    ( - -9.060e+03 1 0))
s>    ( QUESTION3 -1 -2.050e+04 1.633e+02 8.671e+01
s>        ( - -1.128e+04 1 0)
s>        ( - -9.060e+03 1 0))INFO: dtree.c(1315): Comp split 60
INFO: dtree.c(1315): Comp split 61
INFO: dtree.c(1315): Comp split 62
INFO: dtree.c(1315): Comp split 63
INFO: dtree.c(1439): stop. leaf nodes are specific
INFO: dtree.c(1478): Final simple tree
|( WDBNDRY_B 0 -1.706e+04 1.400e+02 6.918e+01
|    ( - -3.725e+02 1 0)
|    ( WDBNDRY_E 0 -1.655e+04 1.366e+02 6.718e+01
|        ( - -1.443e+04 2 0)
|        ( - -1.974e+03 2 0)))
s>    ( WDBNDRY_B 0 -1.706e+04 1.400e+02 6.918e+01
s>        ( - -3.725e+02 1 0)
s>        ( WDBNDRY_E 0 -1.655e+04 1.366e+02 6.718e+01
s>            ( - -1.443e+04 2 0)
s>            ( - -1.974e+03 2 0)))INFO: dtree.c(1439): stop. leaf nodes are specific
INFO: dtree.c(1478): Final simple tree
|( QUESTION10 -1 -3.816e+03 2.020e+02 1.695e+01
|    ( - -3.314e+03 1 0)
|    ( - -2.998e+02 1 0))
s>    ( QUESTION10 -1 -3.816e+03 2.020e+02 1.695e+01
s>        ( - -3.314e+03 1 0)
s>        ( - -2.998e+02 1 0))INFO: dtree.c(1315): Comp split 64
INFO: dtree.c(1315): Comp split 65
INFO: dtree.c(1439): stop. leaf nodes are specific
INFO: dtree.c(1478): Final simple tree
|( WDBNDRY_B 0 -4.798e+03 1.460e+02 2.024e+01
|    ( - -4.291e+03 1 0)
|    ( - -3.610e+02 1 0))
s>    ( WDBNDRY_B 0 -4.798e+03 1.460e+02 2.024e+01
s>        ( - -4.291e+03 1 0)
s>        ( - -3.610e+02 1 0))INFO: dtree.c(1315): Comp split 66
INFO: dtree.c(1439): stop. leaf nodes are specific
INFO: dtree.c(1478): Final simple tree
|( QUESTION0_0_R 1 -5.486e+03 1.290e+02 2.366e+01
|    ( - -3.100e+03 2 0)
|    ( - -2.257e+03 1 0))
s>    ( QUESTION0_0_R 1 -5.486e+03 1.290e+02 2.366e+01
s>        ( - -3.100e+03 2 0)
s>        ( - -2.257e+03 1 0))INFO: dtree.c(1315): Comp split 67
INFO: dtree.c(1439): stop. leaf nodes are specific
INFO: dtree.c(1478): Final simple tree
|( QUESTION0_5_R 1 -1.136e+05 7.882e+01 4.935e+02
|    ( - -1.091e+05 2 0)
|    ( - -4.442e+03 2 0))
s>    ( QUESTION0_5_R 1 -1.136e+05 7.882e+01 4.935e+02
s>        ( - -1.091e+05 2 0)
s>        ( - -4.442e+03 2 0))INFO: dtree.c(1439): stop. leaf nodes are specific
INFO: dtree.c(1478): Final simple tree
|( WDBNDRY_E 0 -2.381e+03 1.153e+02 1.019e+01
|    ( - -1.887e+03 1 0)
|    ( - -3.795e+02 1 0))
s>    ( WDBNDRY_E 0 -2.381e+03 1.153e+02 1.019e+01
s>        ( - -1.887e+03 1 0)
s>        ( - -3.795e+02 1 0))INFO: dtree.c(1315): Comp split 68
INFO: dtree.c(1439): stop. leaf nodes are specific
INFO: dtree.c(1478): Final simple tree
|( QUESTION0_5_R 1 -4.550e+03 1.231e+02 2.107e+01
|    ( - -3.663e+03 1 0)
|    ( - -7.644e+02 1 0))
s>    ( QUESTION0_5_R 1 -4.550e+03 1.231e+02 2.107e+01
s>        ( - -3.663e+03 1 0)
s>        ( - -7.644e+02 1 0))INFO: dtree.c(1315): Comp split 69
INFO: dtree.c(1439): stop. leaf nodes are specific
INFO: dtree.c(1478): Final simple tree
|( QUESTION12 1 -7.553e+04 9.573e+01 3.175e+02
|    ( - -7.280e+04 2 0)
|    ( - -2.638e+03 1 0))
s>    ( QUESTION12 1 -7.553e+04 9.573e+01 3.175e+02
s>        ( - -7.280e+04 2 0)
s>        ( - -2.638e+03 1 0))INFO: dtree.c(1315): Comp split 70
INFO: dtree.c(1315): Comp split 71
INFO: dtree.c(1439): stop. leaf nodes are specific
INFO: dtree.c(1478): Final simple tree
|( WDBNDRY_E 0 -9.172e+03 1.309e+02 3.980e+01
|    ( - -2.304e+03 1 0)
|    ( - -6.737e+03 1 0))
s>    ( WDBNDRY_E 0 -9.172e+03 1.309e+02 3.980e+01
s>        ( - -2.304e+03 1 0)
s>        ( - -6.737e+03 1 0))INFO: dtree.c(1315): Comp split 72
INFO: dtree.c(1315): Comp split 73
INFO: dtree.c(1315): Comp split 74
INFO: dtree.c(1315): Comp split 75
INFO: dtree.c(1315): Comp split 76
INFO: dtree.c(1439): stop. leaf nodes are specific
INFO: dtree.c(1478): Final simple tree
|( WDBNDRY_E 0 -1.655e+04 1.366e+02 6.718e+01
|    ( - -1.443e+04 2 0)
|    ( - -1.974e+03 2 0))
s>    ( WDBNDRY_E 0 -1.655e+04 1.366e+02 6.718e+01
s>        ( - -1.443e+04 2 0)
s>        ( - -1.974e+03 2 0))INFO: dtree.c(1315): Comp split 77
INFO: dtree.c(1315): Comp split 78
INFO: dtree.c(1315): Comp split 79
INFO: dtree.c(1439): stop. leaf nodes are specific
INFO: dtree.c(1478): Final simple tree
|( QUESTION2_0_L -1 -2.156e+04 8.774e+01 9.344e+01
|    ( - -2.041e+04 2 0)
|    ( - -1.061e+03 1 0))
s>    ( QUESTION2_0_L -1 -2.156e+04 8.774e+01 9.344e+01
s>        ( - -2.041e+04 2 0)
s>        ( - -1.061e+03 1 0))INFO: dtree.c(1315): Comp split 80
INFO: dtree.c(1315): Comp split 81
INFO: dtree.c(1315): Comp split 82
INFO: dtree.c(1315): Comp split 83
INFO: dtree.c(1315): Comp split 84
INFO: dtree.c(1315): Comp split 85
INFO: dtree.c(1315): Comp split 86
INFO: dtree.c(1315): Comp split 87
INFO: dtree.c(1315): Comp split 88
INFO: dtree.c(1315): Comp split 89
INFO: dtree.c(1315): Comp split 90
INFO: dtree.c(1315): Comp split 91
INFO: dtree.c(1318): stop. leaf nodes are specific
Fri Jan  6 22:27:03 2023
