Current configuration:
[NAME]		[DEFLT]	[VALUE]
-allphones	no	no
-cntthresh	0.00001	1.000000e-05
-csplitmax	100	2000
-csplitmin	1	1
-csplitthr	8e-4	0.000000e+00
-example	no	no
-fullvar	no	no
-help		no	no
-meanfn			/mnt/c/users/robin/onedrive/desktop/cmu/Cebuano/model_parameters/Cebuano.cd_cont_untied/means
-mixwfn			/mnt/c/users/robin/onedrive/desktop/cmu/Cebuano/model_parameters/Cebuano.cd_cont_untied/mixture_weights
-moddeffn		/mnt/c/users/robin/onedrive/desktop/cmu/Cebuano/model_architecture/Cebuano.untied.mdef
-mwfloor	1e-4	1.000000e-08
-phone			SH
-psetfn			/mnt/c/users/robin/onedrive/desktop/cmu/Cebuano/model_architecture/Cebuano.tree_questions
-ssplitmax	5	7
-ssplitmin	1	1
-ssplitthr	8e-4	0.000000e+00
-state			1
-stwt			1.0,0.05,0.0,
-treefn			/mnt/c/users/robin/onedrive/desktop/cmu/Cebuano/trees/Cebuano.unpruned/SH-1.dtree
-ts2cbfn	.semi.	.cont.
-varfloor	0.00001	1.000000e-05
-varfn			/mnt/c/users/robin/onedrive/desktop/cmu/Cebuano/model_parameters/Cebuano.cd_cont_untied/variances

INFO: main.c(223): Reading: /mnt/c/users/robin/onedrive/desktop/cmu/Cebuano/model_architecture/Cebuano.untied.mdef
INFO: model_def_io.c(573): Model definition info:
INFO: model_def_io.c(574): 7744 total models defined (40 base, 7704 tri)
INFO: model_def_io.c(575): 30976 total states
INFO: model_def_io.c(576): 23232 total tied states
INFO: model_def_io.c(577): 120 total tied CI states
INFO: model_def_io.c(578): 40 total tied transition matrices
INFO: model_def_io.c(579): 4 max state/model
INFO: model_def_io.c(580): 4 min state/model
INFO: main.c(242): Building trees for [SH AE AH e] through [SH UW EH b]
INFO: main.c(268): Covering states |[20439 20507]| == 69
INFO: main.c(275): Reading: /mnt/c/users/robin/onedrive/desktop/cmu/Cebuano/model_parameters/Cebuano.cd_cont_untied/mixture_weights
INFO: s3mixw_io.c(172): Read /mnt/c/users/robin/onedrive/desktop/cmu/Cebuano/model_parameters/Cebuano.cd_cont_untied/mixture_weights [69x1x1 array]
INFO: main.c(311): 23 of 23 models have observation count greater than 0.000010
INFO: main.c(95): nrm stwt: 0.045 0.909 0.045 
INFO: s3gau_io.c(168): Read /mnt/c/users/robin/onedrive/desktop/cmu/Cebuano/model_parameters/Cebuano.cd_cont_untied/means [23232x1x1 array]
INFO: s3gau_io.c(168): Read /mnt/c/users/robin/onedrive/desktop/cmu/Cebuano/model_parameters/Cebuano.cd_cont_untied/variances [23232x1x1 array]
INFO: main.c(549): Reading: /mnt/c/users/robin/onedrive/desktop/cmu/Cebuano/model_architecture/Cebuano.tree_questions
INFO: main.c(587): 180 total simple questions (172 phone; 8 word bndry)
INFO: main.c(589): 42 Left Only questions, and 42 Right Only questions
INFO: dtree.c(1478): Final simple tree
|( SILENCE 1 -2.837e+05 1.285e+03 1.398e+03
|    ( - -1.528e+04 1 0)
|    ( QUESTION2_17_L -1 -2.672e+05 7.212e+02 1.315e+03
|        ( QUESTION0_15_R 1 -1.514e+05 4.822e+02 7.472e+02
|            ( - -6.400e+04 1 0)
|            ( - -8.692e+04 3 0 QUESTION0 -1 2.241e+02 4.285e+02))
|        ( QUESTION0_14_R 1 -1.151e+05 4.125e+02 5.675e+02
|            ( QUESTION2_19_L -1 -7.518e+04 3.841e+02 3.707e+02
|                ( - -4.756e+04 2 0 WDBNDRY_E 0 2.101e+02 2.353e+02)
|                ( - -2.724e+04 6 0 QUESTION14 -1 2.141e+02 1.353e+02))
|            ( QUESTION0_2_R 1 -3.946e+04 3.103e+02 1.968e+02
|                ( - -4.731e+03 2 0 WDBNDRY_E 0 1.669e+02 2.500e+01)
|                ( QUESTION0 1 -3.442e+04 2.777e+02 1.718e+02
|                    ( - -8.830e+03 3 0 QUESTION0 -1 2.311e+02 4.502e+01)
|                    ( - -2.531e+04 5 0 QUESTION0_9_R 1 2.891e+02 1.268e+02))))))
s>    ( SILENCE 1 -2.837e+05 1.285e+03 1.398e+03
s>        ( - -1.528e+04 1 0)
s>        ( QUESTION2_17_L -1 -2.672e+05 7.212e+02 1.315e+03
s>            ( QUESTION0_15_R 1 -1.514e+05 4.822e+02 7.472e+02
s>                ( - -6.400e+04 1 0)
s>                ( - -8.692e+04 3 0 QUESTION0 -1 2.241e+02 4.285e+02))
s>            ( QUESTION0_14_R 1 -1.151e+05 4.125e+02 5.675e+02
s>                ( QUESTION2_19_L -1 -7.518e+04 3.841e+02 3.707e+02
s>                    ( - -4.756e+04 2 0 WDBNDRY_E 0 2.101e+02 2.353e+02)
s>                    ( - -2.724e+04 6 0 QUESTION14 -1 2.141e+02 1.353e+02))
s>                ( QUESTION0_2_R 1 -3.946e+04 3.103e+02 1.968e+02
s>                    ( - -4.731e+03 2 0 WDBNDRY_E 0 1.669e+02 2.500e+01)
s>                    ( QUESTION0 1 -3.442e+04 2.777e+02 1.718e+02
s>                        ( - -8.830e+03 3 0 QUESTION0 -1 2.311e+02 4.502e+01)
s>                        ( - -2.531e+04 5 0 QUESTION0_9_R 1 2.891e+02 1.268e+02))))))INFO: dtree.c(1315): Comp split 0
INFO: dtree.c(1478): Final simple tree
|( QUESTION2_17_L -1 -2.672e+05 7.212e+02 1.315e+03
|    ( QUESTION0_15_R 1 -1.514e+05 4.822e+02 7.472e+02
|        ( - -6.400e+04 1 0)
|        ( - -8.692e+04 3 0 QUESTION0 -1 2.241e+02 4.285e+02))
|    ( QUESTION0_14_R 1 -1.151e+05 4.125e+02 5.675e+02
|        ( QUESTION2_19_L -1 -7.518e+04 3.841e+02 3.707e+02
|            ( - -4.756e+04 2 0 WDBNDRY_E 0 2.101e+02 2.353e+02)
|            ( - -2.724e+04 6 0 QUESTION14 -1 2.141e+02 1.353e+02))
|        ( QUESTION0_2_R 1 -3.946e+04 3.103e+02 1.968e+02
|            ( - -4.731e+03 2 0 WDBNDRY_E 0 1.669e+02 2.500e+01)
|            ( QUESTION0 1 -3.442e+04 2.777e+02 1.718e+02
|                ( - -8.830e+03 3 0 QUESTION0 -1 2.311e+02 4.502e+01)
|                ( QUESTION0_9_R 1 -2.531e+04 2.891e+02 1.268e+02
|                    ( - -7.067e+03 2 0 QUESTION0 -1 2.258e+02 3.596e+01)
|                    ( - -1.795e+04 3 0 WDBNDRY_B 0 1.500e+02 9.084e+01))))))
s>    ( QUESTION2_17_L -1 -2.672e+05 7.212e+02 1.315e+03
s>        ( QUESTION0_15_R 1 -1.514e+05 4.822e+02 7.472e+02
s>            ( - -6.400e+04 1 0)
s>            ( - -8.692e+04 3 0 QUESTION0 -1 2.241e+02 4.285e+02))
s>        ( QUESTION0_14_R 1 -1.151e+05 4.125e+02 5.675e+02
s>            ( QUESTION2_19_L -1 -7.518e+04 3.841e+02 3.707e+02
s>                ( - -4.756e+04 2 0 WDBNDRY_E 0 2.101e+02 2.353e+02)
s>                ( - -2.724e+04 6 0 QUESTION14 -1 2.141e+02 1.353e+02))
s>            ( QUESTION0_2_R 1 -3.946e+04 3.103e+02 1.968e+02
s>                ( - -4.731e+03 2 0 WDBNDRY_E 0 1.669e+02 2.500e+01)
s>                ( QUESTION0 1 -3.442e+04 2.777e+02 1.718e+02
s>                    ( - -8.830e+03 3 0 QUESTION0 -1 2.311e+02 4.502e+01)
s>                    ( QUESTION0_9_R 1 -2.531e+04 2.891e+02 1.268e+02
s>                        ( - -7.067e+03 2 0 QUESTION0 -1 2.258e+02 3.596e+01)
s>                        ( - -1.795e+04 3 0 WDBNDRY_B 0 1.500e+02 9.084e+01))))))INFO: dtree.c(1315): Comp split 1
INFO: dtree.c(1478): Final simple tree
|( QUESTION0_14_R 1 -9.849e+04 3.768e+02 4.865e+02
|    ( QUESTION2_19_L -1 -7.518e+04 3.841e+02 3.707e+02
|        ( WDBNDRY_E 0 -4.756e+04 2.101e+02 2.353e+02
|            ( - -2.426e+02 1 0)
|            ( - -4.711e+04 1 0))
|        ( QUESTION14 -1 -2.724e+04 2.141e+02 1.353e+02
|            ( - -1.552e+03 1 0)
|            ( QUESTION12 -1 -2.547e+04 1.873e+02 1.263e+02
|                ( - -7.613e+03 1 0)
|                ( QUESTION2_10_L -1 -1.767e+04 1.750e+02 8.742e+01
|                    ( - -8.607e+03 1 0)
|                    ( - -8.888e+03 3 0 WDBNDRY_B 0 1.668e+02 4.400e+01)))))
|    ( QUESTION0_2_R 1 -2.293e+04 2.514e+02 1.158e+02
|        ( - -4.731e+03 2 0 WDBNDRY_E 0 1.669e+02 2.500e+01)
|        ( - -1.795e+04 3 0 WDBNDRY_B 0 1.500e+02 9.084e+01)))
s>    ( QUESTION0_14_R 1 -9.849e+04 3.768e+02 4.865e+02
s>        ( QUESTION2_19_L -1 -7.518e+04 3.841e+02 3.707e+02
s>            ( WDBNDRY_E 0 -4.756e+04 2.101e+02 2.353e+02
s>                ( - -2.426e+02 1 0)
s>                ( - -4.711e+04 1 0))
s>            ( QUESTION14 -1 -2.724e+04 2.141e+02 1.353e+02
s>                ( - -1.552e+03 1 0)
s>                ( QUESTION12 -1 -2.547e+04 1.873e+02 1.263e+02
s>                    ( - -7.613e+03 1 0)
s>                    ( QUESTION2_10_L -1 -1.767e+04 1.750e+02 8.742e+01
s>                        ( - -8.607e+03 1 0)
s>                        ( - -8.888e+03 3 0 WDBNDRY_B 0 1.668e+02 4.400e+01)))))
s>        ( QUESTION0_2_R 1 -2.293e+04 2.514e+02 1.158e+02
s>            ( - -4.731e+03 2 0 WDBNDRY_E 0 1.669e+02 2.500e+01)
s>            ( - -1.795e+04 3 0 WDBNDRY_B 0 1.500e+02 9.084e+01)))INFO: dtree.c(1478): Final simple tree
|( QUESTION14 -1 -1.678e+05 4.297e+02 8.282e+02
|    ( QUESTION0_15_R 1 -8.616e+04 3.052e+02 4.278e+02
|        ( WDBNDRY_B 0 -6.540e+04 1.861e+02 3.258e+02
|            ( - -1.219e+03 1 0)
|            ( - -6.400e+04 1 0))
|        ( WDBNDRY_E 0 -2.045e+04 2.139e+02 1.021e+02
|            ( - -8.382e+03 1 0)
|            ( - -1.186e+04 2 0 QUESTION0_9_R 1 1.410e+02 6.013e+01)))
|    ( QUESTION2_19_L -1 -8.120e+04 3.302e+02 4.004e+02
|        ( WDBNDRY_B 0 -4.393e+03 2.211e+02 2.400e+01
|            ( - -2.451e+03 1 0)
|            ( - -1.721e+03 1 0))
|        ( QUESTION0_14_R 1 -7.647e+04 1.817e+02 3.764e+02
|            ( - -7.155e+04 1 0)
|            ( - -4.745e+03 1 0))))
s>    ( QUESTION14 -1 -1.678e+05 4.297e+02 8.282e+02
s>        ( QUESTION0_15_R 1 -8.616e+04 3.052e+02 4.278e+02
s>            ( WDBNDRY_B 0 -6.540e+04 1.861e+02 3.258e+02
s>                ( - -1.219e+03 1 0)
s>                ( - -6.400e+04 1 0))
s>            ( WDBNDRY_E 0 -2.045e+04 2.139e+02 1.021e+02
s>                ( - -8.382e+03 1 0)
s>                ( - -1.186e+04 2 0 QUESTION0_9_R 1 1.410e+02 6.013e+01)))
s>        ( QUESTION2_19_L -1 -8.120e+04 3.302e+02 4.004e+02
s>            ( WDBNDRY_B 0 -4.393e+03 2.211e+02 2.400e+01
s>                ( - -2.451e+03 1 0)
s>                ( - -1.721e+03 1 0))
s>            ( QUESTION0_14_R 1 -7.647e+04 1.817e+02 3.764e+02
s>                ( - -7.155e+04 1 0)
s>                ( - -4.745e+03 1 0))))INFO: dtree.c(1315): Comp split 2
INFO: dtree.c(1478): Final simple tree
|( QUESTION0_2_R 1 -5.081e+04 2.495e+02 2.532e+02
|    ( WDBNDRY_E 0 -4.731e+03 1.669e+02 2.500e+01
|        ( - -3.175e+03 1 0)
|        ( - -1.389e+03 1 0))
|    ( QUESTION11 -1 -4.583e+04 2.218e+02 2.282e+02
|        ( QUESTION14 -1 -1.750e+04 2.010e+02 8.790e+01
|            ( - -1.552e+03 1 0)
|            ( QUESTION12 -1 -1.575e+04 1.679e+02 7.890e+01
|                ( WDBNDRY_B 0 -1.263e+04 1.978e+02 6.390e+01
|                    ( - -4.819e+03 1 0)
|                    ( - -7.613e+03 1 0))
|                ( - -2.952e+03 1 0)))
|        ( WDBNDRY_B 0 -2.810e+04 1.738e+02 1.403e+02
|            ( - -5.770e+03 2 0 QUESTION0 -1 1.340e+02 2.900e+01)
|            ( - -2.216e+04 4 0 QUESTION0 -1 1.564e+02 1.113e+02))))
s>    ( QUESTION0_2_R 1 -5.081e+04 2.495e+02 2.532e+02
s>        ( WDBNDRY_E 0 -4.731e+03 1.669e+02 2.500e+01
s>            ( - -3.175e+03 1 0)
s>            ( - -1.389e+03 1 0))
s>        ( QUESTION11 -1 -4.583e+04 2.218e+02 2.282e+02
s>            ( QUESTION14 -1 -1.750e+04 2.010e+02 8.790e+01
s>                ( - -1.552e+03 1 0)
s>                ( QUESTION12 -1 -1.575e+04 1.679e+02 7.890e+01
s>                    ( WDBNDRY_B 0 -1.263e+04 1.978e+02 6.390e+01
s>                        ( - -4.819e+03 1 0)
s>                        ( - -7.613e+03 1 0))
s>                    ( - -2.952e+03 1 0)))
s>            ( WDBNDRY_B 0 -2.810e+04 1.738e+02 1.403e+02
s>                ( - -5.770e+03 2 0 QUESTION0 -1 1.340e+02 2.900e+01)
s>                ( - -2.216e+04 4 0 QUESTION0 -1 1.564e+02 1.113e+02))))INFO: dtree.c(1315): Comp split 3
INFO: dtree.c(1439): stop. leaf nodes are specific
INFO: dtree.c(1478): Final simple tree
|( QUESTION0_9_R 1 -6.594e+04 2.222e+02 3.288e+02
|    ( - -1.721e+03 1 0)
|    ( - -6.400e+04 1 0))
s>    ( QUESTION0_9_R 1 -6.594e+04 2.222e+02 3.288e+02
s>        ( - -1.721e+03 1 0)
s>        ( - -6.400e+04 1 0))INFO: dtree.c(1439): stop. leaf nodes are specific
INFO: dtree.c(1478): Final simple tree
|( QUESTION2_19_L -1 -1.013e+05 3.012e+02 4.995e+02
|    ( - -2.451e+03 1 0)
|    ( QUESTION14 -1 -9.857e+04 2.280e+02 4.855e+02
|        ( WDBNDRY_I 0 -2.186e+04 2.306e+02 1.091e+02
|            ( QUESTION0_9_R 1 -1.186e+04 1.410e+02 6.013e+01
|                ( - -5.121e+03 1 0)
|                ( - -6.597e+03 1 0))
|            ( WDBNDRY_B 0 -9.774e+03 1.726e+02 4.896e+01
|                ( - -1.219e+03 1 0)
|                ( - -8.382e+03 1 0)))
|        ( QUESTION0_14_R 1 -7.647e+04 1.817e+02 3.764e+02
|            ( - -7.155e+04 1 0)
|            ( - -4.745e+03 1 0))))
s>    ( QUESTION2_19_L -1 -1.013e+05 3.012e+02 4.995e+02
s>        ( - -2.451e+03 1 0)
s>        ( QUESTION14 -1 -9.857e+04 2.280e+02 4.855e+02
s>            ( WDBNDRY_I 0 -2.186e+04 2.306e+02 1.091e+02
s>                ( QUESTION0_9_R 1 -1.186e+04 1.410e+02 6.013e+01
s>                    ( - -5.121e+03 1 0)
s>                    ( - -6.597e+03 1 0))
s>                ( WDBNDRY_B 0 -9.774e+03 1.726e+02 4.896e+01
s>                    ( - -1.219e+03 1 0)
s>                    ( - -8.382e+03 1 0)))
s>            ( QUESTION0_14_R 1 -7.647e+04 1.817e+02 3.764e+02
s>                ( - -7.155e+04 1 0)
s>                ( - -4.745e+03 1 0))))INFO: dtree.c(1315): Comp split 4
INFO: dtree.c(1439): stop. leaf nodes are specific
INFO: dtree.c(1478): Final simple tree
|( QUESTION14 -1 -9.857e+04 2.280e+02 4.855e+02
|    ( WDBNDRY_I 0 -2.186e+04 2.306e+02 1.091e+02
|        ( QUESTION0_9_R 1 -1.186e+04 1.410e+02 6.013e+01
|            ( - -5.121e+03 1 0)
|            ( - -6.597e+03 1 0))
|        ( WDBNDRY_B 0 -9.774e+03 1.726e+02 4.896e+01
|            ( - -1.219e+03 1 0)
|            ( - -8.382e+03 1 0)))
|    ( QUESTION0_14_R 1 -7.647e+04 1.817e+02 3.764e+02
|        ( - -7.155e+04 1 0)
|        ( - -4.745e+03 1 0)))
s>    ( QUESTION14 -1 -9.857e+04 2.280e+02 4.855e+02
s>        ( WDBNDRY_I 0 -2.186e+04 2.306e+02 1.091e+02
s>            ( QUESTION0_9_R 1 -1.186e+04 1.410e+02 6.013e+01
s>                ( - -5.121e+03 1 0)
s>                ( - -6.597e+03 1 0))
s>            ( WDBNDRY_B 0 -9.774e+03 1.726e+02 4.896e+01
s>                ( - -1.219e+03 1 0)
s>                ( - -8.382e+03 1 0)))
s>        ( QUESTION0_14_R 1 -7.647e+04 1.817e+02 3.764e+02
s>            ( - -7.155e+04 1 0)
s>            ( - -4.745e+03 1 0)))INFO: dtree.c(1315): Comp split 5
INFO: dtree.c(1478): Final simple tree
|( QUESTION0_14_R 1 -4.406e+04 2.184e+02 2.192e+02
|    ( QUESTION12 -1 -2.589e+04 1.865e+02 1.283e+02
|        ( - -7.613e+03 1 0)
|        ( WDBNDRY_E 0 -1.809e+04 1.764e+02 8.942e+01
|            ( - -2.426e+02 1 0)
|            ( QUESTION2_10_L -1 -1.767e+04 1.750e+02 8.742e+01
|                ( - -8.607e+03 1 0)
|                ( WDBNDRY_B 0 -8.888e+03 1.668e+02 4.400e+01
|                    ( - -5.770e+03 2 0 QUESTION0 -1 1.340e+02 2.900e+01)
|                    ( - -2.952e+03 1 0)))))
|    ( WDBNDRY_B 0 -1.795e+04 1.500e+02 9.084e+01
|        ( - -4.819e+03 1 0)
|        ( WDBNDRY_E 0 -1.298e+04 1.441e+02 6.584e+01
|            ( - -1.801e+03 1 0)
|            ( - -1.104e+04 1 0))))
s>    ( QUESTION0_14_R 1 -4.406e+04 2.184e+02 2.192e+02
s>        ( QUESTION12 -1 -2.589e+04 1.865e+02 1.283e+02
s>            ( - -7.613e+03 1 0)
s>            ( WDBNDRY_E 0 -1.809e+04 1.764e+02 8.942e+01
s>                ( - -2.426e+02 1 0)
s>                ( QUESTION2_10_L -1 -1.767e+04 1.750e+02 8.742e+01
s>                    ( - -8.607e+03 1 0)
s>                    ( WDBNDRY_B 0 -8.888e+03 1.668e+02 4.400e+01
s>                        ( - -5.770e+03 2 0 QUESTION0 -1 1.340e+02 2.900e+01)
s>                        ( - -2.952e+03 1 0)))))
s>        ( WDBNDRY_B 0 -1.795e+04 1.500e+02 9.084e+01
s>            ( - -4.819e+03 1 0)
s>            ( WDBNDRY_E 0 -1.298e+04 1.441e+02 6.584e+01
s>                ( - -1.801e+03 1 0)
s>                ( - -1.104e+04 1 0))))INFO: dtree.c(1439): stop. leaf nodes are specific
INFO: dtree.c(1478): Final simple tree
|( WDBNDRY_E 0 -6.458e+03 1.966e+02 3.400e+01
|    ( - -3.175e+03 1 0)
|    ( WDBNDRY_B 0 -3.087e+03 1.458e+02 1.700e+01
|        ( - -1.552e+03 1 0)
|        ( - -1.389e+03 1 0)))
s>    ( WDBNDRY_E 0 -6.458e+03 1.966e+02 3.400e+01
s>        ( - -3.175e+03 1 0)
s>        ( WDBNDRY_B 0 -3.087e+03 1.458e+02 1.700e+01
s>            ( - -1.552e+03 1 0)
s>            ( - -1.389e+03 1 0)))INFO: dtree.c(1315): Comp split 6
INFO: dtree.c(1439): stop. leaf nodes are specific
INFO: dtree.c(1478): Final simple tree
|( QUESTION0_9_R 1 -1.186e+04 1.410e+02 6.013e+01
|    ( - -5.121e+03 1 0)
|    ( - -6.597e+03 1 0))
s>    ( QUESTION0_9_R 1 -1.186e+04 1.410e+02 6.013e+01
s>        ( - -5.121e+03 1 0)
s>        ( - -6.597e+03 1 0))INFO: dtree.c(1439): stop. leaf nodes are specific
INFO: dtree.c(1478): Final simple tree
|( WDBNDRY_I 0 -8.644e+04 1.884e+02 4.253e+02
|    ( QUESTION0_14_R 1 -7.647e+04 1.817e+02 3.764e+02
|        ( - -7.155e+04 1 0)
|        ( - -4.745e+03 1 0))
|    ( WDBNDRY_B 0 -9.774e+03 1.726e+02 4.896e+01
|        ( - -1.219e+03 1 0)
|        ( - -8.382e+03 1 0)))
s>    ( WDBNDRY_I 0 -8.644e+04 1.884e+02 4.253e+02
s>        ( QUESTION0_14_R 1 -7.647e+04 1.817e+02 3.764e+02
s>            ( - -7.155e+04 1 0)
s>            ( - -4.745e+03 1 0))
s>        ( WDBNDRY_B 0 -9.774e+03 1.726e+02 4.896e+01
s>            ( - -1.219e+03 1 0)
s>            ( - -8.382e+03 1 0)))INFO: dtree.c(1315): Comp split 7
INFO: dtree.c(1439): stop. leaf nodes are specific
INFO: dtree.c(1478): Final simple tree
|( QUESTION10 -1 -1.639e+04 1.744e+02 8.232e+01
|    ( - -8.607e+03 1 0)
|    ( - -7.613e+03 1 0))
s>    ( QUESTION10 -1 -1.639e+04 1.744e+02 8.232e+01
s>        ( - -8.607e+03 1 0)
s>        ( - -7.613e+03 1 0))INFO: dtree.c(1439): stop. leaf nodes are specific
INFO: dtree.c(1478): Final simple tree
|( QUESTION11 -1 -2.744e+04 1.826e+02 1.368e+02
|    ( WDBNDRY_B 0 -7.921e+03 1.502e+02 4.000e+01
|        ( - -4.819e+03 1 0)
|        ( - -2.952e+03 1 0))
|    ( WDBNDRY_B 0 -1.933e+04 1.664e+02 9.684e+01
|        ( QUESTION0 -1 -5.770e+03 1.340e+02 2.900e+01
|            ( - -2.582e+03 1 0)
|            ( - -3.053e+03 1 0))
|        ( QUESTION0_14_R 1 -1.340e+04 1.702e+02 6.784e+01
|            ( - -2.426e+02 1 0)
|            ( WDBNDRY_E 0 -1.298e+04 1.441e+02 6.584e+01
|                ( - -1.801e+03 1 0)
|                ( - -1.104e+04 1 0)))))
s>    ( QUESTION11 -1 -2.744e+04 1.826e+02 1.368e+02
s>        ( WDBNDRY_B 0 -7.921e+03 1.502e+02 4.000e+01
s>            ( - -4.819e+03 1 0)
s>            ( - -2.952e+03 1 0))
s>        ( WDBNDRY_B 0 -1.933e+04 1.664e+02 9.684e+01
s>            ( QUESTION0 -1 -5.770e+03 1.340e+02 2.900e+01
s>                ( - -2.582e+03 1 0)
s>                ( - -3.053e+03 1 0))
s>            ( QUESTION0_14_R 1 -1.340e+04 1.702e+02 6.784e+01
s>                ( - -2.426e+02 1 0)
s>                ( WDBNDRY_E 0 -1.298e+04 1.441e+02 6.584e+01
s>                    ( - -1.801e+03 1 0)
s>                    ( - -1.104e+04 1 0)))))INFO: dtree.c(1315): Comp split 8
INFO: dtree.c(1315): Comp split 9
INFO: dtree.c(1439): stop. leaf nodes are specific
INFO: dtree.c(1478): Final simple tree
|( WDBNDRY_B 0 -3.087e+03 1.458e+02 1.700e+01
|    ( - -1.552e+03 1 0)
|    ( - -1.389e+03 1 0))
s>    ( WDBNDRY_B 0 -3.087e+03 1.458e+02 1.700e+01
s>        ( - -1.552e+03 1 0)
s>        ( - -1.389e+03 1 0))INFO: dtree.c(1315): Comp split 10
INFO: dtree.c(1439): stop. leaf nodes are specific
INFO: dtree.c(1478): Final simple tree
|( WDBNDRY_B 0 -9.774e+03 1.726e+02 4.896e+01
|    ( - -1.219e+03 1 0)
|    ( - -8.382e+03 1 0))
s>    ( WDBNDRY_B 0 -9.774e+03 1.726e+02 4.896e+01
s>        ( - -1.219e+03 1 0)
s>        ( - -8.382e+03 1 0))INFO: dtree.c(1439): stop. leaf nodes are specific
INFO: dtree.c(1478): Final simple tree
|( QUESTION0_14_R 1 -7.647e+04 1.817e+02 3.764e+02
|    ( - -7.155e+04 1 0)
|    ( - -4.745e+03 1 0))
s>    ( QUESTION0_14_R 1 -7.647e+04 1.817e+02 3.764e+02
s>        ( - -7.155e+04 1 0)
s>        ( - -4.745e+03 1 0))INFO: dtree.c(1315): Comp split 11
INFO: dtree.c(1439): stop. leaf nodes are specific
INFO: dtree.c(1478): Final simple tree
|( WDBNDRY_B 0 -1.933e+04 1.664e+02 9.684e+01
|    ( QUESTION0 -1 -5.770e+03 1.340e+02 2.900e+01
|        ( - -2.582e+03 1 0)
|        ( - -3.053e+03 1 0))
|    ( QUESTION0_14_R 1 -1.340e+04 1.702e+02 6.784e+01
|        ( - -2.426e+02 1 0)
|        ( WDBNDRY_E 0 -1.298e+04 1.441e+02 6.584e+01
|            ( - -1.801e+03 1 0)
|            ( - -1.104e+04 1 0))))
s>    ( WDBNDRY_B 0 -1.933e+04 1.664e+02 9.684e+01
s>        ( QUESTION0 -1 -5.770e+03 1.340e+02 2.900e+01
s>            ( - -2.582e+03 1 0)
s>            ( - -3.053e+03 1 0))
s>        ( QUESTION0_14_R 1 -1.340e+04 1.702e+02 6.784e+01
s>            ( - -2.426e+02 1 0)
s>            ( WDBNDRY_E 0 -1.298e+04 1.441e+02 6.584e+01
s>                ( - -1.801e+03 1 0)
s>                ( - -1.104e+04 1 0))))INFO: dtree.c(1439): stop. leaf nodes are specific
INFO: dtree.c(1478): Final simple tree
|( WDBNDRY_B 0 -7.921e+03 1.502e+02 4.000e+01
|    ( - -4.819e+03 1 0)
|    ( - -2.952e+03 1 0))
s>    ( WDBNDRY_B 0 -7.921e+03 1.502e+02 4.000e+01
s>        ( - -4.819e+03 1 0)
s>        ( - -2.952e+03 1 0))INFO: dtree.c(1315): Comp split 12
INFO: dtree.c(1315): Comp split 13
INFO: dtree.c(1315): Comp split 14
INFO: dtree.c(1315): Comp split 15
INFO: dtree.c(1439): stop. leaf nodes are specific
INFO: dtree.c(1478): Final simple tree
|( WDBNDRY_B 0 -1.892e+04 1.654e+02 9.484e+01
|    ( QUESTION0 -1 -5.770e+03 1.340e+02 2.900e+01
|        ( - -2.582e+03 1 0)
|        ( - -3.053e+03 1 0))
|    ( WDBNDRY_E 0 -1.298e+04 1.441e+02 6.584e+01
|        ( - -1.801e+03 1 0)
|        ( - -1.104e+04 1 0)))
s>    ( WDBNDRY_B 0 -1.892e+04 1.654e+02 9.484e+01
s>        ( QUESTION0 -1 -5.770e+03 1.340e+02 2.900e+01
s>            ( - -2.582e+03 1 0)
s>            ( - -3.053e+03 1 0))
s>        ( WDBNDRY_E 0 -1.298e+04 1.441e+02 6.584e+01
s>            ( - -1.801e+03 1 0)
s>            ( - -1.104e+04 1 0)))INFO: dtree.c(1315): Comp split 16
INFO: dtree.c(1439): stop. leaf nodes are specific
INFO: dtree.c(1478): Final simple tree
|( WDBNDRY_E 0 -1.298e+04 1.441e+02 6.584e+01
|    ( - -1.801e+03 1 0)
|    ( - -1.104e+04 1 0))
s>    ( WDBNDRY_E 0 -1.298e+04 1.441e+02 6.584e+01
s>        ( - -1.801e+03 1 0)
s>        ( - -1.104e+04 1 0))INFO: dtree.c(1439): stop. leaf nodes are specific
INFO: dtree.c(1478): Final simple tree
|( QUESTION0 -1 -5.770e+03 1.340e+02 2.900e+01
|    ( - -2.582e+03 1 0)
|    ( - -3.053e+03 1 0))
s>    ( QUESTION0 -1 -5.770e+03 1.340e+02 2.900e+01
s>        ( - -2.582e+03 1 0)
s>        ( - -3.053e+03 1 0))INFO: dtree.c(1315): Comp split 17
INFO: dtree.c(1315): Comp split 18
INFO: dtree.c(1315): Comp split 19
INFO: dtree.c(1315): Comp split 20
INFO: dtree.c(1315): Comp split 21
INFO: dtree.c(1315): Comp split 22
INFO: dtree.c(1318): stop. leaf nodes are specific
Fri Jan  6 22:28:05 2023
