Current configuration:
[NAME]		[DEFLT]	[VALUE]
-allphones	no	no
-cntthresh	0.00001	1.000000e-05
-csplitmax	100	2000
-csplitmin	1	1
-csplitthr	8e-4	0.000000e+00
-example	no	no
-fullvar	no	no
-help		no	no
-meanfn			/mnt/c/users/robin/onedrive/desktop/cmu/Cebuano/model_parameters/Cebuano.cd_cont_untied/means
-mixwfn			/mnt/c/users/robin/onedrive/desktop/cmu/Cebuano/model_parameters/Cebuano.cd_cont_untied/mixture_weights
-moddeffn		/mnt/c/users/robin/onedrive/desktop/cmu/Cebuano/model_architecture/Cebuano.untied.mdef
-mwfloor	1e-4	1.000000e-08
-phone			ER
-psetfn			/mnt/c/users/robin/onedrive/desktop/cmu/Cebuano/model_architecture/Cebuano.tree_questions
-ssplitmax	5	7
-ssplitmin	1	1
-ssplitthr	8e-4	0.000000e+00
-state			1
-stwt			1.0,0.05,0.0,
-treefn			/mnt/c/users/robin/onedrive/desktop/cmu/Cebuano/trees/Cebuano.unpruned/ER-1.dtree
-ts2cbfn	.semi.	.cont.
-varfloor	0.00001	1.000000e-05
-varfn			/mnt/c/users/robin/onedrive/desktop/cmu/Cebuano/model_parameters/Cebuano.cd_cont_untied/variances

INFO: main.c(223): Reading: /mnt/c/users/robin/onedrive/desktop/cmu/Cebuano/model_architecture/Cebuano.untied.mdef
INFO: model_def_io.c(573): Model definition info:
INFO: model_def_io.c(574): 7744 total models defined (40 base, 7704 tri)
INFO: model_def_io.c(575): 30976 total states
INFO: model_def_io.c(576): 23232 total tied states
INFO: model_def_io.c(577): 120 total tied CI states
INFO: model_def_io.c(578): 40 total tied transition matrices
INFO: model_def_io.c(579): 4 max state/model
INFO: model_def_io.c(580): 4 min state/model
INFO: main.c(242): Building trees for [ER AY V e] through [ER Z K e]
INFO: main.c(268): Covering states |[7581 7868]| == 288
INFO: main.c(275): Reading: /mnt/c/users/robin/onedrive/desktop/cmu/Cebuano/model_parameters/Cebuano.cd_cont_untied/mixture_weights
INFO: s3mixw_io.c(172): Read /mnt/c/users/robin/onedrive/desktop/cmu/Cebuano/model_parameters/Cebuano.cd_cont_untied/mixture_weights [288x1x1 array]
INFO: main.c(311): 96 of 96 models have observation count greater than 0.000010
INFO: main.c(95): nrm stwt: 0.045 0.909 0.045 
INFO: s3gau_io.c(168): Read /mnt/c/users/robin/onedrive/desktop/cmu/Cebuano/model_parameters/Cebuano.cd_cont_untied/means [23232x1x1 array]
INFO: s3gau_io.c(168): Read /mnt/c/users/robin/onedrive/desktop/cmu/Cebuano/model_parameters/Cebuano.cd_cont_untied/variances [23232x1x1 array]
INFO: main.c(549): Reading: /mnt/c/users/robin/onedrive/desktop/cmu/Cebuano/model_architecture/Cebuano.tree_questions
INFO: main.c(587): 180 total simple questions (172 phone; 8 word bndry)
INFO: main.c(589): 42 Left Only questions, and 42 Right Only questions
INFO: dtree.c(1478): Final simple tree
|( QUESTION0_18_R 1 -7.202e+05 2.549e+03 3.338e+03
|    ( - -3.676e+04 1 0)
|    ( QUESTION2_17_L -1 -6.809e+05 1.921e+03 3.162e+03
|        ( WDBNDRY_B 0 -9.724e+04 1.216e+03 4.625e+02
|            ( - -3.844e+04 1 0)
|            ( - -5.759e+04 8 0 QUESTION0_1_R 1 5.081e+02 2.732e+02))
|        ( SILENCE 1 -5.817e+05 1.829e+03 2.699e+03
|            ( QUESTION2_9_L -1 -1.012e+05 1.008e+03 4.881e+02
|                ( - -7.022e+04 2 0)
|                ( - -2.993e+04 5 0 QUESTION10 -1 4.661e+02 1.422e+02))
|            ( QUESTION2_1_L -1 -4.787e+05 1.156e+03 2.211e+03
|                ( QUESTION0_1_R 1 -3.424e+05 7.826e+02 1.561e+03
|                    ( - -1.654e+05 19 0 WDBNDRY_E 0 9.442e+02 7.871e+02)
|                    ( - -1.762e+05 34 0 QUESTION0_4_R 1 7.873e+02 7.739e+02))
|                ( - -1.352e+05 26 0 QUESTION0_6_R 1 6.885e+02 6.504e+02)))))
s>    ( QUESTION0_18_R 1 -7.202e+05 2.549e+03 3.338e+03
s>        ( - -3.676e+04 1 0)
s>        ( QUESTION2_17_L -1 -6.809e+05 1.921e+03 3.162e+03
s>            ( WDBNDRY_B 0 -9.724e+04 1.216e+03 4.625e+02
s>                ( - -3.844e+04 1 0)
s>                ( - -5.759e+04 8 0 QUESTION0_1_R 1 5.081e+02 2.732e+02))
s>            ( SILENCE 1 -5.817e+05 1.829e+03 2.699e+03
s>                ( QUESTION2_9_L -1 -1.012e+05 1.008e+03 4.881e+02
s>                    ( - -7.022e+04 2 0)
s>                    ( - -2.993e+04 5 0 QUESTION10 -1 4.661e+02 1.422e+02))
s>                ( QUESTION2_1_L -1 -4.787e+05 1.156e+03 2.211e+03
s>                    ( QUESTION0_1_R 1 -3.424e+05 7.826e+02 1.561e+03
s>                        ( - -1.654e+05 19 0 WDBNDRY_E 0 9.442e+02 7.871e+02)
s>                        ( - -1.762e+05 34 0 QUESTION0_4_R 1 7.873e+02 7.739e+02))
s>                    ( - -1.352e+05 26 0 QUESTION0_6_R 1 6.885e+02 6.504e+02)))))INFO: dtree.c(1315): Comp split 0
INFO: dtree.c(1478): Final simple tree
|( WDBNDRY_B 0 -1.686e+05 1.373e+03 8.084e+02
|    ( - -3.844e+04 1 0)
|    ( QUESTION0 -1 -1.288e+05 9.703e+02 6.190e+02
|        ( QUESTION0_1_R 1 -5.759e+04 5.081e+02 2.732e+02
|            ( QUESTION10 1 -1.479e+04 2.466e+02 7.244e+01
|                ( - -4.453e+03 1 0)
|                ( - -1.009e+04 2 0))
|            ( SILENCE 1 -4.229e+04 3.602e+02 2.007e+02
|                ( - -2.232e+03 1 0)
|                ( QUESTION0_6_R 1 -3.970e+04 3.297e+02 1.887e+02
|                    ( - -1.214e+04 1 0)
|                    ( QUESTION0_0_R 1 -2.723e+04 2.950e+02 1.300e+02
|                        ( - -5.454e+03 1 0)
|                        ( - -2.148e+04 2 0 QUESTION0_14_R 1 2.322e+02 1.019e+02)))))
|        ( - -7.022e+04 2 0)))
s>    ( WDBNDRY_B 0 -1.686e+05 1.373e+03 8.084e+02
s>        ( - -3.844e+04 1 0)
s>        ( QUESTION0 -1 -1.288e+05 9.703e+02 6.190e+02
s>            ( QUESTION0_1_R 1 -5.759e+04 5.081e+02 2.732e+02
s>                ( QUESTION10 1 -1.479e+04 2.466e+02 7.244e+01
s>                    ( - -4.453e+03 1 0)
s>                    ( - -1.009e+04 2 0))
s>                ( SILENCE 1 -4.229e+04 3.602e+02 2.007e+02
s>                    ( - -2.232e+03 1 0)
s>                    ( QUESTION0_6_R 1 -3.970e+04 3.297e+02 1.887e+02
s>                        ( - -1.214e+04 1 0)
s>                        ( QUESTION0_0_R 1 -2.723e+04 2.950e+02 1.300e+02
s>                            ( - -5.454e+03 1 0)
s>                            ( - -2.148e+04 2 0 QUESTION0_14_R 1 2.322e+02 1.019e+02)))))
s>            ( - -7.022e+04 2 0)))INFO: dtree.c(1478): Final simple tree
|( QUESTION0_18_R 1 -5.485e+05 2.487e+03 2.530e+03
|    ( - -3.676e+04 1 0)
|    ( QUESTION2_1_L -1 -5.093e+05 1.151e+03 2.354e+03
|        ( QUESTION1 1 -3.664e+05 8.444e+02 1.671e+03
|            ( WDBNDRY_E 0 -2.623e+05 9.235e+02 1.213e+03
|                ( QUESTION0_2_R 1 -1.320e+05 7.087e+02 6.035e+02
|                    ( - -6.294e+04 7 0 QUESTION2_10_L -1 5.372e+02 2.751e+02)
|                    ( - -6.834e+04 10 0 QUESTION10 1 4.341e+02 3.284e+02))
|                ( QUESTION0_16_R 1 -1.293e+05 7.322e+02 6.090e+02
|                    ( - -2.522e+03 1 0)
|                    ( - -1.261e+05 20 0 QUESTION2_2_L -1 5.822e+02 5.930e+02)))
|            ( - -1.033e+05 17 0 QUESTION2_6_L -1 5.485e+02 4.587e+02))
|        ( QUESTION0_6_R 1 -1.417e+05 6.902e+02 6.824e+02
|            ( - -1.301e+04 2 0 WDBNDRY_E 0 5.101e+02 7.008e+01)
|            ( - -1.280e+05 27 0 WDBNDRY_E 0 6.484e+02 6.123e+02))))
s>    ( QUESTION0_18_R 1 -5.485e+05 2.487e+03 2.530e+03
s>        ( - -3.676e+04 1 0)
s>        ( QUESTION2_1_L -1 -5.093e+05 1.151e+03 2.354e+03
s>            ( QUESTION1 1 -3.664e+05 8.444e+02 1.671e+03
s>                ( WDBNDRY_E 0 -2.623e+05 9.235e+02 1.213e+03
s>                    ( QUESTION0_2_R 1 -1.320e+05 7.087e+02 6.035e+02
s>                        ( - -6.294e+04 7 0 QUESTION2_10_L -1 5.372e+02 2.751e+02)
s>                        ( - -6.834e+04 10 0 QUESTION10 1 4.341e+02 3.284e+02))
s>                    ( QUESTION0_16_R 1 -1.293e+05 7.322e+02 6.090e+02
s>                        ( - -2.522e+03 1 0)
s>                        ( - -1.261e+05 20 0 QUESTION2_2_L -1 5.822e+02 5.930e+02)))
s>                ( - -1.033e+05 17 0 QUESTION2_6_L -1 5.485e+02 4.587e+02))
s>            ( QUESTION0_6_R 1 -1.417e+05 6.902e+02 6.824e+02
s>                ( - -1.301e+04 2 0 WDBNDRY_E 0 5.101e+02 7.008e+01)
s>                ( - -1.280e+05 27 0 WDBNDRY_E 0 6.484e+02 6.123e+02))))INFO: dtree.c(1315): Comp split 1
INFO: dtree.c(1439): stop. leaf nodes are specific
INFO: dtree.c(1478): Final simple tree
|( QUESTION0_16_R 1 -3.983e+04 5.531e+02 1.920e+02
|    ( - -2.522e+03 1 0)
|    ( - -3.676e+04 1 0))
s>    ( QUESTION0_16_R 1 -3.983e+04 5.531e+02 1.920e+02
s>        ( - -2.522e+03 1 0)
s>        ( - -3.676e+04 1 0))INFO: dtree.c(1478): Final simple tree
|( QUESTION2_1_L -1 -5.061e+05 1.174e+03 2.338e+03
|    ( QUESTION1 1 -3.633e+05 8.738e+02 1.655e+03
|        ( WDBNDRY_E 0 -2.590e+05 9.610e+02 1.197e+03
|            ( QUESTION0_2_R 1 -1.320e+05 7.087e+02 6.035e+02
|                ( - -6.294e+04 7 0 QUESTION2_10_L -1 5.372e+02 2.751e+02)
|                ( - -6.834e+04 10 0 QUESTION10 1 4.341e+02 3.284e+02))
|            ( QUESTION2_2_L -1 -1.261e+05 5.822e+02 5.930e+02
|                ( - -1.385e+04 3 0 QUESTION10 1 2.538e+02 6.792e+01)
|                ( - -1.117e+05 17 0 QUESTION0_4_R 1 5.577e+02 5.251e+02)))
|        ( - -1.033e+05 17 0 QUESTION2_6_L -1 5.485e+02 4.587e+02))
|    ( QUESTION0_6_R 1 -1.417e+05 6.902e+02 6.824e+02
|        ( - -1.301e+04 2 0 WDBNDRY_E 0 5.101e+02 7.008e+01)
|        ( WDBNDRY_E 0 -1.280e+05 6.484e+02 6.123e+02
|            ( - -8.808e+04 17 0 QUESTION12 -1 4.013e+02 4.242e+02)
|            ( - -3.923e+04 10 0 QUESTION0 -1 5.533e+02 1.882e+02))))
s>    ( QUESTION2_1_L -1 -5.061e+05 1.174e+03 2.338e+03
s>        ( QUESTION1 1 -3.633e+05 8.738e+02 1.655e+03
s>            ( WDBNDRY_E 0 -2.590e+05 9.610e+02 1.197e+03
s>                ( QUESTION0_2_R 1 -1.320e+05 7.087e+02 6.035e+02
s>                    ( - -6.294e+04 7 0 QUESTION2_10_L -1 5.372e+02 2.751e+02)
s>                    ( - -6.834e+04 10 0 QUESTION10 1 4.341e+02 3.284e+02))
s>                ( QUESTION2_2_L -1 -1.261e+05 5.822e+02 5.930e+02
s>                    ( - -1.385e+04 3 0 QUESTION10 1 2.538e+02 6.792e+01)
s>                    ( - -1.117e+05 17 0 QUESTION0_4_R 1 5.577e+02 5.251e+02)))
s>            ( - -1.033e+05 17 0 QUESTION2_6_L -1 5.485e+02 4.587e+02))
s>        ( QUESTION0_6_R 1 -1.417e+05 6.902e+02 6.824e+02
s>            ( - -1.301e+04 2 0 WDBNDRY_E 0 5.101e+02 7.008e+01)
s>            ( WDBNDRY_E 0 -1.280e+05 6.484e+02 6.123e+02
s>                ( - -8.808e+04 17 0 QUESTION12 -1 4.013e+02 4.242e+02)
s>                ( - -3.923e+04 10 0 QUESTION0 -1 5.533e+02 1.882e+02))))INFO: dtree.c(1315): Comp split 2
INFO: dtree.c(1478): Final simple tree
|( QUESTION0_2_R 1 -1.756e+05 1.092e+03 8.002e+02
|    ( QUESTION2_11_L -1 -8.464e+04 5.052e+02 3.722e+02
|        ( - -6.012e+03 1 0)
|        ( QUESTION0_3_R 1 -7.812e+04 3.993e+02 3.432e+02
|            ( QUESTION13 -1 -2.067e+04 3.621e+02 8.323e+01
|                ( - -1.477e+03 1 0)
|                ( - -1.883e+04 5 0 QUESTION10 -1 2.750e+02 7.723e+01))
|            ( QUESTION0_5_R 1 -5.705e+04 4.993e+02 2.600e+02
|                ( WDBNDRY_E 0 -5.197e+04 3.847e+02 2.350e+02
|                    ( - -4.405e+04 3 0 QUESTION10 -1 2.542e+02 1.997e+02)
|                    ( - -7.535e+03 2 0 QUESTION0_6_R 1 3.341e+02 3.523e+01))
|                ( - -4.579e+03 1 0))))
|    ( QUESTION10 1 -8.984e+04 3.841e+02 4.280e+02
|        ( - -1.603e+04 4 0 QUESTION2 -1 3.039e+02 7.873e+01)
|        ( - -7.343e+04 7 0 QUESTION10 -1 3.385e+02 3.493e+02)))
s>    ( QUESTION0_2_R 1 -1.756e+05 1.092e+03 8.002e+02
s>        ( QUESTION2_11_L -1 -8.464e+04 5.052e+02 3.722e+02
s>            ( - -6.012e+03 1 0)
s>            ( QUESTION0_3_R 1 -7.812e+04 3.993e+02 3.432e+02
s>                ( QUESTION13 -1 -2.067e+04 3.621e+02 8.323e+01
s>                    ( - -1.477e+03 1 0)
s>                    ( - -1.883e+04 5 0 QUESTION10 -1 2.750e+02 7.723e+01))
s>                ( QUESTION0_5_R 1 -5.705e+04 4.993e+02 2.600e+02
s>                    ( WDBNDRY_E 0 -5.197e+04 3.847e+02 2.350e+02
s>                        ( - -4.405e+04 3 0 QUESTION10 -1 2.542e+02 1.997e+02)
s>                        ( - -7.535e+03 2 0 QUESTION0_6_R 1 3.341e+02 3.523e+01))
s>                    ( - -4.579e+03 1 0))))
s>        ( QUESTION10 1 -8.984e+04 3.841e+02 4.280e+02
s>            ( - -1.603e+04 4 0 QUESTION2 -1 3.039e+02 7.873e+01)
s>            ( - -7.343e+04 7 0 QUESTION10 -1 3.385e+02 3.493e+02)))INFO: dtree.c(1478): Final simple tree
|( QUESTION0_0_R 1 -3.289e+05 7.935e+02 1.537e+03
|    ( QUESTION0_6_R 1 -1.496e+05 6.625e+02 7.258e+02
|        ( WDBNDRY_E 0 -1.301e+04 5.101e+02 7.008e+01
|            ( - 2.075e+02 1 0)
|            ( - -1.271e+04 1 0))
|        ( QUESTION11 -1 -1.359e+05 4.351e+02 6.557e+02
|            ( - -5.539e+04 11 0 QUESTION12 1 3.637e+02 2.717e+02)
|            ( - -8.008e+04 12 0 WDBNDRY_E 0 4.319e+02 3.840e+02)))
|    ( QUESTION0 -1 -1.785e+05 6.514e+02 8.116e+02
|        ( - -7.267e+03 1 0)
|        ( WDBNDRY_E 0 -1.706e+05 5.971e+02 7.716e+02
|            ( QUESTION2_6_L -1 -1.013e+05 6.862e+02 4.622e+02
|                ( - -2.292e+04 2 0 SILENCE 1 2.739e+02 1.063e+02)
|                ( - -7.774e+04 15 0 QUESTION14 1 3.923e+02 3.559e+02))
|            ( - -6.865e+04 16 0 QUESTION0_15_R 1 4.340e+02 3.094e+02))))
s>    ( QUESTION0_0_R 1 -3.289e+05 7.935e+02 1.537e+03
s>        ( QUESTION0_6_R 1 -1.496e+05 6.625e+02 7.258e+02
s>            ( WDBNDRY_E 0 -1.301e+04 5.101e+02 7.008e+01
s>                ( - 2.075e+02 1 0)
s>                ( - -1.271e+04 1 0))
s>            ( QUESTION11 -1 -1.359e+05 4.351e+02 6.557e+02
s>                ( - -5.539e+04 11 0 QUESTION12 1 3.637e+02 2.717e+02)
s>                ( - -8.008e+04 12 0 WDBNDRY_E 0 4.319e+02 3.840e+02)))
s>        ( QUESTION0 -1 -1.785e+05 6.514e+02 8.116e+02
s>            ( - -7.267e+03 1 0)
s>            ( WDBNDRY_E 0 -1.706e+05 5.971e+02 7.716e+02
s>                ( QUESTION2_6_L -1 -1.013e+05 6.862e+02 4.622e+02
s>                    ( - -2.292e+04 2 0 SILENCE 1 2.739e+02 1.063e+02)
s>                    ( - -7.774e+04 15 0 QUESTION14 1 3.923e+02 3.559e+02))
s>                ( - -6.865e+04 16 0 QUESTION0_15_R 1 4.340e+02 3.094e+02))))INFO: dtree.c(1315): Comp split 3
INFO: dtree.c(1478): Final simple tree
|( QUESTION0 -1 -1.288e+05 9.703e+02 6.190e+02
|    ( QUESTION0_1_R 1 -5.759e+04 5.081e+02 2.732e+02
|        ( QUESTION10 1 -1.479e+04 2.466e+02 7.244e+01
|            ( - -4.453e+03 1 0)
|            ( - -1.009e+04 2 0))
|        ( SILENCE 1 -4.229e+04 3.602e+02 2.007e+02
|            ( - -2.232e+03 1 0)
|            ( QUESTION0_6_R 1 -3.970e+04 3.297e+02 1.887e+02
|                ( - -1.214e+04 1 0)
|                ( QUESTION0_0_R 1 -2.723e+04 2.950e+02 1.300e+02
|                    ( - -5.454e+03 1 0)
|                    ( QUESTION0_14_R 1 -2.148e+04 2.322e+02 1.019e+02
|                        ( - -8.904e+03 1 0)
|                        ( - -1.234e+04 1 0))))))
|    ( - -7.022e+04 2 0))
s>    ( QUESTION0 -1 -1.288e+05 9.703e+02 6.190e+02
s>        ( QUESTION0_1_R 1 -5.759e+04 5.081e+02 2.732e+02
s>            ( QUESTION10 1 -1.479e+04 2.466e+02 7.244e+01
s>                ( - -4.453e+03 1 0)
s>                ( - -1.009e+04 2 0))
s>            ( SILENCE 1 -4.229e+04 3.602e+02 2.007e+02
s>                ( - -2.232e+03 1 0)
s>                ( QUESTION0_6_R 1 -3.970e+04 3.297e+02 1.887e+02
s>                    ( - -1.214e+04 1 0)
s>                    ( QUESTION0_0_R 1 -2.723e+04 2.950e+02 1.300e+02
s>                        ( - -5.454e+03 1 0)
s>                        ( QUESTION0_14_R 1 -2.148e+04 2.322e+02 1.019e+02
s>                            ( - -8.904e+03 1 0)
s>                            ( - -1.234e+04 1 0))))))
s>        ( - -7.022e+04 2 0))INFO: dtree.c(1315): Comp split 4
INFO: dtree.c(1478): Final simple tree
|( QUESTION0_3_R 1 -7.812e+04 3.993e+02 3.432e+02
|    ( QUESTION13 -1 -2.067e+04 3.621e+02 8.323e+01
|        ( - -1.477e+03 1 0)
|        ( QUESTION10 -1 -1.883e+04 2.750e+02 7.723e+01
|            ( - -1.423e+04 4 0 WDBNDRY_E 0 2.139e+02 5.639e+01)
|            ( - -4.331e+03 1 0)))
|    ( QUESTION0_5_R 1 -5.705e+04 4.993e+02 2.600e+02
|        ( WDBNDRY_E 0 -5.197e+04 3.847e+02 2.350e+02
|            ( QUESTION10 -1 -4.405e+04 2.542e+02 1.997e+02
|                ( - -4.121e+04 2 0)
|                ( - -2.592e+03 1 0))
|            ( QUESTION0_6_R 1 -7.535e+03 3.341e+02 3.523e+01
|                ( - -6.317e+03 1 0)
|                ( - -8.842e+02 1 0)))
|        ( - -4.579e+03 1 0)))
s>    ( QUESTION0_3_R 1 -7.812e+04 3.993e+02 3.432e+02
s>        ( QUESTION13 -1 -2.067e+04 3.621e+02 8.323e+01
s>            ( - -1.477e+03 1 0)
s>            ( QUESTION10 -1 -1.883e+04 2.750e+02 7.723e+01
s>                ( - -1.423e+04 4 0 WDBNDRY_E 0 2.139e+02 5.639e+01)
s>                ( - -4.331e+03 1 0)))
s>        ( QUESTION0_5_R 1 -5.705e+04 4.993e+02 2.600e+02
s>            ( WDBNDRY_E 0 -5.197e+04 3.847e+02 2.350e+02
s>                ( QUESTION10 -1 -4.405e+04 2.542e+02 1.997e+02
s>                    ( - -4.121e+04 2 0)
s>                    ( - -2.592e+03 1 0))
s>                ( QUESTION0_6_R 1 -7.535e+03 3.341e+02 3.523e+01
s>                    ( - -6.317e+03 1 0)
s>                    ( - -8.842e+02 1 0)))
s>            ( - -4.579e+03 1 0)))INFO: dtree.c(1478): Final simple tree
|( WDBNDRY_E 0 -9.633e+04 4.803e+02 4.570e+02
|    ( - -6.012e+03 1 0)
|    ( QUESTION10 1 -8.984e+04 3.841e+02 4.280e+02
|        ( QUESTION2 -1 -1.603e+04 3.039e+02 7.873e+01
|            ( QUESTION6 -1 -8.554e+03 2.495e+02 4.374e+01
|                ( - -7.885e+03 1 0)
|                ( - -4.193e+02 1 0))
|            ( - -7.170e+03 2 0 QUESTION10 -1 1.998e+02 3.498e+01))
|        ( QUESTION10 -1 -7.343e+04 3.385e+02 3.493e+02
|            ( QUESTION0_11_R 1 -5.768e+04 2.244e+02 2.737e+02
|                ( - -5.821e+02 1 0)
|                ( QUESTION0_13_R 1 -5.688e+04 2.223e+02 2.707e+02
|                    ( - -2.471e+02 1 0)
|                    ( - -5.641e+04 4 0 QUESTION0_0_R 1 1.860e+02 2.687e+02)))
|            ( - -1.541e+04 1 0))))
s>    ( WDBNDRY_E 0 -9.633e+04 4.803e+02 4.570e+02
s>        ( - -6.012e+03 1 0)
s>        ( QUESTION10 1 -8.984e+04 3.841e+02 4.280e+02
s>            ( QUESTION2 -1 -1.603e+04 3.039e+02 7.873e+01
s>                ( QUESTION6 -1 -8.554e+03 2.495e+02 4.374e+01
s>                    ( - -7.885e+03 1 0)
s>                    ( - -4.193e+02 1 0))
s>                ( - -7.170e+03 2 0 QUESTION10 -1 1.998e+02 3.498e+01))
s>            ( QUESTION10 -1 -7.343e+04 3.385e+02 3.493e+02
s>                ( QUESTION0_11_R 1 -5.768e+04 2.244e+02 2.737e+02
s>                    ( - -5.821e+02 1 0)
s>                    ( QUESTION0_13_R 1 -5.688e+04 2.223e+02 2.707e+02
s>                        ( - -2.471e+02 1 0)
s>                        ( - -5.641e+04 4 0 QUESTION0_0_R 1 1.860e+02 2.687e+02)))
s>                ( - -1.541e+04 1 0))))INFO: dtree.c(1315): Comp split 5
INFO: dtree.c(1478): Final simple tree
|( QUESTION0_6_R 1 -2.279e+05 7.009e+02 1.082e+03
|    ( WDBNDRY_E 0 -1.301e+04 5.101e+02 7.008e+01
|        ( - 2.075e+02 1 0)
|        ( - -1.271e+04 1 0))
|    ( QUESTION12 1 -2.141e+05 5.261e+02 1.012e+03
|        ( QUESTION2_0_L -1 -1.016e+05 4.981e+02 4.938e+02
|            ( WDBNDRY_E 0 -7.111e+04 4.491e+02 3.452e+02
|                ( QUESTION15 -1 -5.883e+04 4.337e+02 2.863e+02
|                    ( - -8.602e+03 1 0)
|                    ( - -4.980e+04 5 0 QUESTION0_0_R 1 3.138e+02 2.428e+02))
|                ( - -1.183e+04 2 0))
|            ( - -3.001e+04 5 0 WDBNDRY_I 0 3.377e+02 1.486e+02))
|        ( QUESTION12 -1 -1.120e+05 4.733e+02 5.179e+02
|            ( - -3.867e+04 8 0 QUESTION0_0_R 1 3.414e+02 1.829e+02)
|            ( - -7.284e+04 17 0 QUESTION2_9_L -1 4.271e+02 3.350e+02))))
s>    ( QUESTION0_6_R 1 -2.279e+05 7.009e+02 1.082e+03
s>        ( WDBNDRY_E 0 -1.301e+04 5.101e+02 7.008e+01
s>            ( - 2.075e+02 1 0)
s>            ( - -1.271e+04 1 0))
s>        ( QUESTION12 1 -2.141e+05 5.261e+02 1.012e+03
s>            ( QUESTION2_0_L -1 -1.016e+05 4.981e+02 4.938e+02
s>                ( WDBNDRY_E 0 -7.111e+04 4.491e+02 3.452e+02
s>                    ( QUESTION15 -1 -5.883e+04 4.337e+02 2.863e+02
s>                        ( - -8.602e+03 1 0)
s>                        ( - -4.980e+04 5 0 QUESTION0_0_R 1 3.138e+02 2.428e+02))
s>                    ( - -1.183e+04 2 0))
s>                ( - -3.001e+04 5 0 WDBNDRY_I 0 3.377e+02 1.486e+02))
s>            ( QUESTION12 -1 -1.120e+05 4.733e+02 5.179e+02
s>                ( - -3.867e+04 8 0 QUESTION0_0_R 1 3.414e+02 1.829e+02)
s>                ( - -7.284e+04 17 0 QUESTION2_9_L -1 4.271e+02 3.350e+02))))INFO: dtree.c(1478): Final simple tree
|( QUESTION0 -1 -9.993e+04 6.370e+02 4.557e+02
|    ( - -7.267e+03 1 0)
|    ( SILENCE 1 -9.203e+04 5.099e+02 4.157e+02
|        ( - -1.994e+04 1 0)
|        ( WDBNDRY_I 0 -7.158e+04 4.367e+02 3.224e+02
|            ( QUESTION2_11_L -1 -5.195e+04 3.660e+02 2.342e+02
|                ( QUESTION0_14_R 1 -1.824e+04 6.020e+02 7.990e+01
|                    ( - -1.147e+04 1 0)
|                    ( - -6.173e+03 1 0))
|                ( QUESTION2_14_L -1 -3.334e+04 3.276e+02 1.543e+02
|                    ( - -3.307e+03 2 0 QUESTION0_9_R 1 3.152e+02 1.800e+01)
|                    ( - -2.971e+04 10 0 QUESTION12 -1 3.110e+02 1.363e+02)))
|            ( QUESTION0_15_R 1 -1.919e+04 4.593e+02 8.821e+01
|                ( - -5.754e+03 1 0)
|                ( - -1.298e+04 2 0 WDBNDRY_B 0 2.485e+02 6.205e+01)))))
s>    ( QUESTION0 -1 -9.993e+04 6.370e+02 4.557e+02
s>        ( - -7.267e+03 1 0)
s>        ( SILENCE 1 -9.203e+04 5.099e+02 4.157e+02
s>            ( - -1.994e+04 1 0)
s>            ( WDBNDRY_I 0 -7.158e+04 4.367e+02 3.224e+02
s>                ( QUESTION2_11_L -1 -5.195e+04 3.660e+02 2.342e+02
s>                    ( QUESTION0_14_R 1 -1.824e+04 6.020e+02 7.990e+01
s>                        ( - -1.147e+04 1 0)
s>                        ( - -6.173e+03 1 0))
s>                    ( QUESTION2_14_L -1 -3.334e+04 3.276e+02 1.543e+02
s>                        ( - -3.307e+03 2 0 QUESTION0_9_R 1 3.152e+02 1.800e+01)
s>                        ( - -2.971e+04 10 0 QUESTION12 -1 3.110e+02 1.363e+02)))
s>                ( QUESTION0_15_R 1 -1.919e+04 4.593e+02 8.821e+01
s>                    ( - -5.754e+03 1 0)
s>                    ( - -1.298e+04 2 0 WDBNDRY_B 0 2.485e+02 6.205e+01)))))INFO: dtree.c(1315): Comp split 6
INFO: dtree.c(1439): stop. leaf nodes are specific
INFO: dtree.c(1478): Final simple tree
|( QUESTION0_1_R 1 -5.759e+04 5.081e+02 2.732e+02
|    ( QUESTION10 1 -1.479e+04 2.466e+02 7.244e+01
|        ( - -4.453e+03 1 0)
|        ( - -1.009e+04 2 0))
|    ( SILENCE 1 -4.229e+04 3.602e+02 2.007e+02
|        ( - -2.232e+03 1 0)
|        ( QUESTION0_6_R 1 -3.970e+04 3.297e+02 1.887e+02
|            ( - -1.214e+04 1 0)
|            ( QUESTION0_0_R 1 -2.723e+04 2.950e+02 1.300e+02
|                ( - -5.454e+03 1 0)
|                ( QUESTION0_14_R 1 -2.148e+04 2.322e+02 1.019e+02
|                    ( - -8.904e+03 1 0)
|                    ( - -1.234e+04 1 0))))))
s>    ( QUESTION0_1_R 1 -5.759e+04 5.081e+02 2.732e+02
s>        ( QUESTION10 1 -1.479e+04 2.466e+02 7.244e+01
s>            ( - -4.453e+03 1 0)
s>            ( - -1.009e+04 2 0))
s>        ( SILENCE 1 -4.229e+04 3.602e+02 2.007e+02
s>            ( - -2.232e+03 1 0)
s>            ( QUESTION0_6_R 1 -3.970e+04 3.297e+02 1.887e+02
s>                ( - -1.214e+04 1 0)
s>                ( QUESTION0_0_R 1 -2.723e+04 2.950e+02 1.300e+02
s>                    ( - -5.454e+03 1 0)
s>                    ( QUESTION0_14_R 1 -2.148e+04 2.322e+02 1.019e+02
s>                        ( - -8.904e+03 1 0)
s>                        ( - -1.234e+04 1 0))))))INFO: dtree.c(1315): Comp split 7
INFO: dtree.c(1439): stop. leaf nodes are specific
INFO: dtree.c(1478): Final simple tree
|( QUESTION0 -1 -2.284e+04 5.310e+02 1.150e+02
|    ( - -7.267e+03 1 0)
|    ( QUESTION0_9_R 1 -1.504e+04 3.537e+02 7.501e+01
|        ( - -6.200e+02 1 0)
|        ( QUESTION0_14_R 1 -1.407e+04 2.282e+02 7.001e+01
|            ( - -1.147e+04 1 0)
|            ( - -2.371e+03 1 0))))
s>    ( QUESTION0 -1 -2.284e+04 5.310e+02 1.150e+02
s>        ( - -7.267e+03 1 0)
s>        ( QUESTION0_9_R 1 -1.504e+04 3.537e+02 7.501e+01
s>            ( - -6.200e+02 1 0)
s>            ( QUESTION0_14_R 1 -1.407e+04 2.282e+02 7.001e+01
s>                ( - -1.147e+04 1 0)
s>                ( - -2.371e+03 1 0))))INFO: dtree.c(1478): Final simple tree
|( SILENCE 1 -7.631e+04 5.366e+02 3.407e+02
|    ( - -1.994e+04 1 0)
|    ( QUESTION0_15_R 1 -5.583e+04 3.834e+02 2.474e+02
|        ( WDBNDRY_B 0 -1.427e+04 4.004e+02 5.705e+01
|            ( - -5.754e+03 1 0)
|            ( QUESTION2 -1 -8.115e+03 2.651e+02 3.089e+01
|                ( - -1.677e+03 1 0)
|                ( - -6.173e+03 1 0)))
|        ( WDBNDRY_I 0 -4.118e+04 3.563e+02 1.904e+02
|            ( QUESTION12 -1 -2.784e+04 3.048e+02 1.283e+02
|                ( - -2.466e+03 1 0)
|                ( QUESTION0_9_R 1 -2.507e+04 2.593e+02 1.144e+02
|                    ( - -1.150e+03 1 0)
|                    ( - -2.366e+04 7 0 QUESTION4 -1 2.150e+02 1.094e+02)))
|            ( - -1.298e+04 2 0 WDBNDRY_B 0 2.485e+02 6.205e+01))))
s>    ( SILENCE 1 -7.631e+04 5.366e+02 3.407e+02
s>        ( - -1.994e+04 1 0)
s>        ( QUESTION0_15_R 1 -5.583e+04 3.834e+02 2.474e+02
s>            ( WDBNDRY_B 0 -1.427e+04 4.004e+02 5.705e+01
s>                ( - -5.754e+03 1 0)
s>                ( QUESTION2 -1 -8.115e+03 2.651e+02 3.089e+01
s>                    ( - -1.677e+03 1 0)
s>                    ( - -6.173e+03 1 0)))
s>            ( WDBNDRY_I 0 -4.118e+04 3.563e+02 1.904e+02
s>                ( QUESTION12 -1 -2.784e+04 3.048e+02 1.283e+02
s>                    ( - -2.466e+03 1 0)
s>                    ( QUESTION0_9_R 1 -2.507e+04 2.593e+02 1.144e+02
s>                        ( - -1.150e+03 1 0)
s>                        ( - -2.366e+04 7 0 QUESTION4 -1 2.150e+02 1.094e+02)))
s>                ( - -1.298e+04 2 0 WDBNDRY_B 0 2.485e+02 6.205e+01))))INFO: dtree.c(1315): Comp split 8
INFO: dtree.c(1478): Final simple tree
|( QUESTION12 1 -2.144e+05 5.281e+02 1.013e+03
|    ( QUESTION2_0_L -1 -1.016e+05 4.981e+02 4.938e+02
|        ( WDBNDRY_E 0 -7.111e+04 4.491e+02 3.452e+02
|            ( QUESTION15 -1 -5.883e+04 4.337e+02 2.863e+02
|                ( - -8.602e+03 1 0)
|                ( - -4.980e+04 5 0 QUESTION0_0_R 1 3.138e+02 2.428e+02))
|            ( - -1.183e+04 2 0))
|        ( - -3.001e+04 5 0 WDBNDRY_I 0 3.377e+02 1.486e+02))
|    ( QUESTION12 -1 -1.122e+05 4.642e+02 5.189e+02
|        ( - -3.867e+04 8 0 QUESTION0_0_R 1 3.414e+02 1.829e+02)
|        ( QUESTION0_6_R 1 -7.310e+04 4.610e+02 3.360e+02
|            ( - 2.075e+02 1 0)
|            ( QUESTION2_9_L -1 -7.284e+04 4.271e+02 3.350e+02
|                ( - -4.807e+04 8 0 QUESTION0_14_R 1 3.970e+02 2.161e+02)
|                ( - -2.435e+04 9 0 QUESTION2_14_L -1 4.428e+02 1.189e+02)))))
s>    ( QUESTION12 1 -2.144e+05 5.281e+02 1.013e+03
s>        ( QUESTION2_0_L -1 -1.016e+05 4.981e+02 4.938e+02
s>            ( WDBNDRY_E 0 -7.111e+04 4.491e+02 3.452e+02
s>                ( QUESTION15 -1 -5.883e+04 4.337e+02 2.863e+02
s>                    ( - -8.602e+03 1 0)
s>                    ( - -4.980e+04 5 0 QUESTION0_0_R 1 3.138e+02 2.428e+02))
s>                ( - -1.183e+04 2 0))
s>            ( - -3.001e+04 5 0 WDBNDRY_I 0 3.377e+02 1.486e+02))
s>        ( QUESTION12 -1 -1.122e+05 4.642e+02 5.189e+02
s>            ( - -3.867e+04 8 0 QUESTION0_0_R 1 3.414e+02 1.829e+02)
s>            ( QUESTION0_6_R 1 -7.310e+04 4.610e+02 3.360e+02
s>                ( - 2.075e+02 1 0)
s>                ( QUESTION2_9_L -1 -7.284e+04 4.271e+02 3.350e+02
s>                    ( - -4.807e+04 8 0 QUESTION0_14_R 1 3.970e+02 2.161e+02)
s>                    ( - -2.435e+04 9 0 QUESTION2_14_L -1 4.428e+02 1.189e+02)))))INFO: dtree.c(1315): Comp split 9
INFO: dtree.c(1478): Final simple tree
|( QUESTION12 1 -8.363e+04 4.479e+02 4.052e+02
|    ( QUESTION15 -1 -5.883e+04 4.337e+02 2.863e+02
|        ( - -8.602e+03 1 0)
|        ( QUESTION0_0_R 1 -4.980e+04 3.138e+02 2.428e+02
|            ( - -4.500e+04 4 0 QUESTION2 -1 1.909e+02 2.182e+02)
|            ( - -4.483e+03 1 0)))
|    ( QUESTION2_14_L -1 -2.435e+04 4.428e+02 1.189e+02
|        ( - -8.189e+03 3 0 SILENCE 1 2.596e+02 4.463e+01)
|        ( SILENCE 1 -1.572e+04 3.183e+02 7.424e+01
|            ( - -2.996e+03 1 0)
|            ( QUESTION2_2_L -1 -1.240e+04 3.198e+02 5.724e+01
|                ( - -4.279e+03 2 0 WDBNDRY_E 0 1.625e+02 2.026e+01)
|                ( QUESTION0_2_R 1 -7.805e+03 2.643e+02 3.698e+01
|                    ( - -2.358e+03 1 0)
|                    ( - -5.182e+03 2 0 QUESTION0_0_R 1 1.546e+02 2.498e+01))))))
s>    ( QUESTION12 1 -8.363e+04 4.479e+02 4.052e+02
s>        ( QUESTION15 -1 -5.883e+04 4.337e+02 2.863e+02
s>            ( - -8.602e+03 1 0)
s>            ( QUESTION0_0_R 1 -4.980e+04 3.138e+02 2.428e+02
s>                ( - -4.500e+04 4 0 QUESTION2 -1 1.909e+02 2.182e+02)
s>                ( - -4.483e+03 1 0)))
s>        ( QUESTION2_14_L -1 -2.435e+04 4.428e+02 1.189e+02
s>            ( - -8.189e+03 3 0 SILENCE 1 2.596e+02 4.463e+01)
s>            ( SILENCE 1 -1.572e+04 3.183e+02 7.424e+01
s>                ( - -2.996e+03 1 0)
s>                ( QUESTION2_2_L -1 -1.240e+04 3.198e+02 5.724e+01
s>                    ( - -4.279e+03 2 0 WDBNDRY_E 0 1.625e+02 2.026e+01)
s>                    ( QUESTION0_2_R 1 -7.805e+03 2.643e+02 3.698e+01
s>                        ( - -2.358e+03 1 0)
s>                        ( - -5.182e+03 2 0 QUESTION0_0_R 1 1.546e+02 2.498e+01))))))INFO: dtree.c(1478): Final simple tree
|( QUESTION0_5_R 1 -1.300e+05 4.516e+02 6.075e+02
|    ( - 2.075e+02 1 0)
|    ( QUESTION12 1 -1.297e+05 4.381e+02 6.065e+02
|        ( WDBNDRY_E 0 -4.218e+04 3.936e+02 2.075e+02
|            ( - -2.497e+04 3 0)
|            ( - -1.682e+04 4 0 WDBNDRY_B 0 2.928e+02 8.391e+01))
|        ( QUESTION10 -1 -8.711e+04 3.724e+02 3.990e+02
|            ( QUESTION0_0_R 1 -4.552e+04 3.839e+02 2.031e+02
|                ( - -1.309e+04 3 0)
|                ( - -3.205e+04 4 0 QUESTION2_10_L -1 2.118e+02 1.382e+02))
|            ( QUESTION0_0_R 1 -4.121e+04 3.454e+02 1.959e+02
|                ( WDBNDRY_E 0 -9.438e+03 3.087e+02 4.599e+01
|                    ( - -7.280e+03 2 0 QUESTION10 1 3.048e+02 3.499e+01)
|                    ( - -1.849e+03 1 0))
|                ( - -3.143e+04 6 0 QUESTION0_15_R 1 2.700e+02 1.499e+02)))))
s>    ( QUESTION0_5_R 1 -1.300e+05 4.516e+02 6.075e+02
s>        ( - 2.075e+02 1 0)
s>        ( QUESTION12 1 -1.297e+05 4.381e+02 6.065e+02
s>            ( WDBNDRY_E 0 -4.218e+04 3.936e+02 2.075e+02
s>                ( - -2.497e+04 3 0)
s>                ( - -1.682e+04 4 0 WDBNDRY_B 0 2.928e+02 8.391e+01))
s>            ( QUESTION10 -1 -8.711e+04 3.724e+02 3.990e+02
s>                ( QUESTION0_0_R 1 -4.552e+04 3.839e+02 2.031e+02
s>                    ( - -1.309e+04 3 0)
s>                    ( - -3.205e+04 4 0 QUESTION2_10_L -1 2.118e+02 1.382e+02))
s>                ( QUESTION0_0_R 1 -4.121e+04 3.454e+02 1.959e+02
s>                    ( WDBNDRY_E 0 -9.438e+03 3.087e+02 4.599e+01
s>                        ( - -7.280e+03 2 0 QUESTION10 1 3.048e+02 3.499e+01)
s>                        ( - -1.849e+03 1 0))
s>                    ( - -3.143e+04 6 0 QUESTION0_15_R 1 2.700e+02 1.499e+02)))))INFO: dtree.c(1315): Comp split 10
INFO: dtree.c(1439): stop. leaf nodes are specific
INFO: dtree.c(1478): Final simple tree
|( QUESTION0_0_R 1 -3.394e+04 3.206e+02 1.606e+02
|    ( - -1.214e+04 1 0)
|    ( QUESTION0_14_R 1 -2.148e+04 2.322e+02 1.019e+02
|        ( - -8.904e+03 1 0)
|        ( - -1.234e+04 1 0)))
s>    ( QUESTION0_0_R 1 -3.394e+04 3.206e+02 1.606e+02
s>        ( - -1.214e+04 1 0)
s>        ( QUESTION0_14_R 1 -2.148e+04 2.322e+02 1.019e+02
s>            ( - -8.904e+03 1 0)
s>            ( - -1.234e+04 1 0)))INFO: dtree.c(1439): stop. leaf nodes are specific
INFO: dtree.c(1478): Final simple tree
|( SILENCE 1 -2.305e+04 3.219e+02 1.125e+02
|    ( - -2.232e+03 1 0)
|    ( QUESTION11 1 -2.050e+04 3.043e+02 1.005e+02
|        ( - -1.009e+04 2 0)
|        ( QUESTION0_1_R 1 -1.011e+04 2.019e+02 5.210e+01
|            ( - -4.453e+03 1 0)
|            ( - -5.454e+03 1 0))))
s>    ( SILENCE 1 -2.305e+04 3.219e+02 1.125e+02
s>        ( - -2.232e+03 1 0)
s>        ( QUESTION11 1 -2.050e+04 3.043e+02 1.005e+02
s>            ( - -1.009e+04 2 0)
s>            ( QUESTION0_1_R 1 -1.011e+04 2.019e+02 5.210e+01
s>                ( - -4.453e+03 1 0)
s>                ( - -5.454e+03 1 0))))INFO: dtree.c(1315): Comp split 11
INFO: dtree.c(1439): stop. leaf nodes are specific
INFO: dtree.c(1478): Final simple tree
|( QUESTION6 -1 -6.608e+04 3.086e+02 3.155e+02
|    ( - -7.885e+03 1 0)
|    ( QUESTION2 -1 -5.788e+04 2.481e+02 2.747e+02
|        ( - -4.193e+02 1 0)
|        ( QUESTION0_11_R 1 -5.721e+04 2.249e+02 2.717e+02
|            ( - -5.821e+02 1 0)
|            ( QUESTION0_0_R 1 -5.641e+04 1.860e+02 2.687e+02
|                ( - -5.467e+04 3 0)
|                ( - -1.550e+03 1 0)))))
s>    ( QUESTION6 -1 -6.608e+04 3.086e+02 3.155e+02
s>        ( - -7.885e+03 1 0)
s>        ( QUESTION2 -1 -5.788e+04 2.481e+02 2.747e+02
s>            ( - -4.193e+02 1 0)
s>            ( QUESTION0_11_R 1 -5.721e+04 2.249e+02 2.717e+02
s>                ( - -5.821e+02 1 0)
s>                ( QUESTION0_0_R 1 -5.641e+04 1.860e+02 2.687e+02
s>                    ( - -5.467e+04 3 0)
s>                    ( - -1.550e+03 1 0)))))INFO: dtree.c(1439): stop. leaf nodes are specific
INFO: dtree.c(1478): Final simple tree
|( WDBNDRY_E 0 -2.969e+04 3.443e+02 1.416e+02
|    ( - -6.012e+03 1 0)
|    ( QUESTION13 -1 -2.333e+04 2.811e+02 1.126e+02
|        ( - -1.541e+04 1 0)
|        ( QUESTION0_0_R 1 -7.642e+03 2.249e+02 3.698e+01
|            ( QUESTION10 -1 -7.170e+03 1.998e+02 3.498e+01
|                ( - -4.058e+03 1 0)
|                ( - -2.912e+03 1 0))
|            ( - -2.471e+02 1 0))))
s>    ( WDBNDRY_E 0 -2.969e+04 3.443e+02 1.416e+02
s>        ( - -6.012e+03 1 0)
s>        ( QUESTION13 -1 -2.333e+04 2.811e+02 1.126e+02
s>            ( - -1.541e+04 1 0)
s>            ( QUESTION0_0_R 1 -7.642e+03 2.249e+02 3.698e+01
s>                ( QUESTION10 -1 -7.170e+03 1.998e+02 3.498e+01
s>                    ( - -4.058e+03 1 0)
s>                    ( - -2.912e+03 1 0))
s>                ( - -2.471e+02 1 0))))INFO: dtree.c(1315): Comp split 12
INFO: dtree.c(1439): stop. leaf nodes are specific
INFO: dtree.c(1478): Final simple tree
|( WDBNDRY_E 0 -2.647e+04 3.603e+02 1.161e+02
|    ( - -1.994e+04 1 0)
|    ( - -6.173e+03 1 0))
s>    ( WDBNDRY_E 0 -2.647e+04 3.603e+02 1.161e+02
s>        ( - -1.994e+04 1 0)
s>        ( - -6.173e+03 1 0))INFO: dtree.c(1478): Final simple tree
|( WDBNDRY_I 0 -4.928e+04 3.763e+02 2.245e+02
|    ( QUESTION12 -1 -2.971e+04 3.110e+02 1.363e+02
|        ( - -2.466e+03 1 0)
|        ( QUESTION0_9_R 1 -2.693e+04 2.591e+02 1.224e+02
|            ( - -1.150e+03 1 0)
|            ( QUESTION4 -1 -2.552e+04 2.104e+02 1.174e+02
|                ( - -1.058e+03 1 0)
|                ( QUESTION0_14_R 1 -2.425e+04 1.885e+02 1.114e+02
|                    ( - -2.239e+04 6 0 QUESTION2 -1 1.886e+02 1.034e+02)
|                    ( - -1.677e+03 1 0)))))
|    ( QUESTION0_15_R 1 -1.919e+04 4.593e+02 8.821e+01
|        ( - -5.754e+03 1 0)
|        ( WDBNDRY_B 0 -1.298e+04 2.485e+02 6.205e+01
|            ( - -1.003e+04 1 0)
|            ( - -2.705e+03 1 0))))
s>    ( WDBNDRY_I 0 -4.928e+04 3.763e+02 2.245e+02
s>        ( QUESTION12 -1 -2.971e+04 3.110e+02 1.363e+02
s>            ( - -2.466e+03 1 0)
s>            ( QUESTION0_9_R 1 -2.693e+04 2.591e+02 1.224e+02
s>                ( - -1.150e+03 1 0)
s>                ( QUESTION4 -1 -2.552e+04 2.104e+02 1.174e+02
s>                    ( - -1.058e+03 1 0)
s>                    ( QUESTION0_14_R 1 -2.425e+04 1.885e+02 1.114e+02
s>                        ( - -2.239e+04 6 0 QUESTION2 -1 1.886e+02 1.034e+02)
s>                        ( - -1.677e+03 1 0)))))
s>        ( QUESTION0_15_R 1 -1.919e+04 4.593e+02 8.821e+01
s>            ( - -5.754e+03 1 0)
s>            ( WDBNDRY_B 0 -1.298e+04 2.485e+02 6.205e+01
s>                ( - -1.003e+04 1 0)
s>                ( - -2.705e+03 1 0))))INFO: dtree.c(1315): Comp split 13
INFO: dtree.c(1315): Comp split 14
INFO: dtree.c(1439): stop. leaf nodes are specific
INFO: dtree.c(1478): Final simple tree
|( QUESTION0_9_R 1 -1.504e+04 3.537e+02 7.501e+01
|    ( - -6.200e+02 1 0)
|    ( QUESTION0_14_R 1 -1.407e+04 2.282e+02 7.001e+01
|        ( - -1.147e+04 1 0)
|        ( - -2.371e+03 1 0)))
s>    ( QUESTION0_9_R 1 -1.504e+04 3.537e+02 7.501e+01
s>        ( - -6.200e+02 1 0)
s>        ( QUESTION0_14_R 1 -1.407e+04 2.282e+02 7.001e+01
s>            ( - -1.147e+04 1 0)
s>            ( - -2.371e+03 1 0)))INFO: dtree.c(1315): Comp split 15
INFO: dtree.c(1478): Final simple tree
|( QUESTION12 1 -6.895e+04 3.858e+02 3.315e+02
|    ( QUESTION15 -1 -5.883e+04 4.337e+02 2.863e+02
|        ( - -8.602e+03 1 0)
|        ( QUESTION0_0_R 1 -4.980e+04 3.138e+02 2.428e+02
|            ( QUESTION2 -1 -4.500e+04 1.909e+02 2.182e+02
|                ( - -2.593e+03 1 0)
|                ( - -4.221e+04 3 0))
|            ( - -4.483e+03 1 0)))
|    ( QUESTION10 -1 -9.728e+03 2.905e+02 4.524e+01
|        ( - -4.254e+03 1 0)
|        ( WDBNDRY_E 0 -5.183e+03 1.611e+02 2.426e+01
|            ( QUESTION2 -1 -3.259e+03 1.325e+02 1.526e+01
|                ( - -2.353e+03 1 0)
|                ( - -7.734e+02 1 0))
|            ( - -1.764e+03 1 0))))
s>    ( QUESTION12 1 -6.895e+04 3.858e+02 3.315e+02
s>        ( QUESTION15 -1 -5.883e+04 4.337e+02 2.863e+02
s>            ( - -8.602e+03 1 0)
s>            ( QUESTION0_0_R 1 -4.980e+04 3.138e+02 2.428e+02
s>                ( QUESTION2 -1 -4.500e+04 1.909e+02 2.182e+02
s>                    ( - -2.593e+03 1 0)
s>                    ( - -4.221e+04 3 0))
s>                ( - -4.483e+03 1 0)))
s>        ( QUESTION10 -1 -9.728e+03 2.905e+02 4.524e+01
s>            ( - -4.254e+03 1 0)
s>            ( WDBNDRY_E 0 -5.183e+03 1.611e+02 2.426e+01
s>                ( QUESTION2 -1 -3.259e+03 1.325e+02 1.526e+01
s>                    ( - -2.353e+03 1 0)
s>                    ( - -7.734e+02 1 0))
s>                ( - -1.764e+03 1 0))))INFO: dtree.c(1439): stop. leaf nodes are specific
INFO: dtree.c(1478): Final simple tree
|( QUESTION2 -1 -1.416e+04 4.151e+02 7.363e+01
|    ( SILENCE 1 -5.552e+03 1.977e+02 2.900e+01
|        ( - -2.996e+03 1 0)
|        ( - -2.358e+03 1 0))
|    ( SILENCE 1 -8.189e+03 2.596e+02 4.463e+01
|        ( - -1.768e+03 1 0)
|        ( QUESTION0_3_R 1 -6.162e+03 2.590e+02 3.363e+01
|            ( - -7.097e+02 1 0)
|            ( - -5.193e+03 1 0))))
s>    ( QUESTION2 -1 -1.416e+04 4.151e+02 7.363e+01
s>        ( SILENCE 1 -5.552e+03 1.977e+02 2.900e+01
s>            ( - -2.996e+03 1 0)
s>            ( - -2.358e+03 1 0))
s>        ( SILENCE 1 -8.189e+03 2.596e+02 4.463e+01
s>            ( - -1.768e+03 1 0)
s>            ( QUESTION0_3_R 1 -6.162e+03 2.590e+02 3.363e+01
s>                ( - -7.097e+02 1 0)
s>                ( - -5.193e+03 1 0))))INFO: dtree.c(1315): Comp split 16
INFO: dtree.c(1478): Final simple tree
|( QUESTION0_3_R 1 -7.303e+04 3.876e+02 3.182e+02
|    ( QUESTION13 -1 -2.067e+04 3.621e+02 8.323e+01
|        ( - -1.477e+03 1 0)
|        ( QUESTION10 -1 -1.883e+04 2.750e+02 7.723e+01
|            ( WDBNDRY_E 0 -1.423e+04 2.139e+02 5.639e+01
|                ( - -1.205e+04 3 0)
|                ( - -1.963e+03 1 0))
|            ( - -4.331e+03 1 0)))
|    ( WDBNDRY_E 0 -5.197e+04 3.847e+02 2.350e+02
|        ( QUESTION10 -1 -4.405e+04 2.542e+02 1.997e+02
|            ( - -4.121e+04 2 0)
|            ( - -2.592e+03 1 0))
|        ( QUESTION0_6_R 1 -7.535e+03 3.341e+02 3.523e+01
|            ( - -6.317e+03 1 0)
|            ( - -8.842e+02 1 0))))
s>    ( QUESTION0_3_R 1 -7.303e+04 3.876e+02 3.182e+02
s>        ( QUESTION13 -1 -2.067e+04 3.621e+02 8.323e+01
s>            ( - -1.477e+03 1 0)
s>            ( QUESTION10 -1 -1.883e+04 2.750e+02 7.723e+01
s>                ( WDBNDRY_E 0 -1.423e+04 2.139e+02 5.639e+01
s>                    ( - -1.205e+04 3 0)
s>                    ( - -1.963e+03 1 0))
s>                ( - -4.331e+03 1 0)))
s>        ( WDBNDRY_E 0 -5.197e+04 3.847e+02 2.350e+02
s>            ( QUESTION10 -1 -4.405e+04 2.542e+02 1.997e+02
s>                ( - -4.121e+04 2 0)
s>                ( - -2.592e+03 1 0))
s>            ( QUESTION0_6_R 1 -7.535e+03 3.341e+02 3.523e+01
s>                ( - -6.317e+03 1 0)
s>                ( - -8.842e+02 1 0))))INFO: dtree.c(1315): Comp split 17
INFO: dtree.c(1439): stop. leaf nodes are specific
INFO: dtree.c(1478): Final simple tree
|( QUESTION10 -1 -4.063e+04 4.013e+02 1.996e+02
|    ( - -1.309e+04 3 0)
|    ( WDBNDRY_E 0 -2.714e+04 3.205e+02 1.346e+02
|        ( - -2.497e+04 3 0)
|        ( - -1.849e+03 1 0)))
s>    ( QUESTION10 -1 -4.063e+04 4.013e+02 1.996e+02
s>        ( - -1.309e+04 3 0)
s>        ( WDBNDRY_E 0 -2.714e+04 3.205e+02 1.346e+02
s>            ( - -2.497e+04 3 0)
s>            ( - -1.849e+03 1 0)))INFO: dtree.c(1478): Final simple tree
|( QUESTION0_2_R 1 -8.883e+04 4.490e+02 4.079e+02
|    ( - 2.075e+02 1 0)
|    ( QUESTION6 -1 -8.859e+04 3.565e+02 4.069e+02
|        ( - -1.183e+04 2 0)
|        ( QUESTION12 -1 -7.640e+04 3.376e+02 3.480e+02
|            ( QUESTION0_0_R 1 -3.721e+04 3.380e+02 1.749e+02
|                ( QUESTION10 1 -7.976e+03 2.993e+02 3.799e+01
|                    ( - -9.129e+02 1 0)
|                    ( WDBNDRY_E 0 -6.764e+03 2.751e+02 3.199e+01
|                        ( - -6.062e+03 1 0)
|                        ( - -4.266e+02 1 0)))
|                ( - -2.890e+04 5 0 QUESTION0_15_R 1 2.399e+02 1.369e+02))
|            ( QUESTION0_15_R 1 -3.885e+04 2.688e+02 1.732e+02
|                ( - -2.299e+03 1 0)
|                ( - -3.628e+04 5 0 WDBNDRY_B 0 2.613e+02 1.602e+02)))))
s>    ( QUESTION0_2_R 1 -8.883e+04 4.490e+02 4.079e+02
s>        ( - 2.075e+02 1 0)
s>        ( QUESTION6 -1 -8.859e+04 3.565e+02 4.069e+02
s>            ( - -1.183e+04 2 0)
s>            ( QUESTION12 -1 -7.640e+04 3.376e+02 3.480e+02
s>                ( QUESTION0_0_R 1 -3.721e+04 3.380e+02 1.749e+02
s>                    ( QUESTION10 1 -7.976e+03 2.993e+02 3.799e+01
s>                        ( - -9.129e+02 1 0)
s>                        ( WDBNDRY_E 0 -6.764e+03 2.751e+02 3.199e+01
s>                            ( - -6.062e+03 1 0)
s>                            ( - -4.266e+02 1 0)))
s>                    ( - -2.890e+04 5 0 QUESTION0_15_R 1 2.399e+02 1.369e+02))
s>                ( QUESTION0_15_R 1 -3.885e+04 2.688e+02 1.732e+02
s>                    ( - -2.299e+03 1 0)
s>                    ( - -3.628e+04 5 0 WDBNDRY_B 0 2.613e+02 1.602e+02)))))INFO: dtree.c(1315): Comp split 18
INFO: dtree.c(1439): stop. leaf nodes are specific
INFO: dtree.c(1478): Final simple tree
|( QUESTION12 1 -5.986e+04 3.406e+02 2.881e+02
|    ( QUESTION0_0_R 1 -4.980e+04 3.138e+02 2.428e+02
|        ( QUESTION2 -1 -4.500e+04 1.909e+02 2.182e+02
|            ( - -2.593e+03 1 0)
|            ( - -4.221e+04 3 0))
|        ( - -4.483e+03 1 0))
|    ( QUESTION10 -1 -9.728e+03 2.905e+02 4.524e+01
|        ( - -4.254e+03 1 0)
|        ( WDBNDRY_E 0 -5.183e+03 1.611e+02 2.426e+01
|            ( QUESTION2 -1 -3.259e+03 1.325e+02 1.526e+01
|                ( - -2.353e+03 1 0)
|                ( - -7.734e+02 1 0))
|            ( - -1.764e+03 1 0))))
s>    ( QUESTION12 1 -5.986e+04 3.406e+02 2.881e+02
s>        ( QUESTION0_0_R 1 -4.980e+04 3.138e+02 2.428e+02
s>            ( QUESTION2 -1 -4.500e+04 1.909e+02 2.182e+02
s>                ( - -2.593e+03 1 0)
s>                ( - -4.221e+04 3 0))
s>            ( - -4.483e+03 1 0))
s>        ( QUESTION10 -1 -9.728e+03 2.905e+02 4.524e+01
s>            ( - -4.254e+03 1 0)
s>            ( WDBNDRY_E 0 -5.183e+03 1.611e+02 2.426e+01
s>                ( QUESTION2 -1 -3.259e+03 1.325e+02 1.526e+01
s>                    ( - -2.353e+03 1 0)
s>                    ( - -7.734e+02 1 0))
s>                ( - -1.764e+03 1 0))))INFO: dtree.c(1315): Comp split 19
INFO: dtree.c(1478): Final simple tree
|( WDBNDRY_I 0 -4.305e+04 3.577e+02 1.984e+02
|    ( QUESTION12 -1 -2.971e+04 3.110e+02 1.363e+02
|        ( - -2.466e+03 1 0)
|        ( QUESTION0_9_R 1 -2.693e+04 2.591e+02 1.224e+02
|            ( - -1.150e+03 1 0)
|            ( QUESTION4 -1 -2.552e+04 2.104e+02 1.174e+02
|                ( - -1.058e+03 1 0)
|                ( QUESTION0_14_R 1 -2.425e+04 1.885e+02 1.114e+02
|                    ( QUESTION2 -1 -2.239e+04 1.886e+02 1.034e+02
|                        ( - -2.265e+03 1 0)
|                        ( - -1.993e+04 5 0))
|                    ( - -1.677e+03 1 0)))))
|    ( WDBNDRY_B 0 -1.298e+04 2.485e+02 6.205e+01
|        ( - -1.003e+04 1 0)
|        ( - -2.705e+03 1 0)))
s>    ( WDBNDRY_I 0 -4.305e+04 3.577e+02 1.984e+02
s>        ( QUESTION12 -1 -2.971e+04 3.110e+02 1.363e+02
s>            ( - -2.466e+03 1 0)
s>            ( QUESTION0_9_R 1 -2.693e+04 2.591e+02 1.224e+02
s>                ( - -1.150e+03 1 0)
s>                ( QUESTION4 -1 -2.552e+04 2.104e+02 1.174e+02
s>                    ( - -1.058e+03 1 0)
s>                    ( QUESTION0_14_R 1 -2.425e+04 1.885e+02 1.114e+02
s>                        ( QUESTION2 -1 -2.239e+04 1.886e+02 1.034e+02
s>                            ( - -2.265e+03 1 0)
s>                            ( - -1.993e+04 5 0))
s>                        ( - -1.677e+03 1 0)))))
s>        ( WDBNDRY_B 0 -1.298e+04 2.485e+02 6.205e+01
s>            ( - -1.003e+04 1 0)
s>            ( - -2.705e+03 1 0)))INFO: dtree.c(1315): Comp split 20
INFO: dtree.c(1478): Final simple tree
|( QUESTION6 -1 -8.859e+04 3.565e+02 4.069e+02
|    ( - -1.183e+04 2 0)
|    ( QUESTION12 -1 -7.640e+04 3.376e+02 3.480e+02
|        ( QUESTION0_0_R 1 -3.721e+04 3.380e+02 1.749e+02
|            ( QUESTION10 1 -7.976e+03 2.993e+02 3.799e+01
|                ( - -9.129e+02 1 0)
|                ( WDBNDRY_E 0 -6.764e+03 2.751e+02 3.199e+01
|                    ( - -6.062e+03 1 0)
|                    ( - -4.266e+02 1 0)))
|            ( - -2.890e+04 5 0 QUESTION0_15_R 1 2.399e+02 1.369e+02))
|        ( QUESTION0_15_R 1 -3.885e+04 2.688e+02 1.732e+02
|            ( - -2.299e+03 1 0)
|            ( WDBNDRY_B 0 -3.628e+04 2.613e+02 1.602e+02
|                ( - -3.977e+03 1 0)
|                ( - -3.205e+04 4 0 QUESTION2_10_L -1 2.118e+02 1.382e+02)))))
s>    ( QUESTION6 -1 -8.859e+04 3.565e+02 4.069e+02
s>        ( - -1.183e+04 2 0)
s>        ( QUESTION12 -1 -7.640e+04 3.376e+02 3.480e+02
s>            ( QUESTION0_0_R 1 -3.721e+04 3.380e+02 1.749e+02
s>                ( QUESTION10 1 -7.976e+03 2.993e+02 3.799e+01
s>                    ( - -9.129e+02 1 0)
s>                    ( WDBNDRY_E 0 -6.764e+03 2.751e+02 3.199e+01
s>                        ( - -6.062e+03 1 0)
s>                        ( - -4.266e+02 1 0)))
s>                ( - -2.890e+04 5 0 QUESTION0_15_R 1 2.399e+02 1.369e+02))
s>            ( QUESTION0_15_R 1 -3.885e+04 2.688e+02 1.732e+02
s>                ( - -2.299e+03 1 0)
s>                ( WDBNDRY_B 0 -3.628e+04 2.613e+02 1.602e+02
s>                    ( - -3.977e+03 1 0)
s>                    ( - -3.205e+04 4 0 QUESTION2_10_L -1 2.118e+02 1.382e+02)))))INFO: dtree.c(1315): Comp split 21
INFO: dtree.c(1439): stop. leaf nodes are specific
INFO: dtree.c(1478): Final simple tree
|( QUESTION0_3_R 1 -8.114e+03 3.200e+02 3.523e+01
|    ( - -1.477e+03 1 0)
|    ( - -6.317e+03 1 0))
s>    ( QUESTION0_3_R 1 -8.114e+03 3.200e+02 3.523e+01
s>        ( - -1.477e+03 1 0)
s>        ( - -6.317e+03 1 0))INFO: dtree.c(1439): stop. leaf nodes are specific
INFO: dtree.c(1478): Final simple tree
|( QUESTION0_3_R 1 -6.447e+04 3.983e+02 2.830e+02
|    ( QUESTION10 -1 -1.883e+04 2.750e+02 7.723e+01
|        ( WDBNDRY_E 0 -1.423e+04 2.139e+02 5.639e+01
|            ( - -1.205e+04 3 0)
|            ( - -1.963e+03 1 0))
|        ( - -4.331e+03 1 0))
|    ( WDBNDRY_E 0 -4.524e+04 3.053e+02 2.057e+02
|        ( QUESTION10 -1 -4.405e+04 2.542e+02 1.997e+02
|            ( - -4.121e+04 2 0)
|            ( - -2.592e+03 1 0))
|        ( - -8.842e+02 1 0)))
s>    ( QUESTION0_3_R 1 -6.447e+04 3.983e+02 2.830e+02
s>        ( QUESTION10 -1 -1.883e+04 2.750e+02 7.723e+01
s>            ( WDBNDRY_E 0 -1.423e+04 2.139e+02 5.639e+01
s>                ( - -1.205e+04 3 0)
s>                ( - -1.963e+03 1 0))
s>            ( - -4.331e+03 1 0))
s>        ( WDBNDRY_E 0 -4.524e+04 3.053e+02 2.057e+02
s>            ( QUESTION10 -1 -4.405e+04 2.542e+02 1.997e+02
s>                ( - -4.121e+04 2 0)
s>                ( - -2.592e+03 1 0))
s>            ( - -8.842e+02 1 0)))INFO: dtree.c(1315): Comp split 22
INFO: dtree.c(1439): stop. leaf nodes are specific
INFO: dtree.c(1478): Final simple tree
|( SILENCE 1 -8.189e+03 2.596e+02 4.463e+01
|    ( - -1.768e+03 1 0)
|    ( QUESTION0_3_R 1 -6.162e+03 2.590e+02 3.363e+01
|        ( - -7.097e+02 1 0)
|        ( - -5.193e+03 1 0)))
s>    ( SILENCE 1 -8.189e+03 2.596e+02 4.463e+01
s>        ( - -1.768e+03 1 0)
s>        ( QUESTION0_3_R 1 -6.162e+03 2.590e+02 3.363e+01
s>            ( - -7.097e+02 1 0)
s>            ( - -5.193e+03 1 0)))INFO: dtree.c(1439): stop. leaf nodes are specific
INFO: dtree.c(1478): Final simple tree
|( SILENCE 1 -5.552e+03 1.977e+02 2.900e+01
|    ( - -2.996e+03 1 0)
|    ( - -2.358e+03 1 0))
s>    ( SILENCE 1 -5.552e+03 1.977e+02 2.900e+01
s>        ( - -2.996e+03 1 0)
s>        ( - -2.358e+03 1 0))INFO: dtree.c(1315): Comp split 23
INFO: dtree.c(1439): stop. leaf nodes are specific
INFO: dtree.c(1478): Final simple tree
|( QUESTION0_7_R 1 -2.285e+04 3.044e+02 9.623e+01
|    ( - -8.842e+02 1 0)
|    ( QUESTION12 -1 -2.167e+04 2.747e+02 9.023e+01
|        ( - -4.331e+03 1 0)
|        ( QUESTION2 1 -1.706e+04 2.420e+02 6.939e+01
|            ( WDBNDRY_E 0 -4.769e+03 2.136e+02 2.300e+01
|                ( - -2.592e+03 1 0)
|                ( - -1.963e+03 1 0))
|            ( - -1.205e+04 3 0))))
s>    ( QUESTION0_7_R 1 -2.285e+04 3.044e+02 9.623e+01
s>        ( - -8.842e+02 1 0)
s>        ( QUESTION12 -1 -2.167e+04 2.747e+02 9.023e+01
s>            ( - -4.331e+03 1 0)
s>            ( QUESTION2 1 -1.706e+04 2.420e+02 6.939e+01
s>                ( WDBNDRY_E 0 -4.769e+03 2.136e+02 2.300e+01
s>                    ( - -2.592e+03 1 0)
s>                    ( - -1.963e+03 1 0))
s>                ( - -1.205e+04 3 0))))INFO: dtree.c(1315): Comp split 24
INFO: dtree.c(1439): stop. leaf nodes are specific
INFO: dtree.c(1478): Final simple tree
|( QUESTION12 -1 -4.335e+04 2.984e+02 1.922e+02
|    ( WDBNDRY_E 0 -6.764e+03 2.751e+02 3.199e+01
|        ( - -6.062e+03 1 0)
|        ( - -4.266e+02 1 0))
|    ( WDBNDRY_B 0 -3.628e+04 2.613e+02 1.602e+02
|        ( - -3.977e+03 1 0)
|        ( QUESTION2_10_L -1 -3.205e+04 2.118e+02 1.382e+02
|            ( - -1.851e+04 2 0)
|            ( - -1.333e+04 2 0))))
s>    ( QUESTION12 -1 -4.335e+04 2.984e+02 1.922e+02
s>        ( WDBNDRY_E 0 -6.764e+03 2.751e+02 3.199e+01
s>            ( - -6.062e+03 1 0)
s>            ( - -4.266e+02 1 0))
s>        ( WDBNDRY_B 0 -3.628e+04 2.613e+02 1.602e+02
s>            ( - -3.977e+03 1 0)
s>            ( QUESTION2_10_L -1 -3.205e+04 2.118e+02 1.382e+02
s>                ( - -1.851e+04 2 0)
s>                ( - -1.333e+04 2 0))))INFO: dtree.c(1439): stop. leaf nodes are specific
INFO: dtree.c(1478): Final simple tree
|( QUESTION0_0_R 1 -4.483e+04 3.425e+02 2.148e+02
|    ( WDBNDRY_E 0 -1.306e+04 3.182e+02 6.492e+01
|        ( - -9.129e+02 1 0)
|        ( - -1.183e+04 2 0))
|    ( QUESTION0_15_R 1 -3.143e+04 2.700e+02 1.499e+02
|        ( QUESTION0_16_R 1 -8.097e+03 2.054e+02 3.804e+01
|            ( - -5.593e+03 1 0)
|            ( - -2.299e+03 1 0))
|        ( SILENCE 1 -2.306e+04 2.244e+02 1.118e+02
|            ( - -4.096e+03 2 0)
|            ( - -1.874e+04 2 0))))
s>    ( QUESTION0_0_R 1 -4.483e+04 3.425e+02 2.148e+02
s>        ( WDBNDRY_E 0 -1.306e+04 3.182e+02 6.492e+01
s>            ( - -9.129e+02 1 0)
s>            ( - -1.183e+04 2 0))
s>        ( QUESTION0_15_R 1 -3.143e+04 2.700e+02 1.499e+02
s>            ( QUESTION0_16_R 1 -8.097e+03 2.054e+02 3.804e+01
s>                ( - -5.593e+03 1 0)
s>                ( - -2.299e+03 1 0))
s>            ( SILENCE 1 -2.306e+04 2.244e+02 1.118e+02
s>                ( - -4.096e+03 2 0)
s>                ( - -1.874e+04 2 0))))INFO: dtree.c(1315): Comp split 25
INFO: dtree.c(1439): stop. leaf nodes are specific
INFO: dtree.c(1478): Final simple tree
|( WDBNDRY_E 0 -2.714e+04 3.205e+02 1.346e+02
|    ( - -2.497e+04 3 0)
|    ( - -1.849e+03 1 0))
s>    ( WDBNDRY_E 0 -2.714e+04 3.205e+02 1.346e+02
s>        ( - -2.497e+04 3 0)
s>        ( - -1.849e+03 1 0))INFO: dtree.c(1315): Comp split 26
INFO: dtree.c(1439): stop. leaf nodes are specific
INFO: dtree.c(1478): Final simple tree
|( WDBNDRY_E 0 -5.183e+03 1.611e+02 2.426e+01
|    ( QUESTION2 -1 -3.259e+03 1.325e+02 1.526e+01
|        ( - -2.353e+03 1 0)
|        ( - -7.734e+02 1 0))
|    ( - -1.764e+03 1 0))
s>    ( WDBNDRY_E 0 -5.183e+03 1.611e+02 2.426e+01
s>        ( QUESTION2 -1 -3.259e+03 1.325e+02 1.526e+01
s>            ( - -2.353e+03 1 0)
s>            ( - -7.734e+02 1 0))
s>        ( - -1.764e+03 1 0))INFO: dtree.c(1439): stop. leaf nodes are specific
INFO: dtree.c(1478): Final simple tree
|( QUESTION0_0_R 1 -5.430e+04 3.117e+02 2.638e+02
|    ( QUESTION10 1 -4.951e+04 2.546e+02 2.392e+02
|        ( - -4.254e+03 1 0)
|        ( QUESTION2 -1 -4.500e+04 1.909e+02 2.182e+02
|            ( - -2.593e+03 1 0)
|            ( - -4.221e+04 3 0)))
|    ( - -4.483e+03 1 0))
s>    ( QUESTION0_0_R 1 -5.430e+04 3.117e+02 2.638e+02
s>        ( QUESTION10 1 -4.951e+04 2.546e+02 2.392e+02
s>            ( - -4.254e+03 1 0)
s>            ( QUESTION2 -1 -4.500e+04 1.909e+02 2.182e+02
s>                ( - -2.593e+03 1 0)
s>                ( - -4.221e+04 3 0)))
s>        ( - -4.483e+03 1 0))INFO: dtree.c(1315): Comp split 27
INFO: dtree.c(1315): Comp split 28
INFO: dtree.c(1439): stop. leaf nodes are specific
INFO: dtree.c(1478): Final simple tree
|( QUESTION12 -1 -2.971e+04 3.110e+02 1.363e+02
|    ( - -2.466e+03 1 0)
|    ( QUESTION0_9_R 1 -2.693e+04 2.591e+02 1.224e+02
|        ( - -1.150e+03 1 0)
|        ( QUESTION4 -1 -2.552e+04 2.104e+02 1.174e+02
|            ( - -1.058e+03 1 0)
|            ( QUESTION0_14_R 1 -2.425e+04 1.885e+02 1.114e+02
|                ( QUESTION2 -1 -2.239e+04 1.886e+02 1.034e+02
|                    ( - -2.265e+03 1 0)
|                    ( - -1.993e+04 5 0))
|                ( - -1.677e+03 1 0)))))
s>    ( QUESTION12 -1 -2.971e+04 3.110e+02 1.363e+02
s>        ( - -2.466e+03 1 0)
s>        ( QUESTION0_9_R 1 -2.693e+04 2.591e+02 1.224e+02
s>            ( - -1.150e+03 1 0)
s>            ( QUESTION4 -1 -2.552e+04 2.104e+02 1.174e+02
s>                ( - -1.058e+03 1 0)
s>                ( QUESTION0_14_R 1 -2.425e+04 1.885e+02 1.114e+02
s>                    ( QUESTION2 -1 -2.239e+04 1.886e+02 1.034e+02
s>                        ( - -2.265e+03 1 0)
s>                        ( - -1.993e+04 5 0))
s>                    ( - -1.677e+03 1 0)))))INFO: dtree.c(1439): stop. leaf nodes are specific
INFO: dtree.c(1478): Final simple tree
|( WDBNDRY_B 0 -1.298e+04 2.485e+02 6.205e+01
|    ( - -1.003e+04 1 0)
|    ( - -2.705e+03 1 0))
s>    ( WDBNDRY_B 0 -1.298e+04 2.485e+02 6.205e+01
s>        ( - -1.003e+04 1 0)
s>        ( - -2.705e+03 1 0))INFO: dtree.c(1315): Comp split 29
INFO: dtree.c(1439): stop. leaf nodes are specific
INFO: dtree.c(1478): Final simple tree
|( QUESTION0_14_R 1 -1.407e+04 2.282e+02 7.001e+01
|    ( - -1.147e+04 1 0)
|    ( - -2.371e+03 1 0))
s>    ( QUESTION0_14_R 1 -1.407e+04 2.282e+02 7.001e+01
s>        ( - -1.147e+04 1 0)
s>        ( - -2.371e+03 1 0))INFO: dtree.c(1315): Comp split 30
INFO: dtree.c(1439): stop. leaf nodes are specific
INFO: dtree.c(1478): Final simple tree
|( QUESTION13 -1 -2.333e+04 2.811e+02 1.126e+02
|    ( - -1.541e+04 1 0)
|    ( QUESTION0_0_R 1 -7.642e+03 2.249e+02 3.698e+01
|        ( QUESTION10 -1 -7.170e+03 1.998e+02 3.498e+01
|            ( - -4.058e+03 1 0)
|            ( - -2.912e+03 1 0))
|        ( - -2.471e+02 1 0)))
s>    ( QUESTION13 -1 -2.333e+04 2.811e+02 1.126e+02
s>        ( - -1.541e+04 1 0)
s>        ( QUESTION0_0_R 1 -7.642e+03 2.249e+02 3.698e+01
s>            ( QUESTION10 -1 -7.170e+03 1.998e+02 3.498e+01
s>                ( - -4.058e+03 1 0)
s>                ( - -2.912e+03 1 0))
s>            ( - -2.471e+02 1 0)))INFO: dtree.c(1315): Comp split 31
INFO: dtree.c(1439): stop. leaf nodes are specific
INFO: dtree.c(1478): Final simple tree
|( WDBNDRY_E 0 -1.306e+04 3.182e+02 6.492e+01
|    ( - -9.129e+02 1 0)
|    ( - -1.183e+04 2 0))
s>    ( WDBNDRY_E 0 -1.306e+04 3.182e+02 6.492e+01
s>        ( - -9.129e+02 1 0)
s>        ( - -1.183e+04 2 0))INFO: dtree.c(1439): stop. leaf nodes are specific
INFO: dtree.c(1478): Final simple tree
|( QUESTION0_15_R 1 -3.143e+04 2.700e+02 1.499e+02
|    ( QUESTION0_16_R 1 -8.097e+03 2.054e+02 3.804e+01
|        ( - -5.593e+03 1 0)
|        ( - -2.299e+03 1 0))
|    ( SILENCE 1 -2.306e+04 2.244e+02 1.118e+02
|        ( - -4.096e+03 2 0)
|        ( - -1.874e+04 2 0)))
s>    ( QUESTION0_15_R 1 -3.143e+04 2.700e+02 1.499e+02
s>        ( QUESTION0_16_R 1 -8.097e+03 2.054e+02 3.804e+01
s>            ( - -5.593e+03 1 0)
s>            ( - -2.299e+03 1 0))
s>        ( SILENCE 1 -2.306e+04 2.244e+02 1.118e+02
s>            ( - -4.096e+03 2 0)
s>            ( - -1.874e+04 2 0)))INFO: dtree.c(1315): Comp split 32
INFO: dtree.c(1439): stop. leaf nodes are specific
INFO: dtree.c(1478): Final simple tree
|( QUESTION0_1_R 1 -1.011e+04 2.019e+02 5.210e+01
|    ( - -4.453e+03 1 0)
|    ( - -5.454e+03 1 0))
s>    ( QUESTION0_1_R 1 -1.011e+04 2.019e+02 5.210e+01
s>        ( - -4.453e+03 1 0)
s>        ( - -5.454e+03 1 0))INFO: dtree.c(1439): stop. leaf nodes are specific
INFO: dtree.c(1478): Final simple tree
|( SILENCE 1 -1.262e+04 3.007e+02 6.044e+01
|    ( - -2.232e+03 1 0)
|    ( - -1.009e+04 2 0))
s>    ( SILENCE 1 -1.262e+04 3.007e+02 6.044e+01
s>        ( - -2.232e+03 1 0)
s>        ( - -1.009e+04 2 0))INFO: dtree.c(1315): Comp split 33
INFO: dtree.c(1439): stop. leaf nodes are specific
INFO: dtree.c(1478): Final simple tree
|( QUESTION0_14_R 1 -2.148e+04 2.322e+02 1.019e+02
|    ( - -8.904e+03 1 0)
|    ( - -1.234e+04 1 0))
s>    ( QUESTION0_14_R 1 -2.148e+04 2.322e+02 1.019e+02
s>        ( - -8.904e+03 1 0)
s>        ( - -1.234e+04 1 0))INFO: dtree.c(1315): Comp split 34
INFO: dtree.c(1315): Comp split 35
INFO: dtree.c(1315): Comp split 36
INFO: dtree.c(1315): Comp split 37
INFO: dtree.c(1439): stop. leaf nodes are specific
INFO: dtree.c(1478): Final simple tree
|( QUESTION10 1 -4.951e+04 2.546e+02 2.392e+02
|    ( - -4.254e+03 1 0)
|    ( QUESTION2 -1 -4.500e+04 1.909e+02 2.182e+02
|        ( - -2.593e+03 1 0)
|        ( - -4.221e+04 3 0)))
s>    ( QUESTION10 1 -4.951e+04 2.546e+02 2.392e+02
s>        ( - -4.254e+03 1 0)
s>        ( QUESTION2 -1 -4.500e+04 1.909e+02 2.182e+02
s>            ( - -2.593e+03 1 0)
s>            ( - -4.221e+04 3 0)))INFO: dtree.c(1315): Comp split 38
INFO: dtree.c(1439): stop. leaf nodes are specific
INFO: dtree.c(1478): Final simple tree
|( QUESTION0_9_R 1 -2.693e+04 2.591e+02 1.224e+02
|    ( - -1.150e+03 1 0)
|    ( QUESTION4 -1 -2.552e+04 2.104e+02 1.174e+02
|        ( - -1.058e+03 1 0)
|        ( QUESTION0_14_R 1 -2.425e+04 1.885e+02 1.114e+02
|            ( QUESTION2 -1 -2.239e+04 1.886e+02 1.034e+02
|                ( - -2.265e+03 1 0)
|                ( - -1.993e+04 5 0))
|            ( - -1.677e+03 1 0))))
s>    ( QUESTION0_9_R 1 -2.693e+04 2.591e+02 1.224e+02
s>        ( - -1.150e+03 1 0)
s>        ( QUESTION4 -1 -2.552e+04 2.104e+02 1.174e+02
s>            ( - -1.058e+03 1 0)
s>            ( QUESTION0_14_R 1 -2.425e+04 1.885e+02 1.114e+02
s>                ( QUESTION2 -1 -2.239e+04 1.886e+02 1.034e+02
s>                    ( - -2.265e+03 1 0)
s>                    ( - -1.993e+04 5 0))
s>                ( - -1.677e+03 1 0))))INFO: dtree.c(1315): Comp split 39
INFO: dtree.c(1439): stop. leaf nodes are specific
INFO: dtree.c(1478): Final simple tree
|( QUESTION2 -1 -5.788e+04 2.481e+02 2.747e+02
|    ( - -4.193e+02 1 0)
|    ( QUESTION0_11_R 1 -5.721e+04 2.249e+02 2.717e+02
|        ( - -5.821e+02 1 0)
|        ( QUESTION0_0_R 1 -5.641e+04 1.860e+02 2.687e+02
|            ( - -5.467e+04 3 0)
|            ( - -1.550e+03 1 0))))
s>    ( QUESTION2 -1 -5.788e+04 2.481e+02 2.747e+02
s>        ( - -4.193e+02 1 0)
s>        ( QUESTION0_11_R 1 -5.721e+04 2.249e+02 2.717e+02
s>            ( - -5.821e+02 1 0)
s>            ( QUESTION0_0_R 1 -5.641e+04 1.860e+02 2.687e+02
s>                ( - -5.467e+04 3 0)
s>                ( - -1.550e+03 1 0))))INFO: dtree.c(1315): Comp split 40
INFO: dtree.c(1439): stop. leaf nodes are specific
INFO: dtree.c(1478): Final simple tree
|( QUESTION12 -1 -2.167e+04 2.747e+02 9.023e+01
|    ( - -4.331e+03 1 0)
|    ( QUESTION2 1 -1.706e+04 2.420e+02 6.939e+01
|        ( WDBNDRY_E 0 -4.769e+03 2.136e+02 2.300e+01
|            ( - -2.592e+03 1 0)
|            ( - -1.963e+03 1 0))
|        ( - -1.205e+04 3 0)))
s>    ( QUESTION12 -1 -2.167e+04 2.747e+02 9.023e+01
s>        ( - -4.331e+03 1 0)
s>        ( QUESTION2 1 -1.706e+04 2.420e+02 6.939e+01
s>            ( WDBNDRY_E 0 -4.769e+03 2.136e+02 2.300e+01
s>                ( - -2.592e+03 1 0)
s>                ( - -1.963e+03 1 0))
s>            ( - -1.205e+04 3 0)))INFO: dtree.c(1315): Comp split 41
INFO: dtree.c(1315): Comp split 42
INFO: dtree.c(1439): stop. leaf nodes are specific
INFO: dtree.c(1478): Final simple tree
|( WDBNDRY_E 0 -6.764e+03 2.751e+02 3.199e+01
|    ( - -6.062e+03 1 0)
|    ( - -4.266e+02 1 0))
s>    ( WDBNDRY_E 0 -6.764e+03 2.751e+02 3.199e+01
s>        ( - -6.062e+03 1 0)
s>        ( - -4.266e+02 1 0))INFO: dtree.c(1439): stop. leaf nodes are specific
INFO: dtree.c(1478): Final simple tree
|( WDBNDRY_B 0 -3.628e+04 2.613e+02 1.602e+02
|    ( - -3.977e+03 1 0)
|    ( QUESTION2_10_L -1 -3.205e+04 2.118e+02 1.382e+02
|        ( - -1.851e+04 2 0)
|        ( - -1.333e+04 2 0)))
s>    ( WDBNDRY_B 0 -3.628e+04 2.613e+02 1.602e+02
s>        ( - -3.977e+03 1 0)
s>        ( QUESTION2_10_L -1 -3.205e+04 2.118e+02 1.382e+02
s>            ( - -1.851e+04 2 0)
s>            ( - -1.333e+04 2 0)))INFO: dtree.c(1315): Comp split 43
INFO: dtree.c(1439): stop. leaf nodes are specific
INFO: dtree.c(1478): Final simple tree
|( QUESTION0_0_R 1 -1.898e+04 2.208e+02 9.157e+01
|    ( QUESTION10 1 -1.851e+04 1.969e+02 8.957e+01
|        ( - -2.912e+03 1 0)
|        ( - -1.541e+04 1 0))
|    ( - -2.471e+02 1 0))
s>    ( QUESTION0_0_R 1 -1.898e+04 2.208e+02 9.157e+01
s>        ( QUESTION10 1 -1.851e+04 1.969e+02 8.957e+01
s>            ( - -2.912e+03 1 0)
s>            ( - -1.541e+04 1 0))
s>        ( - -2.471e+02 1 0))INFO: dtree.c(1315): Comp split 44
INFO: dtree.c(1439): stop. leaf nodes are specific
INFO: dtree.c(1478): Final simple tree
|( QUESTION2 1 -9.338e+03 2.378e+02 4.384e+01
|    ( WDBNDRY_E 0 -4.769e+03 2.136e+02 2.300e+01
|        ( - -2.592e+03 1 0)
|        ( - -1.963e+03 1 0))
|    ( - -4.331e+03 1 0))
s>    ( QUESTION2 1 -9.338e+03 2.378e+02 4.384e+01
s>        ( WDBNDRY_E 0 -4.769e+03 2.136e+02 2.300e+01
s>            ( - -2.592e+03 1 0)
s>            ( - -1.963e+03 1 0))
s>        ( - -4.331e+03 1 0))INFO: dtree.c(1315): Comp split 45
INFO: dtree.c(1315): Comp split 46
INFO: dtree.c(1439): stop. leaf nodes are specific
INFO: dtree.c(1478): Final simple tree
|( SILENCE 1 -2.306e+04 2.244e+02 1.118e+02
|    ( - -4.096e+03 2 0)
|    ( - -1.874e+04 2 0))
s>    ( SILENCE 1 -2.306e+04 2.244e+02 1.118e+02
s>        ( - -4.096e+03 2 0)
s>        ( - -1.874e+04 2 0))INFO: dtree.c(1439): stop. leaf nodes are specific
INFO: dtree.c(1478): Final simple tree
|( QUESTION0_16_R 1 -8.097e+03 2.054e+02 3.804e+01
|    ( - -5.593e+03 1 0)
|    ( - -2.299e+03 1 0))
s>    ( QUESTION0_16_R 1 -8.097e+03 2.054e+02 3.804e+01
s>        ( - -5.593e+03 1 0)
s>        ( - -2.299e+03 1 0))INFO: dtree.c(1315): Comp split 47
INFO: dtree.c(1439): stop. leaf nodes are specific
INFO: dtree.c(1478): Final simple tree
|( QUESTION2_10_L -1 -3.205e+04 2.118e+02 1.382e+02
|    ( - -1.851e+04 2 0)
|    ( - -1.333e+04 2 0))
s>    ( QUESTION2_10_L -1 -3.205e+04 2.118e+02 1.382e+02
s>        ( - -1.851e+04 2 0)
s>        ( - -1.333e+04 2 0))INFO: dtree.c(1315): Comp split 48
INFO: dtree.c(1439): stop. leaf nodes are specific
INFO: dtree.c(1478): Final simple tree
|( QUESTION0_3_R 1 -6.162e+03 2.590e+02 3.363e+01
|    ( - -7.097e+02 1 0)
|    ( - -5.193e+03 1 0))
s>    ( QUESTION0_3_R 1 -6.162e+03 2.590e+02 3.363e+01
s>        ( - -7.097e+02 1 0)
s>        ( - -5.193e+03 1 0))INFO: dtree.c(1315): Comp split 49
INFO: dtree.c(1439): stop. leaf nodes are specific
INFO: dtree.c(1478): Final simple tree
|( QUESTION4 -1 -2.552e+04 2.104e+02 1.174e+02
|    ( - -1.058e+03 1 0)
|    ( QUESTION0_14_R 1 -2.425e+04 1.885e+02 1.114e+02
|        ( QUESTION2 -1 -2.239e+04 1.886e+02 1.034e+02
|            ( - -2.265e+03 1 0)
|            ( - -1.993e+04 5 0))
|        ( - -1.677e+03 1 0)))
s>    ( QUESTION4 -1 -2.552e+04 2.104e+02 1.174e+02
s>        ( - -1.058e+03 1 0)
s>        ( QUESTION0_14_R 1 -2.425e+04 1.885e+02 1.114e+02
s>            ( QUESTION2 -1 -2.239e+04 1.886e+02 1.034e+02
s>                ( - -2.265e+03 1 0)
s>                ( - -1.993e+04 5 0))
s>            ( - -1.677e+03 1 0)))INFO: dtree.c(1315): Comp split 50
INFO: dtree.c(1315): Comp split 51
INFO: dtree.c(1439): stop. leaf nodes are specific
INFO: dtree.c(1478): Final simple tree
|( QUESTION2 -1 -4.500e+04 1.909e+02 2.182e+02
|    ( - -2.593e+03 1 0)
|    ( - -4.221e+04 3 0))
s>    ( QUESTION2 -1 -4.500e+04 1.909e+02 2.182e+02
s>        ( - -2.593e+03 1 0)
s>        ( - -4.221e+04 3 0))INFO: dtree.c(1315): Comp split 52
INFO: dtree.c(1315): Comp split 53
INFO: dtree.c(1439): stop. leaf nodes are specific
INFO: dtree.c(1478): Final simple tree
|( QUESTION0_11_R 1 -5.721e+04 2.249e+02 2.717e+02
|    ( - -5.821e+02 1 0)
|    ( QUESTION0_0_R 1 -5.641e+04 1.860e+02 2.687e+02
|        ( - -5.467e+04 3 0)
|        ( - -1.550e+03 1 0)))
s>    ( QUESTION0_11_R 1 -5.721e+04 2.249e+02 2.717e+02
s>        ( - -5.821e+02 1 0)
s>        ( QUESTION0_0_R 1 -5.641e+04 1.860e+02 2.687e+02
s>            ( - -5.467e+04 3 0)
s>            ( - -1.550e+03 1 0)))INFO: dtree.c(1315): Comp split 54
INFO: dtree.c(1439): stop. leaf nodes are specific
INFO: dtree.c(1478): Final simple tree
|( WDBNDRY_E 0 -4.769e+03 2.136e+02 2.300e+01
|    ( - -2.592e+03 1 0)
|    ( - -1.963e+03 1 0))
s>    ( WDBNDRY_E 0 -4.769e+03 2.136e+02 2.300e+01
s>        ( - -2.592e+03 1 0)
s>        ( - -1.963e+03 1 0))INFO: dtree.c(1315): Comp split 55
INFO: dtree.c(1315): Comp split 56
INFO: dtree.c(1315): Comp split 57
INFO: dtree.c(1439): stop. leaf nodes are specific
INFO: dtree.c(1478): Final simple tree
|( QUESTION0_0_R 1 -5.641e+04 1.860e+02 2.687e+02
|    ( - -5.467e+04 3 0)
|    ( - -1.550e+03 1 0))
s>    ( QUESTION0_0_R 1 -5.641e+04 1.860e+02 2.687e+02
s>        ( - -5.467e+04 3 0)
s>        ( - -1.550e+03 1 0))INFO: dtree.c(1315): Comp split 58
INFO: dtree.c(1315): Comp split 59
INFO: dtree.c(1439): stop. leaf nodes are specific
INFO: dtree.c(1478): Final simple tree
|( QUESTION10 1 -1.851e+04 1.969e+02 8.957e+01
|    ( - -2.912e+03 1 0)
|    ( - -1.541e+04 1 0))
s>    ( QUESTION10 1 -1.851e+04 1.969e+02 8.957e+01
s>        ( - -2.912e+03 1 0)
s>        ( - -1.541e+04 1 0))INFO: dtree.c(1315): Comp split 60
INFO: dtree.c(1315): Comp split 61
INFO: dtree.c(1315): Comp split 62
INFO: dtree.c(1439): stop. leaf nodes are specific
INFO: dtree.c(1478): Final simple tree
|( QUESTION0_14_R 1 -2.425e+04 1.885e+02 1.114e+02
|    ( QUESTION2 -1 -2.239e+04 1.886e+02 1.034e+02
|        ( - -2.265e+03 1 0)
|        ( - -1.993e+04 5 0))
|    ( - -1.677e+03 1 0))
s>    ( QUESTION0_14_R 1 -2.425e+04 1.885e+02 1.114e+02
s>        ( QUESTION2 -1 -2.239e+04 1.886e+02 1.034e+02
s>            ( - -2.265e+03 1 0)
s>            ( - -1.993e+04 5 0))
s>        ( - -1.677e+03 1 0))INFO: dtree.c(1315): Comp split 63
INFO: dtree.c(1315): Comp split 64
INFO: dtree.c(1315): Comp split 65
INFO: dtree.c(1315): Comp split 66
INFO: dtree.c(1315): Comp split 67
INFO: dtree.c(1439): stop. leaf nodes are specific
INFO: dtree.c(1478): Final simple tree
|( QUESTION0_14_R 1 -2.180e+04 1.842e+02 1.004e+02
|    ( - -1.993e+04 5 0)
|    ( - -1.677e+03 1 0))
s>    ( QUESTION0_14_R 1 -2.180e+04 1.842e+02 1.004e+02
s>        ( - -1.993e+04 5 0)
s>        ( - -1.677e+03 1 0))INFO: dtree.c(1315): Comp split 68
INFO: dtree.c(1315): Comp split 69
INFO: dtree.c(1315): Comp split 70
INFO: dtree.c(1315): Comp split 71
INFO: dtree.c(1439): stop. leaf nodes are specific
INFO: dtree.c(1478): Final simple tree
|( QUESTION2 -1 -3.259e+03 1.325e+02 1.526e+01
|    ( - -2.353e+03 1 0)
|    ( - -7.734e+02 1 0))
s>    ( QUESTION2 -1 -3.259e+03 1.325e+02 1.526e+01
s>        ( - -2.353e+03 1 0)
s>        ( - -7.734e+02 1 0))INFO: dtree.c(1315): Comp split 72
INFO: dtree.c(1315): Comp split 73
INFO: dtree.c(1318): stop. leaf nodes are specific
Fri Jan  6 22:28:08 2023
