Current configuration:
[NAME]		[DEFLT]	[VALUE]
-allphones	no	no
-cntthresh	0.00001	1.000000e-05
-csplitmax	100	2000
-csplitmin	1	1
-csplitthr	8e-4	0.000000e+00
-example	no	no
-fullvar	no	no
-help		no	no
-meanfn			/mnt/c/users/robin/onedrive/desktop/cmu/Cebuano/model_parameters/Cebuano.cd_cont_untied/means
-mixwfn			/mnt/c/users/robin/onedrive/desktop/cmu/Cebuano/model_parameters/Cebuano.cd_cont_untied/mixture_weights
-moddeffn		/mnt/c/users/robin/onedrive/desktop/cmu/Cebuano/model_architecture/Cebuano.untied.mdef
-mwfloor	1e-4	1.000000e-08
-phone			W
-psetfn			/mnt/c/users/robin/onedrive/desktop/cmu/Cebuano/model_architecture/Cebuano.tree_questions
-ssplitmax	5	7
-ssplitmin	1	1
-ssplitthr	8e-4	0.000000e+00
-state			0
-stwt			1.0,0.05,0.0,
-treefn			/mnt/c/users/robin/onedrive/desktop/cmu/Cebuano/trees/Cebuano.unpruned/W-0.dtree
-ts2cbfn	.semi.	.cont.
-varfloor	0.00001	1.000000e-05
-varfn			/mnt/c/users/robin/onedrive/desktop/cmu/Cebuano/model_parameters/Cebuano.cd_cont_untied/variances

INFO: main.c(223): Reading: /mnt/c/users/robin/onedrive/desktop/cmu/Cebuano/model_architecture/Cebuano.untied.mdef
INFO: model_def_io.c(573): Model definition info:
INFO: model_def_io.c(574): 7744 total models defined (40 base, 7704 tri)
INFO: model_def_io.c(575): 30976 total states
INFO: model_def_io.c(576): 23232 total tied states
INFO: model_def_io.c(577): 120 total tied CI states
INFO: model_def_io.c(578): 40 total tied transition matrices
INFO: model_def_io.c(579): 4 max state/model
INFO: model_def_io.c(580): 4 min state/model
INFO: main.c(242): Building trees for [W AA AA b] through [W UW OW i]
INFO: main.c(268): Covering states |[22341 22571]| == 231
INFO: main.c(275): Reading: /mnt/c/users/robin/onedrive/desktop/cmu/Cebuano/model_parameters/Cebuano.cd_cont_untied/mixture_weights
INFO: s3mixw_io.c(172): Read /mnt/c/users/robin/onedrive/desktop/cmu/Cebuano/model_parameters/Cebuano.cd_cont_untied/mixture_weights [231x1x1 array]
INFO: main.c(311): 76 of 77 models have observation count greater than 0.000010
INFO: main.c(95): nrm stwt: 0.952 0.048 0.000 
INFO: s3gau_io.c(168): Read /mnt/c/users/robin/onedrive/desktop/cmu/Cebuano/model_parameters/Cebuano.cd_cont_untied/means [23232x1x1 array]
INFO: s3gau_io.c(168): Read /mnt/c/users/robin/onedrive/desktop/cmu/Cebuano/model_parameters/Cebuano.cd_cont_untied/variances [23232x1x1 array]
INFO: main.c(549): Reading: /mnt/c/users/robin/onedrive/desktop/cmu/Cebuano/model_architecture/Cebuano.tree_questions
INFO: main.c(587): 180 total simple questions (172 phone; 8 word bndry)
INFO: main.c(589): 42 Left Only questions, and 42 Right Only questions
INFO: dtree.c(1478): Final simple tree
|( SILENCE -1 -2.047e+06 1.577e+04 9.668e+03
|    ( - -1.886e+05 4 0 QUESTION0_9_R 1 3.930e+02 8.456e+02)
|    ( WDBNDRY_B 0 -1.843e+06 1.008e+04 8.822e+03
|        ( QUESTION2_19_L -1 -1.143e+06 3.852e+03 5.603e+03
|            ( - -6.907e+05 8 0 QUESTION0_14_R 1 2.078e+02 3.474e+03)
|            ( QUESTION15 -1 -4.483e+05 1.944e+03 2.129e+03
|                ( - -4.447e+04 2 0)
|                ( QUESTION12 -1 -4.018e+05 1.222e+03 1.924e+03
|                    ( - -8.775e+04 3 0 QUESTION2_0_L -1 3.740e+02 4.391e+02)
|                    ( - -3.129e+05 17 0 QUESTION2_9_L -1 8.143e+02 1.485e+03))))
|        ( QUESTION0 -1 -6.897e+05 7.810e+03 3.219e+03
|            ( - -3.397e+05 15 0 QUESTION14 1 1.015e+03 1.639e+03)
|            ( QUESTION12 -1 -3.422e+05 1.386e+03 1.581e+03
|                ( - -3.206e+04 2 0 QUESTION0_9_R 1 5.180e+02 1.524e+02)
|                ( - -3.087e+05 25 0 QUESTION14 -1 6.760e+02 1.428e+03)))))
s>    ( SILENCE -1 -2.047e+06 1.577e+04 9.668e+03
s>        ( - -1.886e+05 4 0 QUESTION0_9_R 1 3.930e+02 8.456e+02)
s>        ( WDBNDRY_B 0 -1.843e+06 1.008e+04 8.822e+03
s>            ( QUESTION2_19_L -1 -1.143e+06 3.852e+03 5.603e+03
s>                ( - -6.907e+05 8 0 QUESTION0_14_R 1 2.078e+02 3.474e+03)
s>                ( QUESTION15 -1 -4.483e+05 1.944e+03 2.129e+03
s>                    ( - -4.447e+04 2 0)
s>                    ( QUESTION12 -1 -4.018e+05 1.222e+03 1.924e+03
s>                        ( - -8.775e+04 3 0 QUESTION2_0_L -1 3.740e+02 4.391e+02)
s>                        ( - -3.129e+05 17 0 QUESTION2_9_L -1 8.143e+02 1.485e+03))))
s>            ( QUESTION0 -1 -6.897e+05 7.810e+03 3.219e+03
s>                ( - -3.397e+05 15 0 QUESTION14 1 1.015e+03 1.639e+03)
s>                ( QUESTION12 -1 -3.422e+05 1.386e+03 1.581e+03
s>                    ( - -3.206e+04 2 0 QUESTION0_9_R 1 5.180e+02 1.524e+02)
s>                    ( - -3.087e+05 25 0 QUESTION14 -1 6.760e+02 1.428e+03)))))INFO: dtree.c(1315): Comp split 0
INFO: dtree.c(1478): Final simple tree
|( WDBNDRY_B 0 -5.475e+05 4.931e+03 2.478e+03
|    ( SILENCE -1 -2.338e+05 7.741e+02 1.050e+03
|        ( - -1.886e+05 4 0 QUESTION0_9_R 1 3.930e+02 8.456e+02)
|        ( - -4.447e+04 2 0))
|    ( QUESTION14 -1 -3.087e+05 6.760e+02 1.428e+03
|        ( QUESTION2_0_L -1 -2.645e+04 5.301e+02 1.288e+02
|            ( - -1.324e+04 2 0)
|            ( - -1.267e+04 1 0))
|        ( QUESTION0_14_R 1 -2.816e+05 7.400e+02 1.300e+03
|            ( QUESTION2_9_L -1 -2.086e+05 5.957e+02 9.600e+02
|                ( QUESTION2_10_L -1 -1.713e+05 4.527e+02 7.914e+02
|                    ( - -1.710e+05 7 0)
|                    ( - 1.739e+02 1 0))
|                ( - -3.670e+04 3 0 QUESTION10 -1 3.849e+02 1.686e+02))
|            ( - -7.230e+04 11 0 QUESTION2_9_L -1 4.385e+02 3.395e+02))))
s>    ( WDBNDRY_B 0 -5.475e+05 4.931e+03 2.478e+03
s>        ( SILENCE -1 -2.338e+05 7.741e+02 1.050e+03
s>            ( - -1.886e+05 4 0 QUESTION0_9_R 1 3.930e+02 8.456e+02)
s>            ( - -4.447e+04 2 0))
s>        ( QUESTION14 -1 -3.087e+05 6.760e+02 1.428e+03
s>            ( QUESTION2_0_L -1 -2.645e+04 5.301e+02 1.288e+02
s>                ( - -1.324e+04 2 0)
s>                ( - -1.267e+04 1 0))
s>            ( QUESTION0_14_R 1 -2.816e+05 7.400e+02 1.300e+03
s>                ( QUESTION2_9_L -1 -2.086e+05 5.957e+02 9.600e+02
s>                    ( QUESTION2_10_L -1 -1.713e+05 4.527e+02 7.914e+02
s>                        ( - -1.710e+05 7 0)
s>                        ( - 1.739e+02 1 0))
s>                    ( - -3.670e+04 3 0 QUESTION10 -1 3.849e+02 1.686e+02))
s>                ( - -7.230e+04 11 0 QUESTION2_9_L -1 4.385e+02 3.395e+02))))INFO: dtree.c(1478): Final simple tree
|( WDBNDRY_B 0 -1.482e+06 1.323e+04 7.190e+03
|    ( QUESTION2_19_L -1 -1.096e+06 3.009e+03 5.399e+03
|        ( - -6.907e+05 8 0 QUESTION0_14_R 1 2.078e+02 3.474e+03)
|        ( QUESTION12 -1 -4.018e+05 1.222e+03 1.924e+03
|            ( - -8.775e+04 3 0 QUESTION2_0_L -1 3.740e+02 4.391e+02)
|            ( QUESTION2_9_L -1 -3.129e+05 8.143e+02 1.485e+03
|                ( - -1.247e+05 4 0)
|                ( - -1.873e+05 13 0 QUESTION2_12_L -1 6.996e+02 8.947e+02))))
|    ( QUESTION0 -1 -3.731e+05 1.315e+03 1.791e+03
|        ( QUESTION14 1 -3.397e+05 1.015e+03 1.639e+03
|            ( - -6.702e+03 2 0)
|            ( WDBNDRY_E 0 -3.320e+05 8.056e+02 1.607e+03
|                ( - -1.419e+04 3 0 QUESTION0_13_R 1 2.537e+02 7.291e+01)
|                ( - -3.170e+05 10 0 QUESTION0_9_R 1 4.685e+02 1.534e+03)))
|        ( - -3.206e+04 2 0 QUESTION0_9_R 1 5.180e+02 1.524e+02)))
s>    ( WDBNDRY_B 0 -1.482e+06 1.323e+04 7.190e+03
s>        ( QUESTION2_19_L -1 -1.096e+06 3.009e+03 5.399e+03
s>            ( - -6.907e+05 8 0 QUESTION0_14_R 1 2.078e+02 3.474e+03)
s>            ( QUESTION12 -1 -4.018e+05 1.222e+03 1.924e+03
s>                ( - -8.775e+04 3 0 QUESTION2_0_L -1 3.740e+02 4.391e+02)
s>                ( QUESTION2_9_L -1 -3.129e+05 8.143e+02 1.485e+03
s>                    ( - -1.247e+05 4 0)
s>                    ( - -1.873e+05 13 0 QUESTION2_12_L -1 6.996e+02 8.947e+02))))
s>        ( QUESTION0 -1 -3.731e+05 1.315e+03 1.791e+03
s>            ( QUESTION14 1 -3.397e+05 1.015e+03 1.639e+03
s>                ( - -6.702e+03 2 0)
s>                ( WDBNDRY_E 0 -3.320e+05 8.056e+02 1.607e+03
s>                    ( - -1.419e+04 3 0 QUESTION0_13_R 1 2.537e+02 7.291e+01)
s>                    ( - -3.170e+05 10 0 QUESTION0_9_R 1 4.685e+02 1.534e+03)))
s>            ( - -3.206e+04 2 0 QUESTION0_9_R 1 5.180e+02 1.524e+02)))INFO: dtree.c(1315): Comp split 1
INFO: dtree.c(1478): Final simple tree
|( QUESTION0 -1 -3.731e+05 1.315e+03 1.791e+03
|    ( QUESTION14 1 -3.397e+05 1.015e+03 1.639e+03
|        ( - -6.702e+03 2 0)
|        ( WDBNDRY_E 0 -3.320e+05 8.056e+02 1.607e+03
|            ( QUESTION0_13_R 1 -1.419e+04 2.537e+02 7.291e+01
|                ( - -2.642e+03 1 0)
|                ( - -1.129e+04 2 0 QUESTION0_0_R 1 2.146e+02 5.791e+01))
|            ( QUESTION0_9_R 1 -3.170e+05 4.685e+02 1.534e+03
|                ( - -2.087e+04 1 0)
|                ( QUESTION0_14_R 1 -2.957e+05 2.918e+02 1.431e+03
|                    ( - -2.924e+05 8 0)
|                    ( - -2.940e+03 1 0)))))
|    ( QUESTION0_9_R 1 -3.206e+04 5.180e+02 1.524e+02
|        ( - -1.213e+04 1 0)
|        ( - -1.940e+04 1 0)))
s>    ( QUESTION0 -1 -3.731e+05 1.315e+03 1.791e+03
s>        ( QUESTION14 1 -3.397e+05 1.015e+03 1.639e+03
s>            ( - -6.702e+03 2 0)
s>            ( WDBNDRY_E 0 -3.320e+05 8.056e+02 1.607e+03
s>                ( QUESTION0_13_R 1 -1.419e+04 2.537e+02 7.291e+01
s>                    ( - -2.642e+03 1 0)
s>                    ( - -1.129e+04 2 0 QUESTION0_0_R 1 2.146e+02 5.791e+01))
s>                ( QUESTION0_9_R 1 -3.170e+05 4.685e+02 1.534e+03
s>                    ( - -2.087e+04 1 0)
s>                    ( QUESTION0_14_R 1 -2.957e+05 2.918e+02 1.431e+03
s>                        ( - -2.924e+05 8 0)
s>                        ( - -2.940e+03 1 0)))))
s>        ( QUESTION0_9_R 1 -3.206e+04 5.180e+02 1.524e+02
s>            ( - -1.213e+04 1 0)
s>            ( - -1.940e+04 1 0)))INFO: dtree.c(1478): Final simple tree
|( QUESTION2_19_L -1 -1.096e+06 3.009e+03 5.399e+03
|    ( - -6.907e+05 8 0 QUESTION0_14_R 1 2.078e+02 3.474e+03)
|    ( QUESTION12 -1 -4.018e+05 1.222e+03 1.924e+03
|        ( QUESTION2_0_L -1 -8.775e+04 3.740e+02 4.391e+02
|            ( - -1.046e+04 1 0)
|            ( - -7.692e+04 2 0))
|        ( QUESTION2_9_L -1 -3.129e+05 8.143e+02 1.485e+03
|            ( - -1.247e+05 4 0)
|            ( QUESTION2_12_L -1 -1.873e+05 6.996e+02 8.947e+02
|                ( - -8.457e+03 2 0)
|                ( QUESTION0_14_R 1 -1.782e+05 5.870e+02 8.548e+02
|                    ( QUESTION0 -1 -1.451e+05 1.021e+03 6.890e+02
|                        ( - -3.600e+04 4 0)
|                        ( - -1.080e+05 6 0 QUESTION10 -1 2.298e+02 5.217e+02))
|                    ( - -3.251e+04 1 0))))))
s>    ( QUESTION2_19_L -1 -1.096e+06 3.009e+03 5.399e+03
s>        ( - -6.907e+05 8 0 QUESTION0_14_R 1 2.078e+02 3.474e+03)
s>        ( QUESTION12 -1 -4.018e+05 1.222e+03 1.924e+03
s>            ( QUESTION2_0_L -1 -8.775e+04 3.740e+02 4.391e+02
s>                ( - -1.046e+04 1 0)
s>                ( - -7.692e+04 2 0))
s>            ( QUESTION2_9_L -1 -3.129e+05 8.143e+02 1.485e+03
s>                ( - -1.247e+05 4 0)
s>                ( QUESTION2_12_L -1 -1.873e+05 6.996e+02 8.947e+02
s>                    ( - -8.457e+03 2 0)
s>                    ( QUESTION0_14_R 1 -1.782e+05 5.870e+02 8.548e+02
s>                        ( QUESTION0 -1 -1.451e+05 1.021e+03 6.890e+02
s>                            ( - -3.600e+04 4 0)
s>                            ( - -1.080e+05 6 0 QUESTION10 -1 2.298e+02 5.217e+02))
s>                        ( - -3.251e+04 1 0))))))INFO: dtree.c(1315): Comp split 2
INFO: dtree.c(1478): Final simple tree
|( QUESTION14 -1 -3.087e+05 6.760e+02 1.428e+03
|    ( QUESTION2_0_L -1 -2.645e+04 5.301e+02 1.288e+02
|        ( - -1.324e+04 2 0)
|        ( - -1.267e+04 1 0))
|    ( QUESTION0_14_R 1 -2.816e+05 7.400e+02 1.300e+03
|        ( QUESTION2_9_L -1 -2.086e+05 5.957e+02 9.600e+02
|            ( QUESTION2_10_L -1 -1.713e+05 4.527e+02 7.914e+02
|                ( - -1.710e+05 7 0)
|                ( - 1.739e+02 1 0))
|            ( QUESTION10 -1 -3.670e+04 3.849e+02 1.686e+02
|                ( - -3.304e+04 2 0)
|                ( - -3.273e+03 1 0)))
|        ( QUESTION2_9_L -1 -7.230e+04 4.385e+02 3.395e+02
|            ( - -5.270e+04 6 0 QUESTION0_9_R 1 1.970e+02 2.519e+02)
|            ( - -1.917e+04 5 0 QUESTION3 -1 1.997e+02 8.767e+01))))
s>    ( QUESTION14 -1 -3.087e+05 6.760e+02 1.428e+03
s>        ( QUESTION2_0_L -1 -2.645e+04 5.301e+02 1.288e+02
s>            ( - -1.324e+04 2 0)
s>            ( - -1.267e+04 1 0))
s>        ( QUESTION0_14_R 1 -2.816e+05 7.400e+02 1.300e+03
s>            ( QUESTION2_9_L -1 -2.086e+05 5.957e+02 9.600e+02
s>                ( QUESTION2_10_L -1 -1.713e+05 4.527e+02 7.914e+02
s>                    ( - -1.710e+05 7 0)
s>                    ( - 1.739e+02 1 0))
s>                ( QUESTION10 -1 -3.670e+04 3.849e+02 1.686e+02
s>                    ( - -3.304e+04 2 0)
s>                    ( - -3.273e+03 1 0)))
s>            ( QUESTION2_9_L -1 -7.230e+04 4.385e+02 3.395e+02
s>                ( - -5.270e+04 6 0 QUESTION0_9_R 1 1.970e+02 2.519e+02)
s>                ( - -1.917e+04 5 0 QUESTION3 -1 1.997e+02 8.767e+01))))INFO: dtree.c(1439): stop. leaf nodes are specific
INFO: dtree.c(1478): Final simple tree
|( SILENCE -1 -2.338e+05 7.741e+02 1.050e+03
|    ( QUESTION0_9_R 1 -1.886e+05 3.930e+02 8.456e+02
|        ( - -8.284e+03 1 0)
|        ( - -1.799e+05 3 0))
|    ( - -4.447e+04 2 0))
s>    ( SILENCE -1 -2.338e+05 7.741e+02 1.050e+03
s>        ( QUESTION0_9_R 1 -1.886e+05 3.930e+02 8.456e+02
s>            ( - -8.284e+03 1 0)
s>            ( - -1.799e+05 3 0))
s>        ( - -4.447e+04 2 0))INFO: dtree.c(1315): Comp split 3
INFO: dtree.c(1439): stop. leaf nodes are specific
INFO: dtree.c(1478): Final simple tree
|( QUESTION2_0_L -1 -8.017e+05 1.204e+03 4.026e+03
|    ( QUESTION0_14_R 1 -6.907e+05 2.078e+02 3.474e+03
|        ( - -6.891e+05 7 0)
|        ( - -1.453e+03 1 0))
|    ( QUESTION0_14_R 1 -1.097e+05 3.147e+02 5.520e+02
|        ( - -7.692e+04 2 0)
|        ( - -3.251e+04 1 0)))
s>    ( QUESTION2_0_L -1 -8.017e+05 1.204e+03 4.026e+03
s>        ( QUESTION0_14_R 1 -6.907e+05 2.078e+02 3.474e+03
s>            ( - -6.891e+05 7 0)
s>            ( - -1.453e+03 1 0))
s>        ( QUESTION0_14_R 1 -1.097e+05 3.147e+02 5.520e+02
s>            ( - -7.692e+04 2 0)
s>            ( - -3.251e+04 1 0)))INFO: dtree.c(1439): stop. leaf nodes are specific
INFO: dtree.c(1478): Final simple tree
|( QUESTION0 -1 -2.905e+05 1.165e+03 1.372e+03
|    ( QUESTION2_0_L -1 -4.497e+04 5.129e+02 2.072e+02
|        ( - -8.457e+03 2 0)
|        ( - -3.600e+04 4 0))
|    ( QUESTION2_9_L -1 -2.443e+05 7.931e+02 1.165e+03
|        ( - -1.247e+05 4 0)
|        ( QUESTION12 -1 -1.188e+05 2.850e+02 5.747e+02
|            ( - -1.046e+04 1 0)
|            ( QUESTION10 -1 -1.080e+05 2.298e+02 5.217e+02
|                ( - -9.295e+04 4 0)
|                ( - -1.485e+04 2 0)))))
s>    ( QUESTION0 -1 -2.905e+05 1.165e+03 1.372e+03
s>        ( QUESTION2_0_L -1 -4.497e+04 5.129e+02 2.072e+02
s>            ( - -8.457e+03 2 0)
s>            ( - -3.600e+04 4 0))
s>        ( QUESTION2_9_L -1 -2.443e+05 7.931e+02 1.165e+03
s>            ( - -1.247e+05 4 0)
s>            ( QUESTION12 -1 -1.188e+05 2.850e+02 5.747e+02
s>                ( - -1.046e+04 1 0)
s>                ( QUESTION10 -1 -1.080e+05 2.298e+02 5.217e+02
s>                    ( - -9.295e+04 4 0)
s>                    ( - -1.485e+04 2 0)))))INFO: dtree.c(1315): Comp split 4
INFO: dtree.c(1439): stop. leaf nodes are specific
INFO: dtree.c(1478): Final simple tree
|( QUESTION0_9_R 1 -3.138e+05 4.689e+02 1.520e+03
|    ( - -2.087e+04 1 0)
|    ( - -2.924e+05 8 0))
s>    ( QUESTION0_9_R 1 -3.138e+05 4.689e+02 1.520e+03
s>        ( - -2.087e+04 1 0)
s>        ( - -2.924e+05 8 0))INFO: dtree.c(1439): stop. leaf nodes are specific
INFO: dtree.c(1478): Final simple tree
|( WDBNDRY_E 0 -5.743e+04 7.218e+02 2.714e+02
|    ( QUESTION0_13_R 1 -1.419e+04 2.537e+02 7.291e+01
|        ( - -2.642e+03 1 0)
|        ( QUESTION0_0_R 1 -1.129e+04 2.146e+02 5.791e+01
|            ( - -1.000e+04 1 0)
|            ( - -1.071e+03 1 0)))
|    ( QUESTION0_14_R 1 -4.252e+04 5.037e+02 1.985e+02
|        ( - -1.940e+04 1 0)
|        ( QUESTION0 -1 -2.262e+04 5.180e+02 1.031e+02
|            ( QUESTION0_9_R 1 -9.962e+03 3.207e+02 4.609e+01
|                ( - -6.702e+03 2 0)
|                ( - -2.940e+03 1 0))
|            ( - -1.213e+04 1 0))))
s>    ( WDBNDRY_E 0 -5.743e+04 7.218e+02 2.714e+02
s>        ( QUESTION0_13_R 1 -1.419e+04 2.537e+02 7.291e+01
s>            ( - -2.642e+03 1 0)
s>            ( QUESTION0_0_R 1 -1.129e+04 2.146e+02 5.791e+01
s>                ( - -1.000e+04 1 0)
s>                ( - -1.071e+03 1 0)))
s>        ( QUESTION0_14_R 1 -4.252e+04 5.037e+02 1.985e+02
s>            ( - -1.940e+04 1 0)
s>            ( QUESTION0 -1 -2.262e+04 5.180e+02 1.031e+02
s>                ( QUESTION0_9_R 1 -9.962e+03 3.207e+02 4.609e+01
s>                    ( - -6.702e+03 2 0)
s>                    ( - -2.940e+03 1 0))
s>                ( - -1.213e+04 1 0))))INFO: dtree.c(1315): Comp split 5
INFO: dtree.c(1439): stop. leaf nodes are specific
INFO: dtree.c(1478): Final simple tree
|( QUESTION0_14_R 1 -1.097e+05 3.147e+02 5.520e+02
|    ( - -7.692e+04 2 0)
|    ( - -3.251e+04 1 0))
s>    ( QUESTION0_14_R 1 -1.097e+05 3.147e+02 5.520e+02
s>        ( - -7.692e+04 2 0)
s>        ( - -3.251e+04 1 0))INFO: dtree.c(1439): stop. leaf nodes are specific
INFO: dtree.c(1478): Final simple tree
|( QUESTION0_14_R 1 -6.907e+05 2.078e+02 3.474e+03
|    ( - -6.891e+05 7 0)
|    ( - -1.453e+03 1 0))
s>    ( QUESTION0_14_R 1 -6.907e+05 2.078e+02 3.474e+03
s>        ( - -6.891e+05 7 0)
s>        ( - -1.453e+03 1 0))INFO: dtree.c(1315): Comp split 6
INFO: dtree.c(1439): stop. leaf nodes are specific
INFO: dtree.c(1478): Final simple tree
|( QUESTION2_9_L -1 -2.443e+05 7.931e+02 1.165e+03
|    ( - -1.247e+05 4 0)
|    ( QUESTION12 -1 -1.188e+05 2.850e+02 5.747e+02
|        ( - -1.046e+04 1 0)
|        ( QUESTION10 -1 -1.080e+05 2.298e+02 5.217e+02
|            ( - -9.295e+04 4 0)
|            ( - -1.485e+04 2 0))))
s>    ( QUESTION2_9_L -1 -2.443e+05 7.931e+02 1.165e+03
s>        ( - -1.247e+05 4 0)
s>        ( QUESTION12 -1 -1.188e+05 2.850e+02 5.747e+02
s>            ( - -1.046e+04 1 0)
s>            ( QUESTION10 -1 -1.080e+05 2.298e+02 5.217e+02
s>                ( - -9.295e+04 4 0)
s>                ( - -1.485e+04 2 0))))INFO: dtree.c(1439): stop. leaf nodes are specific
INFO: dtree.c(1478): Final simple tree
|( QUESTION2_0_L -1 -4.497e+04 5.129e+02 2.072e+02
|    ( - -8.457e+03 2 0)
|    ( - -3.600e+04 4 0))
s>    ( QUESTION2_0_L -1 -4.497e+04 5.129e+02 2.072e+02
s>        ( - -8.457e+03 2 0)
s>        ( - -3.600e+04 4 0))INFO: dtree.c(1315): Comp split 7
INFO: dtree.c(1478): Final simple tree
|( QUESTION2_6_L -1 -2.282e+05 5.348e+02 1.048e+03
|    ( QUESTION0_9_R 1 -5.097e+04 4.733e+02 2.323e+02
|        ( - -1.627e+04 2 0)
|        ( QUESTION0_14_R 1 -3.423e+04 1.237e+02 1.567e+02
|            ( - -3.304e+04 2 0)
|            ( - -1.069e+03 1 0)))
|    ( QUESTION2_11_L -1 -1.767e+05 4.525e+02 8.154e+02
|        ( - 1.739e+02 1 0)
|        ( QUESTION11 -1 -1.764e+05 4.152e+02 8.144e+02
|            ( - -3.273e+03 1 0)
|            ( QUESTION0_14_R 1 -1.727e+05 2.538e+02 7.974e+02
|                ( - -1.710e+05 7 0)
|                ( QUESTION3 -1 -1.465e+03 1.450e+02 7.000e+00
|                    ( - -7.901e+02 1 0)
|                    ( - -5.294e+02 1 0))))))
s>    ( QUESTION2_6_L -1 -2.282e+05 5.348e+02 1.048e+03
s>        ( QUESTION0_9_R 1 -5.097e+04 4.733e+02 2.323e+02
s>            ( - -1.627e+04 2 0)
s>            ( QUESTION0_14_R 1 -3.423e+04 1.237e+02 1.567e+02
s>                ( - -3.304e+04 2 0)
s>                ( - -1.069e+03 1 0)))
s>        ( QUESTION2_11_L -1 -1.767e+05 4.525e+02 8.154e+02
s>            ( - 1.739e+02 1 0)
s>            ( QUESTION11 -1 -1.764e+05 4.152e+02 8.144e+02
s>                ( - -3.273e+03 1 0)
s>                ( QUESTION0_14_R 1 -1.727e+05 2.538e+02 7.974e+02
s>                    ( - -1.710e+05 7 0)
s>                    ( QUESTION3 -1 -1.465e+03 1.450e+02 7.000e+00
s>                        ( - -7.901e+02 1 0)
s>                        ( - -5.294e+02 1 0))))))INFO: dtree.c(1439): stop. leaf nodes are specific
INFO: dtree.c(1478): Final simple tree
|( QUESTION2_0_L -1 -7.959e+04 5.809e+02 3.806e+02
|    ( QUESTION0_14_R 1 -6.634e+04 3.951e+02 3.136e+02
|        ( - -1.324e+04 2 0)
|        ( QUESTION0_9_R 1 -5.270e+04 1.970e+02 2.519e+02
|            ( - -8.604e+02 2 0)
|            ( QUESTION0 1 -5.164e+04 4.494e+02 2.479e+02
|                ( - -5.140e+04 3 0)
|                ( - 2.064e+02 1 0))))
|    ( - -1.267e+04 1 0))
s>    ( QUESTION2_0_L -1 -7.959e+04 5.809e+02 3.806e+02
s>        ( QUESTION0_14_R 1 -6.634e+04 3.951e+02 3.136e+02
s>            ( - -1.324e+04 2 0)
s>            ( QUESTION0_9_R 1 -5.270e+04 1.970e+02 2.519e+02
s>                ( - -8.604e+02 2 0)
s>                ( QUESTION0 1 -5.164e+04 4.494e+02 2.479e+02
s>                    ( - -5.140e+04 3 0)
s>                    ( - 2.064e+02 1 0))))
s>        ( - -1.267e+04 1 0))INFO: dtree.c(1315): Comp split 8
INFO: dtree.c(1439): stop. leaf nodes are specific
INFO: dtree.c(1478): Final simple tree
|( SILENCE -1 -5.308e+04 3.333e+02 2.426e+02
|    ( - -8.284e+03 1 0)
|    ( - -4.447e+04 2 0))
s>    ( SILENCE -1 -5.308e+04 3.333e+02 2.426e+02
s>        ( - -8.284e+03 1 0)
s>        ( - -4.447e+04 2 0))INFO: dtree.c(1315): Comp split 9
INFO: dtree.c(1439): stop. leaf nodes are specific
INFO: dtree.c(1478): Final simple tree
|( QUESTION12 -1 -1.188e+05 2.850e+02 5.747e+02
|    ( - -1.046e+04 1 0)
|    ( QUESTION10 -1 -1.080e+05 2.298e+02 5.217e+02
|        ( - -9.295e+04 4 0)
|        ( - -1.485e+04 2 0)))
s>    ( QUESTION12 -1 -1.188e+05 2.850e+02 5.747e+02
s>        ( - -1.046e+04 1 0)
s>        ( QUESTION10 -1 -1.080e+05 2.298e+02 5.217e+02
s>            ( - -9.295e+04 4 0)
s>            ( - -1.485e+04 2 0)))INFO: dtree.c(1315): Comp split 10
INFO: dtree.c(1439): stop. leaf nodes are specific
INFO: dtree.c(1478): Final simple tree
|( QUESTION0_14_R 1 -4.377e+04 4.893e+02 2.045e+02
|    ( - -1.940e+04 1 0)
|    ( QUESTION0 -1 -2.388e+04 5.044e+02 1.091e+02
|        ( QUESTION14 1 -1.124e+04 3.050e+02 5.208e+01
|            ( - -6.702e+03 2 0)
|            ( WDBNDRY_E 0 -4.230e+03 2.185e+02 2.090e+01
|                ( - -1.071e+03 1 0)
|                ( - -2.940e+03 1 0)))
|        ( - -1.213e+04 1 0)))
s>    ( QUESTION0_14_R 1 -4.377e+04 4.893e+02 2.045e+02
s>        ( - -1.940e+04 1 0)
s>        ( QUESTION0 -1 -2.388e+04 5.044e+02 1.091e+02
s>            ( QUESTION14 1 -1.124e+04 3.050e+02 5.208e+01
s>                ( - -6.702e+03 2 0)
s>                ( WDBNDRY_E 0 -4.230e+03 2.185e+02 2.090e+01
s>                    ( - -1.071e+03 1 0)
s>                    ( - -2.940e+03 1 0)))
s>            ( - -1.213e+04 1 0)))INFO: dtree.c(1439): stop. leaf nodes are specific
INFO: dtree.c(1478): Final simple tree
|( QUESTION0_0_R 1 -1.291e+04 2.633e+02 6.692e+01
|    ( - -1.000e+04 1 0)
|    ( - -2.642e+03 1 0))
s>    ( QUESTION0_0_R 1 -1.291e+04 2.633e+02 6.692e+01
s>        ( - -1.000e+04 1 0)
s>        ( - -2.642e+03 1 0))INFO: dtree.c(1315): Comp split 11
INFO: dtree.c(1439): stop. leaf nodes are specific
INFO: dtree.c(1478): Final simple tree
|( QUESTION10 -1 -3.789e+04 3.896e+02 1.736e+02
|    ( QUESTION0_14_R 1 -3.423e+04 1.237e+02 1.567e+02
|        ( - -3.304e+04 2 0)
|        ( - -1.069e+03 1 0))
|    ( - -3.273e+03 1 0))
s>    ( QUESTION10 -1 -3.789e+04 3.896e+02 1.736e+02
s>        ( QUESTION0_14_R 1 -3.423e+04 1.237e+02 1.567e+02
s>            ( - -3.304e+04 2 0)
s>            ( - -1.069e+03 1 0))
s>        ( - -3.273e+03 1 0))INFO: dtree.c(1439): stop. leaf nodes are specific
INFO: dtree.c(1478): Final simple tree
|( QUESTION2_10_L -1 -1.897e+05 4.661e+02 8.741e+02
|    ( - -1.710e+05 7 0)
|    ( QUESTION0_14_R 1 -1.821e+04 4.506e+02 8.367e+01
|        ( - 1.739e+02 1 0)
|        ( QUESTION3 -1 -1.793e+04 1.986e+02 8.267e+01
|            ( - -7.901e+02 1 0)
|            ( QUESTION0_9_R 1 -1.694e+04 1.441e+02 7.867e+01
|                ( - -1.627e+04 2 0)
|                ( - -5.294e+02 1 0)))))
s>    ( QUESTION2_10_L -1 -1.897e+05 4.661e+02 8.741e+02
s>        ( - -1.710e+05 7 0)
s>        ( QUESTION0_14_R 1 -1.821e+04 4.506e+02 8.367e+01
s>            ( - 1.739e+02 1 0)
s>            ( QUESTION3 -1 -1.793e+04 1.986e+02 8.267e+01
s>                ( - -7.901e+02 1 0)
s>                ( QUESTION0_9_R 1 -1.694e+04 1.441e+02 7.867e+01
s>                    ( - -1.627e+04 2 0)
s>                    ( - -5.294e+02 1 0)))))INFO: dtree.c(1315): Comp split 12
INFO: dtree.c(1439): stop. leaf nodes are specific
INFO: dtree.c(1478): Final simple tree
|( QUESTION0_14_R 1 -3.649e+04 4.728e+02 1.733e+02
|    ( - -1.940e+04 1 0)
|    ( QUESTION0_9_R 1 -1.661e+04 2.557e+02 7.792e+01
|        ( WDBNDRY_E 0 -1.341e+04 2.057e+02 6.301e+01
|            ( - -1.071e+03 1 0)
|            ( - -1.213e+04 1 0))
|        ( - -2.940e+03 1 0)))
s>    ( QUESTION0_14_R 1 -3.649e+04 4.728e+02 1.733e+02
s>        ( - -1.940e+04 1 0)
s>        ( QUESTION0_9_R 1 -1.661e+04 2.557e+02 7.792e+01
s>            ( WDBNDRY_E 0 -1.341e+04 2.057e+02 6.301e+01
s>                ( - -1.071e+03 1 0)
s>                ( - -1.213e+04 1 0))
s>            ( - -2.940e+03 1 0)))INFO: dtree.c(1315): Comp split 13
INFO: dtree.c(1439): stop. leaf nodes are specific
INFO: dtree.c(1478): Final simple tree
|( QUESTION0_14_R 1 -6.634e+04 3.951e+02 3.136e+02
|    ( - -1.324e+04 2 0)
|    ( QUESTION0_9_R 1 -5.270e+04 1.970e+02 2.519e+02
|        ( - -8.604e+02 2 0)
|        ( QUESTION0 1 -5.164e+04 4.494e+02 2.479e+02
|            ( - -5.140e+04 3 0)
|            ( - 2.064e+02 1 0))))
s>    ( QUESTION0_14_R 1 -6.634e+04 3.951e+02 3.136e+02
s>        ( - -1.324e+04 2 0)
s>        ( QUESTION0_9_R 1 -5.270e+04 1.970e+02 2.519e+02
s>            ( - -8.604e+02 2 0)
s>            ( QUESTION0 1 -5.164e+04 4.494e+02 2.479e+02
s>                ( - -5.140e+04 3 0)
s>                ( - 2.064e+02 1 0))))INFO: dtree.c(1315): Comp split 14
INFO: dtree.c(1315): Comp split 15
INFO: dtree.c(1439): stop. leaf nodes are specific
INFO: dtree.c(1478): Final simple tree
|( QUESTION0_9_R 1 -1.533e+04 2.587e+02 7.194e+01
|    ( - -1.213e+04 1 0)
|    ( - -2.940e+03 1 0))
s>    ( QUESTION0_9_R 1 -1.533e+04 2.587e+02 7.194e+01
s>        ( - -1.213e+04 1 0)
s>        ( - -2.940e+03 1 0))INFO: dtree.c(1439): stop. leaf nodes are specific
INFO: dtree.c(1478): Final simple tree
|( WDBNDRY_E 0 -2.066e+04 1.810e+02 1.013e+02
|    ( - -1.071e+03 1 0)
|    ( - -1.940e+04 1 0))
s>    ( WDBNDRY_E 0 -2.066e+04 1.810e+02 1.013e+02
s>        ( - -1.071e+03 1 0)
s>        ( - -1.940e+04 1 0))INFO: dtree.c(1315): Comp split 16
INFO: dtree.c(1315): Comp split 17
INFO: dtree.c(1439): stop. leaf nodes are specific
INFO: dtree.c(1478): Final simple tree
|( QUESTION0_14_R 1 -1.821e+04 4.506e+02 8.367e+01
|    ( - 1.739e+02 1 0)
|    ( QUESTION3 -1 -1.793e+04 1.986e+02 8.267e+01
|        ( - -7.901e+02 1 0)
|        ( QUESTION0_9_R 1 -1.694e+04 1.441e+02 7.867e+01
|            ( - -1.627e+04 2 0)
|            ( - -5.294e+02 1 0))))
s>    ( QUESTION0_14_R 1 -1.821e+04 4.506e+02 8.367e+01
s>        ( - 1.739e+02 1 0)
s>        ( QUESTION3 -1 -1.793e+04 1.986e+02 8.267e+01
s>            ( - -7.901e+02 1 0)
s>            ( QUESTION0_9_R 1 -1.694e+04 1.441e+02 7.867e+01
s>                ( - -1.627e+04 2 0)
s>                ( - -5.294e+02 1 0))))INFO: dtree.c(1315): Comp split 18
INFO: dtree.c(1439): stop. leaf nodes are specific
INFO: dtree.c(1478): Final simple tree
|( QUESTION3 -1 -1.793e+04 1.986e+02 8.267e+01
|    ( - -7.901e+02 1 0)
|    ( QUESTION0_9_R 1 -1.694e+04 1.441e+02 7.867e+01
|        ( - -1.627e+04 2 0)
|        ( - -5.294e+02 1 0)))
s>    ( QUESTION3 -1 -1.793e+04 1.986e+02 8.267e+01
s>        ( - -7.901e+02 1 0)
s>        ( QUESTION0_9_R 1 -1.694e+04 1.441e+02 7.867e+01
s>            ( - -1.627e+04 2 0)
s>            ( - -5.294e+02 1 0)))INFO: dtree.c(1315): Comp split 19
INFO: dtree.c(1439): stop. leaf nodes are specific
INFO: dtree.c(1478): Final simple tree
|( QUESTION0_14_R 1 -6.610e+04 3.960e+02 3.126e+02
|    ( - -1.324e+04 2 0)
|    ( QUESTION0_9_R 1 -5.246e+04 1.969e+02 2.509e+02
|        ( - -8.604e+02 2 0)
|        ( - -5.140e+04 3 0)))
s>    ( QUESTION0_14_R 1 -6.610e+04 3.960e+02 3.126e+02
s>        ( - -1.324e+04 2 0)
s>        ( QUESTION0_9_R 1 -5.246e+04 1.969e+02 2.509e+02
s>            ( - -8.604e+02 2 0)
s>            ( - -5.140e+04 3 0)))INFO: dtree.c(1315): Comp split 20
INFO: dtree.c(1439): stop. leaf nodes are specific
INFO: dtree.c(1478): Final simple tree
|( QUESTION0_9_R 1 -5.246e+04 1.969e+02 2.509e+02
|    ( - -8.604e+02 2 0)
|    ( - -5.140e+04 3 0))
s>    ( QUESTION0_9_R 1 -5.246e+04 1.969e+02 2.509e+02
s>        ( - -8.604e+02 2 0)
s>        ( - -5.140e+04 3 0))INFO: dtree.c(1315): Comp split 21
INFO: dtree.c(1439): stop. leaf nodes are specific
INFO: dtree.c(1478): Final simple tree
|( QUESTION0_14_R 1 -3.423e+04 1.237e+02 1.567e+02
|    ( - -3.304e+04 2 0)
|    ( - -1.069e+03 1 0))
s>    ( QUESTION0_14_R 1 -3.423e+04 1.237e+02 1.567e+02
s>        ( - -3.304e+04 2 0)
s>        ( - -1.069e+03 1 0))INFO: dtree.c(1315): Comp split 22
INFO: dtree.c(1315): Comp split 23
INFO: dtree.c(1315): Comp split 24
INFO: dtree.c(1439): stop. leaf nodes are specific
INFO: dtree.c(1478): Final simple tree
|( QUESTION10 -1 -1.080e+05 2.298e+02 5.217e+02
|    ( - -9.295e+04 4 0)
|    ( - -1.485e+04 2 0))
s>    ( QUESTION10 -1 -1.080e+05 2.298e+02 5.217e+02
s>        ( - -9.295e+04 4 0)
s>        ( - -1.485e+04 2 0))INFO: dtree.c(1315): Comp split 25
INFO: dtree.c(1315): Comp split 26
INFO: dtree.c(1315): Comp split 27
INFO: dtree.c(1315): Comp split 28
INFO: dtree.c(1315): Comp split 29
INFO: dtree.c(1439): stop. leaf nodes are specific
INFO: dtree.c(1478): Final simple tree
|( QUESTION0_9_R 1 -1.694e+04 1.441e+02 7.867e+01
|    ( - -1.627e+04 2 0)
|    ( - -5.294e+02 1 0))
s>    ( QUESTION0_9_R 1 -1.694e+04 1.441e+02 7.867e+01
s>        ( - -1.627e+04 2 0)
s>        ( - -5.294e+02 1 0))INFO: dtree.c(1315): Comp split 30
INFO: dtree.c(1315): Comp split 31
INFO: dtree.c(1315): Comp split 32
INFO: dtree.c(1315): Comp split 33
INFO: dtree.c(1315): Comp split 34
INFO: dtree.c(1318): stop. leaf nodes are specific
Fri Jan  6 22:28:27 2023
