Current configuration:
[NAME]		[DEFLT]	[VALUE]
-allphones	no	no
-cntthresh	0.00001	1.000000e-05
-csplitmax	100	2000
-csplitmin	1	1
-csplitthr	8e-4	0.000000e+00
-example	no	no
-fullvar	no	no
-help		no	no
-meanfn			/mnt/c/users/robin/onedrive/desktop/cmu/Cebuano/model_parameters/Cebuano.cd_cont_untied/means
-mixwfn			/mnt/c/users/robin/onedrive/desktop/cmu/Cebuano/model_parameters/Cebuano.cd_cont_untied/mixture_weights
-moddeffn		/mnt/c/users/robin/onedrive/desktop/cmu/Cebuano/model_architecture/Cebuano.untied.mdef
-mwfloor	1e-4	1.000000e-08
-phone			F
-psetfn			/mnt/c/users/robin/onedrive/desktop/cmu/Cebuano/model_architecture/Cebuano.tree_questions
-ssplitmax	5	7
-ssplitmin	1	1
-ssplitthr	8e-4	0.000000e+00
-state			0
-stwt			1.0,0.05,0.0,
-treefn			/mnt/c/users/robin/onedrive/desktop/cmu/Cebuano/trees/Cebuano.unpruned/F-0.dtree
-ts2cbfn	.semi.	.cont.
-varfloor	0.00001	1.000000e-05
-varfn			/mnt/c/users/robin/onedrive/desktop/cmu/Cebuano/model_parameters/Cebuano.cd_cont_untied/variances

INFO: main.c(223): Reading: /mnt/c/users/robin/onedrive/desktop/cmu/Cebuano/model_architecture/Cebuano.untied.mdef
INFO: model_def_io.c(573): Model definition info:
INFO: model_def_io.c(574): 7744 total models defined (40 base, 7704 tri)
INFO: model_def_io.c(575): 30976 total states
INFO: model_def_io.c(576): 23232 total tied states
INFO: model_def_io.c(577): 120 total tied CI states
INFO: model_def_io.c(578): 40 total tied transition matrices
INFO: model_def_io.c(579): 4 max state/model
INFO: model_def_io.c(580): 4 min state/model
INFO: main.c(242): Building trees for [F AA AO b] through [F UW AY b]
INFO: main.c(268): Covering states |[8682 8849]| == 168
INFO: main.c(275): Reading: /mnt/c/users/robin/onedrive/desktop/cmu/Cebuano/model_parameters/Cebuano.cd_cont_untied/mixture_weights
INFO: s3mixw_io.c(172): Read /mnt/c/users/robin/onedrive/desktop/cmu/Cebuano/model_parameters/Cebuano.cd_cont_untied/mixture_weights [168x1x1 array]
INFO: main.c(311): 56 of 56 models have observation count greater than 0.000010
INFO: main.c(95): nrm stwt: 0.952 0.048 0.000 
INFO: s3gau_io.c(168): Read /mnt/c/users/robin/onedrive/desktop/cmu/Cebuano/model_parameters/Cebuano.cd_cont_untied/means [23232x1x1 array]
INFO: s3gau_io.c(168): Read /mnt/c/users/robin/onedrive/desktop/cmu/Cebuano/model_parameters/Cebuano.cd_cont_untied/variances [23232x1x1 array]
INFO: main.c(549): Reading: /mnt/c/users/robin/onedrive/desktop/cmu/Cebuano/model_architecture/Cebuano.tree_questions
INFO: main.c(587): 180 total simple questions (172 phone; 8 word bndry)
INFO: main.c(589): 42 Left Only questions, and 42 Right Only questions
INFO: dtree.c(1478): Final simple tree
|( QUESTION2_17_L -1 -3.704e+05 1.806e+03 1.553e+03
|    ( QUESTION0_13_R 1 -1.597e+05 5.672e+02 6.769e+02
|        ( - -1.192e+05 2 0 WDBNDRY_B 0 1.262e+02 5.089e+02)
|        ( - -3.984e+04 3 0 WDBNDRY_E 0 2.164e+02 1.680e+02))
|    ( QUESTION14 -1 -2.089e+05 1.166e+03 8.761e+02
|        ( - -5.940e+04 8 0 QUESTION0_9_R 1 2.565e+02 2.509e+02)
|        ( QUESTION2_0_L -1 -1.483e+05 5.392e+02 6.252e+02
|            ( QUESTION8 -1 -9.148e+04 4.347e+02 3.866e+02
|                ( - -1.992e+04 2 0 QUESTION0_9_R 1 1.527e+02 8.782e+01)
|                ( QUESTION2_6_L -1 -7.113e+04 2.566e+02 2.988e+02
|                    ( - -1.348e+03 1 0)
|                    ( - -6.952e+04 28 0 QUESTION2_14_L -1 2.329e+02 2.928e+02)))
|            ( QUESTION16 1 -5.633e+04 4.448e+02 2.386e+02
|                ( - -1.249e+04 5 0 SILENCE -1 2.432e+02 5.247e+01)
|                ( - -4.339e+04 7 0 QUESTION0_9_R 1 2.302e+02 1.861e+02)))))
s>    ( QUESTION2_17_L -1 -3.704e+05 1.806e+03 1.553e+03
s>        ( QUESTION0_13_R 1 -1.597e+05 5.672e+02 6.769e+02
s>            ( - -1.192e+05 2 0 WDBNDRY_B 0 1.262e+02 5.089e+02)
s>            ( - -3.984e+04 3 0 WDBNDRY_E 0 2.164e+02 1.680e+02))
s>        ( QUESTION14 -1 -2.089e+05 1.166e+03 8.761e+02
s>            ( - -5.940e+04 8 0 QUESTION0_9_R 1 2.565e+02 2.509e+02)
s>            ( QUESTION2_0_L -1 -1.483e+05 5.392e+02 6.252e+02
s>                ( QUESTION8 -1 -9.148e+04 4.347e+02 3.866e+02
s>                    ( - -1.992e+04 2 0 QUESTION0_9_R 1 1.527e+02 8.782e+01)
s>                    ( QUESTION2_6_L -1 -7.113e+04 2.566e+02 2.988e+02
s>                        ( - -1.348e+03 1 0)
s>                        ( - -6.952e+04 28 0 QUESTION2_14_L -1 2.329e+02 2.928e+02)))
s>                ( QUESTION16 1 -5.633e+04 4.448e+02 2.386e+02
s>                    ( - -1.249e+04 5 0 SILENCE -1 2.432e+02 5.247e+01)
s>                    ( - -4.339e+04 7 0 QUESTION0_9_R 1 2.302e+02 1.861e+02)))))INFO: dtree.c(1315): Comp split 0
INFO: dtree.c(1478): Final simple tree
|( QUESTION2_0_L -1 -1.483e+05 5.392e+02 6.252e+02
|    ( QUESTION8 -1 -9.148e+04 4.347e+02 3.866e+02
|        ( - -1.992e+04 2 0 QUESTION0_9_R 1 1.527e+02 8.782e+01)
|        ( QUESTION2_6_L -1 -7.113e+04 2.566e+02 2.988e+02
|            ( - -1.348e+03 1 0)
|            ( QUESTION2_14_L -1 -6.952e+04 2.329e+02 2.928e+02
|                ( - -9.372e+03 3 0 WDBNDRY_B 0 1.204e+02 4.005e+01)
|                ( - -5.992e+04 25 0 WDBNDRY_B 0 1.989e+02 2.527e+02))))
|    ( QUESTION16 1 -5.633e+04 4.448e+02 2.386e+02
|        ( SILENCE -1 -1.249e+04 2.432e+02 5.247e+01
|            ( - -2.384e+03 1 0)
|            ( - -9.863e+03 4 0 QUESTION0_17_R 1 1.396e+02 4.120e+01))
|        ( QUESTION0_9_R 1 -4.339e+04 2.302e+02 1.861e+02
|            ( - -3.106e+04 1 0)
|            ( - -1.210e+04 6 0 WDBNDRY_B 0 1.796e+02 5.247e+01))))
s>    ( QUESTION2_0_L -1 -1.483e+05 5.392e+02 6.252e+02
s>        ( QUESTION8 -1 -9.148e+04 4.347e+02 3.866e+02
s>            ( - -1.992e+04 2 0 QUESTION0_9_R 1 1.527e+02 8.782e+01)
s>            ( QUESTION2_6_L -1 -7.113e+04 2.566e+02 2.988e+02
s>                ( - -1.348e+03 1 0)
s>                ( QUESTION2_14_L -1 -6.952e+04 2.329e+02 2.928e+02
s>                    ( - -9.372e+03 3 0 WDBNDRY_B 0 1.204e+02 4.005e+01)
s>                    ( - -5.992e+04 25 0 WDBNDRY_B 0 1.989e+02 2.527e+02))))
s>        ( QUESTION16 1 -5.633e+04 4.448e+02 2.386e+02
s>            ( SILENCE -1 -1.249e+04 2.432e+02 5.247e+01
s>                ( - -2.384e+03 1 0)
s>                ( - -9.863e+03 4 0 QUESTION0_17_R 1 1.396e+02 4.120e+01))
s>            ( QUESTION0_9_R 1 -4.339e+04 2.302e+02 1.861e+02
s>                ( - -3.106e+04 1 0)
s>                ( - -1.210e+04 6 0 WDBNDRY_B 0 1.796e+02 5.247e+01))))INFO: dtree.c(1478): Final simple tree
|( QUESTION2_15_L -1 -2.198e+05 7.632e+02 9.279e+02
|    ( QUESTION0_13_R 1 -1.597e+05 5.672e+02 6.769e+02
|        ( - -1.192e+05 2 0 WDBNDRY_B 0 1.262e+02 5.089e+02)
|        ( WDBNDRY_E 0 -3.984e+04 2.164e+02 1.680e+02
|            ( - -3.509e+03 1 0)
|            ( - -3.612e+04 2 0 WDBNDRY_B 0 1.236e+02 1.528e+02)))
|    ( QUESTION0_9_R 1 -5.940e+04 2.565e+02 2.509e+02
|        ( QUESTION14 1 -2.761e+04 2.575e+02 1.137e+02
|            ( - -4.613e+03 1 0)
|            ( - -2.274e+04 1 0))
|        ( QUESTION0_17_R 1 -3.154e+04 1.350e+02 1.373e+02
|            ( - -2.201e+04 1 0)
|            ( QUESTION0_0_R 1 -9.387e+03 1.329e+02 3.900e+01
|                ( - -1.659e+03 1 0)
|                ( - -7.595e+03 4 0 WDBNDRY_I 0 1.324e+02 3.200e+01)))))
s>    ( QUESTION2_15_L -1 -2.198e+05 7.632e+02 9.279e+02
s>        ( QUESTION0_13_R 1 -1.597e+05 5.672e+02 6.769e+02
s>            ( - -1.192e+05 2 0 WDBNDRY_B 0 1.262e+02 5.089e+02)
s>            ( WDBNDRY_E 0 -3.984e+04 2.164e+02 1.680e+02
s>                ( - -3.509e+03 1 0)
s>                ( - -3.612e+04 2 0 WDBNDRY_B 0 1.236e+02 1.528e+02)))
s>        ( QUESTION0_9_R 1 -5.940e+04 2.565e+02 2.509e+02
s>            ( QUESTION14 1 -2.761e+04 2.575e+02 1.137e+02
s>                ( - -4.613e+03 1 0)
s>                ( - -2.274e+04 1 0))
s>            ( QUESTION0_17_R 1 -3.154e+04 1.350e+02 1.373e+02
s>                ( - -2.201e+04 1 0)
s>                ( QUESTION0_0_R 1 -9.387e+03 1.329e+02 3.900e+01
s>                    ( - -1.659e+03 1 0)
s>                    ( - -7.595e+03 4 0 WDBNDRY_I 0 1.324e+02 3.200e+01)))))INFO: dtree.c(1315): Comp split 1
INFO: dtree.c(1439): stop. leaf nodes are specific
INFO: dtree.c(1478): Final simple tree
|( QUESTION0_13_R 1 -1.614e+05 5.717e+02 6.839e+02
|    ( WDBNDRY_B 0 -1.192e+05 1.262e+02 5.089e+02
|        ( - -1.179e+05 1 0)
|        ( - -1.262e+03 1 0))
|    ( QUESTION0_1_R 1 -4.162e+04 2.154e+02 1.750e+02
|        ( - -3.509e+03 1 0)
|        ( WDBNDRY_B 0 -3.789e+04 1.543e+02 1.598e+02
|            ( - -3.525e+04 1 0)
|            ( WDBNDRY_E 0 -2.490e+03 8.828e+01 1.100e+01
|                ( - -1.659e+03 1 0)
|                ( - -7.431e+02 1 0)))))
s>    ( QUESTION0_13_R 1 -1.614e+05 5.717e+02 6.839e+02
s>        ( WDBNDRY_B 0 -1.192e+05 1.262e+02 5.089e+02
s>            ( - -1.179e+05 1 0)
s>            ( - -1.262e+03 1 0))
s>        ( QUESTION0_1_R 1 -4.162e+04 2.154e+02 1.750e+02
s>            ( - -3.509e+03 1 0)
s>            ( WDBNDRY_B 0 -3.789e+04 1.543e+02 1.598e+02
s>                ( - -3.525e+04 1 0)
s>                ( WDBNDRY_E 0 -2.490e+03 8.828e+01 1.100e+01
s>                    ( - -1.659e+03 1 0)
s>                    ( - -7.431e+02 1 0)))))INFO: dtree.c(1439): stop. leaf nodes are specific
INFO: dtree.c(1478): Final simple tree
|( QUESTION0_9_R 1 -5.761e+04 2.534e+02 2.439e+02
|    ( QUESTION14 1 -2.761e+04 2.575e+02 1.137e+02
|        ( - -4.613e+03 1 0)
|        ( - -2.274e+04 1 0))
|    ( WDBNDRY_E 0 -2.974e+04 1.448e+02 1.303e+02
|        ( - -2.039e+03 1 0)
|        ( QUESTION0_16_R 1 -2.756e+04 1.362e+02 1.213e+02
|            ( - -3.351e+02 1 0)
|            ( WDBNDRY_B 0 -2.709e+04 1.328e+02 1.193e+02
|                ( QUESTION0_14_R 1 -2.367e+04 1.390e+02 1.053e+02
|                    ( - -1.517e+03 1 0)
|                    ( - -2.201e+04 1 0))
|                ( - -3.287e+03 1 0)))))
s>    ( QUESTION0_9_R 1 -5.761e+04 2.534e+02 2.439e+02
s>        ( QUESTION14 1 -2.761e+04 2.575e+02 1.137e+02
s>            ( - -4.613e+03 1 0)
s>            ( - -2.274e+04 1 0))
s>        ( WDBNDRY_E 0 -2.974e+04 1.448e+02 1.303e+02
s>            ( - -2.039e+03 1 0)
s>            ( QUESTION0_16_R 1 -2.756e+04 1.362e+02 1.213e+02
s>                ( - -3.351e+02 1 0)
s>                ( WDBNDRY_B 0 -2.709e+04 1.328e+02 1.193e+02
s>                    ( QUESTION0_14_R 1 -2.367e+04 1.390e+02 1.053e+02
s>                        ( - -1.517e+03 1 0)
s>                        ( - -2.201e+04 1 0))
s>                    ( - -3.287e+03 1 0)))))INFO: dtree.c(1315): Comp split 2
INFO: dtree.c(1478): Final simple tree
|( QUESTION2_20_L -1 -4.762e+04 3.437e+02 2.034e+02
|    ( QUESTION0_9_R 1 -4.339e+04 2.302e+02 1.861e+02
|        ( - -3.106e+04 1 0)
|        ( WDBNDRY_B 0 -1.210e+04 1.796e+02 5.247e+01
|            ( QUESTION0 -1 -1.139e+04 1.149e+02 4.947e+01
|                ( QUESTION0 1 -8.753e+03 9.960e+01 3.791e+01
|                    ( - -6.313e+03 2 0 QUESTION0_14_R 1 9.008e+01 2.745e+01)
|                    ( - -2.340e+03 1 0))
|                ( QUESTION0_14_R 1 -2.521e+03 4.752e+02 1.155e+01
|                    ( - 2.410e+02 1 0)
|                    ( - -2.287e+03 1 0)))
|            ( - -5.326e+02 1 0)))
|    ( SILENCE -1 -3.883e+03 1.511e+02 1.727e+01
|        ( - -2.384e+03 1 0)
|        ( - -1.348e+03 1 0)))
s>    ( QUESTION2_20_L -1 -4.762e+04 3.437e+02 2.034e+02
s>        ( QUESTION0_9_R 1 -4.339e+04 2.302e+02 1.861e+02
s>            ( - -3.106e+04 1 0)
s>            ( WDBNDRY_B 0 -1.210e+04 1.796e+02 5.247e+01
s>                ( QUESTION0 -1 -1.139e+04 1.149e+02 4.947e+01
s>                    ( QUESTION0 1 -8.753e+03 9.960e+01 3.791e+01
s>                        ( - -6.313e+03 2 0 QUESTION0_14_R 1 9.008e+01 2.745e+01)
s>                        ( - -2.340e+03 1 0))
s>                    ( QUESTION0_14_R 1 -2.521e+03 4.752e+02 1.155e+01
s>                        ( - 2.410e+02 1 0)
s>                        ( - -2.287e+03 1 0)))
s>                ( - -5.326e+02 1 0)))
s>        ( SILENCE -1 -3.883e+03 1.511e+02 1.727e+01
s>            ( - -2.384e+03 1 0)
s>            ( - -1.348e+03 1 0)))INFO: dtree.c(1478): Final simple tree
|( QUESTION2_19_L -1 -1.000e+05 4.031e+02 4.218e+02
|    ( QUESTION0_9_R 1 -5.556e+04 2.069e+02 2.357e+02
|        ( WDBNDRY_B 0 -8.994e+03 2.592e+02 3.927e+01
|            ( - -4.779e+03 2 0)
|            ( - -3.956e+03 2 0))
|        ( QUESTION0_2_R 1 -4.636e+04 1.882e+02 1.965e+02
|            ( - -5.337e+02 1 0)
|            ( - -4.564e+04 15 0 WDBNDRY_B 0 1.791e+02 1.935e+02)))
|    ( QUESTION8 -1 -4.403e+04 2.962e+02 1.861e+02
|        ( - -1.992e+04 2 0 QUESTION0_9_R 1 1.527e+02 8.782e+01)
|        ( QUESTION2_14_L -1 -2.382e+04 2.252e+02 9.825e+01
|            ( - -9.372e+03 3 0 WDBNDRY_B 0 1.204e+02 4.005e+01)
|            ( QUESTION2 -1 -1.422e+04 2.031e+02 5.820e+01
|                ( - -3.292e+02 1 0)
|                ( - -1.369e+04 8 0 QUESTION14 1 1.742e+02 5.620e+01)))))
s>    ( QUESTION2_19_L -1 -1.000e+05 4.031e+02 4.218e+02
s>        ( QUESTION0_9_R 1 -5.556e+04 2.069e+02 2.357e+02
s>            ( WDBNDRY_B 0 -8.994e+03 2.592e+02 3.927e+01
s>                ( - -4.779e+03 2 0)
s>                ( - -3.956e+03 2 0))
s>            ( QUESTION0_2_R 1 -4.636e+04 1.882e+02 1.965e+02
s>                ( - -5.337e+02 1 0)
s>                ( - -4.564e+04 15 0 WDBNDRY_B 0 1.791e+02 1.935e+02)))
s>        ( QUESTION8 -1 -4.403e+04 2.962e+02 1.861e+02
s>            ( - -1.992e+04 2 0 QUESTION0_9_R 1 1.527e+02 8.782e+01)
s>            ( QUESTION2_14_L -1 -2.382e+04 2.252e+02 9.825e+01
s>                ( - -9.372e+03 3 0 WDBNDRY_B 0 1.204e+02 4.005e+01)
s>                ( QUESTION2 -1 -1.422e+04 2.031e+02 5.820e+01
s>                    ( - -3.292e+02 1 0)
s>                    ( - -1.369e+04 8 0 QUESTION14 1 1.742e+02 5.620e+01)))))INFO: dtree.c(1315): Comp split 3
INFO: dtree.c(1439): stop. leaf nodes are specific
INFO: dtree.c(1478): Final simple tree
|( QUESTION0_15_R 1 -1.201e+05 1.263e+02 5.129e+02
|    ( - -1.262e+03 1 0)
|    ( WDBNDRY_B 0 -1.187e+05 1.185e+02 5.069e+02
|        ( - -1.179e+05 1 0)
|        ( - -7.431e+02 1 0)))
s>    ( QUESTION0_15_R 1 -1.201e+05 1.263e+02 5.129e+02
s>        ( - -1.262e+03 1 0)
s>        ( WDBNDRY_B 0 -1.187e+05 1.185e+02 5.069e+02
s>            ( - -1.179e+05 1 0)
s>            ( - -7.431e+02 1 0)))INFO: dtree.c(1439): stop. leaf nodes are specific
INFO: dtree.c(1478): Final simple tree
|( QUESTION0_1_R 1 -4.075e+04 2.155e+02 1.710e+02
|    ( - -3.509e+03 1 0)
|    ( WDBNDRY_B 0 -3.703e+04 1.210e+02 1.558e+02
|        ( - -3.525e+04 1 0)
|        ( - -1.659e+03 1 0)))
s>    ( QUESTION0_1_R 1 -4.075e+04 2.155e+02 1.710e+02
s>        ( - -3.509e+03 1 0)
s>        ( WDBNDRY_B 0 -3.703e+04 1.210e+02 1.558e+02
s>            ( - -3.525e+04 1 0)
s>            ( - -1.659e+03 1 0)))INFO: dtree.c(1315): Comp split 4
INFO: dtree.c(1478): Final simple tree
|( QUESTION2_20_L -1 -4.738e+04 3.454e+02 2.024e+02
|    ( QUESTION0_9_R 1 -4.315e+04 2.288e+02 1.851e+02
|        ( - -3.106e+04 1 0)
|        ( WDBNDRY_B 0 -1.187e+04 1.792e+02 5.147e+01
|            ( QUESTION0 -1 -1.115e+04 1.143e+02 4.847e+01
|                ( QUESTION0 1 -8.753e+03 9.960e+01 3.791e+01
|                    ( QUESTION0_14_R 1 -6.313e+03 9.008e+01 2.745e+01
|                        ( - -4.267e+03 1 0)
|                        ( - -1.956e+03 1 0))
|                    ( - -2.340e+03 1 0))
|                ( - -2.287e+03 1 0))
|            ( - -5.326e+02 1 0)))
|    ( SILENCE -1 -3.883e+03 1.511e+02 1.727e+01
|        ( - -2.384e+03 1 0)
|        ( - -1.348e+03 1 0)))
s>    ( QUESTION2_20_L -1 -4.738e+04 3.454e+02 2.024e+02
s>        ( QUESTION0_9_R 1 -4.315e+04 2.288e+02 1.851e+02
s>            ( - -3.106e+04 1 0)
s>            ( WDBNDRY_B 0 -1.187e+04 1.792e+02 5.147e+01
s>                ( QUESTION0 -1 -1.115e+04 1.143e+02 4.847e+01
s>                    ( QUESTION0 1 -8.753e+03 9.960e+01 3.791e+01
s>                        ( QUESTION0_14_R 1 -6.313e+03 9.008e+01 2.745e+01
s>                            ( - -4.267e+03 1 0)
s>                            ( - -1.956e+03 1 0))
s>                        ( - -2.340e+03 1 0))
s>                    ( - -2.287e+03 1 0))
s>                ( - -5.326e+02 1 0)))
s>        ( SILENCE -1 -3.883e+03 1.511e+02 1.727e+01
s>            ( - -2.384e+03 1 0)
s>            ( - -1.348e+03 1 0)))INFO: dtree.c(1315): Comp split 5
INFO: dtree.c(1478): Final simple tree
|( QUESTION0 -1 -5.184e+04 2.005e+02 2.197e+02
|    ( QUESTION0_2_R 1 -5.131e+04 1.892e+02 2.177e+02
|        ( - -5.337e+02 1 0)
|        ( QUESTION0_9_R 1 -5.059e+04 1.739e+02 2.147e+02
|            ( - -4.779e+03 2 0)
|            ( WDBNDRY_B 0 -4.564e+04 1.791e+02 1.935e+02
|                ( QUESTION0_15_R 1 -1.489e+04 1.353e+02 6.294e+01
|                    ( - -1.025e+03 1 0)
|                    ( - -1.373e+04 5 0 QUESTION0_0_R 1 8.444e+01 5.794e+01))
|                ( QUESTION0_17_R 1 -3.057e+04 1.686e+02 1.305e+02
|                    ( - -7.866e+03 2 0)
|                    ( QUESTION0_0_R 1 -2.254e+04 1.226e+02 9.625e+01
|                        ( - -2.682e+03 1 0)
|                        ( - -1.973e+04 6 0 WDBNDRY_E 0 4.841e+02 8.415e+01))))))
|    ( - -3.292e+02 1 0))
s>    ( QUESTION0 -1 -5.184e+04 2.005e+02 2.197e+02
s>        ( QUESTION0_2_R 1 -5.131e+04 1.892e+02 2.177e+02
s>            ( - -5.337e+02 1 0)
s>            ( QUESTION0_9_R 1 -5.059e+04 1.739e+02 2.147e+02
s>                ( - -4.779e+03 2 0)
s>                ( WDBNDRY_B 0 -4.564e+04 1.791e+02 1.935e+02
s>                    ( QUESTION0_15_R 1 -1.489e+04 1.353e+02 6.294e+01
s>                        ( - -1.025e+03 1 0)
s>                        ( - -1.373e+04 5 0 QUESTION0_0_R 1 8.444e+01 5.794e+01))
s>                    ( QUESTION0_17_R 1 -3.057e+04 1.686e+02 1.305e+02
s>                        ( - -7.866e+03 2 0)
s>                        ( QUESTION0_0_R 1 -2.254e+04 1.226e+02 9.625e+01
s>                            ( - -2.682e+03 1 0)
s>                            ( - -1.973e+04 6 0 WDBNDRY_E 0 4.841e+02 8.415e+01))))))
s>        ( - -3.292e+02 1 0))INFO: dtree.c(1478): Final simple tree
|( QUESTION2 -1 -4.769e+04 2.982e+02 2.021e+02
|    ( QUESTION0_9_R 1 -1.992e+04 1.527e+02 8.782e+01
|        ( - -1.868e+04 1 0)
|        ( - -1.080e+03 1 0))
|    ( QUESTION16 1 -2.747e+04 2.448e+02 1.142e+02
|        ( QUESTION0 -1 -1.945e+04 2.118e+02 8.124e+01
|            ( - -9.863e+03 4 0 QUESTION0_17_R 1 1.396e+02 4.120e+01)
|            ( - -9.372e+03 3 0 WDBNDRY_B 0 1.204e+02 4.005e+01))
|        ( QUESTION0_14_R 1 -7.782e+03 1.729e+02 3.300e+01
|            ( QUESTION10 -1 -1.164e+03 2.108e+02 5.000e+00
|                ( - -6.027e+02 1 0)
|                ( - -3.507e+02 1 0))
|            ( QUESTION0_9_R 1 -6.445e+03 1.716e+02 2.800e+01
|                ( - -4.769e+03 3 0 WDBNDRY_B 0 1.126e+02 2.100e+01)
|                ( - -1.504e+03 1 0)))))
s>    ( QUESTION2 -1 -4.769e+04 2.982e+02 2.021e+02
s>        ( QUESTION0_9_R 1 -1.992e+04 1.527e+02 8.782e+01
s>            ( - -1.868e+04 1 0)
s>            ( - -1.080e+03 1 0))
s>        ( QUESTION16 1 -2.747e+04 2.448e+02 1.142e+02
s>            ( QUESTION0 -1 -1.945e+04 2.118e+02 8.124e+01
s>                ( - -9.863e+03 4 0 QUESTION0_17_R 1 1.396e+02 4.120e+01)
s>                ( - -9.372e+03 3 0 WDBNDRY_B 0 1.204e+02 4.005e+01))
s>            ( QUESTION0_14_R 1 -7.782e+03 1.729e+02 3.300e+01
s>                ( QUESTION10 -1 -1.164e+03 2.108e+02 5.000e+00
s>                    ( - -6.027e+02 1 0)
s>                    ( - -3.507e+02 1 0))
s>                ( QUESTION0_9_R 1 -6.445e+03 1.716e+02 2.800e+01
s>                    ( - -4.769e+03 3 0 WDBNDRY_B 0 1.126e+02 2.100e+01)
s>                    ( - -1.504e+03 1 0)))))INFO: dtree.c(1315): Comp split 6
INFO: dtree.c(1439): stop. leaf nodes are specific
INFO: dtree.c(1478): Final simple tree
|( QUESTION0_9_R 1 -4.315e+04 2.288e+02 1.851e+02
|    ( - -3.106e+04 1 0)
|    ( WDBNDRY_B 0 -1.187e+04 1.792e+02 5.147e+01
|        ( QUESTION0 -1 -1.115e+04 1.143e+02 4.847e+01
|            ( QUESTION0 1 -8.753e+03 9.960e+01 3.791e+01
|                ( QUESTION0_14_R 1 -6.313e+03 9.008e+01 2.745e+01
|                    ( - -4.267e+03 1 0)
|                    ( - -1.956e+03 1 0))
|                ( - -2.340e+03 1 0))
|            ( - -2.287e+03 1 0))
|        ( - -5.326e+02 1 0)))
s>    ( QUESTION0_9_R 1 -4.315e+04 2.288e+02 1.851e+02
s>        ( - -3.106e+04 1 0)
s>        ( WDBNDRY_B 0 -1.187e+04 1.792e+02 5.147e+01
s>            ( QUESTION0 -1 -1.115e+04 1.143e+02 4.847e+01
s>                ( QUESTION0 1 -8.753e+03 9.960e+01 3.791e+01
s>                    ( QUESTION0_14_R 1 -6.313e+03 9.008e+01 2.745e+01
s>                        ( - -4.267e+03 1 0)
s>                        ( - -1.956e+03 1 0))
s>                    ( - -2.340e+03 1 0))
s>                ( - -2.287e+03 1 0))
s>            ( - -5.326e+02 1 0)))INFO: dtree.c(1439): stop. leaf nodes are specific
INFO: dtree.c(1478): Final simple tree
|( SILENCE -1 -3.883e+03 1.511e+02 1.727e+01
|    ( - -2.384e+03 1 0)
|    ( - -1.348e+03 1 0))
s>    ( SILENCE -1 -3.883e+03 1.511e+02 1.727e+01
s>        ( - -2.384e+03 1 0)
s>        ( - -1.348e+03 1 0))INFO: dtree.c(1315): Comp split 7
INFO: dtree.c(1478): Final simple tree
|( QUESTION16 1 -2.868e+04 2.367e+02 1.192e+02
|    ( QUESTION0 -1 -1.945e+04 2.118e+02 8.124e+01
|        ( QUESTION0_17_R 1 -9.863e+03 1.396e+02 4.120e+01
|            ( - -5.294e+03 2 0)
|            ( - -4.430e+03 2 0 WDBNDRY_B 0 1.216e+02 1.900e+01))
|        ( - -9.372e+03 3 0 WDBNDRY_B 0 1.204e+02 4.005e+01))
|    ( QUESTION0_15_R 1 -8.994e+03 1.681e+02 3.800e+01
|        ( - -1.504e+03 1 0)
|        ( QUESTION11 -1 -7.322e+03 2.140e+02 3.100e+01
|            ( - -3.507e+02 1 0)
|            ( WDBNDRY_B 0 -6.757e+03 1.489e+02 2.900e+01
|                ( QUESTION2 -1 -2.653e+03 1.285e+02 1.100e+01
|                    ( - -1.080e+03 1 0)
|                    ( - -1.444e+03 2 0 QUESTION0_9_R 1 1.402e+02 6.002e+00))
|                ( - -3.956e+03 2 0)))))
s>    ( QUESTION16 1 -2.868e+04 2.367e+02 1.192e+02
s>        ( QUESTION0 -1 -1.945e+04 2.118e+02 8.124e+01
s>            ( QUESTION0_17_R 1 -9.863e+03 1.396e+02 4.120e+01
s>                ( - -5.294e+03 2 0)
s>                ( - -4.430e+03 2 0 WDBNDRY_B 0 1.216e+02 1.900e+01))
s>            ( - -9.372e+03 3 0 WDBNDRY_B 0 1.204e+02 4.005e+01))
s>        ( QUESTION0_15_R 1 -8.994e+03 1.681e+02 3.800e+01
s>            ( - -1.504e+03 1 0)
s>            ( QUESTION11 -1 -7.322e+03 2.140e+02 3.100e+01
s>                ( - -3.507e+02 1 0)
s>                ( WDBNDRY_B 0 -6.757e+03 1.489e+02 2.900e+01
s>                    ( QUESTION2 -1 -2.653e+03 1.285e+02 1.100e+01
s>                        ( - -1.080e+03 1 0)
s>                        ( - -1.444e+03 2 0 QUESTION0_9_R 1 1.402e+02 6.002e+00))
s>                    ( - -3.956e+03 2 0)))))INFO: dtree.c(1315): Comp split 8
INFO: dtree.c(1439): stop. leaf nodes are specific
INFO: dtree.c(1478): Final simple tree
|( QUESTION14 1 -3.456e+04 2.042e+02 1.502e+02
|    ( QUESTION0_9_R 1 -7.266e+03 1.307e+02 3.091e+01
|        ( - -4.613e+03 1 0)
|        ( WDBNDRY_B 0 -2.521e+03 1.470e+02 1.100e+01
|            ( - -3.351e+02 1 0)
|            ( - -2.039e+03 1 0)))
|    ( WDBNDRY_B 0 -2.709e+04 1.328e+02 1.193e+02
|        ( QUESTION0_14_R 1 -2.367e+04 1.390e+02 1.053e+02
|            ( - -1.517e+03 1 0)
|            ( - -2.201e+04 1 0))
|        ( - -3.287e+03 1 0)))
s>    ( QUESTION14 1 -3.456e+04 2.042e+02 1.502e+02
s>        ( QUESTION0_9_R 1 -7.266e+03 1.307e+02 3.091e+01
s>            ( - -4.613e+03 1 0)
s>            ( WDBNDRY_B 0 -2.521e+03 1.470e+02 1.100e+01
s>                ( - -3.351e+02 1 0)
s>                ( - -2.039e+03 1 0)))
s>        ( WDBNDRY_B 0 -2.709e+04 1.328e+02 1.193e+02
s>            ( QUESTION0_14_R 1 -2.367e+04 1.390e+02 1.053e+02
s>                ( - -1.517e+03 1 0)
s>                ( - -2.201e+04 1 0))
s>            ( - -3.287e+03 1 0)))INFO: dtree.c(1315): Comp split 9
INFO: dtree.c(1439): stop. leaf nodes are specific
INFO: dtree.c(1478): Final simple tree
|( QUESTION9 -1 -2.066e+04 2.075e+02 8.624e+01
|    ( WDBNDRY_B 0 -9.372e+03 1.204e+02 4.005e+01
|        ( - -5.559e+03 1 0)
|        ( QUESTION0_9_R 1 -3.693e+03 1.257e+02 1.600e+01
|            ( - -1.951e+03 1 0)
|            ( - -1.616e+03 1 0)))
|    ( QUESTION0_9_R 1 -1.108e+04 1.346e+02 4.620e+01
|        ( - -3.721e+03 1 0)
|        ( WDBNDRY_B 0 -7.220e+03 1.352e+02 3.020e+01
|            ( QUESTION0_14_R 1 -6.497e+03 1.235e+02 2.720e+01
|                ( - -1.080e+03 1 0)
|                ( - -5.294e+03 2 0))
|            ( - -5.876e+02 1 0))))
s>    ( QUESTION9 -1 -2.066e+04 2.075e+02 8.624e+01
s>        ( WDBNDRY_B 0 -9.372e+03 1.204e+02 4.005e+01
s>            ( - -5.559e+03 1 0)
s>            ( QUESTION0_9_R 1 -3.693e+03 1.257e+02 1.600e+01
s>                ( - -1.951e+03 1 0)
s>                ( - -1.616e+03 1 0)))
s>        ( QUESTION0_9_R 1 -1.108e+04 1.346e+02 4.620e+01
s>            ( - -3.721e+03 1 0)
s>            ( WDBNDRY_B 0 -7.220e+03 1.352e+02 3.020e+01
s>                ( QUESTION0_14_R 1 -6.497e+03 1.235e+02 2.720e+01
s>                    ( - -1.080e+03 1 0)
s>                    ( - -5.294e+03 2 0))
s>                ( - -5.876e+02 1 0))))INFO: dtree.c(1439): stop. leaf nodes are specific
INFO: dtree.c(1478): Final simple tree
|( QUESTION0_14_R 1 -7.782e+03 1.729e+02 3.300e+01
|    ( QUESTION10 -1 -1.164e+03 2.108e+02 5.000e+00
|        ( - -6.027e+02 1 0)
|        ( - -3.507e+02 1 0))
|    ( QUESTION0_9_R 1 -6.445e+03 1.716e+02 2.800e+01
|        ( WDBNDRY_B 0 -4.769e+03 1.126e+02 2.100e+01
|            ( - -7.010e+02 1 0)
|            ( - -3.956e+03 2 0))
|        ( - -1.504e+03 1 0)))
s>    ( QUESTION0_14_R 1 -7.782e+03 1.729e+02 3.300e+01
s>        ( QUESTION10 -1 -1.164e+03 2.108e+02 5.000e+00
s>            ( - -6.027e+02 1 0)
s>            ( - -3.507e+02 1 0))
s>        ( QUESTION0_9_R 1 -6.445e+03 1.716e+02 2.800e+01
s>            ( WDBNDRY_B 0 -4.769e+03 1.126e+02 2.100e+01
s>                ( - -7.010e+02 1 0)
s>                ( - -3.956e+03 2 0))
s>            ( - -1.504e+03 1 0)))INFO: dtree.c(1315): Comp split 10
INFO: dtree.c(1439): stop. leaf nodes are specific
INFO: dtree.c(1478): Final simple tree
|( QUESTION0 -1 -8.709e+03 1.091e+02 3.800e+01
|    ( QUESTION0_14_R 1 -6.313e+03 9.008e+01 2.745e+01
|        ( - -4.267e+03 1 0)
|        ( - -1.956e+03 1 0))
|    ( - -2.287e+03 1 0))
s>    ( QUESTION0 -1 -8.709e+03 1.091e+02 3.800e+01
s>        ( QUESTION0_14_R 1 -6.313e+03 9.008e+01 2.745e+01
s>            ( - -4.267e+03 1 0)
s>            ( - -1.956e+03 1 0))
s>        ( - -2.287e+03 1 0))INFO: dtree.c(1439): stop. leaf nodes are specific
INFO: dtree.c(1478): Final simple tree
|( WDBNDRY_B 0 -3.421e+04 1.736e+02 1.471e+02
|    ( QUESTION0_9_R 1 -3.350e+04 1.023e+02 1.441e+02
|        ( - -3.106e+04 1 0)
|        ( - -2.340e+03 1 0))
|    ( - -5.326e+02 1 0))
s>    ( WDBNDRY_B 0 -3.421e+04 1.736e+02 1.471e+02
s>        ( QUESTION0_9_R 1 -3.350e+04 1.023e+02 1.441e+02
s>            ( - -3.106e+04 1 0)
s>            ( - -2.340e+03 1 0))
s>        ( - -5.326e+02 1 0))INFO: dtree.c(1315): Comp split 11
INFO: dtree.c(1439): stop. leaf nodes are specific
INFO: dtree.c(1478): Final simple tree
|( QUESTION0_16_R 1 -2.756e+04 1.362e+02 1.213e+02
|    ( - -3.351e+02 1 0)
|    ( WDBNDRY_B 0 -2.709e+04 1.328e+02 1.193e+02
|        ( QUESTION0_14_R 1 -2.367e+04 1.390e+02 1.053e+02
|            ( - -1.517e+03 1 0)
|            ( - -2.201e+04 1 0))
|        ( - -3.287e+03 1 0)))
s>    ( QUESTION0_16_R 1 -2.756e+04 1.362e+02 1.213e+02
s>        ( - -3.351e+02 1 0)
s>        ( WDBNDRY_B 0 -2.709e+04 1.328e+02 1.193e+02
s>            ( QUESTION0_14_R 1 -2.367e+04 1.390e+02 1.053e+02
s>                ( - -1.517e+03 1 0)
s>                ( - -2.201e+04 1 0))
s>            ( - -3.287e+03 1 0)))INFO: dtree.c(1439): stop. leaf nodes are specific
INFO: dtree.c(1478): Final simple tree
|( WDBNDRY_B 0 -6.779e+03 1.262e+02 2.891e+01
|    ( - -4.613e+03 1 0)
|    ( - -2.039e+03 1 0))
s>    ( WDBNDRY_B 0 -6.779e+03 1.262e+02 2.891e+01
s>        ( - -4.613e+03 1 0)
s>        ( - -2.039e+03 1 0))INFO: dtree.c(1315): Comp split 12
INFO: dtree.c(1439): stop. leaf nodes are specific
INFO: dtree.c(1478): Final simple tree
|( QUESTION0_15_R 1 -7.216e+03 1.751e+02 3.100e+01
|    ( - -1.504e+03 1 0)
|    ( QUESTION0_9_R 1 -5.536e+03 1.645e+02 2.400e+01
|        ( WDBNDRY_B 0 -4.769e+03 1.126e+02 2.100e+01
|            ( - -7.010e+02 1 0)
|            ( - -3.956e+03 2 0))
|        ( - -6.027e+02 1 0)))
s>    ( QUESTION0_15_R 1 -7.216e+03 1.751e+02 3.100e+01
s>        ( - -1.504e+03 1 0)
s>        ( QUESTION0_9_R 1 -5.536e+03 1.645e+02 2.400e+01
s>            ( WDBNDRY_B 0 -4.769e+03 1.126e+02 2.100e+01
s>                ( - -7.010e+02 1 0)
s>                ( - -3.956e+03 2 0))
s>            ( - -6.027e+02 1 0)))INFO: dtree.c(1315): Comp split 13
INFO: dtree.c(1439): stop. leaf nodes are specific
INFO: dtree.c(1478): Final simple tree
|( WDBNDRY_B 0 -3.703e+04 1.210e+02 1.558e+02
|    ( - -3.525e+04 1 0)
|    ( - -1.659e+03 1 0))
s>    ( WDBNDRY_B 0 -3.703e+04 1.210e+02 1.558e+02
s>        ( - -3.525e+04 1 0)
s>        ( - -1.659e+03 1 0))INFO: dtree.c(1315): Comp split 14
INFO: dtree.c(1439): stop. leaf nodes are specific
INFO: dtree.c(1478): Final simple tree
|( QUESTION0 -1 -2.800e+04 1.965e+02 1.195e+02
|    ( WDBNDRY_B 0 -2.747e+04 1.560e+02 1.175e+02
|        ( - -4.779e+03 2 0)
|        ( QUESTION0_0_R 1 -2.254e+04 1.226e+02 9.625e+01
|            ( - -2.682e+03 1 0)
|            ( WDBNDRY_E 0 -1.973e+04 4.841e+02 8.415e+01
|                ( - 2.424e+02 1 0)
|                ( QUESTION0_14_R 1 -1.949e+04 8.017e+01 8.315e+01
|                    ( - -1.578e+04 3 0)
|                    ( - -3.628e+03 2 0)))))
|    ( - -3.292e+02 1 0))
s>    ( QUESTION0 -1 -2.800e+04 1.965e+02 1.195e+02
s>        ( WDBNDRY_B 0 -2.747e+04 1.560e+02 1.175e+02
s>            ( - -4.779e+03 2 0)
s>            ( QUESTION0_0_R 1 -2.254e+04 1.226e+02 9.625e+01
s>                ( - -2.682e+03 1 0)
s>                ( WDBNDRY_E 0 -1.973e+04 4.841e+02 8.415e+01
s>                    ( - 2.424e+02 1 0)
s>                    ( QUESTION0_14_R 1 -1.949e+04 8.017e+01 8.315e+01
s>                        ( - -1.578e+04 3 0)
s>                        ( - -3.628e+03 2 0)))))
s>        ( - -3.292e+02 1 0))INFO: dtree.c(1439): stop. leaf nodes are specific
INFO: dtree.c(1478): Final simple tree
|( WDBNDRY_E 0 -2.363e+04 1.894e+02 1.002e+02
|    ( - -5.337e+02 1 0)
|    ( QUESTION0_15_R 1 -2.291e+04 1.732e+02 9.723e+01
|        ( WDBNDRY_B 0 -9.007e+03 1.165e+02 3.929e+01
|            ( - -1.025e+03 1 0)
|            ( - -7.866e+03 2 0))
|        ( QUESTION0_0_R 1 -1.373e+04 8.444e+01 5.794e+01
|            ( - -1.781e+03 1 0)
|            ( - -1.186e+04 4 0))))
s>    ( WDBNDRY_E 0 -2.363e+04 1.894e+02 1.002e+02
s>        ( - -5.337e+02 1 0)
s>        ( QUESTION0_15_R 1 -2.291e+04 1.732e+02 9.723e+01
s>            ( WDBNDRY_B 0 -9.007e+03 1.165e+02 3.929e+01
s>                ( - -1.025e+03 1 0)
s>                ( - -7.866e+03 2 0))
s>            ( QUESTION0_0_R 1 -1.373e+04 8.444e+01 5.794e+01
s>                ( - -1.781e+03 1 0)
s>                ( - -1.186e+04 4 0))))INFO: dtree.c(1315): Comp split 15
INFO: dtree.c(1439): stop. leaf nodes are specific
INFO: dtree.c(1478): Final simple tree
|( QUESTION0 -1 -2.775e+04 1.967e+02 1.185e+02
|    ( WDBNDRY_B 0 -2.723e+04 1.537e+02 1.165e+02
|        ( - -4.779e+03 2 0)
|        ( WDBNDRY_E 0 -2.230e+04 1.217e+02 9.525e+01
|            ( - -2.682e+03 1 0)
|            ( QUESTION0_14_R 1 -1.949e+04 8.017e+01 8.315e+01
|                ( - -1.578e+04 3 0)
|                ( - -3.628e+03 2 0))))
|    ( - -3.292e+02 1 0))
s>    ( QUESTION0 -1 -2.775e+04 1.967e+02 1.185e+02
s>        ( WDBNDRY_B 0 -2.723e+04 1.537e+02 1.165e+02
s>            ( - -4.779e+03 2 0)
s>            ( WDBNDRY_E 0 -2.230e+04 1.217e+02 9.525e+01
s>                ( - -2.682e+03 1 0)
s>                ( QUESTION0_14_R 1 -1.949e+04 8.017e+01 8.315e+01
s>                    ( - -1.578e+04 3 0)
s>                    ( - -3.628e+03 2 0))))
s>        ( - -3.292e+02 1 0))INFO: dtree.c(1315): Comp split 16
INFO: dtree.c(1439): stop. leaf nodes are specific
INFO: dtree.c(1478): Final simple tree
|( QUESTION0_9_R 1 -1.108e+04 1.346e+02 4.620e+01
|    ( - -3.721e+03 1 0)
|    ( WDBNDRY_B 0 -7.220e+03 1.352e+02 3.020e+01
|        ( QUESTION0_14_R 1 -6.497e+03 1.235e+02 2.720e+01
|            ( - -1.080e+03 1 0)
|            ( - -5.294e+03 2 0))
|        ( - -5.876e+02 1 0)))
s>    ( QUESTION0_9_R 1 -1.108e+04 1.346e+02 4.620e+01
s>        ( - -3.721e+03 1 0)
s>        ( WDBNDRY_B 0 -7.220e+03 1.352e+02 3.020e+01
s>            ( QUESTION0_14_R 1 -6.497e+03 1.235e+02 2.720e+01
s>                ( - -1.080e+03 1 0)
s>                ( - -5.294e+03 2 0))
s>            ( - -5.876e+02 1 0)))INFO: dtree.c(1439): stop. leaf nodes are specific
INFO: dtree.c(1478): Final simple tree
|( WDBNDRY_B 0 -9.372e+03 1.204e+02 4.005e+01
|    ( - -5.559e+03 1 0)
|    ( QUESTION0_9_R 1 -3.693e+03 1.257e+02 1.600e+01
|        ( - -1.951e+03 1 0)
|        ( - -1.616e+03 1 0)))
s>    ( WDBNDRY_B 0 -9.372e+03 1.204e+02 4.005e+01
s>        ( - -5.559e+03 1 0)
s>        ( QUESTION0_9_R 1 -3.693e+03 1.257e+02 1.600e+01
s>            ( - -1.951e+03 1 0)
s>            ( - -1.616e+03 1 0)))INFO: dtree.c(1315): Comp split 17
INFO: dtree.c(1439): stop. leaf nodes are specific
INFO: dtree.c(1478): Final simple tree
|( WDBNDRY_B 0 -2.723e+04 1.537e+02 1.165e+02
|    ( - -4.779e+03 2 0)
|    ( WDBNDRY_E 0 -2.230e+04 1.217e+02 9.525e+01
|        ( - -2.682e+03 1 0)
|        ( QUESTION0_14_R 1 -1.949e+04 8.017e+01 8.315e+01
|            ( - -1.578e+04 3 0)
|            ( - -3.628e+03 2 0))))
s>    ( WDBNDRY_B 0 -2.723e+04 1.537e+02 1.165e+02
s>        ( - -4.779e+03 2 0)
s>        ( WDBNDRY_E 0 -2.230e+04 1.217e+02 9.525e+01
s>            ( - -2.682e+03 1 0)
s>            ( QUESTION0_14_R 1 -1.949e+04 8.017e+01 8.315e+01
s>                ( - -1.578e+04 3 0)
s>                ( - -3.628e+03 2 0))))INFO: dtree.c(1315): Comp split 18
INFO: dtree.c(1439): stop. leaf nodes are specific
INFO: dtree.c(1478): Final simple tree
|( QUESTION0_15_R 1 -2.291e+04 1.732e+02 9.723e+01
|    ( WDBNDRY_B 0 -9.007e+03 1.165e+02 3.929e+01
|        ( - -1.025e+03 1 0)
|        ( - -7.866e+03 2 0))
|    ( QUESTION0_0_R 1 -1.373e+04 8.444e+01 5.794e+01
|        ( - -1.781e+03 1 0)
|        ( - -1.186e+04 4 0)))
s>    ( QUESTION0_15_R 1 -2.291e+04 1.732e+02 9.723e+01
s>        ( WDBNDRY_B 0 -9.007e+03 1.165e+02 3.929e+01
s>            ( - -1.025e+03 1 0)
s>            ( - -7.866e+03 2 0))
s>        ( QUESTION0_0_R 1 -1.373e+04 8.444e+01 5.794e+01
s>            ( - -1.781e+03 1 0)
s>            ( - -1.186e+04 4 0)))INFO: dtree.c(1315): Comp split 19
INFO: dtree.c(1439): stop. leaf nodes are specific
INFO: dtree.c(1478): Final simple tree
|( QUESTION0_9_R 1 -5.536e+03 1.645e+02 2.400e+01
|    ( WDBNDRY_B 0 -4.769e+03 1.126e+02 2.100e+01
|        ( - -7.010e+02 1 0)
|        ( - -3.956e+03 2 0))
|    ( - -6.027e+02 1 0))
s>    ( QUESTION0_9_R 1 -5.536e+03 1.645e+02 2.400e+01
s>        ( WDBNDRY_B 0 -4.769e+03 1.126e+02 2.100e+01
s>            ( - -7.010e+02 1 0)
s>            ( - -3.956e+03 2 0))
s>        ( - -6.027e+02 1 0))INFO: dtree.c(1315): Comp split 20
INFO: dtree.c(1439): stop. leaf nodes are specific
INFO: dtree.c(1478): Final simple tree
|( QUESTION0_9_R 1 -3.350e+04 1.023e+02 1.441e+02
|    ( - -3.106e+04 1 0)
|    ( - -2.340e+03 1 0))
s>    ( QUESTION0_9_R 1 -3.350e+04 1.023e+02 1.441e+02
s>        ( - -3.106e+04 1 0)
s>        ( - -2.340e+03 1 0))INFO: dtree.c(1315): Comp split 21
INFO: dtree.c(1439): stop. leaf nodes are specific
INFO: dtree.c(1478): Final simple tree
|( QUESTION0_0_R 1 -1.373e+04 8.444e+01 5.794e+01
|    ( - -1.781e+03 1 0)
|    ( - -1.186e+04 4 0))
s>    ( QUESTION0_0_R 1 -1.373e+04 8.444e+01 5.794e+01
s>        ( - -1.781e+03 1 0)
s>        ( - -1.186e+04 4 0))INFO: dtree.c(1439): stop. leaf nodes are specific
INFO: dtree.c(1478): Final simple tree
|( WDBNDRY_B 0 -9.007e+03 1.165e+02 3.929e+01
|    ( - -1.025e+03 1 0)
|    ( - -7.866e+03 2 0))
s>    ( WDBNDRY_B 0 -9.007e+03 1.165e+02 3.929e+01
s>        ( - -1.025e+03 1 0)
s>        ( - -7.866e+03 2 0))INFO: dtree.c(1315): Comp split 22
INFO: dtree.c(1439): stop. leaf nodes are specific
INFO: dtree.c(1478): Final simple tree
|( WDBNDRY_B 0 -4.769e+03 1.126e+02 2.100e+01
|    ( - -7.010e+02 1 0)
|    ( - -3.956e+03 2 0))
s>    ( WDBNDRY_B 0 -4.769e+03 1.126e+02 2.100e+01
s>        ( - -7.010e+02 1 0)
s>        ( - -3.956e+03 2 0))INFO: dtree.c(1315): Comp split 23
INFO: dtree.c(1439): stop. leaf nodes are specific
INFO: dtree.c(1478): Final simple tree
|( WDBNDRY_E 0 -2.230e+04 1.217e+02 9.525e+01
|    ( - -2.682e+03 1 0)
|    ( QUESTION0_14_R 1 -1.949e+04 8.017e+01 8.315e+01
|        ( - -1.578e+04 3 0)
|        ( - -3.628e+03 2 0)))
s>    ( WDBNDRY_E 0 -2.230e+04 1.217e+02 9.525e+01
s>        ( - -2.682e+03 1 0)
s>        ( QUESTION0_14_R 1 -1.949e+04 8.017e+01 8.315e+01
s>            ( - -1.578e+04 3 0)
s>            ( - -3.628e+03 2 0)))INFO: dtree.c(1315): Comp split 24
INFO: dtree.c(1315): Comp split 25
INFO: dtree.c(1439): stop. leaf nodes are specific
INFO: dtree.c(1478): Final simple tree
|( QUESTION0_14_R 1 -6.497e+03 1.235e+02 2.720e+01
|    ( - -1.080e+03 1 0)
|    ( - -5.294e+03 2 0))
s>    ( QUESTION0_14_R 1 -6.497e+03 1.235e+02 2.720e+01
s>        ( - -1.080e+03 1 0)
s>        ( - -5.294e+03 2 0))INFO: dtree.c(1439): stop. leaf nodes are specific
INFO: dtree.c(1478): Final simple tree
|( WDBNDRY_B 0 -4.430e+03 1.216e+02 1.900e+01
|    ( - -3.721e+03 1 0)
|    ( - -5.876e+02 1 0))
s>    ( WDBNDRY_B 0 -4.430e+03 1.216e+02 1.900e+01
s>        ( - -3.721e+03 1 0)
s>        ( - -5.876e+02 1 0))INFO: dtree.c(1315): Comp split 26
INFO: dtree.c(1439): stop. leaf nodes are specific
INFO: dtree.c(1478): Final simple tree
|( WDBNDRY_B 0 -7.276e+03 1.015e+02 3.105e+01
|    ( - -5.559e+03 1 0)
|    ( - -1.616e+03 1 0))
s>    ( WDBNDRY_B 0 -7.276e+03 1.015e+02 3.105e+01
s>        ( - -5.559e+03 1 0)
s>        ( - -1.616e+03 1 0))INFO: dtree.c(1315): Comp split 27
INFO: dtree.c(1439): stop. leaf nodes are specific
INFO: dtree.c(1478): Final simple tree
|( QUESTION0_16_R 1 -2.591e+04 1.359e+02 1.143e+02
|    ( - -3.351e+02 1 0)
|    ( WDBNDRY_B 0 -2.544e+04 1.349e+02 1.123e+02
|        ( - -2.201e+04 1 0)
|        ( - -3.287e+03 1 0)))
s>    ( QUESTION0_16_R 1 -2.591e+04 1.359e+02 1.143e+02
s>        ( - -3.351e+02 1 0)
s>        ( WDBNDRY_B 0 -2.544e+04 1.349e+02 1.123e+02
s>            ( - -2.201e+04 1 0)
s>            ( - -3.287e+03 1 0)))INFO: dtree.c(1315): Comp split 28
INFO: dtree.c(1439): stop. leaf nodes are specific
INFO: dtree.c(1478): Final simple tree
|( WDBNDRY_B 0 -2.544e+04 1.349e+02 1.123e+02
|    ( - -2.201e+04 1 0)
|    ( - -3.287e+03 1 0))
s>    ( WDBNDRY_B 0 -2.544e+04 1.349e+02 1.123e+02
s>        ( - -2.201e+04 1 0)
s>        ( - -3.287e+03 1 0))INFO: dtree.c(1315): Comp split 29
INFO: dtree.c(1315): Comp split 30
INFO: dtree.c(1439): stop. leaf nodes are specific
INFO: dtree.c(1478): Final simple tree
|( WDBNDRY_B 0 -1.187e+05 1.185e+02 5.069e+02
|    ( - -1.179e+05 1 0)
|    ( - -7.431e+02 1 0))
s>    ( WDBNDRY_B 0 -1.187e+05 1.185e+02 5.069e+02
s>        ( - -1.179e+05 1 0)
s>        ( - -7.431e+02 1 0))INFO: dtree.c(1315): Comp split 31
INFO: dtree.c(1315): Comp split 32
INFO: dtree.c(1315): Comp split 33
INFO: dtree.c(1439): stop. leaf nodes are specific
INFO: dtree.c(1478): Final simple tree
|( QUESTION0_14_R 1 -1.949e+04 8.017e+01 8.315e+01
|    ( - -1.578e+04 3 0)
|    ( - -3.628e+03 2 0))
s>    ( QUESTION0_14_R 1 -1.949e+04 8.017e+01 8.315e+01
s>        ( - -1.578e+04 3 0)
s>        ( - -3.628e+03 2 0))INFO: dtree.c(1315): Comp split 34
INFO: dtree.c(1315): Comp split 35
INFO: dtree.c(1315): Comp split 36
INFO: dtree.c(1315): Comp split 37
INFO: dtree.c(1315): Comp split 38
INFO: dtree.c(1315): Comp split 39
INFO: dtree.c(1439): stop. leaf nodes are specific
INFO: dtree.c(1478): Final simple tree
|( QUESTION0_14_R 1 -6.313e+03 9.008e+01 2.745e+01
|    ( - -4.267e+03 1 0)
|    ( - -1.956e+03 1 0))
s>    ( QUESTION0_14_R 1 -6.313e+03 9.008e+01 2.745e+01
s>        ( - -4.267e+03 1 0)
s>        ( - -1.956e+03 1 0))INFO: dtree.c(1315): Comp split 40
INFO: dtree.c(1315): Comp split 41
INFO: dtree.c(1315): Comp split 42
INFO: dtree.c(1315): Comp split 43
INFO: dtree.c(1315): Comp split 44
INFO: dtree.c(1315): Comp split 45
INFO: dtree.c(1318): stop. leaf nodes are specific
Fri Jan  6 22:28:03 2023
