Current configuration:
[NAME]		[DEFLT]	[VALUE]
-allphones	no	no
-cntthresh	0.00001	1.000000e-05
-csplitmax	100	2000
-csplitmin	1	1
-csplitthr	8e-4	0.000000e+00
-example	no	no
-fullvar	no	no
-help		no	no
-meanfn			/mnt/c/users/robin/onedrive/desktop/cmu/Cebuano/model_parameters/Cebuano.cd_cont_untied/means
-mixwfn			/mnt/c/users/robin/onedrive/desktop/cmu/Cebuano/model_parameters/Cebuano.cd_cont_untied/mixture_weights
-moddeffn		/mnt/c/users/robin/onedrive/desktop/cmu/Cebuano/model_architecture/Cebuano.untied.mdef
-mwfloor	1e-4	1.000000e-08
-phone			G
-psetfn			/mnt/c/users/robin/onedrive/desktop/cmu/Cebuano/model_architecture/Cebuano.tree_questions
-ssplitmax	5	7
-ssplitmin	1	1
-ssplitthr	8e-4	0.000000e+00
-state			1
-stwt			1.0,0.05,0.0,
-treefn			/mnt/c/users/robin/onedrive/desktop/cmu/Cebuano/trees/Cebuano.unpruned/G-1.dtree
-ts2cbfn	.semi.	.cont.
-varfloor	0.00001	1.000000e-05
-varfn			/mnt/c/users/robin/onedrive/desktop/cmu/Cebuano/model_parameters/Cebuano.cd_cont_untied/variances

INFO: main.c(223): Reading: /mnt/c/users/robin/onedrive/desktop/cmu/Cebuano/model_architecture/Cebuano.untied.mdef
INFO: model_def_io.c(573): Model definition info:
INFO: model_def_io.c(574): 7744 total models defined (40 base, 7704 tri)
INFO: model_def_io.c(575): 30976 total states
INFO: model_def_io.c(576): 23232 total tied states
INFO: model_def_io.c(577): 120 total tied CI states
INFO: model_def_io.c(578): 40 total tied transition matrices
INFO: model_def_io.c(579): 4 max state/model
INFO: model_def_io.c(580): 4 min state/model
INFO: main.c(242): Building trees for [G AA AA b] through [G UW Y i]
INFO: main.c(268): Covering states |[8850 9608]| == 759
INFO: main.c(275): Reading: /mnt/c/users/robin/onedrive/desktop/cmu/Cebuano/model_parameters/Cebuano.cd_cont_untied/mixture_weights
INFO: s3mixw_io.c(172): Read /mnt/c/users/robin/onedrive/desktop/cmu/Cebuano/model_parameters/Cebuano.cd_cont_untied/mixture_weights [759x1x1 array]
INFO: main.c(311): 252 of 253 models have observation count greater than 0.000010
INFO: main.c(95): nrm stwt: 0.045 0.909 0.045 
INFO: s3gau_io.c(168): Read /mnt/c/users/robin/onedrive/desktop/cmu/Cebuano/model_parameters/Cebuano.cd_cont_untied/means [23232x1x1 array]
INFO: s3gau_io.c(168): Read /mnt/c/users/robin/onedrive/desktop/cmu/Cebuano/model_parameters/Cebuano.cd_cont_untied/variances [23232x1x1 array]
INFO: main.c(549): Reading: /mnt/c/users/robin/onedrive/desktop/cmu/Cebuano/model_architecture/Cebuano.tree_questions
INFO: main.c(587): 180 total simple questions (172 phone; 8 word bndry)
INFO: main.c(589): 42 Left Only questions, and 42 Right Only questions
INFO: dtree.c(1478): Final simple tree
|( QUESTION12 -1 -8.773e+06 5.660e+04 3.728e+04
|    ( QUESTION2_0_L -1 -2.338e+06 1.227e+04 1.009e+04
|        ( - -3.657e+05 2 0)
|        ( QUESTION0_0_R 1 -1.960e+06 1.064e+04 8.388e+03
|            ( - -3.282e+05 7 0 QUESTION0_1_R 1 1.518e+03 1.428e+03)
|            ( - -1.622e+06 16 0 QUESTION16 1 3.514e+03 6.961e+03)))
|    ( QUESTION0_8_R 1 -6.378e+06 2.539e+04 2.719e+04
|        ( - -3.129e+06 148 0 QUESTION2_19_L -1 5.548e+03 1.317e+04)
|        ( SILENCE 1 -3.223e+06 1.725e+04 1.402e+04
|            ( - -5.514e+05 3 0)
|            ( QUESTION0_4_R 1 -2.654e+06 9.618e+03 1.138e+04
|                ( - -3.998e+05 14 0 WDBNDRY_E 0 1.116e+03 1.667e+03)
|                ( QUESTION0_1_R 1 -2.245e+06 6.229e+03 9.718e+03
|                    ( - -9.570e+05 41 0 WDBNDRY_E 0 1.333e+03 4.206e+03)
|                    ( - -1.281e+06 21 0 WDBNDRY_E 0 2.910e+03 5.511e+03))))))
s>    ( QUESTION12 -1 -8.773e+06 5.660e+04 3.728e+04
s>        ( QUESTION2_0_L -1 -2.338e+06 1.227e+04 1.009e+04
s>            ( - -3.657e+05 2 0)
s>            ( QUESTION0_0_R 1 -1.960e+06 1.064e+04 8.388e+03
s>                ( - -3.282e+05 7 0 QUESTION0_1_R 1 1.518e+03 1.428e+03)
s>                ( - -1.622e+06 16 0 QUESTION16 1 3.514e+03 6.961e+03)))
s>        ( QUESTION0_8_R 1 -6.378e+06 2.539e+04 2.719e+04
s>            ( - -3.129e+06 148 0 QUESTION2_19_L -1 5.548e+03 1.317e+04)
s>            ( SILENCE 1 -3.223e+06 1.725e+04 1.402e+04
s>                ( - -5.514e+05 3 0)
s>                ( QUESTION0_4_R 1 -2.654e+06 9.618e+03 1.138e+04
s>                    ( - -3.998e+05 14 0 WDBNDRY_E 0 1.116e+03 1.667e+03)
s>                    ( QUESTION0_1_R 1 -2.245e+06 6.229e+03 9.718e+03
s>                        ( - -9.570e+05 41 0 WDBNDRY_E 0 1.333e+03 4.206e+03)
s>                        ( - -1.281e+06 21 0 WDBNDRY_E 0 2.910e+03 5.511e+03))))))INFO: dtree.c(1315): Comp split 0
INFO: dtree.c(1478): Final simple tree
|( QUESTION2_0_L -1 -2.000e+06 1.217e+04 8.662e+03
|    ( - -3.657e+05 2 0)
|    ( QUESTION16 1 -1.622e+06 3.514e+03 6.961e+03
|        ( QUESTION0_16_R 1 -9.957e+04 3.426e+02 4.221e+02
|            ( - -9.436e+03 1 0)
|            ( QUESTION0_9_R 1 -8.979e+04 2.852e+02 3.800e+02
|                ( - -8.260e+04 2 0 WDBNDRY_B 0 2.457e+02 3.489e+02)
|                ( - -6.912e+03 2 0 WDBNDRY_B 0 1.258e+02 3.114e+01)))
|        ( WDBNDRY_B 0 -1.519e+06 1.182e+03 6.538e+03
|            ( QUESTION0_14_R 1 -2.711e+04 2.734e+02 1.150e+02
|                ( - -1.666e+04 3 0)
|                ( - -1.018e+04 2 0 QUESTION0_9_R 1 1.448e+02 4.469e+01))
|            ( QUESTION0_9_R 1 -1.490e+06 1.142e+03 6.423e+03
|                ( - -3.031e+04 1 0)
|                ( - -1.459e+06 5 0)))))
s>    ( QUESTION2_0_L -1 -2.000e+06 1.217e+04 8.662e+03
s>        ( - -3.657e+05 2 0)
s>        ( QUESTION16 1 -1.622e+06 3.514e+03 6.961e+03
s>            ( QUESTION0_16_R 1 -9.957e+04 3.426e+02 4.221e+02
s>                ( - -9.436e+03 1 0)
s>                ( QUESTION0_9_R 1 -8.979e+04 2.852e+02 3.800e+02
s>                    ( - -8.260e+04 2 0 WDBNDRY_B 0 2.457e+02 3.489e+02)
s>                    ( - -6.912e+03 2 0 WDBNDRY_B 0 1.258e+02 3.114e+01)))
s>            ( WDBNDRY_B 0 -1.519e+06 1.182e+03 6.538e+03
s>                ( QUESTION0_14_R 1 -2.711e+04 2.734e+02 1.150e+02
s>                    ( - -1.666e+04 3 0)
s>                    ( - -1.018e+04 2 0 QUESTION0_9_R 1 1.448e+02 4.469e+01))
s>                ( QUESTION0_9_R 1 -1.490e+06 1.142e+03 6.423e+03
s>                    ( - -3.031e+04 1 0)
s>                    ( - -1.459e+06 5 0)))))INFO: dtree.c(1478): Final simple tree
|( QUESTION0_8_R 1 -6.715e+06 2.666e+04 2.862e+04
|    ( QUESTION2_19_L -1 -3.129e+06 5.548e+03 1.317e+04
|        ( - -2.541e+06 81 0 QUESTION16 1 2.731e+03 1.076e+04)
|        ( - -5.827e+05 67 0 QUESTION0_11_R 1 1.443e+03 2.407e+03))
|    ( SILENCE 1 -3.559e+06 1.676e+04 1.545e+04
|        ( - -5.514e+05 3 0)
|        ( QUESTION0_4_R 1 -2.991e+06 9.932e+03 1.281e+04
|            ( - -4.179e+05 15 0 WDBNDRY_E 0 1.100e+03 1.743e+03)
|            ( QUESTION12 -1 -2.563e+06 8.071e+03 1.107e+04
|                ( - -3.100e+05 6 0 QUESTION0_1_R 1 1.506e+03 1.351e+03)
|                ( QUESTION0_1_R 1 -2.245e+06 6.229e+03 9.718e+03
|                    ( - -9.570e+05 41 0 WDBNDRY_E 0 1.333e+03 4.206e+03)
|                    ( WDBNDRY_E 0 -1.281e+06 2.910e+03 5.511e+03
|                        ( - -4.186e+05 13 0 QUESTION2_18_L -1 2.781e+02 1.816e+03)
|                        ( - -8.600e+05 8 0 QUESTION0 -1 3.950e+02 3.696e+03)))))))
s>    ( QUESTION0_8_R 1 -6.715e+06 2.666e+04 2.862e+04
s>        ( QUESTION2_19_L -1 -3.129e+06 5.548e+03 1.317e+04
s>            ( - -2.541e+06 81 0 QUESTION16 1 2.731e+03 1.076e+04)
s>            ( - -5.827e+05 67 0 QUESTION0_11_R 1 1.443e+03 2.407e+03))
s>        ( SILENCE 1 -3.559e+06 1.676e+04 1.545e+04
s>            ( - -5.514e+05 3 0)
s>            ( QUESTION0_4_R 1 -2.991e+06 9.932e+03 1.281e+04
s>                ( - -4.179e+05 15 0 WDBNDRY_E 0 1.100e+03 1.743e+03)
s>                ( QUESTION12 -1 -2.563e+06 8.071e+03 1.107e+04
s>                    ( - -3.100e+05 6 0 QUESTION0_1_R 1 1.506e+03 1.351e+03)
s>                    ( QUESTION0_1_R 1 -2.245e+06 6.229e+03 9.718e+03
s>                        ( - -9.570e+05 41 0 WDBNDRY_E 0 1.333e+03 4.206e+03)
s>                        ( WDBNDRY_E 0 -1.281e+06 2.910e+03 5.511e+03
s>                            ( - -4.186e+05 13 0 QUESTION2_18_L -1 2.781e+02 1.816e+03)
s>                            ( - -8.600e+05 8 0 QUESTION0 -1 3.950e+02 3.696e+03)))))))INFO: dtree.c(1315): Comp split 1
INFO: dtree.c(1478): Final simple tree
|( SILENCE 1 -3.129e+06 1.449e+04 1.370e+04
|    ( - -5.514e+05 3 0)
|    ( QUESTION12 -1 -2.563e+06 8.071e+03 1.107e+04
|        ( QUESTION0_1_R 1 -3.100e+05 1.506e+03 1.351e+03
|            ( - -4.241e+04 3 0 QUESTION10 1 6.022e+02 1.916e+02)
|            ( - -2.661e+05 3 0))
|        ( QUESTION0_1_R 1 -2.245e+06 6.229e+03 9.718e+03
|            ( WDBNDRY_E 0 -9.570e+05 1.333e+03 4.206e+03
|                ( - -6.031e+05 22 0 QUESTION10 1 9.775e+02 2.635e+03)
|                ( QUESTION12 1 -3.526e+05 1.021e+03 1.572e+03
|                    ( - -2.272e+05 8 0 QUESTION0 -1 2.846e+02 1.033e+03)
|                    ( - -1.244e+05 11 0 QUESTION10 1 6.049e+02 5.385e+02)))
|            ( WDBNDRY_E 0 -1.281e+06 2.910e+03 5.511e+03
|                ( - -4.186e+05 13 0 QUESTION2_18_L -1 2.781e+02 1.816e+03)
|                ( - -8.600e+05 8 0 QUESTION0 -1 3.950e+02 3.696e+03)))))
s>    ( SILENCE 1 -3.129e+06 1.449e+04 1.370e+04
s>        ( - -5.514e+05 3 0)
s>        ( QUESTION12 -1 -2.563e+06 8.071e+03 1.107e+04
s>            ( QUESTION0_1_R 1 -3.100e+05 1.506e+03 1.351e+03
s>                ( - -4.241e+04 3 0 QUESTION10 1 6.022e+02 1.916e+02)
s>                ( - -2.661e+05 3 0))
s>            ( QUESTION0_1_R 1 -2.245e+06 6.229e+03 9.718e+03
s>                ( WDBNDRY_E 0 -9.570e+05 1.333e+03 4.206e+03
s>                    ( - -6.031e+05 22 0 QUESTION10 1 9.775e+02 2.635e+03)
s>                    ( QUESTION12 1 -3.526e+05 1.021e+03 1.572e+03
s>                        ( - -2.272e+05 8 0 QUESTION0 -1 2.846e+02 1.033e+03)
s>                        ( - -1.244e+05 11 0 QUESTION10 1 6.049e+02 5.385e+02)))
s>                ( WDBNDRY_E 0 -1.281e+06 2.910e+03 5.511e+03
s>                    ( - -4.186e+05 13 0 QUESTION2_18_L -1 2.781e+02 1.816e+03)
s>                    ( - -8.600e+05 8 0 QUESTION0 -1 3.950e+02 3.696e+03)))))INFO: dtree.c(1478): Final simple tree
|( QUESTION2_19_L -1 -3.552e+06 5.726e+03 1.491e+04
|    ( QUESTION0_0_R 1 -2.895e+06 4.057e+03 1.222e+04
|        ( - -3.499e+05 11 0 WDBNDRY_E 0 9.953e+02 1.454e+03)
|        ( QUESTION16 1 -2.541e+06 2.731e+03 1.076e+04
|            ( - -3.503e+05 21 0 QUESTION0_16_R 1 1.334e+03 1.493e+03)
|            ( WDBNDRY_E 0 -2.188e+06 2.526e+03 9.270e+03
|                ( - -5.671e+05 25 0 QUESTION0 1 7.239e+02 2.352e+03)
|                ( QUESTION15 1 -1.619e+06 1.801e+03 6.918e+03
|                    ( - -1.446e+05 1 0)
|                    ( QUESTION0_9_R 1 -1.472e+06 1.540e+03 6.271e+03
|                        ( - -9.006e+04 2 0)
|                        ( - -1.381e+06 32 0 WDBNDRY_B 0 4.243e+02 5.894e+03))))))
|    ( QUESTION0_11_R 1 -6.512e+05 1.541e+03 2.696e+03
|        ( - -9.469e+04 7 0 QUESTION17 -1 4.464e+02 3.985e+02)
|        ( - -5.549e+05 64 0 QUESTION0 -1 1.228e+03 2.297e+03)))
s>    ( QUESTION2_19_L -1 -3.552e+06 5.726e+03 1.491e+04
s>        ( QUESTION0_0_R 1 -2.895e+06 4.057e+03 1.222e+04
s>            ( - -3.499e+05 11 0 WDBNDRY_E 0 9.953e+02 1.454e+03)
s>            ( QUESTION16 1 -2.541e+06 2.731e+03 1.076e+04
s>                ( - -3.503e+05 21 0 QUESTION0_16_R 1 1.334e+03 1.493e+03)
s>                ( WDBNDRY_E 0 -2.188e+06 2.526e+03 9.270e+03
s>                    ( - -5.671e+05 25 0 QUESTION0 1 7.239e+02 2.352e+03)
s>                    ( QUESTION15 1 -1.619e+06 1.801e+03 6.918e+03
s>                        ( - -1.446e+05 1 0)
s>                        ( QUESTION0_9_R 1 -1.472e+06 1.540e+03 6.271e+03
s>                            ( - -9.006e+04 2 0)
s>                            ( - -1.381e+06 32 0 WDBNDRY_B 0 4.243e+02 5.894e+03))))))
s>        ( QUESTION0_11_R 1 -6.512e+05 1.541e+03 2.696e+03
s>            ( - -9.469e+04 7 0 QUESTION17 -1 4.464e+02 3.985e+02)
s>            ( - -5.549e+05 64 0 QUESTION0 -1 1.228e+03 2.297e+03)))INFO: dtree.c(1315): Comp split 2
INFO: dtree.c(1478): Final simple tree
|( QUESTION12 -1 -2.563e+06 8.071e+03 1.107e+04
|    ( QUESTION0_1_R 1 -3.100e+05 1.506e+03 1.351e+03
|        ( - -4.241e+04 3 0 QUESTION10 1 6.022e+02 1.916e+02)
|        ( - -2.661e+05 3 0))
|    ( QUESTION0_1_R 1 -2.245e+06 6.229e+03 9.718e+03
|        ( WDBNDRY_E 0 -9.570e+05 1.333e+03 4.206e+03
|            ( QUESTION10 1 -6.031e+05 9.775e+02 2.635e+03
|                ( - -2.244e+05 13 0 QUESTION2_13_L -1 2.103e+02 9.588e+02)
|                ( - -3.777e+05 9 0 QUESTION12 1 5.695e+02 1.676e+03))
|            ( QUESTION12 1 -3.526e+05 1.021e+03 1.572e+03
|                ( - -2.272e+05 8 0 QUESTION0 -1 2.846e+02 1.033e+03)
|                ( - -1.244e+05 11 0 QUESTION10 1 6.049e+02 5.385e+02)))
|        ( WDBNDRY_E 0 -1.281e+06 2.910e+03 5.511e+03
|            ( - -4.186e+05 13 0 QUESTION2_18_L -1 2.781e+02 1.816e+03)
|            ( - -8.600e+05 8 0 QUESTION0 -1 3.950e+02 3.696e+03))))
s>    ( QUESTION12 -1 -2.563e+06 8.071e+03 1.107e+04
s>        ( QUESTION0_1_R 1 -3.100e+05 1.506e+03 1.351e+03
s>            ( - -4.241e+04 3 0 QUESTION10 1 6.022e+02 1.916e+02)
s>            ( - -2.661e+05 3 0))
s>        ( QUESTION0_1_R 1 -2.245e+06 6.229e+03 9.718e+03
s>            ( WDBNDRY_E 0 -9.570e+05 1.333e+03 4.206e+03
s>                ( QUESTION10 1 -6.031e+05 9.775e+02 2.635e+03
s>                    ( - -2.244e+05 13 0 QUESTION2_13_L -1 2.103e+02 9.588e+02)
s>                    ( - -3.777e+05 9 0 QUESTION12 1 5.695e+02 1.676e+03))
s>                ( QUESTION12 1 -3.526e+05 1.021e+03 1.572e+03
s>                    ( - -2.272e+05 8 0 QUESTION0 -1 2.846e+02 1.033e+03)
s>                    ( - -1.244e+05 11 0 QUESTION10 1 6.049e+02 5.385e+02)))
s>            ( WDBNDRY_E 0 -1.281e+06 2.910e+03 5.511e+03
s>                ( - -4.186e+05 13 0 QUESTION2_18_L -1 2.781e+02 1.816e+03)
s>                ( - -8.600e+05 8 0 QUESTION0 -1 3.950e+02 3.696e+03))))INFO: dtree.c(1315): Comp split 3
INFO: dtree.c(1478): Final simple tree
|( QUESTION16 1 -1.622e+06 3.514e+03 6.961e+03
|    ( QUESTION0_16_R 1 -9.957e+04 3.426e+02 4.221e+02
|        ( - -9.436e+03 1 0)
|        ( QUESTION0_9_R 1 -8.979e+04 2.852e+02 3.800e+02
|            ( WDBNDRY_B 0 -8.260e+04 2.457e+02 3.489e+02
|                ( - -8.909e+02 1 0)
|                ( - -8.146e+04 1 0))
|            ( - -6.912e+03 2 0 WDBNDRY_B 0 1.258e+02 3.114e+01)))
|    ( WDBNDRY_B 0 -1.519e+06 1.182e+03 6.538e+03
|        ( QUESTION0_14_R 1 -2.711e+04 2.734e+02 1.150e+02
|            ( - -1.666e+04 3 0)
|            ( - -1.018e+04 2 0 QUESTION0_9_R 1 1.448e+02 4.469e+01))
|        ( QUESTION0_9_R 1 -1.490e+06 1.142e+03 6.423e+03
|            ( - -3.031e+04 1 0)
|            ( - -1.459e+06 5 0))))
s>    ( QUESTION16 1 -1.622e+06 3.514e+03 6.961e+03
s>        ( QUESTION0_16_R 1 -9.957e+04 3.426e+02 4.221e+02
s>            ( - -9.436e+03 1 0)
s>            ( QUESTION0_9_R 1 -8.979e+04 2.852e+02 3.800e+02
s>                ( WDBNDRY_B 0 -8.260e+04 2.457e+02 3.489e+02
s>                    ( - -8.909e+02 1 0)
s>                    ( - -8.146e+04 1 0))
s>                ( - -6.912e+03 2 0 WDBNDRY_B 0 1.258e+02 3.114e+01)))
s>        ( WDBNDRY_B 0 -1.519e+06 1.182e+03 6.538e+03
s>            ( QUESTION0_14_R 1 -2.711e+04 2.734e+02 1.150e+02
s>                ( - -1.666e+04 3 0)
s>                ( - -1.018e+04 2 0 QUESTION0_9_R 1 1.448e+02 4.469e+01))
s>            ( QUESTION0_9_R 1 -1.490e+06 1.142e+03 6.423e+03
s>                ( - -3.031e+04 1 0)
s>                ( - -1.459e+06 5 0))))INFO: dtree.c(1315): Comp split 4
INFO: dtree.c(1478): Final simple tree
|( QUESTION0_1_R 1 -2.245e+06 6.229e+03 9.718e+03
|    ( WDBNDRY_E 0 -9.570e+05 1.333e+03 4.206e+03
|        ( QUESTION10 1 -6.031e+05 9.775e+02 2.635e+03
|            ( - -2.244e+05 13 0 QUESTION2_13_L -1 2.103e+02 9.588e+02)
|            ( QUESTION12 1 -3.777e+05 5.695e+02 1.676e+03
|                ( - -3.349e+05 8 0 QUESTION0 -1 1.919e+02 1.475e+03)
|                ( - -4.225e+04 1 0)))
|        ( QUESTION12 1 -3.526e+05 1.021e+03 1.572e+03
|            ( - -2.272e+05 8 0 QUESTION0 -1 2.846e+02 1.033e+03)
|            ( QUESTION10 1 -1.244e+05 6.049e+02 5.385e+02
|                ( - -7.940e+04 6 0 QUESTION0 -1 2.530e+02 3.404e+02)
|                ( - -4.435e+04 5 0 QUESTION0 -1 2.539e+02 1.980e+02))))
|    ( WDBNDRY_E 0 -1.281e+06 2.910e+03 5.511e+03
|        ( - -4.186e+05 13 0 QUESTION2_18_L -1 2.781e+02 1.816e+03)
|        ( - -8.600e+05 8 0 QUESTION0 -1 3.950e+02 3.696e+03)))
s>    ( QUESTION0_1_R 1 -2.245e+06 6.229e+03 9.718e+03
s>        ( WDBNDRY_E 0 -9.570e+05 1.333e+03 4.206e+03
s>            ( QUESTION10 1 -6.031e+05 9.775e+02 2.635e+03
s>                ( - -2.244e+05 13 0 QUESTION2_13_L -1 2.103e+02 9.588e+02)
s>                ( QUESTION12 1 -3.777e+05 5.695e+02 1.676e+03
s>                    ( - -3.349e+05 8 0 QUESTION0 -1 1.919e+02 1.475e+03)
s>                    ( - -4.225e+04 1 0)))
s>            ( QUESTION12 1 -3.526e+05 1.021e+03 1.572e+03
s>                ( - -2.272e+05 8 0 QUESTION0 -1 2.846e+02 1.033e+03)
s>                ( QUESTION10 1 -1.244e+05 6.049e+02 5.385e+02
s>                    ( - -7.940e+04 6 0 QUESTION0 -1 2.530e+02 3.404e+02)
s>                    ( - -4.435e+04 5 0 QUESTION0 -1 2.539e+02 1.980e+02))))
s>        ( WDBNDRY_E 0 -1.281e+06 2.910e+03 5.511e+03
s>            ( - -4.186e+05 13 0 QUESTION2_18_L -1 2.781e+02 1.816e+03)
s>            ( - -8.600e+05 8 0 QUESTION0 -1 3.950e+02 3.696e+03)))INFO: dtree.c(1439): stop. leaf nodes are specific
INFO: dtree.c(1478): Final simple tree
|( QUESTION0_1_R 1 -3.100e+05 1.506e+03 1.351e+03
|    ( QUESTION10 1 -4.241e+04 6.022e+02 1.916e+02
|        ( - -3.552e+04 1 0)
|        ( - -6.283e+03 2 0))
|    ( - -2.661e+05 3 0))
s>    ( QUESTION0_1_R 1 -3.100e+05 1.506e+03 1.351e+03
s>        ( QUESTION10 1 -4.241e+04 6.022e+02 1.916e+02
s>            ( - -3.552e+04 1 0)
s>            ( - -6.283e+03 2 0))
s>        ( - -2.661e+05 3 0))INFO: dtree.c(1315): Comp split 5
INFO: dtree.c(1439): stop. leaf nodes are specific
INFO: dtree.c(1478): Final simple tree
|( WDBNDRY_E 0 -1.281e+06 2.910e+03 5.511e+03
|    ( QUESTION2_18_L -1 -4.186e+05 2.781e+02 1.816e+03
|        ( - -5.450e+03 1 0)
|        ( QUESTION0 -1 -4.129e+05 1.956e+02 1.791e+03
|            ( - -4.124e+05 11 0)
|            ( - -2.630e+02 1 0)))
|    ( QUESTION0 -1 -8.600e+05 3.950e+02 3.696e+03
|        ( - -8.469e+05 6 0)
|        ( - -1.263e+04 2 0)))
s>    ( WDBNDRY_E 0 -1.281e+06 2.910e+03 5.511e+03
s>        ( QUESTION2_18_L -1 -4.186e+05 2.781e+02 1.816e+03
s>            ( - -5.450e+03 1 0)
s>            ( QUESTION0 -1 -4.129e+05 1.956e+02 1.791e+03
s>                ( - -4.124e+05 11 0)
s>                ( - -2.630e+02 1 0)))
s>        ( QUESTION0 -1 -8.600e+05 3.950e+02 3.696e+03
s>            ( - -8.469e+05 6 0)
s>            ( - -1.263e+04 2 0)))INFO: dtree.c(1478): Final simple tree
|( WDBNDRY_E 0 -9.570e+05 1.333e+03 4.206e+03
|    ( QUESTION10 1 -6.031e+05 9.775e+02 2.635e+03
|        ( - -2.244e+05 13 0 QUESTION2_13_L -1 2.103e+02 9.588e+02)
|        ( QUESTION12 1 -3.777e+05 5.695e+02 1.676e+03
|            ( - -3.349e+05 8 0 QUESTION0 -1 1.919e+02 1.475e+03)
|            ( - -4.225e+04 1 0)))
|    ( QUESTION12 1 -3.526e+05 1.021e+03 1.572e+03
|        ( QUESTION0 -1 -2.272e+05 2.846e+02 1.033e+03
|            ( - -2.188e+05 6 0 WDBNDRY_B 0 2.388e+02 9.975e+02)
|            ( - -8.096e+03 2 0))
|        ( QUESTION10 1 -1.244e+05 6.049e+02 5.385e+02
|            ( - -7.940e+04 6 0 QUESTION0 -1 2.530e+02 3.404e+02)
|            ( QUESTION0 -1 -4.435e+04 2.539e+02 1.980e+02
|                ( - -3.768e+04 3 0)
|                ( - -6.413e+03 2 0 WDBNDRY_B 0 1.438e+02 2.765e+01)))))
s>    ( WDBNDRY_E 0 -9.570e+05 1.333e+03 4.206e+03
s>        ( QUESTION10 1 -6.031e+05 9.775e+02 2.635e+03
s>            ( - -2.244e+05 13 0 QUESTION2_13_L -1 2.103e+02 9.588e+02)
s>            ( QUESTION12 1 -3.777e+05 5.695e+02 1.676e+03
s>                ( - -3.349e+05 8 0 QUESTION0 -1 1.919e+02 1.475e+03)
s>                ( - -4.225e+04 1 0)))
s>        ( QUESTION12 1 -3.526e+05 1.021e+03 1.572e+03
s>            ( QUESTION0 -1 -2.272e+05 2.846e+02 1.033e+03
s>                ( - -2.188e+05 6 0 WDBNDRY_B 0 2.388e+02 9.975e+02)
s>                ( - -8.096e+03 2 0))
s>            ( QUESTION10 1 -1.244e+05 6.049e+02 5.385e+02
s>                ( - -7.940e+04 6 0 QUESTION0 -1 2.530e+02 3.404e+02)
s>                ( QUESTION0 -1 -4.435e+04 2.539e+02 1.980e+02
s>                    ( - -3.768e+04 3 0)
s>                    ( - -6.413e+03 2 0 WDBNDRY_B 0 1.438e+02 2.765e+01)))))INFO: dtree.c(1315): Comp split 6
INFO: dtree.c(1478): Final simple tree
|( QUESTION0_0_R 1 -2.895e+06 4.057e+03 1.222e+04
|    ( WDBNDRY_E 0 -3.499e+05 9.953e+02 1.454e+03
|        ( - -2.371e+05 7 0 QUESTION0_7_R 1 1.858e+02 9.726e+02)
|        ( - -1.118e+05 4 0 QUESTION0_5_R 1 3.402e+02 4.812e+02))
|    ( QUESTION16 1 -2.541e+06 2.731e+03 1.076e+04
|        ( QUESTION0_16_R 1 -3.503e+05 1.334e+03 1.493e+03
|            ( - -1.623e+05 10 0 WDBNDRY_I 0 3.196e+02 6.978e+02)
|            ( - -1.867e+05 11 0 WDBNDRY_I 0 5.663e+02 7.955e+02))
|        ( WDBNDRY_E 0 -2.188e+06 2.526e+03 9.270e+03
|            ( - -5.671e+05 25 0 QUESTION0 1 7.239e+02 2.352e+03)
|            ( QUESTION15 1 -1.619e+06 1.801e+03 6.918e+03
|                ( - -1.446e+05 1 0)
|                ( QUESTION0_9_R 1 -1.472e+06 1.540e+03 6.271e+03
|                    ( - -9.006e+04 2 0)
|                    ( - -1.381e+06 32 0 WDBNDRY_B 0 4.243e+02 5.894e+03))))))
s>    ( QUESTION0_0_R 1 -2.895e+06 4.057e+03 1.222e+04
s>        ( WDBNDRY_E 0 -3.499e+05 9.953e+02 1.454e+03
s>            ( - -2.371e+05 7 0 QUESTION0_7_R 1 1.858e+02 9.726e+02)
s>            ( - -1.118e+05 4 0 QUESTION0_5_R 1 3.402e+02 4.812e+02))
s>        ( QUESTION16 1 -2.541e+06 2.731e+03 1.076e+04
s>            ( QUESTION0_16_R 1 -3.503e+05 1.334e+03 1.493e+03
s>                ( - -1.623e+05 10 0 WDBNDRY_I 0 3.196e+02 6.978e+02)
s>                ( - -1.867e+05 11 0 WDBNDRY_I 0 5.663e+02 7.955e+02))
s>            ( WDBNDRY_E 0 -2.188e+06 2.526e+03 9.270e+03
s>                ( - -5.671e+05 25 0 QUESTION0 1 7.239e+02 2.352e+03)
s>                ( QUESTION15 1 -1.619e+06 1.801e+03 6.918e+03
s>                    ( - -1.446e+05 1 0)
s>                    ( QUESTION0_9_R 1 -1.472e+06 1.540e+03 6.271e+03
s>                        ( - -9.006e+04 2 0)
s>                        ( - -1.381e+06 32 0 WDBNDRY_B 0 4.243e+02 5.894e+03))))))INFO: dtree.c(1478): Final simple tree
|( QUESTION0_11_R 1 -6.512e+05 1.541e+03 2.696e+03
|    ( - -9.469e+04 7 0 QUESTION17 -1 4.464e+02 3.985e+02)
|    ( QUESTION0 -1 -5.549e+05 1.228e+03 2.297e+03
|        ( - -1.411e+05 15 0 QUESTION2_0_L -1 4.736e+02 6.037e+02)
|        ( QUESTION0_0_R 1 -4.126e+05 1.131e+03 1.693e+03
|            ( QUESTION12 -1 -6.724e+04 6.748e+02 2.891e+02
|                ( - -1.741e+04 1 0)
|                ( - -4.915e+04 3 0 WDBNDRY_E 0 1.425e+02 2.128e+02))
|            ( SILENCE -1 -3.443e+05 7.574e+02 1.404e+03
|                ( - -1.098e+05 5 0 QUESTION0_14_R 1 3.218e+02 4.603e+02)
|                ( QUESTION11 -1 -2.337e+05 5.766e+02 9.441e+02
|                    ( QUESTION12 1 -1.903e+05 4.753e+02 7.821e+02
|                        ( - 2.416e+02 1 0)
|                        ( - -1.900e+05 29 0 WDBNDRY_E 0 4.406e+02 7.811e+02))
|                    ( - -4.285e+04 10 0 QUESTION2_11_L -1 2.509e+02 1.620e+02))))))
s>    ( QUESTION0_11_R 1 -6.512e+05 1.541e+03 2.696e+03
s>        ( - -9.469e+04 7 0 QUESTION17 -1 4.464e+02 3.985e+02)
s>        ( QUESTION0 -1 -5.549e+05 1.228e+03 2.297e+03
s>            ( - -1.411e+05 15 0 QUESTION2_0_L -1 4.736e+02 6.037e+02)
s>            ( QUESTION0_0_R 1 -4.126e+05 1.131e+03 1.693e+03
s>                ( QUESTION12 -1 -6.724e+04 6.748e+02 2.891e+02
s>                    ( - -1.741e+04 1 0)
s>                    ( - -4.915e+04 3 0 WDBNDRY_E 0 1.425e+02 2.128e+02))
s>                ( SILENCE -1 -3.443e+05 7.574e+02 1.404e+03
s>                    ( - -1.098e+05 5 0 QUESTION0_14_R 1 3.218e+02 4.603e+02)
s>                    ( QUESTION11 -1 -2.337e+05 5.766e+02 9.441e+02
s>                        ( QUESTION12 1 -1.903e+05 4.753e+02 7.821e+02
s>                            ( - 2.416e+02 1 0)
s>                            ( - -1.900e+05 29 0 WDBNDRY_E 0 4.406e+02 7.811e+02))
s>                        ( - -4.285e+04 10 0 QUESTION2_11_L -1 2.509e+02 1.620e+02))))))INFO: dtree.c(1315): Comp split 7
INFO: dtree.c(1439): stop. leaf nodes are specific
INFO: dtree.c(1478): Final simple tree
|( QUESTION0_0_R 1 -4.415e+05 1.605e+03 1.830e+03
|    ( WDBNDRY_E 0 -3.499e+05 9.953e+02 1.454e+03
|        ( QUESTION0_7_R 1 -2.371e+05 1.858e+02 9.726e+02
|            ( - -1.298e+03 2 0)
|            ( QUESTION0_5_R 1 -2.356e+05 1.655e+02 9.666e+02
|                ( - -2.339e+05 4 0)
|                ( - -1.525e+03 1 0)))
|        ( QUESTION0_5_R 1 -1.118e+05 3.402e+02 4.812e+02
|            ( - -1.005e+05 2 0)
|            ( - -1.092e+04 2 0)))
|    ( - -9.006e+04 2 0))
s>    ( QUESTION0_0_R 1 -4.415e+05 1.605e+03 1.830e+03
s>        ( WDBNDRY_E 0 -3.499e+05 9.953e+02 1.454e+03
s>            ( QUESTION0_7_R 1 -2.371e+05 1.858e+02 9.726e+02
s>                ( - -1.298e+03 2 0)
s>                ( QUESTION0_5_R 1 -2.356e+05 1.655e+02 9.666e+02
s>                    ( - -2.339e+05 4 0)
s>                    ( - -1.525e+03 1 0)))
s>            ( QUESTION0_5_R 1 -1.118e+05 3.402e+02 4.812e+02
s>                ( - -1.005e+05 2 0)
s>                ( - -1.092e+04 2 0)))
s>        ( - -9.006e+04 2 0))INFO: dtree.c(1478): Final simple tree
|( QUESTION16 1 -2.449e+06 2.601e+03 1.039e+04
|    ( QUESTION0_16_R 1 -3.503e+05 1.334e+03 1.493e+03
|        ( - -1.623e+05 10 0 WDBNDRY_I 0 3.196e+02 6.978e+02)
|        ( WDBNDRY_I 0 -1.867e+05 5.663e+02 7.955e+02
|            ( - -1.274e+05 6 0 QUESTION0_9_R 1 3.824e+02 5.320e+02)
|            ( - -5.876e+04 5 0 QUESTION0_9_R 1 4.096e+02 2.635e+02)))
|    ( WDBNDRY_E 0 -2.096e+06 2.509e+03 8.894e+03
|        ( QUESTION0 1 -5.671e+05 7.239e+02 2.352e+03
|            ( - -4.542e+05 14 0 QUESTION0_15_R 1 2.236e+02 1.884e+03)
|            ( - -1.122e+05 11 0 QUESTION14 1 3.088e+02 4.686e+02))
|        ( QUESTION0_9_R 1 -1.527e+06 1.691e+03 6.542e+03
|            ( - -1.446e+05 1 0)
|            ( WDBNDRY_B 0 -1.381e+06 4.243e+02 5.894e+03
|                ( - -7.382e+04 10 0 QUESTION0_14_R 1 1.520e+02 3.139e+02)
|                ( - -1.306e+06 22 0 QUESTION0_17_R 1 1.239e+02 5.581e+03)))))
s>    ( QUESTION16 1 -2.449e+06 2.601e+03 1.039e+04
s>        ( QUESTION0_16_R 1 -3.503e+05 1.334e+03 1.493e+03
s>            ( - -1.623e+05 10 0 WDBNDRY_I 0 3.196e+02 6.978e+02)
s>            ( WDBNDRY_I 0 -1.867e+05 5.663e+02 7.955e+02
s>                ( - -1.274e+05 6 0 QUESTION0_9_R 1 3.824e+02 5.320e+02)
s>                ( - -5.876e+04 5 0 QUESTION0_9_R 1 4.096e+02 2.635e+02)))
s>        ( WDBNDRY_E 0 -2.096e+06 2.509e+03 8.894e+03
s>            ( QUESTION0 1 -5.671e+05 7.239e+02 2.352e+03
s>                ( - -4.542e+05 14 0 QUESTION0_15_R 1 2.236e+02 1.884e+03)
s>                ( - -1.122e+05 11 0 QUESTION14 1 3.088e+02 4.686e+02))
s>            ( QUESTION0_9_R 1 -1.527e+06 1.691e+03 6.542e+03
s>                ( - -1.446e+05 1 0)
s>                ( WDBNDRY_B 0 -1.381e+06 4.243e+02 5.894e+03
s>                    ( - -7.382e+04 10 0 QUESTION0_14_R 1 1.520e+02 3.139e+02)
s>                    ( - -1.306e+06 22 0 QUESTION0_17_R 1 1.239e+02 5.581e+03)))))INFO: dtree.c(1315): Comp split 8
INFO: dtree.c(1439): stop. leaf nodes are specific
INFO: dtree.c(1478): Final simple tree
|( QUESTION0_9_R 1 -1.490e+06 1.142e+03 6.423e+03
|    ( - -3.031e+04 1 0)
|    ( - -1.459e+06 5 0))
s>    ( QUESTION0_9_R 1 -1.490e+06 1.142e+03 6.423e+03
s>        ( - -3.031e+04 1 0)
s>        ( - -1.459e+06 5 0))INFO: dtree.c(1478): Final simple tree
|( WDBNDRY_B 0 -1.273e+05 6.906e+02 5.371e+02
|    ( QUESTION0_10_R 1 -3.275e+04 2.498e+02 1.372e+02
|        ( - -9.500e+03 1 0)
|        ( QUESTION0_9_R 1 -2.300e+04 1.958e+02 9.550e+01
|            ( - -8.909e+02 1 0)
|            ( QUESTION0_14_R 1 -2.192e+04 1.686e+02 9.350e+01
|                ( - -1.666e+04 3 0)
|                ( QUESTION0_16_R 1 -5.086e+03 1.423e+02 2.314e+01
|                    ( - -5.358e+02 1 0)
|                    ( - -4.408e+03 1 0)))))
|    ( QUESTION0_16_R 1 -9.382e+04 3.459e+02 3.999e+02
|        ( - -9.436e+03 1 0)
|        ( QUESTION0_9_R 1 -8.404e+04 1.988e+02 3.579e+02
|            ( - -8.146e+04 1 0)
|            ( - -2.379e+03 1 0))))
s>    ( WDBNDRY_B 0 -1.273e+05 6.906e+02 5.371e+02
s>        ( QUESTION0_10_R 1 -3.275e+04 2.498e+02 1.372e+02
s>            ( - -9.500e+03 1 0)
s>            ( QUESTION0_9_R 1 -2.300e+04 1.958e+02 9.550e+01
s>                ( - -8.909e+02 1 0)
s>                ( QUESTION0_14_R 1 -2.192e+04 1.686e+02 9.350e+01
s>                    ( - -1.666e+04 3 0)
s>                    ( QUESTION0_16_R 1 -5.086e+03 1.423e+02 2.314e+01
s>                        ( - -5.358e+02 1 0)
s>                        ( - -4.408e+03 1 0)))))
s>        ( QUESTION0_16_R 1 -9.382e+04 3.459e+02 3.999e+02
s>            ( - -9.436e+03 1 0)
s>            ( QUESTION0_9_R 1 -8.404e+04 1.988e+02 3.579e+02
s>                ( - -8.146e+04 1 0)
s>                ( - -2.379e+03 1 0))))INFO: dtree.c(1315): Comp split 9
INFO: dtree.c(1439): stop. leaf nodes are specific
INFO: dtree.c(1478): Final simple tree
|( QUESTION0 -1 -4.259e+05 3.907e+02 1.844e+03
|    ( - -4.124e+05 11 0)
|    ( WDBNDRY_E 0 -1.308e+04 1.910e+02 5.511e+01
|        ( - -2.630e+02 1 0)
|        ( - -1.263e+04 2 0)))
s>    ( QUESTION0 -1 -4.259e+05 3.907e+02 1.844e+03
s>        ( - -4.124e+05 11 0)
s>        ( WDBNDRY_E 0 -1.308e+04 1.910e+02 5.511e+01
s>            ( - -2.630e+02 1 0)
s>            ( - -1.263e+04 2 0)))INFO: dtree.c(1439): stop. leaf nodes are specific
INFO: dtree.c(1478): Final simple tree
|( WDBNDRY_E 0 -8.527e+05 2.677e+02 3.667e+03
|    ( - -5.450e+03 1 0)
|    ( - -8.469e+05 6 0))
s>    ( WDBNDRY_E 0 -8.527e+05 2.677e+02 3.667e+03
s>        ( - -5.450e+03 1 0)
s>        ( - -8.469e+05 6 0))INFO: dtree.c(1315): Comp split 10
INFO: dtree.c(1478): Final simple tree
|( WDBNDRY_E 0 -2.096e+06 2.509e+03 8.894e+03
|    ( QUESTION0 1 -5.671e+05 7.239e+02 2.352e+03
|        ( QUESTION0_15_R 1 -4.542e+05 2.236e+02 1.884e+03
|            ( - -1.174e+04 2 0 QUESTION0_16_R 1 1.202e+02 4.561e+01)
|            ( - -4.422e+05 12 0 QUESTION0_9_R 1 2.074e+02 1.838e+03))
|        ( QUESTION14 1 -1.122e+05 3.088e+02 4.686e+02
|            ( QUESTION0_9_R 1 -7.883e+04 2.172e+02 3.280e+02
|                ( - -3.100e+04 4 0)
|                ( - -4.761e+04 3 0))
|            ( - -3.306e+04 4 0 QUESTION0_9_R 1 1.578e+02 1.405e+02)))
|    ( QUESTION0_9_R 1 -1.527e+06 1.691e+03 6.542e+03
|        ( - -1.446e+05 1 0)
|        ( WDBNDRY_B 0 -1.381e+06 4.243e+02 5.894e+03
|            ( - -7.382e+04 10 0 QUESTION0_14_R 1 1.520e+02 3.139e+02)
|            ( - -1.306e+06 22 0 QUESTION0_17_R 1 1.239e+02 5.581e+03))))
s>    ( WDBNDRY_E 0 -2.096e+06 2.509e+03 8.894e+03
s>        ( QUESTION0 1 -5.671e+05 7.239e+02 2.352e+03
s>            ( QUESTION0_15_R 1 -4.542e+05 2.236e+02 1.884e+03
s>                ( - -1.174e+04 2 0 QUESTION0_16_R 1 1.202e+02 4.561e+01)
s>                ( - -4.422e+05 12 0 QUESTION0_9_R 1 2.074e+02 1.838e+03))
s>            ( QUESTION14 1 -1.122e+05 3.088e+02 4.686e+02
s>                ( QUESTION0_9_R 1 -7.883e+04 2.172e+02 3.280e+02
s>                    ( - -3.100e+04 4 0)
s>                    ( - -4.761e+04 3 0))
s>                ( - -3.306e+04 4 0 QUESTION0_9_R 1 1.578e+02 1.405e+02)))
s>        ( QUESTION0_9_R 1 -1.527e+06 1.691e+03 6.542e+03
s>            ( - -1.446e+05 1 0)
s>            ( WDBNDRY_B 0 -1.381e+06 4.243e+02 5.894e+03
s>                ( - -7.382e+04 10 0 QUESTION0_14_R 1 1.520e+02 3.139e+02)
s>                ( - -1.306e+06 22 0 QUESTION0_17_R 1 1.239e+02 5.581e+03))))INFO: dtree.c(1478): Final simple tree
|( QUESTION0_16_R 1 -3.503e+05 1.334e+03 1.493e+03
|    ( WDBNDRY_I 0 -1.623e+05 3.196e+02 6.978e+02
|        ( - -9.687e+04 5 0)
|        ( - -6.511e+04 5 0 WDBNDRY_B 0 1.703e+02 2.692e+02))
|    ( WDBNDRY_I 0 -1.867e+05 5.663e+02 7.955e+02
|        ( QUESTION0_9_R 1 -1.274e+05 3.824e+02 5.320e+02
|            ( - -1.011e+05 3 0)
|            ( QUESTION0_18_R 1 -2.582e+04 2.113e+02 1.113e+02
|                ( - -1.901e+04 1 0)
|                ( - -6.600e+03 2 0)))
|        ( QUESTION0_9_R 1 -5.876e+04 4.096e+02 2.635e+02
|            ( - -4.071e+04 2 0)
|            ( WDBNDRY_B 0 -1.765e+04 1.963e+02 7.799e+01
|                ( - -8.443e+03 1 0)
|                ( - -9.007e+03 2 0)))))
s>    ( QUESTION0_16_R 1 -3.503e+05 1.334e+03 1.493e+03
s>        ( WDBNDRY_I 0 -1.623e+05 3.196e+02 6.978e+02
s>            ( - -9.687e+04 5 0)
s>            ( - -6.511e+04 5 0 WDBNDRY_B 0 1.703e+02 2.692e+02))
s>        ( WDBNDRY_I 0 -1.867e+05 5.663e+02 7.955e+02
s>            ( QUESTION0_9_R 1 -1.274e+05 3.824e+02 5.320e+02
s>                ( - -1.011e+05 3 0)
s>                ( QUESTION0_18_R 1 -2.582e+04 2.113e+02 1.113e+02
s>                    ( - -1.901e+04 1 0)
s>                    ( - -6.600e+03 2 0)))
s>            ( QUESTION0_9_R 1 -5.876e+04 4.096e+02 2.635e+02
s>                ( - -4.071e+04 2 0)
s>                ( WDBNDRY_B 0 -1.765e+04 1.963e+02 7.799e+01
s>                    ( - -8.443e+03 1 0)
s>                    ( - -9.007e+03 2 0)))))INFO: dtree.c(1315): Comp split 11
INFO: dtree.c(1439): stop. leaf nodes are specific
INFO: dtree.c(1478): Final simple tree
|( QUESTION0 1 -5.336e+05 6.296e+02 2.212e+03
|    ( QUESTION0_15_R 1 -4.542e+05 2.236e+02 1.884e+03
|        ( QUESTION0_16_R 1 -1.174e+04 1.202e+02 4.561e+01
|            ( - -1.047e+04 1 0)
|            ( - -1.149e+03 1 0))
|        ( QUESTION0_9_R 1 -4.422e+05 2.074e+02 1.838e+03
|            ( - -1.503e+04 2 0)
|            ( - -4.270e+05 10 0)))
|    ( QUESTION0_9_R 1 -7.883e+04 2.172e+02 3.280e+02
|        ( - -3.100e+04 4 0)
|        ( - -4.761e+04 3 0)))
s>    ( QUESTION0 1 -5.336e+05 6.296e+02 2.212e+03
s>        ( QUESTION0_15_R 1 -4.542e+05 2.236e+02 1.884e+03
s>            ( QUESTION0_16_R 1 -1.174e+04 1.202e+02 4.561e+01
s>                ( - -1.047e+04 1 0)
s>                ( - -1.149e+03 1 0))
s>            ( QUESTION0_9_R 1 -4.422e+05 2.074e+02 1.838e+03
s>                ( - -1.503e+04 2 0)
s>                ( - -4.270e+05 10 0)))
s>        ( QUESTION0_9_R 1 -7.883e+04 2.172e+02 3.280e+02
s>            ( - -3.100e+04 4 0)
s>            ( - -4.761e+04 3 0)))INFO: dtree.c(1478): Final simple tree
|( QUESTION13 1 -1.560e+06 1.764e+03 6.682e+03
|    ( WDBNDRY_I 0 -1.789e+05 2.587e+02 7.899e+02
|        ( QUESTION0_9_R 1 -1.474e+05 1.062e+02 6.592e+02
|            ( - -1.446e+05 1 0)
|            ( - -2.707e+03 3 0))
|        ( WDBNDRY_B 0 -3.122e+04 1.341e+02 1.307e+02
|            ( - -1.422e+03 2 0)
|            ( - -2.967e+04 3 0)))
|    ( WDBNDRY_B 0 -1.380e+06 4.308e+02 5.892e+03
|        ( - -7.225e+04 8 0)
|        ( QUESTION0_14_R 1 -1.307e+06 2.040e+02 5.583e+03
|            ( - -1.301e+06 18 0)
|            ( WDBNDRY_E 0 -5.309e+03 1.149e+02 2.290e+01
|                ( - -3.240e+03 1 0)
|                ( - -1.954e+03 1 0)))))
s>    ( QUESTION13 1 -1.560e+06 1.764e+03 6.682e+03
s>        ( WDBNDRY_I 0 -1.789e+05 2.587e+02 7.899e+02
s>            ( QUESTION0_9_R 1 -1.474e+05 1.062e+02 6.592e+02
s>                ( - -1.446e+05 1 0)
s>                ( - -2.707e+03 3 0))
s>            ( WDBNDRY_B 0 -3.122e+04 1.341e+02 1.307e+02
s>                ( - -1.422e+03 2 0)
s>                ( - -2.967e+04 3 0)))
s>        ( WDBNDRY_B 0 -1.380e+06 4.308e+02 5.892e+03
s>            ( - -7.225e+04 8 0)
s>            ( QUESTION0_14_R 1 -1.307e+06 2.040e+02 5.583e+03
s>                ( - -1.301e+06 18 0)
s>                ( WDBNDRY_E 0 -5.309e+03 1.149e+02 2.290e+01
s>                    ( - -3.240e+03 1 0)
s>                    ( - -1.954e+03 1 0)))))INFO: dtree.c(1315): Comp split 12
INFO: dtree.c(1439): stop. leaf nodes are specific
INFO: dtree.c(1478): Final simple tree
|( WDBNDRY_B 0 -1.380e+06 4.308e+02 5.892e+03
|    ( - -7.225e+04 8 0)
|    ( QUESTION0_14_R 1 -1.307e+06 2.040e+02 5.583e+03
|        ( - -1.301e+06 18 0)
|        ( WDBNDRY_E 0 -5.309e+03 1.149e+02 2.290e+01
|            ( - -3.240e+03 1 0)
|            ( - -1.954e+03 1 0))))
s>    ( WDBNDRY_B 0 -1.380e+06 4.308e+02 5.892e+03
s>        ( - -7.225e+04 8 0)
s>        ( QUESTION0_14_R 1 -1.307e+06 2.040e+02 5.583e+03
s>            ( - -1.301e+06 18 0)
s>            ( WDBNDRY_E 0 -5.309e+03 1.149e+02 2.290e+01
s>                ( - -3.240e+03 1 0)
s>                ( - -1.954e+03 1 0))))INFO: dtree.c(1439): stop. leaf nodes are specific
INFO: dtree.c(1478): Final simple tree
|( WDBNDRY_I 0 -1.789e+05 2.587e+02 7.899e+02
|    ( QUESTION0_9_R 1 -1.474e+05 1.062e+02 6.592e+02
|        ( - -1.446e+05 1 0)
|        ( - -2.707e+03 3 0))
|    ( WDBNDRY_B 0 -3.122e+04 1.341e+02 1.307e+02
|        ( - -1.422e+03 2 0)
|        ( - -2.967e+04 3 0)))
s>    ( WDBNDRY_I 0 -1.789e+05 2.587e+02 7.899e+02
s>        ( QUESTION0_9_R 1 -1.474e+05 1.062e+02 6.592e+02
s>            ( - -1.446e+05 1 0)
s>            ( - -2.707e+03 3 0))
s>        ( WDBNDRY_B 0 -3.122e+04 1.341e+02 1.307e+02
s>            ( - -1.422e+03 2 0)
s>            ( - -2.967e+04 3 0)))INFO: dtree.c(1315): Comp split 13
INFO: dtree.c(1439): stop. leaf nodes are specific
INFO: dtree.c(1478): Final simple tree
|( WDBNDRY_E 0 -3.499e+05 9.953e+02 1.454e+03
|    ( QUESTION0_7_R 1 -2.371e+05 1.858e+02 9.726e+02
|        ( - -1.298e+03 2 0)
|        ( QUESTION0_5_R 1 -2.356e+05 1.655e+02 9.666e+02
|            ( - -2.339e+05 4 0)
|            ( - -1.525e+03 1 0)))
|    ( QUESTION0_5_R 1 -1.118e+05 3.402e+02 4.812e+02
|        ( - -1.005e+05 2 0)
|        ( - -1.092e+04 2 0)))
s>    ( WDBNDRY_E 0 -3.499e+05 9.953e+02 1.454e+03
s>        ( QUESTION0_7_R 1 -2.371e+05 1.858e+02 9.726e+02
s>            ( - -1.298e+03 2 0)
s>            ( QUESTION0_5_R 1 -2.356e+05 1.655e+02 9.666e+02
s>                ( - -2.339e+05 4 0)
s>                ( - -1.525e+03 1 0)))
s>        ( QUESTION0_5_R 1 -1.118e+05 3.402e+02 4.812e+02
s>            ( - -1.005e+05 2 0)
s>            ( - -1.092e+04 2 0)))INFO: dtree.c(1315): Comp split 14
INFO: dtree.c(1478): Final simple tree
|( QUESTION0 -1 -5.549e+05 1.228e+03 2.297e+03
|    ( QUESTION2_0_L -1 -1.411e+05 4.736e+02 6.037e+02
|        ( - -1.588e+04 4 0 QUESTION0 1 2.902e+02 6.781e+01)
|        ( - -1.247e+05 11 0 QUESTION0_14_R 1 2.872e+02 5.359e+02))
|    ( QUESTION0_0_R 1 -4.126e+05 1.131e+03 1.693e+03
|        ( QUESTION12 -1 -6.724e+04 6.748e+02 2.891e+02
|            ( - -1.741e+04 1 0)
|            ( - -4.915e+04 3 0 WDBNDRY_E 0 1.425e+02 2.128e+02))
|        ( SILENCE -1 -3.443e+05 7.574e+02 1.404e+03
|            ( - -1.098e+05 5 0 QUESTION0_14_R 1 3.218e+02 4.603e+02)
|            ( QUESTION11 -1 -2.337e+05 5.766e+02 9.441e+02
|                ( QUESTION12 1 -1.903e+05 4.753e+02 7.821e+02
|                    ( - 2.416e+02 1 0)
|                    ( - -1.900e+05 29 0 WDBNDRY_E 0 4.406e+02 7.811e+02))
|                ( - -4.285e+04 10 0 QUESTION2_11_L -1 2.509e+02 1.620e+02)))))
s>    ( QUESTION0 -1 -5.549e+05 1.228e+03 2.297e+03
s>        ( QUESTION2_0_L -1 -1.411e+05 4.736e+02 6.037e+02
s>            ( - -1.588e+04 4 0 QUESTION0 1 2.902e+02 6.781e+01)
s>            ( - -1.247e+05 11 0 QUESTION0_14_R 1 2.872e+02 5.359e+02))
s>        ( QUESTION0_0_R 1 -4.126e+05 1.131e+03 1.693e+03
s>            ( QUESTION12 -1 -6.724e+04 6.748e+02 2.891e+02
s>                ( - -1.741e+04 1 0)
s>                ( - -4.915e+04 3 0 WDBNDRY_E 0 1.425e+02 2.128e+02))
s>            ( SILENCE -1 -3.443e+05 7.574e+02 1.404e+03
s>                ( - -1.098e+05 5 0 QUESTION0_14_R 1 3.218e+02 4.603e+02)
s>                ( QUESTION11 -1 -2.337e+05 5.766e+02 9.441e+02
s>                    ( QUESTION12 1 -1.903e+05 4.753e+02 7.821e+02
s>                        ( - 2.416e+02 1 0)
s>                        ( - -1.900e+05 29 0 WDBNDRY_E 0 4.406e+02 7.811e+02))
s>                    ( - -4.285e+04 10 0 QUESTION2_11_L -1 2.509e+02 1.620e+02)))))INFO: dtree.c(1439): stop. leaf nodes are specific
INFO: dtree.c(1478): Final simple tree
|( QUESTION17 -1 -9.469e+04 4.464e+02 3.985e+02
|    ( - 1.468e+02 1 0)
|    ( QUESTION14 -1 -9.439e+04 4.430e+02 3.975e+02
|        ( WDBNDRY_B 0 -5.658e+04 1.706e+02 2.393e+02
|            ( - -5.891e+02 1 0)
|            ( - -5.582e+04 1 0))
|        ( QUESTION2_0_L -1 -3.737e+04 3.635e+02 1.582e+02
|            ( QUESTION0 -1 -1.767e+04 1.456e+02 7.485e+01
|                ( - -1.553e+04 1 0)
|                ( - -1.991e+03 1 0))
|            ( QUESTION0 -1 -1.934e+04 1.519e+02 8.335e+01
|                ( - -1.816e+04 1 0)
|                ( - -1.037e+03 1 0)))))
s>    ( QUESTION17 -1 -9.469e+04 4.464e+02 3.985e+02
s>        ( - 1.468e+02 1 0)
s>        ( QUESTION14 -1 -9.439e+04 4.430e+02 3.975e+02
s>            ( WDBNDRY_B 0 -5.658e+04 1.706e+02 2.393e+02
s>                ( - -5.891e+02 1 0)
s>                ( - -5.582e+04 1 0))
s>            ( QUESTION2_0_L -1 -3.737e+04 3.635e+02 1.582e+02
s>                ( QUESTION0 -1 -1.767e+04 1.456e+02 7.485e+01
s>                    ( - -1.553e+04 1 0)
s>                    ( - -1.991e+03 1 0))
s>                ( QUESTION0 -1 -1.934e+04 1.519e+02 8.335e+01
s>                    ( - -1.816e+04 1 0)
s>                    ( - -1.037e+03 1 0)))))INFO: dtree.c(1315): Comp split 15
INFO: dtree.c(1439): stop. leaf nodes are specific
INFO: dtree.c(1478): Final simple tree
|( QUESTION10 1 -4.241e+04 6.022e+02 1.916e+02
|    ( - -3.552e+04 1 0)
|    ( - -6.283e+03 2 0))
s>    ( QUESTION10 1 -4.241e+04 6.022e+02 1.916e+02
s>        ( - -3.552e+04 1 0)
s>        ( - -6.283e+03 2 0))INFO: dtree.c(1315): Comp split 16
INFO: dtree.c(1439): stop. leaf nodes are specific
INFO: dtree.c(1478): Final simple tree
|( QUESTION0_14_R 1 -1.247e+05 2.872e+02 5.359e+02
|    ( WDBNDRY_B 0 -1.159e+05 1.078e+02 4.996e+02
|        ( - -1.138e+05 5 0)
|        ( - -2.012e+03 2 0))
|    ( WDBNDRY_B 0 -8.517e+03 1.574e+02 3.625e+01
|        ( QUESTION0_16_R 1 -6.782e+03 1.127e+02 2.925e+01
|            ( - -4.469e+03 2 0)
|            ( - -2.201e+03 1 0))
|        ( - -1.578e+03 1 0)))
s>    ( QUESTION0_14_R 1 -1.247e+05 2.872e+02 5.359e+02
s>        ( WDBNDRY_B 0 -1.159e+05 1.078e+02 4.996e+02
s>            ( - -1.138e+05 5 0)
s>            ( - -2.012e+03 2 0))
s>        ( WDBNDRY_B 0 -8.517e+03 1.574e+02 3.625e+01
s>            ( QUESTION0_16_R 1 -6.782e+03 1.127e+02 2.925e+01
s>                ( - -4.469e+03 2 0)
s>                ( - -2.201e+03 1 0))
s>            ( - -1.578e+03 1 0)))INFO: dtree.c(1478): Final simple tree
|( QUESTION0_0_R 1 -4.288e+05 1.113e+03 1.761e+03
|    ( QUESTION12 -1 -6.724e+04 6.748e+02 2.891e+02
|        ( - -1.741e+04 1 0)
|        ( - -4.915e+04 3 0 WDBNDRY_E 0 1.425e+02 2.128e+02))
|    ( SILENCE -1 -3.604e+05 7.606e+02 1.472e+03
|        ( QUESTION0_14_R 1 -1.098e+05 3.218e+02 4.603e+02
|            ( - -1.004e+05 4 0)
|            ( - -9.126e+03 1 0))
|        ( QUESTION2_1_L -1 -2.498e+05 5.989e+02 1.012e+03
|            ( - -4.285e+04 10 0 QUESTION2_11_L -1 2.509e+02 1.620e+02)
|            ( QUESTION12 1 -2.064e+05 4.744e+02 8.499e+02
|                ( - 2.416e+02 1 0)
|                ( WDBNDRY_E 0 -2.062e+05 4.356e+02 8.489e+02
|                    ( - -2.043e+04 5 0 QUESTION0_9_R 1 1.890e+02 7.251e+01)
|                    ( - -1.853e+05 28 0 QUESTION2_0_L -1 3.195e+02 7.764e+02))))))
s>    ( QUESTION0_0_R 1 -4.288e+05 1.113e+03 1.761e+03
s>        ( QUESTION12 -1 -6.724e+04 6.748e+02 2.891e+02
s>            ( - -1.741e+04 1 0)
s>            ( - -4.915e+04 3 0 WDBNDRY_E 0 1.425e+02 2.128e+02))
s>        ( SILENCE -1 -3.604e+05 7.606e+02 1.472e+03
s>            ( QUESTION0_14_R 1 -1.098e+05 3.218e+02 4.603e+02
s>                ( - -1.004e+05 4 0)
s>                ( - -9.126e+03 1 0))
s>            ( QUESTION2_1_L -1 -2.498e+05 5.989e+02 1.012e+03
s>                ( - -4.285e+04 10 0 QUESTION2_11_L -1 2.509e+02 1.620e+02)
s>                ( QUESTION12 1 -2.064e+05 4.744e+02 8.499e+02
s>                    ( - 2.416e+02 1 0)
s>                    ( WDBNDRY_E 0 -2.062e+05 4.356e+02 8.489e+02
s>                        ( - -2.043e+04 5 0 QUESTION0_9_R 1 1.890e+02 7.251e+01)
s>                        ( - -1.853e+05 28 0 QUESTION2_0_L -1 3.195e+02 7.764e+02))))))INFO: dtree.c(1315): Comp split 17
INFO: dtree.c(1439): stop. leaf nodes are specific
INFO: dtree.c(1478): Final simple tree
|( QUESTION2_13_L -1 -2.244e+05 2.103e+02 9.588e+02
|    ( - -6.233e+02 1 0)
|    ( - -2.236e+05 12 0))
s>    ( QUESTION2_13_L -1 -2.244e+05 2.103e+02 9.588e+02
s>        ( - -6.233e+02 1 0)
s>        ( - -2.236e+05 12 0))INFO: dtree.c(1478): Final simple tree
|( WDBNDRY_I 0 -7.312e+05 8.900e+02 3.248e+03
|    ( QUESTION12 1 -3.496e+05 1.016e+03 1.560e+03
|        ( QUESTION0 -1 -2.261e+05 2.868e+02 1.029e+03
|            ( - -2.177e+05 5 0)
|            ( - -8.096e+03 2 0))
|        ( QUESTION10 1 -1.225e+05 5.767e+02 5.305e+02
|            ( QUESTION0 -1 -7.940e+04 2.530e+02 3.404e+02
|                ( - -7.387e+04 5 0)
|                ( - -5.277e+03 1 0))
|            ( QUESTION0 -1 -4.250e+04 2.605e+02 1.900e+02
|                ( - -3.768e+04 3 0)
|                ( - -4.555e+03 1 0))))
|    ( QUESTION12 1 -3.807e+05 5.525e+02 1.688e+03
|        ( - -3.360e+05 9 0 WDBNDRY_B 0 2.056e+02 1.479e+03)
|        ( - -4.417e+04 2 0 WDBNDRY_B 0 2.097e+02 2.085e+02)))
s>    ( WDBNDRY_I 0 -7.312e+05 8.900e+02 3.248e+03
s>        ( QUESTION12 1 -3.496e+05 1.016e+03 1.560e+03
s>            ( QUESTION0 -1 -2.261e+05 2.868e+02 1.029e+03
s>                ( - -2.177e+05 5 0)
s>                ( - -8.096e+03 2 0))
s>            ( QUESTION10 1 -1.225e+05 5.767e+02 5.305e+02
s>                ( QUESTION0 -1 -7.940e+04 2.530e+02 3.404e+02
s>                    ( - -7.387e+04 5 0)
s>                    ( - -5.277e+03 1 0))
s>                ( QUESTION0 -1 -4.250e+04 2.605e+02 1.900e+02
s>                    ( - -3.768e+04 3 0)
s>                    ( - -4.555e+03 1 0))))
s>        ( QUESTION12 1 -3.807e+05 5.525e+02 1.688e+03
s>            ( - -3.360e+05 9 0 WDBNDRY_B 0 2.056e+02 1.479e+03)
s>            ( - -4.417e+04 2 0 WDBNDRY_B 0 2.097e+02 2.085e+02)))INFO: dtree.c(1315): Comp split 18
INFO: dtree.c(1439): stop. leaf nodes are specific
INFO: dtree.c(1478): Final simple tree
|( QUESTION0_9_R 1 -1.366e+05 4.139e+02 5.710e+02
|    ( - -1.011e+05 3 0)
|    ( QUESTION0_18_R 1 -3.502e+04 2.303e+02 1.503e+02
|        ( - -1.901e+04 1 0)
|        ( WDBNDRY_E 0 -1.579e+04 1.790e+02 6.802e+01
|            ( - -9.007e+03 2 0)
|            ( - -6.600e+03 2 0))))
s>    ( QUESTION0_9_R 1 -1.366e+05 4.139e+02 5.710e+02
s>        ( - -1.011e+05 3 0)
s>        ( QUESTION0_18_R 1 -3.502e+04 2.303e+02 1.503e+02
s>            ( - -1.901e+04 1 0)
s>            ( WDBNDRY_E 0 -1.579e+04 1.790e+02 6.802e+01
s>                ( - -9.007e+03 2 0)
s>                ( - -6.600e+03 2 0))))INFO: dtree.c(1439): stop. leaf nodes are specific
INFO: dtree.c(1478): Final simple tree
|( QUESTION0_9_R 1 -2.124e+05 6.400e+02 9.223e+02
|    ( - -4.071e+04 2 0)
|    ( WDBNDRY_I 0 -1.710e+05 3.286e+02 7.368e+02
|        ( - -9.687e+04 5 0)
|        ( QUESTION0_16_R 1 -7.383e+04 2.736e+02 3.082e+02
|            ( WDBNDRY_B 0 -6.511e+04 1.703e+02 2.692e+02
|                ( - -1.991e+04 2 0)
|                ( - -4.503e+04 3 0))
|            ( - -8.443e+03 1 0))))
s>    ( QUESTION0_9_R 1 -2.124e+05 6.400e+02 9.223e+02
s>        ( - -4.071e+04 2 0)
s>        ( WDBNDRY_I 0 -1.710e+05 3.286e+02 7.368e+02
s>            ( - -9.687e+04 5 0)
s>            ( QUESTION0_16_R 1 -7.383e+04 2.736e+02 3.082e+02
s>                ( WDBNDRY_B 0 -6.511e+04 1.703e+02 2.692e+02
s>                    ( - -1.991e+04 2 0)
s>                    ( - -4.503e+04 3 0))
s>                ( - -8.443e+03 1 0))))INFO: dtree.c(1315): Comp split 19
INFO: dtree.c(1439): stop. leaf nodes are specific
INFO: dtree.c(1478): Final simple tree
|( QUESTION0 -1 -2.261e+05 2.868e+02 1.029e+03
|    ( - -2.177e+05 5 0)
|    ( - -8.096e+03 2 0))
s>    ( QUESTION0 -1 -2.261e+05 2.868e+02 1.029e+03
s>        ( - -2.177e+05 5 0)
s>        ( - -8.096e+03 2 0))INFO: dtree.c(1478): Final simple tree
|( QUESTION10 1 -5.039e+05 8.128e+02 2.218e+03
|    ( QUESTION0 -1 -7.940e+04 2.530e+02 3.404e+02
|        ( - -7.387e+04 5 0)
|        ( - -5.277e+03 1 0))
|    ( WDBNDRY_E 0 -4.237e+05 5.872e+02 1.878e+03
|        ( QUESTION12 1 -3.777e+05 5.695e+02 1.676e+03
|            ( QUESTION0 -1 -3.349e+05 1.919e+02 1.475e+03
|                ( - -3.340e+05 7 0)
|                ( - -7.588e+02 1 0))
|            ( - -4.225e+04 1 0))
|        ( QUESTION0 -1 -4.537e+04 2.459e+02 2.020e+02
|            ( WDBNDRY_B 0 -3.871e+04 1.747e+02 1.744e+02
|                ( - -8.549e+02 1 0)
|                ( - -3.768e+04 3 0))
|            ( - -6.413e+03 2 0 WDBNDRY_B 0 1.438e+02 2.765e+01))))
s>    ( QUESTION10 1 -5.039e+05 8.128e+02 2.218e+03
s>        ( QUESTION0 -1 -7.940e+04 2.530e+02 3.404e+02
s>            ( - -7.387e+04 5 0)
s>            ( - -5.277e+03 1 0))
s>        ( WDBNDRY_E 0 -4.237e+05 5.872e+02 1.878e+03
s>            ( QUESTION12 1 -3.777e+05 5.695e+02 1.676e+03
s>                ( QUESTION0 -1 -3.349e+05 1.919e+02 1.475e+03
s>                    ( - -3.340e+05 7 0)
s>                    ( - -7.588e+02 1 0))
s>                ( - -4.225e+04 1 0))
s>            ( QUESTION0 -1 -4.537e+04 2.459e+02 2.020e+02
s>                ( WDBNDRY_B 0 -3.871e+04 1.747e+02 1.744e+02
s>                    ( - -8.549e+02 1 0)
s>                    ( - -3.768e+04 3 0))
s>                ( - -6.413e+03 2 0 WDBNDRY_B 0 1.438e+02 2.765e+01))))INFO: dtree.c(1315): Comp split 20
INFO: dtree.c(1315): Comp split 21
INFO: dtree.c(1439): stop. leaf nodes are specific
INFO: dtree.c(1478): Final simple tree
|( QUESTION12 -1 -6.747e+04 6.740e+02 2.901e+02
|    ( - -1.741e+04 1 0)
|    ( QUESTION0_0_R 1 -4.938e+04 4.743e+02 2.138e+02
|        ( WDBNDRY_E 0 -4.915e+04 1.425e+02 2.128e+02
|            ( - -5.790e+03 1 0)
|            ( QUESTION0_5_R 1 -4.322e+04 1.170e+02 1.883e+02
|                ( - -4.131e+04 1 0)
|                ( - -1.787e+03 1 0)))
|        ( - 2.416e+02 1 0)))
s>    ( QUESTION12 -1 -6.747e+04 6.740e+02 2.901e+02
s>        ( - -1.741e+04 1 0)
s>        ( QUESTION0_0_R 1 -4.938e+04 4.743e+02 2.138e+02
s>            ( WDBNDRY_E 0 -4.915e+04 1.425e+02 2.128e+02
s>                ( - -5.790e+03 1 0)
s>                ( QUESTION0_5_R 1 -4.322e+04 1.170e+02 1.883e+02
s>                    ( - -4.131e+04 1 0)
s>                    ( - -1.787e+03 1 0)))
s>            ( - 2.416e+02 1 0)))INFO: dtree.c(1478): Final simple tree
|( SILENCE -1 -3.602e+05 7.600e+02 1.471e+03
|    ( QUESTION0_14_R 1 -1.098e+05 3.218e+02 4.603e+02
|        ( - -1.004e+05 4 0)
|        ( - -9.126e+03 1 0))
|    ( QUESTION2_1_L -1 -2.496e+05 5.987e+02 1.011e+03
|        ( QUESTION2_11_L -1 -4.285e+04 2.509e+02 1.620e+02
|            ( - -2.268e+04 3 0 WDBNDRY_B 0 1.864e+02 9.088e+01)
|            ( - -1.992e+04 7 0 QUESTION0_16_R 1 2.086e+02 7.112e+01))
|        ( WDBNDRY_E 0 -2.062e+05 4.356e+02 8.489e+02
|            ( - -2.043e+04 5 0 QUESTION0_9_R 1 1.890e+02 7.251e+01)
|            ( QUESTION2_0_L -1 -1.853e+05 3.195e+02 7.764e+02
|                ( QUESTION0_16_R 1 -1.269e+05 2.377e+02 5.306e+02
|                    ( - -1.356e+04 3 0 QUESTION15 -1 2.286e+02 5.685e+01)
|                    ( - -1.131e+05 14 0 QUESTION0 -1 2.607e+02 4.738e+02))
|                ( - -5.804e+04 11 0 QUESTION0_14_R 1 1.782e+02 2.457e+02)))))
s>    ( SILENCE -1 -3.602e+05 7.600e+02 1.471e+03
s>        ( QUESTION0_14_R 1 -1.098e+05 3.218e+02 4.603e+02
s>            ( - -1.004e+05 4 0)
s>            ( - -9.126e+03 1 0))
s>        ( QUESTION2_1_L -1 -2.496e+05 5.987e+02 1.011e+03
s>            ( QUESTION2_11_L -1 -4.285e+04 2.509e+02 1.620e+02
s>                ( - -2.268e+04 3 0 WDBNDRY_B 0 1.864e+02 9.088e+01)
s>                ( - -1.992e+04 7 0 QUESTION0_16_R 1 2.086e+02 7.112e+01))
s>            ( WDBNDRY_E 0 -2.062e+05 4.356e+02 8.489e+02
s>                ( - -2.043e+04 5 0 QUESTION0_9_R 1 1.890e+02 7.251e+01)
s>                ( QUESTION2_0_L -1 -1.853e+05 3.195e+02 7.764e+02
s>                    ( QUESTION0_16_R 1 -1.269e+05 2.377e+02 5.306e+02
s>                        ( - -1.356e+04 3 0 QUESTION15 -1 2.286e+02 5.685e+01)
s>                        ( - -1.131e+05 14 0 QUESTION0 -1 2.607e+02 4.738e+02))
s>                    ( - -5.804e+04 11 0 QUESTION0_14_R 1 1.782e+02 2.457e+02)))))INFO: dtree.c(1315): Comp split 22
INFO: dtree.c(1439): stop. leaf nodes are specific
INFO: dtree.c(1478): Final simple tree
|( QUESTION0_5_R 1 -2.482e+05 2.797e+02 1.023e+03
|    ( QUESTION0_6_R 1 -2.354e+05 1.856e+02 9.656e+02
|        ( - -2.339e+05 4 0)
|        ( - -1.298e+03 2 0))
|    ( WDBNDRY_E 0 -1.260e+04 1.518e+02 5.745e+01
|        ( - -1.525e+03 1 0)
|        ( - -1.092e+04 2 0)))
s>    ( QUESTION0_5_R 1 -2.482e+05 2.797e+02 1.023e+03
s>        ( QUESTION0_6_R 1 -2.354e+05 1.856e+02 9.656e+02
s>            ( - -2.339e+05 4 0)
s>            ( - -1.298e+03 2 0))
s>        ( WDBNDRY_E 0 -1.260e+04 1.518e+02 5.745e+01
s>            ( - -1.525e+03 1 0)
s>            ( - -1.092e+04 2 0)))INFO: dtree.c(1315): Comp split 23
INFO: dtree.c(1478): Final simple tree
|( SILENCE -1 -2.864e+05 7.642e+02 1.197e+03
|    ( - -1.004e+05 4 0)
|    ( QUESTION2_0_L -1 -1.853e+05 3.195e+02 7.764e+02
|        ( QUESTION0_16_R 1 -1.269e+05 2.377e+02 5.306e+02
|            ( QUESTION15 -1 -1.356e+04 2.286e+02 5.685e+01
|                ( - -2.911e+03 1 0)
|                ( - -1.042e+04 2 0 WDBNDRY_B 0 1.550e+02 4.488e+01))
|            ( QUESTION0 -1 -1.131e+05 2.607e+02 4.738e+02
|                ( WDBNDRY_B 0 -6.404e+03 1.963e+02 2.896e+01
|                    ( - -2.637e+03 1 0)
|                    ( - -3.571e+03 1 0))
|                ( QUESTION0_9_R 1 -1.065e+05 1.958e+02 4.448e+02
|                    ( - -8.246e+02 1 0)
|                    ( - -1.055e+05 11 0 QUESTION16 -1 1.701e+02 4.408e+02))))
|        ( - -5.804e+04 11 0 QUESTION0_14_R 1 1.782e+02 2.457e+02)))
s>    ( SILENCE -1 -2.864e+05 7.642e+02 1.197e+03
s>        ( - -1.004e+05 4 0)
s>        ( QUESTION2_0_L -1 -1.853e+05 3.195e+02 7.764e+02
s>            ( QUESTION0_16_R 1 -1.269e+05 2.377e+02 5.306e+02
s>                ( QUESTION15 -1 -1.356e+04 2.286e+02 5.685e+01
s>                    ( - -2.911e+03 1 0)
s>                    ( - -1.042e+04 2 0 WDBNDRY_B 0 1.550e+02 4.488e+01))
s>                ( QUESTION0 -1 -1.131e+05 2.607e+02 4.738e+02
s>                    ( WDBNDRY_B 0 -6.404e+03 1.963e+02 2.896e+01
s>                        ( - -2.637e+03 1 0)
s>                        ( - -3.571e+03 1 0))
s>                    ( QUESTION0_9_R 1 -1.065e+05 1.958e+02 4.448e+02
s>                        ( - -8.246e+02 1 0)
s>                        ( - -1.055e+05 11 0 QUESTION16 -1 1.701e+02 4.408e+02))))
s>            ( - -5.804e+04 11 0 QUESTION0_14_R 1 1.782e+02 2.457e+02)))INFO: dtree.c(1478): Final simple tree
|( QUESTION2_11_L -1 -7.288e+04 3.227e+02 2.741e+02
|    ( WDBNDRY_B 0 -2.268e+04 1.864e+02 9.088e+01
|        ( - -2.078e+04 2 0)
|        ( - -1.713e+03 1 0))
|    ( QUESTION2 -1 -4.988e+04 2.564e+02 1.833e+02
|        ( QUESTION0_14_R 1 -8.298e+03 2.441e+02 3.137e+01
|            ( - -6.606e+03 1 0)
|            ( - -1.448e+03 1 0))
|        ( QUESTION14 -1 -4.133e+04 2.103e+02 1.519e+02
|            ( QUESTION0_9_R 1 -1.796e+04 1.931e+02 6.351e+01
|                ( - -1.186e+03 1 0)
|                ( - -1.658e+04 2 0))
|            ( SILENCE -1 -2.316e+04 1.822e+02 8.839e+01
|                ( - -9.126e+03 1 0)
|                ( - -1.385e+04 7 0 QUESTION11 -1 1.712e+02 4.875e+01)))))
s>    ( QUESTION2_11_L -1 -7.288e+04 3.227e+02 2.741e+02
s>        ( WDBNDRY_B 0 -2.268e+04 1.864e+02 9.088e+01
s>            ( - -2.078e+04 2 0)
s>            ( - -1.713e+03 1 0))
s>        ( QUESTION2 -1 -4.988e+04 2.564e+02 1.833e+02
s>            ( QUESTION0_14_R 1 -8.298e+03 2.441e+02 3.137e+01
s>                ( - -6.606e+03 1 0)
s>                ( - -1.448e+03 1 0))
s>            ( QUESTION14 -1 -4.133e+04 2.103e+02 1.519e+02
s>                ( QUESTION0_9_R 1 -1.796e+04 1.931e+02 6.351e+01
s>                    ( - -1.186e+03 1 0)
s>                    ( - -1.658e+04 2 0))
s>                ( SILENCE -1 -2.316e+04 1.822e+02 8.839e+01
s>                    ( - -9.126e+03 1 0)
s>                    ( - -1.385e+04 7 0 QUESTION11 -1 1.712e+02 4.875e+01)))))INFO: dtree.c(1315): Comp split 24
INFO: dtree.c(1439): stop. leaf nodes are specific
INFO: dtree.c(1478): Final simple tree
|( QUESTION0 -1 -7.940e+04 2.530e+02 3.404e+02
|    ( - -7.387e+04 5 0)
|    ( - -5.277e+03 1 0))
s>    ( QUESTION0 -1 -7.940e+04 2.530e+02 3.404e+02
s>        ( - -7.387e+04 5 0)
s>        ( - -5.277e+03 1 0))INFO: dtree.c(1439): stop. leaf nodes are specific
INFO: dtree.c(1478): Final simple tree
|( WDBNDRY_E 0 -4.237e+05 5.872e+02 1.878e+03
|    ( QUESTION12 1 -3.777e+05 5.695e+02 1.676e+03
|        ( QUESTION0 -1 -3.349e+05 1.919e+02 1.475e+03
|            ( - -3.340e+05 7 0)
|            ( - -7.588e+02 1 0))
|        ( - -4.225e+04 1 0))
|    ( QUESTION0 -1 -4.537e+04 2.459e+02 2.020e+02
|        ( WDBNDRY_B 0 -3.871e+04 1.747e+02 1.744e+02
|            ( - -8.549e+02 1 0)
|            ( - -3.768e+04 3 0))
|        ( WDBNDRY_B 0 -6.413e+03 1.438e+02 2.765e+01
|            ( - -1.715e+03 1 0)
|            ( - -4.555e+03 1 0))))
s>    ( WDBNDRY_E 0 -4.237e+05 5.872e+02 1.878e+03
s>        ( QUESTION12 1 -3.777e+05 5.695e+02 1.676e+03
s>            ( QUESTION0 -1 -3.349e+05 1.919e+02 1.475e+03
s>                ( - -3.340e+05 7 0)
s>                ( - -7.588e+02 1 0))
s>            ( - -4.225e+04 1 0))
s>        ( QUESTION0 -1 -4.537e+04 2.459e+02 2.020e+02
s>            ( WDBNDRY_B 0 -3.871e+04 1.747e+02 1.744e+02
s>                ( - -8.549e+02 1 0)
s>                ( - -3.768e+04 3 0))
s>            ( WDBNDRY_B 0 -6.413e+03 1.438e+02 2.765e+01
s>                ( - -1.715e+03 1 0)
s>                ( - -4.555e+03 1 0))))INFO: dtree.c(1315): Comp split 25
INFO: dtree.c(1478): Final simple tree
|( QUESTION2_0_L -1 -1.853e+05 3.195e+02 7.764e+02
|    ( QUESTION0_16_R 1 -1.269e+05 2.377e+02 5.306e+02
|        ( QUESTION15 -1 -1.356e+04 2.286e+02 5.685e+01
|            ( - -2.911e+03 1 0)
|            ( - -1.042e+04 2 0 WDBNDRY_B 0 1.550e+02 4.488e+01))
|        ( QUESTION0 -1 -1.131e+05 2.607e+02 4.738e+02
|            ( WDBNDRY_B 0 -6.404e+03 1.963e+02 2.896e+01
|                ( - -2.637e+03 1 0)
|                ( - -3.571e+03 1 0))
|            ( QUESTION0_9_R 1 -1.065e+05 1.958e+02 4.448e+02
|                ( - -8.246e+02 1 0)
|                ( - -1.055e+05 11 0 QUESTION16 -1 1.701e+02 4.408e+02))))
|    ( QUESTION0_14_R 1 -5.804e+04 1.782e+02 2.457e+02
|        ( - -5.044e+04 6 0 QUESTION14 -1 1.396e+02 2.137e+02)
|        ( - -7.418e+03 5 0 QUESTION14 -1 1.681e+02 3.200e+01)))
s>    ( QUESTION2_0_L -1 -1.853e+05 3.195e+02 7.764e+02
s>        ( QUESTION0_16_R 1 -1.269e+05 2.377e+02 5.306e+02
s>            ( QUESTION15 -1 -1.356e+04 2.286e+02 5.685e+01
s>                ( - -2.911e+03 1 0)
s>                ( - -1.042e+04 2 0 WDBNDRY_B 0 1.550e+02 4.488e+01))
s>            ( QUESTION0 -1 -1.131e+05 2.607e+02 4.738e+02
s>                ( WDBNDRY_B 0 -6.404e+03 1.963e+02 2.896e+01
s>                    ( - -2.637e+03 1 0)
s>                    ( - -3.571e+03 1 0))
s>                ( QUESTION0_9_R 1 -1.065e+05 1.958e+02 4.448e+02
s>                    ( - -8.246e+02 1 0)
s>                    ( - -1.055e+05 11 0 QUESTION16 -1 1.701e+02 4.408e+02))))
s>        ( QUESTION0_14_R 1 -5.804e+04 1.782e+02 2.457e+02
s>            ( - -5.044e+04 6 0 QUESTION14 -1 1.396e+02 2.137e+02)
s>            ( - -7.418e+03 5 0 QUESTION14 -1 1.681e+02 3.200e+01)))INFO: dtree.c(1315): Comp split 26
INFO: dtree.c(1439): stop. leaf nodes are specific
INFO: dtree.c(1478): Final simple tree
|( QUESTION0_10_R 1 -3.529e+04 2.555e+02 1.482e+02
|    ( - -9.500e+03 1 0)
|    ( QUESTION0_15_R 1 -2.554e+04 1.943e+02 1.065e+02
|        ( QUESTION0_16_R 1 -7.592e+03 1.446e+02 3.414e+01
|            ( - -5.358e+02 1 0)
|            ( WDBNDRY_B 0 -6.912e+03 1.258e+02 3.114e+01
|                ( - -4.408e+03 1 0)
|                ( - -2.379e+03 1 0)))
|        ( QUESTION0_9_R 1 -1.775e+04 1.982e+02 7.236e+01
|            ( - -8.909e+02 1 0)
|            ( - -1.666e+04 3 0))))
s>    ( QUESTION0_10_R 1 -3.529e+04 2.555e+02 1.482e+02
s>        ( - -9.500e+03 1 0)
s>        ( QUESTION0_15_R 1 -2.554e+04 1.943e+02 1.065e+02
s>            ( QUESTION0_16_R 1 -7.592e+03 1.446e+02 3.414e+01
s>                ( - -5.358e+02 1 0)
s>                ( WDBNDRY_B 0 -6.912e+03 1.258e+02 3.114e+01
s>                    ( - -4.408e+03 1 0)
s>                    ( - -2.379e+03 1 0)))
s>            ( QUESTION0_9_R 1 -1.775e+04 1.982e+02 7.236e+01
s>                ( - -8.909e+02 1 0)
s>                ( - -1.666e+04 3 0))))INFO: dtree.c(1439): stop. leaf nodes are specific
INFO: dtree.c(1478): Final simple tree
|( QUESTION0_9_R 1 -9.124e+04 3.460e+02 3.889e+02
|    ( - -8.146e+04 1 0)
|    ( - -9.436e+03 1 0))
s>    ( QUESTION0_9_R 1 -9.124e+04 3.460e+02 3.889e+02
s>        ( - -8.146e+04 1 0)
s>        ( - -9.436e+03 1 0))INFO: dtree.c(1315): Comp split 27
INFO: dtree.c(1439): stop. leaf nodes are specific
INFO: dtree.c(1478): Final simple tree
|( QUESTION0_0_R 1 -4.938e+04 4.743e+02 2.138e+02
|    ( WDBNDRY_E 0 -4.915e+04 1.425e+02 2.128e+02
|        ( - -5.790e+03 1 0)
|        ( QUESTION0_5_R 1 -4.322e+04 1.170e+02 1.883e+02
|            ( - -4.131e+04 1 0)
|            ( - -1.787e+03 1 0)))
|    ( - 2.416e+02 1 0))
s>    ( QUESTION0_0_R 1 -4.938e+04 4.743e+02 2.138e+02
s>        ( WDBNDRY_E 0 -4.915e+04 1.425e+02 2.128e+02
s>            ( - -5.790e+03 1 0)
s>            ( QUESTION0_5_R 1 -4.322e+04 1.170e+02 1.883e+02
s>                ( - -4.131e+04 1 0)
s>                ( - -1.787e+03 1 0)))
s>        ( - 2.416e+02 1 0))INFO: dtree.c(1315): Comp split 28
INFO: dtree.c(1439): stop. leaf nodes are specific
INFO: dtree.c(1478): Final simple tree
|( WDBNDRY_I 0 -1.710e+05 3.286e+02 7.368e+02
|    ( - -9.687e+04 5 0)
|    ( QUESTION0_16_R 1 -7.383e+04 2.736e+02 3.082e+02
|        ( WDBNDRY_B 0 -6.511e+04 1.703e+02 2.692e+02
|            ( - -1.991e+04 2 0)
|            ( - -4.503e+04 3 0))
|        ( - -8.443e+03 1 0)))
s>    ( WDBNDRY_I 0 -1.710e+05 3.286e+02 7.368e+02
s>        ( - -9.687e+04 5 0)
s>        ( QUESTION0_16_R 1 -7.383e+04 2.736e+02 3.082e+02
s>            ( WDBNDRY_B 0 -6.511e+04 1.703e+02 2.692e+02
s>                ( - -1.991e+04 2 0)
s>                ( - -4.503e+04 3 0))
s>            ( - -8.443e+03 1 0)))INFO: dtree.c(1315): Comp split 29
INFO: dtree.c(1439): stop. leaf nodes are specific
INFO: dtree.c(1478): Final simple tree
|( QUESTION0_15_R 1 -4.542e+05 2.236e+02 1.884e+03
|    ( QUESTION0_16_R 1 -1.174e+04 1.202e+02 4.561e+01
|        ( - -1.047e+04 1 0)
|        ( - -1.149e+03 1 0))
|    ( QUESTION0_9_R 1 -4.422e+05 2.074e+02 1.838e+03
|        ( - -1.503e+04 2 0)
|        ( - -4.270e+05 10 0)))
s>    ( QUESTION0_15_R 1 -4.542e+05 2.236e+02 1.884e+03
s>        ( QUESTION0_16_R 1 -1.174e+04 1.202e+02 4.561e+01
s>            ( - -1.047e+04 1 0)
s>            ( - -1.149e+03 1 0))
s>        ( QUESTION0_9_R 1 -4.422e+05 2.074e+02 1.838e+03
s>            ( - -1.503e+04 2 0)
s>            ( - -4.270e+05 10 0)))INFO: dtree.c(1439): stop. leaf nodes are specific
INFO: dtree.c(1478): Final simple tree
|( QUESTION0_9_R 1 -7.883e+04 2.172e+02 3.280e+02
|    ( - -3.100e+04 4 0)
|    ( - -4.761e+04 3 0))
s>    ( QUESTION0_9_R 1 -7.883e+04 2.172e+02 3.280e+02
s>        ( - -3.100e+04 4 0)
s>        ( - -4.761e+04 3 0))INFO: dtree.c(1315): Comp split 30
INFO: dtree.c(1315): Comp split 31
INFO: dtree.c(1439): stop. leaf nodes are specific
INFO: dtree.c(1478): Final simple tree
|( WDBNDRY_E 0 -3.809e+05 5.691e+02 1.677e+03
|    ( QUESTION0 -1 -3.349e+05 1.919e+02 1.475e+03
|        ( - -3.340e+05 7 0)
|        ( - -7.588e+02 1 0))
|    ( QUESTION0 -1 -4.537e+04 2.459e+02 2.020e+02
|        ( WDBNDRY_B 0 -3.871e+04 1.747e+02 1.744e+02
|            ( - -8.549e+02 1 0)
|            ( - -3.768e+04 3 0))
|        ( WDBNDRY_B 0 -6.413e+03 1.438e+02 2.765e+01
|            ( - -1.715e+03 1 0)
|            ( - -4.555e+03 1 0))))
s>    ( WDBNDRY_E 0 -3.809e+05 5.691e+02 1.677e+03
s>        ( QUESTION0 -1 -3.349e+05 1.919e+02 1.475e+03
s>            ( - -3.340e+05 7 0)
s>            ( - -7.588e+02 1 0))
s>        ( QUESTION0 -1 -4.537e+04 2.459e+02 2.020e+02
s>            ( WDBNDRY_B 0 -3.871e+04 1.747e+02 1.744e+02
s>                ( - -8.549e+02 1 0)
s>                ( - -3.768e+04 3 0))
s>            ( WDBNDRY_B 0 -6.413e+03 1.438e+02 2.765e+01
s>                ( - -1.715e+03 1 0)
s>                ( - -4.555e+03 1 0))))INFO: dtree.c(1315): Comp split 32
INFO: dtree.c(1439): stop. leaf nodes are specific
INFO: dtree.c(1478): Final simple tree
|( QUESTION0 -1 -4.537e+04 2.459e+02 2.020e+02
|    ( WDBNDRY_B 0 -3.871e+04 1.747e+02 1.744e+02
|        ( - -8.549e+02 1 0)
|        ( - -3.768e+04 3 0))
|    ( WDBNDRY_B 0 -6.413e+03 1.438e+02 2.765e+01
|        ( - -1.715e+03 1 0)
|        ( - -4.555e+03 1 0)))
s>    ( QUESTION0 -1 -4.537e+04 2.459e+02 2.020e+02
s>        ( WDBNDRY_B 0 -3.871e+04 1.747e+02 1.744e+02
s>            ( - -8.549e+02 1 0)
s>            ( - -3.768e+04 3 0))
s>        ( WDBNDRY_B 0 -6.413e+03 1.438e+02 2.765e+01
s>            ( - -1.715e+03 1 0)
s>            ( - -4.555e+03 1 0)))INFO: dtree.c(1439): stop. leaf nodes are specific
INFO: dtree.c(1478): Final simple tree
|( QUESTION0 -1 -3.349e+05 1.919e+02 1.475e+03
|    ( - -3.340e+05 7 0)
|    ( - -7.588e+02 1 0))
s>    ( QUESTION0 -1 -3.349e+05 1.919e+02 1.475e+03
s>        ( - -3.340e+05 7 0)
s>        ( - -7.588e+02 1 0))INFO: dtree.c(1315): Comp split 33
INFO: dtree.c(1439): stop. leaf nodes are specific
INFO: dtree.c(1478): Final simple tree
|( WDBNDRY_E 0 -4.915e+04 1.425e+02 2.128e+02
|    ( - -5.790e+03 1 0)
|    ( QUESTION0_5_R 1 -4.322e+04 1.170e+02 1.883e+02
|        ( - -4.131e+04 1 0)
|        ( - -1.787e+03 1 0)))
s>    ( WDBNDRY_E 0 -4.915e+04 1.425e+02 2.128e+02
s>        ( - -5.790e+03 1 0)
s>        ( QUESTION0_5_R 1 -4.322e+04 1.170e+02 1.883e+02
s>            ( - -4.131e+04 1 0)
s>            ( - -1.787e+03 1 0)))INFO: dtree.c(1315): Comp split 34
INFO: dtree.c(1439): stop. leaf nodes are specific
INFO: dtree.c(1478): Final simple tree
|( QUESTION0 -1 -7.649e+04 3.789e+02 3.226e+02
|    ( - -1.816e+04 1 0)
|    ( QUESTION14 -1 -5.795e+04 1.456e+02 2.443e+02
|        ( - -5.582e+04 1 0)
|        ( - -1.991e+03 1 0)))
s>    ( QUESTION0 -1 -7.649e+04 3.789e+02 3.226e+02
s>        ( - -1.816e+04 1 0)
s>        ( QUESTION14 -1 -5.795e+04 1.456e+02 2.443e+02
s>            ( - -5.582e+04 1 0)
s>            ( - -1.991e+03 1 0)))INFO: dtree.c(1439): stop. leaf nodes are specific
INFO: dtree.c(1478): Final simple tree
|( QUESTION17 -1 -1.775e+04 4.441e+02 7.585e+01
|    ( - 1.468e+02 1 0)
|    ( WDBNDRY_B 0 -1.746e+04 1.509e+02 7.485e+01
|        ( - -5.891e+02 1 0)
|        ( QUESTION0 -1 -1.672e+04 1.486e+02 7.185e+01
|            ( - -1.553e+04 1 0)
|            ( - -1.037e+03 1 0))))
s>    ( QUESTION17 -1 -1.775e+04 4.441e+02 7.585e+01
s>        ( - 1.468e+02 1 0)
s>        ( WDBNDRY_B 0 -1.746e+04 1.509e+02 7.485e+01
s>            ( - -5.891e+02 1 0)
s>            ( QUESTION0 -1 -1.672e+04 1.486e+02 7.185e+01
s>                ( - -1.553e+04 1 0)
s>                ( - -1.037e+03 1 0))))INFO: dtree.c(1315): Comp split 35
INFO: dtree.c(1439): stop. leaf nodes are specific
INFO: dtree.c(1478): Final simple tree
|( WDBNDRY_B 0 -1.746e+04 1.509e+02 7.485e+01
|    ( - -5.891e+02 1 0)
|    ( QUESTION0 -1 -1.672e+04 1.486e+02 7.185e+01
|        ( - -1.553e+04 1 0)
|        ( - -1.037e+03 1 0)))
s>    ( WDBNDRY_B 0 -1.746e+04 1.509e+02 7.485e+01
s>        ( - -5.891e+02 1 0)
s>        ( QUESTION0 -1 -1.672e+04 1.486e+02 7.185e+01
s>            ( - -1.553e+04 1 0)
s>            ( - -1.037e+03 1 0)))INFO: dtree.c(1315): Comp split 36
INFO: dtree.c(1439): stop. leaf nodes are specific
INFO: dtree.c(1478): Final simple tree
|( QUESTION2 -1 -2.760e+04 2.110e+02 1.113e+02
|    ( - -6.606e+03 1 0)
|    ( - -2.078e+04 2 0))
s>    ( QUESTION2 -1 -2.760e+04 2.110e+02 1.113e+02
s>        ( - -6.606e+03 1 0)
s>        ( - -2.078e+04 2 0))INFO: dtree.c(1478): Final simple tree
|( QUESTION2 -1 -4.485e+04 2.149e+02 1.629e+02
|    ( - -1.448e+03 1 0)
|    ( QUESTION14 -1 -4.318e+04 2.052e+02 1.599e+02
|        ( QUESTION0_9_R 1 -1.796e+04 1.931e+02 6.351e+01
|            ( - -1.186e+03 1 0)
|            ( - -1.658e+04 2 0))
|        ( QUESTION2_10_L -1 -2.502e+04 1.892e+02 9.639e+01
|            ( WDBNDRY_B 0 -7.335e+03 1.680e+02 2.269e+01
|                ( - -4.259e+03 1 0)
|                ( - -2.908e+03 2 0))
|            ( QUESTION11 -1 -1.750e+04 1.779e+02 7.370e+01
|                ( - -3.149e+02 1 0)
|                ( WDBNDRY_E 0 -1.700e+04 1.730e+02 7.170e+01
|                    ( - -1.799e+03 1 0)
|                    ( - -1.503e+04 4 0 QUESTION0_14_R 1 1.502e+02 6.470e+01))))))
s>    ( QUESTION2 -1 -4.485e+04 2.149e+02 1.629e+02
s>        ( - -1.448e+03 1 0)
s>        ( QUESTION14 -1 -4.318e+04 2.052e+02 1.599e+02
s>            ( QUESTION0_9_R 1 -1.796e+04 1.931e+02 6.351e+01
s>                ( - -1.186e+03 1 0)
s>                ( - -1.658e+04 2 0))
s>            ( QUESTION2_10_L -1 -2.502e+04 1.892e+02 9.639e+01
s>                ( WDBNDRY_B 0 -7.335e+03 1.680e+02 2.269e+01
s>                    ( - -4.259e+03 1 0)
s>                    ( - -2.908e+03 2 0))
s>                ( QUESTION11 -1 -1.750e+04 1.779e+02 7.370e+01
s>                    ( - -3.149e+02 1 0)
s>                    ( WDBNDRY_E 0 -1.700e+04 1.730e+02 7.170e+01
s>                        ( - -1.799e+03 1 0)
s>                        ( - -1.503e+04 4 0 QUESTION0_14_R 1 1.502e+02 6.470e+01))))))INFO: dtree.c(1315): Comp split 37
INFO: dtree.c(1439): stop. leaf nodes are specific
INFO: dtree.c(1478): Final simple tree
|( QUESTION0_14_R 1 -1.307e+06 2.040e+02 5.583e+03
|    ( - -1.301e+06 18 0)
|    ( WDBNDRY_E 0 -5.309e+03 1.149e+02 2.290e+01
|        ( - -3.240e+03 1 0)
|        ( - -1.954e+03 1 0)))
s>    ( QUESTION0_14_R 1 -1.307e+06 2.040e+02 5.583e+03
s>        ( - -1.301e+06 18 0)
s>        ( WDBNDRY_E 0 -5.309e+03 1.149e+02 2.290e+01
s>            ( - -3.240e+03 1 0)
s>            ( - -1.954e+03 1 0)))INFO: dtree.c(1315): Comp split 38
INFO: dtree.c(1439): stop. leaf nodes are specific
INFO: dtree.c(1478): Final simple tree
|( QUESTION0_18_R 1 -3.502e+04 2.303e+02 1.503e+02
|    ( - -1.901e+04 1 0)
|    ( WDBNDRY_E 0 -1.579e+04 1.790e+02 6.802e+01
|        ( - -9.007e+03 2 0)
|        ( - -6.600e+03 2 0)))
s>    ( QUESTION0_18_R 1 -3.502e+04 2.303e+02 1.503e+02
s>        ( - -1.901e+04 1 0)
s>        ( WDBNDRY_E 0 -1.579e+04 1.790e+02 6.802e+01
s>            ( - -9.007e+03 2 0)
s>            ( - -6.600e+03 2 0)))INFO: dtree.c(1315): Comp split 39
INFO: dtree.c(1439): stop. leaf nodes are specific
INFO: dtree.c(1478): Final simple tree
|( WDBNDRY_E 0 -1.308e+04 1.910e+02 5.511e+01
|    ( - -2.630e+02 1 0)
|    ( - -1.263e+04 2 0))
s>    ( WDBNDRY_E 0 -1.308e+04 1.910e+02 5.511e+01
s>        ( - -2.630e+02 1 0)
s>        ( - -1.263e+04 2 0))INFO: dtree.c(1315): Comp split 40
INFO: dtree.c(1439): stop. leaf nodes are specific
INFO: dtree.c(1478): Final simple tree
|( WDBNDRY_B 0 -7.665e+03 1.893e+02 3.292e+01
|    ( - -2.911e+03 1 0)
|    ( QUESTION0_9_R 1 -4.565e+03 1.697e+02 2.096e+01
|        ( - -8.246e+02 1 0)
|        ( - -3.571e+03 1 0)))
s>    ( WDBNDRY_B 0 -7.665e+03 1.893e+02 3.292e+01
s>        ( - -2.911e+03 1 0)
s>        ( QUESTION0_9_R 1 -4.565e+03 1.697e+02 2.096e+01
s>            ( - -8.246e+02 1 0)
s>            ( - -3.571e+03 1 0)))INFO: dtree.c(1478): Final simple tree
|( QUESTION2_0_L -1 -1.772e+05 3.078e+02 7.435e+02
|    ( QUESTION0_16_R 1 -1.189e+05 2.432e+02 4.977e+02
|        ( WDBNDRY_B 0 -1.042e+04 1.550e+02 4.488e+01
|            ( - -7.265e+03 1 0)
|            ( - -2.997e+03 1 0))
|        ( QUESTION16 -1 -1.082e+05 1.719e+02 4.528e+02
|            ( - -5.540e+03 2 0)
|            ( QUESTION0_14_R 1 -1.025e+05 1.437e+02 4.284e+02
|                ( - -9.466e+04 9 0 QUESTION0 -1 1.441e+02 3.962e+02)
|                ( - -7.717e+03 1 0))))
|    ( QUESTION0_14_R 1 -5.804e+04 1.782e+02 2.457e+02
|        ( - -5.044e+04 6 0 QUESTION14 -1 1.396e+02 2.137e+02)
|        ( QUESTION14 -1 -7.418e+03 1.681e+02 3.200e+01
|            ( - -6.662e+03 4 0 QUESTION0 1 1.401e+02 2.900e+01)
|            ( - -5.877e+02 1 0))))
s>    ( QUESTION2_0_L -1 -1.772e+05 3.078e+02 7.435e+02
s>        ( QUESTION0_16_R 1 -1.189e+05 2.432e+02 4.977e+02
s>            ( WDBNDRY_B 0 -1.042e+04 1.550e+02 4.488e+01
s>                ( - -7.265e+03 1 0)
s>                ( - -2.997e+03 1 0))
s>            ( QUESTION16 -1 -1.082e+05 1.719e+02 4.528e+02
s>                ( - -5.540e+03 2 0)
s>                ( QUESTION0_14_R 1 -1.025e+05 1.437e+02 4.284e+02
s>                    ( - -9.466e+04 9 0 QUESTION0 -1 1.441e+02 3.962e+02)
s>                    ( - -7.717e+03 1 0))))
s>        ( QUESTION0_14_R 1 -5.804e+04 1.782e+02 2.457e+02
s>            ( - -5.044e+04 6 0 QUESTION14 -1 1.396e+02 2.137e+02)
s>            ( QUESTION14 -1 -7.418e+03 1.681e+02 3.200e+01
s>                ( - -6.662e+03 4 0 QUESTION0 1 1.401e+02 2.900e+01)
s>                ( - -5.877e+02 1 0))))INFO: dtree.c(1315): Comp split 41
INFO: dtree.c(1439): stop. leaf nodes are specific
INFO: dtree.c(1478): Final simple tree
|( QUESTION14 -1 -5.795e+04 1.456e+02 2.443e+02
|    ( - -5.582e+04 1 0)
|    ( - -1.991e+03 1 0))
s>    ( QUESTION14 -1 -5.795e+04 1.456e+02 2.443e+02
s>        ( - -5.582e+04 1 0)
s>        ( - -1.991e+03 1 0))INFO: dtree.c(1315): Comp split 42
INFO: dtree.c(1315): Comp split 43
INFO: dtree.c(1439): stop. leaf nodes are specific
INFO: dtree.c(1478): Final simple tree
|( QUESTION14 -1 -5.044e+04 1.396e+02 2.137e+02
|    ( - -4.379e+04 4 0)
|    ( - -6.507e+03 2 0))
s>    ( QUESTION14 -1 -5.044e+04 1.396e+02 2.137e+02
s>        ( - -4.379e+04 4 0)
s>        ( - -6.507e+03 2 0))INFO: dtree.c(1478): Final simple tree
|( QUESTION0_16_R 1 -1.265e+05 2.671e+02 5.297e+02
|    ( QUESTION0 1 -1.560e+04 1.813e+02 6.689e+01
|        ( - -2.425e+03 1 0)
|        ( QUESTION0 -1 -1.300e+04 1.654e+02 5.589e+01
|            ( - -7.265e+03 1 0)
|            ( QUESTION14 -1 -5.568e+03 1.422e+02 2.404e+01
|                ( - -4.838e+03 2 0 WDBNDRY_B 0 9.485e+01 2.104e+01)
|                ( - -5.877e+02 1 0))))
|    ( QUESTION16 -1 -1.106e+05 1.699e+02 4.628e+02
|        ( - -5.540e+03 2 0)
|        ( QUESTION0 -1 -1.049e+05 1.433e+02 4.384e+02
|            ( - -2.637e+03 1 0)
|            ( QUESTION2_0_L -1 -1.021e+05 1.275e+02 4.264e+02
|                ( - -9.974e+04 9 0 QUESTION0_14_R 1 1.453e+02 4.164e+02)
|                ( - -2.235e+03 2 0 WDBNDRY_B 0 1.567e+02 1.000e+01)))))
s>    ( QUESTION0_16_R 1 -1.265e+05 2.671e+02 5.297e+02
s>        ( QUESTION0 1 -1.560e+04 1.813e+02 6.689e+01
s>            ( - -2.425e+03 1 0)
s>            ( QUESTION0 -1 -1.300e+04 1.654e+02 5.589e+01
s>                ( - -7.265e+03 1 0)
s>                ( QUESTION14 -1 -5.568e+03 1.422e+02 2.404e+01
s>                    ( - -4.838e+03 2 0 WDBNDRY_B 0 9.485e+01 2.104e+01)
s>                    ( - -5.877e+02 1 0))))
s>        ( QUESTION16 -1 -1.106e+05 1.699e+02 4.628e+02
s>            ( - -5.540e+03 2 0)
s>            ( QUESTION0 -1 -1.049e+05 1.433e+02 4.384e+02
s>                ( - -2.637e+03 1 0)
s>                ( QUESTION2_0_L -1 -1.021e+05 1.275e+02 4.264e+02
s>                    ( - -9.974e+04 9 0 QUESTION0_14_R 1 1.453e+02 4.164e+02)
s>                    ( - -2.235e+03 2 0 WDBNDRY_B 0 1.567e+02 1.000e+01)))))INFO: dtree.c(1315): Comp split 44
INFO: dtree.c(1439): stop. leaf nodes are specific
INFO: dtree.c(1478): Final simple tree
|( QUESTION0_16_R 1 -7.383e+04 2.736e+02 3.082e+02
|    ( WDBNDRY_B 0 -6.511e+04 1.703e+02 2.692e+02
|        ( - -1.991e+04 2 0)
|        ( - -4.503e+04 3 0))
|    ( - -8.443e+03 1 0))
s>    ( QUESTION0_16_R 1 -7.383e+04 2.736e+02 3.082e+02
s>        ( WDBNDRY_B 0 -6.511e+04 1.703e+02 2.692e+02
s>            ( - -1.991e+04 2 0)
s>            ( - -4.503e+04 3 0))
s>        ( - -8.443e+03 1 0))INFO: dtree.c(1315): Comp split 45
INFO: dtree.c(1478): Final simple tree
|( QUESTION0 -1 -1.049e+05 1.433e+02 4.384e+02
|    ( - -2.637e+03 1 0)
|    ( QUESTION2_0_L -1 -1.021e+05 1.275e+02 4.264e+02
|        ( QUESTION0_14_R 1 -9.974e+04 1.453e+02 4.164e+02
|            ( QUESTION14 -1 -9.188e+04 1.172e+02 3.842e+02
|                ( QUESTION2_14_L -1 -8.633e+04 1.565e+02 3.606e+02
|                    ( - -7.093e+02 1 0)
|                    ( - -8.546e+04 4 0))
|                ( WDBNDRY_B 0 -5.439e+03 1.117e+02 2.364e+01
|                    ( - -1.695e+03 2 0)
|                    ( - -3.632e+03 1 0)))
|            ( - -7.717e+03 1 0))
|        ( WDBNDRY_B 0 -2.235e+03 1.567e+02 1.000e+01
|            ( - -1.488e+03 1 0)
|            ( - -5.898e+02 1 0))))
s>    ( QUESTION0 -1 -1.049e+05 1.433e+02 4.384e+02
s>        ( - -2.637e+03 1 0)
s>        ( QUESTION2_0_L -1 -1.021e+05 1.275e+02 4.264e+02
s>            ( QUESTION0_14_R 1 -9.974e+04 1.453e+02 4.164e+02
s>                ( QUESTION14 -1 -9.188e+04 1.172e+02 3.842e+02
s>                    ( QUESTION2_14_L -1 -8.633e+04 1.565e+02 3.606e+02
s>                        ( - -7.093e+02 1 0)
s>                        ( - -8.546e+04 4 0))
s>                    ( WDBNDRY_B 0 -5.439e+03 1.117e+02 2.364e+01
s>                        ( - -1.695e+03 2 0)
s>                        ( - -3.632e+03 1 0)))
s>                ( - -7.717e+03 1 0))
s>            ( WDBNDRY_B 0 -2.235e+03 1.567e+02 1.000e+01
s>                ( - -1.488e+03 1 0)
s>                ( - -5.898e+02 1 0))))INFO: dtree.c(1439): stop. leaf nodes are specific
INFO: dtree.c(1478): Final simple tree
|( QUESTION0 1 -2.128e+04 1.869e+02 9.130e+01
|    ( QUESTION0_14_R 1 -8.100e+03 1.351e+02 3.541e+01
|        ( - -5.540e+03 2 0)
|        ( - -2.425e+03 1 0))
|    ( QUESTION0 -1 -1.300e+04 1.654e+02 5.589e+01
|        ( - -7.265e+03 1 0)
|        ( QUESTION14 -1 -5.568e+03 1.422e+02 2.404e+01
|            ( WDBNDRY_B 0 -4.838e+03 9.485e+01 2.104e+01
|                ( - -1.746e+03 1 0)
|                ( - -2.997e+03 1 0))
|            ( - -5.877e+02 1 0))))
s>    ( QUESTION0 1 -2.128e+04 1.869e+02 9.130e+01
s>        ( QUESTION0_14_R 1 -8.100e+03 1.351e+02 3.541e+01
s>            ( - -5.540e+03 2 0)
s>            ( - -2.425e+03 1 0))
s>        ( QUESTION0 -1 -1.300e+04 1.654e+02 5.589e+01
s>            ( - -7.265e+03 1 0)
s>            ( QUESTION14 -1 -5.568e+03 1.422e+02 2.404e+01
s>                ( WDBNDRY_B 0 -4.838e+03 9.485e+01 2.104e+01
s>                    ( - -1.746e+03 1 0)
s>                    ( - -2.997e+03 1 0))
s>                ( - -5.877e+02 1 0))))INFO: dtree.c(1315): Comp split 46
INFO: dtree.c(1439): stop. leaf nodes are specific
INFO: dtree.c(1478): Final simple tree
|( WDBNDRY_B 0 -8.517e+03 1.574e+02 3.625e+01
|    ( QUESTION0_16_R 1 -6.782e+03 1.127e+02 2.925e+01
|        ( - -4.469e+03 2 0)
|        ( - -2.201e+03 1 0))
|    ( - -1.578e+03 1 0))
s>    ( WDBNDRY_B 0 -8.517e+03 1.574e+02 3.625e+01
s>        ( QUESTION0_16_R 1 -6.782e+03 1.127e+02 2.925e+01
s>            ( - -4.469e+03 2 0)
s>            ( - -2.201e+03 1 0))
s>        ( - -1.578e+03 1 0))INFO: dtree.c(1439): stop. leaf nodes are specific
INFO: dtree.c(1478): Final simple tree
|( WDBNDRY_B 0 -1.159e+05 1.078e+02 4.996e+02
|    ( - -1.138e+05 5 0)
|    ( - -2.012e+03 2 0))
s>    ( WDBNDRY_B 0 -1.159e+05 1.078e+02 4.996e+02
s>        ( - -1.138e+05 5 0)
s>        ( - -2.012e+03 2 0))INFO: dtree.c(1315): Comp split 47
INFO: dtree.c(1315): Comp split 48
INFO: dtree.c(1439): stop. leaf nodes are specific
INFO: dtree.c(1478): Final simple tree
|( WDBNDRY_B 0 -3.954e+04 1.446e+02 1.784e+02
|    ( - -1.715e+03 1 0)
|    ( - -3.768e+04 3 0))
s>    ( WDBNDRY_B 0 -3.954e+04 1.446e+02 1.784e+02
s>        ( - -1.715e+03 1 0)
s>        ( - -3.768e+04 3 0))INFO: dtree.c(1439): stop. leaf nodes are specific
INFO: dtree.c(1478): Final simple tree
|( WDBNDRY_B 0 -5.543e+03 1.331e+02 2.365e+01
|    ( - -8.549e+02 1 0)
|    ( - -4.555e+03 1 0))
s>    ( WDBNDRY_B 0 -5.543e+03 1.331e+02 2.365e+01
s>        ( - -8.549e+02 1 0)
s>        ( - -4.555e+03 1 0))INFO: dtree.c(1315): Comp split 49
INFO: dtree.c(1439): stop. leaf nodes are specific
INFO: dtree.c(1478): Final simple tree
|( WDBNDRY_E 0 -1.260e+04 1.518e+02 5.745e+01
|    ( - -1.525e+03 1 0)
|    ( - -1.092e+04 2 0))
s>    ( WDBNDRY_E 0 -1.260e+04 1.518e+02 5.745e+01
s>        ( - -1.525e+03 1 0)
s>        ( - -1.092e+04 2 0))INFO: dtree.c(1439): stop. leaf nodes are specific
INFO: dtree.c(1478): Final simple tree
|( QUESTION0_6_R 1 -2.354e+05 1.856e+02 9.656e+02
|    ( - -2.339e+05 4 0)
|    ( - -1.298e+03 2 0))
s>    ( QUESTION0_6_R 1 -2.354e+05 1.856e+02 9.656e+02
s>        ( - -2.339e+05 4 0)
s>        ( - -1.298e+03 2 0))INFO: dtree.c(1315): Comp split 50
INFO: dtree.c(1439): stop. leaf nodes are specific
INFO: dtree.c(1478): Final simple tree
|( WDBNDRY_B 0 -6.511e+04 1.703e+02 2.692e+02
|    ( - -1.991e+04 2 0)
|    ( - -4.503e+04 3 0))
s>    ( WDBNDRY_B 0 -6.511e+04 1.703e+02 2.692e+02
s>        ( - -1.991e+04 2 0)
s>        ( - -4.503e+04 3 0))INFO: dtree.c(1315): Comp split 51
INFO: dtree.c(1315): Comp split 52
INFO: dtree.c(1439): stop. leaf nodes are specific
INFO: dtree.c(1478): Final simple tree
|( QUESTION0_9_R 1 -2.485e+04 1.937e+02 1.035e+02
|    ( - -8.909e+02 1 0)
|    ( QUESTION0_14_R 1 -2.376e+04 1.912e+02 1.015e+02
|        ( - -1.666e+04 3 0)
|        ( WDBNDRY_B 0 -6.912e+03 1.258e+02 3.114e+01
|            ( - -4.408e+03 1 0)
|            ( - -2.379e+03 1 0))))
s>    ( QUESTION0_9_R 1 -2.485e+04 1.937e+02 1.035e+02
s>        ( - -8.909e+02 1 0)
s>        ( QUESTION0_14_R 1 -2.376e+04 1.912e+02 1.015e+02
s>            ( - -1.666e+04 3 0)
s>            ( WDBNDRY_B 0 -6.912e+03 1.258e+02 3.114e+01
s>                ( - -4.408e+03 1 0)
s>                ( - -2.379e+03 1 0))))INFO: dtree.c(1439): stop. leaf nodes are specific
INFO: dtree.c(1478): Final simple tree
|( QUESTION0_9_R 1 -1.018e+04 1.448e+02 4.469e+01
|    ( - -9.500e+03 1 0)
|    ( - -5.358e+02 1 0))
s>    ( QUESTION0_9_R 1 -1.018e+04 1.448e+02 4.469e+01
s>        ( - -9.500e+03 1 0)
s>        ( - -5.358e+02 1 0))INFO: dtree.c(1315): Comp split 53
INFO: dtree.c(1439): stop. leaf nodes are specific
INFO: dtree.c(1478): Final simple tree
|( WDBNDRY_E 0 -3.625e+04 2.095e+02 1.383e+02
|    ( QUESTION0_9_R 1 -1.796e+04 1.931e+02 6.351e+01
|        ( - -1.186e+03 1 0)
|        ( - -1.658e+04 2 0))
|    ( QUESTION2_11_L -1 -1.808e+04 1.436e+02 7.476e+01
|        ( - -1.713e+03 1 0)
|        ( QUESTION2_6_L -1 -1.622e+04 1.368e+02 6.676e+01
|            ( QUESTION0_14_R 1 -3.927e+03 1.261e+02 1.707e+01
|                ( - -7.991e+02 1 0)
|                ( - -3.002e+03 1 0))
|            ( WDBNDRY_B 0 -1.216e+04 1.269e+02 4.969e+01
|                ( - -9.126e+03 1 0)
|                ( - -2.908e+03 2 0)))))
s>    ( WDBNDRY_E 0 -3.625e+04 2.095e+02 1.383e+02
s>        ( QUESTION0_9_R 1 -1.796e+04 1.931e+02 6.351e+01
s>            ( - -1.186e+03 1 0)
s>            ( - -1.658e+04 2 0))
s>        ( QUESTION2_11_L -1 -1.808e+04 1.436e+02 7.476e+01
s>            ( - -1.713e+03 1 0)
s>            ( QUESTION2_6_L -1 -1.622e+04 1.368e+02 6.676e+01
s>                ( QUESTION0_14_R 1 -3.927e+03 1.261e+02 1.707e+01
s>                    ( - -7.991e+02 1 0)
s>                    ( - -3.002e+03 1 0))
s>                ( WDBNDRY_B 0 -1.216e+04 1.269e+02 4.969e+01
s>                    ( - -9.126e+03 1 0)
s>                    ( - -2.908e+03 2 0)))))INFO: dtree.c(1439): stop. leaf nodes are specific
INFO: dtree.c(1478): Final simple tree
|( QUESTION11 -1 -8.337e+03 1.815e+02 2.463e+01
|    ( - -3.149e+02 1 0)
|    ( QUESTION0 1 -7.841e+03 1.725e+02 2.263e+01
|        ( WDBNDRY_B 0 -6.220e+03 1.628e+02 1.963e+01
|            ( - -4.259e+03 1 0)
|            ( - -1.799e+03 1 0))
|        ( - -1.448e+03 1 0)))
s>    ( QUESTION11 -1 -8.337e+03 1.815e+02 2.463e+01
s>        ( - -3.149e+02 1 0)
s>        ( QUESTION0 1 -7.841e+03 1.725e+02 2.263e+01
s>            ( WDBNDRY_B 0 -6.220e+03 1.628e+02 1.963e+01
s>                ( - -4.259e+03 1 0)
s>                ( - -1.799e+03 1 0))
s>            ( - -1.448e+03 1 0)))INFO: dtree.c(1315): Comp split 54
INFO: dtree.c(1439): stop. leaf nodes are specific
INFO: dtree.c(1478): Final simple tree
|( WDBNDRY_B 0 -3.122e+04 1.341e+02 1.307e+02
|    ( - -1.422e+03 2 0)
|    ( - -2.967e+04 3 0))
s>    ( WDBNDRY_B 0 -3.122e+04 1.341e+02 1.307e+02
s>        ( - -1.422e+03 2 0)
s>        ( - -2.967e+04 3 0))INFO: dtree.c(1439): stop. leaf nodes are specific
INFO: dtree.c(1478): Final simple tree
|( QUESTION0_9_R 1 -1.474e+05 1.062e+02 6.592e+02
|    ( - -1.446e+05 1 0)
|    ( - -2.707e+03 3 0))
s>    ( QUESTION0_9_R 1 -1.474e+05 1.062e+02 6.592e+02
s>        ( - -1.446e+05 1 0)
s>        ( - -2.707e+03 3 0))INFO: dtree.c(1315): Comp split 55
INFO: dtree.c(1315): Comp split 56
INFO: dtree.c(1439): stop. leaf nodes are specific
INFO: dtree.c(1478): Final simple tree
|( WDBNDRY_E 0 -1.944e+04 1.723e+02 8.076e+01
|    ( - -1.186e+03 1 0)
|    ( QUESTION2_11_L -1 -1.808e+04 1.436e+02 7.476e+01
|        ( - -1.713e+03 1 0)
|        ( QUESTION2_6_L -1 -1.622e+04 1.368e+02 6.676e+01
|            ( QUESTION0_14_R 1 -3.927e+03 1.261e+02 1.707e+01
|                ( - -7.991e+02 1 0)
|                ( - -3.002e+03 1 0))
|            ( WDBNDRY_B 0 -1.216e+04 1.269e+02 4.969e+01
|                ( - -9.126e+03 1 0)
|                ( - -2.908e+03 2 0)))))
s>    ( WDBNDRY_E 0 -1.944e+04 1.723e+02 8.076e+01
s>        ( - -1.186e+03 1 0)
s>        ( QUESTION2_11_L -1 -1.808e+04 1.436e+02 7.476e+01
s>            ( - -1.713e+03 1 0)
s>            ( QUESTION2_6_L -1 -1.622e+04 1.368e+02 6.676e+01
s>                ( QUESTION0_14_R 1 -3.927e+03 1.261e+02 1.707e+01
s>                    ( - -7.991e+02 1 0)
s>                    ( - -3.002e+03 1 0))
s>                ( WDBNDRY_B 0 -1.216e+04 1.269e+02 4.969e+01
s>                    ( - -9.126e+03 1 0)
s>                    ( - -2.908e+03 2 0)))))INFO: dtree.c(1315): Comp split 57
INFO: dtree.c(1439): stop. leaf nodes are specific
INFO: dtree.c(1478): Final simple tree
|( WDBNDRY_E 0 -1.579e+04 1.790e+02 6.802e+01
|    ( - -9.007e+03 2 0)
|    ( - -6.600e+03 2 0))
s>    ( WDBNDRY_E 0 -1.579e+04 1.790e+02 6.802e+01
s>        ( - -9.007e+03 2 0)
s>        ( - -6.600e+03 2 0))INFO: dtree.c(1315): Comp split 58
INFO: dtree.c(1439): stop. leaf nodes are specific
INFO: dtree.c(1478): Final simple tree
|( QUESTION0_9_R 1 -4.422e+05 2.074e+02 1.838e+03
|    ( - -1.503e+04 2 0)
|    ( - -4.270e+05 10 0))
s>    ( QUESTION0_9_R 1 -4.422e+05 2.074e+02 1.838e+03
s>        ( - -1.503e+04 2 0)
s>        ( - -4.270e+05 10 0))INFO: dtree.c(1439): stop. leaf nodes are specific
INFO: dtree.c(1478): Final simple tree
|( QUESTION0_16_R 1 -1.174e+04 1.202e+02 4.561e+01
|    ( - -1.047e+04 1 0)
|    ( - -1.149e+03 1 0))
s>    ( QUESTION0_16_R 1 -1.174e+04 1.202e+02 4.561e+01
s>        ( - -1.047e+04 1 0)
s>        ( - -1.149e+03 1 0))INFO: dtree.c(1315): Comp split 59
INFO: dtree.c(1315): Comp split 60
INFO: dtree.c(1315): Comp split 61
INFO: dtree.c(1315): Comp split 62
INFO: dtree.c(1315): Comp split 63
INFO: dtree.c(1439): stop. leaf nodes are specific
INFO: dtree.c(1478): Final simple tree
|( WDBNDRY_E 0 -5.309e+03 1.149e+02 2.290e+01
|    ( - -3.240e+03 1 0)
|    ( - -1.954e+03 1 0))
s>    ( WDBNDRY_E 0 -5.309e+03 1.149e+02 2.290e+01
s>        ( - -3.240e+03 1 0)
s>        ( - -1.954e+03 1 0))INFO: dtree.c(1315): Comp split 64
INFO: dtree.c(1439): stop. leaf nodes are specific
INFO: dtree.c(1478): Final simple tree
|( QUESTION0_14_R 1 -2.376e+04 1.912e+02 1.015e+02
|    ( - -1.666e+04 3 0)
|    ( WDBNDRY_B 0 -6.912e+03 1.258e+02 3.114e+01
|        ( - -4.408e+03 1 0)
|        ( - -2.379e+03 1 0)))
s>    ( QUESTION0_14_R 1 -2.376e+04 1.912e+02 1.015e+02
s>        ( - -1.666e+04 3 0)
s>        ( WDBNDRY_B 0 -6.912e+03 1.258e+02 3.114e+01
s>            ( - -4.408e+03 1 0)
s>            ( - -2.379e+03 1 0)))INFO: dtree.c(1315): Comp split 65
INFO: dtree.c(1315): Comp split 66
INFO: dtree.c(1439): stop. leaf nodes are specific
INFO: dtree.c(1478): Final simple tree
|( WDBNDRY_B 0 -6.912e+03 1.258e+02 3.114e+01
|    ( - -4.408e+03 1 0)
|    ( - -2.379e+03 1 0))
s>    ( WDBNDRY_B 0 -6.912e+03 1.258e+02 3.114e+01
s>        ( - -4.408e+03 1 0)
s>        ( - -2.379e+03 1 0))INFO: dtree.c(1315): Comp split 67
INFO: dtree.c(1315): Comp split 68
INFO: dtree.c(1439): stop. leaf nodes are specific
INFO: dtree.c(1478): Final simple tree
|( QUESTION0_9_R 1 -4.565e+03 1.697e+02 2.096e+01
|    ( - -8.246e+02 1 0)
|    ( - -3.571e+03 1 0))
s>    ( QUESTION0_9_R 1 -4.565e+03 1.697e+02 2.096e+01
s>        ( - -8.246e+02 1 0)
s>        ( - -3.571e+03 1 0))INFO: dtree.c(1315): Comp split 69
INFO: dtree.c(1439): stop. leaf nodes are specific
INFO: dtree.c(1478): Final simple tree
|( QUESTION0 -1 -1.300e+04 1.654e+02 5.589e+01
|    ( - -7.265e+03 1 0)
|    ( QUESTION14 -1 -5.568e+03 1.422e+02 2.404e+01
|        ( WDBNDRY_B 0 -4.838e+03 9.485e+01 2.104e+01
|            ( - -1.746e+03 1 0)
|            ( - -2.997e+03 1 0))
|        ( - -5.877e+02 1 0)))
s>    ( QUESTION0 -1 -1.300e+04 1.654e+02 5.589e+01
s>        ( - -7.265e+03 1 0)
s>        ( QUESTION14 -1 -5.568e+03 1.422e+02 2.404e+01
s>            ( WDBNDRY_B 0 -4.838e+03 9.485e+01 2.104e+01
s>                ( - -1.746e+03 1 0)
s>                ( - -2.997e+03 1 0))
s>            ( - -5.877e+02 1 0)))INFO: dtree.c(1439): stop. leaf nodes are specific
INFO: dtree.c(1478): Final simple tree
|( QUESTION0_14_R 1 -8.100e+03 1.351e+02 3.541e+01
|    ( - -5.540e+03 2 0)
|    ( - -2.425e+03 1 0))
s>    ( QUESTION0_14_R 1 -8.100e+03 1.351e+02 3.541e+01
s>        ( - -5.540e+03 2 0)
s>        ( - -2.425e+03 1 0))INFO: dtree.c(1315): Comp split 70
INFO: dtree.c(1315): Comp split 71
INFO: dtree.c(1439): stop. leaf nodes are specific
INFO: dtree.c(1478): Final simple tree
|( QUESTION0 1 -7.841e+03 1.725e+02 2.263e+01
|    ( WDBNDRY_B 0 -6.220e+03 1.628e+02 1.963e+01
|        ( - -4.259e+03 1 0)
|        ( - -1.799e+03 1 0))
|    ( - -1.448e+03 1 0))
s>    ( QUESTION0 1 -7.841e+03 1.725e+02 2.263e+01
s>        ( WDBNDRY_B 0 -6.220e+03 1.628e+02 1.963e+01
s>            ( - -4.259e+03 1 0)
s>            ( - -1.799e+03 1 0))
s>        ( - -1.448e+03 1 0))INFO: dtree.c(1315): Comp split 72
INFO: dtree.c(1315): Comp split 73
INFO: dtree.c(1439): stop. leaf nodes are specific
INFO: dtree.c(1478): Final simple tree
|( WDBNDRY_B 0 -6.220e+03 1.628e+02 1.963e+01
|    ( - -4.259e+03 1 0)
|    ( - -1.799e+03 1 0))
s>    ( WDBNDRY_B 0 -6.220e+03 1.628e+02 1.963e+01
s>        ( - -4.259e+03 1 0)
s>        ( - -1.799e+03 1 0))INFO: dtree.c(1315): Comp split 74
INFO: dtree.c(1439): stop. leaf nodes are specific
INFO: dtree.c(1478): Final simple tree
|( QUESTION2_11_L -1 -1.808e+04 1.436e+02 7.476e+01
|    ( - -1.713e+03 1 0)
|    ( QUESTION2_6_L -1 -1.622e+04 1.368e+02 6.676e+01
|        ( QUESTION0_14_R 1 -3.927e+03 1.261e+02 1.707e+01
|            ( - -7.991e+02 1 0)
|            ( - -3.002e+03 1 0))
|        ( WDBNDRY_B 0 -1.216e+04 1.269e+02 4.969e+01
|            ( - -9.126e+03 1 0)
|            ( - -2.908e+03 2 0))))
s>    ( QUESTION2_11_L -1 -1.808e+04 1.436e+02 7.476e+01
s>        ( - -1.713e+03 1 0)
s>        ( QUESTION2_6_L -1 -1.622e+04 1.368e+02 6.676e+01
s>            ( QUESTION0_14_R 1 -3.927e+03 1.261e+02 1.707e+01
s>                ( - -7.991e+02 1 0)
s>                ( - -3.002e+03 1 0))
s>            ( WDBNDRY_B 0 -1.216e+04 1.269e+02 4.969e+01
s>                ( - -9.126e+03 1 0)
s>                ( - -2.908e+03 2 0))))INFO: dtree.c(1315): Comp split 75
INFO: dtree.c(1439): stop. leaf nodes are specific
INFO: dtree.c(1478): Final simple tree
|( WDBNDRY_B 0 -3.475e+03 1.287e+02 1.600e+01
|    ( - -2.637e+03 1 0)
|    ( - -7.093e+02 1 0))
s>    ( WDBNDRY_B 0 -3.475e+03 1.287e+02 1.600e+01
s>        ( - -2.637e+03 1 0)
s>        ( - -7.093e+02 1 0))INFO: dtree.c(1439): stop. leaf nodes are specific
INFO: dtree.c(1478): Final simple tree
|( QUESTION2_0_L -1 -1.012e+05 1.284e+02 4.224e+02
|    ( QUESTION0_14_R 1 -9.888e+04 1.450e+02 4.124e+02
|        ( QUESTION14 -1 -9.102e+04 1.171e+02 3.802e+02
|            ( - -8.546e+04 4 0)
|            ( WDBNDRY_B 0 -5.439e+03 1.117e+02 2.364e+01
|                ( - -1.695e+03 2 0)
|                ( - -3.632e+03 1 0)))
|        ( - -7.717e+03 1 0))
|    ( WDBNDRY_B 0 -2.235e+03 1.567e+02 1.000e+01
|        ( - -1.488e+03 1 0)
|        ( - -5.898e+02 1 0)))
s>    ( QUESTION2_0_L -1 -1.012e+05 1.284e+02 4.224e+02
s>        ( QUESTION0_14_R 1 -9.888e+04 1.450e+02 4.124e+02
s>            ( QUESTION14 -1 -9.102e+04 1.171e+02 3.802e+02
s>                ( - -8.546e+04 4 0)
s>                ( WDBNDRY_B 0 -5.439e+03 1.117e+02 2.364e+01
s>                    ( - -1.695e+03 2 0)
s>                    ( - -3.632e+03 1 0)))
s>            ( - -7.717e+03 1 0))
s>        ( WDBNDRY_B 0 -2.235e+03 1.567e+02 1.000e+01
s>            ( - -1.488e+03 1 0)
s>            ( - -5.898e+02 1 0)))INFO: dtree.c(1315): Comp split 76
INFO: dtree.c(1315): Comp split 77
INFO: dtree.c(1315): Comp split 78
INFO: dtree.c(1439): stop. leaf nodes are specific
INFO: dtree.c(1478): Final simple tree
|( SILENCE -1 -1.528e+04 1.366e+02 6.276e+01
|    ( - -9.126e+03 1 0)
|    ( WDBNDRY_B 0 -6.022e+03 1.122e+02 2.313e+01
|        ( - -3.002e+03 1 0)
|        ( - -2.908e+03 2 0)))
s>    ( SILENCE -1 -1.528e+04 1.366e+02 6.276e+01
s>        ( - -9.126e+03 1 0)
s>        ( WDBNDRY_B 0 -6.022e+03 1.122e+02 2.313e+01
s>            ( - -3.002e+03 1 0)
s>            ( - -2.908e+03 2 0)))INFO: dtree.c(1439): stop. leaf nodes are specific
INFO: dtree.c(1478): Final simple tree
|( WDBNDRY_B 0 -2.630e+03 1.179e+02 1.200e+01
|    ( - -7.991e+02 1 0)
|    ( - -1.713e+03 1 0))
s>    ( WDBNDRY_B 0 -2.630e+03 1.179e+02 1.200e+01
s>        ( - -7.991e+02 1 0)
s>        ( - -1.713e+03 1 0))INFO: dtree.c(1315): Comp split 79
INFO: dtree.c(1439): stop. leaf nodes are specific
INFO: dtree.c(1478): Final simple tree
|( QUESTION14 -1 -5.568e+03 1.422e+02 2.404e+01
|    ( WDBNDRY_B 0 -4.838e+03 9.485e+01 2.104e+01
|        ( - -1.746e+03 1 0)
|        ( - -2.997e+03 1 0))
|    ( - -5.877e+02 1 0))
s>    ( QUESTION14 -1 -5.568e+03 1.422e+02 2.404e+01
s>        ( WDBNDRY_B 0 -4.838e+03 9.485e+01 2.104e+01
s>            ( - -1.746e+03 1 0)
s>            ( - -2.997e+03 1 0))
s>        ( - -5.877e+02 1 0))INFO: dtree.c(1315): Comp split 80
INFO: dtree.c(1315): Comp split 81
INFO: dtree.c(1439): stop. leaf nodes are specific
INFO: dtree.c(1478): Final simple tree
|( QUESTION0_16_R 1 -6.782e+03 1.127e+02 2.925e+01
|    ( - -4.469e+03 2 0)
|    ( - -2.201e+03 1 0))
s>    ( QUESTION0_16_R 1 -6.782e+03 1.127e+02 2.925e+01
s>        ( - -4.469e+03 2 0)
s>        ( - -2.201e+03 1 0))INFO: dtree.c(1315): Comp split 82
INFO: dtree.c(1439): stop. leaf nodes are specific
INFO: dtree.c(1478): Final simple tree
|( QUESTION0_14_R 1 -4.338e+03 1.168e+02 1.864e+01
|    ( - -3.632e+03 1 0)
|    ( - -5.898e+02 1 0))
s>    ( QUESTION0_14_R 1 -4.338e+03 1.168e+02 1.864e+01
s>        ( - -3.632e+03 1 0)
s>        ( - -5.898e+02 1 0))INFO: dtree.c(1439): stop. leaf nodes are specific
INFO: dtree.c(1478): Final simple tree
|( QUESTION2_0_L -1 -9.675e+04 1.458e+02 4.038e+02
|    ( QUESTION0_14_R 1 -9.512e+04 1.419e+02 3.968e+02
|        ( WDBNDRY_B 0 -8.726e+04 1.009e+02 3.646e+02
|            ( - -1.695e+03 2 0)
|            ( - -8.546e+04 4 0))
|        ( - -7.717e+03 1 0))
|    ( - -1.488e+03 1 0))
s>    ( QUESTION2_0_L -1 -9.675e+04 1.458e+02 4.038e+02
s>        ( QUESTION0_14_R 1 -9.512e+04 1.419e+02 3.968e+02
s>            ( WDBNDRY_B 0 -8.726e+04 1.009e+02 3.646e+02
s>                ( - -1.695e+03 2 0)
s>                ( - -8.546e+04 4 0))
s>            ( - -7.717e+03 1 0))
s>        ( - -1.488e+03 1 0))INFO: dtree.c(1315): Comp split 83
INFO: dtree.c(1315): Comp split 84
INFO: dtree.c(1439): stop. leaf nodes are specific
INFO: dtree.c(1478): Final simple tree
|( QUESTION0 -1 -1.672e+04 1.486e+02 7.185e+01
|    ( - -1.553e+04 1 0)
|    ( - -1.037e+03 1 0))
s>    ( QUESTION0 -1 -1.672e+04 1.486e+02 7.185e+01
s>        ( - -1.553e+04 1 0)
s>        ( - -1.037e+03 1 0))INFO: dtree.c(1315): Comp split 85
INFO: dtree.c(1315): Comp split 86
INFO: dtree.c(1439): stop. leaf nodes are specific
INFO: dtree.c(1478): Final simple tree
|( WDBNDRY_E 0 -7.690e+03 1.126e+02 3.250e+01
|    ( - -5.790e+03 1 0)
|    ( - -1.787e+03 1 0))
s>    ( WDBNDRY_E 0 -7.690e+03 1.126e+02 3.250e+01
s>        ( - -5.790e+03 1 0)
s>        ( - -1.787e+03 1 0))INFO: dtree.c(1315): Comp split 87
INFO: dtree.c(1439): stop. leaf nodes are specific
INFO: dtree.c(1478): Final simple tree
|( QUESTION0_14_R 1 -9.512e+04 1.419e+02 3.968e+02
|    ( WDBNDRY_B 0 -8.726e+04 1.009e+02 3.646e+02
|        ( - -1.695e+03 2 0)
|        ( - -8.546e+04 4 0))
|    ( - -7.717e+03 1 0))
s>    ( QUESTION0_14_R 1 -9.512e+04 1.419e+02 3.968e+02
s>        ( WDBNDRY_B 0 -8.726e+04 1.009e+02 3.646e+02
s>            ( - -1.695e+03 2 0)
s>            ( - -8.546e+04 4 0))
s>        ( - -7.717e+03 1 0))INFO: dtree.c(1315): Comp split 88
INFO: dtree.c(1315): Comp split 89
INFO: dtree.c(1315): Comp split 90
INFO: dtree.c(1315): Comp split 91
INFO: dtree.c(1439): stop. leaf nodes are specific
INFO: dtree.c(1478): Final simple tree
|( WDBNDRY_B 0 -4.838e+03 9.485e+01 2.104e+01
|    ( - -1.746e+03 1 0)
|    ( - -2.997e+03 1 0))
s>    ( WDBNDRY_B 0 -4.838e+03 9.485e+01 2.104e+01
s>        ( - -1.746e+03 1 0)
s>        ( - -2.997e+03 1 0))INFO: dtree.c(1315): Comp split 92
INFO: dtree.c(1439): stop. leaf nodes are specific
INFO: dtree.c(1478): Final simple tree
|( WDBNDRY_B 0 -8.726e+04 1.009e+02 3.646e+02
|    ( - -1.695e+03 2 0)
|    ( - -8.546e+04 4 0))
s>    ( WDBNDRY_B 0 -8.726e+04 1.009e+02 3.646e+02
s>        ( - -1.695e+03 2 0)
s>        ( - -8.546e+04 4 0))INFO: dtree.c(1315): Comp split 93
INFO: dtree.c(1315): Comp split 94
INFO: dtree.c(1439): stop. leaf nodes are specific
INFO: dtree.c(1478): Final simple tree
|( WDBNDRY_B 0 -6.022e+03 1.122e+02 2.313e+01
|    ( - -3.002e+03 1 0)
|    ( - -2.908e+03 2 0))
s>    ( WDBNDRY_B 0 -6.022e+03 1.122e+02 2.313e+01
s>        ( - -3.002e+03 1 0)
s>        ( - -2.908e+03 2 0))INFO: dtree.c(1315): Comp split 95
INFO: dtree.c(1315): Comp split 96
INFO: dtree.c(1315): Comp split 97
INFO: dtree.c(1315): Comp split 98
INFO: dtree.c(1315): Comp split 99
INFO: dtree.c(1315): Comp split 100
INFO: dtree.c(1315): Comp split 101
INFO: dtree.c(1315): Comp split 102
INFO: dtree.c(1315): Comp split 103
INFO: dtree.c(1315): Comp split 104
INFO: dtree.c(1315): Comp split 105
INFO: dtree.c(1315): Comp split 106
INFO: dtree.c(1315): Comp split 107
INFO: dtree.c(1315): Comp split 108
INFO: dtree.c(1315): Comp split 109
INFO: dtree.c(1315): Comp split 110
INFO: dtree.c(1315): Comp split 111
INFO: dtree.c(1318): stop. leaf nodes are specific
Fri Jan  6 22:27:51 2023
