Current configuration:
[NAME]		[DEFLT]	[VALUE]
-allphones	no	no
-cntthresh	0.00001	1.000000e-05
-csplitmax	100	2000
-csplitmin	1	1
-csplitthr	8e-4	0.000000e+00
-example	no	no
-fullvar	no	no
-help		no	no
-meanfn			/mnt/c/users/robin/onedrive/desktop/cmu/Cebuano/model_parameters/Cebuano.cd_cont_untied/means
-mixwfn			/mnt/c/users/robin/onedrive/desktop/cmu/Cebuano/model_parameters/Cebuano.cd_cont_untied/mixture_weights
-moddeffn		/mnt/c/users/robin/onedrive/desktop/cmu/Cebuano/model_architecture/Cebuano.untied.mdef
-mwfloor	1e-4	1.000000e-08
-phone			AO
-psetfn			/mnt/c/users/robin/onedrive/desktop/cmu/Cebuano/model_architecture/Cebuano.tree_questions
-ssplitmax	5	7
-ssplitmin	1	1
-ssplitthr	8e-4	0.000000e+00
-state			0
-stwt			1.0,0.05,0.0,
-treefn			/mnt/c/users/robin/onedrive/desktop/cmu/Cebuano/trees/Cebuano.unpruned/AO-0.dtree
-ts2cbfn	.semi.	.cont.
-varfloor	0.00001	1.000000e-05
-varfn			/mnt/c/users/robin/onedrive/desktop/cmu/Cebuano/model_parameters/Cebuano.cd_cont_untied/variances

INFO: main.c(223): Reading: /mnt/c/users/robin/onedrive/desktop/cmu/Cebuano/model_architecture/Cebuano.untied.mdef
INFO: model_def_io.c(573): Model definition info:
INFO: model_def_io.c(574): 7744 total models defined (40 base, 7704 tri)
INFO: model_def_io.c(575): 30976 total states
INFO: model_def_io.c(576): 23232 total tied states
INFO: model_def_io.c(577): 120 total tied CI states
INFO: model_def_io.c(578): 40 total tied transition matrices
INFO: model_def_io.c(579): 4 max state/model
INFO: model_def_io.c(580): 4 min state/model
INFO: main.c(242): Building trees for [AO AA R b] through [AO Z N i]
INFO: main.c(268): Covering states |[4491 4853]| == 363
INFO: main.c(275): Reading: /mnt/c/users/robin/onedrive/desktop/cmu/Cebuano/model_parameters/Cebuano.cd_cont_untied/mixture_weights
INFO: s3mixw_io.c(172): Read /mnt/c/users/robin/onedrive/desktop/cmu/Cebuano/model_parameters/Cebuano.cd_cont_untied/mixture_weights [363x1x1 array]
INFO: main.c(311): 121 of 121 models have observation count greater than 0.000010
INFO: main.c(95): nrm stwt: 0.952 0.048 0.000 
INFO: s3gau_io.c(168): Read /mnt/c/users/robin/onedrive/desktop/cmu/Cebuano/model_parameters/Cebuano.cd_cont_untied/means [23232x1x1 array]
INFO: s3gau_io.c(168): Read /mnt/c/users/robin/onedrive/desktop/cmu/Cebuano/model_parameters/Cebuano.cd_cont_untied/variances [23232x1x1 array]
INFO: main.c(549): Reading: /mnt/c/users/robin/onedrive/desktop/cmu/Cebuano/model_architecture/Cebuano.tree_questions
INFO: main.c(587): 180 total simple questions (172 phone; 8 word bndry)
INFO: main.c(589): 42 Left Only questions, and 42 Right Only questions
INFO: dtree.c(1478): Final simple tree
|( QUESTION17 -1 -2.348e+06 1.651e+04 1.026e+04
|    ( QUESTION2_1_L -1 -2.929e+05 9.455e+03 1.288e+03
|        ( - -1.678e+05 2 0 QUESTION0_9_R 1 2.158e+03 7.622e+02)
|        ( - -1.156e+05 14 0 QUESTION0_11_R 1 1.291e+03 5.259e+02))
|    ( QUESTION0_14_R 1 -2.039e+06 8.717e+03 8.969e+03
|        ( - -5.805e+05 19 0 WDBNDRY_B 0 2.713e+03 2.627e+03)
|        ( QUESTION18 1 -1.450e+06 8.666e+03 6.342e+03
|            ( - -1.217e+05 1 0)
|            ( QUESTION2_16_L -1 -1.319e+06 7.816e+03 5.721e+03
|                ( - -1.141e+05 4 0 QUESTION0_1_R 1 6.074e+02 5.697e+02)
|                ( QUESTION10 1 -1.197e+06 5.423e+03 5.151e+03
|                    ( - -2.251e+05 15 0 WDBNDRY_I 0 8.100e+02 9.999e+02)
|                    ( QUESTION0_10_R 1 -9.668e+05 5.894e+03 4.151e+03
|                        ( - -8.358e+04 6 0 QUESTION2_6_L -1 1.175e+03 3.986e+02)
|                        ( - -8.773e+05 60 0 QUESTION2_15_L -1 4.909e+03 3.753e+03)))))))
s>    ( QUESTION17 -1 -2.348e+06 1.651e+04 1.026e+04
s>        ( QUESTION2_1_L -1 -2.929e+05 9.455e+03 1.288e+03
s>            ( - -1.678e+05 2 0 QUESTION0_9_R 1 2.158e+03 7.622e+02)
s>            ( - -1.156e+05 14 0 QUESTION0_11_R 1 1.291e+03 5.259e+02))
s>        ( QUESTION0_14_R 1 -2.039e+06 8.717e+03 8.969e+03
s>            ( - -5.805e+05 19 0 WDBNDRY_B 0 2.713e+03 2.627e+03)
s>            ( QUESTION18 1 -1.450e+06 8.666e+03 6.342e+03
s>                ( - -1.217e+05 1 0)
s>                ( QUESTION2_16_L -1 -1.319e+06 7.816e+03 5.721e+03
s>                    ( - -1.141e+05 4 0 QUESTION0_1_R 1 6.074e+02 5.697e+02)
s>                    ( QUESTION10 1 -1.197e+06 5.423e+03 5.151e+03
s>                        ( - -2.251e+05 15 0 WDBNDRY_I 0 8.100e+02 9.999e+02)
s>                        ( QUESTION0_10_R 1 -9.668e+05 5.894e+03 4.151e+03
s>                            ( - -8.358e+04 6 0 QUESTION2_6_L -1 1.175e+03 3.986e+02)
s>                            ( - -8.773e+05 60 0 QUESTION2_15_L -1 4.909e+03 3.753e+03)))))))INFO: dtree.c(1315): Comp split 0
INFO: dtree.c(1478): Final simple tree
|( QUESTION0_10_R 1 -1.184e+06 1.410e+04 5.041e+03
|    ( WDBNDRY_E 0 -1.538e+05 3.189e+03 6.870e+02
|        ( - -1.614e+04 1 0)
|        ( - -1.344e+05 1 0))
|    ( QUESTION2_15_L -1 -1.016e+06 6.223e+03 4.354e+03
|        ( - -1.556e+05 14 0 WDBNDRY_E 0 3.171e+03 7.033e+02)
|        ( QUESTION11 -1 -8.542e+05 4.852e+03 3.651e+03
|            ( QUESTION17 -1 -3.516e+05 3.789e+03 1.552e+03
|                ( - -3.124e+04 1 0)
|                ( QUESTION2_1_L -1 -3.166e+05 3.657e+03 1.400e+03
|                    ( - -1.242e+05 4 0 QUESTION0_9_R 1 1.165e+03 5.723e+02)
|                    ( - -1.887e+05 17 0 QUESTION2_0_L -1 1.877e+03 8.281e+02)))
|            ( QUESTION2_11_L -1 -4.978e+05 3.530e+03 2.099e+03
|                ( - -6.770e+04 6 0 QUESTION0_2_R 1 3.657e+02 2.952e+02)
|                ( - -4.266e+05 32 0 QUESTION2_6_L -1 1.366e+03 1.804e+03)))))
s>    ( QUESTION0_10_R 1 -1.184e+06 1.410e+04 5.041e+03
s>        ( WDBNDRY_E 0 -1.538e+05 3.189e+03 6.870e+02
s>            ( - -1.614e+04 1 0)
s>            ( - -1.344e+05 1 0))
s>        ( QUESTION2_15_L -1 -1.016e+06 6.223e+03 4.354e+03
s>            ( - -1.556e+05 14 0 WDBNDRY_E 0 3.171e+03 7.033e+02)
s>            ( QUESTION11 -1 -8.542e+05 4.852e+03 3.651e+03
s>                ( QUESTION17 -1 -3.516e+05 3.789e+03 1.552e+03
s>                    ( - -3.124e+04 1 0)
s>                    ( QUESTION2_1_L -1 -3.166e+05 3.657e+03 1.400e+03
s>                        ( - -1.242e+05 4 0 QUESTION0_9_R 1 1.165e+03 5.723e+02)
s>                        ( - -1.887e+05 17 0 QUESTION2_0_L -1 1.877e+03 8.281e+02)))
s>                ( QUESTION2_11_L -1 -4.978e+05 3.530e+03 2.099e+03
s>                    ( - -6.770e+04 6 0 QUESTION0_2_R 1 3.657e+02 2.952e+02)
s>                    ( - -4.266e+05 32 0 QUESTION2_6_L -1 1.366e+03 1.804e+03)))))INFO: dtree.c(1478): Final simple tree
|( QUESTION11 1 -1.141e+06 5.464e+03 5.216e+03
|    ( QUESTION2_6_L -1 -2.920e+05 3.877e+03 1.425e+03
|        ( - -6.439e+04 1 0)
|        ( QUESTION0 -1 -2.237e+05 2.555e+03 1.109e+03
|            ( - -8.012e+04 2 0 WDBNDRY_E 0 4.716e+02 4.062e+02)
|            ( - -1.410e+05 6 0 QUESTION0_10_R 1 1.302e+03 7.024e+02)))
|    ( QUESTION0_1_R 1 -8.439e+05 3.467e+03 3.791e+03
|        ( - -2.127e+05 12 0 WDBNDRY_E 0 7.681e+02 9.424e+02)
|        ( WDBNDRY_I 0 -6.277e+05 2.921e+03 2.848e+03
|            ( QUESTION2_11_L -1 -4.756e+05 2.057e+03 2.132e+03
|                ( - -6.151e+04 1 0)
|                ( QUESTION2_0_L -1 -4.120e+05 1.836e+03 1.858e+03
|                    ( - -3.392e+05 11 0 QUESTION2_6_L -1 1.739e+03 1.545e+03)
|                    ( - -7.096e+04 3 0)))
|            ( - -1.492e+05 9 0 QUESTION2_15_L -1 1.128e+03 7.160e+02))))
s>    ( QUESTION11 1 -1.141e+06 5.464e+03 5.216e+03
s>        ( QUESTION2_6_L -1 -2.920e+05 3.877e+03 1.425e+03
s>            ( - -6.439e+04 1 0)
s>            ( QUESTION0 -1 -2.237e+05 2.555e+03 1.109e+03
s>                ( - -8.012e+04 2 0 WDBNDRY_E 0 4.716e+02 4.062e+02)
s>                ( - -1.410e+05 6 0 QUESTION0_10_R 1 1.302e+03 7.024e+02)))
s>        ( QUESTION0_1_R 1 -8.439e+05 3.467e+03 3.791e+03
s>            ( - -2.127e+05 12 0 WDBNDRY_E 0 7.681e+02 9.424e+02)
s>            ( WDBNDRY_I 0 -6.277e+05 2.921e+03 2.848e+03
s>                ( QUESTION2_11_L -1 -4.756e+05 2.057e+03 2.132e+03
s>                    ( - -6.151e+04 1 0)
s>                    ( QUESTION2_0_L -1 -4.120e+05 1.836e+03 1.858e+03
s>                        ( - -3.392e+05 11 0 QUESTION2_6_L -1 1.739e+03 1.545e+03)
s>                        ( - -7.096e+04 3 0)))
s>                ( - -1.492e+05 9 0 QUESTION2_15_L -1 1.128e+03 7.160e+02))))INFO: dtree.c(1315): Comp split 1
INFO: dtree.c(1439): stop. leaf nodes are specific
INFO: dtree.c(1478): Final simple tree
|( QUESTION0_9_R 1 -1.678e+05 2.158e+03 7.622e+02
|    ( - -1.344e+05 1 0)
|    ( - -3.124e+04 1 0))
s>    ( QUESTION0_9_R 1 -1.678e+05 2.158e+03 7.622e+02
s>        ( - -1.344e+05 1 0)
s>        ( - -3.124e+04 1 0))INFO: dtree.c(1478): Final simple tree
|( QUESTION2_15_L -1 -9.982e+05 6.873e+03 4.279e+03
|    ( WDBNDRY_E 0 -1.724e+05 3.467e+03 7.792e+02
|        ( - -9.518e+04 11 0 QUESTION0_4_R 1 8.124e+02 4.372e+02)
|        ( - -7.372e+04 4 0 QUESTION0_1_R 1 9.587e+02 3.420e+02))
|    ( QUESTION2_7_L -1 -8.189e+05 4.652e+03 3.500e+03
|        ( - -1.242e+05 4 0 QUESTION0_9_R 1 1.165e+03 5.723e+02)
|        ( QUESTION11 -1 -6.901e+05 3.591e+03 2.927e+03
|            ( QUESTION2_0_L -1 -1.887e+05 1.877e+03 8.281e+02
|                ( - -9.424e+04 5 0 QUESTION0_9_R 1 6.208e+02 4.161e+02)
|                ( WDBNDRY_S 0 -9.259e+04 1.382e+03 4.120e+02
|                    ( - -4.150e+04 2 0 SILENCE 1 2.657e+02 1.977e+02)
|                    ( - -4.970e+04 10 0 QUESTION0_5_R 1 5.959e+02 2.143e+02)))
|            ( QUESTION2_11_L -1 -4.978e+05 3.530e+03 2.099e+03
|                ( - -6.770e+04 6 0 QUESTION0_2_R 1 3.657e+02 2.952e+02)
|                ( - -4.266e+05 32 0 QUESTION2_6_L -1 1.366e+03 1.804e+03)))))
s>    ( QUESTION2_15_L -1 -9.982e+05 6.873e+03 4.279e+03
s>        ( WDBNDRY_E 0 -1.724e+05 3.467e+03 7.792e+02
s>            ( - -9.518e+04 11 0 QUESTION0_4_R 1 8.124e+02 4.372e+02)
s>            ( - -7.372e+04 4 0 QUESTION0_1_R 1 9.587e+02 3.420e+02))
s>        ( QUESTION2_7_L -1 -8.189e+05 4.652e+03 3.500e+03
s>            ( - -1.242e+05 4 0 QUESTION0_9_R 1 1.165e+03 5.723e+02)
s>            ( QUESTION11 -1 -6.901e+05 3.591e+03 2.927e+03
s>                ( QUESTION2_0_L -1 -1.887e+05 1.877e+03 8.281e+02
s>                    ( - -9.424e+04 5 0 QUESTION0_9_R 1 6.208e+02 4.161e+02)
s>                    ( WDBNDRY_S 0 -9.259e+04 1.382e+03 4.120e+02
s>                        ( - -4.150e+04 2 0 SILENCE 1 2.657e+02 1.977e+02)
s>                        ( - -4.970e+04 10 0 QUESTION0_5_R 1 5.959e+02 2.143e+02)))
s>                ( QUESTION2_11_L -1 -4.978e+05 3.530e+03 2.099e+03
s>                    ( - -6.770e+04 6 0 QUESTION0_2_R 1 3.657e+02 2.952e+02)
s>                    ( - -4.266e+05 32 0 QUESTION2_6_L -1 1.366e+03 1.804e+03)))))INFO: dtree.c(1315): Comp split 2
INFO: dtree.c(1478): Final simple tree
|( QUESTION2_7_L -1 -6.064e+05 4.655e+03 2.590e+03
|    ( QUESTION0_9_R 1 -1.242e+05 1.165e+03 5.723e+02
|        ( - -9.243e+04 1 0)
|        ( - -3.061e+04 3 0 QUESTION0_2_R 1 3.710e+02 1.382e+02))
|    ( QUESTION2_20_L -1 -4.776e+05 1.650e+03 2.018e+03
|        ( - -1.103e+05 16 0 QUESTION0 -1 9.048e+02 4.708e+02)
|        ( QUESTION0_8_R 1 -3.656e+05 1.415e+03 1.547e+03
|            ( QUESTION0_9_R 1 -1.851e+05 1.181e+03 7.746e+02
|                ( - -5.403e+04 7 0 QUESTION2_6_L -1 6.035e+02 2.332e+02)
|                ( - -1.299e+05 10 0 QUESTION1 -1 8.802e+02 5.414e+02))
|            ( QUESTION2_6_L -1 -1.791e+05 1.058e+03 7.728e+02
|                ( WDBNDRY_E 0 -2.112e+04 9.639e+02 9.526e+01
|                    ( - -2.571e+03 1 0)
|                    ( - -1.759e+04 1 0))
|                ( - -1.569e+05 7 0 QUESTION9 -1 2.112e+02 6.775e+02)))))
s>    ( QUESTION2_7_L -1 -6.064e+05 4.655e+03 2.590e+03
s>        ( QUESTION0_9_R 1 -1.242e+05 1.165e+03 5.723e+02
s>            ( - -9.243e+04 1 0)
s>            ( - -3.061e+04 3 0 QUESTION0_2_R 1 3.710e+02 1.382e+02))
s>        ( QUESTION2_20_L -1 -4.776e+05 1.650e+03 2.018e+03
s>            ( - -1.103e+05 16 0 QUESTION0 -1 9.048e+02 4.708e+02)
s>            ( QUESTION0_8_R 1 -3.656e+05 1.415e+03 1.547e+03
s>                ( QUESTION0_9_R 1 -1.851e+05 1.181e+03 7.746e+02
s>                    ( - -5.403e+04 7 0 QUESTION2_6_L -1 6.035e+02 2.332e+02)
s>                    ( - -1.299e+05 10 0 QUESTION1 -1 8.802e+02 5.414e+02))
s>                ( QUESTION2_6_L -1 -1.791e+05 1.058e+03 7.728e+02
s>                    ( WDBNDRY_E 0 -2.112e+04 9.639e+02 9.526e+01
s>                        ( - -2.571e+03 1 0)
s>                        ( - -1.759e+04 1 0))
s>                    ( - -1.569e+05 7 0 QUESTION9 -1 2.112e+02 6.775e+02)))))INFO: dtree.c(1478): Final simple tree
|( QUESTION0 -1 -3.839e+05 4.409e+03 1.688e+03
|    ( - -5.345e+04 1 0)
|    ( QUESTION16 -1 -3.261e+05 3.006e+03 1.435e+03
|        ( QUESTION0_11_R 1 -1.156e+05 1.291e+03 5.259e+02
|            ( - -1.622e+04 1 0)
|            ( QUESTION0_4_R 1 -9.813e+04 7.672e+02 4.502e+02
|                ( - -2.135e+04 2 0 WDBNDRY_E 0 1.936e+02 1.009e+02)
|                ( - -7.601e+04 11 0 WDBNDRY_E 0 4.989e+02 3.493e+02)))
|        ( QUESTION10 -1 -2.074e+05 2.238e+03 9.091e+02
|            ( - -6.695e+04 5 0 QUESTION0_0_R 1 3.643e+02 2.922e+02)
|            ( QUESTION13 -1 -1.382e+05 1.793e+03 6.168e+02
|                ( QUESTION0_9_R 1 -9.424e+04 6.208e+02 4.161e+02
|                    ( - -1.251e+04 1 0)
|                    ( - -8.111e+04 4 0 QUESTION0_0_R 1 4.084e+02 3.579e+02))
|                ( - -4.222e+04 3 0 SILENCE 1 2.150e+02 2.007e+02)))))
s>    ( QUESTION0 -1 -3.839e+05 4.409e+03 1.688e+03
s>        ( - -5.345e+04 1 0)
s>        ( QUESTION16 -1 -3.261e+05 3.006e+03 1.435e+03
s>            ( QUESTION0_11_R 1 -1.156e+05 1.291e+03 5.259e+02
s>                ( - -1.622e+04 1 0)
s>                ( QUESTION0_4_R 1 -9.813e+04 7.672e+02 4.502e+02
s>                    ( - -2.135e+04 2 0 WDBNDRY_E 0 1.936e+02 1.009e+02)
s>                    ( - -7.601e+04 11 0 WDBNDRY_E 0 4.989e+02 3.493e+02)))
s>            ( QUESTION10 -1 -2.074e+05 2.238e+03 9.091e+02
s>                ( - -6.695e+04 5 0 QUESTION0_0_R 1 3.643e+02 2.922e+02)
s>                ( QUESTION13 -1 -1.382e+05 1.793e+03 6.168e+02
s>                    ( QUESTION0_9_R 1 -9.424e+04 6.208e+02 4.161e+02
s>                        ( - -1.251e+04 1 0)
s>                        ( - -8.111e+04 4 0 QUESTION0_0_R 1 4.084e+02 3.579e+02))
s>                    ( - -4.222e+04 3 0 SILENCE 1 2.150e+02 2.007e+02)))))INFO: dtree.c(1315): Comp split 3
INFO: dtree.c(1478): Final simple tree
|( QUESTION2_15_L -1 -7.848e+05 3.680e+03 3.686e+03
|    ( WDBNDRY_E 0 -1.480e+05 1.732e+03 7.123e+02
|        ( - -1.046e+05 3 0 QUESTION0_1_R 1 5.181e+02 5.254e+02)
|        ( - -4.165e+04 3 0 QUESTION0_9_R 1 3.341e+02 1.869e+02))
|    ( QUESTION2_7_L -1 -6.332e+05 3.486e+03 2.974e+03
|        ( QUESTION0_9_R 1 -1.040e+05 2.328e+03 4.935e+02
|            ( - -6.439e+04 1 0)
|            ( - -3.732e+04 1 0))
|        ( QUESTION0_11_R 1 -5.257e+05 2.392e+03 2.480e+03
|            ( - -1.217e+05 1 0)
|            ( QUESTION2_6_L -1 -4.016e+05 1.801e+03 1.860e+03
|                ( - -3.476e+04 1 0)
|                ( WDBNDRY_I 0 -3.650e+05 1.582e+03 1.705e+03
|                    ( - -2.489e+05 12 0 QUESTION13 -1 1.004e+03 1.152e+03)
|                    ( - -1.145e+05 7 0 QUESTION12 -1 3.399e+02 5.525e+02))))))
s>    ( QUESTION2_15_L -1 -7.848e+05 3.680e+03 3.686e+03
s>        ( WDBNDRY_E 0 -1.480e+05 1.732e+03 7.123e+02
s>            ( - -1.046e+05 3 0 QUESTION0_1_R 1 5.181e+02 5.254e+02)
s>            ( - -4.165e+04 3 0 QUESTION0_9_R 1 3.341e+02 1.869e+02))
s>        ( QUESTION2_7_L -1 -6.332e+05 3.486e+03 2.974e+03
s>            ( QUESTION0_9_R 1 -1.040e+05 2.328e+03 4.935e+02
s>                ( - -6.439e+04 1 0)
s>                ( - -3.732e+04 1 0))
s>            ( QUESTION0_11_R 1 -5.257e+05 2.392e+03 2.480e+03
s>                ( - -1.217e+05 1 0)
s>                ( QUESTION2_6_L -1 -4.016e+05 1.801e+03 1.860e+03
s>                    ( - -3.476e+04 1 0)
s>                    ( WDBNDRY_I 0 -3.650e+05 1.582e+03 1.705e+03
s>                        ( - -2.489e+05 12 0 QUESTION13 -1 1.004e+03 1.152e+03)
s>                        ( - -1.145e+05 7 0 QUESTION12 -1 3.399e+02 5.525e+02))))))INFO: dtree.c(1478): Final simple tree
|( QUESTION0_0_R 1 -3.489e+05 2.846e+03 1.530e+03
|    ( WDBNDRY_E 0 -2.127e+05 7.681e+02 9.424e+02
|        ( QUESTION2_10_L -1 -1.368e+04 3.164e+02 6.804e+01
|            ( - -4.238e+03 1 0)
|            ( - -9.127e+03 1 0))
|        ( QUESTION2_7_L -1 -1.983e+05 3.222e+02 8.744e+02
|            ( - -1.108e+04 2 0)
|            ( QUESTION13 -1 -1.869e+05 2.724e+02 8.242e+02
|                ( - -4.663e+03 1 0)
|                ( QUESTION2_11_L -1 -1.819e+05 2.635e+02 8.015e+02
|                    ( - -1.066e+04 1 0)
|                    ( - -1.710e+05 6 0 QUESTION2_6_L -1 2.441e+02 7.540e+02)))))
|    ( QUESTION10 -1 -1.334e+05 8.835e+02 5.878e+02
|        ( - -6.151e+04 1 0)
|        ( - -7.096e+04 3 0)))
s>    ( QUESTION0_0_R 1 -3.489e+05 2.846e+03 1.530e+03
s>        ( WDBNDRY_E 0 -2.127e+05 7.681e+02 9.424e+02
s>            ( QUESTION2_10_L -1 -1.368e+04 3.164e+02 6.804e+01
s>                ( - -4.238e+03 1 0)
s>                ( - -9.127e+03 1 0))
s>            ( QUESTION2_7_L -1 -1.983e+05 3.222e+02 8.744e+02
s>                ( - -1.108e+04 2 0)
s>                ( QUESTION13 -1 -1.869e+05 2.724e+02 8.242e+02
s>                    ( - -4.663e+03 1 0)
s>                    ( QUESTION2_11_L -1 -1.819e+05 2.635e+02 8.015e+02
s>                        ( - -1.066e+04 1 0)
s>                        ( - -1.710e+05 6 0 QUESTION2_6_L -1 2.441e+02 7.540e+02)))))
s>        ( QUESTION10 -1 -1.334e+05 8.835e+02 5.878e+02
s>            ( - -6.151e+04 1 0)
s>            ( - -7.096e+04 3 0)))INFO: dtree.c(1315): Comp split 4
INFO: dtree.c(1478): Final simple tree
|( WDBNDRY_I 0 -3.082e+05 2.872e+03 1.359e+03
|    ( QUESTION11 -1 -1.570e+05 1.980e+03 6.827e+02
|        ( QUESTION0_9_R 1 -9.151e+04 6.619e+02 4.055e+02
|            ( - -1.251e+04 1 0)
|            ( - -7.834e+04 4 0 QUESTION0_0_R 1 4.770e+02 3.472e+02))
|        ( - -6.355e+04 4 0 QUESTION0_9_R 1 3.947e+02 2.772e+02))
|    ( QUESTION16 -1 -1.483e+05 1.462e+03 6.766e+02
|        ( QUESTION0_4_R 1 -9.518e+04 8.124e+02 4.372e+02
|            ( - -2.051e+04 1 0)
|            ( SILENCE 1 -7.386e+04 4.822e+02 3.393e+02
|                ( - 2.421e+02 1 0)
|                ( - -7.362e+04 9 0 QUESTION0_1_R 1 4.383e+02 3.383e+02)))
|        ( WDBNDRY_S 0 -5.164e+04 6.538e+02 2.393e+02
|            ( - -4.150e+04 2 0 SILENCE 1 2.657e+02 1.977e+02)
|            ( - -9.484e+03 4 0 QUESTION0_13_R 1 2.761e+02 4.166e+01))))
s>    ( WDBNDRY_I 0 -3.082e+05 2.872e+03 1.359e+03
s>        ( QUESTION11 -1 -1.570e+05 1.980e+03 6.827e+02
s>            ( QUESTION0_9_R 1 -9.151e+04 6.619e+02 4.055e+02
s>                ( - -1.251e+04 1 0)
s>                ( - -7.834e+04 4 0 QUESTION0_0_R 1 4.770e+02 3.472e+02))
s>            ( - -6.355e+04 4 0 QUESTION0_9_R 1 3.947e+02 2.772e+02))
s>        ( QUESTION16 -1 -1.483e+05 1.462e+03 6.766e+02
s>            ( QUESTION0_4_R 1 -9.518e+04 8.124e+02 4.372e+02
s>                ( - -2.051e+04 1 0)
s>                ( SILENCE 1 -7.386e+04 4.822e+02 3.393e+02
s>                    ( - 2.421e+02 1 0)
s>                    ( - -7.362e+04 9 0 QUESTION0_1_R 1 4.383e+02 3.383e+02)))
s>            ( WDBNDRY_S 0 -5.164e+04 6.538e+02 2.393e+02
s>                ( - -4.150e+04 2 0 SILENCE 1 2.657e+02 1.977e+02)
s>                ( - -9.484e+03 4 0 QUESTION0_13_R 1 2.761e+02 4.166e+01))))INFO: dtree.c(1439): stop. leaf nodes are specific
INFO: dtree.c(1478): Final simple tree
|( QUESTION0_0_R 1 -7.064e+04 9.673e+02 3.290e+02
|    ( - -5.345e+04 1 0)
|    ( - -1.622e+04 1 0))
s>    ( QUESTION0_0_R 1 -7.064e+04 9.673e+02 3.290e+02
s>        ( - -5.345e+04 1 0)
s>        ( - -1.622e+04 1 0))INFO: dtree.c(1315): Comp split 5
INFO: dtree.c(1478): Final simple tree
|( QUESTION2_9_L -1 -5.091e+05 1.613e+03 2.156e+03
|    ( QUESTION0_0_R 1 -2.659e+05 1.339e+03 1.131e+03
|        ( - -1.519e+05 4 0 WDBNDRY_E 0 2.032e+02 6.575e+02)
|        ( - -1.126e+05 8 0 QUESTION0_9_R 1 7.600e+02 4.738e+02))
|    ( QUESTION10 -1 -2.416e+05 1.363e+03 1.025e+03
|        ( WDBNDRY_E 0 -5.156e+04 1.075e+03 2.249e+02
|            ( - -2.571e+03 1 0)
|            ( - -4.791e+04 3 0 QUESTION0_0_R 1 5.452e+02 2.098e+02))
|        ( WDBNDRY_B 0 -1.886e+05 1.203e+03 8.002e+02
|            ( - -6.122e+04 14 0 SILENCE -1 6.618e+02 2.581e+02)
|            ( QUESTION0 -1 -1.262e+05 8.353e+02 5.421e+02
|                ( - -5.315e+04 5 0 QUESTION0_0_R 1 5.965e+02 2.298e+02)
|                ( QUESTION2_5_L -1 -7.224e+04 7.947e+02 3.122e+02
|                    ( - -3.061e+04 3 0 QUESTION0_2_R 1 3.710e+02 1.382e+02)
|                    ( - -4.083e+04 7 0 QUESTION5 -1 6.859e+02 1.740e+02))))))
s>    ( QUESTION2_9_L -1 -5.091e+05 1.613e+03 2.156e+03
s>        ( QUESTION0_0_R 1 -2.659e+05 1.339e+03 1.131e+03
s>            ( - -1.519e+05 4 0 WDBNDRY_E 0 2.032e+02 6.575e+02)
s>            ( - -1.126e+05 8 0 QUESTION0_9_R 1 7.600e+02 4.738e+02))
s>        ( QUESTION10 -1 -2.416e+05 1.363e+03 1.025e+03
s>            ( WDBNDRY_E 0 -5.156e+04 1.075e+03 2.249e+02
s>                ( - -2.571e+03 1 0)
s>                ( - -4.791e+04 3 0 QUESTION0_0_R 1 5.452e+02 2.098e+02))
s>            ( WDBNDRY_B 0 -1.886e+05 1.203e+03 8.002e+02
s>                ( - -6.122e+04 14 0 SILENCE -1 6.618e+02 2.581e+02)
s>                ( QUESTION0 -1 -1.262e+05 8.353e+02 5.421e+02
s>                    ( - -5.315e+04 5 0 QUESTION0_0_R 1 5.965e+02 2.298e+02)
s>                    ( QUESTION2_5_L -1 -7.224e+04 7.947e+02 3.122e+02
s>                        ( - -3.061e+04 3 0 QUESTION0_2_R 1 3.710e+02 1.382e+02)
s>                        ( - -4.083e+04 7 0 QUESTION5 -1 6.859e+02 1.740e+02))))))INFO: dtree.c(1315): Comp split 6
INFO: dtree.c(1478): Final simple tree
|( QUESTION2_6_L -1 -5.570e+05 3.916e+03 2.642e+03
|    ( - -6.439e+04 1 0)
|    ( QUESTION0_11_R 1 -4.887e+05 1.935e+03 2.325e+03
|        ( - -1.217e+05 1 0)
|        ( WDBNDRY_I 0 -3.650e+05 1.582e+03 1.705e+03
|            ( QUESTION13 -1 -2.489e+05 1.004e+03 1.152e+03
|                ( - -1.213e+05 2 0)
|                ( QUESTION15 1 -1.266e+05 8.269e+02 5.872e+02
|                    ( - -7.533e+03 4 0 QUESTION2 -1 2.445e+02 3.234e+01)
|                    ( QUESTION0_9_R 1 -1.183e+05 3.879e+02 5.548e+02
|                        ( - -9.775e+03 1 0)
|                        ( - -1.081e+05 5 0 QUESTION0_0_R 1 3.355e+02 5.054e+02))))
|            ( QUESTION12 -1 -1.145e+05 3.399e+02 5.525e+02
|                ( - -1.012e+05 4 0 QUESTION0_0_R 1 2.441e+02 4.907e+02)
|                ( - -1.292e+04 3 0 SILENCE -1 2.961e+02 6.186e+01)))))
s>    ( QUESTION2_6_L -1 -5.570e+05 3.916e+03 2.642e+03
s>        ( - -6.439e+04 1 0)
s>        ( QUESTION0_11_R 1 -4.887e+05 1.935e+03 2.325e+03
s>            ( - -1.217e+05 1 0)
s>            ( WDBNDRY_I 0 -3.650e+05 1.582e+03 1.705e+03
s>                ( QUESTION13 -1 -2.489e+05 1.004e+03 1.152e+03
s>                    ( - -1.213e+05 2 0)
s>                    ( QUESTION15 1 -1.266e+05 8.269e+02 5.872e+02
s>                        ( - -7.533e+03 4 0 QUESTION2 -1 2.445e+02 3.234e+01)
s>                        ( QUESTION0_9_R 1 -1.183e+05 3.879e+02 5.548e+02
s>                            ( - -9.775e+03 1 0)
s>                            ( - -1.081e+05 5 0 QUESTION0_0_R 1 3.355e+02 5.054e+02))))
s>                ( QUESTION12 -1 -1.145e+05 3.399e+02 5.525e+02
s>                    ( - -1.012e+05 4 0 QUESTION0_0_R 1 2.441e+02 4.907e+02)
s>                    ( - -1.292e+04 3 0 SILENCE -1 2.961e+02 6.186e+01)))))INFO: dtree.c(1439): stop. leaf nodes are specific
INFO: dtree.c(1478): Final simple tree
|( WDBNDRY_E 0 -2.235e+05 3.017e+03 1.044e+03
|    ( QUESTION0_1_R 1 -1.046e+05 5.181e+02 5.254e+02
|        ( - -7.052e+04 1 0)
|        ( SILENCE 1 -3.354e+04 2.780e+02 1.635e+02
|            ( - -2.820e+04 1 0)
|            ( - -5.054e+03 1 0)))
|    ( QUESTION10 -1 -1.159e+05 1.328e+03 5.186e+02
|        ( - -3.476e+04 1 0)
|        ( QUESTION0 -1 -7.985e+04 8.754e+02 3.635e+02
|            ( QUESTION0_9_R 1 -4.165e+04 3.341e+02 1.869e+02
|                ( - -9.130e+03 1 0)
|                ( - -3.219e+04 2 0))
|            ( - -3.732e+04 1 0))))
s>    ( WDBNDRY_E 0 -2.235e+05 3.017e+03 1.044e+03
s>        ( QUESTION0_1_R 1 -1.046e+05 5.181e+02 5.254e+02
s>            ( - -7.052e+04 1 0)
s>            ( SILENCE 1 -3.354e+04 2.780e+02 1.635e+02
s>                ( - -2.820e+04 1 0)
s>                ( - -5.054e+03 1 0)))
s>        ( QUESTION10 -1 -1.159e+05 1.328e+03 5.186e+02
s>            ( - -3.476e+04 1 0)
s>            ( QUESTION0 -1 -7.985e+04 8.754e+02 3.635e+02
s>                ( QUESTION0_9_R 1 -4.165e+04 3.341e+02 1.869e+02
s>                    ( - -9.130e+03 1 0)
s>                    ( - -3.219e+04 2 0))
s>                ( - -3.732e+04 1 0))))INFO: dtree.c(1315): Comp split 7
INFO: dtree.c(1439): stop. leaf nodes are specific
INFO: dtree.c(1478): Final simple tree
|( QUESTION2_6_L -1 -7.302e+04 1.098e+03 3.492e+02
|    ( - -6.439e+04 1 0)
|    ( QUESTION2 -1 -7.533e+03 2.445e+02 3.234e+01
|        ( - -2.970e+03 1 0)
|        ( QUESTION10 -1 -4.319e+03 1.948e+02 1.834e+01
|            ( - -2.826e+03 2 0)
|            ( - -1.297e+03 1 0))))
s>    ( QUESTION2_6_L -1 -7.302e+04 1.098e+03 3.492e+02
s>        ( - -6.439e+04 1 0)
s>        ( QUESTION2 -1 -7.533e+03 2.445e+02 3.234e+01
s>            ( - -2.970e+03 1 0)
s>            ( QUESTION10 -1 -4.319e+03 1.948e+02 1.834e+01
s>                ( - -2.826e+03 2 0)
s>                ( - -1.297e+03 1 0))))INFO: dtree.c(1478): Final simple tree
|( QUESTION0_9_R 1 -4.800e+05 1.844e+03 2.293e+03
|    ( QUESTION0_10_R 1 -1.319e+05 3.863e+02 6.701e+02
|        ( - -9.775e+03 1 0)
|        ( - -1.217e+05 1 0))
|    ( QUESTION2_0_L -1 -3.463e+05 1.553e+03 1.623e+03
|        ( QUESTION11 -1 -2.313e+05 8.418e+02 1.074e+03
|            ( - -1.223e+05 3 0 WDBNDRY_E 0 2.618e+02 5.689e+02)
|            ( QUESTION0_0_R 1 -1.081e+05 3.355e+02 5.054e+02
|                ( - -5.343e+03 1 0)
|                ( QUESTION0 -1 -1.024e+05 2.964e+02 4.801e+02
|                    ( - -1.768e+03 1 0)
|                    ( - -1.004e+05 3 0))))
|        ( QUESTION0 -1 -1.135e+05 3.059e+02 5.485e+02
|            ( - -1.019e+04 1 0)
|            ( - -1.030e+05 5 0 SILENCE -1 2.902e+02 4.987e+02))))
s>    ( QUESTION0_9_R 1 -4.800e+05 1.844e+03 2.293e+03
s>        ( QUESTION0_10_R 1 -1.319e+05 3.863e+02 6.701e+02
s>            ( - -9.775e+03 1 0)
s>            ( - -1.217e+05 1 0))
s>        ( QUESTION2_0_L -1 -3.463e+05 1.553e+03 1.623e+03
s>            ( QUESTION11 -1 -2.313e+05 8.418e+02 1.074e+03
s>                ( - -1.223e+05 3 0 WDBNDRY_E 0 2.618e+02 5.689e+02)
s>                ( QUESTION0_0_R 1 -1.081e+05 3.355e+02 5.054e+02
s>                    ( - -5.343e+03 1 0)
s>                    ( QUESTION0 -1 -1.024e+05 2.964e+02 4.801e+02
s>                        ( - -1.768e+03 1 0)
s>                        ( - -1.004e+05 3 0))))
s>            ( QUESTION0 -1 -1.135e+05 3.059e+02 5.485e+02
s>                ( - -1.019e+04 1 0)
s>                ( - -1.030e+05 5 0 SILENCE -1 2.902e+02 4.987e+02))))INFO: dtree.c(1315): Comp split 8
INFO: dtree.c(1478): Final simple tree
|( WDBNDRY_E 0 -1.382e+05 1.525e+03 6.349e+02
|    ( QUESTION0_4_R 1 -9.518e+04 8.124e+02 4.372e+02
|        ( - -2.051e+04 1 0)
|        ( SILENCE 1 -7.386e+04 4.822e+02 3.393e+02
|            ( - 2.421e+02 1 0)
|            ( QUESTION0_1_R 1 -7.362e+04 4.383e+02 3.383e+02
|                ( QUESTION10 1 -2.413e+04 2.683e+02 1.122e+02
|                    ( - -3.399e+03 1 0)
|                    ( - -2.046e+04 2 0))
|                ( QUESTION11 1 -4.905e+04 3.460e+02 2.261e+02
|                    ( - -2.569e+04 2 0 QUESTION0_9_R 1 1.414e+02 1.207e+02)
|                    ( - -2.301e+04 4 0 QUESTION0_0_R 1 2.337e+02 1.054e+02)))))
|    ( SILENCE 1 -4.150e+04 2.657e+02 1.977e+02
|        ( - -2.757e+04 1 0)
|        ( - -1.366e+04 1 0)))
s>    ( WDBNDRY_E 0 -1.382e+05 1.525e+03 6.349e+02
s>        ( QUESTION0_4_R 1 -9.518e+04 8.124e+02 4.372e+02
s>            ( - -2.051e+04 1 0)
s>            ( SILENCE 1 -7.386e+04 4.822e+02 3.393e+02
s>                ( - 2.421e+02 1 0)
s>                ( QUESTION0_1_R 1 -7.362e+04 4.383e+02 3.383e+02
s>                    ( QUESTION10 1 -2.413e+04 2.683e+02 1.122e+02
s>                        ( - -3.399e+03 1 0)
s>                        ( - -2.046e+04 2 0))
s>                    ( QUESTION11 1 -4.905e+04 3.460e+02 2.261e+02
s>                        ( - -2.569e+04 2 0 QUESTION0_9_R 1 1.414e+02 1.207e+02)
s>                        ( - -2.301e+04 4 0 QUESTION0_0_R 1 2.337e+02 1.054e+02)))))
s>        ( SILENCE 1 -4.150e+04 2.657e+02 1.977e+02
s>            ( - -2.757e+04 1 0)
s>            ( - -1.366e+04 1 0)))INFO: dtree.c(1478): Final simple tree
|( QUESTION11 -1 -1.668e+05 1.999e+03 7.244e+02
|    ( QUESTION0_9_R 1 -9.705e+04 6.205e+02 4.291e+02
|        ( - -1.251e+04 1 0)
|        ( QUESTION0_0_R 1 -8.392e+04 4.036e+02 3.709e+02
|            ( WDBNDRY_I 0 -1.516e+04 3.104e+02 6.622e+01
|                ( - -9.509e+03 2 0 QUESTION0_1_R 1 1.166e+02 4.256e+01)
|                ( - -5.340e+03 2 0 WDBNDRY_B 0 1.641e+02 2.366e+01))
|            ( QUESTION16 -1 -6.836e+04 4.174e+02 3.046e+02
|                ( - -1.654e+03 1 0)
|                ( - -6.629e+04 1 0))))
|    ( QUESTION0_2_R 1 -6.770e+04 3.657e+02 2.952e+02
|        ( - -3.644e+04 1 0)
|        ( WDBNDRY_E 0 -3.090e+04 2.653e+02 1.362e+02
|            ( - -2.439e+03 1 0)
|            ( - -2.820e+04 4 0 QUESTION0_0_R 1 2.310e+02 1.242e+02))))
s>    ( QUESTION11 -1 -1.668e+05 1.999e+03 7.244e+02
s>        ( QUESTION0_9_R 1 -9.705e+04 6.205e+02 4.291e+02
s>            ( - -1.251e+04 1 0)
s>            ( QUESTION0_0_R 1 -8.392e+04 4.036e+02 3.709e+02
s>                ( WDBNDRY_I 0 -1.516e+04 3.104e+02 6.622e+01
s>                    ( - -9.509e+03 2 0 QUESTION0_1_R 1 1.166e+02 4.256e+01)
s>                    ( - -5.340e+03 2 0 WDBNDRY_B 0 1.641e+02 2.366e+01))
s>                ( QUESTION16 -1 -6.836e+04 4.174e+02 3.046e+02
s>                    ( - -1.654e+03 1 0)
s>                    ( - -6.629e+04 1 0))))
s>        ( QUESTION0_2_R 1 -6.770e+04 3.657e+02 2.952e+02
s>            ( - -3.644e+04 1 0)
s>            ( WDBNDRY_E 0 -3.090e+04 2.653e+02 1.362e+02
s>                ( - -2.439e+03 1 0)
s>                ( - -2.820e+04 4 0 QUESTION0_0_R 1 2.310e+02 1.242e+02))))INFO: dtree.c(1315): Comp split 9
INFO: dtree.c(1439): stop. leaf nodes are specific
INFO: dtree.c(1478): Final simple tree
|( QUESTION10 -1 -1.159e+05 1.328e+03 5.186e+02
|    ( - -3.476e+04 1 0)
|    ( QUESTION0 -1 -7.985e+04 8.754e+02 3.635e+02
|        ( QUESTION0_9_R 1 -4.165e+04 3.341e+02 1.869e+02
|            ( - -9.130e+03 1 0)
|            ( - -3.219e+04 2 0))
|        ( - -3.732e+04 1 0)))
s>    ( QUESTION10 -1 -1.159e+05 1.328e+03 5.186e+02
s>        ( - -3.476e+04 1 0)
s>        ( QUESTION0 -1 -7.985e+04 8.754e+02 3.635e+02
s>            ( QUESTION0_9_R 1 -4.165e+04 3.341e+02 1.869e+02
s>                ( - -9.130e+03 1 0)
s>                ( - -3.219e+04 2 0))
s>            ( - -3.732e+04 1 0)))INFO: dtree.c(1439): stop. leaf nodes are specific
INFO: dtree.c(1478): Final simple tree
|( QUESTION0_1_R 1 -1.046e+05 5.181e+02 5.254e+02
|    ( - -7.052e+04 1 0)
|    ( SILENCE 1 -3.354e+04 2.780e+02 1.635e+02
|        ( - -2.820e+04 1 0)
|        ( - -5.054e+03 1 0)))
s>    ( QUESTION0_1_R 1 -1.046e+05 5.181e+02 5.254e+02
s>        ( - -7.052e+04 1 0)
s>        ( SILENCE 1 -3.354e+04 2.780e+02 1.635e+02
s>            ( - -2.820e+04 1 0)
s>            ( - -5.054e+03 1 0)))INFO: dtree.c(1315): Comp split 10
INFO: dtree.c(1439): stop. leaf nodes are specific
INFO: dtree.c(1478): Final simple tree
|( WDBNDRY_E 0 -1.541e+05 7.286e+02 6.825e+02
|    ( - -9.127e+03 1 0)
|    ( QUESTION10 -1 -1.443e+05 7.176e+02 6.353e+02
|        ( QUESTION0_0_R 1 -7.261e+04 4.364e+02 3.222e+02
|            ( - -1.066e+04 1 0)
|            ( - -6.151e+04 1 0))
|        ( - -7.096e+04 3 0)))
s>    ( WDBNDRY_E 0 -1.541e+05 7.286e+02 6.825e+02
s>        ( - -9.127e+03 1 0)
s>        ( QUESTION10 -1 -1.443e+05 7.176e+02 6.353e+02
s>            ( QUESTION0_0_R 1 -7.261e+04 4.364e+02 3.222e+02
s>                ( - -1.066e+04 1 0)
s>                ( - -6.151e+04 1 0))
s>            ( - -7.096e+04 3 0)))INFO: dtree.c(1439): stop. leaf nodes are specific
INFO: dtree.c(1478): Final simple tree
|( WDBNDRY_E 0 -1.919e+05 3.179e+02 8.477e+02
|    ( - -4.238e+03 1 0)
|    ( QUESTION2_7_L -1 -1.874e+05 3.165e+02 8.269e+02
|        ( - -1.108e+04 2 0)
|        ( QUESTION13 -1 -1.760e+05 2.752e+02 7.767e+02
|            ( - -4.663e+03 1 0)
|            ( QUESTION2_6_L -1 -1.710e+05 2.441e+02 7.540e+02
|                ( - -5.705e+03 1 0)
|                ( WDBNDRY_S 0 -1.651e+05 1.442e+02 7.290e+02
|                    ( - -1.667e+03 1 0)
|                    ( - -1.633e+05 4 0))))))
s>    ( WDBNDRY_E 0 -1.919e+05 3.179e+02 8.477e+02
s>        ( - -4.238e+03 1 0)
s>        ( QUESTION2_7_L -1 -1.874e+05 3.165e+02 8.269e+02
s>            ( - -1.108e+04 2 0)
s>            ( QUESTION13 -1 -1.760e+05 2.752e+02 7.767e+02
s>                ( - -4.663e+03 1 0)
s>                ( QUESTION2_6_L -1 -1.710e+05 2.441e+02 7.540e+02
s>                    ( - -5.705e+03 1 0)
s>                    ( WDBNDRY_S 0 -1.651e+05 1.442e+02 7.290e+02
s>                        ( - -1.667e+03 1 0)
s>                        ( - -1.633e+05 4 0))))))INFO: dtree.c(1315): Comp split 11
INFO: dtree.c(1315): Comp split 12
INFO: dtree.c(1439): stop. leaf nodes are specific
INFO: dtree.c(1478): Final simple tree
|( QUESTION0_9_R 1 -9.705e+04 6.205e+02 4.291e+02
|    ( - -1.251e+04 1 0)
|    ( QUESTION0_0_R 1 -8.392e+04 4.036e+02 3.709e+02
|        ( WDBNDRY_I 0 -1.516e+04 3.104e+02 6.622e+01
|            ( QUESTION0_1_R 1 -9.509e+03 1.166e+02 4.256e+01
|                ( - -8.749e+03 1 0)
|                ( - -6.440e+02 1 0))
|            ( WDBNDRY_B 0 -5.340e+03 1.641e+02 2.366e+01
|                ( - -5.250e+02 1 0)
|                ( - -4.651e+03 1 0)))
|        ( QUESTION16 -1 -6.836e+04 4.174e+02 3.046e+02
|            ( - -1.654e+03 1 0)
|            ( - -6.629e+04 1 0))))
s>    ( QUESTION0_9_R 1 -9.705e+04 6.205e+02 4.291e+02
s>        ( - -1.251e+04 1 0)
s>        ( QUESTION0_0_R 1 -8.392e+04 4.036e+02 3.709e+02
s>            ( WDBNDRY_I 0 -1.516e+04 3.104e+02 6.622e+01
s>                ( QUESTION0_1_R 1 -9.509e+03 1.166e+02 4.256e+01
s>                    ( - -8.749e+03 1 0)
s>                    ( - -6.440e+02 1 0))
s>                ( WDBNDRY_B 0 -5.340e+03 1.641e+02 2.366e+01
s>                    ( - -5.250e+02 1 0)
s>                    ( - -4.651e+03 1 0)))
s>            ( QUESTION16 -1 -6.836e+04 4.174e+02 3.046e+02
s>                ( - -1.654e+03 1 0)
s>                ( - -6.629e+04 1 0))))INFO: dtree.c(1439): stop. leaf nodes are specific
INFO: dtree.c(1478): Final simple tree
|( QUESTION0_2_R 1 -6.770e+04 3.657e+02 2.952e+02
|    ( - -3.644e+04 1 0)
|    ( WDBNDRY_E 0 -3.090e+04 2.653e+02 1.362e+02
|        ( - -2.439e+03 1 0)
|        ( QUESTION0_0_R 1 -2.820e+04 2.310e+02 1.242e+02
|            ( - -5.309e+02 1 0)
|            ( WDBNDRY_B 0 -2.744e+04 2.370e+02 1.212e+02
|                ( - -1.211e+03 1 0)
|                ( QUESTION0_9_R 1 -2.599e+04 1.743e+02 1.152e+02
|                    ( - -2.320e+04 1 0)
|                    ( - -2.616e+03 1 0))))))
s>    ( QUESTION0_2_R 1 -6.770e+04 3.657e+02 2.952e+02
s>        ( - -3.644e+04 1 0)
s>        ( WDBNDRY_E 0 -3.090e+04 2.653e+02 1.362e+02
s>            ( - -2.439e+03 1 0)
s>            ( QUESTION0_0_R 1 -2.820e+04 2.310e+02 1.242e+02
s>                ( - -5.309e+02 1 0)
s>                ( WDBNDRY_B 0 -2.744e+04 2.370e+02 1.212e+02
s>                    ( - -1.211e+03 1 0)
s>                    ( QUESTION0_9_R 1 -2.599e+04 1.743e+02 1.152e+02
s>                        ( - -2.320e+04 1 0)
s>                        ( - -2.616e+03 1 0))))))INFO: dtree.c(1315): Comp split 13
INFO: dtree.c(1439): stop. leaf nodes are specific
INFO: dtree.c(1478): Final simple tree
|( QUESTION11 -1 -2.313e+05 8.418e+02 1.074e+03
|    ( WDBNDRY_E 0 -1.223e+05 2.618e+02 5.689e+02
|        ( - -7.639e+02 1 0)
|        ( - -1.213e+05 2 0))
|    ( QUESTION0_0_R 1 -1.081e+05 3.355e+02 5.054e+02
|        ( - -5.343e+03 1 0)
|        ( QUESTION0 -1 -1.024e+05 2.964e+02 4.801e+02
|            ( - -1.768e+03 1 0)
|            ( - -1.004e+05 3 0))))
s>    ( QUESTION11 -1 -2.313e+05 8.418e+02 1.074e+03
s>        ( WDBNDRY_E 0 -1.223e+05 2.618e+02 5.689e+02
s>            ( - -7.639e+02 1 0)
s>            ( - -1.213e+05 2 0))
s>        ( QUESTION0_0_R 1 -1.081e+05 3.355e+02 5.054e+02
s>            ( - -5.343e+03 1 0)
s>            ( QUESTION0 -1 -1.024e+05 2.964e+02 4.801e+02
s>                ( - -1.768e+03 1 0)
s>                ( - -1.004e+05 3 0))))INFO: dtree.c(1439): stop. leaf nodes are specific
INFO: dtree.c(1478): Final simple tree
|( WDBNDRY_I 0 -2.469e+05 1.486e+03 1.219e+03
|    ( QUESTION0_10_R 1 -1.319e+05 3.863e+02 6.701e+02
|        ( - -9.775e+03 1 0)
|        ( - -1.217e+05 1 0))
|    ( QUESTION0 -1 -1.135e+05 3.059e+02 5.485e+02
|        ( - -1.019e+04 1 0)
|        ( SILENCE -1 -1.030e+05 2.902e+02 4.987e+02
|            ( - -1.461e+03 1 0)
|            ( QUESTION0_0_R 1 -1.012e+05 2.441e+02 4.907e+02
|                ( - -6.316e+03 2 0)
|                ( WDBNDRY_B 0 -9.468e+04 2.788e+02 4.585e+02
|                    ( - -9.105e+04 1 0)
|                    ( - -3.350e+03 1 0))))))
s>    ( WDBNDRY_I 0 -2.469e+05 1.486e+03 1.219e+03
s>        ( QUESTION0_10_R 1 -1.319e+05 3.863e+02 6.701e+02
s>            ( - -9.775e+03 1 0)
s>            ( - -1.217e+05 1 0))
s>        ( QUESTION0 -1 -1.135e+05 3.059e+02 5.485e+02
s>            ( - -1.019e+04 1 0)
s>            ( SILENCE -1 -1.030e+05 2.902e+02 4.987e+02
s>                ( - -1.461e+03 1 0)
s>                ( QUESTION0_0_R 1 -1.012e+05 2.441e+02 4.907e+02
s>                    ( - -6.316e+03 2 0)
s>                    ( WDBNDRY_B 0 -9.468e+04 2.788e+02 4.585e+02
s>                        ( - -9.105e+04 1 0)
s>                        ( - -3.350e+03 1 0))))))INFO: dtree.c(1315): Comp split 14
INFO: dtree.c(1439): stop. leaf nodes are specific
INFO: dtree.c(1478): Final simple tree
|( SILENCE 1 -1.553e+05 8.327e+02 6.726e+02
|    ( - -2.571e+03 1 0)
|    ( WDBNDRY_E 0 -1.519e+05 2.032e+02 6.575e+02
|        ( - -7.635e+02 1 0)
|        ( - -1.510e+05 3 0)))
s>    ( SILENCE 1 -1.553e+05 8.327e+02 6.726e+02
s>        ( - -2.571e+03 1 0)
s>        ( WDBNDRY_E 0 -1.519e+05 2.032e+02 6.575e+02
s>            ( - -7.635e+02 1 0)
s>            ( - -1.510e+05 3 0)))INFO: dtree.c(1478): Final simple tree
|( QUESTION2_8_L -1 -3.519e+05 1.576e+03 1.484e+03
|    ( - -4.791e+04 3 0 QUESTION0_0_R 1 5.452e+02 2.098e+02)
|    ( QUESTION2_1_L -1 -3.024e+05 1.409e+03 1.274e+03
|        ( QUESTION11 -1 -1.612e+05 9.263e+02 6.812e+02
|            ( - -3.061e+04 3 0 QUESTION0_2_R 1 3.710e+02 1.382e+02)
|            ( QUESTION0_9_R 1 -1.297e+05 7.517e+02 5.430e+02
|                ( - -2.364e+04 5 0 QUESTION2 -1 2.294e+02 1.035e+02)
|                ( - -1.053e+05 7 0 QUESTION3 -1 3.399e+02 4.394e+02)))
|        ( WDBNDRY_B 0 -1.397e+05 1.034e+03 5.928e+02
|            ( SILENCE -1 -5.934e+04 6.777e+02 2.511e+02
|                ( - -1.443e+04 1 0)
|                ( - -4.423e+04 12 0 QUESTION2_0_L -1 5.051e+02 1.875e+02))
|            ( QUESTION0 -1 -7.936e+04 7.949e+02 3.417e+02
|                ( - -5.315e+04 5 0 QUESTION0_0_R 1 5.965e+02 2.298e+02)
|                ( - -2.541e+04 4 0 QUESTION12 -1 2.887e+02 1.118e+02)))))
s>    ( QUESTION2_8_L -1 -3.519e+05 1.576e+03 1.484e+03
s>        ( - -4.791e+04 3 0 QUESTION0_0_R 1 5.452e+02 2.098e+02)
s>        ( QUESTION2_1_L -1 -3.024e+05 1.409e+03 1.274e+03
s>            ( QUESTION11 -1 -1.612e+05 9.263e+02 6.812e+02
s>                ( - -3.061e+04 3 0 QUESTION0_2_R 1 3.710e+02 1.382e+02)
s>                ( QUESTION0_9_R 1 -1.297e+05 7.517e+02 5.430e+02
s>                    ( - -2.364e+04 5 0 QUESTION2 -1 2.294e+02 1.035e+02)
s>                    ( - -1.053e+05 7 0 QUESTION3 -1 3.399e+02 4.394e+02)))
s>            ( WDBNDRY_B 0 -1.397e+05 1.034e+03 5.928e+02
s>                ( SILENCE -1 -5.934e+04 6.777e+02 2.511e+02
s>                    ( - -1.443e+04 1 0)
s>                    ( - -4.423e+04 12 0 QUESTION2_0_L -1 5.051e+02 1.875e+02))
s>                ( QUESTION0 -1 -7.936e+04 7.949e+02 3.417e+02
s>                    ( - -5.315e+04 5 0 QUESTION0_0_R 1 5.965e+02 2.298e+02)
s>                    ( - -2.541e+04 4 0 QUESTION12 -1 2.887e+02 1.118e+02)))))INFO: dtree.c(1315): Comp split 15
INFO: dtree.c(1478): Final simple tree
|( QUESTION9 -1 -8.738e+04 7.926e+02 3.770e+02
|    ( QUESTION2_6_L -1 -7.050e+04 5.974e+02 3.063e+02
|        ( QUESTION0_0_R 1 -4.791e+04 5.452e+02 2.098e+02
|            ( - -1.759e+04 1 0)
|            ( WDBNDRY_B 0 -2.978e+04 2.297e+02 1.297e+02
|                ( - -2.933e+04 1 0)
|                ( - -2.219e+02 1 0)))
|        ( WDBNDRY_B 0 -2.199e+04 1.571e+02 9.653e+01
|            ( - -8.013e+02 1 0)
|            ( - -2.103e+04 2 0)))
|    ( WDBNDRY_B 0 -1.608e+04 2.268e+02 7.062e+01
|        ( - -1.443e+04 1 0)
|        ( QUESTION3 -1 -1.423e+03 1.515e+02 7.000e+00
|            ( - -2.774e+02 1 0)
|            ( - -9.938e+02 1 0))))
s>    ( QUESTION9 -1 -8.738e+04 7.926e+02 3.770e+02
s>        ( QUESTION2_6_L -1 -7.050e+04 5.974e+02 3.063e+02
s>            ( QUESTION0_0_R 1 -4.791e+04 5.452e+02 2.098e+02
s>                ( - -1.759e+04 1 0)
s>                ( WDBNDRY_B 0 -2.978e+04 2.297e+02 1.297e+02
s>                    ( - -2.933e+04 1 0)
s>                    ( - -2.219e+02 1 0)))
s>            ( WDBNDRY_B 0 -2.199e+04 1.571e+02 9.653e+01
s>                ( - -8.013e+02 1 0)
s>                ( - -2.103e+04 2 0)))
s>        ( WDBNDRY_B 0 -1.608e+04 2.268e+02 7.062e+01
s>            ( - -1.443e+04 1 0)
s>            ( QUESTION3 -1 -1.423e+03 1.515e+02 7.000e+00
s>                ( - -2.774e+02 1 0)
s>                ( - -9.938e+02 1 0))))INFO: dtree.c(1478): Final simple tree
|( QUESTION2_1_L -1 -2.627e+05 1.372e+03 1.107e+03
|    ( QUESTION11 -1 -1.369e+05 9.739e+02 5.776e+02
|        ( - -3.061e+04 3 0 QUESTION0_2_R 1 3.710e+02 1.382e+02)
|        ( - -1.053e+05 7 0 QUESTION3 -1 3.399e+02 4.394e+02))
|    ( QUESTION0 -1 -1.244e+05 8.748e+02 5.291e+02
|        ( QUESTION0_1_R 1 -7.207e+04 6.648e+02 3.079e+02
|            ( - -3.786e+04 4 0 QUESTION2_0_L -1 2.271e+02 1.657e+02)
|            ( WDBNDRY_B 0 -3.354e+04 5.465e+02 1.421e+02
|                ( - -1.651e+04 4 0 QUESTION2_0_L -1 3.419e+02 7.093e+01)
|                ( - -1.649e+04 2 0 QUESTION2_0_L -1 2.412e+02 7.120e+01)))
|        ( QUESTION0_5_R 1 -5.147e+04 5.938e+02 2.213e+02
|            ( - -1.044e+04 3 0 QUESTION14 -1 3.025e+02 4.790e+01)
|            ( WDBNDRY_B 0 -4.043e+04 4.063e+02 1.734e+02
|                ( - -1.461e+04 4 0 QUESTION12 -1 2.530e+02 6.157e+01)
|                ( - -2.541e+04 4 0 QUESTION12 -1 2.887e+02 1.118e+02)))))
s>    ( QUESTION2_1_L -1 -2.627e+05 1.372e+03 1.107e+03
s>        ( QUESTION11 -1 -1.369e+05 9.739e+02 5.776e+02
s>            ( - -3.061e+04 3 0 QUESTION0_2_R 1 3.710e+02 1.382e+02)
s>            ( - -1.053e+05 7 0 QUESTION3 -1 3.399e+02 4.394e+02))
s>        ( QUESTION0 -1 -1.244e+05 8.748e+02 5.291e+02
s>            ( QUESTION0_1_R 1 -7.207e+04 6.648e+02 3.079e+02
s>                ( - -3.786e+04 4 0 QUESTION2_0_L -1 2.271e+02 1.657e+02)
s>                ( WDBNDRY_B 0 -3.354e+04 5.465e+02 1.421e+02
s>                    ( - -1.651e+04 4 0 QUESTION2_0_L -1 3.419e+02 7.093e+01)
s>                    ( - -1.649e+04 2 0 QUESTION2_0_L -1 2.412e+02 7.120e+01)))
s>            ( QUESTION0_5_R 1 -5.147e+04 5.938e+02 2.213e+02
s>                ( - -1.044e+04 3 0 QUESTION14 -1 3.025e+02 4.790e+01)
s>                ( WDBNDRY_B 0 -4.043e+04 4.063e+02 1.734e+02
s>                    ( - -1.461e+04 4 0 QUESTION12 -1 2.530e+02 6.157e+01)
s>                    ( - -2.541e+04 4 0 QUESTION12 -1 2.887e+02 1.118e+02)))))INFO: dtree.c(1315): Comp split 16
INFO: dtree.c(1439): stop. leaf nodes are specific
INFO: dtree.c(1478): Final simple tree
|( QUESTION11 -1 -1.164e+05 6.518e+02 4.873e+02
|    ( QUESTION14 -1 -1.044e+04 3.025e+02 4.790e+01
|        ( - -2.223e+03 1 0)
|        ( QUESTION12 -1 -7.920e+03 2.691e+02 3.690e+01
|            ( - -4.743e+03 1 0)
|            ( - -2.908e+03 1 0)))
|    ( QUESTION3 -1 -1.053e+05 3.399e+02 4.394e+02
|        ( WDBNDRY_B 0 -8.648e+03 2.635e+02 3.599e+01
|            ( - -1.761e+03 1 0)
|            ( - -6.624e+03 1 0))
|        ( QUESTION2 -1 -9.631e+04 3.322e+02 4.034e+02
|            ( - -7.302e+03 1 0)
|            ( - -8.868e+04 4 0))))
s>    ( QUESTION11 -1 -1.164e+05 6.518e+02 4.873e+02
s>        ( QUESTION14 -1 -1.044e+04 3.025e+02 4.790e+01
s>            ( - -2.223e+03 1 0)
s>            ( QUESTION12 -1 -7.920e+03 2.691e+02 3.690e+01
s>                ( - -4.743e+03 1 0)
s>                ( - -2.908e+03 1 0)))
s>        ( QUESTION3 -1 -1.053e+05 3.399e+02 4.394e+02
s>            ( WDBNDRY_B 0 -8.648e+03 2.635e+02 3.599e+01
s>                ( - -1.761e+03 1 0)
s>                ( - -6.624e+03 1 0))
s>            ( QUESTION2 -1 -9.631e+04 3.322e+02 4.034e+02
s>                ( - -7.302e+03 1 0)
s>                ( - -8.868e+04 4 0))))INFO: dtree.c(1478): Final simple tree
|( QUESTION2_1_L -1 -1.447e+05 7.585e+02 6.195e+02
|    ( QUESTION0_2_R 1 -3.061e+04 3.710e+02 1.382e+02
|        ( - -4.311e+03 1 0)
|        ( - -2.593e+04 2 0 QUESTION0_0_R 1 2.107e+02 1.193e+02))
|    ( QUESTION9 -1 -1.133e+05 8.169e+02 4.813e+02
|        ( WDBNDRY_B 0 -3.866e+04 4.023e+02 1.664e+02
|            ( - -1.461e+04 4 0 QUESTION12 -1 2.530e+02 6.157e+01)
|            ( - -2.365e+04 3 0 QUESTION0_0_R 1 2.490e+02 1.048e+02))
|        ( QUESTION2_0_L -1 -7.384e+04 6.590e+02 3.149e+02
|            ( - -1.344e+04 5 0 WDBNDRY_B 0 2.183e+02 5.833e+01)
|            ( QUESTION0_0_R 1 -5.974e+04 5.018e+02 2.565e+02
|                ( - -3.752e+04 4 0 QUESTION0 -1 2.872e+02 1.637e+02)
|                ( WDBNDRY_B 0 -2.172e+04 4.564e+02 9.280e+01
|                    ( - -6.373e+03 1 0)
|                    ( - -1.489e+04 1 0))))))
s>    ( QUESTION2_1_L -1 -1.447e+05 7.585e+02 6.195e+02
s>        ( QUESTION0_2_R 1 -3.061e+04 3.710e+02 1.382e+02
s>            ( - -4.311e+03 1 0)
s>            ( - -2.593e+04 2 0 QUESTION0_0_R 1 2.107e+02 1.193e+02))
s>        ( QUESTION9 -1 -1.133e+05 8.169e+02 4.813e+02
s>            ( WDBNDRY_B 0 -3.866e+04 4.023e+02 1.664e+02
s>                ( - -1.461e+04 4 0 QUESTION12 -1 2.530e+02 6.157e+01)
s>                ( - -2.365e+04 3 0 QUESTION0_0_R 1 2.490e+02 1.048e+02))
s>            ( QUESTION2_0_L -1 -7.384e+04 6.590e+02 3.149e+02
s>                ( - -1.344e+04 5 0 WDBNDRY_B 0 2.183e+02 5.833e+01)
s>                ( QUESTION0_0_R 1 -5.974e+04 5.018e+02 2.565e+02
s>                    ( - -3.752e+04 4 0 QUESTION0 -1 2.872e+02 1.637e+02)
s>                    ( WDBNDRY_B 0 -2.172e+04 4.564e+02 9.280e+01
s>                        ( - -6.373e+03 1 0)
s>                        ( - -1.489e+04 1 0))))))INFO: dtree.c(1315): Comp split 17
INFO: dtree.c(1439): stop. leaf nodes are specific
INFO: dtree.c(1478): Final simple tree
|( QUESTION0_4_R 1 -9.495e+04 8.188e+02 4.362e+02
|    ( - -2.051e+04 1 0)
|    ( QUESTION0_1_R 1 -7.362e+04 4.383e+02 3.383e+02
|        ( QUESTION10 1 -2.413e+04 2.683e+02 1.122e+02
|            ( - -3.399e+03 1 0)
|            ( - -2.046e+04 2 0))
|        ( QUESTION11 1 -4.905e+04 3.460e+02 2.261e+02
|            ( QUESTION0_9_R 1 -2.569e+04 1.414e+02 1.207e+02
|                ( - -1.614e+04 1 0)
|                ( - -9.408e+03 1 0))
|            ( QUESTION0_0_R 1 -2.301e+04 2.337e+02 1.054e+02
|                ( - -1.731e+04 2 0)
|                ( - -5.465e+03 2 0)))))
s>    ( QUESTION0_4_R 1 -9.495e+04 8.188e+02 4.362e+02
s>        ( - -2.051e+04 1 0)
s>        ( QUESTION0_1_R 1 -7.362e+04 4.383e+02 3.383e+02
s>            ( QUESTION10 1 -2.413e+04 2.683e+02 1.122e+02
s>                ( - -3.399e+03 1 0)
s>                ( - -2.046e+04 2 0))
s>            ( QUESTION11 1 -4.905e+04 3.460e+02 2.261e+02
s>                ( QUESTION0_9_R 1 -2.569e+04 1.414e+02 1.207e+02
s>                    ( - -1.614e+04 1 0)
s>                    ( - -9.408e+03 1 0))
s>                ( QUESTION0_0_R 1 -2.301e+04 2.337e+02 1.054e+02
s>                    ( - -1.731e+04 2 0)
s>                    ( - -5.465e+03 2 0)))))INFO: dtree.c(1439): stop. leaf nodes are specific
INFO: dtree.c(1478): Final simple tree
|( WDBNDRY_E 0 -4.173e+04 4.680e+02 1.987e+02
|    ( - 2.421e+02 1 0)
|    ( SILENCE 1 -4.150e+04 2.657e+02 1.977e+02
|        ( - -2.757e+04 1 0)
|        ( - -1.366e+04 1 0)))
s>    ( WDBNDRY_E 0 -4.173e+04 4.680e+02 1.987e+02
s>        ( - 2.421e+02 1 0)
s>        ( SILENCE 1 -4.150e+04 2.657e+02 1.977e+02
s>            ( - -2.757e+04 1 0)
s>            ( - -1.366e+04 1 0)))INFO: dtree.c(1315): Comp split 18
INFO: dtree.c(1439): stop. leaf nodes are specific
INFO: dtree.c(1478): Final simple tree
|( QUESTION0 -1 -1.135e+05 3.059e+02 5.485e+02
|    ( - -1.019e+04 1 0)
|    ( SILENCE -1 -1.030e+05 2.902e+02 4.987e+02
|        ( - -1.461e+03 1 0)
|        ( QUESTION0_0_R 1 -1.012e+05 2.441e+02 4.907e+02
|            ( - -6.316e+03 2 0)
|            ( WDBNDRY_B 0 -9.468e+04 2.788e+02 4.585e+02
|                ( - -9.105e+04 1 0)
|                ( - -3.350e+03 1 0)))))
s>    ( QUESTION0 -1 -1.135e+05 3.059e+02 5.485e+02
s>        ( - -1.019e+04 1 0)
s>        ( SILENCE -1 -1.030e+05 2.902e+02 4.987e+02
s>            ( - -1.461e+03 1 0)
s>            ( QUESTION0_0_R 1 -1.012e+05 2.441e+02 4.907e+02
s>                ( - -6.316e+03 2 0)
s>                ( WDBNDRY_B 0 -9.468e+04 2.788e+02 4.585e+02
s>                    ( - -9.105e+04 1 0)
s>                    ( - -3.350e+03 1 0)))))INFO: dtree.c(1439): stop. leaf nodes are specific
INFO: dtree.c(1478): Final simple tree
|( QUESTION0_10_R 1 -1.319e+05 3.863e+02 6.701e+02
|    ( - -9.775e+03 1 0)
|    ( - -1.217e+05 1 0))
s>    ( QUESTION0_10_R 1 -1.319e+05 3.863e+02 6.701e+02
s>        ( - -9.775e+03 1 0)
s>        ( - -1.217e+05 1 0))INFO: dtree.c(1315): Comp split 19
INFO: dtree.c(1439): stop. leaf nodes are specific
INFO: dtree.c(1478): Final simple tree
|( QUESTION0 -1 -7.985e+04 8.754e+02 3.635e+02
|    ( QUESTION0_9_R 1 -4.165e+04 3.341e+02 1.869e+02
|        ( - -9.130e+03 1 0)
|        ( - -3.219e+04 2 0))
|    ( - -3.732e+04 1 0))
s>    ( QUESTION0 -1 -7.985e+04 8.754e+02 3.635e+02
s>        ( QUESTION0_9_R 1 -4.165e+04 3.341e+02 1.869e+02
s>            ( - -9.130e+03 1 0)
s>            ( - -3.219e+04 2 0))
s>        ( - -3.732e+04 1 0))INFO: dtree.c(1315): Comp split 20
INFO: dtree.c(1439): stop. leaf nodes are specific
INFO: dtree.c(1478): Final simple tree
|( QUESTION2 -1 -7.533e+03 2.445e+02 3.234e+01
|    ( - -2.970e+03 1 0)
|    ( QUESTION10 -1 -4.319e+03 1.948e+02 1.834e+01
|        ( - -2.826e+03 2 0)
|        ( - -1.297e+03 1 0)))
s>    ( QUESTION2 -1 -7.533e+03 2.445e+02 3.234e+01
s>        ( - -2.970e+03 1 0)
s>        ( QUESTION10 -1 -4.319e+03 1.948e+02 1.834e+01
s>            ( - -2.826e+03 2 0)
s>            ( - -1.297e+03 1 0)))INFO: dtree.c(1315): Comp split 21
INFO: dtree.c(1439): stop. leaf nodes are specific
INFO: dtree.c(1478): Final simple tree
|( QUESTION9 -1 -7.971e+04 7.673e+02 3.483e+02
|    ( QUESTION0_0_R 1 -2.593e+04 2.107e+02 1.193e+02
|        ( - -1.270e+04 1 0)
|        ( - -1.302e+04 1 0))
|    ( QUESTION0_0_R 1 -5.301e+04 6.001e+02 2.289e+02
|        ( QUESTION0 -1 -3.752e+04 2.872e+02 1.637e+02
|            ( WDBNDRY_B 0 -3.573e+04 2.121e+02 1.567e+02
|                ( - -1.598e+03 1 0)
|                ( - -3.392e+04 2 0))
|            ( - -1.501e+03 1 0))
|        ( - -1.489e+04 1 0)))
s>    ( QUESTION9 -1 -7.971e+04 7.673e+02 3.483e+02
s>        ( QUESTION0_0_R 1 -2.593e+04 2.107e+02 1.193e+02
s>            ( - -1.270e+04 1 0)
s>            ( - -1.302e+04 1 0))
s>        ( QUESTION0_0_R 1 -5.301e+04 6.001e+02 2.289e+02
s>            ( QUESTION0 -1 -3.752e+04 2.872e+02 1.637e+02
s>                ( WDBNDRY_B 0 -3.573e+04 2.121e+02 1.567e+02
s>                    ( - -1.598e+03 1 0)
s>                    ( - -3.392e+04 2 0))
s>                ( - -1.501e+03 1 0))
s>            ( - -1.489e+04 1 0)))INFO: dtree.c(1478): Final simple tree
|( QUESTION0 -1 -6.398e+04 6.994e+02 2.712e+02
|    ( QUESTION2_0_L -1 -2.008e+04 2.748e+02 8.593e+01
|        ( - -1.344e+04 5 0 WDBNDRY_B 0 2.183e+02 5.833e+01)
|        ( - -6.373e+03 1 0))
|    ( WDBNDRY_B 0 -4.320e+04 3.837e+02 1.853e+02
|        ( QUESTION12 -1 -1.461e+04 2.530e+02 6.157e+01
|            ( - -6.089e+03 2 0 QUESTION0_9_R 1 1.360e+02 2.581e+01)
|            ( - -8.273e+03 2 0 QUESTION0_0_R 1 1.491e+02 3.575e+01))
|        ( QUESTION0_1_R 1 -2.820e+04 2.565e+02 1.237e+02
|            ( QUESTION12 -1 -1.428e+04 2.462e+02 6.422e+01
|                ( - -1.054e+04 1 0)
|                ( - -3.498e+03 1 0))
|            ( QUESTION0_0_R 1 -1.366e+04 2.328e+02 5.949e+01
|                ( - -4.311e+03 1 0)
|                ( - -9.113e+03 1 0)))))
s>    ( QUESTION0 -1 -6.398e+04 6.994e+02 2.712e+02
s>        ( QUESTION2_0_L -1 -2.008e+04 2.748e+02 8.593e+01
s>            ( - -1.344e+04 5 0 WDBNDRY_B 0 2.183e+02 5.833e+01)
s>            ( - -6.373e+03 1 0))
s>        ( WDBNDRY_B 0 -4.320e+04 3.837e+02 1.853e+02
s>            ( QUESTION12 -1 -1.461e+04 2.530e+02 6.157e+01
s>                ( - -6.089e+03 2 0 QUESTION0_9_R 1 1.360e+02 2.581e+01)
s>                ( - -8.273e+03 2 0 QUESTION0_0_R 1 1.491e+02 3.575e+01))
s>            ( QUESTION0_1_R 1 -2.820e+04 2.565e+02 1.237e+02
s>                ( QUESTION12 -1 -1.428e+04 2.462e+02 6.422e+01
s>                    ( - -1.054e+04 1 0)
s>                    ( - -3.498e+03 1 0))
s>                ( QUESTION0_0_R 1 -1.366e+04 2.328e+02 5.949e+01
s>                    ( - -4.311e+03 1 0)
s>                    ( - -9.113e+03 1 0)))))INFO: dtree.c(1315): Comp split 22
INFO: dtree.c(1315): Comp split 23
INFO: dtree.c(1439): stop. leaf nodes are specific
INFO: dtree.c(1478): Final simple tree
|( WDBNDRY_E 0 -9.171e+04 7.101e+02 4.077e+02
|    ( - -9.127e+03 1 0)
|    ( QUESTION0_0_R 1 -8.187e+04 2.457e+02 3.605e+02
|        ( - -1.066e+04 1 0)
|        ( - -7.096e+04 3 0)))
s>    ( WDBNDRY_E 0 -9.171e+04 7.101e+02 4.077e+02
s>        ( - -9.127e+03 1 0)
s>        ( QUESTION0_0_R 1 -8.187e+04 2.457e+02 3.605e+02
s>            ( - -1.066e+04 1 0)
s>            ( - -7.096e+04 3 0)))INFO: dtree.c(1315): Comp split 24
INFO: dtree.c(1439): stop. leaf nodes are specific
INFO: dtree.c(1478): Final simple tree
|( QUESTION0_9_R 1 -4.165e+04 3.341e+02 1.869e+02
|    ( - -9.130e+03 1 0)
|    ( - -3.219e+04 2 0))
s>    ( QUESTION0_9_R 1 -4.165e+04 3.341e+02 1.869e+02
s>        ( - -9.130e+03 1 0)
s>        ( - -3.219e+04 2 0))INFO: dtree.c(1315): Comp split 25
INFO: dtree.c(1439): stop. leaf nodes are specific
INFO: dtree.c(1478): Final simple tree
|( QUESTION11 1 -6.986e+04 3.925e+02 3.213e+02
|    ( QUESTION0_0_R 1 -4.646e+04 3.014e+02 2.159e+02
|        ( - -2.046e+04 2 0)
|        ( QUESTION0_9_R 1 -2.569e+04 1.414e+02 1.207e+02
|            ( - -1.614e+04 1 0)
|            ( - -9.408e+03 1 0)))
|    ( QUESTION0_0_R 1 -2.301e+04 2.337e+02 1.054e+02
|        ( - -1.731e+04 2 0)
|        ( - -5.465e+03 2 0)))
s>    ( QUESTION11 1 -6.986e+04 3.925e+02 3.213e+02
s>        ( QUESTION0_0_R 1 -4.646e+04 3.014e+02 2.159e+02
s>            ( - -2.046e+04 2 0)
s>            ( QUESTION0_9_R 1 -2.569e+04 1.414e+02 1.207e+02
s>                ( - -1.614e+04 1 0)
s>                ( - -9.408e+03 1 0)))
s>        ( QUESTION0_0_R 1 -2.301e+04 2.337e+02 1.054e+02
s>            ( - -1.731e+04 2 0)
s>            ( - -5.465e+03 2 0)))INFO: dtree.c(1439): stop. leaf nodes are specific
INFO: dtree.c(1478): Final simple tree
|( QUESTION0_1_R 1 -2.421e+04 3.029e+02 1.149e+02
|    ( - -3.399e+03 1 0)
|    ( - -2.051e+04 1 0))
s>    ( QUESTION0_1_R 1 -2.421e+04 3.029e+02 1.149e+02
s>        ( - -3.399e+03 1 0)
s>        ( - -2.051e+04 1 0))INFO: dtree.c(1315): Comp split 26
INFO: dtree.c(1439): stop. leaf nodes are specific
INFO: dtree.c(1478): Final simple tree
|( QUESTION0_0_R 1 -1.091e+05 3.309e+02 5.094e+02
|    ( - -5.343e+03 1 0)
|    ( QUESTION0 -1 -1.035e+05 2.968e+02 4.841e+02
|        ( - -1.768e+03 1 0)
|        ( WDBNDRY_E 0 -1.014e+05 2.527e+02 4.751e+02
|            ( - -7.639e+02 1 0)
|            ( - -1.004e+05 3 0))))
s>    ( QUESTION0_0_R 1 -1.091e+05 3.309e+02 5.094e+02
s>        ( - -5.343e+03 1 0)
s>        ( QUESTION0 -1 -1.035e+05 2.968e+02 4.841e+02
s>            ( - -1.768e+03 1 0)
s>            ( WDBNDRY_E 0 -1.014e+05 2.527e+02 4.751e+02
s>                ( - -7.639e+02 1 0)
s>                ( - -1.004e+05 3 0))))INFO: dtree.c(1315): Comp split 27
INFO: dtree.c(1439): stop. leaf nodes are specific
INFO: dtree.c(1478): Final simple tree
|( WDBNDRY_E 0 -1.519e+05 2.032e+02 6.575e+02
|    ( - -7.635e+02 1 0)
|    ( - -1.510e+05 3 0))
s>    ( WDBNDRY_E 0 -1.519e+05 2.032e+02 6.575e+02
s>        ( - -7.635e+02 1 0)
s>        ( - -1.510e+05 3 0))INFO: dtree.c(1315): Comp split 28
INFO: dtree.c(1439): stop. leaf nodes are specific
INFO: dtree.c(1478): Final simple tree
|( QUESTION2_6_L -1 -7.050e+04 5.974e+02 3.063e+02
|    ( QUESTION0_0_R 1 -4.791e+04 5.452e+02 2.098e+02
|        ( - -1.759e+04 1 0)
|        ( WDBNDRY_B 0 -2.978e+04 2.297e+02 1.297e+02
|            ( - -2.933e+04 1 0)
|            ( - -2.219e+02 1 0)))
|    ( WDBNDRY_B 0 -2.199e+04 1.571e+02 9.653e+01
|        ( - -8.013e+02 1 0)
|        ( - -2.103e+04 2 0)))
s>    ( QUESTION2_6_L -1 -7.050e+04 5.974e+02 3.063e+02
s>        ( QUESTION0_0_R 1 -4.791e+04 5.452e+02 2.098e+02
s>            ( - -1.759e+04 1 0)
s>            ( WDBNDRY_B 0 -2.978e+04 2.297e+02 1.297e+02
s>                ( - -2.933e+04 1 0)
s>                ( - -2.219e+02 1 0)))
s>        ( WDBNDRY_B 0 -2.199e+04 1.571e+02 9.653e+01
s>            ( - -8.013e+02 1 0)
s>            ( - -2.103e+04 2 0)))INFO: dtree.c(1439): stop. leaf nodes are specific
INFO: dtree.c(1478): Final simple tree
|( WDBNDRY_B 0 -1.608e+04 2.268e+02 7.062e+01
|    ( - -1.443e+04 1 0)
|    ( QUESTION3 -1 -1.423e+03 1.515e+02 7.000e+00
|        ( - -2.774e+02 1 0)
|        ( - -9.938e+02 1 0)))
s>    ( WDBNDRY_B 0 -1.608e+04 2.268e+02 7.062e+01
s>        ( - -1.443e+04 1 0)
s>        ( QUESTION3 -1 -1.423e+03 1.515e+02 7.000e+00
s>            ( - -2.774e+02 1 0)
s>            ( - -9.938e+02 1 0)))INFO: dtree.c(1315): Comp split 29
INFO: dtree.c(1439): stop. leaf nodes are specific
INFO: dtree.c(1478): Final simple tree
|( QUESTION0_0_R 1 -5.301e+04 6.001e+02 2.289e+02
|    ( QUESTION0 -1 -3.752e+04 2.872e+02 1.637e+02
|        ( WDBNDRY_B 0 -3.573e+04 2.121e+02 1.567e+02
|            ( - -1.598e+03 1 0)
|            ( - -3.392e+04 2 0))
|        ( - -1.501e+03 1 0))
|    ( - -1.489e+04 1 0))
s>    ( QUESTION0_0_R 1 -5.301e+04 6.001e+02 2.289e+02
s>        ( QUESTION0 -1 -3.752e+04 2.872e+02 1.637e+02
s>            ( WDBNDRY_B 0 -3.573e+04 2.121e+02 1.567e+02
s>                ( - -1.598e+03 1 0)
s>                ( - -3.392e+04 2 0))
s>            ( - -1.501e+03 1 0))
s>        ( - -1.489e+04 1 0))INFO: dtree.c(1439): stop. leaf nodes are specific
INFO: dtree.c(1478): Final simple tree
|( QUESTION0_0_R 1 -2.593e+04 2.107e+02 1.193e+02
|    ( - -1.270e+04 1 0)
|    ( - -1.302e+04 1 0))
s>    ( QUESTION0_0_R 1 -2.593e+04 2.107e+02 1.193e+02
s>        ( - -1.270e+04 1 0)
s>        ( - -1.302e+04 1 0))INFO: dtree.c(1315): Comp split 30
INFO: dtree.c(1439): stop. leaf nodes are specific
INFO: dtree.c(1478): Final simple tree
|( QUESTION0_0_R 1 -8.187e+04 2.457e+02 3.605e+02
|    ( - -1.066e+04 1 0)
|    ( - -7.096e+04 3 0))
s>    ( QUESTION0_0_R 1 -8.187e+04 2.457e+02 3.605e+02
s>        ( - -1.066e+04 1 0)
s>        ( - -7.096e+04 3 0))INFO: dtree.c(1315): Comp split 31
INFO: dtree.c(1478): Final simple tree
|( WDBNDRY_B 0 -4.320e+04 3.837e+02 1.853e+02
|    ( QUESTION12 -1 -1.461e+04 2.530e+02 6.157e+01
|        ( QUESTION0_9_R 1 -6.089e+03 1.360e+02 2.581e+01
|            ( - -5.312e+03 1 0)
|            ( - -6.408e+02 1 0))
|        ( QUESTION0_0_R 1 -8.273e+03 1.491e+02 3.575e+01
|            ( - -3.202e+02 1 0)
|            ( - -7.803e+03 1 0)))
|    ( QUESTION0_1_R 1 -2.820e+04 2.565e+02 1.237e+02
|        ( QUESTION12 -1 -1.428e+04 2.462e+02 6.422e+01
|            ( - -1.054e+04 1 0)
|            ( - -3.498e+03 1 0))
|        ( QUESTION0_0_R 1 -1.366e+04 2.328e+02 5.949e+01
|            ( - -4.311e+03 1 0)
|            ( - -9.113e+03 1 0))))
s>    ( WDBNDRY_B 0 -4.320e+04 3.837e+02 1.853e+02
s>        ( QUESTION12 -1 -1.461e+04 2.530e+02 6.157e+01
s>            ( QUESTION0_9_R 1 -6.089e+03 1.360e+02 2.581e+01
s>                ( - -5.312e+03 1 0)
s>                ( - -6.408e+02 1 0))
s>            ( QUESTION0_0_R 1 -8.273e+03 1.491e+02 3.575e+01
s>                ( - -3.202e+02 1 0)
s>                ( - -7.803e+03 1 0)))
s>        ( QUESTION0_1_R 1 -2.820e+04 2.565e+02 1.237e+02
s>            ( QUESTION12 -1 -1.428e+04 2.462e+02 6.422e+01
s>                ( - -1.054e+04 1 0)
s>                ( - -3.498e+03 1 0))
s>            ( QUESTION0_0_R 1 -1.366e+04 2.328e+02 5.949e+01
s>                ( - -4.311e+03 1 0)
s>                ( - -9.113e+03 1 0))))INFO: dtree.c(1439): stop. leaf nodes are specific
INFO: dtree.c(1478): Final simple tree
|( QUESTION2_0_L -1 -2.008e+04 2.748e+02 8.593e+01
|    ( WDBNDRY_B 0 -1.344e+04 2.183e+02 5.833e+01
|        ( QUESTION0_0_R 1 -9.791e+03 1.370e+02 4.333e+01
|            ( - -7.473e+02 1 0)
|            ( - -8.907e+03 2 0))
|        ( QUESTION0_0_R 1 -3.426e+03 1.669e+02 1.500e+01
|            ( - -1.909e+03 1 0)
|            ( - -1.351e+03 1 0)))
|    ( - -6.373e+03 1 0))
s>    ( QUESTION2_0_L -1 -2.008e+04 2.748e+02 8.593e+01
s>        ( WDBNDRY_B 0 -1.344e+04 2.183e+02 5.833e+01
s>            ( QUESTION0_0_R 1 -9.791e+03 1.370e+02 4.333e+01
s>                ( - -7.473e+02 1 0)
s>                ( - -8.907e+03 2 0))
s>            ( QUESTION0_0_R 1 -3.426e+03 1.669e+02 1.500e+01
s>                ( - -1.909e+03 1 0)
s>                ( - -1.351e+03 1 0)))
s>        ( - -6.373e+03 1 0))INFO: dtree.c(1315): Comp split 32
INFO: dtree.c(1439): stop. leaf nodes are specific
INFO: dtree.c(1478): Final simple tree
|( QUESTION0 -1 -1.844e+04 2.885e+02 7.928e+01
|    ( WDBNDRY_B 0 -1.665e+04 1.547e+02 7.228e+01
|        ( - -1.598e+03 1 0)
|        ( - -1.489e+04 1 0))
|    ( - -1.501e+03 1 0))
s>    ( QUESTION0 -1 -1.844e+04 2.885e+02 7.928e+01
s>        ( WDBNDRY_B 0 -1.665e+04 1.547e+02 7.228e+01
s>            ( - -1.598e+03 1 0)
s>            ( - -1.489e+04 1 0))
s>        ( - -1.501e+03 1 0))INFO: dtree.c(1315): Comp split 33
INFO: dtree.c(1439): stop. leaf nodes are specific
INFO: dtree.c(1478): Final simple tree
|( QUESTION3 -1 -1.053e+05 3.399e+02 4.394e+02
|    ( WDBNDRY_B 0 -8.648e+03 2.635e+02 3.599e+01
|        ( - -1.761e+03 1 0)
|        ( - -6.624e+03 1 0))
|    ( QUESTION2 -1 -9.631e+04 3.322e+02 4.034e+02
|        ( - -7.302e+03 1 0)
|        ( - -8.868e+04 4 0)))
s>    ( QUESTION3 -1 -1.053e+05 3.399e+02 4.394e+02
s>        ( WDBNDRY_B 0 -8.648e+03 2.635e+02 3.599e+01
s>            ( - -1.761e+03 1 0)
s>            ( - -6.624e+03 1 0))
s>        ( QUESTION2 -1 -9.631e+04 3.322e+02 4.034e+02
s>            ( - -7.302e+03 1 0)
s>            ( - -8.868e+04 4 0)))INFO: dtree.c(1439): stop. leaf nodes are specific
INFO: dtree.c(1478): Final simple tree
|( QUESTION14 -1 -1.044e+04 3.025e+02 4.790e+01
|    ( - -2.223e+03 1 0)
|    ( QUESTION12 -1 -7.920e+03 2.691e+02 3.690e+01
|        ( - -4.743e+03 1 0)
|        ( - -2.908e+03 1 0)))
s>    ( QUESTION14 -1 -1.044e+04 3.025e+02 4.790e+01
s>        ( - -2.223e+03 1 0)
s>        ( QUESTION12 -1 -7.920e+03 2.691e+02 3.690e+01
s>            ( - -4.743e+03 1 0)
s>            ( - -2.908e+03 1 0)))INFO: dtree.c(1315): Comp split 34
INFO: dtree.c(1439): stop. leaf nodes are specific
INFO: dtree.c(1478): Final simple tree
|( WDBNDRY_E 0 -1.739e+04 2.314e+02 7.895e+01
|    ( - -4.651e+03 1 0)
|    ( - -1.251e+04 1 0))
s>    ( WDBNDRY_E 0 -1.739e+04 2.314e+02 7.895e+01
s>        ( - -4.651e+03 1 0)
s>        ( - -1.251e+04 1 0))INFO: dtree.c(1439): stop. leaf nodes are specific
INFO: dtree.c(1478): Final simple tree
|( QUESTION0_1_R 1 -7.903e+04 4.715e+02 3.502e+02
|    ( - -8.749e+03 1 0)
|    ( QUESTION16 -1 -6.981e+04 2.727e+02 3.106e+02
|        ( QUESTION0_0_R 1 -2.562e+03 2.639e+02 1.300e+01
|            ( - -6.440e+02 1 0)
|            ( - -1.654e+03 1 0))
|        ( WDBNDRY_B 0 -6.697e+04 1.588e+02 2.976e+02
|            ( - -5.250e+02 1 0)
|            ( - -6.629e+04 1 0))))
s>    ( QUESTION0_1_R 1 -7.903e+04 4.715e+02 3.502e+02
s>        ( - -8.749e+03 1 0)
s>        ( QUESTION16 -1 -6.981e+04 2.727e+02 3.106e+02
s>            ( QUESTION0_0_R 1 -2.562e+03 2.639e+02 1.300e+01
s>                ( - -6.440e+02 1 0)
s>                ( - -1.654e+03 1 0))
s>            ( WDBNDRY_B 0 -6.697e+04 1.588e+02 2.976e+02
s>                ( - -5.250e+02 1 0)
s>                ( - -6.629e+04 1 0))))INFO: dtree.c(1315): Comp split 35
INFO: dtree.c(1439): stop. leaf nodes are specific
INFO: dtree.c(1478): Final simple tree
|( QUESTION0_0_R 1 -4.791e+04 5.452e+02 2.098e+02
|    ( - -1.759e+04 1 0)
|    ( WDBNDRY_B 0 -2.978e+04 2.297e+02 1.297e+02
|        ( - -2.933e+04 1 0)
|        ( - -2.219e+02 1 0)))
s>    ( QUESTION0_0_R 1 -4.791e+04 5.452e+02 2.098e+02
s>        ( - -1.759e+04 1 0)
s>        ( WDBNDRY_B 0 -2.978e+04 2.297e+02 1.297e+02
s>            ( - -2.933e+04 1 0)
s>            ( - -2.219e+02 1 0)))INFO: dtree.c(1439): stop. leaf nodes are specific
INFO: dtree.c(1478): Final simple tree
|( WDBNDRY_B 0 -2.199e+04 1.571e+02 9.653e+01
|    ( - -8.013e+02 1 0)
|    ( - -2.103e+04 2 0))
s>    ( WDBNDRY_B 0 -2.199e+04 1.571e+02 9.653e+01
s>        ( - -8.013e+02 1 0)
s>        ( - -2.103e+04 2 0))INFO: dtree.c(1315): Comp split 36
INFO: dtree.c(1439): stop. leaf nodes are specific
INFO: dtree.c(1478): Final simple tree
|( WDBNDRY_B 0 -2.978e+04 2.297e+02 1.297e+02
|    ( - -2.933e+04 1 0)
|    ( - -2.219e+02 1 0))
s>    ( WDBNDRY_B 0 -2.978e+04 2.297e+02 1.297e+02
s>        ( - -2.933e+04 1 0)
s>        ( - -2.219e+02 1 0))INFO: dtree.c(1315): Comp split 37
INFO: dtree.c(1439): stop. leaf nodes are specific
INFO: dtree.c(1478): Final simple tree
|( SILENCE 1 -3.354e+04 2.780e+02 1.635e+02
|    ( - -2.820e+04 1 0)
|    ( - -5.054e+03 1 0))
s>    ( SILENCE 1 -3.354e+04 2.780e+02 1.635e+02
s>        ( - -2.820e+04 1 0)
s>        ( - -5.054e+03 1 0))INFO: dtree.c(1315): Comp split 38
INFO: dtree.c(1439): stop. leaf nodes are specific
INFO: dtree.c(1478): Final simple tree
|( WDBNDRY_B 0 -6.697e+04 1.588e+02 2.976e+02
|    ( - -5.250e+02 1 0)
|    ( - -6.629e+04 1 0))
s>    ( WDBNDRY_B 0 -6.697e+04 1.588e+02 2.976e+02
s>        ( - -5.250e+02 1 0)
s>        ( - -6.629e+04 1 0))INFO: dtree.c(1439): stop. leaf nodes are specific
INFO: dtree.c(1478): Final simple tree
|( QUESTION0_0_R 1 -1.155e+04 3.885e+02 5.256e+01
|    ( QUESTION0_1_R 1 -9.509e+03 1.166e+02 4.256e+01
|        ( - -8.749e+03 1 0)
|        ( - -6.440e+02 1 0))
|    ( - -1.654e+03 1 0))
s>    ( QUESTION0_0_R 1 -1.155e+04 3.885e+02 5.256e+01
s>        ( QUESTION0_1_R 1 -9.509e+03 1.166e+02 4.256e+01
s>            ( - -8.749e+03 1 0)
s>            ( - -6.440e+02 1 0))
s>        ( - -1.654e+03 1 0))INFO: dtree.c(1315): Comp split 39
INFO: dtree.c(1439): stop. leaf nodes are specific
INFO: dtree.c(1478): Final simple tree
|( SILENCE 1 -4.150e+04 2.657e+02 1.977e+02
|    ( - -2.757e+04 1 0)
|    ( - -1.366e+04 1 0))
s>    ( SILENCE 1 -4.150e+04 2.657e+02 1.977e+02
s>        ( - -2.757e+04 1 0)
s>        ( - -1.366e+04 1 0))INFO: dtree.c(1315): Comp split 40
INFO: dtree.c(1439): stop. leaf nodes are specific
INFO: dtree.c(1478): Final simple tree
|( QUESTION4 -1 -9.823e+04 3.350e+02 4.104e+02
|    ( - -7.302e+03 1 0)
|    ( WDBNDRY_B 0 -9.060e+04 1.553e+02 3.792e+02
|        ( - -1.761e+03 1 0)
|        ( - -8.868e+04 4 0)))
s>    ( QUESTION4 -1 -9.823e+04 3.350e+02 4.104e+02
s>        ( - -7.302e+03 1 0)
s>        ( WDBNDRY_B 0 -9.060e+04 1.553e+02 3.792e+02
s>            ( - -1.761e+03 1 0)
s>            ( - -8.868e+04 4 0)))INFO: dtree.c(1315): Comp split 41
INFO: dtree.c(1439): stop. leaf nodes are specific
INFO: dtree.c(1478): Final simple tree
|( QUESTION0_9_R 1 -1.337e+04 2.581e+02 5.657e+01
|    ( - -5.312e+03 1 0)
|    ( - -7.803e+03 1 0))
s>    ( QUESTION0_9_R 1 -1.337e+04 2.581e+02 5.657e+01
s>        ( - -5.312e+03 1 0)
s>        ( - -7.803e+03 1 0))INFO: dtree.c(1439): stop. leaf nodes are specific
INFO: dtree.c(1478): Final simple tree
|( QUESTION0_1_R 1 -2.941e+04 2.623e+02 1.287e+02
|    ( QUESTION12 -1 -1.428e+04 2.462e+02 6.422e+01
|        ( - -1.054e+04 1 0)
|        ( - -3.498e+03 1 0))
|    ( QUESTION0_5_R 1 -1.486e+04 2.154e+02 6.449e+01
|        ( - -4.311e+03 1 0)
|        ( QUESTION0_0_R 1 -1.033e+04 1.384e+02 4.561e+01
|            ( - -3.202e+02 1 0)
|            ( WDBNDRY_B 0 -9.875e+03 1.219e+02 4.361e+01
|                ( - -6.408e+02 1 0)
|                ( - -9.113e+03 1 0)))))
s>    ( QUESTION0_1_R 1 -2.941e+04 2.623e+02 1.287e+02
s>        ( QUESTION12 -1 -1.428e+04 2.462e+02 6.422e+01
s>            ( - -1.054e+04 1 0)
s>            ( - -3.498e+03 1 0))
s>        ( QUESTION0_5_R 1 -1.486e+04 2.154e+02 6.449e+01
s>            ( - -4.311e+03 1 0)
s>            ( QUESTION0_0_R 1 -1.033e+04 1.384e+02 4.561e+01
s>                ( - -3.202e+02 1 0)
s>                ( WDBNDRY_B 0 -9.875e+03 1.219e+02 4.361e+01
s>                    ( - -6.408e+02 1 0)
s>                    ( - -9.113e+03 1 0)))))INFO: dtree.c(1315): Comp split 42
INFO: dtree.c(1439): stop. leaf nodes are specific
INFO: dtree.c(1478): Final simple tree
|( QUESTION0_0_R 1 -4.646e+04 3.014e+02 2.159e+02
|    ( - -2.046e+04 2 0)
|    ( QUESTION0_9_R 1 -2.569e+04 1.414e+02 1.207e+02
|        ( - -1.614e+04 1 0)
|        ( - -9.408e+03 1 0)))
s>    ( QUESTION0_0_R 1 -4.646e+04 3.014e+02 2.159e+02
s>        ( - -2.046e+04 2 0)
s>        ( QUESTION0_9_R 1 -2.569e+04 1.414e+02 1.207e+02
s>            ( - -1.614e+04 1 0)
s>            ( - -9.408e+03 1 0)))INFO: dtree.c(1439): stop. leaf nodes are specific
INFO: dtree.c(1478): Final simple tree
|( QUESTION0_0_R 1 -2.301e+04 2.337e+02 1.054e+02
|    ( - -1.731e+04 2 0)
|    ( - -5.465e+03 2 0))
s>    ( QUESTION0_0_R 1 -2.301e+04 2.337e+02 1.054e+02
s>        ( - -1.731e+04 2 0)
s>        ( - -5.465e+03 2 0))INFO: dtree.c(1315): Comp split 43
INFO: dtree.c(1439): stop. leaf nodes are specific
INFO: dtree.c(1478): Final simple tree
|( WDBNDRY_E 0 -2.591e+04 2.743e+02 1.156e+02
|    ( - -2.439e+03 1 0)
|    ( - -2.320e+04 1 0))
s>    ( WDBNDRY_E 0 -2.591e+04 2.743e+02 1.156e+02
s>        ( - -2.439e+03 1 0)
s>        ( - -2.320e+04 1 0))INFO: dtree.c(1439): stop. leaf nodes are specific
INFO: dtree.c(1478): Final simple tree
|( WDBNDRY_B 0 -4.140e+04 2.325e+02 1.797e+02
|    ( - -1.211e+03 1 0)
|    ( QUESTION0_1_R 1 -3.996e+04 2.300e+02 1.737e+02
|        ( - -5.309e+02 1 0)
|        ( QUESTION0_0_R 1 -3.920e+04 1.449e+02 1.707e+02
|            ( - -3.644e+04 1 0)
|            ( - -2.616e+03 1 0))))
s>    ( WDBNDRY_B 0 -4.140e+04 2.325e+02 1.797e+02
s>        ( - -1.211e+03 1 0)
s>        ( QUESTION0_1_R 1 -3.996e+04 2.300e+02 1.737e+02
s>            ( - -5.309e+02 1 0)
s>            ( QUESTION0_0_R 1 -3.920e+04 1.449e+02 1.707e+02
s>                ( - -3.644e+04 1 0)
s>                ( - -2.616e+03 1 0))))INFO: dtree.c(1315): Comp split 44
INFO: dtree.c(1439): stop. leaf nodes are specific
INFO: dtree.c(1478): Final simple tree
|( QUESTION0_1_R 1 -9.509e+03 1.166e+02 4.256e+01
|    ( - -8.749e+03 1 0)
|    ( - -6.440e+02 1 0))
s>    ( QUESTION0_1_R 1 -9.509e+03 1.166e+02 4.256e+01
s>        ( - -8.749e+03 1 0)
s>        ( - -6.440e+02 1 0))INFO: dtree.c(1315): Comp split 45
INFO: dtree.c(1315): Comp split 46
INFO: dtree.c(1439): stop. leaf nodes are specific
INFO: dtree.c(1478): Final simple tree
|( QUESTION2_7_L -1 -1.824e+05 3.134e+02 8.042e+02
|    ( - -1.108e+04 2 0)
|    ( QUESTION2_6_L -1 -1.710e+05 2.441e+02 7.540e+02
|        ( - -5.705e+03 1 0)
|        ( WDBNDRY_S 0 -1.651e+05 1.442e+02 7.290e+02
|            ( - -1.667e+03 1 0)
|            ( - -1.633e+05 4 0))))
s>    ( QUESTION2_7_L -1 -1.824e+05 3.134e+02 8.042e+02
s>        ( - -1.108e+04 2 0)
s>        ( QUESTION2_6_L -1 -1.710e+05 2.441e+02 7.540e+02
s>            ( - -5.705e+03 1 0)
s>            ( WDBNDRY_S 0 -1.651e+05 1.442e+02 7.290e+02
s>                ( - -1.667e+03 1 0)
s>                ( - -1.633e+05 4 0))))INFO: dtree.c(1439): stop. leaf nodes are specific
INFO: dtree.c(1478): Final simple tree
|( WDBNDRY_E 0 -9.136e+03 2.347e+02 4.354e+01
|    ( - -4.238e+03 1 0)
|    ( - -4.663e+03 1 0))
s>    ( WDBNDRY_E 0 -9.136e+03 2.347e+02 4.354e+01
s>        ( - -4.238e+03 1 0)
s>        ( - -4.663e+03 1 0))INFO: dtree.c(1315): Comp split 47
INFO: dtree.c(1439): stop. leaf nodes are specific
INFO: dtree.c(1478): Final simple tree
|( QUESTION0 -1 -1.024e+05 2.964e+02 4.801e+02
|    ( - -1.768e+03 1 0)
|    ( - -1.004e+05 3 0))
s>    ( QUESTION0 -1 -1.024e+05 2.964e+02 4.801e+02
s>        ( - -1.768e+03 1 0)
s>        ( - -1.004e+05 3 0))INFO: dtree.c(1439): stop. leaf nodes are specific
INFO: dtree.c(1478): Final simple tree
|( WDBNDRY_E 0 -6.333e+03 2.267e+02 2.927e+01
|    ( - -7.639e+02 1 0)
|    ( - -5.343e+03 1 0))
s>    ( WDBNDRY_E 0 -6.333e+03 2.267e+02 2.927e+01
s>        ( - -7.639e+02 1 0)
s>        ( - -5.343e+03 1 0))INFO: dtree.c(1315): Comp split 48
INFO: dtree.c(1439): stop. leaf nodes are specific
INFO: dtree.c(1478): Final simple tree
|( WDBNDRY_B 0 -9.761e+04 2.435e+02 4.747e+02
|    ( - -9.105e+04 1 0)
|    ( - -6.316e+03 2 0))
s>    ( WDBNDRY_B 0 -9.761e+04 2.435e+02 4.747e+02
s>        ( - -9.105e+04 1 0)
s>        ( - -6.316e+03 2 0))INFO: dtree.c(1439): stop. leaf nodes are specific
INFO: dtree.c(1478): Final simple tree
|( SILENCE -1 -1.552e+04 2.912e+02 7.382e+01
|    ( - -1.461e+03 1 0)
|    ( WDBNDRY_B 0 -1.377e+04 2.284e+02 6.582e+01
|        ( - -1.019e+04 1 0)
|        ( - -3.350e+03 1 0)))
s>    ( SILENCE -1 -1.552e+04 2.912e+02 7.382e+01
s>        ( - -1.461e+03 1 0)
s>        ( WDBNDRY_B 0 -1.377e+04 2.284e+02 6.582e+01
s>            ( - -1.019e+04 1 0)
s>            ( - -3.350e+03 1 0)))INFO: dtree.c(1315): Comp split 49
INFO: dtree.c(1439): stop. leaf nodes are specific
INFO: dtree.c(1478): Final simple tree
|( WDBNDRY_B 0 -1.185e+04 1.539e+02 5.233e+01
|    ( QUESTION0_0_R 1 -9.791e+03 1.370e+02 4.333e+01
|        ( - -7.473e+02 1 0)
|        ( - -8.907e+03 2 0))
|    ( - -1.909e+03 1 0))
s>    ( WDBNDRY_B 0 -1.185e+04 1.539e+02 5.233e+01
s>        ( QUESTION0_0_R 1 -9.791e+03 1.370e+02 4.333e+01
s>            ( - -7.473e+02 1 0)
s>            ( - -8.907e+03 2 0))
s>        ( - -1.909e+03 1 0))INFO: dtree.c(1439): stop. leaf nodes are specific
INFO: dtree.c(1478): Final simple tree
|( WDBNDRY_B 0 -7.874e+03 1.509e+02 3.360e+01
|    ( - -6.373e+03 1 0)
|    ( - -1.351e+03 1 0))
s>    ( WDBNDRY_B 0 -7.874e+03 1.509e+02 3.360e+01
s>        ( - -6.373e+03 1 0)
s>        ( - -1.351e+03 1 0))INFO: dtree.c(1315): Comp split 50
INFO: dtree.c(1439): stop. leaf nodes are specific
INFO: dtree.c(1478): Final simple tree
|( WDBNDRY_B 0 -9.060e+04 1.553e+02 3.792e+02
|    ( - -1.761e+03 1 0)
|    ( - -8.868e+04 4 0))
s>    ( WDBNDRY_B 0 -9.060e+04 1.553e+02 3.792e+02
s>        ( - -1.761e+03 1 0)
s>        ( - -8.868e+04 4 0))INFO: dtree.c(1315): Comp split 51
INFO: dtree.c(1315): Comp split 52
INFO: dtree.c(1439): stop. leaf nodes are specific
INFO: dtree.c(1478): Final simple tree
|( QUESTION2_6_L -1 -1.710e+05 2.441e+02 7.540e+02
|    ( - -5.705e+03 1 0)
|    ( WDBNDRY_S 0 -1.651e+05 1.442e+02 7.290e+02
|        ( - -1.667e+03 1 0)
|        ( - -1.633e+05 4 0)))
s>    ( QUESTION2_6_L -1 -1.710e+05 2.441e+02 7.540e+02
s>        ( - -5.705e+03 1 0)
s>        ( WDBNDRY_S 0 -1.651e+05 1.442e+02 7.290e+02
s>            ( - -1.667e+03 1 0)
s>            ( - -1.633e+05 4 0)))INFO: dtree.c(1315): Comp split 53
INFO: dtree.c(1315): Comp split 54
INFO: dtree.c(1439): stop. leaf nodes are specific
INFO: dtree.c(1478): Final simple tree
|( QUESTION12 -1 -7.920e+03 2.691e+02 3.690e+01
|    ( - -4.743e+03 1 0)
|    ( - -2.908e+03 1 0))
s>    ( QUESTION12 -1 -7.920e+03 2.691e+02 3.690e+01
s>        ( - -4.743e+03 1 0)
s>        ( - -2.908e+03 1 0))INFO: dtree.c(1315): Comp split 55
INFO: dtree.c(1439): stop. leaf nodes are specific
INFO: dtree.c(1478): Final simple tree
|( QUESTION0_9_R 1 -2.569e+04 1.414e+02 1.207e+02
|    ( - -1.614e+04 1 0)
|    ( - -9.408e+03 1 0))
s>    ( QUESTION0_9_R 1 -2.569e+04 1.414e+02 1.207e+02
s>        ( - -1.614e+04 1 0)
s>        ( - -9.408e+03 1 0))INFO: dtree.c(1315): Comp split 56
INFO: dtree.c(1315): Comp split 57
INFO: dtree.c(1439): stop. leaf nodes are specific
INFO: dtree.c(1478): Final simple tree
|( WDBNDRY_B 0 -1.377e+04 2.284e+02 6.582e+01
|    ( - -1.019e+04 1 0)
|    ( - -3.350e+03 1 0))
s>    ( WDBNDRY_B 0 -1.377e+04 2.284e+02 6.582e+01
s>        ( - -1.019e+04 1 0)
s>        ( - -3.350e+03 1 0))INFO: dtree.c(1315): Comp split 58
INFO: dtree.c(1439): stop. leaf nodes are specific
INFO: dtree.c(1478): Final simple tree
|( QUESTION0_0_R 1 -1.858e+04 2.258e+02 8.130e+01
|    ( QUESTION0_5_R 1 -8.476e+03 2.129e+02 3.769e+01
|        ( - -4.311e+03 1 0)
|        ( WDBNDRY_B 0 -3.951e+03 1.336e+02 1.881e+01
|            ( - -3.202e+02 1 0)
|            ( - -3.498e+03 1 0)))
|    ( WDBNDRY_B 0 -9.875e+03 1.219e+02 4.361e+01
|        ( - -6.408e+02 1 0)
|        ( - -9.113e+03 1 0)))
s>    ( QUESTION0_0_R 1 -1.858e+04 2.258e+02 8.130e+01
s>        ( QUESTION0_5_R 1 -8.476e+03 2.129e+02 3.769e+01
s>            ( - -4.311e+03 1 0)
s>            ( WDBNDRY_B 0 -3.951e+03 1.336e+02 1.881e+01
s>                ( - -3.202e+02 1 0)
s>                ( - -3.498e+03 1 0)))
s>        ( WDBNDRY_B 0 -9.875e+03 1.219e+02 4.361e+01
s>            ( - -6.408e+02 1 0)
s>            ( - -9.113e+03 1 0)))INFO: dtree.c(1315): Comp split 59
INFO: dtree.c(1439): stop. leaf nodes are specific
INFO: dtree.c(1478): Final simple tree
|( WDBNDRY_B 0 -1.665e+04 1.547e+02 7.228e+01
|    ( - -1.598e+03 1 0)
|    ( - -1.489e+04 1 0))
s>    ( WDBNDRY_B 0 -1.665e+04 1.547e+02 7.228e+01
s>        ( - -1.598e+03 1 0)
s>        ( - -1.489e+04 1 0))INFO: dtree.c(1315): Comp split 60
INFO: dtree.c(1315): Comp split 61
INFO: dtree.c(1315): Comp split 62
INFO: dtree.c(1315): Comp split 63
INFO: dtree.c(1315): Comp split 64
INFO: dtree.c(1315): Comp split 65
INFO: dtree.c(1439): stop. leaf nodes are specific
INFO: dtree.c(1478): Final simple tree
|( QUESTION0_0_R 1 -3.920e+04 1.449e+02 1.707e+02
|    ( - -3.644e+04 1 0)
|    ( - -2.616e+03 1 0))
s>    ( QUESTION0_0_R 1 -3.920e+04 1.449e+02 1.707e+02
s>        ( - -3.644e+04 1 0)
s>        ( - -2.616e+03 1 0))INFO: dtree.c(1439): stop. leaf nodes are specific
INFO: dtree.c(1478): Final simple tree
|( WDBNDRY_B 0 -1.955e+03 2.124e+02 9.000e+00
|    ( - -1.211e+03 1 0)
|    ( - -5.309e+02 1 0))
s>    ( WDBNDRY_B 0 -1.955e+03 2.124e+02 9.000e+00
s>        ( - -1.211e+03 1 0)
s>        ( - -5.309e+02 1 0))INFO: dtree.c(1315): Comp split 66
INFO: dtree.c(1315): Comp split 67
INFO: dtree.c(1439): stop. leaf nodes are specific
INFO: dtree.c(1478): Final simple tree
|( QUESTION10 -1 -4.319e+03 1.948e+02 1.834e+01
|    ( - -2.826e+03 2 0)
|    ( - -1.297e+03 1 0))
s>    ( QUESTION10 -1 -4.319e+03 1.948e+02 1.834e+01
s>        ( - -2.826e+03 2 0)
s>        ( - -1.297e+03 1 0))INFO: dtree.c(1315): Comp split 68
INFO: dtree.c(1439): stop. leaf nodes are specific
INFO: dtree.c(1478): Final simple tree
|( WDBNDRY_S 0 -1.651e+05 1.442e+02 7.290e+02
|    ( - -1.667e+03 1 0)
|    ( - -1.633e+05 4 0))
s>    ( WDBNDRY_S 0 -1.651e+05 1.442e+02 7.290e+02
s>        ( - -1.667e+03 1 0)
s>        ( - -1.633e+05 4 0))INFO: dtree.c(1315): Comp split 69
INFO: dtree.c(1315): Comp split 70
INFO: dtree.c(1315): Comp split 71
INFO: dtree.c(1315): Comp split 72
INFO: dtree.c(1315): Comp split 73
INFO: dtree.c(1439): stop. leaf nodes are specific
INFO: dtree.c(1478): Final simple tree
|( QUESTION12 -1 -9.233e+03 2.193e+02 4.069e+01
|    ( WDBNDRY_B 0 -5.063e+03 1.108e+02 2.188e+01
|        ( - -6.408e+02 1 0)
|        ( - -4.311e+03 1 0))
|    ( WDBNDRY_B 0 -3.951e+03 1.336e+02 1.881e+01
|        ( - -3.202e+02 1 0)
|        ( - -3.498e+03 1 0)))
s>    ( QUESTION12 -1 -9.233e+03 2.193e+02 4.069e+01
s>        ( WDBNDRY_B 0 -5.063e+03 1.108e+02 2.188e+01
s>            ( - -6.408e+02 1 0)
s>            ( - -4.311e+03 1 0))
s>        ( WDBNDRY_B 0 -3.951e+03 1.336e+02 1.881e+01
s>            ( - -3.202e+02 1 0)
s>            ( - -3.498e+03 1 0)))INFO: dtree.c(1315): Comp split 74
INFO: dtree.c(1315): Comp split 75
INFO: dtree.c(1315): Comp split 76
INFO: dtree.c(1439): stop. leaf nodes are specific
INFO: dtree.c(1478): Final simple tree
|( QUESTION3 -1 -1.423e+03 1.515e+02 7.000e+00
|    ( - -2.774e+02 1 0)
|    ( - -9.938e+02 1 0))
s>    ( QUESTION3 -1 -1.423e+03 1.515e+02 7.000e+00
s>        ( - -2.774e+02 1 0)
s>        ( - -9.938e+02 1 0))INFO: dtree.c(1315): Comp split 77
INFO: dtree.c(1315): Comp split 78
INFO: dtree.c(1439): stop. leaf nodes are specific
INFO: dtree.c(1478): Final simple tree
|( WDBNDRY_B 0 -3.951e+03 1.336e+02 1.881e+01
|    ( - -3.202e+02 1 0)
|    ( - -3.498e+03 1 0))
s>    ( WDBNDRY_B 0 -3.951e+03 1.336e+02 1.881e+01
s>        ( - -3.202e+02 1 0)
s>        ( - -3.498e+03 1 0))INFO: dtree.c(1439): stop. leaf nodes are specific
INFO: dtree.c(1478): Final simple tree
|( WDBNDRY_B 0 -5.063e+03 1.108e+02 2.188e+01
|    ( - -6.408e+02 1 0)
|    ( - -4.311e+03 1 0))
s>    ( WDBNDRY_B 0 -5.063e+03 1.108e+02 2.188e+01
s>        ( - -6.408e+02 1 0)
s>        ( - -4.311e+03 1 0))INFO: dtree.c(1315): Comp split 79
INFO: dtree.c(1315): Comp split 80
INFO: dtree.c(1315): Comp split 81
INFO: dtree.c(1315): Comp split 82
INFO: dtree.c(1315): Comp split 83
INFO: dtree.c(1315): Comp split 84
INFO: dtree.c(1315): Comp split 85
INFO: dtree.c(1315): Comp split 86
INFO: dtree.c(1315): Comp split 87
INFO: dtree.c(1439): stop. leaf nodes are specific
INFO: dtree.c(1478): Final simple tree
|( QUESTION0_0_R 1 -9.791e+03 1.370e+02 4.333e+01
|    ( - -7.473e+02 1 0)
|    ( - -8.907e+03 2 0))
s>    ( QUESTION0_0_R 1 -9.791e+03 1.370e+02 4.333e+01
s>        ( - -7.473e+02 1 0)
s>        ( - -8.907e+03 2 0))INFO: dtree.c(1315): Comp split 88
INFO: dtree.c(1315): Comp split 89
INFO: dtree.c(1315): Comp split 90
INFO: dtree.c(1315): Comp split 91
INFO: dtree.c(1315): Comp split 92
INFO: dtree.c(1315): Comp split 93
INFO: dtree.c(1315): Comp split 94
INFO: dtree.c(1315): Comp split 95
INFO: dtree.c(1315): Comp split 96
INFO: dtree.c(1315): Comp split 97
INFO: dtree.c(1318): stop. leaf nodes are specific
Fri Jan  6 22:27:41 2023
