Current configuration:
[NAME]		[DEFLT]	[VALUE]
-allphones	no	no
-cntthresh	0.00001	1.000000e-05
-csplitmax	100	2000
-csplitmin	1	1
-csplitthr	8e-4	0.000000e+00
-example	no	no
-fullvar	no	no
-help		no	no
-meanfn			/mnt/c/users/robin/onedrive/desktop/cmu/Cebuano/model_parameters/Cebuano.cd_cont_untied/means
-mixwfn			/mnt/c/users/robin/onedrive/desktop/cmu/Cebuano/model_parameters/Cebuano.cd_cont_untied/mixture_weights
-moddeffn		/mnt/c/users/robin/onedrive/desktop/cmu/Cebuano/model_architecture/Cebuano.untied.mdef
-mwfloor	1e-4	1.000000e-08
-phone			W
-psetfn			/mnt/c/users/robin/onedrive/desktop/cmu/Cebuano/model_architecture/Cebuano.tree_questions
-ssplitmax	5	7
-ssplitmin	1	1
-ssplitthr	8e-4	0.000000e+00
-state			1
-stwt			1.0,0.05,0.0,
-treefn			/mnt/c/users/robin/onedrive/desktop/cmu/Cebuano/trees/Cebuano.unpruned/W-1.dtree
-ts2cbfn	.semi.	.cont.
-varfloor	0.00001	1.000000e-05
-varfn			/mnt/c/users/robin/onedrive/desktop/cmu/Cebuano/model_parameters/Cebuano.cd_cont_untied/variances

INFO: main.c(223): Reading: /mnt/c/users/robin/onedrive/desktop/cmu/Cebuano/model_architecture/Cebuano.untied.mdef
INFO: model_def_io.c(573): Model definition info:
INFO: model_def_io.c(574): 7744 total models defined (40 base, 7704 tri)
INFO: model_def_io.c(575): 30976 total states
INFO: model_def_io.c(576): 23232 total tied states
INFO: model_def_io.c(577): 120 total tied CI states
INFO: model_def_io.c(578): 40 total tied transition matrices
INFO: model_def_io.c(579): 4 max state/model
INFO: model_def_io.c(580): 4 min state/model
INFO: main.c(242): Building trees for [W AA AA b] through [W UW OW i]
INFO: main.c(268): Covering states |[22341 22571]| == 231
INFO: main.c(275): Reading: /mnt/c/users/robin/onedrive/desktop/cmu/Cebuano/model_parameters/Cebuano.cd_cont_untied/mixture_weights
INFO: s3mixw_io.c(172): Read /mnt/c/users/robin/onedrive/desktop/cmu/Cebuano/model_parameters/Cebuano.cd_cont_untied/mixture_weights [231x1x1 array]
INFO: main.c(311): 76 of 77 models have observation count greater than 0.000010
INFO: main.c(95): nrm stwt: 0.045 0.909 0.045 
INFO: s3gau_io.c(168): Read /mnt/c/users/robin/onedrive/desktop/cmu/Cebuano/model_parameters/Cebuano.cd_cont_untied/means [23232x1x1 array]
INFO: s3gau_io.c(168): Read /mnt/c/users/robin/onedrive/desktop/cmu/Cebuano/model_parameters/Cebuano.cd_cont_untied/variances [23232x1x1 array]
INFO: main.c(549): Reading: /mnt/c/users/robin/onedrive/desktop/cmu/Cebuano/model_architecture/Cebuano.tree_questions
INFO: main.c(587): 180 total simple questions (172 phone; 8 word bndry)
INFO: main.c(589): 42 Left Only questions, and 42 Right Only questions
INFO: dtree.c(1478): Final simple tree
|( WDBNDRY_B 0 -1.157e+06 3.992e+03 4.960e+03
|    ( SILENCE -1 -6.931e+05 3.173e+03 2.957e+03
|        ( - -2.061e+05 4 0 QUESTION0_9_R 1 3.305e+02 9.251e+02)
|        ( QUESTION2_19_L -1 -4.839e+05 8.058e+02 2.032e+03
|            ( - -1.930e+05 8 0 QUESTION0_14_R 1 4.519e+02 7.618e+02)
|            ( - -2.901e+05 22 0 QUESTION0 -1 6.684e+02 1.270e+03)))
|    ( QUESTION0 -1 -4.599e+05 2.964e+03 2.003e+03
|        ( QUESTION0_14_R 1 -2.259e+05 7.387e+02 1.012e+03
|            ( - -1.979e+05 9 0 WDBNDRY_E 0 1.591e+02 8.907e+02)
|            ( - -2.726e+04 6 0 QUESTION0_11_R 1 4.462e+02 1.213e+02))
|        ( QUESTION0_14_R 1 -2.310e+05 1.606e+03 9.906e+02
|            ( QUESTION2_9_L -1 -1.848e+05 9.427e+02 8.098e+02
|                ( - -1.225e+05 8 0 QUESTION2_10_L -1 1.929e+02 5.372e+02)
|                ( - -6.138e+04 7 0 QUESTION12 -1 5.535e+02 2.727e+02))
|            ( - -4.457e+04 12 0 QUESTION0 1 5.247e+02 1.808e+02))))
s>    ( WDBNDRY_B 0 -1.157e+06 3.992e+03 4.960e+03
s>        ( SILENCE -1 -6.931e+05 3.173e+03 2.957e+03
s>            ( - -2.061e+05 4 0 QUESTION0_9_R 1 3.305e+02 9.251e+02)
s>            ( QUESTION2_19_L -1 -4.839e+05 8.058e+02 2.032e+03
s>                ( - -1.930e+05 8 0 QUESTION0_14_R 1 4.519e+02 7.618e+02)
s>                ( - -2.901e+05 22 0 QUESTION0 -1 6.684e+02 1.270e+03)))
s>        ( QUESTION0 -1 -4.599e+05 2.964e+03 2.003e+03
s>            ( QUESTION0_14_R 1 -2.259e+05 7.387e+02 1.012e+03
s>                ( - -1.979e+05 9 0 WDBNDRY_E 0 1.591e+02 8.907e+02)
s>                ( - -2.726e+04 6 0 QUESTION0_11_R 1 4.462e+02 1.213e+02))
s>            ( QUESTION0_14_R 1 -2.310e+05 1.606e+03 9.906e+02
s>                ( QUESTION2_9_L -1 -1.848e+05 9.427e+02 8.098e+02
s>                    ( - -1.225e+05 8 0 QUESTION2_10_L -1 1.929e+02 5.372e+02)
s>                    ( - -6.138e+04 7 0 QUESTION12 -1 5.535e+02 2.727e+02))
s>                ( - -4.457e+04 12 0 QUESTION0 1 5.247e+02 1.808e+02))))INFO: dtree.c(1315): Comp split 0
INFO: dtree.c(1478): Final simple tree
|( QUESTION0_14_R 1 -2.878e+05 6.434e+02 1.285e+03
|    ( QUESTION0 -1 -2.599e+05 6.236e+02 1.163e+03
|        ( - -1.979e+05 9 0 WDBNDRY_E 0 1.591e+02 8.907e+02)
|        ( QUESTION12 -1 -6.138e+04 5.535e+02 2.727e+02
|            ( - -1.159e+04 1 0)
|            ( QUESTION14 -1 -4.923e+04 4.275e+02 2.182e+02
|                ( - -1.262e+04 3 0 QUESTION2_0_L -1 1.594e+02 5.328e+01)
|                ( - -3.618e+04 3 0 QUESTION10 -1 1.809e+02 1.649e+02))))
|    ( QUESTION0_11_R 1 -2.726e+04 4.462e+02 1.213e+02
|        ( - -1.453e+04 1 0)
|        ( QUESTION0_0_R 1 -1.229e+04 2.746e+02 5.251e+01
|            ( - -4.198e+03 1 0)
|            ( QUESTION0_9_R 1 -7.815e+03 1.831e+02 3.399e+01
|                ( - -6.091e+03 3 0 WDBNDRY_E 0 1.532e+02 2.696e+01)
|                ( - -1.541e+03 1 0)))))
s>    ( QUESTION0_14_R 1 -2.878e+05 6.434e+02 1.285e+03
s>        ( QUESTION0 -1 -2.599e+05 6.236e+02 1.163e+03
s>            ( - -1.979e+05 9 0 WDBNDRY_E 0 1.591e+02 8.907e+02)
s>            ( QUESTION12 -1 -6.138e+04 5.535e+02 2.727e+02
s>                ( - -1.159e+04 1 0)
s>                ( QUESTION14 -1 -4.923e+04 4.275e+02 2.182e+02
s>                    ( - -1.262e+04 3 0 QUESTION2_0_L -1 1.594e+02 5.328e+01)
s>                    ( - -3.618e+04 3 0 QUESTION10 -1 1.809e+02 1.649e+02))))
s>        ( QUESTION0_11_R 1 -2.726e+04 4.462e+02 1.213e+02
s>            ( - -1.453e+04 1 0)
s>            ( QUESTION0_0_R 1 -1.229e+04 2.746e+02 5.251e+01
s>                ( - -4.198e+03 1 0)
s>                ( QUESTION0_9_R 1 -7.815e+03 1.831e+02 3.399e+01
s>                    ( - -6.091e+03 3 0 WDBNDRY_E 0 1.532e+02 2.696e+01)
s>                    ( - -1.541e+03 1 0)))))INFO: dtree.c(1478): Final simple tree
|( SILENCE -1 -8.639e+05 3.003e+03 3.675e+03
|    ( - -2.061e+05 4 0 QUESTION0_9_R 1 3.305e+02 9.251e+02)
|    ( WDBNDRY_B 0 -6.548e+05 2.207e+03 2.750e+03
|        ( QUESTION2_19_L -1 -4.839e+05 8.058e+02 2.032e+03
|            ( - -1.930e+05 8 0 QUESTION0_14_R 1 4.519e+02 7.618e+02)
|            ( QUESTION0 -1 -2.901e+05 6.684e+02 1.270e+03
|                ( QUESTION0_14_R 1 -5.074e+04 7.649e+02 2.216e+02
|                    ( - -3.961e+04 6 0 QUESTION2_0_L -1 3.135e+02 1.788e+02)
|                    ( - -1.036e+04 1 0))
|                ( QUESTION2_8_L -1 -2.387e+05 5.737e+02 1.048e+03
|                    ( - -7.106e+04 4 0)
|                    ( - -1.670e+05 11 0 QUESTION15 -1 5.972e+02 7.294e+02))))
|        ( QUESTION0_14_R 1 -1.687e+05 1.646e+03 7.179e+02
|            ( - -1.225e+05 8 0 QUESTION2_10_L -1 1.929e+02 5.372e+02)
|            ( - -4.457e+04 12 0 QUESTION0 1 5.247e+02 1.808e+02))))
s>    ( SILENCE -1 -8.639e+05 3.003e+03 3.675e+03
s>        ( - -2.061e+05 4 0 QUESTION0_9_R 1 3.305e+02 9.251e+02)
s>        ( WDBNDRY_B 0 -6.548e+05 2.207e+03 2.750e+03
s>            ( QUESTION2_19_L -1 -4.839e+05 8.058e+02 2.032e+03
s>                ( - -1.930e+05 8 0 QUESTION0_14_R 1 4.519e+02 7.618e+02)
s>                ( QUESTION0 -1 -2.901e+05 6.684e+02 1.270e+03
s>                    ( QUESTION0_14_R 1 -5.074e+04 7.649e+02 2.216e+02
s>                        ( - -3.961e+04 6 0 QUESTION2_0_L -1 3.135e+02 1.788e+02)
s>                        ( - -1.036e+04 1 0))
s>                    ( QUESTION2_8_L -1 -2.387e+05 5.737e+02 1.048e+03
s>                        ( - -7.106e+04 4 0)
s>                        ( - -1.670e+05 11 0 QUESTION15 -1 5.972e+02 7.294e+02))))
s>            ( QUESTION0_14_R 1 -1.687e+05 1.646e+03 7.179e+02
s>                ( - -1.225e+05 8 0 QUESTION2_10_L -1 1.929e+02 5.372e+02)
s>                ( - -4.457e+04 12 0 QUESTION0 1 5.247e+02 1.808e+02))))INFO: dtree.c(1315): Comp split 1
INFO: dtree.c(1439): stop. leaf nodes are specific
INFO: dtree.c(1478): Final simple tree
|( SILENCE -1 -3.709e+05 2.035e+03 1.641e+03
|    ( QUESTION0_9_R 1 -2.061e+05 3.305e+02 9.251e+02
|        ( - -8.659e+03 1 0)
|        ( - -1.971e+05 3 0))
|    ( WDBNDRY_B 0 -1.628e+05 7.576e+02 7.160e+02
|        ( QUESTION2_0_L -1 -3.961e+04 3.135e+02 1.788e+02
|            ( - -8.525e+03 2 0)
|            ( - -3.077e+04 4 0))
|        ( QUESTION2_10_L -1 -1.225e+05 1.929e+02 5.372e+02
|            ( - -1.212e+05 7 0)
|            ( - -1.090e+03 1 0))))
s>    ( SILENCE -1 -3.709e+05 2.035e+03 1.641e+03
s>        ( QUESTION0_9_R 1 -2.061e+05 3.305e+02 9.251e+02
s>            ( - -8.659e+03 1 0)
s>            ( - -1.971e+05 3 0))
s>        ( WDBNDRY_B 0 -1.628e+05 7.576e+02 7.160e+02
s>            ( QUESTION2_0_L -1 -3.961e+04 3.135e+02 1.788e+02
s>                ( - -8.525e+03 2 0)
s>                ( - -3.077e+04 4 0))
s>            ( QUESTION2_10_L -1 -1.225e+05 1.929e+02 5.372e+02
s>                ( - -1.212e+05 7 0)
s>                ( - -1.090e+03 1 0))))INFO: dtree.c(1478): Final simple tree
|( QUESTION0_14_R 1 -4.894e+05 1.597e+03 2.034e+03
|    ( QUESTION2_8_L -1 -4.321e+05 7.079e+02 1.809e+03
|        ( - -7.106e+04 4 0)
|        ( QUESTION15 -1 -3.603e+05 6.663e+02 1.490e+03
|            ( - -3.634e+04 2 0)
|            ( QUESTION0 -1 -3.233e+05 4.794e+02 1.325e+03
|                ( - -1.927e+05 7 0)
|                ( - -1.301e+05 9 0 QUESTION10 -1 2.577e+02 5.646e+02))))
|    ( QUESTION11 -1 -5.574e+04 5.667e+02 2.246e+02
|        ( - -1.044e+04 1 0)
|        ( QUESTION0 1 -4.473e+04 5.904e+02 1.790e+02
|            ( - -2.122e+04 6 0 QUESTION2_6_L -1 1.853e+02 8.401e+01)
|            ( QUESTION2_12_L -1 -2.292e+04 4.460e+02 9.497e+01
|                ( - 1.613e+02 1 0)
|                ( - -2.263e+04 6 0 WDBNDRY_B 0 3.560e+02 9.397e+01)))))
s>    ( QUESTION0_14_R 1 -4.894e+05 1.597e+03 2.034e+03
s>        ( QUESTION2_8_L -1 -4.321e+05 7.079e+02 1.809e+03
s>            ( - -7.106e+04 4 0)
s>            ( QUESTION15 -1 -3.603e+05 6.663e+02 1.490e+03
s>                ( - -3.634e+04 2 0)
s>                ( QUESTION0 -1 -3.233e+05 4.794e+02 1.325e+03
s>                    ( - -1.927e+05 7 0)
s>                    ( - -1.301e+05 9 0 QUESTION10 -1 2.577e+02 5.646e+02))))
s>        ( QUESTION11 -1 -5.574e+04 5.667e+02 2.246e+02
s>            ( - -1.044e+04 1 0)
s>            ( QUESTION0 1 -4.473e+04 5.904e+02 1.790e+02
s>                ( - -2.122e+04 6 0 QUESTION2_6_L -1 1.853e+02 8.401e+01)
s>                ( QUESTION2_12_L -1 -2.292e+04 4.460e+02 9.497e+01
s>                    ( - 1.613e+02 1 0)
s>                    ( - -2.263e+04 6 0 WDBNDRY_B 0 3.560e+02 9.397e+01)))))INFO: dtree.c(1315): Comp split 2
INFO: dtree.c(1439): stop. leaf nodes are specific
INFO: dtree.c(1478): Final simple tree
|( WDBNDRY_B 0 -1.628e+05 7.576e+02 7.160e+02
|    ( QUESTION2_0_L -1 -3.961e+04 3.135e+02 1.788e+02
|        ( - -8.525e+03 2 0)
|        ( - -3.077e+04 4 0))
|    ( QUESTION2_10_L -1 -1.225e+05 1.929e+02 5.372e+02
|        ( - -1.212e+05 7 0)
|        ( - -1.090e+03 1 0)))
s>    ( WDBNDRY_B 0 -1.628e+05 7.576e+02 7.160e+02
s>        ( QUESTION2_0_L -1 -3.961e+04 3.135e+02 1.788e+02
s>            ( - -8.525e+03 2 0)
s>            ( - -3.077e+04 4 0))
s>        ( QUESTION2_10_L -1 -1.225e+05 1.929e+02 5.372e+02
s>            ( - -1.212e+05 7 0)
s>            ( - -1.090e+03 1 0)))INFO: dtree.c(1439): stop. leaf nodes are specific
INFO: dtree.c(1478): Final simple tree
|( QUESTION0_9_R 1 -2.061e+05 3.305e+02 9.251e+02
|    ( - -8.659e+03 1 0)
|    ( - -1.971e+05 3 0))
s>    ( QUESTION0_9_R 1 -2.061e+05 3.305e+02 9.251e+02
s>        ( - -8.659e+03 1 0)
s>        ( - -1.971e+05 3 0))INFO: dtree.c(1315): Comp split 3
INFO: dtree.c(1478): Final simple tree
|( QUESTION11 -1 -5.574e+04 5.667e+02 2.246e+02
|    ( - -1.044e+04 1 0)
|    ( QUESTION0 1 -4.473e+04 5.904e+02 1.790e+02
|        ( QUESTION2_6_L -1 -2.122e+04 1.853e+02 8.401e+01
|            ( - -1.900e+03 1 0)
|            ( QUESTION3 -1 -1.913e+04 1.820e+02 7.501e+01
|                ( - -8.283e+02 1 0)
|                ( - -1.812e+04 4 0 QUESTION2 -1 1.233e+02 7.101e+01)))
|        ( QUESTION2_12_L -1 -2.292e+04 4.460e+02 9.497e+01
|            ( - 1.613e+02 1 0)
|            ( WDBNDRY_B 0 -2.263e+04 3.560e+02 9.397e+01
|                ( - -1.036e+04 1 0)
|                ( QUESTION0_9_R 1 -1.192e+04 2.127e+02 5.117e+01
|                    ( - -1.126e+04 4 0 QUESTION2_6_L -1 1.176e+02 4.817e+01)
|                    ( - -4.467e+02 1 0))))))
s>    ( QUESTION11 -1 -5.574e+04 5.667e+02 2.246e+02
s>        ( - -1.044e+04 1 0)
s>        ( QUESTION0 1 -4.473e+04 5.904e+02 1.790e+02
s>            ( QUESTION2_6_L -1 -2.122e+04 1.853e+02 8.401e+01
s>                ( - -1.900e+03 1 0)
s>                ( QUESTION3 -1 -1.913e+04 1.820e+02 7.501e+01
s>                    ( - -8.283e+02 1 0)
s>                    ( - -1.812e+04 4 0 QUESTION2 -1 1.233e+02 7.101e+01)))
s>            ( QUESTION2_12_L -1 -2.292e+04 4.460e+02 9.497e+01
s>                ( - 1.613e+02 1 0)
s>                ( WDBNDRY_B 0 -2.263e+04 3.560e+02 9.397e+01
s>                    ( - -1.036e+04 1 0)
s>                    ( QUESTION0_9_R 1 -1.192e+04 2.127e+02 5.117e+01
s>                        ( - -1.126e+04 4 0 QUESTION2_6_L -1 1.176e+02 4.817e+01)
s>                        ( - -4.467e+02 1 0))))))INFO: dtree.c(1439): stop. leaf nodes are specific
INFO: dtree.c(1478): Final simple tree
|( QUESTION2_8_L -1 -4.321e+05 7.079e+02 1.809e+03
|    ( - -7.106e+04 4 0)
|    ( QUESTION15 -1 -3.603e+05 6.663e+02 1.490e+03
|        ( - -3.634e+04 2 0)
|        ( QUESTION0 -1 -3.233e+05 4.794e+02 1.325e+03
|            ( - -1.927e+05 7 0)
|            ( QUESTION10 -1 -1.301e+05 2.577e+02 5.646e+02
|                ( - -7.100e+04 4 0)
|                ( QUESTION12 -1 -5.885e+04 1.767e+02 2.540e+02
|                    ( QUESTION2_0_L -1 -5.016e+04 1.392e+02 2.161e+02
|                        ( - -4.179e+03 1 0)
|                        ( - -4.584e+04 2 0))
|                    ( - -8.515e+03 2 0))))))
s>    ( QUESTION2_8_L -1 -4.321e+05 7.079e+02 1.809e+03
s>        ( - -7.106e+04 4 0)
s>        ( QUESTION15 -1 -3.603e+05 6.663e+02 1.490e+03
s>            ( - -3.634e+04 2 0)
s>            ( QUESTION0 -1 -3.233e+05 4.794e+02 1.325e+03
s>                ( - -1.927e+05 7 0)
s>                ( QUESTION10 -1 -1.301e+05 2.577e+02 5.646e+02
s>                    ( - -7.100e+04 4 0)
s>                    ( QUESTION12 -1 -5.885e+04 1.767e+02 2.540e+02
s>                        ( QUESTION2_0_L -1 -5.016e+04 1.392e+02 2.161e+02
s>                            ( - -4.179e+03 1 0)
s>                            ( - -4.584e+04 2 0))
s>                        ( - -8.515e+03 2 0))))))INFO: dtree.c(1315): Comp split 4
INFO: dtree.c(1439): stop. leaf nodes are specific
INFO: dtree.c(1478): Final simple tree
|( QUESTION0 -1 -3.103e+05 4.683e+02 1.270e+03
|    ( - -1.927e+05 7 0)
|    ( QUESTION10 -1 -1.171e+05 2.517e+02 5.088e+02
|        ( - -7.100e+04 4 0)
|        ( - -4.584e+04 2 0)))
s>    ( QUESTION0 -1 -3.103e+05 4.683e+02 1.270e+03
s>        ( - -1.927e+05 7 0)
s>        ( QUESTION10 -1 -1.171e+05 2.517e+02 5.088e+02
s>            ( - -7.100e+04 4 0)
s>            ( - -4.584e+04 2 0)))INFO: dtree.c(1439): stop. leaf nodes are specific
INFO: dtree.c(1478): Final simple tree
|( QUESTION15 -1 -1.208e+05 3.625e+02 5.396e+02
|    ( - -3.634e+04 2 0)
|    ( QUESTION10 -1 -8.406e+04 2.195e+02 3.749e+02
|        ( - -7.106e+04 4 0)
|        ( QUESTION12 -1 -1.278e+04 8.260e+01 5.587e+01
|            ( - -4.179e+03 1 0)
|            ( - -8.515e+03 2 0))))
s>    ( QUESTION15 -1 -1.208e+05 3.625e+02 5.396e+02
s>        ( - -3.634e+04 2 0)
s>        ( QUESTION10 -1 -8.406e+04 2.195e+02 3.749e+02
s>            ( - -7.106e+04 4 0)
s>            ( QUESTION12 -1 -1.278e+04 8.260e+01 5.587e+01
s>                ( - -4.179e+03 1 0)
s>                ( - -8.515e+03 2 0))))INFO: dtree.c(1315): Comp split 5
INFO: dtree.c(1478): Final simple tree
|( QUESTION15 1 -7.689e+04 4.628e+02 3.395e+02
|    ( WDBNDRY_E 0 -1.524e+04 1.523e+02 7.176e+01
|        ( - -5.575e+02 1 0)
|        ( - -1.453e+04 1 0))
|    ( QUESTION2_12_L -1 -6.119e+04 4.952e+02 2.677e+02
|        ( QUESTION0_9_R 1 -2.335e+04 2.977e+02 1.008e+02
|            ( - -5.380e+03 2 0)
|            ( WDBNDRY_E 0 -1.767e+04 2.826e+02 7.683e+01
|                ( - -4.198e+03 1 0)
|                ( - -1.319e+04 3 0 QUESTION0_14_R 1 1.508e+02 5.830e+01)))
|        ( QUESTION14 -1 -3.735e+04 2.018e+02 1.669e+02
|            ( - -9.692e+02 1 0)
|            ( QUESTION10 -1 -3.618e+04 1.809e+02 1.649e+02
|                ( - -3.222e+04 2 0)
|                ( - -3.780e+03 1 0)))))
s>    ( QUESTION15 1 -7.689e+04 4.628e+02 3.395e+02
s>        ( WDBNDRY_E 0 -1.524e+04 1.523e+02 7.176e+01
s>            ( - -5.575e+02 1 0)
s>            ( - -1.453e+04 1 0))
s>        ( QUESTION2_12_L -1 -6.119e+04 4.952e+02 2.677e+02
s>            ( QUESTION0_9_R 1 -2.335e+04 2.977e+02 1.008e+02
s>                ( - -5.380e+03 2 0)
s>                ( WDBNDRY_E 0 -1.767e+04 2.826e+02 7.683e+01
s>                    ( - -4.198e+03 1 0)
s>                    ( - -1.319e+04 3 0 QUESTION0_14_R 1 1.508e+02 5.830e+01)))
s>            ( QUESTION14 -1 -3.735e+04 2.018e+02 1.669e+02
s>                ( - -9.692e+02 1 0)
s>                ( QUESTION10 -1 -3.618e+04 1.809e+02 1.649e+02
s>                    ( - -3.222e+04 2 0)
s>                    ( - -3.780e+03 1 0)))))INFO: dtree.c(1439): stop. leaf nodes are specific
INFO: dtree.c(1478): Final simple tree
|( QUESTION0 -1 -2.100e+05 5.068e+02 9.452e+02
|    ( WDBNDRY_E 0 -1.979e+05 1.591e+02 8.907e+02
|        ( - -4.097e+02 1 0)
|        ( - -1.974e+05 8 0))
|    ( - -1.159e+04 1 0))
s>    ( QUESTION0 -1 -2.100e+05 5.068e+02 9.452e+02
s>        ( WDBNDRY_E 0 -1.979e+05 1.591e+02 8.907e+02
s>            ( - -4.097e+02 1 0)
s>            ( - -1.974e+05 8 0))
s>        ( - -1.159e+04 1 0))INFO: dtree.c(1315): Comp split 6
INFO: dtree.c(1439): stop. leaf nodes are specific
INFO: dtree.c(1478): Final simple tree
|( QUESTION2_10_L -1 -1.225e+05 1.929e+02 5.372e+02
|    ( - -1.212e+05 7 0)
|    ( - -1.090e+03 1 0))
s>    ( QUESTION2_10_L -1 -1.225e+05 1.929e+02 5.372e+02
s>        ( - -1.212e+05 7 0)
s>        ( - -1.090e+03 1 0))INFO: dtree.c(1439): stop. leaf nodes are specific
INFO: dtree.c(1478): Final simple tree
|( QUESTION2_0_L -1 -3.961e+04 3.135e+02 1.788e+02
|    ( - -8.525e+03 2 0)
|    ( - -3.077e+04 4 0))
s>    ( QUESTION2_0_L -1 -3.961e+04 3.135e+02 1.788e+02
s>        ( - -8.525e+03 2 0)
s>        ( - -3.077e+04 4 0))INFO: dtree.c(1315): Comp split 7
INFO: dtree.c(1439): stop. leaf nodes are specific
INFO: dtree.c(1478): Final simple tree
|( WDBNDRY_B 0 -2.362e+04 3.708e+02 9.797e+01
|    ( - -1.036e+04 1 0)
|    ( QUESTION0 1 -1.289e+04 1.462e+02 5.517e+01
|        ( - -8.283e+02 1 0)
|        ( QUESTION0_9_R 1 -1.192e+04 2.127e+02 5.117e+01
|            ( QUESTION2_6_L -1 -1.126e+04 1.176e+02 4.817e+01
|                ( - -1.029e+04 2 0)
|                ( - -8.539e+02 2 0))
|            ( - -4.467e+02 1 0))))
s>    ( WDBNDRY_B 0 -2.362e+04 3.708e+02 9.797e+01
s>        ( - -1.036e+04 1 0)
s>        ( QUESTION0 1 -1.289e+04 1.462e+02 5.517e+01
s>            ( - -8.283e+02 1 0)
s>            ( QUESTION0_9_R 1 -1.192e+04 2.127e+02 5.117e+01
s>                ( QUESTION2_6_L -1 -1.126e+04 1.176e+02 4.817e+01
s>                    ( - -1.029e+04 2 0)
s>                    ( - -8.539e+02 2 0))
s>                ( - -4.467e+02 1 0))))INFO: dtree.c(1439): stop. leaf nodes are specific
INFO: dtree.c(1478): Final simple tree
|( QUESTION0_9_R 1 -3.148e+04 5.452e+02 1.266e+02
|    ( - -1.044e+04 1 0)
|    ( WDBNDRY_B 0 -2.050e+04 4.474e+02 8.101e+01
|        ( - 1.613e+02 1 0)
|        ( QUESTION2_6_L -1 -2.021e+04 1.892e+02 8.001e+01
|            ( - -1.900e+03 1 0)
|            ( QUESTION2 -1 -1.812e+04 1.233e+02 7.101e+01
|                ( - -5.593e+02 1 0)
|                ( - -1.744e+04 3 0)))))
s>    ( QUESTION0_9_R 1 -3.148e+04 5.452e+02 1.266e+02
s>        ( - -1.044e+04 1 0)
s>        ( WDBNDRY_B 0 -2.050e+04 4.474e+02 8.101e+01
s>            ( - 1.613e+02 1 0)
s>            ( QUESTION2_6_L -1 -2.021e+04 1.892e+02 8.001e+01
s>                ( - -1.900e+03 1 0)
s>                ( QUESTION2 -1 -1.812e+04 1.233e+02 7.101e+01
s>                    ( - -5.593e+02 1 0)
s>                    ( - -1.744e+04 3 0)))))INFO: dtree.c(1315): Comp split 8
INFO: dtree.c(1439): stop. leaf nodes are specific
INFO: dtree.c(1478): Final simple tree
|( QUESTION0_13_R 1 -2.448e+04 3.012e+02 1.028e+02
|    ( QUESTION2_0_L -1 -1.432e+04 1.604e+02 6.030e+01
|        ( QUESTION0_14_R 1 -1.319e+04 1.508e+02 5.830e+01
|            ( - -1.149e+04 2 0)
|            ( - -1.541e+03 1 0))
|        ( - -9.692e+02 1 0))
|    ( WDBNDRY_E 0 -9.864e+03 2.858e+02 4.249e+01
|        ( - -4.198e+03 1 0)
|        ( - -5.380e+03 2 0)))
s>    ( QUESTION0_13_R 1 -2.448e+04 3.012e+02 1.028e+02
s>        ( QUESTION2_0_L -1 -1.432e+04 1.604e+02 6.030e+01
s>            ( QUESTION0_14_R 1 -1.319e+04 1.508e+02 5.830e+01
s>                ( - -1.149e+04 2 0)
s>                ( - -1.541e+03 1 0))
s>            ( - -9.692e+02 1 0))
s>        ( WDBNDRY_E 0 -9.864e+03 2.858e+02 4.249e+01
s>            ( - -4.198e+03 1 0)
s>            ( - -5.380e+03 2 0)))INFO: dtree.c(1439): stop. leaf nodes are specific
INFO: dtree.c(1478): Final simple tree
|( QUESTION0_9_R 1 -5.180e+04 3.800e+02 2.367e+02
|    ( WDBNDRY_E 0 -1.524e+04 1.523e+02 7.176e+01
|        ( - -5.575e+02 1 0)
|        ( - -1.453e+04 1 0))
|    ( QUESTION10 -1 -3.618e+04 1.809e+02 1.649e+02
|        ( - -3.222e+04 2 0)
|        ( - -3.780e+03 1 0)))
s>    ( QUESTION0_9_R 1 -5.180e+04 3.800e+02 2.367e+02
s>        ( WDBNDRY_E 0 -1.524e+04 1.523e+02 7.176e+01
s>            ( - -5.575e+02 1 0)
s>            ( - -1.453e+04 1 0))
s>        ( QUESTION10 -1 -3.618e+04 1.809e+02 1.649e+02
s>            ( - -3.222e+04 2 0)
s>            ( - -3.780e+03 1 0)))INFO: dtree.c(1315): Comp split 9
INFO: dtree.c(1439): stop. leaf nodes are specific
INFO: dtree.c(1478): Final simple tree
|( WDBNDRY_B 0 -2.050e+04 4.474e+02 8.101e+01
|    ( - 1.613e+02 1 0)
|    ( QUESTION2_6_L -1 -2.021e+04 1.892e+02 8.001e+01
|        ( - -1.900e+03 1 0)
|        ( QUESTION2 -1 -1.812e+04 1.233e+02 7.101e+01
|            ( - -5.593e+02 1 0)
|            ( - -1.744e+04 3 0))))
s>    ( WDBNDRY_B 0 -2.050e+04 4.474e+02 8.101e+01
s>        ( - 1.613e+02 1 0)
s>        ( QUESTION2_6_L -1 -2.021e+04 1.892e+02 8.001e+01
s>            ( - -1.900e+03 1 0)
s>            ( QUESTION2 -1 -1.812e+04 1.233e+02 7.101e+01
s>                ( - -5.593e+02 1 0)
s>                ( - -1.744e+04 3 0))))INFO: dtree.c(1315): Comp split 10
INFO: dtree.c(1439): stop. leaf nodes are specific
INFO: dtree.c(1478): Final simple tree
|( WDBNDRY_E 0 -1.979e+05 1.591e+02 8.907e+02
|    ( - -4.097e+02 1 0)
|    ( - -1.974e+05 8 0))
s>    ( WDBNDRY_E 0 -1.979e+05 1.591e+02 8.907e+02
s>        ( - -4.097e+02 1 0)
s>        ( - -1.974e+05 8 0))INFO: dtree.c(1315): Comp split 11
INFO: dtree.c(1439): stop. leaf nodes are specific
INFO: dtree.c(1478): Final simple tree
|( QUESTION10 -1 -1.171e+05 2.517e+02 5.088e+02
|    ( - -7.100e+04 4 0)
|    ( - -4.584e+04 2 0))
s>    ( QUESTION10 -1 -1.171e+05 2.517e+02 5.088e+02
s>        ( - -7.100e+04 4 0)
s>        ( - -4.584e+04 2 0))INFO: dtree.c(1315): Comp split 12
INFO: dtree.c(1439): stop. leaf nodes are specific
INFO: dtree.c(1478): Final simple tree
|( QUESTION2_6_L -1 -2.021e+04 1.892e+02 8.001e+01
|    ( - -1.900e+03 1 0)
|    ( QUESTION2 -1 -1.812e+04 1.233e+02 7.101e+01
|        ( - -5.593e+02 1 0)
|        ( - -1.744e+04 3 0)))
s>    ( QUESTION2_6_L -1 -2.021e+04 1.892e+02 8.001e+01
s>        ( - -1.900e+03 1 0)
s>        ( QUESTION2 -1 -1.812e+04 1.233e+02 7.101e+01
s>            ( - -5.593e+02 1 0)
s>            ( - -1.744e+04 3 0)))INFO: dtree.c(1315): Comp split 13
INFO: dtree.c(1439): stop. leaf nodes are specific
INFO: dtree.c(1478): Final simple tree
|( QUESTION10 -1 -3.618e+04 1.809e+02 1.649e+02
|    ( - -3.222e+04 2 0)
|    ( - -3.780e+03 1 0))
s>    ( QUESTION10 -1 -3.618e+04 1.809e+02 1.649e+02
s>        ( - -3.222e+04 2 0)
s>        ( - -3.780e+03 1 0))INFO: dtree.c(1439): stop. leaf nodes are specific
INFO: dtree.c(1478): Final simple tree
|( WDBNDRY_E 0 -1.524e+04 1.523e+02 7.176e+01
|    ( - -5.575e+02 1 0)
|    ( - -1.453e+04 1 0))
s>    ( WDBNDRY_E 0 -1.524e+04 1.523e+02 7.176e+01
s>        ( - -5.575e+02 1 0)
s>        ( - -1.453e+04 1 0))INFO: dtree.c(1315): Comp split 14
INFO: dtree.c(1439): stop. leaf nodes are specific
INFO: dtree.c(1478): Final simple tree
|( QUESTION10 -1 -7.974e+04 1.644e+02 3.569e+02
|    ( - -7.106e+04 4 0)
|    ( - -8.515e+03 2 0))
s>    ( QUESTION10 -1 -7.974e+04 1.644e+02 3.569e+02
s>        ( - -7.106e+04 4 0)
s>        ( - -8.515e+03 2 0))INFO: dtree.c(1439): stop. leaf nodes are specific
INFO: dtree.c(1478): Final simple tree
|( QUESTION12 -1 -4.064e+04 1.243e+02 1.827e+02
|    ( - -4.179e+03 1 0)
|    ( - -3.634e+04 2 0))
s>    ( QUESTION12 -1 -4.064e+04 1.243e+02 1.827e+02
s>        ( - -4.179e+03 1 0)
s>        ( - -3.634e+04 2 0))INFO: dtree.c(1315): Comp split 15
INFO: dtree.c(1439): stop. leaf nodes are specific
INFO: dtree.c(1478): Final simple tree
|( QUESTION0 1 -1.289e+04 1.462e+02 5.517e+01
|    ( - -8.283e+02 1 0)
|    ( QUESTION0_9_R 1 -1.192e+04 2.127e+02 5.117e+01
|        ( QUESTION2_6_L -1 -1.126e+04 1.176e+02 4.817e+01
|            ( - -1.029e+04 2 0)
|            ( - -8.539e+02 2 0))
|        ( - -4.467e+02 1 0)))
s>    ( QUESTION0 1 -1.289e+04 1.462e+02 5.517e+01
s>        ( - -8.283e+02 1 0)
s>        ( QUESTION0_9_R 1 -1.192e+04 2.127e+02 5.117e+01
s>            ( QUESTION2_6_L -1 -1.126e+04 1.176e+02 4.817e+01
s>                ( - -1.029e+04 2 0)
s>                ( - -8.539e+02 2 0))
s>            ( - -4.467e+02 1 0)))INFO: dtree.c(1315): Comp split 16
INFO: dtree.c(1315): Comp split 17
INFO: dtree.c(1315): Comp split 18
INFO: dtree.c(1439): stop. leaf nodes are specific
INFO: dtree.c(1478): Final simple tree
|( QUESTION2_0_L -1 -1.432e+04 1.604e+02 6.030e+01
|    ( QUESTION0_14_R 1 -1.319e+04 1.508e+02 5.830e+01
|        ( - -1.149e+04 2 0)
|        ( - -1.541e+03 1 0))
|    ( - -9.692e+02 1 0))
s>    ( QUESTION2_0_L -1 -1.432e+04 1.604e+02 6.030e+01
s>        ( QUESTION0_14_R 1 -1.319e+04 1.508e+02 5.830e+01
s>            ( - -1.149e+04 2 0)
s>            ( - -1.541e+03 1 0))
s>        ( - -9.692e+02 1 0))INFO: dtree.c(1439): stop. leaf nodes are specific
INFO: dtree.c(1478): Final simple tree
|( WDBNDRY_E 0 -9.864e+03 2.858e+02 4.249e+01
|    ( - -4.198e+03 1 0)
|    ( - -5.380e+03 2 0))
s>    ( WDBNDRY_E 0 -9.864e+03 2.858e+02 4.249e+01
s>        ( - -4.198e+03 1 0)
s>        ( - -5.380e+03 2 0))INFO: dtree.c(1315): Comp split 19
INFO: dtree.c(1315): Comp split 20
INFO: dtree.c(1315): Comp split 21
INFO: dtree.c(1439): stop. leaf nodes are specific
INFO: dtree.c(1478): Final simple tree
|( QUESTION0_9_R 1 -1.223e+04 1.461e+02 5.217e+01
|    ( QUESTION2_6_L -1 -1.126e+04 1.176e+02 4.817e+01
|        ( - -1.029e+04 2 0)
|        ( - -8.539e+02 2 0))
|    ( - -8.283e+02 1 0))
s>    ( QUESTION0_9_R 1 -1.223e+04 1.461e+02 5.217e+01
s>        ( QUESTION2_6_L -1 -1.126e+04 1.176e+02 4.817e+01
s>            ( - -1.029e+04 2 0)
s>            ( - -8.539e+02 2 0))
s>        ( - -8.283e+02 1 0))INFO: dtree.c(1315): Comp split 22
INFO: dtree.c(1315): Comp split 23
INFO: dtree.c(1439): stop. leaf nodes are specific
INFO: dtree.c(1478): Final simple tree
|( QUESTION2 -1 -1.812e+04 1.233e+02 7.101e+01
|    ( - -5.593e+02 1 0)
|    ( - -1.744e+04 3 0))
s>    ( QUESTION2 -1 -1.812e+04 1.233e+02 7.101e+01
s>        ( - -5.593e+02 1 0)
s>        ( - -1.744e+04 3 0))INFO: dtree.c(1315): Comp split 24
INFO: dtree.c(1315): Comp split 25
INFO: dtree.c(1315): Comp split 26
INFO: dtree.c(1439): stop. leaf nodes are specific
INFO: dtree.c(1478): Final simple tree
|( QUESTION0_14_R 1 -1.319e+04 1.508e+02 5.830e+01
|    ( - -1.149e+04 2 0)
|    ( - -1.541e+03 1 0))
s>    ( QUESTION0_14_R 1 -1.319e+04 1.508e+02 5.830e+01
s>        ( - -1.149e+04 2 0)
s>        ( - -1.541e+03 1 0))INFO: dtree.c(1315): Comp split 27
INFO: dtree.c(1315): Comp split 28
INFO: dtree.c(1315): Comp split 29
INFO: dtree.c(1315): Comp split 30
INFO: dtree.c(1439): stop. leaf nodes are specific
INFO: dtree.c(1478): Final simple tree
|( QUESTION2_6_L -1 -1.126e+04 1.176e+02 4.817e+01
|    ( - -1.029e+04 2 0)
|    ( - -8.539e+02 2 0))
s>    ( QUESTION2_6_L -1 -1.126e+04 1.176e+02 4.817e+01
s>        ( - -1.029e+04 2 0)
s>        ( - -8.539e+02 2 0))INFO: dtree.c(1315): Comp split 31
INFO: dtree.c(1315): Comp split 32
INFO: dtree.c(1315): Comp split 33
INFO: dtree.c(1315): Comp split 34
INFO: dtree.c(1318): stop. leaf nodes are specific
Fri Jan  6 22:28:28 2023
