Current configuration:
[NAME]		[DEFLT]	[VALUE]
-allphones	no	no
-cntthresh	0.00001	1.000000e-05
-csplitmax	100	2000
-csplitmin	1	1
-csplitthr	8e-4	0.000000e+00
-example	no	no
-fullvar	no	no
-help		no	no
-meanfn			/mnt/c/users/robin/onedrive/desktop/cmu/Cebuano/model_parameters/Cebuano.cd_cont_untied/means
-mixwfn			/mnt/c/users/robin/onedrive/desktop/cmu/Cebuano/model_parameters/Cebuano.cd_cont_untied/mixture_weights
-moddeffn		/mnt/c/users/robin/onedrive/desktop/cmu/Cebuano/model_architecture/Cebuano.untied.mdef
-mwfloor	1e-4	1.000000e-08
-phone			AY
-psetfn			/mnt/c/users/robin/onedrive/desktop/cmu/Cebuano/model_architecture/Cebuano.tree_questions
-ssplitmax	5	7
-ssplitmin	1	1
-ssplitthr	8e-4	0.000000e+00
-state			2
-stwt			1.0,0.05,0.0,
-treefn			/mnt/c/users/robin/onedrive/desktop/cmu/Cebuano/trees/Cebuano.unpruned/AY-2.dtree
-ts2cbfn	.semi.	.cont.
-varfloor	0.00001	1.000000e-05
-varfn			/mnt/c/users/robin/onedrive/desktop/cmu/Cebuano/model_parameters/Cebuano.cd_cont_untied/variances

INFO: main.c(223): Reading: /mnt/c/users/robin/onedrive/desktop/cmu/Cebuano/model_architecture/Cebuano.untied.mdef
INFO: model_def_io.c(573): Model definition info:
INFO: model_def_io.c(574): 7744 total models defined (40 base, 7704 tri)
INFO: model_def_io.c(575): 30976 total states
INFO: model_def_io.c(576): 23232 total tied states
INFO: model_def_io.c(577): 120 total tied CI states
INFO: model_def_io.c(578): 40 total tied transition matrices
INFO: model_def_io.c(579): 4 max state/model
INFO: model_def_io.c(580): 4 min state/model
INFO: main.c(242): Building trees for [AY AA AH i] through [AY W OW i]
INFO: main.c(268): Covering states |[4932 5360]| == 429
INFO: main.c(275): Reading: /mnt/c/users/robin/onedrive/desktop/cmu/Cebuano/model_parameters/Cebuano.cd_cont_untied/mixture_weights
INFO: s3mixw_io.c(172): Read /mnt/c/users/robin/onedrive/desktop/cmu/Cebuano/model_parameters/Cebuano.cd_cont_untied/mixture_weights [429x1x1 array]
INFO: main.c(311): 141 of 143 models have observation count greater than 0.000010
INFO: main.c(95): nrm stwt: 0.000 0.048 0.952 
INFO: s3gau_io.c(168): Read /mnt/c/users/robin/onedrive/desktop/cmu/Cebuano/model_parameters/Cebuano.cd_cont_untied/means [23232x1x1 array]
INFO: s3gau_io.c(168): Read /mnt/c/users/robin/onedrive/desktop/cmu/Cebuano/model_parameters/Cebuano.cd_cont_untied/variances [23232x1x1 array]
INFO: main.c(549): Reading: /mnt/c/users/robin/onedrive/desktop/cmu/Cebuano/model_architecture/Cebuano.tree_questions
INFO: main.c(587): 180 total simple questions (172 phone; 8 word bndry)
INFO: main.c(589): 42 Left Only questions, and 42 Right Only questions
INFO: dtree.c(1478): Final simple tree
|( WDBNDRY_B 0 -3.704e+06 5.017e+04 1.631e+04
|    ( QUESTION0_0_R 1 -6.026e+05 1.040e+04 2.978e+03
|        ( - -3.599e+04 4 0 QUESTION0_1_R 1 4.998e+02 1.614e+02)
|        ( - -5.562e+05 10 0 QUESTION2_12_L -1 1.247e+03 2.817e+03))
|    ( QUESTION0_14_R 1 -3.052e+06 3.928e+04 1.333e+04
|        ( QUESTION2_19_L -1 -1.434e+06 7.947e+03 6.485e+03
|            ( - -1.757e+05 2 0)
|            ( - -1.250e+06 32 0 QUESTION14 -1 4.945e+03 5.691e+03))
|        ( QUESTION16 1 -1.579e+06 2.789e+04 6.847e+03
|            ( - -5.408e+05 16 0 QUESTION2_0_L -1 1.759e+03 2.459e+03)
|            ( QUESTION0_0_R 1 -1.010e+06 9.395e+03 4.388e+03
|                ( - -3.801e+05 41 0 QUESTION0_3_R 1 3.475e+03 1.631e+03)
|                ( QUESTION2_0_L -1 -6.204e+05 9.281e+03 2.757e+03
|                    ( - -4.187e+05 30 0 QUESTION3 -1 2.591e+03 1.832e+03)
|                    ( - -1.924e+05 6 0 QUESTION12 -1 4.531e+03 9.252e+02))))))
s>    ( WDBNDRY_B 0 -3.704e+06 5.017e+04 1.631e+04
s>        ( QUESTION0_0_R 1 -6.026e+05 1.040e+04 2.978e+03
s>            ( - -3.599e+04 4 0 QUESTION0_1_R 1 4.998e+02 1.614e+02)
s>            ( - -5.562e+05 10 0 QUESTION2_12_L -1 1.247e+03 2.817e+03))
s>        ( QUESTION0_14_R 1 -3.052e+06 3.928e+04 1.333e+04
s>            ( QUESTION2_19_L -1 -1.434e+06 7.947e+03 6.485e+03
s>                ( - -1.757e+05 2 0)
s>                ( - -1.250e+06 32 0 QUESTION14 -1 4.945e+03 5.691e+03))
s>            ( QUESTION16 1 -1.579e+06 2.789e+04 6.847e+03
s>                ( - -5.408e+05 16 0 QUESTION2_0_L -1 1.759e+03 2.459e+03)
s>                ( QUESTION0_0_R 1 -1.010e+06 9.395e+03 4.388e+03
s>                    ( - -3.801e+05 41 0 QUESTION0_3_R 1 3.475e+03 1.631e+03)
s>                    ( QUESTION2_0_L -1 -6.204e+05 9.281e+03 2.757e+03
s>                        ( - -4.187e+05 30 0 QUESTION3 -1 2.591e+03 1.832e+03)
s>                        ( - -1.924e+05 6 0 QUESTION12 -1 4.531e+03 9.252e+02))))))INFO: dtree.c(1315): Comp split 0
INFO: dtree.c(1478): Final simple tree
|( QUESTION14 1 -7.571e+05 1.127e+04 3.742e+03
|    ( QUESTION2_19_L -1 -6.438e+05 1.885e+03 3.252e+03
|        ( - -3.040e+05 1 0)
|        ( WDBNDRY_B 0 -3.379e+05 1.107e+03 1.701e+03
|            ( SILENCE -1 -2.509e+05 7.117e+02 1.265e+03
|                ( - -1.569e+04 1 0)
|                ( QUESTION2_12_L -1 -2.345e+05 6.755e+02 1.188e+03
|                    ( - -4.094e+03 1 0)
|                    ( - -2.298e+05 7 0 QUESTION10 -1 3.962e+02 1.167e+03)))
|            ( - -8.589e+04 2 0)))
|    ( WDBNDRY_S 0 -1.020e+05 9.529e+02 4.897e+02
|        ( SILENCE 1 -9.851e+04 5.139e+02 4.773e+02
|            ( - -9.820e+04 2 0 SILENCE -1 2.251e+02 4.763e+02)
|            ( - 2.074e+02 1 0))
|        ( - -2.557e+03 1 0)))
s>    ( QUESTION14 1 -7.571e+05 1.127e+04 3.742e+03
s>        ( QUESTION2_19_L -1 -6.438e+05 1.885e+03 3.252e+03
s>            ( - -3.040e+05 1 0)
s>            ( WDBNDRY_B 0 -3.379e+05 1.107e+03 1.701e+03
s>                ( SILENCE -1 -2.509e+05 7.117e+02 1.265e+03
s>                    ( - -1.569e+04 1 0)
s>                    ( QUESTION2_12_L -1 -2.345e+05 6.755e+02 1.188e+03
s>                        ( - -4.094e+03 1 0)
s>                        ( - -2.298e+05 7 0 QUESTION10 -1 3.962e+02 1.167e+03)))
s>                ( - -8.589e+04 2 0)))
s>        ( WDBNDRY_S 0 -1.020e+05 9.529e+02 4.897e+02
s>            ( SILENCE 1 -9.851e+04 5.139e+02 4.773e+02
s>                ( - -9.820e+04 2 0 SILENCE -1 2.251e+02 4.763e+02)
s>                ( - 2.074e+02 1 0))
s>            ( - -2.557e+03 1 0)))INFO: dtree.c(1478): Final simple tree
|( QUESTION0_14_R 1 -2.883e+06 3.825e+04 1.257e+04
|    ( QUESTION2_19_L -1 -1.434e+06 7.947e+03 6.485e+03
|        ( - -1.757e+05 2 0)
|        ( QUESTION14 -1 -1.250e+06 4.945e+03 5.691e+03
|            ( - -7.453e+05 7 0 QUESTION2_0_L -1 1.148e+03 3.449e+03)
|            ( QUESTION2 -1 -4.999e+05 3.733e+03 2.242e+03
|                ( - -5.185e+04 4 0 QUESTION3 -1 1.848e+02 2.379e+02)
|                ( - -4.443e+05 21 0 QUESTION12 -1 1.412e+03 2.004e+03))))
|    ( QUESTION16 1 -1.411e+06 2.504e+04 6.083e+03
|        ( - -5.408e+05 16 0 QUESTION2_0_L -1 1.759e+03 2.459e+03)
|        ( QUESTION0_0_R 1 -8.449e+05 8.805e+03 3.624e+03
|            ( QUESTION0_1_R 1 -4.175e+05 4.150e+03 1.793e+03
|                ( - -1.683e+05 25 0 WDBNDRY_B 0 8.132e+02 7.356e+02)
|                ( - -2.450e+05 20 0 QUESTION0_3_R 1 3.082e+03 1.057e+03))
|            ( - -4.187e+05 30 0 QUESTION3 -1 2.591e+03 1.832e+03))))
s>    ( QUESTION0_14_R 1 -2.883e+06 3.825e+04 1.257e+04
s>        ( QUESTION2_19_L -1 -1.434e+06 7.947e+03 6.485e+03
s>            ( - -1.757e+05 2 0)
s>            ( QUESTION14 -1 -1.250e+06 4.945e+03 5.691e+03
s>                ( - -7.453e+05 7 0 QUESTION2_0_L -1 1.148e+03 3.449e+03)
s>                ( QUESTION2 -1 -4.999e+05 3.733e+03 2.242e+03
s>                    ( - -5.185e+04 4 0 QUESTION3 -1 1.848e+02 2.379e+02)
s>                    ( - -4.443e+05 21 0 QUESTION12 -1 1.412e+03 2.004e+03))))
s>        ( QUESTION16 1 -1.411e+06 2.504e+04 6.083e+03
s>            ( - -5.408e+05 16 0 QUESTION2_0_L -1 1.759e+03 2.459e+03)
s>            ( QUESTION0_0_R 1 -8.449e+05 8.805e+03 3.624e+03
s>                ( QUESTION0_1_R 1 -4.175e+05 4.150e+03 1.793e+03
s>                    ( - -1.683e+05 25 0 WDBNDRY_B 0 8.132e+02 7.356e+02)
s>                    ( - -2.450e+05 20 0 QUESTION0_3_R 1 3.082e+03 1.057e+03))
s>                ( - -4.187e+05 30 0 QUESTION3 -1 2.591e+03 1.832e+03))))INFO: dtree.c(1315): Comp split 1
INFO: dtree.c(1478): Final simple tree
|( QUESTION14 -1 -1.194e+06 4.558e+03 5.453e+03
|    ( QUESTION2_0_L -1 -7.453e+05 1.148e+03 3.449e+03
|        ( - -6.621e+05 4 0)
|        ( - -8.203e+04 3 0))
|    ( QUESTION12 -1 -4.443e+05 1.412e+03 2.004e+03
|        ( - -1.767e+05 4 0 QUESTION2_0_L -1 2.636e+02 7.987e+02)
|        ( QUESTION2_11_L -1 -2.662e+05 1.202e+03 1.206e+03
|            ( - -6.158e+04 5 0 WDBNDRY_E 0 2.092e+02 2.759e+02)
|            ( QUESTION16 -1 -2.034e+05 1.014e+03 9.298e+02
|                ( - -3.221e+04 4 0 QUESTION2_1_L -1 2.653e+02 1.459e+02)
|                ( QUESTION11 -1 -1.702e+05 6.890e+02 7.839e+02
|                    ( - -8.385e+04 1 0)
|                    ( WDBNDRY_E 0 -8.565e+04 5.845e+02 3.903e+02
|                        ( - -2.609e+03 1 0)
|                        ( - -8.246e+04 6 0 WDBNDRY_S 0 4.155e+02 3.783e+02)))))))
s>    ( QUESTION14 -1 -1.194e+06 4.558e+03 5.453e+03
s>        ( QUESTION2_0_L -1 -7.453e+05 1.148e+03 3.449e+03
s>            ( - -6.621e+05 4 0)
s>            ( - -8.203e+04 3 0))
s>        ( QUESTION12 -1 -4.443e+05 1.412e+03 2.004e+03
s>            ( - -1.767e+05 4 0 QUESTION2_0_L -1 2.636e+02 7.987e+02)
s>            ( QUESTION2_11_L -1 -2.662e+05 1.202e+03 1.206e+03
s>                ( - -6.158e+04 5 0 WDBNDRY_E 0 2.092e+02 2.759e+02)
s>                ( QUESTION16 -1 -2.034e+05 1.014e+03 9.298e+02
s>                    ( - -3.221e+04 4 0 QUESTION2_1_L -1 2.653e+02 1.459e+02)
s>                    ( QUESTION11 -1 -1.702e+05 6.890e+02 7.839e+02
s>                        ( - -8.385e+04 1 0)
s>                        ( WDBNDRY_E 0 -8.565e+04 5.845e+02 3.903e+02
s>                            ( - -2.609e+03 1 0)
s>                            ( - -8.246e+04 6 0 WDBNDRY_S 0 4.155e+02 3.783e+02)))))))INFO: dtree.c(1478): Final simple tree
|( QUESTION0_11_R 1 -1.649e+06 2.203e+04 7.115e+03
|    ( - -5.217e+05 11 0 QUESTION12 -1 1.728e+03 2.378e+03)
|    ( QUESTION0_0_R 1 -1.105e+06 1.193e+04 4.737e+03
|        ( QUESTION0_1_R 1 -4.175e+05 4.150e+03 1.793e+03
|            ( - -1.683e+05 25 0 WDBNDRY_B 0 8.132e+02 7.356e+02)
|            ( QUESTION0_3_R 1 -2.450e+05 3.082e+03 1.057e+03
|                ( - -1.572e+05 10 0 QUESTION2_6_L -1 6.349e+02 6.833e+02)
|                ( - -8.466e+04 10 0 QUESTION2_10_L -1 7.895e+02 3.739e+02)))
|        ( QUESTION2_19_L -1 -6.759e+05 8.420e+03 2.944e+03
|            ( - -1.807e+05 3 0 QUESTION0_14_R 1 3.328e+02 8.158e+02)
|            ( QUESTION3 -1 -4.868e+05 2.904e+03 2.129e+03
|                ( QUESTION0_14_R 1 -2.949e+05 2.259e+03 1.303e+03
|                    ( - -5.136e+04 3 0)
|                    ( - -2.413e+05 5 0 QUESTION0_16_R 1 9.325e+02 1.067e+03))
|                ( - -1.891e+05 30 0 QUESTION14 1 1.920e+03 8.257e+02)))))
s>    ( QUESTION0_11_R 1 -1.649e+06 2.203e+04 7.115e+03
s>        ( - -5.217e+05 11 0 QUESTION12 -1 1.728e+03 2.378e+03)
s>        ( QUESTION0_0_R 1 -1.105e+06 1.193e+04 4.737e+03
s>            ( QUESTION0_1_R 1 -4.175e+05 4.150e+03 1.793e+03
s>                ( - -1.683e+05 25 0 WDBNDRY_B 0 8.132e+02 7.356e+02)
s>                ( QUESTION0_3_R 1 -2.450e+05 3.082e+03 1.057e+03
s>                    ( - -1.572e+05 10 0 QUESTION2_6_L -1 6.349e+02 6.833e+02)
s>                    ( - -8.466e+04 10 0 QUESTION2_10_L -1 7.895e+02 3.739e+02)))
s>            ( QUESTION2_19_L -1 -6.759e+05 8.420e+03 2.944e+03
s>                ( - -1.807e+05 3 0 QUESTION0_14_R 1 3.328e+02 8.158e+02)
s>                ( QUESTION3 -1 -4.868e+05 2.904e+03 2.129e+03
s>                    ( QUESTION0_14_R 1 -2.949e+05 2.259e+03 1.303e+03
s>                        ( - -5.136e+04 3 0)
s>                        ( - -2.413e+05 5 0 QUESTION0_16_R 1 9.325e+02 1.067e+03))
s>                    ( - -1.891e+05 30 0 QUESTION14 1 1.920e+03 8.257e+02)))))INFO: dtree.c(1315): Comp split 2
INFO: dtree.c(1478): Final simple tree
|( QUESTION0_0_R 1 -9.142e+05 9.845e+03 3.921e+03
|    ( QUESTION0_1_R 1 -4.175e+05 4.150e+03 1.793e+03
|        ( - -1.683e+05 25 0 WDBNDRY_B 0 8.132e+02 7.356e+02)
|        ( QUESTION0_3_R 1 -2.450e+05 3.082e+03 1.057e+03
|            ( - -1.572e+05 10 0 QUESTION2_6_L -1 6.349e+02 6.833e+02)
|            ( - -8.466e+04 10 0 QUESTION2_10_L -1 7.895e+02 3.739e+02)))
|    ( QUESTION3 -1 -4.868e+05 2.904e+03 2.129e+03
|        ( QUESTION0_14_R 1 -2.949e+05 2.259e+03 1.303e+03
|            ( - -5.136e+04 3 0)
|            ( - -2.413e+05 5 0 QUESTION0_16_R 1 9.325e+02 1.067e+03))
|        ( QUESTION14 1 -1.891e+05 1.920e+03 8.257e+02
|            ( - -7.161e+04 14 0 QUESTION0_9_R 1 6.134e+02 3.225e+02)
|            ( QUESTION0_17_R 1 -1.155e+05 1.206e+03 5.031e+02
|                ( - -5.431e+04 9 0 QUESTION14 -1 6.507e+02 2.375e+02)
|                ( - -6.001e+04 7 0 QUESTION0 1 1.190e+03 2.656e+02)))))
s>    ( QUESTION0_0_R 1 -9.142e+05 9.845e+03 3.921e+03
s>        ( QUESTION0_1_R 1 -4.175e+05 4.150e+03 1.793e+03
s>            ( - -1.683e+05 25 0 WDBNDRY_B 0 8.132e+02 7.356e+02)
s>            ( QUESTION0_3_R 1 -2.450e+05 3.082e+03 1.057e+03
s>                ( - -1.572e+05 10 0 QUESTION2_6_L -1 6.349e+02 6.833e+02)
s>                ( - -8.466e+04 10 0 QUESTION2_10_L -1 7.895e+02 3.739e+02)))
s>        ( QUESTION3 -1 -4.868e+05 2.904e+03 2.129e+03
s>            ( QUESTION0_14_R 1 -2.949e+05 2.259e+03 1.303e+03
s>                ( - -5.136e+04 3 0)
s>                ( - -2.413e+05 5 0 QUESTION0_16_R 1 9.325e+02 1.067e+03))
s>            ( QUESTION14 1 -1.891e+05 1.920e+03 8.257e+02
s>                ( - -7.161e+04 14 0 QUESTION0_9_R 1 6.134e+02 3.225e+02)
s>                ( QUESTION0_17_R 1 -1.155e+05 1.206e+03 5.031e+02
s>                    ( - -5.431e+04 9 0 QUESTION14 -1 6.507e+02 2.375e+02)
s>                    ( - -6.001e+04 7 0 QUESTION0 1 1.190e+03 2.656e+02)))))INFO: dtree.c(1478): Final simple tree
|( QUESTION0_14_R 1 -7.071e+05 4.804e+03 3.194e+03
|    ( - -1.757e+05 2 0)
|    ( QUESTION12 -1 -5.266e+05 1.737e+03 2.400e+03
|        ( - -2.028e+05 1 0)
|        ( QUESTION2_14_L -1 -3.220e+05 4.365e+02 1.464e+03
|            ( - -3.169e+04 2 0 QUESTION14 -1 2.276e+02 1.468e+02)
|            ( QUESTION0 -1 -2.899e+05 4.327e+02 1.318e+03
|                ( - -2.268e+05 3 0 QUESTION0_9_R 1 2.299e+02 1.035e+03)
|                ( QUESTION2_6_L -1 -6.264e+04 3.428e+02 2.826e+02
|                    ( - -7.277e+03 1 0)
|                    ( QUESTION2 -1 -5.502e+04 2.739e+02 2.479e+02
|                        ( - -3.984e+03 1 0)
|                        ( QUESTION2_10_L -1 -5.076e+04 2.323e+02 2.294e+02
|                            ( - -1.732e+04 2 0)
|                            ( - -3.321e+04 2 0 QUESTION10 -1 1.112e+02 1.521e+02))))))))
s>    ( QUESTION0_14_R 1 -7.071e+05 4.804e+03 3.194e+03
s>        ( - -1.757e+05 2 0)
s>        ( QUESTION12 -1 -5.266e+05 1.737e+03 2.400e+03
s>            ( - -2.028e+05 1 0)
s>            ( QUESTION2_14_L -1 -3.220e+05 4.365e+02 1.464e+03
s>                ( - -3.169e+04 2 0 QUESTION14 -1 2.276e+02 1.468e+02)
s>                ( QUESTION0 -1 -2.899e+05 4.327e+02 1.318e+03
s>                    ( - -2.268e+05 3 0 QUESTION0_9_R 1 2.299e+02 1.035e+03)
s>                    ( QUESTION2_6_L -1 -6.264e+04 3.428e+02 2.826e+02
s>                        ( - -7.277e+03 1 0)
s>                        ( QUESTION2 -1 -5.502e+04 2.739e+02 2.479e+02
s>                            ( - -3.984e+03 1 0)
s>                            ( QUESTION2_10_L -1 -5.076e+04 2.323e+02 2.294e+02
s>                                ( - -1.732e+04 2 0)
s>                                ( - -3.321e+04 2 0 QUESTION10 -1 1.112e+02 1.521e+02))))))))INFO: dtree.c(1315): Comp split 3
INFO: dtree.c(1439): stop. leaf nodes are specific
INFO: dtree.c(1478): Final simple tree
|( SILENCE 1 -1.066e+05 1.057e+03 5.106e+02
|    ( SILENCE -1 -9.820e+04 2.251e+02 4.763e+02
|        ( - -4.634e+02 1 0)
|        ( - -9.751e+04 1 0))
|    ( WDBNDRY_S 0 -7.327e+03 4.901e+02 3.437e+01
|        ( - 2.074e+02 1 0)
|        ( WDBNDRY_B 0 -7.044e+03 3.936e+02 3.337e+01
|            ( - -4.094e+03 1 0)
|            ( - -2.557e+03 1 0))))
s>    ( SILENCE 1 -1.066e+05 1.057e+03 5.106e+02
s>        ( SILENCE -1 -9.820e+04 2.251e+02 4.763e+02
s>            ( - -4.634e+02 1 0)
s>            ( - -9.751e+04 1 0))
s>        ( WDBNDRY_S 0 -7.327e+03 4.901e+02 3.437e+01
s>            ( - 2.074e+02 1 0)
s>            ( WDBNDRY_B 0 -7.044e+03 3.936e+02 3.337e+01
s>                ( - -4.094e+03 1 0)
s>                ( - -2.557e+03 1 0))))INFO: dtree.c(1478): Final simple tree
|( QUESTION2_0_L -1 -6.391e+05 1.908e+03 3.231e+03
|    ( QUESTION0 -1 -3.294e+05 4.099e+02 1.681e+03
|        ( - -3.040e+05 1 0)
|        ( QUESTION2 -1 -2.501e+04 3.114e+02 1.295e+02
|            ( - -2.262e+02 1 0)
|            ( QUESTION10 -1 -2.447e+04 2.526e+02 1.275e+02
|                ( - -2.408e+04 1 0)
|                ( - -1.418e+02 1 0))))
|    ( WDBNDRY_B 0 -3.078e+05 1.091e+03 1.550e+03
|        ( SILENCE -1 -2.208e+05 7.293e+02 1.115e+03
|            ( - -1.569e+04 1 0)
|            ( QUESTION15 -1 -2.044e+05 2.511e+02 1.037e+03
|                ( - -5.230e+03 1 0)
|                ( - -1.989e+05 3 0 QUESTION12 -1 1.839e+02 1.010e+03)))
|        ( - -8.589e+04 2 0)))
s>    ( QUESTION2_0_L -1 -6.391e+05 1.908e+03 3.231e+03
s>        ( QUESTION0 -1 -3.294e+05 4.099e+02 1.681e+03
s>            ( - -3.040e+05 1 0)
s>            ( QUESTION2 -1 -2.501e+04 3.114e+02 1.295e+02
s>                ( - -2.262e+02 1 0)
s>                ( QUESTION10 -1 -2.447e+04 2.526e+02 1.275e+02
s>                    ( - -2.408e+04 1 0)
s>                    ( - -1.418e+02 1 0))))
s>        ( WDBNDRY_B 0 -3.078e+05 1.091e+03 1.550e+03
s>            ( SILENCE -1 -2.208e+05 7.293e+02 1.115e+03
s>                ( - -1.569e+04 1 0)
s>                ( QUESTION15 -1 -2.044e+05 2.511e+02 1.037e+03
s>                    ( - -5.230e+03 1 0)
s>                    ( - -1.989e+05 3 0 QUESTION12 -1 1.839e+02 1.010e+03)))
s>            ( - -8.589e+04 2 0)))INFO: dtree.c(1315): Comp split 4
INFO: dtree.c(1478): Final simple tree
|( QUESTION3 -1 -4.868e+05 2.904e+03 2.129e+03
|    ( QUESTION0_14_R 1 -2.949e+05 2.259e+03 1.303e+03
|        ( - -5.136e+04 3 0)
|        ( QUESTION0_16_R 1 -2.413e+05 9.325e+02 1.067e+03
|            ( - -1.417e+04 1 0)
|            ( - -2.262e+05 4 0 QUESTION0_20_R 1 2.809e+02 9.975e+02)))
|    ( QUESTION14 1 -1.891e+05 1.920e+03 8.257e+02
|        ( - -7.161e+04 14 0 QUESTION0_9_R 1 6.134e+02 3.225e+02)
|        ( QUESTION0_17_R 1 -1.155e+05 1.206e+03 5.031e+02
|            ( - -5.431e+04 9 0 QUESTION14 -1 6.507e+02 2.375e+02)
|            ( QUESTION0 1 -6.001e+04 1.190e+03 2.656e+02
|                ( - -1.191e+04 3 0 QUESTION0_14_R 1 2.295e+02 5.703e+01)
|                ( QUESTION0_9_R 1 -4.691e+04 6.699e+02 2.086e+02
|                    ( - -3.220e+04 3 0 QUESTION10 -1 1.870e+02 1.455e+02)
|                    ( - -1.403e+04 1 0))))))
s>    ( QUESTION3 -1 -4.868e+05 2.904e+03 2.129e+03
s>        ( QUESTION0_14_R 1 -2.949e+05 2.259e+03 1.303e+03
s>            ( - -5.136e+04 3 0)
s>            ( QUESTION0_16_R 1 -2.413e+05 9.325e+02 1.067e+03
s>                ( - -1.417e+04 1 0)
s>                ( - -2.262e+05 4 0 QUESTION0_20_R 1 2.809e+02 9.975e+02)))
s>        ( QUESTION14 1 -1.891e+05 1.920e+03 8.257e+02
s>            ( - -7.161e+04 14 0 QUESTION0_9_R 1 6.134e+02 3.225e+02)
s>            ( QUESTION0_17_R 1 -1.155e+05 1.206e+03 5.031e+02
s>                ( - -5.431e+04 9 0 QUESTION14 -1 6.507e+02 2.375e+02)
s>                ( QUESTION0 1 -6.001e+04 1.190e+03 2.656e+02
s>                    ( - -1.191e+04 3 0 QUESTION0_14_R 1 2.295e+02 5.703e+01)
s>                    ( QUESTION0_9_R 1 -4.691e+04 6.699e+02 2.086e+02
s>                        ( - -3.220e+04 3 0 QUESTION10 -1 1.870e+02 1.455e+02)
s>                        ( - -1.403e+04 1 0))))))INFO: dtree.c(1478): Final simple tree
|( QUESTION0_1_R 1 -4.175e+05 4.150e+03 1.793e+03
|    ( WDBNDRY_B 0 -1.683e+05 8.132e+02 7.356e+02
|        ( - -3.194e+04 3 0 QUESTION0 -1 2.631e+02 1.447e+02)
|        ( QUESTION10 1 -1.356e+05 6.977e+02 5.909e+02
|            ( QUESTION2 -1 -3.192e+04 5.015e+02 1.425e+02
|                ( - -8.297e+03 3 0)
|                ( - -2.313e+04 8 0 WDBNDRY_E 0 4.592e+02 1.042e+02))
|            ( - -1.030e+05 11 0 QUESTION2_5_L -1 4.321e+02 4.484e+02)))
|    ( QUESTION0_3_R 1 -2.450e+05 3.082e+03 1.057e+03
|        ( QUESTION2_6_L -1 -1.572e+05 6.349e+02 6.833e+02
|            ( - -4.989e+04 2 0)
|            ( - -1.067e+05 8 0 QUESTION2_14_L -1 4.624e+02 4.667e+02))
|        ( QUESTION2_10_L -1 -8.466e+04 7.895e+02 3.739e+02
|            ( - -5.602e+04 2 0 QUESTION0_5_R 1 1.400e+02 2.529e+02)
|            ( - -2.785e+04 8 0 QUESTION10 -1 4.863e+02 1.210e+02))))
s>    ( QUESTION0_1_R 1 -4.175e+05 4.150e+03 1.793e+03
s>        ( WDBNDRY_B 0 -1.683e+05 8.132e+02 7.356e+02
s>            ( - -3.194e+04 3 0 QUESTION0 -1 2.631e+02 1.447e+02)
s>            ( QUESTION10 1 -1.356e+05 6.977e+02 5.909e+02
s>                ( QUESTION2 -1 -3.192e+04 5.015e+02 1.425e+02
s>                    ( - -8.297e+03 3 0)
s>                    ( - -2.313e+04 8 0 WDBNDRY_E 0 4.592e+02 1.042e+02))
s>                ( - -1.030e+05 11 0 QUESTION2_5_L -1 4.321e+02 4.484e+02)))
s>        ( QUESTION0_3_R 1 -2.450e+05 3.082e+03 1.057e+03
s>            ( QUESTION2_6_L -1 -1.572e+05 6.349e+02 6.833e+02
s>                ( - -4.989e+04 2 0)
s>                ( - -1.067e+05 8 0 QUESTION2_14_L -1 4.624e+02 4.667e+02))
s>            ( QUESTION2_10_L -1 -8.466e+04 7.895e+02 3.739e+02
s>                ( - -5.602e+04 2 0 QUESTION0_5_R 1 1.400e+02 2.529e+02)
s>                ( - -2.785e+04 8 0 QUESTION10 -1 4.863e+02 1.210e+02))))INFO: dtree.c(1315): Comp split 5
INFO: dtree.c(1478): Final simple tree
|( QUESTION12 -1 -5.270e+05 1.542e+03 2.387e+03
|    ( - -1.767e+05 4 0 QUESTION2_0_L -1 2.636e+02 7.987e+02)
|    ( QUESTION2_11_L -1 -3.488e+05 1.119e+03 1.588e+03
|        ( - -6.158e+04 5 0 WDBNDRY_E 0 2.092e+02 2.759e+02)
|        ( QUESTION16 -1 -2.861e+05 9.566e+02 1.312e+03
|            ( - -3.221e+04 4 0 QUESTION2_1_L -1 2.653e+02 1.459e+02)
|            ( QUESTION15 -1 -2.529e+05 7.351e+02 1.167e+03
|                ( - -8.385e+04 1 0)
|                ( QUESTION11 -1 -1.683e+05 6.428e+02 7.729e+02
|                    ( - -8.203e+04 3 0)
|                    ( WDBNDRY_E 0 -8.565e+04 5.845e+02 3.903e+02
|                        ( - -2.609e+03 1 0)
|                        ( WDBNDRY_S 0 -8.246e+04 4.155e+02 3.783e+02
|                            ( - -8.661e+03 1 0)
|                            ( - -7.338e+04 5 0 QUESTION0 -1 1.826e+02 3.394e+02))))))))
s>    ( QUESTION12 -1 -5.270e+05 1.542e+03 2.387e+03
s>        ( - -1.767e+05 4 0 QUESTION2_0_L -1 2.636e+02 7.987e+02)
s>        ( QUESTION2_11_L -1 -3.488e+05 1.119e+03 1.588e+03
s>            ( - -6.158e+04 5 0 WDBNDRY_E 0 2.092e+02 2.759e+02)
s>            ( QUESTION16 -1 -2.861e+05 9.566e+02 1.312e+03
s>                ( - -3.221e+04 4 0 QUESTION2_1_L -1 2.653e+02 1.459e+02)
s>                ( QUESTION15 -1 -2.529e+05 7.351e+02 1.167e+03
s>                    ( - -8.385e+04 1 0)
s>                    ( QUESTION11 -1 -1.683e+05 6.428e+02 7.729e+02
s>                        ( - -8.203e+04 3 0)
s>                        ( WDBNDRY_E 0 -8.565e+04 5.845e+02 3.903e+02
s>                            ( - -2.609e+03 1 0)
s>                            ( WDBNDRY_S 0 -8.246e+04 4.155e+02 3.783e+02
s>                                ( - -8.661e+03 1 0)
s>                                ( - -7.338e+04 5 0 QUESTION0 -1 1.826e+02 3.394e+02))))))))INFO: dtree.c(1315): Comp split 6
INFO: dtree.c(1478): Final simple tree
|( QUESTION12 -1 -5.266e+05 1.737e+03 2.400e+03
|    ( - -2.028e+05 1 0)
|    ( QUESTION2_14_L -1 -3.220e+05 4.365e+02 1.464e+03
|        ( - -3.169e+04 2 0 QUESTION14 -1 2.276e+02 1.468e+02)
|        ( QUESTION0 -1 -2.899e+05 4.327e+02 1.318e+03
|            ( QUESTION0_9_R 1 -2.268e+05 2.299e+02 1.035e+03
|                ( - -2.220e+05 2 0)
|                ( - -4.580e+03 1 0))
|            ( QUESTION2_6_L -1 -6.264e+04 3.428e+02 2.826e+02
|                ( - -7.277e+03 1 0)
|                ( QUESTION2 -1 -5.502e+04 2.739e+02 2.479e+02
|                    ( - -3.984e+03 1 0)
|                    ( QUESTION2_10_L -1 -5.076e+04 2.323e+02 2.294e+02
|                        ( - -1.732e+04 2 0)
|                        ( - -3.321e+04 2 0 QUESTION10 -1 1.112e+02 1.521e+02)))))))
s>    ( QUESTION12 -1 -5.266e+05 1.737e+03 2.400e+03
s>        ( - -2.028e+05 1 0)
s>        ( QUESTION2_14_L -1 -3.220e+05 4.365e+02 1.464e+03
s>            ( - -3.169e+04 2 0 QUESTION14 -1 2.276e+02 1.468e+02)
s>            ( QUESTION0 -1 -2.899e+05 4.327e+02 1.318e+03
s>                ( QUESTION0_9_R 1 -2.268e+05 2.299e+02 1.035e+03
s>                    ( - -2.220e+05 2 0)
s>                    ( - -4.580e+03 1 0))
s>                ( QUESTION2_6_L -1 -6.264e+04 3.428e+02 2.826e+02
s>                    ( - -7.277e+03 1 0)
s>                    ( QUESTION2 -1 -5.502e+04 2.739e+02 2.479e+02
s>                        ( - -3.984e+03 1 0)
s>                        ( QUESTION2_10_L -1 -5.076e+04 2.323e+02 2.294e+02
s>                            ( - -1.732e+04 2 0)
s>                            ( - -3.321e+04 2 0 QUESTION10 -1 1.112e+02 1.521e+02)))))))INFO: dtree.c(1315): Comp split 7
INFO: dtree.c(1478): Final simple tree
|( QUESTION0_3_R 1 -2.450e+05 3.082e+03 1.057e+03
|    ( QUESTION2_6_L -1 -1.572e+05 6.349e+02 6.833e+02
|        ( - -4.989e+04 2 0)
|        ( QUESTION2_14_L -1 -1.067e+05 4.624e+02 4.667e+02
|            ( - 2.406e+02 1 0)
|            ( QUESTION2_11_L -1 -1.065e+05 2.687e+02 4.657e+02
|                ( - -5.186e+04 1 0)
|                ( - -5.436e+04 6 0 WDBNDRY_S 0 1.805e+02 2.360e+02))))
|    ( QUESTION2_10_L -1 -8.466e+04 7.895e+02 3.739e+02
|        ( - -5.602e+04 2 0 QUESTION0_5_R 1 1.400e+02 2.529e+02)
|        ( QUESTION10 -1 -2.785e+04 4.863e+02 1.210e+02
|            ( - 2.423e+02 1 0)
|            ( WDBNDRY_B 0 -2.761e+04 2.726e+02 1.200e+02
|                ( - -3.548e+03 1 0)
|                ( - -2.379e+04 6 0 QUESTION2_1_L -1 1.748e+02 1.033e+02)))))
s>    ( QUESTION0_3_R 1 -2.450e+05 3.082e+03 1.057e+03
s>        ( QUESTION2_6_L -1 -1.572e+05 6.349e+02 6.833e+02
s>            ( - -4.989e+04 2 0)
s>            ( QUESTION2_14_L -1 -1.067e+05 4.624e+02 4.667e+02
s>                ( - 2.406e+02 1 0)
s>                ( QUESTION2_11_L -1 -1.065e+05 2.687e+02 4.657e+02
s>                    ( - -5.186e+04 1 0)
s>                    ( - -5.436e+04 6 0 WDBNDRY_S 0 1.805e+02 2.360e+02))))
s>        ( QUESTION2_10_L -1 -8.466e+04 7.895e+02 3.739e+02
s>            ( - -5.602e+04 2 0 QUESTION0_5_R 1 1.400e+02 2.529e+02)
s>            ( QUESTION10 -1 -2.785e+04 4.863e+02 1.210e+02
s>                ( - 2.423e+02 1 0)
s>                ( WDBNDRY_B 0 -2.761e+04 2.726e+02 1.200e+02
s>                    ( - -3.548e+03 1 0)
s>                    ( - -2.379e+04 6 0 QUESTION2_1_L -1 1.748e+02 1.033e+02)))))INFO: dtree.c(1478): Final simple tree
|( WDBNDRY_B 0 -1.683e+05 8.132e+02 7.356e+02
|    ( - -3.194e+04 3 0 QUESTION0 -1 2.631e+02 1.447e+02)
|    ( QUESTION10 1 -1.356e+05 6.977e+02 5.909e+02
|        ( QUESTION2 -1 -3.192e+04 5.015e+02 1.425e+02
|            ( - -8.297e+03 3 0)
|            ( WDBNDRY_E 0 -2.313e+04 4.592e+02 1.042e+02
|                ( - 2.186e+02 1 0)
|                ( QUESTION15 -1 -2.288e+04 4.502e+02 1.032e+02
|                    ( - 2.168e+02 1 0)
|                    ( - -2.265e+04 6 0 QUESTION10 -1 3.164e+02 1.022e+02))))
|        ( QUESTION2_5_L -1 -1.030e+05 4.321e+02 4.484e+02
|            ( - -5.537e+04 4 0 WDBNDRY_E 0 2.255e+02 2.471e+02)
|            ( WDBNDRY_S 0 -4.717e+04 4.154e+02 2.013e+02
|                ( - -1.308e+04 2 0 QUESTION12 -1 2.498e+02 5.694e+01)
|                ( - -3.367e+04 5 0 QUESTION12 -1 2.562e+02 1.444e+02)))))
s>    ( WDBNDRY_B 0 -1.683e+05 8.132e+02 7.356e+02
s>        ( - -3.194e+04 3 0 QUESTION0 -1 2.631e+02 1.447e+02)
s>        ( QUESTION10 1 -1.356e+05 6.977e+02 5.909e+02
s>            ( QUESTION2 -1 -3.192e+04 5.015e+02 1.425e+02
s>                ( - -8.297e+03 3 0)
s>                ( WDBNDRY_E 0 -2.313e+04 4.592e+02 1.042e+02
s>                    ( - 2.186e+02 1 0)
s>                    ( QUESTION15 -1 -2.288e+04 4.502e+02 1.032e+02
s>                        ( - 2.168e+02 1 0)
s>                        ( - -2.265e+04 6 0 QUESTION10 -1 3.164e+02 1.022e+02))))
s>            ( QUESTION2_5_L -1 -1.030e+05 4.321e+02 4.484e+02
s>                ( - -5.537e+04 4 0 WDBNDRY_E 0 2.255e+02 2.471e+02)
s>                ( WDBNDRY_S 0 -4.717e+04 4.154e+02 2.013e+02
s>                    ( - -1.308e+04 2 0 QUESTION12 -1 2.498e+02 5.694e+01)
s>                    ( - -3.367e+04 5 0 QUESTION12 -1 2.562e+02 1.444e+02)))))INFO: dtree.c(1315): Comp split 8
INFO: dtree.c(1439): stop. leaf nodes are specific
INFO: dtree.c(1478): Final simple tree
|( QUESTION0_9_R 1 -3.080e+05 2.256e+03 1.360e+03
|    ( - -2.216e+05 2 0)
|    ( QUESTION0_16_R 1 -8.415e+04 1.430e+03 3.824e+02
|        ( QUESTION2 -1 -2.607e+04 5.242e+02 1.245e+02
|            ( - -1.417e+04 1 0)
|            ( - -1.137e+04 2 0))
|        ( QUESTION0_14_R 1 -5.665e+04 4.847e+02 2.579e+02
|            ( QUESTION3 -1 -5.185e+04 1.848e+02 2.379e+02
|                ( - -5.136e+04 3 0)
|                ( - -3.108e+02 1 0))
|            ( QUESTION0_18_R 1 -4.315e+03 2.363e+02 2.000e+01
|                ( - -2.575e+03 1 0)
|                ( - -1.504e+03 1 0)))))
s>    ( QUESTION0_9_R 1 -3.080e+05 2.256e+03 1.360e+03
s>        ( - -2.216e+05 2 0)
s>        ( QUESTION0_16_R 1 -8.415e+04 1.430e+03 3.824e+02
s>            ( QUESTION2 -1 -2.607e+04 5.242e+02 1.245e+02
s>                ( - -1.417e+04 1 0)
s>                ( - -1.137e+04 2 0))
s>            ( QUESTION0_14_R 1 -5.665e+04 4.847e+02 2.579e+02
s>                ( QUESTION3 -1 -5.185e+04 1.848e+02 2.379e+02
s>                    ( - -5.136e+04 3 0)
s>                    ( - -3.108e+02 1 0))
s>                ( QUESTION0_18_R 1 -4.315e+03 2.363e+02 2.000e+01
s>                    ( - -2.575e+03 1 0)
s>                    ( - -1.504e+03 1 0)))))INFO: dtree.c(1478): Final simple tree
|( QUESTION14 1 -1.757e+05 1.938e+03 7.686e+02
|    ( QUESTION0_9_R 1 -7.161e+04 6.134e+02 3.225e+02
|        ( - -5.877e+04 11 0 QUESTION2_11_L -1 4.333e+02 2.630e+02)
|        ( - -1.223e+04 3 0 QUESTION2_10_L -1 2.603e+02 5.946e+01))
|    ( QUESTION0_17_R 1 -1.021e+05 9.283e+02 4.461e+02
|        ( QUESTION14 -1 -5.431e+04 6.507e+02 2.375e+02
|            ( - -1.060e+04 1 0)
|            ( QUESTION2 -1 -4.306e+04 6.657e+02 1.902e+02
|                ( - -7.411e+03 1 0)
|                ( QUESTION0 -1 -3.499e+04 4.690e+02 1.569e+02
|                    ( - 2.419e+02 1 0)
|                    ( - -3.476e+04 6 0 QUESTION0_18_R 1 3.775e+02 1.559e+02))))
|        ( QUESTION0_9_R 1 -4.691e+04 6.699e+02 2.086e+02
|            ( - -3.220e+04 3 0 QUESTION10 -1 1.870e+02 1.455e+02)
|            ( - -1.403e+04 1 0))))
s>    ( QUESTION14 1 -1.757e+05 1.938e+03 7.686e+02
s>        ( QUESTION0_9_R 1 -7.161e+04 6.134e+02 3.225e+02
s>            ( - -5.877e+04 11 0 QUESTION2_11_L -1 4.333e+02 2.630e+02)
s>            ( - -1.223e+04 3 0 QUESTION2_10_L -1 2.603e+02 5.946e+01))
s>        ( QUESTION0_17_R 1 -1.021e+05 9.283e+02 4.461e+02
s>            ( QUESTION14 -1 -5.431e+04 6.507e+02 2.375e+02
s>                ( - -1.060e+04 1 0)
s>                ( QUESTION2 -1 -4.306e+04 6.657e+02 1.902e+02
s>                    ( - -7.411e+03 1 0)
s>                    ( QUESTION0 -1 -3.499e+04 4.690e+02 1.569e+02
s>                        ( - 2.419e+02 1 0)
s>                        ( - -3.476e+04 6 0 QUESTION0_18_R 1 3.775e+02 1.559e+02))))
s>            ( QUESTION0_9_R 1 -4.691e+04 6.699e+02 2.086e+02
s>                ( - -3.220e+04 3 0 QUESTION10 -1 1.870e+02 1.455e+02)
s>                ( - -1.403e+04 1 0))))INFO: dtree.c(1315): Comp split 9
INFO: dtree.c(1478): Final simple tree
|( QUESTION2_10_L -1 -8.466e+04 7.895e+02 3.739e+02
|    ( - -5.602e+04 2 0 QUESTION0_5_R 1 1.400e+02 2.529e+02)
|    ( QUESTION10 -1 -2.785e+04 4.863e+02 1.210e+02
|        ( - 2.423e+02 1 0)
|        ( WDBNDRY_B 0 -2.761e+04 2.726e+02 1.200e+02
|            ( - -3.548e+03 1 0)
|            ( QUESTION2_1_L -1 -2.379e+04 1.748e+02 1.033e+02
|                ( - -1.143e+04 1 0)
|                ( QUESTION0_7_R 1 -1.218e+04 1.494e+02 5.360e+01
|                    ( - -1.683e+03 1 0)
|                    ( WDBNDRY_E 0 -1.035e+04 1.424e+02 4.560e+01
|                        ( - -2.024e+03 1 0)
|                        ( QUESTION0_5_R 1 -8.182e+03 1.583e+02 3.623e+01
|                            ( - -2.108e+03 1 0)
|                            ( - -5.916e+03 2 0 QUESTION12 -1 1.178e+02 2.686e+01))))))))
s>    ( QUESTION2_10_L -1 -8.466e+04 7.895e+02 3.739e+02
s>        ( - -5.602e+04 2 0 QUESTION0_5_R 1 1.400e+02 2.529e+02)
s>        ( QUESTION10 -1 -2.785e+04 4.863e+02 1.210e+02
s>            ( - 2.423e+02 1 0)
s>            ( WDBNDRY_B 0 -2.761e+04 2.726e+02 1.200e+02
s>                ( - -3.548e+03 1 0)
s>                ( QUESTION2_1_L -1 -2.379e+04 1.748e+02 1.033e+02
s>                    ( - -1.143e+04 1 0)
s>                    ( QUESTION0_7_R 1 -1.218e+04 1.494e+02 5.360e+01
s>                        ( - -1.683e+03 1 0)
s>                        ( WDBNDRY_E 0 -1.035e+04 1.424e+02 4.560e+01
s>                            ( - -2.024e+03 1 0)
s>                            ( QUESTION0_5_R 1 -8.182e+03 1.583e+02 3.623e+01
s>                                ( - -2.108e+03 1 0)
s>                                ( - -5.916e+03 2 0 QUESTION12 -1 1.178e+02 2.686e+01))))))))INFO: dtree.c(1478): Final simple tree
|( QUESTION2_6_L -1 -1.572e+05 6.349e+02 6.833e+02
|    ( - -4.989e+04 2 0)
|    ( QUESTION2_14_L -1 -1.067e+05 4.624e+02 4.667e+02
|        ( - 2.406e+02 1 0)
|        ( QUESTION2_11_L -1 -1.065e+05 2.687e+02 4.657e+02
|            ( - -5.186e+04 1 0)
|            ( WDBNDRY_S 0 -5.436e+04 1.805e+02 2.360e+02
|                ( - -5.885e+03 1 0)
|                ( QUESTION11 -1 -4.829e+04 1.253e+02 2.097e+02
|                    ( QUESTION12 -1 -1.480e+03 1.211e+02 7.000e+00
|                        ( - -3.844e+02 1 0)
|                        ( - -9.750e+02 1 0))
|                    ( WDBNDRY_E 0 -4.669e+04 1.010e+02 2.027e+02
|                        ( - -6.379e+02 1 0)
|                        ( - -4.595e+04 2 0)))))))
s>    ( QUESTION2_6_L -1 -1.572e+05 6.349e+02 6.833e+02
s>        ( - -4.989e+04 2 0)
s>        ( QUESTION2_14_L -1 -1.067e+05 4.624e+02 4.667e+02
s>            ( - 2.406e+02 1 0)
s>            ( QUESTION2_11_L -1 -1.065e+05 2.687e+02 4.657e+02
s>                ( - -5.186e+04 1 0)
s>                ( WDBNDRY_S 0 -5.436e+04 1.805e+02 2.360e+02
s>                    ( - -5.885e+03 1 0)
s>                    ( QUESTION11 -1 -4.829e+04 1.253e+02 2.097e+02
s>                        ( QUESTION12 -1 -1.480e+03 1.211e+02 7.000e+00
s>                            ( - -3.844e+02 1 0)
s>                            ( - -9.750e+02 1 0))
s>                        ( WDBNDRY_E 0 -4.669e+04 1.010e+02 2.027e+02
s>                            ( - -6.379e+02 1 0)
s>                            ( - -4.595e+04 2 0)))))))INFO: dtree.c(1315): Comp split 10
INFO: dtree.c(1439): stop. leaf nodes are specific
INFO: dtree.c(1478): Final simple tree
|( QUESTION0_16_R 1 -8.065e+04 1.453e+03 3.684e+02
|    ( QUESTION2 -1 -2.607e+04 5.242e+02 1.245e+02
|        ( - -1.417e+04 1 0)
|        ( - -1.137e+04 2 0))
|    ( QUESTION0_14_R 1 -5.313e+04 2.699e+02 2.439e+02
|        ( - -5.136e+04 3 0)
|        ( - -1.504e+03 1 0)))
s>    ( QUESTION0_16_R 1 -8.065e+04 1.453e+03 3.684e+02
s>        ( QUESTION2 -1 -2.607e+04 5.242e+02 1.245e+02
s>            ( - -1.417e+04 1 0)
s>            ( - -1.137e+04 2 0))
s>        ( QUESTION0_14_R 1 -5.313e+04 2.699e+02 2.439e+02
s>            ( - -5.136e+04 3 0)
s>            ( - -1.504e+03 1 0)))INFO: dtree.c(1439): stop. leaf nodes are specific
INFO: dtree.c(1478): Final simple tree
|( QUESTION0_15_R 1 -2.248e+05 2.069e+02 9.915e+02
|    ( - -2.575e+03 1 0)
|    ( QUESTION0_9_R 1 -2.221e+05 1.626e+02 9.795e+02
|        ( - -2.216e+05 2 0)
|        ( - -3.108e+02 1 0)))
s>    ( QUESTION0_15_R 1 -2.248e+05 2.069e+02 9.915e+02
s>        ( - -2.575e+03 1 0)
s>        ( QUESTION0_9_R 1 -2.221e+05 1.626e+02 9.795e+02
s>            ( - -2.216e+05 2 0)
s>            ( - -3.108e+02 1 0)))INFO: dtree.c(1315): Comp split 11
INFO: dtree.c(1478): Final simple tree
|( QUESTION0_17_R 1 -1.021e+05 9.283e+02 4.461e+02
|    ( QUESTION14 -1 -5.431e+04 6.507e+02 2.375e+02
|        ( - -1.060e+04 1 0)
|        ( QUESTION2 -1 -4.306e+04 6.657e+02 1.902e+02
|            ( - -7.411e+03 1 0)
|            ( QUESTION0 -1 -3.499e+04 4.690e+02 1.569e+02
|                ( - 2.419e+02 1 0)
|                ( QUESTION0_18_R 1 -3.476e+04 3.775e+02 1.559e+02
|                    ( QUESTION13 -1 -2.399e+04 3.952e+02 1.081e+02
|                        ( - -1.002e+04 1 0)
|                        ( - -1.357e+04 2 0 QUESTION10 -1 1.177e+02 6.034e+01))
|                    ( - -1.039e+04 3 0 QUESTION12 1 2.137e+02 4.782e+01)))))
|    ( QUESTION0_9_R 1 -4.691e+04 6.699e+02 2.086e+02
|        ( - -3.220e+04 3 0 QUESTION10 -1 1.870e+02 1.455e+02)
|        ( - -1.403e+04 1 0)))
s>    ( QUESTION0_17_R 1 -1.021e+05 9.283e+02 4.461e+02
s>        ( QUESTION14 -1 -5.431e+04 6.507e+02 2.375e+02
s>            ( - -1.060e+04 1 0)
s>            ( QUESTION2 -1 -4.306e+04 6.657e+02 1.902e+02
s>                ( - -7.411e+03 1 0)
s>                ( QUESTION0 -1 -3.499e+04 4.690e+02 1.569e+02
s>                    ( - 2.419e+02 1 0)
s>                    ( QUESTION0_18_R 1 -3.476e+04 3.775e+02 1.559e+02
s>                        ( QUESTION13 -1 -2.399e+04 3.952e+02 1.081e+02
s>                            ( - -1.002e+04 1 0)
s>                            ( - -1.357e+04 2 0 QUESTION10 -1 1.177e+02 6.034e+01))
s>                        ( - -1.039e+04 3 0 QUESTION12 1 2.137e+02 4.782e+01)))))
s>        ( QUESTION0_9_R 1 -4.691e+04 6.699e+02 2.086e+02
s>            ( - -3.220e+04 3 0 QUESTION10 -1 1.870e+02 1.455e+02)
s>            ( - -1.403e+04 1 0)))INFO: dtree.c(1478): Final simple tree
|( QUESTION0_9_R 1 -7.161e+04 6.134e+02 3.225e+02
|    ( QUESTION2_11_L -1 -5.877e+04 4.333e+02 2.630e+02
|        ( - -3.045e+04 3 0)
|        ( QUESTION10 -1 -2.788e+04 2.875e+02 1.262e+02
|            ( - -1.980e+04 4 0)
|            ( QUESTION0 -1 -7.797e+03 1.957e+02 3.716e+01
|                ( - -1.594e+03 1 0)
|                ( QUESTION12 -1 -6.008e+03 1.780e+02 2.884e+01
|                    ( - -2.075e+03 2 0)
|                    ( - -3.755e+03 1 0)))))
|    ( QUESTION2_10_L -1 -1.223e+04 2.603e+02 5.946e+01
|        ( - -9.649e+02 1 0)
|        ( QUESTION10 -1 -1.101e+04 1.814e+02 5.446e+01
|            ( - -5.415e+03 1 0)
|            ( - -5.413e+03 1 0))))
s>    ( QUESTION0_9_R 1 -7.161e+04 6.134e+02 3.225e+02
s>        ( QUESTION2_11_L -1 -5.877e+04 4.333e+02 2.630e+02
s>            ( - -3.045e+04 3 0)
s>            ( QUESTION10 -1 -2.788e+04 2.875e+02 1.262e+02
s>                ( - -1.980e+04 4 0)
s>                ( QUESTION0 -1 -7.797e+03 1.957e+02 3.716e+01
s>                    ( - -1.594e+03 1 0)
s>                    ( QUESTION12 -1 -6.008e+03 1.780e+02 2.884e+01
s>                        ( - -2.075e+03 2 0)
s>                        ( - -3.755e+03 1 0)))))
s>        ( QUESTION2_10_L -1 -1.223e+04 2.603e+02 5.946e+01
s>            ( - -9.649e+02 1 0)
s>            ( QUESTION10 -1 -1.101e+04 1.814e+02 5.446e+01
s>                ( - -5.415e+03 1 0)
s>                ( - -5.413e+03 1 0))))INFO: dtree.c(1315): Comp split 12
INFO: dtree.c(1439): stop. leaf nodes are specific
INFO: dtree.c(1478): Final simple tree
|( QUESTION0 -1 -3.285e+05 4.006e+02 1.677e+03
|    ( - -3.040e+05 1 0)
|    ( - -2.408e+04 1 0))
s>    ( QUESTION0 -1 -3.285e+05 4.006e+02 1.677e+03
s>        ( - -3.040e+05 1 0)
s>        ( - -2.408e+04 1 0))INFO: dtree.c(1478): Final simple tree
|( WDBNDRY_B 0 -3.087e+05 1.090e+03 1.554e+03
|    ( SILENCE -1 -2.217e+05 7.284e+02 1.119e+03
|        ( - -1.569e+04 1 0)
|        ( QUESTION2 -1 -2.053e+05 3.088e+02 1.041e+03
|            ( - -2.262e+02 1 0)
|            ( QUESTION15 -1 -2.048e+05 2.504e+02 1.039e+03
|                ( - -5.230e+03 1 0)
|                ( QUESTION2_0_L -1 -1.993e+05 2.469e+02 1.012e+03
|                    ( - -1.418e+02 1 0)
|                    ( QUESTION12 -1 -1.989e+05 1.839e+02 1.010e+03
|                        ( - -3.969e+03 1 0)
|                        ( QUESTION0 -1 -1.947e+05 1.443e+02 9.891e+02
|                            ( - -1.939e+05 1 0)
|                            ( - -7.422e+02 1 0)))))))
|    ( - -8.589e+04 2 0))
s>    ( WDBNDRY_B 0 -3.087e+05 1.090e+03 1.554e+03
s>        ( SILENCE -1 -2.217e+05 7.284e+02 1.119e+03
s>            ( - -1.569e+04 1 0)
s>            ( QUESTION2 -1 -2.053e+05 3.088e+02 1.041e+03
s>                ( - -2.262e+02 1 0)
s>                ( QUESTION15 -1 -2.048e+05 2.504e+02 1.039e+03
s>                    ( - -5.230e+03 1 0)
s>                    ( QUESTION2_0_L -1 -1.993e+05 2.469e+02 1.012e+03
s>                        ( - -1.418e+02 1 0)
s>                        ( QUESTION12 -1 -1.989e+05 1.839e+02 1.010e+03
s>                            ( - -3.969e+03 1 0)
s>                            ( QUESTION0 -1 -1.947e+05 1.443e+02 9.891e+02
s>                                ( - -1.939e+05 1 0)
s>                                ( - -7.422e+02 1 0)))))))
s>        ( - -8.589e+04 2 0))INFO: dtree.c(1315): Comp split 13
INFO: dtree.c(1478): Final simple tree
|( QUESTION2_14_L -1 -3.220e+05 4.365e+02 1.464e+03
|    ( QUESTION14 -1 -3.169e+04 2.276e+02 1.468e+02
|        ( - -6.197e+03 1 0)
|        ( - -2.527e+04 1 0))
|    ( QUESTION0 -1 -2.899e+05 4.327e+02 1.318e+03
|        ( QUESTION0_9_R 1 -2.268e+05 2.299e+02 1.035e+03
|            ( - -2.220e+05 2 0)
|            ( - -4.580e+03 1 0))
|        ( QUESTION2_6_L -1 -6.264e+04 3.428e+02 2.826e+02
|            ( - -7.277e+03 1 0)
|            ( QUESTION2 -1 -5.502e+04 2.739e+02 2.479e+02
|                ( - -3.984e+03 1 0)
|                ( QUESTION2_10_L -1 -5.076e+04 2.323e+02 2.294e+02
|                    ( - -1.732e+04 2 0)
|                    ( - -3.321e+04 2 0 QUESTION10 -1 1.112e+02 1.521e+02))))))
s>    ( QUESTION2_14_L -1 -3.220e+05 4.365e+02 1.464e+03
s>        ( QUESTION14 -1 -3.169e+04 2.276e+02 1.468e+02
s>            ( - -6.197e+03 1 0)
s>            ( - -2.527e+04 1 0))
s>        ( QUESTION0 -1 -2.899e+05 4.327e+02 1.318e+03
s>            ( QUESTION0_9_R 1 -2.268e+05 2.299e+02 1.035e+03
s>                ( - -2.220e+05 2 0)
s>                ( - -4.580e+03 1 0))
s>            ( QUESTION2_6_L -1 -6.264e+04 3.428e+02 2.826e+02
s>                ( - -7.277e+03 1 0)
s>                ( QUESTION2 -1 -5.502e+04 2.739e+02 2.479e+02
s>                    ( - -3.984e+03 1 0)
s>                    ( QUESTION2_10_L -1 -5.076e+04 2.323e+02 2.294e+02
s>                        ( - -1.732e+04 2 0)
s>                        ( - -3.321e+04 2 0 QUESTION10 -1 1.112e+02 1.521e+02))))))INFO: dtree.c(1315): Comp split 14
INFO: dtree.c(1439): stop. leaf nodes are specific
INFO: dtree.c(1478): Final simple tree
|( QUESTION2_0_L -1 -2.508e+05 7.735e+02 1.138e+03
|    ( QUESTION11 -1 -1.009e+05 2.438e+02 4.634e+02
|        ( - -2.725e+04 2 0)
|        ( QUESTION0 -1 -7.338e+04 1.826e+02 3.394e+02
|            ( - -2.836e+03 1 0)
|            ( - -7.036e+04 4 0)))
|    ( - -1.491e+05 2 0))
s>    ( QUESTION2_0_L -1 -2.508e+05 7.735e+02 1.138e+03
s>        ( QUESTION11 -1 -1.009e+05 2.438e+02 4.634e+02
s>            ( - -2.725e+04 2 0)
s>            ( QUESTION0 -1 -7.338e+04 1.826e+02 3.394e+02
s>                ( - -2.836e+03 1 0)
s>                ( - -7.036e+04 4 0)))
s>        ( - -1.491e+05 2 0))INFO: dtree.c(1478): Final simple tree
|( QUESTION11 -1 -2.745e+05 1.269e+03 1.249e+03
|    ( QUESTION16 -1 -1.997e+05 8.578e+02 9.221e+02
|        ( QUESTION2_1_L -1 -3.221e+04 2.653e+02 1.459e+02
|            ( - -4.784e+03 2 0)
|            ( - -2.716e+04 2 0))
|        ( QUESTION14 -1 -1.666e+05 7.034e+02 7.763e+02
|            ( - -8.203e+04 3 0)
|            ( - -8.385e+04 1 0)))
|    ( QUESTION2_10_L -1 -7.360e+04 4.480e+02 3.268e+02
|        ( - -2.609e+03 1 0)
|        ( WDBNDRY_I 0 -7.055e+04 3.676e+02 3.148e+02
|            ( - -5.920e+04 4 0)
|            ( WDBNDRY_E 0 -1.097e+04 1.491e+02 4.888e+01
|                ( - -2.165e+03 1 0)
|                ( - -8.661e+03 1 0)))))
s>    ( QUESTION11 -1 -2.745e+05 1.269e+03 1.249e+03
s>        ( QUESTION16 -1 -1.997e+05 8.578e+02 9.221e+02
s>            ( QUESTION2_1_L -1 -3.221e+04 2.653e+02 1.459e+02
s>                ( - -4.784e+03 2 0)
s>                ( - -2.716e+04 2 0))
s>            ( QUESTION14 -1 -1.666e+05 7.034e+02 7.763e+02
s>                ( - -8.203e+04 3 0)
s>                ( - -8.385e+04 1 0)))
s>        ( QUESTION2_10_L -1 -7.360e+04 4.480e+02 3.268e+02
s>            ( - -2.609e+03 1 0)
s>            ( WDBNDRY_I 0 -7.055e+04 3.676e+02 3.148e+02
s>                ( - -5.920e+04 4 0)
s>                ( WDBNDRY_E 0 -1.097e+04 1.491e+02 4.888e+01
s>                    ( - -2.165e+03 1 0)
s>                    ( - -8.661e+03 1 0)))))INFO: dtree.c(1315): Comp split 15
INFO: dtree.c(1439): stop. leaf nodes are specific
INFO: dtree.c(1478): Final simple tree
|( QUESTION0_14_R 1 -5.313e+04 2.699e+02 2.439e+02
|    ( - -5.136e+04 3 0)
|    ( - -1.504e+03 1 0))
s>    ( QUESTION0_14_R 1 -5.313e+04 2.699e+02 2.439e+02
s>        ( - -5.136e+04 3 0)
s>        ( - -1.504e+03 1 0))INFO: dtree.c(1439): stop. leaf nodes are specific
INFO: dtree.c(1478): Final simple tree
|( QUESTION2 -1 -2.607e+04 5.242e+02 1.245e+02
|    ( - -1.417e+04 1 0)
|    ( - -1.137e+04 2 0))
s>    ( QUESTION2 -1 -2.607e+04 5.242e+02 1.245e+02
s>        ( - -1.417e+04 1 0)
s>        ( - -1.137e+04 2 0))INFO: dtree.c(1315): Comp split 16
INFO: dtree.c(1439): stop. leaf nodes are specific
INFO: dtree.c(1478): Final simple tree
|( QUESTION2_10_L -1 -7.871e+04 4.214e+02 3.493e+02
|    ( - -2.609e+03 1 0)
|    ( WDBNDRY_I 0 -7.568e+04 3.850e+02 3.373e+02
|        ( QUESTION10 -1 -6.432e+04 3.364e+02 2.884e+02
|            ( - -5.920e+04 4 0)
|            ( - -4.784e+03 2 0))
|        ( WDBNDRY_E 0 -1.097e+04 1.491e+02 4.888e+01
|            ( - -2.165e+03 1 0)
|            ( - -8.661e+03 1 0))))
s>    ( QUESTION2_10_L -1 -7.871e+04 4.214e+02 3.493e+02
s>        ( - -2.609e+03 1 0)
s>        ( WDBNDRY_I 0 -7.568e+04 3.850e+02 3.373e+02
s>            ( QUESTION10 -1 -6.432e+04 3.364e+02 2.884e+02
s>                ( - -5.920e+04 4 0)
s>                ( - -4.784e+03 2 0))
s>            ( WDBNDRY_E 0 -1.097e+04 1.491e+02 4.888e+01
s>                ( - -2.165e+03 1 0)
s>                ( - -8.661e+03 1 0))))INFO: dtree.c(1439): stop. leaf nodes are specific
INFO: dtree.c(1478): Final simple tree
|( QUESTION16 -1 -1.945e+05 7.733e+02 8.996e+02
|    ( - -2.716e+04 2 0)
|    ( QUESTION14 -1 -1.666e+05 7.034e+02 7.763e+02
|        ( - -8.203e+04 3 0)
|        ( - -8.385e+04 1 0)))
s>    ( QUESTION16 -1 -1.945e+05 7.733e+02 8.996e+02
s>        ( - -2.716e+04 2 0)
s>        ( QUESTION14 -1 -1.666e+05 7.034e+02 7.763e+02
s>            ( - -8.203e+04 3 0)
s>            ( - -8.385e+04 1 0)))INFO: dtree.c(1315): Comp split 17
INFO: dtree.c(1439): stop. leaf nodes are specific
INFO: dtree.c(1478): Final simple tree
|( WDBNDRY_B 0 -8.675e+04 1.192e+02 4.391e+02
|    ( - -7.422e+02 1 0)
|    ( - -8.589e+04 2 0))
s>    ( WDBNDRY_B 0 -8.675e+04 1.192e+02 4.391e+02
s>        ( - -7.422e+02 1 0)
s>        ( - -8.589e+04 2 0))INFO: dtree.c(1439): stop. leaf nodes are specific
INFO: dtree.c(1478): Final simple tree
|( SILENCE -1 -2.208e+05 7.278e+02 1.115e+03
|    ( - -1.569e+04 1 0)
|    ( QUESTION2 -1 -2.044e+05 3.092e+02 1.038e+03
|        ( - -2.262e+02 1 0)
|        ( QUESTION13 -1 -2.039e+05 2.505e+02 1.036e+03
|            ( - -5.230e+03 1 0)
|            ( QUESTION2_0_L -1 -1.984e+05 2.469e+02 1.008e+03
|                ( - -1.418e+02 1 0)
|                ( QUESTION0 -1 -1.980e+05 1.837e+02 1.006e+03
|                    ( - -1.939e+05 1 0)
|                    ( - -3.969e+03 1 0))))))
s>    ( SILENCE -1 -2.208e+05 7.278e+02 1.115e+03
s>        ( - -1.569e+04 1 0)
s>        ( QUESTION2 -1 -2.044e+05 3.092e+02 1.038e+03
s>            ( - -2.262e+02 1 0)
s>            ( QUESTION13 -1 -2.039e+05 2.505e+02 1.036e+03
s>                ( - -5.230e+03 1 0)
s>                ( QUESTION2_0_L -1 -1.984e+05 2.469e+02 1.008e+03
s>                    ( - -1.418e+02 1 0)
s>                    ( QUESTION0 -1 -1.980e+05 1.837e+02 1.006e+03
s>                        ( - -1.939e+05 1 0)
s>                        ( - -3.969e+03 1 0))))))INFO: dtree.c(1315): Comp split 18
INFO: dtree.c(1439): stop. leaf nodes are specific
INFO: dtree.c(1478): Final simple tree
|( QUESTION1 -1 -7.985e+03 4.894e+02 3.737e+01
|    ( - 2.074e+02 1 0)
|    ( WDBNDRY_I 0 -7.703e+03 3.971e+02 3.637e+01
|        ( - -2.557e+03 1 0)
|        ( WDBNDRY_B 0 -4.749e+03 1.921e+02 2.393e+01
|            ( - -4.094e+03 1 0)
|            ( - -4.634e+02 1 0))))
s>    ( QUESTION1 -1 -7.985e+03 4.894e+02 3.737e+01
s>        ( - 2.074e+02 1 0)
s>        ( WDBNDRY_I 0 -7.703e+03 3.971e+02 3.637e+01
s>            ( - -2.557e+03 1 0)
s>            ( WDBNDRY_B 0 -4.749e+03 1.921e+02 2.393e+01
s>                ( - -4.094e+03 1 0)
s>                ( - -4.634e+02 1 0))))INFO: dtree.c(1315): Comp split 19
INFO: dtree.c(1478): Final simple tree
|( QUESTION0_16_R 1 -4.962e+04 5.997e+02 2.200e+02
|    ( - -1.403e+04 1 0)
|    ( QUESTION0 -1 -3.499e+04 4.690e+02 1.569e+02
|        ( - 2.419e+02 1 0)
|        ( QUESTION0_18_R 1 -3.476e+04 3.775e+02 1.559e+02
|            ( QUESTION13 -1 -2.399e+04 3.952e+02 1.081e+02
|                ( - -1.002e+04 1 0)
|                ( QUESTION10 -1 -1.357e+04 1.177e+02 6.034e+01
|                    ( - -9.459e+03 1 0)
|                    ( - -3.997e+03 1 0)))
|            ( QUESTION12 1 -1.039e+04 2.137e+02 4.782e+01
|                ( - -8.405e+03 1 0)
|                ( QUESTION10 -1 -1.772e+03 1.190e+02 9.000e+00
|                    ( - -9.378e+02 1 0)
|                    ( - -7.153e+02 1 0))))))
s>    ( QUESTION0_16_R 1 -4.962e+04 5.997e+02 2.200e+02
s>        ( - -1.403e+04 1 0)
s>        ( QUESTION0 -1 -3.499e+04 4.690e+02 1.569e+02
s>            ( - 2.419e+02 1 0)
s>            ( QUESTION0_18_R 1 -3.476e+04 3.775e+02 1.559e+02
s>                ( QUESTION13 -1 -2.399e+04 3.952e+02 1.081e+02
s>                    ( - -1.002e+04 1 0)
s>                    ( QUESTION10 -1 -1.357e+04 1.177e+02 6.034e+01
s>                        ( - -9.459e+03 1 0)
s>                        ( - -3.997e+03 1 0)))
s>                ( QUESTION12 1 -1.039e+04 2.137e+02 4.782e+01
s>                    ( - -8.405e+03 1 0)
s>                    ( QUESTION10 -1 -1.772e+03 1.190e+02 9.000e+00
s>                        ( - -9.378e+02 1 0)
s>                        ( - -7.153e+02 1 0))))))INFO: dtree.c(1439): stop. leaf nodes are specific
INFO: dtree.c(1478): Final simple tree
|( QUESTION0_9_R 1 -5.149e+04 7.813e+02 2.261e+02
|    ( QUESTION10 -1 -3.220e+04 1.870e+02 1.455e+02
|        ( - -2.792e+04 1 0)
|        ( QUESTION0 -1 -4.099e+03 1.347e+02 1.902e+01
|            ( - -2.318e+03 1 0)
|            ( - -1.647e+03 1 0)))
|    ( QUESTION0_18_R 1 -1.851e+04 4.985e+02 8.062e+01
|        ( - -1.060e+04 1 0)
|        ( - -7.411e+03 1 0)))
s>    ( QUESTION0_9_R 1 -5.149e+04 7.813e+02 2.261e+02
s>        ( QUESTION10 -1 -3.220e+04 1.870e+02 1.455e+02
s>            ( - -2.792e+04 1 0)
s>            ( QUESTION0 -1 -4.099e+03 1.347e+02 1.902e+01
s>                ( - -2.318e+03 1 0)
s>                ( - -1.647e+03 1 0)))
s>        ( QUESTION0_18_R 1 -1.851e+04 4.985e+02 8.062e+01
s>            ( - -1.060e+04 1 0)
s>            ( - -7.411e+03 1 0)))INFO: dtree.c(1315): Comp split 20
INFO: dtree.c(1439): stop. leaf nodes are specific
INFO: dtree.c(1478): Final simple tree
|( QUESTION10 -1 -2.403e+04 4.865e+02 1.043e+02
|    ( - 2.423e+02 1 0)
|    ( QUESTION2_1_L -1 -2.379e+04 1.748e+02 1.033e+02
|        ( - -1.143e+04 1 0)
|        ( QUESTION0_7_R 1 -1.218e+04 1.494e+02 5.360e+01
|            ( - -1.683e+03 1 0)
|            ( WDBNDRY_E 0 -1.035e+04 1.424e+02 4.560e+01
|                ( - -2.024e+03 1 0)
|                ( QUESTION0_5_R 1 -8.182e+03 1.583e+02 3.623e+01
|                    ( - -2.108e+03 1 0)
|                    ( QUESTION12 -1 -5.916e+03 1.178e+02 2.686e+01
|                        ( - -1.900e+03 1 0)
|                        ( - -3.898e+03 1 0)))))))
s>    ( QUESTION10 -1 -2.403e+04 4.865e+02 1.043e+02
s>        ( - 2.423e+02 1 0)
s>        ( QUESTION2_1_L -1 -2.379e+04 1.748e+02 1.033e+02
s>            ( - -1.143e+04 1 0)
s>            ( QUESTION0_7_R 1 -1.218e+04 1.494e+02 5.360e+01
s>                ( - -1.683e+03 1 0)
s>                ( WDBNDRY_E 0 -1.035e+04 1.424e+02 4.560e+01
s>                    ( - -2.024e+03 1 0)
s>                    ( QUESTION0_5_R 1 -8.182e+03 1.583e+02 3.623e+01
s>                        ( - -2.108e+03 1 0)
s>                        ( QUESTION12 -1 -5.916e+03 1.178e+02 2.686e+01
s>                            ( - -1.900e+03 1 0)
s>                            ( - -3.898e+03 1 0)))))))INFO: dtree.c(1439): stop. leaf nodes are specific
INFO: dtree.c(1478): Final simple tree
|( WDBNDRY_B 0 -5.972e+04 1.484e+02 2.696e+02
|    ( - -3.548e+03 1 0)
|    ( QUESTION0_5_R 1 -5.602e+04 1.400e+02 2.529e+02
|        ( - -6.625e+03 1 0)
|        ( - -4.925e+04 1 0)))
s>    ( WDBNDRY_B 0 -5.972e+04 1.484e+02 2.696e+02
s>        ( - -3.548e+03 1 0)
s>        ( QUESTION0_5_R 1 -5.602e+04 1.400e+02 2.529e+02
s>            ( - -6.625e+03 1 0)
s>            ( - -4.925e+04 1 0)))INFO: dtree.c(1315): Comp split 21
INFO: dtree.c(1478): Final simple tree
|( QUESTION10 1 -1.356e+05 6.977e+02 5.909e+02
|    ( QUESTION2 -1 -3.192e+04 5.015e+02 1.425e+02
|        ( - -8.297e+03 3 0)
|        ( WDBNDRY_E 0 -2.313e+04 4.592e+02 1.042e+02
|            ( - 2.186e+02 1 0)
|            ( QUESTION15 -1 -2.288e+04 4.502e+02 1.032e+02
|                ( - 2.168e+02 1 0)
|                ( QUESTION10 -1 -2.265e+04 3.164e+02 1.022e+02
|                    ( - -9.315e+03 3 0 QUESTION2_10_L -1 1.061e+02 4.322e+01)
|                    ( - -1.302e+04 3 0 WDBNDRY_S 0 1.238e+02 5.897e+01)))))
|    ( QUESTION2_5_L -1 -1.030e+05 4.321e+02 4.484e+02
|        ( - -5.537e+04 4 0 WDBNDRY_E 0 2.255e+02 2.471e+02)
|        ( WDBNDRY_S 0 -4.717e+04 4.154e+02 2.013e+02
|            ( - -1.308e+04 2 0 QUESTION12 -1 2.498e+02 5.694e+01)
|            ( - -3.367e+04 5 0 QUESTION12 -1 2.562e+02 1.444e+02))))
s>    ( QUESTION10 1 -1.356e+05 6.977e+02 5.909e+02
s>        ( QUESTION2 -1 -3.192e+04 5.015e+02 1.425e+02
s>            ( - -8.297e+03 3 0)
s>            ( WDBNDRY_E 0 -2.313e+04 4.592e+02 1.042e+02
s>                ( - 2.186e+02 1 0)
s>                ( QUESTION15 -1 -2.288e+04 4.502e+02 1.032e+02
s>                    ( - 2.168e+02 1 0)
s>                    ( QUESTION10 -1 -2.265e+04 3.164e+02 1.022e+02
s>                        ( - -9.315e+03 3 0 QUESTION2_10_L -1 1.061e+02 4.322e+01)
s>                        ( - -1.302e+04 3 0 WDBNDRY_S 0 1.238e+02 5.897e+01)))))
s>        ( QUESTION2_5_L -1 -1.030e+05 4.321e+02 4.484e+02
s>            ( - -5.537e+04 4 0 WDBNDRY_E 0 2.255e+02 2.471e+02)
s>            ( WDBNDRY_S 0 -4.717e+04 4.154e+02 2.013e+02
s>                ( - -1.308e+04 2 0 QUESTION12 -1 2.498e+02 5.694e+01)
s>                ( - -3.367e+04 5 0 QUESTION12 -1 2.562e+02 1.444e+02))))INFO: dtree.c(1439): stop. leaf nodes are specific
INFO: dtree.c(1478): Final simple tree
|( QUESTION0 -1 -3.194e+04 2.631e+02 1.447e+02
|    ( - -9.243e+03 2 0)
|    ( - -2.243e+04 1 0))
s>    ( QUESTION0 -1 -3.194e+04 2.631e+02 1.447e+02
s>        ( - -9.243e+03 2 0)
s>        ( - -2.243e+04 1 0))INFO: dtree.c(1315): Comp split 22
INFO: dtree.c(1439): stop. leaf nodes are specific
INFO: dtree.c(1478): Final simple tree
|( QUESTION10 -1 -3.220e+04 1.870e+02 1.455e+02
|    ( - -2.792e+04 1 0)
|    ( QUESTION0 -1 -4.099e+03 1.347e+02 1.902e+01
|        ( - -2.318e+03 1 0)
|        ( - -1.647e+03 1 0)))
s>    ( QUESTION10 -1 -3.220e+04 1.870e+02 1.455e+02
s>        ( - -2.792e+04 1 0)
s>        ( QUESTION0 -1 -4.099e+03 1.347e+02 1.902e+01
s>            ( - -2.318e+03 1 0)
s>            ( - -1.647e+03 1 0)))INFO: dtree.c(1439): stop. leaf nodes are specific
INFO: dtree.c(1478): Final simple tree
|( QUESTION0_18_R 1 -1.851e+04 4.985e+02 8.062e+01
|    ( - -1.060e+04 1 0)
|    ( - -7.411e+03 1 0))
s>    ( QUESTION0_18_R 1 -1.851e+04 4.985e+02 8.062e+01
s>        ( - -1.060e+04 1 0)
s>        ( - -7.411e+03 1 0))INFO: dtree.c(1315): Comp split 23
INFO: dtree.c(1439): stop. leaf nodes are specific
INFO: dtree.c(1478): Final simple tree
|( QUESTION11 -1 -1.009e+05 2.438e+02 4.634e+02
|    ( - -2.725e+04 2 0)
|    ( QUESTION0 -1 -7.338e+04 1.826e+02 3.394e+02
|        ( - -2.836e+03 1 0)
|        ( - -7.036e+04 4 0)))
s>    ( QUESTION11 -1 -1.009e+05 2.438e+02 4.634e+02
s>        ( - -2.725e+04 2 0)
s>        ( QUESTION0 -1 -7.338e+04 1.826e+02 3.394e+02
s>            ( - -2.836e+03 1 0)
s>            ( - -7.036e+04 4 0)))INFO: dtree.c(1315): Comp split 24
INFO: dtree.c(1439): stop. leaf nodes are specific
INFO: dtree.c(1478): Final simple tree
|( QUESTION14 -1 -1.666e+05 7.034e+02 7.763e+02
|    ( - -8.203e+04 3 0)
|    ( - -8.385e+04 1 0))
s>    ( QUESTION14 -1 -1.666e+05 7.034e+02 7.763e+02
s>        ( - -8.203e+04 3 0)
s>        ( - -8.385e+04 1 0))INFO: dtree.c(1315): Comp split 25
INFO: dtree.c(1439): stop. leaf nodes are specific
INFO: dtree.c(1478): Final simple tree
|( QUESTION10 -1 -1.496e+04 2.091e+02 7.330e+01
|    ( - -5.415e+03 1 0)
|    ( QUESTION0_9_R 1 -9.333e+03 1.644e+02 4.638e+01
|        ( - -3.755e+03 1 0)
|        ( - -5.413e+03 1 0)))
s>    ( QUESTION10 -1 -1.496e+04 2.091e+02 7.330e+01
s>        ( - -5.415e+03 1 0)
s>        ( QUESTION0_9_R 1 -9.333e+03 1.644e+02 4.638e+01
s>            ( - -3.755e+03 1 0)
s>            ( - -5.413e+03 1 0)))INFO: dtree.c(1439): stop. leaf nodes are specific
INFO: dtree.c(1478): Final simple tree
|( QUESTION2_10_L -1 -5.592e+04 4.609e+02 2.492e+02
|    ( QUESTION0_9_R 1 -2.095e+04 1.888e+02 9.399e+01
|        ( - -1.980e+04 4 0)
|        ( - -9.649e+02 1 0))
|    ( QUESTION0 -1 -3.451e+04 2.340e+02 1.552e+02
|        ( - -1.594e+03 1 0)
|        ( QUESTION10 -1 -3.269e+04 1.595e+02 1.469e+02
|            ( - -3.045e+04 3 0)
|            ( - -2.075e+03 2 0))))
s>    ( QUESTION2_10_L -1 -5.592e+04 4.609e+02 2.492e+02
s>        ( QUESTION0_9_R 1 -2.095e+04 1.888e+02 9.399e+01
s>            ( - -1.980e+04 4 0)
s>            ( - -9.649e+02 1 0))
s>        ( QUESTION0 -1 -3.451e+04 2.340e+02 1.552e+02
s>            ( - -1.594e+03 1 0)
s>            ( QUESTION10 -1 -3.269e+04 1.595e+02 1.469e+02
s>                ( - -3.045e+04 3 0)
s>                ( - -2.075e+03 2 0))))INFO: dtree.c(1315): Comp split 26
INFO: dtree.c(1439): stop. leaf nodes are specific
INFO: dtree.c(1478): Final simple tree
|( SILENCE -1 -1.608e+04 2.448e+02 7.973e+01
|    ( - -1.569e+04 1 0)
|    ( - -1.418e+02 1 0))
s>    ( SILENCE -1 -1.608e+04 2.448e+02 7.973e+01
s>        ( - -1.569e+04 1 0)
s>        ( - -1.418e+02 1 0))INFO: dtree.c(1439): stop. leaf nodes are specific
INFO: dtree.c(1478): Final simple tree
|( QUESTION2 -1 -2.040e+05 3.092e+02 1.036e+03
|    ( - -2.262e+02 1 0)
|    ( QUESTION13 -1 -2.035e+05 2.513e+02 1.034e+03
|        ( - -5.230e+03 1 0)
|        ( QUESTION0 -1 -1.980e+05 1.837e+02 1.006e+03
|            ( - -1.939e+05 1 0)
|            ( - -3.969e+03 1 0))))
s>    ( QUESTION2 -1 -2.040e+05 3.092e+02 1.036e+03
s>        ( - -2.262e+02 1 0)
s>        ( QUESTION13 -1 -2.035e+05 2.513e+02 1.034e+03
s>            ( - -5.230e+03 1 0)
s>            ( QUESTION0 -1 -1.980e+05 1.837e+02 1.006e+03
s>                ( - -1.939e+05 1 0)
s>                ( - -3.969e+03 1 0))))INFO: dtree.c(1315): Comp split 27
INFO: dtree.c(1315): Comp split 28
INFO: dtree.c(1478): Final simple tree
|( QUESTION2 -1 -3.192e+04 5.015e+02 1.425e+02
|    ( - -8.297e+03 3 0)
|    ( WDBNDRY_E 0 -2.313e+04 4.592e+02 1.042e+02
|        ( - 2.186e+02 1 0)
|        ( QUESTION15 -1 -2.288e+04 4.502e+02 1.032e+02
|            ( - 2.168e+02 1 0)
|            ( QUESTION10 -1 -2.265e+04 3.164e+02 1.022e+02
|                ( QUESTION2_10_L -1 -9.315e+03 1.061e+02 4.322e+01
|                    ( - -8.648e+03 2 0)
|                    ( - -5.606e+02 1 0))
|                ( WDBNDRY_S 0 -1.302e+04 1.238e+02 5.897e+01
|                    ( - -9.303e+03 1 0)
|                    ( QUESTION2_0_L -1 -3.593e+03 1.245e+02 1.694e+01
|                        ( - -1.678e+03 1 0)
|                        ( - -1.790e+03 1 0)))))))
s>    ( QUESTION2 -1 -3.192e+04 5.015e+02 1.425e+02
s>        ( - -8.297e+03 3 0)
s>        ( WDBNDRY_E 0 -2.313e+04 4.592e+02 1.042e+02
s>            ( - 2.186e+02 1 0)
s>            ( QUESTION15 -1 -2.288e+04 4.502e+02 1.032e+02
s>                ( - 2.168e+02 1 0)
s>                ( QUESTION10 -1 -2.265e+04 3.164e+02 1.022e+02
s>                    ( QUESTION2_10_L -1 -9.315e+03 1.061e+02 4.322e+01
s>                        ( - -8.648e+03 2 0)
s>                        ( - -5.606e+02 1 0))
s>                    ( WDBNDRY_S 0 -1.302e+04 1.238e+02 5.897e+01
s>                        ( - -9.303e+03 1 0)
s>                        ( QUESTION2_0_L -1 -3.593e+03 1.245e+02 1.694e+01
s>                            ( - -1.678e+03 1 0)
s>                            ( - -1.790e+03 1 0)))))))INFO: dtree.c(1478): Final simple tree
|( QUESTION2_5_L -1 -1.030e+05 4.321e+02 4.484e+02
|    ( WDBNDRY_E 0 -5.537e+04 2.255e+02 2.471e+02
|        ( - -5.535e+02 1 0)
|        ( - -5.459e+04 3 0 QUESTION10 -1 8.607e+01 2.441e+02))
|    ( WDBNDRY_S 0 -4.717e+04 4.154e+02 2.013e+02
|        ( QUESTION12 -1 -1.308e+04 2.498e+02 5.694e+01
|            ( - -7.581e+03 1 0)
|            ( - -5.247e+03 1 0))
|        ( QUESTION12 -1 -3.367e+04 2.562e+02 1.444e+02
|            ( - -2.810e+03 1 0)
|            ( WDBNDRY_E 0 -3.061e+04 1.817e+02 1.314e+02
|                ( - -1.534e+03 1 0)
|                ( QUESTION2 -1 -2.889e+04 1.245e+02 1.243e+02
|                    ( - -2.488e+04 2 0)
|                    ( - -3.887e+03 1 0))))))
s>    ( QUESTION2_5_L -1 -1.030e+05 4.321e+02 4.484e+02
s>        ( WDBNDRY_E 0 -5.537e+04 2.255e+02 2.471e+02
s>            ( - -5.535e+02 1 0)
s>            ( - -5.459e+04 3 0 QUESTION10 -1 8.607e+01 2.441e+02))
s>        ( WDBNDRY_S 0 -4.717e+04 4.154e+02 2.013e+02
s>            ( QUESTION12 -1 -1.308e+04 2.498e+02 5.694e+01
s>                ( - -7.581e+03 1 0)
s>                ( - -5.247e+03 1 0))
s>            ( QUESTION12 -1 -3.367e+04 2.562e+02 1.444e+02
s>                ( - -2.810e+03 1 0)
s>                ( WDBNDRY_E 0 -3.061e+04 1.817e+02 1.314e+02
s>                    ( - -1.534e+03 1 0)
s>                    ( QUESTION2 -1 -2.889e+04 1.245e+02 1.243e+02
s>                        ( - -2.488e+04 2 0)
s>                        ( - -3.887e+03 1 0))))))INFO: dtree.c(1315): Comp split 29
INFO: dtree.c(1439): stop. leaf nodes are specific
INFO: dtree.c(1478): Final simple tree
|( QUESTION13 -1 -5.171e+04 1.073e+02 2.247e+02
|    ( - -9.750e+02 1 0)
|    ( WDBNDRY_E 0 -5.062e+04 9.770e+01 2.197e+02
|        ( - -6.379e+02 1 0)
|        ( - -4.989e+04 2 0)))
s>    ( QUESTION13 -1 -5.171e+04 1.073e+02 2.247e+02
s>        ( - -9.750e+02 1 0)
s>        ( WDBNDRY_E 0 -5.062e+04 9.770e+01 2.197e+02
s>            ( - -6.379e+02 1 0)
s>            ( - -4.989e+04 2 0)))INFO: dtree.c(1439): stop. leaf nodes are specific
INFO: dtree.c(1478): Final simple tree
|( QUESTION15 -1 -1.049e+05 4.624e+02 4.587e+02
|    ( - 2.406e+02 1 0)
|    ( QUESTION2_10_L -1 -1.046e+05 2.739e+02 4.577e+02
|        ( - -4.595e+04 2 0)
|        ( WDBNDRY_S 0 -5.843e+04 1.626e+02 2.579e+02
|            ( - -5.885e+03 1 0)
|            ( QUESTION10 -1 -5.238e+04 1.377e+02 2.317e+02
|                ( - -5.186e+04 1 0)
|                ( - -3.844e+02 1 0)))))
s>    ( QUESTION15 -1 -1.049e+05 4.624e+02 4.587e+02
s>        ( - 2.406e+02 1 0)
s>        ( QUESTION2_10_L -1 -1.046e+05 2.739e+02 4.577e+02
s>            ( - -4.595e+04 2 0)
s>            ( WDBNDRY_S 0 -5.843e+04 1.626e+02 2.579e+02
s>                ( - -5.885e+03 1 0)
s>                ( QUESTION10 -1 -5.238e+04 1.377e+02 2.317e+02
s>                    ( - -5.186e+04 1 0)
s>                    ( - -3.844e+02 1 0)))))INFO: dtree.c(1315): Comp split 30
INFO: dtree.c(1439): stop. leaf nodes are specific
INFO: dtree.c(1478): Final simple tree
|( QUESTION0 -1 -3.499e+04 4.690e+02 1.569e+02
|    ( - 2.419e+02 1 0)
|    ( QUESTION0_18_R 1 -3.476e+04 3.775e+02 1.559e+02
|        ( QUESTION13 -1 -2.399e+04 3.952e+02 1.081e+02
|            ( - -1.002e+04 1 0)
|            ( QUESTION10 -1 -1.357e+04 1.177e+02 6.034e+01
|                ( - -9.459e+03 1 0)
|                ( - -3.997e+03 1 0)))
|        ( QUESTION12 1 -1.039e+04 2.137e+02 4.782e+01
|            ( - -8.405e+03 1 0)
|            ( QUESTION10 -1 -1.772e+03 1.190e+02 9.000e+00
|                ( - -9.378e+02 1 0)
|                ( - -7.153e+02 1 0)))))
s>    ( QUESTION0 -1 -3.499e+04 4.690e+02 1.569e+02
s>        ( - 2.419e+02 1 0)
s>        ( QUESTION0_18_R 1 -3.476e+04 3.775e+02 1.559e+02
s>            ( QUESTION13 -1 -2.399e+04 3.952e+02 1.081e+02
s>                ( - -1.002e+04 1 0)
s>                ( QUESTION10 -1 -1.357e+04 1.177e+02 6.034e+01
s>                    ( - -9.459e+03 1 0)
s>                    ( - -3.997e+03 1 0)))
s>            ( QUESTION12 1 -1.039e+04 2.137e+02 4.782e+01
s>                ( - -8.405e+03 1 0)
s>                ( QUESTION10 -1 -1.772e+03 1.190e+02 9.000e+00
s>                    ( - -9.378e+02 1 0)
s>                    ( - -7.153e+02 1 0)))))INFO: dtree.c(1315): Comp split 31
INFO: dtree.c(1439): stop. leaf nodes are specific
INFO: dtree.c(1478): Final simple tree
|( WDBNDRY_I 0 -7.055e+04 3.676e+02 3.148e+02
|    ( - -5.920e+04 4 0)
|    ( WDBNDRY_E 0 -1.097e+04 1.491e+02 4.888e+01
|        ( - -2.165e+03 1 0)
|        ( - -8.661e+03 1 0)))
s>    ( WDBNDRY_I 0 -7.055e+04 3.676e+02 3.148e+02
s>        ( - -5.920e+04 4 0)
s>        ( WDBNDRY_E 0 -1.097e+04 1.491e+02 4.888e+01
s>            ( - -2.165e+03 1 0)
s>            ( - -8.661e+03 1 0)))INFO: dtree.c(1439): stop. leaf nodes are specific
INFO: dtree.c(1478): Final simple tree
|( WDBNDRY_E 0 -7.592e+03 1.979e+02 3.450e+01
|    ( - -2.609e+03 1 0)
|    ( - -4.784e+03 2 0))
s>    ( WDBNDRY_E 0 -7.592e+03 1.979e+02 3.450e+01
s>        ( - -2.609e+03 1 0)
s>        ( - -4.784e+03 2 0))INFO: dtree.c(1315): Comp split 32
INFO: dtree.c(1439): stop. leaf nodes are specific
INFO: dtree.c(1478): Final simple tree
|( QUESTION2 -1 -2.949e+04 2.371e+02 1.366e+02
|    ( - -3.984e+03 1 0)
|    ( - -2.527e+04 1 0))
s>    ( QUESTION2 -1 -2.949e+04 2.371e+02 1.366e+02
s>        ( - -3.984e+03 1 0)
s>        ( - -2.527e+04 1 0))INFO: dtree.c(1439): stop. leaf nodes are specific
INFO: dtree.c(1478): Final simple tree
|( QUESTION2_1_L -1 -2.919e+05 3.532e+02 1.328e+03
|    ( QUESTION10 -1 -4.749e+04 3.171e+02 2.143e+02
|        ( QUESTION2_10_L -1 -3.990e+04 2.130e+02 1.797e+02
|            ( - -1.732e+04 2 0)
|            ( - -2.237e+04 1 0))
|        ( - -7.277e+03 1 0))
|    ( QUESTION0_9_R 1 -2.441e+05 2.362e+02 1.113e+03
|        ( QUESTION14 -1 -2.393e+05 2.071e+02 1.091e+03
|            ( - -6.197e+03 1 0)
|            ( QUESTION0 -1 -2.329e+05 1.542e+02 1.063e+03
|                ( - -2.220e+05 2 0)
|                ( - -1.073e+04 1 0)))
|        ( - -4.580e+03 1 0)))
s>    ( QUESTION2_1_L -1 -2.919e+05 3.532e+02 1.328e+03
s>        ( QUESTION10 -1 -4.749e+04 3.171e+02 2.143e+02
s>            ( QUESTION2_10_L -1 -3.990e+04 2.130e+02 1.797e+02
s>                ( - -1.732e+04 2 0)
s>                ( - -2.237e+04 1 0))
s>            ( - -7.277e+03 1 0))
s>        ( QUESTION0_9_R 1 -2.441e+05 2.362e+02 1.113e+03
s>            ( QUESTION14 -1 -2.393e+05 2.071e+02 1.091e+03
s>                ( - -6.197e+03 1 0)
s>                ( QUESTION0 -1 -2.329e+05 1.542e+02 1.063e+03
s>                    ( - -2.220e+05 2 0)
s>                    ( - -1.073e+04 1 0)))
s>            ( - -4.580e+03 1 0)))INFO: dtree.c(1315): Comp split 33
INFO: dtree.c(1315): Comp split 34
INFO: dtree.c(1439): stop. leaf nodes are specific
INFO: dtree.c(1478): Final simple tree
|( WDBNDRY_E 0 -2.313e+04 4.592e+02 1.042e+02
|    ( - 2.186e+02 1 0)
|    ( QUESTION15 -1 -2.288e+04 4.502e+02 1.032e+02
|        ( - 2.168e+02 1 0)
|        ( QUESTION10 -1 -2.265e+04 3.164e+02 1.022e+02
|            ( QUESTION2_10_L -1 -9.315e+03 1.061e+02 4.322e+01
|                ( - -8.648e+03 2 0)
|                ( - -5.606e+02 1 0))
|            ( WDBNDRY_S 0 -1.302e+04 1.238e+02 5.897e+01
|                ( - -9.303e+03 1 0)
|                ( QUESTION2_0_L -1 -3.593e+03 1.245e+02 1.694e+01
|                    ( - -1.678e+03 1 0)
|                    ( - -1.790e+03 1 0))))))
s>    ( WDBNDRY_E 0 -2.313e+04 4.592e+02 1.042e+02
s>        ( - 2.186e+02 1 0)
s>        ( QUESTION15 -1 -2.288e+04 4.502e+02 1.032e+02
s>            ( - 2.168e+02 1 0)
s>            ( QUESTION10 -1 -2.265e+04 3.164e+02 1.022e+02
s>                ( QUESTION2_10_L -1 -9.315e+03 1.061e+02 4.322e+01
s>                    ( - -8.648e+03 2 0)
s>                    ( - -5.606e+02 1 0))
s>                ( WDBNDRY_S 0 -1.302e+04 1.238e+02 5.897e+01
s>                    ( - -9.303e+03 1 0)
s>                    ( QUESTION2_0_L -1 -3.593e+03 1.245e+02 1.694e+01
s>                        ( - -1.678e+03 1 0)
s>                        ( - -1.790e+03 1 0))))))INFO: dtree.c(1315): Comp split 35
INFO: dtree.c(1439): stop. leaf nodes are specific
INFO: dtree.c(1478): Final simple tree
|( QUESTION12 -1 -3.444e+04 2.487e+02 1.474e+02
|    ( - -2.810e+03 1 0)
|    ( QUESTION10 -1 -3.138e+04 2.214e+02 1.344e+02
|        ( - -5.535e+02 1 0)
|        ( WDBNDRY_E 0 -3.061e+04 1.817e+02 1.314e+02
|            ( - -1.534e+03 1 0)
|            ( QUESTION2 -1 -2.889e+04 1.245e+02 1.243e+02
|                ( - -2.488e+04 2 0)
|                ( - -3.887e+03 1 0)))))
s>    ( QUESTION12 -1 -3.444e+04 2.487e+02 1.474e+02
s>        ( - -2.810e+03 1 0)
s>        ( QUESTION10 -1 -3.138e+04 2.214e+02 1.344e+02
s>            ( - -5.535e+02 1 0)
s>            ( WDBNDRY_E 0 -3.061e+04 1.817e+02 1.314e+02
s>                ( - -1.534e+03 1 0)
s>                ( QUESTION2 -1 -2.889e+04 1.245e+02 1.243e+02
s>                    ( - -2.488e+04 2 0)
s>                    ( - -3.887e+03 1 0)))))INFO: dtree.c(1439): stop. leaf nodes are specific
INFO: dtree.c(1478): Final simple tree
|( WDBNDRY_S 0 -6.803e+04 3.597e+02 3.011e+02
|    ( QUESTION12 -1 -1.308e+04 2.498e+02 5.694e+01
|        ( - -7.581e+03 1 0)
|        ( - -5.247e+03 1 0))
|    ( QUESTION10 -1 -5.459e+04 8.607e+01 2.441e+02
|        ( - -5.313e+04 2 0)
|        ( - -1.381e+03 1 0)))
s>    ( WDBNDRY_S 0 -6.803e+04 3.597e+02 3.011e+02
s>        ( QUESTION12 -1 -1.308e+04 2.498e+02 5.694e+01
s>            ( - -7.581e+03 1 0)
s>            ( - -5.247e+03 1 0))
s>        ( QUESTION10 -1 -5.459e+04 8.607e+01 2.441e+02
s>            ( - -5.313e+04 2 0)
s>            ( - -1.381e+03 1 0)))INFO: dtree.c(1315): Comp split 36
INFO: dtree.c(1315): Comp split 37
INFO: dtree.c(1439): stop. leaf nodes are specific
INFO: dtree.c(1478): Final simple tree
|( WDBNDRY_I 0 -7.703e+03 3.971e+02 3.637e+01
|    ( - -2.557e+03 1 0)
|    ( WDBNDRY_B 0 -4.749e+03 1.921e+02 2.393e+01
|        ( - -4.094e+03 1 0)
|        ( - -4.634e+02 1 0)))
s>    ( WDBNDRY_I 0 -7.703e+03 3.971e+02 3.637e+01
s>        ( - -2.557e+03 1 0)
s>        ( WDBNDRY_B 0 -4.749e+03 1.921e+02 2.393e+01
s>            ( - -4.094e+03 1 0)
s>            ( - -4.634e+02 1 0)))INFO: dtree.c(1315): Comp split 38
INFO: dtree.c(1439): stop. leaf nodes are specific
INFO: dtree.c(1478): Final simple tree
|( QUESTION2_1_L -1 -2.379e+04 1.748e+02 1.033e+02
|    ( - -1.143e+04 1 0)
|    ( QUESTION0_7_R 1 -1.218e+04 1.494e+02 5.360e+01
|        ( - -1.683e+03 1 0)
|        ( WDBNDRY_E 0 -1.035e+04 1.424e+02 4.560e+01
|            ( - -2.024e+03 1 0)
|            ( QUESTION0_5_R 1 -8.182e+03 1.583e+02 3.623e+01
|                ( - -2.108e+03 1 0)
|                ( QUESTION12 -1 -5.916e+03 1.178e+02 2.686e+01
|                    ( - -1.900e+03 1 0)
|                    ( - -3.898e+03 1 0))))))
s>    ( QUESTION2_1_L -1 -2.379e+04 1.748e+02 1.033e+02
s>        ( - -1.143e+04 1 0)
s>        ( QUESTION0_7_R 1 -1.218e+04 1.494e+02 5.360e+01
s>            ( - -1.683e+03 1 0)
s>            ( WDBNDRY_E 0 -1.035e+04 1.424e+02 4.560e+01
s>                ( - -2.024e+03 1 0)
s>                ( QUESTION0_5_R 1 -8.182e+03 1.583e+02 3.623e+01
s>                    ( - -2.108e+03 1 0)
s>                    ( QUESTION12 -1 -5.916e+03 1.178e+02 2.686e+01
s>                        ( - -1.900e+03 1 0)
s>                        ( - -3.898e+03 1 0))))))INFO: dtree.c(1315): Comp split 39
INFO: dtree.c(1439): stop. leaf nodes are specific
INFO: dtree.c(1478): Final simple tree
|( QUESTION0_18_R 1 -3.476e+04 3.775e+02 1.559e+02
|    ( QUESTION13 -1 -2.399e+04 3.952e+02 1.081e+02
|        ( - -1.002e+04 1 0)
|        ( QUESTION10 -1 -1.357e+04 1.177e+02 6.034e+01
|            ( - -9.459e+03 1 0)
|            ( - -3.997e+03 1 0)))
|    ( QUESTION12 1 -1.039e+04 2.137e+02 4.782e+01
|        ( - -8.405e+03 1 0)
|        ( QUESTION10 -1 -1.772e+03 1.190e+02 9.000e+00
|            ( - -9.378e+02 1 0)
|            ( - -7.153e+02 1 0))))
s>    ( QUESTION0_18_R 1 -3.476e+04 3.775e+02 1.559e+02
s>        ( QUESTION13 -1 -2.399e+04 3.952e+02 1.081e+02
s>            ( - -1.002e+04 1 0)
s>            ( QUESTION10 -1 -1.357e+04 1.177e+02 6.034e+01
s>                ( - -9.459e+03 1 0)
s>                ( - -3.997e+03 1 0)))
s>        ( QUESTION12 1 -1.039e+04 2.137e+02 4.782e+01
s>            ( - -8.405e+03 1 0)
s>            ( QUESTION10 -1 -1.772e+03 1.190e+02 9.000e+00
s>                ( - -9.378e+02 1 0)
s>                ( - -7.153e+02 1 0))))INFO: dtree.c(1315): Comp split 40
INFO: dtree.c(1439): stop. leaf nodes are specific
INFO: dtree.c(1478): Final simple tree
|( QUESTION2_10_L -1 -1.046e+05 2.739e+02 4.577e+02
|    ( - -4.595e+04 2 0)
|    ( WDBNDRY_S 0 -5.843e+04 1.626e+02 2.579e+02
|        ( - -5.885e+03 1 0)
|        ( QUESTION10 -1 -5.238e+04 1.377e+02 2.317e+02
|            ( - -5.186e+04 1 0)
|            ( - -3.844e+02 1 0))))
s>    ( QUESTION2_10_L -1 -1.046e+05 2.739e+02 4.577e+02
s>        ( - -4.595e+04 2 0)
s>        ( WDBNDRY_S 0 -5.843e+04 1.626e+02 2.579e+02
s>            ( - -5.885e+03 1 0)
s>            ( QUESTION10 -1 -5.238e+04 1.377e+02 2.317e+02
s>                ( - -5.186e+04 1 0)
s>                ( - -3.844e+02 1 0))))INFO: dtree.c(1315): Comp split 41
INFO: dtree.c(1439): stop. leaf nodes are specific
INFO: dtree.c(1478): Final simple tree
|( QUESTION0 -1 -3.451e+04 2.340e+02 1.552e+02
|    ( - -1.594e+03 1 0)
|    ( QUESTION10 -1 -3.269e+04 1.595e+02 1.469e+02
|        ( - -3.045e+04 3 0)
|        ( - -2.075e+03 2 0)))
s>    ( QUESTION0 -1 -3.451e+04 2.340e+02 1.552e+02
s>        ( - -1.594e+03 1 0)
s>        ( QUESTION10 -1 -3.269e+04 1.595e+02 1.469e+02
s>            ( - -3.045e+04 3 0)
s>            ( - -2.075e+03 2 0)))INFO: dtree.c(1439): stop. leaf nodes are specific
INFO: dtree.c(1478): Final simple tree
|( QUESTION0_9_R 1 -2.095e+04 1.888e+02 9.399e+01
|    ( - -1.980e+04 4 0)
|    ( - -9.649e+02 1 0))
s>    ( QUESTION0_9_R 1 -2.095e+04 1.888e+02 9.399e+01
s>        ( - -1.980e+04 4 0)
s>        ( - -9.649e+02 1 0))INFO: dtree.c(1315): Comp split 42
INFO: dtree.c(1439): stop. leaf nodes are specific
INFO: dtree.c(1478): Final simple tree
|( QUESTION15 -1 -2.288e+04 4.502e+02 1.032e+02
|    ( - 2.168e+02 1 0)
|    ( QUESTION10 -1 -2.265e+04 3.164e+02 1.022e+02
|        ( QUESTION2_10_L -1 -9.315e+03 1.061e+02 4.322e+01
|            ( - -8.648e+03 2 0)
|            ( - -5.606e+02 1 0))
|        ( WDBNDRY_S 0 -1.302e+04 1.238e+02 5.897e+01
|            ( - -9.303e+03 1 0)
|            ( QUESTION2_0_L -1 -3.593e+03 1.245e+02 1.694e+01
|                ( - -1.678e+03 1 0)
|                ( - -1.790e+03 1 0)))))
s>    ( QUESTION15 -1 -2.288e+04 4.502e+02 1.032e+02
s>        ( - 2.168e+02 1 0)
s>        ( QUESTION10 -1 -2.265e+04 3.164e+02 1.022e+02
s>            ( QUESTION2_10_L -1 -9.315e+03 1.061e+02 4.322e+01
s>                ( - -8.648e+03 2 0)
s>                ( - -5.606e+02 1 0))
s>            ( WDBNDRY_S 0 -1.302e+04 1.238e+02 5.897e+01
s>                ( - -9.303e+03 1 0)
s>                ( QUESTION2_0_L -1 -3.593e+03 1.245e+02 1.694e+01
s>                    ( - -1.678e+03 1 0)
s>                    ( - -1.790e+03 1 0)))))INFO: dtree.c(1315): Comp split 43
INFO: dtree.c(1439): stop. leaf nodes are specific
INFO: dtree.c(1478): Final simple tree
|( QUESTION10 -1 -2.265e+04 3.164e+02 1.022e+02
|    ( QUESTION2_10_L -1 -9.315e+03 1.061e+02 4.322e+01
|        ( - -8.648e+03 2 0)
|        ( - -5.606e+02 1 0))
|    ( WDBNDRY_S 0 -1.302e+04 1.238e+02 5.897e+01
|        ( - -9.303e+03 1 0)
|        ( QUESTION2_0_L -1 -3.593e+03 1.245e+02 1.694e+01
|            ( - -1.678e+03 1 0)
|            ( - -1.790e+03 1 0))))
s>    ( QUESTION10 -1 -2.265e+04 3.164e+02 1.022e+02
s>        ( QUESTION2_10_L -1 -9.315e+03 1.061e+02 4.322e+01
s>            ( - -8.648e+03 2 0)
s>            ( - -5.606e+02 1 0))
s>        ( WDBNDRY_S 0 -1.302e+04 1.238e+02 5.897e+01
s>            ( - -9.303e+03 1 0)
s>            ( QUESTION2_0_L -1 -3.593e+03 1.245e+02 1.694e+01
s>                ( - -1.678e+03 1 0)
s>                ( - -1.790e+03 1 0))))INFO: dtree.c(1315): Comp split 44
INFO: dtree.c(1315): Comp split 45
INFO: dtree.c(1439): stop. leaf nodes are specific
INFO: dtree.c(1478): Final simple tree
|( QUESTION0 -1 -2.795e+05 3.440e+02 1.271e+03
|    ( - -2.220e+05 2 0)
|    ( QUESTION2_10_L -1 -5.718e+04 2.350e+02 2.581e+02
|        ( - -1.732e+04 2 0)
|        ( QUESTION14 -1 -3.963e+04 2.220e+02 1.808e+02
|            ( - -6.197e+03 1 0)
|            ( QUESTION10 -1 -3.321e+04 1.112e+02 1.521e+02
|                ( - -2.237e+04 1 0)
|                ( - -1.073e+04 1 0)))))
s>    ( QUESTION0 -1 -2.795e+05 3.440e+02 1.271e+03
s>        ( - -2.220e+05 2 0)
s>        ( QUESTION2_10_L -1 -5.718e+04 2.350e+02 2.581e+02
s>            ( - -1.732e+04 2 0)
s>            ( QUESTION14 -1 -3.963e+04 2.220e+02 1.808e+02
s>                ( - -6.197e+03 1 0)
s>                ( QUESTION10 -1 -3.321e+04 1.112e+02 1.521e+02
s>                    ( - -2.237e+04 1 0)
s>                    ( - -1.073e+04 1 0)))))INFO: dtree.c(1439): stop. leaf nodes are specific
INFO: dtree.c(1478): Final simple tree
|( QUESTION0_9_R 1 -1.203e+04 1.692e+02 5.667e+01
|    ( - -7.277e+03 1 0)
|    ( - -4.580e+03 1 0))
s>    ( QUESTION0_9_R 1 -1.203e+04 1.692e+02 5.667e+01
s>        ( - -7.277e+03 1 0)
s>        ( - -4.580e+03 1 0))INFO: dtree.c(1315): Comp split 46
INFO: dtree.c(1439): stop. leaf nodes are specific
INFO: dtree.c(1478): Final simple tree
|( WDBNDRY_B 0 -4.749e+03 1.921e+02 2.393e+01
|    ( - -4.094e+03 1 0)
|    ( - -4.634e+02 1 0))
s>    ( WDBNDRY_B 0 -4.749e+03 1.921e+02 2.393e+01
s>        ( - -4.094e+03 1 0)
s>        ( - -4.634e+02 1 0))INFO: dtree.c(1315): Comp split 47
INFO: dtree.c(1439): stop. leaf nodes are specific
INFO: dtree.c(1478): Final simple tree
|( QUESTION10 -1 -1.357e+04 1.177e+02 6.034e+01
|    ( - -9.459e+03 1 0)
|    ( - -3.997e+03 1 0))
s>    ( QUESTION10 -1 -1.357e+04 1.177e+02 6.034e+01
s>        ( - -9.459e+03 1 0)
s>        ( - -3.997e+03 1 0))INFO: dtree.c(1439): stop. leaf nodes are specific
INFO: dtree.c(1478): Final simple tree
|( QUESTION0_18_R 1 -2.080e+04 3.837e+02 9.559e+01
|    ( - -1.002e+04 1 0)
|    ( QUESTION12 1 -1.039e+04 2.137e+02 4.782e+01
|        ( - -8.405e+03 1 0)
|        ( QUESTION10 -1 -1.772e+03 1.190e+02 9.000e+00
|            ( - -9.378e+02 1 0)
|            ( - -7.153e+02 1 0))))
s>    ( QUESTION0_18_R 1 -2.080e+04 3.837e+02 9.559e+01
s>        ( - -1.002e+04 1 0)
s>        ( QUESTION12 1 -1.039e+04 2.137e+02 4.782e+01
s>            ( - -8.405e+03 1 0)
s>            ( QUESTION10 -1 -1.772e+03 1.190e+02 9.000e+00
s>                ( - -9.378e+02 1 0)
s>                ( - -7.153e+02 1 0))))INFO: dtree.c(1315): Comp split 48
INFO: dtree.c(1439): stop. leaf nodes are specific
INFO: dtree.c(1478): Final simple tree
|( QUESTION12 1 -1.039e+04 2.137e+02 4.782e+01
|    ( - -8.405e+03 1 0)
|    ( QUESTION10 -1 -1.772e+03 1.190e+02 9.000e+00
|        ( - -9.378e+02 1 0)
|        ( - -7.153e+02 1 0)))
s>    ( QUESTION12 1 -1.039e+04 2.137e+02 4.782e+01
s>        ( - -8.405e+03 1 0)
s>        ( QUESTION10 -1 -1.772e+03 1.190e+02 9.000e+00
s>            ( - -9.378e+02 1 0)
s>            ( - -7.153e+02 1 0)))INFO: dtree.c(1315): Comp split 49
INFO: dtree.c(1439): stop. leaf nodes are specific
INFO: dtree.c(1478): Final simple tree
|( WDBNDRY_E 0 -1.097e+04 1.491e+02 4.888e+01
|    ( - -2.165e+03 1 0)
|    ( - -8.661e+03 1 0))
s>    ( WDBNDRY_E 0 -1.097e+04 1.491e+02 4.888e+01
s>        ( - -2.165e+03 1 0)
s>        ( - -8.661e+03 1 0))INFO: dtree.c(1315): Comp split 50
INFO: dtree.c(1439): stop. leaf nodes are specific
INFO: dtree.c(1478): Final simple tree
|( QUESTION2_10_L -1 -5.076e+04 2.323e+02 2.294e+02
|    ( - -1.732e+04 2 0)
|    ( QUESTION10 -1 -3.321e+04 1.112e+02 1.521e+02
|        ( - -2.237e+04 1 0)
|        ( - -1.073e+04 1 0)))
s>    ( QUESTION2_10_L -1 -5.076e+04 2.323e+02 2.294e+02
s>        ( - -1.732e+04 2 0)
s>        ( QUESTION10 -1 -3.321e+04 1.112e+02 1.521e+02
s>            ( - -2.237e+04 1 0)
s>            ( - -1.073e+04 1 0)))INFO: dtree.c(1439): stop. leaf nodes are specific
INFO: dtree.c(1478): Final simple tree
|( QUESTION0 -1 -2.284e+05 2.062e+02 1.042e+03
|    ( - -2.220e+05 2 0)
|    ( - -6.197e+03 1 0))
s>    ( QUESTION0 -1 -2.284e+05 2.062e+02 1.042e+03
s>        ( - -2.220e+05 2 0)
s>        ( - -6.197e+03 1 0))INFO: dtree.c(1315): Comp split 51
INFO: dtree.c(1439): stop. leaf nodes are specific
INFO: dtree.c(1478): Final simple tree
|( QUESTION10 -1 -5.459e+04 8.607e+01 2.441e+02
|    ( - -5.313e+04 2 0)
|    ( - -1.381e+03 1 0))
s>    ( QUESTION10 -1 -5.459e+04 8.607e+01 2.441e+02
s>        ( - -5.313e+04 2 0)
s>        ( - -1.381e+03 1 0))INFO: dtree.c(1439): stop. leaf nodes are specific
INFO: dtree.c(1478): Final simple tree
|( QUESTION12 -1 -1.308e+04 2.498e+02 5.694e+01
|    ( - -7.581e+03 1 0)
|    ( - -5.247e+03 1 0))
s>    ( QUESTION12 -1 -1.308e+04 2.498e+02 5.694e+01
s>        ( - -7.581e+03 1 0)
s>        ( - -5.247e+03 1 0))INFO: dtree.c(1315): Comp split 52
INFO: dtree.c(1439): stop. leaf nodes are specific
INFO: dtree.c(1478): Final simple tree
|( QUESTION2 -1 -2.889e+04 1.245e+02 1.243e+02
|    ( - -2.488e+04 2 0)
|    ( - -3.887e+03 1 0))
s>    ( QUESTION2 -1 -2.889e+04 1.245e+02 1.243e+02
s>        ( - -2.488e+04 2 0)
s>        ( - -3.887e+03 1 0))INFO: dtree.c(1439): stop. leaf nodes are specific
INFO: dtree.c(1478): Final simple tree
|( QUESTION10 -1 -5.212e+03 1.682e+02 2.310e+01
|    ( - -5.535e+02 1 0)
|    ( WDBNDRY_E 0 -4.490e+03 1.464e+02 2.010e+01
|        ( - -1.534e+03 1 0)
|        ( - -2.810e+03 1 0)))
s>    ( QUESTION10 -1 -5.212e+03 1.682e+02 2.310e+01
s>        ( - -5.535e+02 1 0)
s>        ( WDBNDRY_E 0 -4.490e+03 1.464e+02 2.010e+01
s>            ( - -1.534e+03 1 0)
s>            ( - -2.810e+03 1 0)))INFO: dtree.c(1315): Comp split 53
INFO: dtree.c(1439): stop. leaf nodes are specific
INFO: dtree.c(1478): Final simple tree
|( WDBNDRY_S 0 -1.302e+04 1.238e+02 5.897e+01
|    ( - -9.303e+03 1 0)
|    ( QUESTION2_0_L -1 -3.593e+03 1.245e+02 1.694e+01
|        ( - -1.678e+03 1 0)
|        ( - -1.790e+03 1 0)))
s>    ( WDBNDRY_S 0 -1.302e+04 1.238e+02 5.897e+01
s>        ( - -9.303e+03 1 0)
s>        ( QUESTION2_0_L -1 -3.593e+03 1.245e+02 1.694e+01
s>            ( - -1.678e+03 1 0)
s>            ( - -1.790e+03 1 0)))INFO: dtree.c(1439): stop. leaf nodes are specific
INFO: dtree.c(1478): Final simple tree
|( QUESTION2_10_L -1 -9.315e+03 1.061e+02 4.322e+01
|    ( - -8.648e+03 2 0)
|    ( - -5.606e+02 1 0))
s>    ( QUESTION2_10_L -1 -9.315e+03 1.061e+02 4.322e+01
s>        ( - -8.648e+03 2 0)
s>        ( - -5.606e+02 1 0))INFO: dtree.c(1315): Comp split 54
INFO: dtree.c(1439): stop. leaf nodes are specific
INFO: dtree.c(1478): Final simple tree
|( QUESTION13 -1 -2.035e+05 2.513e+02 1.034e+03
|    ( - -5.230e+03 1 0)
|    ( QUESTION0 -1 -1.980e+05 1.837e+02 1.006e+03
|        ( - -1.939e+05 1 0)
|        ( - -3.969e+03 1 0)))
s>    ( QUESTION13 -1 -2.035e+05 2.513e+02 1.034e+03
s>        ( - -5.230e+03 1 0)
s>        ( QUESTION0 -1 -1.980e+05 1.837e+02 1.006e+03
s>            ( - -1.939e+05 1 0)
s>            ( - -3.969e+03 1 0)))INFO: dtree.c(1315): Comp split 55
INFO: dtree.c(1439): stop. leaf nodes are specific
INFO: dtree.c(1478): Final simple tree
|( WDBNDRY_S 0 -5.791e+04 1.632e+02 2.559e+02
|    ( - -5.885e+03 1 0)
|    ( - -5.186e+04 1 0))
s>    ( WDBNDRY_S 0 -5.791e+04 1.632e+02 2.559e+02
s>        ( - -5.885e+03 1 0)
s>        ( - -5.186e+04 1 0))INFO: dtree.c(1439): stop. leaf nodes are specific
INFO: dtree.c(1478): Final simple tree
|( QUESTION10 -1 -4.646e+04 1.250e+02 2.017e+02
|    ( - -4.595e+04 2 0)
|    ( - -3.844e+02 1 0))
s>    ( QUESTION10 -1 -4.646e+04 1.250e+02 2.017e+02
s>        ( - -4.595e+04 2 0)
s>        ( - -3.844e+02 1 0))INFO: dtree.c(1315): Comp split 56
INFO: dtree.c(1315): Comp split 57
INFO: dtree.c(1315): Comp split 58
INFO: dtree.c(1439): stop. leaf nodes are specific
INFO: dtree.c(1478): Final simple tree
|( QUESTION0 -1 -1.980e+05 1.837e+02 1.006e+03
|    ( - -1.939e+05 1 0)
|    ( - -3.969e+03 1 0))
s>    ( QUESTION0 -1 -1.980e+05 1.837e+02 1.006e+03
s>        ( - -1.939e+05 1 0)
s>        ( - -3.969e+03 1 0))INFO: dtree.c(1315): Comp split 59
INFO: dtree.c(1315): Comp split 60
INFO: dtree.c(1315): Comp split 61
INFO: dtree.c(1439): stop. leaf nodes are specific
INFO: dtree.c(1478): Final simple tree
|( QUESTION0 -1 -7.338e+04 1.826e+02 3.394e+02
|    ( - -2.836e+03 1 0)
|    ( - -7.036e+04 4 0))
s>    ( QUESTION0 -1 -7.338e+04 1.826e+02 3.394e+02
s>        ( - -2.836e+03 1 0)
s>        ( - -7.036e+04 4 0))INFO: dtree.c(1315): Comp split 62
INFO: dtree.c(1315): Comp split 63
INFO: dtree.c(1439): stop. leaf nodes are specific
INFO: dtree.c(1478): Final simple tree
|( QUESTION10 -1 -3.269e+04 1.595e+02 1.469e+02
|    ( - -3.045e+04 3 0)
|    ( - -2.075e+03 2 0))
s>    ( QUESTION10 -1 -3.269e+04 1.595e+02 1.469e+02
s>        ( - -3.045e+04 3 0)
s>        ( - -2.075e+03 2 0))INFO: dtree.c(1315): Comp split 64
INFO: dtree.c(1439): stop. leaf nodes are specific
INFO: dtree.c(1478): Final simple tree
|( QUESTION10 -1 -3.321e+04 1.112e+02 1.521e+02
|    ( - -2.237e+04 1 0)
|    ( - -1.073e+04 1 0))
s>    ( QUESTION10 -1 -3.321e+04 1.112e+02 1.521e+02
s>        ( - -2.237e+04 1 0)
s>        ( - -1.073e+04 1 0))INFO: dtree.c(1315): Comp split 65
INFO: dtree.c(1439): stop. leaf nodes are specific
INFO: dtree.c(1478): Final simple tree
|( QUESTION10 -1 -1.772e+03 1.190e+02 9.000e+00
|    ( - -9.378e+02 1 0)
|    ( - -7.153e+02 1 0))
s>    ( QUESTION10 -1 -1.772e+03 1.190e+02 9.000e+00
s>        ( - -9.378e+02 1 0)
s>        ( - -7.153e+02 1 0))INFO: dtree.c(1315): Comp split 66
INFO: dtree.c(1439): stop. leaf nodes are specific
INFO: dtree.c(1478): Final simple tree
|( QUESTION0_9_R 1 -9.333e+03 1.644e+02 4.638e+01
|    ( - -3.755e+03 1 0)
|    ( - -5.413e+03 1 0))
s>    ( QUESTION0_9_R 1 -9.333e+03 1.644e+02 4.638e+01
s>        ( - -3.755e+03 1 0)
s>        ( - -5.413e+03 1 0))INFO: dtree.c(1315): Comp split 67
INFO: dtree.c(1439): stop. leaf nodes are specific
INFO: dtree.c(1478): Final simple tree
|( QUESTION0_9_R 1 -2.221e+05 1.626e+02 9.795e+02
|    ( - -2.216e+05 2 0)
|    ( - -3.108e+02 1 0))
s>    ( QUESTION0_9_R 1 -2.221e+05 1.626e+02 9.795e+02
s>        ( - -2.216e+05 2 0)
s>        ( - -3.108e+02 1 0))INFO: dtree.c(1315): Comp split 68
INFO: dtree.c(1315): Comp split 69
INFO: dtree.c(1315): Comp split 70
INFO: dtree.c(1315): Comp split 71
INFO: dtree.c(1315): Comp split 72
INFO: dtree.c(1439): stop. leaf nodes are specific
INFO: dtree.c(1478): Final simple tree
|( QUESTION0_6_R 1 -1.001e+04 1.701e+02 4.423e+01
|    ( - -2.108e+03 1 0)
|    ( QUESTION14 -1 -7.737e+03 1.489e+02 3.487e+01
|        ( - -3.898e+03 1 0)
|        ( QUESTION0_5_R 1 -3.690e+03 1.072e+02 1.704e+01
|            ( - -1.683e+03 1 0)
|            ( - -1.900e+03 1 0))))
s>    ( QUESTION0_6_R 1 -1.001e+04 1.701e+02 4.423e+01
s>        ( - -2.108e+03 1 0)
s>        ( QUESTION14 -1 -7.737e+03 1.489e+02 3.487e+01
s>            ( - -3.898e+03 1 0)
s>            ( QUESTION0_5_R 1 -3.690e+03 1.072e+02 1.704e+01
s>                ( - -1.683e+03 1 0)
s>                ( - -1.900e+03 1 0))))INFO: dtree.c(1439): stop. leaf nodes are specific
INFO: dtree.c(1478): Final simple tree
|( WDBNDRY_E 0 -1.359e+04 1.286e+02 5.904e+01
|    ( - -2.024e+03 1 0)
|    ( - -1.143e+04 1 0))
s>    ( WDBNDRY_E 0 -1.359e+04 1.286e+02 5.904e+01
s>        ( - -2.024e+03 1 0)
s>        ( - -1.143e+04 1 0))INFO: dtree.c(1315): Comp split 73
INFO: dtree.c(1439): stop. leaf nodes are specific
INFO: dtree.c(1478): Final simple tree
|( QUESTION0 -1 -4.099e+03 1.347e+02 1.902e+01
|    ( - -2.318e+03 1 0)
|    ( - -1.647e+03 1 0))
s>    ( QUESTION0 -1 -4.099e+03 1.347e+02 1.902e+01
s>        ( - -2.318e+03 1 0)
s>        ( - -1.647e+03 1 0))INFO: dtree.c(1315): Comp split 74
INFO: dtree.c(1315): Comp split 75
INFO: dtree.c(1315): Comp split 76
INFO: dtree.c(1439): stop. leaf nodes are specific
INFO: dtree.c(1478): Final simple tree
|( QUESTION14 -1 -7.737e+03 1.489e+02 3.487e+01
|    ( - -3.898e+03 1 0)
|    ( QUESTION0_5_R 1 -3.690e+03 1.072e+02 1.704e+01
|        ( - -1.683e+03 1 0)
|        ( - -1.900e+03 1 0)))
s>    ( QUESTION14 -1 -7.737e+03 1.489e+02 3.487e+01
s>        ( - -3.898e+03 1 0)
s>        ( QUESTION0_5_R 1 -3.690e+03 1.072e+02 1.704e+01
s>            ( - -1.683e+03 1 0)
s>            ( - -1.900e+03 1 0)))INFO: dtree.c(1315): Comp split 77
INFO: dtree.c(1315): Comp split 78
INFO: dtree.c(1439): stop. leaf nodes are specific
INFO: dtree.c(1478): Final simple tree
|( WDBNDRY_E 0 -4.490e+03 1.464e+02 2.010e+01
|    ( - -1.534e+03 1 0)
|    ( - -2.810e+03 1 0))
s>    ( WDBNDRY_E 0 -4.490e+03 1.464e+02 2.010e+01
s>        ( - -1.534e+03 1 0)
s>        ( - -2.810e+03 1 0))INFO: dtree.c(1315): Comp split 79
INFO: dtree.c(1315): Comp split 80
INFO: dtree.c(1315): Comp split 81
INFO: dtree.c(1315): Comp split 82
INFO: dtree.c(1315): Comp split 83
INFO: dtree.c(1439): stop. leaf nodes are specific
INFO: dtree.c(1478): Final simple tree
|( WDBNDRY_B 0 -1.030e+04 1.300e+02 4.709e+01
|    ( - -3.548e+03 1 0)
|    ( - -6.625e+03 1 0))
s>    ( WDBNDRY_B 0 -1.030e+04 1.300e+02 4.709e+01
s>        ( - -3.548e+03 1 0)
s>        ( - -6.625e+03 1 0))INFO: dtree.c(1315): Comp split 84
INFO: dtree.c(1439): stop. leaf nodes are specific
INFO: dtree.c(1478): Final simple tree
|( WDBNDRY_S 0 -1.108e+04 9.381e+01 5.003e+01
|    ( - -9.303e+03 1 0)
|    ( - -1.678e+03 1 0))
s>    ( WDBNDRY_S 0 -1.108e+04 9.381e+01 5.003e+01
s>        ( - -9.303e+03 1 0)
s>        ( - -1.678e+03 1 0))INFO: dtree.c(1315): Comp split 85
INFO: dtree.c(1315): Comp split 86
INFO: dtree.c(1439): stop. leaf nodes are specific
INFO: dtree.c(1478): Final simple tree
|( QUESTION0_5_R 1 -3.690e+03 1.072e+02 1.704e+01
|    ( - -1.683e+03 1 0)
|    ( - -1.900e+03 1 0))
s>    ( QUESTION0_5_R 1 -3.690e+03 1.072e+02 1.704e+01
s>        ( - -1.683e+03 1 0)
s>        ( - -1.900e+03 1 0))INFO: dtree.c(1315): Comp split 87
INFO: dtree.c(1315): Comp split 88
INFO: dtree.c(1315): Comp split 89
INFO: dtree.c(1315): Comp split 90
INFO: dtree.c(1315): Comp split 91
INFO: dtree.c(1315): Comp split 92
INFO: dtree.c(1315): Comp split 93
INFO: dtree.c(1315): Comp split 94
INFO: dtree.c(1315): Comp split 95
INFO: dtree.c(1315): Comp split 96
INFO: dtree.c(1315): Comp split 97
INFO: dtree.c(1439): stop. leaf nodes are specific
INFO: dtree.c(1478): Final simple tree
|( WDBNDRY_E 0 -5.062e+04 9.770e+01 2.197e+02
|    ( - -6.379e+02 1 0)
|    ( - -4.989e+04 2 0))
s>    ( WDBNDRY_E 0 -5.062e+04 9.770e+01 2.197e+02
s>        ( - -6.379e+02 1 0)
s>        ( - -4.989e+04 2 0))INFO: dtree.c(1315): Comp split 98
INFO: dtree.c(1315): Comp split 99
INFO: dtree.c(1315): Comp split 100
INFO: dtree.c(1315): Comp split 101
INFO: dtree.c(1315): Comp split 102
INFO: dtree.c(1315): Comp split 103
INFO: dtree.c(1318): stop. leaf nodes are specific
Fri Jan  6 22:27:09 2023
