Current configuration:
[NAME]		[DEFLT]	[VALUE]
-allphones	no	no
-cntthresh	0.00001	1.000000e-05
-csplitmax	100	2000
-csplitmin	1	1
-csplitthr	8e-4	0.000000e+00
-example	no	no
-fullvar	no	no
-help		no	no
-meanfn			/mnt/c/users/robin/onedrive/desktop/cmu/Cebuano/model_parameters/Cebuano.cd_cont_untied/means
-mixwfn			/mnt/c/users/robin/onedrive/desktop/cmu/Cebuano/model_parameters/Cebuano.cd_cont_untied/mixture_weights
-moddeffn		/mnt/c/users/robin/onedrive/desktop/cmu/Cebuano/model_architecture/Cebuano.untied.mdef
-mwfloor	1e-4	1.000000e-08
-phone			AW
-psetfn			/mnt/c/users/robin/onedrive/desktop/cmu/Cebuano/model_architecture/Cebuano.tree_questions
-ssplitmax	5	7
-ssplitmin	1	1
-ssplitthr	8e-4	0.000000e+00
-state			1
-stwt			1.0,0.05,0.0,
-treefn			/mnt/c/users/robin/onedrive/desktop/cmu/Cebuano/trees/Cebuano.unpruned/AW-1.dtree
-ts2cbfn	.semi.	.cont.
-varfloor	0.00001	1.000000e-05
-varfn			/mnt/c/users/robin/onedrive/desktop/cmu/Cebuano/model_parameters/Cebuano.cd_cont_untied/variances

INFO: main.c(223): Reading: /mnt/c/users/robin/onedrive/desktop/cmu/Cebuano/model_architecture/Cebuano.untied.mdef
INFO: model_def_io.c(573): Model definition info:
INFO: model_def_io.c(574): 7744 total models defined (40 base, 7704 tri)
INFO: model_def_io.c(575): 30976 total states
INFO: model_def_io.c(576): 23232 total tied states
INFO: model_def_io.c(577): 120 total tied CI states
INFO: model_def_io.c(578): 40 total tied transition matrices
INFO: model_def_io.c(579): 4 max state/model
INFO: model_def_io.c(580): 4 min state/model
INFO: main.c(242): Building trees for [AW D N i] through [AW TH Z i]
INFO: main.c(268): Covering states |[4854 4931]| == 78
INFO: main.c(275): Reading: /mnt/c/users/robin/onedrive/desktop/cmu/Cebuano/model_parameters/Cebuano.cd_cont_untied/mixture_weights
INFO: s3mixw_io.c(172): Read /mnt/c/users/robin/onedrive/desktop/cmu/Cebuano/model_parameters/Cebuano.cd_cont_untied/mixture_weights [78x1x1 array]
INFO: main.c(311): 26 of 26 models have observation count greater than 0.000010
INFO: main.c(95): nrm stwt: 0.045 0.909 0.045 
INFO: s3gau_io.c(168): Read /mnt/c/users/robin/onedrive/desktop/cmu/Cebuano/model_parameters/Cebuano.cd_cont_untied/means [23232x1x1 array]
INFO: s3gau_io.c(168): Read /mnt/c/users/robin/onedrive/desktop/cmu/Cebuano/model_parameters/Cebuano.cd_cont_untied/variances [23232x1x1 array]
INFO: main.c(549): Reading: /mnt/c/users/robin/onedrive/desktop/cmu/Cebuano/model_architecture/Cebuano.tree_questions
INFO: main.c(587): 180 total simple questions (172 phone; 8 word bndry)
INFO: main.c(589): 42 Left Only questions, and 42 Right Only questions
INFO: dtree.c(1478): Final simple tree
|( QUESTION2_6_L -1 -4.035e+05 1.537e+03 1.982e+03
|    ( WDBNDRY_E 0 -3.145e+05 1.466e+03 1.564e+03
|        ( QUESTION0_14_R 1 -2.269e+05 8.201e+02 1.136e+03
|            ( - -8.389e+04 1 0)
|            ( QUESTION0_3_R 1 -1.422e+05 7.080e+02 7.023e+02
|                ( - -4.533e+04 3 0)
|                ( QUESTION0_1_R 1 -9.614e+04 6.247e+02 4.767e+02
|                    ( - -3.114e+04 2 0)
|                    ( QUESTION0_9_R 1 -6.437e+04 5.216e+02 3.134e+02
|                        ( - -1.018e+04 1 0)
|                        ( - -5.367e+04 2 0 QUESTION0_0_R 1 4.229e+02 2.649e+02)))))
|        ( - -8.616e+04 4 0 QUESTION10 1 3.498e+02 4.281e+02))
|    ( QUESTION9 1 -8.747e+04 9.123e+02 4.174e+02
|        ( - -3.120e+04 7 0 WDBNDRY_E 0 3.586e+02 1.489e+02)
|        ( - -5.535e+04 6 0 QUESTION0_14_R 1 4.639e+02 2.685e+02)))
s>    ( QUESTION2_6_L -1 -4.035e+05 1.537e+03 1.982e+03
s>        ( WDBNDRY_E 0 -3.145e+05 1.466e+03 1.564e+03
s>            ( QUESTION0_14_R 1 -2.269e+05 8.201e+02 1.136e+03
s>                ( - -8.389e+04 1 0)
s>                ( QUESTION0_3_R 1 -1.422e+05 7.080e+02 7.023e+02
s>                    ( - -4.533e+04 3 0)
s>                    ( QUESTION0_1_R 1 -9.614e+04 6.247e+02 4.767e+02
s>                        ( - -3.114e+04 2 0)
s>                        ( QUESTION0_9_R 1 -6.437e+04 5.216e+02 3.134e+02
s>                            ( - -1.018e+04 1 0)
s>                            ( - -5.367e+04 2 0 QUESTION0_0_R 1 4.229e+02 2.649e+02)))))
s>            ( - -8.616e+04 4 0 QUESTION10 1 3.498e+02 4.281e+02))
s>        ( QUESTION9 1 -8.747e+04 9.123e+02 4.174e+02
s>            ( - -3.120e+04 7 0 WDBNDRY_E 0 3.586e+02 1.489e+02)
s>            ( - -5.535e+04 6 0 QUESTION0_14_R 1 4.639e+02 2.685e+02)))INFO: dtree.c(1315): Comp split 0
INFO: dtree.c(1439): stop. leaf nodes are specific
INFO: dtree.c(1478): Final simple tree
|( WDBNDRY_E 0 -1.513e+05 7.397e+02 7.415e+02
|    ( QUESTION0_9_R 1 -6.437e+04 5.216e+02 3.134e+02
|        ( - -1.018e+04 1 0)
|        ( QUESTION0_0_R 1 -5.367e+04 4.229e+02 2.649e+02
|            ( - -3.563e+04 1 0)
|            ( - -1.761e+04 1 0)))
|    ( QUESTION10 1 -8.616e+04 3.498e+02 4.281e+02
|        ( - -7.426e+04 3 0)
|        ( - -1.155e+04 1 0)))
s>    ( WDBNDRY_E 0 -1.513e+05 7.397e+02 7.415e+02
s>        ( QUESTION0_9_R 1 -6.437e+04 5.216e+02 3.134e+02
s>            ( - -1.018e+04 1 0)
s>            ( QUESTION0_0_R 1 -5.367e+04 4.229e+02 2.649e+02
s>                ( - -3.563e+04 1 0)
s>                ( - -1.761e+04 1 0)))
s>        ( QUESTION10 1 -8.616e+04 3.498e+02 4.281e+02
s>            ( - -7.426e+04 3 0)
s>            ( - -1.155e+04 1 0)))INFO: dtree.c(1478): Final simple tree
|( QUESTION2_6_L -1 -2.505e+05 1.409e+03 1.240e+03
|    ( QUESTION0_2_R 1 -1.616e+05 8.673e+02 8.228e+02
|        ( - -4.533e+04 3 0)
|        ( - -1.154e+05 3 0 QUESTION0_0_R 1 3.930e+02 5.972e+02))
|    ( QUESTION9 1 -8.747e+04 9.123e+02 4.174e+02
|        ( - -3.120e+04 7 0 WDBNDRY_E 0 3.586e+02 1.489e+02)
|        ( QUESTION0_14_R 1 -5.535e+04 4.639e+02 2.685e+02
|            ( QUESTION10 -1 -1.106e+04 4.359e+02 5.894e+01
|                ( - -5.630e+03 1 0)
|                ( - -4.990e+03 1 0))
|            ( QUESTION2 -1 -4.383e+04 4.444e+02 2.095e+02
|                ( - 1.653e+02 1 0)
|                ( QUESTION0_0_R 1 -4.355e+04 4.087e+02 2.085e+02
|                    ( - -2.070e+04 2 0 WDBNDRY_E 0 2.581e+02 1.011e+02)
|                    ( - -2.245e+04 1 0))))))
s>    ( QUESTION2_6_L -1 -2.505e+05 1.409e+03 1.240e+03
s>        ( QUESTION0_2_R 1 -1.616e+05 8.673e+02 8.228e+02
s>            ( - -4.533e+04 3 0)
s>            ( - -1.154e+05 3 0 QUESTION0_0_R 1 3.930e+02 5.972e+02))
s>        ( QUESTION9 1 -8.747e+04 9.123e+02 4.174e+02
s>            ( - -3.120e+04 7 0 WDBNDRY_E 0 3.586e+02 1.489e+02)
s>            ( QUESTION0_14_R 1 -5.535e+04 4.639e+02 2.685e+02
s>                ( QUESTION10 -1 -1.106e+04 4.359e+02 5.894e+01
s>                    ( - -5.630e+03 1 0)
s>                    ( - -4.990e+03 1 0))
s>                ( QUESTION2 -1 -4.383e+04 4.444e+02 2.095e+02
s>                    ( - 1.653e+02 1 0)
s>                    ( QUESTION0_0_R 1 -4.355e+04 4.087e+02 2.085e+02
s>                        ( - -2.070e+04 2 0 WDBNDRY_E 0 2.581e+02 1.011e+02)
s>                        ( - -2.245e+04 1 0))))))INFO: dtree.c(1315): Comp split 1
INFO: dtree.c(1439): stop. leaf nodes are specific
INFO: dtree.c(1478): Final simple tree
|( QUESTION0_2_R 1 -1.963e+05 1.013e+03 9.891e+02
|    ( - -4.533e+04 3 0)
|    ( QUESTION12 -1 -1.499e+05 5.545e+02 7.635e+02
|        ( QUESTION0_0_R 1 -1.154e+05 3.930e+02 5.972e+02
|            ( - -3.114e+04 2 0)
|            ( - -8.389e+04 1 0))
|        ( QUESTION10 -1 -3.395e+04 4.521e+02 1.663e+02
|            ( - -5.630e+03 1 0)
|            ( QUESTION0_14_R 1 -2.787e+04 4.356e+02 1.354e+02
|                ( - -4.990e+03 1 0)
|                ( - -2.245e+04 1 0)))))
s>    ( QUESTION0_2_R 1 -1.963e+05 1.013e+03 9.891e+02
s>        ( - -4.533e+04 3 0)
s>        ( QUESTION12 -1 -1.499e+05 5.545e+02 7.635e+02
s>            ( QUESTION0_0_R 1 -1.154e+05 3.930e+02 5.972e+02
s>                ( - -3.114e+04 2 0)
s>                ( - -8.389e+04 1 0))
s>            ( QUESTION10 -1 -3.395e+04 4.521e+02 1.663e+02
s>                ( - -5.630e+03 1 0)
s>                ( QUESTION0_14_R 1 -2.787e+04 4.356e+02 1.354e+02
s>                    ( - -4.990e+03 1 0)
s>                    ( - -2.245e+04 1 0)))))INFO: dtree.c(1478): Final simple tree
|( QUESTION0_2_R 1 -5.261e+04 4.626e+02 2.511e+02
|    ( QUESTION2 -1 -2.373e+04 4.354e+02 1.151e+02
|        ( - 1.653e+02 1 0)
|        ( QUESTION0_3_R 1 -2.346e+04 2.600e+02 1.141e+02
|            ( - -2.501e+03 1 0)
|            ( WDBNDRY_E 0 -2.070e+04 2.581e+02 1.011e+02
|                ( - -1.737e+04 1 0)
|                ( - -3.070e+03 1 0))))
|    ( WDBNDRY_E 0 -2.842e+04 3.500e+02 1.359e+02
|        ( QUESTION0_17_R 1 -1.179e+04 2.103e+02 5.800e+01
|            ( - -1.593e+03 1 0)
|            ( - -9.987e+03 2 0 QUESTION0_0_R 1 1.526e+02 5.000e+01))
|        ( QUESTION2_10_L -1 -1.628e+04 1.834e+02 7.792e+01
|            ( - -1.237e+04 2 0)
|            ( - -3.728e+03 1 0))))
s>    ( QUESTION0_2_R 1 -5.261e+04 4.626e+02 2.511e+02
s>        ( QUESTION2 -1 -2.373e+04 4.354e+02 1.151e+02
s>            ( - 1.653e+02 1 0)
s>            ( QUESTION0_3_R 1 -2.346e+04 2.600e+02 1.141e+02
s>                ( - -2.501e+03 1 0)
s>                ( WDBNDRY_E 0 -2.070e+04 2.581e+02 1.011e+02
s>                    ( - -1.737e+04 1 0)
s>                    ( - -3.070e+03 1 0))))
s>        ( WDBNDRY_E 0 -2.842e+04 3.500e+02 1.359e+02
s>            ( QUESTION0_17_R 1 -1.179e+04 2.103e+02 5.800e+01
s>                ( - -1.593e+03 1 0)
s>                ( - -9.987e+03 2 0 QUESTION0_0_R 1 1.526e+02 5.000e+01))
s>            ( QUESTION2_10_L -1 -1.628e+04 1.834e+02 7.792e+01
s>                ( - -1.237e+04 2 0)
s>                ( - -3.728e+03 1 0))))INFO: dtree.c(1315): Comp split 2
INFO: dtree.c(1439): stop. leaf nodes are specific
INFO: dtree.c(1478): Final simple tree
|( QUESTION12 -1 -1.499e+05 5.545e+02 7.635e+02
|    ( QUESTION0_0_R 1 -1.154e+05 3.930e+02 5.972e+02
|        ( - -3.114e+04 2 0)
|        ( - -8.389e+04 1 0))
|    ( QUESTION10 -1 -3.395e+04 4.521e+02 1.663e+02
|        ( - -5.630e+03 1 0)
|        ( QUESTION0_14_R 1 -2.787e+04 4.356e+02 1.354e+02
|            ( - -4.990e+03 1 0)
|            ( - -2.245e+04 1 0))))
s>    ( QUESTION12 -1 -1.499e+05 5.545e+02 7.635e+02
s>        ( QUESTION0_0_R 1 -1.154e+05 3.930e+02 5.972e+02
s>            ( - -3.114e+04 2 0)
s>            ( - -8.389e+04 1 0))
s>        ( QUESTION10 -1 -3.395e+04 4.521e+02 1.663e+02
s>            ( - -5.630e+03 1 0)
s>            ( QUESTION0_14_R 1 -2.787e+04 4.356e+02 1.354e+02
s>                ( - -4.990e+03 1 0)
s>                ( - -2.245e+04 1 0))))INFO: dtree.c(1315): Comp split 3
INFO: dtree.c(1439): stop. leaf nodes are specific
INFO: dtree.c(1478): Final simple tree
|( QUESTION0_9_R 1 -6.437e+04 5.216e+02 3.134e+02
|    ( - -1.018e+04 1 0)
|    ( QUESTION0_0_R 1 -5.367e+04 4.229e+02 2.649e+02
|        ( - -3.563e+04 1 0)
|        ( - -1.761e+04 1 0)))
s>    ( QUESTION0_9_R 1 -6.437e+04 5.216e+02 3.134e+02
s>        ( - -1.018e+04 1 0)
s>        ( QUESTION0_0_R 1 -5.367e+04 4.229e+02 2.649e+02
s>            ( - -3.563e+04 1 0)
s>            ( - -1.761e+04 1 0)))INFO: dtree.c(1439): stop. leaf nodes are specific
INFO: dtree.c(1478): Final simple tree
|( QUESTION10 1 -8.616e+04 3.498e+02 4.281e+02
|    ( - -7.426e+04 3 0)
|    ( - -1.155e+04 1 0))
s>    ( QUESTION10 1 -8.616e+04 3.498e+02 4.281e+02
s>        ( - -7.426e+04 3 0)
s>        ( - -1.155e+04 1 0))INFO: dtree.c(1315): Comp split 4
INFO: dtree.c(1439): stop. leaf nodes are specific
INFO: dtree.c(1478): Final simple tree
|( QUESTION10 -1 -3.395e+04 4.521e+02 1.663e+02
|    ( - -5.630e+03 1 0)
|    ( QUESTION0_14_R 1 -2.787e+04 4.356e+02 1.354e+02
|        ( - -4.990e+03 1 0)
|        ( - -2.245e+04 1 0)))
s>    ( QUESTION10 -1 -3.395e+04 4.521e+02 1.663e+02
s>        ( - -5.630e+03 1 0)
s>        ( QUESTION0_14_R 1 -2.787e+04 4.356e+02 1.354e+02
s>            ( - -4.990e+03 1 0)
s>            ( - -2.245e+04 1 0)))INFO: dtree.c(1439): stop. leaf nodes are specific
INFO: dtree.c(1478): Final simple tree
|( QUESTION0_0_R 1 -1.154e+05 3.930e+02 5.972e+02
|    ( - -3.114e+04 2 0)
|    ( - -8.389e+04 1 0))
s>    ( QUESTION0_0_R 1 -1.154e+05 3.930e+02 5.972e+02
s>        ( - -3.114e+04 2 0)
s>        ( - -8.389e+04 1 0))INFO: dtree.c(1315): Comp split 5
INFO: dtree.c(1439): stop. leaf nodes are specific
INFO: dtree.c(1478): Final simple tree
|( QUESTION0_0_R 1 -5.367e+04 4.229e+02 2.649e+02
|    ( - -3.563e+04 1 0)
|    ( - -1.761e+04 1 0))
s>    ( QUESTION0_0_R 1 -5.367e+04 4.229e+02 2.649e+02
s>        ( - -3.563e+04 1 0)
s>        ( - -1.761e+04 1 0))INFO: dtree.c(1315): Comp split 6
INFO: dtree.c(1439): stop. leaf nodes are specific
INFO: dtree.c(1478): Final simple tree
|( QUESTION0_3_R 1 -2.346e+04 2.600e+02 1.141e+02
|    ( - -2.501e+03 1 0)
|    ( WDBNDRY_E 0 -2.070e+04 2.581e+02 1.011e+02
|        ( - -1.737e+04 1 0)
|        ( - -3.070e+03 1 0)))
s>    ( QUESTION0_3_R 1 -2.346e+04 2.600e+02 1.141e+02
s>        ( - -2.501e+03 1 0)
s>        ( WDBNDRY_E 0 -2.070e+04 2.581e+02 1.011e+02
s>            ( - -1.737e+04 1 0)
s>            ( - -3.070e+03 1 0)))INFO: dtree.c(1439): stop. leaf nodes are specific
INFO: dtree.c(1478): Final simple tree
|( QUESTION0_2_R 1 -2.868e+04 4.253e+02 1.369e+02
|    ( - 1.653e+02 1 0)
|    ( WDBNDRY_E 0 -2.842e+04 3.500e+02 1.359e+02
|        ( QUESTION0_17_R 1 -1.179e+04 2.103e+02 5.800e+01
|            ( - -1.593e+03 1 0)
|            ( QUESTION0_0_R 1 -9.987e+03 1.526e+02 5.000e+01
|                ( - -8.205e+03 1 0)
|                ( - -1.630e+03 1 0)))
|        ( QUESTION2_10_L -1 -1.628e+04 1.834e+02 7.792e+01
|            ( - -1.237e+04 2 0)
|            ( - -3.728e+03 1 0))))
s>    ( QUESTION0_2_R 1 -2.868e+04 4.253e+02 1.369e+02
s>        ( - 1.653e+02 1 0)
s>        ( WDBNDRY_E 0 -2.842e+04 3.500e+02 1.359e+02
s>            ( QUESTION0_17_R 1 -1.179e+04 2.103e+02 5.800e+01
s>                ( - -1.593e+03 1 0)
s>                ( QUESTION0_0_R 1 -9.987e+03 1.526e+02 5.000e+01
s>                    ( - -8.205e+03 1 0)
s>                    ( - -1.630e+03 1 0)))
s>            ( QUESTION2_10_L -1 -1.628e+04 1.834e+02 7.792e+01
s>                ( - -1.237e+04 2 0)
s>                ( - -3.728e+03 1 0))))INFO: dtree.c(1315): Comp split 7
INFO: dtree.c(1439): stop. leaf nodes are specific
INFO: dtree.c(1478): Final simple tree
|( QUESTION0_14_R 1 -2.787e+04 4.356e+02 1.354e+02
|    ( - -4.990e+03 1 0)
|    ( - -2.245e+04 1 0))
s>    ( QUESTION0_14_R 1 -2.787e+04 4.356e+02 1.354e+02
s>        ( - -4.990e+03 1 0)
s>        ( - -2.245e+04 1 0))INFO: dtree.c(1315): Comp split 8
INFO: dtree.c(1315): Comp split 9
INFO: dtree.c(1439): stop. leaf nodes are specific
INFO: dtree.c(1478): Final simple tree
|( WDBNDRY_E 0 -2.842e+04 3.500e+02 1.359e+02
|    ( QUESTION0_17_R 1 -1.179e+04 2.103e+02 5.800e+01
|        ( - -1.593e+03 1 0)
|        ( QUESTION0_0_R 1 -9.987e+03 1.526e+02 5.000e+01
|            ( - -8.205e+03 1 0)
|            ( - -1.630e+03 1 0)))
|    ( QUESTION2_10_L -1 -1.628e+04 1.834e+02 7.792e+01
|        ( - -1.237e+04 2 0)
|        ( - -3.728e+03 1 0)))
s>    ( WDBNDRY_E 0 -2.842e+04 3.500e+02 1.359e+02
s>        ( QUESTION0_17_R 1 -1.179e+04 2.103e+02 5.800e+01
s>            ( - -1.593e+03 1 0)
s>            ( QUESTION0_0_R 1 -9.987e+03 1.526e+02 5.000e+01
s>                ( - -8.205e+03 1 0)
s>                ( - -1.630e+03 1 0)))
s>        ( QUESTION2_10_L -1 -1.628e+04 1.834e+02 7.792e+01
s>            ( - -1.237e+04 2 0)
s>            ( - -3.728e+03 1 0)))INFO: dtree.c(1315): Comp split 10
INFO: dtree.c(1315): Comp split 11
INFO: dtree.c(1315): Comp split 12
INFO: dtree.c(1439): stop. leaf nodes are specific
INFO: dtree.c(1478): Final simple tree
|( QUESTION2_10_L -1 -1.628e+04 1.834e+02 7.792e+01
|    ( - -1.237e+04 2 0)
|    ( - -3.728e+03 1 0))
s>    ( QUESTION2_10_L -1 -1.628e+04 1.834e+02 7.792e+01
s>        ( - -1.237e+04 2 0)
s>        ( - -3.728e+03 1 0))INFO: dtree.c(1439): stop. leaf nodes are specific
INFO: dtree.c(1478): Final simple tree
|( QUESTION0_17_R 1 -1.179e+04 2.103e+02 5.800e+01
|    ( - -1.593e+03 1 0)
|    ( QUESTION0_0_R 1 -9.987e+03 1.526e+02 5.000e+01
|        ( - -8.205e+03 1 0)
|        ( - -1.630e+03 1 0)))
s>    ( QUESTION0_17_R 1 -1.179e+04 2.103e+02 5.800e+01
s>        ( - -1.593e+03 1 0)
s>        ( QUESTION0_0_R 1 -9.987e+03 1.526e+02 5.000e+01
s>            ( - -8.205e+03 1 0)
s>            ( - -1.630e+03 1 0)))INFO: dtree.c(1315): Comp split 13
INFO: dtree.c(1315): Comp split 14
INFO: dtree.c(1439): stop. leaf nodes are specific
INFO: dtree.c(1478): Final simple tree
|( WDBNDRY_E 0 -2.070e+04 2.581e+02 1.011e+02
|    ( - -1.737e+04 1 0)
|    ( - -3.070e+03 1 0))
s>    ( WDBNDRY_E 0 -2.070e+04 2.581e+02 1.011e+02
s>        ( - -1.737e+04 1 0)
s>        ( - -3.070e+03 1 0))INFO: dtree.c(1315): Comp split 15
INFO: dtree.c(1315): Comp split 16
INFO: dtree.c(1439): stop. leaf nodes are specific
INFO: dtree.c(1478): Final simple tree
|( QUESTION0_0_R 1 -9.987e+03 1.526e+02 5.000e+01
|    ( - -8.205e+03 1 0)
|    ( - -1.630e+03 1 0))
s>    ( QUESTION0_0_R 1 -9.987e+03 1.526e+02 5.000e+01
s>        ( - -8.205e+03 1 0)
s>        ( - -1.630e+03 1 0))INFO: dtree.c(1315): Comp split 17
INFO: dtree.c(1315): Comp split 18
INFO: dtree.c(1315): Comp split 19
INFO: dtree.c(1318): stop. leaf nodes are specific
Fri Jan  6 22:27:01 2023
