Current configuration:
[NAME]		[DEFLT]	[VALUE]
-allphones	no	no
-cntthresh	0.00001	1.000000e-05
-csplitmax	100	2000
-csplitmin	1	1
-csplitthr	8e-4	0.000000e+00
-example	no	no
-fullvar	no	no
-help		no	no
-meanfn			/mnt/c/users/robin/onedrive/desktop/cmu/Cebuano/model_parameters/Cebuano.cd_cont_untied/means
-mixwfn			/mnt/c/users/robin/onedrive/desktop/cmu/Cebuano/model_parameters/Cebuano.cd_cont_untied/mixture_weights
-moddeffn		/mnt/c/users/robin/onedrive/desktop/cmu/Cebuano/model_architecture/Cebuano.untied.mdef
-mwfloor	1e-4	1.000000e-08
-phone			JH
-psetfn			/mnt/c/users/robin/onedrive/desktop/cmu/Cebuano/model_architecture/Cebuano.tree_questions
-ssplitmax	5	7
-ssplitmin	1	1
-ssplitthr	8e-4	0.000000e+00
-state			0
-stwt			1.0,0.05,0.0,
-treefn			/mnt/c/users/robin/onedrive/desktop/cmu/Cebuano/trees/Cebuano.unpruned/JH-0.dtree
-ts2cbfn	.semi.	.cont.
-varfloor	0.00001	1.000000e-05
-varfn			/mnt/c/users/robin/onedrive/desktop/cmu/Cebuano/model_parameters/Cebuano.cd_cont_untied/variances

INFO: main.c(223): Reading: /mnt/c/users/robin/onedrive/desktop/cmu/Cebuano/model_architecture/Cebuano.untied.mdef
INFO: model_def_io.c(573): Model definition info:
INFO: model_def_io.c(574): 7744 total models defined (40 base, 7704 tri)
INFO: model_def_io.c(575): 30976 total states
INFO: model_def_io.c(576): 23232 total tied states
INFO: model_def_io.c(577): 120 total tied CI states
INFO: model_def_io.c(578): 40 total tied transition matrices
INFO: model_def_io.c(579): 4 max state/model
INFO: model_def_io.c(580): 4 min state/model
INFO: main.c(242): Building trees for [JH AA AH b] through [JH Z IH b]
INFO: main.c(268): Covering states |[11994 12329]| == 336
INFO: main.c(275): Reading: /mnt/c/users/robin/onedrive/desktop/cmu/Cebuano/model_parameters/Cebuano.cd_cont_untied/mixture_weights
INFO: s3mixw_io.c(172): Read /mnt/c/users/robin/onedrive/desktop/cmu/Cebuano/model_parameters/Cebuano.cd_cont_untied/mixture_weights [336x1x1 array]
INFO: main.c(311): 112 of 112 models have observation count greater than 0.000010
INFO: main.c(95): nrm stwt: 0.952 0.048 0.000 
INFO: s3gau_io.c(168): Read /mnt/c/users/robin/onedrive/desktop/cmu/Cebuano/model_parameters/Cebuano.cd_cont_untied/means [23232x1x1 array]
INFO: s3gau_io.c(168): Read /mnt/c/users/robin/onedrive/desktop/cmu/Cebuano/model_parameters/Cebuano.cd_cont_untied/variances [23232x1x1 array]
INFO: main.c(549): Reading: /mnt/c/users/robin/onedrive/desktop/cmu/Cebuano/model_architecture/Cebuano.tree_questions
INFO: main.c(587): 180 total simple questions (172 phone; 8 word bndry)
INFO: main.c(589): 42 Left Only questions, and 42 Right Only questions
INFO: dtree.c(1478): Final simple tree
|( SILENCE -1 -2.741e+06 1.021e+04 1.251e+04
|    ( QUESTION0_9_R 1 -4.901e+05 1.552e+03 2.269e+03
|        ( - -3.526e+04 2 0)
|        ( - -4.533e+05 3 0 QUESTION0_14_R 1 2.087e+02 2.095e+03))
|    ( QUESTION2_19_L -1 -2.240e+06 5.922e+03 1.024e+04
|        ( QUESTION14 1 -9.191e+05 2.722e+03 4.178e+03
|            ( - -4.700e+05 15 0 QUESTION0_9_R 1 1.085e+03 2.109e+03)
|            ( - -4.464e+05 17 0 WDBNDRY_I 0 1.132e+03 2.069e+03))
|        ( QUESTION12 -1 -1.315e+06 4.597e+03 6.064e+03
|            ( - -2.241e+05 10 0 QUESTION0_15_R 1 1.070e+03 9.864e+02)
|            ( QUESTION0_14_R 1 -1.087e+06 2.053e+03 5.077e+03
|                ( - -3.556e+05 23 0 QUESTION2_17_L -1 7.901e+02 1.633e+03)
|                ( QUESTION18 -1 -7.291e+05 1.949e+03 3.444e+03
|                    ( - -1.424e+05 5 0 QUESTION0_16_R 1 5.814e+02 6.569e+02)
|                    ( - -5.847e+05 37 0 WDBNDRY_I 0 1.469e+03 2.788e+03))))))
s>    ( SILENCE -1 -2.741e+06 1.021e+04 1.251e+04
s>        ( QUESTION0_9_R 1 -4.901e+05 1.552e+03 2.269e+03
s>            ( - -3.526e+04 2 0)
s>            ( - -4.533e+05 3 0 QUESTION0_14_R 1 2.087e+02 2.095e+03))
s>        ( QUESTION2_19_L -1 -2.240e+06 5.922e+03 1.024e+04
s>            ( QUESTION14 1 -9.191e+05 2.722e+03 4.178e+03
s>                ( - -4.700e+05 15 0 QUESTION0_9_R 1 1.085e+03 2.109e+03)
s>                ( - -4.464e+05 17 0 WDBNDRY_I 0 1.132e+03 2.069e+03))
s>            ( QUESTION12 -1 -1.315e+06 4.597e+03 6.064e+03
s>                ( - -2.241e+05 10 0 QUESTION0_15_R 1 1.070e+03 9.864e+02)
s>                ( QUESTION0_14_R 1 -1.087e+06 2.053e+03 5.077e+03
s>                    ( - -3.556e+05 23 0 QUESTION2_17_L -1 7.901e+02 1.633e+03)
s>                    ( QUESTION18 -1 -7.291e+05 1.949e+03 3.444e+03
s>                        ( - -1.424e+05 5 0 QUESTION0_16_R 1 5.814e+02 6.569e+02)
s>                        ( - -5.847e+05 37 0 WDBNDRY_I 0 1.469e+03 2.788e+03))))))INFO: dtree.c(1315): Comp split 0
INFO: dtree.c(1478): Final simple tree
|( SILENCE -1 -6.337e+05 1.174e+03 2.926e+03
|    ( QUESTION0_9_R 1 -4.901e+05 1.552e+03 2.269e+03
|        ( - -3.526e+04 2 0)
|        ( QUESTION0_14_R 1 -4.533e+05 2.087e+02 2.095e+03
|            ( - -1.127e+05 1 0)
|            ( QUESTION0 1 -3.404e+05 1.394e+02 1.575e+03
|                ( - -5.107e+03 1 0)
|                ( - -3.351e+05 1 0))))
|    ( QUESTION0_16_R 1 -1.424e+05 5.814e+02 6.569e+02
|        ( - -1.288e+05 1 0)
|        ( WDBNDRY_B 0 -1.305e+04 2.924e+02 5.449e+01
|            ( QUESTION0_9_R 1 -9.158e+03 1.693e+02 3.910e+01
|                ( - -2.619e+03 2 0)
|                ( - -6.370e+03 1 0))
|            ( - -3.596e+03 1 0))))
s>    ( SILENCE -1 -6.337e+05 1.174e+03 2.926e+03
s>        ( QUESTION0_9_R 1 -4.901e+05 1.552e+03 2.269e+03
s>            ( - -3.526e+04 2 0)
s>            ( QUESTION0_14_R 1 -4.533e+05 2.087e+02 2.095e+03
s>                ( - -1.127e+05 1 0)
s>                ( QUESTION0 1 -3.404e+05 1.394e+02 1.575e+03
s>                    ( - -5.107e+03 1 0)
s>                    ( - -3.351e+05 1 0))))
s>        ( QUESTION0_16_R 1 -1.424e+05 5.814e+02 6.569e+02
s>            ( - -1.288e+05 1 0)
s>            ( WDBNDRY_B 0 -1.305e+04 2.924e+02 5.449e+01
s>                ( QUESTION0_9_R 1 -9.158e+03 1.693e+02 3.910e+01
s>                    ( - -2.619e+03 2 0)
s>                    ( - -6.370e+03 1 0))
s>                ( - -3.596e+03 1 0))))INFO: dtree.c(1478): Final simple tree
|( QUESTION2_19_L -1 -2.096e+06 5.407e+03 9.585e+03
|    ( QUESTION14 1 -9.191e+05 2.722e+03 4.178e+03
|        ( QUESTION0_9_R 1 -4.700e+05 1.085e+03 2.109e+03
|            ( - -2.532e+05 9 0 WDBNDRY_B 0 1.231e+03 1.140e+03)
|            ( - -2.157e+05 6 0 WDBNDRY_B 0 8.333e+02 9.694e+02))
|        ( WDBNDRY_I 0 -4.464e+05 1.132e+03 2.069e+03
|            ( - -2.357e+05 7 0 QUESTION0_13_R 1 3.340e+02 1.079e+03)
|            ( - -2.096e+05 10 0 QUESTION0_9_R 1 4.949e+02 9.901e+02)))
|    ( QUESTION12 -1 -1.171e+06 4.692e+03 5.407e+03
|        ( - -2.241e+05 10 0 QUESTION0_15_R 1 1.070e+03 9.864e+02)
|        ( QUESTION0_14_R 1 -9.424e+05 2.149e+03 4.420e+03
|            ( - -3.556e+05 23 0 QUESTION2_17_L -1 7.901e+02 1.633e+03)
|            ( WDBNDRY_I 0 -5.847e+05 1.469e+03 2.788e+03
|                ( - -4.138e+04 6 0 QUESTION15 -1 4.493e+02 1.871e+02)
|                ( - -5.419e+05 31 0 QUESTION2_6_L -1 1.022e+03 2.600e+03)))))
s>    ( QUESTION2_19_L -1 -2.096e+06 5.407e+03 9.585e+03
s>        ( QUESTION14 1 -9.191e+05 2.722e+03 4.178e+03
s>            ( QUESTION0_9_R 1 -4.700e+05 1.085e+03 2.109e+03
s>                ( - -2.532e+05 9 0 WDBNDRY_B 0 1.231e+03 1.140e+03)
s>                ( - -2.157e+05 6 0 WDBNDRY_B 0 8.333e+02 9.694e+02))
s>            ( WDBNDRY_I 0 -4.464e+05 1.132e+03 2.069e+03
s>                ( - -2.357e+05 7 0 QUESTION0_13_R 1 3.340e+02 1.079e+03)
s>                ( - -2.096e+05 10 0 QUESTION0_9_R 1 4.949e+02 9.901e+02)))
s>        ( QUESTION12 -1 -1.171e+06 4.692e+03 5.407e+03
s>            ( - -2.241e+05 10 0 QUESTION0_15_R 1 1.070e+03 9.864e+02)
s>            ( QUESTION0_14_R 1 -9.424e+05 2.149e+03 4.420e+03
s>                ( - -3.556e+05 23 0 QUESTION2_17_L -1 7.901e+02 1.633e+03)
s>                ( WDBNDRY_I 0 -5.847e+05 1.469e+03 2.788e+03
s>                    ( - -4.138e+04 6 0 QUESTION15 -1 4.493e+02 1.871e+02)
s>                    ( - -5.419e+05 31 0 QUESTION2_6_L -1 1.022e+03 2.600e+03)))))INFO: dtree.c(1315): Comp split 1
INFO: dtree.c(1478): Final simple tree
|( QUESTION11 1 -7.528e+05 1.367e+03 3.591e+03
|    ( QUESTION2_6_L -1 -5.435e+05 9.818e+02 2.613e+03
|        ( - -1.189e+05 3 0 QUESTION0_9_R 1 4.813e+02 5.825e+02)
|        ( QUESTION14 -1 -4.236e+05 9.300e+02 2.030e+03
|            ( QUESTION2_14_L -1 -1.152e+05 5.685e+02 5.708e+02
|                ( - -2.704e+04 1 0)
|                ( - -8.757e+04 5 0 QUESTION0_13_R 1 5.995e+02 4.328e+02))
|            ( QUESTION2_17_L -1 -3.075e+05 8.065e+02 1.459e+03
|                ( - -4.608e+04 1 0)
|                ( QUESTION3 -1 -2.607e+05 5.754e+02 1.232e+03
|                    ( - -1.315e+04 2 0 QUESTION0_9_R 1 4.416e+02 6.600e+01)
|                    ( - -2.469e+05 15 0 QUESTION0_11_R 1 4.798e+02 1.166e+03)))))
|    ( QUESTION0_14_R 1 -2.079e+05 6.067e+02 9.781e+02
|        ( - -1.713e+05 4 0)
|        ( - -3.597e+04 10 0 QUESTION2_0_L -1 4.550e+02 1.694e+02)))
s>    ( QUESTION11 1 -7.528e+05 1.367e+03 3.591e+03
s>        ( QUESTION2_6_L -1 -5.435e+05 9.818e+02 2.613e+03
s>            ( - -1.189e+05 3 0 QUESTION0_9_R 1 4.813e+02 5.825e+02)
s>            ( QUESTION14 -1 -4.236e+05 9.300e+02 2.030e+03
s>                ( QUESTION2_14_L -1 -1.152e+05 5.685e+02 5.708e+02
s>                    ( - -2.704e+04 1 0)
s>                    ( - -8.757e+04 5 0 QUESTION0_13_R 1 5.995e+02 4.328e+02))
s>                ( QUESTION2_17_L -1 -3.075e+05 8.065e+02 1.459e+03
s>                    ( - -4.608e+04 1 0)
s>                    ( QUESTION3 -1 -2.607e+05 5.754e+02 1.232e+03
s>                        ( - -1.315e+04 2 0 QUESTION0_9_R 1 4.416e+02 6.600e+01)
s>                        ( - -2.469e+05 15 0 QUESTION0_11_R 1 4.798e+02 1.166e+03)))))
s>        ( QUESTION0_14_R 1 -2.079e+05 6.067e+02 9.781e+02
s>            ( - -1.713e+05 4 0)
s>            ( - -3.597e+04 10 0 QUESTION2_0_L -1 4.550e+02 1.694e+02)))INFO: dtree.c(1478): Final simple tree
|( QUESTION12 -1 -1.334e+06 3.384e+03 5.994e+03
|    ( QUESTION0_15_R 1 -2.241e+05 1.070e+03 9.864e+02
|        ( - -4.767e+04 3 0 WDBNDRY_B 0 2.645e+02 2.117e+02)
|        ( - -1.753e+05 7 0 WDBNDRY_B 0 6.181e+02 7.748e+02))
|    ( QUESTION0_14_R 1 -1.107e+06 2.758e+03 5.008e+03
|        ( WDBNDRY_B 0 -5.856e+05 1.002e+03 2.682e+03
|            ( QUESTION14 -1 -2.720e+05 1.297e+03 1.242e+03
|                ( - -6.494e+04 3 0)
|                ( - -2.058e+05 14 0 QUESTION0 -1 7.238e+02 9.503e+02))
|            ( QUESTION14 -1 -3.126e+05 1.035e+03 1.440e+03
|                ( - -6.539e+04 2 0 QUESTION2_0_L -1 4.996e+02 3.152e+02)
|                ( - -2.461e+05 9 0 QUESTION2_17_L -1 2.448e+02 1.125e+03)))
|        ( QUESTION0_13_R 1 -5.183e+05 9.316e+02 2.325e+03
|            ( - -2.284e+05 7 0 WDBNDRY_B 0 7.048e+02 1.029e+03)
|            ( - -2.889e+05 16 0 WDBNDRY_B 0 1.218e+03 1.297e+03))))
s>    ( QUESTION12 -1 -1.334e+06 3.384e+03 5.994e+03
s>        ( QUESTION0_15_R 1 -2.241e+05 1.070e+03 9.864e+02
s>            ( - -4.767e+04 3 0 WDBNDRY_B 0 2.645e+02 2.117e+02)
s>            ( - -1.753e+05 7 0 WDBNDRY_B 0 6.181e+02 7.748e+02))
s>        ( QUESTION0_14_R 1 -1.107e+06 2.758e+03 5.008e+03
s>            ( WDBNDRY_B 0 -5.856e+05 1.002e+03 2.682e+03
s>                ( QUESTION14 -1 -2.720e+05 1.297e+03 1.242e+03
s>                    ( - -6.494e+04 3 0)
s>                    ( - -2.058e+05 14 0 QUESTION0 -1 7.238e+02 9.503e+02))
s>                ( QUESTION14 -1 -3.126e+05 1.035e+03 1.440e+03
s>                    ( - -6.539e+04 2 0 QUESTION2_0_L -1 4.996e+02 3.152e+02)
s>                    ( - -2.461e+05 9 0 QUESTION2_17_L -1 2.448e+02 1.125e+03)))
s>            ( QUESTION0_13_R 1 -5.183e+05 9.316e+02 2.325e+03
s>                ( - -2.284e+05 7 0 WDBNDRY_B 0 7.048e+02 1.029e+03)
s>                ( - -2.889e+05 16 0 WDBNDRY_B 0 1.218e+03 1.297e+03))))INFO: dtree.c(1315): Comp split 2
INFO: dtree.c(1478): Final simple tree
|( QUESTION0_10_R 1 -8.319e+05 1.560e+03 3.742e+03
|    ( WDBNDRY_B 0 -2.822e+05 1.191e+03 1.268e+03
|        ( - -9.154e+04 4 0)
|        ( QUESTION15 -1 -1.895e+05 4.540e+02 8.564e+02
|            ( - -5.620e+03 1 0)
|            ( QUESTION2_18_L -1 -1.834e+05 4.080e+02 8.299e+02
|                ( - -1.317e+04 1 0)
|                ( - -1.699e+05 8 0 QUESTION2_13_L -1 3.535e+02 7.717e+02))))
|    ( QUESTION0 -1 -5.481e+05 1.336e+03 2.475e+03
|        ( QUESTION0_15_R 1 -4.807e+05 5.677e+02 2.178e+03
|            ( WDBNDRY_B 0 -2.284e+05 7.048e+02 1.029e+03
|                ( - -1.522e+05 2 0)
|                ( - -7.548e+04 5 0 QUESTION2_13_L -1 3.726e+02 3.364e+02))
|            ( - -2.517e+05 10 0 QUESTION0_13_R 1 3.305e+02 1.149e+03))
|        ( - -6.605e+04 4 0 WDBNDRY_B 0 1.398e+02 2.966e+02)))
s>    ( QUESTION0_10_R 1 -8.319e+05 1.560e+03 3.742e+03
s>        ( WDBNDRY_B 0 -2.822e+05 1.191e+03 1.268e+03
s>            ( - -9.154e+04 4 0)
s>            ( QUESTION15 -1 -1.895e+05 4.540e+02 8.564e+02
s>                ( - -5.620e+03 1 0)
s>                ( QUESTION2_18_L -1 -1.834e+05 4.080e+02 8.299e+02
s>                    ( - -1.317e+04 1 0)
s>                    ( - -1.699e+05 8 0 QUESTION2_13_L -1 3.535e+02 7.717e+02))))
s>        ( QUESTION0 -1 -5.481e+05 1.336e+03 2.475e+03
s>            ( QUESTION0_15_R 1 -4.807e+05 5.677e+02 2.178e+03
s>                ( WDBNDRY_B 0 -2.284e+05 7.048e+02 1.029e+03
s>                    ( - -1.522e+05 2 0)
s>                    ( - -7.548e+04 5 0 QUESTION2_13_L -1 3.726e+02 3.364e+02))
s>                ( - -2.517e+05 10 0 QUESTION0_13_R 1 3.305e+02 1.149e+03))
s>            ( - -6.605e+04 4 0 WDBNDRY_B 0 1.398e+02 2.966e+02)))INFO: dtree.c(1478): Final simple tree
|( QUESTION12 -1 -4.984e+05 2.518e+03 2.252e+03
|    ( QUESTION0_15_R 1 -2.241e+05 1.070e+03 9.864e+02
|        ( - -4.767e+04 3 0 WDBNDRY_B 0 2.645e+02 2.117e+02)
|        ( WDBNDRY_B 0 -1.753e+05 6.181e+02 7.748e+02
|            ( - -2.394e+04 4 0 QUESTION0_9_R 1 2.174e+02 1.049e+02)
|            ( QUESTION0_9_R 1 -1.508e+05 7.970e+02 6.699e+02
|                ( - -2.622e+04 2 0)
|                ( - -1.238e+05 1 0))))
|    ( QUESTION2_15_L -1 -2.718e+05 7.954e+02 1.266e+03
|        ( - -6.082e+04 1 0)
|        ( QUESTION0 -1 -2.102e+05 7.477e+02 9.687e+02
|            ( - -1.113e+05 3 0)
|            ( QUESTION2_6_L -1 -9.810e+04 3.470e+02 4.492e+02
|                ( - -1.129e+04 2 0)
|                ( - -8.646e+04 10 0 QUESTION2_0_L -1 3.523e+02 3.957e+02)))))
s>    ( QUESTION12 -1 -4.984e+05 2.518e+03 2.252e+03
s>        ( QUESTION0_15_R 1 -2.241e+05 1.070e+03 9.864e+02
s>            ( - -4.767e+04 3 0 WDBNDRY_B 0 2.645e+02 2.117e+02)
s>            ( WDBNDRY_B 0 -1.753e+05 6.181e+02 7.748e+02
s>                ( - -2.394e+04 4 0 QUESTION0_9_R 1 2.174e+02 1.049e+02)
s>                ( QUESTION0_9_R 1 -1.508e+05 7.970e+02 6.699e+02
s>                    ( - -2.622e+04 2 0)
s>                    ( - -1.238e+05 1 0))))
s>        ( QUESTION2_15_L -1 -2.718e+05 7.954e+02 1.266e+03
s>            ( - -6.082e+04 1 0)
s>            ( QUESTION0 -1 -2.102e+05 7.477e+02 9.687e+02
s>                ( - -1.113e+05 3 0)
s>                ( QUESTION2_6_L -1 -9.810e+04 3.470e+02 4.492e+02
s>                    ( - -1.129e+04 2 0)
s>                    ( - -8.646e+04 10 0 QUESTION2_0_L -1 3.523e+02 3.957e+02)))))INFO: dtree.c(1315): Comp split 3
INFO: dtree.c(1439): stop. leaf nodes are specific
INFO: dtree.c(1478): Final simple tree
|( QUESTION0_9_R 1 -1.508e+05 7.970e+02 6.699e+02
|    ( - -2.622e+04 2 0)
|    ( - -1.238e+05 1 0))
s>    ( QUESTION0_9_R 1 -1.508e+05 7.970e+02 6.699e+02
s>        ( - -2.622e+04 2 0)
s>        ( - -1.238e+05 1 0))INFO: dtree.c(1478): Final simple tree
|( QUESTION2_15_L -1 -3.447e+05 1.013e+03 1.582e+03
|    ( - -6.082e+04 1 0)
|    ( QUESTION0 -1 -2.829e+05 1.111e+03 1.285e+03
|        ( - -1.113e+05 3 0)
|        ( WDBNDRY_B 0 -1.704e+05 5.000e+02 7.657e+02
|            ( QUESTION2_0_L -1 -1.437e+05 3.556e+02 6.511e+02
|                ( QUESTION2_6_L -1 -3.187e+04 3.529e+02 1.498e+02
|                    ( - -1.129e+04 2 0)
|                    ( - -2.022e+04 6 0 QUESTION2_10_L -1 2.099e+02 9.638e+01))
|                ( QUESTION0_9_R 1 -1.115e+05 3.065e+02 5.013e+02
|                    ( - -8.417e+03 1 0)
|                    ( - -1.028e+05 7 0 QUESTION12 -1 1.976e+02 4.645e+02)))
|            ( QUESTION0 1 -2.621e+04 3.538e+02 1.146e+02
|                ( - -5.395e+03 2 0 QUESTION0_14_R 1 1.664e+02 2.421e+01)
|                ( - -2.046e+04 1 0)))))
s>    ( QUESTION2_15_L -1 -3.447e+05 1.013e+03 1.582e+03
s>        ( - -6.082e+04 1 0)
s>        ( QUESTION0 -1 -2.829e+05 1.111e+03 1.285e+03
s>            ( - -1.113e+05 3 0)
s>            ( WDBNDRY_B 0 -1.704e+05 5.000e+02 7.657e+02
s>                ( QUESTION2_0_L -1 -1.437e+05 3.556e+02 6.511e+02
s>                    ( QUESTION2_6_L -1 -3.187e+04 3.529e+02 1.498e+02
s>                        ( - -1.129e+04 2 0)
s>                        ( - -2.022e+04 6 0 QUESTION2_10_L -1 2.099e+02 9.638e+01))
s>                    ( QUESTION0_9_R 1 -1.115e+05 3.065e+02 5.013e+02
s>                        ( - -8.417e+03 1 0)
s>                        ( - -1.028e+05 7 0 QUESTION12 -1 1.976e+02 4.645e+02)))
s>                ( QUESTION0 1 -2.621e+04 3.538e+02 1.146e+02
s>                    ( - -5.395e+03 2 0 QUESTION0_14_R 1 1.664e+02 2.421e+01)
s>                    ( - -2.046e+04 1 0)))))INFO: dtree.c(1315): Comp split 4
INFO: dtree.c(1439): stop. leaf nodes are specific
INFO: dtree.c(1478): Final simple tree
|( QUESTION13 1 -4.178e+05 4.389e+02 1.900e+03
|    ( QUESTION0_11_R 1 -1.682e+05 3.115e+02 7.614e+02
|        ( - -2.216e+03 1 0)
|        ( WDBNDRY_B 0 -1.656e+05 2.271e+02 7.504e+02
|            ( - -1.522e+05 2 0)
|            ( - -1.317e+04 1 0)))
|    ( QUESTION2_13_L -1 -2.492e+05 2.445e+02 1.138e+03
|        ( - -1.271e+04 2 0)
|        ( QUESTION0_0_R 1 -2.362e+05 2.265e+02 1.081e+03
|            ( - -3.913e+03 1 0)
|            ( QUESTION2_0_L -1 -2.321e+05 2.133e+02 1.062e+03
|                ( - -2.291e+05 5 0)
|                ( - -2.811e+03 1 0)))))
s>    ( QUESTION13 1 -4.178e+05 4.389e+02 1.900e+03
s>        ( QUESTION0_11_R 1 -1.682e+05 3.115e+02 7.614e+02
s>            ( - -2.216e+03 1 0)
s>            ( WDBNDRY_B 0 -1.656e+05 2.271e+02 7.504e+02
s>                ( - -1.522e+05 2 0)
s>                ( - -1.317e+04 1 0)))
s>        ( QUESTION2_13_L -1 -2.492e+05 2.445e+02 1.138e+03
s>            ( - -1.271e+04 2 0)
s>            ( QUESTION0_0_R 1 -2.362e+05 2.265e+02 1.081e+03
s>                ( - -3.913e+03 1 0)
s>                ( QUESTION2_0_L -1 -2.321e+05 2.133e+02 1.062e+03
s>                    ( - -2.291e+05 5 0)
s>                    ( - -2.811e+03 1 0)))))INFO: dtree.c(1478): Final simple tree
|( QUESTION14 -1 -4.124e+05 1.505e+03 1.842e+03
|    ( QUESTION2_0_L -1 -7.424e+04 2.572e+02 3.347e+02
|        ( - -8.568e+03 2 0)
|        ( WDBNDRY_B 0 -6.541e+04 2.099e+02 2.936e+02
|            ( - -6.494e+04 3 0)
|            ( - -2.617e+02 1 0)))
|    ( WDBNDRY_B 0 -3.366e+05 1.087e+03 1.508e+03
|        ( - -9.154e+04 4 0)
|        ( QUESTION0_9_R 1 -2.440e+05 8.464e+02 1.096e+03
|            ( QUESTION0 -1 -1.665e+05 4.580e+02 7.550e+02
|                ( - -1.605e+05 5 0)
|                ( - -5.620e+03 1 0))
|            ( QUESTION2_17_L -1 -7.660e+04 3.718e+02 3.414e+02
|                ( - -1.250e+04 1 0)
|                ( - -6.373e+04 5 0 QUESTION0_14_R 1 1.464e+02 2.822e+02)))))
s>    ( QUESTION14 -1 -4.124e+05 1.505e+03 1.842e+03
s>        ( QUESTION2_0_L -1 -7.424e+04 2.572e+02 3.347e+02
s>            ( - -8.568e+03 2 0)
s>            ( WDBNDRY_B 0 -6.541e+04 2.099e+02 2.936e+02
s>                ( - -6.494e+04 3 0)
s>                ( - -2.617e+02 1 0)))
s>        ( WDBNDRY_B 0 -3.366e+05 1.087e+03 1.508e+03
s>            ( - -9.154e+04 4 0)
s>            ( QUESTION0_9_R 1 -2.440e+05 8.464e+02 1.096e+03
s>                ( QUESTION0 -1 -1.665e+05 4.580e+02 7.550e+02
s>                    ( - -1.605e+05 5 0)
s>                    ( - -5.620e+03 1 0))
s>                ( QUESTION2_17_L -1 -7.660e+04 3.718e+02 3.414e+02
s>                    ( - -1.250e+04 1 0)
s>                    ( - -6.373e+04 5 0 QUESTION0_14_R 1 1.464e+02 2.822e+02)))))INFO: dtree.c(1315): Comp split 5
INFO: dtree.c(1478): Final simple tree
|( QUESTION2_19_L -1 -4.695e+05 1.031e+03 2.210e+03
|    ( QUESTION0_9_R 1 -2.096e+05 4.949e+02 9.901e+02
|        ( - -7.588e+03 1 0)
|        ( QUESTION0_14_R 1 -2.015e+05 4.828e+02 9.501e+02
|            ( - -1.713e+05 4 0)
|            ( - -2.969e+04 5 0 WDBNDRY_B 0 3.323e+02 1.415e+02)))
|    ( QUESTION3 -1 -2.589e+05 5.754e+02 1.220e+03
|        ( - -1.315e+04 2 0 QUESTION0_9_R 1 4.416e+02 6.600e+01)
|        ( QUESTION0_17_R 1 -2.452e+05 5.527e+02 1.154e+03
|            ( - -6.225e+03 1 0)
|            ( QUESTION2_11_L -1 -2.384e+05 4.729e+02 1.121e+03
|                ( - -2.014e+04 3 0 QUESTION0_9_R 1 2.345e+02 1.020e+02)
|                ( QUESTION0_13_R 1 -2.178e+05 5.401e+02 1.019e+03
|                    ( - -1.619e+05 6 0 QUESTION2 -1 3.673e+02 7.679e+02)
|                    ( - -5.533e+04 9 0 QUESTION0_4_R 1 2.631e+02 2.511e+02))))))
s>    ( QUESTION2_19_L -1 -4.695e+05 1.031e+03 2.210e+03
s>        ( QUESTION0_9_R 1 -2.096e+05 4.949e+02 9.901e+02
s>            ( - -7.588e+03 1 0)
s>            ( QUESTION0_14_R 1 -2.015e+05 4.828e+02 9.501e+02
s>                ( - -1.713e+05 4 0)
s>                ( - -2.969e+04 5 0 WDBNDRY_B 0 3.323e+02 1.415e+02)))
s>        ( QUESTION3 -1 -2.589e+05 5.754e+02 1.220e+03
s>            ( - -1.315e+04 2 0 QUESTION0_9_R 1 4.416e+02 6.600e+01)
s>            ( QUESTION0_17_R 1 -2.452e+05 5.527e+02 1.154e+03
s>                ( - -6.225e+03 1 0)
s>                ( QUESTION2_11_L -1 -2.384e+05 4.729e+02 1.121e+03
s>                    ( - -2.014e+04 3 0 QUESTION0_9_R 1 2.345e+02 1.020e+02)
s>                    ( QUESTION0_13_R 1 -2.178e+05 5.401e+02 1.019e+03
s>                        ( - -1.619e+05 6 0 QUESTION2 -1 3.673e+02 7.679e+02)
s>                        ( - -5.533e+04 9 0 QUESTION0_4_R 1 2.631e+02 2.511e+02))))))INFO: dtree.c(1478): Final simple tree
|( QUESTION10 -1 -2.816e+05 9.165e+02 1.380e+03
|    ( QUESTION0_9_R 1 -1.189e+05 4.813e+02 5.825e+02
|        ( - -2.949e+04 2 0)
|        ( - -8.891e+04 1 0))
|    ( QUESTION2_14_L -1 -1.618e+05 6.058e+02 7.980e+02
|        ( - -2.704e+04 1 0)
|        ( QUESTION0 -1 -1.342e+05 5.354e+02 6.600e+02
|            ( - -4.608e+04 1 0)
|            ( QUESTION0_13_R 1 -8.757e+04 5.995e+02 4.328e+02
|                ( - -6.683e+04 1 0)
|                ( WDBNDRY_B 0 -2.014e+04 2.790e+02 9.473e+01
|                    ( QUESTION0_10_R 1 -1.969e+04 2.685e+02 9.273e+01
|                        ( - -1.589e+04 2 0)
|                        ( - -3.535e+03 1 0))
|                    ( - -1.686e+02 1 0))))))
s>    ( QUESTION10 -1 -2.816e+05 9.165e+02 1.380e+03
s>        ( QUESTION0_9_R 1 -1.189e+05 4.813e+02 5.825e+02
s>            ( - -2.949e+04 2 0)
s>            ( - -8.891e+04 1 0))
s>        ( QUESTION2_14_L -1 -1.618e+05 6.058e+02 7.980e+02
s>            ( - -2.704e+04 1 0)
s>            ( QUESTION0 -1 -1.342e+05 5.354e+02 6.600e+02
s>                ( - -4.608e+04 1 0)
s>                ( QUESTION0_13_R 1 -8.757e+04 5.995e+02 4.328e+02
s>                    ( - -6.683e+04 1 0)
s>                    ( WDBNDRY_B 0 -2.014e+04 2.790e+02 9.473e+01
s>                        ( QUESTION0_10_R 1 -1.969e+04 2.685e+02 9.273e+01
s>                            ( - -1.589e+04 2 0)
s>                            ( - -3.535e+03 1 0))
s>                        ( - -1.686e+02 1 0))))))INFO: dtree.c(1315): Comp split 6
INFO: dtree.c(1439): stop. leaf nodes are specific
INFO: dtree.c(1478): Final simple tree
|( QUESTION0 -1 -1.793e+05 4.704e+02 8.142e+02
|    ( QUESTION0_9_R 1 -1.732e+05 2.018e+02 7.878e+02
|        ( - -1.605e+05 5 0)
|        ( - -1.250e+04 1 0))
|    ( - -5.620e+03 1 0))
s>    ( QUESTION0 -1 -1.793e+05 4.704e+02 8.142e+02
s>        ( QUESTION0_9_R 1 -1.732e+05 2.018e+02 7.878e+02
s>            ( - -1.605e+05 5 0)
s>            ( - -1.250e+04 1 0))
s>        ( - -5.620e+03 1 0))INFO: dtree.c(1439): stop. leaf nodes are specific
INFO: dtree.c(1478): Final simple tree
|( QUESTION0 -1 -2.315e+05 1.267e+03 1.028e+03
|    ( WDBNDRY_B 0 -1.549e+05 7.671e+02 6.884e+02
|        ( - -9.154e+04 4 0)
|        ( - -6.261e+04 4 0))
|    ( QUESTION2_17_L -1 -7.535e+04 2.573e+02 3.397e+02
|        ( - -8.568e+03 2 0)
|        ( QUESTION0_9_R 1 -6.652e+04 2.100e+02 2.986e+02
|            ( - -2.617e+02 1 0)
|            ( WDBNDRY_B 0 -6.605e+04 1.398e+02 2.966e+02
|                ( - -6.494e+04 3 0)
|                ( - -9.725e+02 1 0)))))
s>    ( QUESTION0 -1 -2.315e+05 1.267e+03 1.028e+03
s>        ( WDBNDRY_B 0 -1.549e+05 7.671e+02 6.884e+02
s>            ( - -9.154e+04 4 0)
s>            ( - -6.261e+04 4 0))
s>        ( QUESTION2_17_L -1 -7.535e+04 2.573e+02 3.397e+02
s>            ( - -8.568e+03 2 0)
s>            ( QUESTION0_9_R 1 -6.652e+04 2.100e+02 2.986e+02
s>                ( - -2.617e+02 1 0)
s>                ( WDBNDRY_B 0 -6.605e+04 1.398e+02 2.966e+02
s>                    ( - -6.494e+04 3 0)
s>                    ( - -9.725e+02 1 0)))))INFO: dtree.c(1315): Comp split 7
INFO: dtree.c(1439): stop. leaf nodes are specific
INFO: dtree.c(1478): Final simple tree
|( SILENCE -1 -5.969e+05 1.212e+03 2.752e+03
|    ( QUESTION0_14_R 1 -4.533e+05 2.087e+02 2.095e+03
|        ( - -1.127e+05 1 0)
|        ( QUESTION0 1 -3.404e+05 1.394e+02 1.575e+03
|            ( - -5.107e+03 1 0)
|            ( - -3.351e+05 1 0)))
|    ( QUESTION0_16_R 1 -1.424e+05 5.814e+02 6.569e+02
|        ( - -1.288e+05 1 0)
|        ( WDBNDRY_B 0 -1.305e+04 2.924e+02 5.449e+01
|            ( QUESTION0_9_R 1 -9.158e+03 1.693e+02 3.910e+01
|                ( - -2.619e+03 2 0)
|                ( - -6.370e+03 1 0))
|            ( - -3.596e+03 1 0))))
s>    ( SILENCE -1 -5.969e+05 1.212e+03 2.752e+03
s>        ( QUESTION0_14_R 1 -4.533e+05 2.087e+02 2.095e+03
s>            ( - -1.127e+05 1 0)
s>            ( QUESTION0 1 -3.404e+05 1.394e+02 1.575e+03
s>                ( - -5.107e+03 1 0)
s>                ( - -3.351e+05 1 0)))
s>        ( QUESTION0_16_R 1 -1.424e+05 5.814e+02 6.569e+02
s>            ( - -1.288e+05 1 0)
s>            ( WDBNDRY_B 0 -1.305e+04 2.924e+02 5.449e+01
s>                ( QUESTION0_9_R 1 -9.158e+03 1.693e+02 3.910e+01
s>                    ( - -2.619e+03 2 0)
s>                    ( - -6.370e+03 1 0))
s>                ( - -3.596e+03 1 0))))INFO: dtree.c(1315): Comp split 8
INFO: dtree.c(1478): Final simple tree
|( WDBNDRY_B 0 -1.381e+05 4.282e+02 6.159e+02
|    ( QUESTION0_9_R 1 -1.115e+05 3.065e+02 5.013e+02
|        ( - -8.417e+03 1 0)
|        ( QUESTION12 -1 -1.028e+05 1.976e+02 4.645e+02
|            ( QUESTION0_14_R 1 -4.103e+04 1.791e+02 1.836e+02
|                ( - -1.530e+04 3 0)
|                ( - -2.555e+04 1 0))
|            ( QUESTION2 -1 -6.154e+04 1.623e+02 2.810e+02
|                ( - -4.779e+02 1 0)
|                ( - -6.090e+04 2 0))))
|    ( QUESTION0 1 -2.621e+04 3.538e+02 1.146e+02
|        ( QUESTION0_14_R 1 -5.395e+03 1.664e+02 2.421e+01
|            ( - -4.074e+03 1 0)
|            ( - -1.155e+03 1 0))
|        ( - -2.046e+04 1 0)))
s>    ( WDBNDRY_B 0 -1.381e+05 4.282e+02 6.159e+02
s>        ( QUESTION0_9_R 1 -1.115e+05 3.065e+02 5.013e+02
s>            ( - -8.417e+03 1 0)
s>            ( QUESTION12 -1 -1.028e+05 1.976e+02 4.645e+02
s>                ( QUESTION0_14_R 1 -4.103e+04 1.791e+02 1.836e+02
s>                    ( - -1.530e+04 3 0)
s>                    ( - -2.555e+04 1 0))
s>                ( QUESTION2 -1 -6.154e+04 1.623e+02 2.810e+02
s>                    ( - -4.779e+02 1 0)
s>                    ( - -6.090e+04 2 0))))
s>        ( QUESTION0 1 -2.621e+04 3.538e+02 1.146e+02
s>            ( QUESTION0_14_R 1 -5.395e+03 1.664e+02 2.421e+01
s>                ( - -4.074e+03 1 0)
s>                ( - -1.155e+03 1 0))
s>            ( - -2.046e+04 1 0)))INFO: dtree.c(1439): stop. leaf nodes are specific
INFO: dtree.c(1478): Final simple tree
|( WDBNDRY_B 0 -2.051e+05 6.744e+02 9.662e+02
|    ( QUESTION0 -1 -1.436e+05 3.853e+02 6.694e+02
|        ( - -1.113e+05 3 0)
|        ( QUESTION2_6_L -1 -3.187e+04 3.529e+02 1.498e+02
|            ( - -1.129e+04 2 0)
|            ( QUESTION2_10_L -1 -2.022e+04 2.099e+02 9.638e+01
|                ( - -1.025e+04 4 0)
|                ( QUESTION10 -1 -9.759e+03 1.278e+02 4.741e+01
|                    ( - -3.626e+03 1 0)
|                    ( - -6.005e+03 1 0)))))
|    ( - -6.082e+04 1 0))
s>    ( WDBNDRY_B 0 -2.051e+05 6.744e+02 9.662e+02
s>        ( QUESTION0 -1 -1.436e+05 3.853e+02 6.694e+02
s>            ( - -1.113e+05 3 0)
s>            ( QUESTION2_6_L -1 -3.187e+04 3.529e+02 1.498e+02
s>                ( - -1.129e+04 2 0)
s>                ( QUESTION2_10_L -1 -2.022e+04 2.099e+02 9.638e+01
s>                    ( - -1.025e+04 4 0)
s>                    ( QUESTION10 -1 -9.759e+03 1.278e+02 4.741e+01
s>                        ( - -3.626e+03 1 0)
s>                        ( - -6.005e+03 1 0)))))
s>        ( - -6.082e+04 1 0))INFO: dtree.c(1315): Comp split 9
INFO: dtree.c(1439): stop. leaf nodes are specific
INFO: dtree.c(1478): Final simple tree
|( QUESTION0_9_R 1 -7.488e+04 2.572e+02 3.377e+02
|    ( - -8.568e+03 2 0)
|    ( WDBNDRY_B 0 -6.605e+04 1.398e+02 2.966e+02
|        ( - -6.494e+04 3 0)
|        ( - -9.725e+02 1 0)))
s>    ( QUESTION0_9_R 1 -7.488e+04 2.572e+02 3.377e+02
s>        ( - -8.568e+03 2 0)
s>        ( WDBNDRY_B 0 -6.605e+04 1.398e+02 2.966e+02
s>            ( - -6.494e+04 3 0)
s>            ( - -9.725e+02 1 0)))INFO: dtree.c(1439): stop. leaf nodes are specific
INFO: dtree.c(1478): Final simple tree
|( QUESTION0_9_R 1 -1.554e+05 7.713e+02 6.904e+02
|    ( WDBNDRY_B 0 -9.200e+04 1.954e+02 4.132e+02
|        ( - -9.154e+04 4 0)
|        ( - -2.617e+02 1 0))
|    ( - -6.261e+04 4 0))
s>    ( QUESTION0_9_R 1 -1.554e+05 7.713e+02 6.904e+02
s>        ( WDBNDRY_B 0 -9.200e+04 1.954e+02 4.132e+02
s>            ( - -9.154e+04 4 0)
s>            ( - -2.617e+02 1 0))
s>        ( - -6.261e+04 4 0))INFO: dtree.c(1315): Comp split 10
INFO: dtree.c(1439): stop. leaf nodes are specific
INFO: dtree.c(1478): Final simple tree
|( QUESTION0_16_R 1 -1.424e+05 5.814e+02 6.569e+02
|    ( - -1.288e+05 1 0)
|    ( WDBNDRY_B 0 -1.305e+04 2.924e+02 5.449e+01
|        ( QUESTION0_9_R 1 -9.158e+03 1.693e+02 3.910e+01
|            ( - -2.619e+03 2 0)
|            ( - -6.370e+03 1 0))
|        ( - -3.596e+03 1 0)))
s>    ( QUESTION0_16_R 1 -1.424e+05 5.814e+02 6.569e+02
s>        ( - -1.288e+05 1 0)
s>        ( WDBNDRY_B 0 -1.305e+04 2.924e+02 5.449e+01
s>            ( QUESTION0_9_R 1 -9.158e+03 1.693e+02 3.910e+01
s>                ( - -2.619e+03 2 0)
s>                ( - -6.370e+03 1 0))
s>            ( - -3.596e+03 1 0)))INFO: dtree.c(1439): stop. leaf nodes are specific
INFO: dtree.c(1478): Final simple tree
|( QUESTION0_14_R 1 -4.533e+05 2.087e+02 2.095e+03
|    ( - -1.127e+05 1 0)
|    ( QUESTION0 1 -3.404e+05 1.394e+02 1.575e+03
|        ( - -5.107e+03 1 0)
|        ( - -3.351e+05 1 0)))
s>    ( QUESTION0_14_R 1 -4.533e+05 2.087e+02 2.095e+03
s>        ( - -1.127e+05 1 0)
s>        ( QUESTION0 1 -3.404e+05 1.394e+02 1.575e+03
s>            ( - -5.107e+03 1 0)
s>            ( - -3.351e+05 1 0)))INFO: dtree.c(1315): Comp split 11
INFO: dtree.c(1439): stop. leaf nodes are specific
INFO: dtree.c(1478): Final simple tree
|( QUESTION0_14_R 1 -2.015e+05 4.828e+02 9.501e+02
|    ( - -1.713e+05 4 0)
|    ( WDBNDRY_B 0 -2.969e+04 3.323e+02 1.415e+02
|        ( - -1.138e+04 1 0)
|        ( QUESTION0_2_R 1 -1.797e+04 3.024e+02 8.582e+01
|            ( - -1.307e+03 1 0)
|            ( SILENCE 1 -1.636e+04 3.060e+02 7.932e+01
|                ( - -7.563e+03 1 0)
|                ( QUESTION10 1 -8.494e+03 2.656e+02 4.106e+01
|                    ( - -2.223e+02 1 0)
|                    ( - -8.006e+03 1 0))))))
s>    ( QUESTION0_14_R 1 -2.015e+05 4.828e+02 9.501e+02
s>        ( - -1.713e+05 4 0)
s>        ( WDBNDRY_B 0 -2.969e+04 3.323e+02 1.415e+02
s>            ( - -1.138e+04 1 0)
s>            ( QUESTION0_2_R 1 -1.797e+04 3.024e+02 8.582e+01
s>                ( - -1.307e+03 1 0)
s>                ( SILENCE 1 -1.636e+04 3.060e+02 7.932e+01
s>                    ( - -7.563e+03 1 0)
s>                    ( QUESTION10 1 -8.494e+03 2.656e+02 4.106e+01
s>                        ( - -2.223e+02 1 0)
s>                        ( - -8.006e+03 1 0))))))INFO: dtree.c(1478): Final simple tree
|( QUESTION3 -1 -2.670e+05 5.730e+02 1.260e+03
|    ( QUESTION0_9_R 1 -1.315e+04 4.416e+02 6.600e+01
|        ( - -1.047e+04 1 0)
|        ( - -2.234e+03 1 0))
|    ( QUESTION0_17_R 1 -2.532e+05 5.508e+02 1.194e+03
|        ( - -6.225e+03 1 0)
|        ( QUESTION0_11_R 1 -2.465e+05 4.868e+02 1.161e+03
|            ( - -7.588e+03 1 0)
|            ( QUESTION2_11_L -1 -2.384e+05 4.729e+02 1.121e+03
|                ( - -2.014e+04 3 0 QUESTION0_9_R 1 2.345e+02 1.020e+02)
|                ( QUESTION0_13_R 1 -2.178e+05 5.401e+02 1.019e+03
|                    ( QUESTION2 -1 -1.619e+05 3.673e+02 7.679e+02
|                        ( - -5.835e+03 1 0)
|                        ( - -1.557e+05 5 0 QUESTION10 -1 2.945e+02 7.384e+02))
|                    ( - -5.533e+04 9 0 QUESTION0_4_R 1 2.631e+02 2.511e+02))))))
s>    ( QUESTION3 -1 -2.670e+05 5.730e+02 1.260e+03
s>        ( QUESTION0_9_R 1 -1.315e+04 4.416e+02 6.600e+01
s>            ( - -1.047e+04 1 0)
s>            ( - -2.234e+03 1 0))
s>        ( QUESTION0_17_R 1 -2.532e+05 5.508e+02 1.194e+03
s>            ( - -6.225e+03 1 0)
s>            ( QUESTION0_11_R 1 -2.465e+05 4.868e+02 1.161e+03
s>                ( - -7.588e+03 1 0)
s>                ( QUESTION2_11_L -1 -2.384e+05 4.729e+02 1.121e+03
s>                    ( - -2.014e+04 3 0 QUESTION0_9_R 1 2.345e+02 1.020e+02)
s>                    ( QUESTION0_13_R 1 -2.178e+05 5.401e+02 1.019e+03
s>                        ( QUESTION2 -1 -1.619e+05 3.673e+02 7.679e+02
s>                            ( - -5.835e+03 1 0)
s>                            ( - -1.557e+05 5 0 QUESTION10 -1 2.945e+02 7.384e+02))
s>                        ( - -5.533e+04 9 0 QUESTION0_4_R 1 2.631e+02 2.511e+02))))))INFO: dtree.c(1315): Comp split 12
INFO: dtree.c(1439): stop. leaf nodes are specific
INFO: dtree.c(1478): Final simple tree
|( QUESTION0_13_R 1 -1.395e+05 5.117e+02 6.772e+02
|    ( - -8.891e+04 1 0)
|    ( QUESTION2_0_L -1 -5.003e+04 4.232e+02 2.417e+02
|        ( WDBNDRY_B 0 -2.992e+04 2.643e+02 1.489e+02
|            ( - -2.949e+04 2 0)
|            ( - -1.686e+02 1 0))
|        ( QUESTION0_10_R 1 -1.969e+04 2.685e+02 9.273e+01
|            ( - -1.589e+04 2 0)
|            ( - -3.535e+03 1 0))))
s>    ( QUESTION0_13_R 1 -1.395e+05 5.117e+02 6.772e+02
s>        ( - -8.891e+04 1 0)
s>        ( QUESTION2_0_L -1 -5.003e+04 4.232e+02 2.417e+02
s>            ( WDBNDRY_B 0 -2.992e+04 2.643e+02 1.489e+02
s>                ( - -2.949e+04 2 0)
s>                ( - -1.686e+02 1 0))
s>            ( QUESTION0_10_R 1 -1.969e+04 2.685e+02 9.273e+01
s>                ( - -1.589e+04 2 0)
s>                ( - -3.535e+03 1 0))))INFO: dtree.c(1439): stop. leaf nodes are specific
INFO: dtree.c(1478): Final simple tree
|( QUESTION0 -1 -1.412e+05 6.719e+02 7.033e+02
|    ( - -4.608e+04 1 0)
|    ( WDBNDRY_B 0 -9.443e+04 5.591e+02 4.760e+02
|        ( - -6.683e+04 1 0)
|        ( - -2.704e+04 1 0)))
s>    ( QUESTION0 -1 -1.412e+05 6.719e+02 7.033e+02
s>        ( - -4.608e+04 1 0)
s>        ( WDBNDRY_B 0 -9.443e+04 5.591e+02 4.760e+02
s>            ( - -6.683e+04 1 0)
s>            ( - -2.704e+04 1 0)))INFO: dtree.c(1315): Comp split 13
INFO: dtree.c(1478): Final simple tree
|( QUESTION0_13_R 1 -2.203e+05 4.831e+02 1.030e+03
|    ( QUESTION2 -1 -1.645e+05 4.988e+02 7.789e+02
|        ( QUESTION3 -1 -8.310e+03 2.407e+02 4.058e+01
|            ( - -2.234e+03 1 0)
|            ( - -5.835e+03 1 0))
|        ( QUESTION10 -1 -1.557e+05 2.945e+02 7.384e+02
|            ( - -9.273e+03 1 0)
|            ( QUESTION16 -1 -1.461e+05 2.307e+02 6.913e+02
|                ( - -2.414e+02 1 0)
|                ( - -1.457e+05 3 0 QUESTION0 1 1.615e+02 6.893e+02))))
|    ( QUESTION0_4_R 1 -5.533e+04 2.631e+02 2.511e+02
|        ( - -4.222e+03 1 0)
|        ( QUESTION0 -1 -5.085e+04 2.528e+02 2.311e+02
|            ( - -3.012e+04 2 0)
|            ( - -2.048e+04 6 0 QUESTION10 -1 1.606e+02 9.482e+01))))
s>    ( QUESTION0_13_R 1 -2.203e+05 4.831e+02 1.030e+03
s>        ( QUESTION2 -1 -1.645e+05 4.988e+02 7.789e+02
s>            ( QUESTION3 -1 -8.310e+03 2.407e+02 4.058e+01
s>                ( - -2.234e+03 1 0)
s>                ( - -5.835e+03 1 0))
s>            ( QUESTION10 -1 -1.557e+05 2.945e+02 7.384e+02
s>                ( - -9.273e+03 1 0)
s>                ( QUESTION16 -1 -1.461e+05 2.307e+02 6.913e+02
s>                    ( - -2.414e+02 1 0)
s>                    ( - -1.457e+05 3 0 QUESTION0 1 1.615e+02 6.893e+02))))
s>        ( QUESTION0_4_R 1 -5.533e+04 2.631e+02 2.511e+02
s>            ( - -4.222e+03 1 0)
s>            ( QUESTION0 -1 -5.085e+04 2.528e+02 2.311e+02
s>                ( - -3.012e+04 2 0)
s>                ( - -2.048e+04 6 0 QUESTION10 -1 1.606e+02 9.482e+01))))INFO: dtree.c(1439): stop. leaf nodes are specific
INFO: dtree.c(1478): Final simple tree
|( QUESTION0_17_R 1 -4.570e+04 4.791e+02 2.300e+02
|    ( - -6.225e+03 1 0)
|    ( QUESTION0_11_R 1 -3.899e+04 4.066e+02 1.970e+02
|        ( - -7.588e+03 1 0)
|        ( QUESTION2 -1 -3.100e+04 3.818e+02 1.570e+02
|            ( - -1.047e+04 1 0)
|            ( QUESTION0_9_R 1 -2.014e+04 2.345e+02 1.020e+02
|                ( - -1.667e+04 1 0)
|                ( QUESTION0 1 -3.242e+03 2.657e+02 1.700e+01
|                    ( - -4.300e+02 1 0)
|                    ( - -2.547e+03 1 0))))))
s>    ( QUESTION0_17_R 1 -4.570e+04 4.791e+02 2.300e+02
s>        ( - -6.225e+03 1 0)
s>        ( QUESTION0_11_R 1 -3.899e+04 4.066e+02 1.970e+02
s>            ( - -7.588e+03 1 0)
s>            ( QUESTION2 -1 -3.100e+04 3.818e+02 1.570e+02
s>                ( - -1.047e+04 1 0)
s>                ( QUESTION0_9_R 1 -2.014e+04 2.345e+02 1.020e+02
s>                    ( - -1.667e+04 1 0)
s>                    ( QUESTION0 1 -3.242e+03 2.657e+02 1.700e+01
s>                        ( - -4.300e+02 1 0)
s>                        ( - -2.547e+03 1 0))))))INFO: dtree.c(1315): Comp split 14
INFO: dtree.c(1315): Comp split 15
INFO: dtree.c(1439): stop. leaf nodes are specific
INFO: dtree.c(1478): Final simple tree
|( WDBNDRY_B 0 -9.200e+04 1.954e+02 4.132e+02
|    ( - -9.154e+04 4 0)
|    ( - -2.617e+02 1 0))
s>    ( WDBNDRY_B 0 -9.200e+04 1.954e+02 4.132e+02
s>        ( - -9.154e+04 4 0)
s>        ( - -2.617e+02 1 0))INFO: dtree.c(1315): Comp split 16
INFO: dtree.c(1439): stop. leaf nodes are specific
INFO: dtree.c(1478): Final simple tree
|( WDBNDRY_B 0 -7.138e+04 3.128e+02 3.458e+02
|    ( - -1.025e+04 4 0)
|    ( - -6.082e+04 1 0))
s>    ( WDBNDRY_B 0 -7.138e+04 3.128e+02 3.458e+02
s>        ( - -1.025e+04 4 0)
s>        ( - -6.082e+04 1 0))INFO: dtree.c(1439): stop. leaf nodes are specific
INFO: dtree.c(1478): Final simple tree
|( QUESTION2_6_L -1 -1.330e+05 3.253e+02 6.204e+02
|    ( - -1.129e+04 2 0)
|    ( QUESTION0 -1 -1.214e+05 2.751e+02 5.670e+02
|        ( - -1.113e+05 3 0)
|        ( QUESTION10 -1 -9.759e+03 1.278e+02 4.741e+01
|            ( - -3.626e+03 1 0)
|            ( - -6.005e+03 1 0))))
s>    ( QUESTION2_6_L -1 -1.330e+05 3.253e+02 6.204e+02
s>        ( - -1.129e+04 2 0)
s>        ( QUESTION0 -1 -1.214e+05 2.751e+02 5.670e+02
s>            ( - -1.113e+05 3 0)
s>            ( QUESTION10 -1 -9.759e+03 1.278e+02 4.741e+01
s>                ( - -3.626e+03 1 0)
s>                ( - -6.005e+03 1 0))))INFO: dtree.c(1315): Comp split 17
INFO: dtree.c(1439): stop. leaf nodes are specific
INFO: dtree.c(1478): Final simple tree
|( WDBNDRY_B 0 -9.443e+04 5.591e+02 4.760e+02
|    ( - -6.683e+04 1 0)
|    ( - -2.704e+04 1 0))
s>    ( WDBNDRY_B 0 -9.443e+04 5.591e+02 4.760e+02
s>        ( - -6.683e+04 1 0)
s>        ( - -2.704e+04 1 0))INFO: dtree.c(1315): Comp split 18
INFO: dtree.c(1478): Final simple tree
|( QUESTION0_9_R 1 -5.827e+04 2.887e+02 2.641e+02
|    ( QUESTION0 -1 -5.032e+04 2.520e+02 2.291e+02
|        ( - -3.012e+04 2 0)
|        ( QUESTION10 -1 -1.995e+04 1.636e+02 9.282e+01
|            ( - -1.219e+04 3 0)
|            ( QUESTION2 -1 -7.596e+03 1.471e+02 3.594e+01
|                ( - -1.618e+03 1 0)
|                ( - -5.831e+03 1 0))))
|    ( QUESTION0 1 -7.661e+03 2.478e+02 3.500e+01
|        ( - -2.414e+02 1 0)
|        ( QUESTION0_4_R 1 -7.172e+03 1.851e+02 3.300e+01
|            ( - -4.222e+03 1 0)
|            ( WDBNDRY_B 0 -2.765e+03 1.556e+02 1.300e+01
|                ( - -2.234e+03 1 0)
|                ( - -3.755e+02 1 0)))))
s>    ( QUESTION0_9_R 1 -5.827e+04 2.887e+02 2.641e+02
s>        ( QUESTION0 -1 -5.032e+04 2.520e+02 2.291e+02
s>            ( - -3.012e+04 2 0)
s>            ( QUESTION10 -1 -1.995e+04 1.636e+02 9.282e+01
s>                ( - -1.219e+04 3 0)
s>                ( QUESTION2 -1 -7.596e+03 1.471e+02 3.594e+01
s>                    ( - -1.618e+03 1 0)
s>                    ( - -5.831e+03 1 0))))
s>        ( QUESTION0 1 -7.661e+03 2.478e+02 3.500e+01
s>            ( - -2.414e+02 1 0)
s>            ( QUESTION0_4_R 1 -7.172e+03 1.851e+02 3.300e+01
s>                ( - -4.222e+03 1 0)
s>                ( WDBNDRY_B 0 -2.765e+03 1.556e+02 1.300e+01
s>                    ( - -2.234e+03 1 0)
s>                    ( - -3.755e+02 1 0)))))INFO: dtree.c(1439): stop. leaf nodes are specific
INFO: dtree.c(1478): Final simple tree
|( QUESTION2 -1 -1.614e+05 3.671e+02 7.659e+02
|    ( - -5.835e+03 1 0)
|    ( QUESTION10 -1 -1.552e+05 2.949e+02 7.364e+02
|        ( - -9.273e+03 1 0)
|        ( QUESTION0 1 -1.457e+05 1.615e+02 6.893e+02
|            ( - -1.421e+03 1 0)
|            ( QUESTION0 -1 -1.441e+05 1.602e+02 6.823e+02
|                ( - -1.420e+05 1 0)
|                ( - -1.957e+03 1 0)))))
s>    ( QUESTION2 -1 -1.614e+05 3.671e+02 7.659e+02
s>        ( - -5.835e+03 1 0)
s>        ( QUESTION10 -1 -1.552e+05 2.949e+02 7.364e+02
s>            ( - -9.273e+03 1 0)
s>            ( QUESTION0 1 -1.457e+05 1.615e+02 6.893e+02
s>                ( - -1.421e+03 1 0)
s>                ( QUESTION0 -1 -1.441e+05 1.602e+02 6.823e+02
s>                    ( - -1.420e+05 1 0)
s>                    ( - -1.957e+03 1 0)))))INFO: dtree.c(1315): Comp split 19
INFO: dtree.c(1439): stop. leaf nodes are specific
INFO: dtree.c(1478): Final simple tree
|( WDBNDRY_B 0 -1.024e+04 2.728e+02 4.348e+01
|    ( - -6.370e+03 1 0)
|    ( - -3.596e+03 1 0))
s>    ( WDBNDRY_B 0 -1.024e+04 2.728e+02 4.348e+01
s>        ( - -6.370e+03 1 0)
s>        ( - -3.596e+03 1 0))INFO: dtree.c(1439): stop. leaf nodes are specific
INFO: dtree.c(1478): Final simple tree
|( QUESTION0_9_R 1 -1.316e+05 1.580e+02 6.134e+02
|    ( - -2.619e+03 2 0)
|    ( - -1.288e+05 1 0))
s>    ( QUESTION0_9_R 1 -1.316e+05 1.580e+02 6.134e+02
s>        ( - -2.619e+03 2 0)
s>        ( - -1.288e+05 1 0))INFO: dtree.c(1315): Comp split 20
INFO: dtree.c(1315): Comp split 21
INFO: dtree.c(1439): stop. leaf nodes are specific
INFO: dtree.c(1478): Final simple tree
|( WDBNDRY_B 0 -1.796e+05 2.975e+02 8.477e+02
|    ( - -1.713e+05 4 0)
|    ( - -8.006e+03 1 0))
s>    ( WDBNDRY_B 0 -1.796e+05 2.975e+02 8.477e+02
s>        ( - -1.713e+05 4 0)
s>        ( - -8.006e+03 1 0))INFO: dtree.c(1439): stop. leaf nodes are specific
INFO: dtree.c(1478): Final simple tree
|( SILENCE 1 -2.135e+04 3.213e+02 1.024e+02
|    ( - -7.563e+03 1 0)
|    ( QUESTION0_1_R 1 -1.347e+04 2.636e+02 6.413e+01
|        ( - -2.223e+02 1 0)
|        ( WDBNDRY_B 0 -1.298e+04 2.930e+02 6.213e+01
|            ( - -1.138e+04 1 0)
|            ( - -1.307e+03 1 0))))
s>    ( SILENCE 1 -2.135e+04 3.213e+02 1.024e+02
s>        ( - -7.563e+03 1 0)
s>        ( QUESTION0_1_R 1 -1.347e+04 2.636e+02 6.413e+01
s>            ( - -2.223e+02 1 0)
s>            ( WDBNDRY_B 0 -1.298e+04 2.930e+02 6.213e+01
s>                ( - -1.138e+04 1 0)
s>                ( - -1.307e+03 1 0))))INFO: dtree.c(1315): Comp split 22
INFO: dtree.c(1439): stop. leaf nodes are specific
INFO: dtree.c(1478): Final simple tree
|( QUESTION2_0_L -1 -5.003e+04 4.232e+02 2.417e+02
|    ( WDBNDRY_B 0 -2.992e+04 2.643e+02 1.489e+02
|        ( - -2.949e+04 2 0)
|        ( - -1.686e+02 1 0))
|    ( QUESTION0_10_R 1 -1.969e+04 2.685e+02 9.273e+01
|        ( - -1.589e+04 2 0)
|        ( - -3.535e+03 1 0)))
s>    ( QUESTION2_0_L -1 -5.003e+04 4.232e+02 2.417e+02
s>        ( WDBNDRY_B 0 -2.992e+04 2.643e+02 1.489e+02
s>            ( - -2.949e+04 2 0)
s>            ( - -1.686e+02 1 0))
s>        ( QUESTION0_10_R 1 -1.969e+04 2.685e+02 9.273e+01
s>            ( - -1.589e+04 2 0)
s>            ( - -3.535e+03 1 0)))INFO: dtree.c(1315): Comp split 23
INFO: dtree.c(1439): stop. leaf nodes are specific
INFO: dtree.c(1478): Final simple tree
|( WDBNDRY_B 0 -2.110e+04 1.625e+02 9.338e+01
|    ( - -4.779e+02 1 0)
|    ( - -2.046e+04 1 0))
s>    ( WDBNDRY_B 0 -2.110e+04 1.625e+02 9.338e+01
s>        ( - -4.779e+02 1 0)
s>        ( - -2.046e+04 1 0))INFO: dtree.c(1439): stop. leaf nodes are specific
INFO: dtree.c(1478): Final simple tree
|( WDBNDRY_B 0 -1.165e+05 3.008e+02 5.225e+02
|    ( QUESTION0_9_R 1 -1.109e+05 3.048e+02 4.983e+02
|        ( - -8.417e+03 1 0)
|        ( QUESTION12 -1 -1.021e+05 1.963e+02 4.615e+02
|            ( QUESTION0_14_R 1 -4.103e+04 1.791e+02 1.836e+02
|                ( - -1.530e+04 3 0)
|                ( - -2.555e+04 1 0))
|            ( - -6.090e+04 2 0)))
|    ( QUESTION0_14_R 1 -5.395e+03 1.664e+02 2.421e+01
|        ( - -4.074e+03 1 0)
|        ( - -1.155e+03 1 0)))
s>    ( WDBNDRY_B 0 -1.165e+05 3.008e+02 5.225e+02
s>        ( QUESTION0_9_R 1 -1.109e+05 3.048e+02 4.983e+02
s>            ( - -8.417e+03 1 0)
s>            ( QUESTION12 -1 -1.021e+05 1.963e+02 4.615e+02
s>                ( QUESTION0_14_R 1 -4.103e+04 1.791e+02 1.836e+02
s>                    ( - -1.530e+04 3 0)
s>                    ( - -2.555e+04 1 0))
s>                ( - -6.090e+04 2 0)))
s>        ( QUESTION0_14_R 1 -5.395e+03 1.664e+02 2.421e+01
s>            ( - -4.074e+03 1 0)
s>            ( - -1.155e+03 1 0)))INFO: dtree.c(1315): Comp split 24
INFO: dtree.c(1439): stop. leaf nodes are specific
INFO: dtree.c(1478): Final simple tree
|( QUESTION0_11_R 1 -3.899e+04 4.066e+02 1.970e+02
|    ( - -7.588e+03 1 0)
|    ( QUESTION2 -1 -3.100e+04 3.818e+02 1.570e+02
|        ( - -1.047e+04 1 0)
|        ( QUESTION0_9_R 1 -2.014e+04 2.345e+02 1.020e+02
|            ( - -1.667e+04 1 0)
|            ( QUESTION0 1 -3.242e+03 2.657e+02 1.700e+01
|                ( - -4.300e+02 1 0)
|                ( - -2.547e+03 1 0)))))
s>    ( QUESTION0_11_R 1 -3.899e+04 4.066e+02 1.970e+02
s>        ( - -7.588e+03 1 0)
s>        ( QUESTION2 -1 -3.100e+04 3.818e+02 1.570e+02
s>            ( - -1.047e+04 1 0)
s>            ( QUESTION0_9_R 1 -2.014e+04 2.345e+02 1.020e+02
s>                ( - -1.667e+04 1 0)
s>                ( QUESTION0 1 -3.242e+03 2.657e+02 1.700e+01
s>                    ( - -4.300e+02 1 0)
s>                    ( - -2.547e+03 1 0)))))INFO: dtree.c(1315): Comp split 25
INFO: dtree.c(1439): stop. leaf nodes are specific
INFO: dtree.c(1478): Final simple tree
|( QUESTION0_11_R 1 -1.882e+05 3.081e+02 8.505e+02
|    ( - -2.216e+03 1 0)
|    ( QUESTION0_13_R 1 -1.857e+05 2.581e+02 8.395e+02
|        ( QUESTION2_0_L -1 -1.682e+05 2.159e+02 7.629e+02
|            ( WDBNDRY_B 0 -1.652e+05 2.055e+02 7.499e+02
|                ( - -1.522e+05 2 0)
|                ( - -1.271e+04 2 0))
|            ( - -2.811e+03 1 0))
|        ( QUESTION0_0_R 1 -1.728e+04 1.971e+02 7.653e+01
|            ( - -3.913e+03 1 0)
|            ( - -1.317e+04 1 0))))
s>    ( QUESTION0_11_R 1 -1.882e+05 3.081e+02 8.505e+02
s>        ( - -2.216e+03 1 0)
s>        ( QUESTION0_13_R 1 -1.857e+05 2.581e+02 8.395e+02
s>            ( QUESTION2_0_L -1 -1.682e+05 2.159e+02 7.629e+02
s>                ( WDBNDRY_B 0 -1.652e+05 2.055e+02 7.499e+02
s>                    ( - -1.522e+05 2 0)
s>                    ( - -1.271e+04 2 0))
s>                ( - -2.811e+03 1 0))
s>            ( QUESTION0_0_R 1 -1.728e+04 1.971e+02 7.653e+01
s>                ( - -3.913e+03 1 0)
s>                ( - -1.317e+04 1 0))))INFO: dtree.c(1315): Comp split 26
INFO: dtree.c(1439): stop. leaf nodes are specific
INFO: dtree.c(1478): Final simple tree
|( QUESTION0_9_R 1 -1.732e+05 2.018e+02 7.878e+02
|    ( - -1.605e+05 5 0)
|    ( - -1.250e+04 1 0))
s>    ( QUESTION0_9_R 1 -1.732e+05 2.018e+02 7.878e+02
s>        ( - -1.605e+05 5 0)
s>        ( - -1.250e+04 1 0))INFO: dtree.c(1315): Comp split 27
INFO: dtree.c(1439): stop. leaf nodes are specific
INFO: dtree.c(1478): Final simple tree
|( QUESTION0_10_R 1 -1.969e+04 2.685e+02 9.273e+01
|    ( - -1.589e+04 2 0)
|    ( - -3.535e+03 1 0))
s>    ( QUESTION0_10_R 1 -1.969e+04 2.685e+02 9.273e+01
s>        ( - -1.589e+04 2 0)
s>        ( - -3.535e+03 1 0))INFO: dtree.c(1439): stop. leaf nodes are specific
INFO: dtree.c(1478): Final simple tree
|( WDBNDRY_B 0 -2.992e+04 2.643e+02 1.489e+02
|    ( - -2.949e+04 2 0)
|    ( - -1.686e+02 1 0))
s>    ( WDBNDRY_B 0 -2.992e+04 2.643e+02 1.489e+02
s>        ( - -2.949e+04 2 0)
s>        ( - -1.686e+02 1 0))INFO: dtree.c(1315): Comp split 28
INFO: dtree.c(1439): stop. leaf nodes are specific
INFO: dtree.c(1478): Final simple tree
|( QUESTION0_9_R 1 -1.040e+04 2.687e+02 5.400e+01
|    ( - -7.588e+03 1 0)
|    ( - -2.547e+03 1 0))
s>    ( QUESTION0_9_R 1 -1.040e+04 2.687e+02 5.400e+01
s>        ( - -7.588e+03 1 0)
s>        ( - -2.547e+03 1 0))INFO: dtree.c(1439): stop. leaf nodes are specific
INFO: dtree.c(1478): Final simple tree
|( QUESTION2 -1 -2.817e+04 3.893e+02 1.430e+02
|    ( - -1.047e+04 1 0)
|    ( QUESTION0_9_R 1 -1.731e+04 2.090e+02 8.799e+01
|        ( - -1.667e+04 1 0)
|        ( - -4.300e+02 1 0)))
s>    ( QUESTION2 -1 -2.817e+04 3.893e+02 1.430e+02
s>        ( - -1.047e+04 1 0)
s>        ( QUESTION0_9_R 1 -1.731e+04 2.090e+02 8.799e+01
s>            ( - -1.667e+04 1 0)
s>            ( - -4.300e+02 1 0)))INFO: dtree.c(1315): Comp split 29
INFO: dtree.c(1439): stop. leaf nodes are specific
INFO: dtree.c(1478): Final simple tree
|( QUESTION2 -1 -7.916e+03 1.241e+02 3.958e+01
|    ( - -5.835e+03 1 0)
|    ( - -1.957e+03 1 0))
s>    ( QUESTION2 -1 -7.916e+03 1.241e+02 3.958e+01
s>        ( - -5.835e+03 1 0)
s>        ( - -1.957e+03 1 0))INFO: dtree.c(1439): stop. leaf nodes are specific
INFO: dtree.c(1478): Final simple tree
|( QUESTION10 -1 -1.531e+05 2.955e+02 7.264e+02
|    ( - -9.273e+03 1 0)
|    ( QUESTION0 -1 -1.435e+05 1.619e+02 6.793e+02
|        ( - -1.420e+05 1 0)
|        ( - -1.421e+03 1 0)))
s>    ( QUESTION10 -1 -1.531e+05 2.955e+02 7.264e+02
s>        ( - -9.273e+03 1 0)
s>        ( QUESTION0 -1 -1.435e+05 1.619e+02 6.793e+02
s>            ( - -1.420e+05 1 0)
s>            ( - -1.421e+03 1 0)))INFO: dtree.c(1315): Comp split 30
INFO: dtree.c(1439): stop. leaf nodes are specific
INFO: dtree.c(1478): Final simple tree
|( QUESTION0_9_R 1 -1.731e+04 2.090e+02 8.799e+01
|    ( - -1.667e+04 1 0)
|    ( - -4.300e+02 1 0))
s>    ( QUESTION0_9_R 1 -1.731e+04 2.090e+02 8.799e+01
s>        ( - -1.667e+04 1 0)
s>        ( - -4.300e+02 1 0))INFO: dtree.c(1315): Comp split 31
INFO: dtree.c(1439): stop. leaf nodes are specific
INFO: dtree.c(1478): Final simple tree
|( QUESTION0_9_R 1 -1.786e+05 2.328e+02 8.081e+02
|    ( - -1.317e+04 1 0)
|    ( WDBNDRY_B 0 -1.652e+05 2.055e+02 7.499e+02
|        ( - -1.522e+05 2 0)
|        ( - -1.271e+04 2 0)))
s>    ( QUESTION0_9_R 1 -1.786e+05 2.328e+02 8.081e+02
s>        ( - -1.317e+04 1 0)
s>        ( WDBNDRY_B 0 -1.652e+05 2.055e+02 7.499e+02
s>            ( - -1.522e+05 2 0)
s>            ( - -1.271e+04 2 0)))INFO: dtree.c(1439): stop. leaf nodes are specific
INFO: dtree.c(1478): Final simple tree
|( QUESTION0_9_R 1 -9.313e+03 2.256e+02 4.233e+01
|    ( - -2.216e+03 1 0)
|    ( QUESTION0_0_R 1 -6.872e+03 1.476e+02 3.133e+01
|        ( - -3.913e+03 1 0)
|        ( - -2.811e+03 1 0)))
s>    ( QUESTION0_9_R 1 -9.313e+03 2.256e+02 4.233e+01
s>        ( - -2.216e+03 1 0)
s>        ( QUESTION0_0_R 1 -6.872e+03 1.476e+02 3.133e+01
s>            ( - -3.913e+03 1 0)
s>            ( - -2.811e+03 1 0)))INFO: dtree.c(1315): Comp split 32
INFO: dtree.c(1439): stop. leaf nodes are specific
INFO: dtree.c(1478): Final simple tree
|( QUESTION12 -1 -1.021e+05 1.963e+02 4.615e+02
|    ( QUESTION0_14_R 1 -4.103e+04 1.791e+02 1.836e+02
|        ( - -1.530e+04 3 0)
|        ( - -2.555e+04 1 0))
|    ( - -6.090e+04 2 0))
s>    ( QUESTION12 -1 -1.021e+05 1.963e+02 4.615e+02
s>        ( QUESTION0_14_R 1 -4.103e+04 1.791e+02 1.836e+02
s>            ( - -1.530e+04 3 0)
s>            ( - -2.555e+04 1 0))
s>        ( - -6.090e+04 2 0))INFO: dtree.c(1439): stop. leaf nodes are specific
INFO: dtree.c(1478): Final simple tree
|( WDBNDRY_B 0 -1.406e+04 2.516e+02 6.095e+01
|    ( - -8.417e+03 1 0)
|    ( QUESTION0_14_R 1 -5.395e+03 1.664e+02 2.421e+01
|        ( - -4.074e+03 1 0)
|        ( - -1.155e+03 1 0)))
s>    ( WDBNDRY_B 0 -1.406e+04 2.516e+02 6.095e+01
s>        ( - -8.417e+03 1 0)
s>        ( QUESTION0_14_R 1 -5.395e+03 1.664e+02 2.421e+01
s>            ( - -4.074e+03 1 0)
s>            ( - -1.155e+03 1 0)))INFO: dtree.c(1315): Comp split 33
INFO: dtree.c(1439): stop. leaf nodes are specific
INFO: dtree.c(1478): Final simple tree
|( QUESTION0 -1 -1.214e+05 2.751e+02 5.670e+02
|    ( - -1.113e+05 3 0)
|    ( QUESTION10 -1 -9.759e+03 1.278e+02 4.741e+01
|        ( - -3.626e+03 1 0)
|        ( - -6.005e+03 1 0)))
s>    ( QUESTION0 -1 -1.214e+05 2.751e+02 5.670e+02
s>        ( - -1.113e+05 3 0)
s>        ( QUESTION10 -1 -9.759e+03 1.278e+02 4.741e+01
s>            ( - -3.626e+03 1 0)
s>            ( - -6.005e+03 1 0)))INFO: dtree.c(1315): Comp split 34
INFO: dtree.c(1439): stop. leaf nodes are specific
INFO: dtree.c(1478): Final simple tree
|( QUESTION0_1_R 1 -1.347e+04 2.636e+02 6.413e+01
|    ( - -2.223e+02 1 0)
|    ( WDBNDRY_B 0 -1.298e+04 2.930e+02 6.213e+01
|        ( - -1.138e+04 1 0)
|        ( - -1.307e+03 1 0)))
s>    ( QUESTION0_1_R 1 -1.347e+04 2.636e+02 6.413e+01
s>        ( - -2.223e+02 1 0)
s>        ( WDBNDRY_B 0 -1.298e+04 2.930e+02 6.213e+01
s>            ( - -1.138e+04 1 0)
s>            ( - -1.307e+03 1 0)))INFO: dtree.c(1315): Comp split 35
INFO: dtree.c(1439): stop. leaf nodes are specific
INFO: dtree.c(1478): Final simple tree
|( QUESTION0_4_R 1 -7.172e+03 1.851e+02 3.300e+01
|    ( - -4.222e+03 1 0)
|    ( WDBNDRY_B 0 -2.765e+03 1.556e+02 1.300e+01
|        ( - -2.234e+03 1 0)
|        ( - -3.755e+02 1 0)))
s>    ( QUESTION0_4_R 1 -7.172e+03 1.851e+02 3.300e+01
s>        ( - -4.222e+03 1 0)
s>        ( WDBNDRY_B 0 -2.765e+03 1.556e+02 1.300e+01
s>            ( - -2.234e+03 1 0)
s>            ( - -3.755e+02 1 0)))INFO: dtree.c(1439): stop. leaf nodes are specific
INFO: dtree.c(1478): Final simple tree
|( QUESTION0 -1 -5.078e+04 2.513e+02 2.311e+02
|    ( - -3.012e+04 2 0)
|    ( QUESTION0_9_R 1 -2.041e+04 2.213e+02 9.482e+01
|        ( QUESTION10 -1 -1.995e+04 1.636e+02 9.282e+01
|            ( - -1.219e+04 3 0)
|            ( QUESTION2 -1 -7.596e+03 1.471e+02 3.594e+01
|                ( - -1.618e+03 1 0)
|                ( - -5.831e+03 1 0)))
|        ( - -2.414e+02 1 0)))
s>    ( QUESTION0 -1 -5.078e+04 2.513e+02 2.311e+02
s>        ( - -3.012e+04 2 0)
s>        ( QUESTION0_9_R 1 -2.041e+04 2.213e+02 9.482e+01
s>            ( QUESTION10 -1 -1.995e+04 1.636e+02 9.282e+01
s>                ( - -1.219e+04 3 0)
s>                ( QUESTION2 -1 -7.596e+03 1.471e+02 3.594e+01
s>                    ( - -1.618e+03 1 0)
s>                    ( - -5.831e+03 1 0)))
s>            ( - -2.414e+02 1 0)))INFO: dtree.c(1315): Comp split 36
INFO: dtree.c(1315): Comp split 37
INFO: dtree.c(1315): Comp split 38
INFO: dtree.c(1439): stop. leaf nodes are specific
INFO: dtree.c(1478): Final simple tree
|( QUESTION0 -1 -1.435e+05 1.619e+02 6.793e+02
|    ( - -1.420e+05 1 0)
|    ( - -1.421e+03 1 0))
s>    ( QUESTION0 -1 -1.435e+05 1.619e+02 6.793e+02
s>        ( - -1.420e+05 1 0)
s>        ( - -1.421e+03 1 0))INFO: dtree.c(1315): Comp split 39
INFO: dtree.c(1439): stop. leaf nodes are specific
INFO: dtree.c(1478): Final simple tree
|( QUESTION10 -1 -9.759e+03 1.278e+02 4.741e+01
|    ( - -3.626e+03 1 0)
|    ( - -6.005e+03 1 0))
s>    ( QUESTION10 -1 -9.759e+03 1.278e+02 4.741e+01
s>        ( - -3.626e+03 1 0)
s>        ( - -6.005e+03 1 0))INFO: dtree.c(1315): Comp split 40
INFO: dtree.c(1315): Comp split 41
INFO: dtree.c(1315): Comp split 42
INFO: dtree.c(1315): Comp split 43
INFO: dtree.c(1315): Comp split 44
INFO: dtree.c(1439): stop. leaf nodes are specific
INFO: dtree.c(1478): Final simple tree
|( WDBNDRY_B 0 -1.298e+04 2.930e+02 6.213e+01
|    ( - -1.138e+04 1 0)
|    ( - -1.307e+03 1 0))
s>    ( WDBNDRY_B 0 -1.298e+04 2.930e+02 6.213e+01
s>        ( - -1.138e+04 1 0)
s>        ( - -1.307e+03 1 0))INFO: dtree.c(1315): Comp split 45
INFO: dtree.c(1315): Comp split 46
INFO: dtree.c(1439): stop. leaf nodes are specific
INFO: dtree.c(1478): Final simple tree
|( WDBNDRY_B 0 -6.605e+04 1.398e+02 2.966e+02
|    ( - -6.494e+04 3 0)
|    ( - -9.725e+02 1 0))
s>    ( WDBNDRY_B 0 -6.605e+04 1.398e+02 2.966e+02
s>        ( - -6.494e+04 3 0)
s>        ( - -9.725e+02 1 0))INFO: dtree.c(1315): Comp split 47
INFO: dtree.c(1439): stop. leaf nodes are specific
INFO: dtree.c(1478): Final simple tree
|( QUESTION0_14_R 1 -5.395e+03 1.664e+02 2.421e+01
|    ( - -4.074e+03 1 0)
|    ( - -1.155e+03 1 0))
s>    ( QUESTION0_14_R 1 -5.395e+03 1.664e+02 2.421e+01
s>        ( - -4.074e+03 1 0)
s>        ( - -1.155e+03 1 0))INFO: dtree.c(1315): Comp split 48
INFO: dtree.c(1439): stop. leaf nodes are specific
INFO: dtree.c(1478): Final simple tree
|( QUESTION0_9_R 1 -2.041e+04 2.213e+02 9.482e+01
|    ( QUESTION10 -1 -1.995e+04 1.636e+02 9.282e+01
|        ( - -1.219e+04 3 0)
|        ( QUESTION2 -1 -7.596e+03 1.471e+02 3.594e+01
|            ( - -1.618e+03 1 0)
|            ( - -5.831e+03 1 0)))
|    ( - -2.414e+02 1 0))
s>    ( QUESTION0_9_R 1 -2.041e+04 2.213e+02 9.482e+01
s>        ( QUESTION10 -1 -1.995e+04 1.636e+02 9.282e+01
s>            ( - -1.219e+04 3 0)
s>            ( QUESTION2 -1 -7.596e+03 1.471e+02 3.594e+01
s>                ( - -1.618e+03 1 0)
s>                ( - -5.831e+03 1 0)))
s>        ( - -2.414e+02 1 0))INFO: dtree.c(1315): Comp split 49
INFO: dtree.c(1439): stop. leaf nodes are specific
INFO: dtree.c(1478): Final simple tree
|( WDBNDRY_B 0 -1.652e+05 2.055e+02 7.499e+02
|    ( - -1.522e+05 2 0)
|    ( - -1.271e+04 2 0))
s>    ( WDBNDRY_B 0 -1.652e+05 2.055e+02 7.499e+02
s>        ( - -1.522e+05 2 0)
s>        ( - -1.271e+04 2 0))INFO: dtree.c(1315): Comp split 50
INFO: dtree.c(1439): stop. leaf nodes are specific
INFO: dtree.c(1478): Final simple tree
|( QUESTION0_0_R 1 -6.872e+03 1.476e+02 3.133e+01
|    ( - -3.913e+03 1 0)
|    ( - -2.811e+03 1 0))
s>    ( QUESTION0_0_R 1 -6.872e+03 1.476e+02 3.133e+01
s>        ( - -3.913e+03 1 0)
s>        ( - -2.811e+03 1 0))INFO: dtree.c(1315): Comp split 51
INFO: dtree.c(1439): stop. leaf nodes are specific
INFO: dtree.c(1478): Final simple tree
|( QUESTION10 -1 -1.995e+04 1.636e+02 9.282e+01
|    ( - -1.219e+04 3 0)
|    ( QUESTION2 -1 -7.596e+03 1.471e+02 3.594e+01
|        ( - -1.618e+03 1 0)
|        ( - -5.831e+03 1 0)))
s>    ( QUESTION10 -1 -1.995e+04 1.636e+02 9.282e+01
s>        ( - -1.219e+04 3 0)
s>        ( QUESTION2 -1 -7.596e+03 1.471e+02 3.594e+01
s>            ( - -1.618e+03 1 0)
s>            ( - -5.831e+03 1 0)))INFO: dtree.c(1315): Comp split 52
INFO: dtree.c(1315): Comp split 53
INFO: dtree.c(1439): stop. leaf nodes are specific
INFO: dtree.c(1478): Final simple tree
|( QUESTION0 1 -3.404e+05 1.394e+02 1.575e+03
|    ( - -5.107e+03 1 0)
|    ( - -3.351e+05 1 0))
s>    ( QUESTION0 1 -3.404e+05 1.394e+02 1.575e+03
s>        ( - -5.107e+03 1 0)
s>        ( - -3.351e+05 1 0))INFO: dtree.c(1315): Comp split 54
INFO: dtree.c(1315): Comp split 55
INFO: dtree.c(1315): Comp split 56
INFO: dtree.c(1439): stop. leaf nodes are specific
INFO: dtree.c(1478): Final simple tree
|( QUESTION0_14_R 1 -4.103e+04 1.791e+02 1.836e+02
|    ( - -1.530e+04 3 0)
|    ( - -2.555e+04 1 0))
s>    ( QUESTION0_14_R 1 -4.103e+04 1.791e+02 1.836e+02
s>        ( - -1.530e+04 3 0)
s>        ( - -2.555e+04 1 0))INFO: dtree.c(1315): Comp split 57
INFO: dtree.c(1315): Comp split 58
INFO: dtree.c(1439): stop. leaf nodes are specific
INFO: dtree.c(1478): Final simple tree
|( WDBNDRY_B 0 -2.765e+03 1.556e+02 1.300e+01
|    ( - -2.234e+03 1 0)
|    ( - -3.755e+02 1 0))
s>    ( WDBNDRY_B 0 -2.765e+03 1.556e+02 1.300e+01
s>        ( - -2.234e+03 1 0)
s>        ( - -3.755e+02 1 0))INFO: dtree.c(1315): Comp split 59
INFO: dtree.c(1315): Comp split 60
INFO: dtree.c(1315): Comp split 61
INFO: dtree.c(1439): stop. leaf nodes are specific
INFO: dtree.c(1478): Final simple tree
|( QUESTION2 -1 -7.596e+03 1.471e+02 3.594e+01
|    ( - -1.618e+03 1 0)
|    ( - -5.831e+03 1 0))
s>    ( QUESTION2 -1 -7.596e+03 1.471e+02 3.594e+01
s>        ( - -1.618e+03 1 0)
s>        ( - -5.831e+03 1 0))INFO: dtree.c(1315): Comp split 62
INFO: dtree.c(1315): Comp split 63
INFO: dtree.c(1315): Comp split 64
INFO: dtree.c(1315): Comp split 65
INFO: dtree.c(1315): Comp split 66
INFO: dtree.c(1315): Comp split 67
INFO: dtree.c(1315): Comp split 68
INFO: dtree.c(1315): Comp split 69
INFO: dtree.c(1315): Comp split 70
INFO: dtree.c(1315): Comp split 71
INFO: dtree.c(1315): Comp split 72
INFO: dtree.c(1318): stop. leaf nodes are specific
Fri Jan  6 22:28:21 2023
