Current configuration:
[NAME]		[DEFLT]	[VALUE]
-allphones	no	no
-cntthresh	0.00001	1.000000e-05
-csplitmax	100	2000
-csplitmin	1	1
-csplitthr	8e-4	0.000000e+00
-example	no	no
-fullvar	no	no
-help		no	no
-meanfn			/mnt/c/users/robin/onedrive/desktop/cmu/Cebuano/model_parameters/Cebuano.cd_cont_untied/means
-mixwfn			/mnt/c/users/robin/onedrive/desktop/cmu/Cebuano/model_parameters/Cebuano.cd_cont_untied/mixture_weights
-moddeffn		/mnt/c/users/robin/onedrive/desktop/cmu/Cebuano/model_architecture/Cebuano.untied.mdef
-mwfloor	1e-4	1.000000e-08
-phone			R
-psetfn			/mnt/c/users/robin/onedrive/desktop/cmu/Cebuano/model_architecture/Cebuano.tree_questions
-ssplitmax	5	7
-ssplitmin	1	1
-ssplitthr	8e-4	0.000000e+00
-state			0
-stwt			1.0,0.05,0.0,
-treefn			/mnt/c/users/robin/onedrive/desktop/cmu/Cebuano/trees/Cebuano.unpruned/R-0.dtree
-ts2cbfn	.semi.	.cont.
-varfloor	0.00001	1.000000e-05
-varfn			/mnt/c/users/robin/onedrive/desktop/cmu/Cebuano/model_parameters/Cebuano.cd_cont_untied/variances

INFO: main.c(223): Reading: /mnt/c/users/robin/onedrive/desktop/cmu/Cebuano/model_architecture/Cebuano.untied.mdef
INFO: model_def_io.c(573): Model definition info:
INFO: model_def_io.c(574): 7744 total models defined (40 base, 7704 tri)
INFO: model_def_io.c(575): 30976 total states
INFO: model_def_io.c(576): 23232 total tied states
INFO: model_def_io.c(577): 120 total tied CI states
INFO: model_def_io.c(578): 40 total tied transition matrices
INFO: model_def_io.c(579): 4 max state/model
INFO: model_def_io.c(580): 4 min state/model
INFO: main.c(242): Building trees for [R AA AA b] through [R Z EH b]
INFO: main.c(268): Covering states |[18612 19304]| == 693
INFO: main.c(275): Reading: /mnt/c/users/robin/onedrive/desktop/cmu/Cebuano/model_parameters/Cebuano.cd_cont_untied/mixture_weights
INFO: s3mixw_io.c(172): Read /mnt/c/users/robin/onedrive/desktop/cmu/Cebuano/model_parameters/Cebuano.cd_cont_untied/mixture_weights [693x1x1 array]
INFO: main.c(311): 225 of 231 models have observation count greater than 0.000010
INFO: main.c(95): nrm stwt: 0.952 0.048 0.000 
INFO: s3gau_io.c(168): Read /mnt/c/users/robin/onedrive/desktop/cmu/Cebuano/model_parameters/Cebuano.cd_cont_untied/means [23232x1x1 array]
INFO: s3gau_io.c(168): Read /mnt/c/users/robin/onedrive/desktop/cmu/Cebuano/model_parameters/Cebuano.cd_cont_untied/variances [23232x1x1 array]
INFO: main.c(549): Reading: /mnt/c/users/robin/onedrive/desktop/cmu/Cebuano/model_architecture/Cebuano.tree_questions
INFO: main.c(587): 180 total simple questions (172 phone; 8 word bndry)
INFO: main.c(589): 42 Left Only questions, and 42 Right Only questions
INFO: dtree.c(1478): Final simple tree
|( QUESTION2_1_L -1 -3.103e+06 7.433e+03 1.361e+04
|    ( QUESTION0_10_R 1 -6.699e+05 1.641e+03 2.927e+03
|        ( - -2.158e+05 11 0 QUESTION3 -1 4.565e+02 9.568e+02)
|        ( - -4.524e+05 49 0 QUESTION0_9_R 1 1.171e+03 1.970e+03))
|    ( QUESTION0_0_R 1 -2.426e+06 4.728e+03 1.068e+04
|        ( - -5.853e+05 59 0 QUESTION11 1 6.961e+02 2.568e+03)
|        ( QUESTION14 1 -1.836e+06 2.378e+03 8.112e+03
|            ( - -2.220e+05 26 0 QUESTION2_15_L -1 5.854e+02 9.730e+02)
|            ( QUESTION2_19_L -1 -1.612e+06 1.903e+03 7.139e+03
|                ( SILENCE 1 -1.319e+06 1.441e+03 5.853e+03
|                    ( - -8.869e+04 3 0)
|                    ( QUESTION0 -1 -1.229e+06 1.238e+03 5.461e+03
|                        ( - -1.185e+06 36 0 QUESTION16 1 7.337e+02 5.271e+03)
|                        ( - -4.301e+04 3 0 QUESTION0_9_R 1 1.898e+02 1.903e+02)))
|                ( - -2.908e+05 38 0 SILENCE -1 1.159e+03 1.286e+03)))))
s>    ( QUESTION2_1_L -1 -3.103e+06 7.433e+03 1.361e+04
s>        ( QUESTION0_10_R 1 -6.699e+05 1.641e+03 2.927e+03
s>            ( - -2.158e+05 11 0 QUESTION3 -1 4.565e+02 9.568e+02)
s>            ( - -4.524e+05 49 0 QUESTION0_9_R 1 1.171e+03 1.970e+03))
s>        ( QUESTION0_0_R 1 -2.426e+06 4.728e+03 1.068e+04
s>            ( - -5.853e+05 59 0 QUESTION11 1 6.961e+02 2.568e+03)
s>            ( QUESTION14 1 -1.836e+06 2.378e+03 8.112e+03
s>                ( - -2.220e+05 26 0 QUESTION2_15_L -1 5.854e+02 9.730e+02)
s>                ( QUESTION2_19_L -1 -1.612e+06 1.903e+03 7.139e+03
s>                    ( SILENCE 1 -1.319e+06 1.441e+03 5.853e+03
s>                        ( - -8.869e+04 3 0)
s>                        ( QUESTION0 -1 -1.229e+06 1.238e+03 5.461e+03
s>                            ( - -1.185e+06 36 0 QUESTION16 1 7.337e+02 5.271e+03)
s>                            ( - -4.301e+04 3 0 QUESTION0_9_R 1 1.898e+02 1.903e+02)))
s>                    ( - -2.908e+05 38 0 SILENCE -1 1.159e+03 1.286e+03)))))INFO: dtree.c(1315): Comp split 0
INFO: dtree.c(1478): Final simple tree
|( QUESTION0_10_R 1 -8.039e+05 1.665e+03 3.509e+03
|    ( - -2.158e+05 11 0 QUESTION3 -1 4.565e+02 9.568e+02)
|    ( QUESTION0_8_R 1 -5.865e+05 1.372e+03 2.553e+03
|        ( QUESTION0_9_R 1 -4.526e+05 1.209e+03 1.968e+03
|            ( - -8.578e+04 8 0 WDBNDRY_B 0 2.122e+02 3.812e+02)
|            ( QUESTION13 -1 -3.656e+05 9.982e+02 1.587e+03
|                ( - -4.097e+04 2 0 QUESTION0_14_R 1 1.533e+02 1.813e+02)
|                ( QUESTION2 -1 -3.236e+05 7.593e+02 1.406e+03
|                    ( - -2.497e+04 3 0 QUESTION0_14_R 1 2.349e+02 1.102e+02)
|                    ( QUESTION0 1 -2.979e+05 5.336e+02 1.295e+03
|                        ( QUESTION0_16_R 1 -2.518e+05 5.091e+02 1.098e+03
|                            ( - -4.675e+04 5 0 QUESTION2_6_L -1 1.425e+02 2.063e+02)
|                            ( - -2.045e+05 25 0 QUESTION2_10_L -1 3.961e+02 8.913e+02))
|                        ( - -4.560e+04 7 0 QUESTION2_6_L -1 2.356e+02 1.977e+02)))))
|        ( - -1.325e+05 5 0 WDBNDRY_E 0 4.703e+02 5.845e+02)))
s>    ( QUESTION0_10_R 1 -8.039e+05 1.665e+03 3.509e+03
s>        ( - -2.158e+05 11 0 QUESTION3 -1 4.565e+02 9.568e+02)
s>        ( QUESTION0_8_R 1 -5.865e+05 1.372e+03 2.553e+03
s>            ( QUESTION0_9_R 1 -4.526e+05 1.209e+03 1.968e+03
s>                ( - -8.578e+04 8 0 WDBNDRY_B 0 2.122e+02 3.812e+02)
s>                ( QUESTION13 -1 -3.656e+05 9.982e+02 1.587e+03
s>                    ( - -4.097e+04 2 0 QUESTION0_14_R 1 1.533e+02 1.813e+02)
s>                    ( QUESTION2 -1 -3.236e+05 7.593e+02 1.406e+03
s>                        ( - -2.497e+04 3 0 QUESTION0_14_R 1 2.349e+02 1.102e+02)
s>                        ( QUESTION0 1 -2.979e+05 5.336e+02 1.295e+03
s>                            ( QUESTION0_16_R 1 -2.518e+05 5.091e+02 1.098e+03
s>                                ( - -4.675e+04 5 0 QUESTION2_6_L -1 1.425e+02 2.063e+02)
s>                                ( - -2.045e+05 25 0 QUESTION2_10_L -1 3.961e+02 8.913e+02))
s>                            ( - -4.560e+04 7 0 QUESTION2_6_L -1 2.356e+02 1.977e+02)))))
s>            ( - -1.325e+05 5 0 WDBNDRY_E 0 4.703e+02 5.845e+02)))INFO: dtree.c(1478): Final simple tree
|( QUESTION0_0_R 1 -2.292e+06 4.702e+03 1.010e+04
|    ( - -5.853e+05 59 0 QUESTION11 1 6.961e+02 2.568e+03)
|    ( QUESTION14 1 -1.702e+06 2.446e+03 7.529e+03
|        ( - -2.220e+05 26 0 QUESTION2_15_L -1 5.854e+02 9.730e+02)
|        ( QUESTION2_19_L -1 -1.477e+06 1.996e+03 6.556e+03
|            ( QUESTION16 1 -1.185e+06 7.337e+02 5.271e+03
|                ( - -1.290e+05 11 0 WDBNDRY_I 0 3.837e+02 5.785e+02)
|                ( QUESTION0_16_R 1 -1.055e+06 7.067e+02 4.692e+03
|                    ( - -3.695e+04 3 0 WDBNDRY_B 0 1.365e+02 1.648e+02)
|                    ( - -1.017e+06 22 0 WDBNDRY_I 0 3.893e+02 4.527e+03)))
|            ( SILENCE -1 -2.908e+05 1.159e+03 1.286e+03
|                ( - -5.073e+04 3 0 QUESTION0_9_R 1 3.376e+02 2.264e+02)
|                ( QUESTION14 -1 -2.389e+05 8.002e+02 1.059e+03
|                    ( - -1.441e+05 13 0 QUESTION2_15_L -1 4.615e+02 6.437e+02)
|                    ( - -9.399e+04 22 0 QUESTION2_17_L -1 6.825e+02 4.157e+02))))))
s>    ( QUESTION0_0_R 1 -2.292e+06 4.702e+03 1.010e+04
s>        ( - -5.853e+05 59 0 QUESTION11 1 6.961e+02 2.568e+03)
s>        ( QUESTION14 1 -1.702e+06 2.446e+03 7.529e+03
s>            ( - -2.220e+05 26 0 QUESTION2_15_L -1 5.854e+02 9.730e+02)
s>            ( QUESTION2_19_L -1 -1.477e+06 1.996e+03 6.556e+03
s>                ( QUESTION16 1 -1.185e+06 7.337e+02 5.271e+03
s>                    ( - -1.290e+05 11 0 WDBNDRY_I 0 3.837e+02 5.785e+02)
s>                    ( QUESTION0_16_R 1 -1.055e+06 7.067e+02 4.692e+03
s>                        ( - -3.695e+04 3 0 WDBNDRY_B 0 1.365e+02 1.648e+02)
s>                        ( - -1.017e+06 22 0 WDBNDRY_I 0 3.893e+02 4.527e+03)))
s>                ( SILENCE -1 -2.908e+05 1.159e+03 1.286e+03
s>                    ( - -5.073e+04 3 0 QUESTION0_9_R 1 3.376e+02 2.264e+02)
s>                    ( QUESTION14 -1 -2.389e+05 8.002e+02 1.059e+03
s>                        ( - -1.441e+05 13 0 QUESTION2_15_L -1 4.615e+02 6.437e+02)
s>                        ( - -9.399e+04 22 0 QUESTION2_17_L -1 6.825e+02 4.157e+02))))))INFO: dtree.c(1315): Comp split 1
INFO: dtree.c(1478): Final simple tree
|( QUESTION2_19_L -1 -1.440e+06 1.986e+03 6.392e+03
|    ( QUESTION0_14_R 1 -1.147e+06 7.303e+02 5.106e+03
|        ( WDBNDRY_I 0 -9.941e+05 3.896e+02 4.424e+03
|            ( - -9.432e+05 11 0)
|            ( - -5.046e+04 8 0 WDBNDRY_B 0 2.272e+02 2.223e+02))
|        ( - -1.523e+05 14 0 WDBNDRY_I 0 3.314e+02 6.815e+02))
|    ( SILENCE -1 -2.908e+05 1.159e+03 1.286e+03
|        ( - -5.073e+04 3 0 QUESTION0_9_R 1 3.376e+02 2.264e+02)
|        ( QUESTION14 -1 -2.389e+05 8.002e+02 1.059e+03
|            ( QUESTION2_15_L -1 -1.441e+05 4.615e+02 6.437e+02
|                ( - -5.371e+04 3 0 WDBNDRY_E 0 3.748e+02 2.413e+02)
|                ( - -8.992e+04 10 0 WDBNDRY_E 0 3.057e+02 4.024e+02))
|            ( QUESTION2_17_L -1 -9.399e+04 6.825e+02 4.157e+02
|                ( - -4.016e+04 2 0 QUESTION0_9_R 1 3.234e+02 1.832e+02)
|                ( - -5.314e+04 20 0 QUESTION12 -1 2.614e+02 2.324e+02)))))
s>    ( QUESTION2_19_L -1 -1.440e+06 1.986e+03 6.392e+03
s>        ( QUESTION0_14_R 1 -1.147e+06 7.303e+02 5.106e+03
s>            ( WDBNDRY_I 0 -9.941e+05 3.896e+02 4.424e+03
s>                ( - -9.432e+05 11 0)
s>                ( - -5.046e+04 8 0 WDBNDRY_B 0 2.272e+02 2.223e+02))
s>            ( - -1.523e+05 14 0 WDBNDRY_I 0 3.314e+02 6.815e+02))
s>        ( SILENCE -1 -2.908e+05 1.159e+03 1.286e+03
s>            ( - -5.073e+04 3 0 QUESTION0_9_R 1 3.376e+02 2.264e+02)
s>            ( QUESTION14 -1 -2.389e+05 8.002e+02 1.059e+03
s>                ( QUESTION2_15_L -1 -1.441e+05 4.615e+02 6.437e+02
s>                    ( - -5.371e+04 3 0 WDBNDRY_E 0 3.748e+02 2.413e+02)
s>                    ( - -8.992e+04 10 0 WDBNDRY_E 0 3.057e+02 4.024e+02))
s>                ( QUESTION2_17_L -1 -9.399e+04 6.825e+02 4.157e+02
s>                    ( - -4.016e+04 2 0 QUESTION0_9_R 1 3.234e+02 1.832e+02)
s>                    ( - -5.314e+04 20 0 QUESTION12 -1 2.614e+02 2.324e+02)))))INFO: dtree.c(1478): Final simple tree
|( QUESTION0_0_R 1 -8.467e+05 1.984e+03 3.706e+03
|    ( QUESTION11 1 -5.853e+05 6.961e+02 2.568e+03
|        ( - -9.387e+04 11 0 QUESTION2_18_L -1 2.871e+02 4.125e+02)
|        ( QUESTION2_13_L -1 -4.908e+05 7.545e+02 2.156e+03
|            ( WDBNDRY_E 0 -4.043e+04 5.129e+02 1.803e+02
|                ( - -2.587e+04 5 0 QUESTION0 -1 4.232e+02 1.176e+02)
|                ( - -1.405e+04 2 0 QUESTION0_1_R 1 2.623e+02 6.271e+01))
|            ( WDBNDRY_E 0 -4.496e+05 6.526e+02 1.976e+03
|                ( - -7.056e+04 13 0 QUESTION0_4_R 1 4.223e+02 3.099e+02)
|                ( QUESTION0_4_R 1 -3.784e+05 6.286e+02 1.666e+03
|                    ( - -6.906e+04 8 0 QUESTION7 1 3.469e+02 3.106e+02)
|                    ( - -3.087e+05 20 0 QUESTION0_1_R 1 2.993e+02 1.355e+03)))))
|    ( QUESTION2_15_L -1 -2.594e+05 6.317e+02 1.138e+03
|        ( - -2.707e+04 2 0 QUESTION0 -1 2.205e+02 1.198e+02)
|        ( - -2.317e+05 27 0 WDBNDRY_E 0 4.558e+02 1.018e+03)))
s>    ( QUESTION0_0_R 1 -8.467e+05 1.984e+03 3.706e+03
s>        ( QUESTION11 1 -5.853e+05 6.961e+02 2.568e+03
s>            ( - -9.387e+04 11 0 QUESTION2_18_L -1 2.871e+02 4.125e+02)
s>            ( QUESTION2_13_L -1 -4.908e+05 7.545e+02 2.156e+03
s>                ( WDBNDRY_E 0 -4.043e+04 5.129e+02 1.803e+02
s>                    ( - -2.587e+04 5 0 QUESTION0 -1 4.232e+02 1.176e+02)
s>                    ( - -1.405e+04 2 0 QUESTION0_1_R 1 2.623e+02 6.271e+01))
s>                ( WDBNDRY_E 0 -4.496e+05 6.526e+02 1.976e+03
s>                    ( - -7.056e+04 13 0 QUESTION0_4_R 1 4.223e+02 3.099e+02)
s>                    ( QUESTION0_4_R 1 -3.784e+05 6.286e+02 1.666e+03
s>                        ( - -6.906e+04 8 0 QUESTION7 1 3.469e+02 3.106e+02)
s>                        ( - -3.087e+05 20 0 QUESTION0_1_R 1 2.993e+02 1.355e+03)))))
s>        ( QUESTION2_15_L -1 -2.594e+05 6.317e+02 1.138e+03
s>            ( - -2.707e+04 2 0 QUESTION0 -1 2.205e+02 1.198e+02)
s>            ( - -2.317e+05 27 0 WDBNDRY_E 0 4.558e+02 1.018e+03)))INFO: dtree.c(1315): Comp split 2
INFO: dtree.c(1478): Final simple tree
|( QUESTION2_9_L -1 -3.964e+05 1.148e+03 1.748e+03
|    ( QUESTION2 -1 -3.036e+05 4.288e+02 1.342e+03
|        ( - -1.995e+04 1 0)
|        ( QUESTION0_9_R 1 -2.832e+05 3.464e+02 1.253e+03
|            ( QUESTION2_10_L -1 -1.931e+05 2.514e+02 8.579e+02
|                ( - -1.772e+05 6 0 WDBNDRY_B 0 1.824e+02 7.891e+02)
|                ( - -1.567e+04 2 0))
|            ( QUESTION0_1_R 1 -8.970e+04 3.132e+02 3.954e+02
|                ( - -5.657e+03 1 0)
|                ( QUESTION0_0_R 1 -8.373e+04 2.982e+02 3.710e+02
|                    ( - -3.737e+04 1 0)
|                    ( - -4.606e+04 4 0)))))
|    ( WDBNDRY_B 0 -9.168e+04 4.632e+02 4.054e+02
|        ( - 2.188e+02 1 0)
|        ( - -9.144e+04 5 0 QUESTION0_9_R 1 1.825e+02 4.044e+02)))
s>    ( QUESTION2_9_L -1 -3.964e+05 1.148e+03 1.748e+03
s>        ( QUESTION2 -1 -3.036e+05 4.288e+02 1.342e+03
s>            ( - -1.995e+04 1 0)
s>            ( QUESTION0_9_R 1 -2.832e+05 3.464e+02 1.253e+03
s>                ( QUESTION2_10_L -1 -1.931e+05 2.514e+02 8.579e+02
s>                    ( - -1.772e+05 6 0 WDBNDRY_B 0 1.824e+02 7.891e+02)
s>                    ( - -1.567e+04 2 0))
s>                ( QUESTION0_1_R 1 -8.970e+04 3.132e+02 3.954e+02
s>                    ( - -5.657e+03 1 0)
s>                    ( QUESTION0_0_R 1 -8.373e+04 2.982e+02 3.710e+02
s>                        ( - -3.737e+04 1 0)
s>                        ( - -4.606e+04 4 0)))))
s>        ( WDBNDRY_B 0 -9.168e+04 4.632e+02 4.054e+02
s>            ( - 2.188e+02 1 0)
s>            ( - -9.144e+04 5 0 QUESTION0_9_R 1 1.825e+02 4.044e+02)))INFO: dtree.c(1478): Final simple tree
|( QUESTION0_9_R 1 -4.052e+05 1.139e+03 1.762e+03
|    ( - -8.578e+04 8 0 WDBNDRY_B 0 2.122e+02 3.812e+02)
|    ( QUESTION13 -1 -3.183e+05 9.622e+02 1.381e+03
|        ( - -4.097e+04 2 0 QUESTION0_14_R 1 1.533e+02 1.813e+02)
|        ( QUESTION2 -1 -2.764e+05 7.809e+02 1.199e+03
|            ( - -2.497e+04 3 0 QUESTION0_14_R 1 2.349e+02 1.102e+02)
|            ( QUESTION0_14_R 1 -2.506e+05 5.663e+02 1.089e+03
|                ( QUESTION2_10_L -1 -1.886e+05 4.110e+02 8.240e+02
|                    ( - -1.281e+05 11 0 WDBNDRY_B 0 1.146e+02 5.597e+02)
|                    ( WDBNDRY_B 0 -6.012e+04 3.163e+02 2.643e+02
|                        ( - -1.461e+04 3 0 QUESTION2_6_L -1 1.819e+02 6.511e+01)
|                        ( - -4.519e+04 6 0 QUESTION2_6_L -1 2.420e+02 1.992e+02)))
|                ( QUESTION0_16_R 1 -6.146e+04 3.500e+02 2.650e+02
|                    ( - -4.560e+04 7 0 QUESTION2_6_L -1 2.356e+02 1.977e+02)
|                    ( - -1.552e+04 5 0 QUESTION2_6_L -1 1.766e+02 6.731e+01))))))
s>    ( QUESTION0_9_R 1 -4.052e+05 1.139e+03 1.762e+03
s>        ( - -8.578e+04 8 0 WDBNDRY_B 0 2.122e+02 3.812e+02)
s>        ( QUESTION13 -1 -3.183e+05 9.622e+02 1.381e+03
s>            ( - -4.097e+04 2 0 QUESTION0_14_R 1 1.533e+02 1.813e+02)
s>            ( QUESTION2 -1 -2.764e+05 7.809e+02 1.199e+03
s>                ( - -2.497e+04 3 0 QUESTION0_14_R 1 2.349e+02 1.102e+02)
s>                ( QUESTION0_14_R 1 -2.506e+05 5.663e+02 1.089e+03
s>                    ( QUESTION2_10_L -1 -1.886e+05 4.110e+02 8.240e+02
s>                        ( - -1.281e+05 11 0 WDBNDRY_B 0 1.146e+02 5.597e+02)
s>                        ( WDBNDRY_B 0 -6.012e+04 3.163e+02 2.643e+02
s>                            ( - -1.461e+04 3 0 QUESTION2_6_L -1 1.819e+02 6.511e+01)
s>                            ( - -4.519e+04 6 0 QUESTION2_6_L -1 2.420e+02 1.992e+02)))
s>                    ( QUESTION0_16_R 1 -6.146e+04 3.500e+02 2.650e+02
s>                        ( - -4.560e+04 7 0 QUESTION2_6_L -1 2.356e+02 1.977e+02)
s>                        ( - -1.552e+04 5 0 QUESTION2_6_L -1 1.766e+02 6.731e+01))))))INFO: dtree.c(1315): Comp split 3
INFO: dtree.c(1478): Final simple tree
|( QUESTION2_15_L -1 -3.304e+05 6.555e+02 1.448e+03
|    ( - -2.707e+04 2 0 QUESTION0 -1 2.205e+02 1.198e+02)
|    ( QUESTION0_4_R 1 -3.026e+05 5.463e+02 1.328e+03
|        ( QUESTION0_6_R 1 -2.661e+04 3.974e+02 1.182e+02
|            ( - -1.919e+04 2 0)
|            ( - -7.022e+03 1 0))
|        ( QUESTION11 1 -2.755e+05 5.014e+02 1.210e+03
|            ( WDBNDRY_E 0 -1.943e+05 4.588e+02 8.532e+02
|                ( - -5.435e+03 2 0 QUESTION0 -1 2.978e+02 2.685e+01)
|                ( QUESTION0_9_R 1 -1.884e+05 4.119e+02 8.264e+02
|                    ( QUESTION12 -1 -1.387e+05 3.662e+02 6.083e+02
|                        ( - -6.511e+03 2 0 WDBNDRY_B 0 2.029e+02 2.861e+01)
|                        ( - -1.318e+05 14 0 QUESTION14 -1 2.641e+02 5.797e+02))
|                    ( - -4.928e+04 6 0 QUESTION2_0_L -1 1.539e+02 2.180e+02)))
|            ( - -8.069e+04 13 0 QUESTION0_2_R 1 2.482e+02 3.565e+02))))
s>    ( QUESTION2_15_L -1 -3.304e+05 6.555e+02 1.448e+03
s>        ( - -2.707e+04 2 0 QUESTION0 -1 2.205e+02 1.198e+02)
s>        ( QUESTION0_4_R 1 -3.026e+05 5.463e+02 1.328e+03
s>            ( QUESTION0_6_R 1 -2.661e+04 3.974e+02 1.182e+02
s>                ( - -1.919e+04 2 0)
s>                ( - -7.022e+03 1 0))
s>            ( QUESTION11 1 -2.755e+05 5.014e+02 1.210e+03
s>                ( WDBNDRY_E 0 -1.943e+05 4.588e+02 8.532e+02
s>                    ( - -5.435e+03 2 0 QUESTION0 -1 2.978e+02 2.685e+01)
s>                    ( QUESTION0_9_R 1 -1.884e+05 4.119e+02 8.264e+02
s>                        ( QUESTION12 -1 -1.387e+05 3.662e+02 6.083e+02
s>                            ( - -6.511e+03 2 0 WDBNDRY_B 0 2.029e+02 2.861e+01)
s>                            ( - -1.318e+05 14 0 QUESTION14 -1 2.641e+02 5.797e+02))
s>                        ( - -4.928e+04 6 0 QUESTION2_0_L -1 1.539e+02 2.180e+02)))
s>                ( - -8.069e+04 13 0 QUESTION0_2_R 1 2.482e+02 3.565e+02))))INFO: dtree.c(1478): Final simple tree
|( QUESTION11 1 -5.141e+05 6.944e+02 2.259e+03
|    ( - -9.387e+04 11 0 QUESTION2_18_L -1 2.871e+02 4.125e+02)
|    ( WDBNDRY_E 0 -4.195e+05 7.934e+02 1.846e+03
|        ( QUESTION0 -1 -2.587e+04 4.232e+02 1.176e+02
|            ( QUESTION0_1_R 1 -2.235e+04 3.217e+02 1.015e+02
|                ( - -8.469e+03 2 0)
|                ( - -1.356e+04 2 0 QUESTION0_3_R 1 2.611e+02 6.303e+01))
|            ( - -3.095e+03 1 0))
|        ( QUESTION0_4_R 1 -3.929e+05 6.250e+02 1.729e+03
|            ( QUESTION7 1 -6.906e+04 3.469e+02 3.106e+02
|                ( - -1.358e+03 1 0)
|                ( - -6.735e+04 7 0 QUESTION2_0_L -1 1.740e+02 3.025e+02))
|            ( QUESTION0 -1 -3.232e+05 4.830e+02 1.418e+03
|                ( - -3.087e+05 20 0 QUESTION0_1_R 1 2.993e+02 1.355e+03)
|                ( - -1.405e+04 2 0 QUESTION0_1_R 1 2.623e+02 6.271e+01)))))
s>    ( QUESTION11 1 -5.141e+05 6.944e+02 2.259e+03
s>        ( - -9.387e+04 11 0 QUESTION2_18_L -1 2.871e+02 4.125e+02)
s>        ( WDBNDRY_E 0 -4.195e+05 7.934e+02 1.846e+03
s>            ( QUESTION0 -1 -2.587e+04 4.232e+02 1.176e+02
s>                ( QUESTION0_1_R 1 -2.235e+04 3.217e+02 1.015e+02
s>                    ( - -8.469e+03 2 0)
s>                    ( - -1.356e+04 2 0 QUESTION0_3_R 1 2.611e+02 6.303e+01))
s>                ( - -3.095e+03 1 0))
s>            ( QUESTION0_4_R 1 -3.929e+05 6.250e+02 1.729e+03
s>                ( QUESTION7 1 -6.906e+04 3.469e+02 3.106e+02
s>                    ( - -1.358e+03 1 0)
s>                    ( - -6.735e+04 7 0 QUESTION2_0_L -1 1.740e+02 3.025e+02))
s>                ( QUESTION0 -1 -3.232e+05 4.830e+02 1.418e+03
s>                    ( - -3.087e+05 20 0 QUESTION0_1_R 1 2.993e+02 1.355e+03)
s>                    ( - -1.405e+04 2 0 QUESTION0_1_R 1 2.623e+02 6.271e+01)))))INFO: dtree.c(1315): Comp split 4
INFO: dtree.c(1478): Final simple tree
|( SILENCE -1 -2.908e+05 1.159e+03 1.286e+03
|    ( QUESTION0_9_R 1 -5.073e+04 3.376e+02 2.264e+02
|        ( - -3.115e+04 1 0)
|        ( - -1.925e+04 2 0 QUESTION0_14_R 1 1.440e+02 8.660e+01))
|    ( QUESTION14 -1 -2.389e+05 8.002e+02 1.059e+03
|        ( QUESTION2_15_L -1 -1.441e+05 4.615e+02 6.437e+02
|            ( WDBNDRY_E 0 -5.371e+04 3.748e+02 2.413e+02
|                ( - -5.145e+03 1 0)
|                ( - -4.819e+04 2 0 QUESTION0_9_R 1 3.109e+02 2.163e+02))
|            ( - -8.992e+04 10 0 WDBNDRY_E 0 3.057e+02 4.024e+02))
|        ( QUESTION2_17_L -1 -9.399e+04 6.825e+02 4.157e+02
|            ( QUESTION0_9_R 1 -4.016e+04 3.234e+02 1.832e+02
|                ( - -9.302e+03 1 0)
|                ( - -3.054e+04 1 0))
|            ( - -5.314e+04 20 0 QUESTION12 -1 2.614e+02 2.324e+02))))
s>    ( SILENCE -1 -2.908e+05 1.159e+03 1.286e+03
s>        ( QUESTION0_9_R 1 -5.073e+04 3.376e+02 2.264e+02
s>            ( - -3.115e+04 1 0)
s>            ( - -1.925e+04 2 0 QUESTION0_14_R 1 1.440e+02 8.660e+01))
s>        ( QUESTION14 -1 -2.389e+05 8.002e+02 1.059e+03
s>            ( QUESTION2_15_L -1 -1.441e+05 4.615e+02 6.437e+02
s>                ( WDBNDRY_E 0 -5.371e+04 3.748e+02 2.413e+02
s>                    ( - -5.145e+03 1 0)
s>                    ( - -4.819e+04 2 0 QUESTION0_9_R 1 3.109e+02 2.163e+02))
s>                ( - -8.992e+04 10 0 WDBNDRY_E 0 3.057e+02 4.024e+02))
s>            ( QUESTION2_17_L -1 -9.399e+04 6.825e+02 4.157e+02
s>                ( QUESTION0_9_R 1 -4.016e+04 3.234e+02 1.832e+02
s>                    ( - -9.302e+03 1 0)
s>                    ( - -3.054e+04 1 0))
s>                ( - -5.314e+04 20 0 QUESTION12 -1 2.614e+02 2.324e+02))))INFO: dtree.c(1478): Final simple tree
|( QUESTION0_14_R 1 -1.147e+06 7.303e+02 5.106e+03
|    ( WDBNDRY_I 0 -9.941e+05 3.896e+02 4.424e+03
|        ( - -9.432e+05 11 0)
|        ( WDBNDRY_B 0 -5.046e+04 2.272e+02 2.223e+02
|            ( - -4.666e+04 7 0)
|            ( - -3.573e+03 1 0)))
|    ( WDBNDRY_I 0 -1.523e+05 3.314e+02 6.815e+02
|        ( QUESTION0_17_R 1 -1.092e+05 3.217e+02 4.868e+02
|            ( - -2.143e+04 1 0)
|            ( QUESTION0_12_R 1 -8.748e+04 2.734e+02 3.908e+02
|                ( - -5.011e+03 1 0)
|                ( - -8.219e+04 7 0 QUESTION0_11_R 1 1.927e+02 3.688e+02)))
|        ( QUESTION0_10_R 1 -4.269e+04 2.388e+02 1.947e+02
|            ( - -4.283e+02 1 0)
|            ( - -4.202e+04 4 0 WDBNDRY_B 0 2.235e+02 1.917e+02))))
s>    ( QUESTION0_14_R 1 -1.147e+06 7.303e+02 5.106e+03
s>        ( WDBNDRY_I 0 -9.941e+05 3.896e+02 4.424e+03
s>            ( - -9.432e+05 11 0)
s>            ( WDBNDRY_B 0 -5.046e+04 2.272e+02 2.223e+02
s>                ( - -4.666e+04 7 0)
s>                ( - -3.573e+03 1 0)))
s>        ( WDBNDRY_I 0 -1.523e+05 3.314e+02 6.815e+02
s>            ( QUESTION0_17_R 1 -1.092e+05 3.217e+02 4.868e+02
s>                ( - -2.143e+04 1 0)
s>                ( QUESTION0_12_R 1 -8.748e+04 2.734e+02 3.908e+02
s>                    ( - -5.011e+03 1 0)
s>                    ( - -8.219e+04 7 0 QUESTION0_11_R 1 1.927e+02 3.688e+02)))
s>            ( QUESTION0_10_R 1 -4.269e+04 2.388e+02 1.947e+02
s>                ( - -4.283e+02 1 0)
s>                ( - -4.202e+04 4 0 WDBNDRY_B 0 2.235e+02 1.917e+02))))INFO: dtree.c(1315): Comp split 5
INFO: dtree.c(1478): Final simple tree
|( QUESTION0 -1 -1.851e+05 8.446e+02 8.269e+02
|    ( QUESTION0_9_R 1 -4.016e+04 3.234e+02 1.832e+02
|        ( - -9.302e+03 1 0)
|        ( - -3.054e+04 1 0))
|    ( QUESTION2_15_L -1 -1.441e+05 4.615e+02 6.437e+02
|        ( WDBNDRY_E 0 -5.371e+04 3.748e+02 2.413e+02
|            ( - -5.145e+03 1 0)
|            ( QUESTION0_9_R 1 -4.819e+04 3.109e+02 2.163e+02
|                ( - -1.299e+04 1 0)
|                ( - -3.488e+04 1 0)))
|        ( WDBNDRY_E 0 -8.992e+04 3.057e+02 4.024e+02
|            ( - -1.426e+03 1 0)
|            ( QUESTION0_15_R 1 -8.819e+04 2.902e+02 3.945e+02
|                ( - -1.039e+04 1 0)
|                ( - -7.752e+04 8 0 QUESTION0_9_R 1 2.453e+02 3.457e+02)))))
s>    ( QUESTION0 -1 -1.851e+05 8.446e+02 8.269e+02
s>        ( QUESTION0_9_R 1 -4.016e+04 3.234e+02 1.832e+02
s>            ( - -9.302e+03 1 0)
s>            ( - -3.054e+04 1 0))
s>        ( QUESTION2_15_L -1 -1.441e+05 4.615e+02 6.437e+02
s>            ( WDBNDRY_E 0 -5.371e+04 3.748e+02 2.413e+02
s>                ( - -5.145e+03 1 0)
s>                ( QUESTION0_9_R 1 -4.819e+04 3.109e+02 2.163e+02
s>                    ( - -1.299e+04 1 0)
s>                    ( - -3.488e+04 1 0)))
s>            ( WDBNDRY_E 0 -8.992e+04 3.057e+02 4.024e+02
s>                ( - -1.426e+03 1 0)
s>                ( QUESTION0_15_R 1 -8.819e+04 2.902e+02 3.945e+02
s>                    ( - -1.039e+04 1 0)
s>                    ( - -7.752e+04 8 0 QUESTION0_9_R 1 2.453e+02 3.457e+02)))))INFO: dtree.c(1478): Final simple tree
|( SILENCE -1 -1.043e+05 4.537e+02 4.588e+02
|    ( QUESTION0_9_R 1 -5.073e+04 3.376e+02 2.264e+02
|        ( - -3.115e+04 1 0)
|        ( - -1.925e+04 2 0 QUESTION0_14_R 1 1.440e+02 8.660e+01))
|    ( QUESTION12 -1 -5.314e+04 2.614e+02 2.324e+02
|        ( - -1.420e+04 5 0 WDBNDRY_B 0 1.961e+02 6.315e+01)
|        ( QUESTION18 -1 -3.868e+04 2.348e+02 1.693e+02
|            ( - -1.995e+04 3 0)
|            ( QUESTION2_14_L -1 -1.849e+04 2.133e+02 8.177e+01
|                ( QUESTION0_15_R 1 -2.777e+03 2.324e+02 1.358e+01
|                    ( - -1.649e+02 1 0)
|                    ( - -2.380e+03 2 0 QUESTION0_9_R 1 1.239e+02 1.158e+01))
|                ( QUESTION0_15_R 1 -1.550e+04 4.744e+02 6.819e+01
|                    ( - 2.179e+02 1 0)
|                    ( - -1.525e+04 8 0 QUESTION0_9_R 1 1.696e+02 6.719e+01))))))
s>    ( SILENCE -1 -1.043e+05 4.537e+02 4.588e+02
s>        ( QUESTION0_9_R 1 -5.073e+04 3.376e+02 2.264e+02
s>            ( - -3.115e+04 1 0)
s>            ( - -1.925e+04 2 0 QUESTION0_14_R 1 1.440e+02 8.660e+01))
s>        ( QUESTION12 -1 -5.314e+04 2.614e+02 2.324e+02
s>            ( - -1.420e+04 5 0 WDBNDRY_B 0 1.961e+02 6.315e+01)
s>            ( QUESTION18 -1 -3.868e+04 2.348e+02 1.693e+02
s>                ( - -1.995e+04 3 0)
s>                ( QUESTION2_14_L -1 -1.849e+04 2.133e+02 8.177e+01
s>                    ( QUESTION0_15_R 1 -2.777e+03 2.324e+02 1.358e+01
s>                        ( - -1.649e+02 1 0)
s>                        ( - -2.380e+03 2 0 QUESTION0_9_R 1 1.239e+02 1.158e+01))
s>                    ( QUESTION0_15_R 1 -1.550e+04 4.744e+02 6.819e+01
s>                        ( - 2.179e+02 1 0)
s>                        ( - -1.525e+04 8 0 QUESTION0_9_R 1 1.696e+02 6.719e+01))))))INFO: dtree.c(1315): Comp split 6
INFO: dtree.c(1478): Final simple tree
|( QUESTION0_9_R 1 -1.166e+05 4.363e+02 5.137e+02
|    ( WDBNDRY_B 0 -8.578e+04 2.122e+02 3.812e+02
|        ( - -2.728e+03 1 0)
|        ( QUESTION10 -1 -8.284e+04 1.770e+02 3.681e+02
|            ( QUESTION2_6_L -1 -8.081e+04 1.690e+02 3.591e+02
|                ( - -1.001e+03 1 0)
|                ( - -7.964e+04 5 0 QUESTION2_10_L -1 1.193e+02 3.541e+02))
|            ( - -1.853e+03 1 0)))
|    ( QUESTION2_10_L -1 -3.034e+04 2.327e+02 1.324e+02
|        ( - -1.030e+04 4 0)
|        ( QUESTION2_6_L -1 -1.981e+04 1.870e+02 8.740e+01
|            ( WDBNDRY_B 0 -1.310e+04 1.514e+02 5.773e+01
|                ( - -7.908e+03 1 0)
|                ( - -5.038e+03 1 0))
|            ( - -6.523e+03 2 0))))
s>    ( QUESTION0_9_R 1 -1.166e+05 4.363e+02 5.137e+02
s>        ( WDBNDRY_B 0 -8.578e+04 2.122e+02 3.812e+02
s>            ( - -2.728e+03 1 0)
s>            ( QUESTION10 -1 -8.284e+04 1.770e+02 3.681e+02
s>                ( QUESTION2_6_L -1 -8.081e+04 1.690e+02 3.591e+02
s>                    ( - -1.001e+03 1 0)
s>                    ( - -7.964e+04 5 0 QUESTION2_10_L -1 1.193e+02 3.541e+02))
s>                ( - -1.853e+03 1 0)))
s>        ( QUESTION2_10_L -1 -3.034e+04 2.327e+02 1.324e+02
s>            ( - -1.030e+04 4 0)
s>            ( QUESTION2_6_L -1 -1.981e+04 1.870e+02 8.740e+01
s>                ( WDBNDRY_B 0 -1.310e+04 1.514e+02 5.773e+01
s>                    ( - -7.908e+03 1 0)
s>                    ( - -5.038e+03 1 0))
s>                ( - -6.523e+03 2 0))))INFO: dtree.c(1478): Final simple tree
|( QUESTION13 -1 -2.875e+05 9.454e+02 1.248e+03
|    ( - -4.097e+04 2 0 QUESTION0_14_R 1 1.533e+02 1.813e+02)
|    ( QUESTION2 -1 -2.456e+05 7.407e+02 1.067e+03
|        ( QUESTION0_14_R 1 -2.497e+04 2.349e+02 1.102e+02
|            ( - -2.066e+04 2 0)
|            ( - -4.076e+03 1 0))
|        ( QUESTION0_14_R 1 -2.198e+05 5.411e+02 9.566e+02
|            ( QUESTION2_10_L -1 -1.737e+05 4.434e+02 7.589e+02
|                ( - -1.281e+05 11 0 WDBNDRY_B 0 1.146e+02 5.597e+02)
|                ( QUESTION2_6_L -1 -4.519e+04 2.420e+02 1.992e+02
|                    ( - -3.237e+04 4 0)
|                    ( - -1.258e+04 2 0)))
|            ( QUESTION2_6_L -1 -4.560e+04 2.356e+02 1.977e+02
|                ( - -1.285e+04 3 0 WDBNDRY_B 0 1.447e+02 5.662e+01)
|                ( - -3.251e+04 4 0)))))
s>    ( QUESTION13 -1 -2.875e+05 9.454e+02 1.248e+03
s>        ( - -4.097e+04 2 0 QUESTION0_14_R 1 1.533e+02 1.813e+02)
s>        ( QUESTION2 -1 -2.456e+05 7.407e+02 1.067e+03
s>            ( QUESTION0_14_R 1 -2.497e+04 2.349e+02 1.102e+02
s>                ( - -2.066e+04 2 0)
s>                ( - -4.076e+03 1 0))
s>            ( QUESTION0_14_R 1 -2.198e+05 5.411e+02 9.566e+02
s>                ( QUESTION2_10_L -1 -1.737e+05 4.434e+02 7.589e+02
s>                    ( - -1.281e+05 11 0 WDBNDRY_B 0 1.146e+02 5.597e+02)
s>                    ( QUESTION2_6_L -1 -4.519e+04 2.420e+02 1.992e+02
s>                        ( - -3.237e+04 4 0)
s>                        ( - -1.258e+04 2 0)))
s>                ( QUESTION2_6_L -1 -4.560e+04 2.356e+02 1.977e+02
s>                    ( - -1.285e+04 3 0 WDBNDRY_B 0 1.447e+02 5.662e+01)
s>                    ( - -3.251e+04 4 0)))))INFO: dtree.c(1315): Comp split 7
INFO: dtree.c(1439): stop. leaf nodes are specific
INFO: dtree.c(1478): Final simple tree
|( QUESTION0_9_R 1 -9.144e+04 1.825e+02 4.044e+02
|    ( - -1.889e+03 1 0)
|    ( WDBNDRY_E 0 -8.937e+04 1.298e+02 3.954e+02
|        ( - -8.869e+04 3 0)
|        ( - -5.441e+02 1 0)))
s>    ( QUESTION0_9_R 1 -9.144e+04 1.825e+02 4.044e+02
s>        ( - -1.889e+03 1 0)
s>        ( WDBNDRY_E 0 -8.937e+04 1.298e+02 3.954e+02
s>            ( - -8.869e+04 3 0)
s>            ( - -5.441e+02 1 0)))INFO: dtree.c(1478): Final simple tree
|( QUESTION3 -1 -3.038e+05 4.573e+02 1.343e+03
|    ( - 2.188e+02 1 0)
|    ( QUESTION2 -1 -3.036e+05 4.288e+02 1.342e+03
|        ( - -1.995e+04 1 0)
|        ( QUESTION0_9_R 1 -2.832e+05 3.464e+02 1.253e+03
|            ( QUESTION2_10_L -1 -1.931e+05 2.514e+02 8.579e+02
|                ( WDBNDRY_B 0 -1.772e+05 1.824e+02 7.891e+02
|                    ( - -6.297e+02 1 0)
|                    ( - -1.764e+05 5 0))
|                ( - -1.567e+04 2 0))
|            ( QUESTION0_1_R 1 -8.970e+04 3.132e+02 3.954e+02
|                ( - -5.657e+03 1 0)
|                ( QUESTION0_0_R 1 -8.373e+04 2.982e+02 3.710e+02
|                    ( - -3.737e+04 1 0)
|                    ( - -4.606e+04 4 0))))))
s>    ( QUESTION3 -1 -3.038e+05 4.573e+02 1.343e+03
s>        ( - 2.188e+02 1 0)
s>        ( QUESTION2 -1 -3.036e+05 4.288e+02 1.342e+03
s>            ( - -1.995e+04 1 0)
s>            ( QUESTION0_9_R 1 -2.832e+05 3.464e+02 1.253e+03
s>                ( QUESTION2_10_L -1 -1.931e+05 2.514e+02 8.579e+02
s>                    ( WDBNDRY_B 0 -1.772e+05 1.824e+02 7.891e+02
s>                        ( - -6.297e+02 1 0)
s>                        ( - -1.764e+05 5 0))
s>                    ( - -1.567e+04 2 0))
s>                ( QUESTION0_1_R 1 -8.970e+04 3.132e+02 3.954e+02
s>                    ( - -5.657e+03 1 0)
s>                    ( QUESTION0_0_R 1 -8.373e+04 2.982e+02 3.710e+02
s>                        ( - -3.737e+04 1 0)
s>                        ( - -4.606e+04 4 0))))))INFO: dtree.c(1315): Comp split 8
INFO: dtree.c(1478): Final simple tree
|( QUESTION0_14_R 1 -2.241e+05 5.681e+02 9.747e+02
|    ( QUESTION2_10_L -1 -1.737e+05 4.434e+02 7.589e+02
|        ( - -1.281e+05 11 0 WDBNDRY_B 0 1.146e+02 5.597e+02)
|        ( QUESTION2_6_L -1 -4.519e+04 2.420e+02 1.992e+02
|            ( - -3.237e+04 4 0)
|            ( - -1.258e+04 2 0)))
|    ( QUESTION2_6_L -1 -4.985e+04 2.519e+02 2.158e+02
|        ( WDBNDRY_B 0 -1.285e+04 1.447e+02 5.662e+01
|            ( QUESTION10 -1 -9.761e+03 1.420e+02 4.264e+01
|                ( - -1.787e+03 1 0)
|                ( - -7.832e+03 1 0))
|            ( - -2.948e+03 1 0))
|        ( QUESTION2 -1 -3.675e+04 1.664e+02 1.592e+02
|            ( - -4.076e+03 1 0)
|            ( - -3.251e+04 4 0))))
s>    ( QUESTION0_14_R 1 -2.241e+05 5.681e+02 9.747e+02
s>        ( QUESTION2_10_L -1 -1.737e+05 4.434e+02 7.589e+02
s>            ( - -1.281e+05 11 0 WDBNDRY_B 0 1.146e+02 5.597e+02)
s>            ( QUESTION2_6_L -1 -4.519e+04 2.420e+02 1.992e+02
s>                ( - -3.237e+04 4 0)
s>                ( - -1.258e+04 2 0)))
s>        ( QUESTION2_6_L -1 -4.985e+04 2.519e+02 2.158e+02
s>            ( WDBNDRY_B 0 -1.285e+04 1.447e+02 5.662e+01
s>                ( QUESTION10 -1 -9.761e+03 1.420e+02 4.264e+01
s>                    ( - -1.787e+03 1 0)
s>                    ( - -7.832e+03 1 0))
s>                ( - -2.948e+03 1 0))
s>            ( QUESTION2 -1 -3.675e+04 1.664e+02 1.592e+02
s>                ( - -4.076e+03 1 0)
s>                ( - -3.251e+04 4 0))))INFO: dtree.c(1439): stop. leaf nodes are specific
INFO: dtree.c(1478): Final simple tree
|( QUESTION2 -1 -6.238e+04 7.533e+02 2.735e+02
|    ( - -2.066e+04 2 0)
|    ( QUESTION0_14_R 1 -4.097e+04 1.533e+02 1.813e+02
|        ( - -3.932e+04 1 0)
|        ( - -1.500e+03 1 0)))
s>    ( QUESTION2 -1 -6.238e+04 7.533e+02 2.735e+02
s>        ( - -2.066e+04 2 0)
s>        ( QUESTION0_14_R 1 -4.097e+04 1.533e+02 1.813e+02
s>            ( - -3.932e+04 1 0)
s>            ( - -1.500e+03 1 0)))INFO: dtree.c(1315): Comp split 9
INFO: dtree.c(1439): stop. leaf nodes are specific
INFO: dtree.c(1478): Final simple tree
|( QUESTION0_13_R 1 -8.407e+04 3.677e+02 3.697e+02
|    ( QUESTION2_0_L -1 -4.928e+04 1.539e+02 2.180e+02
|        ( WDBNDRY_B 0 -4.350e+04 8.125e+01 1.928e+02
|            ( - -5.911e+03 1 0)
|            ( - -3.751e+04 2 0))
|        ( QUESTION0 -1 -5.624e+03 1.605e+02 2.517e+01
|            ( - -2.183e+03 2 0)
|            ( - -3.281e+03 1 0)))
|    ( WDBNDRY_E 0 -3.443e+04 3.321e+02 1.517e+02
|        ( - -7.022e+03 1 0)
|        ( QUESTION0 -1 -2.707e+04 2.205e+02 1.198e+02
|            ( - -4.861e+03 1 0)
|            ( - -2.199e+04 1 0))))
s>    ( QUESTION0_13_R 1 -8.407e+04 3.677e+02 3.697e+02
s>        ( QUESTION2_0_L -1 -4.928e+04 1.539e+02 2.180e+02
s>            ( WDBNDRY_B 0 -4.350e+04 8.125e+01 1.928e+02
s>                ( - -5.911e+03 1 0)
s>                ( - -3.751e+04 2 0))
s>            ( QUESTION0 -1 -5.624e+03 1.605e+02 2.517e+01
s>                ( - -2.183e+03 2 0)
s>                ( - -3.281e+03 1 0)))
s>        ( WDBNDRY_E 0 -3.443e+04 3.321e+02 1.517e+02
s>            ( - -7.022e+03 1 0)
s>            ( QUESTION0 -1 -2.707e+04 2.205e+02 1.198e+02
s>                ( - -4.861e+03 1 0)
s>                ( - -2.199e+04 1 0))))INFO: dtree.c(1478): Final simple tree
|( QUESTION0_4_R 1 -2.454e+05 4.938e+02 1.078e+03
|    ( - -1.919e+04 2 0)
|    ( QUESTION0_9_R 1 -2.257e+05 4.305e+02 9.917e+02
|        ( QUESTION12 -1 -1.387e+05 3.662e+02 6.083e+02
|            ( - -6.511e+03 2 0 WDBNDRY_B 0 2.029e+02 2.861e+01)
|            ( QUESTION14 -1 -1.318e+05 2.641e+02 5.797e+02
|                ( - -1.044e+04 2 0 WDBNDRY_B 0 1.968e+02 4.783e+01)
|                ( QUESTION0 -1 -1.211e+05 2.505e+02 5.319e+02
|                    ( - -1.178e+05 11 0 QUESTION2_0_L -1 2.311e+02 5.180e+02)
|                    ( - -3.050e+03 1 0))))
|        ( QUESTION11 1 -8.655e+04 4.180e+02 3.833e+02
|            ( QUESTION0 -1 -5.435e+03 2.978e+02 2.685e+01
|                ( - -4.529e+03 1 0)
|                ( - -6.089e+02 1 0))
|            ( - -8.069e+04 13 0 QUESTION0_2_R 1 2.482e+02 3.565e+02))))
s>    ( QUESTION0_4_R 1 -2.454e+05 4.938e+02 1.078e+03
s>        ( - -1.919e+04 2 0)
s>        ( QUESTION0_9_R 1 -2.257e+05 4.305e+02 9.917e+02
s>            ( QUESTION12 -1 -1.387e+05 3.662e+02 6.083e+02
s>                ( - -6.511e+03 2 0 WDBNDRY_B 0 2.029e+02 2.861e+01)
s>                ( QUESTION14 -1 -1.318e+05 2.641e+02 5.797e+02
s>                    ( - -1.044e+04 2 0 WDBNDRY_B 0 1.968e+02 4.783e+01)
s>                    ( QUESTION0 -1 -1.211e+05 2.505e+02 5.319e+02
s>                        ( - -1.178e+05 11 0 QUESTION2_0_L -1 2.311e+02 5.180e+02)
s>                        ( - -3.050e+03 1 0))))
s>            ( QUESTION11 1 -8.655e+04 4.180e+02 3.833e+02
s>                ( QUESTION0 -1 -5.435e+03 2.978e+02 2.685e+01
s>                    ( - -4.529e+03 1 0)
s>                    ( - -6.089e+02 1 0))
s>                ( - -8.069e+04 13 0 QUESTION0_2_R 1 2.482e+02 3.565e+02))))INFO: dtree.c(1315): Comp split 10
INFO: dtree.c(1478): Final simple tree
|( QUESTION0_4_R 1 -3.784e+05 6.286e+02 1.666e+03
|    ( QUESTION7 1 -6.906e+04 3.469e+02 3.106e+02
|        ( - -1.358e+03 1 0)
|        ( QUESTION2_0_L -1 -6.735e+04 1.740e+02 3.025e+02
|            ( QUESTION0_5_R 1 -6.439e+04 1.460e+02 2.895e+02
|                ( - -6.098e+04 2 0)
|                ( - -3.264e+03 3 0))
|            ( WDBNDRY_B 0 -2.784e+03 1.514e+02 1.300e+01
|                ( - -1.375e+03 1 0)
|                ( - -1.257e+03 1 0))))
|    ( QUESTION0_1_R 1 -3.087e+05 2.993e+02 1.355e+03
|        ( - -4.378e+04 8 0)
|        ( QUESTION2 1 -2.646e+05 2.481e+02 1.160e+03
|            ( - -2.860e+03 1 0)
|            ( - -2.615e+05 11 0))))
s>    ( QUESTION0_4_R 1 -3.784e+05 6.286e+02 1.666e+03
s>        ( QUESTION7 1 -6.906e+04 3.469e+02 3.106e+02
s>            ( - -1.358e+03 1 0)
s>            ( QUESTION2_0_L -1 -6.735e+04 1.740e+02 3.025e+02
s>                ( QUESTION0_5_R 1 -6.439e+04 1.460e+02 2.895e+02
s>                    ( - -6.098e+04 2 0)
s>                    ( - -3.264e+03 3 0))
s>                ( WDBNDRY_B 0 -2.784e+03 1.514e+02 1.300e+01
s>                    ( - -1.375e+03 1 0)
s>                    ( - -1.257e+03 1 0))))
s>        ( QUESTION0_1_R 1 -3.087e+05 2.993e+02 1.355e+03
s>            ( - -4.378e+04 8 0)
s>            ( QUESTION2 1 -2.646e+05 2.481e+02 1.160e+03
s>                ( - -2.860e+03 1 0)
s>                ( - -2.615e+05 11 0))))INFO: dtree.c(1478): Final simple tree
|( QUESTION0_4_R 1 -1.349e+05 6.133e+02 5.928e+02
|    ( QUESTION0 -1 -8.301e+03 3.560e+02 3.908e+01
|        ( - -4.850e+03 1 0)
|        ( - -3.095e+03 1 0))
|    ( QUESTION0 -1 -1.260e+05 4.463e+02 5.537e+02
|        ( QUESTION10 1 -1.110e+05 3.968e+02 4.890e+02
|            ( QUESTION0_1_R 1 -1.719e+04 2.768e+02 7.848e+01
|                ( - -8.469e+03 2 0)
|                ( - -8.446e+03 1 0))
|            ( QUESTION2_13_L -1 -9.341e+04 2.872e+02 4.105e+02
|                ( - -3.358e+03 1 0)
|                ( - -8.976e+04 9 0 WDBNDRY_E 0 2.041e+02 3.955e+02)))
|        ( QUESTION0_1_R 1 -1.453e+04 2.452e+02 6.471e+01
|            ( - -1.180e+04 2 0 WDBNDRY_E 0 1.979e+02 5.271e+01)
|            ( - -2.484e+03 1 0))))
s>    ( QUESTION0_4_R 1 -1.349e+05 6.133e+02 5.928e+02
s>        ( QUESTION0 -1 -8.301e+03 3.560e+02 3.908e+01
s>            ( - -4.850e+03 1 0)
s>            ( - -3.095e+03 1 0))
s>        ( QUESTION0 -1 -1.260e+05 4.463e+02 5.537e+02
s>            ( QUESTION10 1 -1.110e+05 3.968e+02 4.890e+02
s>                ( QUESTION0_1_R 1 -1.719e+04 2.768e+02 7.848e+01
s>                    ( - -8.469e+03 2 0)
s>                    ( - -8.446e+03 1 0))
s>                ( QUESTION2_13_L -1 -9.341e+04 2.872e+02 4.105e+02
s>                    ( - -3.358e+03 1 0)
s>                    ( - -8.976e+04 9 0 WDBNDRY_E 0 2.041e+02 3.955e+02)))
s>            ( QUESTION0_1_R 1 -1.453e+04 2.452e+02 6.471e+01
s>                ( - -1.180e+04 2 0 WDBNDRY_E 0 1.979e+02 5.271e+01)
s>                ( - -2.484e+03 1 0))))INFO: dtree.c(1315): Comp split 11
INFO: dtree.c(1478): Final simple tree
|( QUESTION2_15_L -1 -1.386e+05 4.746e+02 6.187e+02
|    ( QUESTION0_9_R 1 -4.819e+04 3.109e+02 2.163e+02
|        ( - -1.299e+04 1 0)
|        ( - -3.488e+04 1 0))
|    ( WDBNDRY_E 0 -8.992e+04 3.057e+02 4.024e+02
|        ( - -1.426e+03 1 0)
|        ( QUESTION0_15_R 1 -8.819e+04 2.902e+02 3.945e+02
|            ( - -1.039e+04 1 0)
|            ( QUESTION0_9_R 1 -7.752e+04 2.453e+02 3.457e+02
|                ( WDBNDRY_B 0 -2.043e+04 3.193e+02 9.178e+01
|                    ( - -1.087e+04 1 0)
|                    ( - -9.236e+03 1 0))
|                ( WDBNDRY_B 0 -5.684e+04 1.553e+02 2.539e+02
|                    ( - -5.242e+04 4 0)
|                    ( - -4.269e+03 2 0))))))
s>    ( QUESTION2_15_L -1 -1.386e+05 4.746e+02 6.187e+02
s>        ( QUESTION0_9_R 1 -4.819e+04 3.109e+02 2.163e+02
s>            ( - -1.299e+04 1 0)
s>            ( - -3.488e+04 1 0))
s>        ( WDBNDRY_E 0 -8.992e+04 3.057e+02 4.024e+02
s>            ( - -1.426e+03 1 0)
s>            ( QUESTION0_15_R 1 -8.819e+04 2.902e+02 3.945e+02
s>                ( - -1.039e+04 1 0)
s>                ( QUESTION0_9_R 1 -7.752e+04 2.453e+02 3.457e+02
s>                    ( WDBNDRY_B 0 -2.043e+04 3.193e+02 9.178e+01
s>                        ( - -1.087e+04 1 0)
s>                        ( - -9.236e+03 1 0))
s>                    ( WDBNDRY_B 0 -5.684e+04 1.553e+02 2.539e+02
s>                        ( - -5.242e+04 4 0)
s>                        ( - -4.269e+03 2 0))))))INFO: dtree.c(1439): stop. leaf nodes are specific
INFO: dtree.c(1478): Final simple tree
|( QUESTION0_9_R 1 -4.567e+04 4.350e+02 2.082e+02
|    ( WDBNDRY_E 0 -1.469e+04 2.454e+02 6.789e+01
|        ( - -5.145e+03 1 0)
|        ( - -9.302e+03 1 0))
|    ( - -3.054e+04 1 0))
s>    ( QUESTION0_9_R 1 -4.567e+04 4.350e+02 2.082e+02
s>        ( WDBNDRY_E 0 -1.469e+04 2.454e+02 6.789e+01
s>            ( - -5.145e+03 1 0)
s>            ( - -9.302e+03 1 0))
s>        ( - -3.054e+04 1 0))INFO: dtree.c(1315): Comp split 12
INFO: dtree.c(1439): stop. leaf nodes are specific
INFO: dtree.c(1478): Final simple tree
|( WDBNDRY_I 0 -1.000e+06 3.856e+02 4.449e+03
|    ( QUESTION0_9_R 1 -9.485e+05 2.509e+02 4.224e+03
|        ( - -5.011e+03 1 0)
|        ( - -9.432e+05 11 0))
|    ( QUESTION0_9_R 1 -5.111e+04 2.230e+02 2.253e+02
|        ( - -4.283e+02 1 0)
|        ( WDBNDRY_B 0 -5.046e+04 2.272e+02 2.223e+02
|            ( - -4.666e+04 7 0)
|            ( - -3.573e+03 1 0))))
s>    ( WDBNDRY_I 0 -1.000e+06 3.856e+02 4.449e+03
s>        ( QUESTION0_9_R 1 -9.485e+05 2.509e+02 4.224e+03
s>            ( - -5.011e+03 1 0)
s>            ( - -9.432e+05 11 0))
s>        ( QUESTION0_9_R 1 -5.111e+04 2.230e+02 2.253e+02
s>            ( - -4.283e+02 1 0)
s>            ( WDBNDRY_B 0 -5.046e+04 2.272e+02 2.223e+02
s>                ( - -4.666e+04 7 0)
s>                ( - -3.573e+03 1 0))))INFO: dtree.c(1439): stop. leaf nodes are specific
INFO: dtree.c(1478): Final simple tree
|( WDBNDRY_I 0 -1.463e+05 3.227e+02 6.564e+02
|    ( QUESTION0_9_R 1 -1.039e+05 3.313e+02 4.648e+02
|        ( QUESTION0_10_R 1 -7.971e+04 1.609e+02 3.582e+02
|            ( - -7.785e+02 1 0)
|            ( - -7.877e+04 5 0))
|        ( QUESTION0_16_R 1 -2.391e+04 1.829e+02 1.066e+02
|            ( - -2.297e+03 1 0)
|            ( - -2.143e+04 1 0)))
|    ( WDBNDRY_B 0 -4.202e+04 2.235e+02 1.917e+02
|        ( QUESTION0_9_R 1 -4.096e+04 1.714e+02 1.867e+02
|            ( - -3.829e+04 2 0)
|            ( - -2.494e+03 1 0))
|        ( - -8.403e+02 1 0)))
s>    ( WDBNDRY_I 0 -1.463e+05 3.227e+02 6.564e+02
s>        ( QUESTION0_9_R 1 -1.039e+05 3.313e+02 4.648e+02
s>            ( QUESTION0_10_R 1 -7.971e+04 1.609e+02 3.582e+02
s>                ( - -7.785e+02 1 0)
s>                ( - -7.877e+04 5 0))
s>            ( QUESTION0_16_R 1 -2.391e+04 1.829e+02 1.066e+02
s>                ( - -2.297e+03 1 0)
s>                ( - -2.143e+04 1 0)))
s>        ( WDBNDRY_B 0 -4.202e+04 2.235e+02 1.917e+02
s>            ( QUESTION0_9_R 1 -4.096e+04 1.714e+02 1.867e+02
s>                ( - -3.829e+04 2 0)
s>                ( - -2.494e+03 1 0))
s>            ( - -8.403e+02 1 0)))INFO: dtree.c(1315): Comp split 13
INFO: dtree.c(1439): stop. leaf nodes are specific
INFO: dtree.c(1478): Final simple tree
|( QUESTION0_14_R 1 -4.097e+04 1.533e+02 1.813e+02
|    ( - -3.932e+04 1 0)
|    ( - -1.500e+03 1 0))
s>    ( QUESTION0_14_R 1 -4.097e+04 1.533e+02 1.813e+02
s>        ( - -3.932e+04 1 0)
s>        ( - -1.500e+03 1 0))INFO: dtree.c(1315): Comp split 14
INFO: dtree.c(1439): stop. leaf nodes are specific
INFO: dtree.c(1478): Final simple tree
|( QUESTION0 -1 -1.703e+04 3.819e+02 7.905e+01
|    ( QUESTION0_3_R 1 -1.356e+04 2.611e+02 6.303e+01
|        ( - -8.446e+03 1 0)
|        ( - -4.850e+03 1 0))
|    ( - -3.095e+03 1 0))
s>    ( QUESTION0 -1 -1.703e+04 3.819e+02 7.905e+01
s>        ( QUESTION0_3_R 1 -1.356e+04 2.611e+02 6.303e+01
s>            ( - -8.446e+03 1 0)
s>            ( - -4.850e+03 1 0))
s>        ( - -3.095e+03 1 0))INFO: dtree.c(1439): stop. leaf nodes are specific
INFO: dtree.c(1478): Final simple tree
|( QUESTION0 -1 -1.171e+05 4.373e+02 5.137e+02
|    ( WDBNDRY_E 0 -1.022e+05 2.829e+02 4.490e+02
|        ( QUESTION10 1 -2.701e+04 2.412e+02 1.198e+02
|            ( - -8.469e+03 2 0)
|            ( QUESTION2_13_L -1 -1.830e+04 2.440e+02 8.127e+01
|                ( - -3.358e+03 1 0)
|                ( - -1.469e+04 3 0)))
|        ( - -7.486e+04 6 0))
|    ( QUESTION0_1_R 1 -1.453e+04 2.452e+02 6.471e+01
|        ( WDBNDRY_E 0 -1.180e+04 1.979e+02 5.271e+01
|            ( - -2.946e+02 1 0)
|            ( - -1.131e+04 1 0))
|        ( - -2.484e+03 1 0)))
s>    ( QUESTION0 -1 -1.171e+05 4.373e+02 5.137e+02
s>        ( WDBNDRY_E 0 -1.022e+05 2.829e+02 4.490e+02
s>            ( QUESTION10 1 -2.701e+04 2.412e+02 1.198e+02
s>                ( - -8.469e+03 2 0)
s>                ( QUESTION2_13_L -1 -1.830e+04 2.440e+02 8.127e+01
s>                    ( - -3.358e+03 1 0)
s>                    ( - -1.469e+04 3 0)))
s>            ( - -7.486e+04 6 0))
s>        ( QUESTION0_1_R 1 -1.453e+04 2.452e+02 6.471e+01
s>            ( WDBNDRY_E 0 -1.180e+04 1.979e+02 5.271e+01
s>                ( - -2.946e+02 1 0)
s>                ( - -1.131e+04 1 0))
s>            ( - -2.484e+03 1 0)))INFO: dtree.c(1315): Comp split 15
INFO: dtree.c(1439): stop. leaf nodes are specific
INFO: dtree.c(1478): Final simple tree
|( QUESTION0_1_R 1 -3.116e+05 3.007e+02 1.368e+03
|    ( - -4.378e+04 8 0)
|    ( QUESTION2 1 -2.675e+05 1.832e+02 1.173e+03
|        ( QUESTION0_3_R 1 -5.859e+03 2.148e+02 2.631e+01
|            ( - -2.860e+03 1 0)
|            ( WDBNDRY_B 0 -2.784e+03 1.514e+02 1.300e+01
|                ( - -1.375e+03 1 0)
|                ( - -1.257e+03 1 0)))
|        ( - -2.615e+05 11 0)))
s>    ( QUESTION0_1_R 1 -3.116e+05 3.007e+02 1.368e+03
s>        ( - -4.378e+04 8 0)
s>        ( QUESTION2 1 -2.675e+05 1.832e+02 1.173e+03
s>            ( QUESTION0_3_R 1 -5.859e+03 2.148e+02 2.631e+01
s>                ( - -2.860e+03 1 0)
s>                ( WDBNDRY_B 0 -2.784e+03 1.514e+02 1.300e+01
s>                    ( - -1.375e+03 1 0)
s>                    ( - -1.257e+03 1 0)))
s>            ( - -2.615e+05 11 0)))INFO: dtree.c(1439): stop. leaf nodes are specific
INFO: dtree.c(1478): Final simple tree
|( QUESTION0_7_R 1 -6.610e+04 3.453e+02 2.976e+02
|    ( - -1.358e+03 1 0)
|    ( QUESTION0_5_R 1 -6.439e+04 1.460e+02 2.895e+02
|        ( - -6.098e+04 2 0)
|        ( - -3.264e+03 3 0)))
s>    ( QUESTION0_7_R 1 -6.610e+04 3.453e+02 2.976e+02
s>        ( - -1.358e+03 1 0)
s>        ( QUESTION0_5_R 1 -6.439e+04 1.460e+02 2.895e+02
s>            ( - -6.098e+04 2 0)
s>            ( - -3.264e+03 3 0)))INFO: dtree.c(1315): Comp split 16
INFO: dtree.c(1439): stop. leaf nodes are specific
INFO: dtree.c(1478): Final simple tree
|( QUESTION0_0_R 1 -2.411e+04 3.961e+02 1.101e+02
|    ( - -1.919e+04 2 0)
|    ( - -4.529e+03 1 0))
s>    ( QUESTION0_0_R 1 -2.411e+04 3.961e+02 1.101e+02
s>        ( - -1.919e+04 2 0)
s>        ( - -4.529e+03 1 0))INFO: dtree.c(1478): Final simple tree
|( QUESTION11 1 -2.207e+05 4.187e+02 9.678e+02
|    ( QUESTION12 -1 -1.395e+05 3.596e+02 6.113e+02
|        ( - -6.511e+03 2 0 WDBNDRY_B 0 2.029e+02 2.861e+01)
|        ( QUESTION15 -1 -1.327e+05 2.510e+02 5.827e+02
|            ( - -3.050e+03 1 0)
|            ( QUESTION0 -1 -1.294e+05 2.406e+02 5.688e+02
|                ( QUESTION2_0_L -1 -1.178e+05 2.311e+02 5.180e+02
|                    ( - -1.119e+05 10 0 WDBNDRY_B 0 1.287e+02 4.930e+02)
|                    ( - -5.674e+03 1 0))
|                ( WDBNDRY_E 0 -1.130e+04 2.487e+02 5.083e+01
|                    ( - -6.089e+02 1 0)
|                    ( - -1.044e+04 2 0 WDBNDRY_B 0 1.968e+02 4.783e+01)))))
|    ( QUESTION0_2_R 1 -8.069e+04 2.482e+02 3.565e+02
|        ( - -3.066e+04 6 0)
|        ( - -4.979e+04 7 0 WDBNDRY_E 0 2.219e+02 2.207e+02)))
s>    ( QUESTION11 1 -2.207e+05 4.187e+02 9.678e+02
s>        ( QUESTION12 -1 -1.395e+05 3.596e+02 6.113e+02
s>            ( - -6.511e+03 2 0 WDBNDRY_B 0 2.029e+02 2.861e+01)
s>            ( QUESTION15 -1 -1.327e+05 2.510e+02 5.827e+02
s>                ( - -3.050e+03 1 0)
s>                ( QUESTION0 -1 -1.294e+05 2.406e+02 5.688e+02
s>                    ( QUESTION2_0_L -1 -1.178e+05 2.311e+02 5.180e+02
s>                        ( - -1.119e+05 10 0 WDBNDRY_B 0 1.287e+02 4.930e+02)
s>                        ( - -5.674e+03 1 0))
s>                    ( WDBNDRY_E 0 -1.130e+04 2.487e+02 5.083e+01
s>                        ( - -6.089e+02 1 0)
s>                        ( - -1.044e+04 2 0 WDBNDRY_B 0 1.968e+02 4.783e+01)))))
s>        ( QUESTION0_2_R 1 -8.069e+04 2.482e+02 3.565e+02
s>            ( - -3.066e+04 6 0)
s>            ( - -4.979e+04 7 0 WDBNDRY_E 0 2.219e+02 2.207e+02)))INFO: dtree.c(1315): Comp split 17
INFO: dtree.c(1439): stop. leaf nodes are specific
INFO: dtree.c(1478): Final simple tree
|( WDBNDRY_E 0 -1.031e+05 3.032e+02 4.628e+02
|    ( - -1.426e+03 1 0)
|    ( QUESTION0_15_R 1 -1.014e+05 2.770e+02 4.549e+02
|        ( - -1.039e+04 1 0)
|        ( QUESTION0_9_R 1 -9.071e+04 2.060e+02 4.061e+02
|            ( QUESTION2_0_L -1 -3.366e+04 2.352e+02 1.522e+02
|                ( - -1.299e+04 1 0)
|                ( WDBNDRY_B 0 -2.043e+04 3.193e+02 9.178e+01
|                    ( - -1.087e+04 1 0)
|                    ( - -9.236e+03 1 0)))
|            ( WDBNDRY_B 0 -5.684e+04 1.553e+02 2.539e+02
|                ( - -5.242e+04 4 0)
|                ( - -4.269e+03 2 0)))))
s>    ( WDBNDRY_E 0 -1.031e+05 3.032e+02 4.628e+02
s>        ( - -1.426e+03 1 0)
s>        ( QUESTION0_15_R 1 -1.014e+05 2.770e+02 4.549e+02
s>            ( - -1.039e+04 1 0)
s>            ( QUESTION0_9_R 1 -9.071e+04 2.060e+02 4.061e+02
s>                ( QUESTION2_0_L -1 -3.366e+04 2.352e+02 1.522e+02
s>                    ( - -1.299e+04 1 0)
s>                    ( WDBNDRY_B 0 -2.043e+04 3.193e+02 9.178e+01
s>                        ( - -1.087e+04 1 0)
s>                        ( - -9.236e+03 1 0)))
s>                ( WDBNDRY_B 0 -5.684e+04 1.553e+02 2.539e+02
s>                    ( - -5.242e+04 4 0)
s>                    ( - -4.269e+03 2 0)))))INFO: dtree.c(1315): Comp split 18
INFO: dtree.c(1439): stop. leaf nodes are specific
INFO: dtree.c(1478): Final simple tree
|( QUESTION2_6_L -1 -4.985e+04 2.519e+02 2.158e+02
|    ( WDBNDRY_B 0 -1.285e+04 1.447e+02 5.662e+01
|        ( QUESTION10 -1 -9.761e+03 1.420e+02 4.264e+01
|            ( - -1.787e+03 1 0)
|            ( - -7.832e+03 1 0))
|        ( - -2.948e+03 1 0))
|    ( QUESTION2 -1 -3.675e+04 1.664e+02 1.592e+02
|        ( - -4.076e+03 1 0)
|        ( - -3.251e+04 4 0)))
s>    ( QUESTION2_6_L -1 -4.985e+04 2.519e+02 2.158e+02
s>        ( WDBNDRY_B 0 -1.285e+04 1.447e+02 5.662e+01
s>            ( QUESTION10 -1 -9.761e+03 1.420e+02 4.264e+01
s>                ( - -1.787e+03 1 0)
s>                ( - -7.832e+03 1 0))
s>            ( - -2.948e+03 1 0))
s>        ( QUESTION2 -1 -3.675e+04 1.664e+02 1.592e+02
s>            ( - -4.076e+03 1 0)
s>            ( - -3.251e+04 4 0)))INFO: dtree.c(1439): stop. leaf nodes are specific
INFO: dtree.c(1478): Final simple tree
|( QUESTION2_10_L -1 -1.737e+05 4.434e+02 7.589e+02
|    ( WDBNDRY_B 0 -1.281e+05 1.146e+02 5.597e+02
|        ( - -2.322e+03 2 0)
|        ( - -1.256e+05 9 0))
|    ( QUESTION2_6_L -1 -4.519e+04 2.420e+02 1.992e+02
|        ( - -3.237e+04 4 0)
|        ( - -1.258e+04 2 0)))
s>    ( QUESTION2_10_L -1 -1.737e+05 4.434e+02 7.589e+02
s>        ( WDBNDRY_B 0 -1.281e+05 1.146e+02 5.597e+02
s>            ( - -2.322e+03 2 0)
s>            ( - -1.256e+05 9 0))
s>        ( QUESTION2_6_L -1 -4.519e+04 2.420e+02 1.992e+02
s>            ( - -3.237e+04 4 0)
s>            ( - -1.258e+04 2 0)))INFO: dtree.c(1315): Comp split 19
INFO: dtree.c(1439): stop. leaf nodes are specific
INFO: dtree.c(1478): Final simple tree
|( WDBNDRY_E 0 -1.053e+05 2.853e+02 4.630e+02
|    ( QUESTION10 1 -2.747e+04 2.412e+02 1.218e+02
|        ( - -8.469e+03 2 0)
|        ( QUESTION2_18_L -1 -1.876e+04 2.450e+02 8.327e+01
|            ( - -3.358e+03 1 0)
|            ( QUESTION0 -1 -1.516e+04 1.678e+02 6.829e+01
|                ( - -1.469e+04 3 0)
|                ( - -2.946e+02 1 0))))
|    ( QUESTION0_1_R 1 -7.756e+04 2.147e+02 3.412e+02
|        ( - -7.486e+04 6 0)
|        ( - -2.484e+03 1 0)))
s>    ( WDBNDRY_E 0 -1.053e+05 2.853e+02 4.630e+02
s>        ( QUESTION10 1 -2.747e+04 2.412e+02 1.218e+02
s>            ( - -8.469e+03 2 0)
s>            ( QUESTION2_18_L -1 -1.876e+04 2.450e+02 8.327e+01
s>                ( - -3.358e+03 1 0)
s>                ( QUESTION0 -1 -1.516e+04 1.678e+02 6.829e+01
s>                    ( - -1.469e+04 3 0)
s>                    ( - -2.946e+02 1 0))))
s>        ( QUESTION0_1_R 1 -7.756e+04 2.147e+02 3.412e+02
s>            ( - -7.486e+04 6 0)
s>            ( - -2.484e+03 1 0)))INFO: dtree.c(1315): Comp split 20
INFO: dtree.c(1439): stop. leaf nodes are specific
INFO: dtree.c(1478): Final simple tree
|( QUESTION2_10_L -1 -7.964e+04 1.193e+02 3.541e+02
|    ( - -7.776e+04 4 0)
|    ( - -1.763e+03 1 0))
s>    ( QUESTION2_10_L -1 -7.964e+04 1.193e+02 3.541e+02
s>        ( - -7.776e+04 4 0)
s>        ( - -1.763e+03 1 0))INFO: dtree.c(1439): stop. leaf nodes are specific
INFO: dtree.c(1478): Final simple tree
|( WDBNDRY_B 0 -3.643e+04 2.367e+02 1.596e+02
|    ( QUESTION2_6_L -1 -1.750e+04 1.625e+02 7.828e+01
|        ( QUESTION0_9_R 1 -1.082e+04 1.805e+02 4.861e+01
|            ( - -2.728e+03 1 0)
|            ( - -7.908e+03 1 0))
|        ( - -6.523e+03 2 0))
|    ( QUESTION2_6_L -1 -1.869e+04 1.652e+02 8.131e+01
|        ( QUESTION0_9_R 1 -6.214e+03 1.751e+02 2.729e+01
|            ( - -1.001e+03 1 0)
|            ( - -5.038e+03 1 0))
|        ( QUESTION0_9_R 1 -1.232e+04 1.597e+02 5.402e+01
|            ( - -1.853e+03 1 0)
|            ( - -1.030e+04 4 0))))
s>    ( WDBNDRY_B 0 -3.643e+04 2.367e+02 1.596e+02
s>        ( QUESTION2_6_L -1 -1.750e+04 1.625e+02 7.828e+01
s>            ( QUESTION0_9_R 1 -1.082e+04 1.805e+02 4.861e+01
s>                ( - -2.728e+03 1 0)
s>                ( - -7.908e+03 1 0))
s>            ( - -6.523e+03 2 0))
s>        ( QUESTION2_6_L -1 -1.869e+04 1.652e+02 8.131e+01
s>            ( QUESTION0_9_R 1 -6.214e+03 1.751e+02 2.729e+01
s>                ( - -1.001e+03 1 0)
s>                ( - -5.038e+03 1 0))
s>            ( QUESTION0_9_R 1 -1.232e+04 1.597e+02 5.402e+01
s>                ( - -1.853e+03 1 0)
s>                ( - -1.030e+04 4 0))))INFO: dtree.c(1315): Comp split 21
INFO: dtree.c(1478): Final simple tree
|( SILENCE -1 -1.041e+05 4.565e+02 4.578e+02
|    ( QUESTION0_9_R 1 -5.073e+04 3.376e+02 2.264e+02
|        ( - -3.115e+04 1 0)
|        ( - -1.925e+04 2 0 QUESTION0_14_R 1 1.440e+02 8.660e+01))
|    ( QUESTION12 -1 -5.289e+04 2.648e+02 2.314e+02
|        ( WDBNDRY_B 0 -1.420e+04 1.961e+02 6.315e+01
|            ( - -1.261e+04 4 0 QUESTION0_14_R 1 1.197e+02 5.615e+01)
|            ( - -1.391e+03 1 0))
|        ( QUESTION0_15_R 1 -3.842e+04 2.653e+02 1.683e+02
|            ( - -1.649e+02 1 0)
|            ( QUESTION18 -1 -3.799e+04 2.268e+02 1.663e+02
|                ( - -1.995e+04 3 0)
|                ( QUESTION2_14_L -1 -1.782e+04 1.889e+02 7.877e+01
|                    ( - -2.380e+03 2 0 QUESTION0_9_R 1 1.239e+02 1.158e+01)
|                    ( - -1.525e+04 8 0 QUESTION0_9_R 1 1.696e+02 6.719e+01))))))
s>    ( SILENCE -1 -1.041e+05 4.565e+02 4.578e+02
s>        ( QUESTION0_9_R 1 -5.073e+04 3.376e+02 2.264e+02
s>            ( - -3.115e+04 1 0)
s>            ( - -1.925e+04 2 0 QUESTION0_14_R 1 1.440e+02 8.660e+01))
s>        ( QUESTION12 -1 -5.289e+04 2.648e+02 2.314e+02
s>            ( WDBNDRY_B 0 -1.420e+04 1.961e+02 6.315e+01
s>                ( - -1.261e+04 4 0 QUESTION0_14_R 1 1.197e+02 5.615e+01)
s>                ( - -1.391e+03 1 0))
s>            ( QUESTION0_15_R 1 -3.842e+04 2.653e+02 1.683e+02
s>                ( - -1.649e+02 1 0)
s>                ( QUESTION18 -1 -3.799e+04 2.268e+02 1.663e+02
s>                    ( - -1.995e+04 3 0)
s>                    ( QUESTION2_14_L -1 -1.782e+04 1.889e+02 7.877e+01
s>                        ( - -2.380e+03 2 0 QUESTION0_9_R 1 1.239e+02 1.158e+01)
s>                        ( - -1.525e+04 8 0 QUESTION0_9_R 1 1.696e+02 6.719e+01))))))INFO: dtree.c(1315): Comp split 22
INFO: dtree.c(1439): stop. leaf nodes are specific
INFO: dtree.c(1478): Final simple tree
|( QUESTION2 -1 -3.036e+05 4.288e+02 1.342e+03
|    ( - -1.995e+04 1 0)
|    ( QUESTION0_9_R 1 -2.832e+05 3.464e+02 1.253e+03
|        ( QUESTION2_10_L -1 -1.931e+05 2.514e+02 8.579e+02
|            ( WDBNDRY_B 0 -1.772e+05 1.824e+02 7.891e+02
|                ( - -6.297e+02 1 0)
|                ( - -1.764e+05 5 0))
|            ( - -1.567e+04 2 0))
|        ( QUESTION0_1_R 1 -8.970e+04 3.132e+02 3.954e+02
|            ( - -5.657e+03 1 0)
|            ( QUESTION0_0_R 1 -8.373e+04 2.982e+02 3.710e+02
|                ( - -3.737e+04 1 0)
|                ( - -4.606e+04 4 0)))))
s>    ( QUESTION2 -1 -3.036e+05 4.288e+02 1.342e+03
s>        ( - -1.995e+04 1 0)
s>        ( QUESTION0_9_R 1 -2.832e+05 3.464e+02 1.253e+03
s>            ( QUESTION2_10_L -1 -1.931e+05 2.514e+02 8.579e+02
s>                ( WDBNDRY_B 0 -1.772e+05 1.824e+02 7.891e+02
s>                    ( - -6.297e+02 1 0)
s>                    ( - -1.764e+05 5 0))
s>                ( - -1.567e+04 2 0))
s>            ( QUESTION0_1_R 1 -8.970e+04 3.132e+02 3.954e+02
s>                ( - -5.657e+03 1 0)
s>                ( QUESTION0_0_R 1 -8.373e+04 2.982e+02 3.710e+02
s>                    ( - -3.737e+04 1 0)
s>                    ( - -4.606e+04 4 0)))))INFO: dtree.c(1315): Comp split 23
INFO: dtree.c(1478): Final simple tree
|( QUESTION12 -1 -5.289e+04 2.648e+02 2.314e+02
|    ( WDBNDRY_B 0 -1.420e+04 1.961e+02 6.315e+01
|        ( - -1.261e+04 4 0 QUESTION0_14_R 1 1.197e+02 5.615e+01)
|        ( - -1.391e+03 1 0))
|    ( QUESTION0_15_R 1 -3.842e+04 2.653e+02 1.683e+02
|        ( - -1.649e+02 1 0)
|        ( QUESTION18 -1 -3.799e+04 2.268e+02 1.663e+02
|            ( - -1.995e+04 3 0)
|            ( QUESTION2_14_L -1 -1.782e+04 1.889e+02 7.877e+01
|                ( - -2.380e+03 2 0 QUESTION0_9_R 1 1.239e+02 1.158e+01)
|                ( QUESTION0_9_R 1 -1.525e+04 1.696e+02 6.719e+01
|                    ( - -1.471e+03 1 0)
|                    ( QUESTION9 -1 -1.361e+04 1.446e+02 6.019e+01
|                        ( - -7.336e+02 1 0)
|                        ( - -1.273e+04 6 0 QUESTION0 -1 1.380e+02 5.619e+01)))))))
s>    ( QUESTION12 -1 -5.289e+04 2.648e+02 2.314e+02
s>        ( WDBNDRY_B 0 -1.420e+04 1.961e+02 6.315e+01
s>            ( - -1.261e+04 4 0 QUESTION0_14_R 1 1.197e+02 5.615e+01)
s>            ( - -1.391e+03 1 0))
s>        ( QUESTION0_15_R 1 -3.842e+04 2.653e+02 1.683e+02
s>            ( - -1.649e+02 1 0)
s>            ( QUESTION18 -1 -3.799e+04 2.268e+02 1.663e+02
s>                ( - -1.995e+04 3 0)
s>                ( QUESTION2_14_L -1 -1.782e+04 1.889e+02 7.877e+01
s>                    ( - -2.380e+03 2 0 QUESTION0_9_R 1 1.239e+02 1.158e+01)
s>                    ( QUESTION0_9_R 1 -1.525e+04 1.696e+02 6.719e+01
s>                        ( - -1.471e+03 1 0)
s>                        ( QUESTION9 -1 -1.361e+04 1.446e+02 6.019e+01
s>                            ( - -7.336e+02 1 0)
s>                            ( - -1.273e+04 6 0 QUESTION0 -1 1.380e+02 5.619e+01)))))))INFO: dtree.c(1439): stop. leaf nodes are specific
INFO: dtree.c(1478): Final simple tree
|( QUESTION0_9_R 1 -5.073e+04 3.376e+02 2.264e+02
|    ( - -3.115e+04 1 0)
|    ( QUESTION0_14_R 1 -1.925e+04 1.440e+02 8.660e+01
|        ( - -1.437e+04 1 0)
|        ( - -4.739e+03 1 0)))
s>    ( QUESTION0_9_R 1 -5.073e+04 3.376e+02 2.264e+02
s>        ( - -3.115e+04 1 0)
s>        ( QUESTION0_14_R 1 -1.925e+04 1.440e+02 8.660e+01
s>            ( - -1.437e+04 1 0)
s>            ( - -4.739e+03 1 0)))INFO: dtree.c(1315): Comp split 24
INFO: dtree.c(1439): stop. leaf nodes are specific
INFO: dtree.c(1478): Final simple tree
|( WDBNDRY_B 0 -2.073e+04 1.571e+02 9.189e+01
|    ( - -6.297e+02 1 0)
|    ( - -1.995e+04 1 0))
s>    ( WDBNDRY_B 0 -2.073e+04 1.571e+02 9.189e+01
s>        ( - -6.297e+02 1 0)
s>        ( - -1.995e+04 1 0))INFO: dtree.c(1439): stop. leaf nodes are specific
INFO: dtree.c(1478): Final simple tree
|( QUESTION0_9_R 1 -2.824e+05 3.512e+02 1.250e+03
|    ( QUESTION2_10_L -1 -1.923e+05 2.523e+02 8.549e+02
|        ( - -1.764e+05 5 0)
|        ( - -1.567e+04 2 0))
|    ( QUESTION0_1_R 1 -8.970e+04 3.132e+02 3.954e+02
|        ( - -5.657e+03 1 0)
|        ( QUESTION0_0_R 1 -8.373e+04 2.982e+02 3.710e+02
|            ( - -3.737e+04 1 0)
|            ( - -4.606e+04 4 0))))
s>    ( QUESTION0_9_R 1 -2.824e+05 3.512e+02 1.250e+03
s>        ( QUESTION2_10_L -1 -1.923e+05 2.523e+02 8.549e+02
s>            ( - -1.764e+05 5 0)
s>            ( - -1.567e+04 2 0))
s>        ( QUESTION0_1_R 1 -8.970e+04 3.132e+02 3.954e+02
s>            ( - -5.657e+03 1 0)
s>            ( QUESTION0_0_R 1 -8.373e+04 2.982e+02 3.710e+02
s>                ( - -3.737e+04 1 0)
s>                ( - -4.606e+04 4 0))))INFO: dtree.c(1315): Comp split 25
INFO: dtree.c(1439): stop. leaf nodes are specific
INFO: dtree.c(1478): Final simple tree
|( QUESTION2_6_L -1 -4.519e+04 2.420e+02 1.992e+02
|    ( - -3.237e+04 4 0)
|    ( - -1.258e+04 2 0))
s>    ( QUESTION2_6_L -1 -4.519e+04 2.420e+02 1.992e+02
s>        ( - -3.237e+04 4 0)
s>        ( - -1.258e+04 2 0))INFO: dtree.c(1439): stop. leaf nodes are specific
INFO: dtree.c(1478): Final simple tree
|( WDBNDRY_B 0 -1.281e+05 1.146e+02 5.597e+02
|    ( - -2.322e+03 2 0)
|    ( - -1.256e+05 9 0))
s>    ( WDBNDRY_B 0 -1.281e+05 1.146e+02 5.597e+02
s>        ( - -2.322e+03 2 0)
s>        ( - -1.256e+05 9 0))INFO: dtree.c(1315): Comp split 26
INFO: dtree.c(1439): stop. leaf nodes are specific
INFO: dtree.c(1478): Final simple tree
|( WDBNDRY_B 0 -5.632e+04 2.355e+02 2.473e+02
|    ( - -4.666e+04 7 0)
|    ( QUESTION0_10_R 1 -9.428e+03 2.289e+02 4.102e+01
|        ( - -4.283e+02 1 0)
|        ( WDBNDRY_E 0 -8.771e+03 1.865e+02 3.802e+01
|            ( - -3.573e+03 1 0)
|            ( - -5.011e+03 1 0))))
s>    ( WDBNDRY_B 0 -5.632e+04 2.355e+02 2.473e+02
s>        ( - -4.666e+04 7 0)
s>        ( QUESTION0_10_R 1 -9.428e+03 2.289e+02 4.102e+01
s>            ( - -4.283e+02 1 0)
s>            ( WDBNDRY_E 0 -8.771e+03 1.865e+02 3.802e+01
s>                ( - -3.573e+03 1 0)
s>                ( - -5.011e+03 1 0))))INFO: dtree.c(1315): Comp split 27
INFO: dtree.c(1439): stop. leaf nodes are specific
INFO: dtree.c(1478): Final simple tree
|( WDBNDRY_E 0 -1.469e+04 2.454e+02 6.789e+01
|    ( - -5.145e+03 1 0)
|    ( - -9.302e+03 1 0))
s>    ( WDBNDRY_E 0 -1.469e+04 2.454e+02 6.789e+01
s>        ( - -5.145e+03 1 0)
s>        ( - -9.302e+03 1 0))INFO: dtree.c(1315): Comp split 28
INFO: dtree.c(1439): stop. leaf nodes are specific
INFO: dtree.c(1478): Final simple tree
|( QUESTION0 -1 -1.285e+05 2.624e+02 5.658e+02
|    ( QUESTION2_0_L -1 -1.178e+05 2.311e+02 5.180e+02
|        ( WDBNDRY_B 0 -1.119e+05 1.287e+02 4.930e+02
|            ( - -6.294e+03 2 0)
|            ( - -1.055e+05 8 0))
|        ( - -5.674e+03 1 0))
|    ( WDBNDRY_B 0 -1.044e+04 1.968e+02 4.783e+01
|        ( - -6.394e+03 1 0)
|        ( - -3.850e+03 1 0)))
s>    ( QUESTION0 -1 -1.285e+05 2.624e+02 5.658e+02
s>        ( QUESTION2_0_L -1 -1.178e+05 2.311e+02 5.180e+02
s>            ( WDBNDRY_B 0 -1.119e+05 1.287e+02 4.930e+02
s>                ( - -6.294e+03 2 0)
s>                ( - -1.055e+05 8 0))
s>            ( - -5.674e+03 1 0))
s>        ( WDBNDRY_B 0 -1.044e+04 1.968e+02 4.783e+01
s>            ( - -6.394e+03 1 0)
s>            ( - -3.850e+03 1 0)))INFO: dtree.c(1478): Final simple tree
|( QUESTION2_0_L -1 -9.169e+04 4.086e+02 4.020e+02
|    ( QUESTION0_2_R 1 -8.399e+04 2.587e+02 3.704e+02
|        ( - -3.066e+04 6 0)
|        ( QUESTION0_9_R 1 -5.307e+04 2.344e+02 2.346e+02
|            ( - -3.050e+03 1 0)
|            ( WDBNDRY_E 0 -4.979e+04 2.219e+02 2.207e+02
|                ( - -1.262e+04 4 0)
|                ( WDBNDRY_B 0 -3.695e+04 1.365e+02 1.648e+02
|                    ( - -9.688e+02 1 0)
|                    ( - -3.584e+04 2 0)))))
|    ( WDBNDRY_B 0 -7.289e+03 1.941e+02 3.161e+01
|        ( - -4.515e+03 1 0)
|        ( WDBNDRY_E 0 -2.580e+03 1.785e+02 1.100e+01
|            ( - -6.089e+02 1 0)
|            ( - -1.793e+03 1 0))))
s>    ( QUESTION2_0_L -1 -9.169e+04 4.086e+02 4.020e+02
s>        ( QUESTION0_2_R 1 -8.399e+04 2.587e+02 3.704e+02
s>            ( - -3.066e+04 6 0)
s>            ( QUESTION0_9_R 1 -5.307e+04 2.344e+02 2.346e+02
s>                ( - -3.050e+03 1 0)
s>                ( WDBNDRY_E 0 -4.979e+04 2.219e+02 2.207e+02
s>                    ( - -1.262e+04 4 0)
s>                    ( WDBNDRY_B 0 -3.695e+04 1.365e+02 1.648e+02
s>                        ( - -9.688e+02 1 0)
s>                        ( - -3.584e+04 2 0)))))
s>        ( WDBNDRY_B 0 -7.289e+03 1.941e+02 3.161e+01
s>            ( - -4.515e+03 1 0)
s>            ( WDBNDRY_E 0 -2.580e+03 1.785e+02 1.100e+01
s>                ( - -6.089e+02 1 0)
s>                ( - -1.793e+03 1 0))))INFO: dtree.c(1315): Comp split 29
INFO: dtree.c(1439): stop. leaf nodes are specific
INFO: dtree.c(1478): Final simple tree
|( QUESTION0_2_R 1 -8.593e+04 2.507e+02 3.784e+02
|    ( - -3.066e+04 6 0)
|    ( QUESTION0_13_R 1 -5.503e+04 2.308e+02 2.426e+02
|        ( WDBNDRY_B 0 -3.695e+04 1.365e+02 1.648e+02
|            ( - -9.688e+02 1 0)
|            ( - -3.584e+04 2 0))
|        ( QUESTION13 -1 -1.785e+04 2.261e+02 7.774e+01
|            ( - -3.050e+03 1 0)
|            ( WDBNDRY_E 0 -1.457e+04 1.607e+02 6.386e+01
|                ( - -1.262e+04 4 0)
|                ( - -1.793e+03 1 0)))))
s>    ( QUESTION0_2_R 1 -8.593e+04 2.507e+02 3.784e+02
s>        ( - -3.066e+04 6 0)
s>        ( QUESTION0_13_R 1 -5.503e+04 2.308e+02 2.426e+02
s>            ( WDBNDRY_B 0 -3.695e+04 1.365e+02 1.648e+02
s>                ( - -9.688e+02 1 0)
s>                ( - -3.584e+04 2 0))
s>            ( QUESTION13 -1 -1.785e+04 2.261e+02 7.774e+01
s>                ( - -3.050e+03 1 0)
s>                ( WDBNDRY_E 0 -1.457e+04 1.607e+02 6.386e+01
s>                    ( - -1.262e+04 4 0)
s>                    ( - -1.793e+03 1 0)))))INFO: dtree.c(1439): stop. leaf nodes are specific
INFO: dtree.c(1478): Final simple tree
|( WDBNDRY_B 0 -5.312e+03 1.878e+02 2.361e+01
|    ( - -4.515e+03 1 0)
|    ( - -6.089e+02 1 0))
s>    ( WDBNDRY_B 0 -5.312e+03 1.878e+02 2.361e+01
s>        ( - -4.515e+03 1 0)
s>        ( - -6.089e+02 1 0))INFO: dtree.c(1315): Comp split 30
INFO: dtree.c(1439): stop. leaf nodes are specific
INFO: dtree.c(1478): Final simple tree
|( QUESTION0_11_R 1 -8.485e+04 2.222e+02 3.807e+02
|    ( - -7.877e+04 5 0)
|    ( QUESTION0_9_R 1 -5.858e+03 1.564e+02 2.654e+01
|        ( - -7.785e+02 1 0)
|        ( WDBNDRY_B 0 -4.923e+03 1.319e+02 2.254e+01
|            ( - -2.494e+03 1 0)
|            ( - -2.297e+03 1 0))))
s>    ( QUESTION0_11_R 1 -8.485e+04 2.222e+02 3.807e+02
s>        ( - -7.877e+04 5 0)
s>        ( QUESTION0_9_R 1 -5.858e+03 1.564e+02 2.654e+01
s>            ( - -7.785e+02 1 0)
s>            ( WDBNDRY_B 0 -4.923e+03 1.319e+02 2.254e+01
s>                ( - -2.494e+03 1 0)
s>                ( - -2.297e+03 1 0))))INFO: dtree.c(1439): stop. leaf nodes are specific
INFO: dtree.c(1478): Final simple tree
|( WDBNDRY_I 0 -6.104e+04 2.416e+02 2.757e+02
|    ( - -2.143e+04 1 0)
|    ( WDBNDRY_B 0 -3.936e+04 2.258e+02 1.797e+02
|        ( - -3.829e+04 2 0)
|        ( - -8.403e+02 1 0)))
s>    ( WDBNDRY_I 0 -6.104e+04 2.416e+02 2.757e+02
s>        ( - -2.143e+04 1 0)
s>        ( WDBNDRY_B 0 -3.936e+04 2.258e+02 1.797e+02
s>            ( - -3.829e+04 2 0)
s>            ( - -8.403e+02 1 0)))INFO: dtree.c(1315): Comp split 31
INFO: dtree.c(1439): stop. leaf nodes are specific
INFO: dtree.c(1478): Final simple tree
|( QUESTION0_0_R 1 -2.140e+05 2.681e+02 9.538e+02
|    ( - -3.737e+04 1 0)
|    ( - -1.764e+05 5 0))
s>    ( QUESTION0_0_R 1 -2.140e+05 2.681e+02 9.538e+02
s>        ( - -3.737e+04 1 0)
s>        ( - -1.764e+05 5 0))INFO: dtree.c(1439): stop. leaf nodes are specific
INFO: dtree.c(1478): Final simple tree
|( QUESTION0_0_R 1 -6.793e+04 3.144e+02 2.964e+02
|    ( - -5.657e+03 1 0)
|    ( QUESTION0_9_R 1 -6.196e+04 2.261e+02 2.720e+02
|        ( - -1.567e+04 2 0)
|        ( - -4.606e+04 4 0)))
s>    ( QUESTION0_0_R 1 -6.793e+04 3.144e+02 2.964e+02
s>        ( - -5.657e+03 1 0)
s>        ( QUESTION0_9_R 1 -6.196e+04 2.261e+02 2.720e+02
s>            ( - -1.567e+04 2 0)
s>            ( - -4.606e+04 4 0)))INFO: dtree.c(1315): Comp split 32
INFO: dtree.c(1315): Comp split 33
INFO: dtree.c(1439): stop. leaf nodes are specific
INFO: dtree.c(1478): Final simple tree
|( WDBNDRY_E 0 -1.096e+04 2.966e+02 5.090e+01
|    ( - -1.426e+03 1 0)
|    ( - -9.236e+03 1 0))
s>    ( WDBNDRY_E 0 -1.096e+04 2.966e+02 5.090e+01
s>        ( - -1.426e+03 1 0)
s>        ( - -9.236e+03 1 0))INFO: dtree.c(1439): stop. leaf nodes are specific
INFO: dtree.c(1478): Final simple tree
|( QUESTION0_15_R 1 -9.175e+04 2.519e+02 4.119e+02
|    ( - -1.039e+04 1 0)
|    ( QUESTION0_9_R 1 -8.111e+04 1.970e+02 3.631e+02
|        ( WDBNDRY_B 0 -2.407e+04 2.051e+02 1.092e+02
|            ( - -1.087e+04 1 0)
|            ( - -1.299e+04 1 0))
|        ( WDBNDRY_B 0 -5.684e+04 1.553e+02 2.539e+02
|            ( - -5.242e+04 4 0)
|            ( - -4.269e+03 2 0))))
s>    ( QUESTION0_15_R 1 -9.175e+04 2.519e+02 4.119e+02
s>        ( - -1.039e+04 1 0)
s>        ( QUESTION0_9_R 1 -8.111e+04 1.970e+02 3.631e+02
s>            ( WDBNDRY_B 0 -2.407e+04 2.051e+02 1.092e+02
s>                ( - -1.087e+04 1 0)
s>                ( - -1.299e+04 1 0))
s>            ( WDBNDRY_B 0 -5.684e+04 1.553e+02 2.539e+02
s>                ( - -5.242e+04 4 0)
s>                ( - -4.269e+03 2 0))))INFO: dtree.c(1315): Comp split 34
INFO: dtree.c(1439): stop. leaf nodes are specific
INFO: dtree.c(1478): Final simple tree
|( QUESTION0_3_R 1 -1.356e+04 2.611e+02 6.303e+01
|    ( - -8.446e+03 1 0)
|    ( - -4.850e+03 1 0))
s>    ( QUESTION0_3_R 1 -1.356e+04 2.611e+02 6.303e+01
s>        ( - -8.446e+03 1 0)
s>        ( - -4.850e+03 1 0))INFO: dtree.c(1315): Comp split 35
INFO: dtree.c(1439): stop. leaf nodes are specific
INFO: dtree.c(1478): Final simple tree
|( QUESTION0_9_R 1 -5.435e+04 2.075e+02 2.407e+02
|    ( - -4.861e+03 1 0)
|    ( QUESTION2_0_L -1 -4.928e+04 1.539e+02 2.180e+02
|        ( WDBNDRY_B 0 -4.350e+04 8.125e+01 1.928e+02
|            ( - -5.911e+03 1 0)
|            ( - -3.751e+04 2 0))
|        ( QUESTION0 -1 -5.624e+03 1.605e+02 2.517e+01
|            ( - -2.183e+03 2 0)
|            ( - -3.281e+03 1 0))))
s>    ( QUESTION0_9_R 1 -5.435e+04 2.075e+02 2.407e+02
s>        ( - -4.861e+03 1 0)
s>        ( QUESTION2_0_L -1 -4.928e+04 1.539e+02 2.180e+02
s>            ( WDBNDRY_B 0 -4.350e+04 8.125e+01 1.928e+02
s>                ( - -5.911e+03 1 0)
s>                ( - -3.751e+04 2 0))
s>            ( QUESTION0 -1 -5.624e+03 1.605e+02 2.517e+01
s>                ( - -2.183e+03 2 0)
s>                ( - -3.281e+03 1 0))))INFO: dtree.c(1439): stop. leaf nodes are specific
INFO: dtree.c(1478): Final simple tree
|( WDBNDRY_E 0 -2.936e+04 3.442e+02 1.290e+02
|    ( - -7.022e+03 1 0)
|    ( - -2.199e+04 1 0))
s>    ( WDBNDRY_E 0 -2.936e+04 3.442e+02 1.290e+02
s>        ( - -7.022e+03 1 0)
s>        ( - -2.199e+04 1 0))INFO: dtree.c(1315): Comp split 36
INFO: dtree.c(1439): stop. leaf nodes are specific
INFO: dtree.c(1478): Final simple tree
|( QUESTION0_5_R 1 -6.439e+04 1.460e+02 2.895e+02
|    ( - -6.098e+04 2 0)
|    ( - -3.264e+03 3 0))
s>    ( QUESTION0_5_R 1 -6.439e+04 1.460e+02 2.895e+02
s>        ( - -6.098e+04 2 0)
s>        ( - -3.264e+03 3 0))INFO: dtree.c(1315): Comp split 37
INFO: dtree.c(1315): Comp split 38
INFO: dtree.c(1439): stop. leaf nodes are specific
INFO: dtree.c(1478): Final simple tree
|( QUESTION0_14_R 1 -1.925e+04 1.440e+02 8.660e+01
|    ( - -1.437e+04 1 0)
|    ( - -4.739e+03 1 0))
s>    ( QUESTION0_14_R 1 -1.925e+04 1.440e+02 8.660e+01
s>        ( - -1.437e+04 1 0)
s>        ( - -4.739e+03 1 0))INFO: dtree.c(1315): Comp split 39
INFO: dtree.c(1439): stop. leaf nodes are specific
INFO: dtree.c(1478): Final simple tree
|( QUESTION0_9_R 1 -6.196e+04 2.261e+02 2.720e+02
|    ( - -1.567e+04 2 0)
|    ( - -4.606e+04 4 0))
s>    ( QUESTION0_9_R 1 -6.196e+04 2.261e+02 2.720e+02
s>        ( - -1.567e+04 2 0)
s>        ( - -4.606e+04 4 0))INFO: dtree.c(1315): Comp split 40
INFO: dtree.c(1439): stop. leaf nodes are specific
INFO: dtree.c(1478): Final simple tree
|( QUESTION2 1 -2.675e+05 1.832e+02 1.173e+03
|    ( QUESTION0_3_R 1 -5.859e+03 2.148e+02 2.631e+01
|        ( - -2.860e+03 1 0)
|        ( WDBNDRY_B 0 -2.784e+03 1.514e+02 1.300e+01
|            ( - -1.375e+03 1 0)
|            ( - -1.257e+03 1 0)))
|    ( - -2.615e+05 11 0))
s>    ( QUESTION2 1 -2.675e+05 1.832e+02 1.173e+03
s>        ( QUESTION0_3_R 1 -5.859e+03 2.148e+02 2.631e+01
s>            ( - -2.860e+03 1 0)
s>            ( WDBNDRY_B 0 -2.784e+03 1.514e+02 1.300e+01
s>                ( - -1.375e+03 1 0)
s>                ( - -1.257e+03 1 0)))
s>        ( - -2.615e+05 11 0))INFO: dtree.c(1315): Comp split 41
INFO: dtree.c(1315): Comp split 42
INFO: dtree.c(1439): stop. leaf nodes are specific
INFO: dtree.c(1478): Final simple tree
|( QUESTION2_18_L -1 -1.017e+05 2.738e+02 4.480e+02
|    ( - -8.469e+03 2 0)
|    ( QUESTION0_1_R 1 -9.293e+04 2.153e+02 4.095e+02
|        ( WDBNDRY_E 0 -9.023e+04 2.061e+02 3.975e+02
|            ( QUESTION0 -1 -1.516e+04 1.678e+02 6.829e+01
|                ( - -1.469e+04 3 0)
|                ( - -2.946e+02 1 0))
|            ( - -7.486e+04 6 0))
|        ( - -2.484e+03 1 0)))
s>    ( QUESTION2_18_L -1 -1.017e+05 2.738e+02 4.480e+02
s>        ( - -8.469e+03 2 0)
s>        ( QUESTION0_1_R 1 -9.293e+04 2.153e+02 4.095e+02
s>            ( WDBNDRY_E 0 -9.023e+04 2.061e+02 3.975e+02
s>                ( QUESTION0 -1 -1.516e+04 1.678e+02 6.829e+01
s>                    ( - -1.469e+04 3 0)
s>                    ( - -2.946e+02 1 0))
s>                ( - -7.486e+04 6 0))
s>            ( - -2.484e+03 1 0)))INFO: dtree.c(1315): Comp split 43
INFO: dtree.c(1439): stop. leaf nodes are specific
INFO: dtree.c(1478): Final simple tree
|( QUESTION18 -1 -3.541e+04 2.142e+02 1.547e+02
|    ( - -1.995e+04 3 0)
|    ( QUESTION0_9_R 1 -1.525e+04 1.696e+02 6.719e+01
|        ( - -1.471e+03 1 0)
|        ( QUESTION9 -1 -1.361e+04 1.446e+02 6.019e+01
|            ( - -7.336e+02 1 0)
|            ( QUESTION0 -1 -1.273e+04 1.380e+02 5.619e+01
|                ( - -1.115e+04 5 0)
|                ( - -1.439e+03 1 0)))))
s>    ( QUESTION18 -1 -3.541e+04 2.142e+02 1.547e+02
s>        ( - -1.995e+04 3 0)
s>        ( QUESTION0_9_R 1 -1.525e+04 1.696e+02 6.719e+01
s>            ( - -1.471e+03 1 0)
s>            ( QUESTION9 -1 -1.361e+04 1.446e+02 6.019e+01
s>                ( - -7.336e+02 1 0)
s>                ( QUESTION0 -1 -1.273e+04 1.380e+02 5.619e+01
s>                    ( - -1.115e+04 5 0)
s>                    ( - -1.439e+03 1 0)))))INFO: dtree.c(1439): stop. leaf nodes are specific
INFO: dtree.c(1478): Final simple tree
|( QUESTION12 -1 -1.719e+04 2.108e+02 7.673e+01
|    ( WDBNDRY_B 0 -1.420e+04 1.961e+02 6.315e+01
|        ( QUESTION0_14_R 1 -1.261e+04 1.197e+02 5.615e+01
|            ( - -1.148e+04 3 0)
|            ( - -1.008e+03 1 0))
|        ( - -1.391e+03 1 0))
|    ( QUESTION0_15_R 1 -2.777e+03 2.324e+02 1.358e+01
|        ( - -1.649e+02 1 0)
|        ( QUESTION0_9_R 1 -2.380e+03 1.239e+02 1.158e+01
|            ( - -3.292e+02 1 0)
|            ( - -1.927e+03 1 0))))
s>    ( QUESTION12 -1 -1.719e+04 2.108e+02 7.673e+01
s>        ( WDBNDRY_B 0 -1.420e+04 1.961e+02 6.315e+01
s>            ( QUESTION0_14_R 1 -1.261e+04 1.197e+02 5.615e+01
s>                ( - -1.148e+04 3 0)
s>                ( - -1.008e+03 1 0))
s>            ( - -1.391e+03 1 0))
s>        ( QUESTION0_15_R 1 -2.777e+03 2.324e+02 1.358e+01
s>            ( - -1.649e+02 1 0)
s>            ( QUESTION0_9_R 1 -2.380e+03 1.239e+02 1.158e+01
s>                ( - -3.292e+02 1 0)
s>                ( - -1.927e+03 1 0))))INFO: dtree.c(1315): Comp split 44
INFO: dtree.c(1439): stop. leaf nodes are specific
INFO: dtree.c(1478): Final simple tree
|( QUESTION0_9_R 1 -5.197e+04 2.322e+02 2.296e+02
|    ( - -3.050e+03 1 0)
|    ( WDBNDRY_E 0 -4.869e+04 2.233e+02 2.157e+02
|        ( - -1.262e+04 4 0)
|        ( - -3.584e+04 2 0)))
s>    ( QUESTION0_9_R 1 -5.197e+04 2.322e+02 2.296e+02
s>        ( - -3.050e+03 1 0)
s>        ( WDBNDRY_E 0 -4.869e+04 2.233e+02 2.157e+02
s>            ( - -1.262e+04 4 0)
s>            ( - -3.584e+04 2 0)))INFO: dtree.c(1439): stop. leaf nodes are specific
INFO: dtree.c(1478): Final simple tree
|( WDBNDRY_E 0 -3.369e+04 1.449e+02 1.488e+02
|    ( - -3.066e+04 6 0)
|    ( WDBNDRY_B 0 -2.891e+03 1.292e+02 1.300e+01
|        ( - -9.688e+02 1 0)
|        ( - -1.793e+03 1 0)))
s>    ( WDBNDRY_E 0 -3.369e+04 1.449e+02 1.488e+02
s>        ( - -3.066e+04 6 0)
s>        ( WDBNDRY_B 0 -2.891e+03 1.292e+02 1.300e+01
s>            ( - -9.688e+02 1 0)
s>            ( - -1.793e+03 1 0)))INFO: dtree.c(1315): Comp split 45
INFO: dtree.c(1439): stop. leaf nodes are specific
INFO: dtree.c(1478): Final simple tree
|( QUESTION0_1_R 1 -9.293e+04 2.153e+02 4.095e+02
|    ( WDBNDRY_E 0 -9.023e+04 2.061e+02 3.975e+02
|        ( QUESTION0 -1 -1.516e+04 1.678e+02 6.829e+01
|            ( - -1.469e+04 3 0)
|            ( - -2.946e+02 1 0))
|        ( - -7.486e+04 6 0))
|    ( - -2.484e+03 1 0))
s>    ( QUESTION0_1_R 1 -9.293e+04 2.153e+02 4.095e+02
s>        ( WDBNDRY_E 0 -9.023e+04 2.061e+02 3.975e+02
s>            ( QUESTION0 -1 -1.516e+04 1.678e+02 6.829e+01
s>                ( - -1.469e+04 3 0)
s>                ( - -2.946e+02 1 0))
s>            ( - -7.486e+04 6 0))
s>        ( - -2.484e+03 1 0))INFO: dtree.c(1315): Comp split 46
INFO: dtree.c(1439): stop. leaf nodes are specific
INFO: dtree.c(1478): Final simple tree
|( QUESTION0_9_R 1 -6.793e+04 2.128e+02 3.027e+02
|    ( - -1.087e+04 1 0)
|    ( WDBNDRY_B 0 -5.684e+04 1.553e+02 2.539e+02
|        ( - -5.242e+04 4 0)
|        ( - -4.269e+03 2 0)))
s>    ( QUESTION0_9_R 1 -6.793e+04 2.128e+02 3.027e+02
s>        ( - -1.087e+04 1 0)
s>        ( WDBNDRY_B 0 -5.684e+04 1.553e+02 2.539e+02
s>            ( - -5.242e+04 4 0)
s>            ( - -4.269e+03 2 0)))INFO: dtree.c(1439): stop. leaf nodes are specific
INFO: dtree.c(1478): Final simple tree
|( WDBNDRY_B 0 -2.355e+04 1.702e+02 1.092e+02
|    ( - -1.039e+04 1 0)
|    ( - -1.299e+04 1 0))
s>    ( WDBNDRY_B 0 -2.355e+04 1.702e+02 1.092e+02
s>        ( - -1.039e+04 1 0)
s>        ( - -1.299e+04 1 0))INFO: dtree.c(1315): Comp split 47
INFO: dtree.c(1439): stop. leaf nodes are specific
INFO: dtree.c(1478): Final simple tree
|( QUESTION2_0_L -1 -1.219e+05 2.336e+02 5.360e+02
|    ( QUESTION0 -1 -1.160e+05 1.875e+02 5.110e+02
|        ( WDBNDRY_B 0 -1.119e+05 1.287e+02 4.930e+02
|            ( - -6.294e+03 2 0)
|            ( - -1.055e+05 8 0))
|        ( - -3.850e+03 1 0))
|    ( - -5.674e+03 1 0))
s>    ( QUESTION2_0_L -1 -1.219e+05 2.336e+02 5.360e+02
s>        ( QUESTION0 -1 -1.160e+05 1.875e+02 5.110e+02
s>            ( WDBNDRY_B 0 -1.119e+05 1.287e+02 4.930e+02
s>                ( - -6.294e+03 2 0)
s>                ( - -1.055e+05 8 0))
s>            ( - -3.850e+03 1 0))
s>        ( - -5.674e+03 1 0))INFO: dtree.c(1315): Comp split 48
INFO: dtree.c(1315): Comp split 49
INFO: dtree.c(1439): stop. leaf nodes are specific
INFO: dtree.c(1478): Final simple tree
|( QUESTION0_9_R 1 -1.306e+04 1.218e+02 5.815e+01
|    ( - -3.292e+02 1 0)
|    ( QUESTION0_14_R 1 -1.261e+04 1.197e+02 5.615e+01
|        ( - -1.148e+04 3 0)
|        ( - -1.008e+03 1 0)))
s>    ( QUESTION0_9_R 1 -1.306e+04 1.218e+02 5.815e+01
s>        ( - -3.292e+02 1 0)
s>        ( QUESTION0_14_R 1 -1.261e+04 1.197e+02 5.615e+01
s>            ( - -1.148e+04 3 0)
s>            ( - -1.008e+03 1 0)))INFO: dtree.c(1439): stop. leaf nodes are specific
INFO: dtree.c(1478): Final simple tree
|( QUESTION0_14_R 1 -3.859e+03 2.320e+02 1.858e+01
|    ( WDBNDRY_B 0 -3.462e+03 1.441e+02 1.658e+01
|        ( - -1.927e+03 1 0)
|        ( - -1.391e+03 1 0))
|    ( - -1.649e+02 1 0))
s>    ( QUESTION0_14_R 1 -3.859e+03 2.320e+02 1.858e+01
s>        ( WDBNDRY_B 0 -3.462e+03 1.441e+02 1.658e+01
s>            ( - -1.927e+03 1 0)
s>            ( - -1.391e+03 1 0))
s>        ( - -1.649e+02 1 0))INFO: dtree.c(1315): Comp split 50
INFO: dtree.c(1315): Comp split 51
INFO: dtree.c(1439): stop. leaf nodes are specific
INFO: dtree.c(1478): Final simple tree
|( QUESTION2 -1 -3.867e+04 1.675e+02 1.672e+02
|    ( - -4.076e+03 1 0)
|    ( WDBNDRY_B 0 -3.443e+04 1.330e+02 1.491e+02
|        ( - -1.787e+03 1 0)
|        ( - -3.251e+04 4 0)))
s>    ( QUESTION2 -1 -3.867e+04 1.675e+02 1.672e+02
s>        ( - -4.076e+03 1 0)
s>        ( WDBNDRY_B 0 -3.443e+04 1.330e+02 1.491e+02
s>            ( - -1.787e+03 1 0)
s>            ( - -3.251e+04 4 0)))INFO: dtree.c(1439): stop. leaf nodes are specific
INFO: dtree.c(1478): Final simple tree
|( WDBNDRY_B 0 -1.092e+04 1.449e+02 4.862e+01
|    ( - -7.832e+03 1 0)
|    ( - -2.948e+03 1 0))
s>    ( WDBNDRY_B 0 -1.092e+04 1.449e+02 4.862e+01
s>        ( - -7.832e+03 1 0)
s>        ( - -2.948e+03 1 0))INFO: dtree.c(1315): Comp split 52
INFO: dtree.c(1439): stop. leaf nodes are specific
INFO: dtree.c(1478): Final simple tree
|( WDBNDRY_B 0 -2.644e+05 1.660e+02 1.160e+03
|    ( - -1.375e+03 1 0)
|    ( QUESTION0_3_R 1 -2.629e+05 1.355e+02 1.153e+03
|        ( - -2.615e+05 11 0)
|        ( - -1.257e+03 1 0)))
s>    ( WDBNDRY_B 0 -2.644e+05 1.660e+02 1.160e+03
s>        ( - -1.375e+03 1 0)
s>        ( QUESTION0_3_R 1 -2.629e+05 1.355e+02 1.153e+03
s>            ( - -2.615e+05 11 0)
s>            ( - -1.257e+03 1 0)))INFO: dtree.c(1315): Comp split 53
INFO: dtree.c(1439): stop. leaf nodes are specific
INFO: dtree.c(1478): Final simple tree
|( WDBNDRY_B 0 -1.310e+04 1.514e+02 5.773e+01
|    ( - -7.908e+03 1 0)
|    ( - -5.038e+03 1 0))
s>    ( WDBNDRY_B 0 -1.310e+04 1.514e+02 5.773e+01
s>        ( - -7.908e+03 1 0)
s>        ( - -5.038e+03 1 0))INFO: dtree.c(1439): stop. leaf nodes are specific
INFO: dtree.c(1478): Final simple tree
|( WDBNDRY_B 0 -2.309e+04 2.169e+02 1.019e+02
|    ( QUESTION0_9_R 1 -9.392e+03 1.411e+02 4.285e+01
|        ( - -2.728e+03 1 0)
|        ( - -6.523e+03 2 0))
|    ( QUESTION10 -1 -1.348e+04 1.634e+02 5.902e+01
|        ( QUESTION0_9_R 1 -1.146e+04 1.592e+02 5.002e+01
|            ( - -1.001e+03 1 0)
|            ( - -1.030e+04 4 0))
|        ( - -1.853e+03 1 0)))
s>    ( WDBNDRY_B 0 -2.309e+04 2.169e+02 1.019e+02
s>        ( QUESTION0_9_R 1 -9.392e+03 1.411e+02 4.285e+01
s>            ( - -2.728e+03 1 0)
s>            ( - -6.523e+03 2 0))
s>        ( QUESTION10 -1 -1.348e+04 1.634e+02 5.902e+01
s>            ( QUESTION0_9_R 1 -1.146e+04 1.592e+02 5.002e+01
s>                ( - -1.001e+03 1 0)
s>                ( - -1.030e+04 4 0))
s>            ( - -1.853e+03 1 0)))INFO: dtree.c(1315): Comp split 54
INFO: dtree.c(1315): Comp split 55
INFO: dtree.c(1439): stop. leaf nodes are specific
INFO: dtree.c(1478): Final simple tree
|( WDBNDRY_E 0 -8.771e+03 1.865e+02 3.802e+01
|    ( - -3.573e+03 1 0)
|    ( - -5.011e+03 1 0))
s>    ( WDBNDRY_E 0 -8.771e+03 1.865e+02 3.802e+01
s>        ( - -3.573e+03 1 0)
s>        ( - -5.011e+03 1 0))INFO: dtree.c(1439): stop. leaf nodes are specific
INFO: dtree.c(1478): Final simple tree
|( WDBNDRY_B 0 -4.731e+04 2.216e+02 2.093e+02
|    ( - -4.666e+04 7 0)
|    ( - -4.283e+02 1 0))
s>    ( WDBNDRY_B 0 -4.731e+04 2.216e+02 2.093e+02
s>        ( - -4.666e+04 7 0)
s>        ( - -4.283e+02 1 0))INFO: dtree.c(1315): Comp split 56
INFO: dtree.c(1315): Comp split 57
INFO: dtree.c(1439): stop. leaf nodes are specific
INFO: dtree.c(1478): Final simple tree
|( WDBNDRY_B 0 -3.936e+04 2.258e+02 1.797e+02
|    ( - -3.829e+04 2 0)
|    ( - -8.403e+02 1 0))
s>    ( WDBNDRY_B 0 -3.936e+04 2.258e+02 1.797e+02
s>        ( - -3.829e+04 2 0)
s>        ( - -8.403e+02 1 0))INFO: dtree.c(1315): Comp split 58
INFO: dtree.c(1439): stop. leaf nodes are specific
INFO: dtree.c(1478): Final simple tree
|( QUESTION0 -1 -1.160e+05 1.875e+02 5.110e+02
|    ( WDBNDRY_B 0 -1.119e+05 1.287e+02 4.930e+02
|        ( - -6.294e+03 2 0)
|        ( - -1.055e+05 8 0))
|    ( - -3.850e+03 1 0))
s>    ( QUESTION0 -1 -1.160e+05 1.875e+02 5.110e+02
s>        ( WDBNDRY_B 0 -1.119e+05 1.287e+02 4.930e+02
s>            ( - -6.294e+03 2 0)
s>            ( - -1.055e+05 8 0))
s>        ( - -3.850e+03 1 0))INFO: dtree.c(1315): Comp split 59
INFO: dtree.c(1439): stop. leaf nodes are specific
INFO: dtree.c(1478): Final simple tree
|( WDBNDRY_E 0 -4.869e+04 2.233e+02 2.157e+02
|    ( - -1.262e+04 4 0)
|    ( - -3.584e+04 2 0))
s>    ( WDBNDRY_E 0 -4.869e+04 2.233e+02 2.157e+02
s>        ( - -1.262e+04 4 0)
s>        ( - -3.584e+04 2 0))INFO: dtree.c(1315): Comp split 60
INFO: dtree.c(1439): stop. leaf nodes are specific
INFO: dtree.c(1478): Final simple tree
|( WDBNDRY_B 0 -3.462e+03 1.441e+02 1.658e+01
|    ( - -1.927e+03 1 0)
|    ( - -1.391e+03 1 0))
s>    ( WDBNDRY_B 0 -3.462e+03 1.441e+02 1.658e+01
s>        ( - -1.927e+03 1 0)
s>        ( - -1.391e+03 1 0))INFO: dtree.c(1315): Comp split 61
INFO: dtree.c(1315): Comp split 62
INFO: dtree.c(1315): Comp split 63
INFO: dtree.c(1315): Comp split 64
INFO: dtree.c(1439): stop. leaf nodes are specific
INFO: dtree.c(1478): Final simple tree
|( QUESTION0_9_R 1 -5.858e+03 1.564e+02 2.654e+01
|    ( - -7.785e+02 1 0)
|    ( WDBNDRY_B 0 -4.923e+03 1.319e+02 2.254e+01
|        ( - -2.494e+03 1 0)
|        ( - -2.297e+03 1 0)))
s>    ( QUESTION0_9_R 1 -5.858e+03 1.564e+02 2.654e+01
s>        ( - -7.785e+02 1 0)
s>        ( WDBNDRY_B 0 -4.923e+03 1.319e+02 2.254e+01
s>            ( - -2.494e+03 1 0)
s>            ( - -2.297e+03 1 0)))INFO: dtree.c(1315): Comp split 65
INFO: dtree.c(1315): Comp split 66
INFO: dtree.c(1439): stop. leaf nodes are specific
INFO: dtree.c(1478): Final simple tree
|( QUESTION10 -1 -1.348e+04 1.634e+02 5.902e+01
|    ( QUESTION0_9_R 1 -1.146e+04 1.592e+02 5.002e+01
|        ( - -1.001e+03 1 0)
|        ( - -1.030e+04 4 0))
|    ( - -1.853e+03 1 0))
s>    ( QUESTION10 -1 -1.348e+04 1.634e+02 5.902e+01
s>        ( QUESTION0_9_R 1 -1.146e+04 1.592e+02 5.002e+01
s>            ( - -1.001e+03 1 0)
s>            ( - -1.030e+04 4 0))
s>        ( - -1.853e+03 1 0))INFO: dtree.c(1439): stop. leaf nodes are specific
INFO: dtree.c(1478): Final simple tree
|( QUESTION0_9_R 1 -9.392e+03 1.411e+02 4.285e+01
|    ( - -2.728e+03 1 0)
|    ( - -6.523e+03 2 0))
s>    ( QUESTION0_9_R 1 -9.392e+03 1.411e+02 4.285e+01
s>        ( - -2.728e+03 1 0)
s>        ( - -6.523e+03 2 0))INFO: dtree.c(1315): Comp split 67
INFO: dtree.c(1439): stop. leaf nodes are specific
INFO: dtree.c(1478): Final simple tree
|( WDBNDRY_E 0 -9.023e+04 2.061e+02 3.975e+02
|    ( QUESTION0 -1 -1.516e+04 1.678e+02 6.829e+01
|        ( - -1.469e+04 3 0)
|        ( - -2.946e+02 1 0))
|    ( - -7.486e+04 6 0))
s>    ( WDBNDRY_E 0 -9.023e+04 2.061e+02 3.975e+02
s>        ( QUESTION0 -1 -1.516e+04 1.678e+02 6.829e+01
s>            ( - -1.469e+04 3 0)
s>            ( - -2.946e+02 1 0))
s>        ( - -7.486e+04 6 0))INFO: dtree.c(1315): Comp split 68
INFO: dtree.c(1439): stop. leaf nodes are specific
INFO: dtree.c(1478): Final simple tree
|( QUESTION0_9_R 1 -1.525e+04 1.696e+02 6.719e+01
|    ( - -1.471e+03 1 0)
|    ( QUESTION9 -1 -1.361e+04 1.446e+02 6.019e+01
|        ( - -7.336e+02 1 0)
|        ( QUESTION0 -1 -1.273e+04 1.380e+02 5.619e+01
|            ( - -1.115e+04 5 0)
|            ( - -1.439e+03 1 0))))
s>    ( QUESTION0_9_R 1 -1.525e+04 1.696e+02 6.719e+01
s>        ( - -1.471e+03 1 0)
s>        ( QUESTION9 -1 -1.361e+04 1.446e+02 6.019e+01
s>            ( - -7.336e+02 1 0)
s>            ( QUESTION0 -1 -1.273e+04 1.380e+02 5.619e+01
s>                ( - -1.115e+04 5 0)
s>                ( - -1.439e+03 1 0))))INFO: dtree.c(1315): Comp split 69
INFO: dtree.c(1439): stop. leaf nodes are specific
INFO: dtree.c(1478): Final simple tree
|( WDBNDRY_B 0 -5.684e+04 1.553e+02 2.539e+02
|    ( - -5.242e+04 4 0)
|    ( - -4.269e+03 2 0))
s>    ( WDBNDRY_B 0 -5.684e+04 1.553e+02 2.539e+02
s>        ( - -5.242e+04 4 0)
s>        ( - -4.269e+03 2 0))INFO: dtree.c(1315): Comp split 70
INFO: dtree.c(1439): stop. leaf nodes are specific
INFO: dtree.c(1478): Final simple tree
|( QUESTION2_0_L -1 -4.928e+04 1.539e+02 2.180e+02
|    ( WDBNDRY_B 0 -4.350e+04 8.125e+01 1.928e+02
|        ( - -5.911e+03 1 0)
|        ( - -3.751e+04 2 0))
|    ( QUESTION0 -1 -5.624e+03 1.605e+02 2.517e+01
|        ( - -2.183e+03 2 0)
|        ( - -3.281e+03 1 0)))
s>    ( QUESTION2_0_L -1 -4.928e+04 1.539e+02 2.180e+02
s>        ( WDBNDRY_B 0 -4.350e+04 8.125e+01 1.928e+02
s>            ( - -5.911e+03 1 0)
s>            ( - -3.751e+04 2 0))
s>        ( QUESTION0 -1 -5.624e+03 1.605e+02 2.517e+01
s>            ( - -2.183e+03 2 0)
s>            ( - -3.281e+03 1 0)))INFO: dtree.c(1315): Comp split 71
INFO: dtree.c(1439): stop. leaf nodes are specific
INFO: dtree.c(1478): Final simple tree
|( QUESTION0 -1 -1.516e+04 1.678e+02 6.829e+01
|    ( - -1.469e+04 3 0)
|    ( - -2.946e+02 1 0))
s>    ( QUESTION0 -1 -1.516e+04 1.678e+02 6.829e+01
s>        ( - -1.469e+04 3 0)
s>        ( - -2.946e+02 1 0))INFO: dtree.c(1315): Comp split 72
INFO: dtree.c(1439): stop. leaf nodes are specific
INFO: dtree.c(1478): Final simple tree
|( QUESTION0 -1 -4.690e+04 1.170e+02 2.080e+02
|    ( WDBNDRY_B 0 -4.350e+04 8.125e+01 1.928e+02
|        ( - -5.911e+03 1 0)
|        ( - -3.751e+04 2 0))
|    ( - -3.281e+03 1 0))
s>    ( QUESTION0 -1 -4.690e+04 1.170e+02 2.080e+02
s>        ( WDBNDRY_B 0 -4.350e+04 8.125e+01 1.928e+02
s>            ( - -5.911e+03 1 0)
s>            ( - -3.751e+04 2 0))
s>        ( - -3.281e+03 1 0))INFO: dtree.c(1315): Comp split 73
INFO: dtree.c(1315): Comp split 74
INFO: dtree.c(1439): stop. leaf nodes are specific
INFO: dtree.c(1478): Final simple tree
|( WDBNDRY_B 0 -1.119e+05 1.287e+02 4.930e+02
|    ( - -6.294e+03 2 0)
|    ( - -1.055e+05 8 0))
s>    ( WDBNDRY_B 0 -1.119e+05 1.287e+02 4.930e+02
s>        ( - -6.294e+03 2 0)
s>        ( - -1.055e+05 8 0))INFO: dtree.c(1315): Comp split 75
INFO: dtree.c(1315): Comp split 76
INFO: dtree.c(1439): stop. leaf nodes are specific
INFO: dtree.c(1478): Final simple tree
|( WDBNDRY_E 0 -8.937e+04 1.298e+02 3.954e+02
|    ( - -8.869e+04 3 0)
|    ( - -5.441e+02 1 0))
s>    ( WDBNDRY_E 0 -8.937e+04 1.298e+02 3.954e+02
s>        ( - -8.869e+04 3 0)
s>        ( - -5.441e+02 1 0))INFO: dtree.c(1315): Comp split 77
INFO: dtree.c(1315): Comp split 78
INFO: dtree.c(1439): stop. leaf nodes are specific
INFO: dtree.c(1478): Final simple tree
|( QUESTION9 -1 -1.361e+04 1.446e+02 6.019e+01
|    ( - -7.336e+02 1 0)
|    ( QUESTION0 -1 -1.273e+04 1.380e+02 5.619e+01
|        ( - -1.115e+04 5 0)
|        ( - -1.439e+03 1 0)))
s>    ( QUESTION9 -1 -1.361e+04 1.446e+02 6.019e+01
s>        ( - -7.336e+02 1 0)
s>        ( QUESTION0 -1 -1.273e+04 1.380e+02 5.619e+01
s>            ( - -1.115e+04 5 0)
s>            ( - -1.439e+03 1 0)))INFO: dtree.c(1315): Comp split 79
INFO: dtree.c(1315): Comp split 80
INFO: dtree.c(1439): stop. leaf nodes are specific
INFO: dtree.c(1478): Final simple tree
|( WDBNDRY_B 0 -3.443e+04 1.330e+02 1.491e+02
|    ( - -1.787e+03 1 0)
|    ( - -3.251e+04 4 0))
s>    ( WDBNDRY_B 0 -3.443e+04 1.330e+02 1.491e+02
s>        ( - -1.787e+03 1 0)
s>        ( - -3.251e+04 4 0))INFO: dtree.c(1315): Comp split 81
INFO: dtree.c(1439): stop. leaf nodes are specific
INFO: dtree.c(1478): Final simple tree
|( QUESTION0_3_R 1 -2.629e+05 1.355e+02 1.153e+03
|    ( - -2.615e+05 11 0)
|    ( - -1.257e+03 1 0))
s>    ( QUESTION0_3_R 1 -2.629e+05 1.355e+02 1.153e+03
s>        ( - -2.615e+05 11 0)
s>        ( - -1.257e+03 1 0))INFO: dtree.c(1315): Comp split 82
INFO: dtree.c(1439): stop. leaf nodes are specific
INFO: dtree.c(1478): Final simple tree
|( QUESTION0_9_R 1 -1.146e+04 1.592e+02 5.002e+01
|    ( - -1.001e+03 1 0)
|    ( - -1.030e+04 4 0))
s>    ( QUESTION0_9_R 1 -1.146e+04 1.592e+02 5.002e+01
s>        ( - -1.001e+03 1 0)
s>        ( - -1.030e+04 4 0))INFO: dtree.c(1315): Comp split 83
INFO: dtree.c(1315): Comp split 84
INFO: dtree.c(1315): Comp split 85
INFO: dtree.c(1439): stop. leaf nodes are specific
INFO: dtree.c(1478): Final simple tree
|( WDBNDRY_B 0 -4.923e+03 1.319e+02 2.254e+01
|    ( - -2.494e+03 1 0)
|    ( - -2.297e+03 1 0))
s>    ( WDBNDRY_B 0 -4.923e+03 1.319e+02 2.254e+01
s>        ( - -2.494e+03 1 0)
s>        ( - -2.297e+03 1 0))INFO: dtree.c(1315): Comp split 86
INFO: dtree.c(1315): Comp split 87
INFO: dtree.c(1315): Comp split 88
INFO: dtree.c(1315): Comp split 89
INFO: dtree.c(1315): Comp split 90
INFO: dtree.c(1439): stop. leaf nodes are specific
INFO: dtree.c(1478): Final simple tree
|( WDBNDRY_B 0 -2.891e+03 1.292e+02 1.300e+01
|    ( - -9.688e+02 1 0)
|    ( - -1.793e+03 1 0))
s>    ( WDBNDRY_B 0 -2.891e+03 1.292e+02 1.300e+01
s>        ( - -9.688e+02 1 0)
s>        ( - -1.793e+03 1 0))INFO: dtree.c(1315): Comp split 91
INFO: dtree.c(1315): Comp split 92
INFO: dtree.c(1439): stop. leaf nodes are specific
INFO: dtree.c(1478): Final simple tree
|( QUESTION0 -1 -1.273e+04 1.380e+02 5.619e+01
|    ( - -1.115e+04 5 0)
|    ( - -1.439e+03 1 0))
s>    ( QUESTION0 -1 -1.273e+04 1.380e+02 5.619e+01
s>        ( - -1.115e+04 5 0)
s>        ( - -1.439e+03 1 0))INFO: dtree.c(1315): Comp split 93
INFO: dtree.c(1315): Comp split 94
INFO: dtree.c(1315): Comp split 95
INFO: dtree.c(1315): Comp split 96
INFO: dtree.c(1315): Comp split 97
INFO: dtree.c(1315): Comp split 98
INFO: dtree.c(1315): Comp split 99
INFO: dtree.c(1315): Comp split 100
INFO: dtree.c(1315): Comp split 101
INFO: dtree.c(1315): Comp split 102
INFO: dtree.c(1315): Comp split 103
INFO: dtree.c(1439): stop. leaf nodes are specific
INFO: dtree.c(1478): Final simple tree
|( QUESTION0_14_R 1 -1.261e+04 1.197e+02 5.615e+01
|    ( - -1.148e+04 3 0)
|    ( - -1.008e+03 1 0))
s>    ( QUESTION0_14_R 1 -1.261e+04 1.197e+02 5.615e+01
s>        ( - -1.148e+04 3 0)
s>        ( - -1.008e+03 1 0))INFO: dtree.c(1315): Comp split 104
INFO: dtree.c(1315): Comp split 105
INFO: dtree.c(1315): Comp split 106
INFO: dtree.c(1439): stop. leaf nodes are specific
INFO: dtree.c(1478): Final simple tree
|( WDBNDRY_B 0 -4.350e+04 8.125e+01 1.928e+02
|    ( - -5.911e+03 1 0)
|    ( - -3.751e+04 2 0))
s>    ( WDBNDRY_B 0 -4.350e+04 8.125e+01 1.928e+02
s>        ( - -5.911e+03 1 0)
s>        ( - -3.751e+04 2 0))INFO: dtree.c(1315): Comp split 107
INFO: dtree.c(1315): Comp split 108
INFO: dtree.c(1315): Comp split 109
INFO: dtree.c(1318): stop. leaf nodes are specific
Fri Jan  6 22:28:07 2023
