Current configuration:
[NAME]		[DEFLT]	[VALUE]
-allphones	no	no
-cntthresh	0.00001	1.000000e-05
-csplitmax	100	2000
-csplitmin	1	1
-csplitthr	8e-4	0.000000e+00
-example	no	no
-fullvar	no	no
-help		no	no
-meanfn			/mnt/c/users/robin/onedrive/desktop/cmu/Cebuano/model_parameters/Cebuano.cd_cont_untied/means
-mixwfn			/mnt/c/users/robin/onedrive/desktop/cmu/Cebuano/model_parameters/Cebuano.cd_cont_untied/mixture_weights
-moddeffn		/mnt/c/users/robin/onedrive/desktop/cmu/Cebuano/model_architecture/Cebuano.untied.mdef
-mwfloor	1e-4	1.000000e-08
-phone			NG
-psetfn			/mnt/c/users/robin/onedrive/desktop/cmu/Cebuano/model_architecture/Cebuano.tree_questions
-ssplitmax	5	7
-ssplitmin	1	1
-ssplitthr	8e-4	0.000000e+00
-state			1
-stwt			1.0,0.05,0.0,
-treefn			/mnt/c/users/robin/onedrive/desktop/cmu/Cebuano/trees/Cebuano.unpruned/NG-1.dtree
-ts2cbfn	.semi.	.cont.
-varfloor	0.00001	1.000000e-05
-varfn			/mnt/c/users/robin/onedrive/desktop/cmu/Cebuano/model_parameters/Cebuano.cd_cont_untied/variances

INFO: main.c(223): Reading: /mnt/c/users/robin/onedrive/desktop/cmu/Cebuano/model_architecture/Cebuano.untied.mdef
INFO: model_def_io.c(573): Model definition info:
INFO: model_def_io.c(574): 7744 total models defined (40 base, 7704 tri)
INFO: model_def_io.c(575): 30976 total states
INFO: model_def_io.c(576): 23232 total tied states
INFO: model_def_io.c(577): 120 total tied CI states
INFO: model_def_io.c(578): 40 total tied transition matrices
INFO: model_def_io.c(579): 4 max state/model
INFO: model_def_io.c(580): 4 min state/model
INFO: main.c(242): Building trees for [NG AA AA e] through [NG UW AE e]
INFO: main.c(268): Covering states |[16461 16862]| == 402
INFO: main.c(275): Reading: /mnt/c/users/robin/onedrive/desktop/cmu/Cebuano/model_parameters/Cebuano.cd_cont_untied/mixture_weights
INFO: s3mixw_io.c(172): Read /mnt/c/users/robin/onedrive/desktop/cmu/Cebuano/model_parameters/Cebuano.cd_cont_untied/mixture_weights [402x1x1 array]
INFO: main.c(311): 134 of 134 models have observation count greater than 0.000010
INFO: main.c(95): nrm stwt: 0.045 0.909 0.045 
INFO: s3gau_io.c(168): Read /mnt/c/users/robin/onedrive/desktop/cmu/Cebuano/model_parameters/Cebuano.cd_cont_untied/means [23232x1x1 array]
INFO: s3gau_io.c(168): Read /mnt/c/users/robin/onedrive/desktop/cmu/Cebuano/model_parameters/Cebuano.cd_cont_untied/variances [23232x1x1 array]
INFO: main.c(549): Reading: /mnt/c/users/robin/onedrive/desktop/cmu/Cebuano/model_architecture/Cebuano.tree_questions
INFO: main.c(587): 180 total simple questions (172 phone; 8 word bndry)
INFO: main.c(589): 42 Left Only questions, and 42 Right Only questions
INFO: dtree.c(1478): Final simple tree
|( SILENCE 1 -9.341e+06 2.848e+04 4.516e+04
|    ( - -1.311e+06 5 0 QUESTION0 -1 6.659e+02 6.834e+03)
|    ( QUESTION0_1_R 1 -8.002e+06 2.958e+04 3.833e+04
|        ( QUESTION10 1 -3.101e+06 7.265e+03 1.544e+04
|            ( - -1.556e+06 28 0 QUESTION2_19_L -1 1.868e+03 7.632e+03)
|            ( - -1.537e+06 14 0 QUESTION2_13_L -1 1.143e+03 7.812e+03))
|        ( QUESTION0_3_R 1 -4.872e+06 6.841e+03 2.288e+04
|            ( - -1.979e+06 23 0 QUESTION2_13_L -1 1.304e+03 9.317e+03)
|            ( QUESTION0_0_R 1 -2.886e+06 3.226e+03 1.356e+04
|                ( - -6.433e+05 10 0 QUESTION2_13_L -1 8.812e+02 3.012e+03)
|                ( QUESTION14 1 -2.240e+06 2.990e+03 1.055e+04
|                    ( - -4.307e+05 8 0 WDBNDRY_E 0 7.552e+02 1.998e+03)
|                    ( QUESTION0 -1 -1.806e+06 2.535e+03 8.554e+03
|                        ( - -1.669e+06 38 0 QUESTION0_10_R 1 2.373e+03 7.938e+03)
|                        ( - -1.346e+05 8 0 WDBNDRY_E 0 7.133e+02 6.159e+02)))))))
s>    ( SILENCE 1 -9.341e+06 2.848e+04 4.516e+04
s>        ( - -1.311e+06 5 0 QUESTION0 -1 6.659e+02 6.834e+03)
s>        ( QUESTION0_1_R 1 -8.002e+06 2.958e+04 3.833e+04
s>            ( QUESTION10 1 -3.101e+06 7.265e+03 1.544e+04
s>                ( - -1.556e+06 28 0 QUESTION2_19_L -1 1.868e+03 7.632e+03)
s>                ( - -1.537e+06 14 0 QUESTION2_13_L -1 1.143e+03 7.812e+03))
s>            ( QUESTION0_3_R 1 -4.872e+06 6.841e+03 2.288e+04
s>                ( - -1.979e+06 23 0 QUESTION2_13_L -1 1.304e+03 9.317e+03)
s>                ( QUESTION0_0_R 1 -2.886e+06 3.226e+03 1.356e+04
s>                    ( - -6.433e+05 10 0 QUESTION2_13_L -1 8.812e+02 3.012e+03)
s>                    ( QUESTION14 1 -2.240e+06 2.990e+03 1.055e+04
s>                        ( - -4.307e+05 8 0 WDBNDRY_E 0 7.552e+02 1.998e+03)
s>                        ( QUESTION0 -1 -1.806e+06 2.535e+03 8.554e+03
s>                            ( - -1.669e+06 38 0 QUESTION0_10_R 1 2.373e+03 7.938e+03)
s>                            ( - -1.346e+05 8 0 WDBNDRY_E 0 7.133e+02 6.159e+02)))))))INFO: dtree.c(1315): Comp split 0
INFO: dtree.c(1478): Final simple tree
|( QUESTION0_3_R 1 -4.872e+06 6.841e+03 2.288e+04
|    ( QUESTION2_13_L -1 -1.979e+06 1.304e+03 9.317e+03
|        ( - -5.481e+04 7 0 QUESTION0 -1 3.102e+02 2.549e+02)
|        ( - -1.923e+06 16 0 WDBNDRY_E 0 4.137e+02 9.062e+03))
|    ( QUESTION0_0_R 1 -2.886e+06 3.226e+03 1.356e+04
|        ( - -6.433e+05 10 0 QUESTION2_13_L -1 8.812e+02 3.012e+03)
|        ( QUESTION14 1 -2.240e+06 2.990e+03 1.055e+04
|            ( - -4.307e+05 8 0 WDBNDRY_E 0 7.552e+02 1.998e+03)
|            ( QUESTION0 -1 -1.806e+06 2.535e+03 8.554e+03
|                ( QUESTION0_10_R 1 -1.669e+06 2.373e+03 7.938e+03
|                    ( QUESTION0 1 -6.120e+05 1.284e+03 2.936e+03
|                        ( - -3.355e+05 4 0)
|                        ( - -2.752e+05 6 0 WDBNDRY_E 0 4.137e+02 1.339e+03))
|                    ( - -1.054e+06 28 0 QUESTION0_14_R 1 1.060e+03 5.003e+03))
|                ( - -1.346e+05 8 0 WDBNDRY_E 0 7.133e+02 6.159e+02)))))
s>    ( QUESTION0_3_R 1 -4.872e+06 6.841e+03 2.288e+04
s>        ( QUESTION2_13_L -1 -1.979e+06 1.304e+03 9.317e+03
s>            ( - -5.481e+04 7 0 QUESTION0 -1 3.102e+02 2.549e+02)
s>            ( - -1.923e+06 16 0 WDBNDRY_E 0 4.137e+02 9.062e+03))
s>        ( QUESTION0_0_R 1 -2.886e+06 3.226e+03 1.356e+04
s>            ( - -6.433e+05 10 0 QUESTION2_13_L -1 8.812e+02 3.012e+03)
s>            ( QUESTION14 1 -2.240e+06 2.990e+03 1.055e+04
s>                ( - -4.307e+05 8 0 WDBNDRY_E 0 7.552e+02 1.998e+03)
s>                ( QUESTION0 -1 -1.806e+06 2.535e+03 8.554e+03
s>                    ( QUESTION0_10_R 1 -1.669e+06 2.373e+03 7.938e+03
s>                        ( QUESTION0 1 -6.120e+05 1.284e+03 2.936e+03
s>                            ( - -3.355e+05 4 0)
s>                            ( - -2.752e+05 6 0 WDBNDRY_E 0 4.137e+02 1.339e+03))
s>                        ( - -1.054e+06 28 0 QUESTION0_14_R 1 1.060e+03 5.003e+03))
s>                    ( - -1.346e+05 8 0 WDBNDRY_E 0 7.133e+02 6.159e+02)))))INFO: dtree.c(1478): Final simple tree
|( SILENCE 1 -4.424e+06 1.249e+04 2.228e+04
|    ( QUESTION0 -1 -1.311e+06 6.659e+02 6.834e+03
|        ( - -1.238e+06 4 0)
|        ( - -7.217e+04 1 0))
|    ( QUESTION10 1 -3.101e+06 7.265e+03 1.544e+04
|        ( QUESTION2_19_L -1 -1.556e+06 1.868e+03 7.632e+03
|            ( WDBNDRY_E 0 -1.448e+06 6.889e+02 7.122e+03
|                ( - -1.435e+06 15 0)
|                ( - -1.271e+04 3 0))
|            ( - -1.059e+05 10 0 WDBNDRY_E 0 6.346e+02 5.107e+02))
|        ( QUESTION2_13_L -1 -1.537e+06 1.143e+03 7.812e+03
|            ( - -3.722e+04 4 0 QUESTION12 1 2.731e+02 1.791e+02)
|            ( QUESTION12 1 -1.499e+06 7.178e+02 7.633e+03
|                ( - -1.443e+06 8 0)
|                ( - -5.529e+04 2 0)))))
s>    ( SILENCE 1 -4.424e+06 1.249e+04 2.228e+04
s>        ( QUESTION0 -1 -1.311e+06 6.659e+02 6.834e+03
s>            ( - -1.238e+06 4 0)
s>            ( - -7.217e+04 1 0))
s>        ( QUESTION10 1 -3.101e+06 7.265e+03 1.544e+04
s>            ( QUESTION2_19_L -1 -1.556e+06 1.868e+03 7.632e+03
s>                ( WDBNDRY_E 0 -1.448e+06 6.889e+02 7.122e+03
s>                    ( - -1.435e+06 15 0)
s>                    ( - -1.271e+04 3 0))
s>                ( - -1.059e+05 10 0 WDBNDRY_E 0 6.346e+02 5.107e+02))
s>            ( QUESTION2_13_L -1 -1.537e+06 1.143e+03 7.812e+03
s>                ( - -3.722e+04 4 0 QUESTION12 1 2.731e+02 1.791e+02)
s>                ( QUESTION12 1 -1.499e+06 7.178e+02 7.633e+03
s>                    ( - -1.443e+06 8 0)
s>                    ( - -5.529e+04 2 0)))))INFO: dtree.c(1315): Comp split 1
INFO: dtree.c(1478): Final simple tree
|( QUESTION10 1 -3.101e+06 7.265e+03 1.544e+04
|    ( QUESTION2_19_L -1 -1.556e+06 1.868e+03 7.632e+03
|        ( WDBNDRY_E 0 -1.448e+06 6.889e+02 7.122e+03
|            ( - -1.435e+06 15 0)
|            ( - -1.271e+04 3 0))
|        ( WDBNDRY_E 0 -1.059e+05 6.346e+02 5.107e+02
|            ( QUESTION0 -1 -7.555e+04 4.359e+02 3.596e+02
|                ( - -1.566e+04 3 0)
|                ( - -5.945e+04 4 0))
|            ( - -2.968e+04 3 0 QUESTION14 -1 2.887e+02 1.511e+02)))
|    ( QUESTION2_13_L -1 -1.537e+06 1.143e+03 7.812e+03
|        ( - -3.722e+04 4 0 QUESTION12 1 2.731e+02 1.791e+02)
|        ( QUESTION12 1 -1.499e+06 7.178e+02 7.633e+03
|            ( - -1.443e+06 8 0)
|            ( - -5.529e+04 2 0))))
s>    ( QUESTION10 1 -3.101e+06 7.265e+03 1.544e+04
s>        ( QUESTION2_19_L -1 -1.556e+06 1.868e+03 7.632e+03
s>            ( WDBNDRY_E 0 -1.448e+06 6.889e+02 7.122e+03
s>                ( - -1.435e+06 15 0)
s>                ( - -1.271e+04 3 0))
s>            ( WDBNDRY_E 0 -1.059e+05 6.346e+02 5.107e+02
s>                ( QUESTION0 -1 -7.555e+04 4.359e+02 3.596e+02
s>                    ( - -1.566e+04 3 0)
s>                    ( - -5.945e+04 4 0))
s>                ( - -2.968e+04 3 0 QUESTION14 -1 2.887e+02 1.511e+02)))
s>        ( QUESTION2_13_L -1 -1.537e+06 1.143e+03 7.812e+03
s>            ( - -3.722e+04 4 0 QUESTION12 1 2.731e+02 1.791e+02)
s>            ( QUESTION12 1 -1.499e+06 7.178e+02 7.633e+03
s>                ( - -1.443e+06 8 0)
s>                ( - -5.529e+04 2 0))))INFO: dtree.c(1439): stop. leaf nodes are specific
INFO: dtree.c(1478): Final simple tree
|( QUESTION0 -1 -1.311e+06 6.659e+02 6.834e+03
|    ( - -1.238e+06 4 0)
|    ( - -7.217e+04 1 0))
s>    ( QUESTION0 -1 -1.311e+06 6.659e+02 6.834e+03
s>        ( - -1.238e+06 4 0)
s>        ( - -7.217e+04 1 0))INFO: dtree.c(1315): Comp split 2
INFO: dtree.c(1439): stop. leaf nodes are specific
INFO: dtree.c(1478): Final simple tree
|( QUESTION12 1 -1.499e+06 7.178e+02 7.633e+03
|    ( - -1.443e+06 8 0)
|    ( - -5.529e+04 2 0))
s>    ( QUESTION12 1 -1.499e+06 7.178e+02 7.633e+03
s>        ( - -1.443e+06 8 0)
s>        ( - -5.529e+04 2 0))INFO: dtree.c(1478): Final simple tree
|( QUESTION2_19_L -1 -1.594e+06 2.371e+03 7.811e+03
|    ( WDBNDRY_E 0 -1.448e+06 6.889e+02 7.122e+03
|        ( - -1.435e+06 15 0)
|        ( - -1.271e+04 3 0))
|    ( WDBNDRY_E 0 -1.436e+05 6.146e+02 6.898e+02
|        ( QUESTION10 1 -1.133e+05 5.225e+02 5.387e+02
|            ( QUESTION0 -1 -7.555e+04 4.359e+02 3.596e+02
|                ( - -1.566e+04 3 0)
|                ( - -5.945e+04 4 0))
|            ( QUESTION12 1 -3.722e+04 2.731e+02 1.791e+02
|                ( - -2.567e+04 3 0 QUESTION0 -1 2.031e+02 1.228e+02)
|                ( - -1.128e+04 1 0)))
|        ( QUESTION14 -1 -2.968e+04 2.887e+02 1.511e+02
|            ( - -2.845e+04 2 0 QUESTION2_0_L -1 2.627e+02 1.461e+02)
|            ( - -9.409e+02 1 0))))
s>    ( QUESTION2_19_L -1 -1.594e+06 2.371e+03 7.811e+03
s>        ( WDBNDRY_E 0 -1.448e+06 6.889e+02 7.122e+03
s>            ( - -1.435e+06 15 0)
s>            ( - -1.271e+04 3 0))
s>        ( WDBNDRY_E 0 -1.436e+05 6.146e+02 6.898e+02
s>            ( QUESTION10 1 -1.133e+05 5.225e+02 5.387e+02
s>                ( QUESTION0 -1 -7.555e+04 4.359e+02 3.596e+02
s>                    ( - -1.566e+04 3 0)
s>                    ( - -5.945e+04 4 0))
s>                ( QUESTION12 1 -3.722e+04 2.731e+02 1.791e+02
s>                    ( - -2.567e+04 3 0 QUESTION0 -1 2.031e+02 1.228e+02)
s>                    ( - -1.128e+04 1 0)))
s>            ( QUESTION14 -1 -2.968e+04 2.887e+02 1.511e+02
s>                ( - -2.845e+04 2 0 QUESTION2_0_L -1 2.627e+02 1.461e+02)
s>                ( - -9.409e+02 1 0))))INFO: dtree.c(1315): Comp split 3
INFO: dtree.c(1478): Final simple tree
|( QUESTION0_0_R 1 -2.886e+06 3.226e+03 1.356e+04
|    ( QUESTION2_13_L -1 -6.433e+05 8.812e+02 3.012e+03
|        ( - -2.449e+04 3 0 QUESTION0_6_R 1 1.496e+02 1.127e+02)
|        ( - -6.179e+05 7 0 WDBNDRY_E 0 6.014e+02 2.899e+03))
|    ( QUESTION14 1 -2.240e+06 2.990e+03 1.055e+04
|        ( - -4.307e+05 8 0 WDBNDRY_E 0 7.552e+02 1.998e+03)
|        ( QUESTION0 -1 -1.806e+06 2.535e+03 8.554e+03
|            ( QUESTION0_10_R 1 -1.669e+06 2.373e+03 7.938e+03
|                ( QUESTION0 1 -6.120e+05 1.284e+03 2.936e+03
|                    ( - -3.355e+05 4 0)
|                    ( - -2.752e+05 6 0 WDBNDRY_E 0 4.137e+02 1.339e+03))
|                ( QUESTION0_14_R 1 -1.054e+06 1.060e+03 5.003e+03
|                    ( - -8.339e+05 16 0 WDBNDRY_E 0 5.213e+02 3.944e+03)
|                    ( - -2.194e+05 12 0 QUESTION0 1 4.011e+02 1.058e+03)))
|            ( - -1.346e+05 8 0 WDBNDRY_E 0 7.133e+02 6.159e+02))))
s>    ( QUESTION0_0_R 1 -2.886e+06 3.226e+03 1.356e+04
s>        ( QUESTION2_13_L -1 -6.433e+05 8.812e+02 3.012e+03
s>            ( - -2.449e+04 3 0 QUESTION0_6_R 1 1.496e+02 1.127e+02)
s>            ( - -6.179e+05 7 0 WDBNDRY_E 0 6.014e+02 2.899e+03))
s>        ( QUESTION14 1 -2.240e+06 2.990e+03 1.055e+04
s>            ( - -4.307e+05 8 0 WDBNDRY_E 0 7.552e+02 1.998e+03)
s>            ( QUESTION0 -1 -1.806e+06 2.535e+03 8.554e+03
s>                ( QUESTION0_10_R 1 -1.669e+06 2.373e+03 7.938e+03
s>                    ( QUESTION0 1 -6.120e+05 1.284e+03 2.936e+03
s>                        ( - -3.355e+05 4 0)
s>                        ( - -2.752e+05 6 0 WDBNDRY_E 0 4.137e+02 1.339e+03))
s>                    ( QUESTION0_14_R 1 -1.054e+06 1.060e+03 5.003e+03
s>                        ( - -8.339e+05 16 0 WDBNDRY_E 0 5.213e+02 3.944e+03)
s>                        ( - -2.194e+05 12 0 QUESTION0 1 4.011e+02 1.058e+03)))
s>                ( - -1.346e+05 8 0 WDBNDRY_E 0 7.133e+02 6.159e+02))))INFO: dtree.c(1439): stop. leaf nodes are specific
INFO: dtree.c(1478): Final simple tree
|( QUESTION2_13_L -1 -1.979e+06 1.304e+03 9.317e+03
|    ( QUESTION0 -1 -5.481e+04 3.102e+02 2.549e+02
|        ( - -6.068e+03 2 0)
|        ( WDBNDRY_E 0 -4.843e+04 1.692e+02 2.269e+02
|            ( - -4.363e+04 3 0)
|            ( - -4.630e+03 2 0)))
|    ( WDBNDRY_E 0 -1.923e+06 4.137e+02 9.062e+03
|        ( QUESTION2 1 -1.901e+06 1.766e+02 8.959e+03
|            ( - -3.113e+02 1 0)
|            ( - -1.900e+06 12 0))
|        ( - -2.153e+04 3 0)))
s>    ( QUESTION2_13_L -1 -1.979e+06 1.304e+03 9.317e+03
s>        ( QUESTION0 -1 -5.481e+04 3.102e+02 2.549e+02
s>            ( - -6.068e+03 2 0)
s>            ( WDBNDRY_E 0 -4.843e+04 1.692e+02 2.269e+02
s>                ( - -4.363e+04 3 0)
s>                ( - -4.630e+03 2 0)))
s>        ( WDBNDRY_E 0 -1.923e+06 4.137e+02 9.062e+03
s>            ( QUESTION2 1 -1.901e+06 1.766e+02 8.959e+03
s>                ( - -3.113e+02 1 0)
s>                ( - -1.900e+06 12 0))
s>            ( - -2.153e+04 3 0)))INFO: dtree.c(1315): Comp split 4
INFO: dtree.c(1478): Final simple tree
|( QUESTION0_10_R 1 -1.331e+06 1.815e+03 6.341e+03
|    ( WDBNDRY_E 0 -2.752e+05 4.137e+02 1.339e+03
|        ( - -2.546e+05 5 0)
|        ( - -2.019e+04 1 0))
|    ( QUESTION0_14_R 1 -1.054e+06 1.060e+03 5.003e+03
|        ( WDBNDRY_E 0 -8.339e+05 5.213e+02 3.944e+03
|            ( - -8.153e+05 15 0)
|            ( - -1.803e+04 1 0))
|        ( QUESTION0 1 -2.194e+05 4.011e+02 1.058e+03
|            ( QUESTION0_16_R 1 -2.942e+04 2.843e+02 1.385e+02
|                ( - -2.352e+04 3 0)
|                ( - -5.613e+03 1 0))
|            ( QUESTION0_17_R 1 -1.896e+05 2.849e+02 9.198e+02
|                ( - -1.878e+04 4 0 QUESTION12 1 2.296e+02 9.146e+01)
|                ( - -1.706e+05 4 0 QUESTION0_9_R 1 2.426e+02 8.283e+02)))))
s>    ( QUESTION0_10_R 1 -1.331e+06 1.815e+03 6.341e+03
s>        ( WDBNDRY_E 0 -2.752e+05 4.137e+02 1.339e+03
s>            ( - -2.546e+05 5 0)
s>            ( - -2.019e+04 1 0))
s>        ( QUESTION0_14_R 1 -1.054e+06 1.060e+03 5.003e+03
s>            ( WDBNDRY_E 0 -8.339e+05 5.213e+02 3.944e+03
s>                ( - -8.153e+05 15 0)
s>                ( - -1.803e+04 1 0))
s>            ( QUESTION0 1 -2.194e+05 4.011e+02 1.058e+03
s>                ( QUESTION0_16_R 1 -2.942e+04 2.843e+02 1.385e+02
s>                    ( - -2.352e+04 3 0)
s>                    ( - -5.613e+03 1 0))
s>                ( QUESTION0_17_R 1 -1.896e+05 2.849e+02 9.198e+02
s>                    ( - -1.878e+04 4 0 QUESTION12 1 2.296e+02 9.146e+01)
s>                    ( - -1.706e+05 4 0 QUESTION0_9_R 1 2.426e+02 8.283e+02)))))INFO: dtree.c(1478): Final simple tree
|( QUESTION2_13_L -1 -1.550e+06 2.518e+03 7.223e+03
|    ( WDBNDRY_E 0 -1.596e+05 7.218e+02 7.287e+02
|        ( - -1.331e+05 10 0 QUESTION0_15_R 1 5.791e+02 6.038e+02)
|        ( - -2.582e+04 1 0))
|    ( QUESTION9 1 -1.388e+06 2.547e+03 6.494e+03
|        ( WDBNDRY_E 0 -4.307e+05 7.552e+02 1.998e+03
|            ( - -4.048e+05 7 0 QUESTION0_9_R 1 4.014e+02 1.877e+03)
|            ( - -2.513e+04 1 0))
|        ( QUESTION0_0_R 1 -9.547e+05 1.254e+03 4.496e+03
|            ( WDBNDRY_E 0 -6.179e+05 6.014e+02 2.899e+03
|                ( QUESTION6 1 -5.945e+05 5.861e+02 2.789e+03
|                    ( - -3.760e+04 2 0)
|                    ( - -5.563e+05 4 0 QUESTION0_6_R 1 2.247e+02 2.612e+03))
|                ( - -2.281e+04 1 0))
|            ( - -3.355e+05 4 0))))
s>    ( QUESTION2_13_L -1 -1.550e+06 2.518e+03 7.223e+03
s>        ( WDBNDRY_E 0 -1.596e+05 7.218e+02 7.287e+02
s>            ( - -1.331e+05 10 0 QUESTION0_15_R 1 5.791e+02 6.038e+02)
s>            ( - -2.582e+04 1 0))
s>        ( QUESTION9 1 -1.388e+06 2.547e+03 6.494e+03
s>            ( WDBNDRY_E 0 -4.307e+05 7.552e+02 1.998e+03
s>                ( - -4.048e+05 7 0 QUESTION0_9_R 1 4.014e+02 1.877e+03)
s>                ( - -2.513e+04 1 0))
s>            ( QUESTION0_0_R 1 -9.547e+05 1.254e+03 4.496e+03
s>                ( WDBNDRY_E 0 -6.179e+05 6.014e+02 2.899e+03
s>                    ( QUESTION6 1 -5.945e+05 5.861e+02 2.789e+03
s>                        ( - -3.760e+04 2 0)
s>                        ( - -5.563e+05 4 0 QUESTION0_6_R 1 2.247e+02 2.612e+03))
s>                    ( - -2.281e+04 1 0))
s>                ( - -3.355e+05 4 0))))INFO: dtree.c(1315): Comp split 5
INFO: dtree.c(1439): stop. leaf nodes are specific
INFO: dtree.c(1478): Final simple tree
|( QUESTION0_0_R 1 -9.547e+05 1.254e+03 4.496e+03
|    ( WDBNDRY_E 0 -6.179e+05 6.014e+02 2.899e+03
|        ( QUESTION6 1 -5.945e+05 5.861e+02 2.789e+03
|            ( - -3.760e+04 2 0)
|            ( QUESTION0_6_R 1 -5.563e+05 2.247e+02 2.612e+03
|                ( - -5.534e+05 3 0)
|                ( - -2.715e+03 1 0)))
|        ( - -2.281e+04 1 0))
|    ( - -3.355e+05 4 0))
s>    ( QUESTION0_0_R 1 -9.547e+05 1.254e+03 4.496e+03
s>        ( WDBNDRY_E 0 -6.179e+05 6.014e+02 2.899e+03
s>            ( QUESTION6 1 -5.945e+05 5.861e+02 2.789e+03
s>                ( - -3.760e+04 2 0)
s>                ( QUESTION0_6_R 1 -5.563e+05 2.247e+02 2.612e+03
s>                    ( - -5.534e+05 3 0)
s>                    ( - -2.715e+03 1 0)))
s>            ( - -2.281e+04 1 0))
s>        ( - -3.355e+05 4 0))INFO: dtree.c(1478): Final simple tree
|( QUESTION14 1 -5.923e+05 1.980e+03 2.727e+03
|    ( WDBNDRY_E 0 -4.307e+05 7.552e+02 1.998e+03
|        ( QUESTION0_9_R 1 -4.048e+05 4.014e+02 1.877e+03
|            ( - -1.958e+05 4 0)
|            ( - -2.086e+05 3 0))
|        ( - -2.513e+04 1 0))
|    ( WDBNDRY_E 0 -1.596e+05 7.218e+02 7.287e+02
|        ( QUESTION0_15_R 1 -1.331e+05 5.791e+02 6.038e+02
|            ( - -2.753e+04 2 0 QUESTION0 1 1.621e+02 1.315e+02)
|            ( QUESTION0 1 -1.049e+05 5.285e+02 4.723e+02
|                ( - -6.548e+04 4 0 QUESTION0_9_R 1 3.300e+02 2.909e+02)
|                ( QUESTION0_0_R 1 -3.894e+04 3.815e+02 1.814e+02
|                    ( - -2.449e+04 3 0 QUESTION0_6_R 1 1.496e+02 1.127e+02)
|                    ( - -1.406e+04 1 0))))
|        ( - -2.582e+04 1 0)))
s>    ( QUESTION14 1 -5.923e+05 1.980e+03 2.727e+03
s>        ( WDBNDRY_E 0 -4.307e+05 7.552e+02 1.998e+03
s>            ( QUESTION0_9_R 1 -4.048e+05 4.014e+02 1.877e+03
s>                ( - -1.958e+05 4 0)
s>                ( - -2.086e+05 3 0))
s>            ( - -2.513e+04 1 0))
s>        ( WDBNDRY_E 0 -1.596e+05 7.218e+02 7.287e+02
s>            ( QUESTION0_15_R 1 -1.331e+05 5.791e+02 6.038e+02
s>                ( - -2.753e+04 2 0 QUESTION0 1 1.621e+02 1.315e+02)
s>                ( QUESTION0 1 -1.049e+05 5.285e+02 4.723e+02
s>                    ( - -6.548e+04 4 0 QUESTION0_9_R 1 3.300e+02 2.909e+02)
s>                    ( QUESTION0_0_R 1 -3.894e+04 3.815e+02 1.814e+02
s>                        ( - -2.449e+04 3 0 QUESTION0_6_R 1 1.496e+02 1.127e+02)
s>                        ( - -1.406e+04 1 0))))
s>            ( - -2.582e+04 1 0)))INFO: dtree.c(1315): Comp split 6
INFO: dtree.c(1439): stop. leaf nodes are specific
INFO: dtree.c(1478): Final simple tree
|( WDBNDRY_E 0 -1.436e+06 2.249e+02 7.069e+03
|    ( - -1.435e+06 15 0)
|    ( - -9.409e+02 1 0))
s>    ( WDBNDRY_E 0 -1.436e+06 2.249e+02 7.069e+03
s>        ( - -1.435e+06 15 0)
s>        ( - -9.409e+02 1 0))INFO: dtree.c(1478): Final simple tree
|( QUESTION2_19_L -1 -1.558e+05 6.760e+02 7.420e+02
|    ( - -1.271e+04 3 0)
|    ( WDBNDRY_E 0 -1.424e+05 6.380e+02 6.848e+02
|        ( QUESTION10 1 -1.133e+05 5.225e+02 5.387e+02
|            ( QUESTION0 -1 -7.555e+04 4.359e+02 3.596e+02
|                ( - -1.566e+04 3 0)
|                ( - -5.945e+04 4 0))
|            ( QUESTION12 1 -3.722e+04 2.731e+02 1.791e+02
|                ( QUESTION0 -1 -2.567e+04 2.031e+02 1.228e+02
|                    ( - -1.319e+03 1 0)
|                    ( - -2.415e+04 2 0))
|                ( - -1.128e+04 1 0)))
|        ( QUESTION2_0_L -1 -2.845e+04 2.627e+02 1.461e+02
|            ( - -2.101e+04 1 0)
|            ( - -7.175e+03 1 0))))
s>    ( QUESTION2_19_L -1 -1.558e+05 6.760e+02 7.420e+02
s>        ( - -1.271e+04 3 0)
s>        ( WDBNDRY_E 0 -1.424e+05 6.380e+02 6.848e+02
s>            ( QUESTION10 1 -1.133e+05 5.225e+02 5.387e+02
s>                ( QUESTION0 -1 -7.555e+04 4.359e+02 3.596e+02
s>                    ( - -1.566e+04 3 0)
s>                    ( - -5.945e+04 4 0))
s>                ( QUESTION12 1 -3.722e+04 2.731e+02 1.791e+02
s>                    ( QUESTION0 -1 -2.567e+04 2.031e+02 1.228e+02
s>                        ( - -1.319e+03 1 0)
s>                        ( - -2.415e+04 2 0))
s>                    ( - -1.128e+04 1 0)))
s>            ( QUESTION2_0_L -1 -2.845e+04 2.627e+02 1.461e+02
s>                ( - -2.101e+04 1 0)
s>                ( - -7.175e+03 1 0))))INFO: dtree.c(1315): Comp split 7
INFO: dtree.c(1439): stop. leaf nodes are specific
INFO: dtree.c(1478): Final simple tree
|( QUESTION0_9_R 1 -4.048e+05 4.014e+02 1.877e+03
|    ( - -1.958e+05 4 0)
|    ( - -2.086e+05 3 0))
s>    ( QUESTION0_9_R 1 -4.048e+05 4.014e+02 1.877e+03
s>        ( - -1.958e+05 4 0)
s>        ( - -2.086e+05 3 0))INFO: dtree.c(1478): Final simple tree
|( WDBNDRY_E 0 -1.854e+05 8.158e+02 8.495e+02
|    ( QUESTION0_15_R 1 -1.331e+05 5.791e+02 6.038e+02
|        ( QUESTION0 1 -2.753e+04 1.621e+02 1.315e+02
|            ( - -3.161e+02 1 0)
|            ( - -2.706e+04 1 0))
|        ( QUESTION0 1 -1.049e+05 5.285e+02 4.723e+02
|            ( QUESTION0_9_R 1 -6.548e+04 3.300e+02 2.909e+02
|                ( - -1.754e+04 1 0)
|                ( - -4.761e+04 3 0))
|            ( QUESTION0_0_R 1 -3.894e+04 3.815e+02 1.814e+02
|                ( - -2.449e+04 3 0 QUESTION0_6_R 1 1.496e+02 1.127e+02)
|                ( - -1.406e+04 1 0))))
|    ( QUESTION0_14_R 1 -5.156e+04 6.132e+02 2.458e+02
|        ( - -2.582e+04 1 0)
|        ( - -2.513e+04 1 0)))
s>    ( WDBNDRY_E 0 -1.854e+05 8.158e+02 8.495e+02
s>        ( QUESTION0_15_R 1 -1.331e+05 5.791e+02 6.038e+02
s>            ( QUESTION0 1 -2.753e+04 1.621e+02 1.315e+02
s>                ( - -3.161e+02 1 0)
s>                ( - -2.706e+04 1 0))
s>            ( QUESTION0 1 -1.049e+05 5.285e+02 4.723e+02
s>                ( QUESTION0_9_R 1 -6.548e+04 3.300e+02 2.909e+02
s>                    ( - -1.754e+04 1 0)
s>                    ( - -4.761e+04 3 0))
s>                ( QUESTION0_0_R 1 -3.894e+04 3.815e+02 1.814e+02
s>                    ( - -2.449e+04 3 0 QUESTION0_6_R 1 1.496e+02 1.127e+02)
s>                    ( - -1.406e+04 1 0))))
s>        ( QUESTION0_14_R 1 -5.156e+04 6.132e+02 2.458e+02
s>            ( - -2.582e+04 1 0)
s>            ( - -2.513e+04 1 0)))INFO: dtree.c(1315): Comp split 8
INFO: dtree.c(1439): stop. leaf nodes are specific
INFO: dtree.c(1478): Final simple tree
|( QUESTION0_14_R 1 -1.036e+06 1.046e+03 4.913e+03
|    ( - -8.153e+05 15 0)
|    ( QUESTION0 1 -2.194e+05 4.011e+02 1.058e+03
|        ( QUESTION0_16_R 1 -2.942e+04 2.843e+02 1.385e+02
|            ( - -2.352e+04 3 0)
|            ( - -5.613e+03 1 0))
|        ( QUESTION0_17_R 1 -1.896e+05 2.849e+02 9.198e+02
|            ( QUESTION12 1 -1.878e+04 2.296e+02 9.146e+01
|                ( - -2.586e+03 2 0)
|                ( - -1.597e+04 2 0))
|            ( QUESTION0_9_R 1 -1.706e+05 2.426e+02 8.283e+02
|                ( - -1.570e+03 1 0)
|                ( - -1.687e+05 3 0)))))
s>    ( QUESTION0_14_R 1 -1.036e+06 1.046e+03 4.913e+03
s>        ( - -8.153e+05 15 0)
s>        ( QUESTION0 1 -2.194e+05 4.011e+02 1.058e+03
s>            ( QUESTION0_16_R 1 -2.942e+04 2.843e+02 1.385e+02
s>                ( - -2.352e+04 3 0)
s>                ( - -5.613e+03 1 0))
s>            ( QUESTION0_17_R 1 -1.896e+05 2.849e+02 9.198e+02
s>                ( QUESTION12 1 -1.878e+04 2.296e+02 9.146e+01
s>                    ( - -2.586e+03 2 0)
s>                    ( - -1.597e+04 2 0))
s>                ( QUESTION0_9_R 1 -1.706e+05 2.426e+02 8.283e+02
s>                    ( - -1.570e+03 1 0)
s>                    ( - -1.687e+05 3 0)))))INFO: dtree.c(1439): stop. leaf nodes are specific
INFO: dtree.c(1478): Final simple tree
|( WDBNDRY_E 0 -2.937e+05 5.172e+02 1.428e+03
|    ( - -2.546e+05 5 0)
|    ( QUESTION0_9_R 1 -3.859e+04 3.665e+02 1.922e+02
|        ( - -2.019e+04 1 0)
|        ( - -1.803e+04 1 0)))
s>    ( WDBNDRY_E 0 -2.937e+05 5.172e+02 1.428e+03
s>        ( - -2.546e+05 5 0)
s>        ( QUESTION0_9_R 1 -3.859e+04 3.665e+02 1.922e+02
s>            ( - -2.019e+04 1 0)
s>            ( - -1.803e+04 1 0)))INFO: dtree.c(1315): Comp split 9
INFO: dtree.c(1439): stop. leaf nodes are specific
INFO: dtree.c(1478): Final simple tree
|( QUESTION0_6_R 1 -5.916e+05 5.848e+02 2.774e+03
|    ( - -5.534e+05 3 0)
|    ( - -3.760e+04 2 0))
s>    ( QUESTION0_6_R 1 -5.916e+05 5.848e+02 2.774e+03
s>        ( - -5.534e+05 3 0)
s>        ( - -3.760e+04 2 0))INFO: dtree.c(1439): stop. leaf nodes are specific
INFO: dtree.c(1478): Final simple tree
|( WDBNDRY_E 0 -3.617e+05 4.983e+02 1.722e+03
|    ( QUESTION0_0_R 1 -3.384e+05 2.174e+02 1.612e+03
|        ( - -2.715e+03 1 0)
|        ( - -3.355e+05 4 0))
|    ( - -2.281e+04 1 0))
s>    ( WDBNDRY_E 0 -3.617e+05 4.983e+02 1.722e+03
s>        ( QUESTION0_0_R 1 -3.384e+05 2.174e+02 1.612e+03
s>            ( - -2.715e+03 1 0)
s>            ( - -3.355e+05 4 0))
s>        ( - -2.281e+04 1 0))INFO: dtree.c(1315): Comp split 10
INFO: dtree.c(1439): stop. leaf nodes are specific
INFO: dtree.c(1478): Final simple tree
|( WDBNDRY_E 0 -1.923e+06 4.137e+02 9.062e+03
|    ( QUESTION2 1 -1.901e+06 1.766e+02 8.959e+03
|        ( - -3.113e+02 1 0)
|        ( - -1.900e+06 12 0))
|    ( - -2.153e+04 3 0))
s>    ( WDBNDRY_E 0 -1.923e+06 4.137e+02 9.062e+03
s>        ( QUESTION2 1 -1.901e+06 1.766e+02 8.959e+03
s>            ( - -3.113e+02 1 0)
s>            ( - -1.900e+06 12 0))
s>        ( - -2.153e+04 3 0))INFO: dtree.c(1439): stop. leaf nodes are specific
INFO: dtree.c(1478): Final simple tree
|( QUESTION0 -1 -5.481e+04 3.102e+02 2.549e+02
|    ( - -6.068e+03 2 0)
|    ( WDBNDRY_E 0 -4.843e+04 1.692e+02 2.269e+02
|        ( - -4.363e+04 3 0)
|        ( - -4.630e+03 2 0)))
s>    ( QUESTION0 -1 -5.481e+04 3.102e+02 2.549e+02
s>        ( - -6.068e+03 2 0)
s>        ( WDBNDRY_E 0 -4.843e+04 1.692e+02 2.269e+02
s>            ( - -4.363e+04 3 0)
s>            ( - -4.630e+03 2 0)))INFO: dtree.c(1315): Comp split 11
INFO: dtree.c(1439): stop. leaf nodes are specific
INFO: dtree.c(1478): Final simple tree
|( QUESTION0_18_R 1 -1.792e+05 2.437e+02 8.706e+02
|    ( - -5.613e+03 1 0)
|    ( QUESTION0_9_R 1 -1.733e+05 2.422e+02 8.423e+02
|        ( - -1.570e+03 1 0)
|        ( QUESTION0_16_R 1 -1.715e+05 1.992e+02 8.333e+02
|            ( - -1.687e+05 3 0)
|            ( - -2.586e+03 2 0))))
s>    ( QUESTION0_18_R 1 -1.792e+05 2.437e+02 8.706e+02
s>        ( - -5.613e+03 1 0)
s>        ( QUESTION0_9_R 1 -1.733e+05 2.422e+02 8.423e+02
s>            ( - -1.570e+03 1 0)
s>            ( QUESTION0_16_R 1 -1.715e+05 1.992e+02 8.333e+02
s>                ( - -1.687e+05 3 0)
s>                ( - -2.586e+03 2 0))))INFO: dtree.c(1439): stop. leaf nodes are specific
INFO: dtree.c(1478): Final simple tree
|( QUESTION0_16_R 1 -8.555e+05 4.456e+02 4.043e+03
|    ( - -2.352e+04 3 0)
|    ( QUESTION0_14_R 1 -8.316e+05 2.485e+02 3.932e+03
|        ( - -8.153e+05 15 0)
|        ( - -1.597e+04 2 0)))
s>    ( QUESTION0_16_R 1 -8.555e+05 4.456e+02 4.043e+03
s>        ( - -2.352e+04 3 0)
s>        ( QUESTION0_14_R 1 -8.316e+05 2.485e+02 3.932e+03
s>            ( - -8.153e+05 15 0)
s>            ( - -1.597e+04 2 0)))INFO: dtree.c(1315): Comp split 12
INFO: dtree.c(1439): stop. leaf nodes are specific
INFO: dtree.c(1478): Final simple tree
|( QUESTION0_15_R 1 -6.602e+04 6.185e+02 3.144e+02
|    ( - -2.513e+04 1 0)
|    ( WDBNDRY_E 0 -4.027e+04 3.843e+02 1.935e+02
|        ( - -1.406e+04 1 0)
|        ( - -2.582e+04 1 0)))
s>    ( QUESTION0_15_R 1 -6.602e+04 6.185e+02 3.144e+02
s>        ( - -2.513e+04 1 0)
s>        ( WDBNDRY_E 0 -4.027e+04 3.843e+02 1.935e+02
s>            ( - -1.406e+04 1 0)
s>            ( - -2.582e+04 1 0)))INFO: dtree.c(1439): stop. leaf nodes are specific
INFO: dtree.c(1478): Final simple tree
|( QUESTION0_15_R 1 -1.186e+05 5.744e+02 5.351e+02
|    ( QUESTION0 1 -2.753e+04 1.621e+02 1.315e+02
|        ( - -3.161e+02 1 0)
|        ( - -2.706e+04 1 0))
|    ( QUESTION0_0_R 1 -9.045e+04 4.722e+02 4.036e+02
|        ( QUESTION0_6_R 1 -2.449e+04 1.496e+02 1.127e+02
|            ( QUESTION0 -1 -2.198e+04 9.899e+01 1.016e+02
|                ( - -6.779e+02 1 0)
|                ( - -2.120e+04 1 0))
|            ( - -2.368e+03 1 0))
|        ( QUESTION0_9_R 1 -6.548e+04 3.300e+02 2.909e+02
|            ( - -1.754e+04 1 0)
|            ( - -4.761e+04 3 0))))
s>    ( QUESTION0_15_R 1 -1.186e+05 5.744e+02 5.351e+02
s>        ( QUESTION0 1 -2.753e+04 1.621e+02 1.315e+02
s>            ( - -3.161e+02 1 0)
s>            ( - -2.706e+04 1 0))
s>        ( QUESTION0_0_R 1 -9.045e+04 4.722e+02 4.036e+02
s>            ( QUESTION0_6_R 1 -2.449e+04 1.496e+02 1.127e+02
s>                ( QUESTION0 -1 -2.198e+04 9.899e+01 1.016e+02
s>                    ( - -6.779e+02 1 0)
s>                    ( - -2.120e+04 1 0))
s>                ( - -2.368e+03 1 0))
s>            ( QUESTION0_9_R 1 -6.548e+04 3.300e+02 2.909e+02
s>                ( - -1.754e+04 1 0)
s>                ( - -4.761e+04 3 0))))INFO: dtree.c(1315): Comp split 13
INFO: dtree.c(1439): stop. leaf nodes are specific
INFO: dtree.c(1478): Final simple tree
|( QUESTION2_19_L -1 -1.340e+05 6.290e+02 6.327e+02
|    ( - -1.271e+04 3 0)
|    ( QUESTION10 1 -1.207e+05 5.031e+02 5.755e+02
|        ( QUESTION0 -1 -8.293e+04 4.251e+02 3.964e+02
|            ( - -1.566e+04 3 0)
|            ( WDBNDRY_E 0 -6.684e+04 2.221e+02 3.157e+02
|                ( - -5.945e+04 4 0)
|                ( - -7.175e+03 1 0)))
|        ( QUESTION12 1 -3.722e+04 2.731e+02 1.791e+02
|            ( QUESTION0 -1 -2.567e+04 2.031e+02 1.228e+02
|                ( - -1.319e+03 1 0)
|                ( - -2.415e+04 2 0))
|            ( - -1.128e+04 1 0))))
s>    ( QUESTION2_19_L -1 -1.340e+05 6.290e+02 6.327e+02
s>        ( - -1.271e+04 3 0)
s>        ( QUESTION10 1 -1.207e+05 5.031e+02 5.755e+02
s>            ( QUESTION0 -1 -8.293e+04 4.251e+02 3.964e+02
s>                ( - -1.566e+04 3 0)
s>                ( WDBNDRY_E 0 -6.684e+04 2.221e+02 3.157e+02
s>                    ( - -5.945e+04 4 0)
s>                    ( - -7.175e+03 1 0)))
s>            ( QUESTION12 1 -3.722e+04 2.731e+02 1.791e+02
s>                ( QUESTION0 -1 -2.567e+04 2.031e+02 1.228e+02
s>                    ( - -1.319e+03 1 0)
s>                    ( - -2.415e+04 2 0))
s>                ( - -1.128e+04 1 0))))INFO: dtree.c(1315): Comp split 14
INFO: dtree.c(1315): Comp split 15
INFO: dtree.c(1439): stop. leaf nodes are specific
INFO: dtree.c(1478): Final simple tree
|( WDBNDRY_E 0 -1.422e+04 1.929e+02 6.317e+01
|    ( - -1.319e+03 1 0)
|    ( - -1.271e+04 3 0))
s>    ( WDBNDRY_E 0 -1.422e+04 1.929e+02 6.317e+01
s>        ( - -1.319e+03 1 0)
s>        ( - -1.271e+04 3 0))INFO: dtree.c(1439): stop. leaf nodes are specific
INFO: dtree.c(1478): Final simple tree
|( QUESTION10 1 -1.191e+05 4.787e+02 5.695e+02
|    ( QUESTION0 -1 -8.293e+04 4.251e+02 3.964e+02
|        ( - -1.566e+04 3 0)
|        ( WDBNDRY_E 0 -6.684e+04 2.221e+02 3.157e+02
|            ( - -5.945e+04 4 0)
|            ( - -7.175e+03 1 0)))
|    ( QUESTION12 1 -3.569e+04 2.611e+02 1.731e+02
|        ( - -2.415e+04 2 0)
|        ( - -1.128e+04 1 0)))
s>    ( QUESTION10 1 -1.191e+05 4.787e+02 5.695e+02
s>        ( QUESTION0 -1 -8.293e+04 4.251e+02 3.964e+02
s>            ( - -1.566e+04 3 0)
s>            ( WDBNDRY_E 0 -6.684e+04 2.221e+02 3.157e+02
s>                ( - -5.945e+04 4 0)
s>                ( - -7.175e+03 1 0)))
s>        ( QUESTION12 1 -3.569e+04 2.611e+02 1.731e+02
s>            ( - -2.415e+04 2 0)
s>            ( - -1.128e+04 1 0)))INFO: dtree.c(1315): Comp split 16
INFO: dtree.c(1315): Comp split 17
INFO: dtree.c(1439): stop. leaf nodes are specific
INFO: dtree.c(1478): Final simple tree
|( WDBNDRY_E 0 -4.027e+04 3.843e+02 1.935e+02
|    ( - -1.406e+04 1 0)
|    ( - -2.582e+04 1 0))
s>    ( WDBNDRY_E 0 -4.027e+04 3.843e+02 1.935e+02
s>        ( - -1.406e+04 1 0)
s>        ( - -2.582e+04 1 0))INFO: dtree.c(1315): Comp split 18
INFO: dtree.c(1315): Comp split 19
INFO: dtree.c(1439): stop. leaf nodes are specific
INFO: dtree.c(1478): Final simple tree
|( QUESTION0_0_R 1 -9.045e+04 4.722e+02 4.036e+02
|    ( QUESTION0_6_R 1 -2.449e+04 1.496e+02 1.127e+02
|        ( QUESTION0 -1 -2.198e+04 9.899e+01 1.016e+02
|            ( - -6.779e+02 1 0)
|            ( - -2.120e+04 1 0))
|        ( - -2.368e+03 1 0))
|    ( QUESTION0_9_R 1 -6.548e+04 3.300e+02 2.909e+02
|        ( - -1.754e+04 1 0)
|        ( - -4.761e+04 3 0)))
s>    ( QUESTION0_0_R 1 -9.045e+04 4.722e+02 4.036e+02
s>        ( QUESTION0_6_R 1 -2.449e+04 1.496e+02 1.127e+02
s>            ( QUESTION0 -1 -2.198e+04 9.899e+01 1.016e+02
s>                ( - -6.779e+02 1 0)
s>                ( - -2.120e+04 1 0))
s>            ( - -2.368e+03 1 0))
s>        ( QUESTION0_9_R 1 -6.548e+04 3.300e+02 2.909e+02
s>            ( - -1.754e+04 1 0)
s>            ( - -4.761e+04 3 0)))INFO: dtree.c(1439): stop. leaf nodes are specific
INFO: dtree.c(1478): Final simple tree
|( QUESTION0 1 -2.753e+04 1.621e+02 1.315e+02
|    ( - -3.161e+02 1 0)
|    ( - -2.706e+04 1 0))
s>    ( QUESTION0 1 -2.753e+04 1.621e+02 1.315e+02
s>        ( - -3.161e+02 1 0)
s>        ( - -2.706e+04 1 0))INFO: dtree.c(1315): Comp split 20
INFO: dtree.c(1439): stop. leaf nodes are specific
INFO: dtree.c(1478): Final simple tree
|( QUESTION0 -1 -5.912e+04 3.981e+02 2.906e+02
|    ( - -1.566e+04 3 0)
|    ( QUESTION12 1 -4.306e+04 2.521e+02 2.099e+02
|        ( - -2.415e+04 2 0)
|        ( WDBNDRY_E 0 -1.866e+04 2.122e+02 9.311e+01
|            ( - -1.128e+04 1 0)
|            ( - -7.175e+03 1 0))))
s>    ( QUESTION0 -1 -5.912e+04 3.981e+02 2.906e+02
s>        ( - -1.566e+04 3 0)
s>        ( QUESTION12 1 -4.306e+04 2.521e+02 2.099e+02
s>            ( - -2.415e+04 2 0)
s>            ( WDBNDRY_E 0 -1.866e+04 2.122e+02 9.311e+01
s>                ( - -1.128e+04 1 0)
s>                ( - -7.175e+03 1 0))))INFO: dtree.c(1315): Comp split 21
INFO: dtree.c(1439): stop. leaf nodes are specific
INFO: dtree.c(1478): Final simple tree
|( QUESTION0_9_R 1 -3.859e+04 3.665e+02 1.922e+02
|    ( - -2.019e+04 1 0)
|    ( - -1.803e+04 1 0))
s>    ( QUESTION0_9_R 1 -3.859e+04 3.665e+02 1.922e+02
s>        ( - -2.019e+04 1 0)
s>        ( - -1.803e+04 1 0))INFO: dtree.c(1315): Comp split 22
INFO: dtree.c(1439): stop. leaf nodes are specific
INFO: dtree.c(1478): Final simple tree
|( QUESTION0_0_R 1 -3.384e+05 2.174e+02 1.612e+03
|    ( - -2.715e+03 1 0)
|    ( - -3.355e+05 4 0))
s>    ( QUESTION0_0_R 1 -3.384e+05 2.174e+02 1.612e+03
s>        ( - -2.715e+03 1 0)
s>        ( - -3.355e+05 4 0))INFO: dtree.c(1315): Comp split 23
INFO: dtree.c(1439): stop. leaf nodes are specific
INFO: dtree.c(1478): Final simple tree
|( QUESTION0_6_R 1 -2.449e+04 1.496e+02 1.127e+02
|    ( QUESTION0 -1 -2.198e+04 9.899e+01 1.016e+02
|        ( - -6.779e+02 1 0)
|        ( - -2.120e+04 1 0))
|    ( - -2.368e+03 1 0))
s>    ( QUESTION0_6_R 1 -2.449e+04 1.496e+02 1.127e+02
s>        ( QUESTION0 -1 -2.198e+04 9.899e+01 1.016e+02
s>            ( - -6.779e+02 1 0)
s>            ( - -2.120e+04 1 0))
s>        ( - -2.368e+03 1 0))INFO: dtree.c(1439): stop. leaf nodes are specific
INFO: dtree.c(1478): Final simple tree
|( QUESTION0_9_R 1 -6.548e+04 3.300e+02 2.909e+02
|    ( - -1.754e+04 1 0)
|    ( - -4.761e+04 3 0))
s>    ( QUESTION0_9_R 1 -6.548e+04 3.300e+02 2.909e+02
s>        ( - -1.754e+04 1 0)
s>        ( - -4.761e+04 3 0))INFO: dtree.c(1315): Comp split 24
INFO: dtree.c(1439): stop. leaf nodes are specific
INFO: dtree.c(1478): Final simple tree
|( QUESTION0_14_R 1 -8.316e+05 2.485e+02 3.932e+03
|    ( - -8.153e+05 15 0)
|    ( - -1.597e+04 2 0))
s>    ( QUESTION0_14_R 1 -8.316e+05 2.485e+02 3.932e+03
s>        ( - -8.153e+05 15 0)
s>        ( - -1.597e+04 2 0))INFO: dtree.c(1315): Comp split 25
INFO: dtree.c(1439): stop. leaf nodes are specific
INFO: dtree.c(1478): Final simple tree
|( QUESTION2 1 -1.901e+06 1.766e+02 8.959e+03
|    ( - -3.113e+02 1 0)
|    ( - -1.900e+06 12 0))
s>    ( QUESTION2 1 -1.901e+06 1.766e+02 8.959e+03
s>        ( - -3.113e+02 1 0)
s>        ( - -1.900e+06 12 0))INFO: dtree.c(1315): Comp split 26
INFO: dtree.c(1315): Comp split 27
INFO: dtree.c(1439): stop. leaf nodes are specific
INFO: dtree.c(1478): Final simple tree
|( QUESTION12 1 -4.306e+04 2.521e+02 2.099e+02
|    ( - -2.415e+04 2 0)
|    ( WDBNDRY_E 0 -1.866e+04 2.122e+02 9.311e+01
|        ( - -1.128e+04 1 0)
|        ( - -7.175e+03 1 0)))
s>    ( QUESTION12 1 -4.306e+04 2.521e+02 2.099e+02
s>        ( - -2.415e+04 2 0)
s>        ( WDBNDRY_E 0 -1.866e+04 2.122e+02 9.311e+01
s>            ( - -1.128e+04 1 0)
s>            ( - -7.175e+03 1 0)))INFO: dtree.c(1315): Comp split 28
INFO: dtree.c(1315): Comp split 29
INFO: dtree.c(1315): Comp split 30
INFO: dtree.c(1315): Comp split 31
INFO: dtree.c(1439): stop. leaf nodes are specific
INFO: dtree.c(1478): Final simple tree
|( WDBNDRY_E 0 -4.843e+04 1.692e+02 2.269e+02
|    ( - -4.363e+04 3 0)
|    ( - -4.630e+03 2 0))
s>    ( WDBNDRY_E 0 -4.843e+04 1.692e+02 2.269e+02
s>        ( - -4.363e+04 3 0)
s>        ( - -4.630e+03 2 0))INFO: dtree.c(1315): Comp split 32
INFO: dtree.c(1439): stop. leaf nodes are specific
INFO: dtree.c(1478): Final simple tree
|( WDBNDRY_E 0 -1.866e+04 2.122e+02 9.311e+01
|    ( - -1.128e+04 1 0)
|    ( - -7.175e+03 1 0))
s>    ( WDBNDRY_E 0 -1.866e+04 2.122e+02 9.311e+01
s>        ( - -1.128e+04 1 0)
s>        ( - -7.175e+03 1 0))INFO: dtree.c(1315): Comp split 33
INFO: dtree.c(1315): Comp split 34
INFO: dtree.c(1439): stop. leaf nodes are specific
INFO: dtree.c(1478): Final simple tree
|( QUESTION0_16_R 1 -1.715e+05 1.992e+02 8.333e+02
|    ( - -1.687e+05 3 0)
|    ( - -2.586e+03 2 0))
s>    ( QUESTION0_16_R 1 -1.715e+05 1.992e+02 8.333e+02
s>        ( - -1.687e+05 3 0)
s>        ( - -2.586e+03 2 0))INFO: dtree.c(1439): stop. leaf nodes are specific
INFO: dtree.c(1478): Final simple tree
|( QUESTION0_9_R 1 -7.421e+03 2.381e+02 3.728e+01
|    ( - -1.570e+03 1 0)
|    ( - -5.613e+03 1 0))
s>    ( QUESTION0_9_R 1 -7.421e+03 2.381e+02 3.728e+01
s>        ( - -1.570e+03 1 0)
s>        ( - -5.613e+03 1 0))INFO: dtree.c(1315): Comp split 35
INFO: dtree.c(1315): Comp split 36
INFO: dtree.c(1315): Comp split 37
INFO: dtree.c(1315): Comp split 38
INFO: dtree.c(1315): Comp split 39
INFO: dtree.c(1315): Comp split 40
INFO: dtree.c(1315): Comp split 41
INFO: dtree.c(1315): Comp split 42
INFO: dtree.c(1315): Comp split 43
INFO: dtree.c(1315): Comp split 44
INFO: dtree.c(1439): stop. leaf nodes are specific
INFO: dtree.c(1478): Final simple tree
|( QUESTION0_6_R 1 -3.142e+03 9.599e+01 1.415e+01
|    ( - -6.779e+02 1 0)
|    ( - -2.368e+03 1 0))
s>    ( QUESTION0_6_R 1 -3.142e+03 9.599e+01 1.415e+01
s>        ( - -6.779e+02 1 0)
s>        ( - -2.368e+03 1 0))INFO: dtree.c(1315): Comp split 45
INFO: dtree.c(1315): Comp split 46
INFO: dtree.c(1318): stop. leaf nodes are specific
Fri Jan  6 22:28:08 2023
