Current configuration:
[NAME]		[DEFLT]	[VALUE]
-allphones	no	no
-cntthresh	0.00001	1.000000e-05
-csplitmax	100	2000
-csplitmin	1	1
-csplitthr	8e-4	0.000000e+00
-example	no	no
-fullvar	no	no
-help		no	no
-meanfn			/mnt/c/users/robin/onedrive/desktop/cmu/Cebuano/model_parameters/Cebuano.cd_cont_untied/means
-mixwfn			/mnt/c/users/robin/onedrive/desktop/cmu/Cebuano/model_parameters/Cebuano.cd_cont_untied/mixture_weights
-moddeffn		/mnt/c/users/robin/onedrive/desktop/cmu/Cebuano/model_architecture/Cebuano.untied.mdef
-mwfloor	1e-4	1.000000e-08
-phone			HH
-psetfn			/mnt/c/users/robin/onedrive/desktop/cmu/Cebuano/model_architecture/Cebuano.tree_questions
-ssplitmax	5	7
-ssplitmin	1	1
-ssplitthr	8e-4	0.000000e+00
-state			1
-stwt			1.0,0.05,0.0,
-treefn			/mnt/c/users/robin/onedrive/desktop/cmu/Cebuano/trees/Cebuano.unpruned/HH-1.dtree
-ts2cbfn	.semi.	.cont.
-varfloor	0.00001	1.000000e-05
-varfn			/mnt/c/users/robin/onedrive/desktop/cmu/Cebuano/model_parameters/Cebuano.cd_cont_untied/variances

INFO: main.c(223): Reading: /mnt/c/users/robin/onedrive/desktop/cmu/Cebuano/model_architecture/Cebuano.untied.mdef
INFO: model_def_io.c(573): Model definition info:
INFO: model_def_io.c(574): 7744 total models defined (40 base, 7704 tri)
INFO: model_def_io.c(575): 30976 total states
INFO: model_def_io.c(576): 23232 total tied states
INFO: model_def_io.c(577): 120 total tied CI states
INFO: model_def_io.c(578): 40 total tied transition matrices
INFO: model_def_io.c(579): 4 max state/model
INFO: model_def_io.c(580): 4 min state/model
INFO: main.c(242): Building trees for [HH AA AA b] through [HH Z AE b]
INFO: main.c(268): Covering states |[9609 9974]| == 366
INFO: main.c(275): Reading: /mnt/c/users/robin/onedrive/desktop/cmu/Cebuano/model_parameters/Cebuano.cd_cont_untied/mixture_weights
INFO: s3mixw_io.c(172): Read /mnt/c/users/robin/onedrive/desktop/cmu/Cebuano/model_parameters/Cebuano.cd_cont_untied/mixture_weights [366x1x1 array]
INFO: main.c(311): 120 of 122 models have observation count greater than 0.000010
INFO: main.c(95): nrm stwt: 0.045 0.909 0.045 
INFO: s3gau_io.c(168): Read /mnt/c/users/robin/onedrive/desktop/cmu/Cebuano/model_parameters/Cebuano.cd_cont_untied/means [23232x1x1 array]
INFO: s3gau_io.c(168): Read /mnt/c/users/robin/onedrive/desktop/cmu/Cebuano/model_parameters/Cebuano.cd_cont_untied/variances [23232x1x1 array]
INFO: main.c(549): Reading: /mnt/c/users/robin/onedrive/desktop/cmu/Cebuano/model_architecture/Cebuano.tree_questions
INFO: main.c(587): 180 total simple questions (172 phone; 8 word bndry)
INFO: main.c(589): 42 Left Only questions, and 42 Right Only questions
INFO: dtree.c(1478): Final simple tree
|( QUESTION0 1 -2.642e+06 1.111e+04 1.144e+04
|    ( QUESTION2_19_L -1 -1.850e+06 4.838e+03 8.070e+03
|        ( - -9.488e+05 19 0 WDBNDRY_I 0 1.133e+03 4.182e+03)
|        ( WDBNDRY_B 0 -8.962e+05 4.439e+03 3.888e+03
|            ( - -3.539e+05 41 0 SILENCE -1 1.794e+03 1.494e+03)
|            ( QUESTION13 -1 -5.378e+05 2.822e+03 2.394e+03
|                ( - -1.867e+05 3 0 QUESTION14 -1 2.581e+02 8.231e+02)
|                ( - -3.483e+05 10 0 QUESTION2_6_L -1 1.718e+03 1.571e+03))))
|    ( QUESTION14 1 -7.810e+05 6.094e+03 3.368e+03
|        ( SILENCE -1 -4.103e+05 3.268e+03 1.766e+03
|            ( - -5.363e+04 1 0)
|            ( - -3.534e+05 25 0 QUESTION2_0_L -1 1.308e+03 1.531e+03))
|        ( QUESTION0 -1 -3.647e+05 2.356e+03 1.602e+03
|            ( - -2.642e+05 9 0 QUESTION0_9_R 1 1.804e+03 1.189e+03)
|            ( - -9.813e+04 12 0 QUESTION14 -1 1.635e+03 4.128e+02))))
s>    ( QUESTION0 1 -2.642e+06 1.111e+04 1.144e+04
s>        ( QUESTION2_19_L -1 -1.850e+06 4.838e+03 8.070e+03
s>            ( - -9.488e+05 19 0 WDBNDRY_I 0 1.133e+03 4.182e+03)
s>            ( WDBNDRY_B 0 -8.962e+05 4.439e+03 3.888e+03
s>                ( - -3.539e+05 41 0 SILENCE -1 1.794e+03 1.494e+03)
s>                ( QUESTION13 -1 -5.378e+05 2.822e+03 2.394e+03
s>                    ( - -1.867e+05 3 0 QUESTION14 -1 2.581e+02 8.231e+02)
s>                    ( - -3.483e+05 10 0 QUESTION2_6_L -1 1.718e+03 1.571e+03))))
s>        ( QUESTION14 1 -7.810e+05 6.094e+03 3.368e+03
s>            ( SILENCE -1 -4.103e+05 3.268e+03 1.766e+03
s>                ( - -5.363e+04 1 0)
s>                ( - -3.534e+05 25 0 QUESTION2_0_L -1 1.308e+03 1.531e+03))
s>            ( QUESTION0 -1 -3.647e+05 2.356e+03 1.602e+03
s>                ( - -2.642e+05 9 0 QUESTION0_9_R 1 1.804e+03 1.189e+03)
s>                ( - -9.813e+04 12 0 QUESTION14 -1 1.635e+03 4.128e+02))))INFO: dtree.c(1315): Comp split 0
INFO: dtree.c(1478): Final simple tree
|( QUESTION14 1 -7.810e+05 6.094e+03 3.368e+03
|    ( SILENCE -1 -4.103e+05 3.268e+03 1.766e+03
|        ( - -5.363e+04 1 0)
|        ( QUESTION2_0_L -1 -3.534e+05 1.308e+03 1.531e+03
|            ( - -2.106e+05 18 0 QUESTION0_9_R 1 9.738e+02 9.102e+02)
|            ( - -1.415e+05 7 0 WDBNDRY_B 0 6.411e+02 6.212e+02)))
|    ( QUESTION0 -1 -3.647e+05 2.356e+03 1.602e+03
|        ( QUESTION0_9_R 1 -2.642e+05 1.804e+03 1.189e+03
|            ( - -1.061e+05 4 0 WDBNDRY_B 0 1.621e+02 4.757e+02)
|            ( - -1.562e+05 5 0 QUESTION2_0_L -1 7.464e+02 7.134e+02))
|        ( QUESTION14 -1 -9.813e+04 1.635e+03 4.128e+02
|            ( - -2.558e+04 2 0 WDBNDRY_B 0 1.343e+02 1.137e+02)
|            ( SILENCE -1 -7.091e+04 1.034e+03 2.991e+02
|                ( - -2.931e+04 1 0)
|                ( - -4.057e+04 9 0 QUESTION2_7_L -1 4.575e+02 1.579e+02)))))
s>    ( QUESTION14 1 -7.810e+05 6.094e+03 3.368e+03
s>        ( SILENCE -1 -4.103e+05 3.268e+03 1.766e+03
s>            ( - -5.363e+04 1 0)
s>            ( QUESTION2_0_L -1 -3.534e+05 1.308e+03 1.531e+03
s>                ( - -2.106e+05 18 0 QUESTION0_9_R 1 9.738e+02 9.102e+02)
s>                ( - -1.415e+05 7 0 WDBNDRY_B 0 6.411e+02 6.212e+02)))
s>        ( QUESTION0 -1 -3.647e+05 2.356e+03 1.602e+03
s>            ( QUESTION0_9_R 1 -2.642e+05 1.804e+03 1.189e+03
s>                ( - -1.061e+05 4 0 WDBNDRY_B 0 1.621e+02 4.757e+02)
s>                ( - -1.562e+05 5 0 QUESTION2_0_L -1 7.464e+02 7.134e+02))
s>            ( QUESTION14 -1 -9.813e+04 1.635e+03 4.128e+02
s>                ( - -2.558e+04 2 0 WDBNDRY_B 0 1.343e+02 1.137e+02)
s>                ( SILENCE -1 -7.091e+04 1.034e+03 2.991e+02
s>                    ( - -2.931e+04 1 0)
s>                    ( - -4.057e+04 9 0 QUESTION2_7_L -1 4.575e+02 1.579e+02)))))INFO: dtree.c(1478): Final simple tree
|( QUESTION2_19_L -1 -1.850e+06 4.838e+03 8.070e+03
|    ( WDBNDRY_I 0 -9.488e+05 1.133e+03 4.182e+03
|        ( - -8.230e+05 8 0)
|        ( - -1.247e+05 11 0 WDBNDRY_B 0 4.688e+02 5.586e+02))
|    ( WDBNDRY_B 0 -8.962e+05 4.439e+03 3.888e+03
|        ( SILENCE -1 -3.539e+05 1.794e+03 1.494e+03
|            ( - -1.539e+05 5 0)
|            ( QUESTION0 -1 -1.982e+05 6.404e+02 8.400e+02
|                ( - -9.295e+04 6 0 QUESTION0_16_R 1 2.097e+02 3.970e+02)
|                ( - -1.046e+05 30 0 QUESTION2_1_L -1 4.910e+02 4.430e+02)))
|        ( QUESTION13 -1 -5.378e+05 2.822e+03 2.394e+03
|            ( - -1.867e+05 3 0 QUESTION14 -1 2.581e+02 8.231e+02)
|            ( QUESTION2_6_L -1 -3.483e+05 1.718e+03 1.571e+03
|                ( - -9.913e+04 2 0)
|                ( - -2.475e+05 8 0 QUESTION0 -1 4.399e+02 1.114e+03)))))
s>    ( QUESTION2_19_L -1 -1.850e+06 4.838e+03 8.070e+03
s>        ( WDBNDRY_I 0 -9.488e+05 1.133e+03 4.182e+03
s>            ( - -8.230e+05 8 0)
s>            ( - -1.247e+05 11 0 WDBNDRY_B 0 4.688e+02 5.586e+02))
s>        ( WDBNDRY_B 0 -8.962e+05 4.439e+03 3.888e+03
s>            ( SILENCE -1 -3.539e+05 1.794e+03 1.494e+03
s>                ( - -1.539e+05 5 0)
s>                ( QUESTION0 -1 -1.982e+05 6.404e+02 8.400e+02
s>                    ( - -9.295e+04 6 0 QUESTION0_16_R 1 2.097e+02 3.970e+02)
s>                    ( - -1.046e+05 30 0 QUESTION2_1_L -1 4.910e+02 4.430e+02)))
s>            ( QUESTION13 -1 -5.378e+05 2.822e+03 2.394e+03
s>                ( - -1.867e+05 3 0 QUESTION14 -1 2.581e+02 8.231e+02)
s>                ( QUESTION2_6_L -1 -3.483e+05 1.718e+03 1.571e+03
s>                    ( - -9.913e+04 2 0)
s>                    ( - -2.475e+05 8 0 QUESTION0 -1 4.399e+02 1.114e+03)))))INFO: dtree.c(1315): Comp split 1
INFO: dtree.c(1478): Final simple tree
|( QUESTION0 -1 -3.647e+05 2.356e+03 1.602e+03
|    ( QUESTION0_9_R 1 -2.642e+05 1.804e+03 1.189e+03
|        ( - -1.061e+05 4 0 WDBNDRY_B 0 1.621e+02 4.757e+02)
|        ( QUESTION2_0_L -1 -1.562e+05 7.464e+02 7.134e+02
|            ( WDBNDRY_B 0 -1.267e+05 6.037e+02 5.804e+02
|                ( - -4.008e+04 2 0)
|                ( - -8.605e+04 2 0))
|            ( - -2.877e+04 1 0)))
|    ( QUESTION14 -1 -9.813e+04 1.635e+03 4.128e+02
|        ( - -2.558e+04 2 0 WDBNDRY_B 0 1.343e+02 1.137e+02)
|        ( SILENCE -1 -7.091e+04 1.034e+03 2.991e+02
|            ( - -2.931e+04 1 0)
|            ( QUESTION2_7_L -1 -4.057e+04 4.575e+02 1.579e+02
|                ( - -4.472e+03 1 0)
|                ( - -3.564e+04 8 0 WDBNDRY_B 0 2.976e+02 1.402e+02)))))
s>    ( QUESTION0 -1 -3.647e+05 2.356e+03 1.602e+03
s>        ( QUESTION0_9_R 1 -2.642e+05 1.804e+03 1.189e+03
s>            ( - -1.061e+05 4 0 WDBNDRY_B 0 1.621e+02 4.757e+02)
s>            ( QUESTION2_0_L -1 -1.562e+05 7.464e+02 7.134e+02
s>                ( WDBNDRY_B 0 -1.267e+05 6.037e+02 5.804e+02
s>                    ( - -4.008e+04 2 0)
s>                    ( - -8.605e+04 2 0))
s>                ( - -2.877e+04 1 0)))
s>        ( QUESTION14 -1 -9.813e+04 1.635e+03 4.128e+02
s>            ( - -2.558e+04 2 0 WDBNDRY_B 0 1.343e+02 1.137e+02)
s>            ( SILENCE -1 -7.091e+04 1.034e+03 2.991e+02
s>                ( - -2.931e+04 1 0)
s>                ( QUESTION2_7_L -1 -4.057e+04 4.575e+02 1.579e+02
s>                    ( - -4.472e+03 1 0)
s>                    ( - -3.564e+04 8 0 WDBNDRY_B 0 2.976e+02 1.402e+02)))))INFO: dtree.c(1478): Final simple tree
|( SILENCE -1 -4.103e+05 3.268e+03 1.766e+03
|    ( - -5.363e+04 1 0)
|    ( QUESTION2_0_L -1 -3.534e+05 1.308e+03 1.531e+03
|        ( QUESTION0_9_R 1 -2.106e+05 9.738e+02 9.102e+02
|            ( QUESTION13 -1 -9.881e+04 7.405e+02 4.217e+02
|                ( WDBNDRY_B 0 -2.013e+04 6.099e+02 8.919e+01
|                    ( - -4.428e+03 1 0)
|                    ( - -1.509e+04 1 0))
|                ( - -7.794e+04 9 0 QUESTION0 -1 3.849e+02 3.325e+02))
|            ( - -1.108e+05 7 0 QUESTION2_19_L -1 2.996e+02 4.885e+02))
|        ( WDBNDRY_B 0 -1.415e+05 6.411e+02 6.212e+02
|            ( QUESTION12 -1 -7.700e+04 4.311e+02 3.447e+02
|                ( - 1.971e+02 1 0)
|                ( - -7.677e+04 5 0 QUESTION0 -1 3.991e+02 3.437e+02))
|            ( - -6.385e+04 1 0))))
s>    ( SILENCE -1 -4.103e+05 3.268e+03 1.766e+03
s>        ( - -5.363e+04 1 0)
s>        ( QUESTION2_0_L -1 -3.534e+05 1.308e+03 1.531e+03
s>            ( QUESTION0_9_R 1 -2.106e+05 9.738e+02 9.102e+02
s>                ( QUESTION13 -1 -9.881e+04 7.405e+02 4.217e+02
s>                    ( WDBNDRY_B 0 -2.013e+04 6.099e+02 8.919e+01
s>                        ( - -4.428e+03 1 0)
s>                        ( - -1.509e+04 1 0))
s>                    ( - -7.794e+04 9 0 QUESTION0 -1 3.849e+02 3.325e+02))
s>                ( - -1.108e+05 7 0 QUESTION2_19_L -1 2.996e+02 4.885e+02))
s>            ( WDBNDRY_B 0 -1.415e+05 6.411e+02 6.212e+02
s>                ( QUESTION12 -1 -7.700e+04 4.311e+02 3.447e+02
s>                    ( - 1.971e+02 1 0)
s>                    ( - -7.677e+04 5 0 QUESTION0 -1 3.991e+02 3.437e+02))
s>                ( - -6.385e+04 1 0))))INFO: dtree.c(1315): Comp split 2
INFO: dtree.c(1478): Final simple tree
|( QUESTION13 -1 -5.378e+05 2.822e+03 2.394e+03
|    ( QUESTION14 -1 -1.867e+05 2.581e+02 8.231e+02
|        ( - -1.796e+05 2 0)
|        ( - -6.818e+03 1 0))
|    ( QUESTION2_6_L -1 -3.483e+05 1.718e+03 1.571e+03
|        ( - -9.913e+04 2 0)
|        ( QUESTION0 -1 -2.475e+05 4.399e+02 1.114e+03
|            ( - -1.203e+04 1 0)
|            ( QUESTION10 -1 -2.350e+05 2.019e+02 1.060e+03
|                ( QUESTION0_14_R 1 -8.911e+03 2.008e+02 4.149e+01
|                    ( QUESTION2_10_L -1 -5.710e+03 1.440e+02 2.692e+01
|                        ( - -2.774e+03 1 0)
|                        ( - -2.792e+03 1 0))
|                    ( - -3.000e+03 1 0))
|                ( - -2.259e+05 4 0)))))
s>    ( QUESTION13 -1 -5.378e+05 2.822e+03 2.394e+03
s>        ( QUESTION14 -1 -1.867e+05 2.581e+02 8.231e+02
s>            ( - -1.796e+05 2 0)
s>            ( - -6.818e+03 1 0))
s>        ( QUESTION2_6_L -1 -3.483e+05 1.718e+03 1.571e+03
s>            ( - -9.913e+04 2 0)
s>            ( QUESTION0 -1 -2.475e+05 4.399e+02 1.114e+03
s>                ( - -1.203e+04 1 0)
s>                ( QUESTION10 -1 -2.350e+05 2.019e+02 1.060e+03
s>                    ( QUESTION0_14_R 1 -8.911e+03 2.008e+02 4.149e+01
s>                        ( QUESTION2_10_L -1 -5.710e+03 1.440e+02 2.692e+01
s>                            ( - -2.774e+03 1 0)
s>                            ( - -2.792e+03 1 0))
s>                        ( - -3.000e+03 1 0))
s>                    ( - -2.259e+05 4 0)))))INFO: dtree.c(1478): Final simple tree
|( QUESTION0 -1 -1.307e+06 4.376e+03 5.676e+03
|    ( WDBNDRY_I 0 -1.043e+06 1.174e+03 4.579e+03
|        ( - -8.230e+05 8 0)
|        ( QUESTION2_0_L -1 -2.183e+05 7.098e+02 9.556e+02
|            ( WDBNDRY_B 0 -1.247e+05 4.688e+02 5.586e+02
|                ( - -1.244e+05 10 0 QUESTION0_14_R 1 2.107e+02 5.576e+02)
|                ( - 2.032e+02 1 0))
|            ( - -9.295e+04 6 0 QUESTION0_16_R 1 2.097e+02 3.970e+02)))
|    ( QUESTION9 -1 -2.600e+05 1.423e+03 1.097e+03
|        ( QUESTION2_1_L -1 -1.026e+05 4.973e+02 4.340e+02
|            ( - -5.904e+04 13 0 QUESTION2_6_L -1 3.062e+02 2.562e+02)
|            ( QUESTION17 -1 -4.308e+04 4.453e+02 1.778e+02
|                ( - 1.816e+02 1 0)
|                ( - -4.282e+04 15 0 QUESTION16 -1 2.123e+02 1.768e+02)))
|        ( - -1.559e+05 6 0 SILENCE -1 1.543e+02 6.632e+02)))
s>    ( QUESTION0 -1 -1.307e+06 4.376e+03 5.676e+03
s>        ( WDBNDRY_I 0 -1.043e+06 1.174e+03 4.579e+03
s>            ( - -8.230e+05 8 0)
s>            ( QUESTION2_0_L -1 -2.183e+05 7.098e+02 9.556e+02
s>                ( WDBNDRY_B 0 -1.247e+05 4.688e+02 5.586e+02
s>                    ( - -1.244e+05 10 0 QUESTION0_14_R 1 2.107e+02 5.576e+02)
s>                    ( - 2.032e+02 1 0))
s>                ( - -9.295e+04 6 0 QUESTION0_16_R 1 2.097e+02 3.970e+02)))
s>        ( QUESTION9 -1 -2.600e+05 1.423e+03 1.097e+03
s>            ( QUESTION2_1_L -1 -1.026e+05 4.973e+02 4.340e+02
s>                ( - -5.904e+04 13 0 QUESTION2_6_L -1 3.062e+02 2.562e+02)
s>                ( QUESTION17 -1 -4.308e+04 4.453e+02 1.778e+02
s>                    ( - 1.816e+02 1 0)
s>                    ( - -4.282e+04 15 0 QUESTION16 -1 2.123e+02 1.768e+02)))
s>            ( - -1.559e+05 6 0 SILENCE -1 1.543e+02 6.632e+02)))INFO: dtree.c(1315): Comp split 3
INFO: dtree.c(1478): Final simple tree
|( QUESTION9 -1 -2.600e+05 1.413e+03 1.097e+03
|    ( QUESTION2_1_L -1 -1.024e+05 4.984e+02 4.330e+02
|        ( QUESTION2_6_L -1 -5.904e+04 3.062e+02 2.562e+02
|            ( QUESTION10 -1 -1.051e+04 2.343e+02 4.806e+01
|                ( - -7.534e+03 3 0 QUESTION0_14_R 1 1.856e+02 3.306e+01)
|                ( - -2.739e+03 1 0))
|            ( QUESTION2_10_L -1 -4.823e+04 2.255e+02 2.081e+02
|                ( - -4.594e+04 8 0 QUESTION0_14_R 1 1.463e+02 1.971e+02)
|                ( - -2.055e+03 1 0)))
|        ( QUESTION16 -1 -4.282e+04 2.123e+02 1.768e+02
|            ( - -1.480e+04 4 0)
|            ( - -2.781e+04 11 0 QUESTION15 -1 1.746e+02 1.165e+02)))
|    ( WDBNDRY_B 0 -1.562e+05 4.711e+02 6.642e+02
|        ( - -1.559e+05 6 0 SILENCE -1 1.543e+02 6.632e+02)
|        ( - 2.032e+02 1 0)))
s>    ( QUESTION9 -1 -2.600e+05 1.413e+03 1.097e+03
s>        ( QUESTION2_1_L -1 -1.024e+05 4.984e+02 4.330e+02
s>            ( QUESTION2_6_L -1 -5.904e+04 3.062e+02 2.562e+02
s>                ( QUESTION10 -1 -1.051e+04 2.343e+02 4.806e+01
s>                    ( - -7.534e+03 3 0 QUESTION0_14_R 1 1.856e+02 3.306e+01)
s>                    ( - -2.739e+03 1 0))
s>                ( QUESTION2_10_L -1 -4.823e+04 2.255e+02 2.081e+02
s>                    ( - -4.594e+04 8 0 QUESTION0_14_R 1 1.463e+02 1.971e+02)
s>                    ( - -2.055e+03 1 0)))
s>            ( QUESTION16 -1 -4.282e+04 2.123e+02 1.768e+02
s>                ( - -1.480e+04 4 0)
s>                ( - -2.781e+04 11 0 QUESTION15 -1 1.746e+02 1.165e+02)))
s>        ( WDBNDRY_B 0 -1.562e+05 4.711e+02 6.642e+02
s>            ( - -1.559e+05 6 0 SILENCE -1 1.543e+02 6.632e+02)
s>            ( - 2.032e+02 1 0)))INFO: dtree.c(1439): stop. leaf nodes are specific
INFO: dtree.c(1478): Final simple tree
|( WDBNDRY_B 0 -1.043e+06 1.170e+03 4.579e+03
|    ( QUESTION2_19_L -1 -2.183e+05 7.113e+02 9.556e+02
|        ( QUESTION0_14_R 1 -1.244e+05 2.107e+02 5.576e+02
|            ( - -1.223e+05 9 0)
|            ( - -1.886e+03 1 0))
|        ( QUESTION0 -1 -9.321e+04 4.425e+02 3.980e+02
|            ( QUESTION0_16_R 1 -9.295e+04 2.097e+02 3.970e+02
|                ( - -1.407e+03 1 0)
|                ( QUESTION0_14_R 1 -9.133e+04 1.650e+02 3.900e+02
|                    ( - -9.086e+04 4 0)
|                    ( - -3.052e+02 1 0)))
|            ( - 1.816e+02 1 0)))
|    ( - -8.230e+05 8 0))
s>    ( WDBNDRY_B 0 -1.043e+06 1.170e+03 4.579e+03
s>        ( QUESTION2_19_L -1 -2.183e+05 7.113e+02 9.556e+02
s>            ( QUESTION0_14_R 1 -1.244e+05 2.107e+02 5.576e+02
s>                ( - -1.223e+05 9 0)
s>                ( - -1.886e+03 1 0))
s>            ( QUESTION0 -1 -9.321e+04 4.425e+02 3.980e+02
s>                ( QUESTION0_16_R 1 -9.295e+04 2.097e+02 3.970e+02
s>                    ( - -1.407e+03 1 0)
s>                    ( QUESTION0_14_R 1 -9.133e+04 1.650e+02 3.900e+02
s>                        ( - -9.086e+04 4 0)
s>                        ( - -3.052e+02 1 0)))
s>                ( - 1.816e+02 1 0)))
s>        ( - -8.230e+05 8 0))INFO: dtree.c(1315): Comp split 4
INFO: dtree.c(1478): Final simple tree
|( QUESTION2_0_L -1 -3.534e+05 1.308e+03 1.531e+03
|    ( QUESTION0_9_R 1 -2.106e+05 9.738e+02 9.102e+02
|        ( QUESTION13 -1 -9.881e+04 7.405e+02 4.217e+02
|            ( WDBNDRY_B 0 -2.013e+04 6.099e+02 8.919e+01
|                ( - -4.428e+03 1 0)
|                ( - -1.509e+04 1 0))
|            ( - -7.794e+04 9 0 QUESTION0 -1 3.849e+02 3.325e+02))
|        ( - -1.108e+05 7 0 QUESTION2_19_L -1 2.996e+02 4.885e+02))
|    ( WDBNDRY_B 0 -1.415e+05 6.411e+02 6.212e+02
|        ( QUESTION12 -1 -7.700e+04 4.311e+02 3.447e+02
|            ( - 1.971e+02 1 0)
|            ( QUESTION0 -1 -7.677e+04 3.991e+02 3.437e+02
|                ( - -6.954e+04 3 0 QUESTION0_9_R 1 2.215e+02 3.137e+02)
|                ( - -6.831e+03 2 0 QUESTION14 -1 2.658e+02 3.004e+01)))
|        ( - -6.385e+04 1 0)))
s>    ( QUESTION2_0_L -1 -3.534e+05 1.308e+03 1.531e+03
s>        ( QUESTION0_9_R 1 -2.106e+05 9.738e+02 9.102e+02
s>            ( QUESTION13 -1 -9.881e+04 7.405e+02 4.217e+02
s>                ( WDBNDRY_B 0 -2.013e+04 6.099e+02 8.919e+01
s>                    ( - -4.428e+03 1 0)
s>                    ( - -1.509e+04 1 0))
s>                ( - -7.794e+04 9 0 QUESTION0 -1 3.849e+02 3.325e+02))
s>            ( - -1.108e+05 7 0 QUESTION2_19_L -1 2.996e+02 4.885e+02))
s>        ( WDBNDRY_B 0 -1.415e+05 6.411e+02 6.212e+02
s>            ( QUESTION12 -1 -7.700e+04 4.311e+02 3.447e+02
s>                ( - 1.971e+02 1 0)
s>                ( QUESTION0 -1 -7.677e+04 3.991e+02 3.437e+02
s>                    ( - -6.954e+04 3 0 QUESTION0_9_R 1 2.215e+02 3.137e+02)
s>                    ( - -6.831e+03 2 0 QUESTION14 -1 2.658e+02 3.004e+01)))
s>            ( - -6.385e+04 1 0)))INFO: dtree.c(1315): Comp split 5
INFO: dtree.c(1439): stop. leaf nodes are specific
INFO: dtree.c(1478): Final simple tree
|( QUESTION2_6_L -1 -3.483e+05 1.718e+03 1.571e+03
|    ( - -9.913e+04 2 0)
|    ( QUESTION0 -1 -2.475e+05 4.399e+02 1.114e+03
|        ( - -1.203e+04 1 0)
|        ( QUESTION10 -1 -2.350e+05 2.019e+02 1.060e+03
|            ( QUESTION0_14_R 1 -8.911e+03 2.008e+02 4.149e+01
|                ( QUESTION2_10_L -1 -5.710e+03 1.440e+02 2.692e+01
|                    ( - -2.774e+03 1 0)
|                    ( - -2.792e+03 1 0))
|                ( - -3.000e+03 1 0))
|            ( - -2.259e+05 4 0))))
s>    ( QUESTION2_6_L -1 -3.483e+05 1.718e+03 1.571e+03
s>        ( - -9.913e+04 2 0)
s>        ( QUESTION0 -1 -2.475e+05 4.399e+02 1.114e+03
s>            ( - -1.203e+04 1 0)
s>            ( QUESTION10 -1 -2.350e+05 2.019e+02 1.060e+03
s>                ( QUESTION0_14_R 1 -8.911e+03 2.008e+02 4.149e+01
s>                    ( QUESTION2_10_L -1 -5.710e+03 1.440e+02 2.692e+01
s>                        ( - -2.774e+03 1 0)
s>                        ( - -2.792e+03 1 0))
s>                    ( - -3.000e+03 1 0))
s>                ( - -2.259e+05 4 0))))INFO: dtree.c(1439): stop. leaf nodes are specific
INFO: dtree.c(1478): Final simple tree
|( QUESTION14 -1 -1.867e+05 2.581e+02 8.231e+02
|    ( - -1.796e+05 2 0)
|    ( - -6.818e+03 1 0))
s>    ( QUESTION14 -1 -1.867e+05 2.581e+02 8.231e+02
s>        ( - -1.796e+05 2 0)
s>        ( - -6.818e+03 1 0))INFO: dtree.c(1315): Comp split 6
INFO: dtree.c(1478): Final simple tree
|( SILENCE -1 -2.290e+05 1.888e+03 1.013e+03
|    ( - -2.931e+04 1 0)
|    ( QUESTION2_12_L -1 -1.978e+05 1.033e+03 8.713e+02
|        ( WDBNDRY_B 0 -1.267e+05 6.037e+02 5.804e+02
|            ( - -4.008e+04 2 0)
|            ( - -8.605e+04 2 0))
|        ( QUESTION0 -1 -7.006e+04 7.170e+02 2.909e+02
|            ( - -2.877e+04 1 0)
|            ( QUESTION2_7_L -1 -4.057e+04 4.575e+02 1.579e+02
|                ( - -4.472e+03 1 0)
|                ( WDBNDRY_B 0 -3.564e+04 2.976e+02 1.402e+02
|                    ( QUESTION2_9_L -1 -3.298e+04 2.479e+02 1.282e+02
|                        ( - -1.533e+04 2 0 QUESTION2_10_L -1 1.395e+02 5.216e+01)
|                        ( - -1.740e+04 5 0 QUESTION10 -1 1.568e+02 7.600e+01))
|                    ( - -2.361e+03 1 0))))))
s>    ( SILENCE -1 -2.290e+05 1.888e+03 1.013e+03
s>        ( - -2.931e+04 1 0)
s>        ( QUESTION2_12_L -1 -1.978e+05 1.033e+03 8.713e+02
s>            ( WDBNDRY_B 0 -1.267e+05 6.037e+02 5.804e+02
s>                ( - -4.008e+04 2 0)
s>                ( - -8.605e+04 2 0))
s>            ( QUESTION0 -1 -7.006e+04 7.170e+02 2.909e+02
s>                ( - -2.877e+04 1 0)
s>                ( QUESTION2_7_L -1 -4.057e+04 4.575e+02 1.579e+02
s>                    ( - -4.472e+03 1 0)
s>                    ( WDBNDRY_B 0 -3.564e+04 2.976e+02 1.402e+02
s>                        ( QUESTION2_9_L -1 -3.298e+04 2.479e+02 1.282e+02
s>                            ( - -1.533e+04 2 0 QUESTION2_10_L -1 1.395e+02 5.216e+01)
s>                            ( - -1.740e+04 5 0 QUESTION10 -1 1.568e+02 7.600e+01))
s>                        ( - -2.361e+03 1 0))))))INFO: dtree.c(1439): stop. leaf nodes are specific
INFO: dtree.c(1478): Final simple tree
|( QUESTION0_9_R 1 -1.331e+05 1.373e+03 5.894e+02
|    ( WDBNDRY_B 0 -1.061e+05 1.621e+02 4.757e+02
|        ( - -1.163e+03 1 0)
|        ( - -1.048e+05 3 0))
|    ( WDBNDRY_B 0 -2.558e+04 1.343e+02 1.137e+02
|        ( - -5.360e+03 1 0)
|        ( - -2.009e+04 1 0)))
s>    ( QUESTION0_9_R 1 -1.331e+05 1.373e+03 5.894e+02
s>        ( WDBNDRY_B 0 -1.061e+05 1.621e+02 4.757e+02
s>            ( - -1.163e+03 1 0)
s>            ( - -1.048e+05 3 0))
s>        ( WDBNDRY_B 0 -2.558e+04 1.343e+02 1.137e+02
s>            ( - -5.360e+03 1 0)
s>            ( - -2.009e+04 1 0)))INFO: dtree.c(1315): Comp split 7
INFO: dtree.c(1439): stop. leaf nodes are specific
INFO: dtree.c(1478): Final simple tree
|( SILENCE -1 -4.535e+04 7.135e+02 1.934e+02
|    ( - -2.931e+04 1 0)
|    ( QUESTION2_10_L -1 -1.533e+04 1.395e+02 5.216e+01
|        ( - -1.021e+04 1 0)
|        ( - -4.980e+03 1 0)))
s>    ( SILENCE -1 -4.535e+04 7.135e+02 1.934e+02
s>        ( - -2.931e+04 1 0)
s>        ( QUESTION2_10_L -1 -1.533e+04 1.395e+02 5.216e+01
s>            ( - -1.021e+04 1 0)
s>            ( - -4.980e+03 1 0)))INFO: dtree.c(1478): Final simple tree
|( WDBNDRY_B 0 -1.817e+05 8.292e+02 8.191e+02
|    ( QUESTION2_12_L -1 -9.216e+04 5.589e+02 4.157e+02
|        ( - -4.008e+04 2 0)
|        ( QUESTION2_7_L -1 -5.152e+04 4.963e+02 2.267e+02
|            ( - -4.472e+03 1 0)
|            ( QUESTION0 -1 -4.655e+04 3.766e+02 2.090e+02
|                ( - -2.877e+04 1 0)
|                ( QUESTION10 -1 -1.740e+04 1.568e+02 7.600e+01
|                    ( - -2.983e+03 1 0)
|                    ( QUESTION13 -1 -1.426e+04 1.736e+02 6.296e+01
|                        ( - -3.365e+03 1 0)
|                        ( - -1.073e+04 3 0 QUESTION2 -1 1.395e+02 4.804e+01))))))
|    ( QUESTION0_9_R 1 -8.869e+04 2.819e+02 4.034e+02
|        ( - -2.361e+03 1 0)
|        ( - -8.605e+04 2 0)))
s>    ( WDBNDRY_B 0 -1.817e+05 8.292e+02 8.191e+02
s>        ( QUESTION2_12_L -1 -9.216e+04 5.589e+02 4.157e+02
s>            ( - -4.008e+04 2 0)
s>            ( QUESTION2_7_L -1 -5.152e+04 4.963e+02 2.267e+02
s>                ( - -4.472e+03 1 0)
s>                ( QUESTION0 -1 -4.655e+04 3.766e+02 2.090e+02
s>                    ( - -2.877e+04 1 0)
s>                    ( QUESTION10 -1 -1.740e+04 1.568e+02 7.600e+01
s>                        ( - -2.983e+03 1 0)
s>                        ( QUESTION13 -1 -1.426e+04 1.736e+02 6.296e+01
s>                            ( - -3.365e+03 1 0)
s>                            ( - -1.073e+04 3 0 QUESTION2 -1 1.395e+02 4.804e+01))))))
s>        ( QUESTION0_9_R 1 -8.869e+04 2.819e+02 4.034e+02
s>            ( - -2.361e+03 1 0)
s>            ( - -8.605e+04 2 0)))INFO: dtree.c(1315): Comp split 8
INFO: dtree.c(1439): stop. leaf nodes are specific
INFO: dtree.c(1478): Final simple tree
|( QUESTION0 -1 -2.475e+05 4.399e+02 1.114e+03
|    ( - -1.203e+04 1 0)
|    ( QUESTION10 -1 -2.350e+05 2.019e+02 1.060e+03
|        ( QUESTION0_14_R 1 -8.911e+03 2.008e+02 4.149e+01
|            ( QUESTION2_10_L -1 -5.710e+03 1.440e+02 2.692e+01
|                ( - -2.774e+03 1 0)
|                ( - -2.792e+03 1 0))
|            ( - -3.000e+03 1 0))
|        ( - -2.259e+05 4 0)))
s>    ( QUESTION0 -1 -2.475e+05 4.399e+02 1.114e+03
s>        ( - -1.203e+04 1 0)
s>        ( QUESTION10 -1 -2.350e+05 2.019e+02 1.060e+03
s>            ( QUESTION0_14_R 1 -8.911e+03 2.008e+02 4.149e+01
s>                ( QUESTION2_10_L -1 -5.710e+03 1.440e+02 2.692e+01
s>                    ( - -2.774e+03 1 0)
s>                    ( - -2.792e+03 1 0))
s>                ( - -3.000e+03 1 0))
s>            ( - -2.259e+05 4 0)))INFO: dtree.c(1315): Comp split 9
INFO: dtree.c(1478): Final simple tree
|( QUESTION17 -1 -9.014e+04 6.391e+02 3.825e+02
|    ( - -4.428e+03 1 0)
|    ( QUESTION2_1_L -1 -8.507e+04 3.849e+02 3.626e+02
|        ( QUESTION10 -1 -9.783e+03 1.483e+02 4.401e+01
|            ( WDBNDRY_B 0 -8.550e+03 1.345e+02 3.817e+01
|                ( - -4.261e+02 1 0)
|                ( - -7.989e+03 1 0))
|            ( - -1.085e+03 1 0))
|        ( WDBNDRY_B 0 -7.490e+04 3.301e+02 3.185e+02
|            ( QUESTION14 -1 -1.339e+04 2.688e+02 5.665e+01
|                ( - -3.653e+03 1 0)
|                ( QUESTION0_9_R 1 -9.473e+03 2.000e+02 3.962e+01
|                    ( - -6.360e+03 3 0)
|                    ( - -2.912e+03 1 0)))
|            ( - -6.118e+04 3 0))))
s>    ( QUESTION17 -1 -9.014e+04 6.391e+02 3.825e+02
s>        ( - -4.428e+03 1 0)
s>        ( QUESTION2_1_L -1 -8.507e+04 3.849e+02 3.626e+02
s>            ( QUESTION10 -1 -9.783e+03 1.483e+02 4.401e+01
s>                ( WDBNDRY_B 0 -8.550e+03 1.345e+02 3.817e+01
s>                    ( - -4.261e+02 1 0)
s>                    ( - -7.989e+03 1 0))
s>                ( - -1.085e+03 1 0))
s>            ( WDBNDRY_B 0 -7.490e+04 3.301e+02 3.185e+02
s>                ( QUESTION14 -1 -1.339e+04 2.688e+02 5.665e+01
s>                    ( - -3.653e+03 1 0)
s>                    ( QUESTION0_9_R 1 -9.473e+03 2.000e+02 3.962e+01
s>                        ( - -6.360e+03 3 0)
s>                        ( - -2.912e+03 1 0)))
s>                ( - -6.118e+04 3 0))))INFO: dtree.c(1478): Final simple tree
|( QUESTION2_0_L -1 -2.616e+05 9.759e+02 1.149e+03
|    ( QUESTION2_19_L -1 -1.263e+05 4.539e+02 5.578e+02
|        ( WDBNDRY_B 0 -9.492e+04 3.265e+02 4.227e+02
|            ( - -2.582e+04 2 0)
|            ( - -6.877e+04 1 0))
|        ( WDBNDRY_B 0 -3.095e+04 2.798e+02 1.351e+02
|            ( - -1.558e+04 4 0 QUESTION10 -1 1.884e+02 6.578e+01)
|            ( - -1.509e+04 1 0)))
|    ( QUESTION0 -1 -1.343e+05 6.438e+02 5.912e+02
|        ( QUESTION0_9_R 1 -6.954e+04 2.215e+02 3.137e+02
|            ( - -1.469e+03 2 0)
|            ( - -6.785e+04 1 0))
|        ( WDBNDRY_B 0 -6.408e+04 4.319e+02 2.775e+02
|            ( - 1.971e+02 1 0)
|            ( - -6.385e+04 1 0))))
s>    ( QUESTION2_0_L -1 -2.616e+05 9.759e+02 1.149e+03
s>        ( QUESTION2_19_L -1 -1.263e+05 4.539e+02 5.578e+02
s>            ( WDBNDRY_B 0 -9.492e+04 3.265e+02 4.227e+02
s>                ( - -2.582e+04 2 0)
s>                ( - -6.877e+04 1 0))
s>            ( WDBNDRY_B 0 -3.095e+04 2.798e+02 1.351e+02
s>                ( - -1.558e+04 4 0 QUESTION10 -1 1.884e+02 6.578e+01)
s>                ( - -1.509e+04 1 0)))
s>        ( QUESTION0 -1 -1.343e+05 6.438e+02 5.912e+02
s>            ( QUESTION0_9_R 1 -6.954e+04 2.215e+02 3.137e+02
s>                ( - -1.469e+03 2 0)
s>                ( - -6.785e+04 1 0))
s>            ( WDBNDRY_B 0 -6.408e+04 4.319e+02 2.775e+02
s>                ( - 1.971e+02 1 0)
s>                ( - -6.385e+04 1 0))))INFO: dtree.c(1315): Comp split 10
INFO: dtree.c(1439): stop. leaf nodes are specific
INFO: dtree.c(1478): Final simple tree
|( SILENCE -1 -1.559e+05 1.543e+02 6.632e+02
|    ( - -1.539e+05 5 0)
|    ( - -1.826e+03 1 0))
s>    ( SILENCE -1 -1.559e+05 1.543e+02 6.632e+02
s>        ( - -1.539e+05 5 0)
s>        ( - -1.826e+03 1 0))INFO: dtree.c(1478): Final simple tree
|( QUESTION2_1_L -1 -1.026e+05 4.947e+02 4.340e+02
|    ( QUESTION2_6_L -1 -5.904e+04 3.062e+02 2.562e+02
|        ( QUESTION10 -1 -1.051e+04 2.343e+02 4.806e+01
|            ( QUESTION0_14_R 1 -7.534e+03 1.856e+02 3.306e+01
|                ( - -4.440e+03 2 0)
|                ( - -2.909e+03 1 0))
|            ( - -2.739e+03 1 0))
|        ( QUESTION2_10_L -1 -4.823e+04 2.255e+02 2.081e+02
|            ( - -4.594e+04 8 0 QUESTION0_14_R 1 1.463e+02 1.971e+02)
|            ( - -2.055e+03 1 0)))
|    ( WDBNDRY_B 0 -4.309e+04 4.702e+02 1.778e+02
|        ( QUESTION16 -1 -4.282e+04 2.123e+02 1.768e+02
|            ( - -1.480e+04 4 0)
|            ( - -2.781e+04 11 0 QUESTION15 -1 1.746e+02 1.165e+02))
|        ( - 2.032e+02 1 0)))
s>    ( QUESTION2_1_L -1 -1.026e+05 4.947e+02 4.340e+02
s>        ( QUESTION2_6_L -1 -5.904e+04 3.062e+02 2.562e+02
s>            ( QUESTION10 -1 -1.051e+04 2.343e+02 4.806e+01
s>                ( QUESTION0_14_R 1 -7.534e+03 1.856e+02 3.306e+01
s>                    ( - -4.440e+03 2 0)
s>                    ( - -2.909e+03 1 0))
s>                ( - -2.739e+03 1 0))
s>            ( QUESTION2_10_L -1 -4.823e+04 2.255e+02 2.081e+02
s>                ( - -4.594e+04 8 0 QUESTION0_14_R 1 1.463e+02 1.971e+02)
s>                ( - -2.055e+03 1 0)))
s>        ( WDBNDRY_B 0 -4.309e+04 4.702e+02 1.778e+02
s>            ( QUESTION16 -1 -4.282e+04 2.123e+02 1.768e+02
s>                ( - -1.480e+04 4 0)
s>                ( - -2.781e+04 11 0 QUESTION15 -1 1.746e+02 1.165e+02))
s>            ( - 2.032e+02 1 0)))INFO: dtree.c(1315): Comp split 11
INFO: dtree.c(1439): stop. leaf nodes are specific
INFO: dtree.c(1478): Final simple tree
|( WDBNDRY_B 0 -2.558e+04 1.343e+02 1.137e+02
|    ( - -5.360e+03 1 0)
|    ( - -2.009e+04 1 0))
s>    ( WDBNDRY_B 0 -2.558e+04 1.343e+02 1.137e+02
s>        ( - -5.360e+03 1 0)
s>        ( - -2.009e+04 1 0))INFO: dtree.c(1439): stop. leaf nodes are specific
INFO: dtree.c(1478): Final simple tree
|( WDBNDRY_B 0 -1.061e+05 1.621e+02 4.757e+02
|    ( - -1.163e+03 1 0)
|    ( - -1.048e+05 3 0))
s>    ( WDBNDRY_B 0 -1.061e+05 1.621e+02 4.757e+02
s>        ( - -1.163e+03 1 0)
s>        ( - -1.048e+05 3 0))INFO: dtree.c(1315): Comp split 12
INFO: dtree.c(1439): stop. leaf nodes are specific
INFO: dtree.c(1478): Final simple tree
|( QUESTION2_0_L -1 -2.155e+05 7.191e+02 9.436e+02
|    ( - -1.223e+05 9 0)
|    ( QUESTION0_14_R 1 -9.248e+04 2.097e+02 3.950e+02
|        ( - -9.086e+04 4 0)
|        ( - -1.407e+03 1 0)))
s>    ( QUESTION2_0_L -1 -2.155e+05 7.191e+02 9.436e+02
s>        ( - -1.223e+05 9 0)
s>        ( QUESTION0_14_R 1 -9.248e+04 2.097e+02 3.950e+02
s>            ( - -9.086e+04 4 0)
s>            ( - -1.407e+03 1 0)))INFO: dtree.c(1439): stop. leaf nodes are specific
INFO: dtree.c(1478): Final simple tree
|( QUESTION0 -1 -8.258e+05 4.412e+02 3.636e+03
|    ( QUESTION0_16_R 1 -8.255e+05 1.754e+02 3.635e+03
|        ( - -1.886e+03 1 0)
|        ( WDBNDRY_B 0 -8.235e+05 1.538e+02 3.626e+03
|            ( - -3.052e+02 1 0)
|            ( - -8.230e+05 8 0)))
|    ( - 1.816e+02 1 0))
s>    ( QUESTION0 -1 -8.258e+05 4.412e+02 3.636e+03
s>        ( QUESTION0_16_R 1 -8.255e+05 1.754e+02 3.635e+03
s>            ( - -1.886e+03 1 0)
s>            ( WDBNDRY_B 0 -8.235e+05 1.538e+02 3.626e+03
s>                ( - -3.052e+02 1 0)
s>                ( - -8.230e+05 8 0)))
s>        ( - 1.816e+02 1 0))INFO: dtree.c(1315): Comp split 13
INFO: dtree.c(1439): stop. leaf nodes are specific
INFO: dtree.c(1478): Final simple tree
|( WDBNDRY_B 0 -1.323e+05 6.448e+02 5.832e+02
|    ( - -6.785e+04 1 0)
|    ( - -6.385e+04 1 0))
s>    ( WDBNDRY_B 0 -1.323e+05 6.448e+02 5.832e+02
s>        ( - -6.785e+04 1 0)
s>        ( - -6.385e+04 1 0))INFO: dtree.c(1478): Final simple tree
|( QUESTION2_19_L -1 -1.282e+05 4.485e+02 5.658e+02
|    ( WDBNDRY_B 0 -9.492e+04 3.265e+02 4.227e+02
|        ( - -2.582e+04 2 0)
|        ( - -6.877e+04 1 0))
|    ( WDBNDRY_B 0 -3.287e+04 2.767e+02 1.431e+02
|        ( QUESTION0_9_R 1 -1.750e+04 2.183e+02 7.378e+01
|            ( - -1.469e+03 2 0)
|            ( QUESTION2_0_L -1 -1.582e+04 4.303e+02 6.678e+01
|                ( QUESTION10 -1 -1.558e+04 1.884e+02 6.578e+01
|                    ( - -3.958e+03 1 0)
|                    ( QUESTION0 -1 -1.144e+04 1.773e+02 4.816e+01
|                        ( - -7.432e+03 1 0)
|                        ( - -3.827e+03 2 0 QUESTION12 -1 1.337e+02 1.598e+01)))
|                ( - 1.971e+02 1 0)))
|        ( - -1.509e+04 1 0)))
s>    ( QUESTION2_19_L -1 -1.282e+05 4.485e+02 5.658e+02
s>        ( WDBNDRY_B 0 -9.492e+04 3.265e+02 4.227e+02
s>            ( - -2.582e+04 2 0)
s>            ( - -6.877e+04 1 0))
s>        ( WDBNDRY_B 0 -3.287e+04 2.767e+02 1.431e+02
s>            ( QUESTION0_9_R 1 -1.750e+04 2.183e+02 7.378e+01
s>                ( - -1.469e+03 2 0)
s>                ( QUESTION2_0_L -1 -1.582e+04 4.303e+02 6.678e+01
s>                    ( QUESTION10 -1 -1.558e+04 1.884e+02 6.578e+01
s>                        ( - -3.958e+03 1 0)
s>                        ( QUESTION0 -1 -1.144e+04 1.773e+02 4.816e+01
s>                            ( - -7.432e+03 1 0)
s>                            ( - -3.827e+03 2 0 QUESTION12 -1 1.337e+02 1.598e+01)))
s>                    ( - 1.971e+02 1 0)))
s>            ( - -1.509e+04 1 0)))INFO: dtree.c(1315): Comp split 14
INFO: dtree.c(1478): Final simple tree
|( QUESTION2_12_L -1 -9.479e+04 5.567e+02 4.277e+02
|    ( - -4.008e+04 2 0)
|    ( QUESTION2_7_L -1 -5.416e+04 4.926e+02 2.387e+02
|        ( - -4.472e+03 1 0)
|        ( QUESTION0 -1 -4.919e+04 3.893e+02 2.210e+02
|            ( - -2.877e+04 1 0)
|            ( WDBNDRY_B 0 -2.003e+04 2.684e+02 8.800e+01
|                ( QUESTION10 -1 -1.740e+04 1.568e+02 7.600e+01
|                    ( - -2.983e+03 1 0)
|                    ( QUESTION13 -1 -1.426e+04 1.736e+02 6.296e+01
|                        ( - -3.365e+03 1 0)
|                        ( QUESTION2 -1 -1.073e+04 1.395e+02 4.804e+01
|                            ( - -2.103e+03 1 0)
|                            ( - -8.483e+03 2 0 QUESTION0_9_R 1 1.302e+02 3.910e+01))))
|                ( - -2.361e+03 1 0)))))
s>    ( QUESTION2_12_L -1 -9.479e+04 5.567e+02 4.277e+02
s>        ( - -4.008e+04 2 0)
s>        ( QUESTION2_7_L -1 -5.416e+04 4.926e+02 2.387e+02
s>            ( - -4.472e+03 1 0)
s>            ( QUESTION0 -1 -4.919e+04 3.893e+02 2.210e+02
s>                ( - -2.877e+04 1 0)
s>                ( WDBNDRY_B 0 -2.003e+04 2.684e+02 8.800e+01
s>                    ( QUESTION10 -1 -1.740e+04 1.568e+02 7.600e+01
s>                        ( - -2.983e+03 1 0)
s>                        ( QUESTION13 -1 -1.426e+04 1.736e+02 6.296e+01
s>                            ( - -3.365e+03 1 0)
s>                            ( QUESTION2 -1 -1.073e+04 1.395e+02 4.804e+01
s>                                ( - -2.103e+03 1 0)
s>                                ( - -8.483e+03 2 0 QUESTION0_9_R 1 1.302e+02 3.910e+01))))
s>                    ( - -2.361e+03 1 0)))))INFO: dtree.c(1315): Comp split 15
INFO: dtree.c(1439): stop. leaf nodes are specific
INFO: dtree.c(1478): Final simple tree
|( QUESTION0_14_R 1 -9.248e+04 2.097e+02 3.950e+02
|    ( - -9.086e+04 4 0)
|    ( - -1.407e+03 1 0))
s>    ( QUESTION0_14_R 1 -9.248e+04 2.097e+02 3.950e+02
s>        ( - -9.086e+04 4 0)
s>        ( - -1.407e+03 1 0))INFO: dtree.c(1315): Comp split 16
INFO: dtree.c(1439): stop. leaf nodes are specific
INFO: dtree.c(1478): Final simple tree
|( QUESTION2_10_L -1 -1.533e+04 1.395e+02 5.216e+01
|    ( - -1.021e+04 1 0)
|    ( - -4.980e+03 1 0))
s>    ( QUESTION2_10_L -1 -1.533e+04 1.395e+02 5.216e+01
s>        ( - -1.021e+04 1 0)
s>        ( - -4.980e+03 1 0))INFO: dtree.c(1315): Comp split 17
INFO: dtree.c(1315): Comp split 18
INFO: dtree.c(1439): stop. leaf nodes are specific
INFO: dtree.c(1478): Final simple tree
|( QUESTION2_1_L -1 -8.507e+04 3.849e+02 3.626e+02
|    ( QUESTION10 -1 -9.783e+03 1.483e+02 4.401e+01
|        ( WDBNDRY_B 0 -8.550e+03 1.345e+02 3.817e+01
|            ( - -4.261e+02 1 0)
|            ( - -7.989e+03 1 0))
|        ( - -1.085e+03 1 0))
|    ( WDBNDRY_B 0 -7.490e+04 3.301e+02 3.185e+02
|        ( QUESTION14 -1 -1.339e+04 2.688e+02 5.665e+01
|            ( - -3.653e+03 1 0)
|            ( QUESTION0_9_R 1 -9.473e+03 2.000e+02 3.962e+01
|                ( - -6.360e+03 3 0)
|                ( - -2.912e+03 1 0)))
|        ( - -6.118e+04 3 0)))
s>    ( QUESTION2_1_L -1 -8.507e+04 3.849e+02 3.626e+02
s>        ( QUESTION10 -1 -9.783e+03 1.483e+02 4.401e+01
s>            ( WDBNDRY_B 0 -8.550e+03 1.345e+02 3.817e+01
s>                ( - -4.261e+02 1 0)
s>                ( - -7.989e+03 1 0))
s>            ( - -1.085e+03 1 0))
s>        ( WDBNDRY_B 0 -7.490e+04 3.301e+02 3.185e+02
s>            ( QUESTION14 -1 -1.339e+04 2.688e+02 5.665e+01
s>                ( - -3.653e+03 1 0)
s>                ( QUESTION0_9_R 1 -9.473e+03 2.000e+02 3.962e+01
s>                    ( - -6.360e+03 3 0)
s>                    ( - -2.912e+03 1 0)))
s>            ( - -6.118e+04 3 0)))INFO: dtree.c(1315): Comp split 19
INFO: dtree.c(1439): stop. leaf nodes are specific
INFO: dtree.c(1478): Final simple tree
|( QUESTION0 -1 -5.232e+04 2.343e+02 2.430e+02
|    ( - -4.008e+04 2 0)
|    ( QUESTION12 -1 -1.201e+04 1.638e+02 5.402e+01
|        ( QUESTION0_9_R 1 -8.483e+03 1.302e+02 3.910e+01
|            ( - -1.068e+03 1 0)
|            ( - -7.285e+03 1 0))
|        ( - -3.365e+03 1 0)))
s>    ( QUESTION0 -1 -5.232e+04 2.343e+02 2.430e+02
s>        ( - -4.008e+04 2 0)
s>        ( QUESTION12 -1 -1.201e+04 1.638e+02 5.402e+01
s>            ( QUESTION0_9_R 1 -8.483e+03 1.302e+02 3.910e+01
s>                ( - -1.068e+03 1 0)
s>                ( - -7.285e+03 1 0))
s>            ( - -3.365e+03 1 0)))INFO: dtree.c(1439): stop. leaf nodes are specific
INFO: dtree.c(1478): Final simple tree
|( QUESTION11 -1 -4.188e+04 4.990e+02 1.847e+02
|    ( - -4.472e+03 1 0)
|    ( WDBNDRY_B 0 -3.691e+04 2.901e+02 1.670e+02
|        ( QUESTION0 -1 -3.426e+04 2.370e+02 1.550e+02
|            ( - -2.877e+04 1 0)
|            ( QUESTION2 -1 -5.253e+03 1.677e+02 2.198e+01
|                ( - -2.103e+03 1 0)
|                ( - -2.983e+03 1 0)))
|        ( - -2.361e+03 1 0)))
s>    ( QUESTION11 -1 -4.188e+04 4.990e+02 1.847e+02
s>        ( - -4.472e+03 1 0)
s>        ( WDBNDRY_B 0 -3.691e+04 2.901e+02 1.670e+02
s>            ( QUESTION0 -1 -3.426e+04 2.370e+02 1.550e+02
s>                ( - -2.877e+04 1 0)
s>                ( QUESTION2 -1 -5.253e+03 1.677e+02 2.198e+01
s>                    ( - -2.103e+03 1 0)
s>                    ( - -2.983e+03 1 0)))
s>            ( - -2.361e+03 1 0)))INFO: dtree.c(1315): Comp split 20
INFO: dtree.c(1439): stop. leaf nodes are specific
INFO: dtree.c(1478): Final simple tree
|( QUESTION0_14_R 1 -4.594e+04 2.344e+02 1.898e+02
|    ( QUESTION16 -1 -4.236e+04 2.112e+02 1.748e+02
|        ( - -1.480e+04 4 0)
|        ( QUESTION15 -1 -2.735e+04 1.743e+02 1.145e+02
|            ( - -4.738e+03 2 0)
|            ( QUESTION12 -1 -2.244e+04 1.492e+02 9.553e+01
|                ( - -1.179e+04 4 0)
|                ( - -1.050e+04 4 0))))
|    ( QUESTION10 -1 -3.348e+03 1.167e+02 1.498e+01
|        ( - -2.909e+03 1 0)
|        ( - -3.223e+02 1 0)))
s>    ( QUESTION0_14_R 1 -4.594e+04 2.344e+02 1.898e+02
s>        ( QUESTION16 -1 -4.236e+04 2.112e+02 1.748e+02
s>            ( - -1.480e+04 4 0)
s>            ( QUESTION15 -1 -2.735e+04 1.743e+02 1.145e+02
s>                ( - -4.738e+03 2 0)
s>                ( QUESTION12 -1 -2.244e+04 1.492e+02 9.553e+01
s>                    ( - -1.179e+04 4 0)
s>                    ( - -1.050e+04 4 0))))
s>        ( QUESTION10 -1 -3.348e+03 1.167e+02 1.498e+01
s>            ( - -2.909e+03 1 0)
s>            ( - -3.223e+02 1 0)))INFO: dtree.c(1439): stop. leaf nodes are specific
INFO: dtree.c(1478): Final simple tree
|( WDBNDRY_B 0 -5.616e+04 4.654e+02 2.442e+02
|    ( QUESTION10 -1 -5.590e+04 2.889e+02 2.432e+02
|        ( QUESTION2_10_L -1 -5.287e+04 2.267e+02 2.282e+02
|            ( QUESTION0_14_R 1 -4.594e+04 1.463e+02 1.971e+02
|                ( - -4.503e+04 7 0)
|                ( - -7.721e+02 1 0))
|            ( QUESTION2_6_L -1 -6.703e+03 2.082e+02 3.108e+01
|                ( - -4.440e+03 2 0)
|                ( - -2.055e+03 1 0)))
|        ( - -2.739e+03 1 0))
|    ( - 2.032e+02 1 0))
s>    ( WDBNDRY_B 0 -5.616e+04 4.654e+02 2.442e+02
s>        ( QUESTION10 -1 -5.590e+04 2.889e+02 2.432e+02
s>            ( QUESTION2_10_L -1 -5.287e+04 2.267e+02 2.282e+02
s>                ( QUESTION0_14_R 1 -4.594e+04 1.463e+02 1.971e+02
s>                    ( - -4.503e+04 7 0)
s>                    ( - -7.721e+02 1 0))
s>                ( QUESTION2_6_L -1 -6.703e+03 2.082e+02 3.108e+01
s>                    ( - -4.440e+03 2 0)
s>                    ( - -2.055e+03 1 0)))
s>            ( - -2.739e+03 1 0))
s>        ( - 2.032e+02 1 0))INFO: dtree.c(1315): Comp split 21
INFO: dtree.c(1439): stop. leaf nodes are specific
INFO: dtree.c(1478): Final simple tree
|( WDBNDRY_B 0 -3.691e+04 2.901e+02 1.670e+02
|    ( QUESTION0 -1 -3.426e+04 2.370e+02 1.550e+02
|        ( - -2.877e+04 1 0)
|        ( QUESTION2 -1 -5.253e+03 1.677e+02 2.198e+01
|            ( - -2.103e+03 1 0)
|            ( - -2.983e+03 1 0)))
|    ( - -2.361e+03 1 0))
s>    ( WDBNDRY_B 0 -3.691e+04 2.901e+02 1.670e+02
s>        ( QUESTION0 -1 -3.426e+04 2.370e+02 1.550e+02
s>            ( - -2.877e+04 1 0)
s>            ( QUESTION2 -1 -5.253e+03 1.677e+02 2.198e+01
s>                ( - -2.103e+03 1 0)
s>                ( - -2.983e+03 1 0)))
s>        ( - -2.361e+03 1 0))INFO: dtree.c(1315): Comp split 22
INFO: dtree.c(1439): stop. leaf nodes are specific
INFO: dtree.c(1478): Final simple tree
|( QUESTION0 -1 -1.795e+04 2.133e+02 8.091e+01
|    ( - -1.203e+04 1 0)
|    ( QUESTION2_10_L -1 -5.710e+03 1.440e+02 2.692e+01
|        ( - -2.774e+03 1 0)
|        ( - -2.792e+03 1 0)))
s>    ( QUESTION0 -1 -1.795e+04 2.133e+02 8.091e+01
s>        ( - -1.203e+04 1 0)
s>        ( QUESTION2_10_L -1 -5.710e+03 1.440e+02 2.692e+01
s>            ( - -2.774e+03 1 0)
s>            ( - -2.792e+03 1 0)))INFO: dtree.c(1439): stop. leaf nodes are specific
INFO: dtree.c(1478): Final simple tree
|( QUESTION0_14_R 1 -2.291e+05 1.552e+02 1.033e+03
|    ( - -2.259e+05 4 0)
|    ( - -3.000e+03 1 0))
s>    ( QUESTION0_14_R 1 -2.291e+05 1.552e+02 1.033e+03
s>        ( - -2.259e+05 4 0)
s>        ( - -3.000e+03 1 0))INFO: dtree.c(1315): Comp split 23
INFO: dtree.c(1439): stop. leaf nodes are specific
INFO: dtree.c(1478): Final simple tree
|( QUESTION10 -1 -5.590e+04 2.889e+02 2.432e+02
|    ( QUESTION2_10_L -1 -5.287e+04 2.267e+02 2.282e+02
|        ( QUESTION0_14_R 1 -4.594e+04 1.463e+02 1.971e+02
|            ( - -4.503e+04 7 0)
|            ( - -7.721e+02 1 0))
|        ( QUESTION2_6_L -1 -6.703e+03 2.082e+02 3.108e+01
|            ( - -4.440e+03 2 0)
|            ( - -2.055e+03 1 0)))
|    ( - -2.739e+03 1 0))
s>    ( QUESTION10 -1 -5.590e+04 2.889e+02 2.432e+02
s>        ( QUESTION2_10_L -1 -5.287e+04 2.267e+02 2.282e+02
s>            ( QUESTION0_14_R 1 -4.594e+04 1.463e+02 1.971e+02
s>                ( - -4.503e+04 7 0)
s>                ( - -7.721e+02 1 0))
s>            ( QUESTION2_6_L -1 -6.703e+03 2.082e+02 3.108e+01
s>                ( - -4.440e+03 2 0)
s>                ( - -2.055e+03 1 0)))
s>        ( - -2.739e+03 1 0))INFO: dtree.c(1315): Comp split 24
INFO: dtree.c(1439): stop. leaf nodes are specific
INFO: dtree.c(1478): Final simple tree
|( QUESTION2_0_L -1 -3.118e+04 4.272e+02 1.361e+02
|    ( WDBNDRY_B 0 -3.095e+04 2.798e+02 1.351e+02
|        ( QUESTION10 -1 -1.558e+04 1.884e+02 6.578e+01
|            ( - -3.958e+03 1 0)
|            ( QUESTION0 -1 -1.144e+04 1.773e+02 4.816e+01
|                ( - -7.432e+03 1 0)
|                ( QUESTION12 -1 -3.827e+03 1.337e+02 1.598e+01
|                    ( - -7.605e+02 1 0)
|                    ( - -2.933e+03 1 0))))
|        ( - -1.509e+04 1 0))
|    ( - 1.971e+02 1 0))
s>    ( QUESTION2_0_L -1 -3.118e+04 4.272e+02 1.361e+02
s>        ( WDBNDRY_B 0 -3.095e+04 2.798e+02 1.351e+02
s>            ( QUESTION10 -1 -1.558e+04 1.884e+02 6.578e+01
s>                ( - -3.958e+03 1 0)
s>                ( QUESTION0 -1 -1.144e+04 1.773e+02 4.816e+01
s>                    ( - -7.432e+03 1 0)
s>                    ( QUESTION12 -1 -3.827e+03 1.337e+02 1.598e+01
s>                        ( - -7.605e+02 1 0)
s>                        ( - -2.933e+03 1 0))))
s>            ( - -1.509e+04 1 0))
s>        ( - 1.971e+02 1 0))INFO: dtree.c(1439): stop. leaf nodes are specific
INFO: dtree.c(1478): Final simple tree
|( WDBNDRY_B 0 -9.661e+04 3.297e+02 4.297e+02
|    ( QUESTION0_9_R 1 -2.750e+04 2.131e+02 1.244e+02
|        ( - -1.469e+03 2 0)
|        ( - -2.582e+04 2 0))
|    ( - -6.877e+04 1 0))
s>    ( WDBNDRY_B 0 -9.661e+04 3.297e+02 4.297e+02
s>        ( QUESTION0_9_R 1 -2.750e+04 2.131e+02 1.244e+02
s>            ( - -1.469e+03 2 0)
s>            ( - -2.582e+04 2 0))
s>        ( - -6.877e+04 1 0))INFO: dtree.c(1315): Comp split 25
INFO: dtree.c(1439): stop. leaf nodes are specific
INFO: dtree.c(1478): Final simple tree
|( QUESTION0_16_R 1 -8.255e+05 1.754e+02 3.635e+03
|    ( - -1.886e+03 1 0)
|    ( WDBNDRY_B 0 -8.235e+05 1.538e+02 3.626e+03
|        ( - -3.052e+02 1 0)
|        ( - -8.230e+05 8 0)))
s>    ( QUESTION0_16_R 1 -8.255e+05 1.754e+02 3.635e+03
s>        ( - -1.886e+03 1 0)
s>        ( WDBNDRY_B 0 -8.235e+05 1.538e+02 3.626e+03
s>            ( - -3.052e+02 1 0)
s>            ( - -8.230e+05 8 0)))INFO: dtree.c(1315): Comp split 26
INFO: dtree.c(1439): stop. leaf nodes are specific
INFO: dtree.c(1478): Final simple tree
|( WDBNDRY_B 0 -3.095e+04 2.798e+02 1.351e+02
|    ( QUESTION10 -1 -1.558e+04 1.884e+02 6.578e+01
|        ( - -3.958e+03 1 0)
|        ( QUESTION0 -1 -1.144e+04 1.773e+02 4.816e+01
|            ( - -7.432e+03 1 0)
|            ( QUESTION12 -1 -3.827e+03 1.337e+02 1.598e+01
|                ( - -7.605e+02 1 0)
|                ( - -2.933e+03 1 0))))
|    ( - -1.509e+04 1 0))
s>    ( WDBNDRY_B 0 -3.095e+04 2.798e+02 1.351e+02
s>        ( QUESTION10 -1 -1.558e+04 1.884e+02 6.578e+01
s>            ( - -3.958e+03 1 0)
s>            ( QUESTION0 -1 -1.144e+04 1.773e+02 4.816e+01
s>                ( - -7.432e+03 1 0)
s>                ( QUESTION12 -1 -3.827e+03 1.337e+02 1.598e+01
s>                    ( - -7.605e+02 1 0)
s>                    ( - -2.933e+03 1 0))))
s>        ( - -1.509e+04 1 0))INFO: dtree.c(1315): Comp split 27
INFO: dtree.c(1439): stop. leaf nodes are specific
INFO: dtree.c(1478): Final simple tree
|( QUESTION0_9_R 1 -1.370e+04 2.599e+02 6.103e+01
|    ( QUESTION10 -1 -9.783e+03 1.483e+02 4.401e+01
|        ( WDBNDRY_B 0 -8.550e+03 1.345e+02 3.817e+01
|            ( - -4.261e+02 1 0)
|            ( - -7.989e+03 1 0))
|        ( - -1.085e+03 1 0))
|    ( - -3.653e+03 1 0))
s>    ( QUESTION0_9_R 1 -1.370e+04 2.599e+02 6.103e+01
s>        ( QUESTION10 -1 -9.783e+03 1.483e+02 4.401e+01
s>            ( WDBNDRY_B 0 -8.550e+03 1.345e+02 3.817e+01
s>                ( - -4.261e+02 1 0)
s>                ( - -7.989e+03 1 0))
s>            ( - -1.085e+03 1 0))
s>        ( - -3.653e+03 1 0))INFO: dtree.c(1439): stop. leaf nodes are specific
INFO: dtree.c(1478): Final simple tree
|( WDBNDRY_B 0 -7.097e+04 3.149e+02 3.015e+02
|    ( QUESTION0_9_R 1 -9.473e+03 2.000e+02 3.962e+01
|        ( - -6.360e+03 3 0)
|        ( - -2.912e+03 1 0))
|    ( - -6.118e+04 3 0))
s>    ( WDBNDRY_B 0 -7.097e+04 3.149e+02 3.015e+02
s>        ( QUESTION0_9_R 1 -9.473e+03 2.000e+02 3.962e+01
s>            ( - -6.360e+03 3 0)
s>            ( - -2.912e+03 1 0))
s>        ( - -6.118e+04 3 0))INFO: dtree.c(1315): Comp split 28
INFO: dtree.c(1439): stop. leaf nodes are specific
INFO: dtree.c(1478): Final simple tree
|( QUESTION0_9_R 1 -2.750e+04 2.131e+02 1.244e+02
|    ( - -1.469e+03 2 0)
|    ( - -2.582e+04 2 0))
s>    ( QUESTION0_9_R 1 -2.750e+04 2.131e+02 1.244e+02
s>        ( - -1.469e+03 2 0)
s>        ( - -2.582e+04 2 0))INFO: dtree.c(1315): Comp split 29
INFO: dtree.c(1439): stop. leaf nodes are specific
INFO: dtree.c(1478): Final simple tree
|( QUESTION0_9_R 1 -9.473e+03 2.000e+02 3.962e+01
|    ( - -6.360e+03 3 0)
|    ( - -2.912e+03 1 0))
s>    ( QUESTION0_9_R 1 -9.473e+03 2.000e+02 3.962e+01
s>        ( - -6.360e+03 3 0)
s>        ( - -2.912e+03 1 0))INFO: dtree.c(1315): Comp split 30
INFO: dtree.c(1439): stop. leaf nodes are specific
INFO: dtree.c(1478): Final simple tree
|( QUESTION2_10_L -1 -4.731e+04 2.241e+02 2.041e+02
|    ( - -4.503e+04 7 0)
|    ( - -2.055e+03 1 0))
s>    ( QUESTION2_10_L -1 -4.731e+04 2.241e+02 2.041e+02
s>        ( - -4.503e+04 7 0)
s>        ( - -2.055e+03 1 0))INFO: dtree.c(1439): stop. leaf nodes are specific
INFO: dtree.c(1478): Final simple tree
|( QUESTION10 -1 -8.305e+03 2.271e+02 3.908e+01
|    ( QUESTION0_14_R 1 -5.339e+03 1.274e+02 2.408e+01
|        ( - -4.440e+03 2 0)
|        ( - -7.721e+02 1 0))
|    ( - -2.739e+03 1 0))
s>    ( QUESTION10 -1 -8.305e+03 2.271e+02 3.908e+01
s>        ( QUESTION0_14_R 1 -5.339e+03 1.274e+02 2.408e+01
s>            ( - -4.440e+03 2 0)
s>            ( - -7.721e+02 1 0))
s>        ( - -2.739e+03 1 0))INFO: dtree.c(1315): Comp split 31
INFO: dtree.c(1439): stop. leaf nodes are specific
INFO: dtree.c(1478): Final simple tree
|( QUESTION0 -1 -3.426e+04 2.370e+02 1.550e+02
|    ( - -2.877e+04 1 0)
|    ( QUESTION2 -1 -5.253e+03 1.677e+02 2.198e+01
|        ( - -2.103e+03 1 0)
|        ( - -2.983e+03 1 0)))
s>    ( QUESTION0 -1 -3.426e+04 2.370e+02 1.550e+02
s>        ( - -2.877e+04 1 0)
s>        ( QUESTION2 -1 -5.253e+03 1.677e+02 2.198e+01
s>            ( - -2.103e+03 1 0)
s>            ( - -2.983e+03 1 0)))INFO: dtree.c(1315): Comp split 32
INFO: dtree.c(1439): stop. leaf nodes are specific
INFO: dtree.c(1478): Final simple tree
|( QUESTION10 -1 -1.558e+04 1.884e+02 6.578e+01
|    ( - -3.958e+03 1 0)
|    ( QUESTION0 -1 -1.144e+04 1.773e+02 4.816e+01
|        ( - -7.432e+03 1 0)
|        ( QUESTION12 -1 -3.827e+03 1.337e+02 1.598e+01
|            ( - -7.605e+02 1 0)
|            ( - -2.933e+03 1 0))))
s>    ( QUESTION10 -1 -1.558e+04 1.884e+02 6.578e+01
s>        ( - -3.958e+03 1 0)
s>        ( QUESTION0 -1 -1.144e+04 1.773e+02 4.816e+01
s>            ( - -7.432e+03 1 0)
s>            ( QUESTION12 -1 -3.827e+03 1.337e+02 1.598e+01
s>                ( - -7.605e+02 1 0)
s>                ( - -2.933e+03 1 0))))INFO: dtree.c(1315): Comp split 33
INFO: dtree.c(1439): stop. leaf nodes are specific
INFO: dtree.c(1478): Final simple tree
|( QUESTION10 -1 -9.783e+03 1.483e+02 4.401e+01
|    ( WDBNDRY_B 0 -8.550e+03 1.345e+02 3.817e+01
|        ( - -4.261e+02 1 0)
|        ( - -7.989e+03 1 0))
|    ( - -1.085e+03 1 0))
s>    ( QUESTION10 -1 -9.783e+03 1.483e+02 4.401e+01
s>        ( WDBNDRY_B 0 -8.550e+03 1.345e+02 3.817e+01
s>            ( - -4.261e+02 1 0)
s>            ( - -7.989e+03 1 0))
s>        ( - -1.085e+03 1 0))INFO: dtree.c(1315): Comp split 34
INFO: dtree.c(1315): Comp split 35
INFO: dtree.c(1439): stop. leaf nodes are specific
INFO: dtree.c(1478): Final simple tree
|( QUESTION2 -1 -5.253e+03 1.677e+02 2.198e+01
|    ( - -2.103e+03 1 0)
|    ( - -2.983e+03 1 0))
s>    ( QUESTION2 -1 -5.253e+03 1.677e+02 2.198e+01
s>        ( - -2.103e+03 1 0)
s>        ( - -2.983e+03 1 0))INFO: dtree.c(1315): Comp split 36
INFO: dtree.c(1439): stop. leaf nodes are specific
INFO: dtree.c(1478): Final simple tree
|( QUESTION16 -1 -4.236e+04 2.112e+02 1.748e+02
|    ( - -1.480e+04 4 0)
|    ( QUESTION15 -1 -2.735e+04 1.743e+02 1.145e+02
|        ( - -4.738e+03 2 0)
|        ( QUESTION12 -1 -2.244e+04 1.492e+02 9.553e+01
|            ( - -1.179e+04 4 0)
|            ( - -1.050e+04 4 0))))
s>    ( QUESTION16 -1 -4.236e+04 2.112e+02 1.748e+02
s>        ( - -1.480e+04 4 0)
s>        ( QUESTION15 -1 -2.735e+04 1.743e+02 1.145e+02
s>            ( - -4.738e+03 2 0)
s>            ( QUESTION12 -1 -2.244e+04 1.492e+02 9.553e+01
s>                ( - -1.179e+04 4 0)
s>                ( - -1.050e+04 4 0))))INFO: dtree.c(1439): stop. leaf nodes are specific
INFO: dtree.c(1478): Final simple tree
|( QUESTION10 -1 -3.348e+03 1.167e+02 1.498e+01
|    ( - -2.909e+03 1 0)
|    ( - -3.223e+02 1 0))
s>    ( QUESTION10 -1 -3.348e+03 1.167e+02 1.498e+01
s>        ( - -2.909e+03 1 0)
s>        ( - -3.223e+02 1 0))INFO: dtree.c(1315): Comp split 37
INFO: dtree.c(1439): stop. leaf nodes are specific
INFO: dtree.c(1478): Final simple tree
|( QUESTION12 -1 -1.201e+04 1.638e+02 5.402e+01
|    ( QUESTION0_9_R 1 -8.483e+03 1.302e+02 3.910e+01
|        ( - -1.068e+03 1 0)
|        ( - -7.285e+03 1 0))
|    ( - -3.365e+03 1 0))
s>    ( QUESTION12 -1 -1.201e+04 1.638e+02 5.402e+01
s>        ( QUESTION0_9_R 1 -8.483e+03 1.302e+02 3.910e+01
s>            ( - -1.068e+03 1 0)
s>            ( - -7.285e+03 1 0))
s>        ( - -3.365e+03 1 0))INFO: dtree.c(1315): Comp split 38
INFO: dtree.c(1439): stop. leaf nodes are specific
INFO: dtree.c(1478): Final simple tree
|( QUESTION0_14_R 1 -5.339e+03 1.274e+02 2.408e+01
|    ( - -4.440e+03 2 0)
|    ( - -7.721e+02 1 0))
s>    ( QUESTION0_14_R 1 -5.339e+03 1.274e+02 2.408e+01
s>        ( - -4.440e+03 2 0)
s>        ( - -7.721e+02 1 0))INFO: dtree.c(1315): Comp split 39
INFO: dtree.c(1315): Comp split 40
INFO: dtree.c(1439): stop. leaf nodes are specific
INFO: dtree.c(1478): Final simple tree
|( QUESTION2_10_L -1 -5.710e+03 1.440e+02 2.692e+01
|    ( - -2.774e+03 1 0)
|    ( - -2.792e+03 1 0))
s>    ( QUESTION2_10_L -1 -5.710e+03 1.440e+02 2.692e+01
s>        ( - -2.774e+03 1 0)
s>        ( - -2.792e+03 1 0))INFO: dtree.c(1315): Comp split 41
INFO: dtree.c(1315): Comp split 42
INFO: dtree.c(1439): stop. leaf nodes are specific
INFO: dtree.c(1478): Final simple tree
|( QUESTION15 -1 -2.735e+04 1.743e+02 1.145e+02
|    ( - -4.738e+03 2 0)
|    ( QUESTION12 -1 -2.244e+04 1.492e+02 9.553e+01
|        ( - -1.179e+04 4 0)
|        ( - -1.050e+04 4 0)))
s>    ( QUESTION15 -1 -2.735e+04 1.743e+02 1.145e+02
s>        ( - -4.738e+03 2 0)
s>        ( QUESTION12 -1 -2.244e+04 1.492e+02 9.553e+01
s>            ( - -1.179e+04 4 0)
s>            ( - -1.050e+04 4 0)))INFO: dtree.c(1315): Comp split 43
INFO: dtree.c(1315): Comp split 44
INFO: dtree.c(1315): Comp split 45
INFO: dtree.c(1439): stop. leaf nodes are specific
INFO: dtree.c(1478): Final simple tree
|( QUESTION0 -1 -1.144e+04 1.773e+02 4.816e+01
|    ( - -7.432e+03 1 0)
|    ( QUESTION12 -1 -3.827e+03 1.337e+02 1.598e+01
|        ( - -7.605e+02 1 0)
|        ( - -2.933e+03 1 0)))
s>    ( QUESTION0 -1 -1.144e+04 1.773e+02 4.816e+01
s>        ( - -7.432e+03 1 0)
s>        ( QUESTION12 -1 -3.827e+03 1.337e+02 1.598e+01
s>            ( - -7.605e+02 1 0)
s>            ( - -2.933e+03 1 0)))INFO: dtree.c(1315): Comp split 46
INFO: dtree.c(1439): stop. leaf nodes are specific
INFO: dtree.c(1478): Final simple tree
|( QUESTION0_9_R 1 -4.544e+03 1.117e+02 1.992e+01
|    ( - -1.068e+03 1 0)
|    ( - -3.365e+03 1 0))
s>    ( QUESTION0_9_R 1 -4.544e+03 1.117e+02 1.992e+01
s>        ( - -1.068e+03 1 0)
s>        ( - -3.365e+03 1 0))INFO: dtree.c(1315): Comp split 47
INFO: dtree.c(1439): stop. leaf nodes are specific
INFO: dtree.c(1478): Final simple tree
|( QUESTION12 -1 -3.827e+03 1.337e+02 1.598e+01
|    ( - -7.605e+02 1 0)
|    ( - -2.933e+03 1 0))
s>    ( QUESTION12 -1 -3.827e+03 1.337e+02 1.598e+01
s>        ( - -7.605e+02 1 0)
s>        ( - -2.933e+03 1 0))INFO: dtree.c(1315): Comp split 48
INFO: dtree.c(1439): stop. leaf nodes are specific
INFO: dtree.c(1478): Final simple tree
|( WDBNDRY_B 0 -8.235e+05 1.538e+02 3.626e+03
|    ( - -3.052e+02 1 0)
|    ( - -8.230e+05 8 0))
s>    ( WDBNDRY_B 0 -8.235e+05 1.538e+02 3.626e+03
s>        ( - -3.052e+02 1 0)
s>        ( - -8.230e+05 8 0))INFO: dtree.c(1315): Comp split 49
INFO: dtree.c(1439): stop. leaf nodes are specific
INFO: dtree.c(1478): Final simple tree
|( QUESTION12 -1 -2.244e+04 1.492e+02 9.553e+01
|    ( - -1.179e+04 4 0)
|    ( - -1.050e+04 4 0))
s>    ( QUESTION12 -1 -2.244e+04 1.492e+02 9.553e+01
s>        ( - -1.179e+04 4 0)
s>        ( - -1.050e+04 4 0))INFO: dtree.c(1315): Comp split 50
INFO: dtree.c(1315): Comp split 51
INFO: dtree.c(1315): Comp split 52
INFO: dtree.c(1315): Comp split 53
INFO: dtree.c(1315): Comp split 54
INFO: dtree.c(1315): Comp split 55
INFO: dtree.c(1315): Comp split 56
INFO: dtree.c(1439): stop. leaf nodes are specific
INFO: dtree.c(1478): Final simple tree
|( WDBNDRY_B 0 -8.550e+03 1.345e+02 3.817e+01
|    ( - -4.261e+02 1 0)
|    ( - -7.989e+03 1 0))
s>    ( WDBNDRY_B 0 -8.550e+03 1.345e+02 3.817e+01
s>        ( - -4.261e+02 1 0)
s>        ( - -7.989e+03 1 0))INFO: dtree.c(1315): Comp split 57
INFO: dtree.c(1315): Comp split 58
INFO: dtree.c(1315): Comp split 59
INFO: dtree.c(1315): Comp split 60
INFO: dtree.c(1315): Comp split 61
INFO: dtree.c(1315): Comp split 62
INFO: dtree.c(1315): Comp split 63
INFO: dtree.c(1315): Comp split 64
INFO: dtree.c(1315): Comp split 65
INFO: dtree.c(1318): stop. leaf nodes are specific
Fri Jan  6 22:27:04 2023
