Current configuration:
[NAME]		[DEFLT]	[VALUE]
-allphones	no	no
-cntthresh	0.00001	1.000000e-05
-csplitmax	100	2000
-csplitmin	1	1
-csplitthr	8e-4	0.000000e+00
-example	no	no
-fullvar	no	no
-help		no	no
-meanfn			/mnt/c/users/robin/onedrive/desktop/cmu/Cebuano/model_parameters/Cebuano.cd_cont_untied/means
-mixwfn			/mnt/c/users/robin/onedrive/desktop/cmu/Cebuano/model_parameters/Cebuano.cd_cont_untied/mixture_weights
-moddeffn		/mnt/c/users/robin/onedrive/desktop/cmu/Cebuano/model_architecture/Cebuano.untied.mdef
-mwfloor	1e-4	1.000000e-08
-phone			CH
-psetfn			/mnt/c/users/robin/onedrive/desktop/cmu/Cebuano/model_architecture/Cebuano.tree_questions
-ssplitmax	5	7
-ssplitmin	1	1
-ssplitthr	8e-4	0.000000e+00
-state			2
-stwt			1.0,0.05,0.0,
-treefn			/mnt/c/users/robin/onedrive/desktop/cmu/Cebuano/trees/Cebuano.unpruned/CH-2.dtree
-ts2cbfn	.semi.	.cont.
-varfloor	0.00001	1.000000e-05
-varfn			/mnt/c/users/robin/onedrive/desktop/cmu/Cebuano/model_parameters/Cebuano.cd_cont_untied/variances

INFO: main.c(223): Reading: /mnt/c/users/robin/onedrive/desktop/cmu/Cebuano/model_architecture/Cebuano.untied.mdef
INFO: model_def_io.c(573): Model definition info:
INFO: model_def_io.c(574): 7744 total models defined (40 base, 7704 tri)
INFO: model_def_io.c(575): 30976 total states
INFO: model_def_io.c(576): 23232 total tied states
INFO: model_def_io.c(577): 120 total tied CI states
INFO: model_def_io.c(578): 40 total tied transition matrices
INFO: model_def_io.c(579): 4 max state/model
INFO: model_def_io.c(580): 4 min state/model
INFO: main.c(242): Building trees for [CH AA AH i] through [CH UH F e]
INFO: main.c(268): Covering states |[6087 6140]| == 54
INFO: main.c(275): Reading: /mnt/c/users/robin/onedrive/desktop/cmu/Cebuano/model_parameters/Cebuano.cd_cont_untied/mixture_weights
INFO: s3mixw_io.c(172): Read /mnt/c/users/robin/onedrive/desktop/cmu/Cebuano/model_parameters/Cebuano.cd_cont_untied/mixture_weights [54x1x1 array]
INFO: main.c(311): 18 of 18 models have observation count greater than 0.000010
INFO: main.c(95): nrm stwt: 0.000 0.048 0.952 
INFO: s3gau_io.c(168): Read /mnt/c/users/robin/onedrive/desktop/cmu/Cebuano/model_parameters/Cebuano.cd_cont_untied/means [23232x1x1 array]
INFO: s3gau_io.c(168): Read /mnt/c/users/robin/onedrive/desktop/cmu/Cebuano/model_parameters/Cebuano.cd_cont_untied/variances [23232x1x1 array]
INFO: main.c(549): Reading: /mnt/c/users/robin/onedrive/desktop/cmu/Cebuano/model_architecture/Cebuano.tree_questions
INFO: main.c(587): 180 total simple questions (172 phone; 8 word bndry)
INFO: main.c(589): 42 Left Only questions, and 42 Right Only questions
INFO: dtree.c(1478): Final simple tree
|( QUESTION0_11_R 1 -1.260e+05 1.188e+03 5.273e+02
|    ( - -5.503e+04 2 0)
|    ( QUESTION0_0_R 1 -6.974e+04 9.290e+02 2.927e+02
|        ( QUESTION0 -1 -2.741e+04 2.683e+02 1.209e+02
|            ( - -2.580e+04 1 0)
|            ( - -1.341e+03 1 0))
|        ( WDBNDRY_E 0 -4.141e+04 5.047e+02 1.718e+02
|            ( - 2.423e+02 1 0)
|            ( QUESTION14 -1 -4.114e+04 4.459e+02 1.708e+02
|                ( - -7.395e+03 4 0 WDBNDRY_B 0 1.578e+02 3.103e+01)
|                ( QUESTION1 -1 -3.330e+04 2.583e+02 1.398e+02
|                    ( QUESTION0_15_R 1 -6.157e+03 4.536e+02 2.603e+01
|                        ( - 1.715e+02 1 0)
|                        ( - -5.875e+03 3 0 QUESTION0_9_R 1 1.827e+02 2.503e+01))
|                    ( - -2.689e+04 5 0 WDBNDRY_B 0 2.431e+02 1.137e+02))))))
s>    ( QUESTION0_11_R 1 -1.260e+05 1.188e+03 5.273e+02
s>        ( - -5.503e+04 2 0)
s>        ( QUESTION0_0_R 1 -6.974e+04 9.290e+02 2.927e+02
s>            ( QUESTION0 -1 -2.741e+04 2.683e+02 1.209e+02
s>                ( - -2.580e+04 1 0)
s>                ( - -1.341e+03 1 0))
s>            ( WDBNDRY_E 0 -4.141e+04 5.047e+02 1.718e+02
s>                ( - 2.423e+02 1 0)
s>                ( QUESTION14 -1 -4.114e+04 4.459e+02 1.708e+02
s>                    ( - -7.395e+03 4 0 WDBNDRY_B 0 1.578e+02 3.103e+01)
s>                    ( QUESTION1 -1 -3.330e+04 2.583e+02 1.398e+02
s>                        ( QUESTION0_15_R 1 -6.157e+03 4.536e+02 2.603e+01
s>                            ( - 1.715e+02 1 0)
s>                            ( - -5.875e+03 3 0 QUESTION0_9_R 1 1.827e+02 2.503e+01))
s>                        ( - -2.689e+04 5 0 WDBNDRY_B 0 2.431e+02 1.137e+02))))))INFO: dtree.c(1315): Comp split 0
INFO: dtree.c(1478): Final simple tree
|( QUESTION0_0_R 1 -6.974e+04 9.290e+02 2.927e+02
|    ( QUESTION0 -1 -2.741e+04 2.683e+02 1.209e+02
|        ( - -2.580e+04 1 0)
|        ( - -1.341e+03 1 0))
|    ( WDBNDRY_E 0 -4.141e+04 5.047e+02 1.718e+02
|        ( - 2.423e+02 1 0)
|        ( QUESTION14 -1 -4.114e+04 4.459e+02 1.708e+02
|            ( - -7.395e+03 4 0 WDBNDRY_B 0 1.578e+02 3.103e+01)
|            ( QUESTION1 -1 -3.330e+04 2.583e+02 1.398e+02
|                ( QUESTION0_15_R 1 -6.157e+03 4.536e+02 2.603e+01
|                    ( - 1.715e+02 1 0)
|                    ( - -5.875e+03 3 0 QUESTION0_9_R 1 1.827e+02 2.503e+01))
|                ( WDBNDRY_B 0 -2.689e+04 2.431e+02 1.137e+02
|                    ( - -1.159e+04 2 0 SILENCE -1 2.050e+02 4.969e+01)
|                    ( - -1.505e+04 3 0 QUESTION0_14_R 1 1.560e+02 6.404e+01))))))
s>    ( QUESTION0_0_R 1 -6.974e+04 9.290e+02 2.927e+02
s>        ( QUESTION0 -1 -2.741e+04 2.683e+02 1.209e+02
s>            ( - -2.580e+04 1 0)
s>            ( - -1.341e+03 1 0))
s>        ( WDBNDRY_E 0 -4.141e+04 5.047e+02 1.718e+02
s>            ( - 2.423e+02 1 0)
s>            ( QUESTION14 -1 -4.114e+04 4.459e+02 1.708e+02
s>                ( - -7.395e+03 4 0 WDBNDRY_B 0 1.578e+02 3.103e+01)
s>                ( QUESTION1 -1 -3.330e+04 2.583e+02 1.398e+02
s>                    ( QUESTION0_15_R 1 -6.157e+03 4.536e+02 2.603e+01
s>                        ( - 1.715e+02 1 0)
s>                        ( - -5.875e+03 3 0 QUESTION0_9_R 1 1.827e+02 2.503e+01))
s>                    ( WDBNDRY_B 0 -2.689e+04 2.431e+02 1.137e+02
s>                        ( - -1.159e+04 2 0 SILENCE -1 2.050e+02 4.969e+01)
s>                        ( - -1.505e+04 3 0 QUESTION0_14_R 1 1.560e+02 6.404e+01))))))INFO: dtree.c(1315): Comp split 1
INFO: dtree.c(1478): Final simple tree
|( QUESTION2_18_L -1 -4.299e+04 5.036e+02 1.773e+02
|    ( - 2.423e+02 1 0)
|    ( QUESTION14 -1 -4.273e+04 4.355e+02 1.763e+02
|        ( - -7.395e+03 4 0 WDBNDRY_B 0 1.578e+02 3.103e+01)
|        ( QUESTION1 -1 -3.490e+04 3.504e+02 1.453e+02
|            ( QUESTION0_15_R 1 -7.658e+03 4.522e+02 3.155e+01
|                ( - 1.715e+02 1 0)
|                ( QUESTION0_13_R 1 -7.377e+03 2.179e+02 3.055e+01
|                    ( - -4.143e+03 2 0 WDBNDRY_B 0 1.186e+02 1.803e+01)
|                    ( - -3.016e+03 2 0 WDBNDRY_E 0 1.262e+02 1.252e+01)))
|            ( WDBNDRY_B 0 -2.689e+04 2.431e+02 1.137e+02
|                ( SILENCE -1 -1.159e+04 2.050e+02 4.969e+01
|                    ( - -9.615e+03 1 0)
|                    ( - -1.772e+03 1 0))
|                ( - -1.505e+04 3 0 QUESTION0_14_R 1 1.560e+02 6.404e+01)))))
s>    ( QUESTION2_18_L -1 -4.299e+04 5.036e+02 1.773e+02
s>        ( - 2.423e+02 1 0)
s>        ( QUESTION14 -1 -4.273e+04 4.355e+02 1.763e+02
s>            ( - -7.395e+03 4 0 WDBNDRY_B 0 1.578e+02 3.103e+01)
s>            ( QUESTION1 -1 -3.490e+04 3.504e+02 1.453e+02
s>                ( QUESTION0_15_R 1 -7.658e+03 4.522e+02 3.155e+01
s>                    ( - 1.715e+02 1 0)
s>                    ( QUESTION0_13_R 1 -7.377e+03 2.179e+02 3.055e+01
s>                        ( - -4.143e+03 2 0 WDBNDRY_B 0 1.186e+02 1.803e+01)
s>                        ( - -3.016e+03 2 0 WDBNDRY_E 0 1.262e+02 1.252e+01)))
s>                ( WDBNDRY_B 0 -2.689e+04 2.431e+02 1.137e+02
s>                    ( SILENCE -1 -1.159e+04 2.050e+02 4.969e+01
s>                        ( - -9.615e+03 1 0)
s>                        ( - -1.772e+03 1 0))
s>                    ( - -1.505e+04 3 0 QUESTION0_14_R 1 1.560e+02 6.404e+01)))))INFO: dtree.c(1315): Comp split 2
INFO: dtree.c(1478): Final simple tree
|( QUESTION14 -1 -4.273e+04 4.355e+02 1.763e+02
|    ( WDBNDRY_B 0 -7.395e+03 1.578e+02 3.103e+01
|        ( - -5.663e+03 1 0)
|        ( - -1.574e+03 3 0 QUESTION0_9_R 1 1.847e+02 7.000e+00))
|    ( QUESTION1 -1 -3.490e+04 3.504e+02 1.453e+02
|        ( QUESTION0_15_R 1 -7.658e+03 4.522e+02 3.155e+01
|            ( - 1.715e+02 1 0)
|            ( QUESTION0_13_R 1 -7.377e+03 2.179e+02 3.055e+01
|                ( - -4.143e+03 2 0 WDBNDRY_B 0 1.186e+02 1.803e+01)
|                ( - -3.016e+03 2 0 WDBNDRY_E 0 1.262e+02 1.252e+01)))
|        ( WDBNDRY_B 0 -2.689e+04 2.431e+02 1.137e+02
|            ( SILENCE -1 -1.159e+04 2.050e+02 4.969e+01
|                ( - -9.615e+03 1 0)
|                ( - -1.772e+03 1 0))
|            ( - -1.505e+04 3 0 QUESTION0_14_R 1 1.560e+02 6.404e+01))))
s>    ( QUESTION14 -1 -4.273e+04 4.355e+02 1.763e+02
s>        ( WDBNDRY_B 0 -7.395e+03 1.578e+02 3.103e+01
s>            ( - -5.663e+03 1 0)
s>            ( - -1.574e+03 3 0 QUESTION0_9_R 1 1.847e+02 7.000e+00))
s>        ( QUESTION1 -1 -3.490e+04 3.504e+02 1.453e+02
s>            ( QUESTION0_15_R 1 -7.658e+03 4.522e+02 3.155e+01
s>                ( - 1.715e+02 1 0)
s>                ( QUESTION0_13_R 1 -7.377e+03 2.179e+02 3.055e+01
s>                    ( - -4.143e+03 2 0 WDBNDRY_B 0 1.186e+02 1.803e+01)
s>                    ( - -3.016e+03 2 0 WDBNDRY_E 0 1.262e+02 1.252e+01)))
s>            ( WDBNDRY_B 0 -2.689e+04 2.431e+02 1.137e+02
s>                ( SILENCE -1 -1.159e+04 2.050e+02 4.969e+01
s>                    ( - -9.615e+03 1 0)
s>                    ( - -1.772e+03 1 0))
s>                ( - -1.505e+04 3 0 QUESTION0_14_R 1 1.560e+02 6.404e+01))))INFO: dtree.c(1315): Comp split 3
INFO: dtree.c(1439): stop. leaf nodes are specific
INFO: dtree.c(1478): Final simple tree
|( WDBNDRY_B 0 -2.490e+04 2.330e+02 1.057e+02
|    ( - -9.615e+03 1 0)
|    ( QUESTION0_14_R 1 -1.505e+04 1.560e+02 6.404e+01
|        ( - -1.366e+04 2 0)
|        ( - -1.242e+03 1 0)))
s>    ( WDBNDRY_B 0 -2.490e+04 2.330e+02 1.057e+02
s>        ( - -9.615e+03 1 0)
s>        ( QUESTION0_14_R 1 -1.505e+04 1.560e+02 6.404e+01
s>            ( - -1.366e+04 2 0)
s>            ( - -1.242e+03 1 0)))INFO: dtree.c(1478): Final simple tree
|( QUESTION14 -1 -1.734e+04 3.837e+02 7.058e+01
|    ( WDBNDRY_B 0 -7.395e+03 1.578e+02 3.103e+01
|        ( - -5.663e+03 1 0)
|        ( QUESTION0_9_R 1 -1.574e+03 1.847e+02 7.000e+00
|            ( - -2.845e+02 1 0)
|            ( - -1.105e+03 2 0 QUESTION0_14_R 1 1.190e+02 5.000e+00)))
|    ( QUESTION0_15_R 1 -9.565e+03 4.506e+02 3.955e+01
|        ( - 1.715e+02 1 0)
|        ( QUESTION0_13_R 1 -9.286e+03 2.097e+02 3.855e+01
|            ( QUESTION0 -1 -6.060e+03 1.447e+02 2.603e+01
|                ( - -1.772e+03 1 0)
|                ( - -4.143e+03 2 0 WDBNDRY_B 0 1.186e+02 1.803e+01))
|            ( WDBNDRY_E 0 -3.016e+03 1.262e+02 1.252e+01
|                ( - -1.341e+03 1 0)
|                ( - -1.549e+03 1 0)))))
s>    ( QUESTION14 -1 -1.734e+04 3.837e+02 7.058e+01
s>        ( WDBNDRY_B 0 -7.395e+03 1.578e+02 3.103e+01
s>            ( - -5.663e+03 1 0)
s>            ( QUESTION0_9_R 1 -1.574e+03 1.847e+02 7.000e+00
s>                ( - -2.845e+02 1 0)
s>                ( - -1.105e+03 2 0 QUESTION0_14_R 1 1.190e+02 5.000e+00)))
s>        ( QUESTION0_15_R 1 -9.565e+03 4.506e+02 3.955e+01
s>            ( - 1.715e+02 1 0)
s>            ( QUESTION0_13_R 1 -9.286e+03 2.097e+02 3.855e+01
s>                ( QUESTION0 -1 -6.060e+03 1.447e+02 2.603e+01
s>                    ( - -1.772e+03 1 0)
s>                    ( - -4.143e+03 2 0 WDBNDRY_B 0 1.186e+02 1.803e+01))
s>                ( WDBNDRY_E 0 -3.016e+03 1.262e+02 1.252e+01
s>                    ( - -1.341e+03 1 0)
s>                    ( - -1.549e+03 1 0)))))INFO: dtree.c(1315): Comp split 4
INFO: dtree.c(1478): Final simple tree
|( QUESTION14 -1 -1.707e+04 3.874e+02 6.958e+01
|    ( WDBNDRY_B 0 -7.395e+03 1.578e+02 3.103e+01
|        ( - -5.663e+03 1 0)
|        ( QUESTION0_9_R 1 -1.574e+03 1.847e+02 7.000e+00
|            ( - -2.845e+02 1 0)
|            ( QUESTION0_14_R 1 -1.105e+03 1.190e+02 5.000e+00
|                ( - -5.584e+02 1 0)
|                ( - -4.275e+02 1 0))))
|    ( QUESTION0_13_R 1 -9.286e+03 2.097e+02 3.855e+01
|        ( QUESTION0 -1 -6.060e+03 1.447e+02 2.603e+01
|            ( - -1.772e+03 1 0)
|            ( - -4.143e+03 2 0 WDBNDRY_B 0 1.186e+02 1.803e+01))
|        ( WDBNDRY_E 0 -3.016e+03 1.262e+02 1.252e+01
|            ( - -1.341e+03 1 0)
|            ( - -1.549e+03 1 0))))
s>    ( QUESTION14 -1 -1.707e+04 3.874e+02 6.958e+01
s>        ( WDBNDRY_B 0 -7.395e+03 1.578e+02 3.103e+01
s>            ( - -5.663e+03 1 0)
s>            ( QUESTION0_9_R 1 -1.574e+03 1.847e+02 7.000e+00
s>                ( - -2.845e+02 1 0)
s>                ( QUESTION0_14_R 1 -1.105e+03 1.190e+02 5.000e+00
s>                    ( - -5.584e+02 1 0)
s>                    ( - -4.275e+02 1 0))))
s>        ( QUESTION0_13_R 1 -9.286e+03 2.097e+02 3.855e+01
s>            ( QUESTION0 -1 -6.060e+03 1.447e+02 2.603e+01
s>                ( - -1.772e+03 1 0)
s>                ( - -4.143e+03 2 0 WDBNDRY_B 0 1.186e+02 1.803e+01))
s>            ( WDBNDRY_E 0 -3.016e+03 1.262e+02 1.252e+01
s>                ( - -1.341e+03 1 0)
s>                ( - -1.549e+03 1 0))))INFO: dtree.c(1315): Comp split 5
INFO: dtree.c(1439): stop. leaf nodes are specific
INFO: dtree.c(1478): Final simple tree
|( QUESTION0_13_R 1 -1.052e+04 2.044e+02 4.355e+01
|    ( QUESTION12 -1 -7.297e+03 1.531e+02 3.103e+01
|        ( - -2.965e+03 1 0)
|        ( QUESTION2_15_L -1 -4.179e+03 1.204e+02 1.800e+01
|            ( - -5.584e+02 1 0)
|            ( QUESTION15 -1 -3.500e+03 1.186e+02 1.500e+01
|                ( - -1.060e+03 1 0)
|                ( WDBNDRY_B 0 -2.322e+03 1.223e+02 1.000e+01
|                    ( - -1.772e+03 1 0)
|                    ( - -4.275e+02 1 0)))))
|    ( WDBNDRY_E 0 -3.016e+03 1.262e+02 1.252e+01
|        ( - -1.341e+03 1 0)
|        ( - -1.549e+03 1 0)))
s>    ( QUESTION0_13_R 1 -1.052e+04 2.044e+02 4.355e+01
s>        ( QUESTION12 -1 -7.297e+03 1.531e+02 3.103e+01
s>            ( - -2.965e+03 1 0)
s>            ( QUESTION2_15_L -1 -4.179e+03 1.204e+02 1.800e+01
s>                ( - -5.584e+02 1 0)
s>                ( QUESTION15 -1 -3.500e+03 1.186e+02 1.500e+01
s>                    ( - -1.060e+03 1 0)
s>                    ( WDBNDRY_B 0 -2.322e+03 1.223e+02 1.000e+01
s>                        ( - -1.772e+03 1 0)
s>                        ( - -4.275e+02 1 0)))))
s>        ( WDBNDRY_E 0 -3.016e+03 1.262e+02 1.252e+01
s>            ( - -1.341e+03 1 0)
s>            ( - -1.549e+03 1 0)))INFO: dtree.c(1439): stop. leaf nodes are specific
INFO: dtree.c(1478): Final simple tree
|( WDBNDRY_B 0 -6.138e+03 1.911e+02 2.603e+01
|    ( - -5.663e+03 1 0)
|    ( - -2.845e+02 1 0))
s>    ( WDBNDRY_B 0 -6.138e+03 1.911e+02 2.603e+01
s>        ( - -5.663e+03 1 0)
s>        ( - -2.845e+02 1 0))INFO: dtree.c(1315): Comp split 6
INFO: dtree.c(1439): stop. leaf nodes are specific
INFO: dtree.c(1478): Final simple tree
|( QUESTION0_14_R 1 -1.505e+04 1.560e+02 6.404e+01
|    ( - -1.366e+04 2 0)
|    ( - -1.242e+03 1 0))
s>    ( QUESTION0_14_R 1 -1.505e+04 1.560e+02 6.404e+01
s>        ( - -1.366e+04 2 0)
s>        ( - -1.242e+03 1 0))INFO: dtree.c(1315): Comp split 7
INFO: dtree.c(1439): stop. leaf nodes are specific
INFO: dtree.c(1478): Final simple tree
|( QUESTION12 -1 -7.297e+03 1.531e+02 3.103e+01
|    ( - -2.965e+03 1 0)
|    ( QUESTION2_15_L -1 -4.179e+03 1.204e+02 1.800e+01
|        ( - -5.584e+02 1 0)
|        ( QUESTION15 -1 -3.500e+03 1.186e+02 1.500e+01
|            ( - -1.060e+03 1 0)
|            ( WDBNDRY_B 0 -2.322e+03 1.223e+02 1.000e+01
|                ( - -1.772e+03 1 0)
|                ( - -4.275e+02 1 0)))))
s>    ( QUESTION12 -1 -7.297e+03 1.531e+02 3.103e+01
s>        ( - -2.965e+03 1 0)
s>        ( QUESTION2_15_L -1 -4.179e+03 1.204e+02 1.800e+01
s>            ( - -5.584e+02 1 0)
s>            ( QUESTION15 -1 -3.500e+03 1.186e+02 1.500e+01
s>                ( - -1.060e+03 1 0)
s>                ( WDBNDRY_B 0 -2.322e+03 1.223e+02 1.000e+01
s>                    ( - -1.772e+03 1 0)
s>                    ( - -4.275e+02 1 0)))))INFO: dtree.c(1439): stop. leaf nodes are specific
INFO: dtree.c(1478): Final simple tree
|( WDBNDRY_E 0 -3.016e+03 1.262e+02 1.252e+01
|    ( - -1.341e+03 1 0)
|    ( - -1.549e+03 1 0))
s>    ( WDBNDRY_E 0 -3.016e+03 1.262e+02 1.252e+01
s>        ( - -1.341e+03 1 0)
s>        ( - -1.549e+03 1 0))INFO: dtree.c(1315): Comp split 8
INFO: dtree.c(1315): Comp split 9
INFO: dtree.c(1315): Comp split 10
INFO: dtree.c(1439): stop. leaf nodes are specific
INFO: dtree.c(1478): Final simple tree
|( QUESTION2_15_L -1 -4.179e+03 1.204e+02 1.800e+01
|    ( - -5.584e+02 1 0)
|    ( QUESTION15 -1 -3.500e+03 1.186e+02 1.500e+01
|        ( - -1.060e+03 1 0)
|        ( WDBNDRY_B 0 -2.322e+03 1.223e+02 1.000e+01
|            ( - -1.772e+03 1 0)
|            ( - -4.275e+02 1 0))))
s>    ( QUESTION2_15_L -1 -4.179e+03 1.204e+02 1.800e+01
s>        ( - -5.584e+02 1 0)
s>        ( QUESTION15 -1 -3.500e+03 1.186e+02 1.500e+01
s>            ( - -1.060e+03 1 0)
s>            ( WDBNDRY_B 0 -2.322e+03 1.223e+02 1.000e+01
s>                ( - -1.772e+03 1 0)
s>                ( - -4.275e+02 1 0))))INFO: dtree.c(1315): Comp split 11
INFO: dtree.c(1315): Comp split 12
INFO: dtree.c(1439): stop. leaf nodes are specific
INFO: dtree.c(1478): Final simple tree
|( QUESTION15 -1 -3.500e+03 1.186e+02 1.500e+01
|    ( - -1.060e+03 1 0)
|    ( WDBNDRY_B 0 -2.322e+03 1.223e+02 1.000e+01
|        ( - -1.772e+03 1 0)
|        ( - -4.275e+02 1 0)))
s>    ( QUESTION15 -1 -3.500e+03 1.186e+02 1.500e+01
s>        ( - -1.060e+03 1 0)
s>        ( WDBNDRY_B 0 -2.322e+03 1.223e+02 1.000e+01
s>            ( - -1.772e+03 1 0)
s>            ( - -4.275e+02 1 0)))INFO: dtree.c(1315): Comp split 13
INFO: dtree.c(1439): stop. leaf nodes are specific
INFO: dtree.c(1478): Final simple tree
|( WDBNDRY_B 0 -2.322e+03 1.223e+02 1.000e+01
|    ( - -1.772e+03 1 0)
|    ( - -4.275e+02 1 0))
s>    ( WDBNDRY_B 0 -2.322e+03 1.223e+02 1.000e+01
s>        ( - -1.772e+03 1 0)
s>        ( - -4.275e+02 1 0))INFO: dtree.c(1315): Comp split 14
INFO: dtree.c(1315): Comp split 15
INFO: dtree.c(1318): stop. leaf nodes are specific
Fri Jan  6 22:28:05 2023
