Current configuration:
[NAME]		[DEFLT]	[VALUE]
-allphones	no	no
-cntthresh	0.00001	1.000000e-05
-csplitmax	100	2000
-csplitmin	1	1
-csplitthr	8e-4	0.000000e+00
-example	no	no
-fullvar	no	no
-help		no	no
-meanfn			/mnt/c/users/robin/onedrive/desktop/cmu/Cebuano/model_parameters/Cebuano.cd_cont_untied/means
-mixwfn			/mnt/c/users/robin/onedrive/desktop/cmu/Cebuano/model_parameters/Cebuano.cd_cont_untied/mixture_weights
-moddeffn		/mnt/c/users/robin/onedrive/desktop/cmu/Cebuano/model_architecture/Cebuano.untied.mdef
-mwfloor	1e-4	1.000000e-08
-phone			W
-psetfn			/mnt/c/users/robin/onedrive/desktop/cmu/Cebuano/model_architecture/Cebuano.tree_questions
-ssplitmax	5	7
-ssplitmin	1	1
-ssplitthr	8e-4	0.000000e+00
-state			2
-stwt			1.0,0.05,0.0,
-treefn			/mnt/c/users/robin/onedrive/desktop/cmu/Cebuano/trees/Cebuano.unpruned/W-2.dtree
-ts2cbfn	.semi.	.cont.
-varfloor	0.00001	1.000000e-05
-varfn			/mnt/c/users/robin/onedrive/desktop/cmu/Cebuano/model_parameters/Cebuano.cd_cont_untied/variances

INFO: main.c(223): Reading: /mnt/c/users/robin/onedrive/desktop/cmu/Cebuano/model_architecture/Cebuano.untied.mdef
INFO: model_def_io.c(573): Model definition info:
INFO: model_def_io.c(574): 7744 total models defined (40 base, 7704 tri)
INFO: model_def_io.c(575): 30976 total states
INFO: model_def_io.c(576): 23232 total tied states
INFO: model_def_io.c(577): 120 total tied CI states
INFO: model_def_io.c(578): 40 total tied transition matrices
INFO: model_def_io.c(579): 4 max state/model
INFO: model_def_io.c(580): 4 min state/model
INFO: main.c(242): Building trees for [W AA AA b] through [W UW OW i]
INFO: main.c(268): Covering states |[22341 22571]| == 231
INFO: main.c(275): Reading: /mnt/c/users/robin/onedrive/desktop/cmu/Cebuano/model_parameters/Cebuano.cd_cont_untied/mixture_weights
INFO: s3mixw_io.c(172): Read /mnt/c/users/robin/onedrive/desktop/cmu/Cebuano/model_parameters/Cebuano.cd_cont_untied/mixture_weights [231x1x1 array]
INFO: main.c(311): 76 of 77 models have observation count greater than 0.000010
INFO: main.c(95): nrm stwt: 0.000 0.048 0.952 
INFO: s3gau_io.c(168): Read /mnt/c/users/robin/onedrive/desktop/cmu/Cebuano/model_parameters/Cebuano.cd_cont_untied/means [23232x1x1 array]
INFO: s3gau_io.c(168): Read /mnt/c/users/robin/onedrive/desktop/cmu/Cebuano/model_parameters/Cebuano.cd_cont_untied/variances [23232x1x1 array]
INFO: main.c(549): Reading: /mnt/c/users/robin/onedrive/desktop/cmu/Cebuano/model_architecture/Cebuano.tree_questions
INFO: main.c(587): 180 total simple questions (172 phone; 8 word bndry)
INFO: main.c(589): 42 Left Only questions, and 42 Right Only questions
INFO: dtree.c(1478): Final simple tree
|( QUESTION0_14_R 1 -8.264e+05 5.770e+03 3.613e+03
|    ( WDBNDRY_B 0 -7.325e+05 4.070e+03 3.232e+03
|        ( SILENCE -1 -3.869e+05 1.088e+03 1.670e+03
|            ( - -1.273e+05 3 0)
|            ( - -2.585e+05 28 0 QUESTION2_8_L -1 4.509e+02 1.120e+03))
|        ( QUESTION2_9_L -1 -3.416e+05 1.059e+03 1.563e+03
|            ( - -1.153e+05 8 0 QUESTION2_10_L -1 1.716e+02 5.365e+02)
|            ( QUESTION10 -1 -2.252e+05 5.760e+02 1.026e+03
|                ( - -2.715e+04 2 0)
|                ( - -1.975e+05 14 0 QUESTION12 -1 4.878e+02 9.044e+02))))
|    ( QUESTION11 -1 -8.805e+04 1.267e+03 3.808e+02
|        ( - -1.403e+04 1 0)
|        ( QUESTION15 1 -7.276e+04 9.455e+02 3.121e+02
|            ( - -1.022e+04 2 0 WDBNDRY_E 0 1.974e+02 4.729e+01)
|            ( - -6.159e+04 18 0 QUESTION0 1 5.121e+02 2.648e+02))))
s>    ( QUESTION0_14_R 1 -8.264e+05 5.770e+03 3.613e+03
s>        ( WDBNDRY_B 0 -7.325e+05 4.070e+03 3.232e+03
s>            ( SILENCE -1 -3.869e+05 1.088e+03 1.670e+03
s>                ( - -1.273e+05 3 0)
s>                ( - -2.585e+05 28 0 QUESTION2_8_L -1 4.509e+02 1.120e+03))
s>            ( QUESTION2_9_L -1 -3.416e+05 1.059e+03 1.563e+03
s>                ( - -1.153e+05 8 0 QUESTION2_10_L -1 1.716e+02 5.365e+02)
s>                ( QUESTION10 -1 -2.252e+05 5.760e+02 1.026e+03
s>                    ( - -2.715e+04 2 0)
s>                    ( - -1.975e+05 14 0 QUESTION12 -1 4.878e+02 9.044e+02))))
s>        ( QUESTION11 -1 -8.805e+04 1.267e+03 3.808e+02
s>            ( - -1.403e+04 1 0)
s>            ( QUESTION15 1 -7.276e+04 9.455e+02 3.121e+02
s>                ( - -1.022e+04 2 0 WDBNDRY_E 0 1.974e+02 4.729e+01)
s>                ( - -6.159e+04 18 0 QUESTION0 1 5.121e+02 2.648e+02))))INFO: dtree.c(1315): Comp split 0
INFO: dtree.c(1478): Final simple tree
|( QUESTION11 -1 -7.681e+04 1.183e+03 3.335e+02
|    ( - -1.403e+04 1 0)
|    ( QUESTION0 1 -6.159e+04 5.121e+02 2.648e+02
|        ( - -2.322e+04 7 0 QUESTION3 -1 1.718e+02 1.016e+02)
|        ( SILENCE -1 -3.786e+04 6.218e+02 1.632e+02
|            ( - -8.756e+03 1 0)
|            ( WDBNDRY_B 0 -2.848e+04 4.146e+02 1.239e+02
|                ( QUESTION2_0_L -1 -7.834e+03 4.505e+02 3.549e+01
|                    ( - 2.418e+02 1 0)
|                    ( - -7.626e+03 1 0))
|                ( QUESTION2_6_L -1 -2.023e+04 3.239e+02 8.841e+01
|                    ( - -9.739e+03 2 0)
|                    ( WDBNDRY_E 0 -1.017e+04 2.541e+02 4.410e+01
|                        ( - -3.028e+03 1 0)
|                        ( - -6.886e+03 5 0 QUESTION0_9_R 1 2.114e+02 2.998e+01)))))))
s>    ( QUESTION11 -1 -7.681e+04 1.183e+03 3.335e+02
s>        ( - -1.403e+04 1 0)
s>        ( QUESTION0 1 -6.159e+04 5.121e+02 2.648e+02
s>            ( - -2.322e+04 7 0 QUESTION3 -1 1.718e+02 1.016e+02)
s>            ( SILENCE -1 -3.786e+04 6.218e+02 1.632e+02
s>                ( - -8.756e+03 1 0)
s>                ( WDBNDRY_B 0 -2.848e+04 4.146e+02 1.239e+02
s>                    ( QUESTION2_0_L -1 -7.834e+03 4.505e+02 3.549e+01
s>                        ( - 2.418e+02 1 0)
s>                        ( - -7.626e+03 1 0))
s>                    ( QUESTION2_6_L -1 -2.023e+04 3.239e+02 8.841e+01
s>                        ( - -9.739e+03 2 0)
s>                        ( WDBNDRY_E 0 -1.017e+04 2.541e+02 4.410e+01
s>                            ( - -3.028e+03 1 0)
s>                            ( - -6.886e+03 5 0 QUESTION0_9_R 1 2.114e+02 2.998e+01)))))))INFO: dtree.c(1478): Final simple tree
|( WDBNDRY_B 0 -7.434e+05 3.940e+03 3.280e+03
|    ( SILENCE -1 -3.869e+05 1.088e+03 1.670e+03
|        ( - -1.273e+05 3 0)
|        ( QUESTION2_8_L -1 -2.585e+05 4.509e+02 1.120e+03
|            ( - -4.335e+04 4 0)
|            ( - -2.147e+05 24 0 QUESTION15 -1 2.996e+02 9.310e+02)))
|    ( QUESTION2_9_L -1 -3.526e+05 1.158e+03 1.610e+03
|        ( - -1.153e+05 8 0 QUESTION2_10_L -1 1.716e+02 5.365e+02)
|        ( QUESTION0_9_R 1 -2.361e+05 6.852e+02 1.073e+03
|            ( - -1.022e+04 2 0 WDBNDRY_E 0 1.974e+02 4.729e+01)
|            ( QUESTION10 -1 -2.252e+05 5.760e+02 1.026e+03
|                ( - -2.715e+04 2 0)
|                ( QUESTION12 -1 -1.975e+05 4.878e+02 9.044e+02
|                    ( - -1.190e+04 1 0)
|                    ( - -1.851e+05 13 0 QUESTION14 -1 2.257e+02 8.457e+02))))))
s>    ( WDBNDRY_B 0 -7.434e+05 3.940e+03 3.280e+03
s>        ( SILENCE -1 -3.869e+05 1.088e+03 1.670e+03
s>            ( - -1.273e+05 3 0)
s>            ( QUESTION2_8_L -1 -2.585e+05 4.509e+02 1.120e+03
s>                ( - -4.335e+04 4 0)
s>                ( - -2.147e+05 24 0 QUESTION15 -1 2.996e+02 9.310e+02)))
s>        ( QUESTION2_9_L -1 -3.526e+05 1.158e+03 1.610e+03
s>            ( - -1.153e+05 8 0 QUESTION2_10_L -1 1.716e+02 5.365e+02)
s>            ( QUESTION0_9_R 1 -2.361e+05 6.852e+02 1.073e+03
s>                ( - -1.022e+04 2 0 WDBNDRY_E 0 1.974e+02 4.729e+01)
s>                ( QUESTION10 -1 -2.252e+05 5.760e+02 1.026e+03
s>                    ( - -2.715e+04 2 0)
s>                    ( QUESTION12 -1 -1.975e+05 4.878e+02 9.044e+02
s>                        ( - -1.190e+04 1 0)
s>                        ( - -1.851e+05 13 0 QUESTION14 -1 2.257e+02 8.457e+02))))))INFO: dtree.c(1315): Comp split 1
INFO: dtree.c(1478): Final simple tree
|( QUESTION10 -1 -3.137e+05 9.335e+02 1.441e+03
|    ( QUESTION2_10_L -1 -1.153e+05 1.716e+02 5.365e+02
|        ( - -1.146e+05 7 0)
|        ( - -4.913e+02 1 0))
|    ( QUESTION12 -1 -1.975e+05 4.878e+02 9.044e+02
|        ( - -1.190e+04 1 0)
|        ( QUESTION14 -1 -1.851e+05 2.257e+02 8.457e+02
|            ( QUESTION2_0_L -1 -9.419e+03 2.136e+02 4.267e+01
|                ( - -8.202e+03 2 0)
|                ( - -1.003e+03 1 0))
|            ( WDBNDRY_E 0 -1.755e+05 1.412e+02 8.030e+02
|                ( - -2.920e+02 1 0)
|                ( QUESTION0 -1 -1.751e+05 1.381e+02 8.010e+02
|                    ( - -1.708e+05 8 0)
|                    ( - -4.068e+03 1 0))))))
s>    ( QUESTION10 -1 -3.137e+05 9.335e+02 1.441e+03
s>        ( QUESTION2_10_L -1 -1.153e+05 1.716e+02 5.365e+02
s>            ( - -1.146e+05 7 0)
s>            ( - -4.913e+02 1 0))
s>        ( QUESTION12 -1 -1.975e+05 4.878e+02 9.044e+02
s>            ( - -1.190e+04 1 0)
s>            ( QUESTION14 -1 -1.851e+05 2.257e+02 8.457e+02
s>                ( QUESTION2_0_L -1 -9.419e+03 2.136e+02 4.267e+01
s>                    ( - -8.202e+03 2 0)
s>                    ( - -1.003e+03 1 0))
s>                ( WDBNDRY_E 0 -1.755e+05 1.412e+02 8.030e+02
s>                    ( - -2.920e+02 1 0)
s>                    ( QUESTION0 -1 -1.751e+05 1.381e+02 8.010e+02
s>                        ( - -1.708e+05 8 0)
s>                        ( - -4.068e+03 1 0))))))INFO: dtree.c(1478): Final simple tree
|( SILENCE -1 -4.254e+05 1.180e+03 1.839e+03
|    ( - -1.273e+05 3 0)
|    ( QUESTION2_8_L -1 -2.970e+05 6.390e+02 1.289e+03
|        ( WDBNDRY_B 0 -7.076e+04 2.592e+02 3.108e+02
|            ( - -4.335e+04 4 0)
|            ( - -2.715e+04 2 0))
|        ( WDBNDRY_B 0 -2.256e+05 6.453e+02 9.783e+02
|            ( QUESTION15 -1 -2.147e+05 2.996e+02 9.310e+02
|                ( - -1.993e+04 2 0)
|                ( QUESTION2_0_L -1 -1.945e+05 3.168e+02 8.448e+02
|                    ( QUESTION2_13_L -1 -1.348e+05 2.988e+02 5.827e+02
|                        ( - -6.574e+03 2 0)
|                        ( - -1.279e+05 12 0 QUESTION0 -1 1.645e+02 5.518e+02))
|                    ( - -5.944e+04 8 0 QUESTION0 -1 2.251e+02 2.621e+02)))
|            ( - -1.022e+04 2 0 WDBNDRY_E 0 1.974e+02 4.729e+01))))
s>    ( SILENCE -1 -4.254e+05 1.180e+03 1.839e+03
s>        ( - -1.273e+05 3 0)
s>        ( QUESTION2_8_L -1 -2.970e+05 6.390e+02 1.289e+03
s>            ( WDBNDRY_B 0 -7.076e+04 2.592e+02 3.108e+02
s>                ( - -4.335e+04 4 0)
s>                ( - -2.715e+04 2 0))
s>            ( WDBNDRY_B 0 -2.256e+05 6.453e+02 9.783e+02
s>                ( QUESTION15 -1 -2.147e+05 2.996e+02 9.310e+02
s>                    ( - -1.993e+04 2 0)
s>                    ( QUESTION2_0_L -1 -1.945e+05 3.168e+02 8.448e+02
s>                        ( QUESTION2_13_L -1 -1.348e+05 2.988e+02 5.827e+02
s>                            ( - -6.574e+03 2 0)
s>                            ( - -1.279e+05 12 0 QUESTION0 -1 1.645e+02 5.518e+02))
s>                        ( - -5.944e+04 8 0 QUESTION0 -1 2.251e+02 2.621e+02)))
s>                ( - -1.022e+04 2 0 WDBNDRY_E 0 1.974e+02 4.729e+01))))INFO: dtree.c(1315): Comp split 2
INFO: dtree.c(1439): stop. leaf nodes are specific
INFO: dtree.c(1478): Final simple tree
|( SILENCE -1 -1.473e+05 1.336e+02 6.358e+02
|    ( - -1.273e+05 3 0)
|    ( - -1.993e+04 2 0))
s>    ( SILENCE -1 -1.473e+05 1.336e+02 6.358e+02
s>        ( - -1.273e+05 3 0)
s>        ( - -1.993e+04 2 0))INFO: dtree.c(1478): Final simple tree
|( QUESTION2_8_L -1 -2.768e+05 6.359e+02 1.203e+03
|    ( WDBNDRY_B 0 -7.076e+04 2.592e+02 3.108e+02
|        ( - -4.335e+04 4 0)
|        ( - -2.715e+04 2 0))
|    ( WDBNDRY_B 0 -2.054e+05 6.573e+02 8.920e+02
|        ( QUESTION2_0_L -1 -1.945e+05 3.168e+02 8.448e+02
|            ( QUESTION2_13_L -1 -1.348e+05 2.988e+02 5.827e+02
|                ( - -6.574e+03 2 0)
|                ( - -1.279e+05 12 0 QUESTION0 -1 1.645e+02 5.518e+02))
|            ( QUESTION0 -1 -5.944e+04 2.251e+02 2.621e+02
|                ( - -2.838e+04 4 0)
|                ( - -3.083e+04 4 0 QUESTION12 -1 1.196e+02 1.340e+02)))
|        ( WDBNDRY_E 0 -1.022e+04 1.974e+02 4.729e+01
|            ( - -7.233e+02 1 0)
|            ( - -9.297e+03 1 0))))
s>    ( QUESTION2_8_L -1 -2.768e+05 6.359e+02 1.203e+03
s>        ( WDBNDRY_B 0 -7.076e+04 2.592e+02 3.108e+02
s>            ( - -4.335e+04 4 0)
s>            ( - -2.715e+04 2 0))
s>        ( WDBNDRY_B 0 -2.054e+05 6.573e+02 8.920e+02
s>            ( QUESTION2_0_L -1 -1.945e+05 3.168e+02 8.448e+02
s>                ( QUESTION2_13_L -1 -1.348e+05 2.988e+02 5.827e+02
s>                    ( - -6.574e+03 2 0)
s>                    ( - -1.279e+05 12 0 QUESTION0 -1 1.645e+02 5.518e+02))
s>                ( QUESTION0 -1 -5.944e+04 2.251e+02 2.621e+02
s>                    ( - -2.838e+04 4 0)
s>                    ( - -3.083e+04 4 0 QUESTION12 -1 1.196e+02 1.340e+02)))
s>            ( WDBNDRY_E 0 -1.022e+04 1.974e+02 4.729e+01
s>                ( - -7.233e+02 1 0)
s>                ( - -9.297e+03 1 0))))INFO: dtree.c(1315): Comp split 3
INFO: dtree.c(1478): Final simple tree
|( QUESTION0 1 -6.159e+04 5.121e+02 2.648e+02
|    ( - -2.322e+04 7 0 QUESTION3 -1 1.718e+02 1.016e+02)
|    ( SILENCE -1 -3.786e+04 6.218e+02 1.632e+02
|        ( - -8.756e+03 1 0)
|        ( WDBNDRY_B 0 -2.848e+04 4.146e+02 1.239e+02
|            ( QUESTION2_0_L -1 -7.834e+03 4.505e+02 3.549e+01
|                ( - 2.418e+02 1 0)
|                ( - -7.626e+03 1 0))
|            ( QUESTION2_6_L -1 -2.023e+04 3.239e+02 8.841e+01
|                ( - -9.739e+03 2 0)
|                ( WDBNDRY_E 0 -1.017e+04 2.541e+02 4.410e+01
|                    ( - -3.028e+03 1 0)
|                    ( QUESTION0_9_R 1 -6.886e+03 2.114e+02 2.998e+01
|                        ( - -6.403e+03 4 0 QUESTION0 -1 1.284e+02 2.798e+01)
|                        ( - -2.717e+02 1 0)))))))
s>    ( QUESTION0 1 -6.159e+04 5.121e+02 2.648e+02
s>        ( - -2.322e+04 7 0 QUESTION3 -1 1.718e+02 1.016e+02)
s>        ( SILENCE -1 -3.786e+04 6.218e+02 1.632e+02
s>            ( - -8.756e+03 1 0)
s>            ( WDBNDRY_B 0 -2.848e+04 4.146e+02 1.239e+02
s>                ( QUESTION2_0_L -1 -7.834e+03 4.505e+02 3.549e+01
s>                    ( - 2.418e+02 1 0)
s>                    ( - -7.626e+03 1 0))
s>                ( QUESTION2_6_L -1 -2.023e+04 3.239e+02 8.841e+01
s>                    ( - -9.739e+03 2 0)
s>                    ( WDBNDRY_E 0 -1.017e+04 2.541e+02 4.410e+01
s>                        ( - -3.028e+03 1 0)
s>                        ( QUESTION0_9_R 1 -6.886e+03 2.114e+02 2.998e+01
s>                            ( - -6.403e+03 4 0 QUESTION0 -1 1.284e+02 2.798e+01)
s>                            ( - -2.717e+02 1 0)))))))INFO: dtree.c(1315): Comp split 4
INFO: dtree.c(1439): stop. leaf nodes are specific
INFO: dtree.c(1478): Final simple tree
|( QUESTION14 -1 -1.763e+05 2.292e+02 8.060e+02
|    ( - -1.003e+03 1 0)
|    ( QUESTION0 -1 -1.751e+05 1.381e+02 8.010e+02
|        ( - -1.708e+05 8 0)
|        ( - -4.068e+03 1 0)))
s>    ( QUESTION14 -1 -1.763e+05 2.292e+02 8.060e+02
s>        ( - -1.003e+03 1 0)
s>        ( QUESTION0 -1 -1.751e+05 1.381e+02 8.010e+02
s>            ( - -1.708e+05 8 0)
s>            ( - -4.068e+03 1 0)))INFO: dtree.c(1439): stop. leaf nodes are specific
INFO: dtree.c(1478): Final simple tree
|( QUESTION12 -1 -1.364e+05 4.167e+02 6.349e+02
|    ( - -1.190e+04 1 0)
|    ( QUESTION10 -1 -1.241e+05 2.096e+02 5.761e+02
|        ( QUESTION2_10_L -1 -1.153e+05 1.716e+02 5.365e+02
|            ( - -1.146e+05 7 0)
|            ( - -4.913e+02 1 0))
|        ( WDBNDRY_E 0 -8.631e+03 1.366e+02 3.967e+01
|            ( - -2.920e+02 1 0)
|            ( - -8.202e+03 2 0))))
s>    ( QUESTION12 -1 -1.364e+05 4.167e+02 6.349e+02
s>        ( - -1.190e+04 1 0)
s>        ( QUESTION10 -1 -1.241e+05 2.096e+02 5.761e+02
s>            ( QUESTION2_10_L -1 -1.153e+05 1.716e+02 5.365e+02
s>                ( - -1.146e+05 7 0)
s>                ( - -4.913e+02 1 0))
s>            ( WDBNDRY_E 0 -8.631e+03 1.366e+02 3.967e+01
s>                ( - -2.920e+02 1 0)
s>                ( - -8.202e+03 2 0))))INFO: dtree.c(1315): Comp split 5
INFO: dtree.c(1439): stop. leaf nodes are specific
INFO: dtree.c(1478): Final simple tree
|( WDBNDRY_B 0 -2.848e+04 4.146e+02 1.239e+02
|    ( QUESTION2_0_L -1 -7.834e+03 4.505e+02 3.549e+01
|        ( - 2.418e+02 1 0)
|        ( - -7.626e+03 1 0))
|    ( QUESTION2_6_L -1 -2.023e+04 3.239e+02 8.841e+01
|        ( - -9.739e+03 2 0)
|        ( WDBNDRY_E 0 -1.017e+04 2.541e+02 4.410e+01
|            ( - -3.028e+03 1 0)
|            ( QUESTION0_9_R 1 -6.886e+03 2.114e+02 2.998e+01
|                ( QUESTION0 -1 -6.403e+03 1.284e+02 2.798e+01
|                    ( - -5.438e+03 2 0)
|                    ( - -8.375e+02 2 0))
|                ( - -2.717e+02 1 0)))))
s>    ( WDBNDRY_B 0 -2.848e+04 4.146e+02 1.239e+02
s>        ( QUESTION2_0_L -1 -7.834e+03 4.505e+02 3.549e+01
s>            ( - 2.418e+02 1 0)
s>            ( - -7.626e+03 1 0))
s>        ( QUESTION2_6_L -1 -2.023e+04 3.239e+02 8.841e+01
s>            ( - -9.739e+03 2 0)
s>            ( WDBNDRY_E 0 -1.017e+04 2.541e+02 4.410e+01
s>                ( - -3.028e+03 1 0)
s>                ( QUESTION0_9_R 1 -6.886e+03 2.114e+02 2.998e+01
s>                    ( QUESTION0 -1 -6.403e+03 1.284e+02 2.798e+01
s>                        ( - -5.438e+03 2 0)
s>                        ( - -8.375e+02 2 0))
s>                    ( - -2.717e+02 1 0)))))INFO: dtree.c(1439): stop. leaf nodes are specific
INFO: dtree.c(1478): Final simple tree
|( WDBNDRY_B 0 -3.227e+04 2.863e+02 1.409e+02
|    ( - -8.756e+03 1 0)
|    ( QUESTION3 -1 -2.322e+04 1.718e+02 1.016e+02
|        ( - -8.030e+02 1 0)
|        ( QUESTION0 -1 -2.225e+04 1.672e+02 9.757e+01
|            ( - -2.164e+03 1 0)
|            ( QUESTION2 -1 -1.992e+04 1.469e+02 8.757e+01
|                ( - -7.413e+02 1 0)
|                ( QUESTION2_6_L -1 -1.903e+04 1.396e+02 8.357e+01
|                    ( - -1.935e+03 1 0)
|                    ( - -1.695e+04 3 0))))))
s>    ( WDBNDRY_B 0 -3.227e+04 2.863e+02 1.409e+02
s>        ( - -8.756e+03 1 0)
s>        ( QUESTION3 -1 -2.322e+04 1.718e+02 1.016e+02
s>            ( - -8.030e+02 1 0)
s>            ( QUESTION0 -1 -2.225e+04 1.672e+02 9.757e+01
s>                ( - -2.164e+03 1 0)
s>                ( QUESTION2 -1 -1.992e+04 1.469e+02 8.757e+01
s>                    ( - -7.413e+02 1 0)
s>                    ( QUESTION2_6_L -1 -1.903e+04 1.396e+02 8.357e+01
s>                        ( - -1.935e+03 1 0)
s>                        ( - -1.695e+04 3 0))))))INFO: dtree.c(1315): Comp split 6
INFO: dtree.c(1439): stop. leaf nodes are specific
INFO: dtree.c(1478): Final simple tree
|( QUESTION2_0_L -1 -1.945e+05 3.168e+02 8.448e+02
|    ( QUESTION2_13_L -1 -1.348e+05 2.988e+02 5.827e+02
|        ( - -6.574e+03 2 0)
|        ( QUESTION0 -1 -1.279e+05 1.645e+02 5.518e+02
|            ( - -9.109e+04 7 0)
|            ( QUESTION10 -1 -3.664e+04 1.038e+02 1.589e+02
|                ( - -3.413e+04 4 0)
|                ( - -2.399e+03 1 0))))
|    ( QUESTION0 -1 -5.944e+04 2.251e+02 2.621e+02
|        ( - -2.838e+04 4 0)
|        ( QUESTION12 -1 -3.083e+04 1.196e+02 1.340e+02
|            ( - -2.471e+04 2 0)
|            ( - -5.999e+03 2 0))))
s>    ( QUESTION2_0_L -1 -1.945e+05 3.168e+02 8.448e+02
s>        ( QUESTION2_13_L -1 -1.348e+05 2.988e+02 5.827e+02
s>            ( - -6.574e+03 2 0)
s>            ( QUESTION0 -1 -1.279e+05 1.645e+02 5.518e+02
s>                ( - -9.109e+04 7 0)
s>                ( QUESTION10 -1 -3.664e+04 1.038e+02 1.589e+02
s>                    ( - -3.413e+04 4 0)
s>                    ( - -2.399e+03 1 0))))
s>        ( QUESTION0 -1 -5.944e+04 2.251e+02 2.621e+02
s>            ( - -2.838e+04 4 0)
s>            ( QUESTION12 -1 -3.083e+04 1.196e+02 1.340e+02
s>                ( - -2.471e+04 2 0)
s>                ( - -5.999e+03 2 0))))INFO: dtree.c(1439): stop. leaf nodes are specific
INFO: dtree.c(1478): Final simple tree
|( QUESTION0_9_R 1 -8.148e+04 5.100e+02 3.581e+02
|    ( WDBNDRY_E 0 -1.022e+04 1.974e+02 4.729e+01
|        ( - -7.233e+02 1 0)
|        ( - -9.297e+03 1 0))
|    ( WDBNDRY_B 0 -7.076e+04 2.592e+02 3.108e+02
|        ( - -4.335e+04 4 0)
|        ( - -2.715e+04 2 0)))
s>    ( QUESTION0_9_R 1 -8.148e+04 5.100e+02 3.581e+02
s>        ( WDBNDRY_E 0 -1.022e+04 1.974e+02 4.729e+01
s>            ( - -7.233e+02 1 0)
s>            ( - -9.297e+03 1 0))
s>        ( WDBNDRY_B 0 -7.076e+04 2.592e+02 3.108e+02
s>            ( - -4.335e+04 4 0)
s>            ( - -2.715e+04 2 0)))INFO: dtree.c(1315): Comp split 7
INFO: dtree.c(1439): stop. leaf nodes are specific
INFO: dtree.c(1478): Final simple tree
|( WDBNDRY_B 0 -7.076e+04 2.592e+02 3.108e+02
|    ( - -4.335e+04 4 0)
|    ( - -2.715e+04 2 0))
s>    ( WDBNDRY_B 0 -7.076e+04 2.592e+02 3.108e+02
s>        ( - -4.335e+04 4 0)
s>        ( - -2.715e+04 2 0))INFO: dtree.c(1439): stop. leaf nodes are specific
INFO: dtree.c(1478): Final simple tree
|( WDBNDRY_E 0 -1.022e+04 1.974e+02 4.729e+01
|    ( - -7.233e+02 1 0)
|    ( - -9.297e+03 1 0))
s>    ( WDBNDRY_E 0 -1.022e+04 1.974e+02 4.729e+01
s>        ( - -7.233e+02 1 0)
s>        ( - -9.297e+03 1 0))INFO: dtree.c(1315): Comp split 8
INFO: dtree.c(1439): stop. leaf nodes are specific
INFO: dtree.c(1478): Final simple tree
|( WDBNDRY_B 0 -2.827e+04 4.110e+02 1.229e+02
|    ( - -7.626e+03 1 0)
|    ( QUESTION2_6_L -1 -2.023e+04 3.239e+02 8.841e+01
|        ( - -9.739e+03 2 0)
|        ( WDBNDRY_E 0 -1.017e+04 2.541e+02 4.410e+01
|            ( - -3.028e+03 1 0)
|            ( QUESTION0_9_R 1 -6.886e+03 2.114e+02 2.998e+01
|                ( QUESTION0 -1 -6.403e+03 1.284e+02 2.798e+01
|                    ( - -5.438e+03 2 0)
|                    ( - -8.375e+02 2 0))
|                ( - -2.717e+02 1 0)))))
s>    ( WDBNDRY_B 0 -2.827e+04 4.110e+02 1.229e+02
s>        ( - -7.626e+03 1 0)
s>        ( QUESTION2_6_L -1 -2.023e+04 3.239e+02 8.841e+01
s>            ( - -9.739e+03 2 0)
s>            ( WDBNDRY_E 0 -1.017e+04 2.541e+02 4.410e+01
s>                ( - -3.028e+03 1 0)
s>                ( QUESTION0_9_R 1 -6.886e+03 2.114e+02 2.998e+01
s>                    ( QUESTION0 -1 -6.403e+03 1.284e+02 2.798e+01
s>                        ( - -5.438e+03 2 0)
s>                        ( - -8.375e+02 2 0))
s>                    ( - -2.717e+02 1 0)))))INFO: dtree.c(1315): Comp split 9
INFO: dtree.c(1439): stop. leaf nodes are specific
INFO: dtree.c(1478): Final simple tree
|( QUESTION10 -1 -1.237e+05 2.089e+02 5.741e+02
|    ( QUESTION2_10_L -1 -1.153e+05 1.716e+02 5.365e+02
|        ( - -1.146e+05 7 0)
|        ( - -4.913e+02 1 0))
|    ( - -8.202e+03 2 0))
s>    ( QUESTION10 -1 -1.237e+05 2.089e+02 5.741e+02
s>        ( QUESTION2_10_L -1 -1.153e+05 1.716e+02 5.365e+02
s>            ( - -1.146e+05 7 0)
s>            ( - -4.913e+02 1 0))
s>        ( - -8.202e+03 2 0))INFO: dtree.c(1439): stop. leaf nodes are specific
INFO: dtree.c(1478): Final simple tree
|( WDBNDRY_E 0 -1.233e+04 1.366e+02 6.072e+01
|    ( - -2.920e+02 1 0)
|    ( - -1.190e+04 1 0))
s>    ( WDBNDRY_E 0 -1.233e+04 1.366e+02 6.072e+01
s>        ( - -2.920e+02 1 0)
s>        ( - -1.190e+04 1 0))INFO: dtree.c(1315): Comp split 10
INFO: dtree.c(1439): stop. leaf nodes are specific
INFO: dtree.c(1478): Final simple tree
|( QUESTION2_6_L -1 -2.023e+04 3.239e+02 8.841e+01
|    ( - -9.739e+03 2 0)
|    ( WDBNDRY_E 0 -1.017e+04 2.541e+02 4.410e+01
|        ( - -3.028e+03 1 0)
|        ( QUESTION0_9_R 1 -6.886e+03 2.114e+02 2.998e+01
|            ( QUESTION0 -1 -6.403e+03 1.284e+02 2.798e+01
|                ( - -5.438e+03 2 0)
|                ( - -8.375e+02 2 0))
|            ( - -2.717e+02 1 0))))
s>    ( QUESTION2_6_L -1 -2.023e+04 3.239e+02 8.841e+01
s>        ( - -9.739e+03 2 0)
s>        ( WDBNDRY_E 0 -1.017e+04 2.541e+02 4.410e+01
s>            ( - -3.028e+03 1 0)
s>            ( QUESTION0_9_R 1 -6.886e+03 2.114e+02 2.998e+01
s>                ( QUESTION0 -1 -6.403e+03 1.284e+02 2.798e+01
s>                    ( - -5.438e+03 2 0)
s>                    ( - -8.375e+02 2 0))
s>                ( - -2.717e+02 1 0))))INFO: dtree.c(1315): Comp split 11
INFO: dtree.c(1439): stop. leaf nodes are specific
INFO: dtree.c(1478): Final simple tree
|( QUESTION0 -1 -1.279e+05 1.645e+02 5.518e+02
|    ( - -9.109e+04 7 0)
|    ( QUESTION10 -1 -3.664e+04 1.038e+02 1.589e+02
|        ( - -3.413e+04 4 0)
|        ( - -2.399e+03 1 0)))
s>    ( QUESTION0 -1 -1.279e+05 1.645e+02 5.518e+02
s>        ( - -9.109e+04 7 0)
s>        ( QUESTION10 -1 -3.664e+04 1.038e+02 1.589e+02
s>            ( - -3.413e+04 4 0)
s>            ( - -2.399e+03 1 0)))INFO: dtree.c(1439): stop. leaf nodes are specific
INFO: dtree.c(1478): Final simple tree
|( QUESTION0 -1 -6.623e+04 2.298e+02 2.930e+02
|    ( QUESTION2_0_L -1 -3.517e+04 2.106e+02 1.590e+02
|        ( - -6.574e+03 2 0)
|        ( - -2.838e+04 4 0))
|    ( QUESTION12 -1 -3.083e+04 1.196e+02 1.340e+02
|        ( - -2.471e+04 2 0)
|        ( - -5.999e+03 2 0)))
s>    ( QUESTION0 -1 -6.623e+04 2.298e+02 2.930e+02
s>        ( QUESTION2_0_L -1 -3.517e+04 2.106e+02 1.590e+02
s>            ( - -6.574e+03 2 0)
s>            ( - -2.838e+04 4 0))
s>        ( QUESTION12 -1 -3.083e+04 1.196e+02 1.340e+02
s>            ( - -2.471e+04 2 0)
s>            ( - -5.999e+03 2 0)))INFO: dtree.c(1315): Comp split 12
INFO: dtree.c(1439): stop. leaf nodes are specific
INFO: dtree.c(1478): Final simple tree
|( WDBNDRY_E 0 -1.017e+04 2.541e+02 4.410e+01
|    ( - -3.028e+03 1 0)
|    ( QUESTION0_9_R 1 -6.886e+03 2.114e+02 2.998e+01
|        ( QUESTION0 -1 -6.403e+03 1.284e+02 2.798e+01
|            ( - -5.438e+03 2 0)
|            ( - -8.375e+02 2 0))
|        ( - -2.717e+02 1 0)))
s>    ( WDBNDRY_E 0 -1.017e+04 2.541e+02 4.410e+01
s>        ( - -3.028e+03 1 0)
s>        ( QUESTION0_9_R 1 -6.886e+03 2.114e+02 2.998e+01
s>            ( QUESTION0 -1 -6.403e+03 1.284e+02 2.798e+01
s>                ( - -5.438e+03 2 0)
s>                ( - -8.375e+02 2 0))
s>            ( - -2.717e+02 1 0)))INFO: dtree.c(1315): Comp split 13
INFO: dtree.c(1439): stop. leaf nodes are specific
INFO: dtree.c(1478): Final simple tree
|( QUESTION3 -1 -2.322e+04 1.718e+02 1.016e+02
|    ( - -8.030e+02 1 0)
|    ( QUESTION0 -1 -2.225e+04 1.672e+02 9.757e+01
|        ( - -2.164e+03 1 0)
|        ( QUESTION2 -1 -1.992e+04 1.469e+02 8.757e+01
|            ( - -7.413e+02 1 0)
|            ( QUESTION2_6_L -1 -1.903e+04 1.396e+02 8.357e+01
|                ( - -1.935e+03 1 0)
|                ( - -1.695e+04 3 0)))))
s>    ( QUESTION3 -1 -2.322e+04 1.718e+02 1.016e+02
s>        ( - -8.030e+02 1 0)
s>        ( QUESTION0 -1 -2.225e+04 1.672e+02 9.757e+01
s>            ( - -2.164e+03 1 0)
s>            ( QUESTION2 -1 -1.992e+04 1.469e+02 8.757e+01
s>                ( - -7.413e+02 1 0)
s>                ( QUESTION2_6_L -1 -1.903e+04 1.396e+02 8.357e+01
s>                    ( - -1.935e+03 1 0)
s>                    ( - -1.695e+04 3 0)))))INFO: dtree.c(1315): Comp split 14
INFO: dtree.c(1315): Comp split 15
INFO: dtree.c(1439): stop. leaf nodes are specific
INFO: dtree.c(1478): Final simple tree
|( QUESTION0_9_R 1 -6.886e+03 2.114e+02 2.998e+01
|    ( QUESTION0 -1 -6.403e+03 1.284e+02 2.798e+01
|        ( - -5.438e+03 2 0)
|        ( - -8.375e+02 2 0))
|    ( - -2.717e+02 1 0))
s>    ( QUESTION0_9_R 1 -6.886e+03 2.114e+02 2.998e+01
s>        ( QUESTION0 -1 -6.403e+03 1.284e+02 2.798e+01
s>            ( - -5.438e+03 2 0)
s>            ( - -8.375e+02 2 0))
s>        ( - -2.717e+02 1 0))INFO: dtree.c(1315): Comp split 16
INFO: dtree.c(1439): stop. leaf nodes are specific
INFO: dtree.c(1478): Final simple tree
|( QUESTION12 -1 -3.083e+04 1.196e+02 1.340e+02
|    ( - -2.471e+04 2 0)
|    ( - -5.999e+03 2 0))
s>    ( QUESTION12 -1 -3.083e+04 1.196e+02 1.340e+02
s>        ( - -2.471e+04 2 0)
s>        ( - -5.999e+03 2 0))INFO: dtree.c(1439): stop. leaf nodes are specific
INFO: dtree.c(1478): Final simple tree
|( QUESTION2_0_L -1 -3.517e+04 2.106e+02 1.590e+02
|    ( - -6.574e+03 2 0)
|    ( - -2.838e+04 4 0))
s>    ( QUESTION2_0_L -1 -3.517e+04 2.106e+02 1.590e+02
s>        ( - -6.574e+03 2 0)
s>        ( - -2.838e+04 4 0))INFO: dtree.c(1315): Comp split 17
INFO: dtree.c(1439): stop. leaf nodes are specific
INFO: dtree.c(1478): Final simple tree
|( QUESTION0 -1 -1.751e+05 1.381e+02 8.010e+02
|    ( - -1.708e+05 8 0)
|    ( - -4.068e+03 1 0))
s>    ( QUESTION0 -1 -1.751e+05 1.381e+02 8.010e+02
s>        ( - -1.708e+05 8 0)
s>        ( - -4.068e+03 1 0))INFO: dtree.c(1315): Comp split 18
INFO: dtree.c(1439): stop. leaf nodes are specific
INFO: dtree.c(1478): Final simple tree
|( QUESTION0 -1 -6.403e+03 1.284e+02 2.798e+01
|    ( - -5.438e+03 2 0)
|    ( - -8.375e+02 2 0))
s>    ( QUESTION0 -1 -6.403e+03 1.284e+02 2.798e+01
s>        ( - -5.438e+03 2 0)
s>        ( - -8.375e+02 2 0))INFO: dtree.c(1315): Comp split 19
INFO: dtree.c(1315): Comp split 20
INFO: dtree.c(1439): stop. leaf nodes are specific
INFO: dtree.c(1478): Final simple tree
|( QUESTION2_10_L -1 -1.153e+05 1.716e+02 5.365e+02
|    ( - -1.146e+05 7 0)
|    ( - -4.913e+02 1 0))
s>    ( QUESTION2_10_L -1 -1.153e+05 1.716e+02 5.365e+02
s>        ( - -1.146e+05 7 0)
s>        ( - -4.913e+02 1 0))INFO: dtree.c(1315): Comp split 21
INFO: dtree.c(1315): Comp split 22
INFO: dtree.c(1439): stop. leaf nodes are specific
INFO: dtree.c(1478): Final simple tree
|( QUESTION2 -1 -1.784e+04 1.460e+02 7.857e+01
|    ( - -7.413e+02 1 0)
|    ( - -1.695e+04 3 0))
s>    ( QUESTION2 -1 -1.784e+04 1.460e+02 7.857e+01
s>        ( - -7.413e+02 1 0)
s>        ( - -1.695e+04 3 0))INFO: dtree.c(1439): stop. leaf nodes are specific
INFO: dtree.c(1478): Final simple tree
|( QUESTION2 -1 -5.209e+03 1.635e+02 2.300e+01
|    ( - -8.030e+02 1 0)
|    ( QUESTION0 -1 -4.243e+03 1.436e+02 1.900e+01
|        ( - -2.164e+03 1 0)
|        ( - -1.935e+03 1 0)))
s>    ( QUESTION2 -1 -5.209e+03 1.635e+02 2.300e+01
s>        ( - -8.030e+02 1 0)
s>        ( QUESTION0 -1 -4.243e+03 1.436e+02 1.900e+01
s>            ( - -2.164e+03 1 0)
s>            ( - -1.935e+03 1 0)))INFO: dtree.c(1315): Comp split 23
INFO: dtree.c(1315): Comp split 24
INFO: dtree.c(1439): stop. leaf nodes are specific
INFO: dtree.c(1478): Final simple tree
|( QUESTION10 -1 -3.664e+04 1.038e+02 1.589e+02
|    ( - -3.413e+04 4 0)
|    ( - -2.399e+03 1 0))
s>    ( QUESTION10 -1 -3.664e+04 1.038e+02 1.589e+02
s>        ( - -3.413e+04 4 0)
s>        ( - -2.399e+03 1 0))INFO: dtree.c(1315): Comp split 25
INFO: dtree.c(1439): stop. leaf nodes are specific
INFO: dtree.c(1478): Final simple tree
|( QUESTION0 -1 -4.243e+03 1.436e+02 1.900e+01
|    ( - -2.164e+03 1 0)
|    ( - -1.935e+03 1 0))
s>    ( QUESTION0 -1 -4.243e+03 1.436e+02 1.900e+01
s>        ( - -2.164e+03 1 0)
s>        ( - -1.935e+03 1 0))INFO: dtree.c(1315): Comp split 26
INFO: dtree.c(1315): Comp split 27
INFO: dtree.c(1315): Comp split 28
INFO: dtree.c(1315): Comp split 29
INFO: dtree.c(1315): Comp split 30
INFO: dtree.c(1315): Comp split 31
INFO: dtree.c(1315): Comp split 32
INFO: dtree.c(1315): Comp split 33
INFO: dtree.c(1315): Comp split 34
INFO: dtree.c(1318): stop. leaf nodes are specific
Fri Jan  6 22:28:29 2023
