Current configuration:
[NAME]		[DEFLT]	[VALUE]
-allphones	no	no
-cntthresh	0.00001	1.000000e-05
-csplitmax	100	2000
-csplitmin	1	1
-csplitthr	8e-4	0.000000e+00
-example	no	no
-fullvar	no	no
-help		no	no
-meanfn			/mnt/c/users/robin/onedrive/desktop/cmu/Cebuano/model_parameters/Cebuano.cd_cont_untied/means
-mixwfn			/mnt/c/users/robin/onedrive/desktop/cmu/Cebuano/model_parameters/Cebuano.cd_cont_untied/mixture_weights
-moddeffn		/mnt/c/users/robin/onedrive/desktop/cmu/Cebuano/model_architecture/Cebuano.untied.mdef
-mwfloor	1e-4	1.000000e-08
-phone			UW
-psetfn			/mnt/c/users/robin/onedrive/desktop/cmu/Cebuano/model_architecture/Cebuano.tree_questions
-ssplitmax	5	7
-ssplitmin	1	1
-ssplitthr	8e-4	0.000000e+00
-state			2
-stwt			1.0,0.05,0.0,
-treefn			/mnt/c/users/robin/onedrive/desktop/cmu/Cebuano/trees/Cebuano.unpruned/UW-2.dtree
-ts2cbfn	.semi.	.cont.
-varfloor	0.00001	1.000000e-05
-varfn			/mnt/c/users/robin/onedrive/desktop/cmu/Cebuano/model_parameters/Cebuano.cd_cont_untied/variances

INFO: main.c(223): Reading: /mnt/c/users/robin/onedrive/desktop/cmu/Cebuano/model_architecture/Cebuano.untied.mdef
INFO: model_def_io.c(573): Model definition info:
INFO: model_def_io.c(574): 7744 total models defined (40 base, 7704 tri)
INFO: model_def_io.c(575): 30976 total states
INFO: model_def_io.c(576): 23232 total tied states
INFO: model_def_io.c(577): 120 total tied CI states
INFO: model_def_io.c(578): 40 total tied transition matrices
INFO: model_def_io.c(579): 4 max state/model
INFO: model_def_io.c(580): 4 min state/model
INFO: main.c(242): Building trees for [UW AA N b] through [UW Z M i]
INFO: main.c(268): Covering states |[21738 22172]| == 435
INFO: main.c(275): Reading: /mnt/c/users/robin/onedrive/desktop/cmu/Cebuano/model_parameters/Cebuano.cd_cont_untied/mixture_weights
INFO: s3mixw_io.c(172): Read /mnt/c/users/robin/onedrive/desktop/cmu/Cebuano/model_parameters/Cebuano.cd_cont_untied/mixture_weights [435x1x1 array]
INFO: main.c(311): 140 of 145 models have observation count greater than 0.000010
INFO: main.c(95): nrm stwt: 0.000 0.048 0.952 
INFO: s3gau_io.c(168): Read /mnt/c/users/robin/onedrive/desktop/cmu/Cebuano/model_parameters/Cebuano.cd_cont_untied/means [23232x1x1 array]
INFO: s3gau_io.c(168): Read /mnt/c/users/robin/onedrive/desktop/cmu/Cebuano/model_parameters/Cebuano.cd_cont_untied/variances [23232x1x1 array]
INFO: main.c(549): Reading: /mnt/c/users/robin/onedrive/desktop/cmu/Cebuano/model_architecture/Cebuano.tree_questions
INFO: main.c(587): 180 total simple questions (172 phone; 8 word bndry)
INFO: main.c(589): 42 Left Only questions, and 42 Right Only questions
INFO: dtree.c(1478): Final simple tree
|( QUESTION0_10_R 1 -4.441e+06 3.284e+04 1.880e+04
|    ( - -8.163e+05 20 0 QUESTION14 1 5.931e+03 3.573e+03)
|    ( QUESTION0_2_R 1 -3.592e+06 2.131e+04 1.523e+04
|        ( QUESTION0_3_R 1 -9.257e+05 8.916e+03 3.992e+03
|            ( - -7.413e+05 16 0 QUESTION16 -1 1.391e+03 3.229e+03)
|            ( - -1.754e+05 16 0 QUESTION16 -1 1.522e+03 7.625e+02))
|        ( QUESTION0_8_R 1 -2.645e+06 1.449e+04 1.124e+04
|            ( QUESTION0_16_R 1 -5.592e+05 8.614e+03 2.327e+03
|                ( - -1.092e+05 4 0 WDBNDRY_E 0 9.466e+02 4.761e+02)
|                ( - -4.414e+05 16 0 QUESTION0_9_R 1 3.299e+03 1.850e+03))
|            ( QUESTION2_10_L -1 -2.071e+06 1.350e+04 8.913e+03
|                ( - -3.577e+05 14 0 QUESTION10 1 3.040e+03 1.587e+03)
|                ( QUESTION12 1 -1.700e+06 1.333e+04 7.326e+03
|                    ( - -7.381e+05 26 0 QUESTION15 -1 3.361e+03 3.174e+03)
|                    ( - -9.488e+05 28 0 QUESTION10 1 6.018e+03 4.152e+03))))))
s>    ( QUESTION0_10_R 1 -4.441e+06 3.284e+04 1.880e+04
s>        ( - -8.163e+05 20 0 QUESTION14 1 5.931e+03 3.573e+03)
s>        ( QUESTION0_2_R 1 -3.592e+06 2.131e+04 1.523e+04
s>            ( QUESTION0_3_R 1 -9.257e+05 8.916e+03 3.992e+03
s>                ( - -7.413e+05 16 0 QUESTION16 -1 1.391e+03 3.229e+03)
s>                ( - -1.754e+05 16 0 QUESTION16 -1 1.522e+03 7.625e+02))
s>            ( QUESTION0_8_R 1 -2.645e+06 1.449e+04 1.124e+04
s>                ( QUESTION0_16_R 1 -5.592e+05 8.614e+03 2.327e+03
s>                    ( - -1.092e+05 4 0 WDBNDRY_E 0 9.466e+02 4.761e+02)
s>                    ( - -4.414e+05 16 0 QUESTION0_9_R 1 3.299e+03 1.850e+03))
s>                ( QUESTION2_10_L -1 -2.071e+06 1.350e+04 8.913e+03
s>                    ( - -3.577e+05 14 0 QUESTION10 1 3.040e+03 1.587e+03)
s>                    ( QUESTION12 1 -1.700e+06 1.333e+04 7.326e+03
s>                        ( - -7.381e+05 26 0 QUESTION15 -1 3.361e+03 3.174e+03)
s>                        ( - -9.488e+05 28 0 QUESTION10 1 6.018e+03 4.152e+03))))))INFO: dtree.c(1315): Comp split 0
INFO: dtree.c(1478): Final simple tree
|( QUESTION10 1 -2.161e+06 1.802e+04 9.232e+03
|    ( QUESTION0_1_R 1 -1.495e+06 1.318e+04 6.499e+03
|        ( QUESTION16 -1 -7.407e+05 1.496e+03 3.270e+03
|            ( - -5.532e+05 6 0)
|            ( - -1.861e+05 13 0 QUESTION10 -1 9.475e+02 8.196e+02))
|        ( QUESTION16 -1 -7.413e+05 1.391e+03 3.229e+03
|            ( - -4.546e+05 5 0)
|            ( - -2.853e+05 11 0 QUESTION15 -1 1.093e+03 1.234e+03)))
|    ( SILENCE 1 -6.478e+05 5.256e+03 2.733e+03
|        ( - -1.441e+05 4 0 QUESTION11 -1 1.049e+03 6.390e+02)
|        ( QUESTION0_13_R 1 -4.985e+05 3.944e+03 2.094e+03
|            ( QUESTION2_12_L -1 -3.238e+05 1.246e+03 1.344e+03
|                ( - -2.709e+05 5 0 QUESTION2_14_L -1 4.189e+02 1.129e+03)
|                ( - -5.160e+04 9 0 QUESTION2_11_L -1 4.462e+02 2.151e+02))
|            ( - -1.708e+05 7 0 QUESTION0_0_R 1 7.865e+02 7.494e+02))))
s>    ( QUESTION10 1 -2.161e+06 1.802e+04 9.232e+03
s>        ( QUESTION0_1_R 1 -1.495e+06 1.318e+04 6.499e+03
s>            ( QUESTION16 -1 -7.407e+05 1.496e+03 3.270e+03
s>                ( - -5.532e+05 6 0)
s>                ( - -1.861e+05 13 0 QUESTION10 -1 9.475e+02 8.196e+02))
s>            ( QUESTION16 -1 -7.413e+05 1.391e+03 3.229e+03
s>                ( - -4.546e+05 5 0)
s>                ( - -2.853e+05 11 0 QUESTION15 -1 1.093e+03 1.234e+03)))
s>        ( SILENCE 1 -6.478e+05 5.256e+03 2.733e+03
s>            ( - -1.441e+05 4 0 QUESTION11 -1 1.049e+03 6.390e+02)
s>            ( QUESTION0_13_R 1 -4.985e+05 3.944e+03 2.094e+03
s>                ( QUESTION2_12_L -1 -3.238e+05 1.246e+03 1.344e+03
s>                    ( - -2.709e+05 5 0 QUESTION2_14_L -1 4.189e+02 1.129e+03)
s>                    ( - -5.160e+04 9 0 QUESTION2_11_L -1 4.462e+02 2.151e+02))
s>                ( - -1.708e+05 7 0 QUESTION0_0_R 1 7.865e+02 7.494e+02))))INFO: dtree.c(1478): Final simple tree
|( QUESTION11 1 -2.238e+06 1.739e+04 9.572e+03
|    ( QUESTION0_9_R 1 -1.616e+06 1.220e+04 6.947e+03
|        ( QUESTION14 1 -8.160e+05 5.932e+03 3.572e+03
|            ( - -1.290e+05 9 0 QUESTION17 -1 1.482e+03 5.838e+02)
|            ( QUESTION16 -1 -6.810e+05 2.134e+03 2.988e+03
|                ( - -5.482e+05 2 0)
|                ( - -1.307e+05 8 0 QUESTION2 -1 1.266e+03 5.715e+02)))
|        ( QUESTION15 -1 -7.881e+05 3.746e+03 3.375e+03
|            ( - -4.507e+05 8 0 QUESTION16 -1 4.487e+02 1.986e+03)
|            ( - -3.336e+05 28 0 QUESTION2_19_L -1 1.135e+03 1.389e+03)))
|    ( QUESTION0_1_R 1 -6.047e+05 1.136e+04 2.625e+03
|        ( - -2.968e+05 4 0 WDBNDRY_E 0 3.818e+02 1.343e+03)
|        ( QUESTION0_13_R 1 -2.965e+05 2.314e+03 1.282e+03
|            ( - -9.562e+04 2 0 WDBNDRY_E 0 1.959e+02 4.225e+02)
|            ( - -1.986e+05 19 0 QUESTION16 -1 2.008e+03 8.597e+02))))
s>    ( QUESTION11 1 -2.238e+06 1.739e+04 9.572e+03
s>        ( QUESTION0_9_R 1 -1.616e+06 1.220e+04 6.947e+03
s>            ( QUESTION14 1 -8.160e+05 5.932e+03 3.572e+03
s>                ( - -1.290e+05 9 0 QUESTION17 -1 1.482e+03 5.838e+02)
s>                ( QUESTION16 -1 -6.810e+05 2.134e+03 2.988e+03
s>                    ( - -5.482e+05 2 0)
s>                    ( - -1.307e+05 8 0 QUESTION2 -1 1.266e+03 5.715e+02)))
s>            ( QUESTION15 -1 -7.881e+05 3.746e+03 3.375e+03
s>                ( - -4.507e+05 8 0 QUESTION16 -1 4.487e+02 1.986e+03)
s>                ( - -3.336e+05 28 0 QUESTION2_19_L -1 1.135e+03 1.389e+03)))
s>        ( QUESTION0_1_R 1 -6.047e+05 1.136e+04 2.625e+03
s>            ( - -2.968e+05 4 0 WDBNDRY_E 0 3.818e+02 1.343e+03)
s>            ( QUESTION0_13_R 1 -2.965e+05 2.314e+03 1.282e+03
s>                ( - -9.562e+04 2 0 WDBNDRY_E 0 1.959e+02 4.225e+02)
s>                ( - -1.986e+05 19 0 QUESTION16 -1 2.008e+03 8.597e+02))))INFO: dtree.c(1315): Comp split 1
INFO: dtree.c(1478): Final simple tree
|( SILENCE 1 -6.478e+05 5.256e+03 2.733e+03
|    ( QUESTION11 -1 -1.441e+05 1.049e+03 6.390e+02
|        ( - -8.459e+04 2 0 QUESTION12 -1 3.378e+02 3.714e+02)
|        ( - -5.844e+04 2 0 QUESTION2 -1 3.350e+02 2.676e+02))
|    ( QUESTION0_13_R 1 -4.985e+05 3.944e+03 2.094e+03
|        ( QUESTION2_12_L -1 -3.238e+05 1.246e+03 1.344e+03
|            ( - -2.709e+05 5 0 QUESTION2_14_L -1 4.189e+02 1.129e+03)
|            ( QUESTION2_11_L -1 -5.160e+04 4.462e+02 2.151e+02
|                ( - -1.218e+04 3 0 WDBNDRY_E 0 2.558e+02 5.187e+01)
|                ( - -3.897e+04 6 0 QUESTION10 -1 2.576e+02 1.632e+02)))
|        ( QUESTION0_0_R 1 -1.708e+05 7.865e+02 7.494e+02
|            ( - -5.562e+04 5 0 QUESTION0 -1 3.410e+02 2.432e+02)
|            ( QUESTION0_12_R 1 -1.144e+05 4.522e+02 5.062e+02
|                ( - -3.711e+03 1 0)
|                ( - -1.102e+05 1 0)))))
s>    ( SILENCE 1 -6.478e+05 5.256e+03 2.733e+03
s>        ( QUESTION11 -1 -1.441e+05 1.049e+03 6.390e+02
s>            ( - -8.459e+04 2 0 QUESTION12 -1 3.378e+02 3.714e+02)
s>            ( - -5.844e+04 2 0 QUESTION2 -1 3.350e+02 2.676e+02))
s>        ( QUESTION0_13_R 1 -4.985e+05 3.944e+03 2.094e+03
s>            ( QUESTION2_12_L -1 -3.238e+05 1.246e+03 1.344e+03
s>                ( - -2.709e+05 5 0 QUESTION2_14_L -1 4.189e+02 1.129e+03)
s>                ( QUESTION2_11_L -1 -5.160e+04 4.462e+02 2.151e+02
s>                    ( - -1.218e+04 3 0 WDBNDRY_E 0 2.558e+02 5.187e+01)
s>                    ( - -3.897e+04 6 0 QUESTION10 -1 2.576e+02 1.632e+02)))
s>            ( QUESTION0_0_R 1 -1.708e+05 7.865e+02 7.494e+02
s>                ( - -5.562e+04 5 0 QUESTION0 -1 3.410e+02 2.432e+02)
s>                ( QUESTION0_12_R 1 -1.144e+05 4.522e+02 5.062e+02
s>                    ( - -3.711e+03 1 0)
s>                    ( - -1.102e+05 1 0)))))INFO: dtree.c(1478): Final simple tree
|( QUESTION0_1_R 1 -1.495e+06 1.318e+04 6.499e+03
|    ( QUESTION16 -1 -7.407e+05 1.496e+03 3.270e+03
|        ( - -5.532e+05 6 0)
|        ( QUESTION10 -1 -1.861e+05 9.475e+02 8.196e+02
|            ( - -2.626e+04 1 0)
|            ( QUESTION12 -1 -1.589e+05 6.963e+02 7.017e+02
|                ( - -4.737e+03 2 0)
|                ( - -1.534e+05 10 0 QUESTION14 -1 6.287e+02 6.787e+02))))
|    ( QUESTION16 -1 -7.413e+05 1.391e+03 3.229e+03
|        ( - -4.546e+05 5 0)
|        ( QUESTION15 -1 -2.853e+05 1.093e+03 1.234e+03
|            ( - -1.606e+05 3 0)
|            ( QUESTION2_10_L -1 -1.236e+05 7.318e+02 5.321e+02
|                ( - -2.445e+04 1 0)
|                ( - -9.839e+04 7 0 QUESTION2_5_L -1 1.982e+02 4.254e+02)))))
s>    ( QUESTION0_1_R 1 -1.495e+06 1.318e+04 6.499e+03
s>        ( QUESTION16 -1 -7.407e+05 1.496e+03 3.270e+03
s>            ( - -5.532e+05 6 0)
s>            ( QUESTION10 -1 -1.861e+05 9.475e+02 8.196e+02
s>                ( - -2.626e+04 1 0)
s>                ( QUESTION12 -1 -1.589e+05 6.963e+02 7.017e+02
s>                    ( - -4.737e+03 2 0)
s>                    ( - -1.534e+05 10 0 QUESTION14 -1 6.287e+02 6.787e+02))))
s>        ( QUESTION16 -1 -7.413e+05 1.391e+03 3.229e+03
s>            ( - -4.546e+05 5 0)
s>            ( QUESTION15 -1 -2.853e+05 1.093e+03 1.234e+03
s>                ( - -1.606e+05 3 0)
s>                ( QUESTION2_10_L -1 -1.236e+05 7.318e+02 5.321e+02
s>                    ( - -2.445e+04 1 0)
s>                    ( - -9.839e+04 7 0 QUESTION2_5_L -1 1.982e+02 4.254e+02)))))INFO: dtree.c(1315): Comp split 2
INFO: dtree.c(1478): Final simple tree
|( QUESTION0_9_R 1 -1.616e+06 1.220e+04 6.947e+03
|    ( QUESTION14 1 -8.160e+05 5.932e+03 3.572e+03
|        ( QUESTION17 -1 -1.290e+05 1.482e+03 5.838e+02
|            ( - -9.240e+04 3 0)
|            ( - -3.515e+04 6 0 QUESTION2_12_L -1 6.500e+02 1.519e+02))
|        ( QUESTION16 -1 -6.810e+05 2.134e+03 2.988e+03
|            ( - -5.482e+05 2 0)
|            ( QUESTION2 -1 -1.307e+05 1.266e+03 5.715e+02
|                ( - -3.936e+04 1 0)
|                ( - -9.008e+04 7 0 WDBNDRY_I 0 4.295e+02 3.913e+02))))
|    ( QUESTION15 -1 -7.881e+05 3.746e+03 3.375e+03
|        ( - -4.507e+05 8 0 QUESTION16 -1 4.487e+02 1.986e+03)
|        ( QUESTION2_19_L -1 -3.336e+05 1.135e+03 1.389e+03
|            ( - -8.024e+04 4 0 WDBNDRY_B 0 6.952e+02 3.326e+02)
|            ( - -2.522e+05 24 0 WDBNDRY_I 0 9.140e+02 1.056e+03))))
s>    ( QUESTION0_9_R 1 -1.616e+06 1.220e+04 6.947e+03
s>        ( QUESTION14 1 -8.160e+05 5.932e+03 3.572e+03
s>            ( QUESTION17 -1 -1.290e+05 1.482e+03 5.838e+02
s>                ( - -9.240e+04 3 0)
s>                ( - -3.515e+04 6 0 QUESTION2_12_L -1 6.500e+02 1.519e+02))
s>            ( QUESTION16 -1 -6.810e+05 2.134e+03 2.988e+03
s>                ( - -5.482e+05 2 0)
s>                ( QUESTION2 -1 -1.307e+05 1.266e+03 5.715e+02
s>                    ( - -3.936e+04 1 0)
s>                    ( - -9.008e+04 7 0 WDBNDRY_I 0 4.295e+02 3.913e+02))))
s>        ( QUESTION15 -1 -7.881e+05 3.746e+03 3.375e+03
s>            ( - -4.507e+05 8 0 QUESTION16 -1 4.487e+02 1.986e+03)
s>            ( QUESTION2_19_L -1 -3.336e+05 1.135e+03 1.389e+03
s>                ( - -8.024e+04 4 0 WDBNDRY_B 0 6.952e+02 3.326e+02)
s>                ( - -2.522e+05 24 0 WDBNDRY_I 0 9.140e+02 1.056e+03))))INFO: dtree.c(1478): Final simple tree
|( QUESTION0_1_R 1 -6.047e+05 1.136e+04 2.625e+03
|    ( WDBNDRY_E 0 -2.968e+05 3.818e+02 1.343e+03
|        ( - -3.323e+03 2 0)
|        ( - -2.931e+05 2 0))
|    ( QUESTION0_13_R 1 -2.965e+05 2.314e+03 1.282e+03
|        ( - -9.562e+04 2 0 WDBNDRY_E 0 1.959e+02 4.225e+02)
|        ( QUESTION16 -1 -1.986e+05 2.008e+03 8.597e+02
|            ( QUESTION0_0_R 1 -1.161e+05 4.853e+02 5.148e+02
|                ( - -1.159e+05 5 0 WDBNDRY_E 0 2.872e+02 5.138e+02)
|                ( - 2.425e+02 1 0))
|            ( SILENCE 1 -8.048e+04 1.247e+03 3.449e+02
|                ( - -2.118e+04 2 0)
|                ( QUESTION14 -1 -5.805e+04 4.736e+02 2.487e+02
|                    ( - -1.137e+04 1 0)
|                    ( - -4.620e+04 10 0 QUESTION6 1 2.845e+02 2.008e+02))))))
s>    ( QUESTION0_1_R 1 -6.047e+05 1.136e+04 2.625e+03
s>        ( WDBNDRY_E 0 -2.968e+05 3.818e+02 1.343e+03
s>            ( - -3.323e+03 2 0)
s>            ( - -2.931e+05 2 0))
s>        ( QUESTION0_13_R 1 -2.965e+05 2.314e+03 1.282e+03
s>            ( - -9.562e+04 2 0 WDBNDRY_E 0 1.959e+02 4.225e+02)
s>            ( QUESTION16 -1 -1.986e+05 2.008e+03 8.597e+02
s>                ( QUESTION0_0_R 1 -1.161e+05 4.853e+02 5.148e+02
s>                    ( - -1.159e+05 5 0 WDBNDRY_E 0 2.872e+02 5.138e+02)
s>                    ( - 2.425e+02 1 0))
s>                ( SILENCE 1 -8.048e+04 1.247e+03 3.449e+02
s>                    ( - -2.118e+04 2 0)
s>                    ( QUESTION14 -1 -5.805e+04 4.736e+02 2.487e+02
s>                        ( - -1.137e+04 1 0)
s>                        ( - -4.620e+04 10 0 QUESTION6 1 2.845e+02 2.008e+02))))))INFO: dtree.c(1315): Comp split 3
INFO: dtree.c(1478): Final simple tree
|( QUESTION16 -1 -7.466e+05 1.419e+03 3.252e+03
|    ( - -4.546e+05 5 0)
|    ( QUESTION15 -1 -2.906e+05 1.110e+03 1.257e+03
|        ( - -1.606e+05 3 0)
|        ( QUESTION2_10_L -1 -1.288e+05 7.242e+02 5.551e+02
|            ( - -2.445e+04 1 0)
|            ( QUESTION0_1_R 1 -1.037e+05 5.384e+02 4.484e+02
|                ( - -4.737e+03 2 0)
|                ( QUESTION2_5_L -1 -9.839e+04 1.982e+02 4.254e+02
|                    ( WDBNDRY_E 0 -1.441e+03 1.714e+02 7.000e+00
|                        ( - -5.344e+02 1 0)
|                        ( - -7.355e+02 1 0))
|                    ( QUESTION2 -1 -9.675e+04 1.033e+02 4.184e+02
|                        ( - -9.267e+04 3 0)
|                        ( - -3.977e+03 2 0)))))))
s>    ( QUESTION16 -1 -7.466e+05 1.419e+03 3.252e+03
s>        ( - -4.546e+05 5 0)
s>        ( QUESTION15 -1 -2.906e+05 1.110e+03 1.257e+03
s>            ( - -1.606e+05 3 0)
s>            ( QUESTION2_10_L -1 -1.288e+05 7.242e+02 5.551e+02
s>                ( - -2.445e+04 1 0)
s>                ( QUESTION0_1_R 1 -1.037e+05 5.384e+02 4.484e+02
s>                    ( - -4.737e+03 2 0)
s>                    ( QUESTION2_5_L -1 -9.839e+04 1.982e+02 4.254e+02
s>                        ( WDBNDRY_E 0 -1.441e+03 1.714e+02 7.000e+00
s>                            ( - -5.344e+02 1 0)
s>                            ( - -7.355e+02 1 0))
s>                        ( QUESTION2 -1 -9.675e+04 1.033e+02 4.184e+02
s>                            ( - -9.267e+04 3 0)
s>                            ( - -3.977e+03 2 0)))))))INFO: dtree.c(1439): stop. leaf nodes are specific
INFO: dtree.c(1478): Final simple tree
|( QUESTION16 -1 -7.353e+05 1.554e+03 3.247e+03
|    ( - -5.532e+05 6 0)
|    ( QUESTION10 -1 -1.806e+05 9.042e+02 7.966e+02
|        ( - -2.626e+04 1 0)
|        ( QUESTION14 -1 -1.534e+05 6.287e+02 6.787e+02
|            ( QUESTION2_0_L -1 -2.250e+04 7.071e+01 1.015e+02
|                ( - -2.158e+04 2 0)
|                ( - -8.414e+02 1 0))
|            ( QUESTION0 -1 -1.303e+05 4.571e+02 5.772e+02
|                ( - -8.011e+03 2 0)
|                ( QUESTION2 -1 -1.218e+05 4.145e+02 5.442e+02
|                    ( - -6.263e+04 3 0)
|                    ( - -5.879e+04 2 0))))))
s>    ( QUESTION16 -1 -7.353e+05 1.554e+03 3.247e+03
s>        ( - -5.532e+05 6 0)
s>        ( QUESTION10 -1 -1.806e+05 9.042e+02 7.966e+02
s>            ( - -2.626e+04 1 0)
s>            ( QUESTION14 -1 -1.534e+05 6.287e+02 6.787e+02
s>                ( QUESTION2_0_L -1 -2.250e+04 7.071e+01 1.015e+02
s>                    ( - -2.158e+04 2 0)
s>                    ( - -8.414e+02 1 0))
s>                ( QUESTION0 -1 -1.303e+05 4.571e+02 5.772e+02
s>                    ( - -8.011e+03 2 0)
s>                    ( QUESTION2 -1 -1.218e+05 4.145e+02 5.442e+02
s>                        ( - -6.263e+04 3 0)
s>                        ( - -5.879e+04 2 0))))))INFO: dtree.c(1315): Comp split 4
INFO: dtree.c(1478): Final simple tree
|( QUESTION15 -1 -8.288e+05 3.302e+03 3.555e+03
|    ( - -4.507e+05 8 0 QUESTION16 -1 4.487e+02 1.986e+03)
|    ( QUESTION0_9_R 1 -3.747e+05 1.752e+03 1.569e+03
|        ( - -3.936e+04 1 0)
|        ( QUESTION2_19_L -1 -3.336e+05 1.135e+03 1.389e+03
|            ( WDBNDRY_B 0 -8.024e+04 6.952e+02 3.326e+02
|                ( - -2.666e+04 2 0)
|                ( - -5.288e+04 2 0))
|            ( WDBNDRY_I 0 -2.522e+05 9.140e+02 1.056e+03
|                ( QUESTION4 -1 -2.010e+05 7.818e+02 8.458e+02
|                    ( - -9.198e+03 1 0)
|                    ( - -1.910e+05 13 0 QUESTION13 -1 4.938e+02 8.031e+02))
|                ( QUESTION1 -1 -5.033e+04 6.328e+02 2.103e+02
|                    ( - -2.627e+04 8 0 QUESTION0_0_R 1 4.845e+02 1.106e+02)
|                    ( - -2.343e+04 2 0 SILENCE -1 1.505e+02 9.963e+01))))))
s>    ( QUESTION15 -1 -8.288e+05 3.302e+03 3.555e+03
s>        ( - -4.507e+05 8 0 QUESTION16 -1 4.487e+02 1.986e+03)
s>        ( QUESTION0_9_R 1 -3.747e+05 1.752e+03 1.569e+03
s>            ( - -3.936e+04 1 0)
s>            ( QUESTION2_19_L -1 -3.336e+05 1.135e+03 1.389e+03
s>                ( WDBNDRY_B 0 -8.024e+04 6.952e+02 3.326e+02
s>                    ( - -2.666e+04 2 0)
s>                    ( - -5.288e+04 2 0))
s>                ( WDBNDRY_I 0 -2.522e+05 9.140e+02 1.056e+03
s>                    ( QUESTION4 -1 -2.010e+05 7.818e+02 8.458e+02
s>                        ( - -9.198e+03 1 0)
s>                        ( - -1.910e+05 13 0 QUESTION13 -1 4.938e+02 8.031e+02))
s>                    ( QUESTION1 -1 -5.033e+04 6.328e+02 2.103e+02
s>                        ( - -2.627e+04 8 0 QUESTION0_0_R 1 4.845e+02 1.106e+02)
s>                        ( - -2.343e+04 2 0 SILENCE -1 1.505e+02 9.963e+01))))))INFO: dtree.c(1478): Final simple tree
|( QUESTION14 1 -7.748e+05 5.900e+03 3.392e+03
|    ( QUESTION17 -1 -1.290e+05 1.482e+03 5.838e+02
|        ( - -9.240e+04 3 0)
|        ( QUESTION2_12_L -1 -3.515e+04 6.500e+02 1.519e+02
|            ( - -6.590e+03 1 0)
|            ( WDBNDRY_B 0 -2.791e+04 2.578e+02 1.223e+02
|                ( - -6.646e+03 3 0 QUESTION2_6_L -1 1.637e+02 2.989e+01)
|                ( - -2.101e+04 2 0 QUESTION2 -1 1.916e+02 9.241e+01))))
|    ( QUESTION16 -1 -6.399e+05 1.595e+03 2.808e+03
|        ( - -5.482e+05 2 0)
|        ( WDBNDRY_I 0 -9.008e+04 4.295e+02 3.913e+02
|            ( - -5.371e+04 4 0 QUESTION2_10_L -1 2.437e+02 2.368e+02)
|            ( QUESTION2_10_L -1 -3.595e+04 3.575e+02 1.544e+02
|                ( - -1.274e+04 1 0)
|                ( - -2.286e+04 2 0 WDBNDRY_E 0 2.349e+02 9.833e+01)))))
s>    ( QUESTION14 1 -7.748e+05 5.900e+03 3.392e+03
s>        ( QUESTION17 -1 -1.290e+05 1.482e+03 5.838e+02
s>            ( - -9.240e+04 3 0)
s>            ( QUESTION2_12_L -1 -3.515e+04 6.500e+02 1.519e+02
s>                ( - -6.590e+03 1 0)
s>                ( WDBNDRY_B 0 -2.791e+04 2.578e+02 1.223e+02
s>                    ( - -6.646e+03 3 0 QUESTION2_6_L -1 1.637e+02 2.989e+01)
s>                    ( - -2.101e+04 2 0 QUESTION2 -1 1.916e+02 9.241e+01))))
s>        ( QUESTION16 -1 -6.399e+05 1.595e+03 2.808e+03
s>            ( - -5.482e+05 2 0)
s>            ( WDBNDRY_I 0 -9.008e+04 4.295e+02 3.913e+02
s>                ( - -5.371e+04 4 0 QUESTION2_10_L -1 2.437e+02 2.368e+02)
s>                ( QUESTION2_10_L -1 -3.595e+04 3.575e+02 1.544e+02
s>                    ( - -1.274e+04 1 0)
s>                    ( - -2.286e+04 2 0 WDBNDRY_E 0 2.349e+02 9.833e+01)))))INFO: dtree.c(1315): Comp split 5
INFO: dtree.c(1478): Final simple tree
|( QUESTION0_13_R 1 -3.001e+05 2.292e+03 1.296e+03
|    ( - -9.562e+04 2 0 WDBNDRY_E 0 1.959e+02 4.225e+02)
|    ( QUESTION16 -1 -2.022e+05 2.064e+03 8.737e+02
|        ( QUESTION0_0_R 1 -1.161e+05 4.853e+02 5.148e+02
|            ( WDBNDRY_E 0 -1.159e+05 2.872e+02 5.138e+02
|                ( - -2.095e+03 1 0)
|                ( - -1.135e+05 4 0 QUESTION0_5_R 1 1.441e+02 5.048e+02))
|            ( - 2.425e+02 1 0))
|        ( SILENCE 1 -8.406e+04 1.212e+03 3.589e+02
|            ( - -2.118e+04 2 0)
|            ( QUESTION14 -1 -6.166e+04 4.758e+02 2.627e+02
|                ( - -1.137e+04 1 0)
|                ( WDBNDRY_E 0 -4.981e+04 3.088e+02 2.148e+02
|                    ( - -1.753e+04 8 0 QUESTION6 1 2.513e+02 7.424e+01)
|                    ( - -3.198e+04 4 0 QUESTION10 -1 1.484e+02 1.405e+02))))))
s>    ( QUESTION0_13_R 1 -3.001e+05 2.292e+03 1.296e+03
s>        ( - -9.562e+04 2 0 WDBNDRY_E 0 1.959e+02 4.225e+02)
s>        ( QUESTION16 -1 -2.022e+05 2.064e+03 8.737e+02
s>            ( QUESTION0_0_R 1 -1.161e+05 4.853e+02 5.148e+02
s>                ( WDBNDRY_E 0 -1.159e+05 2.872e+02 5.138e+02
s>                    ( - -2.095e+03 1 0)
s>                    ( - -1.135e+05 4 0 QUESTION0_5_R 1 1.441e+02 5.048e+02))
s>                ( - 2.425e+02 1 0))
s>            ( SILENCE 1 -8.406e+04 1.212e+03 3.589e+02
s>                ( - -2.118e+04 2 0)
s>                ( QUESTION14 -1 -6.166e+04 4.758e+02 2.627e+02
s>                    ( - -1.137e+04 1 0)
s>                    ( WDBNDRY_E 0 -4.981e+04 3.088e+02 2.148e+02
s>                        ( - -1.753e+04 8 0 QUESTION6 1 2.513e+02 7.424e+01)
s>                        ( - -3.198e+04 4 0 QUESTION10 -1 1.484e+02 1.405e+02))))))INFO: dtree.c(1315): Comp split 6
INFO: dtree.c(1478): Final simple tree
|( QUESTION16 -1 -6.472e+05 1.769e+03 2.837e+03
|    ( - -5.482e+05 2 0)
|    ( QUESTION14 1 -9.719e+04 5.203e+02 4.208e+02
|        ( - -6.590e+03 1 0)
|        ( WDBNDRY_I 0 -9.008e+04 4.295e+02 3.913e+02
|            ( QUESTION2_10_L -1 -5.371e+04 2.437e+02 2.368e+02
|                ( - -3.993e+04 2 0)
|                ( QUESTION10 -1 -1.353e+04 1.479e+02 6.156e+01
|                    ( - -1.193e+04 1 0)
|                    ( - -1.452e+03 1 0)))
|            ( QUESTION2_10_L -1 -3.595e+04 3.575e+02 1.544e+02
|                ( - -1.274e+04 1 0)
|                ( WDBNDRY_E 0 -2.286e+04 2.349e+02 9.833e+01
|                    ( - -2.186e+04 1 0)
|                    ( - -7.629e+02 1 0))))))
s>    ( QUESTION16 -1 -6.472e+05 1.769e+03 2.837e+03
s>        ( - -5.482e+05 2 0)
s>        ( QUESTION14 1 -9.719e+04 5.203e+02 4.208e+02
s>            ( - -6.590e+03 1 0)
s>            ( WDBNDRY_I 0 -9.008e+04 4.295e+02 3.913e+02
s>                ( QUESTION2_10_L -1 -5.371e+04 2.437e+02 2.368e+02
s>                    ( - -3.993e+04 2 0)
s>                    ( QUESTION10 -1 -1.353e+04 1.479e+02 6.156e+01
s>                        ( - -1.193e+04 1 0)
s>                        ( - -1.452e+03 1 0)))
s>                ( QUESTION2_10_L -1 -3.595e+04 3.575e+02 1.544e+02
s>                    ( - -1.274e+04 1 0)
s>                    ( WDBNDRY_E 0 -2.286e+04 2.349e+02 9.833e+01
s>                        ( - -2.186e+04 1 0)
s>                        ( - -7.629e+02 1 0))))))INFO: dtree.c(1439): stop. leaf nodes are specific
INFO: dtree.c(1478): Final simple tree
|( QUESTION17 -1 -1.213e+05 1.030e+03 5.542e+02
|    ( - -9.240e+04 3 0)
|    ( WDBNDRY_B 0 -2.791e+04 2.578e+02 1.223e+02
|        ( QUESTION2_6_L -1 -6.646e+03 1.637e+02 2.989e+01
|            ( - -5.833e+02 1 0)
|            ( QUESTION10 -1 -5.899e+03 1.371e+02 2.689e+01
|                ( - -8.133e+02 1 0)
|                ( - -4.949e+03 1 0)))
|        ( QUESTION2 -1 -2.101e+04 1.916e+02 9.241e+01
|            ( - -1.804e+04 1 0)
|            ( - -2.780e+03 1 0))))
s>    ( QUESTION17 -1 -1.213e+05 1.030e+03 5.542e+02
s>        ( - -9.240e+04 3 0)
s>        ( WDBNDRY_B 0 -2.791e+04 2.578e+02 1.223e+02
s>            ( QUESTION2_6_L -1 -6.646e+03 1.637e+02 2.989e+01
s>                ( - -5.833e+02 1 0)
s>                ( QUESTION10 -1 -5.899e+03 1.371e+02 2.689e+01
s>                    ( - -8.133e+02 1 0)
s>                    ( - -4.949e+03 1 0)))
s>            ( QUESTION2 -1 -2.101e+04 1.916e+02 9.241e+01
s>                ( - -1.804e+04 1 0)
s>                ( - -2.780e+03 1 0))))INFO: dtree.c(1315): Comp split 7
INFO: dtree.c(1439): stop. leaf nodes are specific
INFO: dtree.c(1478): Final simple tree
|( QUESTION2_14_L -1 -2.709e+05 4.189e+02 1.129e+03
|    ( - -7.063e+03 1 0)
|    ( WDBNDRY_E 0 -2.634e+05 3.166e+02 1.098e+03
|        ( - -1.667e+03 1 0)
|        ( QUESTION0 -1 -2.615e+05 1.300e+02 1.090e+03
|            ( - -5.911e+02 1 0)
|            ( - -2.607e+05 2 0))))
s>    ( QUESTION2_14_L -1 -2.709e+05 4.189e+02 1.129e+03
s>        ( - -7.063e+03 1 0)
s>        ( WDBNDRY_E 0 -2.634e+05 3.166e+02 1.098e+03
s>            ( - -1.667e+03 1 0)
s>            ( QUESTION0 -1 -2.615e+05 1.300e+02 1.090e+03
s>                ( - -5.911e+02 1 0)
s>                ( - -2.607e+05 2 0))))INFO: dtree.c(1478): Final simple tree
|( SILENCE 1 -3.713e+05 4.136e+03 1.604e+03
|    ( QUESTION11 -1 -1.441e+05 1.049e+03 6.390e+02
|        ( QUESTION12 -1 -8.459e+04 3.378e+02 3.714e+02
|            ( - -6.673e+04 1 0)
|            ( - -1.752e+04 1 0))
|        ( - -5.844e+04 2 0 QUESTION2 -1 3.350e+02 2.676e+02))
|    ( QUESTION0_9_R 1 -2.231e+05 9.312e+02 9.645e+02
|        ( QUESTION0_12_R 1 -1.144e+05 4.522e+02 5.062e+02
|            ( - -3.711e+03 1 0)
|            ( - -1.102e+05 1 0))
|        ( QUESTION2_14_L -1 -1.078e+05 5.733e+02 4.583e+02
|            ( - -4.197e+04 2 0 QUESTION14 -1 1.713e+02 1.861e+02)
|            ( QUESTION2_11_L -1 -6.524e+04 4.659e+02 2.722e+02
|                ( - -1.218e+04 3 0 WDBNDRY_E 0 2.558e+02 5.187e+01)
|                ( - -5.259e+04 9 0 QUESTION2 -1 3.006e+02 2.204e+02)))))
s>    ( SILENCE 1 -3.713e+05 4.136e+03 1.604e+03
s>        ( QUESTION11 -1 -1.441e+05 1.049e+03 6.390e+02
s>            ( QUESTION12 -1 -8.459e+04 3.378e+02 3.714e+02
s>                ( - -6.673e+04 1 0)
s>                ( - -1.752e+04 1 0))
s>            ( - -5.844e+04 2 0 QUESTION2 -1 3.350e+02 2.676e+02))
s>        ( QUESTION0_9_R 1 -2.231e+05 9.312e+02 9.645e+02
s>            ( QUESTION0_12_R 1 -1.144e+05 4.522e+02 5.062e+02
s>                ( - -3.711e+03 1 0)
s>                ( - -1.102e+05 1 0))
s>            ( QUESTION2_14_L -1 -1.078e+05 5.733e+02 4.583e+02
s>                ( - -4.197e+04 2 0 QUESTION14 -1 1.713e+02 1.861e+02)
s>                ( QUESTION2_11_L -1 -6.524e+04 4.659e+02 2.722e+02
s>                    ( - -1.218e+04 3 0 WDBNDRY_E 0 2.558e+02 5.187e+01)
s>                    ( - -5.259e+04 9 0 QUESTION2 -1 3.006e+02 2.204e+02)))))INFO: dtree.c(1315): Comp split 8
INFO: dtree.c(1478): Final simple tree
|( QUESTION0_9_R 1 -2.231e+05 9.312e+02 9.645e+02
|    ( QUESTION0_12_R 1 -1.144e+05 4.522e+02 5.062e+02
|        ( - -3.711e+03 1 0)
|        ( - -1.102e+05 1 0))
|    ( QUESTION2_14_L -1 -1.078e+05 5.733e+02 4.583e+02
|        ( - -4.197e+04 2 0 QUESTION14 -1 1.713e+02 1.861e+02)
|        ( QUESTION2_11_L -1 -6.524e+04 4.659e+02 2.722e+02
|            ( WDBNDRY_E 0 -1.218e+04 2.558e+02 5.187e+01
|                ( - -1.024e+04 2 0)
|                ( - -1.687e+03 1 0))
|            ( QUESTION2 -1 -5.259e+04 3.006e+02 2.204e+02
|                ( - -9.513e+03 1 0)
|                ( QUESTION10 -1 -4.277e+04 2.687e+02 1.802e+02
|                    ( - -2.493e+04 4 0 QUESTION0_14_R 1 2.506e+02 1.070e+02)
|                    ( - -1.757e+04 4 0 QUESTION0 -1 2.297e+02 7.321e+01))))))
s>    ( QUESTION0_9_R 1 -2.231e+05 9.312e+02 9.645e+02
s>        ( QUESTION0_12_R 1 -1.144e+05 4.522e+02 5.062e+02
s>            ( - -3.711e+03 1 0)
s>            ( - -1.102e+05 1 0))
s>        ( QUESTION2_14_L -1 -1.078e+05 5.733e+02 4.583e+02
s>            ( - -4.197e+04 2 0 QUESTION14 -1 1.713e+02 1.861e+02)
s>            ( QUESTION2_11_L -1 -6.524e+04 4.659e+02 2.722e+02
s>                ( WDBNDRY_E 0 -1.218e+04 2.558e+02 5.187e+01
s>                    ( - -1.024e+04 2 0)
s>                    ( - -1.687e+03 1 0))
s>                ( QUESTION2 -1 -5.259e+04 3.006e+02 2.204e+02
s>                    ( - -9.513e+03 1 0)
s>                    ( QUESTION10 -1 -4.277e+04 2.687e+02 1.802e+02
s>                        ( - -2.493e+04 4 0 QUESTION0_14_R 1 2.506e+02 1.070e+02)
s>                        ( - -1.757e+04 4 0 QUESTION0 -1 2.297e+02 7.321e+01))))))INFO: dtree.c(1439): stop. leaf nodes are specific
INFO: dtree.c(1478): Final simple tree
|( QUESTION11 -1 -1.441e+05 1.049e+03 6.390e+02
|    ( QUESTION12 -1 -8.459e+04 3.378e+02 3.714e+02
|        ( - -6.673e+04 1 0)
|        ( - -1.752e+04 1 0))
|    ( QUESTION2 -1 -5.844e+04 3.350e+02 2.676e+02
|        ( - -9.298e+03 1 0)
|        ( - -4.880e+04 1 0)))
s>    ( QUESTION11 -1 -1.441e+05 1.049e+03 6.390e+02
s>        ( QUESTION12 -1 -8.459e+04 3.378e+02 3.714e+02
s>            ( - -6.673e+04 1 0)
s>            ( - -1.752e+04 1 0))
s>        ( QUESTION2 -1 -5.844e+04 3.350e+02 2.676e+02
s>            ( - -9.298e+03 1 0)
s>            ( - -4.880e+04 1 0)))INFO: dtree.c(1315): Comp split 9
INFO: dtree.c(1439): stop. leaf nodes are specific
INFO: dtree.c(1478): Final simple tree
|( QUESTION0_9_R 1 -5.010e+05 1.133e+03 2.209e+03
|    ( - -3.936e+04 1 0)
|    ( QUESTION2 -1 -4.605e+05 5.949e+02 2.029e+03
|        ( - -9.198e+03 1 0)
|        ( QUESTION16 -1 -4.507e+05 4.487e+02 1.986e+03
|            ( WDBNDRY_B 0 -4.138e+05 1.918e+02 1.828e+03
|                ( - -1.303e+03 1 0)
|                ( QUESTION0_0_R 1 -4.123e+05 1.398e+02 1.822e+03
|                    ( - -4.114e+05 4 0)
|                    ( - -7.364e+02 1 0)))
|            ( - -3.650e+04 2 0))))
s>    ( QUESTION0_9_R 1 -5.010e+05 1.133e+03 2.209e+03
s>        ( - -3.936e+04 1 0)
s>        ( QUESTION2 -1 -4.605e+05 5.949e+02 2.029e+03
s>            ( - -9.198e+03 1 0)
s>            ( QUESTION16 -1 -4.507e+05 4.487e+02 1.986e+03
s>                ( WDBNDRY_B 0 -4.138e+05 1.918e+02 1.828e+03
s>                    ( - -1.303e+03 1 0)
s>                    ( QUESTION0_0_R 1 -4.123e+05 1.398e+02 1.822e+03
s>                        ( - -4.114e+05 4 0)
s>                        ( - -7.364e+02 1 0)))
s>                ( - -3.650e+04 2 0))))INFO: dtree.c(1478): Final simple tree
|( QUESTION2_19_L -1 -3.237e+05 1.230e+03 1.346e+03
|    ( WDBNDRY_B 0 -8.024e+04 6.952e+02 3.326e+02
|        ( - -2.666e+04 2 0)
|        ( - -5.288e+04 2 0))
|    ( WDBNDRY_I 0 -2.423e+05 9.086e+02 1.013e+03
|        ( QUESTION13 -1 -1.910e+05 4.938e+02 8.031e+02
|            ( - -2.838e+04 2 0 QUESTION2_0_L -1 3.386e+02 1.197e+02)
|            ( QUESTION0 -1 -1.622e+05 4.191e+02 6.834e+02
|                ( - -3.155e+04 2 0 QUESTION2_0_L -1 1.680e+02 1.377e+02)
|                ( - -1.302e+05 9 0 QUESTION2_10_L -1 3.552e+02 5.457e+02)))
|        ( QUESTION1 -1 -5.033e+04 6.328e+02 2.103e+02
|            ( QUESTION0_0_R 1 -2.627e+04 4.845e+02 1.106e+02
|                ( - -1.408e+04 7 0 QUESTION2_10_L -1 1.757e+02 6.103e+01)
|                ( - -1.170e+04 1 0))
|            ( - -2.343e+04 2 0 SILENCE -1 1.505e+02 9.963e+01))))
s>    ( QUESTION2_19_L -1 -3.237e+05 1.230e+03 1.346e+03
s>        ( WDBNDRY_B 0 -8.024e+04 6.952e+02 3.326e+02
s>            ( - -2.666e+04 2 0)
s>            ( - -5.288e+04 2 0))
s>        ( WDBNDRY_I 0 -2.423e+05 9.086e+02 1.013e+03
s>            ( QUESTION13 -1 -1.910e+05 4.938e+02 8.031e+02
s>                ( - -2.838e+04 2 0 QUESTION2_0_L -1 3.386e+02 1.197e+02)
s>                ( QUESTION0 -1 -1.622e+05 4.191e+02 6.834e+02
s>                    ( - -3.155e+04 2 0 QUESTION2_0_L -1 1.680e+02 1.377e+02)
s>                    ( - -1.302e+05 9 0 QUESTION2_10_L -1 3.552e+02 5.457e+02)))
s>            ( QUESTION1 -1 -5.033e+04 6.328e+02 2.103e+02
s>                ( QUESTION0_0_R 1 -2.627e+04 4.845e+02 1.106e+02
s>                    ( - -1.408e+04 7 0 QUESTION2_10_L -1 1.757e+02 6.103e+01)
s>                    ( - -1.170e+04 1 0))
s>                ( - -2.343e+04 2 0 SILENCE -1 1.505e+02 9.963e+01))))INFO: dtree.c(1315): Comp split 10
INFO: dtree.c(1439): stop. leaf nodes are specific
INFO: dtree.c(1478): Final simple tree
|( QUESTION0_5_R 1 -1.135e+05 1.441e+02 5.048e+02
|    ( - -1.076e+05 2 0)
|    ( - -5.741e+03 2 0))
s>    ( QUESTION0_5_R 1 -1.135e+05 1.441e+02 5.048e+02
s>        ( - -1.076e+05 2 0)
s>        ( - -5.741e+03 2 0))INFO: dtree.c(1478): Final simple tree
|( SILENCE 1 -1.838e+05 1.805e+03 7.914e+02
|    ( - -2.118e+04 2 0)
|    ( QUESTION0_13_R 1 -1.608e+05 8.945e+02 6.952e+02
|        ( - -9.562e+04 2 0 WDBNDRY_E 0 1.959e+02 4.225e+02)
|        ( QUESTION14 -1 -6.426e+04 4.970e+02 2.727e+02
|            ( - -1.137e+04 1 0)
|            ( QUESTION0_0_R 1 -5.239e+04 4.647e+02 2.248e+02
|                ( WDBNDRY_E 0 -5.217e+04 3.581e+02 2.238e+02
|                    ( QUESTION6 1 -1.983e+04 2.521e+02 8.325e+01
|                        ( - -2.361e+03 1 0)
|                        ( QUESTION2_11_L -1 -1.722e+04 2.391e+02 7.196e+01
|                            ( - -5.646e+03 1 0)
|                            ( - -1.133e+04 7 0 QUESTION2_6_L -1 2.001e+02 4.602e+01)))
|                    ( - -3.198e+04 4 0 QUESTION10 -1 1.484e+02 1.405e+02))
|                ( - 2.425e+02 1 0)))))
s>    ( SILENCE 1 -1.838e+05 1.805e+03 7.914e+02
s>        ( - -2.118e+04 2 0)
s>        ( QUESTION0_13_R 1 -1.608e+05 8.945e+02 6.952e+02
s>            ( - -9.562e+04 2 0 WDBNDRY_E 0 1.959e+02 4.225e+02)
s>            ( QUESTION14 -1 -6.426e+04 4.970e+02 2.727e+02
s>                ( - -1.137e+04 1 0)
s>                ( QUESTION0_0_R 1 -5.239e+04 4.647e+02 2.248e+02
s>                    ( WDBNDRY_E 0 -5.217e+04 3.581e+02 2.238e+02
s>                        ( QUESTION6 1 -1.983e+04 2.521e+02 8.325e+01
s>                            ( - -2.361e+03 1 0)
s>                            ( QUESTION2_11_L -1 -1.722e+04 2.391e+02 7.196e+01
s>                                ( - -5.646e+03 1 0)
s>                                ( - -1.133e+04 7 0 QUESTION2_6_L -1 2.001e+02 4.602e+01)))
s>                        ( - -3.198e+04 4 0 QUESTION10 -1 1.484e+02 1.405e+02))
s>                    ( - 2.425e+02 1 0)))))INFO: dtree.c(1315): Comp split 11
INFO: dtree.c(1439): stop. leaf nodes are specific
INFO: dtree.c(1478): Final simple tree
|( QUESTION0_8_R 1 -2.400e+04 4.500e+02 1.085e+02
|    ( - 2.425e+02 1 0)
|    ( SILENCE 1 -2.379e+04 2.481e+02 1.075e+02
|        ( - -2.118e+04 2 0)
|        ( - -2.361e+03 1 0)))
s>    ( QUESTION0_8_R 1 -2.400e+04 4.500e+02 1.085e+02
s>        ( - 2.425e+02 1 0)
s>        ( SILENCE 1 -2.379e+04 2.481e+02 1.075e+02
s>            ( - -2.118e+04 2 0)
s>            ( - -2.361e+03 1 0)))INFO: dtree.c(1478): Final simple tree
|( QUESTION0_0_R 1 -1.578e+05 8.461e+02 6.829e+02
|    ( QUESTION14 -1 -6.138e+04 4.829e+02 2.604e+02
|        ( - -1.137e+04 1 0)
|        ( WDBNDRY_E 0 -4.952e+04 3.305e+02 2.125e+02
|            ( QUESTION2_11_L -1 -1.722e+04 2.391e+02 7.196e+01
|                ( - -5.646e+03 1 0)
|                ( QUESTION2_6_L -1 -1.133e+04 2.001e+02 4.602e+01
|                    ( - -3.895e+02 1 0)
|                    ( QUESTION0_6_R 1 -1.074e+04 1.954e+02 4.402e+01
|                        ( - -6.523e+03 3 0 QUESTION10 -1 1.943e+02 2.702e+01)
|                        ( - -4.023e+03 3 0 QUESTION0_1_R 1 1.552e+02 1.700e+01))))
|            ( - -3.198e+04 4 0 QUESTION10 -1 1.484e+02 1.405e+02)))
|    ( WDBNDRY_E 0 -9.562e+04 1.959e+02 4.225e+02
|        ( - -8.935e+02 1 0)
|        ( - -9.453e+04 1 0)))
s>    ( QUESTION0_0_R 1 -1.578e+05 8.461e+02 6.829e+02
s>        ( QUESTION14 -1 -6.138e+04 4.829e+02 2.604e+02
s>            ( - -1.137e+04 1 0)
s>            ( WDBNDRY_E 0 -4.952e+04 3.305e+02 2.125e+02
s>                ( QUESTION2_11_L -1 -1.722e+04 2.391e+02 7.196e+01
s>                    ( - -5.646e+03 1 0)
s>                    ( QUESTION2_6_L -1 -1.133e+04 2.001e+02 4.602e+01
s>                        ( - -3.895e+02 1 0)
s>                        ( QUESTION0_6_R 1 -1.074e+04 1.954e+02 4.402e+01
s>                            ( - -6.523e+03 3 0 QUESTION10 -1 1.943e+02 2.702e+01)
s>                            ( - -4.023e+03 3 0 QUESTION0_1_R 1 1.552e+02 1.700e+01))))
s>                ( - -3.198e+04 4 0 QUESTION10 -1 1.484e+02 1.405e+02)))
s>        ( WDBNDRY_E 0 -9.562e+04 1.959e+02 4.225e+02
s>            ( - -8.935e+02 1 0)
s>            ( - -9.453e+04 1 0)))INFO: dtree.c(1315): Comp split 12
INFO: dtree.c(1439): stop. leaf nodes are specific
INFO: dtree.c(1478): Final simple tree
|( QUESTION14 1 -9.719e+04 5.203e+02 4.208e+02
|    ( - -6.590e+03 1 0)
|    ( WDBNDRY_I 0 -9.008e+04 4.295e+02 3.913e+02
|        ( QUESTION2_10_L -1 -5.371e+04 2.437e+02 2.368e+02
|            ( - -3.993e+04 2 0)
|            ( QUESTION10 -1 -1.353e+04 1.479e+02 6.156e+01
|                ( - -1.193e+04 1 0)
|                ( - -1.452e+03 1 0)))
|        ( QUESTION2_10_L -1 -3.595e+04 3.575e+02 1.544e+02
|            ( - -1.274e+04 1 0)
|            ( WDBNDRY_E 0 -2.286e+04 2.349e+02 9.833e+01
|                ( - -2.186e+04 1 0)
|                ( - -7.629e+02 1 0)))))
s>    ( QUESTION14 1 -9.719e+04 5.203e+02 4.208e+02
s>        ( - -6.590e+03 1 0)
s>        ( WDBNDRY_I 0 -9.008e+04 4.295e+02 3.913e+02
s>            ( QUESTION2_10_L -1 -5.371e+04 2.437e+02 2.368e+02
s>                ( - -3.993e+04 2 0)
s>                ( QUESTION10 -1 -1.353e+04 1.479e+02 6.156e+01
s>                    ( - -1.193e+04 1 0)
s>                    ( - -1.452e+03 1 0)))
s>            ( QUESTION2_10_L -1 -3.595e+04 3.575e+02 1.544e+02
s>                ( - -1.274e+04 1 0)
s>                ( WDBNDRY_E 0 -2.286e+04 2.349e+02 9.833e+01
s>                    ( - -2.186e+04 1 0)
s>                    ( - -7.629e+02 1 0)))))INFO: dtree.c(1315): Comp split 13
INFO: dtree.c(1439): stop. leaf nodes are specific
INFO: dtree.c(1478): Final simple tree
|( QUESTION15 -1 -8.664e+04 6.451e+02 3.885e+02
|    ( - -5.879e+04 2 0)
|    ( QUESTION10 -1 -2.720e+04 1.053e+02 1.219e+02
|        ( - -2.626e+04 1 0)
|        ( - -8.414e+02 1 0)))
s>    ( QUESTION15 -1 -8.664e+04 6.451e+02 3.885e+02
s>        ( - -5.879e+04 2 0)
s>        ( QUESTION10 -1 -2.720e+04 1.053e+02 1.219e+02
s>            ( - -2.626e+04 1 0)
s>            ( - -8.414e+02 1 0)))INFO: dtree.c(1439): stop. leaf nodes are specific
INFO: dtree.c(1478): Final simple tree
|( QUESTION14 -1 -6.470e+05 6.965e+02 2.858e+03
|    ( - -2.158e+04 2 0)
|    ( QUESTION2 -1 -6.248e+05 5.469e+02 2.761e+03
|        ( - -6.263e+04 3 0)
|        ( QUESTION0 -1 -5.616e+05 3.775e+02 2.483e+03
|            ( - -8.011e+03 2 0)
|            ( - -5.532e+05 6 0))))
s>    ( QUESTION14 -1 -6.470e+05 6.965e+02 2.858e+03
s>        ( - -2.158e+04 2 0)
s>        ( QUESTION2 -1 -6.248e+05 5.469e+02 2.761e+03
s>            ( - -6.263e+04 3 0)
s>            ( QUESTION0 -1 -5.616e+05 3.775e+02 2.483e+03
s>                ( - -8.011e+03 2 0)
s>                ( - -5.532e+05 6 0))))INFO: dtree.c(1315): Comp split 14
INFO: dtree.c(1478): Final simple tree
|( WDBNDRY_E 0 -1.768e+05 6.046e+02 7.444e+02
|    ( QUESTION2_10_L -1 -1.315e+04 1.791e+02 5.703e+01
|        ( - -9.823e+03 4 0)
|        ( - -3.153e+03 1 0))
|    ( QUESTION0 -1 -1.631e+05 4.205e+02 6.874e+02
|        ( QUESTION2_0_L -1 -3.155e+04 1.680e+02 1.377e+02
|            ( - -5.525e+02 1 0)
|            ( - -3.083e+04 1 0))
|        ( QUESTION2_10_L -1 -1.311e+05 3.488e+02 5.497e+02
|            ( - -2.561e+04 4 0 WDBNDRY_B 0 1.287e+02 1.043e+02)
|            ( QUESTION10 -1 -1.051e+05 2.218e+02 4.454e+02
|                ( - -1.105e+04 3 0 QUESTION2_6_L -1 1.247e+02 4.945e+01)
|                ( QUESTION2_5_L -1 -9.386e+04 1.759e+02 3.959e+02
|                    ( - -7.653e+02 1 0)
|                    ( - -9.292e+04 3 0 QUESTION2 -1 1.457e+02 3.919e+02))))))
s>    ( WDBNDRY_E 0 -1.768e+05 6.046e+02 7.444e+02
s>        ( QUESTION2_10_L -1 -1.315e+04 1.791e+02 5.703e+01
s>            ( - -9.823e+03 4 0)
s>            ( - -3.153e+03 1 0))
s>        ( QUESTION0 -1 -1.631e+05 4.205e+02 6.874e+02
s>            ( QUESTION2_0_L -1 -3.155e+04 1.680e+02 1.377e+02
s>                ( - -5.525e+02 1 0)
s>                ( - -3.083e+04 1 0))
s>            ( QUESTION2_10_L -1 -1.311e+05 3.488e+02 5.497e+02
s>                ( - -2.561e+04 4 0 WDBNDRY_B 0 1.287e+02 1.043e+02)
s>                ( QUESTION10 -1 -1.051e+05 2.218e+02 4.454e+02
s>                    ( - -1.105e+04 3 0 QUESTION2_6_L -1 1.247e+02 4.945e+01)
s>                    ( QUESTION2_5_L -1 -9.386e+04 1.759e+02 3.959e+02
s>                        ( - -7.653e+02 1 0)
s>                        ( - -9.292e+04 3 0 QUESTION2 -1 1.457e+02 3.919e+02))))))INFO: dtree.c(1439): stop. leaf nodes are specific
INFO: dtree.c(1478): Final simple tree
|( WDBNDRY_I 0 -1.454e+05 9.154e+02 6.015e+02
|    ( QUESTION0 -1 -8.186e+04 6.054e+02 3.438e+02
|        ( - -5.288e+04 2 0)
|        ( QUESTION2_0_L -1 -2.838e+04 3.386e+02 1.197e+02
|            ( - -8.274e+03 1 0)
|            ( - -1.977e+04 1 0)))
|    ( WDBNDRY_B 0 -6.260e+04 5.831e+02 2.577e+02
|        ( QUESTION2_0_L -1 -5.031e+04 2.254e+02 2.081e+02
|            ( - -2.666e+04 2 0)
|            ( SILENCE -1 -2.343e+04 1.505e+02 9.963e+01
|                ( - -2.033e+04 1 0)
|                ( - -2.947e+03 1 0)))
|        ( - -1.170e+04 1 0)))
s>    ( WDBNDRY_I 0 -1.454e+05 9.154e+02 6.015e+02
s>        ( QUESTION0 -1 -8.186e+04 6.054e+02 3.438e+02
s>            ( - -5.288e+04 2 0)
s>            ( QUESTION2_0_L -1 -2.838e+04 3.386e+02 1.197e+02
s>                ( - -8.274e+03 1 0)
s>                ( - -1.977e+04 1 0)))
s>        ( WDBNDRY_B 0 -6.260e+04 5.831e+02 2.577e+02
s>            ( QUESTION2_0_L -1 -5.031e+04 2.254e+02 2.081e+02
s>                ( - -2.666e+04 2 0)
s>                ( SILENCE -1 -2.343e+04 1.505e+02 9.963e+01
s>                    ( - -2.033e+04 1 0)
s>                    ( - -2.947e+03 1 0)))
s>            ( - -1.170e+04 1 0)))INFO: dtree.c(1315): Comp split 15
INFO: dtree.c(1439): stop. leaf nodes are specific
INFO: dtree.c(1478): Final simple tree
|( QUESTION15 -1 -2.906e+05 1.110e+03 1.257e+03
|    ( - -1.606e+05 3 0)
|    ( QUESTION2_10_L -1 -1.288e+05 7.242e+02 5.551e+02
|        ( - -2.445e+04 1 0)
|        ( QUESTION0_1_R 1 -1.037e+05 5.384e+02 4.484e+02
|            ( - -4.737e+03 2 0)
|            ( QUESTION2_5_L -1 -9.839e+04 1.982e+02 4.254e+02
|                ( WDBNDRY_E 0 -1.441e+03 1.714e+02 7.000e+00
|                    ( - -5.344e+02 1 0)
|                    ( - -7.355e+02 1 0))
|                ( QUESTION2 -1 -9.675e+04 1.033e+02 4.184e+02
|                    ( - -9.267e+04 3 0)
|                    ( - -3.977e+03 2 0))))))
s>    ( QUESTION15 -1 -2.906e+05 1.110e+03 1.257e+03
s>        ( - -1.606e+05 3 0)
s>        ( QUESTION2_10_L -1 -1.288e+05 7.242e+02 5.551e+02
s>            ( - -2.445e+04 1 0)
s>            ( QUESTION0_1_R 1 -1.037e+05 5.384e+02 4.484e+02
s>                ( - -4.737e+03 2 0)
s>                ( QUESTION2_5_L -1 -9.839e+04 1.982e+02 4.254e+02
s>                    ( WDBNDRY_E 0 -1.441e+03 1.714e+02 7.000e+00
s>                        ( - -5.344e+02 1 0)
s>                        ( - -7.355e+02 1 0))
s>                    ( QUESTION2 -1 -9.675e+04 1.033e+02 4.184e+02
s>                        ( - -9.267e+04 3 0)
s>                        ( - -3.977e+03 2 0))))))INFO: dtree.c(1315): Comp split 16
INFO: dtree.c(1439): stop. leaf nodes are specific
INFO: dtree.c(1478): Final simple tree
|( WDBNDRY_E 0 -9.130e+04 6.367e+02 3.774e+02
|    ( - -1.170e+04 1 0)
|    ( QUESTION2_13_L -1 -7.896e+04 3.558e+02 3.278e+02
|        ( - -8.274e+03 1 0)
|        ( WDBNDRY_B 0 -7.033e+04 2.514e+02 2.907e+02
|            ( QUESTION2_0_L -1 -5.031e+04 2.254e+02 2.081e+02
|                ( - -2.666e+04 2 0)
|                ( SILENCE -1 -2.343e+04 1.505e+02 9.963e+01
|                    ( - -2.033e+04 1 0)
|                    ( - -2.947e+03 1 0)))
|            ( - -1.977e+04 1 0))))
s>    ( WDBNDRY_E 0 -9.130e+04 6.367e+02 3.774e+02
s>        ( - -1.170e+04 1 0)
s>        ( QUESTION2_13_L -1 -7.896e+04 3.558e+02 3.278e+02
s>            ( - -8.274e+03 1 0)
s>            ( WDBNDRY_B 0 -7.033e+04 2.514e+02 2.907e+02
s>                ( QUESTION2_0_L -1 -5.031e+04 2.254e+02 2.081e+02
s>                    ( - -2.666e+04 2 0)
s>                    ( SILENCE -1 -2.343e+04 1.505e+02 9.963e+01
s>                        ( - -2.033e+04 1 0)
s>                        ( - -2.947e+03 1 0)))
s>                ( - -1.977e+04 1 0))))INFO: dtree.c(1315): Comp split 17
INFO: dtree.c(1439): stop. leaf nodes are specific
INFO: dtree.c(1478): Final simple tree
|( QUESTION10 -1 -1.615e+05 1.620e+02 7.058e+02
|    ( - -7.355e+02 1 0)
|    ( - -1.606e+05 3 0))
s>    ( QUESTION10 -1 -1.615e+05 1.620e+02 7.058e+02
s>        ( - -7.355e+02 1 0)
s>        ( - -1.606e+05 3 0))INFO: dtree.c(1439): stop. leaf nodes are specific
INFO: dtree.c(1478): Final simple tree
|( QUESTION10 -1 -1.279e+05 7.239e+02 5.511e+02
|    ( - -2.445e+04 1 0)
|    ( QUESTION0_1_R 1 -1.027e+05 5.432e+02 4.444e+02
|        ( - -4.737e+03 2 0)
|        ( WDBNDRY_E 0 -9.746e+04 1.785e+02 4.214e+02
|            ( - -5.344e+02 1 0)
|            ( QUESTION2 -1 -9.675e+04 1.033e+02 4.184e+02
|                ( - -9.267e+04 3 0)
|                ( - -3.977e+03 2 0)))))
s>    ( QUESTION10 -1 -1.279e+05 7.239e+02 5.511e+02
s>        ( - -2.445e+04 1 0)
s>        ( QUESTION0_1_R 1 -1.027e+05 5.432e+02 4.444e+02
s>            ( - -4.737e+03 2 0)
s>            ( WDBNDRY_E 0 -9.746e+04 1.785e+02 4.214e+02
s>                ( - -5.344e+02 1 0)
s>                ( QUESTION2 -1 -9.675e+04 1.033e+02 4.184e+02
s>                    ( - -9.267e+04 3 0)
s>                    ( - -3.977e+03 2 0)))))INFO: dtree.c(1315): Comp split 18
INFO: dtree.c(1439): stop. leaf nodes are specific
INFO: dtree.c(1478): Final simple tree
|( QUESTION2 -1 -4.605e+05 5.949e+02 2.029e+03
|    ( - -9.198e+03 1 0)
|    ( QUESTION16 -1 -4.507e+05 4.487e+02 1.986e+03
|        ( WDBNDRY_B 0 -4.138e+05 1.918e+02 1.828e+03
|            ( - -1.303e+03 1 0)
|            ( QUESTION0_0_R 1 -4.123e+05 1.398e+02 1.822e+03
|                ( - -4.114e+05 4 0)
|                ( - -7.364e+02 1 0)))
|        ( - -3.650e+04 2 0)))
s>    ( QUESTION2 -1 -4.605e+05 5.949e+02 2.029e+03
s>        ( - -9.198e+03 1 0)
s>        ( QUESTION16 -1 -4.507e+05 4.487e+02 1.986e+03
s>            ( WDBNDRY_B 0 -4.138e+05 1.918e+02 1.828e+03
s>                ( - -1.303e+03 1 0)
s>                ( QUESTION0_0_R 1 -4.123e+05 1.398e+02 1.822e+03
s>                    ( - -4.114e+05 4 0)
s>                    ( - -7.364e+02 1 0)))
s>            ( - -3.650e+04 2 0)))INFO: dtree.c(1315): Comp split 19
INFO: dtree.c(1439): stop. leaf nodes are specific
INFO: dtree.c(1478): Final simple tree
|( QUESTION12 -1 -8.459e+04 3.378e+02 3.714e+02
|    ( - -6.673e+04 1 0)
|    ( - -1.752e+04 1 0))
s>    ( QUESTION12 -1 -8.459e+04 3.378e+02 3.714e+02
s>        ( - -6.673e+04 1 0)
s>        ( - -1.752e+04 1 0))INFO: dtree.c(1439): stop. leaf nodes are specific
INFO: dtree.c(1478): Final simple tree
|( QUESTION2 -1 -5.844e+04 3.350e+02 2.676e+02
|    ( - -9.298e+03 1 0)
|    ( - -4.880e+04 1 0))
s>    ( QUESTION2 -1 -5.844e+04 3.350e+02 2.676e+02
s>        ( - -9.298e+03 1 0)
s>        ( - -4.880e+04 1 0))INFO: dtree.c(1315): Comp split 20
INFO: dtree.c(1439): stop. leaf nodes are specific
INFO: dtree.c(1478): Final simple tree
|( WDBNDRY_B 0 -2.713e+04 2.197e+02 1.193e+02
|    ( QUESTION10 -1 -5.899e+03 1.371e+02 2.689e+01
|        ( - -8.133e+02 1 0)
|        ( - -4.949e+03 1 0))
|    ( QUESTION2 -1 -2.101e+04 1.916e+02 9.241e+01
|        ( - -1.804e+04 1 0)
|        ( - -2.780e+03 1 0)))
s>    ( WDBNDRY_B 0 -2.713e+04 2.197e+02 1.193e+02
s>        ( QUESTION10 -1 -5.899e+03 1.371e+02 2.689e+01
s>            ( - -8.133e+02 1 0)
s>            ( - -4.949e+03 1 0))
s>        ( QUESTION2 -1 -2.101e+04 1.916e+02 9.241e+01
s>            ( - -1.804e+04 1 0)
s>            ( - -2.780e+03 1 0)))INFO: dtree.c(1439): stop. leaf nodes are specific
INFO: dtree.c(1478): Final simple tree
|( WDBNDRY_B 0 -9.318e+04 1.905e+02 4.349e+02
|    ( - -5.833e+02 1 0)
|    ( - -9.240e+04 3 0))
s>    ( WDBNDRY_B 0 -9.318e+04 1.905e+02 4.349e+02
s>        ( - -5.833e+02 1 0)
s>        ( - -9.240e+04 3 0))INFO: dtree.c(1315): Comp split 21
INFO: dtree.c(1478): Final simple tree
|( QUESTION2_14_L -1 -1.078e+05 5.733e+02 4.583e+02
|    ( - -4.197e+04 2 0 QUESTION14 -1 1.713e+02 1.861e+02)
|    ( QUESTION2_11_L -1 -6.524e+04 4.659e+02 2.722e+02
|        ( WDBNDRY_E 0 -1.218e+04 2.558e+02 5.187e+01
|            ( - -1.024e+04 2 0)
|            ( - -1.687e+03 1 0))
|        ( QUESTION2 -1 -5.259e+04 3.006e+02 2.204e+02
|            ( - -9.513e+03 1 0)
|            ( QUESTION10 -1 -4.277e+04 2.687e+02 1.802e+02
|                ( QUESTION0_14_R 1 -2.493e+04 2.506e+02 1.070e+02
|                    ( - -2.261e+04 3 0)
|                    ( - -2.078e+03 1 0))
|                ( QUESTION0 -1 -1.757e+04 2.297e+02 7.321e+01
|                    ( - -2.873e+03 1 0)
|                    ( - -1.447e+04 3 0 WDBNDRY_E 0 1.405e+02 5.923e+01))))))
s>    ( QUESTION2_14_L -1 -1.078e+05 5.733e+02 4.583e+02
s>        ( - -4.197e+04 2 0 QUESTION14 -1 1.713e+02 1.861e+02)
s>        ( QUESTION2_11_L -1 -6.524e+04 4.659e+02 2.722e+02
s>            ( WDBNDRY_E 0 -1.218e+04 2.558e+02 5.187e+01
s>                ( - -1.024e+04 2 0)
s>                ( - -1.687e+03 1 0))
s>            ( QUESTION2 -1 -5.259e+04 3.006e+02 2.204e+02
s>                ( - -9.513e+03 1 0)
s>                ( QUESTION10 -1 -4.277e+04 2.687e+02 1.802e+02
s>                    ( QUESTION0_14_R 1 -2.493e+04 2.506e+02 1.070e+02
s>                        ( - -2.261e+04 3 0)
s>                        ( - -2.078e+03 1 0))
s>                    ( QUESTION0 -1 -1.757e+04 2.297e+02 7.321e+01
s>                        ( - -2.873e+03 1 0)
s>                        ( - -1.447e+04 3 0 WDBNDRY_E 0 1.405e+02 5.923e+01))))))INFO: dtree.c(1439): stop. leaf nodes are specific
INFO: dtree.c(1478): Final simple tree
|( QUESTION0_12_R 1 -1.144e+05 4.522e+02 5.062e+02
|    ( - -3.711e+03 1 0)
|    ( - -1.102e+05 1 0))
s>    ( QUESTION0_12_R 1 -1.144e+05 4.522e+02 5.062e+02
s>        ( - -3.711e+03 1 0)
s>        ( - -1.102e+05 1 0))INFO: dtree.c(1315): Comp split 22
INFO: dtree.c(1478): Final simple tree
|( QUESTION14 -1 -6.138e+04 4.829e+02 2.604e+02
|    ( - -1.137e+04 1 0)
|    ( WDBNDRY_E 0 -4.952e+04 3.305e+02 2.125e+02
|        ( QUESTION2_11_L -1 -1.722e+04 2.391e+02 7.196e+01
|            ( - -5.646e+03 1 0)
|            ( QUESTION2_6_L -1 -1.133e+04 2.001e+02 4.602e+01
|                ( - -3.895e+02 1 0)
|                ( QUESTION0_6_R 1 -1.074e+04 1.954e+02 4.402e+01
|                    ( QUESTION10 -1 -6.523e+03 1.943e+02 2.702e+01
|                        ( - -4.233e+03 2 0)
|                        ( - -2.095e+03 1 0))
|                    ( QUESTION0_1_R 1 -4.023e+03 1.552e+02 1.700e+01
|                        ( - -3.323e+03 2 0)
|                        ( - -5.442e+02 1 0)))))
|        ( - -3.198e+04 4 0 QUESTION10 -1 1.484e+02 1.405e+02)))
s>    ( QUESTION14 -1 -6.138e+04 4.829e+02 2.604e+02
s>        ( - -1.137e+04 1 0)
s>        ( WDBNDRY_E 0 -4.952e+04 3.305e+02 2.125e+02
s>            ( QUESTION2_11_L -1 -1.722e+04 2.391e+02 7.196e+01
s>                ( - -5.646e+03 1 0)
s>                ( QUESTION2_6_L -1 -1.133e+04 2.001e+02 4.602e+01
s>                    ( - -3.895e+02 1 0)
s>                    ( QUESTION0_6_R 1 -1.074e+04 1.954e+02 4.402e+01
s>                        ( QUESTION10 -1 -6.523e+03 1.943e+02 2.702e+01
s>                            ( - -4.233e+03 2 0)
s>                            ( - -2.095e+03 1 0))
s>                        ( QUESTION0_1_R 1 -4.023e+03 1.552e+02 1.700e+01
s>                            ( - -3.323e+03 2 0)
s>                            ( - -5.442e+02 1 0)))))
s>            ( - -3.198e+04 4 0 QUESTION10 -1 1.484e+02 1.405e+02)))INFO: dtree.c(1439): stop. leaf nodes are specific
INFO: dtree.c(1478): Final simple tree
|( WDBNDRY_E 0 -9.562e+04 1.959e+02 4.225e+02
|    ( - -8.935e+02 1 0)
|    ( - -9.453e+04 1 0))
s>    ( WDBNDRY_E 0 -9.562e+04 1.959e+02 4.225e+02
s>        ( - -8.935e+02 1 0)
s>        ( - -9.453e+04 1 0))INFO: dtree.c(1315): Comp split 23
INFO: dtree.c(1439): stop. leaf nodes are specific
INFO: dtree.c(1478): Final simple tree
|( QUESTION0 -1 -5.616e+05 3.775e+02 2.483e+03
|    ( - -8.011e+03 2 0)
|    ( - -5.532e+05 6 0))
s>    ( QUESTION0 -1 -5.616e+05 3.775e+02 2.483e+03
s>        ( - -8.011e+03 2 0)
s>        ( - -5.532e+05 6 0))INFO: dtree.c(1439): stop. leaf nodes are specific
INFO: dtree.c(1478): Final simple tree
|( QUESTION2 -1 -8.469e+04 4.844e+02 3.750e+02
|    ( - -6.263e+04 3 0)
|    ( - -2.158e+04 2 0))
s>    ( QUESTION2 -1 -8.469e+04 4.844e+02 3.750e+02
s>        ( - -6.263e+04 3 0)
s>        ( - -2.158e+04 2 0))INFO: dtree.c(1315): Comp split 24
INFO: dtree.c(1439): stop. leaf nodes are specific
INFO: dtree.c(1478): Final simple tree
|( QUESTION0_1_R 1 -1.027e+05 5.432e+02 4.444e+02
|    ( - -4.737e+03 2 0)
|    ( WDBNDRY_E 0 -9.746e+04 1.785e+02 4.214e+02
|        ( - -5.344e+02 1 0)
|        ( QUESTION2 -1 -9.675e+04 1.033e+02 4.184e+02
|            ( - -9.267e+04 3 0)
|            ( - -3.977e+03 2 0))))
s>    ( QUESTION0_1_R 1 -1.027e+05 5.432e+02 4.444e+02
s>        ( - -4.737e+03 2 0)
s>        ( WDBNDRY_E 0 -9.746e+04 1.785e+02 4.214e+02
s>            ( - -5.344e+02 1 0)
s>            ( QUESTION2 -1 -9.675e+04 1.033e+02 4.184e+02
s>                ( - -9.267e+04 3 0)
s>                ( - -3.977e+03 2 0))))INFO: dtree.c(1315): Comp split 25
INFO: dtree.c(1439): stop. leaf nodes are specific
INFO: dtree.c(1478): Final simple tree
|( QUESTION2_11_L -1 -3.236e+04 3.051e+02 1.347e+02
|    ( WDBNDRY_E 0 -1.218e+04 2.558e+02 5.187e+01
|        ( - -1.024e+04 2 0)
|        ( - -1.687e+03 1 0))
|    ( QUESTION0 -1 -1.987e+04 2.227e+02 8.283e+01
|        ( - -2.873e+03 1 0)
|        ( QUESTION0_15_R 1 -1.677e+04 2.281e+02 6.886e+01
|            ( - -2.078e+03 1 0)
|            ( WDBNDRY_E 0 -1.447e+04 1.405e+02 5.923e+01
|                ( - -1.378e+04 2 0)
|                ( - -5.492e+02 1 0)))))
s>    ( QUESTION2_11_L -1 -3.236e+04 3.051e+02 1.347e+02
s>        ( WDBNDRY_E 0 -1.218e+04 2.558e+02 5.187e+01
s>            ( - -1.024e+04 2 0)
s>            ( - -1.687e+03 1 0))
s>        ( QUESTION0 -1 -1.987e+04 2.227e+02 8.283e+01
s>            ( - -2.873e+03 1 0)
s>            ( QUESTION0_15_R 1 -1.677e+04 2.281e+02 6.886e+01
s>                ( - -2.078e+03 1 0)
s>                ( WDBNDRY_E 0 -1.447e+04 1.405e+02 5.923e+01
s>                    ( - -1.378e+04 2 0)
s>                    ( - -5.492e+02 1 0)))))INFO: dtree.c(1439): stop. leaf nodes are specific
INFO: dtree.c(1478): Final simple tree
|( WDBNDRY_E 0 -7.475e+04 4.265e+02 3.236e+02
|    ( - -2.261e+04 3 0)
|    ( QUESTION2 -1 -5.172e+04 2.381e+02 2.262e+02
|        ( - -9.513e+03 1 0)
|        ( QUESTION14 -1 -4.197e+04 1.713e+02 1.861e+02
|            ( - -1.302e+03 1 0)
|            ( - -4.050e+04 1 0))))
s>    ( WDBNDRY_E 0 -7.475e+04 4.265e+02 3.236e+02
s>        ( - -2.261e+04 3 0)
s>        ( QUESTION2 -1 -5.172e+04 2.381e+02 2.262e+02
s>            ( - -9.513e+03 1 0)
s>            ( QUESTION14 -1 -4.197e+04 1.713e+02 1.861e+02
s>                ( - -1.302e+03 1 0)
s>                ( - -4.050e+04 1 0))))INFO: dtree.c(1315): Comp split 26
INFO: dtree.c(1439): stop. leaf nodes are specific
INFO: dtree.c(1478): Final simple tree
|( QUESTION10 -1 -2.720e+04 1.053e+02 1.219e+02
|    ( - -2.626e+04 1 0)
|    ( - -8.414e+02 1 0))
s>    ( QUESTION10 -1 -2.720e+04 1.053e+02 1.219e+02
s>        ( - -2.626e+04 1 0)
s>        ( - -8.414e+02 1 0))INFO: dtree.c(1315): Comp split 27
INFO: dtree.c(1439): stop. leaf nodes are specific
INFO: dtree.c(1478): Final simple tree
|( QUESTION2_13_L -1 -7.896e+04 3.558e+02 3.278e+02
|    ( - -8.274e+03 1 0)
|    ( WDBNDRY_B 0 -7.033e+04 2.514e+02 2.907e+02
|        ( QUESTION2_0_L -1 -5.031e+04 2.254e+02 2.081e+02
|            ( - -2.666e+04 2 0)
|            ( SILENCE -1 -2.343e+04 1.505e+02 9.963e+01
|                ( - -2.033e+04 1 0)
|                ( - -2.947e+03 1 0)))
|        ( - -1.977e+04 1 0)))
s>    ( QUESTION2_13_L -1 -7.896e+04 3.558e+02 3.278e+02
s>        ( - -8.274e+03 1 0)
s>        ( WDBNDRY_B 0 -7.033e+04 2.514e+02 2.907e+02
s>            ( QUESTION2_0_L -1 -5.031e+04 2.254e+02 2.081e+02
s>                ( - -2.666e+04 2 0)
s>                ( SILENCE -1 -2.343e+04 1.505e+02 9.963e+01
s>                    ( - -2.033e+04 1 0)
s>                    ( - -2.947e+03 1 0)))
s>            ( - -1.977e+04 1 0)))INFO: dtree.c(1315): Comp split 28
INFO: dtree.c(1478): Final simple tree
|( QUESTION0 -1 -1.664e+05 4.105e+02 7.014e+02
|    ( QUESTION2_0_L -1 -3.155e+04 1.680e+02 1.377e+02
|        ( - -5.525e+02 1 0)
|        ( - -3.083e+04 1 0))
|    ( QUESTION2_10_L -1 -1.344e+05 3.405e+02 5.637e+02
|        ( - -2.561e+04 4 0 WDBNDRY_B 0 1.287e+02 1.043e+02)
|        ( QUESTION2_5_L -1 -1.085e+05 2.315e+02 4.594e+02
|            ( QUESTION10 -1 -1.533e+04 1.740e+02 6.745e+01
|                ( WDBNDRY_E 0 -1.439e+04 1.834e+02 6.345e+01
|                    ( - -3.153e+03 1 0)
|                    ( - -1.105e+04 3 0 QUESTION2_6_L -1 1.247e+02 4.945e+01))
|                ( - -7.653e+02 1 0))
|            ( QUESTION2 -1 -9.292e+04 1.457e+02 3.919e+02
|                ( - -8.998e+04 2 0)
|                ( - -2.798e+03 1 0)))))
s>    ( QUESTION0 -1 -1.664e+05 4.105e+02 7.014e+02
s>        ( QUESTION2_0_L -1 -3.155e+04 1.680e+02 1.377e+02
s>            ( - -5.525e+02 1 0)
s>            ( - -3.083e+04 1 0))
s>        ( QUESTION2_10_L -1 -1.344e+05 3.405e+02 5.637e+02
s>            ( - -2.561e+04 4 0 WDBNDRY_B 0 1.287e+02 1.043e+02)
s>            ( QUESTION2_5_L -1 -1.085e+05 2.315e+02 4.594e+02
s>                ( QUESTION10 -1 -1.533e+04 1.740e+02 6.745e+01
s>                    ( WDBNDRY_E 0 -1.439e+04 1.834e+02 6.345e+01
s>                        ( - -3.153e+03 1 0)
s>                        ( - -1.105e+04 3 0 QUESTION2_6_L -1 1.247e+02 4.945e+01))
s>                    ( - -7.653e+02 1 0))
s>                ( QUESTION2 -1 -9.292e+04 1.457e+02 3.919e+02
s>                    ( - -8.998e+04 2 0)
s>                    ( - -2.798e+03 1 0)))))INFO: dtree.c(1315): Comp split 29
INFO: dtree.c(1439): stop. leaf nodes are specific
INFO: dtree.c(1478): Final simple tree
|( QUESTION16 -1 -4.507e+05 4.487e+02 1.986e+03
|    ( WDBNDRY_B 0 -4.138e+05 1.918e+02 1.828e+03
|        ( - -1.303e+03 1 0)
|        ( QUESTION0_0_R 1 -4.123e+05 1.398e+02 1.822e+03
|            ( - -4.114e+05 4 0)
|            ( - -7.364e+02 1 0)))
|    ( - -3.650e+04 2 0))
s>    ( QUESTION16 -1 -4.507e+05 4.487e+02 1.986e+03
s>        ( WDBNDRY_B 0 -4.138e+05 1.918e+02 1.828e+03
s>            ( - -1.303e+03 1 0)
s>            ( QUESTION0_0_R 1 -4.123e+05 1.398e+02 1.822e+03
s>                ( - -4.114e+05 4 0)
s>                ( - -7.364e+02 1 0)))
s>        ( - -3.650e+04 2 0))INFO: dtree.c(1315): Comp split 30
INFO: dtree.c(1439): stop. leaf nodes are specific
INFO: dtree.c(1478): Final simple tree
|( WDBNDRY_E 0 -9.746e+04 1.785e+02 4.214e+02
|    ( - -5.344e+02 1 0)
|    ( QUESTION2 -1 -9.675e+04 1.033e+02 4.184e+02
|        ( - -9.267e+04 3 0)
|        ( - -3.977e+03 2 0)))
s>    ( WDBNDRY_E 0 -9.746e+04 1.785e+02 4.214e+02
s>        ( - -5.344e+02 1 0)
s>        ( QUESTION2 -1 -9.675e+04 1.033e+02 4.184e+02
s>            ( - -9.267e+04 3 0)
s>            ( - -3.977e+03 2 0)))INFO: dtree.c(1315): Comp split 31
INFO: dtree.c(1439): stop. leaf nodes are specific
INFO: dtree.c(1478): Final simple tree
|( WDBNDRY_I 0 -9.008e+04 4.295e+02 3.913e+02
|    ( QUESTION2_10_L -1 -5.371e+04 2.437e+02 2.368e+02
|        ( - -3.993e+04 2 0)
|        ( QUESTION10 -1 -1.353e+04 1.479e+02 6.156e+01
|            ( - -1.193e+04 1 0)
|            ( - -1.452e+03 1 0)))
|    ( QUESTION2_10_L -1 -3.595e+04 3.575e+02 1.544e+02
|        ( - -1.274e+04 1 0)
|        ( WDBNDRY_E 0 -2.286e+04 2.349e+02 9.833e+01
|            ( - -2.186e+04 1 0)
|            ( - -7.629e+02 1 0))))
s>    ( WDBNDRY_I 0 -9.008e+04 4.295e+02 3.913e+02
s>        ( QUESTION2_10_L -1 -5.371e+04 2.437e+02 2.368e+02
s>            ( - -3.993e+04 2 0)
s>            ( QUESTION10 -1 -1.353e+04 1.479e+02 6.156e+01
s>                ( - -1.193e+04 1 0)
s>                ( - -1.452e+03 1 0)))
s>        ( QUESTION2_10_L -1 -3.595e+04 3.575e+02 1.544e+02
s>            ( - -1.274e+04 1 0)
s>            ( WDBNDRY_E 0 -2.286e+04 2.349e+02 9.833e+01
s>                ( - -2.186e+04 1 0)
s>                ( - -7.629e+02 1 0))))INFO: dtree.c(1315): Comp split 32
INFO: dtree.c(1315): Comp split 33
INFO: dtree.c(1478): Final simple tree
|( WDBNDRY_E 0 -4.952e+04 3.305e+02 2.125e+02
|    ( QUESTION2_11_L -1 -1.722e+04 2.391e+02 7.196e+01
|        ( - -5.646e+03 1 0)
|        ( QUESTION2_6_L -1 -1.133e+04 2.001e+02 4.602e+01
|            ( - -3.895e+02 1 0)
|            ( QUESTION0_6_R 1 -1.074e+04 1.954e+02 4.402e+01
|                ( QUESTION10 -1 -6.523e+03 1.943e+02 2.702e+01
|                    ( - -4.233e+03 2 0)
|                    ( - -2.095e+03 1 0))
|                ( QUESTION0_1_R 1 -4.023e+03 1.552e+02 1.700e+01
|                    ( - -3.323e+03 2 0)
|                    ( - -5.442e+02 1 0)))))
|    ( QUESTION10 -1 -3.198e+04 1.484e+02 1.405e+02
|        ( - -3.504e+03 1 0)
|        ( - -2.833e+04 3 0 QUESTION0_5_R 1 1.294e+02 1.249e+02)))
s>    ( WDBNDRY_E 0 -4.952e+04 3.305e+02 2.125e+02
s>        ( QUESTION2_11_L -1 -1.722e+04 2.391e+02 7.196e+01
s>            ( - -5.646e+03 1 0)
s>            ( QUESTION2_6_L -1 -1.133e+04 2.001e+02 4.602e+01
s>                ( - -3.895e+02 1 0)
s>                ( QUESTION0_6_R 1 -1.074e+04 1.954e+02 4.402e+01
s>                    ( QUESTION10 -1 -6.523e+03 1.943e+02 2.702e+01
s>                        ( - -4.233e+03 2 0)
s>                        ( - -2.095e+03 1 0))
s>                    ( QUESTION0_1_R 1 -4.023e+03 1.552e+02 1.700e+01
s>                        ( - -3.323e+03 2 0)
s>                        ( - -5.442e+02 1 0)))))
s>        ( QUESTION10 -1 -3.198e+04 1.484e+02 1.405e+02
s>            ( - -3.504e+03 1 0)
s>            ( - -2.833e+04 3 0 QUESTION0_5_R 1 1.294e+02 1.249e+02)))INFO: dtree.c(1315): Comp split 34
INFO: dtree.c(1315): Comp split 35
INFO: dtree.c(1439): stop. leaf nodes are specific
INFO: dtree.c(1478): Final simple tree
|( SILENCE 1 -2.379e+04 2.481e+02 1.075e+02
|    ( - -2.118e+04 2 0)
|    ( - -2.361e+03 1 0))
s>    ( SILENCE 1 -2.379e+04 2.481e+02 1.075e+02
s>        ( - -2.118e+04 2 0)
s>        ( - -2.361e+03 1 0))INFO: dtree.c(1315): Comp split 36
INFO: dtree.c(1439): stop. leaf nodes are specific
INFO: dtree.c(1478): Final simple tree
|( WDBNDRY_B 0 -4.138e+05 1.918e+02 1.828e+03
|    ( - -1.303e+03 1 0)
|    ( QUESTION0_0_R 1 -4.123e+05 1.398e+02 1.822e+03
|        ( - -4.114e+05 4 0)
|        ( - -7.364e+02 1 0)))
s>    ( WDBNDRY_B 0 -4.138e+05 1.918e+02 1.828e+03
s>        ( - -1.303e+03 1 0)
s>        ( QUESTION0_0_R 1 -4.123e+05 1.398e+02 1.822e+03
s>            ( - -4.114e+05 4 0)
s>            ( - -7.364e+02 1 0)))INFO: dtree.c(1315): Comp split 37
INFO: dtree.c(1439): stop. leaf nodes are specific
INFO: dtree.c(1478): Final simple tree
|( QUESTION0 -1 -3.508e+04 1.741e+02 1.527e+02
|    ( - -3.083e+04 1 0)
|    ( WDBNDRY_E 0 -4.082e+03 1.637e+02 1.801e+01
|        ( - -3.153e+03 1 0)
|        ( - -7.653e+02 1 0)))
s>    ( QUESTION0 -1 -3.508e+04 1.741e+02 1.527e+02
s>        ( - -3.083e+04 1 0)
s>        ( WDBNDRY_E 0 -4.082e+03 1.637e+02 1.801e+01
s>            ( - -3.153e+03 1 0)
s>            ( - -7.653e+02 1 0)))INFO: dtree.c(1439): stop. leaf nodes are specific
INFO: dtree.c(1478): Final simple tree
|( QUESTION2_10_L -1 -1.309e+05 3.515e+02 5.487e+02
|    ( WDBNDRY_B 0 -2.561e+04 1.287e+02 1.043e+02
|        ( - -7.845e+02 2 0)
|        ( - -2.470e+04 2 0))
|    ( QUESTION10 -1 -1.049e+05 2.191e+02 4.444e+02
|        ( QUESTION2_6_L -1 -1.105e+04 1.247e+02 4.945e+01
|            ( - -2.190e+03 1 0)
|            ( - -8.735e+03 2 0))
|        ( QUESTION0 -1 -9.363e+04 1.560e+02 3.949e+02
|            ( - -5.525e+02 1 0)
|            ( QUESTION2 -1 -9.292e+04 1.457e+02 3.919e+02
|                ( - -8.998e+04 2 0)
|                ( - -2.798e+03 1 0)))))
s>    ( QUESTION2_10_L -1 -1.309e+05 3.515e+02 5.487e+02
s>        ( WDBNDRY_B 0 -2.561e+04 1.287e+02 1.043e+02
s>            ( - -7.845e+02 2 0)
s>            ( - -2.470e+04 2 0))
s>        ( QUESTION10 -1 -1.049e+05 2.191e+02 4.444e+02
s>            ( QUESTION2_6_L -1 -1.105e+04 1.247e+02 4.945e+01
s>                ( - -2.190e+03 1 0)
s>                ( - -8.735e+03 2 0))
s>            ( QUESTION0 -1 -9.363e+04 1.560e+02 3.949e+02
s>                ( - -5.525e+02 1 0)
s>                ( QUESTION2 -1 -9.292e+04 1.457e+02 3.919e+02
s>                    ( - -8.998e+04 2 0)
s>                    ( - -2.798e+03 1 0)))))INFO: dtree.c(1315): Comp split 38
INFO: dtree.c(1439): stop. leaf nodes are specific
INFO: dtree.c(1478): Final simple tree
|( QUESTION2_10_L -1 -3.595e+04 3.575e+02 1.544e+02
|    ( - -1.274e+04 1 0)
|    ( WDBNDRY_E 0 -2.286e+04 2.349e+02 9.833e+01
|        ( - -2.186e+04 1 0)
|        ( - -7.629e+02 1 0)))
s>    ( QUESTION2_10_L -1 -3.595e+04 3.575e+02 1.544e+02
s>        ( - -1.274e+04 1 0)
s>        ( WDBNDRY_E 0 -2.286e+04 2.349e+02 9.833e+01
s>            ( - -2.186e+04 1 0)
s>            ( - -7.629e+02 1 0)))INFO: dtree.c(1439): stop. leaf nodes are specific
INFO: dtree.c(1478): Final simple tree
|( QUESTION2_10_L -1 -5.371e+04 2.437e+02 2.368e+02
|    ( - -3.993e+04 2 0)
|    ( QUESTION10 -1 -1.353e+04 1.479e+02 6.156e+01
|        ( - -1.193e+04 1 0)
|        ( - -1.452e+03 1 0)))
s>    ( QUESTION2_10_L -1 -5.371e+04 2.437e+02 2.368e+02
s>        ( - -3.993e+04 2 0)
s>        ( QUESTION10 -1 -1.353e+04 1.479e+02 6.156e+01
s>            ( - -1.193e+04 1 0)
s>            ( - -1.452e+03 1 0)))INFO: dtree.c(1315): Comp split 39
INFO: dtree.c(1439): stop. leaf nodes are specific
INFO: dtree.c(1478): Final simple tree
|( QUESTION2 -1 -5.172e+04 2.381e+02 2.262e+02
|    ( - -9.513e+03 1 0)
|    ( QUESTION14 -1 -4.197e+04 1.713e+02 1.861e+02
|        ( - -1.302e+03 1 0)
|        ( - -4.050e+04 1 0)))
s>    ( QUESTION2 -1 -5.172e+04 2.381e+02 2.262e+02
s>        ( - -9.513e+03 1 0)
s>        ( QUESTION14 -1 -4.197e+04 1.713e+02 1.861e+02
s>            ( - -1.302e+03 1 0)
s>            ( - -4.050e+04 1 0)))INFO: dtree.c(1315): Comp split 40
INFO: dtree.c(1439): stop. leaf nodes are specific
INFO: dtree.c(1478): Final simple tree
|( WDBNDRY_E 0 -2.634e+05 3.166e+02 1.098e+03
|    ( - -1.667e+03 1 0)
|    ( QUESTION0 -1 -2.615e+05 1.300e+02 1.090e+03
|        ( - -5.911e+02 1 0)
|        ( - -2.607e+05 2 0)))
s>    ( WDBNDRY_E 0 -2.634e+05 3.166e+02 1.098e+03
s>        ( - -1.667e+03 1 0)
s>        ( QUESTION0 -1 -2.615e+05 1.300e+02 1.090e+03
s>            ( - -5.911e+02 1 0)
s>            ( - -2.607e+05 2 0)))INFO: dtree.c(1315): Comp split 41
INFO: dtree.c(1439): stop. leaf nodes are specific
INFO: dtree.c(1478): Final simple tree
|( QUESTION2_6_L -1 -6.895e+03 1.952e+02 2.802e+01
|    ( - -3.895e+02 1 0)
|    ( QUESTION0_6_R 1 -6.310e+03 1.918e+02 2.602e+01
|        ( - -2.095e+03 1 0)
|        ( QUESTION0_1_R 1 -4.023e+03 1.552e+02 1.700e+01
|            ( - -3.323e+03 2 0)
|            ( - -5.442e+02 1 0))))
s>    ( QUESTION2_6_L -1 -6.895e+03 1.952e+02 2.802e+01
s>        ( - -3.895e+02 1 0)
s>        ( QUESTION0_6_R 1 -6.310e+03 1.918e+02 2.602e+01
s>            ( - -2.095e+03 1 0)
s>            ( QUESTION0_1_R 1 -4.023e+03 1.552e+02 1.700e+01
s>                ( - -3.323e+03 2 0)
s>                ( - -5.442e+02 1 0))))INFO: dtree.c(1439): stop. leaf nodes are specific
INFO: dtree.c(1478): Final simple tree
|( QUESTION2_11_L -1 -4.224e+04 1.994e+02 1.845e+02
|    ( WDBNDRY_E 0 -9.324e+03 1.738e+02 4.153e+01
|        ( - -5.646e+03 1 0)
|        ( - -3.504e+03 1 0))
|    ( WDBNDRY_E 0 -3.271e+04 1.552e+02 1.429e+02
|        ( - -4.233e+03 2 0)
|        ( QUESTION0_5_R 1 -2.833e+04 1.294e+02 1.249e+02
|            ( QUESTION2 -1 -2.767e+04 1.183e+02 1.219e+02
|                ( - -2.419e+04 1 0)
|                ( - -3.366e+03 1 0))
|            ( - -5.223e+02 1 0))))
s>    ( QUESTION2_11_L -1 -4.224e+04 1.994e+02 1.845e+02
s>        ( WDBNDRY_E 0 -9.324e+03 1.738e+02 4.153e+01
s>            ( - -5.646e+03 1 0)
s>            ( - -3.504e+03 1 0))
s>        ( WDBNDRY_E 0 -3.271e+04 1.552e+02 1.429e+02
s>            ( - -4.233e+03 2 0)
s>            ( QUESTION0_5_R 1 -2.833e+04 1.294e+02 1.249e+02
s>                ( QUESTION2 -1 -2.767e+04 1.183e+02 1.219e+02
s>                    ( - -2.419e+04 1 0)
s>                    ( - -3.366e+03 1 0))
s>                ( - -5.223e+02 1 0))))INFO: dtree.c(1315): Comp split 42
INFO: dtree.c(1315): Comp split 43
INFO: dtree.c(1439): stop. leaf nodes are specific
INFO: dtree.c(1478): Final simple tree
|( QUESTION10 -1 -2.764e+04 1.415e+02 1.114e+02
|    ( - -2.470e+04 2 0)
|    ( - -2.798e+03 1 0))
s>    ( QUESTION10 -1 -2.764e+04 1.415e+02 1.114e+02
s>        ( - -2.470e+04 2 0)
s>        ( - -2.798e+03 1 0))INFO: dtree.c(1439): stop. leaf nodes are specific
INFO: dtree.c(1478): Final simple tree
|( QUESTION2 -1 -1.029e+05 2.304e+02 4.373e+02
|    ( - -8.998e+04 2 0)
|    ( QUESTION0 -1 -1.265e+04 1.363e+02 5.645e+01
|        ( - -5.525e+02 1 0)
|        ( WDBNDRY_B 0 -1.196e+04 1.242e+02 5.345e+01
|            ( - -7.845e+02 2 0)
|            ( QUESTION2_6_L -1 -1.105e+04 1.247e+02 4.945e+01
|                ( - -2.190e+03 1 0)
|                ( - -8.735e+03 2 0)))))
s>    ( QUESTION2 -1 -1.029e+05 2.304e+02 4.373e+02
s>        ( - -8.998e+04 2 0)
s>        ( QUESTION0 -1 -1.265e+04 1.363e+02 5.645e+01
s>            ( - -5.525e+02 1 0)
s>            ( WDBNDRY_B 0 -1.196e+04 1.242e+02 5.345e+01
s>                ( - -7.845e+02 2 0)
s>                ( QUESTION2_6_L -1 -1.105e+04 1.247e+02 4.945e+01
s>                    ( - -2.190e+03 1 0)
s>                    ( - -8.735e+03 2 0)))))INFO: dtree.c(1315): Comp split 44
INFO: dtree.c(1439): stop. leaf nodes are specific
INFO: dtree.c(1478): Final simple tree
|( WDBNDRY_E 0 -2.286e+04 2.349e+02 9.833e+01
|    ( - -2.186e+04 1 0)
|    ( - -7.629e+02 1 0))
s>    ( WDBNDRY_E 0 -2.286e+04 2.349e+02 9.833e+01
s>        ( - -2.186e+04 1 0)
s>        ( - -7.629e+02 1 0))INFO: dtree.c(1315): Comp split 45
INFO: dtree.c(1439): stop. leaf nodes are specific
INFO: dtree.c(1478): Final simple tree
|( WDBNDRY_B 0 -7.033e+04 2.514e+02 2.907e+02
|    ( QUESTION2_0_L -1 -5.031e+04 2.254e+02 2.081e+02
|        ( - -2.666e+04 2 0)
|        ( SILENCE -1 -2.343e+04 1.505e+02 9.963e+01
|            ( - -2.033e+04 1 0)
|            ( - -2.947e+03 1 0)))
|    ( - -1.977e+04 1 0))
s>    ( WDBNDRY_B 0 -7.033e+04 2.514e+02 2.907e+02
s>        ( QUESTION2_0_L -1 -5.031e+04 2.254e+02 2.081e+02
s>            ( - -2.666e+04 2 0)
s>            ( SILENCE -1 -2.343e+04 1.505e+02 9.963e+01
s>                ( - -2.033e+04 1 0)
s>                ( - -2.947e+03 1 0)))
s>        ( - -1.977e+04 1 0))INFO: dtree.c(1315): Comp split 46
INFO: dtree.c(1315): Comp split 47
INFO: dtree.c(1315): Comp split 48
INFO: dtree.c(1439): stop. leaf nodes are specific
INFO: dtree.c(1478): Final simple tree
|( WDBNDRY_E 0 -1.093e+04 1.376e+02 4.686e+01
|    ( - -1.024e+04 2 0)
|    ( - -5.492e+02 1 0))
s>    ( WDBNDRY_E 0 -1.093e+04 1.376e+02 4.686e+01
s>        ( - -1.024e+04 2 0)
s>        ( - -5.492e+02 1 0))INFO: dtree.c(1439): stop. leaf nodes are specific
INFO: dtree.c(1478): Final simple tree
|( QUESTION12 1 -2.110e+04 2.394e+02 8.784e+01
|    ( - -1.687e+03 1 0)
|    ( QUESTION0_15_R 1 -1.918e+04 2.222e+02 7.983e+01
|        ( - -2.078e+03 1 0)
|        ( WDBNDRY_E 0 -1.688e+04 2.252e+02 7.021e+01
|            ( - -1.378e+04 2 0)
|            ( - -2.873e+03 1 0))))
s>    ( QUESTION12 1 -2.110e+04 2.394e+02 8.784e+01
s>        ( - -1.687e+03 1 0)
s>        ( QUESTION0_15_R 1 -1.918e+04 2.222e+02 7.983e+01
s>            ( - -2.078e+03 1 0)
s>            ( WDBNDRY_E 0 -1.688e+04 2.252e+02 7.021e+01
s>                ( - -1.378e+04 2 0)
s>                ( - -2.873e+03 1 0))))INFO: dtree.c(1315): Comp split 49
INFO: dtree.c(1439): stop. leaf nodes are specific
INFO: dtree.c(1478): Final simple tree
|( QUESTION0 -1 -2.615e+05 1.300e+02 1.090e+03
|    ( - -5.911e+02 1 0)
|    ( - -2.607e+05 2 0))
s>    ( QUESTION0 -1 -2.615e+05 1.300e+02 1.090e+03
s>        ( - -5.911e+02 1 0)
s>        ( - -2.607e+05 2 0))INFO: dtree.c(1315): Comp split 50
INFO: dtree.c(1439): stop. leaf nodes are specific
INFO: dtree.c(1478): Final simple tree
|( SILENCE -1 -2.343e+04 1.505e+02 9.963e+01
|    ( - -2.033e+04 1 0)
|    ( - -2.947e+03 1 0))
s>    ( SILENCE -1 -2.343e+04 1.505e+02 9.963e+01
s>        ( - -2.033e+04 1 0)
s>        ( - -2.947e+03 1 0))INFO: dtree.c(1439): stop. leaf nodes are specific
INFO: dtree.c(1478): Final simple tree
|( WDBNDRY_B 0 -4.661e+04 1.818e+02 1.911e+02
|    ( - -2.666e+04 2 0)
|    ( - -1.977e+04 1 0))
s>    ( WDBNDRY_B 0 -4.661e+04 1.818e+02 1.911e+02
s>        ( - -2.666e+04 2 0)
s>        ( - -1.977e+04 1 0))INFO: dtree.c(1315): Comp split 51
INFO: dtree.c(1315): Comp split 52
INFO: dtree.c(1439): stop. leaf nodes are specific
INFO: dtree.c(1478): Final simple tree
|( QUESTION10 -1 -1.353e+04 1.479e+02 6.156e+01
|    ( - -1.193e+04 1 0)
|    ( - -1.452e+03 1 0))
s>    ( QUESTION10 -1 -1.353e+04 1.479e+02 6.156e+01
s>        ( - -1.193e+04 1 0)
s>        ( - -1.452e+03 1 0))INFO: dtree.c(1315): Comp split 53
INFO: dtree.c(1439): stop. leaf nodes are specific
INFO: dtree.c(1478): Final simple tree
|( QUESTION0_15_R 1 -1.918e+04 2.222e+02 7.983e+01
|    ( - -2.078e+03 1 0)
|    ( WDBNDRY_E 0 -1.688e+04 2.252e+02 7.021e+01
|        ( - -1.378e+04 2 0)
|        ( - -2.873e+03 1 0)))
s>    ( QUESTION0_15_R 1 -1.918e+04 2.222e+02 7.983e+01
s>        ( - -2.078e+03 1 0)
s>        ( WDBNDRY_E 0 -1.688e+04 2.252e+02 7.021e+01
s>            ( - -1.378e+04 2 0)
s>            ( - -2.873e+03 1 0)))INFO: dtree.c(1315): Comp split 54
INFO: dtree.c(1439): stop. leaf nodes are specific
INFO: dtree.c(1478): Final simple tree
|( QUESTION14 -1 -4.197e+04 1.713e+02 1.861e+02
|    ( - -1.302e+03 1 0)
|    ( - -4.050e+04 1 0))
s>    ( QUESTION14 -1 -4.197e+04 1.713e+02 1.861e+02
s>        ( - -1.302e+03 1 0)
s>        ( - -4.050e+04 1 0))INFO: dtree.c(1315): Comp split 55
INFO: dtree.c(1315): Comp split 56
INFO: dtree.c(1439): stop. leaf nodes are specific
INFO: dtree.c(1478): Final simple tree
|( QUESTION10 -1 -3.636e+04 1.754e+02 1.585e+02
|    ( WDBNDRY_E 0 -7.858e+03 1.207e+02 3.359e+01
|        ( - -4.233e+03 2 0)
|        ( - -3.504e+03 1 0))
|    ( QUESTION0_5_R 1 -2.833e+04 1.294e+02 1.249e+02
|        ( QUESTION2 -1 -2.767e+04 1.183e+02 1.219e+02
|            ( - -2.419e+04 1 0)
|            ( - -3.366e+03 1 0))
|        ( - -5.223e+02 1 0)))
s>    ( QUESTION10 -1 -3.636e+04 1.754e+02 1.585e+02
s>        ( WDBNDRY_E 0 -7.858e+03 1.207e+02 3.359e+01
s>            ( - -4.233e+03 2 0)
s>            ( - -3.504e+03 1 0))
s>        ( QUESTION0_5_R 1 -2.833e+04 1.294e+02 1.249e+02
s>            ( QUESTION2 -1 -2.767e+04 1.183e+02 1.219e+02
s>                ( - -2.419e+04 1 0)
s>                ( - -3.366e+03 1 0))
s>            ( - -5.223e+02 1 0)))INFO: dtree.c(1315): Comp split 57
INFO: dtree.c(1439): stop. leaf nodes are specific
INFO: dtree.c(1478): Final simple tree
|( QUESTION0 -1 -1.265e+04 1.363e+02 5.645e+01
|    ( - -5.525e+02 1 0)
|    ( WDBNDRY_B 0 -1.196e+04 1.242e+02 5.345e+01
|        ( - -7.845e+02 2 0)
|        ( QUESTION2_6_L -1 -1.105e+04 1.247e+02 4.945e+01
|            ( - -2.190e+03 1 0)
|            ( - -8.735e+03 2 0))))
s>    ( QUESTION0 -1 -1.265e+04 1.363e+02 5.645e+01
s>        ( - -5.525e+02 1 0)
s>        ( WDBNDRY_B 0 -1.196e+04 1.242e+02 5.345e+01
s>            ( - -7.845e+02 2 0)
s>            ( QUESTION2_6_L -1 -1.105e+04 1.247e+02 4.945e+01
s>                ( - -2.190e+03 1 0)
s>                ( - -8.735e+03 2 0))))INFO: dtree.c(1315): Comp split 58
INFO: dtree.c(1439): stop. leaf nodes are specific
INFO: dtree.c(1478): Final simple tree
|( WDBNDRY_E 0 -1.688e+04 2.252e+02 7.021e+01
|    ( - -1.378e+04 2 0)
|    ( - -2.873e+03 1 0))
s>    ( WDBNDRY_E 0 -1.688e+04 2.252e+02 7.021e+01
s>        ( - -1.378e+04 2 0)
s>        ( - -2.873e+03 1 0))INFO: dtree.c(1315): Comp split 59
INFO: dtree.c(1315): Comp split 60
INFO: dtree.c(1439): stop. leaf nodes are specific
INFO: dtree.c(1478): Final simple tree
|( QUESTION2 -1 -2.101e+04 1.916e+02 9.241e+01
|    ( - -1.804e+04 1 0)
|    ( - -2.780e+03 1 0))
s>    ( QUESTION2 -1 -2.101e+04 1.916e+02 9.241e+01
s>        ( - -1.804e+04 1 0)
s>        ( - -2.780e+03 1 0))INFO: dtree.c(1439): stop. leaf nodes are specific
INFO: dtree.c(1478): Final simple tree
|( QUESTION10 -1 -5.899e+03 1.371e+02 2.689e+01
|    ( - -8.133e+02 1 0)
|    ( - -4.949e+03 1 0))
s>    ( QUESTION10 -1 -5.899e+03 1.371e+02 2.689e+01
s>        ( - -8.133e+02 1 0)
s>        ( - -4.949e+03 1 0))INFO: dtree.c(1315): Comp split 61
INFO: dtree.c(1315): Comp split 62
INFO: dtree.c(1439): stop. leaf nodes are specific
INFO: dtree.c(1478): Final simple tree
|( QUESTION0_6_R 1 -6.310e+03 1.918e+02 2.602e+01
|    ( - -2.095e+03 1 0)
|    ( QUESTION0_1_R 1 -4.023e+03 1.552e+02 1.700e+01
|        ( - -3.323e+03 2 0)
|        ( - -5.442e+02 1 0)))
s>    ( QUESTION0_6_R 1 -6.310e+03 1.918e+02 2.602e+01
s>        ( - -2.095e+03 1 0)
s>        ( QUESTION0_1_R 1 -4.023e+03 1.552e+02 1.700e+01
s>            ( - -3.323e+03 2 0)
s>            ( - -5.442e+02 1 0)))INFO: dtree.c(1315): Comp split 63
INFO: dtree.c(1439): stop. leaf nodes are specific
INFO: dtree.c(1478): Final simple tree
|( WDBNDRY_B 0 -2.178e+03 1.386e+02 1.000e+01
|    ( - -1.303e+03 1 0)
|    ( - -7.364e+02 1 0))
s>    ( WDBNDRY_B 0 -2.178e+03 1.386e+02 1.000e+01
s>        ( - -1.303e+03 1 0)
s>        ( - -7.364e+02 1 0))INFO: dtree.c(1315): Comp split 64
INFO: dtree.c(1439): stop. leaf nodes are specific
INFO: dtree.c(1478): Final simple tree
|( QUESTION0_1_R 1 -4.023e+03 1.552e+02 1.700e+01
|    ( - -3.323e+03 2 0)
|    ( - -5.442e+02 1 0))
s>    ( QUESTION0_1_R 1 -4.023e+03 1.552e+02 1.700e+01
s>        ( - -3.323e+03 2 0)
s>        ( - -5.442e+02 1 0))INFO: dtree.c(1315): Comp split 65
INFO: dtree.c(1315): Comp split 66
INFO: dtree.c(1315): Comp split 67
INFO: dtree.c(1315): Comp split 68
INFO: dtree.c(1439): stop. leaf nodes are specific
INFO: dtree.c(1478): Final simple tree
|( QUESTION2 -1 -9.675e+04 1.033e+02 4.184e+02
|    ( - -9.267e+04 3 0)
|    ( - -3.977e+03 2 0))
s>    ( QUESTION2 -1 -9.675e+04 1.033e+02 4.184e+02
s>        ( - -9.267e+04 3 0)
s>        ( - -3.977e+03 2 0))INFO: dtree.c(1315): Comp split 69
INFO: dtree.c(1439): stop. leaf nodes are specific
INFO: dtree.c(1478): Final simple tree
|( QUESTION0_5_R 1 -2.833e+04 1.294e+02 1.249e+02
|    ( QUESTION2 -1 -2.767e+04 1.183e+02 1.219e+02
|        ( - -2.419e+04 1 0)
|        ( - -3.366e+03 1 0))
|    ( - -5.223e+02 1 0))
s>    ( QUESTION0_5_R 1 -2.833e+04 1.294e+02 1.249e+02
s>        ( QUESTION2 -1 -2.767e+04 1.183e+02 1.219e+02
s>            ( - -2.419e+04 1 0)
s>            ( - -3.366e+03 1 0))
s>        ( - -5.223e+02 1 0))INFO: dtree.c(1439): stop. leaf nodes are specific
INFO: dtree.c(1478): Final simple tree
|( WDBNDRY_E 0 -7.858e+03 1.207e+02 3.359e+01
|    ( - -4.233e+03 2 0)
|    ( - -3.504e+03 1 0))
s>    ( WDBNDRY_E 0 -7.858e+03 1.207e+02 3.359e+01
s>        ( - -4.233e+03 2 0)
s>        ( - -3.504e+03 1 0))INFO: dtree.c(1315): Comp split 70
INFO: dtree.c(1439): stop. leaf nodes are specific
INFO: dtree.c(1478): Final simple tree
|( WDBNDRY_E 0 -4.082e+03 1.637e+02 1.801e+01
|    ( - -3.153e+03 1 0)
|    ( - -7.653e+02 1 0))
s>    ( WDBNDRY_E 0 -4.082e+03 1.637e+02 1.801e+01
s>        ( - -3.153e+03 1 0)
s>        ( - -7.653e+02 1 0))INFO: dtree.c(1315): Comp split 71
INFO: dtree.c(1315): Comp split 72
INFO: dtree.c(1315): Comp split 73
INFO: dtree.c(1315): Comp split 74
INFO: dtree.c(1315): Comp split 75
INFO: dtree.c(1315): Comp split 76
INFO: dtree.c(1315): Comp split 77
INFO: dtree.c(1315): Comp split 78
INFO: dtree.c(1315): Comp split 79
INFO: dtree.c(1315): Comp split 80
INFO: dtree.c(1315): Comp split 81
INFO: dtree.c(1315): Comp split 82
INFO: dtree.c(1439): stop. leaf nodes are specific
INFO: dtree.c(1478): Final simple tree
|( WDBNDRY_B 0 -1.196e+04 1.242e+02 5.345e+01
|    ( - -7.845e+02 2 0)
|    ( QUESTION2_6_L -1 -1.105e+04 1.247e+02 4.945e+01
|        ( - -2.190e+03 1 0)
|        ( - -8.735e+03 2 0)))
s>    ( WDBNDRY_B 0 -1.196e+04 1.242e+02 5.345e+01
s>        ( - -7.845e+02 2 0)
s>        ( QUESTION2_6_L -1 -1.105e+04 1.247e+02 4.945e+01
s>            ( - -2.190e+03 1 0)
s>            ( - -8.735e+03 2 0)))INFO: dtree.c(1315): Comp split 83
INFO: dtree.c(1315): Comp split 84
INFO: dtree.c(1439): stop. leaf nodes are specific
INFO: dtree.c(1478): Final simple tree
|( QUESTION2 -1 -2.767e+04 1.183e+02 1.219e+02
|    ( - -2.419e+04 1 0)
|    ( - -3.366e+03 1 0))
s>    ( QUESTION2 -1 -2.767e+04 1.183e+02 1.219e+02
s>        ( - -2.419e+04 1 0)
s>        ( - -3.366e+03 1 0))INFO: dtree.c(1315): Comp split 85
INFO: dtree.c(1439): stop. leaf nodes are specific
INFO: dtree.c(1478): Final simple tree
|( QUESTION2_6_L -1 -1.105e+04 1.247e+02 4.945e+01
|    ( - -2.190e+03 1 0)
|    ( - -8.735e+03 2 0))
s>    ( QUESTION2_6_L -1 -1.105e+04 1.247e+02 4.945e+01
s>        ( - -2.190e+03 1 0)
s>        ( - -8.735e+03 2 0))INFO: dtree.c(1315): Comp split 86
INFO: dtree.c(1315): Comp split 87
INFO: dtree.c(1315): Comp split 88
INFO: dtree.c(1315): Comp split 89
INFO: dtree.c(1315): Comp split 90
INFO: dtree.c(1315): Comp split 91
INFO: dtree.c(1318): stop. leaf nodes are specific
Fri Jan  6 22:27:10 2023
