Current configuration:
[NAME]		[DEFLT]	[VALUE]
-allphones	no	no
-cntthresh	0.00001	1.000000e-05
-csplitmax	100	2000
-csplitmin	1	1
-csplitthr	8e-4	0.000000e+00
-example	no	no
-fullvar	no	no
-help		no	no
-meanfn			/mnt/c/users/robin/onedrive/desktop/cmu/Cebuano/model_parameters/Cebuano.cd_cont_untied/means
-mixwfn			/mnt/c/users/robin/onedrive/desktop/cmu/Cebuano/model_parameters/Cebuano.cd_cont_untied/mixture_weights
-moddeffn		/mnt/c/users/robin/onedrive/desktop/cmu/Cebuano/model_architecture/Cebuano.untied.mdef
-mwfloor	1e-4	1.000000e-08
-phone			G
-psetfn			/mnt/c/users/robin/onedrive/desktop/cmu/Cebuano/model_architecture/Cebuano.tree_questions
-ssplitmax	5	7
-ssplitmin	1	1
-ssplitthr	8e-4	0.000000e+00
-state			2
-stwt			1.0,0.05,0.0,
-treefn			/mnt/c/users/robin/onedrive/desktop/cmu/Cebuano/trees/Cebuano.unpruned/G-2.dtree
-ts2cbfn	.semi.	.cont.
-varfloor	0.00001	1.000000e-05
-varfn			/mnt/c/users/robin/onedrive/desktop/cmu/Cebuano/model_parameters/Cebuano.cd_cont_untied/variances

INFO: main.c(223): Reading: /mnt/c/users/robin/onedrive/desktop/cmu/Cebuano/model_architecture/Cebuano.untied.mdef
INFO: model_def_io.c(573): Model definition info:
INFO: model_def_io.c(574): 7744 total models defined (40 base, 7704 tri)
INFO: model_def_io.c(575): 30976 total states
INFO: model_def_io.c(576): 23232 total tied states
INFO: model_def_io.c(577): 120 total tied CI states
INFO: model_def_io.c(578): 40 total tied transition matrices
INFO: model_def_io.c(579): 4 max state/model
INFO: model_def_io.c(580): 4 min state/model
INFO: main.c(242): Building trees for [G AA AA b] through [G UW Y i]
INFO: main.c(268): Covering states |[8850 9608]| == 759
INFO: main.c(275): Reading: /mnt/c/users/robin/onedrive/desktop/cmu/Cebuano/model_parameters/Cebuano.cd_cont_untied/mixture_weights
INFO: s3mixw_io.c(172): Read /mnt/c/users/robin/onedrive/desktop/cmu/Cebuano/model_parameters/Cebuano.cd_cont_untied/mixture_weights [759x1x1 array]
INFO: main.c(311): 252 of 253 models have observation count greater than 0.000010
INFO: main.c(95): nrm stwt: 0.000 0.048 0.952 
INFO: s3gau_io.c(168): Read /mnt/c/users/robin/onedrive/desktop/cmu/Cebuano/model_parameters/Cebuano.cd_cont_untied/means [23232x1x1 array]
INFO: s3gau_io.c(168): Read /mnt/c/users/robin/onedrive/desktop/cmu/Cebuano/model_parameters/Cebuano.cd_cont_untied/variances [23232x1x1 array]
INFO: main.c(549): Reading: /mnt/c/users/robin/onedrive/desktop/cmu/Cebuano/model_architecture/Cebuano.tree_questions
INFO: main.c(587): 180 total simple questions (172 phone; 8 word bndry)
INFO: main.c(589): 42 Left Only questions, and 42 Right Only questions
INFO: dtree.c(1478): Final simple tree
|( QUESTION0_8_R 1 -1.147e+07 8.497e+04 5.072e+04
|    ( QUESTION12 -1 -6.295e+06 3.945e+04 2.735e+04
|        ( QUESTION2_0_L -1 -2.045e+06 1.108e+04 9.066e+03
|            ( - -3.187e+05 2 0)
|            ( - -1.716e+06 16 0 QUESTION0_14_R 1 6.939e+03 7.576e+03))
|        ( QUESTION0_16_R 1 -4.211e+06 1.032e+04 1.828e+04
|            ( - -4.240e+05 32 0 WDBNDRY_I 0 1.468e+03 1.952e+03)
|            ( QUESTION18 1 -3.776e+06 9.259e+03 1.633e+04
|                ( - -3.957e+05 13 0 QUESTION14 -1 2.291e+03 1.712e+03)
|                ( - -3.371e+06 103 0 WDBNDRY_E 0 5.139e+03 1.462e+04))))
|    ( QUESTION10 1 -5.088e+06 2.434e+04 2.337e+04
|        ( - -3.001e+06 44 0 QUESTION12 -1 8.108e+03 1.419e+04)
|        ( QUESTION0_2_R 1 -2.062e+06 8.273e+03 9.184e+03
|            ( - -6.380e+05 15 0 WDBNDRY_E 0 3.595e+03 2.903e+03)
|            ( - -1.416e+06 27 0 SILENCE 1 4.833e+03 6.281e+03))))
s>    ( QUESTION0_8_R 1 -1.147e+07 8.497e+04 5.072e+04
s>        ( QUESTION12 -1 -6.295e+06 3.945e+04 2.735e+04
s>            ( QUESTION2_0_L -1 -2.045e+06 1.108e+04 9.066e+03
s>                ( - -3.187e+05 2 0)
s>                ( - -1.716e+06 16 0 QUESTION0_14_R 1 6.939e+03 7.576e+03))
s>            ( QUESTION0_16_R 1 -4.211e+06 1.032e+04 1.828e+04
s>                ( - -4.240e+05 32 0 WDBNDRY_I 0 1.468e+03 1.952e+03)
s>                ( QUESTION18 1 -3.776e+06 9.259e+03 1.633e+04
s>                    ( - -3.957e+05 13 0 QUESTION14 -1 2.291e+03 1.712e+03)
s>                    ( - -3.371e+06 103 0 WDBNDRY_E 0 5.139e+03 1.462e+04))))
s>        ( QUESTION10 1 -5.088e+06 2.434e+04 2.337e+04
s>            ( - -3.001e+06 44 0 QUESTION12 -1 8.108e+03 1.419e+04)
s>            ( QUESTION0_2_R 1 -2.062e+06 8.273e+03 9.184e+03
s>                ( - -6.380e+05 15 0 WDBNDRY_E 0 3.595e+03 2.903e+03)
s>                ( - -1.416e+06 27 0 SILENCE 1 4.833e+03 6.281e+03))))INFO: dtree.c(1315): Comp split 0
INFO: dtree.c(1478): Final simple tree
|( QUESTION10 1 -5.514e+06 2.405e+04 2.532e+04
|    ( QUESTION12 -1 -3.001e+06 8.108e+03 1.419e+04
|        ( - -4.193e+05 4 0 QUESTION0_1_R 1 1.644e+03 1.916e+03)
|        ( QUESTION0_1_R 1 -2.574e+06 5.239e+03 1.227e+04
|            ( - -4.781e+05 19 0 WDBNDRY_E 0 1.381e+03 2.269e+03)
|            ( - -2.091e+06 21 0 WDBNDRY_E 0 1.910e+03 1.000e+04)))
|    ( QUESTION0_2_R 1 -2.489e+06 8.633e+03 1.114e+04
|        ( WDBNDRY_E 0 -6.380e+05 3.595e+03 2.903e+03
|            ( - -4.652e+05 8 0 QUESTION0 -1 2.772e+02 2.161e+03)
|            ( - -1.692e+05 7 0 QUESTION13 -1 8.029e+02 7.420e+02))
|        ( SILENCE 1 -1.842e+06 5.034e+03 8.233e+03
|            ( - -7.079e+05 3 0)
|            ( QUESTION13 1 -1.129e+06 2.434e+03 5.070e+03
|                ( - -4.507e+05 34 0 QUESTION2_17_L -1 1.373e+03 2.048e+03)
|                ( - -6.761e+05 22 0 WDBNDRY_I 0 1.802e+03 3.023e+03)))))
s>    ( QUESTION10 1 -5.514e+06 2.405e+04 2.532e+04
s>        ( QUESTION12 -1 -3.001e+06 8.108e+03 1.419e+04
s>            ( - -4.193e+05 4 0 QUESTION0_1_R 1 1.644e+03 1.916e+03)
s>            ( QUESTION0_1_R 1 -2.574e+06 5.239e+03 1.227e+04
s>                ( - -4.781e+05 19 0 WDBNDRY_E 0 1.381e+03 2.269e+03)
s>                ( - -2.091e+06 21 0 WDBNDRY_E 0 1.910e+03 1.000e+04)))
s>        ( QUESTION0_2_R 1 -2.489e+06 8.633e+03 1.114e+04
s>            ( WDBNDRY_E 0 -6.380e+05 3.595e+03 2.903e+03
s>                ( - -4.652e+05 8 0 QUESTION0 -1 2.772e+02 2.161e+03)
s>                ( - -1.692e+05 7 0 QUESTION13 -1 8.029e+02 7.420e+02))
s>            ( SILENCE 1 -1.842e+06 5.034e+03 8.233e+03
s>                ( - -7.079e+05 3 0)
s>                ( QUESTION13 1 -1.129e+06 2.434e+03 5.070e+03
s>                    ( - -4.507e+05 34 0 QUESTION2_17_L -1 1.373e+03 2.048e+03)
s>                    ( - -6.761e+05 22 0 WDBNDRY_I 0 1.802e+03 3.023e+03)))))INFO: dtree.c(1478): Final simple tree
|( QUESTION12 -1 -5.861e+06 3.893e+04 2.540e+04
|    ( QUESTION2_0_L -1 -2.045e+06 1.108e+04 9.066e+03
|        ( - -3.187e+05 2 0)
|        ( QUESTION0_14_R 1 -1.716e+06 6.939e+03 7.576e+03
|            ( - -1.518e+06 8 0 WDBNDRY_B 0 1.399e+03 6.742e+03)
|            ( - -1.909e+05 8 0 QUESTION16 1 1.771e+03 8.343e+02)))
|    ( QUESTION18 1 -3.776e+06 9.259e+03 1.633e+04
|        ( - -3.957e+05 13 0 QUESTION14 -1 2.291e+03 1.712e+03)
|        ( WDBNDRY_E 0 -3.371e+06 5.139e+03 1.462e+04
|            ( - -7.656e+05 27 0 QUESTION0 -1 1.570e+03 3.365e+03)
|            ( QUESTION2_0_L -1 -2.601e+06 3.599e+03 1.125e+04
|                ( QUESTION0 1 -2.244e+06 2.829e+03 9.730e+03
|                    ( - -2.058e+06 49 0 QUESTION0_9_R 1 2.974e+03 8.924e+03)
|                    ( - -1.840e+05 7 0 QUESTION0_9_R 1 3.937e+02 8.066e+02))
|                ( - -3.526e+05 20 0 QUESTION0 -1 1.272e+03 1.524e+03)))))
s>    ( QUESTION12 -1 -5.861e+06 3.893e+04 2.540e+04
s>        ( QUESTION2_0_L -1 -2.045e+06 1.108e+04 9.066e+03
s>            ( - -3.187e+05 2 0)
s>            ( QUESTION0_14_R 1 -1.716e+06 6.939e+03 7.576e+03
s>                ( - -1.518e+06 8 0 WDBNDRY_B 0 1.399e+03 6.742e+03)
s>                ( - -1.909e+05 8 0 QUESTION16 1 1.771e+03 8.343e+02)))
s>        ( QUESTION18 1 -3.776e+06 9.259e+03 1.633e+04
s>            ( - -3.957e+05 13 0 QUESTION14 -1 2.291e+03 1.712e+03)
s>            ( WDBNDRY_E 0 -3.371e+06 5.139e+03 1.462e+04
s>                ( - -7.656e+05 27 0 QUESTION0 -1 1.570e+03 3.365e+03)
s>                ( QUESTION2_0_L -1 -2.601e+06 3.599e+03 1.125e+04
s>                    ( QUESTION0 1 -2.244e+06 2.829e+03 9.730e+03
s>                        ( - -2.058e+06 49 0 QUESTION0_9_R 1 2.974e+03 8.924e+03)
s>                        ( - -1.840e+05 7 0 QUESTION0_9_R 1 3.937e+02 8.066e+02))
s>                    ( - -3.526e+05 20 0 QUESTION0 -1 1.272e+03 1.524e+03)))))INFO: dtree.c(1315): Comp split 1
INFO: dtree.c(1478): Final simple tree
|( QUESTION18 1 -3.970e+06 1.152e+04 1.717e+04
|    ( QUESTION14 -1 -5.244e+05 2.569e+03 2.274e+03
|        ( - -8.972e+04 2 0 WDBNDRY_B 0 1.200e+02 3.843e+02)
|        ( - -4.321e+05 13 0 WDBNDRY_B 0 7.682e+02 1.890e+03))
|    ( WDBNDRY_E 0 -3.435e+06 5.023e+03 1.489e+04
|        ( - -7.656e+05 27 0 QUESTION0 -1 1.570e+03 3.365e+03)
|        ( QUESTION0 1 -2.664e+06 3.326e+03 1.153e+04
|            ( QUESTION2_0_L -1 -2.409e+06 3.452e+03 1.043e+04
|                ( QUESTION0_9_R 1 -2.058e+06 2.974e+03 8.924e+03
|                    ( - -1.093e+05 2 0)
|                    ( QUESTION2_10_L -1 -1.945e+06 2.022e+03 8.451e+03
|                        ( - -5.171e+04 3 0 WDBNDRY_B 0 6.528e+02 2.470e+02)
|                        ( - -1.891e+06 44 0 QUESTION2_19_L -1 1.637e+03 8.204e+03)))
|                ( - -3.478e+05 17 0 QUESTION0 -1 1.296e+03 1.504e+03))
|            ( - -2.518e+05 16 0 QUESTION12 -1 1.599e+03 1.099e+03))))
s>    ( QUESTION18 1 -3.970e+06 1.152e+04 1.717e+04
s>        ( QUESTION14 -1 -5.244e+05 2.569e+03 2.274e+03
s>            ( - -8.972e+04 2 0 WDBNDRY_B 0 1.200e+02 3.843e+02)
s>            ( - -4.321e+05 13 0 WDBNDRY_B 0 7.682e+02 1.890e+03))
s>        ( WDBNDRY_E 0 -3.435e+06 5.023e+03 1.489e+04
s>            ( - -7.656e+05 27 0 QUESTION0 -1 1.570e+03 3.365e+03)
s>            ( QUESTION0 1 -2.664e+06 3.326e+03 1.153e+04
s>                ( QUESTION2_0_L -1 -2.409e+06 3.452e+03 1.043e+04
s>                    ( QUESTION0_9_R 1 -2.058e+06 2.974e+03 8.924e+03
s>                        ( - -1.093e+05 2 0)
s>                        ( QUESTION2_10_L -1 -1.945e+06 2.022e+03 8.451e+03
s>                            ( - -5.171e+04 3 0 WDBNDRY_B 0 6.528e+02 2.470e+02)
s>                            ( - -1.891e+06 44 0 QUESTION2_19_L -1 1.637e+03 8.204e+03)))
s>                    ( - -3.478e+05 17 0 QUESTION0 -1 1.296e+03 1.504e+03))
s>                ( - -2.518e+05 16 0 QUESTION12 -1 1.599e+03 1.099e+03))))INFO: dtree.c(1439): stop. leaf nodes are specific
INFO: dtree.c(1478): Final simple tree
|( QUESTION2_0_L -1 -1.847e+06 1.069e+04 8.231e+03
|    ( - -3.187e+05 2 0)
|    ( WDBNDRY_B 0 -1.518e+06 1.399e+03 6.742e+03
|        ( - -2.729e+04 3 0)
|        ( - -1.489e+06 5 0)))
s>    ( QUESTION2_0_L -1 -1.847e+06 1.069e+04 8.231e+03
s>        ( - -3.187e+05 2 0)
s>        ( WDBNDRY_B 0 -1.518e+06 1.399e+03 6.742e+03
s>            ( - -2.729e+04 3 0)
s>            ( - -1.489e+06 5 0)))INFO: dtree.c(1315): Comp split 2
INFO: dtree.c(1478): Final simple tree
|( QUESTION0_1_R 1 -2.574e+06 5.239e+03 1.227e+04
|    ( WDBNDRY_E 0 -4.781e+05 1.381e+03 2.269e+03
|        ( QUESTION2_13_L -1 -3.349e+05 4.853e+02 1.569e+03
|            ( - -7.788e+03 1 0)
|            ( - -3.267e+05 12 0))
|        ( QUESTION0 -1 -1.418e+05 3.226e+02 6.992e+02
|            ( - -1.310e+05 5 0)
|            ( - -1.048e+04 1 0)))
|    ( WDBNDRY_E 0 -2.091e+06 1.910e+03 1.000e+04
|        ( QUESTION2_13_L -1 -6.746e+05 3.215e+02 3.255e+03
|            ( - -7.883e+03 2 0 QUESTION0 -1 2.089e+02 3.601e+01)
|            ( - -6.664e+05 11 0))
|        ( QUESTION0 -1 -1.414e+06 3.701e+02 6.746e+03
|            ( - -1.390e+06 6 0)
|            ( - -2.390e+04 2 0))))
s>    ( QUESTION0_1_R 1 -2.574e+06 5.239e+03 1.227e+04
s>        ( WDBNDRY_E 0 -4.781e+05 1.381e+03 2.269e+03
s>            ( QUESTION2_13_L -1 -3.349e+05 4.853e+02 1.569e+03
s>                ( - -7.788e+03 1 0)
s>                ( - -3.267e+05 12 0))
s>            ( QUESTION0 -1 -1.418e+05 3.226e+02 6.992e+02
s>                ( - -1.310e+05 5 0)
s>                ( - -1.048e+04 1 0)))
s>        ( WDBNDRY_E 0 -2.091e+06 1.910e+03 1.000e+04
s>            ( QUESTION2_13_L -1 -6.746e+05 3.215e+02 3.255e+03
s>                ( - -7.883e+03 2 0 QUESTION0 -1 2.089e+02 3.601e+01)
s>                ( - -6.664e+05 11 0))
s>            ( QUESTION0 -1 -1.414e+06 3.701e+02 6.746e+03
s>                ( - -1.390e+06 6 0)
s>                ( - -2.390e+04 2 0))))INFO: dtree.c(1478): Final simple tree
|( QUESTION0_4_R 1 -2.913e+06 9.112e+03 1.305e+04
|    ( WDBNDRY_E 0 -6.380e+05 3.595e+03 2.903e+03
|        ( - -4.652e+05 8 0 QUESTION0 -1 2.772e+02 2.161e+03)
|        ( - -1.692e+05 7 0 QUESTION13 -1 8.029e+02 7.420e+02))
|    ( QUESTION11 1 -2.266e+06 5.324e+03 1.015e+04
|        ( QUESTION12 1 -1.087e+06 2.463e+03 4.875e+03
|            ( WDBNDRY_I 0 -6.341e+05 2.007e+03 2.827e+03
|                ( - -2.522e+05 9 0 QUESTION12 -1 8.265e+02 1.152e+03)
|                ( - -3.799e+05 9 0 WDBNDRY_B 0 2.353e+02 1.675e+03))
|            ( - -4.507e+05 34 0 QUESTION2_17_L -1 1.373e+03 2.048e+03))
|        ( SILENCE 1 -1.173e+06 3.712e+03 5.274e+03
|            ( - -7.079e+05 3 0)
|            ( QUESTION0_1_R 1 -4.616e+05 1.571e+03 2.112e+03
|                ( - -3.653e+04 1 0)
|                ( - -4.235e+05 7 0 QUESTION0_0_R 1 9.718e+02 1.944e+03)))))
s>    ( QUESTION0_4_R 1 -2.913e+06 9.112e+03 1.305e+04
s>        ( WDBNDRY_E 0 -6.380e+05 3.595e+03 2.903e+03
s>            ( - -4.652e+05 8 0 QUESTION0 -1 2.772e+02 2.161e+03)
s>            ( - -1.692e+05 7 0 QUESTION13 -1 8.029e+02 7.420e+02))
s>        ( QUESTION11 1 -2.266e+06 5.324e+03 1.015e+04
s>            ( QUESTION12 1 -1.087e+06 2.463e+03 4.875e+03
s>                ( WDBNDRY_I 0 -6.341e+05 2.007e+03 2.827e+03
s>                    ( - -2.522e+05 9 0 QUESTION12 -1 8.265e+02 1.152e+03)
s>                    ( - -3.799e+05 9 0 WDBNDRY_B 0 2.353e+02 1.675e+03))
s>                ( - -4.507e+05 34 0 QUESTION2_17_L -1 1.373e+03 2.048e+03))
s>            ( SILENCE 1 -1.173e+06 3.712e+03 5.274e+03
s>                ( - -7.079e+05 3 0)
s>                ( QUESTION0_1_R 1 -4.616e+05 1.571e+03 2.112e+03
s>                    ( - -3.653e+04 1 0)
s>                    ( - -4.235e+05 7 0 QUESTION0_0_R 1 9.718e+02 1.944e+03)))))INFO: dtree.c(1315): Comp split 3
INFO: dtree.c(1478): Final simple tree
|( WDBNDRY_E 0 -3.435e+06 5.023e+03 1.489e+04
|    ( - -7.656e+05 27 0 QUESTION0 -1 1.570e+03 3.365e+03)
|    ( QUESTION0 1 -2.664e+06 3.326e+03 1.153e+04
|        ( QUESTION2_0_L -1 -2.409e+06 3.452e+03 1.043e+04
|            ( QUESTION0_9_R 1 -2.058e+06 2.974e+03 8.924e+03
|                ( - -1.093e+05 2 0)
|                ( QUESTION2_10_L -1 -1.945e+06 2.022e+03 8.451e+03
|                    ( - -5.171e+04 3 0 WDBNDRY_B 0 6.528e+02 2.470e+02)
|                    ( QUESTION2_19_L -1 -1.891e+06 1.637e+03 8.204e+03
|                        ( - -1.690e+06 27 0 WDBNDRY_B 0 6.725e+02 7.338e+03)
|                        ( - -2.003e+05 17 0 WDBNDRY_B 0 6.309e+02 8.655e+02))))
|            ( - -3.478e+05 17 0 QUESTION0 -1 1.296e+03 1.504e+03))
|        ( QUESTION12 -1 -2.518e+05 1.599e+03 1.099e+03
|            ( - -6.147e+04 6 0 QUESTION0_9_R 1 5.743e+02 2.721e+02)
|            ( - -1.887e+05 10 0 QUESTION0_9_R 1 4.634e+02 8.266e+02))))
s>    ( WDBNDRY_E 0 -3.435e+06 5.023e+03 1.489e+04
s>        ( - -7.656e+05 27 0 QUESTION0 -1 1.570e+03 3.365e+03)
s>        ( QUESTION0 1 -2.664e+06 3.326e+03 1.153e+04
s>            ( QUESTION2_0_L -1 -2.409e+06 3.452e+03 1.043e+04
s>                ( QUESTION0_9_R 1 -2.058e+06 2.974e+03 8.924e+03
s>                    ( - -1.093e+05 2 0)
s>                    ( QUESTION2_10_L -1 -1.945e+06 2.022e+03 8.451e+03
s>                        ( - -5.171e+04 3 0 WDBNDRY_B 0 6.528e+02 2.470e+02)
s>                        ( QUESTION2_19_L -1 -1.891e+06 1.637e+03 8.204e+03
s>                            ( - -1.690e+06 27 0 WDBNDRY_B 0 6.725e+02 7.338e+03)
s>                            ( - -2.003e+05 17 0 WDBNDRY_B 0 6.309e+02 8.655e+02))))
s>                ( - -3.478e+05 17 0 QUESTION0 -1 1.296e+03 1.504e+03))
s>            ( QUESTION12 -1 -2.518e+05 1.599e+03 1.099e+03
s>                ( - -6.147e+04 6 0 QUESTION0_9_R 1 5.743e+02 2.721e+02)
s>                ( - -1.887e+05 10 0 QUESTION0_9_R 1 4.634e+02 8.266e+02))))INFO: dtree.c(1478): Final simple tree
|( QUESTION14 -1 -5.244e+05 2.569e+03 2.274e+03
|    ( - -8.972e+04 2 0 WDBNDRY_B 0 1.200e+02 3.843e+02)
|    ( WDBNDRY_B 0 -4.321e+05 7.682e+02 1.890e+03
|        ( - -1.336e+04 1 0)
|        ( QUESTION2_13_L -1 -4.179e+05 6.548e+02 1.828e+03
|            ( - -3.060e+04 3 0 QUESTION0 -1 2.962e+02 1.343e+02)
|            ( QUESTION2_0_L -1 -3.867e+05 5.630e+02 1.694e+03
|                ( WDBNDRY_E 0 -2.425e+05 5.406e+02 1.064e+03
|                    ( - -4.939e+04 2 0)
|                    ( QUESTION0_9_R 1 -1.926e+05 5.042e+02 8.464e+02
|                        ( - -1.677e+05 3 0)
|                        ( - -2.441e+04 1 0)))
|                ( QUESTION0 -1 -1.436e+05 3.137e+02 6.301e+02
|                    ( - -2.698e+04 1 0)
|                    ( - -1.163e+05 2 0 QUESTION12 -1 1.477e+02 5.122e+02))))))
s>    ( QUESTION14 -1 -5.244e+05 2.569e+03 2.274e+03
s>        ( - -8.972e+04 2 0 WDBNDRY_B 0 1.200e+02 3.843e+02)
s>        ( WDBNDRY_B 0 -4.321e+05 7.682e+02 1.890e+03
s>            ( - -1.336e+04 1 0)
s>            ( QUESTION2_13_L -1 -4.179e+05 6.548e+02 1.828e+03
s>                ( - -3.060e+04 3 0 QUESTION0 -1 2.962e+02 1.343e+02)
s>                ( QUESTION2_0_L -1 -3.867e+05 5.630e+02 1.694e+03
s>                    ( WDBNDRY_E 0 -2.425e+05 5.406e+02 1.064e+03
s>                        ( - -4.939e+04 2 0)
s>                        ( QUESTION0_9_R 1 -1.926e+05 5.042e+02 8.464e+02
s>                            ( - -1.677e+05 3 0)
s>                            ( - -2.441e+04 1 0)))
s>                    ( QUESTION0 -1 -1.436e+05 3.137e+02 6.301e+02
s>                        ( - -2.698e+04 1 0)
s>                        ( - -1.163e+05 2 0 QUESTION12 -1 1.477e+02 5.122e+02))))))INFO: dtree.c(1315): Comp split 4
INFO: dtree.c(1439): stop. leaf nodes are specific
INFO: dtree.c(1478): Final simple tree
|( WDBNDRY_B 0 -1.518e+06 1.399e+03 6.742e+03
|    ( - -2.729e+04 3 0)
|    ( - -1.489e+06 5 0))
s>    ( WDBNDRY_B 0 -1.518e+06 1.399e+03 6.742e+03
s>        ( - -2.729e+04 3 0)
s>        ( - -1.489e+06 5 0))INFO: dtree.c(1315): Comp split 5
INFO: dtree.c(1478): Final simple tree
|( QUESTION11 1 -2.266e+06 5.324e+03 1.015e+04
|    ( QUESTION12 1 -1.087e+06 2.463e+03 4.875e+03
|        ( WDBNDRY_I 0 -6.341e+05 2.007e+03 2.827e+03
|            ( - -2.522e+05 9 0 QUESTION12 -1 8.265e+02 1.152e+03)
|            ( - -3.799e+05 9 0 WDBNDRY_B 0 2.353e+02 1.675e+03))
|        ( QUESTION2_17_L -1 -4.507e+05 1.373e+03 2.048e+03
|            ( - -1.526e+04 3 0 WDBNDRY_B 0 1.398e+02 6.601e+01)
|            ( WDBNDRY_I 0 -4.340e+05 1.265e+03 1.982e+03
|                ( - -1.374e+05 11 0 QUESTION0_0_R 1 8.995e+02 6.189e+02)
|                ( - -2.954e+05 20 0 QUESTION2 -1 9.738e+02 1.363e+03))))
|    ( SILENCE 1 -1.173e+06 3.712e+03 5.274e+03
|        ( - -7.079e+05 3 0)
|        ( QUESTION0_1_R 1 -4.616e+05 1.571e+03 2.112e+03
|            ( - -3.653e+04 1 0)
|            ( - -4.235e+05 7 0 QUESTION0_0_R 1 9.718e+02 1.944e+03))))
s>    ( QUESTION11 1 -2.266e+06 5.324e+03 1.015e+04
s>        ( QUESTION12 1 -1.087e+06 2.463e+03 4.875e+03
s>            ( WDBNDRY_I 0 -6.341e+05 2.007e+03 2.827e+03
s>                ( - -2.522e+05 9 0 QUESTION12 -1 8.265e+02 1.152e+03)
s>                ( - -3.799e+05 9 0 WDBNDRY_B 0 2.353e+02 1.675e+03))
s>            ( QUESTION2_17_L -1 -4.507e+05 1.373e+03 2.048e+03
s>                ( - -1.526e+04 3 0 WDBNDRY_B 0 1.398e+02 6.601e+01)
s>                ( WDBNDRY_I 0 -4.340e+05 1.265e+03 1.982e+03
s>                    ( - -1.374e+05 11 0 QUESTION0_0_R 1 8.995e+02 6.189e+02)
s>                    ( - -2.954e+05 20 0 QUESTION2 -1 9.738e+02 1.363e+03))))
s>        ( SILENCE 1 -1.173e+06 3.712e+03 5.274e+03
s>            ( - -7.079e+05 3 0)
s>            ( QUESTION0_1_R 1 -4.616e+05 1.571e+03 2.112e+03
s>                ( - -3.653e+04 1 0)
s>                ( - -4.235e+05 7 0 QUESTION0_0_R 1 9.718e+02 1.944e+03))))INFO: dtree.c(1478): Final simple tree
|( WDBNDRY_E 0 -6.380e+05 3.595e+03 2.903e+03
|    ( QUESTION0 -1 -4.652e+05 2.772e+02 2.161e+03
|        ( QUESTION0_5_R 1 -4.561e+05 1.744e+02 2.121e+03
|            ( QUESTION0_6_R 1 -4.526e+05 1.651e+02 2.104e+03
|                ( - -4.516e+05 4 0)
|                ( - -8.529e+02 2 0))
|            ( - -3.355e+03 1 0))
|        ( - -8.734e+03 1 0))
|    ( QUESTION13 -1 -1.692e+05 8.029e+02 7.420e+02
|        ( - -3.789e+04 2 0 QUESTION0_5_R 1 1.242e+02 1.663e+02)
|        ( QUESTION0 -1 -1.305e+05 4.038e+02 5.757e+02
|            ( QUESTION0_5_R 1 -1.120e+05 1.989e+02 4.964e+02
|                ( - -1.053e+05 2 0)
|                ( - -6.444e+03 2 0))
|            ( - -1.814e+04 1 0))))
s>    ( WDBNDRY_E 0 -6.380e+05 3.595e+03 2.903e+03
s>        ( QUESTION0 -1 -4.652e+05 2.772e+02 2.161e+03
s>            ( QUESTION0_5_R 1 -4.561e+05 1.744e+02 2.121e+03
s>                ( QUESTION0_6_R 1 -4.526e+05 1.651e+02 2.104e+03
s>                    ( - -4.516e+05 4 0)
s>                    ( - -8.529e+02 2 0))
s>                ( - -3.355e+03 1 0))
s>            ( - -8.734e+03 1 0))
s>        ( QUESTION13 -1 -1.692e+05 8.029e+02 7.420e+02
s>            ( - -3.789e+04 2 0 QUESTION0_5_R 1 1.242e+02 1.663e+02)
s>            ( QUESTION0 -1 -1.305e+05 4.038e+02 5.757e+02
s>                ( QUESTION0_5_R 1 -1.120e+05 1.989e+02 4.964e+02
s>                    ( - -1.053e+05 2 0)
s>                    ( - -6.444e+03 2 0))
s>                ( - -1.814e+04 1 0))))INFO: dtree.c(1315): Comp split 6
INFO: dtree.c(1478): Final simple tree
|( QUESTION2_19_L -1 -2.355e+06 3.755e+03 1.018e+04
|    ( QUESTION0_9_R 1 -1.802e+06 2.945e+03 7.811e+03
|        ( - -1.093e+05 2 0)
|        ( WDBNDRY_B 0 -1.690e+06 6.725e+02 7.338e+03
|            ( - -1.064e+05 8 0)
|            ( - -1.582e+06 19 0 QUESTION0_14_R 1 5.092e+02 6.868e+03)))
|    ( QUESTION1 -1 -5.493e+05 1.524e+03 2.370e+03
|        ( QUESTION2_9_L -1 -2.730e+05 6.288e+02 1.180e+03
|            ( - -4.616e+04 3 0 WDBNDRY_B 0 2.032e+02 2.015e+02)
|            ( QUESTION2_12_L -1 -2.262e+05 5.553e+02 9.790e+02
|                ( - -1.355e+05 10 0 QUESTION16 -1 2.062e+02 5.863e+02)
|                ( - -9.020e+04 8 0 QUESTION2 -1 2.572e+02 3.927e+02)))
|        ( QUESTION2_20_L -1 -2.747e+05 9.151e+02 1.190e+03
|            ( - -1.540e+05 7 0 WDBNDRY_B 0 1.428e+02 6.717e+02)
|            ( - -1.198e+05 6 0 WDBNDRY_B 0 4.099e+02 5.179e+02))))
s>    ( QUESTION2_19_L -1 -2.355e+06 3.755e+03 1.018e+04
s>        ( QUESTION0_9_R 1 -1.802e+06 2.945e+03 7.811e+03
s>            ( - -1.093e+05 2 0)
s>            ( WDBNDRY_B 0 -1.690e+06 6.725e+02 7.338e+03
s>                ( - -1.064e+05 8 0)
s>                ( - -1.582e+06 19 0 QUESTION0_14_R 1 5.092e+02 6.868e+03)))
s>        ( QUESTION1 -1 -5.493e+05 1.524e+03 2.370e+03
s>            ( QUESTION2_9_L -1 -2.730e+05 6.288e+02 1.180e+03
s>                ( - -4.616e+04 3 0 WDBNDRY_B 0 2.032e+02 2.015e+02)
s>                ( QUESTION2_12_L -1 -2.262e+05 5.553e+02 9.790e+02
s>                    ( - -1.355e+05 10 0 QUESTION16 -1 2.062e+02 5.863e+02)
s>                    ( - -9.020e+04 8 0 QUESTION2 -1 2.572e+02 3.927e+02)))
s>            ( QUESTION2_20_L -1 -2.747e+05 9.151e+02 1.190e+03
s>                ( - -1.540e+05 7 0 WDBNDRY_B 0 1.428e+02 6.717e+02)
s>                ( - -1.198e+05 6 0 WDBNDRY_B 0 4.099e+02 5.179e+02))))INFO: dtree.c(1478): Final simple tree
|( QUESTION13 1 -1.073e+06 3.311e+03 4.710e+03
|    ( QUESTION12 -1 -3.420e+05 1.586e+03 1.495e+03
|        ( QUESTION0_9_R 1 -6.147e+04 5.743e+02 2.721e+02
|            ( - -4.530e+04 2 0 WDBNDRY_B 0 4.259e+02 2.033e+02)
|            ( - -1.559e+04 4 0 QUESTION0_16_R 1 3.707e+02 6.883e+01))
|        ( QUESTION14 1 -2.790e+05 6.529e+02 1.223e+03
|            ( - -3.861e+04 5 0 WDBNDRY_E 0 2.940e+02 1.745e+02)
|            ( QUESTION0_9_R 1 -2.397e+05 5.354e+02 1.049e+03
|                ( - -1.987e+05 5 0 WDBNDRY_E 0 2.765e+02 8.741e+02)
|                ( - -4.049e+04 10 0 QUESTION11 -1 4.412e+02 1.744e+02))))
|    ( QUESTION0 -1 -7.276e+05 2.446e+03 3.215e+03
|        ( - -5.970e+05 14 0 QUESTION0_9_R 1 4.016e+02 2.615e+03)
|        ( WDBNDRY_I 0 -1.282e+05 5.910e+02 6.007e+02
|            ( - -1.539e+04 2 0)
|            ( - -1.122e+05 4 0 WDBNDRY_B 0 4.779e+02 5.289e+02))))
s>    ( QUESTION13 1 -1.073e+06 3.311e+03 4.710e+03
s>        ( QUESTION12 -1 -3.420e+05 1.586e+03 1.495e+03
s>            ( QUESTION0_9_R 1 -6.147e+04 5.743e+02 2.721e+02
s>                ( - -4.530e+04 2 0 WDBNDRY_B 0 4.259e+02 2.033e+02)
s>                ( - -1.559e+04 4 0 QUESTION0_16_R 1 3.707e+02 6.883e+01))
s>            ( QUESTION14 1 -2.790e+05 6.529e+02 1.223e+03
s>                ( - -3.861e+04 5 0 WDBNDRY_E 0 2.940e+02 1.745e+02)
s>                ( QUESTION0_9_R 1 -2.397e+05 5.354e+02 1.049e+03
s>                    ( - -1.987e+05 5 0 WDBNDRY_E 0 2.765e+02 8.741e+02)
s>                    ( - -4.049e+04 10 0 QUESTION11 -1 4.412e+02 1.744e+02))))
s>        ( QUESTION0 -1 -7.276e+05 2.446e+03 3.215e+03
s>            ( - -5.970e+05 14 0 QUESTION0_9_R 1 4.016e+02 2.615e+03)
s>            ( WDBNDRY_I 0 -1.282e+05 5.910e+02 6.007e+02
s>                ( - -1.539e+04 2 0)
s>                ( - -1.122e+05 4 0 WDBNDRY_B 0 4.779e+02 5.289e+02))))INFO: dtree.c(1315): Comp split 7
INFO: dtree.c(1478): Final simple tree
|( QUESTION13 1 -1.125e+06 2.545e+03 5.042e+03
|    ( QUESTION2_17_L -1 -4.507e+05 1.373e+03 2.048e+03
|        ( - -1.526e+04 3 0 WDBNDRY_B 0 1.398e+02 6.601e+01)
|        ( WDBNDRY_I 0 -4.340e+05 1.265e+03 1.982e+03
|            ( QUESTION0_0_R 1 -1.374e+05 8.995e+02 6.189e+02
|                ( - -3.046e+04 3 0)
|                ( - -1.061e+05 8 0 QUESTION14 1 1.863e+02 4.879e+02))
|            ( QUESTION2 -1 -2.954e+05 9.738e+02 1.363e+03
|                ( - -2.075e+04 1 0)
|                ( - -2.736e+05 19 0 QUESTION0_0_R 1 7.669e+02 1.256e+03))))
|    ( WDBNDRY_I 0 -6.722e+05 1.885e+03 2.994e+03
|        ( QUESTION10 1 -2.904e+05 1.699e+03 1.319e+03
|            ( - -3.653e+04 1 0)
|            ( - -2.522e+05 9 0 QUESTION12 -1 8.265e+02 1.152e+03))
|        ( - -3.799e+05 9 0 WDBNDRY_B 0 2.353e+02 1.675e+03)))
s>    ( QUESTION13 1 -1.125e+06 2.545e+03 5.042e+03
s>        ( QUESTION2_17_L -1 -4.507e+05 1.373e+03 2.048e+03
s>            ( - -1.526e+04 3 0 WDBNDRY_B 0 1.398e+02 6.601e+01)
s>            ( WDBNDRY_I 0 -4.340e+05 1.265e+03 1.982e+03
s>                ( QUESTION0_0_R 1 -1.374e+05 8.995e+02 6.189e+02
s>                    ( - -3.046e+04 3 0)
s>                    ( - -1.061e+05 8 0 QUESTION14 1 1.863e+02 4.879e+02))
s>                ( QUESTION2 -1 -2.954e+05 9.738e+02 1.363e+03
s>                    ( - -2.075e+04 1 0)
s>                    ( - -2.736e+05 19 0 QUESTION0_0_R 1 7.669e+02 1.256e+03))))
s>        ( WDBNDRY_I 0 -6.722e+05 1.885e+03 2.994e+03
s>            ( QUESTION10 1 -2.904e+05 1.699e+03 1.319e+03
s>                ( - -3.653e+04 1 0)
s>                ( - -2.522e+05 9 0 QUESTION12 -1 8.265e+02 1.152e+03))
s>            ( - -3.799e+05 9 0 WDBNDRY_B 0 2.353e+02 1.675e+03)))INFO: dtree.c(1439): stop. leaf nodes are specific
INFO: dtree.c(1478): Final simple tree
|( SILENCE 1 -1.135e+06 3.443e+03 5.107e+03
|    ( - -7.079e+05 3 0)
|    ( QUESTION0_0_R 1 -4.235e+05 9.718e+02 1.944e+03
|        ( - -3.812e+05 3 0)
|        ( WDBNDRY_E 0 -4.139e+04 7.011e+02 1.957e+02
|            ( QUESTION2_13_L -1 -3.497e+04 2.461e+02 1.697e+02
|                ( - -8.940e+03 1 0)
|                ( - -2.578e+04 1 0))
|            ( QUESTION0 -1 -5.724e+03 1.664e+02 2.600e+01
|                ( - -3.142e+03 1 0)
|                ( - -2.416e+03 1 0)))))
s>    ( SILENCE 1 -1.135e+06 3.443e+03 5.107e+03
s>        ( - -7.079e+05 3 0)
s>        ( QUESTION0_0_R 1 -4.235e+05 9.718e+02 1.944e+03
s>            ( - -3.812e+05 3 0)
s>            ( WDBNDRY_E 0 -4.139e+04 7.011e+02 1.957e+02
s>                ( QUESTION2_13_L -1 -3.497e+04 2.461e+02 1.697e+02
s>                    ( - -8.940e+03 1 0)
s>                    ( - -2.578e+04 1 0))
s>                ( QUESTION0 -1 -5.724e+03 1.664e+02 2.600e+01
s>                    ( - -3.142e+03 1 0)
s>                    ( - -2.416e+03 1 0)))))INFO: dtree.c(1315): Comp split 8
INFO: dtree.c(1439): stop. leaf nodes are specific
INFO: dtree.c(1478): Final simple tree
|( WDBNDRY_E 0 -2.091e+06 1.910e+03 1.000e+04
|    ( QUESTION2_13_L -1 -6.746e+05 3.215e+02 3.255e+03
|        ( QUESTION0 -1 -7.883e+03 2.089e+02 3.601e+01
|            ( - -7.428e+03 1 0)
|            ( - -2.463e+02 1 0))
|        ( - -6.664e+05 11 0))
|    ( QUESTION0 -1 -1.414e+06 3.701e+02 6.746e+03
|        ( - -1.390e+06 6 0)
|        ( - -2.390e+04 2 0)))
s>    ( WDBNDRY_E 0 -2.091e+06 1.910e+03 1.000e+04
s>        ( QUESTION2_13_L -1 -6.746e+05 3.215e+02 3.255e+03
s>            ( QUESTION0 -1 -7.883e+03 2.089e+02 3.601e+01
s>                ( - -7.428e+03 1 0)
s>                ( - -2.463e+02 1 0))
s>            ( - -6.664e+05 11 0))
s>        ( QUESTION0 -1 -1.414e+06 3.701e+02 6.746e+03
s>            ( - -1.390e+06 6 0)
s>            ( - -2.390e+04 2 0)))INFO: dtree.c(1439): stop. leaf nodes are specific
INFO: dtree.c(1478): Final simple tree
|( WDBNDRY_E 0 -4.781e+05 1.381e+03 2.269e+03
|    ( QUESTION2_13_L -1 -3.349e+05 4.853e+02 1.569e+03
|        ( - -7.788e+03 1 0)
|        ( - -3.267e+05 12 0))
|    ( QUESTION0 -1 -1.418e+05 3.226e+02 6.992e+02
|        ( - -1.310e+05 5 0)
|        ( - -1.048e+04 1 0)))
s>    ( WDBNDRY_E 0 -4.781e+05 1.381e+03 2.269e+03
s>        ( QUESTION2_13_L -1 -3.349e+05 4.853e+02 1.569e+03
s>            ( - -7.788e+03 1 0)
s>            ( - -3.267e+05 12 0))
s>        ( QUESTION0 -1 -1.418e+05 3.226e+02 6.992e+02
s>            ( - -1.310e+05 5 0)
s>            ( - -1.048e+04 1 0)))INFO: dtree.c(1315): Comp split 9
INFO: dtree.c(1439): stop. leaf nodes are specific
INFO: dtree.c(1478): Final simple tree
|( WDBNDRY_B 0 -1.737e+06 1.108e+03 7.540e+03
|    ( QUESTION0 -1 -1.514e+05 6.016e+02 6.649e+02
|        ( - -1.064e+05 8 0)
|        ( - -4.441e+04 2 0))
|    ( QUESTION0_14_R 1 -1.584e+06 5.095e+02 6.875e+03
|        ( QUESTION0 -1 -1.578e+06 1.720e+02 6.846e+03
|            ( - -1.576e+06 18 0)
|            ( - -1.553e+03 1 0))
|        ( - -5.700e+03 1 0)))
s>    ( WDBNDRY_B 0 -1.737e+06 1.108e+03 7.540e+03
s>        ( QUESTION0 -1 -1.514e+05 6.016e+02 6.649e+02
s>            ( - -1.064e+05 8 0)
s>            ( - -4.441e+04 2 0))
s>        ( QUESTION0_14_R 1 -1.584e+06 5.095e+02 6.875e+03
s>            ( QUESTION0 -1 -1.578e+06 1.720e+02 6.846e+03
s>                ( - -1.576e+06 18 0)
s>                ( - -1.553e+03 1 0))
s>            ( - -5.700e+03 1 0)))INFO: dtree.c(1478): Final simple tree
|( QUESTION0_9_R 1 -6.136e+05 2.168e+03 2.642e+03
|    ( - -1.093e+05 2 0)
|    ( QUESTION0 -1 -5.021e+05 1.275e+03 2.169e+03
|        ( QUESTION2_0_L -1 -1.641e+05 5.017e+02 7.142e+02
|            ( WDBNDRY_B 0 -9.543e+03 2.925e+02 4.250e+01
|                ( - -4.371e+03 1 0)
|                ( - -4.880e+03 1 0))
|            ( - -1.540e+05 7 0 WDBNDRY_B 0 1.428e+02 6.717e+02))
|        ( SILENCE -1 -3.368e+05 6.544e+02 1.454e+03
|            ( - -1.099e+05 4 0)
|            ( QUESTION2_12_L -1 -2.262e+05 5.553e+02 9.790e+02
|                ( - -1.355e+05 10 0 QUESTION16 -1 2.062e+02 5.863e+02)
|                ( QUESTION2 -1 -9.020e+04 2.572e+02 3.927e+02
|                    ( - -6.814e+03 1 0)
|                    ( - -8.313e+04 7 0 QUESTION14 -1 1.682e+02 3.624e+02))))))
s>    ( QUESTION0_9_R 1 -6.136e+05 2.168e+03 2.642e+03
s>        ( - -1.093e+05 2 0)
s>        ( QUESTION0 -1 -5.021e+05 1.275e+03 2.169e+03
s>            ( QUESTION2_0_L -1 -1.641e+05 5.017e+02 7.142e+02
s>                ( WDBNDRY_B 0 -9.543e+03 2.925e+02 4.250e+01
s>                    ( - -4.371e+03 1 0)
s>                    ( - -4.880e+03 1 0))
s>                ( - -1.540e+05 7 0 WDBNDRY_B 0 1.428e+02 6.717e+02))
s>            ( SILENCE -1 -3.368e+05 6.544e+02 1.454e+03
s>                ( - -1.099e+05 4 0)
s>                ( QUESTION2_12_L -1 -2.262e+05 5.553e+02 9.790e+02
s>                    ( - -1.355e+05 10 0 QUESTION16 -1 2.062e+02 5.863e+02)
s>                    ( QUESTION2 -1 -9.020e+04 2.572e+02 3.927e+02
s>                        ( - -6.814e+03 1 0)
s>                        ( - -8.313e+04 7 0 QUESTION14 -1 1.682e+02 3.624e+02))))))INFO: dtree.c(1315): Comp split 10
INFO: dtree.c(1439): stop. leaf nodes are specific
INFO: dtree.c(1478): Final simple tree
|( QUESTION0_5_R 1 -4.551e+05 1.743e+02 2.117e+03
|    ( - -4.516e+05 4 0)
|    ( - -3.355e+03 1 0))
s>    ( QUESTION0_5_R 1 -4.551e+05 1.743e+02 2.117e+03
s>        ( - -4.516e+05 4 0)
s>        ( - -3.355e+03 1 0))INFO: dtree.c(1439): stop. leaf nodes are specific
INFO: dtree.c(1478): Final simple tree
|( QUESTION13 -1 -1.792e+05 6.975e+02 7.861e+02
|    ( WDBNDRY_E 0 -4.697e+04 3.399e+02 2.064e+02
|        ( - -8.734e+03 1 0)
|        ( QUESTION0_5_R 1 -3.789e+04 1.242e+02 1.663e+02
|            ( - -3.583e+04 1 0)
|            ( - -1.940e+03 1 0)))
|    ( QUESTION0 -1 -1.315e+05 4.022e+02 5.797e+02
|        ( QUESTION0_6_R 1 -1.130e+05 2.001e+02 5.004e+02
|            ( - -1.053e+05 2 0)
|            ( WDBNDRY_E 0 -7.409e+03 1.127e+02 3.170e+01
|                ( - -8.529e+02 2 0)
|                ( - -6.444e+03 2 0)))
|        ( - -1.814e+04 1 0)))
s>    ( QUESTION13 -1 -1.792e+05 6.975e+02 7.861e+02
s>        ( WDBNDRY_E 0 -4.697e+04 3.399e+02 2.064e+02
s>            ( - -8.734e+03 1 0)
s>            ( QUESTION0_5_R 1 -3.789e+04 1.242e+02 1.663e+02
s>                ( - -3.583e+04 1 0)
s>                ( - -1.940e+03 1 0)))
s>        ( QUESTION0 -1 -1.315e+05 4.022e+02 5.797e+02
s>            ( QUESTION0_6_R 1 -1.130e+05 2.001e+02 5.004e+02
s>                ( - -1.053e+05 2 0)
s>                ( WDBNDRY_E 0 -7.409e+03 1.127e+02 3.170e+01
s>                    ( - -8.529e+02 2 0)
s>                    ( - -6.444e+03 2 0)))
s>            ( - -1.814e+04 1 0)))INFO: dtree.c(1315): Comp split 11
INFO: dtree.c(1439): stop. leaf nodes are specific
INFO: dtree.c(1478): Final simple tree
|( WDBNDRY_E 0 -4.171e+05 9.722e+02 1.918e+03
|    ( QUESTION2_13_L -1 -3.497e+04 2.461e+02 1.697e+02
|        ( - -8.940e+03 1 0)
|        ( - -2.578e+04 1 0))
|    ( - -3.812e+05 3 0))
s>    ( WDBNDRY_E 0 -4.171e+05 9.722e+02 1.918e+03
s>        ( QUESTION2_13_L -1 -3.497e+04 2.461e+02 1.697e+02
s>            ( - -8.940e+03 1 0)
s>            ( - -2.578e+04 1 0))
s>        ( - -3.812e+05 3 0))INFO: dtree.c(1439): stop. leaf nodes are specific
INFO: dtree.c(1478): Final simple tree
|( WDBNDRY_E 0 -7.141e+05 4.630e+02 3.188e+03
|    ( - -7.079e+05 3 0)
|    ( QUESTION0 -1 -5.724e+03 1.664e+02 2.600e+01
|        ( - -3.142e+03 1 0)
|        ( - -2.416e+03 1 0)))
s>    ( WDBNDRY_E 0 -7.141e+05 4.630e+02 3.188e+03
s>        ( - -7.079e+05 3 0)
s>        ( QUESTION0 -1 -5.724e+03 1.664e+02 2.600e+01
s>            ( - -3.142e+03 1 0)
s>            ( - -2.416e+03 1 0)))INFO: dtree.c(1315): Comp split 12
INFO: dtree.c(1478): Final simple tree
|( QUESTION0 -1 -7.436e+05 2.319e+03 3.284e+03
|    ( QUESTION0_9_R 1 -5.970e+05 4.016e+02 2.615e+03
|        ( - -1.452e+04 2 0)
|        ( - -5.820e+05 12 0 QUESTION0_20_R 1 1.266e+02 2.552e+03))
|    ( WDBNDRY_I 0 -1.443e+05 7.897e+02 6.695e+02
|        ( QUESTION0_16_R 1 -2.659e+04 2.662e+02 1.211e+02
|            ( - -8.756e+03 1 0)
|            ( - -1.757e+04 3 0 QUESTION0_14_R 1 1.887e+02 8.079e+01))
|        ( QUESTION10 -1 -1.169e+05 5.064e+02 5.484e+02
|            ( - -3.567e+04 1 0)
|            ( QUESTION12 1 -8.072e+04 4.678e+02 3.732e+02
|                ( - 2.417e+02 1 0)
|                ( WDBNDRY_B 0 -8.049e+04 2.903e+02 3.722e+02
|                    ( - -4.340e+03 2 0 QUESTION0_16_R 1 1.857e+02 1.952e+01)
|                    ( - -7.586e+04 2 0))))))
s>    ( QUESTION0 -1 -7.436e+05 2.319e+03 3.284e+03
s>        ( QUESTION0_9_R 1 -5.970e+05 4.016e+02 2.615e+03
s>            ( - -1.452e+04 2 0)
s>            ( - -5.820e+05 12 0 QUESTION0_20_R 1 1.266e+02 2.552e+03))
s>        ( WDBNDRY_I 0 -1.443e+05 7.897e+02 6.695e+02
s>            ( QUESTION0_16_R 1 -2.659e+04 2.662e+02 1.211e+02
s>                ( - -8.756e+03 1 0)
s>                ( - -1.757e+04 3 0 QUESTION0_14_R 1 1.887e+02 8.079e+01))
s>            ( QUESTION10 -1 -1.169e+05 5.064e+02 5.484e+02
s>                ( - -3.567e+04 1 0)
s>                ( QUESTION12 1 -8.072e+04 4.678e+02 3.732e+02
s>                    ( - 2.417e+02 1 0)
s>                    ( WDBNDRY_B 0 -8.049e+04 2.903e+02 3.722e+02
s>                        ( - -4.340e+03 2 0 QUESTION0_16_R 1 1.857e+02 1.952e+01)
s>                        ( - -7.586e+04 2 0))))))INFO: dtree.c(1478): Final simple tree
|( QUESTION12 -1 -3.260e+05 1.774e+03 1.426e+03
|    ( WDBNDRY_B 0 -4.530e+04 4.259e+02 2.033e+02
|        ( - -5.879e+03 1 0)
|        ( - -3.900e+04 1 0))
|    ( QUESTION14 1 -2.790e+05 6.529e+02 1.223e+03
|        ( WDBNDRY_E 0 -3.861e+04 2.940e+02 1.745e+02
|            ( - -3.547e+04 4 0)
|            ( - -2.850e+03 1 0))
|        ( QUESTION0_9_R 1 -2.397e+05 5.354e+02 1.049e+03
|            ( WDBNDRY_E 0 -1.987e+05 2.765e+02 8.741e+02
|                ( - -4.448e+04 4 0 QUESTION0 -1 2.001e+02 1.972e+02)
|                ( - -1.539e+05 1 0))
|            ( QUESTION11 -1 -4.049e+04 4.412e+02 1.744e+02
|                ( - -1.132e+04 3 0 QUESTION2_0_L -1 1.394e+02 4.912e+01)
|                ( - -2.873e+04 7 0 WDBNDRY_I 0 2.399e+02 1.253e+02)))))
s>    ( QUESTION12 -1 -3.260e+05 1.774e+03 1.426e+03
s>        ( WDBNDRY_B 0 -4.530e+04 4.259e+02 2.033e+02
s>            ( - -5.879e+03 1 0)
s>            ( - -3.900e+04 1 0))
s>        ( QUESTION14 1 -2.790e+05 6.529e+02 1.223e+03
s>            ( WDBNDRY_E 0 -3.861e+04 2.940e+02 1.745e+02
s>                ( - -3.547e+04 4 0)
s>                ( - -2.850e+03 1 0))
s>            ( QUESTION0_9_R 1 -2.397e+05 5.354e+02 1.049e+03
s>                ( WDBNDRY_E 0 -1.987e+05 2.765e+02 8.741e+02
s>                    ( - -4.448e+04 4 0 QUESTION0 -1 2.001e+02 1.972e+02)
s>                    ( - -1.539e+05 1 0))
s>                ( QUESTION11 -1 -4.049e+04 4.412e+02 1.744e+02
s>                    ( - -1.132e+04 3 0 QUESTION2_0_L -1 1.394e+02 4.912e+01)
s>                    ( - -2.873e+04 7 0 WDBNDRY_I 0 2.399e+02 1.253e+02)))))INFO: dtree.c(1315): Comp split 13
INFO: dtree.c(1439): stop. leaf nodes are specific
INFO: dtree.c(1478): Final simple tree
|( QUESTION12 -1 -2.522e+05 8.265e+02 1.152e+03
|    ( - -9.465e+03 2 0)
|    ( QUESTION0 -1 -2.419e+05 2.732e+02 1.103e+03
|        ( - -2.267e+05 5 0)
|        ( - -1.486e+04 2 0)))
s>    ( QUESTION12 -1 -2.522e+05 8.265e+02 1.152e+03
s>        ( - -9.465e+03 2 0)
s>        ( QUESTION0 -1 -2.419e+05 2.732e+02 1.103e+03
s>            ( - -2.267e+05 5 0)
s>            ( - -1.486e+04 2 0)))INFO: dtree.c(1478): Final simple tree
|( QUESTION0_0_R 1 -8.705e+05 2.038e+03 3.890e+03
|    ( QUESTION10 1 -4.866e+05 1.593e+03 2.134e+03
|        ( - -3.653e+04 1 0)
|        ( QUESTION12 1 -4.484e+05 8.487e+02 1.967e+03
|            ( - -3.799e+05 9 0 WDBNDRY_B 0 2.353e+02 1.675e+03)
|            ( - -6.767e+04 6 0 WDBNDRY_I 0 4.212e+02 2.915e+02)))
|    ( WDBNDRY_I 0 -3.819e+05 1.607e+03 1.756e+03
|        ( - -1.104e+05 9 0 QUESTION0 -1 4.169e+02 5.058e+02)
|        ( QUESTION2 -1 -2.699e+05 9.350e+02 1.250e+03
|            ( - -2.075e+04 1 0)
|            ( QUESTION2_15_L -1 -2.483e+05 8.791e+02 1.144e+03
|                ( - -6.222e+03 1 0)
|                ( QUESTION14 1 -2.412e+05 6.166e+02 1.117e+03
|                    ( - -8.863e+04 6 0 WDBNDRY_B 0 3.914e+02 4.114e+02)
|                    ( - -1.519e+05 11 0 QUESTION2_0_L -1 6.607e+02 7.057e+02))))))
s>    ( QUESTION0_0_R 1 -8.705e+05 2.038e+03 3.890e+03
s>        ( QUESTION10 1 -4.866e+05 1.593e+03 2.134e+03
s>            ( - -3.653e+04 1 0)
s>            ( QUESTION12 1 -4.484e+05 8.487e+02 1.967e+03
s>                ( - -3.799e+05 9 0 WDBNDRY_B 0 2.353e+02 1.675e+03)
s>                ( - -6.767e+04 6 0 WDBNDRY_I 0 4.212e+02 2.915e+02)))
s>        ( WDBNDRY_I 0 -3.819e+05 1.607e+03 1.756e+03
s>            ( - -1.104e+05 9 0 QUESTION0 -1 4.169e+02 5.058e+02)
s>            ( QUESTION2 -1 -2.699e+05 9.350e+02 1.250e+03
s>                ( - -2.075e+04 1 0)
s>                ( QUESTION2_15_L -1 -2.483e+05 8.791e+02 1.144e+03
s>                    ( - -6.222e+03 1 0)
s>                    ( QUESTION14 1 -2.412e+05 6.166e+02 1.117e+03
s>                        ( - -8.863e+04 6 0 WDBNDRY_B 0 3.914e+02 4.114e+02)
s>                        ( - -1.519e+05 11 0 QUESTION2_0_L -1 6.607e+02 7.057e+02))))))INFO: dtree.c(1315): Comp split 14
INFO: dtree.c(1439): stop. leaf nodes are specific
INFO: dtree.c(1478): Final simple tree
|( QUESTION2_0_L -1 -3.867e+05 5.630e+02 1.694e+03
|    ( WDBNDRY_E 0 -2.425e+05 5.406e+02 1.064e+03
|        ( - -4.939e+04 2 0)
|        ( QUESTION0_9_R 1 -1.926e+05 5.042e+02 8.464e+02
|            ( - -1.677e+05 3 0)
|            ( - -2.441e+04 1 0)))
|    ( QUESTION0 -1 -1.436e+05 3.137e+02 6.301e+02
|        ( - -2.698e+04 1 0)
|        ( QUESTION12 -1 -1.163e+05 1.477e+02 5.122e+02
|            ( - -1.137e+05 1 0)
|            ( - -2.487e+03 1 0))))
s>    ( QUESTION2_0_L -1 -3.867e+05 5.630e+02 1.694e+03
s>        ( WDBNDRY_E 0 -2.425e+05 5.406e+02 1.064e+03
s>            ( - -4.939e+04 2 0)
s>            ( QUESTION0_9_R 1 -1.926e+05 5.042e+02 8.464e+02
s>                ( - -1.677e+05 3 0)
s>                ( - -2.441e+04 1 0)))
s>        ( QUESTION0 -1 -1.436e+05 3.137e+02 6.301e+02
s>            ( - -2.698e+04 1 0)
s>            ( QUESTION12 -1 -1.163e+05 1.477e+02 5.122e+02
s>                ( - -1.137e+05 1 0)
s>                ( - -2.487e+03 1 0))))INFO: dtree.c(1439): stop. leaf nodes are specific
INFO: dtree.c(1478): Final simple tree
|( QUESTION14 -1 -1.350e+05 7.742e+02 5.806e+02
|    ( WDBNDRY_B 0 -8.972e+04 1.200e+02 3.843e+02
|        ( - -1.566e+03 1 0)
|        ( - -8.804e+04 1 0))
|    ( QUESTION0 -1 -4.450e+04 6.129e+02 1.963e+02
|        ( - -2.315e+04 1 0)
|        ( WDBNDRY_B 0 -2.074e+04 2.226e+02 9.501e+01
|            ( - -1.336e+04 1 0)
|            ( QUESTION17 -1 -7.153e+03 1.524e+02 3.300e+01
|                ( - -7.079e+02 1 0)
|                ( - -6.293e+03 1 0)))))
s>    ( QUESTION14 -1 -1.350e+05 7.742e+02 5.806e+02
s>        ( WDBNDRY_B 0 -8.972e+04 1.200e+02 3.843e+02
s>            ( - -1.566e+03 1 0)
s>            ( - -8.804e+04 1 0))
s>        ( QUESTION0 -1 -4.450e+04 6.129e+02 1.963e+02
s>            ( - -2.315e+04 1 0)
s>            ( WDBNDRY_B 0 -2.074e+04 2.226e+02 9.501e+01
s>                ( - -1.336e+04 1 0)
s>                ( QUESTION17 -1 -7.153e+03 1.524e+02 3.300e+01
s>                    ( - -7.079e+02 1 0)
s>                    ( - -6.293e+03 1 0)))))INFO: dtree.c(1315): Comp split 15
INFO: dtree.c(1478): Final simple tree
|( WDBNDRY_I 0 -6.287e+05 5.951e+02 2.755e+03
|    ( QUESTION0_16_R 1 -2.659e+04 2.662e+02 1.211e+02
|        ( - -8.756e+03 1 0)
|        ( QUESTION0_14_R 1 -1.757e+04 1.887e+02 8.079e+01
|            ( - -1.539e+04 2 0)
|            ( - -1.996e+03 1 0)))
|    ( QUESTION0_9_R 1 -6.015e+05 4.016e+02 2.634e+03
|        ( - -1.452e+04 2 0)
|        ( QUESTION0_16_R 1 -5.866e+05 2.253e+02 2.572e+03
|            ( - -6.798e+02 1 0)
|            ( WDBNDRY_B 0 -5.857e+05 1.601e+02 2.568e+03
|                ( - -3.475e+03 1 0)
|                ( QUESTION0_20_R 1 -5.820e+05 1.266e+02 2.552e+03
|                    ( - -2.026e+03 1 0)
|                    ( - -5.799e+05 11 0 QUESTION0_14_R 1 1.176e+02 2.543e+03))))))
s>    ( WDBNDRY_I 0 -6.287e+05 5.951e+02 2.755e+03
s>        ( QUESTION0_16_R 1 -2.659e+04 2.662e+02 1.211e+02
s>            ( - -8.756e+03 1 0)
s>            ( QUESTION0_14_R 1 -1.757e+04 1.887e+02 8.079e+01
s>                ( - -1.539e+04 2 0)
s>                ( - -1.996e+03 1 0)))
s>        ( QUESTION0_9_R 1 -6.015e+05 4.016e+02 2.634e+03
s>            ( - -1.452e+04 2 0)
s>            ( QUESTION0_16_R 1 -5.866e+05 2.253e+02 2.572e+03
s>                ( - -6.798e+02 1 0)
s>                ( WDBNDRY_B 0 -5.857e+05 1.601e+02 2.568e+03
s>                    ( - -3.475e+03 1 0)
s>                    ( QUESTION0_20_R 1 -5.820e+05 1.266e+02 2.552e+03
s>                        ( - -2.026e+03 1 0)
s>                        ( - -5.799e+05 11 0 QUESTION0_14_R 1 1.176e+02 2.543e+03))))))INFO: dtree.c(1439): stop. leaf nodes are specific
INFO: dtree.c(1478): Final simple tree
|( WDBNDRY_B 0 -1.122e+05 4.779e+02 5.289e+02
|    ( - -3.567e+04 1 0)
|    ( QUESTION0_14_R 1 -7.609e+04 4.684e+02 3.537e+02
|        ( - -7.586e+04 2 0)
|        ( - 2.417e+02 1 0)))
s>    ( WDBNDRY_B 0 -1.122e+05 4.779e+02 5.289e+02
s>        ( - -3.567e+04 1 0)
s>        ( QUESTION0_14_R 1 -7.609e+04 4.684e+02 3.537e+02
s>            ( - -7.586e+04 2 0)
s>            ( - 2.417e+02 1 0)))INFO: dtree.c(1315): Comp split 16
INFO: dtree.c(1478): Final simple tree
|( QUESTION10 1 -4.934e+05 1.624e+03 2.161e+03
|    ( - -3.653e+04 1 0)
|    ( QUESTION12 1 -4.553e+05 1.035e+03 1.994e+03
|        ( WDBNDRY_B 0 -3.799e+05 2.353e+02 1.675e+03
|            ( - -1.657e+03 1 0)
|            ( QUESTION0 -1 -3.780e+05 1.986e+02 1.667e+03
|                ( - -3.775e+05 7 0)
|                ( - -3.021e+02 1 0)))
|        ( QUESTION2_17_L -1 -7.430e+04 6.162e+02 3.185e+02
|            ( WDBNDRY_B 0 -1.116e+04 1.271e+02 4.816e+01
|                ( - -6.222e+03 1 0)
|                ( - -4.813e+03 1 0))
|            ( WDBNDRY_I 0 -6.252e+04 3.520e+02 2.703e+02
|                ( - -3.046e+04 3 0)
|                ( - -3.171e+04 2 0 WDBNDRY_B 0 1.192e+02 1.394e+02)))))
s>    ( QUESTION10 1 -4.934e+05 1.624e+03 2.161e+03
s>        ( - -3.653e+04 1 0)
s>        ( QUESTION12 1 -4.553e+05 1.035e+03 1.994e+03
s>            ( WDBNDRY_B 0 -3.799e+05 2.353e+02 1.675e+03
s>                ( - -1.657e+03 1 0)
s>                ( QUESTION0 -1 -3.780e+05 1.986e+02 1.667e+03
s>                    ( - -3.775e+05 7 0)
s>                    ( - -3.021e+02 1 0)))
s>            ( QUESTION2_17_L -1 -7.430e+04 6.162e+02 3.185e+02
s>                ( WDBNDRY_B 0 -1.116e+04 1.271e+02 4.816e+01
s>                    ( - -6.222e+03 1 0)
s>                    ( - -4.813e+03 1 0))
s>                ( WDBNDRY_I 0 -6.252e+04 3.520e+02 2.703e+02
s>                    ( - -3.046e+04 3 0)
s>                    ( - -3.171e+04 2 0 WDBNDRY_B 0 1.192e+02 1.394e+02)))))INFO: dtree.c(1478): Final simple tree
|( WDBNDRY_I 0 -3.748e+05 1.641e+03 1.729e+03
|    ( QUESTION0 -1 -1.104e+05 4.169e+02 5.058e+02
|        ( - -1.061e+05 8 0 QUESTION14 1 1.863e+02 4.879e+02)
|        ( - -3.917e+03 1 0))
|    ( QUESTION2 -1 -2.628e+05 9.030e+02 1.223e+03
|        ( - -2.075e+04 1 0)
|        ( QUESTION14 1 -2.412e+05 6.166e+02 1.117e+03
|            ( WDBNDRY_B 0 -8.863e+04 3.914e+02 4.114e+02
|                ( - -7.772e+03 2 0)
|                ( - -8.046e+04 4 0 QUESTION0 -1 1.828e+02 3.714e+02))
|            ( QUESTION2_0_L -1 -1.519e+05 6.607e+02 7.057e+02
|                ( QUESTION0 -1 -1.394e+05 5.051e+02 6.538e+02
|                    ( - -1.290e+05 5 0 WDBNDRY_B 0 3.373e+02 6.028e+02)
|                    ( - -9.855e+03 1 0))
|                ( - -1.187e+04 5 0 SILENCE -1 2.230e+02 5.194e+01)))))
s>    ( WDBNDRY_I 0 -3.748e+05 1.641e+03 1.729e+03
s>        ( QUESTION0 -1 -1.104e+05 4.169e+02 5.058e+02
s>            ( - -1.061e+05 8 0 QUESTION14 1 1.863e+02 4.879e+02)
s>            ( - -3.917e+03 1 0))
s>        ( QUESTION2 -1 -2.628e+05 9.030e+02 1.223e+03
s>            ( - -2.075e+04 1 0)
s>            ( QUESTION14 1 -2.412e+05 6.166e+02 1.117e+03
s>                ( WDBNDRY_B 0 -8.863e+04 3.914e+02 4.114e+02
s>                    ( - -7.772e+03 2 0)
s>                    ( - -8.046e+04 4 0 QUESTION0 -1 1.828e+02 3.714e+02))
s>                ( QUESTION2_0_L -1 -1.519e+05 6.607e+02 7.057e+02
s>                    ( QUESTION0 -1 -1.394e+05 5.051e+02 6.538e+02
s>                        ( - -1.290e+05 5 0 WDBNDRY_B 0 3.373e+02 6.028e+02)
s>                        ( - -9.855e+03 1 0))
s>                    ( - -1.187e+04 5 0 SILENCE -1 2.230e+02 5.194e+01)))))INFO: dtree.c(1315): Comp split 17
INFO: dtree.c(1478): Final simple tree
|( QUESTION0 -1 -5.021e+05 1.275e+03 2.169e+03
|    ( QUESTION2_0_L -1 -1.641e+05 5.017e+02 7.142e+02
|        ( WDBNDRY_B 0 -9.543e+03 2.925e+02 4.250e+01
|            ( - -4.371e+03 1 0)
|            ( - -4.880e+03 1 0))
|        ( - -1.540e+05 7 0 WDBNDRY_B 0 1.428e+02 6.717e+02))
|    ( SILENCE -1 -3.368e+05 6.544e+02 1.454e+03
|        ( - -1.099e+05 4 0)
|        ( QUESTION2_12_L -1 -2.262e+05 5.553e+02 9.790e+02
|            ( QUESTION16 -1 -1.355e+05 2.062e+02 5.863e+02
|                ( - -6.230e+03 2 0)
|                ( - -1.291e+05 8 0 WDBNDRY_B 0 1.303e+02 5.593e+02))
|            ( QUESTION2 -1 -9.020e+04 2.572e+02 3.927e+02
|                ( - -6.814e+03 1 0)
|                ( - -8.313e+04 7 0 QUESTION14 -1 1.682e+02 3.624e+02)))))
s>    ( QUESTION0 -1 -5.021e+05 1.275e+03 2.169e+03
s>        ( QUESTION2_0_L -1 -1.641e+05 5.017e+02 7.142e+02
s>            ( WDBNDRY_B 0 -9.543e+03 2.925e+02 4.250e+01
s>                ( - -4.371e+03 1 0)
s>                ( - -4.880e+03 1 0))
s>            ( - -1.540e+05 7 0 WDBNDRY_B 0 1.428e+02 6.717e+02))
s>        ( SILENCE -1 -3.368e+05 6.544e+02 1.454e+03
s>            ( - -1.099e+05 4 0)
s>            ( QUESTION2_12_L -1 -2.262e+05 5.553e+02 9.790e+02
s>                ( QUESTION16 -1 -1.355e+05 2.062e+02 5.863e+02
s>                    ( - -6.230e+03 2 0)
s>                    ( - -1.291e+05 8 0 WDBNDRY_B 0 1.303e+02 5.593e+02))
s>                ( QUESTION2 -1 -9.020e+04 2.572e+02 3.927e+02
s>                    ( - -6.814e+03 1 0)
s>                    ( - -8.313e+04 7 0 QUESTION14 -1 1.682e+02 3.624e+02)))))INFO: dtree.c(1315): Comp split 18
INFO: dtree.c(1478): Final simple tree
|( QUESTION14 1 -2.850e+05 6.520e+02 1.248e+03
|    ( WDBNDRY_E 0 -3.861e+04 2.940e+02 1.745e+02
|        ( - -3.547e+04 4 0)
|        ( - -2.850e+03 1 0))
|    ( QUESTION0_9_R 1 -2.457e+05 5.351e+02 1.074e+03
|        ( WDBNDRY_I 0 -2.047e+05 2.806e+02 8.992e+02
|            ( - -1.539e+05 1 0)
|            ( QUESTION13 -1 -5.051e+04 1.984e+02 2.223e+02
|                ( - -3.212e+02 1 0)
|                ( - -4.999e+04 4 0 WDBNDRY_B 0 1.568e+02 2.203e+02)))
|        ( QUESTION11 -1 -4.049e+04 4.412e+02 1.744e+02
|            ( - -1.132e+04 3 0 QUESTION2_0_L -1 1.394e+02 4.912e+01)
|            ( WDBNDRY_I 0 -2.873e+04 2.399e+02 1.253e+02
|                ( - -7.703e+03 2 0)
|                ( - -2.079e+04 5 0 WDBNDRY_B 0 1.426e+02 8.936e+01)))))
s>    ( QUESTION14 1 -2.850e+05 6.520e+02 1.248e+03
s>        ( WDBNDRY_E 0 -3.861e+04 2.940e+02 1.745e+02
s>            ( - -3.547e+04 4 0)
s>            ( - -2.850e+03 1 0))
s>        ( QUESTION0_9_R 1 -2.457e+05 5.351e+02 1.074e+03
s>            ( WDBNDRY_I 0 -2.047e+05 2.806e+02 8.992e+02
s>                ( - -1.539e+05 1 0)
s>                ( QUESTION13 -1 -5.051e+04 1.984e+02 2.223e+02
s>                    ( - -3.212e+02 1 0)
s>                    ( - -4.999e+04 4 0 WDBNDRY_B 0 1.568e+02 2.203e+02)))
s>            ( QUESTION11 -1 -4.049e+04 4.412e+02 1.744e+02
s>                ( - -1.132e+04 3 0 QUESTION2_0_L -1 1.394e+02 4.912e+01)
s>                ( WDBNDRY_I 0 -2.873e+04 2.399e+02 1.253e+02
s>                    ( - -7.703e+03 2 0)
s>                    ( - -2.079e+04 5 0 WDBNDRY_B 0 1.426e+02 8.936e+01)))))INFO: dtree.c(1315): Comp split 19
INFO: dtree.c(1439): stop. leaf nodes are specific
INFO: dtree.c(1478): Final simple tree
|( WDBNDRY_E 0 -1.398e+06 2.424e+02 6.665e+03
|    ( - -7.428e+03 1 0)
|    ( - -1.390e+06 6 0))
s>    ( WDBNDRY_E 0 -1.398e+06 2.424e+02 6.665e+03
s>        ( - -7.428e+03 1 0)
s>        ( - -1.390e+06 6 0))INFO: dtree.c(1439): stop. leaf nodes are specific
INFO: dtree.c(1478): Final simple tree
|( QUESTION0 -1 -6.911e+05 3.254e+02 3.336e+03
|    ( - -6.664e+05 11 0)
|    ( WDBNDRY_E 0 -2.437e+04 2.207e+02 1.169e+02
|        ( - -2.463e+02 1 0)
|        ( - -2.390e+04 2 0)))
s>    ( QUESTION0 -1 -6.911e+05 3.254e+02 3.336e+03
s>        ( - -6.664e+05 11 0)
s>        ( WDBNDRY_E 0 -2.437e+04 2.207e+02 1.169e+02
s>            ( - -2.463e+02 1 0)
s>            ( - -2.390e+04 2 0)))INFO: dtree.c(1315): Comp split 20
INFO: dtree.c(1439): stop. leaf nodes are specific
INFO: dtree.c(1478): Final simple tree
|( QUESTION0 -1 -1.227e+05 7.720e+02 5.577e+02
|    ( QUESTION14 1 -1.111e+05 1.851e+02 5.111e+02
|        ( - -1.780e+03 3 0)
|        ( WDBNDRY_B 0 -1.092e+05 1.340e+02 5.031e+02
|            ( - -4.945e+03 2 0)
|            ( - -1.041e+05 5 0)))
|    ( SILENCE -1 -1.080e+04 1.611e+02 4.662e+01
|        ( - -4.190e+03 1 0)
|        ( WDBNDRY_B 0 -6.445e+03 1.296e+02 2.885e+01
|            ( QUESTION14 -1 -2.399e+03 1.045e+02 1.100e+01
|                ( - -1.519e+03 1 0)
|                ( - -7.752e+02 1 0))
|            ( - -3.917e+03 1 0))))
s>    ( QUESTION0 -1 -1.227e+05 7.720e+02 5.577e+02
s>        ( QUESTION14 1 -1.111e+05 1.851e+02 5.111e+02
s>            ( - -1.780e+03 3 0)
s>            ( WDBNDRY_B 0 -1.092e+05 1.340e+02 5.031e+02
s>                ( - -4.945e+03 2 0)
s>                ( - -1.041e+05 5 0)))
s>        ( SILENCE -1 -1.080e+04 1.611e+02 4.662e+01
s>            ( - -4.190e+03 1 0)
s>            ( WDBNDRY_B 0 -6.445e+03 1.296e+02 2.885e+01
s>                ( QUESTION14 -1 -2.399e+03 1.045e+02 1.100e+01
s>                    ( - -1.519e+03 1 0)
s>                    ( - -7.752e+02 1 0))
s>                ( - -3.917e+03 1 0))))INFO: dtree.c(1439): stop. leaf nodes are specific
INFO: dtree.c(1478): Final simple tree
|( WDBNDRY_B 0 -2.502e+05 9.608e+02 1.171e+03
|    ( QUESTION2 -1 -8.795e+04 5.519e+02 4.278e+02
|        ( - -2.075e+04 1 0)
|        ( QUESTION0 -1 -6.664e+04 4.226e+02 3.216e+02
|            ( QUESTION14 1 -5.637e+04 2.443e+02 2.707e+02
|                ( - -7.772e+03 2 0)
|                ( - -4.835e+04 2 0))
|            ( - -9.855e+03 1 0)))
|    ( QUESTION14 1 -1.613e+05 5.356e+02 7.435e+02
|        ( QUESTION0 -1 -8.046e+04 1.828e+02 3.714e+02
|            ( - -7.912e+04 3 0)
|            ( - -1.157e+03 1 0))
|        ( - -8.033e+04 3 0)))
s>    ( WDBNDRY_B 0 -2.502e+05 9.608e+02 1.171e+03
s>        ( QUESTION2 -1 -8.795e+04 5.519e+02 4.278e+02
s>            ( - -2.075e+04 1 0)
s>            ( QUESTION0 -1 -6.664e+04 4.226e+02 3.216e+02
s>                ( QUESTION14 1 -5.637e+04 2.443e+02 2.707e+02
s>                    ( - -7.772e+03 2 0)
s>                    ( - -4.835e+04 2 0))
s>                ( - -9.855e+03 1 0)))
s>        ( QUESTION14 1 -1.613e+05 5.356e+02 7.435e+02
s>            ( QUESTION0 -1 -8.046e+04 1.828e+02 3.714e+02
s>                ( - -7.912e+04 3 0)
s>                ( - -1.157e+03 1 0))
s>            ( - -8.033e+04 3 0)))INFO: dtree.c(1315): Comp split 21
INFO: dtree.c(1478): Final simple tree
|( QUESTION12 1 -4.553e+05 1.035e+03 1.994e+03
|    ( WDBNDRY_B 0 -3.799e+05 2.353e+02 1.675e+03
|        ( - -1.657e+03 1 0)
|        ( QUESTION0 -1 -3.780e+05 1.986e+02 1.667e+03
|            ( - -3.775e+05 7 0)
|            ( - -3.021e+02 1 0)))
|    ( QUESTION2_17_L -1 -7.430e+04 6.162e+02 3.185e+02
|        ( WDBNDRY_B 0 -1.116e+04 1.271e+02 4.816e+01
|            ( - -6.222e+03 1 0)
|            ( - -4.813e+03 1 0))
|        ( WDBNDRY_I 0 -6.252e+04 3.520e+02 2.703e+02
|            ( - -3.046e+04 3 0)
|            ( WDBNDRY_B 0 -3.171e+04 1.192e+02 1.394e+02
|                ( - -1.236e+03 1 0)
|                ( - -3.036e+04 1 0)))))
s>    ( QUESTION12 1 -4.553e+05 1.035e+03 1.994e+03
s>        ( WDBNDRY_B 0 -3.799e+05 2.353e+02 1.675e+03
s>            ( - -1.657e+03 1 0)
s>            ( QUESTION0 -1 -3.780e+05 1.986e+02 1.667e+03
s>                ( - -3.775e+05 7 0)
s>                ( - -3.021e+02 1 0)))
s>        ( QUESTION2_17_L -1 -7.430e+04 6.162e+02 3.185e+02
s>            ( WDBNDRY_B 0 -1.116e+04 1.271e+02 4.816e+01
s>                ( - -6.222e+03 1 0)
s>                ( - -4.813e+03 1 0))
s>            ( WDBNDRY_I 0 -6.252e+04 3.520e+02 2.703e+02
s>                ( - -3.046e+04 3 0)
s>                ( WDBNDRY_B 0 -3.171e+04 1.192e+02 1.394e+02
s>                    ( - -1.236e+03 1 0)
s>                    ( - -3.036e+04 1 0)))))INFO: dtree.c(1315): Comp split 22
INFO: dtree.c(1439): stop. leaf nodes are specific
INFO: dtree.c(1478): Final simple tree
|( WDBNDRY_B 0 -1.540e+05 1.428e+02 6.717e+02
|    ( - -1.516e+05 5 0)
|    ( - -2.310e+03 2 0))
s>    ( WDBNDRY_B 0 -1.540e+05 1.428e+02 6.717e+02
s>        ( - -1.516e+05 5 0)
s>        ( - -2.310e+03 2 0))INFO: dtree.c(1478): Final simple tree
|( SILENCE -1 -3.466e+05 6.786e+02 1.497e+03
|    ( - -1.099e+05 4 0)
|    ( WDBNDRY_B 0 -2.360e+05 5.802e+02 1.021e+03
|        ( QUESTION9 -1 -9.659e+04 2.732e+02 4.207e+02
|            ( QUESTION14 -1 -8.500e+04 1.912e+02 3.704e+02
|                ( - -7.355e+04 4 0)
|                ( - -1.127e+04 5 0 QUESTION2_12_L -1 1.181e+02 4.925e+01))
|            ( QUESTION0 -1 -1.132e+04 1.309e+02 5.028e+01
|                ( - -4.371e+03 1 0)
|                ( - -6.814e+03 1 0)))
|        ( QUESTION0 -1 -1.388e+05 3.383e+02 6.008e+02
|            ( - -4.880e+03 1 0)
|            ( QUESTION16 -1 -1.336e+05 2.062e+02 5.783e+02
|                ( - -6.230e+03 2 0)
|                ( - -1.272e+05 6 0 QUESTION14 -1 1.298e+02 5.513e+02)))))
s>    ( SILENCE -1 -3.466e+05 6.786e+02 1.497e+03
s>        ( - -1.099e+05 4 0)
s>        ( WDBNDRY_B 0 -2.360e+05 5.802e+02 1.021e+03
s>            ( QUESTION9 -1 -9.659e+04 2.732e+02 4.207e+02
s>                ( QUESTION14 -1 -8.500e+04 1.912e+02 3.704e+02
s>                    ( - -7.355e+04 4 0)
s>                    ( - -1.127e+04 5 0 QUESTION2_12_L -1 1.181e+02 4.925e+01))
s>                ( QUESTION0 -1 -1.132e+04 1.309e+02 5.028e+01
s>                    ( - -4.371e+03 1 0)
s>                    ( - -6.814e+03 1 0)))
s>            ( QUESTION0 -1 -1.388e+05 3.383e+02 6.008e+02
s>                ( - -4.880e+03 1 0)
s>                ( QUESTION16 -1 -1.336e+05 2.062e+02 5.783e+02
s>                    ( - -6.230e+03 2 0)
s>                    ( - -1.272e+05 6 0 QUESTION14 -1 1.298e+02 5.513e+02)))))INFO: dtree.c(1315): Comp split 23
INFO: dtree.c(1439): stop. leaf nodes are specific
INFO: dtree.c(1478): Final simple tree
|( WDBNDRY_E 0 -3.375e+05 3.239e+02 1.581e+03
|    ( - -3.267e+05 12 0)
|    ( - -1.048e+04 1 0))
s>    ( WDBNDRY_E 0 -3.375e+05 3.239e+02 1.581e+03
s>        ( - -3.267e+05 12 0)
s>        ( - -1.048e+04 1 0))INFO: dtree.c(1439): stop. leaf nodes are specific
INFO: dtree.c(1478): Final simple tree
|( WDBNDRY_E 0 -1.392e+05 4.082e+02 6.874e+02
|    ( - -7.788e+03 1 0)
|    ( - -1.310e+05 5 0))
s>    ( WDBNDRY_E 0 -1.392e+05 4.082e+02 6.874e+02
s>        ( - -7.788e+03 1 0)
s>        ( - -1.310e+05 5 0))INFO: dtree.c(1315): Comp split 24
INFO: dtree.c(1315): Comp split 25
INFO: dtree.c(1439): stop. leaf nodes are specific
INFO: dtree.c(1478): Final simple tree
|( QUESTION0_14_R 1 -1.584e+06 5.095e+02 6.875e+03
|    ( QUESTION0 -1 -1.578e+06 1.720e+02 6.846e+03
|        ( - -1.576e+06 18 0)
|        ( - -1.553e+03 1 0))
|    ( - -5.700e+03 1 0))
s>    ( QUESTION0_14_R 1 -1.584e+06 5.095e+02 6.875e+03
s>        ( QUESTION0 -1 -1.578e+06 1.720e+02 6.846e+03
s>            ( - -1.576e+06 18 0)
s>            ( - -1.553e+03 1 0))
s>        ( - -5.700e+03 1 0))INFO: dtree.c(1439): stop. leaf nodes are specific
INFO: dtree.c(1478): Final simple tree
|( QUESTION0 -1 -1.514e+05 6.016e+02 6.649e+02
|    ( - -1.064e+05 8 0)
|    ( - -4.441e+04 2 0))
s>    ( QUESTION0 -1 -1.514e+05 6.016e+02 6.649e+02
s>        ( - -1.064e+05 8 0)
s>        ( - -4.441e+04 2 0))INFO: dtree.c(1315): Comp split 26
INFO: dtree.c(1439): stop. leaf nodes are specific
INFO: dtree.c(1478): Final simple tree
|( QUESTION2_17_L -1 -7.430e+04 6.162e+02 3.185e+02
|    ( WDBNDRY_B 0 -1.116e+04 1.271e+02 4.816e+01
|        ( - -6.222e+03 1 0)
|        ( - -4.813e+03 1 0))
|    ( WDBNDRY_I 0 -6.252e+04 3.520e+02 2.703e+02
|        ( - -3.046e+04 3 0)
|        ( WDBNDRY_B 0 -3.171e+04 1.192e+02 1.394e+02
|            ( - -1.236e+03 1 0)
|            ( - -3.036e+04 1 0))))
s>    ( QUESTION2_17_L -1 -7.430e+04 6.162e+02 3.185e+02
s>        ( WDBNDRY_B 0 -1.116e+04 1.271e+02 4.816e+01
s>            ( - -6.222e+03 1 0)
s>            ( - -4.813e+03 1 0))
s>        ( WDBNDRY_I 0 -6.252e+04 3.520e+02 2.703e+02
s>            ( - -3.046e+04 3 0)
s>            ( WDBNDRY_B 0 -3.171e+04 1.192e+02 1.394e+02
s>                ( - -1.236e+03 1 0)
s>                ( - -3.036e+04 1 0))))INFO: dtree.c(1439): stop. leaf nodes are specific
INFO: dtree.c(1478): Final simple tree
|( WDBNDRY_B 0 -3.799e+05 2.353e+02 1.675e+03
|    ( - -1.657e+03 1 0)
|    ( QUESTION0 -1 -3.780e+05 1.986e+02 1.667e+03
|        ( - -3.775e+05 7 0)
|        ( - -3.021e+02 1 0)))
s>    ( WDBNDRY_B 0 -3.799e+05 2.353e+02 1.675e+03
s>        ( - -1.657e+03 1 0)
s>        ( QUESTION0 -1 -3.780e+05 1.986e+02 1.667e+03
s>            ( - -3.775e+05 7 0)
s>            ( - -3.021e+02 1 0)))INFO: dtree.c(1315): Comp split 27
INFO: dtree.c(1439): stop. leaf nodes are specific
INFO: dtree.c(1478): Final simple tree
|( QUESTION14 1 -2.101e+05 6.228e+02 9.742e+02
|    ( QUESTION0 -1 -8.046e+04 1.828e+02 3.714e+02
|        ( - -7.912e+04 3 0)
|        ( - -1.157e+03 1 0))
|    ( WDBNDRY_B 0 -1.290e+05 3.373e+02 6.028e+02
|        ( - -4.835e+04 2 0)
|        ( - -8.033e+04 3 0)))
s>    ( QUESTION14 1 -2.101e+05 6.228e+02 9.742e+02
s>        ( QUESTION0 -1 -8.046e+04 1.828e+02 3.714e+02
s>            ( - -7.912e+04 3 0)
s>            ( - -1.157e+03 1 0))
s>        ( WDBNDRY_B 0 -1.290e+05 3.373e+02 6.028e+02
s>            ( - -4.835e+04 2 0)
s>            ( - -8.033e+04 3 0)))INFO: dtree.c(1439): stop. leaf nodes are specific
INFO: dtree.c(1478): Final simple tree
|( QUESTION9 -1 -3.914e+04 4.733e+02 1.971e+02
|    ( - -9.855e+03 1 0)
|    ( QUESTION0 -1 -2.881e+04 2.864e+02 1.461e+02
|        ( - -7.772e+03 2 0)
|        ( - -2.075e+04 1 0)))
s>    ( QUESTION9 -1 -3.914e+04 4.733e+02 1.971e+02
s>        ( - -9.855e+03 1 0)
s>        ( QUESTION0 -1 -2.881e+04 2.864e+02 1.461e+02
s>            ( - -7.772e+03 2 0)
s>            ( - -2.075e+04 1 0)))INFO: dtree.c(1315): Comp split 28
INFO: dtree.c(1439): stop. leaf nodes are specific
INFO: dtree.c(1478): Final simple tree
|( QUESTION2_13_L -1 -3.497e+04 2.461e+02 1.697e+02
|    ( - -8.940e+03 1 0)
|    ( - -2.578e+04 1 0))
s>    ( QUESTION2_13_L -1 -3.497e+04 2.461e+02 1.697e+02
s>        ( - -8.940e+03 1 0)
s>        ( - -2.578e+04 1 0))INFO: dtree.c(1315): Comp split 29
INFO: dtree.c(1439): stop. leaf nodes are specific
INFO: dtree.c(1478): Final simple tree
|( WDBNDRY_B 0 -2.074e+04 2.226e+02 9.501e+01
|    ( - -1.336e+04 1 0)
|    ( QUESTION17 -1 -7.153e+03 1.524e+02 3.300e+01
|        ( - -7.079e+02 1 0)
|        ( - -6.293e+03 1 0)))
s>    ( WDBNDRY_B 0 -2.074e+04 2.226e+02 9.501e+01
s>        ( - -1.336e+04 1 0)
s>        ( QUESTION17 -1 -7.153e+03 1.524e+02 3.300e+01
s>            ( - -7.079e+02 1 0)
s>            ( - -6.293e+03 1 0)))INFO: dtree.c(1439): stop. leaf nodes are specific
INFO: dtree.c(1478): Final simple tree
|( QUESTION0 -1 -1.133e+05 4.624e+02 4.856e+02
|    ( - -2.315e+04 1 0)
|    ( WDBNDRY_B 0 -8.972e+04 1.200e+02 3.843e+02
|        ( - -1.566e+03 1 0)
|        ( - -8.804e+04 1 0)))
s>    ( QUESTION0 -1 -1.133e+05 4.624e+02 4.856e+02
s>        ( - -2.315e+04 1 0)
s>        ( WDBNDRY_B 0 -8.972e+04 1.200e+02 3.843e+02
s>            ( - -1.566e+03 1 0)
s>            ( - -8.804e+04 1 0)))INFO: dtree.c(1315): Comp split 30
INFO: dtree.c(1439): stop. leaf nodes are specific
INFO: dtree.c(1478): Final simple tree
|( QUESTION12 -1 -1.425e+05 3.974e+02 6.288e+02
|    ( - -1.814e+04 1 0)
|    ( QUESTION0 -1 -1.240e+05 2.294e+02 5.495e+02
|        ( QUESTION0_6_R 1 -1.130e+05 2.001e+02 5.004e+02
|            ( - -1.053e+05 2 0)
|            ( WDBNDRY_E 0 -7.409e+03 1.127e+02 3.170e+01
|                ( - -8.529e+02 2 0)
|                ( - -6.444e+03 2 0)))
|        ( WDBNDRY_E 0 -1.078e+04 1.088e+02 4.909e+01
|            ( - -8.734e+03 1 0)
|            ( - -1.940e+03 1 0))))
s>    ( QUESTION12 -1 -1.425e+05 3.974e+02 6.288e+02
s>        ( - -1.814e+04 1 0)
s>        ( QUESTION0 -1 -1.240e+05 2.294e+02 5.495e+02
s>            ( QUESTION0_6_R 1 -1.130e+05 2.001e+02 5.004e+02
s>                ( - -1.053e+05 2 0)
s>                ( WDBNDRY_E 0 -7.409e+03 1.127e+02 3.170e+01
s>                    ( - -8.529e+02 2 0)
s>                    ( - -6.444e+03 2 0)))
s>            ( WDBNDRY_E 0 -1.078e+04 1.088e+02 4.909e+01
s>                ( - -8.734e+03 1 0)
s>                ( - -1.940e+03 1 0))))INFO: dtree.c(1315): Comp split 31
INFO: dtree.c(1439): stop. leaf nodes are specific
INFO: dtree.c(1478): Final simple tree
|( QUESTION0 -1 -2.419e+05 2.732e+02 1.103e+03
|    ( - -2.267e+05 5 0)
|    ( - -1.486e+04 2 0))
s>    ( QUESTION0 -1 -2.419e+05 2.732e+02 1.103e+03
s>        ( - -2.267e+05 5 0)
s>        ( - -1.486e+04 2 0))INFO: dtree.c(1315): Comp split 32
INFO: dtree.c(1439): stop. leaf nodes are specific
INFO: dtree.c(1478): Final simple tree
|( WDBNDRY_B 0 -1.092e+05 1.340e+02 5.031e+02
|    ( - -4.945e+03 2 0)
|    ( - -1.041e+05 5 0))
s>    ( WDBNDRY_B 0 -1.092e+05 1.340e+02 5.031e+02
s>        ( - -4.945e+03 2 0)
s>        ( - -1.041e+05 5 0))INFO: dtree.c(1439): stop. leaf nodes are specific
INFO: dtree.c(1478): Final simple tree
|( SILENCE -1 -1.274e+04 1.639e+02 5.462e+01
|    ( - -4.190e+03 1 0)
|    ( QUESTION0 -1 -8.383e+03 1.582e+02 3.685e+01
|        ( - -1.780e+03 3 0)
|        ( WDBNDRY_B 0 -6.445e+03 1.296e+02 2.885e+01
|            ( QUESTION14 -1 -2.399e+03 1.045e+02 1.100e+01
|                ( - -1.519e+03 1 0)
|                ( - -7.752e+02 1 0))
|            ( - -3.917e+03 1 0))))
s>    ( SILENCE -1 -1.274e+04 1.639e+02 5.462e+01
s>        ( - -4.190e+03 1 0)
s>        ( QUESTION0 -1 -8.383e+03 1.582e+02 3.685e+01
s>            ( - -1.780e+03 3 0)
s>            ( WDBNDRY_B 0 -6.445e+03 1.296e+02 2.885e+01
s>                ( QUESTION14 -1 -2.399e+03 1.045e+02 1.100e+01
s>                    ( - -1.519e+03 1 0)
s>                    ( - -7.752e+02 1 0))
s>                ( - -3.917e+03 1 0))))INFO: dtree.c(1315): Comp split 33
INFO: dtree.c(1439): stop. leaf nodes are specific
INFO: dtree.c(1478): Final simple tree
|( QUESTION16 -1 -1.278e+05 2.361e+02 5.516e+02
|    ( WDBNDRY_B 0 -1.463e+04 1.106e+02 6.321e+01
|        ( - -8.292e+03 2 0)
|        ( - -6.230e+03 2 0))
|    ( QUESTION11 -1 -1.129e+05 1.295e+02 4.884e+02
|        ( - -1.735e+03 2 0)
|        ( SILENCE -1 -1.110e+05 1.103e+02 4.804e+02
|            ( - -1.099e+05 4 0)
|            ( - -1.003e+03 1 0))))
s>    ( QUESTION16 -1 -1.278e+05 2.361e+02 5.516e+02
s>        ( WDBNDRY_B 0 -1.463e+04 1.106e+02 6.321e+01
s>            ( - -8.292e+03 2 0)
s>            ( - -6.230e+03 2 0))
s>        ( QUESTION11 -1 -1.129e+05 1.295e+02 4.884e+02
s>            ( - -1.735e+03 2 0)
s>            ( SILENCE -1 -1.110e+05 1.103e+02 4.804e+02
s>                ( - -1.099e+05 4 0)
s>                ( - -1.003e+03 1 0))))INFO: dtree.c(1439): stop. leaf nodes are specific
INFO: dtree.c(1478): Final simple tree
|( WDBNDRY_B 0 -2.181e+05 5.964e+02 9.453e+02
|    ( QUESTION9 -1 -8.513e+04 2.654e+02 3.715e+02
|        ( - -7.355e+04 4 0)
|        ( QUESTION0 -1 -1.132e+04 1.309e+02 5.028e+01
|            ( - -4.371e+03 1 0)
|            ( - -6.814e+03 1 0)))
|    ( QUESTION0 -1 -1.324e+05 3.371e+02 5.738e+02
|        ( - -4.880e+03 1 0)
|        ( QUESTION14 -1 -1.272e+05 1.298e+02 5.513e+02
|            ( QUESTION2_14_L -1 -1.225e+05 1.290e+02 5.311e+02
|                ( - -5.639e+02 1 0)
|                ( - -1.218e+05 4 0))
|            ( - -4.537e+03 1 0))))
s>    ( WDBNDRY_B 0 -2.181e+05 5.964e+02 9.453e+02
s>        ( QUESTION9 -1 -8.513e+04 2.654e+02 3.715e+02
s>            ( - -7.355e+04 4 0)
s>            ( QUESTION0 -1 -1.132e+04 1.309e+02 5.028e+01
s>                ( - -4.371e+03 1 0)
s>                ( - -6.814e+03 1 0)))
s>        ( QUESTION0 -1 -1.324e+05 3.371e+02 5.738e+02
s>            ( - -4.880e+03 1 0)
s>            ( QUESTION14 -1 -1.272e+05 1.298e+02 5.513e+02
s>                ( QUESTION2_14_L -1 -1.225e+05 1.290e+02 5.311e+02
s>                    ( - -5.639e+02 1 0)
s>                    ( - -1.218e+05 4 0))
s>                ( - -4.537e+03 1 0))))INFO: dtree.c(1315): Comp split 34
INFO: dtree.c(1439): stop. leaf nodes are specific
INFO: dtree.c(1478): Final simple tree
|( QUESTION0_9_R 1 -6.037e+05 4.008e+02 2.643e+03
|    ( - -1.452e+04 2 0)
|    ( WDBNDRY_E 0 -5.887e+05 2.584e+02 2.581e+03
|        ( QUESTION0_20_R 1 -5.820e+05 1.266e+02 2.552e+03
|            ( - -2.026e+03 1 0)
|            ( QUESTION0_14_R 1 -5.799e+05 1.176e+02 2.543e+03
|                ( - -5.794e+05 10 0)
|                ( - -4.104e+02 1 0)))
|        ( QUESTION0_16_R 1 -6.435e+03 1.944e+02 2.852e+01
|            ( - -6.798e+02 1 0)
|            ( WDBNDRY_B 0 -5.561e+03 9.015e+01 2.452e+01
|                ( - -3.475e+03 1 0)
|                ( - -1.996e+03 1 0)))))
s>    ( QUESTION0_9_R 1 -6.037e+05 4.008e+02 2.643e+03
s>        ( - -1.452e+04 2 0)
s>        ( WDBNDRY_E 0 -5.887e+05 2.584e+02 2.581e+03
s>            ( QUESTION0_20_R 1 -5.820e+05 1.266e+02 2.552e+03
s>                ( - -2.026e+03 1 0)
s>                ( QUESTION0_14_R 1 -5.799e+05 1.176e+02 2.543e+03
s>                    ( - -5.794e+05 10 0)
s>                    ( - -4.104e+02 1 0)))
s>            ( QUESTION0_16_R 1 -6.435e+03 1.944e+02 2.852e+01
s>                ( - -6.798e+02 1 0)
s>                ( WDBNDRY_B 0 -5.561e+03 9.015e+01 2.452e+01
s>                    ( - -3.475e+03 1 0)
s>                    ( - -1.996e+03 1 0)))))INFO: dtree.c(1439): stop. leaf nodes are specific
INFO: dtree.c(1478): Final simple tree
|( QUESTION0_14_R 1 -2.437e+04 2.250e+02 1.121e+02
|    ( - -1.539e+04 2 0)
|    ( - -8.756e+03 1 0))
s>    ( QUESTION0_14_R 1 -2.437e+04 2.250e+02 1.121e+02
s>        ( - -1.539e+04 2 0)
s>        ( - -8.756e+03 1 0))INFO: dtree.c(1315): Comp split 35
INFO: dtree.c(1478): Final simple tree
|( QUESTION0_9_R 1 -2.457e+05 5.351e+02 1.074e+03
|    ( WDBNDRY_I 0 -2.047e+05 2.806e+02 8.992e+02
|        ( - -1.539e+05 1 0)
|        ( QUESTION13 -1 -5.051e+04 1.984e+02 2.223e+02
|            ( - -3.212e+02 1 0)
|            ( WDBNDRY_B 0 -4.999e+04 1.568e+02 2.203e+02
|                ( - -5.879e+03 1 0)
|                ( - -4.396e+04 3 0))))
|    ( QUESTION11 -1 -4.049e+04 4.412e+02 1.744e+02
|        ( - -1.132e+04 3 0 QUESTION2_0_L -1 1.394e+02 4.912e+01)
|        ( WDBNDRY_I 0 -2.873e+04 2.399e+02 1.253e+02
|            ( - -7.703e+03 2 0)
|            ( WDBNDRY_B 0 -2.079e+04 1.426e+02 8.936e+01
|                ( - -1.156e+04 3 0 QUESTION0 -1 1.232e+02 4.967e+01)
|                ( - -9.087e+03 2 0)))))
s>    ( QUESTION0_9_R 1 -2.457e+05 5.351e+02 1.074e+03
s>        ( WDBNDRY_I 0 -2.047e+05 2.806e+02 8.992e+02
s>            ( - -1.539e+05 1 0)
s>            ( QUESTION13 -1 -5.051e+04 1.984e+02 2.223e+02
s>                ( - -3.212e+02 1 0)
s>                ( WDBNDRY_B 0 -4.999e+04 1.568e+02 2.203e+02
s>                    ( - -5.879e+03 1 0)
s>                    ( - -4.396e+04 3 0))))
s>        ( QUESTION11 -1 -4.049e+04 4.412e+02 1.744e+02
s>            ( - -1.132e+04 3 0 QUESTION2_0_L -1 1.394e+02 4.912e+01)
s>            ( WDBNDRY_I 0 -2.873e+04 2.399e+02 1.253e+02
s>                ( - -7.703e+03 2 0)
s>                ( WDBNDRY_B 0 -2.079e+04 1.426e+02 8.936e+01
s>                    ( - -1.156e+04 3 0 QUESTION0 -1 1.232e+02 4.967e+01)
s>                    ( - -9.087e+03 2 0)))))INFO: dtree.c(1439): stop. leaf nodes are specific
INFO: dtree.c(1478): Final simple tree
|( WDBNDRY_E 0 -3.861e+04 2.940e+02 1.745e+02
|    ( - -3.547e+04 4 0)
|    ( - -2.850e+03 1 0))
s>    ( WDBNDRY_E 0 -3.861e+04 2.940e+02 1.745e+02
s>        ( - -3.547e+04 4 0)
s>        ( - -2.850e+03 1 0))INFO: dtree.c(1315): Comp split 36
INFO: dtree.c(1439): stop. leaf nodes are specific
INFO: dtree.c(1478): Final simple tree
|( WDBNDRY_B 0 -1.303e+05 3.340e+02 6.088e+02
|    ( - -4.835e+04 2 0)
|    ( QUESTION0 -1 -8.166e+04 1.795e+02 3.781e+02
|        ( - -8.033e+04 3 0)
|        ( - -1.157e+03 1 0)))
s>    ( WDBNDRY_B 0 -1.303e+05 3.340e+02 6.088e+02
s>        ( - -4.835e+04 2 0)
s>        ( QUESTION0 -1 -8.166e+04 1.795e+02 3.781e+02
s>            ( - -8.033e+04 3 0)
s>            ( - -1.157e+03 1 0)))INFO: dtree.c(1315): Comp split 37
INFO: dtree.c(1439): stop. leaf nodes are specific
INFO: dtree.c(1478): Final simple tree
|( WDBNDRY_I 0 -6.252e+04 3.520e+02 2.703e+02
|    ( - -3.046e+04 3 0)
|    ( WDBNDRY_B 0 -3.171e+04 1.192e+02 1.394e+02
|        ( - -1.236e+03 1 0)
|        ( - -3.036e+04 1 0)))
s>    ( WDBNDRY_I 0 -6.252e+04 3.520e+02 2.703e+02
s>        ( - -3.046e+04 3 0)
s>        ( WDBNDRY_B 0 -3.171e+04 1.192e+02 1.394e+02
s>            ( - -1.236e+03 1 0)
s>            ( - -3.036e+04 1 0)))INFO: dtree.c(1439): stop. leaf nodes are specific
INFO: dtree.c(1478): Final simple tree
|( WDBNDRY_B 0 -1.116e+04 1.271e+02 4.816e+01
|    ( - -6.222e+03 1 0)
|    ( - -4.813e+03 1 0))
s>    ( WDBNDRY_B 0 -1.116e+04 1.271e+02 4.816e+01
s>        ( - -6.222e+03 1 0)
s>        ( - -4.813e+03 1 0))INFO: dtree.c(1315): Comp split 38
INFO: dtree.c(1315): Comp split 39
INFO: dtree.c(1439): stop. leaf nodes are specific
INFO: dtree.c(1478): Final simple tree
|( QUESTION2_0_L -1 -8.582e+04 2.681e+02 3.745e+02
|    ( QUESTION2 -1 -1.200e+04 1.338e+02 5.328e+01
|        ( - -6.814e+03 1 0)
|        ( WDBNDRY_B 0 -5.054e+03 1.190e+02 2.300e+01
|            ( - -4.371e+03 1 0)
|            ( - -5.639e+02 1 0)))
|    ( - -7.355e+04 4 0))
s>    ( QUESTION2_0_L -1 -8.582e+04 2.681e+02 3.745e+02
s>        ( QUESTION2 -1 -1.200e+04 1.338e+02 5.328e+01
s>            ( - -6.814e+03 1 0)
s>            ( WDBNDRY_B 0 -5.054e+03 1.190e+02 2.300e+01
s>                ( - -4.371e+03 1 0)
s>                ( - -5.639e+02 1 0)))
s>        ( - -7.355e+04 4 0))INFO: dtree.c(1439): stop. leaf nodes are specific
INFO: dtree.c(1478): Final simple tree
|( QUESTION0 -1 -1.317e+05 3.368e+02 5.708e+02
|    ( - -4.880e+03 1 0)
|    ( QUESTION14 -1 -1.265e+05 1.297e+02 5.483e+02
|        ( - -1.218e+05 4 0)
|        ( - -4.537e+03 1 0)))
s>    ( QUESTION0 -1 -1.317e+05 3.368e+02 5.708e+02
s>        ( - -4.880e+03 1 0)
s>        ( QUESTION14 -1 -1.265e+05 1.297e+02 5.483e+02
s>            ( - -1.218e+05 4 0)
s>            ( - -4.537e+03 1 0)))INFO: dtree.c(1315): Comp split 40
INFO: dtree.c(1439): stop. leaf nodes are specific
INFO: dtree.c(1478): Final simple tree
|( QUESTION0_9_R 1 -1.952e+05 5.075e+02 8.584e+02
|    ( QUESTION0 -1 -1.703e+05 1.310e+02 7.501e+02
|        ( - -1.677e+05 3 0)
|        ( - -2.487e+03 1 0))
|    ( - -2.441e+04 1 0))
s>    ( QUESTION0_9_R 1 -1.952e+05 5.075e+02 8.584e+02
s>        ( QUESTION0 -1 -1.703e+05 1.310e+02 7.501e+02
s>            ( - -1.677e+05 3 0)
s>            ( - -2.487e+03 1 0))
s>        ( - -2.441e+04 1 0))INFO: dtree.c(1439): stop. leaf nodes are specific
INFO: dtree.c(1478): Final simple tree
|( WDBNDRY_E 0 -1.909e+05 5.303e+02 8.352e+02
|    ( - -4.939e+04 2 0)
|    ( QUESTION0 -1 -1.410e+05 3.087e+02 6.181e+02
|        ( - -2.698e+04 1 0)
|        ( - -1.137e+05 1 0)))
s>    ( WDBNDRY_E 0 -1.909e+05 5.303e+02 8.352e+02
s>        ( - -4.939e+04 2 0)
s>        ( QUESTION0 -1 -1.410e+05 3.087e+02 6.181e+02
s>            ( - -2.698e+04 1 0)
s>            ( - -1.137e+05 1 0)))INFO: dtree.c(1315): Comp split 41
INFO: dtree.c(1439): stop. leaf nodes are specific
INFO: dtree.c(1478): Final simple tree
|( QUESTION0_9_R 1 -2.127e+05 3.126e+02 9.351e+02
|    ( WDBNDRY_I 0 -2.047e+05 2.806e+02 8.992e+02
|        ( - -1.539e+05 1 0)
|        ( QUESTION13 -1 -5.051e+04 1.984e+02 2.223e+02
|            ( - -3.212e+02 1 0)
|            ( WDBNDRY_B 0 -4.999e+04 1.568e+02 2.203e+02
|                ( - -5.879e+03 1 0)
|                ( - -4.396e+04 3 0))))
|    ( - -7.703e+03 2 0))
s>    ( QUESTION0_9_R 1 -2.127e+05 3.126e+02 9.351e+02
s>        ( WDBNDRY_I 0 -2.047e+05 2.806e+02 8.992e+02
s>            ( - -1.539e+05 1 0)
s>            ( QUESTION13 -1 -5.051e+04 1.984e+02 2.223e+02
s>                ( - -3.212e+02 1 0)
s>                ( WDBNDRY_B 0 -4.999e+04 1.568e+02 2.203e+02
s>                    ( - -5.879e+03 1 0)
s>                    ( - -4.396e+04 3 0))))
s>        ( - -7.703e+03 2 0))INFO: dtree.c(1439): stop. leaf nodes are specific
INFO: dtree.c(1478): Final simple tree
|( QUESTION2_13_L -1 -3.246e+04 3.505e+02 1.385e+02
|    ( - -8.943e+03 1 0)
|    ( WDBNDRY_B 0 -2.316e+04 1.649e+02 9.936e+01
|        ( QUESTION10 -1 -1.340e+04 1.238e+02 5.767e+01
|            ( - -3.210e+03 1 0)
|            ( QUESTION0 -1 -1.007e+04 1.127e+02 4.378e+01
|                ( QUESTION2_0_L -1 -8.224e+03 1.152e+02 3.578e+01
|                    ( - -5.918e+03 1 0)
|                    ( - -2.191e+03 1 0))
|                ( - -1.733e+03 1 0)))
|        ( WDBNDRY_E 0 -9.594e+03 1.526e+02 4.169e+01
|            ( - -9.087e+03 2 0)
|            ( - -3.540e+02 1 0))))
s>    ( QUESTION2_13_L -1 -3.246e+04 3.505e+02 1.385e+02
s>        ( - -8.943e+03 1 0)
s>        ( WDBNDRY_B 0 -2.316e+04 1.649e+02 9.936e+01
s>            ( QUESTION10 -1 -1.340e+04 1.238e+02 5.767e+01
s>                ( - -3.210e+03 1 0)
s>                ( QUESTION0 -1 -1.007e+04 1.127e+02 4.378e+01
s>                    ( QUESTION2_0_L -1 -8.224e+03 1.152e+02 3.578e+01
s>                        ( - -5.918e+03 1 0)
s>                        ( - -2.191e+03 1 0))
s>                    ( - -1.733e+03 1 0)))
s>            ( WDBNDRY_E 0 -9.594e+03 1.526e+02 4.169e+01
s>                ( - -9.087e+03 2 0)
s>                ( - -3.540e+02 1 0))))INFO: dtree.c(1315): Comp split 42
INFO: dtree.c(1439): stop. leaf nodes are specific
INFO: dtree.c(1478): Final simple tree
|( QUESTION0 -1 -1.410e+05 3.087e+02 6.181e+02
|    ( - -2.698e+04 1 0)
|    ( - -1.137e+05 1 0))
s>    ( QUESTION0 -1 -1.410e+05 3.087e+02 6.181e+02
s>        ( - -2.698e+04 1 0)
s>        ( - -1.137e+05 1 0))INFO: dtree.c(1315): Comp split 43
INFO: dtree.c(1439): stop. leaf nodes are specific
INFO: dtree.c(1478): Final simple tree
|( QUESTION0 -1 -1.578e+06 1.720e+02 6.846e+03
|    ( - -1.576e+06 18 0)
|    ( - -1.553e+03 1 0))
s>    ( QUESTION0 -1 -1.578e+06 1.720e+02 6.846e+03
s>        ( - -1.576e+06 18 0)
s>        ( - -1.553e+03 1 0))INFO: dtree.c(1315): Comp split 44
INFO: dtree.c(1439): stop. leaf nodes are specific
INFO: dtree.c(1478): Final simple tree
|( QUESTION0 -1 -1.703e+05 1.310e+02 7.501e+02
|    ( - -1.677e+05 3 0)
|    ( - -2.487e+03 1 0))
s>    ( QUESTION0 -1 -1.703e+05 1.310e+02 7.501e+02
s>        ( - -1.677e+05 3 0)
s>        ( - -2.487e+03 1 0))INFO: dtree.c(1315): Comp split 45
INFO: dtree.c(1439): stop. leaf nodes are specific
INFO: dtree.c(1478): Final simple tree
|( WDBNDRY_B 0 -3.589e+04 4.657e+02 1.763e+02
|    ( - -3.567e+04 1 0)
|    ( - 2.417e+02 1 0))
s>    ( WDBNDRY_B 0 -3.589e+04 4.657e+02 1.763e+02
s>        ( - -3.567e+04 1 0)
s>        ( - 2.417e+02 1 0))INFO: dtree.c(1315): Comp split 46
INFO: dtree.c(1439): stop. leaf nodes are specific
INFO: dtree.c(1478): Final simple tree
|( QUESTION0 -1 -2.881e+04 2.864e+02 1.461e+02
|    ( - -7.772e+03 2 0)
|    ( - -2.075e+04 1 0))
s>    ( QUESTION0 -1 -2.881e+04 2.864e+02 1.461e+02
s>        ( - -7.772e+03 2 0)
s>        ( - -2.075e+04 1 0))INFO: dtree.c(1315): Comp split 47
INFO: dtree.c(1439): stop. leaf nodes are specific
INFO: dtree.c(1478): Final simple tree
|( WDBNDRY_B 0 -2.483e+04 1.150e+02 1.083e+02
|    ( - -1.566e+03 1 0)
|    ( - -2.315e+04 1 0))
s>    ( WDBNDRY_B 0 -2.483e+04 1.150e+02 1.083e+02
s>        ( - -1.566e+03 1 0)
s>        ( - -2.315e+04 1 0))INFO: dtree.c(1315): Comp split 48
INFO: dtree.c(1315): Comp split 49
INFO: dtree.c(1439): stop. leaf nodes are specific
INFO: dtree.c(1478): Final simple tree
|( QUESTION0 -1 -5.724e+03 1.664e+02 2.600e+01
|    ( - -3.142e+03 1 0)
|    ( - -2.416e+03 1 0))
s>    ( QUESTION0 -1 -5.724e+03 1.664e+02 2.600e+01
s>        ( - -3.142e+03 1 0)
s>        ( - -2.416e+03 1 0))INFO: dtree.c(1315): Comp split 50
INFO: dtree.c(1315): Comp split 51
INFO: dtree.c(1439): stop. leaf nodes are specific
INFO: dtree.c(1478): Final simple tree
|( QUESTION0_20_R 1 -5.820e+05 1.266e+02 2.552e+03
|    ( - -2.026e+03 1 0)
|    ( QUESTION0_14_R 1 -5.799e+05 1.176e+02 2.543e+03
|        ( - -5.794e+05 10 0)
|        ( - -4.104e+02 1 0)))
s>    ( QUESTION0_20_R 1 -5.820e+05 1.266e+02 2.552e+03
s>        ( - -2.026e+03 1 0)
s>        ( QUESTION0_14_R 1 -5.799e+05 1.176e+02 2.543e+03
s>            ( - -5.794e+05 10 0)
s>            ( - -4.104e+02 1 0)))INFO: dtree.c(1439): stop. leaf nodes are specific
INFO: dtree.c(1478): Final simple tree
|( WDBNDRY_E 0 -2.121e+04 2.521e+02 9.102e+01
|    ( - -1.452e+04 2 0)
|    ( QUESTION0_16_R 1 -6.435e+03 1.944e+02 2.852e+01
|        ( - -6.798e+02 1 0)
|        ( WDBNDRY_B 0 -5.561e+03 9.015e+01 2.452e+01
|            ( - -3.475e+03 1 0)
|            ( - -1.996e+03 1 0))))
s>    ( WDBNDRY_E 0 -2.121e+04 2.521e+02 9.102e+01
s>        ( - -1.452e+04 2 0)
s>        ( QUESTION0_16_R 1 -6.435e+03 1.944e+02 2.852e+01
s>            ( - -6.798e+02 1 0)
s>            ( WDBNDRY_B 0 -5.561e+03 9.015e+01 2.452e+01
s>                ( - -3.475e+03 1 0)
s>                ( - -1.996e+03 1 0))))INFO: dtree.c(1315): Comp split 52
INFO: dtree.c(1439): stop. leaf nodes are specific
INFO: dtree.c(1478): Final simple tree
|( QUESTION0 -1 -1.240e+05 2.294e+02 5.495e+02
|    ( QUESTION0_6_R 1 -1.130e+05 2.001e+02 5.004e+02
|        ( - -1.053e+05 2 0)
|        ( WDBNDRY_E 0 -7.409e+03 1.127e+02 3.170e+01
|            ( - -8.529e+02 2 0)
|            ( - -6.444e+03 2 0)))
|    ( WDBNDRY_E 0 -1.078e+04 1.088e+02 4.909e+01
|        ( - -8.734e+03 1 0)
|        ( - -1.940e+03 1 0)))
s>    ( QUESTION0 -1 -1.240e+05 2.294e+02 5.495e+02
s>        ( QUESTION0_6_R 1 -1.130e+05 2.001e+02 5.004e+02
s>            ( - -1.053e+05 2 0)
s>            ( WDBNDRY_E 0 -7.409e+03 1.127e+02 3.170e+01
s>                ( - -8.529e+02 2 0)
s>                ( - -6.444e+03 2 0)))
s>        ( WDBNDRY_E 0 -1.078e+04 1.088e+02 4.909e+01
s>            ( - -8.734e+03 1 0)
s>            ( - -1.940e+03 1 0)))INFO: dtree.c(1315): Comp split 53
INFO: dtree.c(1439): stop. leaf nodes are specific
INFO: dtree.c(1478): Final simple tree
|( WDBNDRY_B 0 -3.171e+04 1.192e+02 1.394e+02
|    ( - -1.236e+03 1 0)
|    ( - -3.036e+04 1 0))
s>    ( WDBNDRY_B 0 -3.171e+04 1.192e+02 1.394e+02
s>        ( - -1.236e+03 1 0)
s>        ( - -3.036e+04 1 0))INFO: dtree.c(1315): Comp split 54
INFO: dtree.c(1439): stop. leaf nodes are specific
INFO: dtree.c(1478): Final simple tree
|( WDBNDRY_B 0 -2.316e+04 1.649e+02 9.936e+01
|    ( QUESTION10 -1 -1.340e+04 1.238e+02 5.767e+01
|        ( - -3.210e+03 1 0)
|        ( QUESTION0 -1 -1.007e+04 1.127e+02 4.378e+01
|            ( QUESTION2_0_L -1 -8.224e+03 1.152e+02 3.578e+01
|                ( - -5.918e+03 1 0)
|                ( - -2.191e+03 1 0))
|            ( - -1.733e+03 1 0)))
|    ( WDBNDRY_E 0 -9.594e+03 1.526e+02 4.169e+01
|        ( - -9.087e+03 2 0)
|        ( - -3.540e+02 1 0)))
s>    ( WDBNDRY_B 0 -2.316e+04 1.649e+02 9.936e+01
s>        ( QUESTION10 -1 -1.340e+04 1.238e+02 5.767e+01
s>            ( - -3.210e+03 1 0)
s>            ( QUESTION0 -1 -1.007e+04 1.127e+02 4.378e+01
s>                ( QUESTION2_0_L -1 -8.224e+03 1.152e+02 3.578e+01
s>                    ( - -5.918e+03 1 0)
s>                    ( - -2.191e+03 1 0))
s>                ( - -1.733e+03 1 0)))
s>        ( WDBNDRY_E 0 -9.594e+03 1.526e+02 4.169e+01
s>            ( - -9.087e+03 2 0)
s>            ( - -3.540e+02 1 0)))INFO: dtree.c(1315): Comp split 55
INFO: dtree.c(1439): stop. leaf nodes are specific
INFO: dtree.c(1478): Final simple tree
|( QUESTION14 -1 -1.265e+05 1.297e+02 5.483e+02
|    ( - -1.218e+05 4 0)
|    ( - -4.537e+03 1 0))
s>    ( QUESTION14 -1 -1.265e+05 1.297e+02 5.483e+02
s>        ( - -1.218e+05 4 0)
s>        ( - -4.537e+03 1 0))INFO: dtree.c(1315): Comp split 56
INFO: dtree.c(1439): stop. leaf nodes are specific
INFO: dtree.c(1478): Final simple tree
|( QUESTION0 -1 -8.166e+04 1.795e+02 3.781e+02
|    ( - -8.033e+04 3 0)
|    ( - -1.157e+03 1 0))
s>    ( QUESTION0 -1 -8.166e+04 1.795e+02 3.781e+02
s>        ( - -8.033e+04 3 0)
s>        ( - -1.157e+03 1 0))INFO: dtree.c(1315): Comp split 57
INFO: dtree.c(1439): stop. leaf nodes are specific
INFO: dtree.c(1478): Final simple tree
|( WDBNDRY_E 0 -2.437e+04 2.207e+02 1.169e+02
|    ( - -2.463e+02 1 0)
|    ( - -2.390e+04 2 0))
s>    ( WDBNDRY_E 0 -2.437e+04 2.207e+02 1.169e+02
s>        ( - -2.463e+02 1 0)
s>        ( - -2.390e+04 2 0))INFO: dtree.c(1315): Comp split 58
INFO: dtree.c(1315): Comp split 59
INFO: dtree.c(1439): stop. leaf nodes are specific
INFO: dtree.c(1478): Final simple tree
|( WDBNDRY_E 0 -5.194e+04 2.781e+02 2.311e+02
|    ( - -4.396e+04 3 0)
|    ( - -7.703e+03 2 0))
s>    ( WDBNDRY_E 0 -5.194e+04 2.781e+02 2.311e+02
s>        ( - -4.396e+04 3 0)
s>        ( - -7.703e+03 2 0))INFO: dtree.c(1439): stop. leaf nodes are specific
INFO: dtree.c(1478): Final simple tree
|( WDBNDRY_E 0 -1.605e+05 1.927e+02 7.040e+02
|    ( - -3.212e+02 1 0)
|    ( WDBNDRY_B 0 -1.600e+05 1.649e+02 7.020e+02
|        ( - -5.879e+03 1 0)
|        ( - -1.539e+05 1 0)))
s>    ( WDBNDRY_E 0 -1.605e+05 1.927e+02 7.040e+02
s>        ( - -3.212e+02 1 0)
s>        ( WDBNDRY_B 0 -1.600e+05 1.649e+02 7.020e+02
s>            ( - -5.879e+03 1 0)
s>            ( - -1.539e+05 1 0)))INFO: dtree.c(1315): Comp split 60
INFO: dtree.c(1315): Comp split 61
INFO: dtree.c(1315): Comp split 62
INFO: dtree.c(1315): Comp split 63
INFO: dtree.c(1315): Comp split 64
INFO: dtree.c(1315): Comp split 65
INFO: dtree.c(1439): stop. leaf nodes are specific
INFO: dtree.c(1478): Final simple tree
|( QUESTION2 -1 -1.200e+04 1.338e+02 5.328e+01
|    ( - -6.814e+03 1 0)
|    ( WDBNDRY_B 0 -5.054e+03 1.190e+02 2.300e+01
|        ( - -4.371e+03 1 0)
|        ( - -5.639e+02 1 0)))
s>    ( QUESTION2 -1 -1.200e+04 1.338e+02 5.328e+01
s>        ( - -6.814e+03 1 0)
s>        ( WDBNDRY_B 0 -5.054e+03 1.190e+02 2.300e+01
s>            ( - -4.371e+03 1 0)
s>            ( - -5.639e+02 1 0)))INFO: dtree.c(1315): Comp split 66
INFO: dtree.c(1439): stop. leaf nodes are specific
INFO: dtree.c(1478): Final simple tree
|( QUESTION0_16_R 1 -6.435e+03 1.944e+02 2.852e+01
|    ( - -6.798e+02 1 0)
|    ( WDBNDRY_B 0 -5.561e+03 9.015e+01 2.452e+01
|        ( - -3.475e+03 1 0)
|        ( - -1.996e+03 1 0)))
s>    ( QUESTION0_16_R 1 -6.435e+03 1.944e+02 2.852e+01
s>        ( - -6.798e+02 1 0)
s>        ( WDBNDRY_B 0 -5.561e+03 9.015e+01 2.452e+01
s>            ( - -3.475e+03 1 0)
s>            ( - -1.996e+03 1 0)))INFO: dtree.c(1315): Comp split 67
INFO: dtree.c(1315): Comp split 68
INFO: dtree.c(1315): Comp split 69
INFO: dtree.c(1439): stop. leaf nodes are specific
INFO: dtree.c(1478): Final simple tree
|( QUESTION11 -1 -1.129e+05 1.295e+02 4.884e+02
|    ( - -1.735e+03 2 0)
|    ( SILENCE -1 -1.110e+05 1.103e+02 4.804e+02
|        ( - -1.099e+05 4 0)
|        ( - -1.003e+03 1 0)))
s>    ( QUESTION11 -1 -1.129e+05 1.295e+02 4.884e+02
s>        ( - -1.735e+03 2 0)
s>        ( SILENCE -1 -1.110e+05 1.103e+02 4.804e+02
s>            ( - -1.099e+05 4 0)
s>            ( - -1.003e+03 1 0)))INFO: dtree.c(1439): stop. leaf nodes are specific
INFO: dtree.c(1478): Final simple tree
|( WDBNDRY_B 0 -1.463e+04 1.106e+02 6.321e+01
|    ( - -8.292e+03 2 0)
|    ( - -6.230e+03 2 0))
s>    ( WDBNDRY_B 0 -1.463e+04 1.106e+02 6.321e+01
s>        ( - -8.292e+03 2 0)
s>        ( - -6.230e+03 2 0))INFO: dtree.c(1315): Comp split 70
INFO: dtree.c(1439): stop. leaf nodes are specific
INFO: dtree.c(1478): Final simple tree
|( QUESTION0 -1 -3.780e+05 1.986e+02 1.667e+03
|    ( - -3.775e+05 7 0)
|    ( - -3.021e+02 1 0))
s>    ( QUESTION0 -1 -3.780e+05 1.986e+02 1.667e+03
s>        ( - -3.775e+05 7 0)
s>        ( - -3.021e+02 1 0))INFO: dtree.c(1315): Comp split 71
INFO: dtree.c(1439): stop. leaf nodes are specific
INFO: dtree.c(1478): Final simple tree
|( QUESTION0_6_R 1 -1.150e+05 1.763e+02 5.094e+02
|    ( - -1.053e+05 2 0)
|    ( QUESTION0 -1 -9.477e+03 1.286e+02 4.070e+01
|        ( WDBNDRY_E 0 -7.409e+03 1.127e+02 3.170e+01
|            ( - -8.529e+02 2 0)
|            ( - -6.444e+03 2 0))
|        ( - -1.940e+03 1 0)))
s>    ( QUESTION0_6_R 1 -1.150e+05 1.763e+02 5.094e+02
s>        ( - -1.053e+05 2 0)
s>        ( QUESTION0 -1 -9.477e+03 1.286e+02 4.070e+01
s>            ( WDBNDRY_E 0 -7.409e+03 1.127e+02 3.170e+01
s>                ( - -8.529e+02 2 0)
s>                ( - -6.444e+03 2 0))
s>            ( - -1.940e+03 1 0)))INFO: dtree.c(1315): Comp split 72
INFO: dtree.c(1315): Comp split 73
INFO: dtree.c(1439): stop. leaf nodes are specific
INFO: dtree.c(1478): Final simple tree
|( QUESTION17 -1 -7.153e+03 1.524e+02 3.300e+01
|    ( - -7.079e+02 1 0)
|    ( - -6.293e+03 1 0))
s>    ( QUESTION17 -1 -7.153e+03 1.524e+02 3.300e+01
s>        ( - -7.079e+02 1 0)
s>        ( - -6.293e+03 1 0))INFO: dtree.c(1315): Comp split 74
INFO: dtree.c(1315): Comp split 75
INFO: dtree.c(1439): stop. leaf nodes are specific
INFO: dtree.c(1478): Final simple tree
|( WDBNDRY_E 0 -7.409e+03 1.127e+02 3.170e+01
|    ( - -8.529e+02 2 0)
|    ( - -6.444e+03 2 0))
s>    ( WDBNDRY_E 0 -7.409e+03 1.127e+02 3.170e+01
s>        ( - -8.529e+02 2 0)
s>        ( - -6.444e+03 2 0))INFO: dtree.c(1439): stop. leaf nodes are specific
INFO: dtree.c(1478): Final simple tree
|( QUESTION0_5_R 1 -1.074e+05 1.056e+02 4.777e+02
|    ( - -1.053e+05 2 0)
|    ( - -1.940e+03 1 0))
s>    ( QUESTION0_5_R 1 -1.074e+05 1.056e+02 4.777e+02
s>        ( - -1.053e+05 2 0)
s>        ( - -1.940e+03 1 0))INFO: dtree.c(1315): Comp split 76
INFO: dtree.c(1315): Comp split 77
INFO: dtree.c(1439): stop. leaf nodes are specific
INFO: dtree.c(1478): Final simple tree
|( WDBNDRY_B 0 -5.561e+03 9.015e+01 2.452e+01
|    ( - -3.475e+03 1 0)
|    ( - -1.996e+03 1 0))
s>    ( WDBNDRY_B 0 -5.561e+03 9.015e+01 2.452e+01
s>        ( - -3.475e+03 1 0)
s>        ( - -1.996e+03 1 0))INFO: dtree.c(1315): Comp split 78
INFO: dtree.c(1439): stop. leaf nodes are specific
INFO: dtree.c(1478): Final simple tree
|( WDBNDRY_B 0 -1.600e+05 1.649e+02 7.020e+02
|    ( - -5.879e+03 1 0)
|    ( - -1.539e+05 1 0))
s>    ( WDBNDRY_B 0 -1.600e+05 1.649e+02 7.020e+02
s>        ( - -5.879e+03 1 0)
s>        ( - -1.539e+05 1 0))INFO: dtree.c(1315): Comp split 79
INFO: dtree.c(1439): stop. leaf nodes are specific
INFO: dtree.c(1478): Final simple tree
|( WDBNDRY_B 0 -8.267e+03 1.517e+02 3.577e+01
|    ( QUESTION0 -1 -7.761e+03 1.098e+02 3.377e+01
|        ( - -5.918e+03 1 0)
|        ( - -1.733e+03 1 0))
|    ( - -3.540e+02 1 0))
s>    ( WDBNDRY_B 0 -8.267e+03 1.517e+02 3.577e+01
s>        ( QUESTION0 -1 -7.761e+03 1.098e+02 3.377e+01
s>            ( - -5.918e+03 1 0)
s>            ( - -1.733e+03 1 0))
s>        ( - -3.540e+02 1 0))INFO: dtree.c(1439): stop. leaf nodes are specific
INFO: dtree.c(1478): Final simple tree
|( QUESTION2_0_L -1 -1.470e+04 1.150e+02 6.359e+01
|    ( WDBNDRY_B 0 -1.240e+04 1.014e+02 5.359e+01
|        ( - -3.210e+03 1 0)
|        ( - -9.087e+03 2 0))
|    ( - -2.191e+03 1 0))
s>    ( QUESTION2_0_L -1 -1.470e+04 1.150e+02 6.359e+01
s>        ( WDBNDRY_B 0 -1.240e+04 1.014e+02 5.359e+01
s>            ( - -3.210e+03 1 0)
s>            ( - -9.087e+03 2 0))
s>        ( - -2.191e+03 1 0))INFO: dtree.c(1315): Comp split 80
INFO: dtree.c(1315): Comp split 81
INFO: dtree.c(1315): Comp split 82
INFO: dtree.c(1315): Comp split 83
INFO: dtree.c(1315): Comp split 84
INFO: dtree.c(1315): Comp split 85
INFO: dtree.c(1439): stop. leaf nodes are specific
INFO: dtree.c(1478): Final simple tree
|( QUESTION0 -1 -8.383e+03 1.582e+02 3.685e+01
|    ( - -1.780e+03 3 0)
|    ( WDBNDRY_B 0 -6.445e+03 1.296e+02 2.885e+01
|        ( QUESTION14 -1 -2.399e+03 1.045e+02 1.100e+01
|            ( - -1.519e+03 1 0)
|            ( - -7.752e+02 1 0))
|        ( - -3.917e+03 1 0)))
s>    ( QUESTION0 -1 -8.383e+03 1.582e+02 3.685e+01
s>        ( - -1.780e+03 3 0)
s>        ( WDBNDRY_B 0 -6.445e+03 1.296e+02 2.885e+01
s>            ( QUESTION14 -1 -2.399e+03 1.045e+02 1.100e+01
s>                ( - -1.519e+03 1 0)
s>                ( - -7.752e+02 1 0))
s>            ( - -3.917e+03 1 0)))INFO: dtree.c(1315): Comp split 86
INFO: dtree.c(1439): stop. leaf nodes are specific
INFO: dtree.c(1478): Final simple tree
|( WDBNDRY_B 0 -6.445e+03 1.296e+02 2.885e+01
|    ( QUESTION14 -1 -2.399e+03 1.045e+02 1.100e+01
|        ( - -1.519e+03 1 0)
|        ( - -7.752e+02 1 0))
|    ( - -3.917e+03 1 0))
s>    ( WDBNDRY_B 0 -6.445e+03 1.296e+02 2.885e+01
s>        ( QUESTION14 -1 -2.399e+03 1.045e+02 1.100e+01
s>            ( - -1.519e+03 1 0)
s>            ( - -7.752e+02 1 0))
s>        ( - -3.917e+03 1 0))INFO: dtree.c(1315): Comp split 87
INFO: dtree.c(1315): Comp split 88
INFO: dtree.c(1439): stop. leaf nodes are specific
INFO: dtree.c(1478): Final simple tree
|( QUESTION0 -1 -7.761e+03 1.098e+02 3.377e+01
|    ( - -5.918e+03 1 0)
|    ( - -1.733e+03 1 0))
s>    ( QUESTION0 -1 -7.761e+03 1.098e+02 3.377e+01
s>        ( - -5.918e+03 1 0)
s>        ( - -1.733e+03 1 0))INFO: dtree.c(1315): Comp split 89
INFO: dtree.c(1315): Comp split 90
INFO: dtree.c(1315): Comp split 91
INFO: dtree.c(1439): stop. leaf nodes are specific
INFO: dtree.c(1478): Final simple tree
|( WDBNDRY_B 0 -5.054e+03 1.190e+02 2.300e+01
|    ( - -4.371e+03 1 0)
|    ( - -5.639e+02 1 0))
s>    ( WDBNDRY_B 0 -5.054e+03 1.190e+02 2.300e+01
s>        ( - -4.371e+03 1 0)
s>        ( - -5.639e+02 1 0))INFO: dtree.c(1315): Comp split 92
INFO: dtree.c(1315): Comp split 93
INFO: dtree.c(1315): Comp split 94
INFO: dtree.c(1439): stop. leaf nodes are specific
INFO: dtree.c(1478): Final simple tree
|( QUESTION14 -1 -2.399e+03 1.045e+02 1.100e+01
|    ( - -1.519e+03 1 0)
|    ( - -7.752e+02 1 0))
s>    ( QUESTION14 -1 -2.399e+03 1.045e+02 1.100e+01
s>        ( - -1.519e+03 1 0)
s>        ( - -7.752e+02 1 0))INFO: dtree.c(1315): Comp split 95
INFO: dtree.c(1439): stop. leaf nodes are specific
INFO: dtree.c(1478): Final simple tree
|( SILENCE -1 -1.110e+05 1.103e+02 4.804e+02
|    ( - -1.099e+05 4 0)
|    ( - -1.003e+03 1 0))
s>    ( SILENCE -1 -1.110e+05 1.103e+02 4.804e+02
s>        ( - -1.099e+05 4 0)
s>        ( - -1.003e+03 1 0))INFO: dtree.c(1315): Comp split 96
INFO: dtree.c(1315): Comp split 97
INFO: dtree.c(1439): stop. leaf nodes are specific
INFO: dtree.c(1478): Final simple tree
|( QUESTION0_14_R 1 -5.799e+05 1.176e+02 2.543e+03
|    ( - -5.794e+05 10 0)
|    ( - -4.104e+02 1 0))
s>    ( QUESTION0_14_R 1 -5.799e+05 1.176e+02 2.543e+03
s>        ( - -5.794e+05 10 0)
s>        ( - -4.104e+02 1 0))INFO: dtree.c(1315): Comp split 98
INFO: dtree.c(1315): Comp split 99
INFO: dtree.c(1315): Comp split 100
INFO: dtree.c(1315): Comp split 101
INFO: dtree.c(1315): Comp split 102
INFO: dtree.c(1439): stop. leaf nodes are specific
INFO: dtree.c(1478): Final simple tree
|( WDBNDRY_B 0 -1.240e+04 1.014e+02 5.359e+01
|    ( - -3.210e+03 1 0)
|    ( - -9.087e+03 2 0))
s>    ( WDBNDRY_B 0 -1.240e+04 1.014e+02 5.359e+01
s>        ( - -3.210e+03 1 0)
s>        ( - -9.087e+03 2 0))INFO: dtree.c(1315): Comp split 103
INFO: dtree.c(1315): Comp split 104
INFO: dtree.c(1315): Comp split 105
INFO: dtree.c(1315): Comp split 106
INFO: dtree.c(1315): Comp split 107
INFO: dtree.c(1315): Comp split 108
INFO: dtree.c(1315): Comp split 109
INFO: dtree.c(1315): Comp split 110
INFO: dtree.c(1315): Comp split 111
INFO: dtree.c(1318): stop. leaf nodes are specific
Fri Jan  6 22:27:56 2023
