Current configuration:
[NAME]		[DEFLT]	[VALUE]
-allphones	no	no
-cntthresh	0.00001	1.000000e-05
-csplitmax	100	2000
-csplitmin	1	1
-csplitthr	8e-4	0.000000e+00
-example	no	no
-fullvar	no	no
-help		no	no
-meanfn			/mnt/c/users/robin/onedrive/desktop/cmu/Cebuano/model_parameters/Cebuano.cd_cont_untied/means
-mixwfn			/mnt/c/users/robin/onedrive/desktop/cmu/Cebuano/model_parameters/Cebuano.cd_cont_untied/mixture_weights
-moddeffn		/mnt/c/users/robin/onedrive/desktop/cmu/Cebuano/model_architecture/Cebuano.untied.mdef
-mwfloor	1e-4	1.000000e-08
-phone			AW
-psetfn			/mnt/c/users/robin/onedrive/desktop/cmu/Cebuano/model_architecture/Cebuano.tree_questions
-ssplitmax	5	7
-ssplitmin	1	1
-ssplitthr	8e-4	0.000000e+00
-state			2
-stwt			1.0,0.05,0.0,
-treefn			/mnt/c/users/robin/onedrive/desktop/cmu/Cebuano/trees/Cebuano.unpruned/AW-2.dtree
-ts2cbfn	.semi.	.cont.
-varfloor	0.00001	1.000000e-05
-varfn			/mnt/c/users/robin/onedrive/desktop/cmu/Cebuano/model_parameters/Cebuano.cd_cont_untied/variances

INFO: main.c(223): Reading: /mnt/c/users/robin/onedrive/desktop/cmu/Cebuano/model_architecture/Cebuano.untied.mdef
INFO: model_def_io.c(573): Model definition info:
INFO: model_def_io.c(574): 7744 total models defined (40 base, 7704 tri)
INFO: model_def_io.c(575): 30976 total states
INFO: model_def_io.c(576): 23232 total tied states
INFO: model_def_io.c(577): 120 total tied CI states
INFO: model_def_io.c(578): 40 total tied transition matrices
INFO: model_def_io.c(579): 4 max state/model
INFO: model_def_io.c(580): 4 min state/model
INFO: main.c(242): Building trees for [AW D N i] through [AW TH Z i]
INFO: main.c(268): Covering states |[4854 4931]| == 78
INFO: main.c(275): Reading: /mnt/c/users/robin/onedrive/desktop/cmu/Cebuano/model_parameters/Cebuano.cd_cont_untied/mixture_weights
INFO: s3mixw_io.c(172): Read /mnt/c/users/robin/onedrive/desktop/cmu/Cebuano/model_parameters/Cebuano.cd_cont_untied/mixture_weights [78x1x1 array]
INFO: main.c(311): 26 of 26 models have observation count greater than 0.000010
INFO: main.c(95): nrm stwt: 0.000 0.048 0.952 
INFO: s3gau_io.c(168): Read /mnt/c/users/robin/onedrive/desktop/cmu/Cebuano/model_parameters/Cebuano.cd_cont_untied/means [23232x1x1 array]
INFO: s3gau_io.c(168): Read /mnt/c/users/robin/onedrive/desktop/cmu/Cebuano/model_parameters/Cebuano.cd_cont_untied/variances [23232x1x1 array]
INFO: main.c(549): Reading: /mnt/c/users/robin/onedrive/desktop/cmu/Cebuano/model_architecture/Cebuano.tree_questions
INFO: main.c(587): 180 total simple questions (172 phone; 8 word bndry)
INFO: main.c(589): 42 Left Only questions, and 42 Right Only questions
INFO: dtree.c(1478): Final simple tree
|( QUESTION0 1 -2.809e+05 3.104e+03 1.198e+03
|    ( QUESTION0_14_R 1 -8.954e+04 1.725e+03 4.074e+02
|        ( - -4.564e+04 3 0 QUESTION12 -1 2.734e+02 2.013e+02)
|        ( - -4.217e+04 1 0))
|    ( QUESTION0_4_R 1 -1.883e+05 1.098e+03 7.911e+02
|        ( - -3.509e+04 4 0 QUESTION10 -1 3.837e+02 1.513e+02)
|        ( QUESTION0_2_R 1 -1.521e+05 7.750e+02 6.397e+02
|            ( - -3.989e+04 4 0 WDBNDRY_E 0 2.407e+02 1.745e+02)
|            ( QUESTION10 -1 -1.114e+05 6.932e+02 4.653e+02
|                ( - -1.426e+04 3 0 QUESTION2_10_L -1 1.508e+02 6.431e+01)
|                ( WDBNDRY_E 0 -9.646e+04 5.350e+02 4.010e+02
|                    ( QUESTION0_0_R 1 -3.585e+04 5.725e+02 1.477e+02
|                        ( - -1.503e+04 3 0 QUESTION2_0_L -1 3.264e+02 6.430e+01)
|                        ( - -2.025e+04 4 0 QUESTION0_17_R 1 1.687e+02 8.339e+01))
|                    ( - -6.007e+04 4 0 QUESTION10 1 3.829e+02 2.533e+02))))))
s>    ( QUESTION0 1 -2.809e+05 3.104e+03 1.198e+03
s>        ( QUESTION0_14_R 1 -8.954e+04 1.725e+03 4.074e+02
s>            ( - -4.564e+04 3 0 QUESTION12 -1 2.734e+02 2.013e+02)
s>            ( - -4.217e+04 1 0))
s>        ( QUESTION0_4_R 1 -1.883e+05 1.098e+03 7.911e+02
s>            ( - -3.509e+04 4 0 QUESTION10 -1 3.837e+02 1.513e+02)
s>            ( QUESTION0_2_R 1 -1.521e+05 7.750e+02 6.397e+02
s>                ( - -3.989e+04 4 0 WDBNDRY_E 0 2.407e+02 1.745e+02)
s>                ( QUESTION10 -1 -1.114e+05 6.932e+02 4.653e+02
s>                    ( - -1.426e+04 3 0 QUESTION2_10_L -1 1.508e+02 6.431e+01)
s>                    ( WDBNDRY_E 0 -9.646e+04 5.350e+02 4.010e+02
s>                        ( QUESTION0_0_R 1 -3.585e+04 5.725e+02 1.477e+02
s>                            ( - -1.503e+04 3 0 QUESTION2_0_L -1 3.264e+02 6.430e+01)
s>                            ( - -2.025e+04 4 0 QUESTION0_17_R 1 1.687e+02 8.339e+01))
s>                        ( - -6.007e+04 4 0 QUESTION10 1 3.829e+02 2.533e+02))))))INFO: dtree.c(1315): Comp split 0
INFO: dtree.c(1478): Final simple tree
|( QUESTION0_4_R 1 -1.883e+05 1.098e+03 7.911e+02
|    ( QUESTION10 -1 -3.509e+04 3.837e+02 1.513e+02
|        ( - -9.000e+03 1 0)
|        ( - -2.570e+04 3 0 WDBNDRY_E 0 1.804e+02 1.109e+02))
|    ( QUESTION0_2_R 1 -1.521e+05 7.750e+02 6.397e+02
|        ( - -3.989e+04 4 0 WDBNDRY_E 0 2.407e+02 1.745e+02)
|        ( QUESTION10 -1 -1.114e+05 6.932e+02 4.653e+02
|            ( - -1.426e+04 3 0 QUESTION2_10_L -1 1.508e+02 6.431e+01)
|            ( WDBNDRY_E 0 -9.646e+04 5.350e+02 4.010e+02
|                ( QUESTION0_0_R 1 -3.585e+04 5.725e+02 1.477e+02
|                    ( - -1.503e+04 3 0 QUESTION2_0_L -1 3.264e+02 6.430e+01)
|                    ( - -2.025e+04 4 0 QUESTION0_17_R 1 1.687e+02 8.339e+01))
|                ( QUESTION10 1 -6.007e+04 3.829e+02 2.533e+02
|                    ( - -5.078e+04 3 0)
|                    ( - -8.911e+03 1 0))))))
s>    ( QUESTION0_4_R 1 -1.883e+05 1.098e+03 7.911e+02
s>        ( QUESTION10 -1 -3.509e+04 3.837e+02 1.513e+02
s>            ( - -9.000e+03 1 0)
s>            ( - -2.570e+04 3 0 WDBNDRY_E 0 1.804e+02 1.109e+02))
s>        ( QUESTION0_2_R 1 -1.521e+05 7.750e+02 6.397e+02
s>            ( - -3.989e+04 4 0 WDBNDRY_E 0 2.407e+02 1.745e+02)
s>            ( QUESTION10 -1 -1.114e+05 6.932e+02 4.653e+02
s>                ( - -1.426e+04 3 0 QUESTION2_10_L -1 1.508e+02 6.431e+01)
s>                ( WDBNDRY_E 0 -9.646e+04 5.350e+02 4.010e+02
s>                    ( QUESTION0_0_R 1 -3.585e+04 5.725e+02 1.477e+02
s>                        ( - -1.503e+04 3 0 QUESTION2_0_L -1 3.264e+02 6.430e+01)
s>                        ( - -2.025e+04 4 0 QUESTION0_17_R 1 1.687e+02 8.339e+01))
s>                    ( QUESTION10 1 -6.007e+04 3.829e+02 2.533e+02
s>                        ( - -5.078e+04 3 0)
s>                        ( - -8.911e+03 1 0))))))INFO: dtree.c(1439): stop. leaf nodes are specific
INFO: dtree.c(1478): Final simple tree
|( QUESTION0_14_R 1 -8.954e+04 1.725e+03 4.074e+02
|    ( QUESTION12 -1 -4.564e+04 2.734e+02 2.013e+02
|        ( - -4.034e+04 1 0)
|        ( QUESTION10 -1 -5.027e+03 2.070e+02 2.317e+01
|            ( - -2.094e+03 1 0)
|            ( - -2.725e+03 1 0)))
|    ( - -4.217e+04 1 0))
s>    ( QUESTION0_14_R 1 -8.954e+04 1.725e+03 4.074e+02
s>        ( QUESTION12 -1 -4.564e+04 2.734e+02 2.013e+02
s>            ( - -4.034e+04 1 0)
s>            ( QUESTION10 -1 -5.027e+03 2.070e+02 2.317e+01
s>                ( - -2.094e+03 1 0)
s>                ( - -2.725e+03 1 0)))
s>        ( - -4.217e+04 1 0))INFO: dtree.c(1315): Comp split 1
INFO: dtree.c(1439): stop. leaf nodes are specific
INFO: dtree.c(1478): Final simple tree
|( QUESTION12 -1 -4.564e+04 2.734e+02 2.013e+02
|    ( - -4.034e+04 1 0)
|    ( QUESTION10 -1 -5.027e+03 2.070e+02 2.317e+01
|        ( - -2.094e+03 1 0)
|        ( - -2.725e+03 1 0)))
s>    ( QUESTION12 -1 -4.564e+04 2.734e+02 2.013e+02
s>        ( - -4.034e+04 1 0)
s>        ( QUESTION10 -1 -5.027e+03 2.070e+02 2.317e+01
s>            ( - -2.094e+03 1 0)
s>            ( - -2.725e+03 1 0)))INFO: dtree.c(1315): Comp split 2
INFO: dtree.c(1439): stop. leaf nodes are specific
INFO: dtree.c(1478): Final simple tree
|( QUESTION10 -1 -4.438e+04 4.186e+02 1.900e+02
|    ( - -9.000e+03 1 0)
|    ( QUESTION0_1_R 1 -3.496e+04 3.444e+02 1.495e+02
|        ( - -8.911e+03 1 0)
|        ( WDBNDRY_E 0 -2.570e+04 1.804e+02 1.109e+02
|            ( - -2.382e+04 1 0)
|            ( QUESTION0_5_R 1 -1.708e+03 1.560e+02 8.000e+00
|                ( - -1.294e+03 1 0)
|                ( - -2.585e+02 1 0)))))
s>    ( QUESTION10 -1 -4.438e+04 4.186e+02 1.900e+02
s>        ( - -9.000e+03 1 0)
s>        ( QUESTION0_1_R 1 -3.496e+04 3.444e+02 1.495e+02
s>            ( - -8.911e+03 1 0)
s>            ( WDBNDRY_E 0 -2.570e+04 1.804e+02 1.109e+02
s>                ( - -2.382e+04 1 0)
s>                ( QUESTION0_5_R 1 -1.708e+03 1.560e+02 8.000e+00
s>                    ( - -1.294e+03 1 0)
s>                    ( - -2.585e+02 1 0)))))INFO: dtree.c(1478): Final simple tree
|( QUESTION12 1 -1.427e+05 8.333e+02 6.011e+02
|    ( WDBNDRY_E 0 -2.989e+04 5.930e+02 1.286e+02
|        ( QUESTION2_0_L -1 -1.503e+04 3.264e+02 6.430e+01
|            ( - -8.955e+03 2 0)
|            ( - -5.749e+03 1 0))
|        ( - -1.426e+04 3 0 QUESTION2_10_L -1 1.508e+02 6.431e+01))
|    ( QUESTION0_2_R 1 -1.120e+05 6.117e+02 4.725e+02
|        ( WDBNDRY_E 0 -3.989e+04 2.407e+02 1.745e+02
|            ( - -3.716e+04 3 0)
|            ( - -2.495e+03 1 0))
|        ( WDBNDRY_E 0 -7.146e+04 4.343e+02 2.980e+02
|            ( QUESTION0_17_R 1 -2.025e+04 1.687e+02 8.339e+01
|                ( - -1.885e+03 1 0)
|                ( - -1.820e+04 3 0 QUESTION0_9_R 1 1.528e+02 7.439e+01))
|            ( - -5.078e+04 3 0))))
s>    ( QUESTION12 1 -1.427e+05 8.333e+02 6.011e+02
s>        ( WDBNDRY_E 0 -2.989e+04 5.930e+02 1.286e+02
s>            ( QUESTION2_0_L -1 -1.503e+04 3.264e+02 6.430e+01
s>                ( - -8.955e+03 2 0)
s>                ( - -5.749e+03 1 0))
s>            ( - -1.426e+04 3 0 QUESTION2_10_L -1 1.508e+02 6.431e+01))
s>        ( QUESTION0_2_R 1 -1.120e+05 6.117e+02 4.725e+02
s>            ( WDBNDRY_E 0 -3.989e+04 2.407e+02 1.745e+02
s>                ( - -3.716e+04 3 0)
s>                ( - -2.495e+03 1 0))
s>            ( WDBNDRY_E 0 -7.146e+04 4.343e+02 2.980e+02
s>                ( QUESTION0_17_R 1 -2.025e+04 1.687e+02 8.339e+01
s>                    ( - -1.885e+03 1 0)
s>                    ( - -1.820e+04 3 0 QUESTION0_9_R 1 1.528e+02 7.439e+01))
s>                ( - -5.078e+04 3 0))))INFO: dtree.c(1315): Comp split 3
INFO: dtree.c(1439): stop. leaf nodes are specific
INFO: dtree.c(1478): Final simple tree
|( QUESTION0_2_R 1 -1.120e+05 6.117e+02 4.725e+02
|    ( WDBNDRY_E 0 -3.989e+04 2.407e+02 1.745e+02
|        ( - -3.716e+04 3 0)
|        ( - -2.495e+03 1 0))
|    ( WDBNDRY_E 0 -7.146e+04 4.343e+02 2.980e+02
|        ( QUESTION0_17_R 1 -2.025e+04 1.687e+02 8.339e+01
|            ( - -1.885e+03 1 0)
|            ( QUESTION0_9_R 1 -1.820e+04 1.528e+02 7.439e+01
|                ( - -1.223e+04 1 0)
|                ( QUESTION14 1 -5.817e+03 1.304e+02 2.209e+01
|                    ( - -2.450e+03 1 0)
|                    ( - -3.237e+03 1 0))))
|        ( - -5.078e+04 3 0)))
s>    ( QUESTION0_2_R 1 -1.120e+05 6.117e+02 4.725e+02
s>        ( WDBNDRY_E 0 -3.989e+04 2.407e+02 1.745e+02
s>            ( - -3.716e+04 3 0)
s>            ( - -2.495e+03 1 0))
s>        ( WDBNDRY_E 0 -7.146e+04 4.343e+02 2.980e+02
s>            ( QUESTION0_17_R 1 -2.025e+04 1.687e+02 8.339e+01
s>                ( - -1.885e+03 1 0)
s>                ( QUESTION0_9_R 1 -1.820e+04 1.528e+02 7.439e+01
s>                    ( - -1.223e+04 1 0)
s>                    ( QUESTION14 1 -5.817e+03 1.304e+02 2.209e+01
s>                        ( - -2.450e+03 1 0)
s>                        ( - -3.237e+03 1 0))))
s>            ( - -5.078e+04 3 0)))INFO: dtree.c(1439): stop. leaf nodes are specific
INFO: dtree.c(1478): Final simple tree
|( WDBNDRY_E 0 -2.989e+04 5.930e+02 1.286e+02
|    ( QUESTION2_0_L -1 -1.503e+04 3.264e+02 6.430e+01
|        ( - -8.955e+03 2 0)
|        ( - -5.749e+03 1 0))
|    ( QUESTION2_10_L -1 -1.426e+04 1.508e+02 6.431e+01
|        ( - -9.762e+03 2 0)
|        ( - -4.351e+03 1 0)))
s>    ( WDBNDRY_E 0 -2.989e+04 5.930e+02 1.286e+02
s>        ( QUESTION2_0_L -1 -1.503e+04 3.264e+02 6.430e+01
s>            ( - -8.955e+03 2 0)
s>            ( - -5.749e+03 1 0))
s>        ( QUESTION2_10_L -1 -1.426e+04 1.508e+02 6.431e+01
s>            ( - -9.762e+03 2 0)
s>            ( - -4.351e+03 1 0)))INFO: dtree.c(1315): Comp split 4
INFO: dtree.c(1439): stop. leaf nodes are specific
INFO: dtree.c(1478): Final simple tree
|( QUESTION0_0_R 1 -4.053e+04 1.342e+02 1.736e+02
|    ( - -3.716e+04 3 0)
|    ( - -3.237e+03 1 0))
s>    ( QUESTION0_0_R 1 -4.053e+04 1.342e+02 1.736e+02
s>        ( - -3.716e+04 3 0)
s>        ( - -3.237e+03 1 0))INFO: dtree.c(1439): stop. leaf nodes are specific
INFO: dtree.c(1478): Final simple tree
|( QUESTION15 1 -7.077e+04 4.301e+02 2.990e+02
|    ( QUESTION0_9_R 1 -1.428e+04 1.684e+02 6.130e+01
|        ( - -1.223e+04 1 0)
|        ( - -1.885e+03 1 0))
|    ( QUESTION0_2_R 1 -5.606e+04 2.027e+02 2.377e+02
|        ( - -2.495e+03 1 0)
|        ( WDBNDRY_E 0 -5.337e+04 1.378e+02 2.257e+02
|            ( - -2.450e+03 1 0)
|            ( - -5.078e+04 3 0))))
s>    ( QUESTION15 1 -7.077e+04 4.301e+02 2.990e+02
s>        ( QUESTION0_9_R 1 -1.428e+04 1.684e+02 6.130e+01
s>            ( - -1.223e+04 1 0)
s>            ( - -1.885e+03 1 0))
s>        ( QUESTION0_2_R 1 -5.606e+04 2.027e+02 2.377e+02
s>            ( - -2.495e+03 1 0)
s>            ( WDBNDRY_E 0 -5.337e+04 1.378e+02 2.257e+02
s>                ( - -2.450e+03 1 0)
s>                ( - -5.078e+04 3 0))))INFO: dtree.c(1315): Comp split 5
INFO: dtree.c(1439): stop. leaf nodes are specific
INFO: dtree.c(1478): Final simple tree
|( QUESTION2_10_L -1 -1.426e+04 1.508e+02 6.431e+01
|    ( - -9.762e+03 2 0)
|    ( - -4.351e+03 1 0))
s>    ( QUESTION2_10_L -1 -1.426e+04 1.508e+02 6.431e+01
s>        ( - -9.762e+03 2 0)
s>        ( - -4.351e+03 1 0))INFO: dtree.c(1439): stop. leaf nodes are specific
INFO: dtree.c(1478): Final simple tree
|( QUESTION2_0_L -1 -1.503e+04 3.264e+02 6.430e+01
|    ( - -8.955e+03 2 0)
|    ( - -5.749e+03 1 0))
s>    ( QUESTION2_0_L -1 -1.503e+04 3.264e+02 6.430e+01
s>        ( - -8.955e+03 2 0)
s>        ( - -5.749e+03 1 0))INFO: dtree.c(1315): Comp split 6
INFO: dtree.c(1439): stop. leaf nodes are specific
INFO: dtree.c(1478): Final simple tree
|( QUESTION0_2_R 1 -5.606e+04 2.027e+02 2.377e+02
|    ( - -2.495e+03 1 0)
|    ( WDBNDRY_E 0 -5.337e+04 1.378e+02 2.257e+02
|        ( - -2.450e+03 1 0)
|        ( - -5.078e+04 3 0)))
s>    ( QUESTION0_2_R 1 -5.606e+04 2.027e+02 2.377e+02
s>        ( - -2.495e+03 1 0)
s>        ( WDBNDRY_E 0 -5.337e+04 1.378e+02 2.257e+02
s>            ( - -2.450e+03 1 0)
s>            ( - -5.078e+04 3 0)))INFO: dtree.c(1439): stop. leaf nodes are specific
INFO: dtree.c(1478): Final simple tree
|( QUESTION0_9_R 1 -1.428e+04 1.684e+02 6.130e+01
|    ( - -1.223e+04 1 0)
|    ( - -1.885e+03 1 0))
s>    ( QUESTION0_9_R 1 -1.428e+04 1.684e+02 6.130e+01
s>        ( - -1.223e+04 1 0)
s>        ( - -1.885e+03 1 0))INFO: dtree.c(1315): Comp split 7
INFO: dtree.c(1439): stop. leaf nodes are specific
INFO: dtree.c(1478): Final simple tree
|( QUESTION0_1_R 1 -3.496e+04 3.444e+02 1.495e+02
|    ( - -8.911e+03 1 0)
|    ( WDBNDRY_E 0 -2.570e+04 1.804e+02 1.109e+02
|        ( - -2.382e+04 1 0)
|        ( QUESTION0_5_R 1 -1.708e+03 1.560e+02 8.000e+00
|            ( - -1.294e+03 1 0)
|            ( - -2.585e+02 1 0))))
s>    ( QUESTION0_1_R 1 -3.496e+04 3.444e+02 1.495e+02
s>        ( - -8.911e+03 1 0)
s>        ( WDBNDRY_E 0 -2.570e+04 1.804e+02 1.109e+02
s>            ( - -2.382e+04 1 0)
s>            ( QUESTION0_5_R 1 -1.708e+03 1.560e+02 8.000e+00
s>                ( - -1.294e+03 1 0)
s>                ( - -2.585e+02 1 0))))INFO: dtree.c(1315): Comp split 8
INFO: dtree.c(1439): stop. leaf nodes are specific
INFO: dtree.c(1478): Final simple tree
|( WDBNDRY_E 0 -2.570e+04 1.804e+02 1.109e+02
|    ( - -2.382e+04 1 0)
|    ( QUESTION0_5_R 1 -1.708e+03 1.560e+02 8.000e+00
|        ( - -1.294e+03 1 0)
|        ( - -2.585e+02 1 0)))
s>    ( WDBNDRY_E 0 -2.570e+04 1.804e+02 1.109e+02
s>        ( - -2.382e+04 1 0)
s>        ( QUESTION0_5_R 1 -1.708e+03 1.560e+02 8.000e+00
s>            ( - -1.294e+03 1 0)
s>            ( - -2.585e+02 1 0)))INFO: dtree.c(1315): Comp split 9
INFO: dtree.c(1315): Comp split 10
INFO: dtree.c(1439): stop. leaf nodes are specific
INFO: dtree.c(1478): Final simple tree
|( QUESTION10 -1 -5.027e+03 2.070e+02 2.317e+01
|    ( - -2.094e+03 1 0)
|    ( - -2.725e+03 1 0))
s>    ( QUESTION10 -1 -5.027e+03 2.070e+02 2.317e+01
s>        ( - -2.094e+03 1 0)
s>        ( - -2.725e+03 1 0))INFO: dtree.c(1315): Comp split 11
INFO: dtree.c(1315): Comp split 12
INFO: dtree.c(1439): stop. leaf nodes are specific
INFO: dtree.c(1478): Final simple tree
|( WDBNDRY_E 0 -5.337e+04 1.378e+02 2.257e+02
|    ( - -2.450e+03 1 0)
|    ( - -5.078e+04 3 0))
s>    ( WDBNDRY_E 0 -5.337e+04 1.378e+02 2.257e+02
s>        ( - -2.450e+03 1 0)
s>        ( - -5.078e+04 3 0))INFO: dtree.c(1315): Comp split 13
INFO: dtree.c(1439): stop. leaf nodes are specific
INFO: dtree.c(1478): Final simple tree
|( QUESTION0_5_R 1 -1.708e+03 1.560e+02 8.000e+00
|    ( - -1.294e+03 1 0)
|    ( - -2.585e+02 1 0))
s>    ( QUESTION0_5_R 1 -1.708e+03 1.560e+02 8.000e+00
s>        ( - -1.294e+03 1 0)
s>        ( - -2.585e+02 1 0))INFO: dtree.c(1315): Comp split 14
INFO: dtree.c(1315): Comp split 15
INFO: dtree.c(1315): Comp split 16
INFO: dtree.c(1315): Comp split 17
INFO: dtree.c(1315): Comp split 18
INFO: dtree.c(1315): Comp split 19
INFO: dtree.c(1318): stop. leaf nodes are specific
Fri Jan  6 22:27:01 2023
