Current configuration:
[NAME]		[DEFLT]	[VALUE]
-allphones	no	no
-cntthresh	0.00001	1.000000e-05
-csplitmax	100	2000
-csplitmin	1	1
-csplitthr	8e-4	0.000000e+00
-example	no	no
-fullvar	no	no
-help		no	no
-meanfn			/mnt/c/users/robin/onedrive/desktop/cmu/Cebuano/model_parameters/Cebuano.cd_cont_untied/means
-mixwfn			/mnt/c/users/robin/onedrive/desktop/cmu/Cebuano/model_parameters/Cebuano.cd_cont_untied/mixture_weights
-moddeffn		/mnt/c/users/robin/onedrive/desktop/cmu/Cebuano/model_architecture/Cebuano.untied.mdef
-mwfloor	1e-4	1.000000e-08
-phone			AY
-psetfn			/mnt/c/users/robin/onedrive/desktop/cmu/Cebuano/model_architecture/Cebuano.tree_questions
-ssplitmax	5	7
-ssplitmin	1	1
-ssplitthr	8e-4	0.000000e+00
-state			1
-stwt			1.0,0.05,0.0,
-treefn			/mnt/c/users/robin/onedrive/desktop/cmu/Cebuano/trees/Cebuano.unpruned/AY-1.dtree
-ts2cbfn	.semi.	.cont.
-varfloor	0.00001	1.000000e-05
-varfn			/mnt/c/users/robin/onedrive/desktop/cmu/Cebuano/model_parameters/Cebuano.cd_cont_untied/variances

INFO: main.c(223): Reading: /mnt/c/users/robin/onedrive/desktop/cmu/Cebuano/model_architecture/Cebuano.untied.mdef
INFO: model_def_io.c(573): Model definition info:
INFO: model_def_io.c(574): 7744 total models defined (40 base, 7704 tri)
INFO: model_def_io.c(575): 30976 total states
INFO: model_def_io.c(576): 23232 total tied states
INFO: model_def_io.c(577): 120 total tied CI states
INFO: model_def_io.c(578): 40 total tied transition matrices
INFO: model_def_io.c(579): 4 max state/model
INFO: model_def_io.c(580): 4 min state/model
INFO: main.c(242): Building trees for [AY AA AH i] through [AY W OW i]
INFO: main.c(268): Covering states |[4932 5360]| == 429
INFO: main.c(275): Reading: /mnt/c/users/robin/onedrive/desktop/cmu/Cebuano/model_parameters/Cebuano.cd_cont_untied/mixture_weights
INFO: s3mixw_io.c(172): Read /mnt/c/users/robin/onedrive/desktop/cmu/Cebuano/model_parameters/Cebuano.cd_cont_untied/mixture_weights [429x1x1 array]
INFO: main.c(311): 141 of 143 models have observation count greater than 0.000010
INFO: main.c(95): nrm stwt: 0.045 0.909 0.045 
INFO: s3gau_io.c(168): Read /mnt/c/users/robin/onedrive/desktop/cmu/Cebuano/model_parameters/Cebuano.cd_cont_untied/means [23232x1x1 array]
INFO: s3gau_io.c(168): Read /mnt/c/users/robin/onedrive/desktop/cmu/Cebuano/model_parameters/Cebuano.cd_cont_untied/variances [23232x1x1 array]
INFO: main.c(549): Reading: /mnt/c/users/robin/onedrive/desktop/cmu/Cebuano/model_architecture/Cebuano.tree_questions
INFO: main.c(587): 180 total simple questions (172 phone; 8 word bndry)
INFO: main.c(589): 42 Left Only questions, and 42 Right Only questions
INFO: dtree.c(1478): Final simple tree
|( QUESTION0_14_R 1 -3.679e+06 2.968e+04 1.609e+04
|    ( QUESTION13 -1 -1.618e+06 7.446e+03 7.274e+03
|        ( - -9.680e+05 12 0 QUESTION14 -1 2.214e+03 4.451e+03)
|        ( QUESTION2_19_L -1 -6.430e+05 5.287e+03 2.823e+03
|            ( - -2.301e+05 2 0)
|            ( - -4.076e+05 20 0 QUESTION2 -1 4.037e+03 1.797e+03)))
|    ( QUESTION16 1 -2.031e+06 2.005e+04 8.820e+03
|        ( - -5.385e+05 16 0 QUESTION2_0_L -1 2.863e+03 2.396e+03)
|        ( WDBNDRY_B 0 -1.472e+06 1.672e+04 6.424e+03
|            ( - -4.722e+05 14 0 QUESTION0_0_R 1 4.734e+03 2.205e+03)
|            ( QUESTION0_0_R 1 -9.835e+05 8.310e+03 4.219e+03
|                ( - -4.438e+05 41 0 QUESTION12 -1 1.886e+03 1.920e+03)
|                ( SILENCE 1 -5.314e+05 6.658e+03 2.299e+03
|                    ( - -8.169e+04 2 0 SILENCE -1 2.516e+02 3.809e+02)
|                    ( - -4.430e+05 34 0 QUESTION3 -1 4.552e+03 1.918e+03))))))
s>    ( QUESTION0_14_R 1 -3.679e+06 2.968e+04 1.609e+04
s>        ( QUESTION13 -1 -1.618e+06 7.446e+03 7.274e+03
s>            ( - -9.680e+05 12 0 QUESTION14 -1 2.214e+03 4.451e+03)
s>            ( QUESTION2_19_L -1 -6.430e+05 5.287e+03 2.823e+03
s>                ( - -2.301e+05 2 0)
s>                ( - -4.076e+05 20 0 QUESTION2 -1 4.037e+03 1.797e+03)))
s>        ( QUESTION16 1 -2.031e+06 2.005e+04 8.820e+03
s>            ( - -5.385e+05 16 0 QUESTION2_0_L -1 2.863e+03 2.396e+03)
s>            ( WDBNDRY_B 0 -1.472e+06 1.672e+04 6.424e+03
s>                ( - -4.722e+05 14 0 QUESTION0_0_R 1 4.734e+03 2.205e+03)
s>                ( QUESTION0_0_R 1 -9.835e+05 8.310e+03 4.219e+03
s>                    ( - -4.438e+05 41 0 QUESTION12 -1 1.886e+03 1.920e+03)
s>                    ( SILENCE 1 -5.314e+05 6.658e+03 2.299e+03
s>                        ( - -8.169e+04 2 0 SILENCE -1 2.516e+02 3.809e+02)
s>                        ( - -4.430e+05 34 0 QUESTION3 -1 4.552e+03 1.918e+03))))))INFO: dtree.c(1315): Comp split 0
INFO: dtree.c(1478): Final simple tree
|( WDBNDRY_B 0 -1.472e+06 1.672e+04 6.424e+03
|    ( QUESTION0_0_R 1 -4.722e+05 4.734e+03 2.205e+03
|        ( - -3.431e+04 4 0 QUESTION0_1_R 1 3.319e+02 1.451e+02)
|        ( SILENCE -1 -4.331e+05 2.863e+03 2.060e+03
|            ( - -3.167e+04 1 0)
|            ( QUESTION2_19_L -1 -3.986e+05 2.665e+03 1.883e+03
|                ( - -2.207e+05 1 0)
|                ( - -1.752e+05 8 0 QUESTION0 -1 6.809e+02 8.160e+02))))
|    ( QUESTION0_0_R 1 -9.835e+05 8.310e+03 4.219e+03
|        ( - -4.438e+05 41 0 QUESTION12 -1 1.886e+03 1.920e+03)
|        ( SILENCE 1 -5.314e+05 6.658e+03 2.299e+03
|            ( - -8.169e+04 2 0 SILENCE -1 2.516e+02 3.809e+02)
|            ( QUESTION3 -1 -4.430e+05 4.552e+03 1.918e+03
|                ( - -2.015e+05 4 0 QUESTION0_16_R 1 6.861e+02 8.721e+02)
|                ( - -2.370e+05 30 0 QUESTION0_17_R 1 1.565e+03 1.046e+03)))))
s>    ( WDBNDRY_B 0 -1.472e+06 1.672e+04 6.424e+03
s>        ( QUESTION0_0_R 1 -4.722e+05 4.734e+03 2.205e+03
s>            ( - -3.431e+04 4 0 QUESTION0_1_R 1 3.319e+02 1.451e+02)
s>            ( SILENCE -1 -4.331e+05 2.863e+03 2.060e+03
s>                ( - -3.167e+04 1 0)
s>                ( QUESTION2_19_L -1 -3.986e+05 2.665e+03 1.883e+03
s>                    ( - -2.207e+05 1 0)
s>                    ( - -1.752e+05 8 0 QUESTION0 -1 6.809e+02 8.160e+02))))
s>        ( QUESTION0_0_R 1 -9.835e+05 8.310e+03 4.219e+03
s>            ( - -4.438e+05 41 0 QUESTION12 -1 1.886e+03 1.920e+03)
s>            ( SILENCE 1 -5.314e+05 6.658e+03 2.299e+03
s>                ( - -8.169e+04 2 0 SILENCE -1 2.516e+02 3.809e+02)
s>                ( QUESTION3 -1 -4.430e+05 4.552e+03 1.918e+03
s>                    ( - -2.015e+05 4 0 QUESTION0_16_R 1 6.861e+02 8.721e+02)
s>                    ( - -2.370e+05 30 0 QUESTION0_17_R 1 1.565e+03 1.046e+03)))))INFO: dtree.c(1478): Final simple tree
|( QUESTION0_9_R 1 -2.170e+06 1.361e+04 9.670e+03
|    ( QUESTION12 -1 -5.153e+05 2.774e+03 2.294e+03
|        ( - -1.964e+05 1 0)
|        ( - -3.162e+05 10 0 QUESTION2_1_L -1 1.125e+03 1.411e+03))
|    ( QUESTION13 -1 -1.641e+06 7.528e+03 7.376e+03
|        ( QUESTION14 -1 -9.680e+05 2.214e+03 4.451e+03
|            ( - -8.212e+05 7 0 QUESTION2_0_L -1 1.031e+03 3.775e+03)
|            ( - -1.446e+05 5 0 QUESTION2_15_L -1 1.186e+03 6.757e+02))
|        ( QUESTION2 -1 -6.659e+05 5.069e+03 2.925e+03
|            ( - -4.880e+04 5 0 QUESTION3 -1 1.901e+02 2.134e+02)
|            ( QUESTION2_19_L -1 -6.121e+05 4.081e+03 2.711e+03
|                ( - -2.301e+05 2 0)
|                ( QUESTION11 -1 -3.779e+05 2.052e+03 1.685e+03
|                    ( - -2.028e+05 5 0 QUESTION2_0_L -1 2.922e+02 9.200e+02)
|                    ( - -1.730e+05 15 0 QUESTION0_16_R 1 9.112e+02 7.652e+02))))))
s>    ( QUESTION0_9_R 1 -2.170e+06 1.361e+04 9.670e+03
s>        ( QUESTION12 -1 -5.153e+05 2.774e+03 2.294e+03
s>            ( - -1.964e+05 1 0)
s>            ( - -3.162e+05 10 0 QUESTION2_1_L -1 1.125e+03 1.411e+03))
s>        ( QUESTION13 -1 -1.641e+06 7.528e+03 7.376e+03
s>            ( QUESTION14 -1 -9.680e+05 2.214e+03 4.451e+03
s>                ( - -8.212e+05 7 0 QUESTION2_0_L -1 1.031e+03 3.775e+03)
s>                ( - -1.446e+05 5 0 QUESTION2_15_L -1 1.186e+03 6.757e+02))
s>            ( QUESTION2 -1 -6.659e+05 5.069e+03 2.925e+03
s>                ( - -4.880e+04 5 0 QUESTION3 -1 1.901e+02 2.134e+02)
s>                ( QUESTION2_19_L -1 -6.121e+05 4.081e+03 2.711e+03
s>                    ( - -2.301e+05 2 0)
s>                    ( QUESTION11 -1 -3.779e+05 2.052e+03 1.685e+03
s>                        ( - -2.028e+05 5 0 QUESTION2_0_L -1 2.922e+02 9.200e+02)
s>                        ( - -1.730e+05 15 0 QUESTION0_16_R 1 9.112e+02 7.652e+02))))))INFO: dtree.c(1315): Comp split 1
INFO: dtree.c(1478): Final simple tree
|( WDBNDRY_B 0 -5.217e+05 6.857e+03 2.441e+03
|    ( SILENCE -1 -4.331e+05 2.863e+03 2.060e+03
|        ( - -3.167e+04 1 0)
|        ( QUESTION2_19_L -1 -3.986e+05 2.665e+03 1.883e+03
|            ( - -2.207e+05 1 0)
|            ( QUESTION0 -1 -1.752e+05 6.809e+02 8.160e+02
|                ( QUESTION2_0_L -1 -1.404e+05 2.795e+02 6.523e+02
|                    ( - -1.405e+03 1 0)
|                    ( - -1.387e+05 1 0))
|                ( QUESTION2 -1 -3.419e+04 4.927e+02 1.637e+02
|                    ( - 2.198e+02 1 0)
|                    ( QUESTION14 -1 -3.392e+04 2.604e+02 1.627e+02
|                        ( - -1.796e+03 1 0)
|                        ( - -3.187e+04 4 0 QUESTION2_0_L -1 1.925e+02 1.537e+02))))))
|    ( - -8.169e+04 2 0 SILENCE -1 2.516e+02 3.809e+02))
s>    ( WDBNDRY_B 0 -5.217e+05 6.857e+03 2.441e+03
s>        ( SILENCE -1 -4.331e+05 2.863e+03 2.060e+03
s>            ( - -3.167e+04 1 0)
s>            ( QUESTION2_19_L -1 -3.986e+05 2.665e+03 1.883e+03
s>                ( - -2.207e+05 1 0)
s>                ( QUESTION0 -1 -1.752e+05 6.809e+02 8.160e+02
s>                    ( QUESTION2_0_L -1 -1.404e+05 2.795e+02 6.523e+02
s>                        ( - -1.405e+03 1 0)
s>                        ( - -1.387e+05 1 0))
s>                    ( QUESTION2 -1 -3.419e+04 4.927e+02 1.637e+02
s>                        ( - 2.198e+02 1 0)
s>                        ( QUESTION14 -1 -3.392e+04 2.604e+02 1.627e+02
s>                            ( - -1.796e+03 1 0)
s>                            ( - -3.187e+04 4 0 QUESTION2_0_L -1 1.925e+02 1.537e+02))))))
s>        ( - -8.169e+04 2 0 SILENCE -1 2.516e+02 3.809e+02))INFO: dtree.c(1478): Final simple tree
|( QUESTION14 1 -9.302e+05 8.025e+03 3.983e+03
|    ( QUESTION2 -1 -2.988e+05 3.223e+03 1.282e+03
|        ( - -1.865e+05 2 0)
|        ( - -1.091e+05 16 0 QUESTION11 -1 7.849e+02 4.742e+02))
|    ( QUESTION0_2_R 1 -6.233e+05 3.049e+03 2.701e+03
|        ( QUESTION10 -1 -2.659e+05 2.176e+03 1.145e+03
|            ( QUESTION0_3_R 1 -1.553e+05 1.395e+03 6.676e+02
|                ( - -9.361e+04 3 0 QUESTION2_10_L -1 7.346e+02 4.062e+02)
|                ( - -6.031e+04 3 0 WDBNDRY_E 0 4.740e+02 2.614e+02))
|            ( - -1.084e+05 14 0 QUESTION0_3_R 1 8.068e+02 4.769e+02))
|        ( QUESTION0_16_R 1 -3.544e+05 1.695e+03 1.556e+03
|            ( - -3.004e+04 3 0 QUESTION2 -1 6.549e+02 1.404e+02)
|            ( QUESTION0_13_R 1 -3.227e+05 1.366e+03 1.416e+03
|                ( - -6.831e+04 9 0 QUESTION14 -1 8.446e+02 2.990e+02)
|                ( - -2.530e+05 29 0 QUESTION0_0_R 1 1.218e+03 1.117e+03)))))
s>    ( QUESTION14 1 -9.302e+05 8.025e+03 3.983e+03
s>        ( QUESTION2 -1 -2.988e+05 3.223e+03 1.282e+03
s>            ( - -1.865e+05 2 0)
s>            ( - -1.091e+05 16 0 QUESTION11 -1 7.849e+02 4.742e+02))
s>        ( QUESTION0_2_R 1 -6.233e+05 3.049e+03 2.701e+03
s>            ( QUESTION10 -1 -2.659e+05 2.176e+03 1.145e+03
s>                ( QUESTION0_3_R 1 -1.553e+05 1.395e+03 6.676e+02
s>                    ( - -9.361e+04 3 0 QUESTION2_10_L -1 7.346e+02 4.062e+02)
s>                    ( - -6.031e+04 3 0 WDBNDRY_E 0 4.740e+02 2.614e+02))
s>                ( - -1.084e+05 14 0 QUESTION0_3_R 1 8.068e+02 4.769e+02))
s>            ( QUESTION0_16_R 1 -3.544e+05 1.695e+03 1.556e+03
s>                ( - -3.004e+04 3 0 QUESTION2 -1 6.549e+02 1.404e+02)
s>                ( QUESTION0_13_R 1 -3.227e+05 1.366e+03 1.416e+03
s>                    ( - -6.831e+04 9 0 QUESTION14 -1 8.446e+02 2.990e+02)
s>                    ( - -2.530e+05 29 0 QUESTION0_0_R 1 1.218e+03 1.117e+03)))))INFO: dtree.c(1315): Comp split 2
INFO: dtree.c(1478): Final simple tree
|( QUESTION12 -1 -7.483e+05 3.380e+03 3.321e+03
|    ( - -1.964e+05 1 0)
|    ( QUESTION0_9_R 1 -5.486e+05 2.242e+03 2.437e+03
|        ( QUESTION2_1_L -1 -3.162e+05 1.125e+03 1.411e+03
|            ( QUESTION2 -1 -5.339e+04 4.423e+02 2.387e+02
|                ( - -4.442e+03 1 0)
|                ( QUESTION2_10_L -1 -4.850e+04 4.675e+02 2.185e+02
|                    ( - -1.789e+04 2 0)
|                    ( - -3.015e+04 2 0 QUESTION10 -1 2.782e+02 1.386e+02)))
|            ( QUESTION2_14_L -1 -2.617e+05 4.299e+02 1.172e+03
|                ( QUESTION14 -1 -3.161e+04 3.125e+02 1.419e+02
|                    ( - -6.597e+03 1 0)
|                    ( - -2.470e+04 1 0))
|                ( - -2.296e+05 3 0 QUESTION0 -1 1.919e+02 1.030e+03)))
|        ( - -2.301e+05 2 0)))
s>    ( QUESTION12 -1 -7.483e+05 3.380e+03 3.321e+03
s>        ( - -1.964e+05 1 0)
s>        ( QUESTION0_9_R 1 -5.486e+05 2.242e+03 2.437e+03
s>            ( QUESTION2_1_L -1 -3.162e+05 1.125e+03 1.411e+03
s>                ( QUESTION2 -1 -5.339e+04 4.423e+02 2.387e+02
s>                    ( - -4.442e+03 1 0)
s>                    ( QUESTION2_10_L -1 -4.850e+04 4.675e+02 2.185e+02
s>                        ( - -1.789e+04 2 0)
s>                        ( - -3.015e+04 2 0 QUESTION10 -1 2.782e+02 1.386e+02)))
s>                ( QUESTION2_14_L -1 -2.617e+05 4.299e+02 1.172e+03
s>                    ( QUESTION14 -1 -3.161e+04 3.125e+02 1.419e+02
s>                        ( - -6.597e+03 1 0)
s>                        ( - -2.470e+04 1 0))
s>                    ( - -2.296e+05 3 0 QUESTION0 -1 1.919e+02 1.030e+03)))
s>            ( - -2.301e+05 2 0)))INFO: dtree.c(1478): Final simple tree
|( QUESTION2_12_L -1 -1.405e+06 5.891e+03 6.349e+03
|    ( QUESTION14 -1 -8.905e+05 2.192e+03 4.101e+03
|        ( - -7.464e+05 4 0)
|        ( QUESTION16 -1 -1.419e+05 1.238e+03 6.635e+02
|            ( - -4.489e+04 2 0)
|            ( - -9.580e+04 3 0 QUESTION0_14_R 1 4.883e+02 4.398e+02)))
|    ( QUESTION2 -1 -5.082e+05 4.099e+03 2.248e+03
|        ( - -4.880e+04 5 0 QUESTION3 -1 1.901e+02 2.134e+02)
|        ( QUESTION12 -1 -4.553e+05 2.236e+03 2.035e+03
|            ( - -2.028e+05 5 0 QUESTION2_0_L -1 2.922e+02 9.200e+02)
|            ( QUESTION14 -1 -2.503e+05 9.309e+02 1.115e+03
|                ( - -7.374e+04 3 0)
|                ( QUESTION0_16_R 1 -1.756e+05 8.756e+02 7.774e+02
|                    ( - -1.947e+04 1 0)
|                    ( - -1.552e+05 14 0 QUESTION2_10_L -1 6.546e+02 6.875e+02))))))
s>    ( QUESTION2_12_L -1 -1.405e+06 5.891e+03 6.349e+03
s>        ( QUESTION14 -1 -8.905e+05 2.192e+03 4.101e+03
s>            ( - -7.464e+05 4 0)
s>            ( QUESTION16 -1 -1.419e+05 1.238e+03 6.635e+02
s>                ( - -4.489e+04 2 0)
s>                ( - -9.580e+04 3 0 QUESTION0_14_R 1 4.883e+02 4.398e+02)))
s>        ( QUESTION2 -1 -5.082e+05 4.099e+03 2.248e+03
s>            ( - -4.880e+04 5 0 QUESTION3 -1 1.901e+02 2.134e+02)
s>            ( QUESTION12 -1 -4.553e+05 2.236e+03 2.035e+03
s>                ( - -2.028e+05 5 0 QUESTION2_0_L -1 2.922e+02 9.200e+02)
s>                ( QUESTION14 -1 -2.503e+05 9.309e+02 1.115e+03
s>                    ( - -7.374e+04 3 0)
s>                    ( QUESTION0_16_R 1 -1.756e+05 8.756e+02 7.774e+02
s>                        ( - -1.947e+04 1 0)
s>                        ( - -1.552e+05 14 0 QUESTION2_10_L -1 6.546e+02 6.875e+02))))))INFO: dtree.c(1315): Comp split 3
INFO: dtree.c(1439): stop. leaf nodes are specific
INFO: dtree.c(1478): Final simple tree
|( QUESTION0_9_R 1 -2.183e+05 1.685e+03 9.486e+02
|    ( - -1.865e+05 2 0)
|    ( QUESTION2 -1 -3.004e+04 6.549e+02 1.404e+02
|        ( - -1.201e+04 1 0)
|        ( - -1.738e+04 2 0)))
s>    ( QUESTION0_9_R 1 -2.183e+05 1.685e+03 9.486e+02
s>        ( - -1.865e+05 2 0)
s>        ( QUESTION2 -1 -3.004e+04 6.549e+02 1.404e+02
s>            ( - -1.201e+04 1 0)
s>            ( - -1.738e+04 2 0)))INFO: dtree.c(1478): Final simple tree
|( QUESTION10 1 -7.028e+05 3.045e+03 3.034e+03
|    ( QUESTION2_6_L -1 -2.030e+05 1.384e+03 8.746e+02
|        ( - -6.372e+04 3 0 QUESTION0_1_R 1 2.804e+02 2.808e+02)
|        ( - -1.379e+05 18 0 QUESTION3 -1 9.510e+02 5.938e+02))
|    ( QUESTION14 1 -4.967e+05 1.980e+03 2.160e+03
|        ( - -1.091e+05 16 0 QUESTION11 -1 7.849e+02 4.742e+02)
|        ( QUESTION4 1 -3.857e+05 1.766e+03 1.686e+03
|            ( - -6.492e+04 5 0 QUESTION2_1_L -1 4.404e+02 2.803e+02)
|            ( QUESTION0_1_R 1 -3.190e+05 1.529e+03 1.405e+03
|                ( - -1.743e+05 14 0 WDBNDRY_B 0 9.146e+02 7.609e+02)
|                ( QUESTION0_9_R 1 -1.432e+05 1.244e+03 6.445e+02
|                    ( - -4.049e+04 4 0 QUESTION11 -1 2.332e+02 1.961e+02)
|                    ( QUESTION0_18_R 1 -1.014e+05 9.945e+02 4.483e+02
|                        ( - -4.601e+04 6 0 QUESTION14 -1 8.240e+02 1.985e+02)
|                        ( - -5.442e+04 8 0 QUESTION2_10_L -1 5.908e+02 2.499e+02)))))))
s>    ( QUESTION10 1 -7.028e+05 3.045e+03 3.034e+03
s>        ( QUESTION2_6_L -1 -2.030e+05 1.384e+03 8.746e+02
s>            ( - -6.372e+04 3 0 QUESTION0_1_R 1 2.804e+02 2.808e+02)
s>            ( - -1.379e+05 18 0 QUESTION3 -1 9.510e+02 5.938e+02))
s>        ( QUESTION14 1 -4.967e+05 1.980e+03 2.160e+03
s>            ( - -1.091e+05 16 0 QUESTION11 -1 7.849e+02 4.742e+02)
s>            ( QUESTION4 1 -3.857e+05 1.766e+03 1.686e+03
s>                ( - -6.492e+04 5 0 QUESTION2_1_L -1 4.404e+02 2.803e+02)
s>                ( QUESTION0_1_R 1 -3.190e+05 1.529e+03 1.405e+03
s>                    ( - -1.743e+05 14 0 WDBNDRY_B 0 9.146e+02 7.609e+02)
s>                    ( QUESTION0_9_R 1 -1.432e+05 1.244e+03 6.445e+02
s>                        ( - -4.049e+04 4 0 QUESTION11 -1 2.332e+02 1.961e+02)
s>                        ( QUESTION0_18_R 1 -1.014e+05 9.945e+02 4.483e+02
s>                            ( - -4.601e+04 6 0 QUESTION14 -1 8.240e+02 1.985e+02)
s>                            ( - -5.442e+04 8 0 QUESTION2_10_L -1 5.908e+02 2.499e+02)))))))INFO: dtree.c(1315): Comp split 4
INFO: dtree.c(1439): stop. leaf nodes are specific
INFO: dtree.c(1478): Final simple tree
|( QUESTION2 -1 -8.359e+04 4.716e+02 3.879e+02
|    ( - 2.198e+02 1 0)
|    ( QUESTION1 -1 -8.334e+04 3.023e+02 3.869e+02
|        ( - -8.081e+04 1 0)
|        ( WDBNDRY_B 0 -2.221e+03 1.952e+02 9.003e+00
|            ( - -1.405e+03 1 0)
|            ( - -6.217e+02 1 0))))
s>    ( QUESTION2 -1 -8.359e+04 4.716e+02 3.879e+02
s>        ( - 2.198e+02 1 0)
s>        ( QUESTION1 -1 -8.334e+04 3.023e+02 3.869e+02
s>            ( - -8.081e+04 1 0)
s>            ( WDBNDRY_B 0 -2.221e+03 1.952e+02 9.003e+00
s>                ( - -1.405e+03 1 0)
s>                ( - -6.217e+02 1 0))))INFO: dtree.c(1478): Final simple tree
|( SILENCE -1 -4.312e+05 2.861e+03 2.053e+03
|    ( - -3.167e+04 1 0)
|    ( QUESTION2_12_L -1 -3.967e+05 2.675e+03 1.876e+03
|        ( - -2.207e+05 1 0)
|        ( QUESTION0 -1 -1.733e+05 7.041e+02 8.090e+02
|            ( - -1.387e+05 1 0)
|            ( QUESTION14 -1 -3.392e+04 2.604e+02 1.627e+02
|                ( - -1.796e+03 1 0)
|                ( QUESTION2_0_L -1 -3.187e+04 1.925e+02 1.537e+02
|                    ( QUESTION10 -1 -2.305e+04 1.874e+02 1.146e+02
|                        ( - -2.263e+04 1 0)
|                        ( - -2.365e+02 1 0))
|                    ( QUESTION12 -1 -8.618e+03 1.730e+02 3.906e+01
|                        ( - -2.291e+03 1 0)
|                        ( - -6.154e+03 1 0)))))))
s>    ( SILENCE -1 -4.312e+05 2.861e+03 2.053e+03
s>        ( - -3.167e+04 1 0)
s>        ( QUESTION2_12_L -1 -3.967e+05 2.675e+03 1.876e+03
s>            ( - -2.207e+05 1 0)
s>            ( QUESTION0 -1 -1.733e+05 7.041e+02 8.090e+02
s>                ( - -1.387e+05 1 0)
s>                ( QUESTION14 -1 -3.392e+04 2.604e+02 1.627e+02
s>                    ( - -1.796e+03 1 0)
s>                    ( QUESTION2_0_L -1 -3.187e+04 1.925e+02 1.537e+02
s>                        ( QUESTION10 -1 -2.305e+04 1.874e+02 1.146e+02
s>                            ( - -2.263e+04 1 0)
s>                            ( - -2.365e+02 1 0))
s>                        ( QUESTION12 -1 -8.618e+03 1.730e+02 3.906e+01
s>                            ( - -2.291e+03 1 0)
s>                            ( - -6.154e+03 1 0)))))))INFO: dtree.c(1315): Comp split 5
INFO: dtree.c(1439): stop. leaf nodes are specific
INFO: dtree.c(1478): Final simple tree
|( QUESTION14 -1 -9.653e+05 2.199e+03 4.439e+03
|    ( QUESTION2_0_L -1 -8.212e+05 1.031e+03 3.775e+03
|        ( - -7.464e+05 4 0)
|        ( - -7.374e+04 3 0))
|    ( QUESTION16 -1 -1.419e+05 1.238e+03 6.635e+02
|        ( - -4.489e+04 2 0)
|        ( QUESTION0_14_R 1 -9.580e+04 4.883e+02 4.398e+02
|            ( QUESTION0 -1 -9.555e+04 1.719e+02 4.388e+02
|                ( - -2.774e+03 1 0)
|                ( - -9.260e+04 1 0))
|            ( - 2.418e+02 1 0))))
s>    ( QUESTION14 -1 -9.653e+05 2.199e+03 4.439e+03
s>        ( QUESTION2_0_L -1 -8.212e+05 1.031e+03 3.775e+03
s>            ( - -7.464e+05 4 0)
s>            ( - -7.374e+04 3 0))
s>        ( QUESTION16 -1 -1.419e+05 1.238e+03 6.635e+02
s>            ( - -4.489e+04 2 0)
s>            ( QUESTION0_14_R 1 -9.580e+04 4.883e+02 4.398e+02
s>                ( QUESTION0 -1 -9.555e+04 1.719e+02 4.388e+02
s>                    ( - -2.774e+03 1 0)
s>                    ( - -9.260e+04 1 0))
s>                ( - 2.418e+02 1 0))))INFO: dtree.c(1478): Final simple tree
|( QUESTION2 -1 -4.333e+05 4.097e+03 1.911e+03
|    ( - -4.880e+04 5 0 QUESTION3 -1 1.901e+02 2.134e+02)
|    ( QUESTION12 -1 -3.804e+05 2.049e+03 1.697e+03
|        ( - -2.028e+05 5 0 QUESTION2_0_L -1 2.922e+02 9.200e+02)
|        ( QUESTION0_16_R 1 -1.756e+05 8.756e+02 7.774e+02
|            ( - -1.947e+04 1 0)
|            ( QUESTION2_10_L -1 -1.552e+05 6.546e+02 6.875e+02
|                ( WDBNDRY_E 0 -7.523e+04 5.449e+02 3.410e+02
|                    ( - -3.731e+03 1 0)
|                    ( - -7.095e+04 5 0 QUESTION0_14_R 1 1.765e+02 3.220e+02))
|                ( QUESTION10 -1 -7.936e+04 4.316e+02 3.465e+02
|                    ( - -6.090e+04 5 0 WDBNDRY_E 0 2.959e+02 2.677e+02)
|                    ( WDBNDRY_S 0 -1.803e+04 3.875e+02 7.883e+01
|                        ( - -1.223e+04 1 0)
|                        ( - -5.409e+03 2 0)))))))
s>    ( QUESTION2 -1 -4.333e+05 4.097e+03 1.911e+03
s>        ( - -4.880e+04 5 0 QUESTION3 -1 1.901e+02 2.134e+02)
s>        ( QUESTION12 -1 -3.804e+05 2.049e+03 1.697e+03
s>            ( - -2.028e+05 5 0 QUESTION2_0_L -1 2.922e+02 9.200e+02)
s>            ( QUESTION0_16_R 1 -1.756e+05 8.756e+02 7.774e+02
s>                ( - -1.947e+04 1 0)
s>                ( QUESTION2_10_L -1 -1.552e+05 6.546e+02 6.875e+02
s>                    ( WDBNDRY_E 0 -7.523e+04 5.449e+02 3.410e+02
s>                        ( - -3.731e+03 1 0)
s>                        ( - -7.095e+04 5 0 QUESTION0_14_R 1 1.765e+02 3.220e+02))
s>                    ( QUESTION10 -1 -7.936e+04 4.316e+02 3.465e+02
s>                        ( - -6.090e+04 5 0 WDBNDRY_E 0 2.959e+02 2.677e+02)
s>                        ( WDBNDRY_S 0 -1.803e+04 3.875e+02 7.883e+01
s>                            ( - -1.223e+04 1 0)
s>                            ( - -5.409e+03 2 0)))))))INFO: dtree.c(1315): Comp split 6
INFO: dtree.c(1478): Final simple tree
|( QUESTION12 -1 -3.804e+05 2.049e+03 1.697e+03
|    ( - -2.028e+05 5 0 QUESTION2_0_L -1 2.922e+02 9.200e+02)
|    ( QUESTION0_16_R 1 -1.756e+05 8.756e+02 7.774e+02
|        ( - -1.947e+04 1 0)
|        ( QUESTION2_10_L -1 -1.552e+05 6.546e+02 6.875e+02
|            ( WDBNDRY_E 0 -7.523e+04 5.449e+02 3.410e+02
|                ( - -3.731e+03 1 0)
|                ( - -7.095e+04 5 0 QUESTION0_14_R 1 1.765e+02 3.220e+02))
|            ( QUESTION10 -1 -7.936e+04 4.316e+02 3.465e+02
|                ( WDBNDRY_E 0 -6.090e+04 2.959e+02 2.677e+02
|                    ( - -3.727e+03 1 0)
|                    ( - -5.688e+04 4 0))
|                ( WDBNDRY_S 0 -1.803e+04 3.875e+02 7.883e+01
|                    ( - -1.223e+04 1 0)
|                    ( - -5.409e+03 2 0))))))
s>    ( QUESTION12 -1 -3.804e+05 2.049e+03 1.697e+03
s>        ( - -2.028e+05 5 0 QUESTION2_0_L -1 2.922e+02 9.200e+02)
s>        ( QUESTION0_16_R 1 -1.756e+05 8.756e+02 7.774e+02
s>            ( - -1.947e+04 1 0)
s>            ( QUESTION2_10_L -1 -1.552e+05 6.546e+02 6.875e+02
s>                ( WDBNDRY_E 0 -7.523e+04 5.449e+02 3.410e+02
s>                    ( - -3.731e+03 1 0)
s>                    ( - -7.095e+04 5 0 QUESTION0_14_R 1 1.765e+02 3.220e+02))
s>                ( QUESTION10 -1 -7.936e+04 4.316e+02 3.465e+02
s>                    ( WDBNDRY_E 0 -6.090e+04 2.959e+02 2.677e+02
s>                        ( - -3.727e+03 1 0)
s>                        ( - -5.688e+04 4 0))
s>                    ( WDBNDRY_S 0 -1.803e+04 3.875e+02 7.883e+01
s>                        ( - -1.223e+04 1 0)
s>                        ( - -5.409e+03 2 0))))))INFO: dtree.c(1439): stop. leaf nodes are specific
INFO: dtree.c(1478): Final simple tree
|( QUESTION3 -1 -4.880e+04 1.901e+02 2.134e+02
|    ( QUESTION0_14_R 1 -4.827e+04 1.872e+02 2.114e+02
|        ( - -4.693e+04 3 0)
|        ( - -1.156e+03 1 0))
|    ( - -3.343e+02 1 0))
s>    ( QUESTION3 -1 -4.880e+04 1.901e+02 2.134e+02
s>        ( QUESTION0_14_R 1 -4.827e+04 1.872e+02 2.114e+02
s>            ( - -4.693e+04 3 0)
s>            ( - -1.156e+03 1 0))
s>        ( - -3.343e+02 1 0))INFO: dtree.c(1315): Comp split 7
INFO: dtree.c(1439): stop. leaf nodes are specific
INFO: dtree.c(1478): Final simple tree
|( QUESTION0_9_R 1 -5.245e+05 2.040e+03 2.337e+03
|    ( QUESTION10 -1 -2.923e+05 4.620e+02 1.311e+03
|        ( - -2.329e+04 1 0)
|        ( QUESTION2_14_L -1 -2.685e+05 4.434e+02 1.204e+03
|            ( QUESTION14 -1 -3.161e+04 3.125e+02 1.419e+02
|                ( - -6.597e+03 1 0)
|                ( - -2.470e+04 1 0))
|            ( QUESTION2_1_L -1 -2.365e+05 2.559e+02 1.062e+03
|                ( - -6.578e+03 1 0)
|                ( QUESTION0 -1 -2.296e+05 1.919e+02 1.030e+03
|                    ( - -2.194e+05 2 0)
|                    ( - -1.002e+04 1 0)))))
|    ( - -2.301e+05 2 0))
s>    ( QUESTION0_9_R 1 -5.245e+05 2.040e+03 2.337e+03
s>        ( QUESTION10 -1 -2.923e+05 4.620e+02 1.311e+03
s>            ( - -2.329e+04 1 0)
s>            ( QUESTION2_14_L -1 -2.685e+05 4.434e+02 1.204e+03
s>                ( QUESTION14 -1 -3.161e+04 3.125e+02 1.419e+02
s>                    ( - -6.597e+03 1 0)
s>                    ( - -2.470e+04 1 0))
s>                ( QUESTION2_1_L -1 -2.365e+05 2.559e+02 1.062e+03
s>                    ( - -6.578e+03 1 0)
s>                    ( QUESTION0 -1 -2.296e+05 1.919e+02 1.030e+03
s>                        ( - -2.194e+05 2 0)
s>                        ( - -1.002e+04 1 0)))))
s>        ( - -2.301e+05 2 0))INFO: dtree.c(1439): stop. leaf nodes are specific
INFO: dtree.c(1478): Final simple tree
|( QUESTION11 -1 -2.203e+05 1.378e+03 9.834e+02
|    ( - -1.964e+05 1 0)
|    ( QUESTION2 -1 -2.258e+04 2.486e+02 1.002e+02
|        ( - -4.442e+03 1 0)
|        ( - -1.789e+04 2 0)))
s>    ( QUESTION11 -1 -2.203e+05 1.378e+03 9.834e+02
s>        ( - -1.964e+05 1 0)
s>        ( QUESTION2 -1 -2.258e+04 2.486e+02 1.002e+02
s>            ( - -4.442e+03 1 0)
s>            ( - -1.789e+04 2 0)))INFO: dtree.c(1315): Comp split 8
INFO: dtree.c(1478): Final simple tree
|( QUESTION14 1 -4.300e+05 1.940e+03 1.880e+03
|    ( QUESTION11 -1 -1.091e+05 7.849e+02 4.742e+02
|        ( - -4.745e+04 6 0 QUESTION2_0_L -1 3.166e+02 2.041e+02)
|        ( - -6.081e+04 10 0 QUESTION2_11_L -1 5.604e+02 2.700e+02))
|    ( QUESTION0_1_R 1 -3.190e+05 1.529e+03 1.405e+03
|        ( WDBNDRY_B 0 -1.743e+05 9.146e+02 7.609e+02
|            ( - -3.078e+04 3 0 QUESTION0 -1 2.300e+02 1.310e+02)
|            ( - -1.426e+05 11 0 QUESTION14 -1 6.505e+02 6.299e+02))
|        ( QUESTION0_9_R 1 -1.432e+05 1.244e+03 6.445e+02
|            ( - -4.049e+04 4 0 QUESTION11 -1 2.332e+02 1.961e+02)
|            ( QUESTION0_18_R 1 -1.014e+05 9.945e+02 4.483e+02
|                ( QUESTION14 -1 -4.601e+04 8.240e+02 1.985e+02
|                    ( - -1.107e+04 1 0)
|                    ( - -3.411e+04 5 0 QUESTION2_1_L -1 4.694e+02 1.511e+02))
|                ( - -5.442e+04 8 0 QUESTION2_10_L -1 5.908e+02 2.499e+02)))))
s>    ( QUESTION14 1 -4.300e+05 1.940e+03 1.880e+03
s>        ( QUESTION11 -1 -1.091e+05 7.849e+02 4.742e+02
s>            ( - -4.745e+04 6 0 QUESTION2_0_L -1 3.166e+02 2.041e+02)
s>            ( - -6.081e+04 10 0 QUESTION2_11_L -1 5.604e+02 2.700e+02))
s>        ( QUESTION0_1_R 1 -3.190e+05 1.529e+03 1.405e+03
s>            ( WDBNDRY_B 0 -1.743e+05 9.146e+02 7.609e+02
s>                ( - -3.078e+04 3 0 QUESTION0 -1 2.300e+02 1.310e+02)
s>                ( - -1.426e+05 11 0 QUESTION14 -1 6.505e+02 6.299e+02))
s>            ( QUESTION0_9_R 1 -1.432e+05 1.244e+03 6.445e+02
s>                ( - -4.049e+04 4 0 QUESTION11 -1 2.332e+02 1.961e+02)
s>                ( QUESTION0_18_R 1 -1.014e+05 9.945e+02 4.483e+02
s>                    ( QUESTION14 -1 -4.601e+04 8.240e+02 1.985e+02
s>                        ( - -1.107e+04 1 0)
s>                        ( - -3.411e+04 5 0 QUESTION2_1_L -1 4.694e+02 1.511e+02))
s>                    ( - -5.442e+04 8 0 QUESTION2_10_L -1 5.908e+02 2.499e+02)))))INFO: dtree.c(1478): Final simple tree
|( QUESTION0_4_R 1 -2.695e+05 1.615e+03 1.155e+03
|    ( QUESTION2_1_L -1 -6.492e+04 4.404e+02 2.803e+02
|        ( - -5.625e+04 2 0 WDBNDRY_B 0 2.230e+02 2.428e+02)
|        ( - -8.229e+03 3 0 QUESTION14 -1 2.631e+02 3.753e+01))
|    ( QUESTION2_6_L -1 -2.030e+05 1.384e+03 8.746e+02
|        ( - -6.372e+04 3 0 QUESTION0_1_R 1 2.804e+02 2.808e+02)
|        ( QUESTION3 -1 -1.379e+05 9.510e+02 5.938e+02
|            ( - -6.532e+03 3 0)
|            ( QUESTION2_10_L -1 -1.304e+05 7.389e+02 5.623e+02
|                ( QUESTION0_1_R 1 -5.397e+04 5.546e+02 2.342e+02
|                    ( - -9.435e+03 2 0)
|                    ( - -4.398e+04 2 0))
|                ( QUESTION0_1_R 1 -7.570e+04 4.101e+02 3.281e+02
|                    ( - -1.668e+04 5 0 WDBNDRY_E 0 2.143e+02 7.350e+01)
|                    ( - -5.861e+04 6 0 QUESTION2_14_L -1 4.510e+02 2.546e+02))))))
s>    ( QUESTION0_4_R 1 -2.695e+05 1.615e+03 1.155e+03
s>        ( QUESTION2_1_L -1 -6.492e+04 4.404e+02 2.803e+02
s>            ( - -5.625e+04 2 0 WDBNDRY_B 0 2.230e+02 2.428e+02)
s>            ( - -8.229e+03 3 0 QUESTION14 -1 2.631e+02 3.753e+01))
s>        ( QUESTION2_6_L -1 -2.030e+05 1.384e+03 8.746e+02
s>            ( - -6.372e+04 3 0 QUESTION0_1_R 1 2.804e+02 2.808e+02)
s>            ( QUESTION3 -1 -1.379e+05 9.510e+02 5.938e+02
s>                ( - -6.532e+03 3 0)
s>                ( QUESTION2_10_L -1 -1.304e+05 7.389e+02 5.623e+02
s>                    ( QUESTION0_1_R 1 -5.397e+04 5.546e+02 2.342e+02
s>                        ( - -9.435e+03 2 0)
s>                        ( - -4.398e+04 2 0))
s>                    ( QUESTION0_1_R 1 -7.570e+04 4.101e+02 3.281e+02
s>                        ( - -1.668e+04 5 0 WDBNDRY_E 0 2.143e+02 7.350e+01)
s>                        ( - -5.861e+04 6 0 QUESTION2_14_L -1 4.510e+02 2.546e+02))))))INFO: dtree.c(1315): Comp split 9
INFO: dtree.c(1439): stop. leaf nodes are specific
INFO: dtree.c(1478): Final simple tree
|( QUESTION2_12_L -1 -3.967e+05 2.675e+03 1.876e+03
|    ( - -2.207e+05 1 0)
|    ( QUESTION0 -1 -1.733e+05 7.041e+02 8.090e+02
|        ( - -1.387e+05 1 0)
|        ( QUESTION14 -1 -3.392e+04 2.604e+02 1.627e+02
|            ( - -1.796e+03 1 0)
|            ( QUESTION2_0_L -1 -3.187e+04 1.925e+02 1.537e+02
|                ( QUESTION10 -1 -2.305e+04 1.874e+02 1.146e+02
|                    ( - -2.263e+04 1 0)
|                    ( - -2.365e+02 1 0))
|                ( QUESTION12 -1 -8.618e+03 1.730e+02 3.906e+01
|                    ( - -2.291e+03 1 0)
|                    ( - -6.154e+03 1 0))))))
s>    ( QUESTION2_12_L -1 -3.967e+05 2.675e+03 1.876e+03
s>        ( - -2.207e+05 1 0)
s>        ( QUESTION0 -1 -1.733e+05 7.041e+02 8.090e+02
s>            ( - -1.387e+05 1 0)
s>            ( QUESTION14 -1 -3.392e+04 2.604e+02 1.627e+02
s>                ( - -1.796e+03 1 0)
s>                ( QUESTION2_0_L -1 -3.187e+04 1.925e+02 1.537e+02
s>                    ( QUESTION10 -1 -2.305e+04 1.874e+02 1.146e+02
s>                        ( - -2.263e+04 1 0)
s>                        ( - -2.365e+02 1 0))
s>                    ( QUESTION12 -1 -8.618e+03 1.730e+02 3.906e+01
s>                        ( - -2.291e+03 1 0)
s>                        ( - -6.154e+03 1 0))))))INFO: dtree.c(1315): Comp split 10
INFO: dtree.c(1439): stop. leaf nodes are specific
INFO: dtree.c(1478): Final simple tree
|( QUESTION0 -1 -1.712e+05 6.819e+02 8.000e+02
|    ( - -1.387e+05 1 0)
|    ( QUESTION2_0_L -1 -3.187e+04 1.925e+02 1.537e+02
|        ( QUESTION10 -1 -2.305e+04 1.874e+02 1.146e+02
|            ( - -2.263e+04 1 0)
|            ( - -2.365e+02 1 0))
|        ( QUESTION12 -1 -8.618e+03 1.730e+02 3.906e+01
|            ( - -2.291e+03 1 0)
|            ( - -6.154e+03 1 0))))
s>    ( QUESTION0 -1 -1.712e+05 6.819e+02 8.000e+02
s>        ( - -1.387e+05 1 0)
s>        ( QUESTION2_0_L -1 -3.187e+04 1.925e+02 1.537e+02
s>            ( QUESTION10 -1 -2.305e+04 1.874e+02 1.146e+02
s>                ( - -2.263e+04 1 0)
s>                ( - -2.365e+02 1 0))
s>            ( QUESTION12 -1 -8.618e+03 1.730e+02 3.906e+01
s>                ( - -2.291e+03 1 0)
s>                ( - -6.154e+03 1 0))))INFO: dtree.c(1439): stop. leaf nodes are specific
INFO: dtree.c(1478): Final simple tree
|( QUESTION0 -1 -2.228e+05 2.793e+02 1.076e+03
|    ( - -2.207e+05 1 0)
|    ( - -1.796e+03 1 0))
s>    ( QUESTION0 -1 -2.228e+05 2.793e+02 1.076e+03
s>        ( - -2.207e+05 1 0)
s>        ( - -1.796e+03 1 0))INFO: dtree.c(1315): Comp split 11
INFO: dtree.c(1439): stop. leaf nodes are specific
INFO: dtree.c(1478): Final simple tree
|( QUESTION16 -1 -1.417e+05 1.240e+03 6.625e+02
|    ( - -4.489e+04 2 0)
|    ( QUESTION0 -1 -9.555e+04 1.719e+02 4.388e+02
|        ( - -2.774e+03 1 0)
|        ( - -9.260e+04 1 0)))
s>    ( QUESTION16 -1 -1.417e+05 1.240e+03 6.625e+02
s>        ( - -4.489e+04 2 0)
s>        ( QUESTION0 -1 -9.555e+04 1.719e+02 4.388e+02
s>            ( - -2.774e+03 1 0)
s>            ( - -9.260e+04 1 0)))INFO: dtree.c(1439): stop. leaf nodes are specific
INFO: dtree.c(1478): Final simple tree
|( QUESTION2_14_L -1 -8.214e+05 1.038e+03 3.776e+03
|    ( - -7.464e+05 4 0)
|    ( QUESTION0_14_R 1 -7.398e+04 4.790e+02 3.386e+02
|        ( - -7.374e+04 3 0)
|        ( - 2.418e+02 1 0)))
s>    ( QUESTION2_14_L -1 -8.214e+05 1.038e+03 3.776e+03
s>        ( - -7.464e+05 4 0)
s>        ( QUESTION0_14_R 1 -7.398e+04 4.790e+02 3.386e+02
s>            ( - -7.374e+04 3 0)
s>            ( - 2.418e+02 1 0)))INFO: dtree.c(1315): Comp split 12
INFO: dtree.c(1478): Final simple tree
|( QUESTION0_0_R 1 -2.512e+05 1.168e+03 1.108e+03
|    ( WDBNDRY_B 0 -1.743e+05 9.146e+02 7.609e+02
|        ( - -3.078e+04 3 0 QUESTION0 -1 2.300e+02 1.310e+02)
|        ( QUESTION14 -1 -1.426e+05 6.505e+02 6.299e+02
|            ( - -1.288e+04 1 0)
|            ( QUESTION2_1_L -1 -1.291e+05 6.055e+02 5.745e+02
|                ( QUESTION10 -1 -1.040e+05 4.461e+02 4.625e+02
|                    ( - -6.853e+04 3 0 WDBNDRY_E 0 3.851e+02 3.100e+02)
|                    ( - -3.507e+04 3 0 QUESTION2 -1 1.883e+02 1.525e+02))
|                ( - -2.446e+04 4 0 WDBNDRY_E 0 3.233e+02 1.120e+02))))
|    ( QUESTION0_9_R 1 -7.566e+04 1.053e+03 3.472e+02
|        ( - -4.049e+04 4 0 QUESTION11 -1 2.332e+02 1.961e+02)
|        ( QUESTION2_1_L -1 -3.411e+04 4.694e+02 1.511e+02
|            ( - -1.748e+04 3 0 QUESTION11 -1 2.391e+02 7.777e+01)
|            ( - -1.616e+04 2 0 QUESTION0 -1 2.598e+02 7.329e+01))))
s>    ( QUESTION0_0_R 1 -2.512e+05 1.168e+03 1.108e+03
s>        ( WDBNDRY_B 0 -1.743e+05 9.146e+02 7.609e+02
s>            ( - -3.078e+04 3 0 QUESTION0 -1 2.300e+02 1.310e+02)
s>            ( QUESTION14 -1 -1.426e+05 6.505e+02 6.299e+02
s>                ( - -1.288e+04 1 0)
s>                ( QUESTION2_1_L -1 -1.291e+05 6.055e+02 5.745e+02
s>                    ( QUESTION10 -1 -1.040e+05 4.461e+02 4.625e+02
s>                        ( - -6.853e+04 3 0 WDBNDRY_E 0 3.851e+02 3.100e+02)
s>                        ( - -3.507e+04 3 0 QUESTION2 -1 1.883e+02 1.525e+02))
s>                    ( - -2.446e+04 4 0 WDBNDRY_E 0 3.233e+02 1.120e+02))))
s>        ( QUESTION0_9_R 1 -7.566e+04 1.053e+03 3.472e+02
s>            ( - -4.049e+04 4 0 QUESTION11 -1 2.332e+02 1.961e+02)
s>            ( QUESTION2_1_L -1 -3.411e+04 4.694e+02 1.511e+02
s>                ( - -1.748e+04 3 0 QUESTION11 -1 2.391e+02 7.777e+01)
s>                ( - -1.616e+04 2 0 QUESTION0 -1 2.598e+02 7.329e+01))))INFO: dtree.c(1478): Final simple tree
|( QUESTION13 1 -1.767e+05 1.400e+03 7.714e+02
|    ( QUESTION11 -1 -1.091e+05 7.849e+02 4.742e+02
|        ( - -4.745e+04 6 0 QUESTION2_0_L -1 3.166e+02 2.041e+02)
|        ( QUESTION2_11_L -1 -6.081e+04 5.604e+02 2.700e+02
|            ( QUESTION0_9_R 1 -3.591e+04 5.584e+02 1.597e+02
|                ( - -2.832e+04 3 0)
|                ( - -7.033e+03 1 0))
|            ( - -2.434e+04 6 0 QUESTION0_9_R 1 2.043e+02 1.104e+02)))
|    ( QUESTION0_18_R 1 -6.626e+04 7.610e+02 2.973e+02
|        ( - -1.107e+04 1 0)
|        ( QUESTION2_10_L -1 -5.442e+04 5.908e+02 2.499e+02
|            ( - -6.913e+03 1 0)
|            ( QUESTION10 -1 -4.692e+04 4.806e+02 2.182e+02
|                ( - 1.371e+02 1 0)
|                ( - -4.658e+04 6 0 QUESTION0_0_R 1 3.741e+02 2.172e+02)))))
s>    ( QUESTION13 1 -1.767e+05 1.400e+03 7.714e+02
s>        ( QUESTION11 -1 -1.091e+05 7.849e+02 4.742e+02
s>            ( - -4.745e+04 6 0 QUESTION2_0_L -1 3.166e+02 2.041e+02)
s>            ( QUESTION2_11_L -1 -6.081e+04 5.604e+02 2.700e+02
s>                ( QUESTION0_9_R 1 -3.591e+04 5.584e+02 1.597e+02
s>                    ( - -2.832e+04 3 0)
s>                    ( - -7.033e+03 1 0))
s>                ( - -2.434e+04 6 0 QUESTION0_9_R 1 2.043e+02 1.104e+02)))
s>        ( QUESTION0_18_R 1 -6.626e+04 7.610e+02 2.973e+02
s>            ( - -1.107e+04 1 0)
s>            ( QUESTION2_10_L -1 -5.442e+04 5.908e+02 2.499e+02
s>                ( - -6.913e+03 1 0)
s>                ( QUESTION10 -1 -4.692e+04 4.806e+02 2.182e+02
s>                    ( - 1.371e+02 1 0)
s>                    ( - -4.658e+04 6 0 QUESTION0_0_R 1 3.741e+02 2.172e+02)))))INFO: dtree.c(1315): Comp split 13
INFO: dtree.c(1439): stop. leaf nodes are specific
INFO: dtree.c(1478): Final simple tree
|( QUESTION0_9_R 1 -2.370e+05 3.057e+02 1.055e+03
|    ( - -6.597e+03 1 0)
|    ( - -2.301e+05 2 0))
s>    ( QUESTION0_9_R 1 -2.370e+05 3.057e+02 1.055e+03
s>        ( - -6.597e+03 1 0)
s>        ( - -2.301e+05 2 0))INFO: dtree.c(1439): stop. leaf nodes are specific
INFO: dtree.c(1478): Final simple tree
|( QUESTION10 -1 -2.853e+05 4.649e+02 1.282e+03
|    ( - -2.329e+04 1 0)
|    ( QUESTION2_14_L -1 -2.616e+05 4.006e+02 1.175e+03
|        ( - -2.470e+04 1 0)
|        ( QUESTION2_1_L -1 -2.365e+05 2.559e+02 1.062e+03
|            ( - -6.578e+03 1 0)
|            ( QUESTION0 -1 -2.296e+05 1.919e+02 1.030e+03
|                ( - -2.194e+05 2 0)
|                ( - -1.002e+04 1 0)))))
s>    ( QUESTION10 -1 -2.853e+05 4.649e+02 1.282e+03
s>        ( - -2.329e+04 1 0)
s>        ( QUESTION2_14_L -1 -2.616e+05 4.006e+02 1.175e+03
s>            ( - -2.470e+04 1 0)
s>            ( QUESTION2_1_L -1 -2.365e+05 2.559e+02 1.062e+03
s>                ( - -6.578e+03 1 0)
s>                ( QUESTION0 -1 -2.296e+05 1.919e+02 1.030e+03
s>                    ( - -2.194e+05 2 0)
s>                    ( - -1.002e+04 1 0)))))INFO: dtree.c(1315): Comp split 14
INFO: dtree.c(1439): stop. leaf nodes are specific
INFO: dtree.c(1478): Final simple tree
|( WDBNDRY_E 0 -2.110e+05 4.519e+02 9.568e+02
|    ( QUESTION2_10_L -1 -7.730e+03 2.724e+02 3.680e+01
|        ( - -3.731e+03 1 0)
|        ( - -3.727e+03 1 0))
|    ( QUESTION2_0_L -1 -2.028e+05 2.922e+02 9.200e+02
|        ( QUESTION0_14_R 1 -3.372e+04 2.377e+02 1.562e+02
|            ( - -3.304e+04 2 0)
|            ( - -4.398e+02 1 0))
|        ( - -1.688e+05 2 0)))
s>    ( WDBNDRY_E 0 -2.110e+05 4.519e+02 9.568e+02
s>        ( QUESTION2_10_L -1 -7.730e+03 2.724e+02 3.680e+01
s>            ( - -3.731e+03 1 0)
s>            ( - -3.727e+03 1 0))
s>        ( QUESTION2_0_L -1 -2.028e+05 2.922e+02 9.200e+02
s>            ( QUESTION0_14_R 1 -3.372e+04 2.377e+02 1.562e+02
s>                ( - -3.304e+04 2 0)
s>                ( - -4.398e+02 1 0))
s>            ( - -1.688e+05 2 0)))INFO: dtree.c(1439): stop. leaf nodes are specific
INFO: dtree.c(1478): Final simple tree
|( QUESTION0_16_R 1 -1.674e+05 8.937e+02 7.406e+02
|    ( - -1.947e+04 1 0)
|    ( QUESTION2_10_L -1 -1.470e+05 7.310e+02 6.507e+02
|        ( QUESTION0_14_R 1 -7.095e+04 1.765e+02 3.220e+02
|            ( - -7.042e+04 4 0)
|            ( - -3.589e+02 1 0))
|        ( QUESTION10 -1 -7.535e+04 4.391e+02 3.287e+02
|            ( - -5.688e+04 4 0)
|            ( WDBNDRY_S 0 -1.803e+04 3.875e+02 7.883e+01
|                ( - -1.223e+04 1 0)
|                ( - -5.409e+03 2 0)))))
s>    ( QUESTION0_16_R 1 -1.674e+05 8.937e+02 7.406e+02
s>        ( - -1.947e+04 1 0)
s>        ( QUESTION2_10_L -1 -1.470e+05 7.310e+02 6.507e+02
s>            ( QUESTION0_14_R 1 -7.095e+04 1.765e+02 3.220e+02
s>                ( - -7.042e+04 4 0)
s>                ( - -3.589e+02 1 0))
s>            ( QUESTION10 -1 -7.535e+04 4.391e+02 3.287e+02
s>                ( - -5.688e+04 4 0)
s>                ( WDBNDRY_S 0 -1.803e+04 3.875e+02 7.883e+01
s>                    ( - -1.223e+04 1 0)
s>                    ( - -5.409e+03 2 0)))))INFO: dtree.c(1315): Comp split 15
INFO: dtree.c(1478): Final simple tree
|( QUESTION0_4_R 1 -1.881e+05 1.443e+03 8.051e+02
|    ( WDBNDRY_B 0 -5.625e+04 2.230e+02 2.428e+02
|        ( - -3.197e+03 1 0)
|        ( - -5.283e+04 1 0))
|    ( QUESTION2_10_L -1 -1.304e+05 7.389e+02 5.623e+02
|        ( QUESTION0_1_R 1 -5.397e+04 5.546e+02 2.342e+02
|            ( - -9.435e+03 2 0)
|            ( - -4.398e+04 2 0))
|        ( QUESTION0_1_R 1 -7.570e+04 4.101e+02 3.281e+02
|            ( - -1.668e+04 5 0 WDBNDRY_E 0 2.143e+02 7.350e+01)
|            ( QUESTION2_14_L -1 -5.861e+04 4.510e+02 2.546e+02
|                ( - 1.275e+02 1 0)
|                ( WDBNDRY_S 0 -5.829e+04 2.476e+02 2.536e+02
|                    ( - -5.922e+03 1 0)
|                    ( - -5.212e+04 4 0 QUESTION10 -1 2.090e+02 2.283e+02))))))
s>    ( QUESTION0_4_R 1 -1.881e+05 1.443e+03 8.051e+02
s>        ( WDBNDRY_B 0 -5.625e+04 2.230e+02 2.428e+02
s>            ( - -3.197e+03 1 0)
s>            ( - -5.283e+04 1 0))
s>        ( QUESTION2_10_L -1 -1.304e+05 7.389e+02 5.623e+02
s>            ( QUESTION0_1_R 1 -5.397e+04 5.546e+02 2.342e+02
s>                ( - -9.435e+03 2 0)
s>                ( - -4.398e+04 2 0))
s>            ( QUESTION0_1_R 1 -7.570e+04 4.101e+02 3.281e+02
s>                ( - -1.668e+04 5 0 WDBNDRY_E 0 2.143e+02 7.350e+01)
s>                ( QUESTION2_14_L -1 -5.861e+04 4.510e+02 2.546e+02
s>                    ( - 1.275e+02 1 0)
s>                    ( WDBNDRY_S 0 -5.829e+04 2.476e+02 2.536e+02
s>                        ( - -5.922e+03 1 0)
s>                        ( - -5.212e+04 4 0 QUESTION10 -1 2.090e+02 2.283e+02))))))INFO: dtree.c(1439): stop. leaf nodes are specific
INFO: dtree.c(1478): Final simple tree
|( QUESTION12 -1 -7.950e+04 7.495e+02 3.498e+02
|    ( QUESTION0_1_R 1 -6.578e+04 2.784e+02 2.898e+02
|        ( - -2.490e+03 1 0)
|        ( QUESTION0_3_R 1 -6.301e+04 1.645e+02 2.783e+02
|            ( - -6.094e+04 2 0)
|            ( - -1.898e+03 1 0)))
|    ( QUESTION0_1_R 1 -1.297e+04 2.868e+02 6.000e+01
|        ( - -6.532e+03 3 0)
|        ( QUESTION0_5_R 1 -6.154e+03 2.226e+02 2.855e+01
|            ( - -2.607e+03 1 0)
|            ( - -3.325e+03 1 0))))
s>    ( QUESTION12 -1 -7.950e+04 7.495e+02 3.498e+02
s>        ( QUESTION0_1_R 1 -6.578e+04 2.784e+02 2.898e+02
s>            ( - -2.490e+03 1 0)
s>            ( QUESTION0_3_R 1 -6.301e+04 1.645e+02 2.783e+02
s>                ( - -6.094e+04 2 0)
s>                ( - -1.898e+03 1 0)))
s>        ( QUESTION0_1_R 1 -1.297e+04 2.868e+02 6.000e+01
s>            ( - -6.532e+03 3 0)
s>            ( QUESTION0_5_R 1 -6.154e+03 2.226e+02 2.855e+01
s>                ( - -2.607e+03 1 0)
s>                ( - -3.325e+03 1 0))))INFO: dtree.c(1315): Comp split 16
INFO: dtree.c(1439): stop. leaf nodes are specific
INFO: dtree.c(1478): Final simple tree
|( QUESTION2 -1 -3.004e+04 6.549e+02 1.404e+02
|    ( - -1.201e+04 1 0)
|    ( - -1.738e+04 2 0))
s>    ( QUESTION2 -1 -3.004e+04 6.549e+02 1.404e+02
s>        ( - -1.201e+04 1 0)
s>        ( - -1.738e+04 2 0))INFO: dtree.c(1315): Comp split 17
INFO: dtree.c(1478): Final simple tree
|( QUESTION0_17_R 1 -5.438e+04 4.347e+02 2.537e+02
|    ( QUESTION2 -1 -2.148e+04 3.977e+02 1.006e+02
|        ( - -1.133e+04 1 0)
|        ( QUESTION0 -1 -9.751e+03 1.220e+02 4.447e+01
|            ( - -2.622e+03 1 0)
|            ( - -7.007e+03 1 0)))
|    ( QUESTION0_0_R 1 -3.246e+04 3.580e+02 1.532e+02
|        ( QUESTION10 -1 -2.507e+04 4.886e+02 1.177e+02
|            ( - 1.371e+02 1 0)
|            ( WDBNDRY_E 0 -2.472e+04 1.961e+02 1.167e+02
|                ( - -3.234e+03 1 0)
|                ( QUESTION2_0_L -1 -2.129e+04 1.632e+02 1.008e+02
|                    ( - -1.764e+04 1 0)
|                    ( - -3.486e+03 1 0))))
|        ( - -7.033e+03 1 0)))
s>    ( QUESTION0_17_R 1 -5.438e+04 4.347e+02 2.537e+02
s>        ( QUESTION2 -1 -2.148e+04 3.977e+02 1.006e+02
s>            ( - -1.133e+04 1 0)
s>            ( QUESTION0 -1 -9.751e+03 1.220e+02 4.447e+01
s>                ( - -2.622e+03 1 0)
s>                ( - -7.007e+03 1 0)))
s>        ( QUESTION0_0_R 1 -3.246e+04 3.580e+02 1.532e+02
s>            ( QUESTION10 -1 -2.507e+04 4.886e+02 1.177e+02
s>                ( - 1.371e+02 1 0)
s>                ( WDBNDRY_E 0 -2.472e+04 1.961e+02 1.167e+02
s>                    ( - -3.234e+03 1 0)
s>                    ( QUESTION2_0_L -1 -2.129e+04 1.632e+02 1.008e+02
s>                        ( - -1.764e+04 1 0)
s>                        ( - -3.486e+03 1 0))))
s>            ( - -7.033e+03 1 0)))INFO: dtree.c(1478): Final simple tree
|( QUESTION12 -1 -1.208e+05 9.713e+02 5.177e+02
|    ( QUESTION0_9_R 1 -4.366e+04 2.740e+02 1.862e+02
|        ( QUESTION2_0_L -1 -3.770e+04 2.110e+02 1.591e+02
|            ( - -2.098e+03 2 0)
|            ( - -3.539e+04 2 0))
|        ( - -5.690e+03 1 0))
|    ( QUESTION2_11_L -1 -7.614e+04 6.035e+02 3.316e+02
|        ( - -2.832e+04 3 0)
|        ( QUESTION9 1 -4.721e+04 6.315e+02 2.074e+02
|            ( QUESTION10 -1 -2.816e+04 3.144e+02 1.283e+02
|                ( - -2.335e+04 5 0 QUESTION0_9_R 1 2.056e+02 1.064e+02)
|                ( - -4.493e+03 2 0 QUESTION0 -1 1.300e+02 2.196e+01))
|            ( QUESTION0_0_R 1 -1.842e+04 4.383e+02 7.907e+01
|                ( - -6.913e+03 1 0)
|                ( - -1.107e+04 1 0)))))
s>    ( QUESTION12 -1 -1.208e+05 9.713e+02 5.177e+02
s>        ( QUESTION0_9_R 1 -4.366e+04 2.740e+02 1.862e+02
s>            ( QUESTION2_0_L -1 -3.770e+04 2.110e+02 1.591e+02
s>                ( - -2.098e+03 2 0)
s>                ( - -3.539e+04 2 0))
s>            ( - -5.690e+03 1 0))
s>        ( QUESTION2_11_L -1 -7.614e+04 6.035e+02 3.316e+02
s>            ( - -2.832e+04 3 0)
s>            ( QUESTION9 1 -4.721e+04 6.315e+02 2.074e+02
s>                ( QUESTION10 -1 -2.816e+04 3.144e+02 1.283e+02
s>                    ( - -2.335e+04 5 0 QUESTION0_9_R 1 2.056e+02 1.064e+02)
s>                    ( - -4.493e+03 2 0 QUESTION0 -1 1.300e+02 2.196e+01))
s>                ( QUESTION0_0_R 1 -1.842e+04 4.383e+02 7.907e+01
s>                    ( - -6.913e+03 1 0)
s>                    ( - -1.107e+04 1 0)))))INFO: dtree.c(1315): Comp split 18
INFO: dtree.c(1478): Final simple tree
|( QUESTION2_10_L -1 -1.304e+05 7.389e+02 5.623e+02
|    ( QUESTION0_1_R 1 -5.397e+04 5.546e+02 2.342e+02
|        ( - -9.435e+03 2 0)
|        ( - -4.398e+04 2 0))
|    ( QUESTION0_1_R 1 -7.570e+04 4.101e+02 3.281e+02
|        ( WDBNDRY_E 0 -1.668e+04 2.143e+02 7.350e+01
|            ( - -2.456e+02 1 0)
|            ( - -1.622e+04 4 0 QUESTION15 -1 1.900e+02 7.150e+01))
|        ( QUESTION2_14_L -1 -5.861e+04 4.510e+02 2.546e+02
|            ( - 1.275e+02 1 0)
|            ( WDBNDRY_S 0 -5.829e+04 2.476e+02 2.536e+02
|                ( - -5.922e+03 1 0)
|                ( QUESTION10 -1 -5.212e+04 2.090e+02 2.283e+02
|                    ( - -4.889e+04 1 0)
|                    ( - -3.019e+03 3 0 QUESTION12 -1 1.621e+02 1.301e+01))))))
s>    ( QUESTION2_10_L -1 -1.304e+05 7.389e+02 5.623e+02
s>        ( QUESTION0_1_R 1 -5.397e+04 5.546e+02 2.342e+02
s>            ( - -9.435e+03 2 0)
s>            ( - -4.398e+04 2 0))
s>        ( QUESTION0_1_R 1 -7.570e+04 4.101e+02 3.281e+02
s>            ( WDBNDRY_E 0 -1.668e+04 2.143e+02 7.350e+01
s>                ( - -2.456e+02 1 0)
s>                ( - -1.622e+04 4 0 QUESTION15 -1 1.900e+02 7.150e+01))
s>            ( QUESTION2_14_L -1 -5.861e+04 4.510e+02 2.546e+02
s>                ( - 1.275e+02 1 0)
s>                ( WDBNDRY_S 0 -5.829e+04 2.476e+02 2.536e+02
s>                    ( - -5.922e+03 1 0)
s>                    ( QUESTION10 -1 -5.212e+04 2.090e+02 2.283e+02
s>                        ( - -4.889e+04 1 0)
s>                        ( - -3.019e+03 3 0 QUESTION12 -1 1.621e+02 1.301e+01))))))INFO: dtree.c(1439): stop. leaf nodes are specific
INFO: dtree.c(1478): Final simple tree
|( WDBNDRY_B 0 -5.625e+04 2.230e+02 2.428e+02
|    ( - -3.197e+03 1 0)
|    ( - -5.283e+04 1 0))
s>    ( WDBNDRY_B 0 -5.625e+04 2.230e+02 2.428e+02
s>        ( - -3.197e+03 1 0)
s>        ( - -5.283e+04 1 0))INFO: dtree.c(1315): Comp split 19
INFO: dtree.c(1439): stop. leaf nodes are specific
INFO: dtree.c(1478): Final simple tree
|( QUESTION2 -1 -2.258e+04 2.486e+02 1.002e+02
|    ( - -4.442e+03 1 0)
|    ( - -1.789e+04 2 0))
s>    ( QUESTION2 -1 -2.258e+04 2.486e+02 1.002e+02
s>        ( - -4.442e+03 1 0)
s>        ( - -1.789e+04 2 0))INFO: dtree.c(1315): Comp split 20
INFO: dtree.c(1478): Final simple tree
|( QUESTION0_13_R 1 -8.242e+04 8.329e+02 3.814e+02
|    ( QUESTION0 -1 -1.616e+04 2.598e+02 7.329e+01
|        ( - -6.237e+03 1 0)
|        ( - -9.667e+03 1 0))
|    ( QUESTION10 -1 -6.542e+04 4.994e+02 3.081e+02
|        ( - -3.282e+04 1 0)
|        ( WDBNDRY_S 0 -3.210e+04 3.012e+02 1.489e+02
|            ( QUESTION0_0_R 1 -1.446e+04 2.167e+02 6.734e+01
|                ( - -1.377e+04 1 0)
|                ( - -4.744e+02 1 0))
|            ( QUESTION2_0_L -1 -1.734e+04 2.777e+02 8.155e+01
|                ( WDBNDRY_E 0 -1.229e+04 2.489e+02 5.980e+01
|                    ( - -3.417e+03 1 0)
|                    ( - -8.625e+03 3 0 QUESTION0_0_R 1 1.965e+02 4.092e+01))
|                ( - -4.776e+03 1 0)))))
s>    ( QUESTION0_13_R 1 -8.242e+04 8.329e+02 3.814e+02
s>        ( QUESTION0 -1 -1.616e+04 2.598e+02 7.329e+01
s>            ( - -6.237e+03 1 0)
s>            ( - -9.667e+03 1 0))
s>        ( QUESTION10 -1 -6.542e+04 4.994e+02 3.081e+02
s>            ( - -3.282e+04 1 0)
s>            ( WDBNDRY_S 0 -3.210e+04 3.012e+02 1.489e+02
s>                ( QUESTION0_0_R 1 -1.446e+04 2.167e+02 6.734e+01
s>                    ( - -1.377e+04 1 0)
s>                    ( - -4.744e+02 1 0))
s>                ( QUESTION2_0_L -1 -1.734e+04 2.777e+02 8.155e+01
s>                    ( WDBNDRY_E 0 -1.229e+04 2.489e+02 5.980e+01
s>                        ( - -3.417e+03 1 0)
s>                        ( - -8.625e+03 3 0 QUESTION0_0_R 1 1.965e+02 4.092e+01))
s>                    ( - -4.776e+03 1 0)))))INFO: dtree.c(1478): Final simple tree
|( QUESTION2_1_L -1 -1.674e+05 9.205e+02 7.267e+02
|    ( QUESTION0_0_R 1 -1.222e+05 6.888e+02 5.402e+02
|        ( QUESTION10 -1 -1.040e+05 4.461e+02 4.625e+02
|            ( WDBNDRY_E 0 -6.853e+04 3.851e+02 3.100e+02
|                ( - -1.740e+03 1 0)
|                ( - -6.641e+04 2 0))
|            ( - -3.507e+04 3 0 QUESTION2 -1 1.883e+02 1.525e+02))
|        ( QUESTION11 -1 -1.748e+04 2.391e+02 7.777e+01
|            ( - -5.216e+03 1 0)
|            ( - -1.202e+04 2 0 QUESTION2 -1 2.212e+02 5.267e+01)))
|    ( WDBNDRY_B 0 -4.424e+04 5.758e+02 1.864e+02
|        ( QUESTION0 -1 -3.078e+04 2.300e+02 1.310e+02
|            ( - -8.282e+03 2 0)
|            ( - -2.227e+04 1 0))
|        ( - -1.288e+04 1 0)))
s>    ( QUESTION2_1_L -1 -1.674e+05 9.205e+02 7.267e+02
s>        ( QUESTION0_0_R 1 -1.222e+05 6.888e+02 5.402e+02
s>            ( QUESTION10 -1 -1.040e+05 4.461e+02 4.625e+02
s>                ( WDBNDRY_E 0 -6.853e+04 3.851e+02 3.100e+02
s>                    ( - -1.740e+03 1 0)
s>                    ( - -6.641e+04 2 0))
s>                ( - -3.507e+04 3 0 QUESTION2 -1 1.883e+02 1.525e+02))
s>            ( QUESTION11 -1 -1.748e+04 2.391e+02 7.777e+01
s>                ( - -5.216e+03 1 0)
s>                ( - -1.202e+04 2 0 QUESTION2 -1 2.212e+02 5.267e+01)))
s>        ( WDBNDRY_B 0 -4.424e+04 5.758e+02 1.864e+02
s>            ( QUESTION0 -1 -3.078e+04 2.300e+02 1.310e+02
s>                ( - -8.282e+03 2 0)
s>                ( - -2.227e+04 1 0))
s>            ( - -1.288e+04 1 0)))INFO: dtree.c(1315): Comp split 21
INFO: dtree.c(1439): stop. leaf nodes are specific
INFO: dtree.c(1478): Final simple tree
|( QUESTION0 -1 -9.555e+04 1.719e+02 4.388e+02
|    ( - -2.774e+03 1 0)
|    ( - -9.260e+04 1 0))
s>    ( QUESTION0 -1 -9.555e+04 1.719e+02 4.388e+02
s>        ( - -2.774e+03 1 0)
s>        ( - -9.260e+04 1 0))INFO: dtree.c(1315): Comp split 22
INFO: dtree.c(1439): stop. leaf nodes are specific
INFO: dtree.c(1478): Final simple tree
|( QUESTION2_0_L -1 -7.007e+04 5.896e+02 3.045e+02
|    ( QUESTION10 -1 -3.408e+04 3.538e+02 1.554e+02
|        ( QUESTION0_9_R 1 -2.335e+04 2.056e+02 1.064e+02
|            ( - -2.223e+04 4 0)
|            ( - -9.194e+02 1 0))
|        ( QUESTION0_9_R 1 -1.038e+04 1.963e+02 4.899e+01
|            ( QUESTION0 -1 -4.493e+03 1.300e+02 2.196e+01
|                ( - -8.408e+02 1 0)
|                ( - -3.523e+03 1 0))
|            ( - -5.690e+03 1 0)))
|    ( - -3.539e+04 2 0))
s>    ( QUESTION2_0_L -1 -7.007e+04 5.896e+02 3.045e+02
s>        ( QUESTION10 -1 -3.408e+04 3.538e+02 1.554e+02
s>            ( QUESTION0_9_R 1 -2.335e+04 2.056e+02 1.064e+02
s>                ( - -2.223e+04 4 0)
s>                ( - -9.194e+02 1 0))
s>            ( QUESTION0_9_R 1 -1.038e+04 1.963e+02 4.899e+01
s>                ( QUESTION0 -1 -4.493e+03 1.300e+02 2.196e+01
s>                    ( - -8.408e+02 1 0)
s>                    ( - -3.523e+03 1 0))
s>                ( - -5.690e+03 1 0)))
s>        ( - -3.539e+04 2 0))INFO: dtree.c(1439): stop. leaf nodes are specific
INFO: dtree.c(1478): Final simple tree
|( QUESTION0_13_R 1 -4.957e+04 5.706e+02 2.132e+02
|    ( - -1.107e+04 1 0)
|    ( QUESTION2_11_L -1 -3.793e+04 4.136e+02 1.658e+02
|        ( - -2.832e+04 3 0)
|        ( QUESTION0_0_R 1 -9.193e+03 1.814e+02 4.166e+01
|            ( - -6.913e+03 1 0)
|            ( - -2.098e+03 2 0))))
s>    ( QUESTION0_13_R 1 -4.957e+04 5.706e+02 2.132e+02
s>        ( - -1.107e+04 1 0)
s>        ( QUESTION2_11_L -1 -3.793e+04 4.136e+02 1.658e+02
s>            ( - -2.832e+04 3 0)
s>            ( QUESTION0_0_R 1 -9.193e+03 1.814e+02 4.166e+01
s>                ( - -6.913e+03 1 0)
s>                ( - -2.098e+03 2 0))))INFO: dtree.c(1315): Comp split 23
INFO: dtree.c(1439): stop. leaf nodes are specific
INFO: dtree.c(1478): Final simple tree
|( QUESTION0_14_R 1 -2.510e+04 2.220e+02 1.160e+02
|    ( - -5.409e+03 2 0)
|    ( - -1.947e+04 1 0))
s>    ( QUESTION0_14_R 1 -2.510e+04 2.220e+02 1.160e+02
s>        ( - -5.409e+03 2 0)
s>        ( - -1.947e+04 1 0))INFO: dtree.c(1439): stop. leaf nodes are specific
INFO: dtree.c(1478): Final simple tree
|( QUESTION2_10_L -1 -1.412e+05 6.780e+02 6.246e+02
|    ( QUESTION0_14_R 1 -7.095e+04 1.765e+02 3.220e+02
|        ( - -7.042e+04 4 0)
|        ( - -3.589e+02 1 0))
|    ( WDBNDRY_S 0 -6.954e+04 4.298e+02 3.026e+02
|        ( - -1.223e+04 1 0)
|        ( - -5.688e+04 4 0)))
s>    ( QUESTION2_10_L -1 -1.412e+05 6.780e+02 6.246e+02
s>        ( QUESTION0_14_R 1 -7.095e+04 1.765e+02 3.220e+02
s>            ( - -7.042e+04 4 0)
s>            ( - -3.589e+02 1 0))
s>        ( WDBNDRY_S 0 -6.954e+04 4.298e+02 3.026e+02
s>            ( - -1.223e+04 1 0)
s>            ( - -5.688e+04 4 0)))INFO: dtree.c(1315): Comp split 24
INFO: dtree.c(1439): stop. leaf nodes are specific
INFO: dtree.c(1478): Final simple tree
|( QUESTION0_14_R 1 -7.398e+04 4.790e+02 3.386e+02
|    ( - -7.374e+04 3 0)
|    ( - 2.418e+02 1 0))
s>    ( QUESTION0_14_R 1 -7.398e+04 4.790e+02 3.386e+02
s>        ( - -7.374e+04 3 0)
s>        ( - 2.418e+02 1 0))INFO: dtree.c(1315): Comp split 25
INFO: dtree.c(1439): stop. leaf nodes are specific
INFO: dtree.c(1478): Final simple tree
|( WDBNDRY_B 0 -4.888e+04 6.158e+02 2.088e+02
|    ( QUESTION0 -1 -3.078e+04 2.300e+02 1.310e+02
|        ( - -8.282e+03 2 0)
|        ( - -2.227e+04 1 0))
|    ( QUESTION11 -1 -1.748e+04 2.391e+02 7.777e+01
|        ( - -5.216e+03 1 0)
|        ( QUESTION2 -1 -1.202e+04 2.212e+02 5.267e+01
|            ( - -2.158e+03 1 0)
|            ( - -9.645e+03 1 0))))
s>    ( WDBNDRY_B 0 -4.888e+04 6.158e+02 2.088e+02
s>        ( QUESTION0 -1 -3.078e+04 2.300e+02 1.310e+02
s>            ( - -8.282e+03 2 0)
s>            ( - -2.227e+04 1 0))
s>        ( QUESTION11 -1 -1.748e+04 2.391e+02 7.777e+01
s>            ( - -5.216e+03 1 0)
s>            ( QUESTION2 -1 -1.202e+04 2.212e+02 5.267e+01
s>                ( - -2.158e+03 1 0)
s>                ( - -9.645e+03 1 0))))INFO: dtree.c(1439): stop. leaf nodes are specific
INFO: dtree.c(1478): Final simple tree
|( WDBNDRY_S 0 -1.176e+05 6.367e+02 5.179e+02
|    ( - -1.288e+04 1 0)
|    ( QUESTION10 -1 -1.040e+05 4.461e+02 4.625e+02
|        ( WDBNDRY_E 0 -6.853e+04 3.851e+02 3.100e+02
|            ( - -1.740e+03 1 0)
|            ( - -6.641e+04 2 0))
|        ( QUESTION2 -1 -3.507e+04 1.883e+02 1.525e+02
|            ( - -3.103e+04 2 0)
|            ( - -3.846e+03 1 0))))
s>    ( WDBNDRY_S 0 -1.176e+05 6.367e+02 5.179e+02
s>        ( - -1.288e+04 1 0)
s>        ( QUESTION10 -1 -1.040e+05 4.461e+02 4.625e+02
s>            ( WDBNDRY_E 0 -6.853e+04 3.851e+02 3.100e+02
s>                ( - -1.740e+03 1 0)
s>                ( - -6.641e+04 2 0))
s>            ( QUESTION2 -1 -3.507e+04 1.883e+02 1.525e+02
s>                ( - -3.103e+04 2 0)
s>                ( - -3.846e+03 1 0))))INFO: dtree.c(1315): Comp split 26
INFO: dtree.c(1439): stop. leaf nodes are specific
INFO: dtree.c(1478): Final simple tree
|( WDBNDRY_E 0 -4.716e+04 2.011e+02 2.039e+02
|    ( - -1.300e+03 1 0)
|    ( QUESTION12 -1 -4.566e+04 1.606e+02 1.979e+02
|        ( - -8.129e+02 1 0)
|        ( QUESTION10 -1 -4.469e+04 1.055e+02 1.939e+02
|            ( - -4.398e+04 2 0)
|            ( - -6.066e+02 1 0))))
s>    ( WDBNDRY_E 0 -4.716e+04 2.011e+02 2.039e+02
s>        ( - -1.300e+03 1 0)
s>        ( QUESTION12 -1 -4.566e+04 1.606e+02 1.979e+02
s>            ( - -8.129e+02 1 0)
s>            ( QUESTION10 -1 -4.469e+04 1.055e+02 1.939e+02
s>                ( - -4.398e+04 2 0)
s>                ( - -6.066e+02 1 0))))INFO: dtree.c(1478): Final simple tree
|( QUESTION0_1_R 1 -8.232e+04 5.765e+02 3.584e+02
|    ( WDBNDRY_S 0 -2.636e+04 3.077e+02 1.168e+02
|        ( - -1.320e+04 1 0)
|        ( WDBNDRY_E 0 -1.285e+04 2.145e+02 5.830e+01
|            ( - -2.456e+02 1 0)
|            ( QUESTION13 -1 -1.239e+04 1.824e+02 5.630e+01
|                ( - -2.848e+02 1 0)
|                ( QUESTION10 -1 -1.192e+04 1.483e+02 5.430e+01
|                    ( - -1.029e+04 3 0 QUESTION2_10_L -1 1.065e+02 4.730e+01)
|                    ( - -1.483e+03 1 0)))))
|    ( QUESTION15 -1 -5.539e+04 4.531e+02 2.416e+02
|        ( - 1.275e+02 1 0)
|        ( WDBNDRY_S 0 -5.506e+04 2.463e+02 2.406e+02
|            ( - -5.922e+03 1 0)
|            ( - -4.889e+04 1 0))))
s>    ( QUESTION0_1_R 1 -8.232e+04 5.765e+02 3.584e+02
s>        ( WDBNDRY_S 0 -2.636e+04 3.077e+02 1.168e+02
s>            ( - -1.320e+04 1 0)
s>            ( WDBNDRY_E 0 -1.285e+04 2.145e+02 5.830e+01
s>                ( - -2.456e+02 1 0)
s>                ( QUESTION13 -1 -1.239e+04 1.824e+02 5.630e+01
s>                    ( - -2.848e+02 1 0)
s>                    ( QUESTION10 -1 -1.192e+04 1.483e+02 5.430e+01
s>                        ( - -1.029e+04 3 0 QUESTION2_10_L -1 1.065e+02 4.730e+01)
s>                        ( - -1.483e+03 1 0)))))
s>        ( QUESTION15 -1 -5.539e+04 4.531e+02 2.416e+02
s>            ( - 1.275e+02 1 0)
s>            ( WDBNDRY_S 0 -5.506e+04 2.463e+02 2.406e+02
s>                ( - -5.922e+03 1 0)
s>                ( - -4.889e+04 1 0))))INFO: dtree.c(1315): Comp split 27
INFO: dtree.c(1439): stop. leaf nodes are specific
INFO: dtree.c(1478): Final simple tree
|( QUESTION0 -1 -1.685e+04 2.665e+02 7.629e+01
|    ( - -6.237e+03 1 0)
|    ( WDBNDRY_S 0 -1.034e+04 2.034e+02 4.834e+01
|        ( - -4.744e+02 1 0)
|        ( - -9.667e+03 1 0)))
s>    ( QUESTION0 -1 -1.685e+04 2.665e+02 7.629e+01
s>        ( - -6.237e+03 1 0)
s>        ( WDBNDRY_S 0 -1.034e+04 2.034e+02 4.834e+01
s>            ( - -4.744e+02 1 0)
s>            ( - -9.667e+03 1 0)))INFO: dtree.c(1439): stop. leaf nodes are specific
INFO: dtree.c(1478): Final simple tree
|( QUESTION10 -1 -6.473e+04 5.014e+02 3.051e+02
|    ( - -3.282e+04 1 0)
|    ( WDBNDRY_S 0 -3.141e+04 3.024e+02 1.459e+02
|        ( - -1.377e+04 1 0)
|        ( QUESTION2_0_L -1 -1.734e+04 2.777e+02 8.155e+01
|            ( WDBNDRY_E 0 -1.229e+04 2.489e+02 5.980e+01
|                ( - -3.417e+03 1 0)
|                ( QUESTION0_0_R 1 -8.625e+03 1.965e+02 4.092e+01
|                    ( - -1.669e+03 1 0)
|                    ( QUESTION0 -1 -6.759e+03 1.793e+02 3.392e+01
|                        ( - -3.144e+03 1 0)
|                        ( - -3.436e+03 1 0))))
|            ( - -4.776e+03 1 0))))
s>    ( QUESTION10 -1 -6.473e+04 5.014e+02 3.051e+02
s>        ( - -3.282e+04 1 0)
s>        ( WDBNDRY_S 0 -3.141e+04 3.024e+02 1.459e+02
s>            ( - -1.377e+04 1 0)
s>            ( QUESTION2_0_L -1 -1.734e+04 2.777e+02 8.155e+01
s>                ( WDBNDRY_E 0 -1.229e+04 2.489e+02 5.980e+01
s>                    ( - -3.417e+03 1 0)
s>                    ( QUESTION0_0_R 1 -8.625e+03 1.965e+02 4.092e+01
s>                        ( - -1.669e+03 1 0)
s>                        ( QUESTION0 -1 -6.759e+03 1.793e+02 3.392e+01
s>                            ( - -3.144e+03 1 0)
s>                            ( - -3.436e+03 1 0))))
s>                ( - -4.776e+03 1 0))))INFO: dtree.c(1315): Comp split 28
INFO: dtree.c(1439): stop. leaf nodes are specific
INFO: dtree.c(1478): Final simple tree
|( QUESTION0_3_R 1 -6.857e+04 2.913e+02 3.028e+02
|    ( - -6.094e+04 2 0)
|    ( QUESTION0_1_R 1 -7.337e+03 2.057e+02 3.341e+01
|        ( - -2.490e+03 1 0)
|        ( QUESTION0_5_R 1 -4.641e+03 1.358e+02 2.193e+01
|            ( - -2.607e+03 1 0)
|            ( - -1.898e+03 1 0))))
s>    ( QUESTION0_3_R 1 -6.857e+04 2.913e+02 3.028e+02
s>        ( - -6.094e+04 2 0)
s>        ( QUESTION0_1_R 1 -7.337e+03 2.057e+02 3.341e+01
s>            ( - -2.490e+03 1 0)
s>            ( QUESTION0_5_R 1 -4.641e+03 1.358e+02 2.193e+01
s>                ( - -2.607e+03 1 0)
s>                ( - -1.898e+03 1 0))))INFO: dtree.c(1439): stop. leaf nodes are specific
INFO: dtree.c(1478): Final simple tree
|( QUESTION0_1_R 1 -1.010e+04 2.407e+02 4.705e+01
|    ( - -6.532e+03 3 0)
|    ( - -3.325e+03 1 0))
s>    ( QUESTION0_1_R 1 -1.010e+04 2.407e+02 4.705e+01
s>        ( - -6.532e+03 3 0)
s>        ( - -3.325e+03 1 0))INFO: dtree.c(1315): Comp split 29
INFO: dtree.c(1439): stop. leaf nodes are specific
INFO: dtree.c(1478): Final simple tree
|( QUESTION12 -1 -2.939e+04 1.865e+02 1.436e+02
|    ( - -2.365e+02 1 0)
|    ( QUESTION10 -1 -2.897e+04 1.845e+02 1.416e+02
|        ( - -2.263e+04 1 0)
|        ( - -6.154e+03 1 0)))
s>    ( QUESTION12 -1 -2.939e+04 1.865e+02 1.436e+02
s>        ( - -2.365e+02 1 0)
s>        ( QUESTION10 -1 -2.897e+04 1.845e+02 1.416e+02
s>            ( - -2.263e+04 1 0)
s>            ( - -6.154e+03 1 0)))INFO: dtree.c(1439): stop. leaf nodes are specific
INFO: dtree.c(1478): Final simple tree
|( QUESTION0 -1 -1.411e+05 1.365e+02 6.564e+02
|    ( - -1.387e+05 1 0)
|    ( - -2.291e+03 1 0))
s>    ( QUESTION0 -1 -1.411e+05 1.365e+02 6.564e+02
s>        ( - -1.387e+05 1 0)
s>        ( - -2.291e+03 1 0))INFO: dtree.c(1315): Comp split 30
INFO: dtree.c(1439): stop. leaf nodes are specific
INFO: dtree.c(1478): Final simple tree
|( WDBNDRY_S 0 -7.005e+04 4.331e+02 3.046e+02
|    ( - -1.223e+04 1 0)
|    ( QUESTION0_14_R 1 -5.739e+04 1.519e+02 2.519e+02
|        ( - -5.688e+04 4 0)
|        ( - -3.589e+02 1 0)))
s>    ( WDBNDRY_S 0 -7.005e+04 4.331e+02 3.046e+02
s>        ( - -1.223e+04 1 0)
s>        ( QUESTION0_14_R 1 -5.739e+04 1.519e+02 2.519e+02
s>            ( - -5.688e+04 4 0)
s>            ( - -3.589e+02 1 0)))INFO: dtree.c(1315): Comp split 31
INFO: dtree.c(1315): Comp split 32
INFO: dtree.c(1439): stop. leaf nodes are specific
INFO: dtree.c(1478): Final simple tree
|( QUESTION10 -1 -1.040e+05 4.461e+02 4.625e+02
|    ( WDBNDRY_E 0 -6.853e+04 3.851e+02 3.100e+02
|        ( - -1.740e+03 1 0)
|        ( - -6.641e+04 2 0))
|    ( QUESTION2 -1 -3.507e+04 1.883e+02 1.525e+02
|        ( - -3.103e+04 2 0)
|        ( - -3.846e+03 1 0)))
s>    ( QUESTION10 -1 -1.040e+05 4.461e+02 4.625e+02
s>        ( WDBNDRY_E 0 -6.853e+04 3.851e+02 3.100e+02
s>            ( - -1.740e+03 1 0)
s>            ( - -6.641e+04 2 0))
s>        ( QUESTION2 -1 -3.507e+04 1.883e+02 1.525e+02
s>            ( - -3.103e+04 2 0)
s>            ( - -3.846e+03 1 0)))INFO: dtree.c(1315): Comp split 33
INFO: dtree.c(1439): stop. leaf nodes are specific
INFO: dtree.c(1478): Final simple tree
|( QUESTION11 -1 -1.748e+04 2.391e+02 7.777e+01
|    ( - -5.216e+03 1 0)
|    ( QUESTION2 -1 -1.202e+04 2.212e+02 5.267e+01
|        ( - -2.158e+03 1 0)
|        ( - -9.645e+03 1 0)))
s>    ( QUESTION11 -1 -1.748e+04 2.391e+02 7.777e+01
s>        ( - -5.216e+03 1 0)
s>        ( QUESTION2 -1 -1.202e+04 2.212e+02 5.267e+01
s>            ( - -2.158e+03 1 0)
s>            ( - -9.645e+03 1 0)))INFO: dtree.c(1439): stop. leaf nodes are specific
INFO: dtree.c(1478): Final simple tree
|( QUESTION0 -1 -3.078e+04 2.300e+02 1.310e+02
|    ( - -8.282e+03 2 0)
|    ( - -2.227e+04 1 0))
s>    ( QUESTION0 -1 -3.078e+04 2.300e+02 1.310e+02
s>        ( - -8.282e+03 2 0)
s>        ( - -2.227e+04 1 0))INFO: dtree.c(1315): Comp split 34
INFO: dtree.c(1439): stop. leaf nodes are specific
INFO: dtree.c(1478): Final simple tree
|( WDBNDRY_S 0 -5.552e+04 2.472e+02 2.426e+02
|    ( - -5.922e+03 1 0)
|    ( QUESTION0_1_R 1 -4.935e+04 1.714e+02 2.173e+02
|        ( - -2.848e+02 1 0)
|        ( - -4.889e+04 1 0)))
s>    ( WDBNDRY_S 0 -5.552e+04 2.472e+02 2.426e+02
s>        ( - -5.922e+03 1 0)
s>        ( QUESTION0_1_R 1 -4.935e+04 1.714e+02 2.173e+02
s>            ( - -2.848e+02 1 0)
s>            ( - -4.889e+04 1 0)))INFO: dtree.c(1439): stop. leaf nodes are specific
INFO: dtree.c(1478): Final simple tree
|( QUESTION0_1_R 1 -2.621e+04 4.485e+02 1.158e+02
|    ( WDBNDRY_S 0 -2.589e+04 3.062e+02 1.148e+02
|        ( - -1.320e+04 1 0)
|        ( WDBNDRY_E 0 -1.238e+04 2.143e+02 5.630e+01
|            ( - -2.456e+02 1 0)
|            ( QUESTION10 -1 -1.192e+04 1.483e+02 5.430e+01
|                ( QUESTION2_10_L -1 -1.029e+04 1.065e+02 4.730e+01
|                    ( - -9.435e+03 2 0)
|                    ( - -7.492e+02 1 0))
|                ( - -1.483e+03 1 0))))
|    ( - 1.275e+02 1 0))
s>    ( QUESTION0_1_R 1 -2.621e+04 4.485e+02 1.158e+02
s>        ( WDBNDRY_S 0 -2.589e+04 3.062e+02 1.148e+02
s>            ( - -1.320e+04 1 0)
s>            ( WDBNDRY_E 0 -1.238e+04 2.143e+02 5.630e+01
s>                ( - -2.456e+02 1 0)
s>                ( QUESTION10 -1 -1.192e+04 1.483e+02 5.430e+01
s>                    ( QUESTION2_10_L -1 -1.029e+04 1.065e+02 4.730e+01
s>                        ( - -9.435e+03 2 0)
s>                        ( - -7.492e+02 1 0))
s>                    ( - -1.483e+03 1 0))))
s>        ( - 1.275e+02 1 0))INFO: dtree.c(1315): Comp split 35
INFO: dtree.c(1439): stop. leaf nodes are specific
INFO: dtree.c(1478): Final simple tree
|( QUESTION10 -1 -3.408e+04 3.538e+02 1.554e+02
|    ( QUESTION0_9_R 1 -2.335e+04 2.056e+02 1.064e+02
|        ( - -2.223e+04 4 0)
|        ( - -9.194e+02 1 0))
|    ( QUESTION0_9_R 1 -1.038e+04 1.963e+02 4.899e+01
|        ( QUESTION0 -1 -4.493e+03 1.300e+02 2.196e+01
|            ( - -8.408e+02 1 0)
|            ( - -3.523e+03 1 0))
|        ( - -5.690e+03 1 0)))
s>    ( QUESTION10 -1 -3.408e+04 3.538e+02 1.554e+02
s>        ( QUESTION0_9_R 1 -2.335e+04 2.056e+02 1.064e+02
s>            ( - -2.223e+04 4 0)
s>            ( - -9.194e+02 1 0))
s>        ( QUESTION0_9_R 1 -1.038e+04 1.963e+02 4.899e+01
s>            ( QUESTION0 -1 -4.493e+03 1.300e+02 2.196e+01
s>                ( - -8.408e+02 1 0)
s>                ( - -3.523e+03 1 0))
s>            ( - -5.690e+03 1 0)))INFO: dtree.c(1315): Comp split 36
INFO: dtree.c(1439): stop. leaf nodes are specific
INFO: dtree.c(1478): Final simple tree
|( QUESTION2_11_L -1 -3.793e+04 4.136e+02 1.658e+02
|    ( - -2.832e+04 3 0)
|    ( QUESTION0_0_R 1 -9.193e+03 1.814e+02 4.166e+01
|        ( - -6.913e+03 1 0)
|        ( - -2.098e+03 2 0)))
s>    ( QUESTION2_11_L -1 -3.793e+04 4.136e+02 1.658e+02
s>        ( - -2.832e+04 3 0)
s>        ( QUESTION0_0_R 1 -9.193e+03 1.814e+02 4.166e+01
s>            ( - -6.913e+03 1 0)
s>            ( - -2.098e+03 2 0)))INFO: dtree.c(1315): Comp split 37
INFO: dtree.c(1439): stop. leaf nodes are specific
INFO: dtree.c(1478): Final simple tree
|( QUESTION10 -1 -1.352e+04 4.721e+02 6.138e+01
|    ( - 1.371e+02 1 0)
|    ( WDBNDRY_E 0 -1.318e+04 1.986e+02 6.038e+01
|        ( - -3.234e+03 1 0)
|        ( QUESTION0 -1 -9.751e+03 1.220e+02 4.447e+01
|            ( - -2.622e+03 1 0)
|            ( - -7.007e+03 1 0))))
s>    ( QUESTION10 -1 -1.352e+04 4.721e+02 6.138e+01
s>        ( - 1.371e+02 1 0)
s>        ( WDBNDRY_E 0 -1.318e+04 1.986e+02 6.038e+01
s>            ( - -3.234e+03 1 0)
s>            ( QUESTION0 -1 -9.751e+03 1.220e+02 4.447e+01
s>                ( - -2.622e+03 1 0)
s>                ( - -7.007e+03 1 0))))INFO: dtree.c(1439): stop. leaf nodes are specific
INFO: dtree.c(1478): Final simple tree
|( QUESTION0_16_R 1 -4.036e+04 4.066e+02 1.924e+02
|    ( - -7.033e+03 1 0)
|    ( QUESTION0_0_R 1 -3.292e+04 2.942e+02 1.568e+02
|        ( QUESTION2_0_L -1 -2.129e+04 1.632e+02 1.008e+02
|            ( - -1.764e+04 1 0)
|            ( - -3.486e+03 1 0))
|        ( - -1.133e+04 1 0)))
s>    ( QUESTION0_16_R 1 -4.036e+04 4.066e+02 1.924e+02
s>        ( - -7.033e+03 1 0)
s>        ( QUESTION0_0_R 1 -3.292e+04 2.942e+02 1.568e+02
s>            ( QUESTION2_0_L -1 -2.129e+04 1.632e+02 1.008e+02
s>                ( - -1.764e+04 1 0)
s>                ( - -3.486e+03 1 0))
s>            ( - -1.133e+04 1 0)))INFO: dtree.c(1315): Comp split 38
INFO: dtree.c(1439): stop. leaf nodes are specific
INFO: dtree.c(1478): Final simple tree
|( WDBNDRY_S 0 -3.141e+04 3.024e+02 1.459e+02
|    ( - -1.377e+04 1 0)
|    ( QUESTION2_0_L -1 -1.734e+04 2.777e+02 8.155e+01
|        ( WDBNDRY_E 0 -1.229e+04 2.489e+02 5.980e+01
|            ( - -3.417e+03 1 0)
|            ( QUESTION0_0_R 1 -8.625e+03 1.965e+02 4.092e+01
|                ( - -1.669e+03 1 0)
|                ( QUESTION0 -1 -6.759e+03 1.793e+02 3.392e+01
|                    ( - -3.144e+03 1 0)
|                    ( - -3.436e+03 1 0))))
|        ( - -4.776e+03 1 0)))
s>    ( WDBNDRY_S 0 -3.141e+04 3.024e+02 1.459e+02
s>        ( - -1.377e+04 1 0)
s>        ( QUESTION2_0_L -1 -1.734e+04 2.777e+02 8.155e+01
s>            ( WDBNDRY_E 0 -1.229e+04 2.489e+02 5.980e+01
s>                ( - -3.417e+03 1 0)
s>                ( QUESTION0_0_R 1 -8.625e+03 1.965e+02 4.092e+01
s>                    ( - -1.669e+03 1 0)
s>                    ( QUESTION0 -1 -6.759e+03 1.793e+02 3.392e+01
s>                        ( - -3.144e+03 1 0)
s>                        ( - -3.436e+03 1 0))))
s>            ( - -4.776e+03 1 0)))INFO: dtree.c(1315): Comp split 39
INFO: dtree.c(1439): stop. leaf nodes are specific
INFO: dtree.c(1478): Final simple tree
|( QUESTION10 -1 -3.347e+04 1.632e+02 1.542e+02
|    ( - -2.329e+04 1 0)
|    ( - -1.002e+04 1 0))
s>    ( QUESTION10 -1 -3.347e+04 1.632e+02 1.542e+02
s>        ( - -2.329e+04 1 0)
s>        ( - -1.002e+04 1 0))INFO: dtree.c(1439): stop. leaf nodes are specific
INFO: dtree.c(1478): Final simple tree
|( QUESTION2_13_L -1 -2.514e+05 3.980e+02 1.128e+03
|    ( - -2.470e+04 1 0)
|    ( QUESTION0 -1 -2.263e+05 2.569e+02 1.015e+03
|        ( - -2.194e+05 2 0)
|        ( - -6.578e+03 1 0)))
s>    ( QUESTION2_13_L -1 -2.514e+05 3.980e+02 1.128e+03
s>        ( - -2.470e+04 1 0)
s>        ( QUESTION0 -1 -2.263e+05 2.569e+02 1.015e+03
s>            ( - -2.194e+05 2 0)
s>            ( - -6.578e+03 1 0)))INFO: dtree.c(1315): Comp split 40
INFO: dtree.c(1315): Comp split 41
INFO: dtree.c(1439): stop. leaf nodes are specific
INFO: dtree.c(1478): Final simple tree
|( WDBNDRY_E 0 -1.318e+04 1.986e+02 6.038e+01
|    ( - -3.234e+03 1 0)
|    ( QUESTION0 -1 -9.751e+03 1.220e+02 4.447e+01
|        ( - -2.622e+03 1 0)
|        ( - -7.007e+03 1 0)))
s>    ( WDBNDRY_E 0 -1.318e+04 1.986e+02 6.038e+01
s>        ( - -3.234e+03 1 0)
s>        ( QUESTION0 -1 -9.751e+03 1.220e+02 4.447e+01
s>            ( - -2.622e+03 1 0)
s>            ( - -7.007e+03 1 0)))INFO: dtree.c(1315): Comp split 42
INFO: dtree.c(1439): stop. leaf nodes are specific
INFO: dtree.c(1478): Final simple tree
|( QUESTION1 -1 -8.334e+04 3.023e+02 3.869e+02
|    ( - -8.081e+04 1 0)
|    ( WDBNDRY_B 0 -2.221e+03 1.952e+02 9.003e+00
|        ( - -1.405e+03 1 0)
|        ( - -6.217e+02 1 0)))
s>    ( QUESTION1 -1 -8.334e+04 3.023e+02 3.869e+02
s>        ( - -8.081e+04 1 0)
s>        ( WDBNDRY_B 0 -2.221e+03 1.952e+02 9.003e+00
s>            ( - -1.405e+03 1 0)
s>            ( - -6.217e+02 1 0)))INFO: dtree.c(1315): Comp split 43
INFO: dtree.c(1439): stop. leaf nodes are specific
INFO: dtree.c(1478): Final simple tree
|( QUESTION2_10_L -1 -8.396e+03 2.757e+02 3.980e+01
|    ( - -3.731e+03 1 0)
|    ( WDBNDRY_E 0 -4.389e+03 2.226e+02 2.078e+01
|        ( - -3.727e+03 1 0)
|        ( - -4.398e+02 1 0)))
s>    ( QUESTION2_10_L -1 -8.396e+03 2.757e+02 3.980e+01
s>        ( - -3.731e+03 1 0)
s>        ( WDBNDRY_E 0 -4.389e+03 2.226e+02 2.078e+01
s>            ( - -3.727e+03 1 0)
s>            ( - -4.398e+02 1 0)))INFO: dtree.c(1439): stop. leaf nodes are specific
INFO: dtree.c(1478): Final simple tree
|( QUESTION2_0_L -1 -2.021e+05 2.919e+02 9.170e+02
|    ( - -3.304e+04 2 0)
|    ( - -1.688e+05 2 0))
s>    ( QUESTION2_0_L -1 -2.021e+05 2.919e+02 9.170e+02
s>        ( - -3.304e+04 2 0)
s>        ( - -1.688e+05 2 0))INFO: dtree.c(1315): Comp split 44
INFO: dtree.c(1439): stop. leaf nodes are specific
INFO: dtree.c(1478): Final simple tree
|( WDBNDRY_S 0 -2.589e+04 3.062e+02 1.148e+02
|    ( - -1.320e+04 1 0)
|    ( WDBNDRY_E 0 -1.238e+04 2.143e+02 5.630e+01
|        ( - -2.456e+02 1 0)
|        ( QUESTION10 -1 -1.192e+04 1.483e+02 5.430e+01
|            ( QUESTION2_10_L -1 -1.029e+04 1.065e+02 4.730e+01
|                ( - -9.435e+03 2 0)
|                ( - -7.492e+02 1 0))
|            ( - -1.483e+03 1 0))))
s>    ( WDBNDRY_S 0 -2.589e+04 3.062e+02 1.148e+02
s>        ( - -1.320e+04 1 0)
s>        ( WDBNDRY_E 0 -1.238e+04 2.143e+02 5.630e+01
s>            ( - -2.456e+02 1 0)
s>            ( QUESTION10 -1 -1.192e+04 1.483e+02 5.430e+01
s>                ( QUESTION2_10_L -1 -1.029e+04 1.065e+02 4.730e+01
s>                    ( - -9.435e+03 2 0)
s>                    ( - -7.492e+02 1 0))
s>                ( - -1.483e+03 1 0))))INFO: dtree.c(1315): Comp split 45
INFO: dtree.c(1439): stop. leaf nodes are specific
INFO: dtree.c(1478): Final simple tree
|( QUESTION2 -1 -3.507e+04 1.883e+02 1.525e+02
|    ( - -3.103e+04 2 0)
|    ( - -3.846e+03 1 0))
s>    ( QUESTION2 -1 -3.507e+04 1.883e+02 1.525e+02
s>        ( - -3.103e+04 2 0)
s>        ( - -3.846e+03 1 0))INFO: dtree.c(1439): stop. leaf nodes are specific
INFO: dtree.c(1478): Final simple tree
|( WDBNDRY_E 0 -6.853e+04 3.851e+02 3.100e+02
|    ( - -1.740e+03 1 0)
|    ( - -6.641e+04 2 0))
s>    ( WDBNDRY_E 0 -6.853e+04 3.851e+02 3.100e+02
s>        ( - -1.740e+03 1 0)
s>        ( - -6.641e+04 2 0))INFO: dtree.c(1315): Comp split 46
INFO: dtree.c(1439): stop. leaf nodes are specific
INFO: dtree.c(1478): Final simple tree
|( QUESTION0_14_R 1 -5.739e+04 1.519e+02 2.519e+02
|    ( - -5.688e+04 4 0)
|    ( - -3.589e+02 1 0))
s>    ( QUESTION0_14_R 1 -5.739e+04 1.519e+02 2.519e+02
s>        ( - -5.688e+04 4 0)
s>        ( - -3.589e+02 1 0))INFO: dtree.c(1315): Comp split 47
INFO: dtree.c(1439): stop. leaf nodes are specific
INFO: dtree.c(1478): Final simple tree
|( QUESTION0_0_R 1 -9.193e+03 1.814e+02 4.166e+01
|    ( - -6.913e+03 1 0)
|    ( - -2.098e+03 2 0))
s>    ( QUESTION0_0_R 1 -9.193e+03 1.814e+02 4.166e+01
s>        ( - -6.913e+03 1 0)
s>        ( - -2.098e+03 2 0))INFO: dtree.c(1315): Comp split 48
INFO: dtree.c(1439): stop. leaf nodes are specific
INFO: dtree.c(1478): Final simple tree
|( QUESTION0_0_R 1 -3.292e+04 2.942e+02 1.568e+02
|    ( QUESTION2_0_L -1 -2.129e+04 1.632e+02 1.008e+02
|        ( - -1.764e+04 1 0)
|        ( - -3.486e+03 1 0))
|    ( - -1.133e+04 1 0))
s>    ( QUESTION0_0_R 1 -3.292e+04 2.942e+02 1.568e+02
s>        ( QUESTION2_0_L -1 -2.129e+04 1.632e+02 1.008e+02
s>            ( - -1.764e+04 1 0)
s>            ( - -3.486e+03 1 0))
s>        ( - -1.133e+04 1 0))INFO: dtree.c(1315): Comp split 49
INFO: dtree.c(1439): stop. leaf nodes are specific
INFO: dtree.c(1478): Final simple tree
|( QUESTION0 -1 -2.263e+05 2.569e+02 1.015e+03
|    ( - -2.194e+05 2 0)
|    ( - -6.578e+03 1 0))
s>    ( QUESTION0 -1 -2.263e+05 2.569e+02 1.015e+03
s>        ( - -2.194e+05 2 0)
s>        ( - -6.578e+03 1 0))INFO: dtree.c(1315): Comp split 50
INFO: dtree.c(1315): Comp split 51
INFO: dtree.c(1439): stop. leaf nodes are specific
INFO: dtree.c(1478): Final simple tree
|( QUESTION0_9_R 1 -1.149e+04 2.011e+02 5.399e+01
|    ( QUESTION0 -1 -4.493e+03 1.300e+02 2.196e+01
|        ( - -8.408e+02 1 0)
|        ( - -3.523e+03 1 0))
|    ( QUESTION10 -1 -6.800e+03 1.913e+02 3.203e+01
|        ( - -9.194e+02 1 0)
|        ( - -5.690e+03 1 0)))
s>    ( QUESTION0_9_R 1 -1.149e+04 2.011e+02 5.399e+01
s>        ( QUESTION0 -1 -4.493e+03 1.300e+02 2.196e+01
s>            ( - -8.408e+02 1 0)
s>            ( - -3.523e+03 1 0))
s>        ( QUESTION10 -1 -6.800e+03 1.913e+02 3.203e+01
s>            ( - -9.194e+02 1 0)
s>            ( - -5.690e+03 1 0)))INFO: dtree.c(1315): Comp split 52
INFO: dtree.c(1439): stop. leaf nodes are specific
INFO: dtree.c(1478): Final simple tree
|( QUESTION13 -1 -1.894e+04 1.855e+02 8.726e+01
|    ( - -1.669e+03 1 0)
|    ( WDBNDRY_S 0 -1.709e+04 1.742e+02 8.026e+01
|        ( - -1.377e+04 1 0)
|        ( - -3.144e+03 1 0)))
s>    ( QUESTION13 -1 -1.894e+04 1.855e+02 8.726e+01
s>        ( - -1.669e+03 1 0)
s>        ( WDBNDRY_S 0 -1.709e+04 1.742e+02 8.026e+01
s>            ( - -1.377e+04 1 0)
s>            ( - -3.144e+03 1 0)))INFO: dtree.c(1439): stop. leaf nodes are specific
INFO: dtree.c(1478): Final simple tree
|( QUESTION2_0_L -1 -1.212e+04 2.843e+02 5.863e+01
|    ( WDBNDRY_E 0 -7.061e+03 2.080e+02 3.688e+01
|        ( - -3.417e+03 1 0)
|        ( - -3.436e+03 1 0))
|    ( - -4.776e+03 1 0))
s>    ( QUESTION2_0_L -1 -1.212e+04 2.843e+02 5.863e+01
s>        ( WDBNDRY_E 0 -7.061e+03 2.080e+02 3.688e+01
s>            ( - -3.417e+03 1 0)
s>            ( - -3.436e+03 1 0))
s>        ( - -4.776e+03 1 0))INFO: dtree.c(1315): Comp split 53
INFO: dtree.c(1439): stop. leaf nodes are specific
INFO: dtree.c(1478): Final simple tree
|( WDBNDRY_E 0 -1.238e+04 2.143e+02 5.630e+01
|    ( - -2.456e+02 1 0)
|    ( QUESTION10 -1 -1.192e+04 1.483e+02 5.430e+01
|        ( QUESTION2_10_L -1 -1.029e+04 1.065e+02 4.730e+01
|            ( - -9.435e+03 2 0)
|            ( - -7.492e+02 1 0))
|        ( - -1.483e+03 1 0)))
s>    ( WDBNDRY_E 0 -1.238e+04 2.143e+02 5.630e+01
s>        ( - -2.456e+02 1 0)
s>        ( QUESTION10 -1 -1.192e+04 1.483e+02 5.430e+01
s>            ( QUESTION2_10_L -1 -1.029e+04 1.065e+02 4.730e+01
s>                ( - -9.435e+03 2 0)
s>                ( - -7.492e+02 1 0))
s>            ( - -1.483e+03 1 0)))INFO: dtree.c(1315): Comp split 54
INFO: dtree.c(1315): Comp split 55
INFO: dtree.c(1439): stop. leaf nodes are specific
INFO: dtree.c(1478): Final simple tree
|( WDBNDRY_B 0 -2.221e+03 1.952e+02 9.003e+00
|    ( - -1.405e+03 1 0)
|    ( - -6.217e+02 1 0))
s>    ( WDBNDRY_B 0 -2.221e+03 1.952e+02 9.003e+00
s>        ( - -1.405e+03 1 0)
s>        ( - -6.217e+02 1 0))INFO: dtree.c(1315): Comp split 56
INFO: dtree.c(1439): stop. leaf nodes are specific
INFO: dtree.c(1478): Final simple tree
|( QUESTION0_1_R 1 -5.268e+03 1.705e+02 2.442e+01
|    ( - -2.490e+03 1 0)
|    ( - -2.607e+03 1 0))
s>    ( QUESTION0_1_R 1 -5.268e+03 1.705e+02 2.442e+01
s>        ( - -2.490e+03 1 0)
s>        ( - -2.607e+03 1 0))INFO: dtree.c(1439): stop. leaf nodes are specific
INFO: dtree.c(1478): Final simple tree
|( QUESTION0_3_R 1 -6.301e+04 1.645e+02 2.783e+02
|    ( - -6.094e+04 2 0)
|    ( - -1.898e+03 1 0))
s>    ( QUESTION0_3_R 1 -6.301e+04 1.645e+02 2.783e+02
s>        ( - -6.094e+04 2 0)
s>        ( - -1.898e+03 1 0))INFO: dtree.c(1315): Comp split 57
INFO: dtree.c(1439): stop. leaf nodes are specific
INFO: dtree.c(1478): Final simple tree
|( QUESTION2_0_L -1 -2.129e+04 1.632e+02 1.008e+02
|    ( - -1.764e+04 1 0)
|    ( - -3.486e+03 1 0))
s>    ( QUESTION2_0_L -1 -2.129e+04 1.632e+02 1.008e+02
s>        ( - -1.764e+04 1 0)
s>        ( - -3.486e+03 1 0))INFO: dtree.c(1315): Comp split 58
INFO: dtree.c(1315): Comp split 59
INFO: dtree.c(1439): stop. leaf nodes are specific
INFO: dtree.c(1478): Final simple tree
|( WDBNDRY_E 0 -7.061e+03 2.080e+02 3.688e+01
|    ( - -3.417e+03 1 0)
|    ( - -3.436e+03 1 0))
s>    ( WDBNDRY_E 0 -7.061e+03 2.080e+02 3.688e+01
s>        ( - -3.417e+03 1 0)
s>        ( - -3.436e+03 1 0))INFO: dtree.c(1315): Comp split 60
INFO: dtree.c(1315): Comp split 61
INFO: dtree.c(1439): stop. leaf nodes are specific
INFO: dtree.c(1478): Final simple tree
|( WDBNDRY_E 0 -4.389e+03 2.226e+02 2.078e+01
|    ( - -3.727e+03 1 0)
|    ( - -4.398e+02 1 0))
s>    ( WDBNDRY_E 0 -4.389e+03 2.226e+02 2.078e+01
s>        ( - -3.727e+03 1 0)
s>        ( - -4.398e+02 1 0))INFO: dtree.c(1315): Comp split 62
INFO: dtree.c(1439): stop. leaf nodes are specific
INFO: dtree.c(1478): Final simple tree
|( WDBNDRY_S 0 -1.034e+04 2.034e+02 4.834e+01
|    ( - -4.744e+02 1 0)
|    ( - -9.667e+03 1 0))
s>    ( WDBNDRY_S 0 -1.034e+04 2.034e+02 4.834e+01
s>        ( - -4.744e+02 1 0)
s>        ( - -9.667e+03 1 0))INFO: dtree.c(1315): Comp split 63
INFO: dtree.c(1315): Comp split 64
INFO: dtree.c(1315): Comp split 65
INFO: dtree.c(1439): stop. leaf nodes are specific
INFO: dtree.c(1478): Final simple tree
|( QUESTION0_1_R 1 -4.935e+04 1.714e+02 2.173e+02
|    ( - -2.848e+02 1 0)
|    ( - -4.889e+04 1 0))
s>    ( QUESTION0_1_R 1 -4.935e+04 1.714e+02 2.173e+02
s>        ( - -2.848e+02 1 0)
s>        ( - -4.889e+04 1 0))INFO: dtree.c(1315): Comp split 66
INFO: dtree.c(1315): Comp split 67
INFO: dtree.c(1439): stop. leaf nodes are specific
INFO: dtree.c(1478): Final simple tree
|( QUESTION2 -1 -1.202e+04 2.212e+02 5.267e+01
|    ( - -2.158e+03 1 0)
|    ( - -9.645e+03 1 0))
s>    ( QUESTION2 -1 -1.202e+04 2.212e+02 5.267e+01
s>        ( - -2.158e+03 1 0)
s>        ( - -9.645e+03 1 0))INFO: dtree.c(1315): Comp split 68
INFO: dtree.c(1315): Comp split 69
INFO: dtree.c(1315): Comp split 70
INFO: dtree.c(1315): Comp split 71
INFO: dtree.c(1315): Comp split 72
INFO: dtree.c(1315): Comp split 73
INFO: dtree.c(1439): stop. leaf nodes are specific
INFO: dtree.c(1478): Final simple tree
|( QUESTION10 -1 -1.192e+04 1.483e+02 5.430e+01
|    ( QUESTION2_10_L -1 -1.029e+04 1.065e+02 4.730e+01
|        ( - -9.435e+03 2 0)
|        ( - -7.492e+02 1 0))
|    ( - -1.483e+03 1 0))
s>    ( QUESTION10 -1 -1.192e+04 1.483e+02 5.430e+01
s>        ( QUESTION2_10_L -1 -1.029e+04 1.065e+02 4.730e+01
s>            ( - -9.435e+03 2 0)
s>            ( - -7.492e+02 1 0))
s>        ( - -1.483e+03 1 0))INFO: dtree.c(1315): Comp split 74
INFO: dtree.c(1315): Comp split 75
INFO: dtree.c(1315): Comp split 76
INFO: dtree.c(1439): stop. leaf nodes are specific
INFO: dtree.c(1478): Final simple tree
|( QUESTION12 -1 -4.566e+04 1.606e+02 1.979e+02
|    ( - -8.129e+02 1 0)
|    ( QUESTION10 -1 -4.469e+04 1.055e+02 1.939e+02
|        ( - -4.398e+04 2 0)
|        ( - -6.066e+02 1 0)))
s>    ( QUESTION12 -1 -4.566e+04 1.606e+02 1.979e+02
s>        ( - -8.129e+02 1 0)
s>        ( QUESTION10 -1 -4.469e+04 1.055e+02 1.939e+02
s>            ( - -4.398e+04 2 0)
s>            ( - -6.066e+02 1 0)))INFO: dtree.c(1315): Comp split 77
INFO: dtree.c(1439): stop. leaf nodes are specific
INFO: dtree.c(1478): Final simple tree
|( QUESTION10 -1 -6.800e+03 1.913e+02 3.203e+01
|    ( - -9.194e+02 1 0)
|    ( - -5.690e+03 1 0))
s>    ( QUESTION10 -1 -6.800e+03 1.913e+02 3.203e+01
s>        ( - -9.194e+02 1 0)
s>        ( - -5.690e+03 1 0))INFO: dtree.c(1439): stop. leaf nodes are specific
INFO: dtree.c(1478): Final simple tree
|( QUESTION0 -1 -4.493e+03 1.300e+02 2.196e+01
|    ( - -8.408e+02 1 0)
|    ( - -3.523e+03 1 0))
s>    ( QUESTION0 -1 -4.493e+03 1.300e+02 2.196e+01
s>        ( - -8.408e+02 1 0)
s>        ( - -3.523e+03 1 0))INFO: dtree.c(1315): Comp split 78
INFO: dtree.c(1439): stop. leaf nodes are specific
INFO: dtree.c(1478): Final simple tree
|( QUESTION0 -1 -9.751e+03 1.220e+02 4.447e+01
|    ( - -2.622e+03 1 0)
|    ( - -7.007e+03 1 0))
s>    ( QUESTION0 -1 -9.751e+03 1.220e+02 4.447e+01
s>        ( - -2.622e+03 1 0)
s>        ( - -7.007e+03 1 0))INFO: dtree.c(1315): Comp split 79
INFO: dtree.c(1315): Comp split 80
INFO: dtree.c(1315): Comp split 81
INFO: dtree.c(1439): stop. leaf nodes are specific
INFO: dtree.c(1478): Final simple tree
|( QUESTION0_14_R 1 -4.827e+04 1.872e+02 2.114e+02
|    ( - -4.693e+04 3 0)
|    ( - -1.156e+03 1 0))
s>    ( QUESTION0_14_R 1 -4.827e+04 1.872e+02 2.114e+02
s>        ( - -4.693e+04 3 0)
s>        ( - -1.156e+03 1 0))INFO: dtree.c(1315): Comp split 82
INFO: dtree.c(1315): Comp split 83
INFO: dtree.c(1315): Comp split 84
INFO: dtree.c(1439): stop. leaf nodes are specific
INFO: dtree.c(1478): Final simple tree
|( QUESTION10 -1 -2.897e+04 1.845e+02 1.416e+02
|    ( - -2.263e+04 1 0)
|    ( - -6.154e+03 1 0))
s>    ( QUESTION10 -1 -2.897e+04 1.845e+02 1.416e+02
s>        ( - -2.263e+04 1 0)
s>        ( - -6.154e+03 1 0))INFO: dtree.c(1315): Comp split 85
INFO: dtree.c(1439): stop. leaf nodes are specific
INFO: dtree.c(1478): Final simple tree
|( WDBNDRY_S 0 -1.709e+04 1.742e+02 8.026e+01
|    ( - -1.377e+04 1 0)
|    ( - -3.144e+03 1 0))
s>    ( WDBNDRY_S 0 -1.709e+04 1.742e+02 8.026e+01
s>        ( - -1.377e+04 1 0)
s>        ( - -3.144e+03 1 0))INFO: dtree.c(1315): Comp split 86
INFO: dtree.c(1315): Comp split 87
INFO: dtree.c(1315): Comp split 88
INFO: dtree.c(1315): Comp split 89
INFO: dtree.c(1315): Comp split 90
INFO: dtree.c(1315): Comp split 91
INFO: dtree.c(1315): Comp split 92
INFO: dtree.c(1315): Comp split 93
INFO: dtree.c(1315): Comp split 94
INFO: dtree.c(1315): Comp split 95
INFO: dtree.c(1439): stop. leaf nodes are specific
INFO: dtree.c(1478): Final simple tree
|( QUESTION10 -1 -4.469e+04 1.055e+02 1.939e+02
|    ( - -4.398e+04 2 0)
|    ( - -6.066e+02 1 0))
s>    ( QUESTION10 -1 -4.469e+04 1.055e+02 1.939e+02
s>        ( - -4.398e+04 2 0)
s>        ( - -6.066e+02 1 0))INFO: dtree.c(1315): Comp split 96
INFO: dtree.c(1315): Comp split 97
INFO: dtree.c(1439): stop. leaf nodes are specific
INFO: dtree.c(1478): Final simple tree
|( QUESTION2_10_L -1 -1.029e+04 1.065e+02 4.730e+01
|    ( - -9.435e+03 2 0)
|    ( - -7.492e+02 1 0))
s>    ( QUESTION2_10_L -1 -1.029e+04 1.065e+02 4.730e+01
s>        ( - -9.435e+03 2 0)
s>        ( - -7.492e+02 1 0))INFO: dtree.c(1315): Comp split 98
INFO: dtree.c(1315): Comp split 99
INFO: dtree.c(1315): Comp split 100
INFO: dtree.c(1315): Comp split 101
INFO: dtree.c(1315): Comp split 102
INFO: dtree.c(1315): Comp split 103
INFO: dtree.c(1318): stop. leaf nodes are specific
Fri Jan  6 22:27:06 2023
