Current configuration:
[NAME]		[DEFLT]	[VALUE]
-allphones	no	no
-cntthresh	0.00001	1.000000e-05
-csplitmax	100	2000
-csplitmin	1	1
-csplitthr	8e-4	0.000000e+00
-example	no	no
-fullvar	no	no
-help		no	no
-meanfn			/mnt/c/users/robin/onedrive/desktop/cmu/Cebuano/model_parameters/Cebuano.cd_cont_untied/means
-mixwfn			/mnt/c/users/robin/onedrive/desktop/cmu/Cebuano/model_parameters/Cebuano.cd_cont_untied/mixture_weights
-moddeffn		/mnt/c/users/robin/onedrive/desktop/cmu/Cebuano/model_architecture/Cebuano.untied.mdef
-mwfloor	1e-4	1.000000e-08
-phone			AY
-psetfn			/mnt/c/users/robin/onedrive/desktop/cmu/Cebuano/model_architecture/Cebuano.tree_questions
-ssplitmax	5	7
-ssplitmin	1	1
-ssplitthr	8e-4	0.000000e+00
-state			0
-stwt			1.0,0.05,0.0,
-treefn			/mnt/c/users/robin/onedrive/desktop/cmu/Cebuano/trees/Cebuano.unpruned/AY-0.dtree
-ts2cbfn	.semi.	.cont.
-varfloor	0.00001	1.000000e-05
-varfn			/mnt/c/users/robin/onedrive/desktop/cmu/Cebuano/model_parameters/Cebuano.cd_cont_untied/variances

INFO: main.c(223): Reading: /mnt/c/users/robin/onedrive/desktop/cmu/Cebuano/model_architecture/Cebuano.untied.mdef
INFO: model_def_io.c(573): Model definition info:
INFO: model_def_io.c(574): 7744 total models defined (40 base, 7704 tri)
INFO: model_def_io.c(575): 30976 total states
INFO: model_def_io.c(576): 23232 total tied states
INFO: model_def_io.c(577): 120 total tied CI states
INFO: model_def_io.c(578): 40 total tied transition matrices
INFO: model_def_io.c(579): 4 max state/model
INFO: model_def_io.c(580): 4 min state/model
INFO: main.c(242): Building trees for [AY AA AH i] through [AY W OW i]
INFO: main.c(268): Covering states |[4932 5360]| == 429
INFO: main.c(275): Reading: /mnt/c/users/robin/onedrive/desktop/cmu/Cebuano/model_parameters/Cebuano.cd_cont_untied/mixture_weights
INFO: s3mixw_io.c(172): Read /mnt/c/users/robin/onedrive/desktop/cmu/Cebuano/model_parameters/Cebuano.cd_cont_untied/mixture_weights [429x1x1 array]
INFO: main.c(311): 141 of 143 models have observation count greater than 0.000010
INFO: main.c(95): nrm stwt: 0.952 0.048 0.000 
INFO: s3gau_io.c(168): Read /mnt/c/users/robin/onedrive/desktop/cmu/Cebuano/model_parameters/Cebuano.cd_cont_untied/means [23232x1x1 array]
INFO: s3gau_io.c(168): Read /mnt/c/users/robin/onedrive/desktop/cmu/Cebuano/model_parameters/Cebuano.cd_cont_untied/variances [23232x1x1 array]
INFO: main.c(549): Reading: /mnt/c/users/robin/onedrive/desktop/cmu/Cebuano/model_architecture/Cebuano.tree_questions
INFO: main.c(587): 180 total simple questions (172 phone; 8 word bndry)
INFO: main.c(589): 42 Left Only questions, and 42 Right Only questions
INFO: dtree.c(1478): Final simple tree
|( QUESTION2_12_L -1 -4.647e+06 2.889e+04 2.082e+04
|    ( QUESTION2_14_L -1 -2.266e+06 1.834e+04 1.049e+04
|        ( - -1.046e+06 14 0 QUESTION14 -1 2.330e+03 4.870e+03)
|        ( QUESTION14 1 -1.202e+06 7.805e+03 5.616e+03
|            ( - -2.328e+05 3 0 QUESTION2_13_L -1 4.484e+02 1.092e+03)
|            ( - -9.615e+05 19 0 QUESTION2_13_L -1 1.522e+03 4.524e+03)))
|    ( QUESTION3 -1 -2.352e+06 1.639e+04 1.033e+04
|        ( - -3.410e+05 15 0 QUESTION0_0_R 1 2.316e+03 1.488e+03)
|        ( WDBNDRY_I 0 -1.995e+06 8.637e+03 8.844e+03
|            ( QUESTION0_0_R 1 -1.440e+06 7.669e+03 6.356e+03
|                ( QUESTION10 -1 -4.655e+05 7.520e+03 2.077e+03
|                    ( - -3.039e+05 10 0 QUESTION2_10_L -1 2.951e+03 1.364e+03)
|                    ( - -1.541e+05 10 0 QUESTION0_3_R 1 1.541e+03 7.134e+02))
|                ( - -9.671e+05 48 0 QUESTION12 -1 4.875e+03 4.279e+03))
|            ( - -5.460e+05 22 0 QUESTION0_8_R 1 4.272e+03 2.488e+03))))
s>    ( QUESTION2_12_L -1 -4.647e+06 2.889e+04 2.082e+04
s>        ( QUESTION2_14_L -1 -2.266e+06 1.834e+04 1.049e+04
s>            ( - -1.046e+06 14 0 QUESTION14 -1 2.330e+03 4.870e+03)
s>            ( QUESTION14 1 -1.202e+06 7.805e+03 5.616e+03
s>                ( - -2.328e+05 3 0 QUESTION2_13_L -1 4.484e+02 1.092e+03)
s>                ( - -9.615e+05 19 0 QUESTION2_13_L -1 1.522e+03 4.524e+03)))
s>        ( QUESTION3 -1 -2.352e+06 1.639e+04 1.033e+04
s>            ( - -3.410e+05 15 0 QUESTION0_0_R 1 2.316e+03 1.488e+03)
s>            ( WDBNDRY_I 0 -1.995e+06 8.637e+03 8.844e+03
s>                ( QUESTION0_0_R 1 -1.440e+06 7.669e+03 6.356e+03
s>                    ( QUESTION10 -1 -4.655e+05 7.520e+03 2.077e+03
s>                        ( - -3.039e+05 10 0 QUESTION2_10_L -1 2.951e+03 1.364e+03)
s>                        ( - -1.541e+05 10 0 QUESTION0_3_R 1 1.541e+03 7.134e+02))
s>                    ( - -9.671e+05 48 0 QUESTION12 -1 4.875e+03 4.279e+03))
s>                ( - -5.460e+05 22 0 QUESTION0_8_R 1 4.272e+03 2.488e+03))))INFO: dtree.c(1315): Comp split 0
INFO: dtree.c(1478): Final simple tree
|( QUESTION3 -1 -2.352e+06 1.639e+04 1.033e+04
|    ( - -3.410e+05 15 0 QUESTION0_0_R 1 2.316e+03 1.488e+03)
|    ( WDBNDRY_I 0 -1.995e+06 8.637e+03 8.844e+03
|        ( QUESTION0_0_R 1 -1.440e+06 7.669e+03 6.356e+03
|            ( QUESTION10 -1 -4.655e+05 7.520e+03 2.077e+03
|                ( QUESTION2_10_L -1 -3.039e+05 2.951e+03 1.364e+03
|                    ( - -2.197e+05 8 0 QUESTION4 1 1.445e+03 9.688e+02)
|                    ( - -8.127e+04 2 0 QUESTION0_1_R 1 1.647e+02 3.953e+02))
|                ( - -1.541e+05 10 0 QUESTION0_3_R 1 1.541e+03 7.134e+02))
|            ( QUESTION12 -1 -9.671e+05 4.875e+03 4.279e+03
|                ( - -5.265e+05 13 0 QUESTION0_11_R 1 2.783e+03 2.363e+03)
|                ( - -4.357e+05 35 0 QUESTION10 -1 2.059e+03 1.915e+03)))
|        ( QUESTION0_8_R 1 -5.460e+05 4.272e+03 2.488e+03
|            ( - -2.762e+05 11 0 QUESTION0 -1 1.919e+03 1.228e+03)
|            ( - -2.655e+05 11 0 SILENCE 1 2.494e+03 1.260e+03))))
s>    ( QUESTION3 -1 -2.352e+06 1.639e+04 1.033e+04
s>        ( - -3.410e+05 15 0 QUESTION0_0_R 1 2.316e+03 1.488e+03)
s>        ( WDBNDRY_I 0 -1.995e+06 8.637e+03 8.844e+03
s>            ( QUESTION0_0_R 1 -1.440e+06 7.669e+03 6.356e+03
s>                ( QUESTION10 -1 -4.655e+05 7.520e+03 2.077e+03
s>                    ( QUESTION2_10_L -1 -3.039e+05 2.951e+03 1.364e+03
s>                        ( - -2.197e+05 8 0 QUESTION4 1 1.445e+03 9.688e+02)
s>                        ( - -8.127e+04 2 0 QUESTION0_1_R 1 1.647e+02 3.953e+02))
s>                    ( - -1.541e+05 10 0 QUESTION0_3_R 1 1.541e+03 7.134e+02))
s>                ( QUESTION12 -1 -9.671e+05 4.875e+03 4.279e+03
s>                    ( - -5.265e+05 13 0 QUESTION0_11_R 1 2.783e+03 2.363e+03)
s>                    ( - -4.357e+05 35 0 QUESTION10 -1 2.059e+03 1.915e+03)))
s>            ( QUESTION0_8_R 1 -5.460e+05 4.272e+03 2.488e+03
s>                ( - -2.762e+05 11 0 QUESTION0 -1 1.919e+03 1.228e+03)
s>                ( - -2.655e+05 11 0 SILENCE 1 2.494e+03 1.260e+03))))INFO: dtree.c(1478): Final simple tree
|( QUESTION2_14_L -1 -2.266e+06 1.834e+04 1.049e+04
|    ( QUESTION14 -1 -1.046e+06 2.330e+03 4.870e+03
|        ( QUESTION0_15_R 1 -8.583e+05 2.036e+03 3.984e+03
|            ( - -1.897e+04 1 0)
|            ( QUESTION0_9_R 1 -8.373e+05 1.178e+03 3.900e+03
|                ( - -1.374e+04 1 0)
|                ( - -8.224e+05 5 0 QUESTION0_0_R 1 2.743e+02 3.827e+03)))
|        ( - -1.851e+05 7 0 QUESTION0_11_R 1 6.665e+02 8.860e+02))
|    ( QUESTION14 1 -1.202e+06 7.805e+03 5.616e+03
|        ( - -2.328e+05 3 0 QUESTION2_13_L -1 4.484e+02 1.092e+03)
|        ( QUESTION2_13_L -1 -9.615e+05 1.522e+03 4.524e+03
|            ( - -1.145e+05 12 0 QUESTION0 1 1.008e+03 5.405e+02)
|            ( QUESTION0_14_R 1 -8.454e+05 1.669e+03 3.984e+03
|                ( - -4.315e+05 2 0)
|                ( - -4.123e+05 5 0 WDBNDRY_B 0 9.900e+02 1.954e+03)))))
s>    ( QUESTION2_14_L -1 -2.266e+06 1.834e+04 1.049e+04
s>        ( QUESTION14 -1 -1.046e+06 2.330e+03 4.870e+03
s>            ( QUESTION0_15_R 1 -8.583e+05 2.036e+03 3.984e+03
s>                ( - -1.897e+04 1 0)
s>                ( QUESTION0_9_R 1 -8.373e+05 1.178e+03 3.900e+03
s>                    ( - -1.374e+04 1 0)
s>                    ( - -8.224e+05 5 0 QUESTION0_0_R 1 2.743e+02 3.827e+03)))
s>            ( - -1.851e+05 7 0 QUESTION0_11_R 1 6.665e+02 8.860e+02))
s>        ( QUESTION14 1 -1.202e+06 7.805e+03 5.616e+03
s>            ( - -2.328e+05 3 0 QUESTION2_13_L -1 4.484e+02 1.092e+03)
s>            ( QUESTION2_13_L -1 -9.615e+05 1.522e+03 4.524e+03
s>                ( - -1.145e+05 12 0 QUESTION0 1 1.008e+03 5.405e+02)
s>                ( QUESTION0_14_R 1 -8.454e+05 1.669e+03 3.984e+03
s>                    ( - -4.315e+05 2 0)
s>                    ( - -4.123e+05 5 0 WDBNDRY_B 0 9.900e+02 1.954e+03)))))INFO: dtree.c(1315): Comp split 1
INFO: dtree.c(1478): Final simple tree
|( QUESTION14 1 -1.202e+06 7.805e+03 5.616e+03
|    ( - -2.328e+05 3 0 QUESTION2_13_L -1 4.484e+02 1.092e+03)
|    ( QUESTION2_13_L -1 -9.615e+05 1.522e+03 4.524e+03
|        ( QUESTION0 1 -1.145e+05 1.008e+03 5.405e+02
|            ( - -7.705e+04 4 0 QUESTION0_14_R 1 4.765e+02 3.701e+02)
|            ( QUESTION13 1 -3.649e+04 6.426e+02 1.704e+02
|                ( QUESTION0_9_R 1 -1.555e+04 4.827e+02 7.471e+01
|                    ( - -1.531e+04 2 0 QUESTION0_10_R 1 3.197e+02 7.371e+01)
|                    ( - 2.408e+02 1 0))
|                ( - -2.030e+04 5 0 QUESTION0_0_R 1 1.937e+02 9.572e+01)))
|        ( QUESTION0_14_R 1 -8.454e+05 1.669e+03 3.984e+03
|            ( - -4.315e+05 2 0)
|            ( WDBNDRY_B 0 -4.123e+05 9.900e+02 1.954e+03
|                ( - -2.290e+04 2 0)
|                ( - -3.884e+05 3 0 QUESTION0_9_R 1 4.134e+02 1.842e+03)))))
s>    ( QUESTION14 1 -1.202e+06 7.805e+03 5.616e+03
s>        ( - -2.328e+05 3 0 QUESTION2_13_L -1 4.484e+02 1.092e+03)
s>        ( QUESTION2_13_L -1 -9.615e+05 1.522e+03 4.524e+03
s>            ( QUESTION0 1 -1.145e+05 1.008e+03 5.405e+02
s>                ( - -7.705e+04 4 0 QUESTION0_14_R 1 4.765e+02 3.701e+02)
s>                ( QUESTION13 1 -3.649e+04 6.426e+02 1.704e+02
s>                    ( QUESTION0_9_R 1 -1.555e+04 4.827e+02 7.471e+01
s>                        ( - -1.531e+04 2 0 QUESTION0_10_R 1 3.197e+02 7.371e+01)
s>                        ( - 2.408e+02 1 0))
s>                    ( - -2.030e+04 5 0 QUESTION0_0_R 1 1.937e+02 9.572e+01)))
s>            ( QUESTION0_14_R 1 -8.454e+05 1.669e+03 3.984e+03
s>                ( - -4.315e+05 2 0)
s>                ( WDBNDRY_B 0 -4.123e+05 9.900e+02 1.954e+03
s>                    ( - -2.290e+04 2 0)
s>                    ( - -3.884e+05 3 0 QUESTION0_9_R 1 4.134e+02 1.842e+03)))))INFO: dtree.c(1478): Final simple tree
|( QUESTION14 -1 -1.046e+06 2.330e+03 4.870e+03
|    ( QUESTION0_15_R 1 -8.583e+05 2.036e+03 3.984e+03
|        ( - -1.897e+04 1 0)
|        ( QUESTION0_9_R 1 -8.373e+05 1.178e+03 3.900e+03
|            ( - -1.374e+04 1 0)
|            ( QUESTION0_0_R 1 -8.224e+05 2.743e+02 3.827e+03
|                ( - -4.363e+03 1 0)
|                ( - -8.178e+05 4 0))))
|    ( QUESTION0_11_R 1 -1.851e+05 6.665e+02 8.860e+02
|        ( - -3.452e+04 1 0)
|        ( QUESTION0_13_R 1 -1.499e+05 3.891e+02 7.195e+02
|            ( - -1.391e+05 1 0)
|            ( QUESTION0_2_R 1 -1.044e+04 2.364e+02 4.913e+01
|                ( - -2.153e+03 1 0)
|                ( - -8.053e+03 4 0 WDBNDRY_E 0 2.302e+02 3.813e+01)))))
s>    ( QUESTION14 -1 -1.046e+06 2.330e+03 4.870e+03
s>        ( QUESTION0_15_R 1 -8.583e+05 2.036e+03 3.984e+03
s>            ( - -1.897e+04 1 0)
s>            ( QUESTION0_9_R 1 -8.373e+05 1.178e+03 3.900e+03
s>                ( - -1.374e+04 1 0)
s>                ( QUESTION0_0_R 1 -8.224e+05 2.743e+02 3.827e+03
s>                    ( - -4.363e+03 1 0)
s>                    ( - -8.178e+05 4 0))))
s>        ( QUESTION0_11_R 1 -1.851e+05 6.665e+02 8.860e+02
s>            ( - -3.452e+04 1 0)
s>            ( QUESTION0_13_R 1 -1.499e+05 3.891e+02 7.195e+02
s>                ( - -1.391e+05 1 0)
s>                ( QUESTION0_2_R 1 -1.044e+04 2.364e+02 4.913e+01
s>                    ( - -2.153e+03 1 0)
s>                    ( - -8.053e+03 4 0 WDBNDRY_E 0 2.302e+02 3.813e+01)))))INFO: dtree.c(1315): Comp split 2
INFO: dtree.c(1478): Final simple tree
|( QUESTION2_5_L -1 -5.036e+05 8.562e+03 2.202e+03
|    ( QUESTION0_3_R 1 -1.262e+05 9.851e+02 5.941e+02
|        ( - -9.484e+04 2 0)
|        ( - -3.043e+04 3 0 QUESTION10 1 4.581e+02 1.377e+02))
|    ( QUESTION0_0_R 1 -3.688e+05 3.052e+03 1.608e+03
|        ( QUESTION2 -1 -8.601e+04 6.144e+02 3.799e+02
|            ( QUESTION10 1 -5.895e+04 5.472e+02 2.606e+02
|                ( - -7.307e+03 3 0)
|                ( - -5.109e+04 2 0))
|            ( - -2.645e+04 5 0 QUESTION4 1 2.931e+02 1.193e+02))
|        ( QUESTION0_9_R 1 -2.798e+05 1.461e+03 1.228e+03
|            ( WDBNDRY_B 0 -2.084e+05 4.712e+02 9.168e+02
|                ( - 2.413e+02 1 0)
|                ( - -2.082e+05 3 0 QUESTION0_10_R 1 2.023e+02 9.158e+02))
|            ( - -6.986e+04 6 0 QUESTION0_14_R 1 4.677e+02 3.108e+02))))
s>    ( QUESTION2_5_L -1 -5.036e+05 8.562e+03 2.202e+03
s>        ( QUESTION0_3_R 1 -1.262e+05 9.851e+02 5.941e+02
s>            ( - -9.484e+04 2 0)
s>            ( - -3.043e+04 3 0 QUESTION10 1 4.581e+02 1.377e+02))
s>        ( QUESTION0_0_R 1 -3.688e+05 3.052e+03 1.608e+03
s>            ( QUESTION2 -1 -8.601e+04 6.144e+02 3.799e+02
s>                ( QUESTION10 1 -5.895e+04 5.472e+02 2.606e+02
s>                    ( - -7.307e+03 3 0)
s>                    ( - -5.109e+04 2 0))
s>                ( - -2.645e+04 5 0 QUESTION4 1 2.931e+02 1.193e+02))
s>            ( QUESTION0_9_R 1 -2.798e+05 1.461e+03 1.228e+03
s>                ( WDBNDRY_B 0 -2.084e+05 4.712e+02 9.168e+02
s>                    ( - 2.413e+02 1 0)
s>                    ( - -2.082e+05 3 0 QUESTION0_10_R 1 2.023e+02 9.158e+02))
s>                ( - -6.986e+04 6 0 QUESTION0_14_R 1 4.677e+02 3.108e+02))))INFO: dtree.c(1478): Final simple tree
|( WDBNDRY_I 0 -1.832e+06 8.711e+03 8.131e+03
|    ( QUESTION12 -1 -1.277e+06 6.696e+03 5.643e+03
|        ( QUESTION0_11_R 1 -5.265e+05 2.783e+03 2.363e+03
|            ( - -2.351e+05 1 0)
|            ( - -2.886e+05 12 0 QUESTION0 1 8.911e+02 1.289e+03))
|        ( QUESTION0_0_R 1 -7.439e+05 4.317e+03 3.279e+03
|            ( QUESTION2_10_L -1 -3.039e+05 2.951e+03 1.364e+03
|                ( - -2.197e+05 8 0 QUESTION4 1 1.445e+03 9.688e+02)
|                ( - -8.127e+04 2 0 QUESTION0_1_R 1 1.647e+02 3.953e+02))
|            ( - -4.357e+05 35 0 QUESTION10 -1 2.059e+03 1.915e+03)))
|    ( QUESTION0_8_R 1 -5.460e+05 4.272e+03 2.488e+03
|        ( - -2.762e+05 11 0 QUESTION0 -1 1.919e+03 1.228e+03)
|        ( SILENCE 1 -2.655e+05 2.494e+03 1.260e+03
|            ( - -9.761e+04 2 0 SILENCE -1 5.896e+02 4.688e+02)
|            ( - -1.653e+05 9 0 QUESTION13 -1 1.117e+03 7.915e+02))))
s>    ( WDBNDRY_I 0 -1.832e+06 8.711e+03 8.131e+03
s>        ( QUESTION12 -1 -1.277e+06 6.696e+03 5.643e+03
s>            ( QUESTION0_11_R 1 -5.265e+05 2.783e+03 2.363e+03
s>                ( - -2.351e+05 1 0)
s>                ( - -2.886e+05 12 0 QUESTION0 1 8.911e+02 1.289e+03))
s>            ( QUESTION0_0_R 1 -7.439e+05 4.317e+03 3.279e+03
s>                ( QUESTION2_10_L -1 -3.039e+05 2.951e+03 1.364e+03
s>                    ( - -2.197e+05 8 0 QUESTION4 1 1.445e+03 9.688e+02)
s>                    ( - -8.127e+04 2 0 QUESTION0_1_R 1 1.647e+02 3.953e+02))
s>                ( - -4.357e+05 35 0 QUESTION10 -1 2.059e+03 1.915e+03)))
s>        ( QUESTION0_8_R 1 -5.460e+05 4.272e+03 2.488e+03
s>            ( - -2.762e+05 11 0 QUESTION0 -1 1.919e+03 1.228e+03)
s>            ( SILENCE 1 -2.655e+05 2.494e+03 1.260e+03
s>                ( - -9.761e+04 2 0 SILENCE -1 5.896e+02 4.688e+02)
s>                ( - -1.653e+05 9 0 QUESTION13 -1 1.117e+03 7.915e+02))))INFO: dtree.c(1315): Comp split 3
INFO: dtree.c(1478): Final simple tree
|( QUESTION0_8_R 1 -6.298e+05 4.935e+03 2.883e+03
|    ( QUESTION0 -1 -2.762e+05 1.919e+03 1.228e+03
|        ( - -1.491e+05 1 0)
|        ( WDBNDRY_S 0 -1.252e+05 7.771e+02 5.598e+02
|            ( - -3.365e+04 2 0 SILENCE -1 1.961e+02 1.586e+02)
|            ( - -9.079e+04 8 0 QUESTION10 -1 6.301e+02 4.012e+02)))
|    ( SILENCE 1 -3.487e+05 2.877e+03 1.656e+03
|        ( - -9.761e+04 2 0 SILENCE -1 5.896e+02 4.688e+02)
|        ( WDBNDRY_I 0 -2.482e+05 1.546e+03 1.187e+03
|            ( - -8.127e+04 2 0 QUESTION0_1_R 1 1.647e+02 3.953e+02)
|            ( QUESTION13 -1 -1.653e+05 1.117e+03 7.915e+02
|                ( - -7.702e+04 3 0 QUESTION10 1 5.020e+02 3.781e+02)
|                ( WDBNDRY_E 0 -8.721e+04 8.274e+02 4.134e+02
|                    ( - -6.647e+03 3 0 QUESTION0_1_R 1 2.644e+02 3.199e+01)
|                    ( - -7.974e+04 3 0 WDBNDRY_B 0 4.516e+02 3.814e+02))))))
s>    ( QUESTION0_8_R 1 -6.298e+05 4.935e+03 2.883e+03
s>        ( QUESTION0 -1 -2.762e+05 1.919e+03 1.228e+03
s>            ( - -1.491e+05 1 0)
s>            ( WDBNDRY_S 0 -1.252e+05 7.771e+02 5.598e+02
s>                ( - -3.365e+04 2 0 SILENCE -1 1.961e+02 1.586e+02)
s>                ( - -9.079e+04 8 0 QUESTION10 -1 6.301e+02 4.012e+02)))
s>        ( SILENCE 1 -3.487e+05 2.877e+03 1.656e+03
s>            ( - -9.761e+04 2 0 SILENCE -1 5.896e+02 4.688e+02)
s>            ( WDBNDRY_I 0 -2.482e+05 1.546e+03 1.187e+03
s>                ( - -8.127e+04 2 0 QUESTION0_1_R 1 1.647e+02 3.953e+02)
s>                ( QUESTION13 -1 -1.653e+05 1.117e+03 7.915e+02
s>                    ( - -7.702e+04 3 0 QUESTION10 1 5.020e+02 3.781e+02)
s>                    ( WDBNDRY_E 0 -8.721e+04 8.274e+02 4.134e+02
s>                        ( - -6.647e+03 3 0 QUESTION0_1_R 1 2.644e+02 3.199e+01)
s>                        ( - -7.974e+04 3 0 WDBNDRY_B 0 4.516e+02 3.814e+02))))))INFO: dtree.c(1478): Final simple tree
|( QUESTION12 -1 -1.193e+06 6.649e+03 5.247e+03
|    ( QUESTION0_11_R 1 -5.265e+05 2.783e+03 2.363e+03
|        ( - -2.351e+05 1 0)
|        ( - -2.886e+05 12 0 QUESTION0 1 8.911e+02 1.289e+03))
|    ( QUESTION0_0_R 1 -6.598e+05 4.462e+03 2.884e+03
|        ( QUESTION4 1 -2.197e+05 1.445e+03 9.688e+02
|            ( - -8.151e+04 1 0)
|            ( - -1.367e+05 7 0 QUESTION0_1_R 1 7.416e+02 5.976e+02))
|        ( QUESTION10 -1 -4.357e+05 2.059e+03 1.915e+03
|            ( QUESTION17 1 -3.330e+05 1.787e+03 1.464e+03
|                ( - -3.269e+04 2 0 QUESTION0_16_R 1 2.582e+02 1.609e+02)
|                ( - -2.985e+05 24 0 QUESTION14 1 1.269e+03 1.303e+03))
|            ( QUESTION9 -1 -1.006e+05 1.656e+03 4.517e+02
|                ( - -8.231e+04 6 0 QUESTION14 -1 6.585e+02 3.729e+02)
|                ( - -1.664e+04 3 0 QUESTION0 -1 6.116e+02 7.879e+01)))))
s>    ( QUESTION12 -1 -1.193e+06 6.649e+03 5.247e+03
s>        ( QUESTION0_11_R 1 -5.265e+05 2.783e+03 2.363e+03
s>            ( - -2.351e+05 1 0)
s>            ( - -2.886e+05 12 0 QUESTION0 1 8.911e+02 1.289e+03))
s>        ( QUESTION0_0_R 1 -6.598e+05 4.462e+03 2.884e+03
s>            ( QUESTION4 1 -2.197e+05 1.445e+03 9.688e+02
s>                ( - -8.151e+04 1 0)
s>                ( - -1.367e+05 7 0 QUESTION0_1_R 1 7.416e+02 5.976e+02))
s>            ( QUESTION10 -1 -4.357e+05 2.059e+03 1.915e+03
s>                ( QUESTION17 1 -3.330e+05 1.787e+03 1.464e+03
s>                    ( - -3.269e+04 2 0 QUESTION0_16_R 1 2.582e+02 1.609e+02)
s>                    ( - -2.985e+05 24 0 QUESTION14 1 1.269e+03 1.303e+03))
s>                ( QUESTION9 -1 -1.006e+05 1.656e+03 4.517e+02
s>                    ( - -8.231e+04 6 0 QUESTION14 -1 6.585e+02 3.729e+02)
s>                    ( - -1.664e+04 3 0 QUESTION0 -1 6.116e+02 7.879e+01)))))INFO: dtree.c(1315): Comp split 4
INFO: dtree.c(1478): Final simple tree
|( QUESTION0_0_R 1 -3.331e+05 2.219e+03 1.454e+03
|    ( - -5.109e+04 2 0)
|    ( QUESTION0_9_R 1 -2.798e+05 1.461e+03 1.228e+03
|        ( WDBNDRY_B 0 -2.084e+05 4.712e+02 9.168e+02
|            ( - 2.413e+02 1 0)
|            ( QUESTION0_10_R 1 -2.082e+05 2.023e+02 9.158e+02
|                ( - -2.042e+05 2 0)
|                ( - -3.799e+03 1 0)))
|        ( QUESTION0_14_R 1 -6.986e+04 4.677e+02 3.108e+02
|            ( - -4.944e+04 3 0)
|            ( QUESTION0_18_R 1 -1.995e+04 3.092e+02 9.025e+01
|                ( - -3.029e+03 1 0)
|                ( QUESTION0_16_R 1 -1.661e+04 1.395e+02 7.605e+01
|                    ( - -1.505e+04 1 0)
|                    ( - -1.421e+03 1 0))))))
s>    ( QUESTION0_0_R 1 -3.331e+05 2.219e+03 1.454e+03
s>        ( - -5.109e+04 2 0)
s>        ( QUESTION0_9_R 1 -2.798e+05 1.461e+03 1.228e+03
s>            ( WDBNDRY_B 0 -2.084e+05 4.712e+02 9.168e+02
s>                ( - 2.413e+02 1 0)
s>                ( QUESTION0_10_R 1 -2.082e+05 2.023e+02 9.158e+02
s>                    ( - -2.042e+05 2 0)
s>                    ( - -3.799e+03 1 0)))
s>            ( QUESTION0_14_R 1 -6.986e+04 4.677e+02 3.108e+02
s>                ( - -4.944e+04 3 0)
s>                ( QUESTION0_18_R 1 -1.995e+04 3.092e+02 9.025e+01
s>                    ( - -3.029e+03 1 0)
s>                    ( QUESTION0_16_R 1 -1.661e+04 1.395e+02 7.605e+01
s>                        ( - -1.505e+04 1 0)
s>                        ( - -1.421e+03 1 0))))))INFO: dtree.c(1478): Final simple tree
|( QUESTION0_3_R 1 -1.619e+05 1.624e+03 7.480e+02
|    ( QUESTION2_0_L -1 -9.687e+04 5.869e+02 4.634e+02
|        ( - -9.484e+04 2 0)
|        ( - -1.448e+03 1 0))
|    ( QUESTION2_0_L -1 -6.337e+04 5.160e+02 2.846e+02
|        ( QUESTION10 1 -3.807e+04 4.171e+02 1.723e+02
|            ( QUESTION2 -1 -1.147e+04 3.781e+02 5.207e+01
|                ( - -7.307e+03 3 0)
|                ( - -3.787e+03 1 0))
|            ( - -2.618e+04 2 0 QUESTION0_1_R 1 2.546e+02 1.202e+02))
|        ( QUESTION4 1 -2.478e+04 2.932e+02 1.123e+02
|            ( - -2.434e+03 1 0)
|            ( QUESTION10 1 -2.205e+04 2.957e+02 1.001e+02
|                ( - -2.584e+03 1 0)
|                ( - -1.917e+04 2 0 QUESTION0_1_R 1 2.213e+02 8.712e+01)))))
s>    ( QUESTION0_3_R 1 -1.619e+05 1.624e+03 7.480e+02
s>        ( QUESTION2_0_L -1 -9.687e+04 5.869e+02 4.634e+02
s>            ( - -9.484e+04 2 0)
s>            ( - -1.448e+03 1 0))
s>        ( QUESTION2_0_L -1 -6.337e+04 5.160e+02 2.846e+02
s>            ( QUESTION10 1 -3.807e+04 4.171e+02 1.723e+02
s>                ( QUESTION2 -1 -1.147e+04 3.781e+02 5.207e+01
s>                    ( - -7.307e+03 3 0)
s>                    ( - -3.787e+03 1 0))
s>                ( - -2.618e+04 2 0 QUESTION0_1_R 1 2.546e+02 1.202e+02))
s>            ( QUESTION4 1 -2.478e+04 2.932e+02 1.123e+02
s>                ( - -2.434e+03 1 0)
s>                ( QUESTION10 1 -2.205e+04 2.957e+02 1.001e+02
s>                    ( - -2.584e+03 1 0)
s>                    ( - -1.917e+04 2 0 QUESTION0_1_R 1 2.213e+02 8.712e+01)))))INFO: dtree.c(1315): Comp split 5
INFO: dtree.c(1439): stop. leaf nodes are specific
INFO: dtree.c(1478): Final simple tree
|( QUESTION0_9_R 1 -2.331e+05 4.778e+02 1.093e+03
|    ( QUESTION2_13_L -1 -2.328e+05 4.484e+02 1.092e+03
|        ( WDBNDRY_B 0 -4.275e+03 1.572e+02 2.203e+01
|            ( - -2.346e+03 1 0)
|            ( - -1.772e+03 1 0))
|        ( - -2.281e+05 1 0))
|    ( - 2.408e+02 1 0))
s>    ( QUESTION0_9_R 1 -2.331e+05 4.778e+02 1.093e+03
s>        ( QUESTION2_13_L -1 -2.328e+05 4.484e+02 1.092e+03
s>            ( WDBNDRY_B 0 -4.275e+03 1.572e+02 2.203e+01
s>                ( - -2.346e+03 1 0)
s>                ( - -1.772e+03 1 0))
s>            ( - -2.281e+05 1 0))
s>        ( - 2.408e+02 1 0))INFO: dtree.c(1478): Final simple tree
|( QUESTION2_13_L -1 -9.613e+05 1.518e+03 4.523e+03
|    ( QUESTION0 1 -1.143e+05 1.010e+03 5.395e+02
|        ( QUESTION0_14_R 1 -7.705e+04 4.765e+02 3.701e+02
|            ( QUESTION0 -1 -6.045e+04 4.366e+02 2.907e+02
|                ( - -5.570e+03 1 0)
|                ( - -5.444e+04 2 0))
|            ( - -1.613e+04 1 0))
|        ( QUESTION0_9_R 1 -3.625e+04 6.487e+02 1.694e+02
|            ( - -1.531e+04 2 0 QUESTION0_10_R 1 3.197e+02 7.371e+01)
|            ( - -2.030e+04 5 0 QUESTION0_0_R 1 1.937e+02 9.572e+01)))
|    ( QUESTION0_14_R 1 -8.454e+05 1.669e+03 3.984e+03
|        ( - -4.315e+05 2 0)
|        ( WDBNDRY_B 0 -4.123e+05 9.900e+02 1.954e+03
|            ( - -2.290e+04 2 0)
|            ( - -3.884e+05 3 0 QUESTION0_9_R 1 4.134e+02 1.842e+03))))
s>    ( QUESTION2_13_L -1 -9.613e+05 1.518e+03 4.523e+03
s>        ( QUESTION0 1 -1.143e+05 1.010e+03 5.395e+02
s>            ( QUESTION0_14_R 1 -7.705e+04 4.765e+02 3.701e+02
s>                ( QUESTION0 -1 -6.045e+04 4.366e+02 2.907e+02
s>                    ( - -5.570e+03 1 0)
s>                    ( - -5.444e+04 2 0))
s>                ( - -1.613e+04 1 0))
s>            ( QUESTION0_9_R 1 -3.625e+04 6.487e+02 1.694e+02
s>                ( - -1.531e+04 2 0 QUESTION0_10_R 1 3.197e+02 7.371e+01)
s>                ( - -2.030e+04 5 0 QUESTION0_0_R 1 1.937e+02 9.572e+01)))
s>        ( QUESTION0_14_R 1 -8.454e+05 1.669e+03 3.984e+03
s>            ( - -4.315e+05 2 0)
s>            ( WDBNDRY_B 0 -4.123e+05 9.900e+02 1.954e+03
s>                ( - -2.290e+04 2 0)
s>                ( - -3.884e+05 3 0 QUESTION0_9_R 1 4.134e+02 1.842e+03))))INFO: dtree.c(1315): Comp split 6
INFO: dtree.c(1478): Final simple tree
|( QUESTION0_11_R 1 -5.608e+05 2.771e+03 2.524e+03
|    ( - -2.351e+05 1 0)
|    ( QUESTION10 -1 -3.229e+05 1.625e+03 1.450e+03
|        ( QUESTION0_16_R 1 -3.269e+04 2.582e+02 1.609e+02
|            ( - -3.193e+04 1 0)
|            ( - -5.025e+02 1 0))
|        ( QUESTION0 1 -2.886e+05 8.911e+02 1.289e+03
|            ( QUESTION2_0_L -1 -2.376e+05 6.042e+02 1.063e+03
|                ( - -3.865e+04 3 0 QUESTION0_14_R 1 1.880e+02 1.709e+02)
|                ( - -1.984e+05 2 0))
|            ( QUESTION0_17_R 1 -5.009e+04 4.499e+02 2.260e+02
|                ( - 2.052e+02 1 0)
|                ( QUESTION2_0_L -1 -4.985e+04 3.482e+02 2.250e+02
|                    ( - -1.297e+04 4 0 QUESTION0_9_R 1 1.870e+02 5.847e+01)
|                    ( - -3.653e+04 2 0))))))
s>    ( QUESTION0_11_R 1 -5.608e+05 2.771e+03 2.524e+03
s>        ( - -2.351e+05 1 0)
s>        ( QUESTION10 -1 -3.229e+05 1.625e+03 1.450e+03
s>            ( QUESTION0_16_R 1 -3.269e+04 2.582e+02 1.609e+02
s>                ( - -3.193e+04 1 0)
s>                ( - -5.025e+02 1 0))
s>            ( QUESTION0 1 -2.886e+05 8.911e+02 1.289e+03
s>                ( QUESTION2_0_L -1 -2.376e+05 6.042e+02 1.063e+03
s>                    ( - -3.865e+04 3 0 QUESTION0_14_R 1 1.880e+02 1.709e+02)
s>                    ( - -1.984e+05 2 0))
s>                ( QUESTION0_17_R 1 -5.009e+04 4.499e+02 2.260e+02
s>                    ( - 2.052e+02 1 0)
s>                    ( QUESTION2_0_L -1 -4.985e+04 3.482e+02 2.250e+02
s>                        ( - -1.297e+04 4 0 QUESTION0_9_R 1 1.870e+02 5.847e+01)
s>                        ( - -3.653e+04 2 0))))))INFO: dtree.c(1478): Final simple tree
|( QUESTION0_0_R 1 -6.253e+05 4.320e+03 2.723e+03
|    ( QUESTION4 1 -2.197e+05 1.445e+03 9.688e+02
|        ( - -8.151e+04 1 0)
|        ( QUESTION0_1_R 1 -1.367e+05 7.416e+02 5.976e+02
|            ( - -8.273e+04 4 0 QUESTION10 1 2.877e+02 3.669e+02)
|            ( - -5.325e+04 3 0 QUESTION0_3_R 1 1.648e+02 2.308e+02)))
|    ( QUESTION10 -1 -4.013e+05 2.204e+03 1.755e+03
|        ( QUESTION14 1 -2.985e+05 1.269e+03 1.303e+03
|            ( - -6.167e+04 9 0 QUESTION2_10_L -1 4.363e+02 2.680e+02)
|            ( QUESTION0_10_R 1 -2.356e+05 8.969e+02 1.035e+03
|                ( - -1.989e+04 1 0)
|                ( - -2.148e+05 14 0 QUESTION0_14_R 1 6.727e+02 9.480e+02)))
|        ( QUESTION9 -1 -1.006e+05 1.656e+03 4.517e+02
|            ( - -8.231e+04 6 0 QUESTION14 -1 6.585e+02 3.729e+02)
|            ( - -1.664e+04 3 0 QUESTION0 -1 6.116e+02 7.879e+01))))
s>    ( QUESTION0_0_R 1 -6.253e+05 4.320e+03 2.723e+03
s>        ( QUESTION4 1 -2.197e+05 1.445e+03 9.688e+02
s>            ( - -8.151e+04 1 0)
s>            ( QUESTION0_1_R 1 -1.367e+05 7.416e+02 5.976e+02
s>                ( - -8.273e+04 4 0 QUESTION10 1 2.877e+02 3.669e+02)
s>                ( - -5.325e+04 3 0 QUESTION0_3_R 1 1.648e+02 2.308e+02)))
s>        ( QUESTION10 -1 -4.013e+05 2.204e+03 1.755e+03
s>            ( QUESTION14 1 -2.985e+05 1.269e+03 1.303e+03
s>                ( - -6.167e+04 9 0 QUESTION2_10_L -1 4.363e+02 2.680e+02)
s>                ( QUESTION0_10_R 1 -2.356e+05 8.969e+02 1.035e+03
s>                    ( - -1.989e+04 1 0)
s>                    ( - -2.148e+05 14 0 QUESTION0_14_R 1 6.727e+02 9.480e+02)))
s>            ( QUESTION9 -1 -1.006e+05 1.656e+03 4.517e+02
s>                ( - -8.231e+04 6 0 QUESTION14 -1 6.585e+02 3.729e+02)
s>                ( - -1.664e+04 3 0 QUESTION0 -1 6.116e+02 7.879e+01))))INFO: dtree.c(1315): Comp split 7
INFO: dtree.c(1478): Final simple tree
|( QUESTION0 -1 -2.835e+05 1.950e+03 1.260e+03
|    ( - -1.491e+05 1 0)
|    ( WDBNDRY_E 0 -1.325e+05 1.016e+03 5.918e+02
|        ( QUESTION2_10_L -1 -1.634e+04 4.315e+02 7.519e+01
|            ( - -3.042e+03 1 0)
|            ( - -1.286e+04 4 0 QUESTION0_1_R 1 2.432e+02 6.122e+01))
|        ( QUESTION0_9_R 1 -1.151e+05 8.027e+02 5.166e+02
|            ( QUESTION2_0_L -1 -8.198e+04 5.354e+02 3.640e+02
|                ( - -2.497e+04 2 0 QUESTION10 -1 1.389e+02 1.137e+02)
|                ( QUESTION14 -1 -5.648e+04 5.002e+02 2.503e+02
|                    ( - -6.740e+03 2 0 WDBNDRY_B 0 2.177e+02 3.399e+01)
|                    ( SILENCE -1 -4.924e+04 4.471e+02 2.163e+02
|                        ( - -2.936e+04 1 0)
|                        ( - -1.943e+04 2 0 QUESTION12 -1 1.856e+02 8.704e+01))))
|            ( - -3.233e+04 1 0))))
s>    ( QUESTION0 -1 -2.835e+05 1.950e+03 1.260e+03
s>        ( - -1.491e+05 1 0)
s>        ( WDBNDRY_E 0 -1.325e+05 1.016e+03 5.918e+02
s>            ( QUESTION2_10_L -1 -1.634e+04 4.315e+02 7.519e+01
s>                ( - -3.042e+03 1 0)
s>                ( - -1.286e+04 4 0 QUESTION0_1_R 1 2.432e+02 6.122e+01))
s>            ( QUESTION0_9_R 1 -1.151e+05 8.027e+02 5.166e+02
s>                ( QUESTION2_0_L -1 -8.198e+04 5.354e+02 3.640e+02
s>                    ( - -2.497e+04 2 0 QUESTION10 -1 1.389e+02 1.137e+02)
s>                    ( QUESTION14 -1 -5.648e+04 5.002e+02 2.503e+02
s>                        ( - -6.740e+03 2 0 WDBNDRY_B 0 2.177e+02 3.399e+01)
s>                        ( SILENCE -1 -4.924e+04 4.471e+02 2.163e+02
s>                            ( - -2.936e+04 1 0)
s>                            ( - -1.943e+04 2 0 QUESTION12 -1 1.856e+02 8.704e+01))))
s>                ( - -3.233e+04 1 0))))INFO: dtree.c(1478): Final simple tree
|( SILENCE 1 -3.411e+05 2.944e+03 1.624e+03
|    ( SILENCE -1 -9.761e+04 5.896e+02 4.688e+02
|        ( - -4.327e+03 1 0)
|        ( - -9.269e+04 1 0))
|    ( WDBNDRY_I 0 -2.406e+05 1.506e+03 1.155e+03
|        ( - -8.127e+04 2 0 QUESTION0_1_R 1 1.647e+02 3.953e+02)
|        ( QUESTION12 -1 -1.578e+05 1.053e+03 7.595e+02
|            ( WDBNDRY_B 0 -7.974e+04 4.516e+02 3.814e+02
|                ( - -5.645e+04 2 0 QUESTION0_1_R 1 2.374e+02 2.701e+02)
|                ( - -2.283e+04 1 0))
|            ( QUESTION10 1 -7.702e+04 5.020e+02 3.781e+02
|                ( QUESTION0_1_R 1 -4.166e+04 4.269e+02 2.037e+02
|                    ( - -2.558e+04 1 0)
|                    ( - -1.566e+04 1 0))
|                ( - -3.486e+04 1 0)))))
s>    ( SILENCE 1 -3.411e+05 2.944e+03 1.624e+03
s>        ( SILENCE -1 -9.761e+04 5.896e+02 4.688e+02
s>            ( - -4.327e+03 1 0)
s>            ( - -9.269e+04 1 0))
s>        ( WDBNDRY_I 0 -2.406e+05 1.506e+03 1.155e+03
s>            ( - -8.127e+04 2 0 QUESTION0_1_R 1 1.647e+02 3.953e+02)
s>            ( QUESTION12 -1 -1.578e+05 1.053e+03 7.595e+02
s>                ( WDBNDRY_B 0 -7.974e+04 4.516e+02 3.814e+02
s>                    ( - -5.645e+04 2 0 QUESTION0_1_R 1 2.374e+02 2.701e+02)
s>                    ( - -2.283e+04 1 0))
s>                ( QUESTION10 1 -7.702e+04 5.020e+02 3.781e+02
s>                    ( QUESTION0_1_R 1 -4.166e+04 4.269e+02 2.037e+02
s>                        ( - -2.558e+04 1 0)
s>                        ( - -1.566e+04 1 0))
s>                    ( - -3.486e+04 1 0)))))INFO: dtree.c(1315): Comp split 8
INFO: dtree.c(1439): stop. leaf nodes are specific
INFO: dtree.c(1478): Final simple tree
|( QUESTION4 1 -2.400e+05 1.349e+03 1.056e+03
|    ( - -8.151e+04 1 0)
|    ( QUESTION0_2_R 1 -1.571e+05 8.854e+02 6.845e+02
|        ( QUESTION0_3_R 1 -5.325e+04 1.648e+02 2.308e+02
|            ( - -4.801e+04 2 0)
|            ( - -5.071e+03 1 0))
|        ( QUESTION12 1 -1.030e+05 4.078e+02 4.537e+02
|            ( - -6.991e+04 2 0)
|            ( QUESTION0_0_R 1 -3.265e+04 2.298e+02 1.454e+02
|                ( - -1.253e+04 2 0)
|                ( - -1.989e+04 1 0)))))
s>    ( QUESTION4 1 -2.400e+05 1.349e+03 1.056e+03
s>        ( - -8.151e+04 1 0)
s>        ( QUESTION0_2_R 1 -1.571e+05 8.854e+02 6.845e+02
s>            ( QUESTION0_3_R 1 -5.325e+04 1.648e+02 2.308e+02
s>                ( - -4.801e+04 2 0)
s>                ( - -5.071e+03 1 0))
s>            ( QUESTION12 1 -1.030e+05 4.078e+02 4.537e+02
s>                ( - -6.991e+04 2 0)
s>                ( QUESTION0_0_R 1 -3.265e+04 2.298e+02 1.454e+02
s>                    ( - -1.253e+04 2 0)
s>                    ( - -1.989e+04 1 0)))))INFO: dtree.c(1478): Final simple tree
|( QUESTION10 -1 -3.806e+05 2.177e+03 1.668e+03
|    ( QUESTION0_10_R 1 -2.778e+05 1.379e+03 1.216e+03
|        ( - -5.438e+04 7 0 QUESTION2_10_L -1 4.960e+02 2.367e+02)
|        ( QUESTION0_14_R 1 -2.220e+05 6.982e+02 9.793e+02
|            ( - -1.394e+05 8 0 QUESTION2_10_L -1 5.099e+02 6.150e+02)
|            ( QUESTION2_10_L -1 -8.189e+04 6.384e+02 3.643e+02
|                ( - -4.034e+04 5 0 QUESTION0_9_R 1 4.301e+02 1.781e+02)
|                ( - -4.091e+04 3 0 QUESTION0_9_R 1 4.299e+02 1.861e+02))))
|    ( QUESTION9 -1 -1.006e+05 1.656e+03 4.517e+02
|        ( QUESTION14 -1 -8.231e+04 6.585e+02 3.729e+02
|            ( - -6.846e+04 3 0)
|            ( - -1.320e+04 3 0 QUESTION0_9_R 1 3.767e+02 6.231e+01))
|        ( QUESTION0 -1 -1.664e+04 6.116e+02 7.879e+01
|            ( - -4.484e+03 1 0)
|            ( - -1.154e+04 2 0 QUESTION0_14_R 1 2.707e+02 5.539e+01))))
s>    ( QUESTION10 -1 -3.806e+05 2.177e+03 1.668e+03
s>        ( QUESTION0_10_R 1 -2.778e+05 1.379e+03 1.216e+03
s>            ( - -5.438e+04 7 0 QUESTION2_10_L -1 4.960e+02 2.367e+02)
s>            ( QUESTION0_14_R 1 -2.220e+05 6.982e+02 9.793e+02
s>                ( - -1.394e+05 8 0 QUESTION2_10_L -1 5.099e+02 6.150e+02)
s>                ( QUESTION2_10_L -1 -8.189e+04 6.384e+02 3.643e+02
s>                    ( - -4.034e+04 5 0 QUESTION0_9_R 1 4.301e+02 1.781e+02)
s>                    ( - -4.091e+04 3 0 QUESTION0_9_R 1 4.299e+02 1.861e+02))))
s>        ( QUESTION9 -1 -1.006e+05 1.656e+03 4.517e+02
s>            ( QUESTION14 -1 -8.231e+04 6.585e+02 3.729e+02
s>                ( - -6.846e+04 3 0)
s>                ( - -1.320e+04 3 0 QUESTION0_9_R 1 3.767e+02 6.231e+01))
s>            ( QUESTION0 -1 -1.664e+04 6.116e+02 7.879e+01
s>                ( - -4.484e+03 1 0)
s>                ( - -1.154e+04 2 0 QUESTION0_14_R 1 2.707e+02 5.539e+01))))INFO: dtree.c(1315): Comp split 9
INFO: dtree.c(1478): Final simple tree
|( WDBNDRY_I 0 -2.454e+05 1.520e+03 1.178e+03
|    ( - -8.127e+04 2 0 QUESTION0_1_R 1 1.647e+02 3.953e+02)
|    ( QUESTION12 -1 -1.626e+05 1.095e+03 7.825e+02
|        ( WDBNDRY_B 0 -7.974e+04 4.516e+02 3.814e+02
|            ( QUESTION0_1_R 1 -5.645e+04 2.374e+02 2.701e+02
|                ( - -4.895e+04 1 0)
|                ( - -7.265e+03 1 0))
|            ( - -2.283e+04 1 0))
|        ( QUESTION11 1 -8.181e+04 5.114e+02 4.011e+02
|            ( - -3.486e+04 1 0)
|            ( SILENCE -1 -4.644e+04 4.464e+02 2.267e+02
|                ( - -4.327e+03 1 0)
|                ( QUESTION0_1_R 1 -4.166e+04 4.269e+02 2.037e+02
|                    ( - -2.558e+04 1 0)
|                    ( - -1.566e+04 1 0))))))
s>    ( WDBNDRY_I 0 -2.454e+05 1.520e+03 1.178e+03
s>        ( - -8.127e+04 2 0 QUESTION0_1_R 1 1.647e+02 3.953e+02)
s>        ( QUESTION12 -1 -1.626e+05 1.095e+03 7.825e+02
s>            ( WDBNDRY_B 0 -7.974e+04 4.516e+02 3.814e+02
s>                ( QUESTION0_1_R 1 -5.645e+04 2.374e+02 2.701e+02
s>                    ( - -4.895e+04 1 0)
s>                    ( - -7.265e+03 1 0))
s>                ( - -2.283e+04 1 0))
s>            ( QUESTION11 1 -8.181e+04 5.114e+02 4.011e+02
s>                ( - -3.486e+04 1 0)
s>                ( SILENCE -1 -4.644e+04 4.464e+02 2.267e+02
s>                    ( - -4.327e+03 1 0)
s>                    ( QUESTION0_1_R 1 -4.166e+04 4.269e+02 2.037e+02
s>                        ( - -2.558e+04 1 0)
s>                        ( - -1.566e+04 1 0))))))INFO: dtree.c(1315): Comp split 10
INFO: dtree.c(1478): Final simple tree
|( QUESTION10 -1 -3.229e+05 1.625e+03 1.450e+03
|    ( QUESTION0_16_R 1 -3.269e+04 2.582e+02 1.609e+02
|        ( - -3.193e+04 1 0)
|        ( - -5.025e+02 1 0))
|    ( QUESTION0 1 -2.886e+05 8.911e+02 1.289e+03
|        ( QUESTION2_0_L -1 -2.376e+05 6.042e+02 1.063e+03
|            ( QUESTION0_14_R 1 -3.865e+04 1.880e+02 1.709e+02
|                ( - -3.355e+04 2 0)
|                ( - -4.910e+03 1 0))
|            ( - -1.984e+05 2 0))
|        ( QUESTION0_17_R 1 -5.009e+04 4.499e+02 2.260e+02
|            ( - 2.052e+02 1 0)
|            ( QUESTION2_0_L -1 -4.985e+04 3.482e+02 2.250e+02
|                ( - -1.297e+04 4 0 QUESTION0_9_R 1 1.870e+02 5.847e+01)
|                ( - -3.653e+04 2 0)))))
s>    ( QUESTION10 -1 -3.229e+05 1.625e+03 1.450e+03
s>        ( QUESTION0_16_R 1 -3.269e+04 2.582e+02 1.609e+02
s>            ( - -3.193e+04 1 0)
s>            ( - -5.025e+02 1 0))
s>        ( QUESTION0 1 -2.886e+05 8.911e+02 1.289e+03
s>            ( QUESTION2_0_L -1 -2.376e+05 6.042e+02 1.063e+03
s>                ( QUESTION0_14_R 1 -3.865e+04 1.880e+02 1.709e+02
s>                    ( - -3.355e+04 2 0)
s>                    ( - -4.910e+03 1 0))
s>                ( - -1.984e+05 2 0))
s>            ( QUESTION0_17_R 1 -5.009e+04 4.499e+02 2.260e+02
s>                ( - 2.052e+02 1 0)
s>                ( QUESTION2_0_L -1 -4.985e+04 3.482e+02 2.250e+02
s>                    ( - -1.297e+04 4 0 QUESTION0_9_R 1 1.870e+02 5.847e+01)
s>                    ( - -3.653e+04 2 0)))))INFO: dtree.c(1315): Comp split 11
INFO: dtree.c(1439): stop. leaf nodes are specific
INFO: dtree.c(1478): Final simple tree
|( WDBNDRY_B 0 -1.161e+05 6.119e+02 5.557e+02
|    ( - -2.290e+04 2 0)
|    ( QUESTION0_15_R 1 -9.259e+04 4.402e+02 4.438e+02
|        ( - -1.613e+04 1 0)
|        ( QUESTION0 -1 -7.602e+04 4.219e+02 3.644e+02
|            ( QUESTION0_9_R 1 -9.362e+03 2.880e+02 4.809e+01
|                ( - -3.504e+03 1 0)
|                ( - -5.570e+03 1 0))
|            ( QUESTION0_9_R 1 -6.624e+04 3.140e+02 3.163e+02
|                ( - -1.148e+04 1 0)
|                ( - -5.444e+04 2 0)))))
s>    ( WDBNDRY_B 0 -1.161e+05 6.119e+02 5.557e+02
s>        ( - -2.290e+04 2 0)
s>        ( QUESTION0_15_R 1 -9.259e+04 4.402e+02 4.438e+02
s>            ( - -1.613e+04 1 0)
s>            ( QUESTION0 -1 -7.602e+04 4.219e+02 3.644e+02
s>                ( QUESTION0_9_R 1 -9.362e+03 2.880e+02 4.809e+01
s>                    ( - -3.504e+03 1 0)
s>                    ( - -5.570e+03 1 0))
s>                ( QUESTION0_9_R 1 -6.624e+04 3.140e+02 3.163e+02
s>                    ( - -1.148e+04 1 0)
s>                    ( - -5.444e+04 2 0)))))INFO: dtree.c(1478): Final simple tree
|( QUESTION0_9_R 1 -8.425e+05 1.435e+03 3.967e+03
|    ( - -3.709e+05 2 0)
|    ( QUESTION0 1 -4.701e+05 7.663e+02 2.209e+03
|        ( QUESTION0_14_R 1 -4.490e+05 5.266e+02 2.113e+03
|            ( - -4.315e+05 2 0)
|            ( - -1.702e+04 1 0))
|        ( QUESTION0_0_R 1 -2.030e+04 1.937e+02 9.572e+01
|            ( WDBNDRY_E 0 -1.002e+04 2.059e+02 4.667e+01
|                ( - -3.147e+03 1 0)
|                ( QUESTION0_3_R 1 -6.667e+03 1.357e+02 3.147e+01
|                    ( - -9.439e+02 1 0)
|                    ( QUESTION0_1_R 1 -5.587e+03 1.221e+02 2.647e+01
|                        ( - -2.595e+03 1 0)
|                        ( - -2.870e+03 1 0))))
|            ( - -1.008e+04 1 0))))
s>    ( QUESTION0_9_R 1 -8.425e+05 1.435e+03 3.967e+03
s>        ( - -3.709e+05 2 0)
s>        ( QUESTION0 1 -4.701e+05 7.663e+02 2.209e+03
s>            ( QUESTION0_14_R 1 -4.490e+05 5.266e+02 2.113e+03
s>                ( - -4.315e+05 2 0)
s>                ( - -1.702e+04 1 0))
s>            ( QUESTION0_0_R 1 -2.030e+04 1.937e+02 9.572e+01
s>                ( WDBNDRY_E 0 -1.002e+04 2.059e+02 4.667e+01
s>                    ( - -3.147e+03 1 0)
s>                    ( QUESTION0_3_R 1 -6.667e+03 1.357e+02 3.147e+01
s>                        ( - -9.439e+02 1 0)
s>                        ( QUESTION0_1_R 1 -5.587e+03 1.221e+02 2.647e+01
s>                            ( - -2.595e+03 1 0)
s>                            ( - -2.870e+03 1 0))))
s>                ( - -1.008e+04 1 0))))INFO: dtree.c(1315): Comp split 12
INFO: dtree.c(1478): Final simple tree
|( QUESTION14 -1 -2.000e+05 1.116e+03 9.589e+02
|    ( - -1.374e+04 1 0)
|    ( QUESTION0_11_R 1 -1.851e+05 6.665e+02 8.860e+02
|        ( - -3.452e+04 1 0)
|        ( QUESTION0_13_R 1 -1.499e+05 3.891e+02 7.195e+02
|            ( - -1.391e+05 1 0)
|            ( QUESTION0_2_R 1 -1.044e+04 2.364e+02 4.913e+01
|                ( - -2.153e+03 1 0)
|                ( WDBNDRY_E 0 -8.053e+03 2.302e+02 3.813e+01
|                    ( QUESTION10 1 -2.812e+03 2.445e+02 1.319e+01
|                        ( - -4.756e+02 1 0)
|                        ( - -2.092e+03 1 0))
|                    ( QUESTION0_0_R 1 -5.011e+03 2.409e+02 2.493e+01
|                        ( - -9.574e+02 1 0)
|                        ( - -3.813e+03 1 0)))))))
s>    ( QUESTION14 -1 -2.000e+05 1.116e+03 9.589e+02
s>        ( - -1.374e+04 1 0)
s>        ( QUESTION0_11_R 1 -1.851e+05 6.665e+02 8.860e+02
s>            ( - -3.452e+04 1 0)
s>            ( QUESTION0_13_R 1 -1.499e+05 3.891e+02 7.195e+02
s>                ( - -1.391e+05 1 0)
s>                ( QUESTION0_2_R 1 -1.044e+04 2.364e+02 4.913e+01
s>                    ( - -2.153e+03 1 0)
s>                    ( WDBNDRY_E 0 -8.053e+03 2.302e+02 3.813e+01
s>                        ( QUESTION10 1 -2.812e+03 2.445e+02 1.319e+01
s>                            ( - -4.756e+02 1 0)
s>                            ( - -2.092e+03 1 0))
s>                        ( QUESTION0_0_R 1 -5.011e+03 2.409e+02 2.493e+01
s>                            ( - -9.574e+02 1 0)
s>                            ( - -3.813e+03 1 0)))))))INFO: dtree.c(1439): stop. leaf nodes are specific
INFO: dtree.c(1478): Final simple tree
|( QUESTION0_15_R 1 -8.434e+05 2.020e+03 3.911e+03
|    ( - -1.897e+04 1 0)
|    ( QUESTION0_0_R 1 -8.224e+05 2.743e+02 3.827e+03
|        ( - -4.363e+03 1 0)
|        ( - -8.178e+05 4 0)))
s>    ( QUESTION0_15_R 1 -8.434e+05 2.020e+03 3.911e+03
s>        ( - -1.897e+04 1 0)
s>        ( QUESTION0_0_R 1 -8.224e+05 2.743e+02 3.827e+03
s>            ( - -4.363e+03 1 0)
s>            ( - -8.178e+05 4 0)))INFO: dtree.c(1315): Comp split 13
INFO: dtree.c(1478): Final simple tree
|( QUESTION9 -1 -1.423e+05 1.642e+03 6.378e+02
|    ( QUESTION14 -1 -1.240e+05 1.025e+03 5.590e+02
|        ( - -6.846e+04 3 0)
|        ( QUESTION0_9_R 1 -5.449e+04 4.760e+02 2.484e+02
|            ( QUESTION10 -1 -3.023e+04 4.581e+02 1.415e+02
|                ( - -2.325e+04 1 0)
|                ( - -6.515e+03 1 0))
|            ( QUESTION0_14_R 1 -2.379e+04 2.595e+02 1.069e+02
|                ( - -6.304e+03 2 0)
|                ( - -1.723e+04 2 0 QUESTION0_16_R 1 2.070e+02 7.804e+01))))
|    ( QUESTION0 -1 -1.664e+04 6.116e+02 7.879e+01
|        ( - -4.484e+03 1 0)
|        ( QUESTION0_14_R 1 -1.154e+04 2.707e+02 5.539e+01
|            ( - -7.498e+02 1 0)
|            ( - -1.052e+04 1 0))))
s>    ( QUESTION9 -1 -1.423e+05 1.642e+03 6.378e+02
s>        ( QUESTION14 -1 -1.240e+05 1.025e+03 5.590e+02
s>            ( - -6.846e+04 3 0)
s>            ( QUESTION0_9_R 1 -5.449e+04 4.760e+02 2.484e+02
s>                ( QUESTION10 -1 -3.023e+04 4.581e+02 1.415e+02
s>                    ( - -2.325e+04 1 0)
s>                    ( - -6.515e+03 1 0))
s>                ( QUESTION0_14_R 1 -2.379e+04 2.595e+02 1.069e+02
s>                    ( - -6.304e+03 2 0)
s>                    ( - -1.723e+04 2 0 QUESTION0_16_R 1 2.070e+02 7.804e+01))))
s>        ( QUESTION0 -1 -1.664e+04 6.116e+02 7.879e+01
s>            ( - -4.484e+03 1 0)
s>            ( QUESTION0_14_R 1 -1.154e+04 2.707e+02 5.539e+01
s>                ( - -7.498e+02 1 0)
s>                ( - -1.052e+04 1 0))))INFO: dtree.c(1439): stop. leaf nodes are specific
INFO: dtree.c(1478): Final simple tree
|( QUESTION0 1 -2.359e+05 1.265e+03 1.030e+03
|    ( QUESTION2_10_L -1 -1.594e+05 5.536e+02 7.039e+02
|        ( QUESTION0_14_R 1 -9.624e+04 3.975e+02 4.270e+02
|            ( - -7.637e+04 4 0)
|            ( - -1.948e+04 2 0))
|        ( - -6.257e+04 4 0))
|    ( QUESTION2_10_L -1 -7.528e+04 5.706e+02 3.260e+02
|        ( QUESTION0_11_R 1 -4.233e+04 4.143e+02 1.827e+02
|            ( - -1.930e+04 2 0)
|            ( QUESTION0_9_R 1 -2.262e+04 1.294e+02 9.842e+01
|                ( - -2.150e+04 4 0)
|                ( - -9.881e+02 1 0)))
|        ( - -3.238e+04 3 0)))
s>    ( QUESTION0 1 -2.359e+05 1.265e+03 1.030e+03
s>        ( QUESTION2_10_L -1 -1.594e+05 5.536e+02 7.039e+02
s>            ( QUESTION0_14_R 1 -9.624e+04 3.975e+02 4.270e+02
s>                ( - -7.637e+04 4 0)
s>                ( - -1.948e+04 2 0))
s>            ( - -6.257e+04 4 0))
s>        ( QUESTION2_10_L -1 -7.528e+04 5.706e+02 3.260e+02
s>            ( QUESTION0_11_R 1 -4.233e+04 4.143e+02 1.827e+02
s>                ( - -1.930e+04 2 0)
s>                ( QUESTION0_9_R 1 -2.262e+04 1.294e+02 9.842e+01
s>                    ( - -2.150e+04 4 0)
s>                    ( - -9.881e+02 1 0)))
s>            ( - -3.238e+04 3 0)))INFO: dtree.c(1315): Comp split 14
INFO: dtree.c(1439): stop. leaf nodes are specific
INFO: dtree.c(1478): Final simple tree
|( QUESTION0_9_R 1 -2.798e+05 1.461e+03 1.228e+03
|    ( WDBNDRY_B 0 -2.084e+05 4.712e+02 9.168e+02
|        ( - 2.413e+02 1 0)
|        ( QUESTION0_10_R 1 -2.082e+05 2.023e+02 9.158e+02
|            ( - -2.042e+05 2 0)
|            ( - -3.799e+03 1 0)))
|    ( QUESTION0_14_R 1 -6.986e+04 4.677e+02 3.108e+02
|        ( - -4.944e+04 3 0)
|        ( QUESTION0_18_R 1 -1.995e+04 3.092e+02 9.025e+01
|            ( - -3.029e+03 1 0)
|            ( QUESTION0_16_R 1 -1.661e+04 1.395e+02 7.605e+01
|                ( - -1.505e+04 1 0)
|                ( - -1.421e+03 1 0)))))
s>    ( QUESTION0_9_R 1 -2.798e+05 1.461e+03 1.228e+03
s>        ( WDBNDRY_B 0 -2.084e+05 4.712e+02 9.168e+02
s>            ( - 2.413e+02 1 0)
s>            ( QUESTION0_10_R 1 -2.082e+05 2.023e+02 9.158e+02
s>                ( - -2.042e+05 2 0)
s>                ( - -3.799e+03 1 0)))
s>        ( QUESTION0_14_R 1 -6.986e+04 4.677e+02 3.108e+02
s>            ( - -4.944e+04 3 0)
s>            ( QUESTION0_18_R 1 -1.995e+04 3.092e+02 9.025e+01
s>                ( - -3.029e+03 1 0)
s>                ( QUESTION0_16_R 1 -1.661e+04 1.395e+02 7.605e+01
s>                    ( - -1.505e+04 1 0)
s>                    ( - -1.421e+03 1 0)))))INFO: dtree.c(1315): Comp split 15
INFO: dtree.c(1439): stop. leaf nodes are specific
INFO: dtree.c(1478): Final simple tree
|( QUESTION0_0_R 1 -8.224e+05 2.743e+02 3.827e+03
|    ( - -4.363e+03 1 0)
|    ( - -8.178e+05 4 0))
s>    ( QUESTION0_0_R 1 -8.224e+05 2.743e+02 3.827e+03
s>        ( - -4.363e+03 1 0)
s>        ( - -8.178e+05 4 0))INFO: dtree.c(1315): Comp split 16
INFO: dtree.c(1439): stop. leaf nodes are specific
INFO: dtree.c(1478): Final simple tree
|( QUESTION0_3_R 1 -9.753e+04 2.560e+02 4.685e+02
|    ( - -9.484e+04 2 0)
|    ( - -2.434e+03 1 0))
s>    ( QUESTION0_3_R 1 -9.753e+04 2.560e+02 4.685e+02
s>        ( - -9.484e+04 2 0)
s>        ( - -2.434e+03 1 0))INFO: dtree.c(1478): Final simple tree
|( QUESTION2_0_L -1 -6.233e+04 5.434e+02 2.794e+02
|    ( QUESTION10 1 -3.807e+04 4.171e+02 1.723e+02
|        ( QUESTION2 -1 -1.147e+04 3.781e+02 5.207e+01
|            ( - -7.307e+03 3 0)
|            ( - -3.787e+03 1 0))
|        ( QUESTION0_1_R 1 -2.618e+04 2.546e+02 1.202e+02
|            ( - -6.476e+03 1 0)
|            ( - -1.945e+04 1 0)))
|    ( QUESTION10 1 -2.372e+04 2.823e+02 1.071e+02
|        ( QUESTION0_1_R 1 -4.264e+03 2.325e+02 2.000e+01
|            ( - -2.584e+03 1 0)
|            ( - -1.448e+03 1 0))
|        ( QUESTION0_1_R 1 -1.917e+04 2.213e+02 8.712e+01
|            ( - -1.489e+04 1 0)
|            ( - -4.066e+03 1 0))))
s>    ( QUESTION2_0_L -1 -6.233e+04 5.434e+02 2.794e+02
s>        ( QUESTION10 1 -3.807e+04 4.171e+02 1.723e+02
s>            ( QUESTION2 -1 -1.147e+04 3.781e+02 5.207e+01
s>                ( - -7.307e+03 3 0)
s>                ( - -3.787e+03 1 0))
s>            ( QUESTION0_1_R 1 -2.618e+04 2.546e+02 1.202e+02
s>                ( - -6.476e+03 1 0)
s>                ( - -1.945e+04 1 0)))
s>        ( QUESTION10 1 -2.372e+04 2.823e+02 1.071e+02
s>            ( QUESTION0_1_R 1 -4.264e+03 2.325e+02 2.000e+01
s>                ( - -2.584e+03 1 0)
s>                ( - -1.448e+03 1 0))
s>            ( QUESTION0_1_R 1 -1.917e+04 2.213e+02 8.712e+01
s>                ( - -1.489e+04 1 0)
s>                ( - -4.066e+03 1 0))))INFO: dtree.c(1315): Comp split 17
INFO: dtree.c(1478): Final simple tree
|( WDBNDRY_E 0 -1.325e+05 1.016e+03 5.918e+02
|    ( QUESTION2_10_L -1 -1.634e+04 4.315e+02 7.519e+01
|        ( - -3.042e+03 1 0)
|        ( QUESTION0_1_R 1 -1.286e+04 2.432e+02 6.122e+01
|            ( - -3.048e+02 1 0)
|            ( - -1.232e+04 3 0 QUESTION0_4_R 1 2.172e+02 5.922e+01)))
|    ( QUESTION0_9_R 1 -1.151e+05 8.027e+02 5.166e+02
|        ( QUESTION2_0_L -1 -8.198e+04 5.354e+02 3.640e+02
|            ( - -2.497e+04 2 0 QUESTION10 -1 1.389e+02 1.137e+02)
|            ( QUESTION14 -1 -5.648e+04 5.002e+02 2.503e+02
|                ( - -6.740e+03 2 0 WDBNDRY_B 0 2.177e+02 3.399e+01)
|                ( SILENCE -1 -4.924e+04 4.471e+02 2.163e+02
|                    ( - -2.936e+04 1 0)
|                    ( - -1.943e+04 2 0 QUESTION12 -1 1.856e+02 8.704e+01))))
|        ( - -3.233e+04 1 0)))
s>    ( WDBNDRY_E 0 -1.325e+05 1.016e+03 5.918e+02
s>        ( QUESTION2_10_L -1 -1.634e+04 4.315e+02 7.519e+01
s>            ( - -3.042e+03 1 0)
s>            ( QUESTION0_1_R 1 -1.286e+04 2.432e+02 6.122e+01
s>                ( - -3.048e+02 1 0)
s>                ( - -1.232e+04 3 0 QUESTION0_4_R 1 2.172e+02 5.922e+01)))
s>        ( QUESTION0_9_R 1 -1.151e+05 8.027e+02 5.166e+02
s>            ( QUESTION2_0_L -1 -8.198e+04 5.354e+02 3.640e+02
s>                ( - -2.497e+04 2 0 QUESTION10 -1 1.389e+02 1.137e+02)
s>                ( QUESTION14 -1 -5.648e+04 5.002e+02 2.503e+02
s>                    ( - -6.740e+03 2 0 WDBNDRY_B 0 2.177e+02 3.399e+01)
s>                    ( SILENCE -1 -4.924e+04 4.471e+02 2.163e+02
s>                        ( - -2.936e+04 1 0)
s>                        ( - -1.943e+04 2 0 QUESTION12 -1 1.856e+02 8.704e+01))))
s>            ( - -3.233e+04 1 0)))INFO: dtree.c(1315): Comp split 18
INFO: dtree.c(1478): Final simple tree
|( QUESTION0 1 -2.893e+05 9.009e+02 1.292e+03
|    ( QUESTION2_0_L -1 -2.376e+05 6.042e+02 1.063e+03
|        ( QUESTION0_14_R 1 -3.865e+04 1.880e+02 1.709e+02
|            ( - -3.355e+04 2 0)
|            ( - -4.910e+03 1 0))
|        ( - -1.984e+05 2 0))
|    ( QUESTION2_0_L -1 -5.077e+04 3.519e+02 2.290e+02
|        ( QUESTION0_16_R 1 -1.389e+04 2.130e+02 6.247e+01
|            ( - -7.961e+03 1 0)
|            ( QUESTION10 -1 -5.713e+03 1.526e+02 2.590e+01
|                ( - -5.025e+02 1 0)
|                ( QUESTION0_9_R 1 -5.058e+03 4.406e+02 2.290e+01
|                    ( - -4.823e+03 3 0 QUESTION14 1 1.661e+02 2.190e+01)
|                    ( - 2.052e+02 1 0))))
|        ( - -3.653e+04 2 0)))
s>    ( QUESTION0 1 -2.893e+05 9.009e+02 1.292e+03
s>        ( QUESTION2_0_L -1 -2.376e+05 6.042e+02 1.063e+03
s>            ( QUESTION0_14_R 1 -3.865e+04 1.880e+02 1.709e+02
s>                ( - -3.355e+04 2 0)
s>                ( - -4.910e+03 1 0))
s>            ( - -1.984e+05 2 0))
s>        ( QUESTION2_0_L -1 -5.077e+04 3.519e+02 2.290e+02
s>            ( QUESTION0_16_R 1 -1.389e+04 2.130e+02 6.247e+01
s>                ( - -7.961e+03 1 0)
s>                ( QUESTION10 -1 -5.713e+03 1.526e+02 2.590e+01
s>                    ( - -5.025e+02 1 0)
s>                    ( QUESTION0_9_R 1 -5.058e+03 4.406e+02 2.290e+01
s>                        ( - -4.823e+03 3 0 QUESTION14 1 1.661e+02 2.190e+01)
s>                        ( - 2.052e+02 1 0))))
s>            ( - -3.653e+04 2 0)))INFO: dtree.c(1315): Comp split 19
INFO: dtree.c(1439): stop. leaf nodes are specific
INFO: dtree.c(1478): Final simple tree
|( QUESTION14 -1 -1.240e+05 1.025e+03 5.590e+02
|    ( - -6.846e+04 3 0)
|    ( QUESTION0_9_R 1 -5.449e+04 4.760e+02 2.484e+02
|        ( QUESTION10 -1 -3.023e+04 4.581e+02 1.415e+02
|            ( - -2.325e+04 1 0)
|            ( - -6.515e+03 1 0))
|        ( QUESTION0_14_R 1 -2.379e+04 2.595e+02 1.069e+02
|            ( - -6.304e+03 2 0)
|            ( QUESTION0_16_R 1 -1.723e+04 2.070e+02 7.804e+01
|                ( - -5.837e+03 1 0)
|                ( - -1.118e+04 1 0)))))
s>    ( QUESTION14 -1 -1.240e+05 1.025e+03 5.590e+02
s>        ( - -6.846e+04 3 0)
s>        ( QUESTION0_9_R 1 -5.449e+04 4.760e+02 2.484e+02
s>            ( QUESTION10 -1 -3.023e+04 4.581e+02 1.415e+02
s>                ( - -2.325e+04 1 0)
s>                ( - -6.515e+03 1 0))
s>            ( QUESTION0_14_R 1 -2.379e+04 2.595e+02 1.069e+02
s>                ( - -6.304e+03 2 0)
s>                ( QUESTION0_16_R 1 -1.723e+04 2.070e+02 7.804e+01
s>                    ( - -5.837e+03 1 0)
s>                    ( - -1.118e+04 1 0)))))INFO: dtree.c(1439): stop. leaf nodes are specific
INFO: dtree.c(1478): Final simple tree
|( QUESTION0 -1 -1.664e+04 6.116e+02 7.879e+01
|    ( - -4.484e+03 1 0)
|    ( QUESTION0_14_R 1 -1.154e+04 2.707e+02 5.539e+01
|        ( - -7.498e+02 1 0)
|        ( - -1.052e+04 1 0)))
s>    ( QUESTION0 -1 -1.664e+04 6.116e+02 7.879e+01
s>        ( - -4.484e+03 1 0)
s>        ( QUESTION0_14_R 1 -1.154e+04 2.707e+02 5.539e+01
s>            ( - -7.498e+02 1 0)
s>            ( - -1.052e+04 1 0)))INFO: dtree.c(1315): Comp split 20
INFO: dtree.c(1439): stop. leaf nodes are specific
INFO: dtree.c(1478): Final simple tree
|( WDBNDRY_B 0 -2.116e+05 4.712e+02 9.310e+02
|    ( - 2.413e+02 1 0)
|    ( QUESTION0_10_R 1 -2.114e+05 2.233e+02 9.300e+02
|        ( - -2.042e+05 2 0)
|        ( QUESTION0_9_R 1 -6.955e+03 1.263e+02 3.100e+01
|            ( - -3.799e+03 1 0)
|            ( - -3.029e+03 1 0))))
s>    ( WDBNDRY_B 0 -2.116e+05 4.712e+02 9.310e+02
s>        ( - 2.413e+02 1 0)
s>        ( QUESTION0_10_R 1 -2.114e+05 2.233e+02 9.300e+02
s>            ( - -2.042e+05 2 0)
s>            ( QUESTION0_9_R 1 -6.955e+03 1.263e+02 3.100e+01
s>                ( - -3.799e+03 1 0)
s>                ( - -3.029e+03 1 0))))INFO: dtree.c(1439): stop. leaf nodes are specific
INFO: dtree.c(1478): Final simple tree
|( QUESTION0_14_R 1 -6.656e+04 5.043e+02 2.966e+02
|    ( - -4.944e+04 3 0)
|    ( QUESTION0_16_R 1 -1.661e+04 1.395e+02 7.605e+01
|        ( - -1.505e+04 1 0)
|        ( - -1.421e+03 1 0)))
s>    ( QUESTION0_14_R 1 -6.656e+04 5.043e+02 2.966e+02
s>        ( - -4.944e+04 3 0)
s>        ( QUESTION0_16_R 1 -1.661e+04 1.395e+02 7.605e+01
s>            ( - -1.505e+04 1 0)
s>            ( - -1.421e+03 1 0)))INFO: dtree.c(1315): Comp split 21
INFO: dtree.c(1439): stop. leaf nodes are specific
INFO: dtree.c(1478): Final simple tree
|( QUESTION0_14_R 1 -4.525e+05 7.533e+02 2.126e+03
|    ( - -4.315e+05 2 0)
|    ( QUESTION0_0_R 1 -2.030e+04 1.937e+02 9.572e+01
|        ( WDBNDRY_E 0 -1.002e+04 2.059e+02 4.667e+01
|            ( - -3.147e+03 1 0)
|            ( QUESTION0_3_R 1 -6.667e+03 1.357e+02 3.147e+01
|                ( - -9.439e+02 1 0)
|                ( QUESTION0_1_R 1 -5.587e+03 1.221e+02 2.647e+01
|                    ( - -2.595e+03 1 0)
|                    ( - -2.870e+03 1 0))))
|        ( - -1.008e+04 1 0)))
s>    ( QUESTION0_14_R 1 -4.525e+05 7.533e+02 2.126e+03
s>        ( - -4.315e+05 2 0)
s>        ( QUESTION0_0_R 1 -2.030e+04 1.937e+02 9.572e+01
s>            ( WDBNDRY_E 0 -1.002e+04 2.059e+02 4.667e+01
s>                ( - -3.147e+03 1 0)
s>                ( QUESTION0_3_R 1 -6.667e+03 1.357e+02 3.147e+01
s>                    ( - -9.439e+02 1 0)
s>                    ( QUESTION0_1_R 1 -5.587e+03 1.221e+02 2.647e+01
s>                        ( - -2.595e+03 1 0)
s>                        ( - -2.870e+03 1 0))))
s>            ( - -1.008e+04 1 0)))INFO: dtree.c(1439): stop. leaf nodes are specific
INFO: dtree.c(1478): Final simple tree
|( QUESTION0_9_R 1 -3.884e+05 4.134e+02 1.842e+03
|    ( - -3.709e+05 2 0)
|    ( - -1.702e+04 1 0))
s>    ( QUESTION0_9_R 1 -3.884e+05 4.134e+02 1.842e+03
s>        ( - -3.709e+05 2 0)
s>        ( - -1.702e+04 1 0))INFO: dtree.c(1315): Comp split 22
INFO: dtree.c(1439): stop. leaf nodes are specific
INFO: dtree.c(1478): Final simple tree
|( QUESTION12 -1 -1.626e+05 1.095e+03 7.825e+02
|    ( WDBNDRY_B 0 -7.974e+04 4.516e+02 3.814e+02
|        ( QUESTION0_1_R 1 -5.645e+04 2.374e+02 2.701e+02
|            ( - -4.895e+04 1 0)
|            ( - -7.265e+03 1 0))
|        ( - -2.283e+04 1 0))
|    ( QUESTION11 1 -8.181e+04 5.114e+02 4.011e+02
|        ( - -3.486e+04 1 0)
|        ( SILENCE -1 -4.644e+04 4.464e+02 2.267e+02
|            ( - -4.327e+03 1 0)
|            ( QUESTION0_1_R 1 -4.166e+04 4.269e+02 2.037e+02
|                ( - -2.558e+04 1 0)
|                ( - -1.566e+04 1 0)))))
s>    ( QUESTION12 -1 -1.626e+05 1.095e+03 7.825e+02
s>        ( WDBNDRY_B 0 -7.974e+04 4.516e+02 3.814e+02
s>            ( QUESTION0_1_R 1 -5.645e+04 2.374e+02 2.701e+02
s>                ( - -4.895e+04 1 0)
s>                ( - -7.265e+03 1 0))
s>            ( - -2.283e+04 1 0))
s>        ( QUESTION11 1 -8.181e+04 5.114e+02 4.011e+02
s>            ( - -3.486e+04 1 0)
s>            ( SILENCE -1 -4.644e+04 4.464e+02 2.267e+02
s>                ( - -4.327e+03 1 0)
s>                ( QUESTION0_1_R 1 -4.166e+04 4.269e+02 2.037e+02
s>                    ( - -2.558e+04 1 0)
s>                    ( - -1.566e+04 1 0)))))INFO: dtree.c(1439): stop. leaf nodes are specific
INFO: dtree.c(1478): Final simple tree
|( QUESTION0_1_R 1 -8.127e+04 1.647e+02 3.953e+02
|    ( - -5.523e+02 1 0)
|    ( - -8.055e+04 1 0))
s>    ( QUESTION0_1_R 1 -8.127e+04 1.647e+02 3.953e+02
s>        ( - -5.523e+02 1 0)
s>        ( - -8.055e+04 1 0))INFO: dtree.c(1315): Comp split 23
INFO: dtree.c(1439): stop. leaf nodes are specific
INFO: dtree.c(1478): Final simple tree
|( QUESTION0_1_R 1 -1.238e+05 6.470e+02 5.391e+02
|    ( - -6.991e+04 2 0)
|    ( QUESTION0_3_R 1 -5.325e+04 1.648e+02 2.308e+02
|        ( - -4.801e+04 2 0)
|        ( - -5.071e+03 1 0)))
s>    ( QUESTION0_1_R 1 -1.238e+05 6.470e+02 5.391e+02
s>        ( - -6.991e+04 2 0)
s>        ( QUESTION0_3_R 1 -5.325e+04 1.648e+02 2.308e+02
s>            ( - -4.801e+04 2 0)
s>            ( - -5.071e+03 1 0)))INFO: dtree.c(1439): stop. leaf nodes are specific
INFO: dtree.c(1478): Final simple tree
|( QUESTION0_2_R 1 -1.147e+05 5.086e+02 5.165e+02
|    ( - -8.151e+04 1 0)
|    ( QUESTION0_0_R 1 -3.265e+04 2.298e+02 1.454e+02
|        ( - -1.253e+04 2 0)
|        ( - -1.989e+04 1 0)))
s>    ( QUESTION0_2_R 1 -1.147e+05 5.086e+02 5.165e+02
s>        ( - -8.151e+04 1 0)
s>        ( QUESTION0_0_R 1 -3.265e+04 2.298e+02 1.454e+02
s>            ( - -1.253e+04 2 0)
s>            ( - -1.989e+04 1 0)))INFO: dtree.c(1315): Comp split 24
INFO: dtree.c(1439): stop. leaf nodes are specific
INFO: dtree.c(1478): Final simple tree
|( QUESTION2_10_L -1 -7.528e+04 5.706e+02 3.260e+02
|    ( QUESTION0_11_R 1 -4.233e+04 4.143e+02 1.827e+02
|        ( - -1.930e+04 2 0)
|        ( QUESTION0_9_R 1 -2.262e+04 1.294e+02 9.842e+01
|            ( - -2.150e+04 4 0)
|            ( - -9.881e+02 1 0)))
|    ( - -3.238e+04 3 0))
s>    ( QUESTION2_10_L -1 -7.528e+04 5.706e+02 3.260e+02
s>        ( QUESTION0_11_R 1 -4.233e+04 4.143e+02 1.827e+02
s>            ( - -1.930e+04 2 0)
s>            ( QUESTION0_9_R 1 -2.262e+04 1.294e+02 9.842e+01
s>                ( - -2.150e+04 4 0)
s>                ( - -9.881e+02 1 0)))
s>        ( - -3.238e+04 3 0))INFO: dtree.c(1439): stop. leaf nodes are specific
INFO: dtree.c(1478): Final simple tree
|( QUESTION2_10_L -1 -1.594e+05 5.536e+02 7.039e+02
|    ( QUESTION0_14_R 1 -9.624e+04 3.975e+02 4.270e+02
|        ( - -7.637e+04 4 0)
|        ( - -1.948e+04 2 0))
|    ( - -6.257e+04 4 0))
s>    ( QUESTION2_10_L -1 -1.594e+05 5.536e+02 7.039e+02
s>        ( QUESTION0_14_R 1 -9.624e+04 3.975e+02 4.270e+02
s>            ( - -7.637e+04 4 0)
s>            ( - -1.948e+04 2 0))
s>        ( - -6.257e+04 4 0))INFO: dtree.c(1315): Comp split 25
INFO: dtree.c(1439): stop. leaf nodes are specific
INFO: dtree.c(1478): Final simple tree
|( QUESTION0_11_R 1 -1.851e+05 6.665e+02 8.860e+02
|    ( - -3.452e+04 1 0)
|    ( QUESTION0_13_R 1 -1.499e+05 3.891e+02 7.195e+02
|        ( - -1.391e+05 1 0)
|        ( QUESTION0_2_R 1 -1.044e+04 2.364e+02 4.913e+01
|            ( - -2.153e+03 1 0)
|            ( WDBNDRY_E 0 -8.053e+03 2.302e+02 3.813e+01
|                ( QUESTION10 1 -2.812e+03 2.445e+02 1.319e+01
|                    ( - -4.756e+02 1 0)
|                    ( - -2.092e+03 1 0))
|                ( QUESTION0_0_R 1 -5.011e+03 2.409e+02 2.493e+01
|                    ( - -9.574e+02 1 0)
|                    ( - -3.813e+03 1 0))))))
s>    ( QUESTION0_11_R 1 -1.851e+05 6.665e+02 8.860e+02
s>        ( - -3.452e+04 1 0)
s>        ( QUESTION0_13_R 1 -1.499e+05 3.891e+02 7.195e+02
s>            ( - -1.391e+05 1 0)
s>            ( QUESTION0_2_R 1 -1.044e+04 2.364e+02 4.913e+01
s>                ( - -2.153e+03 1 0)
s>                ( WDBNDRY_E 0 -8.053e+03 2.302e+02 3.813e+01
s>                    ( QUESTION10 1 -2.812e+03 2.445e+02 1.319e+01
s>                        ( - -4.756e+02 1 0)
s>                        ( - -2.092e+03 1 0))
s>                    ( QUESTION0_0_R 1 -5.011e+03 2.409e+02 2.493e+01
s>                        ( - -9.574e+02 1 0)
s>                        ( - -3.813e+03 1 0))))))INFO: dtree.c(1315): Comp split 26
INFO: dtree.c(1439): stop. leaf nodes are specific
INFO: dtree.c(1478): Final simple tree
|( QUESTION11 1 -8.181e+04 5.114e+02 4.011e+02
|    ( - -3.486e+04 1 0)
|    ( SILENCE -1 -4.644e+04 4.464e+02 2.267e+02
|        ( - -4.327e+03 1 0)
|        ( QUESTION0_1_R 1 -4.166e+04 4.269e+02 2.037e+02
|            ( - -2.558e+04 1 0)
|            ( - -1.566e+04 1 0))))
s>    ( QUESTION11 1 -8.181e+04 5.114e+02 4.011e+02
s>        ( - -3.486e+04 1 0)
s>        ( SILENCE -1 -4.644e+04 4.464e+02 2.267e+02
s>            ( - -4.327e+03 1 0)
s>            ( QUESTION0_1_R 1 -4.166e+04 4.269e+02 2.037e+02
s>                ( - -2.558e+04 1 0)
s>                ( - -1.566e+04 1 0))))INFO: dtree.c(1439): stop. leaf nodes are specific
INFO: dtree.c(1478): Final simple tree
|( WDBNDRY_B 0 -7.974e+04 4.516e+02 3.814e+02
|    ( QUESTION0_1_R 1 -5.645e+04 2.374e+02 2.701e+02
|        ( - -4.895e+04 1 0)
|        ( - -7.265e+03 1 0))
|    ( - -2.283e+04 1 0))
s>    ( WDBNDRY_B 0 -7.974e+04 4.516e+02 3.814e+02
s>        ( QUESTION0_1_R 1 -5.645e+04 2.374e+02 2.701e+02
s>            ( - -4.895e+04 1 0)
s>            ( - -7.265e+03 1 0))
s>        ( - -2.283e+04 1 0))INFO: dtree.c(1315): Comp split 27
INFO: dtree.c(1478): Final simple tree
|( WDBNDRY_B 0 -6.659e+04 1.011e+03 2.915e+02
|    ( SILENCE -1 -4.924e+04 4.471e+02 2.163e+02
|        ( - -2.936e+04 1 0)
|        ( QUESTION12 -1 -1.943e+04 1.856e+02 8.704e+01
|            ( - -6.071e+03 1 0)
|            ( - -1.317e+04 1 0)))
|    ( QUESTION2_10_L -1 -1.634e+04 4.315e+02 7.519e+01
|        ( - -3.042e+03 1 0)
|        ( QUESTION0_1_R 1 -1.286e+04 2.432e+02 6.122e+01
|            ( - -3.048e+02 1 0)
|            ( QUESTION0_4_R 1 -1.232e+04 2.172e+02 5.922e+01
|                ( - -1.940e+03 1 0)
|                ( QUESTION0_0_R 1 -1.016e+04 1.856e+02 4.922e+01
|                    ( - -3.916e+03 1 0)
|                    ( - -6.057e+03 1 0))))))
s>    ( WDBNDRY_B 0 -6.659e+04 1.011e+03 2.915e+02
s>        ( SILENCE -1 -4.924e+04 4.471e+02 2.163e+02
s>            ( - -2.936e+04 1 0)
s>            ( QUESTION12 -1 -1.943e+04 1.856e+02 8.704e+01
s>                ( - -6.071e+03 1 0)
s>                ( - -1.317e+04 1 0)))
s>        ( QUESTION2_10_L -1 -1.634e+04 4.315e+02 7.519e+01
s>            ( - -3.042e+03 1 0)
s>            ( QUESTION0_1_R 1 -1.286e+04 2.432e+02 6.122e+01
s>                ( - -3.048e+02 1 0)
s>                ( QUESTION0_4_R 1 -1.232e+04 2.172e+02 5.922e+01
s>                    ( - -1.940e+03 1 0)
s>                    ( QUESTION0_0_R 1 -1.016e+04 1.856e+02 4.922e+01
s>                        ( - -3.916e+03 1 0)
s>                        ( - -6.057e+03 1 0))))))INFO: dtree.c(1439): stop. leaf nodes are specific
INFO: dtree.c(1478): Final simple tree
|( SILENCE -1 -6.484e+04 5.039e+02 3.003e+02
|    ( - -3.233e+04 1 0)
|    ( QUESTION13 -1 -3.200e+04 2.908e+02 1.477e+02
|        ( WDBNDRY_B 0 -6.740e+03 2.177e+02 3.399e+01
|            ( - -5.402e+03 1 0)
|            ( - -1.121e+03 1 0))
|        ( QUESTION10 -1 -2.497e+04 1.389e+02 1.137e+02
|            ( - -2.412e+04 1 0)
|            ( - -7.134e+02 1 0))))
s>    ( SILENCE -1 -6.484e+04 5.039e+02 3.003e+02
s>        ( - -3.233e+04 1 0)
s>        ( QUESTION13 -1 -3.200e+04 2.908e+02 1.477e+02
s>            ( WDBNDRY_B 0 -6.740e+03 2.177e+02 3.399e+01
s>                ( - -5.402e+03 1 0)
s>                ( - -1.121e+03 1 0))
s>            ( QUESTION10 -1 -2.497e+04 1.389e+02 1.137e+02
s>                ( - -2.412e+04 1 0)
s>                ( - -7.134e+02 1 0))))INFO: dtree.c(1315): Comp split 28
INFO: dtree.c(1439): stop. leaf nodes are specific
INFO: dtree.c(1478): Final simple tree
|( QUESTION0_9_R 1 -5.449e+04 4.760e+02 2.484e+02
|    ( QUESTION10 -1 -3.023e+04 4.581e+02 1.415e+02
|        ( - -2.325e+04 1 0)
|        ( - -6.515e+03 1 0))
|    ( QUESTION0_14_R 1 -2.379e+04 2.595e+02 1.069e+02
|        ( - -6.304e+03 2 0)
|        ( QUESTION0_16_R 1 -1.723e+04 2.070e+02 7.804e+01
|            ( - -5.837e+03 1 0)
|            ( - -1.118e+04 1 0))))
s>    ( QUESTION0_9_R 1 -5.449e+04 4.760e+02 2.484e+02
s>        ( QUESTION10 -1 -3.023e+04 4.581e+02 1.415e+02
s>            ( - -2.325e+04 1 0)
s>            ( - -6.515e+03 1 0))
s>        ( QUESTION0_14_R 1 -2.379e+04 2.595e+02 1.069e+02
s>            ( - -6.304e+03 2 0)
s>            ( QUESTION0_16_R 1 -1.723e+04 2.070e+02 7.804e+01
s>                ( - -5.837e+03 1 0)
s>                ( - -1.118e+04 1 0))))INFO: dtree.c(1315): Comp split 29
INFO: dtree.c(1439): stop. leaf nodes are specific
INFO: dtree.c(1478): Final simple tree
|( SILENCE -1 -4.924e+04 4.471e+02 2.163e+02
|    ( - -2.936e+04 1 0)
|    ( QUESTION12 -1 -1.943e+04 1.856e+02 8.704e+01
|        ( - -6.071e+03 1 0)
|        ( - -1.317e+04 1 0)))
s>    ( SILENCE -1 -4.924e+04 4.471e+02 2.163e+02
s>        ( - -2.936e+04 1 0)
s>        ( QUESTION12 -1 -1.943e+04 1.856e+02 8.704e+01
s>            ( - -6.071e+03 1 0)
s>            ( - -1.317e+04 1 0)))INFO: dtree.c(1439): stop. leaf nodes are specific
INFO: dtree.c(1478): Final simple tree
|( QUESTION2_10_L -1 -1.634e+04 4.315e+02 7.519e+01
|    ( - -3.042e+03 1 0)
|    ( QUESTION0_1_R 1 -1.286e+04 2.432e+02 6.122e+01
|        ( - -3.048e+02 1 0)
|        ( QUESTION0_4_R 1 -1.232e+04 2.172e+02 5.922e+01
|            ( - -1.940e+03 1 0)
|            ( QUESTION0_0_R 1 -1.016e+04 1.856e+02 4.922e+01
|                ( - -3.916e+03 1 0)
|                ( - -6.057e+03 1 0)))))
s>    ( QUESTION2_10_L -1 -1.634e+04 4.315e+02 7.519e+01
s>        ( - -3.042e+03 1 0)
s>        ( QUESTION0_1_R 1 -1.286e+04 2.432e+02 6.122e+01
s>            ( - -3.048e+02 1 0)
s>            ( QUESTION0_4_R 1 -1.232e+04 2.172e+02 5.922e+01
s>                ( - -1.940e+03 1 0)
s>                ( QUESTION0_0_R 1 -1.016e+04 1.856e+02 4.922e+01
s>                    ( - -3.916e+03 1 0)
s>                    ( - -6.057e+03 1 0)))))INFO: dtree.c(1315): Comp split 30
INFO: dtree.c(1478): Final simple tree
|( QUESTION2_0_L -1 -8.994e+04 6.129e+02 3.999e+02
|    ( QUESTION0_14_R 1 -5.280e+04 2.921e+02 2.333e+02
|        ( - -3.355e+04 2 0)
|        ( QUESTION0_16_R 1 -1.896e+04 1.990e+02 8.436e+01
|            ( - -7.961e+03 1 0)
|            ( QUESTION14 1 -1.080e+04 1.822e+02 4.779e+01
|                ( - -2.340e+03 2 0)
|                ( QUESTION0_20_R 1 -8.275e+03 1.866e+02 3.679e+01
|                    ( QUESTION10 -1 -7.390e+02 4.417e+02 4.000e+00
|                        ( - -5.025e+02 1 0)
|                        ( - 2.052e+02 1 0))
|                    ( QUESTION0_9_R 1 -7.350e+03 1.232e+02 3.279e+01
|                        ( - -2.317e+03 1 0)
|                        ( - -4.910e+03 1 0))))))
|    ( - -3.653e+04 2 0))
s>    ( QUESTION2_0_L -1 -8.994e+04 6.129e+02 3.999e+02
s>        ( QUESTION0_14_R 1 -5.280e+04 2.921e+02 2.333e+02
s>            ( - -3.355e+04 2 0)
s>            ( QUESTION0_16_R 1 -1.896e+04 1.990e+02 8.436e+01
s>                ( - -7.961e+03 1 0)
s>                ( QUESTION14 1 -1.080e+04 1.822e+02 4.779e+01
s>                    ( - -2.340e+03 2 0)
s>                    ( QUESTION0_20_R 1 -8.275e+03 1.866e+02 3.679e+01
s>                        ( QUESTION10 -1 -7.390e+02 4.417e+02 4.000e+00
s>                            ( - -5.025e+02 1 0)
s>                            ( - 2.052e+02 1 0))
s>                        ( QUESTION0_9_R 1 -7.350e+03 1.232e+02 3.279e+01
s>                            ( - -2.317e+03 1 0)
s>                            ( - -4.910e+03 1 0))))))
s>        ( - -3.653e+04 2 0))INFO: dtree.c(1315): Comp split 31
INFO: dtree.c(1439): stop. leaf nodes are specific
INFO: dtree.c(1478): Final simple tree
|( QUESTION0_0_R 1 -2.030e+04 1.937e+02 9.572e+01
|    ( WDBNDRY_E 0 -1.002e+04 2.059e+02 4.667e+01
|        ( - -3.147e+03 1 0)
|        ( QUESTION0_3_R 1 -6.667e+03 1.357e+02 3.147e+01
|            ( - -9.439e+02 1 0)
|            ( QUESTION0_1_R 1 -5.587e+03 1.221e+02 2.647e+01
|                ( - -2.595e+03 1 0)
|                ( - -2.870e+03 1 0))))
|    ( - -1.008e+04 1 0))
s>    ( QUESTION0_0_R 1 -2.030e+04 1.937e+02 9.572e+01
s>        ( WDBNDRY_E 0 -1.002e+04 2.059e+02 4.667e+01
s>            ( - -3.147e+03 1 0)
s>            ( QUESTION0_3_R 1 -6.667e+03 1.357e+02 3.147e+01
s>                ( - -9.439e+02 1 0)
s>                ( QUESTION0_1_R 1 -5.587e+03 1.221e+02 2.647e+01
s>                    ( - -2.595e+03 1 0)
s>                    ( - -2.870e+03 1 0))))
s>        ( - -1.008e+04 1 0))INFO: dtree.c(1315): Comp split 32
INFO: dtree.c(1439): stop. leaf nodes are specific
INFO: dtree.c(1478): Final simple tree
|( QUESTION2 -1 -3.383e+04 3.375e+02 1.548e+02
|    ( - -7.307e+03 3 0)
|    ( QUESTION0_1_R 1 -2.618e+04 2.546e+02 1.202e+02
|        ( - -6.476e+03 1 0)
|        ( - -1.945e+04 1 0)))
s>    ( QUESTION2 -1 -3.383e+04 3.375e+02 1.548e+02
s>        ( - -7.307e+03 3 0)
s>        ( QUESTION0_1_R 1 -2.618e+04 2.546e+02 1.202e+02
s>            ( - -6.476e+03 1 0)
s>            ( - -1.945e+04 1 0)))INFO: dtree.c(1439): stop. leaf nodes are specific
INFO: dtree.c(1478): Final simple tree
|( QUESTION10 1 -2.779e+04 4.174e+02 1.246e+02
|    ( QUESTION0_1_R 1 -8.199e+03 1.585e+02 3.750e+01
|        ( QUESTION2_0_L -1 -6.593e+03 2.218e+02 3.050e+01
|            ( - -3.787e+03 1 0)
|            ( - -2.584e+03 1 0))
|        ( - -1.448e+03 1 0))
|    ( QUESTION0_1_R 1 -1.917e+04 2.213e+02 8.712e+01
|        ( - -1.489e+04 1 0)
|        ( - -4.066e+03 1 0)))
s>    ( QUESTION10 1 -2.779e+04 4.174e+02 1.246e+02
s>        ( QUESTION0_1_R 1 -8.199e+03 1.585e+02 3.750e+01
s>            ( QUESTION2_0_L -1 -6.593e+03 2.218e+02 3.050e+01
s>                ( - -3.787e+03 1 0)
s>                ( - -2.584e+03 1 0))
s>            ( - -1.448e+03 1 0))
s>        ( QUESTION0_1_R 1 -1.917e+04 2.213e+02 8.712e+01
s>            ( - -1.489e+04 1 0)
s>            ( - -4.066e+03 1 0)))INFO: dtree.c(1315): Comp split 33
INFO: dtree.c(1439): stop. leaf nodes are specific
INFO: dtree.c(1478): Final simple tree
|( QUESTION0_13_R 1 -1.467e+05 3.006e+02 7.055e+02
|    ( - -1.391e+05 1 0)
|    ( QUESTION10 1 -7.331e+03 2.471e+02 3.513e+01
|        ( - -9.574e+02 1 0)
|        ( WDBNDRY_E 0 -6.126e+03 2.212e+02 2.913e+01
|            ( - -2.092e+03 1 0)
|            ( - -3.813e+03 1 0))))
s>    ( QUESTION0_13_R 1 -1.467e+05 3.006e+02 7.055e+02
s>        ( - -1.391e+05 1 0)
s>        ( QUESTION10 1 -7.331e+03 2.471e+02 3.513e+01
s>            ( - -9.574e+02 1 0)
s>            ( WDBNDRY_E 0 -6.126e+03 2.212e+02 2.913e+01
s>                ( - -2.092e+03 1 0)
s>                ( - -3.813e+03 1 0))))INFO: dtree.c(1439): stop. leaf nodes are specific
INFO: dtree.c(1478): Final simple tree
|( QUESTION0_0_R 1 -3.769e+04 3.152e+02 1.804e+02
|    ( WDBNDRY_E 0 -2.852e+03 2.232e+02 1.400e+01
|        ( - -4.756e+02 1 0)
|        ( - -2.153e+03 1 0))
|    ( - -3.452e+04 1 0))
s>    ( QUESTION0_0_R 1 -3.769e+04 3.152e+02 1.804e+02
s>        ( WDBNDRY_E 0 -2.852e+03 2.232e+02 1.400e+01
s>            ( - -4.756e+02 1 0)
s>            ( - -2.153e+03 1 0))
s>        ( - -3.452e+04 1 0))INFO: dtree.c(1315): Comp split 34
INFO: dtree.c(1439): stop. leaf nodes are specific
INFO: dtree.c(1478): Final simple tree
|( QUESTION0_3_R 1 -5.325e+04 1.648e+02 2.308e+02
|    ( - -4.801e+04 2 0)
|    ( - -5.071e+03 1 0))
s>    ( QUESTION0_3_R 1 -5.325e+04 1.648e+02 2.308e+02
s>        ( - -4.801e+04 2 0)
s>        ( - -5.071e+03 1 0))INFO: dtree.c(1315): Comp split 35
INFO: dtree.c(1439): stop. leaf nodes are specific
INFO: dtree.c(1478): Final simple tree
|( QUESTION2_0_L -1 -4.000e+04 2.418e+02 1.816e+02
|    ( QUESTION10 -1 -3.223e+03 1.458e+02 1.500e+01
|        ( - -5.025e+02 1 0)
|        ( QUESTION0_9_R 1 -2.575e+03 4.401e+02 1.200e+01
|            ( - -2.340e+03 2 0)
|            ( - 2.052e+02 1 0)))
|    ( - -3.653e+04 2 0))
s>    ( QUESTION2_0_L -1 -4.000e+04 2.418e+02 1.816e+02
s>        ( QUESTION10 -1 -3.223e+03 1.458e+02 1.500e+01
s>            ( - -5.025e+02 1 0)
s>            ( QUESTION0_9_R 1 -2.575e+03 4.401e+02 1.200e+01
s>                ( - -2.340e+03 2 0)
s>                ( - 2.052e+02 1 0)))
s>        ( - -3.653e+04 2 0))INFO: dtree.c(1439): stop. leaf nodes are specific
INFO: dtree.c(1478): Final simple tree
|( QUESTION0_14_R 1 -4.931e+04 2.630e+02 2.183e+02
|    ( - -3.355e+04 2 0)
|    ( QUESTION0_16_R 1 -1.550e+04 1.881e+02 6.936e+01
|        ( - -7.961e+03 1 0)
|        ( QUESTION0_9_R 1 -7.350e+03 1.232e+02 3.279e+01
|            ( - -2.317e+03 1 0)
|            ( - -4.910e+03 1 0))))
s>    ( QUESTION0_14_R 1 -4.931e+04 2.630e+02 2.183e+02
s>        ( - -3.355e+04 2 0)
s>        ( QUESTION0_16_R 1 -1.550e+04 1.881e+02 6.936e+01
s>            ( - -7.961e+03 1 0)
s>            ( QUESTION0_9_R 1 -7.350e+03 1.232e+02 3.279e+01
s>                ( - -2.317e+03 1 0)
s>                ( - -4.910e+03 1 0))))INFO: dtree.c(1315): Comp split 36
INFO: dtree.c(1439): stop. leaf nodes are specific
INFO: dtree.c(1478): Final simple tree
|( QUESTION0_9_R 1 -5.825e+04 3.015e+02 2.787e+02
|    ( - -3.504e+03 1 0)
|    ( - -5.444e+04 2 0))
s>    ( QUESTION0_9_R 1 -5.825e+04 3.015e+02 2.787e+02
s>        ( - -3.504e+03 1 0)
s>        ( - -5.444e+04 2 0))INFO: dtree.c(1439): stop. leaf nodes are specific
INFO: dtree.c(1478): Final simple tree
|( WDBNDRY_B 0 -5.722e+04 5.497e+02 2.769e+02
|    ( - -2.290e+04 2 0)
|    ( QUESTION0_14_R 1 -3.377e+04 3.644e+02 1.650e+02
|        ( - -5.570e+03 1 0)
|        ( QUESTION0_9_R 1 -2.784e+04 2.306e+02 1.350e+02
|            ( - -1.148e+04 1 0)
|            ( - -1.613e+04 1 0))))
s>    ( WDBNDRY_B 0 -5.722e+04 5.497e+02 2.769e+02
s>        ( - -2.290e+04 2 0)
s>        ( QUESTION0_14_R 1 -3.377e+04 3.644e+02 1.650e+02
s>            ( - -5.570e+03 1 0)
s>            ( QUESTION0_9_R 1 -2.784e+04 2.306e+02 1.350e+02
s>                ( - -1.148e+04 1 0)
s>                ( - -1.613e+04 1 0))))INFO: dtree.c(1315): Comp split 37
INFO: dtree.c(1439): stop. leaf nodes are specific
INFO: dtree.c(1478): Final simple tree
|( QUESTION0_14_R 1 -1.154e+04 2.707e+02 5.539e+01
|    ( - -7.498e+02 1 0)
|    ( - -1.052e+04 1 0))
s>    ( QUESTION0_14_R 1 -1.154e+04 2.707e+02 5.539e+01
s>        ( - -7.498e+02 1 0)
s>        ( - -1.052e+04 1 0))INFO: dtree.c(1315): Comp split 38
INFO: dtree.c(1439): stop. leaf nodes are specific
INFO: dtree.c(1478): Final simple tree
|( QUESTION0_11_R 1 -4.233e+04 4.143e+02 1.827e+02
|    ( - -1.930e+04 2 0)
|    ( QUESTION0_9_R 1 -2.262e+04 1.294e+02 9.842e+01
|        ( - -2.150e+04 4 0)
|        ( - -9.881e+02 1 0)))
s>    ( QUESTION0_11_R 1 -4.233e+04 4.143e+02 1.827e+02
s>        ( - -1.930e+04 2 0)
s>        ( QUESTION0_9_R 1 -2.262e+04 1.294e+02 9.842e+01
s>            ( - -2.150e+04 4 0)
s>            ( - -9.881e+02 1 0)))INFO: dtree.c(1315): Comp split 39
INFO: dtree.c(1439): stop. leaf nodes are specific
INFO: dtree.c(1478): Final simple tree
|( QUESTION0_14_R 1 -9.624e+04 3.975e+02 4.270e+02
|    ( - -7.637e+04 4 0)
|    ( - -1.948e+04 2 0))
s>    ( QUESTION0_14_R 1 -9.624e+04 3.975e+02 4.270e+02
s>        ( - -7.637e+04 4 0)
s>        ( - -1.948e+04 2 0))INFO: dtree.c(1315): Comp split 40
INFO: dtree.c(1439): stop. leaf nodes are specific
INFO: dtree.c(1478): Final simple tree
|( QUESTION0_14_R 1 -3.377e+04 3.644e+02 1.650e+02
|    ( - -5.570e+03 1 0)
|    ( QUESTION0_9_R 1 -2.784e+04 2.306e+02 1.350e+02
|        ( - -1.148e+04 1 0)
|        ( - -1.613e+04 1 0)))
s>    ( QUESTION0_14_R 1 -3.377e+04 3.644e+02 1.650e+02
s>        ( - -5.570e+03 1 0)
s>        ( QUESTION0_9_R 1 -2.784e+04 2.306e+02 1.350e+02
s>            ( - -1.148e+04 1 0)
s>            ( - -1.613e+04 1 0)))INFO: dtree.c(1315): Comp split 41
INFO: dtree.c(1439): stop. leaf nodes are specific
INFO: dtree.c(1478): Final simple tree
|( WDBNDRY_B 0 -2.539e+04 1.561e+02 1.157e+02
|    ( - -2.412e+04 1 0)
|    ( - -1.121e+03 1 0))
s>    ( WDBNDRY_B 0 -2.539e+04 1.561e+02 1.157e+02
s>        ( - -2.412e+04 1 0)
s>        ( - -1.121e+03 1 0))INFO: dtree.c(1439): stop. leaf nodes are specific
INFO: dtree.c(1478): Final simple tree
|( QUESTION13 -1 -3.893e+04 3.438e+02 1.846e+02
|    ( - -5.402e+03 1 0)
|    ( WDBNDRY_B 0 -3.318e+04 1.381e+02 1.566e+02
|        ( - -7.134e+02 1 0)
|        ( - -3.233e+04 1 0)))
s>    ( QUESTION13 -1 -3.893e+04 3.438e+02 1.846e+02
s>        ( - -5.402e+03 1 0)
s>        ( WDBNDRY_B 0 -3.318e+04 1.381e+02 1.566e+02
s>            ( - -7.134e+02 1 0)
s>            ( - -3.233e+04 1 0)))INFO: dtree.c(1315): Comp split 42
INFO: dtree.c(1439): stop. leaf nodes are specific
INFO: dtree.c(1478): Final simple tree
|( QUESTION0_9_R 1 -4.747e+04 4.212e+02 2.150e+02
|    ( - -2.325e+04 1 0)
|    ( QUESTION0_14_R 1 -2.379e+04 2.595e+02 1.069e+02
|        ( - -6.304e+03 2 0)
|        ( QUESTION0_16_R 1 -1.723e+04 2.070e+02 7.804e+01
|            ( - -5.837e+03 1 0)
|            ( - -1.118e+04 1 0))))
s>    ( QUESTION0_9_R 1 -4.747e+04 4.212e+02 2.150e+02
s>        ( - -2.325e+04 1 0)
s>        ( QUESTION0_14_R 1 -2.379e+04 2.595e+02 1.069e+02
s>            ( - -6.304e+03 2 0)
s>            ( QUESTION0_16_R 1 -1.723e+04 2.070e+02 7.804e+01
s>                ( - -5.837e+03 1 0)
s>                ( - -1.118e+04 1 0))))INFO: dtree.c(1315): Comp split 43
INFO: dtree.c(1439): stop. leaf nodes are specific
INFO: dtree.c(1478): Final simple tree
|( SILENCE -1 -4.644e+04 4.464e+02 2.267e+02
|    ( - -4.327e+03 1 0)
|    ( QUESTION0_1_R 1 -4.166e+04 4.269e+02 2.037e+02
|        ( - -2.558e+04 1 0)
|        ( - -1.566e+04 1 0)))
s>    ( SILENCE -1 -4.644e+04 4.464e+02 2.267e+02
s>        ( - -4.327e+03 1 0)
s>        ( QUESTION0_1_R 1 -4.166e+04 4.269e+02 2.037e+02
s>            ( - -2.558e+04 1 0)
s>            ( - -1.566e+04 1 0)))INFO: dtree.c(1315): Comp split 44
INFO: dtree.c(1439): stop. leaf nodes are specific
INFO: dtree.c(1478): Final simple tree
|( QUESTION0_0_R 1 -3.265e+04 2.298e+02 1.454e+02
|    ( - -1.253e+04 2 0)
|    ( - -1.989e+04 1 0))
s>    ( QUESTION0_0_R 1 -3.265e+04 2.298e+02 1.454e+02
s>        ( - -1.253e+04 2 0)
s>        ( - -1.989e+04 1 0))INFO: dtree.c(1315): Comp split 45
INFO: dtree.c(1439): stop. leaf nodes are specific
INFO: dtree.c(1478): Final simple tree
|( QUESTION0_16_R 1 -1.661e+04 1.395e+02 7.605e+01
|    ( - -1.505e+04 1 0)
|    ( - -1.421e+03 1 0))
s>    ( QUESTION0_16_R 1 -1.661e+04 1.395e+02 7.605e+01
s>        ( - -1.505e+04 1 0)
s>        ( - -1.421e+03 1 0))INFO: dtree.c(1315): Comp split 46
INFO: dtree.c(1439): stop. leaf nodes are specific
INFO: dtree.c(1478): Final simple tree
|( QUESTION2_13_L -1 -2.328e+05 4.484e+02 1.092e+03
|    ( WDBNDRY_B 0 -4.275e+03 1.572e+02 2.203e+01
|        ( - -2.346e+03 1 0)
|        ( - -1.772e+03 1 0))
|    ( - -2.281e+05 1 0))
s>    ( QUESTION2_13_L -1 -2.328e+05 4.484e+02 1.092e+03
s>        ( WDBNDRY_B 0 -4.275e+03 1.572e+02 2.203e+01
s>            ( - -2.346e+03 1 0)
s>            ( - -1.772e+03 1 0))
s>        ( - -2.281e+05 1 0))INFO: dtree.c(1315): Comp split 47
INFO: dtree.c(1439): stop. leaf nodes are specific
INFO: dtree.c(1478): Final simple tree
|( QUESTION0_10_R 1 -2.114e+05 2.233e+02 9.300e+02
|    ( - -2.042e+05 2 0)
|    ( QUESTION0_9_R 1 -6.955e+03 1.263e+02 3.100e+01
|        ( - -3.799e+03 1 0)
|        ( - -3.029e+03 1 0)))
s>    ( QUESTION0_10_R 1 -2.114e+05 2.233e+02 9.300e+02
s>        ( - -2.042e+05 2 0)
s>        ( QUESTION0_9_R 1 -6.955e+03 1.263e+02 3.100e+01
s>            ( - -3.799e+03 1 0)
s>            ( - -3.029e+03 1 0)))INFO: dtree.c(1315): Comp split 48
INFO: dtree.c(1439): stop. leaf nodes are specific
INFO: dtree.c(1478): Final simple tree
|( QUESTION0_1_R 1 -5.645e+04 2.374e+02 2.701e+02
|    ( - -4.895e+04 1 0)
|    ( - -7.265e+03 1 0))
s>    ( QUESTION0_1_R 1 -5.645e+04 2.374e+02 2.701e+02
s>        ( - -4.895e+04 1 0)
s>        ( - -7.265e+03 1 0))INFO: dtree.c(1315): Comp split 49
INFO: dtree.c(1439): stop. leaf nodes are specific
INFO: dtree.c(1478): Final simple tree
|( WDBNDRY_B 0 -4.275e+03 1.572e+02 2.203e+01
|    ( - -2.346e+03 1 0)
|    ( - -1.772e+03 1 0))
s>    ( WDBNDRY_B 0 -4.275e+03 1.572e+02 2.203e+01
s>        ( - -2.346e+03 1 0)
s>        ( - -1.772e+03 1 0))INFO: dtree.c(1315): Comp split 50
INFO: dtree.c(1439): stop. leaf nodes are specific
INFO: dtree.c(1478): Final simple tree
|( QUESTION2_0_L -1 -3.975e+04 2.295e+02 1.806e+02
|    ( QUESTION0_9_R 1 -2.992e+03 1.501e+02 1.400e+01
|        ( - -2.340e+03 2 0)
|        ( - -5.025e+02 1 0))
|    ( - -3.653e+04 2 0))
s>    ( QUESTION2_0_L -1 -3.975e+04 2.295e+02 1.806e+02
s>        ( QUESTION0_9_R 1 -2.992e+03 1.501e+02 1.400e+01
s>            ( - -2.340e+03 2 0)
s>            ( - -5.025e+02 1 0))
s>        ( - -3.653e+04 2 0))INFO: dtree.c(1315): Comp split 51
INFO: dtree.c(1439): stop. leaf nodes are specific
INFO: dtree.c(1478): Final simple tree
|( QUESTION12 -1 -1.943e+04 1.856e+02 8.704e+01
|    ( - -6.071e+03 1 0)
|    ( - -1.317e+04 1 0))
s>    ( QUESTION12 -1 -1.943e+04 1.856e+02 8.704e+01
s>        ( - -6.071e+03 1 0)
s>        ( - -1.317e+04 1 0))INFO: dtree.c(1315): Comp split 52
INFO: dtree.c(1439): stop. leaf nodes are specific
INFO: dtree.c(1478): Final simple tree
|( QUESTION0_1_R 1 -4.166e+04 4.269e+02 2.037e+02
|    ( - -2.558e+04 1 0)
|    ( - -1.566e+04 1 0))
s>    ( QUESTION0_1_R 1 -4.166e+04 4.269e+02 2.037e+02
s>        ( - -2.558e+04 1 0)
s>        ( - -1.566e+04 1 0))INFO: dtree.c(1315): Comp split 53
INFO: dtree.c(1439): stop. leaf nodes are specific
INFO: dtree.c(1478): Final simple tree
|( QUESTION0_1_R 1 -1.286e+04 2.432e+02 6.122e+01
|    ( - -3.048e+02 1 0)
|    ( QUESTION0_4_R 1 -1.232e+04 2.172e+02 5.922e+01
|        ( - -1.940e+03 1 0)
|        ( QUESTION0_0_R 1 -1.016e+04 1.856e+02 4.922e+01
|            ( - -3.916e+03 1 0)
|            ( - -6.057e+03 1 0))))
s>    ( QUESTION0_1_R 1 -1.286e+04 2.432e+02 6.122e+01
s>        ( - -3.048e+02 1 0)
s>        ( QUESTION0_4_R 1 -1.232e+04 2.172e+02 5.922e+01
s>            ( - -1.940e+03 1 0)
s>            ( QUESTION0_0_R 1 -1.016e+04 1.856e+02 4.922e+01
s>                ( - -3.916e+03 1 0)
s>                ( - -6.057e+03 1 0))))INFO: dtree.c(1315): Comp split 54
INFO: dtree.c(1315): Comp split 55
INFO: dtree.c(1439): stop. leaf nodes are specific
INFO: dtree.c(1478): Final simple tree
|( QUESTION0_14_R 1 -2.379e+04 2.595e+02 1.069e+02
|    ( - -6.304e+03 2 0)
|    ( QUESTION0_16_R 1 -1.723e+04 2.070e+02 7.804e+01
|        ( - -5.837e+03 1 0)
|        ( - -1.118e+04 1 0)))
s>    ( QUESTION0_14_R 1 -2.379e+04 2.595e+02 1.069e+02
s>        ( - -6.304e+03 2 0)
s>        ( QUESTION0_16_R 1 -1.723e+04 2.070e+02 7.804e+01
s>            ( - -5.837e+03 1 0)
s>            ( - -1.118e+04 1 0)))INFO: dtree.c(1315): Comp split 56
INFO: dtree.c(1439): stop. leaf nodes are specific
INFO: dtree.c(1478): Final simple tree
|( QUESTION0_1_R 1 -8.199e+03 1.585e+02 3.750e+01
|    ( QUESTION2_0_L -1 -6.593e+03 2.218e+02 3.050e+01
|        ( - -3.787e+03 1 0)
|        ( - -2.584e+03 1 0))
|    ( - -1.448e+03 1 0))
s>    ( QUESTION0_1_R 1 -8.199e+03 1.585e+02 3.750e+01
s>        ( QUESTION2_0_L -1 -6.593e+03 2.218e+02 3.050e+01
s>            ( - -3.787e+03 1 0)
s>            ( - -2.584e+03 1 0))
s>        ( - -1.448e+03 1 0))INFO: dtree.c(1439): stop. leaf nodes are specific
INFO: dtree.c(1478): Final simple tree
|( QUESTION0_1_R 1 -1.917e+04 2.213e+02 8.712e+01
|    ( - -1.489e+04 1 0)
|    ( - -4.066e+03 1 0))
s>    ( QUESTION0_1_R 1 -1.917e+04 2.213e+02 8.712e+01
s>        ( - -1.489e+04 1 0)
s>        ( - -4.066e+03 1 0))INFO: dtree.c(1315): Comp split 57
INFO: dtree.c(1439): stop. leaf nodes are specific
INFO: dtree.c(1478): Final simple tree
|( QUESTION0_9_R 1 -2.262e+04 1.294e+02 9.842e+01
|    ( - -2.150e+04 4 0)
|    ( - -9.881e+02 1 0))
s>    ( QUESTION0_9_R 1 -2.262e+04 1.294e+02 9.842e+01
s>        ( - -2.150e+04 4 0)
s>        ( - -9.881e+02 1 0))INFO: dtree.c(1315): Comp split 58
INFO: dtree.c(1315): Comp split 59
INFO: dtree.c(1315): Comp split 60
INFO: dtree.c(1439): stop. leaf nodes are specific
INFO: dtree.c(1478): Final simple tree
|( QUESTION0_9_R 1 -2.784e+04 2.306e+02 1.350e+02
|    ( - -1.148e+04 1 0)
|    ( - -1.613e+04 1 0))
s>    ( QUESTION0_9_R 1 -2.784e+04 2.306e+02 1.350e+02
s>        ( - -1.148e+04 1 0)
s>        ( - -1.613e+04 1 0))INFO: dtree.c(1315): Comp split 61
INFO: dtree.c(1439): stop. leaf nodes are specific
INFO: dtree.c(1478): Final simple tree
|( WDBNDRY_B 0 -3.318e+04 1.381e+02 1.566e+02
|    ( - -7.134e+02 1 0)
|    ( - -3.233e+04 1 0))
s>    ( WDBNDRY_B 0 -3.318e+04 1.381e+02 1.566e+02
s>        ( - -7.134e+02 1 0)
s>        ( - -3.233e+04 1 0))INFO: dtree.c(1315): Comp split 62
INFO: dtree.c(1439): stop. leaf nodes are specific
INFO: dtree.c(1478): Final simple tree
|( QUESTION0_1_R 1 -2.618e+04 2.546e+02 1.202e+02
|    ( - -6.476e+03 1 0)
|    ( - -1.945e+04 1 0))
s>    ( QUESTION0_1_R 1 -2.618e+04 2.546e+02 1.202e+02
s>        ( - -6.476e+03 1 0)
s>        ( - -1.945e+04 1 0))INFO: dtree.c(1315): Comp split 63
INFO: dtree.c(1439): stop. leaf nodes are specific
INFO: dtree.c(1478): Final simple tree
|( WDBNDRY_E 0 -2.852e+03 2.232e+02 1.400e+01
|    ( - -4.756e+02 1 0)
|    ( - -2.153e+03 1 0))
s>    ( WDBNDRY_E 0 -2.852e+03 2.232e+02 1.400e+01
s>        ( - -4.756e+02 1 0)
s>        ( - -2.153e+03 1 0))INFO: dtree.c(1315): Comp split 64
INFO: dtree.c(1439): stop. leaf nodes are specific
INFO: dtree.c(1478): Final simple tree
|( QUESTION0_0_R 1 -5.011e+03 2.409e+02 2.493e+01
|    ( - -9.574e+02 1 0)
|    ( - -3.813e+03 1 0))
s>    ( QUESTION0_0_R 1 -5.011e+03 2.409e+02 2.493e+01
s>        ( - -9.574e+02 1 0)
s>        ( - -3.813e+03 1 0))INFO: dtree.c(1439): stop. leaf nodes are specific
INFO: dtree.c(1478): Final simple tree
|( WDBNDRY_E 0 -1.414e+05 2.157e+02 6.806e+02
|    ( - -2.092e+03 1 0)
|    ( - -1.391e+05 1 0))
s>    ( WDBNDRY_E 0 -1.414e+05 2.157e+02 6.806e+02
s>        ( - -2.092e+03 1 0)
s>        ( - -1.391e+05 1 0))INFO: dtree.c(1315): Comp split 65
INFO: dtree.c(1315): Comp split 66
INFO: dtree.c(1315): Comp split 67
INFO: dtree.c(1315): Comp split 68
INFO: dtree.c(1439): stop. leaf nodes are specific
INFO: dtree.c(1478): Final simple tree
|( QUESTION0_16_R 1 -1.550e+04 1.881e+02 6.936e+01
|    ( - -7.961e+03 1 0)
|    ( QUESTION0_9_R 1 -7.350e+03 1.232e+02 3.279e+01
|        ( - -2.317e+03 1 0)
|        ( - -4.910e+03 1 0)))
s>    ( QUESTION0_16_R 1 -1.550e+04 1.881e+02 6.936e+01
s>        ( - -7.961e+03 1 0)
s>        ( QUESTION0_9_R 1 -7.350e+03 1.232e+02 3.279e+01
s>            ( - -2.317e+03 1 0)
s>            ( - -4.910e+03 1 0)))INFO: dtree.c(1315): Comp split 69
INFO: dtree.c(1439): stop. leaf nodes are specific
INFO: dtree.c(1478): Final simple tree
|( QUESTION0_16_R 1 -1.723e+04 2.070e+02 7.804e+01
|    ( - -5.837e+03 1 0)
|    ( - -1.118e+04 1 0))
s>    ( QUESTION0_16_R 1 -1.723e+04 2.070e+02 7.804e+01
s>        ( - -5.837e+03 1 0)
s>        ( - -1.118e+04 1 0))INFO: dtree.c(1315): Comp split 70
INFO: dtree.c(1315): Comp split 71
INFO: dtree.c(1315): Comp split 72
INFO: dtree.c(1439): stop. leaf nodes are specific
INFO: dtree.c(1478): Final simple tree
|( QUESTION0_4_R 1 -1.232e+04 2.172e+02 5.922e+01
|    ( - -1.940e+03 1 0)
|    ( QUESTION0_0_R 1 -1.016e+04 1.856e+02 4.922e+01
|        ( - -3.916e+03 1 0)
|        ( - -6.057e+03 1 0)))
s>    ( QUESTION0_4_R 1 -1.232e+04 2.172e+02 5.922e+01
s>        ( - -1.940e+03 1 0)
s>        ( QUESTION0_0_R 1 -1.016e+04 1.856e+02 4.922e+01
s>            ( - -3.916e+03 1 0)
s>            ( - -6.057e+03 1 0)))INFO: dtree.c(1315): Comp split 73
INFO: dtree.c(1315): Comp split 74
INFO: dtree.c(1439): stop. leaf nodes are specific
INFO: dtree.c(1478): Final simple tree
|( QUESTION0_3_R 1 -6.667e+03 1.357e+02 3.147e+01
|    ( - -9.439e+02 1 0)
|    ( QUESTION0_1_R 1 -5.587e+03 1.221e+02 2.647e+01
|        ( - -2.595e+03 1 0)
|        ( - -2.870e+03 1 0)))
s>    ( QUESTION0_3_R 1 -6.667e+03 1.357e+02 3.147e+01
s>        ( - -9.439e+02 1 0)
s>        ( QUESTION0_1_R 1 -5.587e+03 1.221e+02 2.647e+01
s>            ( - -2.595e+03 1 0)
s>            ( - -2.870e+03 1 0)))INFO: dtree.c(1439): stop. leaf nodes are specific
INFO: dtree.c(1478): Final simple tree
|( WDBNDRY_E 0 -1.339e+04 1.591e+02 6.425e+01
|    ( - -3.147e+03 1 0)
|    ( - -1.008e+04 1 0))
s>    ( WDBNDRY_E 0 -1.339e+04 1.591e+02 6.425e+01
s>        ( - -3.147e+03 1 0)
s>        ( - -1.008e+04 1 0))INFO: dtree.c(1315): Comp split 75
INFO: dtree.c(1315): Comp split 76
INFO: dtree.c(1439): stop. leaf nodes are specific
INFO: dtree.c(1478): Final simple tree
|( QUESTION0_1_R 1 -5.378e+03 1.439e+02 2.450e+01
|    ( - -3.787e+03 1 0)
|    ( - -1.448e+03 1 0))
s>    ( QUESTION0_1_R 1 -5.378e+03 1.439e+02 2.450e+01
s>        ( - -3.787e+03 1 0)
s>        ( - -1.448e+03 1 0))INFO: dtree.c(1315): Comp split 77
INFO: dtree.c(1315): Comp split 78
INFO: dtree.c(1315): Comp split 79
INFO: dtree.c(1439): stop. leaf nodes are specific
INFO: dtree.c(1478): Final simple tree
|( QUESTION0_9_R 1 -2.992e+03 1.501e+02 1.400e+01
|    ( - -2.340e+03 2 0)
|    ( - -5.025e+02 1 0))
s>    ( QUESTION0_9_R 1 -2.992e+03 1.501e+02 1.400e+01
s>        ( - -2.340e+03 2 0)
s>        ( - -5.025e+02 1 0))INFO: dtree.c(1315): Comp split 80
INFO: dtree.c(1439): stop. leaf nodes are specific
INFO: dtree.c(1478): Final simple tree
|( QUESTION0_9_R 1 -6.955e+03 1.263e+02 3.100e+01
|    ( - -3.799e+03 1 0)
|    ( - -3.029e+03 1 0))
s>    ( QUESTION0_9_R 1 -6.955e+03 1.263e+02 3.100e+01
s>        ( - -3.799e+03 1 0)
s>        ( - -3.029e+03 1 0))INFO: dtree.c(1315): Comp split 81
INFO: dtree.c(1315): Comp split 82
INFO: dtree.c(1315): Comp split 83
INFO: dtree.c(1439): stop. leaf nodes are specific
INFO: dtree.c(1478): Final simple tree
|( QUESTION0_0_R 1 -1.016e+04 1.856e+02 4.922e+01
|    ( - -3.916e+03 1 0)
|    ( - -6.057e+03 1 0))
s>    ( QUESTION0_0_R 1 -1.016e+04 1.856e+02 4.922e+01
s>        ( - -3.916e+03 1 0)
s>        ( - -6.057e+03 1 0))INFO: dtree.c(1315): Comp split 84
INFO: dtree.c(1315): Comp split 85
INFO: dtree.c(1315): Comp split 86
INFO: dtree.c(1439): stop. leaf nodes are specific
INFO: dtree.c(1478): Final simple tree
|( QUESTION0_9_R 1 -7.350e+03 1.232e+02 3.279e+01
|    ( - -2.317e+03 1 0)
|    ( - -4.910e+03 1 0))
s>    ( QUESTION0_9_R 1 -7.350e+03 1.232e+02 3.279e+01
s>        ( - -2.317e+03 1 0)
s>        ( - -4.910e+03 1 0))INFO: dtree.c(1315): Comp split 87
INFO: dtree.c(1315): Comp split 88
INFO: dtree.c(1315): Comp split 89
INFO: dtree.c(1315): Comp split 90
INFO: dtree.c(1315): Comp split 91
INFO: dtree.c(1315): Comp split 92
INFO: dtree.c(1315): Comp split 93
INFO: dtree.c(1315): Comp split 94
INFO: dtree.c(1315): Comp split 95
INFO: dtree.c(1315): Comp split 96
INFO: dtree.c(1315): Comp split 97
INFO: dtree.c(1315): Comp split 98
INFO: dtree.c(1439): stop. leaf nodes are specific
INFO: dtree.c(1478): Final simple tree
|( QUESTION0_1_R 1 -5.587e+03 1.221e+02 2.647e+01
|    ( - -2.595e+03 1 0)
|    ( - -2.870e+03 1 0))
s>    ( QUESTION0_1_R 1 -5.587e+03 1.221e+02 2.647e+01
s>        ( - -2.595e+03 1 0)
s>        ( - -2.870e+03 1 0))INFO: dtree.c(1315): Comp split 99
INFO: dtree.c(1315): Comp split 100
INFO: dtree.c(1315): Comp split 101
INFO: dtree.c(1315): Comp split 102
INFO: dtree.c(1315): Comp split 103
INFO: dtree.c(1318): stop. leaf nodes are specific
Fri Jan  6 22:27:02 2023
