Current configuration:
[NAME]		[DEFLT]	[VALUE]
-allphones	no	no
-cntthresh	0.00001	1.000000e-05
-csplitmax	100	2000
-csplitmin	1	1
-csplitthr	8e-4	0.000000e+00
-example	no	no
-fullvar	no	no
-help		no	no
-meanfn			/mnt/c/users/robin/onedrive/desktop/cmu/Cebuano/model_parameters/Cebuano.cd_cont_untied/means
-mixwfn			/mnt/c/users/robin/onedrive/desktop/cmu/Cebuano/model_parameters/Cebuano.cd_cont_untied/mixture_weights
-moddeffn		/mnt/c/users/robin/onedrive/desktop/cmu/Cebuano/model_architecture/Cebuano.untied.mdef
-mwfloor	1e-4	1.000000e-08
-phone			V
-psetfn			/mnt/c/users/robin/onedrive/desktop/cmu/Cebuano/model_architecture/Cebuano.tree_questions
-ssplitmax	5	7
-ssplitmin	1	1
-ssplitthr	8e-4	0.000000e+00
-state			2
-stwt			1.0,0.05,0.0,
-treefn			/mnt/c/users/robin/onedrive/desktop/cmu/Cebuano/trees/Cebuano.unpruned/V-2.dtree
-ts2cbfn	.semi.	.cont.
-varfloor	0.00001	1.000000e-05
-varfn			/mnt/c/users/robin/onedrive/desktop/cmu/Cebuano/model_parameters/Cebuano.cd_cont_untied/variances

INFO: main.c(223): Reading: /mnt/c/users/robin/onedrive/desktop/cmu/Cebuano/model_architecture/Cebuano.untied.mdef
INFO: model_def_io.c(573): Model definition info:
INFO: model_def_io.c(574): 7744 total models defined (40 base, 7704 tri)
INFO: model_def_io.c(575): 30976 total states
INFO: model_def_io.c(576): 23232 total tied states
INFO: model_def_io.c(577): 120 total tied CI states
INFO: model_def_io.c(578): 40 total tied transition matrices
INFO: model_def_io.c(579): 4 max state/model
INFO: model_def_io.c(580): 4 min state/model
INFO: main.c(242): Building trees for [V AA AA i] through [V Z IH b]
INFO: main.c(268): Covering states |[22173 22340]| == 168
INFO: main.c(275): Reading: /mnt/c/users/robin/onedrive/desktop/cmu/Cebuano/model_parameters/Cebuano.cd_cont_untied/mixture_weights
INFO: s3mixw_io.c(172): Read /mnt/c/users/robin/onedrive/desktop/cmu/Cebuano/model_parameters/Cebuano.cd_cont_untied/mixture_weights [168x1x1 array]
INFO: main.c(311): 56 of 56 models have observation count greater than 0.000010
INFO: main.c(95): nrm stwt: 0.000 0.048 0.952 
INFO: s3gau_io.c(168): Read /mnt/c/users/robin/onedrive/desktop/cmu/Cebuano/model_parameters/Cebuano.cd_cont_untied/means [23232x1x1 array]
INFO: s3gau_io.c(168): Read /mnt/c/users/robin/onedrive/desktop/cmu/Cebuano/model_parameters/Cebuano.cd_cont_untied/variances [23232x1x1 array]
INFO: main.c(549): Reading: /mnt/c/users/robin/onedrive/desktop/cmu/Cebuano/model_architecture/Cebuano.tree_questions
INFO: main.c(587): 180 total simple questions (172 phone; 8 word bndry)
INFO: main.c(589): 42 Left Only questions, and 42 Right Only questions
INFO: dtree.c(1478): Final simple tree
|( QUESTION0_11_R 1 -4.567e+05 1.109e+03 2.256e+03
|    ( - -8.393e+03 1 0)
|    ( QUESTION15 -1 -4.472e+05 1.032e+03 2.213e+03
|        ( QUESTION16 -1 -1.216e+05 6.627e+02 6.184e+02
|            ( - -4.164e+04 3 0 QUESTION0_9_R 1 2.915e+02 2.161e+02)
|            ( - -7.933e+04 3 0 WDBNDRY_E 0 5.093e+02 4.023e+02))
|        ( QUESTION2_14_L -1 -3.245e+05 7.392e+02 1.595e+03
|            ( - -8.689e+04 4 0 QUESTION0_2_R 1 5.332e+02 4.368e+02)
|            ( QUESTION1 1 -2.369e+05 7.663e+02 1.158e+03
|                ( QUESTION0_9_R 1 -1.366e+05 7.006e+02 6.824e+02
|                    ( - -3.539e+04 8 0 QUESTION10 -1 4.068e+02 1.739e+02)
|                    ( QUESTION10 -1 -1.005e+05 6.050e+02 5.085e+02
|                        ( - -2.494e+04 1 0)
|                        ( - -7.497e+04 14 0 WDBNDRY_E 0 6.270e+02 3.735e+02)))
|                ( - -9.954e+04 22 0 QUESTION2_19_L -1 5.488e+02 4.755e+02)))))
s>    ( QUESTION0_11_R 1 -4.567e+05 1.109e+03 2.256e+03
s>        ( - -8.393e+03 1 0)
s>        ( QUESTION15 -1 -4.472e+05 1.032e+03 2.213e+03
s>            ( QUESTION16 -1 -1.216e+05 6.627e+02 6.184e+02
s>                ( - -4.164e+04 3 0 QUESTION0_9_R 1 2.915e+02 2.161e+02)
s>                ( - -7.933e+04 3 0 WDBNDRY_E 0 5.093e+02 4.023e+02))
s>            ( QUESTION2_14_L -1 -3.245e+05 7.392e+02 1.595e+03
s>                ( - -8.689e+04 4 0 QUESTION0_2_R 1 5.332e+02 4.368e+02)
s>                ( QUESTION1 1 -2.369e+05 7.663e+02 1.158e+03
s>                    ( QUESTION0_9_R 1 -1.366e+05 7.006e+02 6.824e+02
s>                        ( - -3.539e+04 8 0 QUESTION10 -1 4.068e+02 1.739e+02)
s>                        ( QUESTION10 -1 -1.005e+05 6.050e+02 5.085e+02
s>                            ( - -2.494e+04 1 0)
s>                            ( - -7.497e+04 14 0 WDBNDRY_E 0 6.270e+02 3.735e+02)))
s>                    ( - -9.954e+04 22 0 QUESTION2_19_L -1 5.488e+02 4.755e+02)))))INFO: dtree.c(1315): Comp split 0
INFO: dtree.c(1478): Final simple tree
|( QUESTION0_14_R 1 -3.101e+05 8.101e+02 1.564e+03
|    ( QUESTION16 -1 -1.825e+05 5.268e+02 9.274e+02
|        ( - -4.035e+04 2 0)
|        ( QUESTION14 -1 -1.416e+05 4.712e+02 7.163e+02
|            ( - -6.265e+04 2 0)
|            ( - -7.852e+04 1 0)))
|    ( QUESTION11 -1 -1.268e+05 6.600e+02 6.364e+02
|        ( QUESTION12 1 -5.652e+04 6.394e+02 2.765e+02
|            ( - -2.057e+04 1 0)
|            ( QUESTION0_3_R 1 -3.531e+04 4.932e+02 1.697e+02
|                ( - 2.409e+02 1 0)
|                ( - -3.506e+04 9 0 QUESTION2_14_L -1 3.111e+02 1.687e+02)))
|        ( WDBNDRY_I 0 -6.960e+04 5.894e+02 3.599e+02
|            ( - -3.672e+03 2 0 QUESTION14 1 2.847e+02 1.693e+01)
|            ( - -6.534e+04 7 0 QUESTION15 1 4.205e+02 3.430e+02))))
s>    ( QUESTION0_14_R 1 -3.101e+05 8.101e+02 1.564e+03
s>        ( QUESTION16 -1 -1.825e+05 5.268e+02 9.274e+02
s>            ( - -4.035e+04 2 0)
s>            ( QUESTION14 -1 -1.416e+05 4.712e+02 7.163e+02
s>                ( - -6.265e+04 2 0)
s>                ( - -7.852e+04 1 0)))
s>        ( QUESTION11 -1 -1.268e+05 6.600e+02 6.364e+02
s>            ( QUESTION12 1 -5.652e+04 6.394e+02 2.765e+02
s>                ( - -2.057e+04 1 0)
s>                ( QUESTION0_3_R 1 -3.531e+04 4.932e+02 1.697e+02
s>                    ( - 2.409e+02 1 0)
s>                    ( - -3.506e+04 9 0 QUESTION2_14_L -1 3.111e+02 1.687e+02)))
s>            ( WDBNDRY_I 0 -6.960e+04 5.894e+02 3.599e+02
s>                ( - -3.672e+03 2 0 QUESTION14 1 2.847e+02 1.693e+01)
s>                ( - -6.534e+04 7 0 QUESTION15 1 4.205e+02 3.430e+02))))INFO: dtree.c(1478): Final simple tree
|( QUESTION0_11_R 1 -1.449e+05 9.473e+02 6.917e+02
|    ( - -8.393e+03 1 0)
|    ( QUESTION0_9_R 1 -1.355e+05 5.807e+02 6.494e+02
|        ( QUESTION10 -1 -3.539e+04 4.068e+02 1.739e+02
|            ( - -1.068e+04 1 0)
|            ( - -2.430e+04 7 0 QUESTION2_13_L -1 4.961e+02 1.179e+02))
|        ( QUESTION2_19_L -1 -9.954e+04 5.488e+02 4.755e+02
|            ( QUESTION0_15_R 1 -8.136e+04 4.504e+02 3.938e+02
|                ( - 1.972e+02 1 0)
|                ( WDBNDRY_E 0 -8.111e+04 4.144e+02 3.928e+02
|                    ( - -9.864e+03 2 0 SILENCE 1 2.419e+02 5.025e+01)
|                    ( - -7.083e+04 8 0 WDBNDRY_B 0 2.713e+02 3.425e+02)))
|            ( QUESTION2_18_L -1 -1.763e+04 4.474e+02 8.175e+01
|                ( - 2.096e+02 1 0)
|                ( - -1.739e+04 10 0 QUESTION0_14_R 1 3.519e+02 8.075e+01)))))
s>    ( QUESTION0_11_R 1 -1.449e+05 9.473e+02 6.917e+02
s>        ( - -8.393e+03 1 0)
s>        ( QUESTION0_9_R 1 -1.355e+05 5.807e+02 6.494e+02
s>            ( QUESTION10 -1 -3.539e+04 4.068e+02 1.739e+02
s>                ( - -1.068e+04 1 0)
s>                ( - -2.430e+04 7 0 QUESTION2_13_L -1 4.961e+02 1.179e+02))
s>            ( QUESTION2_19_L -1 -9.954e+04 5.488e+02 4.755e+02
s>                ( QUESTION0_15_R 1 -8.136e+04 4.504e+02 3.938e+02
s>                    ( - 1.972e+02 1 0)
s>                    ( WDBNDRY_E 0 -8.111e+04 4.144e+02 3.928e+02
s>                        ( - -9.864e+03 2 0 SILENCE 1 2.419e+02 5.025e+01)
s>                        ( - -7.083e+04 8 0 WDBNDRY_B 0 2.713e+02 3.425e+02)))
s>                ( QUESTION2_18_L -1 -1.763e+04 4.474e+02 8.175e+01
s>                    ( - 2.096e+02 1 0)
s>                    ( - -1.739e+04 10 0 QUESTION0_14_R 1 3.519e+02 8.075e+01)))))INFO: dtree.c(1315): Comp split 1
INFO: dtree.c(1478): Final simple tree
|( QUESTION0_3_R 1 -3.921e+04 4.926e+02 1.866e+02
|    ( - 2.409e+02 1 0)
|    ( QUESTION2_0_L -1 -3.895e+04 3.232e+02 1.856e+02
|        ( QUESTION2_15_L -1 -2.129e+04 3.157e+02 1.012e+02
|            ( WDBNDRY_E 0 -1.450e+04 2.259e+02 7.122e+01
|                ( QUESTION0_1_R 1 -1.343e+04 1.807e+02 6.700e+01
|                    ( - -2.527e+03 2 0)
|                    ( - -1.072e+04 2 0 QUESTION0_0_R 1 1.717e+02 5.500e+01))
|                ( - -8.397e+02 1 0))
|            ( QUESTION0 -1 -6.474e+03 1.730e+02 2.997e+01
|                ( - -3.101e+03 1 0)
|                ( - -3.200e+03 2 0 WDBNDRY_E 0 1.545e+02 1.504e+01)))
|        ( QUESTION0 -1 -1.734e+04 2.477e+02 8.441e+01
|            ( - -2.857e+02 1 0)
|            ( - -1.681e+04 2 0 WDBNDRY_B 0 1.477e+02 8.241e+01))))
s>    ( QUESTION0_3_R 1 -3.921e+04 4.926e+02 1.866e+02
s>        ( - 2.409e+02 1 0)
s>        ( QUESTION2_0_L -1 -3.895e+04 3.232e+02 1.856e+02
s>            ( QUESTION2_15_L -1 -2.129e+04 3.157e+02 1.012e+02
s>                ( WDBNDRY_E 0 -1.450e+04 2.259e+02 7.122e+01
s>                    ( QUESTION0_1_R 1 -1.343e+04 1.807e+02 6.700e+01
s>                        ( - -2.527e+03 2 0)
s>                        ( - -1.072e+04 2 0 QUESTION0_0_R 1 1.717e+02 5.500e+01))
s>                    ( - -8.397e+02 1 0))
s>                ( QUESTION0 -1 -6.474e+03 1.730e+02 2.997e+01
s>                    ( - -3.101e+03 1 0)
s>                    ( - -3.200e+03 2 0 WDBNDRY_E 0 1.545e+02 1.504e+01)))
s>            ( QUESTION0 -1 -1.734e+04 2.477e+02 8.441e+01
s>                ( - -2.857e+02 1 0)
s>                ( - -1.681e+04 2 0 WDBNDRY_B 0 1.477e+02 8.241e+01))))INFO: dtree.c(1478): Final simple tree
|( QUESTION12 1 -2.695e+05 5.587e+02 1.377e+03
|    ( - -2.057e+04 1 0)
|    ( QUESTION16 -1 -2.484e+05 5.404e+02 1.270e+03
|        ( - -4.035e+04 2 0)
|        ( WDBNDRY_I 0 -2.075e+05 5.035e+02 1.059e+03
|            ( QUESTION14 -1 -1.416e+05 4.712e+02 7.163e+02
|                ( - -6.265e+04 2 0)
|                ( - -7.852e+04 1 0))
|            ( QUESTION15 1 -6.534e+04 4.205e+02 3.430e+02
|                ( - -9.345e+03 1 0)
|                ( QUESTION9 -1 -5.558e+04 3.557e+02 2.920e+02
|                    ( - -2.494e+04 1 0)
|                    ( QUESTION0_1_R 1 -3.028e+04 4.136e+02 1.570e+02
|                        ( - -2.595e+04 1 0)
|                        ( - -3.921e+03 4 0 WDBNDRY_B 0 1.431e+02 1.900e+01)))))))
s>    ( QUESTION12 1 -2.695e+05 5.587e+02 1.377e+03
s>        ( - -2.057e+04 1 0)
s>        ( QUESTION16 -1 -2.484e+05 5.404e+02 1.270e+03
s>            ( - -4.035e+04 2 0)
s>            ( WDBNDRY_I 0 -2.075e+05 5.035e+02 1.059e+03
s>                ( QUESTION14 -1 -1.416e+05 4.712e+02 7.163e+02
s>                    ( - -6.265e+04 2 0)
s>                    ( - -7.852e+04 1 0))
s>                ( QUESTION15 1 -6.534e+04 4.205e+02 3.430e+02
s>                    ( - -9.345e+03 1 0)
s>                    ( QUESTION9 -1 -5.558e+04 3.557e+02 2.920e+02
s>                        ( - -2.494e+04 1 0)
s>                        ( QUESTION0_1_R 1 -3.028e+04 4.136e+02 1.570e+02
s>                            ( - -2.595e+04 1 0)
s>                            ( - -3.921e+03 4 0 WDBNDRY_B 0 1.431e+02 1.900e+01)))))))INFO: dtree.c(1315): Comp split 2
INFO: dtree.c(1478): Final simple tree
|( QUESTION0_9_R 1 -1.355e+05 5.807e+02 6.494e+02
|    ( QUESTION10 -1 -3.539e+04 4.068e+02 1.739e+02
|        ( - -1.068e+04 1 0)
|        ( QUESTION2_13_L -1 -2.430e+04 4.961e+02 1.179e+02
|            ( - -1.885e+04 2 0 QUESTION0 -1 1.261e+02 9.500e+01)
|            ( - -4.956e+03 5 0 QUESTION0 -1 2.922e+02 2.285e+01)))
|    ( QUESTION2_19_L -1 -9.954e+04 5.488e+02 4.755e+02
|        ( QUESTION0_15_R 1 -8.136e+04 4.504e+02 3.938e+02
|            ( - 1.972e+02 1 0)
|            ( WDBNDRY_E 0 -8.111e+04 4.144e+02 3.928e+02
|                ( - -9.864e+03 2 0 SILENCE 1 2.419e+02 5.025e+01)
|                ( - -7.083e+04 8 0 WDBNDRY_B 0 2.713e+02 3.425e+02)))
|        ( QUESTION2_18_L -1 -1.763e+04 4.474e+02 8.175e+01
|            ( - 2.096e+02 1 0)
|            ( - -1.739e+04 10 0 QUESTION0_14_R 1 3.519e+02 8.075e+01))))
s>    ( QUESTION0_9_R 1 -1.355e+05 5.807e+02 6.494e+02
s>        ( QUESTION10 -1 -3.539e+04 4.068e+02 1.739e+02
s>            ( - -1.068e+04 1 0)
s>            ( QUESTION2_13_L -1 -2.430e+04 4.961e+02 1.179e+02
s>                ( - -1.885e+04 2 0 QUESTION0 -1 1.261e+02 9.500e+01)
s>                ( - -4.956e+03 5 0 QUESTION0 -1 2.922e+02 2.285e+01)))
s>        ( QUESTION2_19_L -1 -9.954e+04 5.488e+02 4.755e+02
s>            ( QUESTION0_15_R 1 -8.136e+04 4.504e+02 3.938e+02
s>                ( - 1.972e+02 1 0)
s>                ( WDBNDRY_E 0 -8.111e+04 4.144e+02 3.928e+02
s>                    ( - -9.864e+03 2 0 SILENCE 1 2.419e+02 5.025e+01)
s>                    ( - -7.083e+04 8 0 WDBNDRY_B 0 2.713e+02 3.425e+02)))
s>            ( QUESTION2_18_L -1 -1.763e+04 4.474e+02 8.175e+01
s>                ( - 2.096e+02 1 0)
s>                ( - -1.739e+04 10 0 QUESTION0_14_R 1 3.519e+02 8.075e+01))))INFO: dtree.c(1315): Comp split 3
INFO: dtree.c(1439): stop. leaf nodes are specific
INFO: dtree.c(1478): Final simple tree
|( WDBNDRY_I 0 -1.399e+05 5.067e+02 7.233e+02
|    ( - -7.852e+04 1 0)
|    ( QUESTION15 1 -6.093e+04 4.048e+02 3.240e+02
|        ( - -9.345e+03 1 0)
|        ( WDBNDRY_B 0 -5.118e+04 2.900e+02 2.730e+02
|            ( - -2.494e+04 1 0)
|            ( - -2.595e+04 1 0))))
s>    ( WDBNDRY_I 0 -1.399e+05 5.067e+02 7.233e+02
s>        ( - -7.852e+04 1 0)
s>        ( QUESTION15 1 -6.093e+04 4.048e+02 3.240e+02
s>            ( - -9.345e+03 1 0)
s>            ( WDBNDRY_B 0 -5.118e+04 2.900e+02 2.730e+02
s>                ( - -2.494e+04 1 0)
s>                ( - -2.595e+04 1 0))))INFO: dtree.c(1439): stop. leaf nodes are specific
INFO: dtree.c(1478): Final simple tree
|( WDBNDRY_I 0 -1.287e+05 5.120e+02 6.539e+02
|    ( QUESTION14 -1 -1.033e+05 3.242e+02 5.280e+02
|        ( - -6.265e+04 2 0)
|        ( - -4.035e+04 2 0))
|    ( QUESTION0_1_R 1 -2.488e+04 3.849e+02 1.259e+02
|        ( - -2.057e+04 1 0)
|        ( WDBNDRY_B 0 -3.921e+03 1.431e+02 1.900e+01
|            ( QUESTION2_0_L -1 -1.827e+03 1.161e+02 9.000e+00
|                ( - -9.350e+02 1 0)
|                ( QUESTION0 -1 -7.758e+02 4.852e+02 4.000e+00
|                    ( - 2.419e+02 1 0)
|                    ( - -5.326e+02 1 0)))
|            ( - -1.951e+03 1 0))))
s>    ( WDBNDRY_I 0 -1.287e+05 5.120e+02 6.539e+02
s>        ( QUESTION14 -1 -1.033e+05 3.242e+02 5.280e+02
s>            ( - -6.265e+04 2 0)
s>            ( - -4.035e+04 2 0))
s>        ( QUESTION0_1_R 1 -2.488e+04 3.849e+02 1.259e+02
s>            ( - -2.057e+04 1 0)
s>            ( WDBNDRY_B 0 -3.921e+03 1.431e+02 1.900e+01
s>                ( QUESTION2_0_L -1 -1.827e+03 1.161e+02 9.000e+00
s>                    ( - -9.350e+02 1 0)
s>                    ( QUESTION0 -1 -7.758e+02 4.852e+02 4.000e+00
s>                        ( - 2.419e+02 1 0)
s>                        ( - -5.326e+02 1 0)))
s>                ( - -1.951e+03 1 0))))INFO: dtree.c(1315): Comp split 4
INFO: dtree.c(1478): Final simple tree
|( QUESTION2_18_L -1 -2.313e+04 4.485e+02 1.056e+02
|    ( - 2.096e+02 1 0)
|    ( QUESTION0_14_R 1 -2.289e+04 3.870e+02 1.046e+02
|        ( WDBNDRY_E 0 -8.739e+03 1.939e+02 4.072e+01
|            ( - -3.288e+02 1 0)
|            ( - -8.216e+03 5 0 QUESTION0 -1 1.345e+02 3.872e+01))
|        ( QUESTION2_13_L -1 -1.377e+04 4.885e+02 6.388e+01
|            ( - -4.081e+03 1 0)
|            ( QUESTION0 -1 -9.200e+03 2.621e+02 4.188e+01
|                ( QUESTION0_9_R 1 -2.733e+03 5.246e+02 1.285e+01
|                    ( WDBNDRY_B 0 -2.406e+03 4.854e+02 1.185e+01
|                        ( - 2.425e+02 1 0)
|                        ( - -2.163e+03 1 0))
|                    ( - 1.972e+02 1 0))
|                ( - -6.204e+03 6 0 QUESTION13 -1 1.545e+02 2.903e+01)))))
s>    ( QUESTION2_18_L -1 -2.313e+04 4.485e+02 1.056e+02
s>        ( - 2.096e+02 1 0)
s>        ( QUESTION0_14_R 1 -2.289e+04 3.870e+02 1.046e+02
s>            ( WDBNDRY_E 0 -8.739e+03 1.939e+02 4.072e+01
s>                ( - -3.288e+02 1 0)
s>                ( - -8.216e+03 5 0 QUESTION0 -1 1.345e+02 3.872e+01))
s>            ( QUESTION2_13_L -1 -1.377e+04 4.885e+02 6.388e+01
s>                ( - -4.081e+03 1 0)
s>                ( QUESTION0 -1 -9.200e+03 2.621e+02 4.188e+01
s>                    ( QUESTION0_9_R 1 -2.733e+03 5.246e+02 1.285e+01
s>                        ( WDBNDRY_B 0 -2.406e+03 4.854e+02 1.185e+01
s>                            ( - 2.425e+02 1 0)
s>                            ( - -2.163e+03 1 0))
s>                        ( - 1.972e+02 1 0))
s>                    ( - -6.204e+03 6 0 QUESTION13 -1 1.545e+02 2.903e+01)))))INFO: dtree.c(1439): stop. leaf nodes are specific
INFO: dtree.c(1478): Final simple tree
|( QUESTION0 -1 -1.116e+05 6.185e+02 5.438e+02
|    ( WDBNDRY_E 0 -8.198e+04 4.149e+02 3.968e+02
|        ( SILENCE 1 -9.864e+03 2.419e+02 5.025e+01
|            ( - -3.016e+03 1 0)
|            ( - -6.606e+03 1 0))
|        ( WDBNDRY_B 0 -7.170e+04 2.689e+02 3.465e+02
|            ( - -1.050e+04 2 0)
|            ( QUESTION0_9_R 1 -6.092e+04 9.345e+01 2.955e+02
|                ( - -7.775e+02 1 0)
|                ( - -6.005e+04 6 0))))
|    ( WDBNDRY_B 0 -2.899e+04 3.549e+02 1.470e+02
|        ( - -1.068e+04 1 0)
|        ( - -1.795e+04 1 0)))
s>    ( QUESTION0 -1 -1.116e+05 6.185e+02 5.438e+02
s>        ( WDBNDRY_E 0 -8.198e+04 4.149e+02 3.968e+02
s>            ( SILENCE 1 -9.864e+03 2.419e+02 5.025e+01
s>                ( - -3.016e+03 1 0)
s>                ( - -6.606e+03 1 0))
s>            ( WDBNDRY_B 0 -7.170e+04 2.689e+02 3.465e+02
s>                ( - -1.050e+04 2 0)
s>                ( QUESTION0_9_R 1 -6.092e+04 9.345e+01 2.955e+02
s>                    ( - -7.775e+02 1 0)
s>                    ( - -6.005e+04 6 0))))
s>        ( WDBNDRY_B 0 -2.899e+04 3.549e+02 1.470e+02
s>            ( - -1.068e+04 1 0)
s>            ( - -1.795e+04 1 0)))INFO: dtree.c(1315): Comp split 5
INFO: dtree.c(1439): stop. leaf nodes are specific
INFO: dtree.c(1478): Final simple tree
|( WDBNDRY_B 0 -7.170e+04 2.689e+02 3.465e+02
|    ( - -1.050e+04 2 0)
|    ( QUESTION0_9_R 1 -6.092e+04 9.345e+01 2.955e+02
|        ( - -7.775e+02 1 0)
|        ( - -6.005e+04 6 0)))
s>    ( WDBNDRY_B 0 -7.170e+04 2.689e+02 3.465e+02
s>        ( - -1.050e+04 2 0)
s>        ( QUESTION0_9_R 1 -6.092e+04 9.345e+01 2.955e+02
s>            ( - -7.775e+02 1 0)
s>            ( - -6.005e+04 6 0)))INFO: dtree.c(1439): stop. leaf nodes are specific
INFO: dtree.c(1478): Final simple tree
|( WDBNDRY_I 0 -3.923e+04 4.241e+02 1.973e+02
|    ( - -1.795e+04 1 0)
|    ( WDBNDRY_B 0 -2.085e+04 3.067e+02 1.063e+02
|        ( - -1.068e+04 1 0)
|        ( SILENCE 1 -9.864e+03 2.419e+02 5.025e+01
|            ( - -3.016e+03 1 0)
|            ( - -6.606e+03 1 0))))
s>    ( WDBNDRY_I 0 -3.923e+04 4.241e+02 1.973e+02
s>        ( - -1.795e+04 1 0)
s>        ( WDBNDRY_B 0 -2.085e+04 3.067e+02 1.063e+02
s>            ( - -1.068e+04 1 0)
s>            ( SILENCE 1 -9.864e+03 2.419e+02 5.025e+01
s>                ( - -3.016e+03 1 0)
s>                ( - -6.606e+03 1 0))))INFO: dtree.c(1315): Comp split 6
INFO: dtree.c(1478): Final simple tree
|( QUESTION2_18_L -1 -1.851e+04 4.484e+02 8.360e+01
|    ( - 2.096e+02 1 0)
|    ( QUESTION2_19_L -1 -1.827e+04 3.462e+02 8.260e+01
|        ( QUESTION0_9_R 1 -2.733e+03 5.246e+02 1.285e+01
|            ( WDBNDRY_B 0 -2.406e+03 4.854e+02 1.185e+01
|                ( - 2.425e+02 1 0)
|                ( - -2.163e+03 1 0))
|            ( - 1.972e+02 1 0))
|        ( QUESTION0_14_R 1 -1.519e+04 2.444e+02 6.975e+01
|            ( WDBNDRY_E 0 -8.739e+03 1.939e+02 4.072e+01
|                ( - -3.288e+02 1 0)
|                ( - -8.216e+03 5 0 QUESTION0 -1 1.345e+02 3.872e+01))
|            ( QUESTION13 -1 -6.204e+03 1.545e+02 2.903e+01
|                ( - -1.798e+03 2 0)
|                ( - -4.252e+03 4 0 QUESTION10 -1 1.381e+02 2.003e+01)))))
s>    ( QUESTION2_18_L -1 -1.851e+04 4.484e+02 8.360e+01
s>        ( - 2.096e+02 1 0)
s>        ( QUESTION2_19_L -1 -1.827e+04 3.462e+02 8.260e+01
s>            ( QUESTION0_9_R 1 -2.733e+03 5.246e+02 1.285e+01
s>                ( WDBNDRY_B 0 -2.406e+03 4.854e+02 1.185e+01
s>                    ( - 2.425e+02 1 0)
s>                    ( - -2.163e+03 1 0))
s>                ( - 1.972e+02 1 0))
s>            ( QUESTION0_14_R 1 -1.519e+04 2.444e+02 6.975e+01
s>                ( WDBNDRY_E 0 -8.739e+03 1.939e+02 4.072e+01
s>                    ( - -3.288e+02 1 0)
s>                    ( - -8.216e+03 5 0 QUESTION0 -1 1.345e+02 3.872e+01))
s>                ( QUESTION13 -1 -6.204e+03 1.545e+02 2.903e+01
s>                    ( - -1.798e+03 2 0)
s>                    ( - -4.252e+03 4 0 QUESTION10 -1 1.381e+02 2.003e+01)))))INFO: dtree.c(1315): Comp split 7
INFO: dtree.c(1439): stop. leaf nodes are specific
INFO: dtree.c(1478): Final simple tree
|( QUESTION0_1_R 1 -2.488e+04 3.849e+02 1.259e+02
|    ( - -2.057e+04 1 0)
|    ( WDBNDRY_B 0 -3.921e+03 1.431e+02 1.900e+01
|        ( QUESTION2_0_L -1 -1.827e+03 1.161e+02 9.000e+00
|            ( - -9.350e+02 1 0)
|            ( QUESTION0 -1 -7.758e+02 4.852e+02 4.000e+00
|                ( - 2.419e+02 1 0)
|                ( - -5.326e+02 1 0)))
|        ( - -1.951e+03 1 0)))
s>    ( QUESTION0_1_R 1 -2.488e+04 3.849e+02 1.259e+02
s>        ( - -2.057e+04 1 0)
s>        ( WDBNDRY_B 0 -3.921e+03 1.431e+02 1.900e+01
s>            ( QUESTION2_0_L -1 -1.827e+03 1.161e+02 9.000e+00
s>                ( - -9.350e+02 1 0)
s>                ( QUESTION0 -1 -7.758e+02 4.852e+02 4.000e+00
s>                    ( - 2.419e+02 1 0)
s>                    ( - -5.326e+02 1 0)))
s>            ( - -1.951e+03 1 0)))INFO: dtree.c(1439): stop. leaf nodes are specific
INFO: dtree.c(1478): Final simple tree
|( QUESTION14 -1 -1.033e+05 3.242e+02 5.280e+02
|    ( - -6.265e+04 2 0)
|    ( - -4.035e+04 2 0))
s>    ( QUESTION14 -1 -1.033e+05 3.242e+02 5.280e+02
s>        ( - -6.265e+04 2 0)
s>        ( - -4.035e+04 2 0))INFO: dtree.c(1315): Comp split 8
INFO: dtree.c(1439): stop. leaf nodes are specific
INFO: dtree.c(1478): Final simple tree
|( QUESTION15 1 -6.093e+04 4.048e+02 3.240e+02
|    ( - -9.345e+03 1 0)
|    ( WDBNDRY_B 0 -5.118e+04 2.900e+02 2.730e+02
|        ( - -2.494e+04 1 0)
|        ( - -2.595e+04 1 0)))
s>    ( QUESTION15 1 -6.093e+04 4.048e+02 3.240e+02
s>        ( - -9.345e+03 1 0)
s>        ( WDBNDRY_B 0 -5.118e+04 2.900e+02 2.730e+02
s>            ( - -2.494e+04 1 0)
s>            ( - -2.595e+04 1 0)))INFO: dtree.c(1315): Comp split 9
INFO: dtree.c(1478): Final simple tree
|( QUESTION2_18_L -1 -1.825e+04 4.481e+02 8.260e+01
|    ( - 2.096e+02 1 0)
|    ( QUESTION2_19_L -1 -1.801e+04 3.295e+02 8.160e+01
|        ( QUESTION0_9_R 1 -2.497e+03 5.316e+02 1.185e+01
|            ( - -2.163e+03 1 0)
|            ( - 1.972e+02 1 0))
|        ( QUESTION0_14_R 1 -1.519e+04 2.444e+02 6.975e+01
|            ( WDBNDRY_E 0 -8.739e+03 1.939e+02 4.072e+01
|                ( - -3.288e+02 1 0)
|                ( - -8.216e+03 5 0 QUESTION0 -1 1.345e+02 3.872e+01))
|            ( QUESTION13 -1 -6.204e+03 1.545e+02 2.903e+01
|                ( - -1.798e+03 2 0)
|                ( QUESTION10 -1 -4.252e+03 1.381e+02 2.003e+01
|                    ( - -1.648e+03 1 0)
|                    ( - -2.466e+03 3 0 QUESTION0_9_R 1 1.304e+02 1.200e+01))))))
s>    ( QUESTION2_18_L -1 -1.825e+04 4.481e+02 8.260e+01
s>        ( - 2.096e+02 1 0)
s>        ( QUESTION2_19_L -1 -1.801e+04 3.295e+02 8.160e+01
s>            ( QUESTION0_9_R 1 -2.497e+03 5.316e+02 1.185e+01
s>                ( - -2.163e+03 1 0)
s>                ( - 1.972e+02 1 0))
s>            ( QUESTION0_14_R 1 -1.519e+04 2.444e+02 6.975e+01
s>                ( WDBNDRY_E 0 -8.739e+03 1.939e+02 4.072e+01
s>                    ( - -3.288e+02 1 0)
s>                    ( - -8.216e+03 5 0 QUESTION0 -1 1.345e+02 3.872e+01))
s>                ( QUESTION13 -1 -6.204e+03 1.545e+02 2.903e+01
s>                    ( - -1.798e+03 2 0)
s>                    ( QUESTION10 -1 -4.252e+03 1.381e+02 2.003e+01
s>                        ( - -1.648e+03 1 0)
s>                        ( - -2.466e+03 3 0 QUESTION0_9_R 1 1.304e+02 1.200e+01))))))INFO: dtree.c(1315): Comp split 10
INFO: dtree.c(1478): Final simple tree
|( QUESTION2_0_L -1 -3.895e+04 3.232e+02 1.856e+02
|    ( QUESTION2_15_L -1 -2.129e+04 3.157e+02 1.012e+02
|        ( WDBNDRY_E 0 -1.450e+04 2.259e+02 7.122e+01
|            ( QUESTION0_1_R 1 -1.343e+04 1.807e+02 6.700e+01
|                ( - -2.527e+03 2 0)
|                ( QUESTION0_0_R 1 -1.072e+04 1.717e+02 5.500e+01
|                    ( - -8.767e+03 1 0)
|                    ( - -1.786e+03 1 0)))
|            ( - -8.397e+02 1 0))
|        ( QUESTION0 -1 -6.474e+03 1.730e+02 2.997e+01
|            ( - -3.101e+03 1 0)
|            ( - -3.200e+03 2 0 WDBNDRY_E 0 1.545e+02 1.504e+01)))
|    ( QUESTION0 -1 -1.734e+04 2.477e+02 8.441e+01
|        ( - -2.857e+02 1 0)
|        ( - -1.681e+04 2 0 WDBNDRY_B 0 1.477e+02 8.241e+01)))
s>    ( QUESTION2_0_L -1 -3.895e+04 3.232e+02 1.856e+02
s>        ( QUESTION2_15_L -1 -2.129e+04 3.157e+02 1.012e+02
s>            ( WDBNDRY_E 0 -1.450e+04 2.259e+02 7.122e+01
s>                ( QUESTION0_1_R 1 -1.343e+04 1.807e+02 6.700e+01
s>                    ( - -2.527e+03 2 0)
s>                    ( QUESTION0_0_R 1 -1.072e+04 1.717e+02 5.500e+01
s>                        ( - -8.767e+03 1 0)
s>                        ( - -1.786e+03 1 0)))
s>                ( - -8.397e+02 1 0))
s>            ( QUESTION0 -1 -6.474e+03 1.730e+02 2.997e+01
s>                ( - -3.101e+03 1 0)
s>                ( - -3.200e+03 2 0 WDBNDRY_E 0 1.545e+02 1.504e+01)))
s>        ( QUESTION0 -1 -1.734e+04 2.477e+02 8.441e+01
s>            ( - -2.857e+02 1 0)
s>            ( - -1.681e+04 2 0 WDBNDRY_B 0 1.477e+02 8.241e+01)))INFO: dtree.c(1315): Comp split 11
INFO: dtree.c(1439): stop. leaf nodes are specific
INFO: dtree.c(1478): Final simple tree
|( QUESTION0_1_R 1 -2.464e+04 3.755e+02 1.249e+02
|    ( - -2.057e+04 1 0)
|    ( WDBNDRY_B 0 -3.691e+03 1.422e+02 1.800e+01
|        ( QUESTION0 -1 -1.598e+03 1.300e+02 8.000e+00
|            ( - -9.350e+02 1 0)
|            ( - -5.326e+02 1 0))
|        ( - -1.951e+03 1 0)))
s>    ( QUESTION0_1_R 1 -2.464e+04 3.755e+02 1.249e+02
s>        ( - -2.057e+04 1 0)
s>        ( WDBNDRY_B 0 -3.691e+03 1.422e+02 1.800e+01
s>            ( QUESTION0 -1 -1.598e+03 1.300e+02 8.000e+00
s>                ( - -9.350e+02 1 0)
s>                ( - -5.326e+02 1 0))
s>            ( - -1.951e+03 1 0)))INFO: dtree.c(1315): Comp split 12
INFO: dtree.c(1439): stop. leaf nodes are specific
INFO: dtree.c(1478): Final simple tree
|( WDBNDRY_E 0 -3.104e+04 2.649e+02 1.514e+02
|    ( QUESTION0_1_R 1 -1.343e+04 1.807e+02 6.700e+01
|        ( - -2.527e+03 2 0)
|        ( QUESTION0_0_R 1 -1.072e+04 1.717e+02 5.500e+01
|            ( - -8.767e+03 1 0)
|            ( - -1.786e+03 1 0)))
|    ( QUESTION0 -1 -1.734e+04 2.477e+02 8.441e+01
|        ( - -2.857e+02 1 0)
|        ( WDBNDRY_B 0 -1.681e+04 1.477e+02 8.241e+01
|            ( - -1.566e+04 1 0)
|            ( - -9.979e+02 1 0))))
s>    ( WDBNDRY_E 0 -3.104e+04 2.649e+02 1.514e+02
s>        ( QUESTION0_1_R 1 -1.343e+04 1.807e+02 6.700e+01
s>            ( - -2.527e+03 2 0)
s>            ( QUESTION0_0_R 1 -1.072e+04 1.717e+02 5.500e+01
s>                ( - -8.767e+03 1 0)
s>                ( - -1.786e+03 1 0)))
s>        ( QUESTION0 -1 -1.734e+04 2.477e+02 8.441e+01
s>            ( - -2.857e+02 1 0)
s>            ( WDBNDRY_B 0 -1.681e+04 1.477e+02 8.241e+01
s>                ( - -1.566e+04 1 0)
s>                ( - -9.979e+02 1 0))))INFO: dtree.c(1439): stop. leaf nodes are specific
INFO: dtree.c(1478): Final simple tree
|( QUESTION2_14_L -1 -7.432e+03 1.767e+02 3.419e+01
|    ( WDBNDRY_E 0 -3.200e+03 1.545e+02 1.504e+01
|        ( - -2.701e+03 1 0)
|        ( - -3.440e+02 1 0))
|    ( QUESTION0 -1 -4.056e+03 1.149e+02 1.915e+01
|        ( - -3.101e+03 1 0)
|        ( - -8.397e+02 1 0)))
s>    ( QUESTION2_14_L -1 -7.432e+03 1.767e+02 3.419e+01
s>        ( WDBNDRY_E 0 -3.200e+03 1.545e+02 1.504e+01
s>            ( - -2.701e+03 1 0)
s>            ( - -3.440e+02 1 0))
s>        ( QUESTION0 -1 -4.056e+03 1.149e+02 1.915e+01
s>            ( - -3.101e+03 1 0)
s>            ( - -8.397e+02 1 0)))INFO: dtree.c(1315): Comp split 13
INFO: dtree.c(1478): Final simple tree
|( QUESTION2_19_L -1 -1.801e+04 3.295e+02 8.160e+01
|    ( QUESTION0_9_R 1 -2.497e+03 5.316e+02 1.185e+01
|        ( - -2.163e+03 1 0)
|        ( - 1.972e+02 1 0))
|    ( QUESTION0_14_R 1 -1.519e+04 2.444e+02 6.975e+01
|        ( WDBNDRY_E 0 -8.739e+03 1.939e+02 4.072e+01
|            ( - -3.288e+02 1 0)
|            ( QUESTION0 -1 -8.216e+03 1.345e+02 3.872e+01
|                ( - -1.706e+03 3 0)
|                ( - -6.376e+03 2 0 WDBNDRY_B 0 4.819e+02 3.072e+01)))
|        ( QUESTION13 -1 -6.204e+03 1.545e+02 2.903e+01
|            ( - -1.798e+03 2 0)
|            ( QUESTION10 -1 -4.252e+03 1.381e+02 2.003e+01
|                ( - -1.648e+03 1 0)
|                ( - -2.466e+03 3 0 QUESTION0_9_R 1 1.304e+02 1.200e+01)))))
s>    ( QUESTION2_19_L -1 -1.801e+04 3.295e+02 8.160e+01
s>        ( QUESTION0_9_R 1 -2.497e+03 5.316e+02 1.185e+01
s>            ( - -2.163e+03 1 0)
s>            ( - 1.972e+02 1 0))
s>        ( QUESTION0_14_R 1 -1.519e+04 2.444e+02 6.975e+01
s>            ( WDBNDRY_E 0 -8.739e+03 1.939e+02 4.072e+01
s>                ( - -3.288e+02 1 0)
s>                ( QUESTION0 -1 -8.216e+03 1.345e+02 3.872e+01
s>                    ( - -1.706e+03 3 0)
s>                    ( - -6.376e+03 2 0 WDBNDRY_B 0 4.819e+02 3.072e+01)))
s>            ( QUESTION13 -1 -6.204e+03 1.545e+02 2.903e+01
s>                ( - -1.798e+03 2 0)
s>                ( QUESTION10 -1 -4.252e+03 1.381e+02 2.003e+01
s>                    ( - -1.648e+03 1 0)
s>                    ( - -2.466e+03 3 0 QUESTION0_9_R 1 1.304e+02 1.200e+01)))))INFO: dtree.c(1315): Comp split 14
INFO: dtree.c(1478): Final simple tree
|( QUESTION2_19_L -1 -1.777e+04 4.178e+02 8.060e+01
|    ( - -2.163e+03 1 0)
|    ( QUESTION0_14_R 1 -1.519e+04 2.444e+02 6.975e+01
|        ( WDBNDRY_E 0 -8.739e+03 1.939e+02 4.072e+01
|            ( - -3.288e+02 1 0)
|            ( QUESTION0 -1 -8.216e+03 1.345e+02 3.872e+01
|                ( - -1.706e+03 3 0)
|                ( WDBNDRY_B 0 -6.376e+03 4.819e+02 3.072e+01
|                    ( - 2.420e+02 1 0)
|                    ( - -6.136e+03 1 0))))
|        ( QUESTION13 -1 -6.204e+03 1.545e+02 2.903e+01
|            ( - -1.798e+03 2 0)
|            ( QUESTION10 -1 -4.252e+03 1.381e+02 2.003e+01
|                ( - -1.648e+03 1 0)
|                ( - -2.466e+03 3 0 QUESTION0_9_R 1 1.304e+02 1.200e+01)))))
s>    ( QUESTION2_19_L -1 -1.777e+04 4.178e+02 8.060e+01
s>        ( - -2.163e+03 1 0)
s>        ( QUESTION0_14_R 1 -1.519e+04 2.444e+02 6.975e+01
s>            ( WDBNDRY_E 0 -8.739e+03 1.939e+02 4.072e+01
s>                ( - -3.288e+02 1 0)
s>                ( QUESTION0 -1 -8.216e+03 1.345e+02 3.872e+01
s>                    ( - -1.706e+03 3 0)
s>                    ( WDBNDRY_B 0 -6.376e+03 4.819e+02 3.072e+01
s>                        ( - 2.420e+02 1 0)
s>                        ( - -6.136e+03 1 0))))
s>            ( QUESTION13 -1 -6.204e+03 1.545e+02 2.903e+01
s>                ( - -1.798e+03 2 0)
s>                ( QUESTION10 -1 -4.252e+03 1.381e+02 2.003e+01
s>                    ( - -1.648e+03 1 0)
s>                    ( - -2.466e+03 3 0 QUESTION0_9_R 1 1.304e+02 1.200e+01)))))INFO: dtree.c(1315): Comp split 15
INFO: dtree.c(1478): Final simple tree
|( QUESTION2_19_L -1 -1.754e+04 4.176e+02 7.960e+01
|    ( - -2.163e+03 1 0)
|    ( QUESTION0_14_R 1 -1.495e+04 2.511e+02 6.875e+01
|        ( WDBNDRY_E 0 -8.499e+03 1.953e+02 3.972e+01
|            ( - -3.288e+02 1 0)
|            ( WDBNDRY_B 0 -7.975e+03 1.333e+02 3.772e+01
|                ( - -1.706e+03 3 0)
|                ( - -6.136e+03 1 0)))
|        ( QUESTION13 -1 -6.204e+03 1.545e+02 2.903e+01
|            ( - -1.798e+03 2 0)
|            ( QUESTION10 -1 -4.252e+03 1.381e+02 2.003e+01
|                ( - -1.648e+03 1 0)
|                ( QUESTION0_9_R 1 -2.466e+03 1.304e+02 1.200e+01
|                    ( - -3.195e+02 1 0)
|                    ( - -2.016e+03 2 0 WDBNDRY_B 0 1.001e+02 1.000e+01))))))
s>    ( QUESTION2_19_L -1 -1.754e+04 4.176e+02 7.960e+01
s>        ( - -2.163e+03 1 0)
s>        ( QUESTION0_14_R 1 -1.495e+04 2.511e+02 6.875e+01
s>            ( WDBNDRY_E 0 -8.499e+03 1.953e+02 3.972e+01
s>                ( - -3.288e+02 1 0)
s>                ( WDBNDRY_B 0 -7.975e+03 1.333e+02 3.772e+01
s>                    ( - -1.706e+03 3 0)
s>                    ( - -6.136e+03 1 0)))
s>            ( QUESTION13 -1 -6.204e+03 1.545e+02 2.903e+01
s>                ( - -1.798e+03 2 0)
s>                ( QUESTION10 -1 -4.252e+03 1.381e+02 2.003e+01
s>                    ( - -1.648e+03 1 0)
s>                    ( QUESTION0_9_R 1 -2.466e+03 1.304e+02 1.200e+01
s>                        ( - -3.195e+02 1 0)
s>                        ( - -2.016e+03 2 0 WDBNDRY_B 0 1.001e+02 1.000e+01))))))INFO: dtree.c(1315): Comp split 16
INFO: dtree.c(1439): stop. leaf nodes are specific
INFO: dtree.c(1478): Final simple tree
|( WDBNDRY_B 0 -2.085e+04 3.067e+02 1.063e+02
|    ( - -1.068e+04 1 0)
|    ( SILENCE 1 -9.864e+03 2.419e+02 5.025e+01
|        ( - -3.016e+03 1 0)
|        ( - -6.606e+03 1 0)))
s>    ( WDBNDRY_B 0 -2.085e+04 3.067e+02 1.063e+02
s>        ( - -1.068e+04 1 0)
s>        ( SILENCE 1 -9.864e+03 2.419e+02 5.025e+01
s>            ( - -3.016e+03 1 0)
s>            ( - -6.606e+03 1 0)))INFO: dtree.c(1315): Comp split 17
INFO: dtree.c(1478): Final simple tree
|( QUESTION0_14_R 1 -1.495e+04 2.511e+02 6.875e+01
|    ( WDBNDRY_E 0 -8.499e+03 1.953e+02 3.972e+01
|        ( - -3.288e+02 1 0)
|        ( WDBNDRY_B 0 -7.975e+03 1.333e+02 3.772e+01
|            ( - -1.706e+03 3 0)
|            ( - -6.136e+03 1 0)))
|    ( QUESTION13 -1 -6.204e+03 1.545e+02 2.903e+01
|        ( - -1.798e+03 2 0)
|        ( QUESTION10 -1 -4.252e+03 1.381e+02 2.003e+01
|            ( - -1.648e+03 1 0)
|            ( QUESTION0_9_R 1 -2.466e+03 1.304e+02 1.200e+01
|                ( - -3.195e+02 1 0)
|                ( WDBNDRY_B 0 -2.016e+03 1.001e+02 1.000e+01
|                    ( - -1.362e+03 1 0)
|                    ( - -5.542e+02 1 0))))))
s>    ( QUESTION0_14_R 1 -1.495e+04 2.511e+02 6.875e+01
s>        ( WDBNDRY_E 0 -8.499e+03 1.953e+02 3.972e+01
s>            ( - -3.288e+02 1 0)
s>            ( WDBNDRY_B 0 -7.975e+03 1.333e+02 3.772e+01
s>                ( - -1.706e+03 3 0)
s>                ( - -6.136e+03 1 0)))
s>        ( QUESTION13 -1 -6.204e+03 1.545e+02 2.903e+01
s>            ( - -1.798e+03 2 0)
s>            ( QUESTION10 -1 -4.252e+03 1.381e+02 2.003e+01
s>                ( - -1.648e+03 1 0)
s>                ( QUESTION0_9_R 1 -2.466e+03 1.304e+02 1.200e+01
s>                    ( - -3.195e+02 1 0)
s>                    ( WDBNDRY_B 0 -2.016e+03 1.001e+02 1.000e+01
s>                        ( - -1.362e+03 1 0)
s>                        ( - -5.542e+02 1 0))))))INFO: dtree.c(1315): Comp split 18
INFO: dtree.c(1439): stop. leaf nodes are specific
INFO: dtree.c(1478): Final simple tree
|( WDBNDRY_B 0 -5.118e+04 2.900e+02 2.730e+02
|    ( - -2.494e+04 1 0)
|    ( - -2.595e+04 1 0))
s>    ( WDBNDRY_B 0 -5.118e+04 2.900e+02 2.730e+02
s>        ( - -2.494e+04 1 0)
s>        ( - -2.595e+04 1 0))INFO: dtree.c(1315): Comp split 19
INFO: dtree.c(1439): stop. leaf nodes are specific
INFO: dtree.c(1478): Final simple tree
|( WDBNDRY_B 0 -3.691e+03 1.422e+02 1.800e+01
|    ( QUESTION0 -1 -1.598e+03 1.300e+02 8.000e+00
|        ( - -9.350e+02 1 0)
|        ( - -5.326e+02 1 0))
|    ( - -1.951e+03 1 0))
s>    ( WDBNDRY_B 0 -3.691e+03 1.422e+02 1.800e+01
s>        ( QUESTION0 -1 -1.598e+03 1.300e+02 8.000e+00
s>            ( - -9.350e+02 1 0)
s>            ( - -5.326e+02 1 0))
s>        ( - -1.951e+03 1 0))INFO: dtree.c(1315): Comp split 20
INFO: dtree.c(1315): Comp split 21
INFO: dtree.c(1439): stop. leaf nodes are specific
INFO: dtree.c(1478): Final simple tree
|( SILENCE 1 -9.864e+03 2.419e+02 5.025e+01
|    ( - -3.016e+03 1 0)
|    ( - -6.606e+03 1 0))
s>    ( SILENCE 1 -9.864e+03 2.419e+02 5.025e+01
s>        ( - -3.016e+03 1 0)
s>        ( - -6.606e+03 1 0))INFO: dtree.c(1315): Comp split 22
INFO: dtree.c(1315): Comp split 23
INFO: dtree.c(1439): stop. leaf nodes are specific
INFO: dtree.c(1478): Final simple tree
|( QUESTION0_9_R 1 -6.092e+04 9.345e+01 2.955e+02
|    ( - -7.775e+02 1 0)
|    ( - -6.005e+04 6 0))
s>    ( QUESTION0_9_R 1 -6.092e+04 9.345e+01 2.955e+02
s>        ( - -7.775e+02 1 0)
s>        ( - -6.005e+04 6 0))INFO: dtree.c(1315): Comp split 24
INFO: dtree.c(1439): stop. leaf nodes are specific
INFO: dtree.c(1478): Final simple tree
|( QUESTION0_1_R 1 -1.343e+04 1.807e+02 6.700e+01
|    ( - -2.527e+03 2 0)
|    ( QUESTION0_0_R 1 -1.072e+04 1.717e+02 5.500e+01
|        ( - -8.767e+03 1 0)
|        ( - -1.786e+03 1 0)))
s>    ( QUESTION0_1_R 1 -1.343e+04 1.807e+02 6.700e+01
s>        ( - -2.527e+03 2 0)
s>        ( QUESTION0_0_R 1 -1.072e+04 1.717e+02 5.500e+01
s>            ( - -8.767e+03 1 0)
s>            ( - -1.786e+03 1 0)))INFO: dtree.c(1439): stop. leaf nodes are specific
INFO: dtree.c(1478): Final simple tree
|( QUESTION0 -1 -1.734e+04 2.477e+02 8.441e+01
|    ( - -2.857e+02 1 0)
|    ( WDBNDRY_B 0 -1.681e+04 1.477e+02 8.241e+01
|        ( - -1.566e+04 1 0)
|        ( - -9.979e+02 1 0)))
s>    ( QUESTION0 -1 -1.734e+04 2.477e+02 8.441e+01
s>        ( - -2.857e+02 1 0)
s>        ( WDBNDRY_B 0 -1.681e+04 1.477e+02 8.241e+01
s>            ( - -1.566e+04 1 0)
s>            ( - -9.979e+02 1 0)))INFO: dtree.c(1315): Comp split 25
INFO: dtree.c(1439): stop. leaf nodes are specific
INFO: dtree.c(1478): Final simple tree
|( WDBNDRY_B 0 -7.975e+03 1.333e+02 3.772e+01
|    ( - -1.706e+03 3 0)
|    ( - -6.136e+03 1 0))
s>    ( WDBNDRY_B 0 -7.975e+03 1.333e+02 3.772e+01
s>        ( - -1.706e+03 3 0)
s>        ( - -6.136e+03 1 0))INFO: dtree.c(1439): stop. leaf nodes are specific
INFO: dtree.c(1478): Final simple tree
|( WDBNDRY_E 0 -6.717e+03 1.836e+02 3.103e+01
|    ( - -3.288e+02 1 0)
|    ( QUESTION13 -1 -6.204e+03 1.545e+02 2.903e+01
|        ( - -1.798e+03 2 0)
|        ( QUESTION10 -1 -4.252e+03 1.381e+02 2.003e+01
|            ( - -1.648e+03 1 0)
|            ( QUESTION0_9_R 1 -2.466e+03 1.304e+02 1.200e+01
|                ( - -3.195e+02 1 0)
|                ( WDBNDRY_B 0 -2.016e+03 1.001e+02 1.000e+01
|                    ( - -1.362e+03 1 0)
|                    ( - -5.542e+02 1 0))))))
s>    ( WDBNDRY_E 0 -6.717e+03 1.836e+02 3.103e+01
s>        ( - -3.288e+02 1 0)
s>        ( QUESTION13 -1 -6.204e+03 1.545e+02 2.903e+01
s>            ( - -1.798e+03 2 0)
s>            ( QUESTION10 -1 -4.252e+03 1.381e+02 2.003e+01
s>                ( - -1.648e+03 1 0)
s>                ( QUESTION0_9_R 1 -2.466e+03 1.304e+02 1.200e+01
s>                    ( - -3.195e+02 1 0)
s>                    ( WDBNDRY_B 0 -2.016e+03 1.001e+02 1.000e+01
s>                        ( - -1.362e+03 1 0)
s>                        ( - -5.542e+02 1 0))))))INFO: dtree.c(1315): Comp split 26
INFO: dtree.c(1439): stop. leaf nodes are specific
INFO: dtree.c(1478): Final simple tree
|( WDBNDRY_B 0 -1.681e+04 1.477e+02 8.241e+01
|    ( - -1.566e+04 1 0)
|    ( - -9.979e+02 1 0))
s>    ( WDBNDRY_B 0 -1.681e+04 1.477e+02 8.241e+01
s>        ( - -1.566e+04 1 0)
s>        ( - -9.979e+02 1 0))INFO: dtree.c(1315): Comp split 27
INFO: dtree.c(1315): Comp split 28
INFO: dtree.c(1439): stop. leaf nodes are specific
INFO: dtree.c(1478): Final simple tree
|( QUESTION13 -1 -6.204e+03 1.545e+02 2.903e+01
|    ( - -1.798e+03 2 0)
|    ( QUESTION10 -1 -4.252e+03 1.381e+02 2.003e+01
|        ( - -1.648e+03 1 0)
|        ( QUESTION0_9_R 1 -2.466e+03 1.304e+02 1.200e+01
|            ( - -3.195e+02 1 0)
|            ( WDBNDRY_B 0 -2.016e+03 1.001e+02 1.000e+01
|                ( - -1.362e+03 1 0)
|                ( - -5.542e+02 1 0)))))
s>    ( QUESTION13 -1 -6.204e+03 1.545e+02 2.903e+01
s>        ( - -1.798e+03 2 0)
s>        ( QUESTION10 -1 -4.252e+03 1.381e+02 2.003e+01
s>            ( - -1.648e+03 1 0)
s>            ( QUESTION0_9_R 1 -2.466e+03 1.304e+02 1.200e+01
s>                ( - -3.195e+02 1 0)
s>                ( WDBNDRY_B 0 -2.016e+03 1.001e+02 1.000e+01
s>                    ( - -1.362e+03 1 0)
s>                    ( - -5.542e+02 1 0)))))INFO: dtree.c(1315): Comp split 29
INFO: dtree.c(1439): stop. leaf nodes are specific
INFO: dtree.c(1478): Final simple tree
|( QUESTION0_0_R 1 -1.072e+04 1.717e+02 5.500e+01
|    ( - -8.767e+03 1 0)
|    ( - -1.786e+03 1 0))
s>    ( QUESTION0_0_R 1 -1.072e+04 1.717e+02 5.500e+01
s>        ( - -8.767e+03 1 0)
s>        ( - -1.786e+03 1 0))INFO: dtree.c(1315): Comp split 30
INFO: dtree.c(1439): stop. leaf nodes are specific
INFO: dtree.c(1478): Final simple tree
|( QUESTION0 -1 -4.056e+03 1.149e+02 1.915e+01
|    ( - -3.101e+03 1 0)
|    ( - -8.397e+02 1 0))
s>    ( QUESTION0 -1 -4.056e+03 1.149e+02 1.915e+01
s>        ( - -3.101e+03 1 0)
s>        ( - -8.397e+02 1 0))INFO: dtree.c(1439): stop. leaf nodes are specific
INFO: dtree.c(1478): Final simple tree
|( WDBNDRY_E 0 -3.200e+03 1.545e+02 1.504e+01
|    ( - -2.701e+03 1 0)
|    ( - -3.440e+02 1 0))
s>    ( WDBNDRY_E 0 -3.200e+03 1.545e+02 1.504e+01
s>        ( - -2.701e+03 1 0)
s>        ( - -3.440e+02 1 0))INFO: dtree.c(1315): Comp split 31
INFO: dtree.c(1315): Comp split 32
INFO: dtree.c(1315): Comp split 33
INFO: dtree.c(1439): stop. leaf nodes are specific
INFO: dtree.c(1478): Final simple tree
|( QUESTION10 -1 -4.252e+03 1.381e+02 2.003e+01
|    ( - -1.648e+03 1 0)
|    ( QUESTION0_9_R 1 -2.466e+03 1.304e+02 1.200e+01
|        ( - -3.195e+02 1 0)
|        ( WDBNDRY_B 0 -2.016e+03 1.001e+02 1.000e+01
|            ( - -1.362e+03 1 0)
|            ( - -5.542e+02 1 0))))
s>    ( QUESTION10 -1 -4.252e+03 1.381e+02 2.003e+01
s>        ( - -1.648e+03 1 0)
s>        ( QUESTION0_9_R 1 -2.466e+03 1.304e+02 1.200e+01
s>            ( - -3.195e+02 1 0)
s>            ( WDBNDRY_B 0 -2.016e+03 1.001e+02 1.000e+01
s>                ( - -1.362e+03 1 0)
s>                ( - -5.542e+02 1 0))))INFO: dtree.c(1315): Comp split 34
INFO: dtree.c(1315): Comp split 35
INFO: dtree.c(1439): stop. leaf nodes are specific
INFO: dtree.c(1478): Final simple tree
|( QUESTION0 -1 -1.598e+03 1.300e+02 8.000e+00
|    ( - -9.350e+02 1 0)
|    ( - -5.326e+02 1 0))
s>    ( QUESTION0 -1 -1.598e+03 1.300e+02 8.000e+00
s>        ( - -9.350e+02 1 0)
s>        ( - -5.326e+02 1 0))INFO: dtree.c(1315): Comp split 36
INFO: dtree.c(1439): stop. leaf nodes are specific
INFO: dtree.c(1478): Final simple tree
|( WDBNDRY_B 0 -2.016e+03 1.001e+02 1.000e+01
|    ( - -1.362e+03 1 0)
|    ( - -5.542e+02 1 0))
s>    ( WDBNDRY_B 0 -2.016e+03 1.001e+02 1.000e+01
s>        ( - -1.362e+03 1 0)
s>        ( - -5.542e+02 1 0))INFO: dtree.c(1439): stop. leaf nodes are specific
INFO: dtree.c(1478): Final simple tree
|( QUESTION0_9_R 1 -2.096e+03 1.286e+02 1.003e+01
|    ( - -3.195e+02 1 0)
|    ( - -1.648e+03 1 0))
s>    ( QUESTION0_9_R 1 -2.096e+03 1.286e+02 1.003e+01
s>        ( - -3.195e+02 1 0)
s>        ( - -1.648e+03 1 0))INFO: dtree.c(1315): Comp split 37
INFO: dtree.c(1315): Comp split 38
INFO: dtree.c(1315): Comp split 39
INFO: dtree.c(1315): Comp split 40
INFO: dtree.c(1315): Comp split 41
INFO: dtree.c(1315): Comp split 42
INFO: dtree.c(1315): Comp split 43
INFO: dtree.c(1318): stop. leaf nodes are specific
Fri Jan  6 22:28:08 2023
