Current configuration:
[NAME]		[DEFLT]	[VALUE]
-allphones	no	no
-cntthresh	0.00001	1.000000e-05
-csplitmax	100	2000
-csplitmin	1	1
-csplitthr	8e-4	0.000000e+00
-example	no	no
-fullvar	no	no
-help		no	no
-meanfn			/mnt/c/users/robin/onedrive/desktop/cmu/Cebuano/model_parameters/Cebuano.cd_cont_untied/means
-mixwfn			/mnt/c/users/robin/onedrive/desktop/cmu/Cebuano/model_parameters/Cebuano.cd_cont_untied/mixture_weights
-moddeffn		/mnt/c/users/robin/onedrive/desktop/cmu/Cebuano/model_architecture/Cebuano.untied.mdef
-mwfloor	1e-4	1.000000e-08
-phone			G
-psetfn			/mnt/c/users/robin/onedrive/desktop/cmu/Cebuano/model_architecture/Cebuano.tree_questions
-ssplitmax	5	7
-ssplitmin	1	1
-ssplitthr	8e-4	0.000000e+00
-state			0
-stwt			1.0,0.05,0.0,
-treefn			/mnt/c/users/robin/onedrive/desktop/cmu/Cebuano/trees/Cebuano.unpruned/G-0.dtree
-ts2cbfn	.semi.	.cont.
-varfloor	0.00001	1.000000e-05
-varfn			/mnt/c/users/robin/onedrive/desktop/cmu/Cebuano/model_parameters/Cebuano.cd_cont_untied/variances

INFO: main.c(223): Reading: /mnt/c/users/robin/onedrive/desktop/cmu/Cebuano/model_architecture/Cebuano.untied.mdef
INFO: model_def_io.c(573): Model definition info:
INFO: model_def_io.c(574): 7744 total models defined (40 base, 7704 tri)
INFO: model_def_io.c(575): 30976 total states
INFO: model_def_io.c(576): 23232 total tied states
INFO: model_def_io.c(577): 120 total tied CI states
INFO: model_def_io.c(578): 40 total tied transition matrices
INFO: model_def_io.c(579): 4 max state/model
INFO: model_def_io.c(580): 4 min state/model
INFO: main.c(242): Building trees for [G AA AA b] through [G UW Y i]
INFO: main.c(268): Covering states |[8850 9608]| == 759
INFO: main.c(275): Reading: /mnt/c/users/robin/onedrive/desktop/cmu/Cebuano/model_parameters/Cebuano.cd_cont_untied/mixture_weights
INFO: s3mixw_io.c(172): Read /mnt/c/users/robin/onedrive/desktop/cmu/Cebuano/model_parameters/Cebuano.cd_cont_untied/mixture_weights [759x1x1 array]
INFO: main.c(311): 252 of 253 models have observation count greater than 0.000010
INFO: main.c(95): nrm stwt: 0.952 0.048 0.000 
INFO: s3gau_io.c(168): Read /mnt/c/users/robin/onedrive/desktop/cmu/Cebuano/model_parameters/Cebuano.cd_cont_untied/means [23232x1x1 array]
INFO: s3gau_io.c(168): Read /mnt/c/users/robin/onedrive/desktop/cmu/Cebuano/model_parameters/Cebuano.cd_cont_untied/variances [23232x1x1 array]
INFO: main.c(549): Reading: /mnt/c/users/robin/onedrive/desktop/cmu/Cebuano/model_architecture/Cebuano.tree_questions
INFO: main.c(587): 180 total simple questions (172 phone; 8 word bndry)
INFO: main.c(589): 42 Left Only questions, and 42 Right Only questions
INFO: dtree.c(1478): Final simple tree
|( QUESTION2_12_L -1 -9.290e+06 6.049e+04 4.025e+04
|    ( QUESTION0_0_R 1 -5.722e+06 1.100e+04 2.485e+04
|        ( WDBNDRY_E 0 -2.432e+06 9.501e+03 1.046e+04
|            ( - -1.198e+06 43 0 QUESTION0_1_R 1 1.201e+03 5.171e+03)
|            ( - -1.224e+06 33 0 QUESTION12 1 3.562e+03 5.287e+03))
|        ( SILENCE 1 -3.279e+06 3.965e+03 1.439e+04
|            ( - -3.765e+05 3 0)
|            ( - -2.898e+06 106 0 QUESTION2_17_L -1 3.821e+03 1.274e+04)))
|    ( QUESTION2_7_L -1 -3.508e+06 1.961e+04 1.540e+04
|        ( - -3.389e+05 2 0)
|        ( QUESTION9 1 -3.149e+06 1.018e+04 1.384e+04
|            ( - -6.123e+05 29 0 QUESTION12 -1 2.963e+03 2.738e+03)
|            ( WDBNDRY_B 0 -2.527e+06 5.011e+03 1.110e+04
|                ( - -3.521e+05 23 0 QUESTION2_20_L -1 3.583e+03 1.538e+03)
|                ( - -2.170e+06 13 0 QUESTION0_14_R 1 4.627e+02 9.562e+03)))))
s>    ( QUESTION2_12_L -1 -9.290e+06 6.049e+04 4.025e+04
s>        ( QUESTION0_0_R 1 -5.722e+06 1.100e+04 2.485e+04
s>            ( WDBNDRY_E 0 -2.432e+06 9.501e+03 1.046e+04
s>                ( - -1.198e+06 43 0 QUESTION0_1_R 1 1.201e+03 5.171e+03)
s>                ( - -1.224e+06 33 0 QUESTION12 1 3.562e+03 5.287e+03))
s>            ( SILENCE 1 -3.279e+06 3.965e+03 1.439e+04
s>                ( - -3.765e+05 3 0)
s>                ( - -2.898e+06 106 0 QUESTION2_17_L -1 3.821e+03 1.274e+04)))
s>        ( QUESTION2_7_L -1 -3.508e+06 1.961e+04 1.540e+04
s>            ( - -3.389e+05 2 0)
s>            ( QUESTION9 1 -3.149e+06 1.018e+04 1.384e+04
s>                ( - -6.123e+05 29 0 QUESTION12 -1 2.963e+03 2.738e+03)
s>                ( WDBNDRY_B 0 -2.527e+06 5.011e+03 1.110e+04
s>                    ( - -3.521e+05 23 0 QUESTION2_20_L -1 3.583e+03 1.538e+03)
s>                    ( - -2.170e+06 13 0 QUESTION0_14_R 1 4.627e+02 9.562e+03)))))INFO: dtree.c(1315): Comp split 0
INFO: dtree.c(1478): Final simple tree
|( QUESTION2_7_L -1 -3.508e+06 1.961e+04 1.540e+04
|    ( - -3.389e+05 2 0)
|    ( QUESTION9 1 -3.149e+06 1.018e+04 1.384e+04
|        ( QUESTION12 -1 -6.123e+05 2.963e+03 2.738e+03
|            ( QUESTION0_2_R 1 -5.220e+05 1.953e+03 2.357e+03
|                ( - -2.990e+05 3 0)
|                ( QUESTION0_10_R 1 -2.211e+05 1.095e+03 1.005e+03
|                    ( - -5.456e+04 2 0 WDBNDRY_B 0 5.875e+02 2.484e+02)
|                    ( - -1.654e+05 9 0 QUESTION0_0_R 1 7.867e+02 7.564e+02)))
|            ( - -8.731e+04 15 0 QUESTION0_9_R 1 5.579e+02 3.808e+02))
|        ( WDBNDRY_B 0 -2.527e+06 5.011e+03 1.110e+04
|            ( QUESTION2_20_L -1 -3.521e+05 3.583e+03 1.538e+03
|                ( - -1.614e+05 14 0 QUESTION0 -1 8.199e+02 6.977e+02)
|                ( - -1.871e+05 9 0 QUESTION2_9_L -1 7.536e+02 8.399e+02))
|            ( - -2.170e+06 13 0 QUESTION0_14_R 1 4.627e+02 9.562e+03))))
s>    ( QUESTION2_7_L -1 -3.508e+06 1.961e+04 1.540e+04
s>        ( - -3.389e+05 2 0)
s>        ( QUESTION9 1 -3.149e+06 1.018e+04 1.384e+04
s>            ( QUESTION12 -1 -6.123e+05 2.963e+03 2.738e+03
s>                ( QUESTION0_2_R 1 -5.220e+05 1.953e+03 2.357e+03
s>                    ( - -2.990e+05 3 0)
s>                    ( QUESTION0_10_R 1 -2.211e+05 1.095e+03 1.005e+03
s>                        ( - -5.456e+04 2 0 WDBNDRY_B 0 5.875e+02 2.484e+02)
s>                        ( - -1.654e+05 9 0 QUESTION0_0_R 1 7.867e+02 7.564e+02)))
s>                ( - -8.731e+04 15 0 QUESTION0_9_R 1 5.579e+02 3.808e+02))
s>            ( WDBNDRY_B 0 -2.527e+06 5.011e+03 1.110e+04
s>                ( QUESTION2_20_L -1 -3.521e+05 3.583e+03 1.538e+03
s>                    ( - -1.614e+05 14 0 QUESTION0 -1 8.199e+02 6.977e+02)
s>                    ( - -1.871e+05 9 0 QUESTION2_9_L -1 7.536e+02 8.399e+02))
s>                ( - -2.170e+06 13 0 QUESTION0_14_R 1 4.627e+02 9.562e+03))))INFO: dtree.c(1478): Final simple tree
|( QUESTION0_0_R 1 -5.722e+06 1.100e+04 2.485e+04
|    ( WDBNDRY_E 0 -2.432e+06 9.501e+03 1.046e+04
|        ( - -1.198e+06 43 0 QUESTION0_1_R 1 1.201e+03 5.171e+03)
|        ( QUESTION12 1 -1.224e+06 3.562e+03 5.287e+03
|            ( - -1.852e+05 8 0 QUESTION0 -1 4.979e+02 8.005e+02)
|            ( QUESTION14 -1 -1.035e+06 3.065e+03 4.486e+03
|                ( - -7.535e+04 6 0 QUESTION0_5_R 1 5.513e+02 3.360e+02)
|                ( - -9.571e+05 19 0 QUESTION0_3_R 1 8.796e+02 4.150e+03))))
|    ( SILENCE 1 -3.279e+06 3.965e+03 1.439e+04
|        ( - -3.765e+05 3 0)
|        ( QUESTION2_17_L -1 -2.898e+06 3.821e+03 1.274e+04
|            ( - -1.784e+05 17 0 QUESTION12 1 4.676e+02 8.051e+02)
|            ( QUESTION0_11_R 1 -2.716e+06 2.655e+03 1.194e+04
|                ( - -1.858e+05 6 0 WDBNDRY_E 0 1.741e+03 8.565e+02)
|                ( - -2.528e+06 83 0 WDBNDRY_E 0 1.917e+03 1.108e+04)))))
s>    ( QUESTION0_0_R 1 -5.722e+06 1.100e+04 2.485e+04
s>        ( WDBNDRY_E 0 -2.432e+06 9.501e+03 1.046e+04
s>            ( - -1.198e+06 43 0 QUESTION0_1_R 1 1.201e+03 5.171e+03)
s>            ( QUESTION12 1 -1.224e+06 3.562e+03 5.287e+03
s>                ( - -1.852e+05 8 0 QUESTION0 -1 4.979e+02 8.005e+02)
s>                ( QUESTION14 -1 -1.035e+06 3.065e+03 4.486e+03
s>                    ( - -7.535e+04 6 0 QUESTION0_5_R 1 5.513e+02 3.360e+02)
s>                    ( - -9.571e+05 19 0 QUESTION0_3_R 1 8.796e+02 4.150e+03))))
s>        ( SILENCE 1 -3.279e+06 3.965e+03 1.439e+04
s>            ( - -3.765e+05 3 0)
s>            ( QUESTION2_17_L -1 -2.898e+06 3.821e+03 1.274e+04
s>                ( - -1.784e+05 17 0 QUESTION12 1 4.676e+02 8.051e+02)
s>                ( QUESTION0_11_R 1 -2.716e+06 2.655e+03 1.194e+04
s>                    ( - -1.858e+05 6 0 WDBNDRY_E 0 1.741e+03 8.565e+02)
s>                    ( - -2.528e+06 83 0 WDBNDRY_E 0 1.917e+03 1.108e+04)))))INFO: dtree.c(1315): Comp split 1
INFO: dtree.c(1478): Final simple tree
|( QUESTION9 1 -3.149e+06 1.018e+04 1.384e+04
|    ( QUESTION12 -1 -6.123e+05 2.963e+03 2.738e+03
|        ( QUESTION0_2_R 1 -5.220e+05 1.953e+03 2.357e+03
|            ( - -2.990e+05 3 0)
|            ( QUESTION0_10_R 1 -2.211e+05 1.095e+03 1.005e+03
|                ( - -5.456e+04 2 0 WDBNDRY_B 0 5.875e+02 2.484e+02)
|                ( - -1.654e+05 9 0 QUESTION0_0_R 1 7.867e+02 7.564e+02)))
|        ( - -8.731e+04 15 0 QUESTION0_9_R 1 5.579e+02 3.808e+02))
|    ( WDBNDRY_B 0 -2.527e+06 5.011e+03 1.110e+04
|        ( QUESTION2_20_L -1 -3.521e+05 3.583e+03 1.538e+03
|            ( QUESTION0 -1 -1.614e+05 8.199e+02 6.977e+02
|                ( - -9.985e+04 5 0)
|                ( - -6.075e+04 9 0 QUESTION14 -1 5.035e+02 2.658e+02))
|            ( - -1.871e+05 9 0 QUESTION2_9_L -1 7.536e+02 8.399e+02))
|        ( - -2.170e+06 13 0 QUESTION0_14_R 1 4.627e+02 9.562e+03)))
s>    ( QUESTION9 1 -3.149e+06 1.018e+04 1.384e+04
s>        ( QUESTION12 -1 -6.123e+05 2.963e+03 2.738e+03
s>            ( QUESTION0_2_R 1 -5.220e+05 1.953e+03 2.357e+03
s>                ( - -2.990e+05 3 0)
s>                ( QUESTION0_10_R 1 -2.211e+05 1.095e+03 1.005e+03
s>                    ( - -5.456e+04 2 0 WDBNDRY_B 0 5.875e+02 2.484e+02)
s>                    ( - -1.654e+05 9 0 QUESTION0_0_R 1 7.867e+02 7.564e+02)))
s>            ( - -8.731e+04 15 0 QUESTION0_9_R 1 5.579e+02 3.808e+02))
s>        ( WDBNDRY_B 0 -2.527e+06 5.011e+03 1.110e+04
s>            ( QUESTION2_20_L -1 -3.521e+05 3.583e+03 1.538e+03
s>                ( QUESTION0 -1 -1.614e+05 8.199e+02 6.977e+02
s>                    ( - -9.985e+04 5 0)
s>                    ( - -6.075e+04 9 0 QUESTION14 -1 5.035e+02 2.658e+02))
s>                ( - -1.871e+05 9 0 QUESTION2_9_L -1 7.536e+02 8.399e+02))
s>            ( - -2.170e+06 13 0 QUESTION0_14_R 1 4.627e+02 9.562e+03)))INFO: dtree.c(1315): Comp split 2
INFO: dtree.c(1478): Final simple tree
|( QUESTION10 1 -4.322e+06 7.813e+03 1.888e+04
|    ( - -8.212e+05 14 0 QUESTION0 -1 9.606e+02 3.560e+03)
|    ( QUESTION2_17_L -1 -3.492e+06 5.000e+03 1.532e+04
|        ( - -2.360e+05 20 0 QUESTION0_5_R 1 7.054e+02 1.062e+03)
|        ( SILENCE 1 -3.251e+06 3.973e+03 1.426e+04
|            ( - -3.765e+05 3 0)
|            ( QUESTION0_11_R 1 -2.871e+06 2.751e+03 1.261e+04
|                ( WDBNDRY_E 0 -1.858e+05 1.741e+03 8.565e+02
|                    ( - -3.253e+04 2 0)
|                    ( - -1.515e+05 4 0 QUESTION0 -1 2.372e+02 7.120e+02))
|                ( WDBNDRY_E 0 -2.682e+06 1.888e+03 1.175e+04
|                    ( - -6.507e+05 30 0 QUESTION14 1 7.481e+02 2.834e+03)
|                    ( QUESTION0 1 -2.030e+06 1.626e+03 8.918e+03
|                        ( - -1.597e+06 35 0 QUESTION0_9_R 1 1.481e+03 7.046e+03)
|                        ( - -4.313e+05 26 0 QUESTION16 1 1.042e+03 1.872e+03)))))))
s>    ( QUESTION10 1 -4.322e+06 7.813e+03 1.888e+04
s>        ( - -8.212e+05 14 0 QUESTION0 -1 9.606e+02 3.560e+03)
s>        ( QUESTION2_17_L -1 -3.492e+06 5.000e+03 1.532e+04
s>            ( - -2.360e+05 20 0 QUESTION0_5_R 1 7.054e+02 1.062e+03)
s>            ( SILENCE 1 -3.251e+06 3.973e+03 1.426e+04
s>                ( - -3.765e+05 3 0)
s>                ( QUESTION0_11_R 1 -2.871e+06 2.751e+03 1.261e+04
s>                    ( WDBNDRY_E 0 -1.858e+05 1.741e+03 8.565e+02
s>                        ( - -3.253e+04 2 0)
s>                        ( - -1.515e+05 4 0 QUESTION0 -1 2.372e+02 7.120e+02))
s>                    ( WDBNDRY_E 0 -2.682e+06 1.888e+03 1.175e+04
s>                        ( - -6.507e+05 30 0 QUESTION14 1 7.481e+02 2.834e+03)
s>                        ( QUESTION0 1 -2.030e+06 1.626e+03 8.918e+03
s>                            ( - -1.597e+06 35 0 QUESTION0_9_R 1 1.481e+03 7.046e+03)
s>                            ( - -4.313e+05 26 0 QUESTION16 1 1.042e+03 1.872e+03)))))))INFO: dtree.c(1478): Final simple tree
|( QUESTION0_5_R 1 -1.384e+06 1.244e+03 5.971e+03
|    ( QUESTION0 -1 -2.301e+05 5.178e+02 1.000e+03
|        ( - -2.216e+05 6 0 QUESTION0_6_R 1 2.391e+02 9.630e+02)
|        ( - -8.020e+03 1 0))
|    ( WDBNDRY_I 0 -1.153e+06 9.495e+02 4.971e+03
|        ( QUESTION0 -1 -1.842e+05 5.028e+02 7.965e+02
|            ( - -1.743e+05 5 0)
|            ( - -9.347e+03 2 0))
|        ( QUESTION0_3_R 1 -9.680e+05 9.759e+02 4.174e+03
|            ( QUESTION2_18_L -1 -3.862e+05 5.076e+02 1.665e+03
|                ( - -8.479e+03 1 0)
|                ( - -3.772e+05 12 0 QUESTION0 -1 2.060e+02 1.626e+03))
|            ( QUESTION12 1 -5.808e+05 6.643e+02 2.509e+03
|                ( - -3.110e+05 9 0 QUESTION0 -1 3.165e+02 1.332e+03)
|                ( - -2.692e+05 15 0 QUESTION2_13_L -1 4.720e+02 1.177e+03)))))
s>    ( QUESTION0_5_R 1 -1.384e+06 1.244e+03 5.971e+03
s>        ( QUESTION0 -1 -2.301e+05 5.178e+02 1.000e+03
s>            ( - -2.216e+05 6 0 QUESTION0_6_R 1 2.391e+02 9.630e+02)
s>            ( - -8.020e+03 1 0))
s>        ( WDBNDRY_I 0 -1.153e+06 9.495e+02 4.971e+03
s>            ( QUESTION0 -1 -1.842e+05 5.028e+02 7.965e+02
s>                ( - -1.743e+05 5 0)
s>                ( - -9.347e+03 2 0))
s>            ( QUESTION0_3_R 1 -9.680e+05 9.759e+02 4.174e+03
s>                ( QUESTION2_18_L -1 -3.862e+05 5.076e+02 1.665e+03
s>                    ( - -8.479e+03 1 0)
s>                    ( - -3.772e+05 12 0 QUESTION0 -1 2.060e+02 1.626e+03))
s>                ( QUESTION12 1 -5.808e+05 6.643e+02 2.509e+03
s>                    ( - -3.110e+05 9 0 QUESTION0 -1 3.165e+02 1.332e+03)
s>                    ( - -2.692e+05 15 0 QUESTION2_13_L -1 4.720e+02 1.177e+03)))))INFO: dtree.c(1315): Comp split 3
INFO: dtree.c(1478): Final simple tree
|( QUESTION0_2_R 1 -4.661e+05 1.701e+03 2.109e+03
|    ( - -2.990e+05 3 0)
|    ( QUESTION0_0_R 1 -1.654e+05 7.867e+02 7.564e+02
|        ( QUESTION10 1 -5.529e+04 6.645e+02 2.598e+02
|            ( - -4.590e+04 1 0)
|            ( - -8.731e+03 2 0))
|        ( QUESTION0_16_R 1 -1.093e+05 3.121e+02 4.967e+02
|            ( - -1.169e+04 2 0 WDBNDRY_B 0 1.634e+02 5.527e+01)
|            ( WDBNDRY_B 0 -9.734e+04 2.828e+02 4.414e+02
|                ( QUESTION0_9_R 1 -4.611e+03 4.644e+02 2.007e+01
|                    ( - 2.163e+02 1 0)
|                    ( - -4.363e+03 1 0))
|                ( QUESTION0_9_R 1 -9.244e+04 2.636e+02 4.213e+02
|                    ( - -8.903e+04 1 0)
|                    ( - -3.153e+03 1 0))))))
s>    ( QUESTION0_2_R 1 -4.661e+05 1.701e+03 2.109e+03
s>        ( - -2.990e+05 3 0)
s>        ( QUESTION0_0_R 1 -1.654e+05 7.867e+02 7.564e+02
s>            ( QUESTION10 1 -5.529e+04 6.645e+02 2.598e+02
s>                ( - -4.590e+04 1 0)
s>                ( - -8.731e+03 2 0))
s>            ( QUESTION0_16_R 1 -1.093e+05 3.121e+02 4.967e+02
s>                ( - -1.169e+04 2 0 WDBNDRY_B 0 1.634e+02 5.527e+01)
s>                ( WDBNDRY_B 0 -9.734e+04 2.828e+02 4.414e+02
s>                    ( QUESTION0_9_R 1 -4.611e+03 4.644e+02 2.007e+01
s>                        ( - 2.163e+02 1 0)
s>                        ( - -4.363e+03 1 0))
s>                    ( QUESTION0_9_R 1 -9.244e+04 2.636e+02 4.213e+02
s>                        ( - -8.903e+04 1 0)
s>                        ( - -3.153e+03 1 0))))))INFO: dtree.c(1478): Final simple tree
|( QUESTION12 -1 -2.671e+06 6.031e+03 1.173e+04
|    ( QUESTION0_9_R 1 -2.235e+06 1.180e+03 9.857e+03
|        ( WDBNDRY_B 0 -5.456e+04 5.875e+02 2.484e+02
|            ( - -1.810e+04 1 0)
|            ( - -3.588e+04 1 0))
|        ( WDBNDRY_B 0 -2.179e+06 4.925e+02 9.609e+03
|            ( - -1.853e+04 3 0)
|            ( - -2.160e+06 6 0 QUESTION0_0_R 1 4.176e+02 9.524e+03)))
|    ( QUESTION2_20_L -1 -4.303e+05 4.381e+03 1.871e+03
|        ( QUESTION0 -1 -2.222e+05 8.725e+02 9.590e+02
|            ( - -1.260e+05 12 0 QUESTION17 1 3.275e+02 5.455e+02)
|            ( - -9.533e+04 15 0 QUESTION0_9_R 1 4.311e+02 4.135e+02))
|        ( QUESTION9 -1 -2.037e+05 7.634e+02 9.121e+02
|            ( - -3.160e+04 8 0 QUESTION2_10_L -1 1.693e+02 1.366e+02)
|            ( - -1.714e+05 7 0 SILENCE -1 2.843e+02 7.754e+02))))
s>    ( QUESTION12 -1 -2.671e+06 6.031e+03 1.173e+04
s>        ( QUESTION0_9_R 1 -2.235e+06 1.180e+03 9.857e+03
s>            ( WDBNDRY_B 0 -5.456e+04 5.875e+02 2.484e+02
s>                ( - -1.810e+04 1 0)
s>                ( - -3.588e+04 1 0))
s>            ( WDBNDRY_B 0 -2.179e+06 4.925e+02 9.609e+03
s>                ( - -1.853e+04 3 0)
s>                ( - -2.160e+06 6 0 QUESTION0_0_R 1 4.176e+02 9.524e+03)))
s>        ( QUESTION2_20_L -1 -4.303e+05 4.381e+03 1.871e+03
s>            ( QUESTION0 -1 -2.222e+05 8.725e+02 9.590e+02
s>                ( - -1.260e+05 12 0 QUESTION17 1 3.275e+02 5.455e+02)
s>                ( - -9.533e+04 15 0 QUESTION0_9_R 1 4.311e+02 4.135e+02))
s>            ( QUESTION9 -1 -2.037e+05 7.634e+02 9.121e+02
s>                ( - -3.160e+04 8 0 QUESTION2_10_L -1 1.693e+02 1.366e+02)
s>                ( - -1.714e+05 7 0 SILENCE -1 2.843e+02 7.754e+02))))INFO: dtree.c(1315): Comp split 4
INFO: dtree.c(1478): Final simple tree
|( QUESTION0_3_R 1 -1.287e+06 1.242e+03 5.576e+03
|    ( QUESTION0 -1 -7.494e+05 7.025e+02 3.251e+03
|        ( - -7.363e+05 6 0)
|        ( - -1.239e+04 2 0))
|    ( QUESTION16 1 -5.360e+05 1.059e+03 2.325e+03
|        ( QUESTION0_18_R 1 -2.254e+05 7.120e+02 9.850e+02
|            ( - -1.941e+04 1 0)
|            ( QUESTION0_16_R 1 -2.053e+05 4.660e+02 8.975e+02
|                ( - -1.211e+05 8 0 WDBNDRY_B 0 2.391e+02 5.310e+02)
|                ( - -8.377e+04 9 0 WDBNDRY_E 0 3.709e+02 3.665e+02)))
|        ( QUESTION0_9_R 1 -3.095e+05 5.307e+02 1.340e+03
|            ( - -1.132e+05 1 0)
|            ( QUESTION0_5_R 1 -1.958e+05 4.326e+02 8.510e+02
|                ( - -1.081e+05 2 0)
|                ( - -8.728e+04 13 0 QUESTION0 -1 4.136e+02 3.773e+02)))))
s>    ( QUESTION0_3_R 1 -1.287e+06 1.242e+03 5.576e+03
s>        ( QUESTION0 -1 -7.494e+05 7.025e+02 3.251e+03
s>            ( - -7.363e+05 6 0)
s>            ( - -1.239e+04 2 0))
s>        ( QUESTION16 1 -5.360e+05 1.059e+03 2.325e+03
s>            ( QUESTION0_18_R 1 -2.254e+05 7.120e+02 9.850e+02
s>                ( - -1.941e+04 1 0)
s>                ( QUESTION0_16_R 1 -2.053e+05 4.660e+02 8.975e+02
s>                    ( - -1.211e+05 8 0 WDBNDRY_B 0 2.391e+02 5.310e+02)
s>                    ( - -8.377e+04 9 0 WDBNDRY_E 0 3.709e+02 3.665e+02)))
s>            ( QUESTION0_9_R 1 -3.095e+05 5.307e+02 1.340e+03
s>                ( - -1.132e+05 1 0)
s>                ( QUESTION0_5_R 1 -1.958e+05 4.326e+02 8.510e+02
s>                    ( - -1.081e+05 2 0)
s>                    ( - -8.728e+04 13 0 QUESTION0 -1 4.136e+02 3.773e+02)))))INFO: dtree.c(1478): Final simple tree
|( QUESTION2_17_L -1 -3.026e+06 4.812e+03 1.330e+04
|    ( QUESTION0_5_R 1 -2.360e+05 7.054e+02 1.062e+03
|        ( - -4.958e+04 1 0)
|        ( - -1.857e+05 19 0 QUESTION12 1 4.676e+02 8.364e+02))
|    ( QUESTION0_13_R 1 -2.785e+06 3.841e+03 1.224e+04
|        ( WDBNDRY_E 0 -2.043e+06 1.730e+03 8.976e+03
|            ( - -5.661e+05 21 0 QUESTION0_16_R 1 4.606e+02 2.467e+03)
|            ( - -1.476e+06 33 0 WDBNDRY_B 0 6.840e+02 6.509e+03))
|        ( QUESTION0_11_R 1 -7.375e+05 2.663e+03 3.263e+03
|            ( - -1.515e+05 4 0 QUESTION0 -1 2.372e+02 7.120e+02)
|            ( SILENCE 1 -5.834e+05 2.111e+03 2.551e+03
|                ( - -3.765e+05 3 0)
|                ( WDBNDRY_E 0 -2.047e+05 7.001e+02 9.041e+02
|                    ( - -8.425e+04 9 0 QUESTION14 1 5.612e+02 3.671e+02)
|                    ( - -1.198e+05 2 0))))))
s>    ( QUESTION2_17_L -1 -3.026e+06 4.812e+03 1.330e+04
s>        ( QUESTION0_5_R 1 -2.360e+05 7.054e+02 1.062e+03
s>            ( - -4.958e+04 1 0)
s>            ( - -1.857e+05 19 0 QUESTION12 1 4.676e+02 8.364e+02))
s>        ( QUESTION0_13_R 1 -2.785e+06 3.841e+03 1.224e+04
s>            ( WDBNDRY_E 0 -2.043e+06 1.730e+03 8.976e+03
s>                ( - -5.661e+05 21 0 QUESTION0_16_R 1 4.606e+02 2.467e+03)
s>                ( - -1.476e+06 33 0 WDBNDRY_B 0 6.840e+02 6.509e+03))
s>            ( QUESTION0_11_R 1 -7.375e+05 2.663e+03 3.263e+03
s>                ( - -1.515e+05 4 0 QUESTION0 -1 2.372e+02 7.120e+02)
s>                ( SILENCE 1 -5.834e+05 2.111e+03 2.551e+03
s>                    ( - -3.765e+05 3 0)
s>                    ( WDBNDRY_E 0 -2.047e+05 7.001e+02 9.041e+02
s>                        ( - -8.425e+04 9 0 QUESTION14 1 5.612e+02 3.671e+02)
s>                        ( - -1.198e+05 2 0))))))INFO: dtree.c(1315): Comp split 5
INFO: dtree.c(1478): Final simple tree
|( QUESTION2_20_L -1 -4.492e+05 4.208e+03 1.956e+03
|    ( QUESTION0 -1 -2.412e+05 9.231e+02 1.044e+03
|        ( QUESTION17 1 -1.260e+05 3.275e+02 5.455e+02
|            ( - -9.292e+03 3 0 QUESTION0_16_R 1 1.460e+02 4.340e+01)
|            ( - -1.164e+05 9 0 QUESTION0_9_R 1 3.083e+02 5.021e+02))
|        ( QUESTION14 -1 -1.143e+05 5.965e+02 4.989e+02
|            ( QUESTION0_9_R 1 -8.575e+04 4.074e+02 3.721e+02
|                ( WDBNDRY_B 0 -4.396e+04 4.591e+02 1.932e+02
|                    ( - 2.030e+02 1 0)
|                    ( - -4.370e+04 1 0))
|                ( - -4.138e+04 8 0 QUESTION0 1 1.948e+02 1.789e+02))
|            ( - -2.797e+04 8 0 QUESTION12 -1 1.923e+02 1.268e+02)))
|    ( QUESTION9 -1 -2.037e+05 7.634e+02 9.121e+02
|        ( - -3.160e+04 8 0 QUESTION2_10_L -1 1.693e+02 1.366e+02)
|        ( - -1.714e+05 7 0 SILENCE -1 2.843e+02 7.754e+02)))
s>    ( QUESTION2_20_L -1 -4.492e+05 4.208e+03 1.956e+03
s>        ( QUESTION0 -1 -2.412e+05 9.231e+02 1.044e+03
s>            ( QUESTION17 1 -1.260e+05 3.275e+02 5.455e+02
s>                ( - -9.292e+03 3 0 QUESTION0_16_R 1 1.460e+02 4.340e+01)
s>                ( - -1.164e+05 9 0 QUESTION0_9_R 1 3.083e+02 5.021e+02))
s>            ( QUESTION14 -1 -1.143e+05 5.965e+02 4.989e+02
s>                ( QUESTION0_9_R 1 -8.575e+04 4.074e+02 3.721e+02
s>                    ( WDBNDRY_B 0 -4.396e+04 4.591e+02 1.932e+02
s>                        ( - 2.030e+02 1 0)
s>                        ( - -4.370e+04 1 0))
s>                    ( - -4.138e+04 8 0 QUESTION0 1 1.948e+02 1.789e+02))
s>                ( - -2.797e+04 8 0 QUESTION12 -1 1.923e+02 1.268e+02)))
s>        ( QUESTION9 -1 -2.037e+05 7.634e+02 9.121e+02
s>            ( - -3.160e+04 8 0 QUESTION2_10_L -1 1.693e+02 1.366e+02)
s>            ( - -1.714e+05 7 0 SILENCE -1 2.843e+02 7.754e+02)))INFO: dtree.c(1439): stop. leaf nodes are specific
INFO: dtree.c(1478): Final simple tree
|( QUESTION0_9_R 1 -2.216e+06 1.181e+03 9.772e+03
|    ( WDBNDRY_B 0 -5.456e+04 5.875e+02 2.484e+02
|        ( - -1.810e+04 1 0)
|        ( - -3.588e+04 1 0))
|    ( QUESTION0_0_R 1 -2.160e+06 4.176e+02 9.524e+03
|        ( - -1.930e+04 1 0)
|        ( - -2.141e+06 5 0)))
s>    ( QUESTION0_9_R 1 -2.216e+06 1.181e+03 9.772e+03
s>        ( WDBNDRY_B 0 -5.456e+04 5.875e+02 2.484e+02
s>            ( - -1.810e+04 1 0)
s>            ( - -3.588e+04 1 0))
s>        ( QUESTION0_0_R 1 -2.160e+06 4.176e+02 9.524e+03
s>            ( - -1.930e+04 1 0)
s>            ( - -2.141e+06 5 0)))INFO: dtree.c(1315): Comp split 6
INFO: dtree.c(1478): Final simple tree
|( SILENCE 1 -2.630e+06 3.906e+03 1.153e+04
|    ( - -3.765e+05 3 0)
|    ( WDBNDRY_E 0 -2.249e+06 1.893e+03 9.880e+03
|        ( QUESTION14 1 -6.507e+05 7.481e+02 2.834e+03
|            ( - -8.459e+04 7 0 QUESTION0_9_R 1 2.203e+02 3.645e+02)
|            ( QUESTION16 1 -5.654e+05 3.982e+02 2.469e+03
|                ( - -6.255e+04 5 0 QUESTION0_16_R 1 2.516e+02 2.747e+02)
|                ( QUESTION0_16_R 1 -5.024e+05 4.593e+02 2.195e+03
|                    ( - -1.555e+04 1 0)
|                    ( - -4.864e+05 17 0 QUESTION0_14_R 1 3.231e+02 2.125e+03))))
|        ( QUESTION0_9_R 1 -1.597e+06 1.481e+03 7.046e+03
|            ( - -1.198e+05 2 0)
|            ( WDBNDRY_B 0 -1.476e+06 6.840e+02 6.509e+03
|                ( - -7.199e+04 10 0 QUESTION0 -1 1.007e+02 3.165e+02)
|                ( - -1.403e+06 23 0 QUESTION15 -1 2.517e+02 6.192e+03)))))
s>    ( SILENCE 1 -2.630e+06 3.906e+03 1.153e+04
s>        ( - -3.765e+05 3 0)
s>        ( WDBNDRY_E 0 -2.249e+06 1.893e+03 9.880e+03
s>            ( QUESTION14 1 -6.507e+05 7.481e+02 2.834e+03
s>                ( - -8.459e+04 7 0 QUESTION0_9_R 1 2.203e+02 3.645e+02)
s>                ( QUESTION16 1 -5.654e+05 3.982e+02 2.469e+03
s>                    ( - -6.255e+04 5 0 QUESTION0_16_R 1 2.516e+02 2.747e+02)
s>                    ( QUESTION0_16_R 1 -5.024e+05 4.593e+02 2.195e+03
s>                        ( - -1.555e+04 1 0)
s>                        ( - -4.864e+05 17 0 QUESTION0_14_R 1 3.231e+02 2.125e+03))))
s>            ( QUESTION0_9_R 1 -1.597e+06 1.481e+03 7.046e+03
s>                ( - -1.198e+05 2 0)
s>                ( WDBNDRY_B 0 -1.476e+06 6.840e+02 6.509e+03
s>                    ( - -7.199e+04 10 0 QUESTION0 -1 1.007e+02 3.165e+02)
s>                    ( - -1.403e+06 23 0 QUESTION15 -1 2.517e+02 6.192e+03)))))INFO: dtree.c(1478): Final simple tree
|( QUESTION2_17_L -1 -3.908e+05 3.285e+03 1.774e+03
|    ( QUESTION0_5_R 1 -2.360e+05 7.054e+02 1.062e+03
|        ( - -4.958e+04 1 0)
|        ( QUESTION12 1 -1.857e+05 4.676e+02 8.364e+02
|            ( - 2.412e+02 1 0)
|            ( WDBNDRY_I 0 -1.855e+05 3.627e+02 8.354e+02
|                ( QUESTION0_17_R 1 -1.577e+05 2.958e+02 7.140e+02
|                    ( - -1.363e+04 1 0)
|                    ( QUESTION0_14_R 1 -1.437e+05 2.779e+02 6.503e+02
|                        ( QUESTION0 -1 -1.097e+05 3.599e+02 4.978e+02
|                            ( - -2.913e+03 1 0)
|                            ( - -1.064e+05 4 0))
|                        ( - -3.381e+04 6 0 QUESTION0 -1 2.954e+02 1.525e+02)))
|                ( - -2.748e+04 6 0 QUESTION0 -1 2.048e+02 1.213e+02))))
|    ( - -1.515e+05 4 0 QUESTION0 -1 2.372e+02 7.120e+02))
s>    ( QUESTION2_17_L -1 -3.908e+05 3.285e+03 1.774e+03
s>        ( QUESTION0_5_R 1 -2.360e+05 7.054e+02 1.062e+03
s>            ( - -4.958e+04 1 0)
s>            ( QUESTION12 1 -1.857e+05 4.676e+02 8.364e+02
s>                ( - 2.412e+02 1 0)
s>                ( WDBNDRY_I 0 -1.855e+05 3.627e+02 8.354e+02
s>                    ( QUESTION0_17_R 1 -1.577e+05 2.958e+02 7.140e+02
s>                        ( - -1.363e+04 1 0)
s>                        ( QUESTION0_14_R 1 -1.437e+05 2.779e+02 6.503e+02
s>                            ( QUESTION0 -1 -1.097e+05 3.599e+02 4.978e+02
s>                                ( - -2.913e+03 1 0)
s>                                ( - -1.064e+05 4 0))
s>                            ( - -3.381e+04 6 0 QUESTION0 -1 2.954e+02 1.525e+02)))
s>                    ( - -2.748e+04 6 0 QUESTION0 -1 2.048e+02 1.213e+02))))
s>        ( - -1.515e+05 4 0 QUESTION0 -1 2.372e+02 7.120e+02))INFO: dtree.c(1315): Comp split 7
INFO: dtree.c(1478): Final simple tree
|( QUESTION0 -1 -2.126e+05 8.736e+02 9.176e+02
|    ( QUESTION17 1 -1.260e+05 3.275e+02 5.455e+02
|        ( - -9.292e+03 3 0 QUESTION0_16_R 1 1.460e+02 4.340e+01)
|        ( QUESTION0_9_R 1 -1.164e+05 3.083e+02 5.021e+02
|            ( - -1.339e+04 1 0)
|            ( - -1.027e+05 8 0 QUESTION0_14_R 1 1.280e+02 4.439e+02)))
|    ( QUESTION0_9_R 1 -8.575e+04 4.074e+02 3.721e+02
|        ( WDBNDRY_B 0 -4.396e+04 4.591e+02 1.932e+02
|            ( - 2.030e+02 1 0)
|            ( - -4.370e+04 1 0))
|        ( QUESTION0 1 -4.138e+04 1.948e+02 1.789e+02
|            ( - -3.720e+04 5 0 WDBNDRY_B 0 1.763e+02 1.609e+02)
|            ( WDBNDRY_B 0 -3.985e+03 1.973e+02 1.800e+01
|                ( - -3.130e+03 2 0 QUESTION0_16_R 1 1.579e+02 1.400e+01)
|                ( - -6.579e+02 1 0)))))
s>    ( QUESTION0 -1 -2.126e+05 8.736e+02 9.176e+02
s>        ( QUESTION17 1 -1.260e+05 3.275e+02 5.455e+02
s>            ( - -9.292e+03 3 0 QUESTION0_16_R 1 1.460e+02 4.340e+01)
s>            ( QUESTION0_9_R 1 -1.164e+05 3.083e+02 5.021e+02
s>                ( - -1.339e+04 1 0)
s>                ( - -1.027e+05 8 0 QUESTION0_14_R 1 1.280e+02 4.439e+02)))
s>        ( QUESTION0_9_R 1 -8.575e+04 4.074e+02 3.721e+02
s>            ( WDBNDRY_B 0 -4.396e+04 4.591e+02 1.932e+02
s>                ( - 2.030e+02 1 0)
s>                ( - -4.370e+04 1 0))
s>            ( QUESTION0 1 -4.138e+04 1.948e+02 1.789e+02
s>                ( - -3.720e+04 5 0 WDBNDRY_B 0 1.763e+02 1.609e+02)
s>                ( WDBNDRY_B 0 -3.985e+03 1.973e+02 1.800e+01
s>                    ( - -3.130e+03 2 0 QUESTION0_16_R 1 1.579e+02 1.400e+01)
s>                    ( - -6.579e+02 1 0)))))INFO: dtree.c(1478): Final simple tree
|( QUESTION9 -1 -2.321e+05 7.542e+02 1.039e+03
|    ( QUESTION2_9_L -1 -6.001e+04 4.623e+02 2.635e+02
|        ( - -2.803e+04 6 0 QUESTION2_10_L -1 1.644e+02 1.215e+02)
|        ( QUESTION13 -1 -3.153e+04 1.847e+02 1.420e+02
|            ( QUESTION17 1 -9.242e+03 2.084e+02 4.139e+01
|                ( - -1.272e+03 1 0)
|                ( WDBNDRY_E 0 -7.762e+03 1.827e+02 3.439e+01
|                    ( - -2.572e+02 1 0)
|                    ( - -7.322e+03 3 0 WDBNDRY_B 0 1.260e+02 3.239e+01)))
|            ( - -2.210e+04 5 0 QUESTION0_14_R 1 1.372e+02 1.006e+02)))
|    ( SILENCE -1 -1.714e+05 2.843e+02 7.754e+02
|        ( QUESTION0_14_R 1 -1.636e+05 2.514e+02 7.419e+02
|            ( - -1.538e+05 4 0)
|            ( - -9.560e+03 1 0))
|        ( - -7.450e+03 2 0 QUESTION0_14_R 1 1.293e+02 3.355e+01)))
s>    ( QUESTION9 -1 -2.321e+05 7.542e+02 1.039e+03
s>        ( QUESTION2_9_L -1 -6.001e+04 4.623e+02 2.635e+02
s>            ( - -2.803e+04 6 0 QUESTION2_10_L -1 1.644e+02 1.215e+02)
s>            ( QUESTION13 -1 -3.153e+04 1.847e+02 1.420e+02
s>                ( QUESTION17 1 -9.242e+03 2.084e+02 4.139e+01
s>                    ( - -1.272e+03 1 0)
s>                    ( WDBNDRY_E 0 -7.762e+03 1.827e+02 3.439e+01
s>                        ( - -2.572e+02 1 0)
s>                        ( - -7.322e+03 3 0 WDBNDRY_B 0 1.260e+02 3.239e+01)))
s>                ( - -2.210e+04 5 0 QUESTION0_14_R 1 1.372e+02 1.006e+02)))
s>        ( SILENCE -1 -1.714e+05 2.843e+02 7.754e+02
s>            ( QUESTION0_14_R 1 -1.636e+05 2.514e+02 7.419e+02
s>                ( - -1.538e+05 4 0)
s>                ( - -9.560e+03 1 0))
s>            ( - -7.450e+03 2 0 QUESTION0_14_R 1 1.293e+02 3.355e+01)))INFO: dtree.c(1315): Comp split 8
INFO: dtree.c(1439): stop. leaf nodes are specific
INFO: dtree.c(1478): Final simple tree
|( SILENCE 1 -3.925e+05 4.030e+02 1.717e+03
|    ( - -3.765e+05 3 0)
|    ( - -1.555e+04 1 0))
s>    ( SILENCE 1 -3.925e+05 4.030e+02 1.717e+03
s>        ( - -3.765e+05 3 0)
s>        ( - -1.555e+04 1 0))INFO: dtree.c(1478): Final simple tree
|( WDBNDRY_E 0 -2.233e+06 1.867e+03 9.810e+03
|    ( QUESTION14 1 -6.348e+05 8.193e+02 2.764e+03
|        ( - -8.459e+04 7 0 QUESTION0_9_R 1 2.203e+02 3.645e+02)
|        ( QUESTION0_16_R 1 -5.493e+05 4.697e+02 2.400e+03
|            ( - -5.234e+04 3 0)
|            ( QUESTION0_14_R 1 -4.965e+05 3.548e+02 2.169e+03
|                ( - -4.319e+05 10 0)
|                ( - -6.425e+04 9 0 QUESTION0_20_R 1 1.713e+02 2.823e+02))))
|    ( QUESTION0_9_R 1 -1.597e+06 1.481e+03 7.046e+03
|        ( - -1.198e+05 2 0)
|        ( WDBNDRY_B 0 -1.476e+06 6.840e+02 6.509e+03
|            ( - -7.199e+04 10 0 QUESTION0 -1 1.007e+02 3.165e+02)
|            ( QUESTION15 -1 -1.403e+06 2.517e+02 6.192e+03
|                ( - -8.924e+03 3 0 QUESTION16 -1 1.394e+02 3.851e+01)
|                ( - -1.394e+06 20 0 QUESTION0 -1 1.745e+02 6.154e+03)))))
s>    ( WDBNDRY_E 0 -2.233e+06 1.867e+03 9.810e+03
s>        ( QUESTION14 1 -6.348e+05 8.193e+02 2.764e+03
s>            ( - -8.459e+04 7 0 QUESTION0_9_R 1 2.203e+02 3.645e+02)
s>            ( QUESTION0_16_R 1 -5.493e+05 4.697e+02 2.400e+03
s>                ( - -5.234e+04 3 0)
s>                ( QUESTION0_14_R 1 -4.965e+05 3.548e+02 2.169e+03
s>                    ( - -4.319e+05 10 0)
s>                    ( - -6.425e+04 9 0 QUESTION0_20_R 1 1.713e+02 2.823e+02))))
s>        ( QUESTION0_9_R 1 -1.597e+06 1.481e+03 7.046e+03
s>            ( - -1.198e+05 2 0)
s>            ( WDBNDRY_B 0 -1.476e+06 6.840e+02 6.509e+03
s>                ( - -7.199e+04 10 0 QUESTION0 -1 1.007e+02 3.165e+02)
s>                ( QUESTION15 -1 -1.403e+06 2.517e+02 6.192e+03
s>                    ( - -8.924e+03 3 0 QUESTION16 -1 1.394e+02 3.851e+01)
s>                    ( - -1.394e+06 20 0 QUESTION0 -1 1.745e+02 6.154e+03)))))INFO: dtree.c(1315): Comp split 9
INFO: dtree.c(1478): Final simple tree
|( QUESTION0_5_R 1 -2.360e+05 7.054e+02 1.062e+03
|    ( - -4.958e+04 1 0)
|    ( QUESTION12 1 -1.857e+05 4.676e+02 8.364e+02
|        ( - 2.412e+02 1 0)
|        ( WDBNDRY_I 0 -1.855e+05 3.627e+02 8.354e+02
|            ( QUESTION0_17_R 1 -1.577e+05 2.958e+02 7.140e+02
|                ( - -1.363e+04 1 0)
|                ( QUESTION0_14_R 1 -1.437e+05 2.779e+02 6.503e+02
|                    ( QUESTION0 -1 -1.097e+05 3.599e+02 4.978e+02
|                        ( - -2.913e+03 1 0)
|                        ( - -1.064e+05 4 0))
|                    ( QUESTION0 -1 -3.381e+04 2.954e+02 1.525e+02
|                        ( - -1.963e+04 1 0)
|                        ( - -1.388e+04 5 0 QUESTION0_11_R 1 1.617e+02 6.089e+01))))
|            ( - -2.748e+04 6 0 QUESTION0 -1 2.048e+02 1.213e+02))))
s>    ( QUESTION0_5_R 1 -2.360e+05 7.054e+02 1.062e+03
s>        ( - -4.958e+04 1 0)
s>        ( QUESTION12 1 -1.857e+05 4.676e+02 8.364e+02
s>            ( - 2.412e+02 1 0)
s>            ( WDBNDRY_I 0 -1.855e+05 3.627e+02 8.354e+02
s>                ( QUESTION0_17_R 1 -1.577e+05 2.958e+02 7.140e+02
s>                    ( - -1.363e+04 1 0)
s>                    ( QUESTION0_14_R 1 -1.437e+05 2.779e+02 6.503e+02
s>                        ( QUESTION0 -1 -1.097e+05 3.599e+02 4.978e+02
s>                            ( - -2.913e+03 1 0)
s>                            ( - -1.064e+05 4 0))
s>                        ( QUESTION0 -1 -3.381e+04 2.954e+02 1.525e+02
s>                            ( - -1.963e+04 1 0)
s>                            ( - -1.388e+04 5 0 QUESTION0_11_R 1 1.617e+02 6.089e+01))))
s>                ( - -2.748e+04 6 0 QUESTION0 -1 2.048e+02 1.213e+02))))INFO: dtree.c(1439): stop. leaf nodes are specific
INFO: dtree.c(1478): Final simple tree
|( QUESTION0 -1 -1.515e+05 2.372e+02 7.120e+02
|    ( - -1.504e+05 3 0)
|    ( - -8.161e+02 1 0))
s>    ( QUESTION0 -1 -1.515e+05 2.372e+02 7.120e+02
s>        ( - -1.504e+05 3 0)
s>        ( - -8.161e+02 1 0))INFO: dtree.c(1315): Comp split 10
INFO: dtree.c(1439): stop. leaf nodes are specific
INFO: dtree.c(1478): Final simple tree
|( WDBNDRY_I 0 -1.519e+06 7.347e+02 6.701e+03
|    ( QUESTION0 -1 -1.394e+06 1.745e+02 6.154e+03
|        ( QUESTION0_14_R 1 -1.393e+06 1.430e+02 6.152e+03
|            ( - -1.390e+06 18 0)
|            ( - -2.918e+03 1 0))
|        ( - -3.015e+02 1 0))
|    ( WDBNDRY_B 0 -1.248e+05 4.669e+02 5.470e+02
|        ( QUESTION0 -1 -7.199e+04 1.007e+02 3.165e+02
|            ( - -7.121e+04 8 0)
|            ( - -6.768e+02 2 0))
|        ( - -5.234e+04 3 0)))
s>    ( WDBNDRY_I 0 -1.519e+06 7.347e+02 6.701e+03
s>        ( QUESTION0 -1 -1.394e+06 1.745e+02 6.154e+03
s>            ( QUESTION0_14_R 1 -1.393e+06 1.430e+02 6.152e+03
s>                ( - -1.390e+06 18 0)
s>                ( - -2.918e+03 1 0))
s>            ( - -3.015e+02 1 0))
s>        ( WDBNDRY_B 0 -1.248e+05 4.669e+02 5.470e+02
s>            ( QUESTION0 -1 -7.199e+04 1.007e+02 3.165e+02
s>                ( - -7.121e+04 8 0)
s>                ( - -6.768e+02 2 0))
s>            ( - -5.234e+04 3 0)))INFO: dtree.c(1478): Final simple tree
|( WDBNDRY_E 0 -7.121e+05 1.127e+03 3.109e+03
|    ( QUESTION14 1 -5.819e+05 8.100e+02 2.534e+03
|        ( QUESTION0_9_R 1 -8.459e+04 2.203e+02 3.645e+02
|            ( - -3.505e+04 4 0)
|            ( - -4.932e+04 3 0))
|        ( QUESTION0_14_R 1 -4.965e+05 3.548e+02 2.169e+03
|            ( - -4.319e+05 10 0)
|            ( QUESTION0_20_R 1 -6.425e+04 1.713e+02 2.823e+02
|                ( - -1.271e+04 3 0 QUESTION12 1 1.066e+02 5.570e+01)
|                ( QUESTION0_9_R 1 -5.137e+04 1.563e+02 2.266e+02
|                    ( - -4.864e+04 5 0 QUESTION0 1 1.532e+02 2.146e+02)
|                    ( - -2.571e+03 1 0)))))
|    ( QUESTION0_9_R 1 -1.290e+05 3.515e+02 5.755e+02
|        ( - -1.198e+05 2 0)
|        ( - -8.924e+03 3 0 QUESTION16 -1 1.394e+02 3.851e+01)))
s>    ( WDBNDRY_E 0 -7.121e+05 1.127e+03 3.109e+03
s>        ( QUESTION14 1 -5.819e+05 8.100e+02 2.534e+03
s>            ( QUESTION0_9_R 1 -8.459e+04 2.203e+02 3.645e+02
s>                ( - -3.505e+04 4 0)
s>                ( - -4.932e+04 3 0))
s>            ( QUESTION0_14_R 1 -4.965e+05 3.548e+02 2.169e+03
s>                ( - -4.319e+05 10 0)
s>                ( QUESTION0_20_R 1 -6.425e+04 1.713e+02 2.823e+02
s>                    ( - -1.271e+04 3 0 QUESTION12 1 1.066e+02 5.570e+01)
s>                    ( QUESTION0_9_R 1 -5.137e+04 1.563e+02 2.266e+02
s>                        ( - -4.864e+04 5 0 QUESTION0 1 1.532e+02 2.146e+02)
s>                        ( - -2.571e+03 1 0)))))
s>        ( QUESTION0_9_R 1 -1.290e+05 3.515e+02 5.755e+02
s>            ( - -1.198e+05 2 0)
s>            ( - -8.924e+03 3 0 QUESTION16 -1 1.394e+02 3.851e+01)))INFO: dtree.c(1315): Comp split 11
INFO: dtree.c(1439): stop. leaf nodes are specific
INFO: dtree.c(1478): Final simple tree
|( QUESTION0_9_R 1 -3.039e+05 4.959e+02 1.372e+03
|    ( - 2.163e+02 1 0)
|    ( WDBNDRY_B 0 -3.036e+05 2.603e+02 1.371e+03
|        ( - -4.363e+03 1 0)
|        ( - -2.990e+05 3 0)))
s>    ( QUESTION0_9_R 1 -3.039e+05 4.959e+02 1.372e+03
s>        ( - 2.163e+02 1 0)
s>        ( WDBNDRY_B 0 -3.036e+05 2.603e+02 1.371e+03
s>            ( - -4.363e+03 1 0)
s>            ( - -2.990e+05 3 0)))INFO: dtree.c(1439): stop. leaf nodes are specific
INFO: dtree.c(1478): Final simple tree
|( QUESTION0_0_R 1 -1.605e+05 7.718e+02 7.364e+02
|    ( QUESTION10 1 -5.529e+04 6.645e+02 2.598e+02
|        ( - -4.590e+04 1 0)
|        ( - -8.731e+03 2 0))
|    ( QUESTION0_9_R 1 -1.044e+05 3.349e+02 4.766e+02
|        ( - -8.903e+04 1 0)
|        ( QUESTION0_16_R 1 -1.508e+04 2.371e+02 7.069e+01
|            ( WDBNDRY_B 0 -1.169e+04 1.634e+02 5.527e+01
|                ( - -5.326e+02 1 0)
|                ( - -1.100e+04 1 0))
|            ( - -3.153e+03 1 0))))
s>    ( QUESTION0_0_R 1 -1.605e+05 7.718e+02 7.364e+02
s>        ( QUESTION10 1 -5.529e+04 6.645e+02 2.598e+02
s>            ( - -4.590e+04 1 0)
s>            ( - -8.731e+03 2 0))
s>        ( QUESTION0_9_R 1 -1.044e+05 3.349e+02 4.766e+02
s>            ( - -8.903e+04 1 0)
s>            ( QUESTION0_16_R 1 -1.508e+04 2.371e+02 7.069e+01
s>                ( WDBNDRY_B 0 -1.169e+04 1.634e+02 5.527e+01
s>                    ( - -5.326e+02 1 0)
s>                    ( - -1.100e+04 1 0))
s>                ( - -3.153e+03 1 0))))INFO: dtree.c(1315): Comp split 12
INFO: dtree.c(1478): Final simple tree
|( QUESTION0_16_R 1 -9.427e+05 1.086e+03 4.093e+03
|    ( WDBNDRY_B 0 -1.211e+05 2.391e+02 5.310e+02
|        ( QUESTION0 -1 -2.218e+04 1.811e+02 9.805e+01
|            ( - -2.016e+04 2 0)
|            ( - -1.847e+03 1 0))
|        ( - -9.863e+04 5 0))
|    ( QUESTION0_2_R 1 -8.206e+05 4.527e+02 3.562e+03
|        ( - -7.363e+05 6 0)
|        ( WDBNDRY_E 0 -8.377e+04 3.709e+02 3.665e+02
|            ( - -3.253e+04 2 0)
|            ( QUESTION0_0_R 1 -5.088e+04 2.228e+02 2.220e+02
|                ( WDBNDRY_B 0 -3.518e+04 1.730e+02 1.531e+02
|                    ( - -2.599e+03 1 0)
|                    ( - -3.241e+04 3 0))
|                ( - -1.547e+04 3 0 WDBNDRY_B 0 1.198e+02 6.888e+01)))))
s>    ( QUESTION0_16_R 1 -9.427e+05 1.086e+03 4.093e+03
s>        ( WDBNDRY_B 0 -1.211e+05 2.391e+02 5.310e+02
s>            ( QUESTION0 -1 -2.218e+04 1.811e+02 9.805e+01
s>                ( - -2.016e+04 2 0)
s>                ( - -1.847e+03 1 0))
s>            ( - -9.863e+04 5 0))
s>        ( QUESTION0_2_R 1 -8.206e+05 4.527e+02 3.562e+03
s>            ( - -7.363e+05 6 0)
s>            ( WDBNDRY_E 0 -8.377e+04 3.709e+02 3.665e+02
s>                ( - -3.253e+04 2 0)
s>                ( QUESTION0_0_R 1 -5.088e+04 2.228e+02 2.220e+02
s>                    ( WDBNDRY_B 0 -3.518e+04 1.730e+02 1.531e+02
s>                        ( - -2.599e+03 1 0)
s>                        ( - -3.241e+04 3 0))
s>                    ( - -1.547e+04 3 0 WDBNDRY_B 0 1.198e+02 6.888e+01)))))INFO: dtree.c(1478): Final simple tree
|( QUESTION0 -1 -3.425e+05 7.174e+02 1.483e+03
|    ( QUESTION0_17_R 1 -3.239e+05 6.974e+02 1.404e+03
|        ( - -1.941e+04 1 0)
|        ( QUESTION0_9_R 1 -3.038e+05 5.165e+02 1.316e+03
|            ( - -1.132e+05 1 0)
|            ( QUESTION0_5_R 1 -1.901e+05 4.358e+02 8.268e+02
|                ( - -1.081e+05 2 0)
|                ( QUESTION0_2_R 1 -8.160e+04 3.571e+02 3.532e+02
|                    ( - -9.868e+03 2 0)
|                    ( WDBNDRY_B 0 -7.138e+04 1.345e+02 3.098e+02
|                        ( - -1.296e+03 2 0)
|                        ( - -6.995e+04 8 0 QUESTION0_0_R 1 1.322e+02 3.038e+02))))))
|    ( QUESTION0_1_R 1 -1.786e+04 2.063e+02 7.938e+01
|        ( - -5.264e+03 1 0)
|        ( - -1.239e+04 2 0)))
s>    ( QUESTION0 -1 -3.425e+05 7.174e+02 1.483e+03
s>        ( QUESTION0_17_R 1 -3.239e+05 6.974e+02 1.404e+03
s>            ( - -1.941e+04 1 0)
s>            ( QUESTION0_9_R 1 -3.038e+05 5.165e+02 1.316e+03
s>                ( - -1.132e+05 1 0)
s>                ( QUESTION0_5_R 1 -1.901e+05 4.358e+02 8.268e+02
s>                    ( - -1.081e+05 2 0)
s>                    ( QUESTION0_2_R 1 -8.160e+04 3.571e+02 3.532e+02
s>                        ( - -9.868e+03 2 0)
s>                        ( WDBNDRY_B 0 -7.138e+04 1.345e+02 3.098e+02
s>                            ( - -1.296e+03 2 0)
s>                            ( - -6.995e+04 8 0 QUESTION0_0_R 1 1.322e+02 3.038e+02))))))
s>        ( QUESTION0_1_R 1 -1.786e+04 2.063e+02 7.938e+01
s>            ( - -5.264e+03 1 0)
s>            ( - -1.239e+04 2 0)))INFO: dtree.c(1315): Comp split 13
INFO: dtree.c(1478): Final simple tree
|( WDBNDRY_I 0 -7.562e+05 1.004e+03 3.263e+03
|    ( - -1.743e+05 5 0)
|    ( QUESTION12 1 -5.808e+05 6.643e+02 2.509e+03
|        ( QUESTION0 -1 -3.110e+05 3.165e+02 1.332e+03
|            ( WDBNDRY_B 0 -3.094e+05 1.526e+02 1.325e+03
|                ( - -8.134e+02 1 0)
|                ( - -3.084e+05 7 0))
|            ( - -1.308e+03 1 0))
|        ( QUESTION2_13_L -1 -2.692e+05 4.720e+02 1.177e+03
|            ( - 2.162e+02 1 0)
|            ( QUESTION10 1 -2.689e+05 4.230e+02 1.176e+03
|                ( - -2.339e+05 12 0)
|                ( QUESTION0_1_R 1 -3.460e+04 1.377e+02 1.543e+02
|                    ( - -3.253e+04 1 0)
|                    ( - -1.932e+03 1 0))))))
s>    ( WDBNDRY_I 0 -7.562e+05 1.004e+03 3.263e+03
s>        ( - -1.743e+05 5 0)
s>        ( QUESTION12 1 -5.808e+05 6.643e+02 2.509e+03
s>            ( QUESTION0 -1 -3.110e+05 3.165e+02 1.332e+03
s>                ( WDBNDRY_B 0 -3.094e+05 1.526e+02 1.325e+03
s>                    ( - -8.134e+02 1 0)
s>                    ( - -3.084e+05 7 0))
s>                ( - -1.308e+03 1 0))
s>            ( QUESTION2_13_L -1 -2.692e+05 4.720e+02 1.177e+03
s>                ( - 2.162e+02 1 0)
s>                ( QUESTION10 1 -2.689e+05 4.230e+02 1.176e+03
s>                    ( - -2.339e+05 12 0)
s>                    ( QUESTION0_1_R 1 -3.460e+04 1.377e+02 1.543e+02
s>                        ( - -3.253e+04 1 0)
s>                        ( - -1.932e+03 1 0))))))INFO: dtree.c(1439): stop. leaf nodes are specific
INFO: dtree.c(1478): Final simple tree
|( QUESTION2_13_L -1 -6.270e+05 1.012e+03 2.708e+03
|    ( QUESTION0 -1 -2.676e+04 2.916e+02 1.215e+02
|        ( - -8.479e+03 1 0)
|        ( QUESTION0_3_R 1 -1.799e+04 1.862e+02 8.219e+01
|            ( - -2.545e+02 1 0)
|            ( WDBNDRY_E 0 -1.755e+04 1.829e+02 8.019e+01
|                ( - -8.020e+03 1 0)
|                ( - -9.347e+03 2 0))))
|    ( QUESTION0_3_R 1 -5.992e+05 9.241e+02 2.587e+03
|        ( - -3.767e+05 11 0)
|        ( QUESTION0_6_R 1 -2.216e+05 2.391e+02 9.630e+02
|            ( - -2.190e+05 4 0)
|            ( - -2.345e+03 2 0))))
s>    ( QUESTION2_13_L -1 -6.270e+05 1.012e+03 2.708e+03
s>        ( QUESTION0 -1 -2.676e+04 2.916e+02 1.215e+02
s>            ( - -8.479e+03 1 0)
s>            ( QUESTION0_3_R 1 -1.799e+04 1.862e+02 8.219e+01
s>                ( - -2.545e+02 1 0)
s>                ( WDBNDRY_E 0 -1.755e+04 1.829e+02 8.019e+01
s>                    ( - -8.020e+03 1 0)
s>                    ( - -9.347e+03 2 0))))
s>        ( QUESTION0_3_R 1 -5.992e+05 9.241e+02 2.587e+03
s>            ( - -3.767e+05 11 0)
s>            ( QUESTION0_6_R 1 -2.216e+05 2.391e+02 9.630e+02
s>                ( - -2.190e+05 4 0)
s>                ( - -2.345e+03 2 0))))INFO: dtree.c(1315): Comp split 14
INFO: dtree.c(1478): Final simple tree
|( QUESTION14 1 -5.911e+05 7.967e+02 2.572e+03
|    ( QUESTION0_9_R 1 -8.459e+04 2.203e+02 3.645e+02
|        ( - -3.505e+04 4 0)
|        ( - -4.932e+04 3 0))
|    ( QUESTION0_14_R 1 -5.057e+05 3.603e+02 2.208e+03
|        ( WDBNDRY_E 0 -4.411e+05 2.266e+02 1.925e+03
|            ( - -4.319e+05 10 0)
|            ( - -8.924e+03 3 0 QUESTION16 -1 1.394e+02 3.851e+01))
|        ( QUESTION0_20_R 1 -6.425e+04 1.713e+02 2.823e+02
|            ( - -1.271e+04 3 0 QUESTION12 1 1.066e+02 5.570e+01)
|            ( QUESTION0_9_R 1 -5.137e+04 1.563e+02 2.266e+02
|                ( QUESTION0 1 -4.864e+04 1.532e+02 2.146e+02
|                    ( - -1.381e+04 2 0)
|                    ( - -3.468e+04 3 0))
|                ( - -2.571e+03 1 0)))))
s>    ( QUESTION14 1 -5.911e+05 7.967e+02 2.572e+03
s>        ( QUESTION0_9_R 1 -8.459e+04 2.203e+02 3.645e+02
s>            ( - -3.505e+04 4 0)
s>            ( - -4.932e+04 3 0))
s>        ( QUESTION0_14_R 1 -5.057e+05 3.603e+02 2.208e+03
s>            ( WDBNDRY_E 0 -4.411e+05 2.266e+02 1.925e+03
s>                ( - -4.319e+05 10 0)
s>                ( - -8.924e+03 3 0 QUESTION16 -1 1.394e+02 3.851e+01))
s>            ( QUESTION0_20_R 1 -6.425e+04 1.713e+02 2.823e+02
s>                ( - -1.271e+04 3 0 QUESTION12 1 1.066e+02 5.570e+01)
s>                ( QUESTION0_9_R 1 -5.137e+04 1.563e+02 2.266e+02
s>                    ( QUESTION0 1 -4.864e+04 1.532e+02 2.146e+02
s>                        ( - -1.381e+04 2 0)
s>                        ( - -3.468e+04 3 0))
s>                    ( - -2.571e+03 1 0)))))INFO: dtree.c(1315): Comp split 15
INFO: dtree.c(1439): stop. leaf nodes are specific
INFO: dtree.c(1478): Final simple tree
|( QUESTION0_0_R 1 -2.160e+06 4.176e+02 9.524e+03
|    ( - -1.930e+04 1 0)
|    ( - -2.141e+06 5 0))
s>    ( QUESTION0_0_R 1 -2.160e+06 4.176e+02 9.524e+03
s>        ( - -1.930e+04 1 0)
s>        ( - -2.141e+06 5 0))INFO: dtree.c(1439): stop. leaf nodes are specific
INFO: dtree.c(1478): Final simple tree
|( WDBNDRY_B 0 -5.456e+04 5.875e+02 2.484e+02
|    ( - -1.810e+04 1 0)
|    ( - -3.588e+04 1 0))
s>    ( WDBNDRY_B 0 -5.456e+04 5.875e+02 2.484e+02
s>        ( - -1.810e+04 1 0)
s>        ( - -3.588e+04 1 0))INFO: dtree.c(1315): Comp split 16
INFO: dtree.c(1439): stop. leaf nodes are specific
INFO: dtree.c(1478): Final simple tree
|( QUESTION0_0_R 1 -7.541e+05 3.298e+02 3.272e+03
|    ( - -7.363e+05 6 0)
|    ( QUESTION0_16_R 1 -1.747e+04 1.487e+02 7.693e+01
|        ( - -1.847e+03 1 0)
|        ( WDBNDRY_B 0 -1.547e+04 1.198e+02 6.888e+01
|            ( - -7.944e+03 1 0)
|            ( - -7.408e+03 2 0))))
s>    ( QUESTION0_0_R 1 -7.541e+05 3.298e+02 3.272e+03
s>        ( - -7.363e+05 6 0)
s>        ( QUESTION0_16_R 1 -1.747e+04 1.487e+02 7.693e+01
s>            ( - -1.847e+03 1 0)
s>            ( WDBNDRY_B 0 -1.547e+04 1.198e+02 6.888e+01
s>                ( - -7.944e+03 1 0)
s>                ( - -7.408e+03 2 0))))INFO: dtree.c(1439): stop. leaf nodes are specific
INFO: dtree.c(1478): Final simple tree
|( QUESTION0_13_R 1 -1.874e+05 4.009e+02 8.206e+02
|    ( WDBNDRY_B 0 -1.190e+05 2.264e+02 5.230e+02
|        ( - -2.016e+04 2 0)
|        ( - -9.863e+04 5 0))
|    ( WDBNDRY_E 0 -6.803e+04 3.207e+02 2.976e+02
|        ( - -3.253e+04 2 0)
|        ( WDBNDRY_B 0 -3.518e+04 1.730e+02 1.531e+02
|            ( - -2.599e+03 1 0)
|            ( - -3.241e+04 3 0))))
s>    ( QUESTION0_13_R 1 -1.874e+05 4.009e+02 8.206e+02
s>        ( WDBNDRY_B 0 -1.190e+05 2.264e+02 5.230e+02
s>            ( - -2.016e+04 2 0)
s>            ( - -9.863e+04 5 0))
s>        ( WDBNDRY_E 0 -6.803e+04 3.207e+02 2.976e+02
s>            ( - -3.253e+04 2 0)
s>            ( WDBNDRY_B 0 -3.518e+04 1.730e+02 1.531e+02
s>                ( - -2.599e+03 1 0)
s>                ( - -3.241e+04 3 0))))INFO: dtree.c(1315): Comp split 17
INFO: dtree.c(1439): stop. leaf nodes are specific
INFO: dtree.c(1478): Final simple tree
|( QUESTION0_9_R 1 -2.935e+05 4.745e+02 1.273e+03
|    ( - -1.132e+05 1 0)
|    ( QUESTION0_1_R 1 -1.799e+05 4.147e+02 7.834e+02
|        ( - -6.561e+04 5 0)
|        ( WDBNDRY_B 0 -1.138e+05 1.657e+02 4.986e+02
|            ( - -1.296e+03 2 0)
|            ( QUESTION0_0_R 1 -1.124e+05 9.997e+01 4.926e+02
|                ( - -1.081e+05 2 0)
|                ( - -4.211e+03 3 0)))))
s>    ( QUESTION0_9_R 1 -2.935e+05 4.745e+02 1.273e+03
s>        ( - -1.132e+05 1 0)
s>        ( QUESTION0_1_R 1 -1.799e+05 4.147e+02 7.834e+02
s>            ( - -6.561e+04 5 0)
s>            ( WDBNDRY_B 0 -1.138e+05 1.657e+02 4.986e+02
s>                ( - -1.296e+03 2 0)
s>                ( QUESTION0_0_R 1 -1.124e+05 9.997e+01 4.926e+02
s>                    ( - -1.081e+05 2 0)
s>                    ( - -4.211e+03 3 0)))))INFO: dtree.c(1439): stop. leaf nodes are specific
INFO: dtree.c(1478): Final simple tree
|( QUESTION0_4_R 1 -4.789e+04 3.974e+02 2.103e+02
|    ( - -9.868e+03 2 0)
|    ( QUESTION0_0_R 1 -3.762e+04 3.535e+02 1.669e+02
|        ( QUESTION0_1_R 1 -1.786e+04 2.063e+02 7.938e+01
|            ( - -5.264e+03 1 0)
|            ( - -1.239e+04 2 0))
|        ( - -1.941e+04 1 0)))
s>    ( QUESTION0_4_R 1 -4.789e+04 3.974e+02 2.103e+02
s>        ( - -9.868e+03 2 0)
s>        ( QUESTION0_0_R 1 -3.762e+04 3.535e+02 1.669e+02
s>            ( QUESTION0_1_R 1 -1.786e+04 2.063e+02 7.938e+01
s>                ( - -5.264e+03 1 0)
s>                ( - -1.239e+04 2 0))
s>            ( - -1.941e+04 1 0)))INFO: dtree.c(1315): Comp split 18
INFO: dtree.c(1439): stop. leaf nodes are specific
INFO: dtree.c(1478): Final simple tree
|( QUESTION0 -1 -2.676e+04 2.916e+02 1.215e+02
|    ( - -8.479e+03 1 0)
|    ( QUESTION0_3_R 1 -1.799e+04 1.862e+02 8.219e+01
|        ( - -2.545e+02 1 0)
|        ( WDBNDRY_E 0 -1.755e+04 1.829e+02 8.019e+01
|            ( - -8.020e+03 1 0)
|            ( - -9.347e+03 2 0))))
s>    ( QUESTION0 -1 -2.676e+04 2.916e+02 1.215e+02
s>        ( - -8.479e+03 1 0)
s>        ( QUESTION0_3_R 1 -1.799e+04 1.862e+02 8.219e+01
s>            ( - -2.545e+02 1 0)
s>            ( WDBNDRY_E 0 -1.755e+04 1.829e+02 8.019e+01
s>                ( - -8.020e+03 1 0)
s>                ( - -9.347e+03 2 0))))INFO: dtree.c(1439): stop. leaf nodes are specific
INFO: dtree.c(1478): Final simple tree
|( QUESTION0_3_R 1 -5.992e+05 9.241e+02 2.587e+03
|    ( - -3.767e+05 11 0)
|    ( QUESTION0_6_R 1 -2.216e+05 2.391e+02 9.630e+02
|        ( - -2.190e+05 4 0)
|        ( - -2.345e+03 2 0)))
s>    ( QUESTION0_3_R 1 -5.992e+05 9.241e+02 2.587e+03
s>        ( - -3.767e+05 11 0)
s>        ( QUESTION0_6_R 1 -2.216e+05 2.391e+02 9.630e+02
s>            ( - -2.190e+05 4 0)
s>            ( - -2.345e+03 2 0)))INFO: dtree.c(1315): Comp split 19
INFO: dtree.c(1439): stop. leaf nodes are specific
INFO: dtree.c(1478): Final simple tree
|( QUESTION12 1 -5.808e+05 6.643e+02 2.509e+03
|    ( QUESTION0 -1 -3.110e+05 3.165e+02 1.332e+03
|        ( WDBNDRY_B 0 -3.094e+05 1.526e+02 1.325e+03
|            ( - -8.134e+02 1 0)
|            ( - -3.084e+05 7 0))
|        ( - -1.308e+03 1 0))
|    ( QUESTION2_13_L -1 -2.692e+05 4.720e+02 1.177e+03
|        ( - 2.162e+02 1 0)
|        ( QUESTION10 1 -2.689e+05 4.230e+02 1.176e+03
|            ( - -2.339e+05 12 0)
|            ( QUESTION0_1_R 1 -3.460e+04 1.377e+02 1.543e+02
|                ( - -3.253e+04 1 0)
|                ( - -1.932e+03 1 0)))))
s>    ( QUESTION12 1 -5.808e+05 6.643e+02 2.509e+03
s>        ( QUESTION0 -1 -3.110e+05 3.165e+02 1.332e+03
s>            ( WDBNDRY_B 0 -3.094e+05 1.526e+02 1.325e+03
s>                ( - -8.134e+02 1 0)
s>                ( - -3.084e+05 7 0))
s>            ( - -1.308e+03 1 0))
s>        ( QUESTION2_13_L -1 -2.692e+05 4.720e+02 1.177e+03
s>            ( - 2.162e+02 1 0)
s>            ( QUESTION10 1 -2.689e+05 4.230e+02 1.176e+03
s>                ( - -2.339e+05 12 0)
s>                ( QUESTION0_1_R 1 -3.460e+04 1.377e+02 1.543e+02
s>                    ( - -3.253e+04 1 0)
s>                    ( - -1.932e+03 1 0)))))INFO: dtree.c(1315): Comp split 20
INFO: dtree.c(1439): stop. leaf nodes are specific
INFO: dtree.c(1478): Final simple tree
|( QUESTION0_6_R 1 -2.216e+05 2.391e+02 9.630e+02
|    ( - -2.190e+05 4 0)
|    ( - -2.345e+03 2 0))
s>    ( QUESTION0_6_R 1 -2.216e+05 2.391e+02 9.630e+02
s>        ( - -2.190e+05 4 0)
s>        ( - -2.345e+03 2 0))INFO: dtree.c(1315): Comp split 21
INFO: dtree.c(1439): stop. leaf nodes are specific
INFO: dtree.c(1478): Final simple tree
|( QUESTION0_9_R 1 -8.575e+04 4.074e+02 3.721e+02
|    ( WDBNDRY_B 0 -4.396e+04 4.591e+02 1.932e+02
|        ( - 2.030e+02 1 0)
|        ( - -4.370e+04 1 0))
|    ( QUESTION0 1 -4.138e+04 1.948e+02 1.789e+02
|        ( WDBNDRY_B 0 -3.720e+04 1.763e+02 1.609e+02
|            ( - -3.485e+04 4 0)
|            ( - -2.175e+03 1 0))
|        ( WDBNDRY_B 0 -3.985e+03 1.973e+02 1.800e+01
|            ( QUESTION0_16_R 1 -3.130e+03 1.579e+02 1.400e+01
|                ( - -1.687e+03 1 0)
|                ( - -1.284e+03 1 0))
|            ( - -6.579e+02 1 0))))
s>    ( QUESTION0_9_R 1 -8.575e+04 4.074e+02 3.721e+02
s>        ( WDBNDRY_B 0 -4.396e+04 4.591e+02 1.932e+02
s>            ( - 2.030e+02 1 0)
s>            ( - -4.370e+04 1 0))
s>        ( QUESTION0 1 -4.138e+04 1.948e+02 1.789e+02
s>            ( WDBNDRY_B 0 -3.720e+04 1.763e+02 1.609e+02
s>                ( - -3.485e+04 4 0)
s>                ( - -2.175e+03 1 0))
s>            ( WDBNDRY_B 0 -3.985e+03 1.973e+02 1.800e+01
s>                ( QUESTION0_16_R 1 -3.130e+03 1.579e+02 1.400e+01
s>                    ( - -1.687e+03 1 0)
s>                    ( - -1.284e+03 1 0))
s>                ( - -6.579e+02 1 0))))INFO: dtree.c(1439): stop. leaf nodes are specific
INFO: dtree.c(1478): Final simple tree
|( QUESTION17 1 -1.260e+05 3.275e+02 5.455e+02
|    ( QUESTION0_16_R 1 -9.292e+03 1.460e+02 4.340e+01
|        ( - -7.257e+03 2 0)
|        ( - -1.889e+03 1 0))
|    ( QUESTION0_9_R 1 -1.164e+05 3.083e+02 5.021e+02
|        ( - -1.339e+04 1 0)
|        ( QUESTION0_14_R 1 -1.027e+05 1.280e+02 4.439e+02
|            ( WDBNDRY_B 0 -1.017e+05 8.647e+01 4.399e+02
|                ( - -9.985e+04 5 0)
|                ( - -1.775e+03 2 0))
|            ( - -8.648e+02 1 0))))
s>    ( QUESTION17 1 -1.260e+05 3.275e+02 5.455e+02
s>        ( QUESTION0_16_R 1 -9.292e+03 1.460e+02 4.340e+01
s>            ( - -7.257e+03 2 0)
s>            ( - -1.889e+03 1 0))
s>        ( QUESTION0_9_R 1 -1.164e+05 3.083e+02 5.021e+02
s>            ( - -1.339e+04 1 0)
s>            ( QUESTION0_14_R 1 -1.027e+05 1.280e+02 4.439e+02
s>                ( WDBNDRY_B 0 -1.017e+05 8.647e+01 4.399e+02
s>                    ( - -9.985e+04 5 0)
s>                    ( - -1.775e+03 2 0))
s>                ( - -8.648e+02 1 0))))INFO: dtree.c(1315): Comp split 22
INFO: dtree.c(1439): stop. leaf nodes are specific
INFO: dtree.c(1478): Final simple tree
|( QUESTION0_14_R 1 -4.965e+05 3.548e+02 2.169e+03
|    ( - -4.319e+05 10 0)
|    ( QUESTION0_20_R 1 -6.425e+04 1.713e+02 2.823e+02
|        ( QUESTION12 1 -1.271e+04 1.066e+02 5.570e+01
|            ( - -2.650e+03 1 0)
|            ( - -9.952e+03 2 0))
|        ( QUESTION0_9_R 1 -5.137e+04 1.563e+02 2.266e+02
|            ( QUESTION0 1 -4.864e+04 1.532e+02 2.146e+02
|                ( - -1.381e+04 2 0)
|                ( - -3.468e+04 3 0))
|            ( - -2.571e+03 1 0))))
s>    ( QUESTION0_14_R 1 -4.965e+05 3.548e+02 2.169e+03
s>        ( - -4.319e+05 10 0)
s>        ( QUESTION0_20_R 1 -6.425e+04 1.713e+02 2.823e+02
s>            ( QUESTION12 1 -1.271e+04 1.066e+02 5.570e+01
s>                ( - -2.650e+03 1 0)
s>                ( - -9.952e+03 2 0))
s>            ( QUESTION0_9_R 1 -5.137e+04 1.563e+02 2.266e+02
s>                ( QUESTION0 1 -4.864e+04 1.532e+02 2.146e+02
s>                    ( - -1.381e+04 2 0)
s>                    ( - -3.468e+04 3 0))
s>                ( - -2.571e+03 1 0))))INFO: dtree.c(1439): stop. leaf nodes are specific
INFO: dtree.c(1478): Final simple tree
|( QUESTION0_9_R 1 -9.372e+04 2.340e+02 4.031e+02
|    ( - -3.505e+04 4 0)
|    ( WDBNDRY_E 0 -5.844e+04 1.942e+02 2.505e+02
|        ( - -4.932e+04 3 0)
|        ( QUESTION16 -1 -8.924e+03 1.394e+02 3.851e+01
|            ( - -4.834e+03 2 0)
|            ( - -3.951e+03 1 0))))
s>    ( QUESTION0_9_R 1 -9.372e+04 2.340e+02 4.031e+02
s>        ( - -3.505e+04 4 0)
s>        ( WDBNDRY_E 0 -5.844e+04 1.942e+02 2.505e+02
s>            ( - -4.932e+04 3 0)
s>            ( QUESTION16 -1 -8.924e+03 1.394e+02 3.851e+01
s>                ( - -4.834e+03 2 0)
s>                ( - -3.951e+03 1 0))))INFO: dtree.c(1315): Comp split 23
INFO: dtree.c(1439): stop. leaf nodes are specific
INFO: dtree.c(1478): Final simple tree
|( QUESTION12 1 -6.659e+04 6.386e+02 3.120e+02
|    ( - -8.731e+03 2 0)
|    ( QUESTION0_0_R 1 -5.722e+04 3.281e+02 2.667e+02
|        ( - -4.590e+04 1 0)
|        ( - -1.100e+04 1 0)))
s>    ( QUESTION12 1 -6.659e+04 6.386e+02 3.120e+02
s>        ( - -8.731e+03 2 0)
s>        ( QUESTION0_0_R 1 -5.722e+04 3.281e+02 2.667e+02
s>            ( - -4.590e+04 1 0)
s>            ( - -1.100e+04 1 0)))INFO: dtree.c(1439): stop. leaf nodes are specific
INFO: dtree.c(1478): Final simple tree
|( QUESTION0_9_R 1 -9.312e+04 2.772e+02 4.243e+02
|    ( - -8.903e+04 1 0)
|    ( WDBNDRY_B 0 -3.817e+03 1.315e+02 1.842e+01
|        ( - -5.326e+02 1 0)
|        ( - -3.153e+03 1 0)))
s>    ( QUESTION0_9_R 1 -9.312e+04 2.772e+02 4.243e+02
s>        ( - -8.903e+04 1 0)
s>        ( WDBNDRY_B 0 -3.817e+03 1.315e+02 1.842e+01
s>            ( - -5.326e+02 1 0)
s>            ( - -3.153e+03 1 0)))INFO: dtree.c(1315): Comp split 24
INFO: dtree.c(1439): stop. leaf nodes are specific
INFO: dtree.c(1478): Final simple tree
|( QUESTION15 1 -1.557e+05 2.052e+02 7.079e+02
|    ( - -1.272e+03 1 0)
|    ( WDBNDRY_B 0 -1.542e+05 1.747e+02 7.009e+02
|        ( - -1.538e+05 4 0)
|        ( - -2.572e+02 1 0)))
s>    ( QUESTION15 1 -1.557e+05 2.052e+02 7.079e+02
s>        ( - -1.272e+03 1 0)
s>        ( WDBNDRY_B 0 -1.542e+05 1.747e+02 7.009e+02
s>            ( - -1.538e+05 4 0)
s>            ( - -2.572e+02 1 0)))INFO: dtree.c(1478): Final simple tree
|( QUESTION2_9_L -1 -7.562e+04 4.429e+02 3.310e+02
|    ( QUESTION2_10_L -1 -2.803e+04 1.644e+02 1.215e+02
|        ( - -5.422e+03 3 0 WDBNDRY_B 0 1.253e+02 2.401e+01)
|        ( WDBNDRY_B 0 -2.244e+04 1.516e+02 9.751e+01
|            ( - -2.167e+04 2 0)
|            ( - -6.158e+02 1 0)))
|    ( QUESTION2 -1 -4.715e+04 3.043e+02 2.095e+02
|        ( - -7.450e+03 2 0 QUESTION0_14_R 1 1.293e+02 3.355e+01)
|        ( QUESTION12 -1 -3.940e+04 2.313e+02 1.760e+02
|            ( - -1.853e+04 3 0)
|            ( SILENCE -1 -2.064e+04 1.774e+02 9.052e+01
|                ( - -9.560e+03 1 0)
|                ( QUESTION0_14_R 1 -1.090e+04 1.347e+02 4.752e+01
|                    ( - -7.577e+03 3 0 QUESTION10 -1 1.666e+02 3.339e+01)
|                    ( - -3.186e+03 2 0 WDBNDRY_B 0 1.126e+02 1.413e+01))))))
s>    ( QUESTION2_9_L -1 -7.562e+04 4.429e+02 3.310e+02
s>        ( QUESTION2_10_L -1 -2.803e+04 1.644e+02 1.215e+02
s>            ( - -5.422e+03 3 0 WDBNDRY_B 0 1.253e+02 2.401e+01)
s>            ( WDBNDRY_B 0 -2.244e+04 1.516e+02 9.751e+01
s>                ( - -2.167e+04 2 0)
s>                ( - -6.158e+02 1 0)))
s>        ( QUESTION2 -1 -4.715e+04 3.043e+02 2.095e+02
s>            ( - -7.450e+03 2 0 QUESTION0_14_R 1 1.293e+02 3.355e+01)
s>            ( QUESTION12 -1 -3.940e+04 2.313e+02 1.760e+02
s>                ( - -1.853e+04 3 0)
s>                ( SILENCE -1 -2.064e+04 1.774e+02 9.052e+01
s>                    ( - -9.560e+03 1 0)
s>                    ( QUESTION0_14_R 1 -1.090e+04 1.347e+02 4.752e+01
s>                        ( - -7.577e+03 3 0 QUESTION10 -1 1.666e+02 3.339e+01)
s>                        ( - -3.186e+03 2 0 WDBNDRY_B 0 1.126e+02 1.413e+01))))))INFO: dtree.c(1315): Comp split 25
INFO: dtree.c(1439): stop. leaf nodes are specific
INFO: dtree.c(1478): Final simple tree
|( WDBNDRY_B 0 -1.271e+05 4.859e+02 5.580e+02
|    ( - -7.121e+04 8 0)
|    ( WDBNDRY_E 0 -5.538e+04 1.233e+02 2.444e+02
|        ( - -5.234e+04 3 0)
|        ( - -2.918e+03 1 0)))
s>    ( WDBNDRY_B 0 -1.271e+05 4.859e+02 5.580e+02
s>        ( - -7.121e+04 8 0)
s>        ( WDBNDRY_E 0 -5.538e+04 1.233e+02 2.444e+02
s>            ( - -5.234e+04 3 0)
s>            ( - -2.918e+03 1 0)))INFO: dtree.c(1439): stop. leaf nodes are specific
INFO: dtree.c(1478): Final simple tree
|( QUESTION14 -1 -1.391e+06 1.744e+02 6.143e+03
|    ( - -3.015e+02 1 0)
|    ( WDBNDRY_B 0 -1.391e+06 9.206e+01 6.141e+03
|        ( - -6.768e+02 2 0)
|        ( - -1.390e+06 18 0)))
s>    ( QUESTION14 -1 -1.391e+06 1.744e+02 6.143e+03
s>        ( - -3.015e+02 1 0)
s>        ( WDBNDRY_B 0 -1.391e+06 9.206e+01 6.141e+03
s>            ( - -6.768e+02 2 0)
s>            ( - -1.390e+06 18 0)))INFO: dtree.c(1315): Comp split 26
INFO: dtree.c(1439): stop. leaf nodes are specific
INFO: dtree.c(1478): Final simple tree
|( QUESTION0_0_R 1 -5.279e+04 3.052e+02 2.383e+02
|    ( - -4.958e+04 1 0)
|    ( - -2.913e+03 1 0))
s>    ( QUESTION0_0_R 1 -5.279e+04 3.052e+02 2.383e+02
s>        ( - -4.958e+04 1 0)
s>        ( - -2.913e+03 1 0))INFO: dtree.c(1478): Final simple tree
|( QUESTION12 1 -1.825e+05 4.675e+02 8.234e+02
|    ( - 2.412e+02 1 0)
|    ( WDBNDRY_I 0 -1.823e+05 3.761e+02 8.224e+02
|        ( QUESTION0_17_R 1 -1.544e+05 3.028e+02 7.010e+02
|            ( - -1.363e+04 1 0)
|            ( QUESTION0_14_R 1 -1.405e+05 2.924e+02 6.373e+02
|                ( - -1.064e+05 4 0)
|                ( QUESTION0 -1 -3.381e+04 2.954e+02 1.525e+02
|                    ( - -1.963e+04 1 0)
|                    ( - -1.388e+04 5 0 QUESTION0_11_R 1 1.617e+02 6.089e+01))))
|        ( QUESTION0 -1 -2.748e+04 2.048e+02 1.213e+02
|            ( - -1.187e+04 3 0 QUESTION0 1 1.476e+02 5.270e+01)
|            ( QUESTION0_9_R 1 -1.540e+04 1.806e+02 6.864e+01
|                ( - -5.947e+02 1 0)
|                ( - -1.462e+04 2 0)))))
s>    ( QUESTION12 1 -1.825e+05 4.675e+02 8.234e+02
s>        ( - 2.412e+02 1 0)
s>        ( WDBNDRY_I 0 -1.823e+05 3.761e+02 8.224e+02
s>            ( QUESTION0_17_R 1 -1.544e+05 3.028e+02 7.010e+02
s>                ( - -1.363e+04 1 0)
s>                ( QUESTION0_14_R 1 -1.405e+05 2.924e+02 6.373e+02
s>                    ( - -1.064e+05 4 0)
s>                    ( QUESTION0 -1 -3.381e+04 2.954e+02 1.525e+02
s>                        ( - -1.963e+04 1 0)
s>                        ( - -1.388e+04 5 0 QUESTION0_11_R 1 1.617e+02 6.089e+01))))
s>            ( QUESTION0 -1 -2.748e+04 2.048e+02 1.213e+02
s>                ( - -1.187e+04 3 0 QUESTION0 1 1.476e+02 5.270e+01)
s>                ( QUESTION0_9_R 1 -1.540e+04 1.806e+02 6.864e+01
s>                    ( - -5.947e+02 1 0)
s>                    ( - -1.462e+04 2 0)))))INFO: dtree.c(1315): Comp split 27
INFO: dtree.c(1439): stop. leaf nodes are specific
INFO: dtree.c(1478): Final simple tree
|( QUESTION10 1 -2.689e+05 4.230e+02 1.176e+03
|    ( - -2.339e+05 12 0)
|    ( QUESTION0_1_R 1 -3.460e+04 1.377e+02 1.543e+02
|        ( - -3.253e+04 1 0)
|        ( - -1.932e+03 1 0)))
s>    ( QUESTION10 1 -2.689e+05 4.230e+02 1.176e+03
s>        ( - -2.339e+05 12 0)
s>        ( QUESTION0_1_R 1 -3.460e+04 1.377e+02 1.543e+02
s>            ( - -3.253e+04 1 0)
s>            ( - -1.932e+03 1 0)))INFO: dtree.c(1439): stop. leaf nodes are specific
INFO: dtree.c(1478): Final simple tree
|( QUESTION10 1 -3.113e+05 4.672e+02 1.333e+03
|    ( - 2.162e+02 1 0)
|    ( QUESTION0 -1 -3.110e+05 3.165e+02 1.332e+03
|        ( WDBNDRY_B 0 -3.094e+05 1.526e+02 1.325e+03
|            ( - -8.134e+02 1 0)
|            ( - -3.084e+05 7 0))
|        ( - -1.308e+03 1 0)))
s>    ( QUESTION10 1 -3.113e+05 4.672e+02 1.333e+03
s>        ( - 2.162e+02 1 0)
s>        ( QUESTION0 -1 -3.110e+05 3.165e+02 1.332e+03
s>            ( WDBNDRY_B 0 -3.094e+05 1.526e+02 1.325e+03
s>                ( - -8.134e+02 1 0)
s>                ( - -3.084e+05 7 0))
s>            ( - -1.308e+03 1 0)))INFO: dtree.c(1315): Comp split 28
INFO: dtree.c(1439): stop. leaf nodes are specific
INFO: dtree.c(1478): Final simple tree
|( QUESTION0_0_R 1 -5.722e+04 3.281e+02 2.667e+02
|    ( - -4.590e+04 1 0)
|    ( - -1.100e+04 1 0))
s>    ( QUESTION0_0_R 1 -5.722e+04 3.281e+02 2.667e+02
s>        ( - -4.590e+04 1 0)
s>        ( - -1.100e+04 1 0))INFO: dtree.c(1315): Comp split 29
INFO: dtree.c(1315): Comp split 30
INFO: dtree.c(1478): Final simple tree
|( QUESTION14 -1 -4.152e+04 2.245e+02 1.822e+02
|    ( QUESTION14 1 -2.713e+04 1.527e+02 1.195e+02
|        ( - -3.197e+02 1 0)
|        ( QUESTION0_9_R 1 -2.665e+04 1.827e+02 1.175e+02
|            ( - -5.947e+02 1 0)
|            ( QUESTION0_0_R 1 -2.588e+04 1.430e+02 1.145e+02
|                ( - -7.152e+03 2 0 QUESTION0_1_R 1 1.081e+02 3.128e+01)
|                ( WDBNDRY_E 0 -1.858e+04 1.395e+02 8.325e+01
|                    ( - -1.462e+04 2 0)
|                    ( - -3.817e+03 1 0)))))
|    ( QUESTION17 1 -1.417e+04 1.838e+02 6.270e+01
|        ( - -7.401e+03 1 0)
|        ( WDBNDRY_I 0 -6.586e+03 1.226e+02 3.000e+01
|            ( - -2.137e+03 1 0)
|            ( - -4.326e+03 2 0 WDBNDRY_B 0 8.814e+01 2.000e+01))))
s>    ( QUESTION14 -1 -4.152e+04 2.245e+02 1.822e+02
s>        ( QUESTION14 1 -2.713e+04 1.527e+02 1.195e+02
s>            ( - -3.197e+02 1 0)
s>            ( QUESTION0_9_R 1 -2.665e+04 1.827e+02 1.175e+02
s>                ( - -5.947e+02 1 0)
s>                ( QUESTION0_0_R 1 -2.588e+04 1.430e+02 1.145e+02
s>                    ( - -7.152e+03 2 0 QUESTION0_1_R 1 1.081e+02 3.128e+01)
s>                    ( WDBNDRY_E 0 -1.858e+04 1.395e+02 8.325e+01
s>                        ( - -1.462e+04 2 0)
s>                        ( - -3.817e+03 1 0)))))
s>        ( QUESTION17 1 -1.417e+04 1.838e+02 6.270e+01
s>            ( - -7.401e+03 1 0)
s>            ( WDBNDRY_I 0 -6.586e+03 1.226e+02 3.000e+01
s>                ( - -2.137e+03 1 0)
s>                ( - -4.326e+03 2 0 WDBNDRY_B 0 8.814e+01 2.000e+01))))INFO: dtree.c(1439): stop. leaf nodes are specific
INFO: dtree.c(1478): Final simple tree
|( WDBNDRY_E 0 -1.405e+05 4.681e+02 6.411e+02
|    ( - 2.412e+02 1 0)
|    ( QUESTION0_15_R 1 -1.402e+05 3.012e+02 6.401e+02
|        ( - -1.363e+04 1 0)
|        ( QUESTION0_9_R 1 -1.263e+05 2.862e+02 5.764e+02
|            ( - -1.963e+04 1 0)
|            ( - -1.064e+05 4 0))))
s>    ( WDBNDRY_E 0 -1.405e+05 4.681e+02 6.411e+02
s>        ( - 2.412e+02 1 0)
s>        ( QUESTION0_15_R 1 -1.402e+05 3.012e+02 6.401e+02
s>            ( - -1.363e+04 1 0)
s>            ( QUESTION0_9_R 1 -1.263e+05 2.862e+02 5.764e+02
s>                ( - -1.963e+04 1 0)
s>                ( - -1.064e+05 4 0))))INFO: dtree.c(1315): Comp split 31
INFO: dtree.c(1439): stop. leaf nodes are specific
INFO: dtree.c(1478): Final simple tree
|( WDBNDRY_B 0 -3.036e+05 2.603e+02 1.371e+03
|    ( - -4.363e+03 1 0)
|    ( - -2.990e+05 3 0))
s>    ( WDBNDRY_B 0 -3.036e+05 2.603e+02 1.371e+03
s>        ( - -4.363e+03 1 0)
s>        ( - -2.990e+05 3 0))INFO: dtree.c(1315): Comp split 32
INFO: dtree.c(1439): stop. leaf nodes are specific
INFO: dtree.c(1478): Final simple tree
|( WDBNDRY_E 0 -5.538e+04 1.233e+02 2.444e+02
|    ( - -5.234e+04 3 0)
|    ( - -2.918e+03 1 0))
s>    ( WDBNDRY_E 0 -5.538e+04 1.233e+02 2.444e+02
s>        ( - -5.234e+04 3 0)
s>        ( - -2.918e+03 1 0))INFO: dtree.c(1315): Comp split 33
INFO: dtree.c(1439): stop. leaf nodes are specific
INFO: dtree.c(1478): Final simple tree
|( QUESTION0_1_R 1 -1.799e+05 4.147e+02 7.834e+02
|    ( - -6.561e+04 5 0)
|    ( WDBNDRY_B 0 -1.138e+05 1.657e+02 4.986e+02
|        ( - -1.296e+03 2 0)
|        ( QUESTION0_0_R 1 -1.124e+05 9.997e+01 4.926e+02
|            ( - -1.081e+05 2 0)
|            ( - -4.211e+03 3 0))))
s>    ( QUESTION0_1_R 1 -1.799e+05 4.147e+02 7.834e+02
s>        ( - -6.561e+04 5 0)
s>        ( WDBNDRY_B 0 -1.138e+05 1.657e+02 4.986e+02
s>            ( - -1.296e+03 2 0)
s>            ( QUESTION0_0_R 1 -1.124e+05 9.997e+01 4.926e+02
s>                ( - -1.081e+05 2 0)
s>                ( - -4.211e+03 3 0))))INFO: dtree.c(1315): Comp split 34
INFO: dtree.c(1439): stop. leaf nodes are specific
INFO: dtree.c(1478): Final simple tree
|( QUESTION0_15_R 1 -1.402e+05 3.012e+02 6.401e+02
|    ( - -1.363e+04 1 0)
|    ( QUESTION0_9_R 1 -1.263e+05 2.862e+02 5.764e+02
|        ( - -1.963e+04 1 0)
|        ( - -1.064e+05 4 0)))
s>    ( QUESTION0_15_R 1 -1.402e+05 3.012e+02 6.401e+02
s>        ( - -1.363e+04 1 0)
s>        ( QUESTION0_9_R 1 -1.263e+05 2.862e+02 5.764e+02
s>            ( - -1.963e+04 1 0)
s>            ( - -1.064e+05 4 0)))INFO: dtree.c(1315): Comp split 35
INFO: dtree.c(1439): stop. leaf nodes are specific
INFO: dtree.c(1478): Final simple tree
|( QUESTION0 -1 -3.110e+05 3.165e+02 1.332e+03
|    ( WDBNDRY_B 0 -3.094e+05 1.526e+02 1.325e+03
|        ( - -8.134e+02 1 0)
|        ( - -3.084e+05 7 0))
|    ( - -1.308e+03 1 0))
s>    ( QUESTION0 -1 -3.110e+05 3.165e+02 1.332e+03
s>        ( WDBNDRY_B 0 -3.094e+05 1.526e+02 1.325e+03
s>            ( - -8.134e+02 1 0)
s>            ( - -3.084e+05 7 0))
s>        ( - -1.308e+03 1 0))INFO: dtree.c(1315): Comp split 36
INFO: dtree.c(1439): stop. leaf nodes are specific
INFO: dtree.c(1478): Final simple tree
|( QUESTION12 -1 -4.015e+04 2.318e+02 1.790e+02
|    ( - -1.853e+04 3 0)
|    ( SILENCE -1 -2.139e+04 1.770e+02 9.352e+01
|        ( - -9.560e+03 1 0)
|        ( QUESTION0_14_R 1 -1.165e+04 1.424e+02 5.052e+01
|            ( QUESTION2_6_L -1 -8.320e+03 1.646e+02 3.639e+01
|                ( - -7.788e+02 1 0)
|                ( WDBNDRY_B 0 -7.376e+03 1.289e+02 3.239e+01
|                    ( - -6.631e+03 2 0)
|                    ( - -6.158e+02 1 0)))
|            ( WDBNDRY_B 0 -3.186e+03 1.126e+02 1.413e+01
|                ( - -2.509e+03 1 0)
|                ( - -5.646e+02 1 0)))))
s>    ( QUESTION12 -1 -4.015e+04 2.318e+02 1.790e+02
s>        ( - -1.853e+04 3 0)
s>        ( SILENCE -1 -2.139e+04 1.770e+02 9.352e+01
s>            ( - -9.560e+03 1 0)
s>            ( QUESTION0_14_R 1 -1.165e+04 1.424e+02 5.052e+01
s>                ( QUESTION2_6_L -1 -8.320e+03 1.646e+02 3.639e+01
s>                    ( - -7.788e+02 1 0)
s>                    ( WDBNDRY_B 0 -7.376e+03 1.289e+02 3.239e+01
s>                        ( - -6.631e+03 2 0)
s>                        ( - -6.158e+02 1 0)))
s>                ( WDBNDRY_B 0 -3.186e+03 1.126e+02 1.413e+01
s>                    ( - -2.509e+03 1 0)
s>                    ( - -5.646e+02 1 0)))))INFO: dtree.c(1439): stop. leaf nodes are specific
INFO: dtree.c(1478): Final simple tree
|( QUESTION2 -1 -3.502e+04 3.006e+02 1.521e+02
|    ( QUESTION0_14_R 1 -7.450e+03 1.293e+02 3.355e+01
|        ( - -6.999e+03 1 0)
|        ( - -3.223e+02 1 0))
|    ( QUESTION2_10_L -1 -2.726e+04 1.690e+02 1.185e+02
|        ( WDBNDRY_B 0 -5.422e+03 1.253e+02 2.401e+01
|            ( - -2.453e+03 1 0)
|            ( - -2.844e+03 2 0))
|        ( - -2.167e+04 2 0)))
s>    ( QUESTION2 -1 -3.502e+04 3.006e+02 1.521e+02
s>        ( QUESTION0_14_R 1 -7.450e+03 1.293e+02 3.355e+01
s>            ( - -6.999e+03 1 0)
s>            ( - -3.223e+02 1 0))
s>        ( QUESTION2_10_L -1 -2.726e+04 1.690e+02 1.185e+02
s>            ( WDBNDRY_B 0 -5.422e+03 1.253e+02 2.401e+01
s>                ( - -2.453e+03 1 0)
s>                ( - -2.844e+03 2 0))
s>            ( - -2.167e+04 2 0)))INFO: dtree.c(1315): Comp split 37
INFO: dtree.c(1439): stop. leaf nodes are specific
INFO: dtree.c(1478): Final simple tree
|( QUESTION0_9_R 1 -8.550e+04 4.133e+02 3.711e+02
|    ( - -4.370e+04 1 0)
|    ( QUESTION0 1 -4.138e+04 1.948e+02 1.789e+02
|        ( WDBNDRY_B 0 -3.720e+04 1.763e+02 1.609e+02
|            ( - -3.485e+04 4 0)
|            ( - -2.175e+03 1 0))
|        ( WDBNDRY_B 0 -3.985e+03 1.973e+02 1.800e+01
|            ( QUESTION0_16_R 1 -3.130e+03 1.579e+02 1.400e+01
|                ( - -1.687e+03 1 0)
|                ( - -1.284e+03 1 0))
|            ( - -6.579e+02 1 0))))
s>    ( QUESTION0_9_R 1 -8.550e+04 4.133e+02 3.711e+02
s>        ( - -4.370e+04 1 0)
s>        ( QUESTION0 1 -4.138e+04 1.948e+02 1.789e+02
s>            ( WDBNDRY_B 0 -3.720e+04 1.763e+02 1.609e+02
s>                ( - -3.485e+04 4 0)
s>                ( - -2.175e+03 1 0))
s>            ( WDBNDRY_B 0 -3.985e+03 1.973e+02 1.800e+01
s>                ( QUESTION0_16_R 1 -3.130e+03 1.579e+02 1.400e+01
s>                    ( - -1.687e+03 1 0)
s>                    ( - -1.284e+03 1 0))
s>                ( - -6.579e+02 1 0))))INFO: dtree.c(1315): Comp split 38
INFO: dtree.c(1439): stop. leaf nodes are specific
INFO: dtree.c(1478): Final simple tree
|( QUESTION0_0_R 1 -1.124e+05 9.997e+01 4.926e+02
|    ( - -1.081e+05 2 0)
|    ( - -4.211e+03 3 0))
s>    ( QUESTION0_0_R 1 -1.124e+05 9.997e+01 4.926e+02
s>        ( - -1.081e+05 2 0)
s>        ( - -4.211e+03 3 0))INFO: dtree.c(1439): stop. leaf nodes are specific
INFO: dtree.c(1478): Final simple tree
|( WDBNDRY_B 0 -6.704e+04 1.334e+02 2.908e+02
|    ( - -1.296e+03 2 0)
|    ( - -6.561e+04 5 0))
s>    ( WDBNDRY_B 0 -6.704e+04 1.334e+02 2.908e+02
s>        ( - -1.296e+03 2 0)
s>        ( - -6.561e+04 5 0))INFO: dtree.c(1315): Comp split 39
INFO: dtree.c(1439): stop. leaf nodes are specific
INFO: dtree.c(1478): Final simple tree
|( QUESTION0_1_R 1 -3.460e+04 1.377e+02 1.543e+02
|    ( - -3.253e+04 1 0)
|    ( - -1.932e+03 1 0))
s>    ( QUESTION0_1_R 1 -3.460e+04 1.377e+02 1.543e+02
s>        ( - -3.253e+04 1 0)
s>        ( - -1.932e+03 1 0))INFO: dtree.c(1315): Comp split 40
INFO: dtree.c(1439): stop. leaf nodes are specific
INFO: dtree.c(1478): Final simple tree
|( WDBNDRY_B 0 -1.014e+05 1.810e+02 4.449e+02
|    ( - -2.599e+03 1 0)
|    ( - -9.863e+04 5 0))
s>    ( WDBNDRY_B 0 -1.014e+05 1.810e+02 4.449e+02
s>        ( - -2.599e+03 1 0)
s>        ( - -9.863e+04 5 0))INFO: dtree.c(1439): stop. leaf nodes are specific
INFO: dtree.c(1478): Final simple tree
|( WDBNDRY_E 0 -8.561e+04 3.033e+02 3.757e+02
|    ( - -3.253e+04 2 0)
|    ( WDBNDRY_B 0 -5.278e+04 2.153e+02 2.312e+02
|        ( - -2.016e+04 2 0)
|        ( - -3.241e+04 3 0)))
s>    ( WDBNDRY_E 0 -8.561e+04 3.033e+02 3.757e+02
s>        ( - -3.253e+04 2 0)
s>        ( WDBNDRY_B 0 -5.278e+04 2.153e+02 2.312e+02
s>            ( - -2.016e+04 2 0)
s>            ( - -3.241e+04 3 0)))INFO: dtree.c(1315): Comp split 41
INFO: dtree.c(1315): Comp split 42
INFO: dtree.c(1439): stop. leaf nodes are specific
INFO: dtree.c(1478): Final simple tree
|( QUESTION0 1 -4.138e+04 1.948e+02 1.789e+02
|    ( WDBNDRY_B 0 -3.720e+04 1.763e+02 1.609e+02
|        ( - -3.485e+04 4 0)
|        ( - -2.175e+03 1 0))
|    ( WDBNDRY_B 0 -3.985e+03 1.973e+02 1.800e+01
|        ( QUESTION0_16_R 1 -3.130e+03 1.579e+02 1.400e+01
|            ( - -1.687e+03 1 0)
|            ( - -1.284e+03 1 0))
|        ( - -6.579e+02 1 0)))
s>    ( QUESTION0 1 -4.138e+04 1.948e+02 1.789e+02
s>        ( WDBNDRY_B 0 -3.720e+04 1.763e+02 1.609e+02
s>            ( - -3.485e+04 4 0)
s>            ( - -2.175e+03 1 0))
s>        ( WDBNDRY_B 0 -3.985e+03 1.973e+02 1.800e+01
s>            ( QUESTION0_16_R 1 -3.130e+03 1.579e+02 1.400e+01
s>                ( - -1.687e+03 1 0)
s>                ( - -1.284e+03 1 0))
s>            ( - -6.579e+02 1 0)))INFO: dtree.c(1315): Comp split 43
INFO: dtree.c(1315): Comp split 44
INFO: dtree.c(1439): stop. leaf nodes are specific
INFO: dtree.c(1478): Final simple tree
|( QUESTION0_0_R 1 -3.762e+04 3.535e+02 1.669e+02
|    ( QUESTION0_1_R 1 -1.786e+04 2.063e+02 7.938e+01
|        ( - -5.264e+03 1 0)
|        ( - -1.239e+04 2 0))
|    ( - -1.941e+04 1 0))
s>    ( QUESTION0_0_R 1 -3.762e+04 3.535e+02 1.669e+02
s>        ( QUESTION0_1_R 1 -1.786e+04 2.063e+02 7.938e+01
s>            ( - -5.264e+03 1 0)
s>            ( - -1.239e+04 2 0))
s>        ( - -1.941e+04 1 0))INFO: dtree.c(1315): Comp split 45
INFO: dtree.c(1439): stop. leaf nodes are specific
INFO: dtree.c(1478): Final simple tree
|( QUESTION0_20_R 1 -6.425e+04 1.713e+02 2.823e+02
|    ( QUESTION12 1 -1.271e+04 1.066e+02 5.570e+01
|        ( - -2.650e+03 1 0)
|        ( - -9.952e+03 2 0))
|    ( QUESTION0_9_R 1 -5.137e+04 1.563e+02 2.266e+02
|        ( QUESTION0 1 -4.864e+04 1.532e+02 2.146e+02
|            ( - -1.381e+04 2 0)
|            ( - -3.468e+04 3 0))
|        ( - -2.571e+03 1 0)))
s>    ( QUESTION0_20_R 1 -6.425e+04 1.713e+02 2.823e+02
s>        ( QUESTION12 1 -1.271e+04 1.066e+02 5.570e+01
s>            ( - -2.650e+03 1 0)
s>            ( - -9.952e+03 2 0))
s>        ( QUESTION0_9_R 1 -5.137e+04 1.563e+02 2.266e+02
s>            ( QUESTION0 1 -4.864e+04 1.532e+02 2.146e+02
s>                ( - -1.381e+04 2 0)
s>                ( - -3.468e+04 3 0))
s>            ( - -2.571e+03 1 0)))INFO: dtree.c(1315): Comp split 46
INFO: dtree.c(1439): stop. leaf nodes are specific
INFO: dtree.c(1478): Final simple tree
|( QUESTION0_1_R 1 -1.786e+04 2.063e+02 7.938e+01
|    ( - -5.264e+03 1 0)
|    ( - -1.239e+04 2 0))
s>    ( QUESTION0_1_R 1 -1.786e+04 2.063e+02 7.938e+01
s>        ( - -5.264e+03 1 0)
s>        ( - -1.239e+04 2 0))INFO: dtree.c(1315): Comp split 47
INFO: dtree.c(1439): stop. leaf nodes are specific
INFO: dtree.c(1478): Final simple tree
|( QUESTION0_16_R 1 -1.747e+04 1.487e+02 7.693e+01
|    ( - -1.847e+03 1 0)
|    ( WDBNDRY_B 0 -1.547e+04 1.198e+02 6.888e+01
|        ( - -7.944e+03 1 0)
|        ( - -7.408e+03 2 0)))
s>    ( QUESTION0_16_R 1 -1.747e+04 1.487e+02 7.693e+01
s>        ( - -1.847e+03 1 0)
s>        ( WDBNDRY_B 0 -1.547e+04 1.198e+02 6.888e+01
s>            ( - -7.944e+03 1 0)
s>            ( - -7.408e+03 2 0)))INFO: dtree.c(1315): Comp split 48
INFO: dtree.c(1315): Comp split 49
INFO: dtree.c(1439): stop. leaf nodes are specific
INFO: dtree.c(1478): Final simple tree
|( QUESTION0_9_R 1 -1.164e+05 3.083e+02 5.021e+02
|    ( - -1.339e+04 1 0)
|    ( QUESTION0_14_R 1 -1.027e+05 1.280e+02 4.439e+02
|        ( WDBNDRY_B 0 -1.017e+05 8.647e+01 4.399e+02
|            ( - -9.985e+04 5 0)
|            ( - -1.775e+03 2 0))
|        ( - -8.648e+02 1 0)))
s>    ( QUESTION0_9_R 1 -1.164e+05 3.083e+02 5.021e+02
s>        ( - -1.339e+04 1 0)
s>        ( QUESTION0_14_R 1 -1.027e+05 1.280e+02 4.439e+02
s>            ( WDBNDRY_B 0 -1.017e+05 8.647e+01 4.399e+02
s>                ( - -9.985e+04 5 0)
s>                ( - -1.775e+03 2 0))
s>            ( - -8.648e+02 1 0)))INFO: dtree.c(1439): stop. leaf nodes are specific
INFO: dtree.c(1478): Final simple tree
|( QUESTION0_16_R 1 -9.292e+03 1.460e+02 4.340e+01
|    ( - -7.257e+03 2 0)
|    ( - -1.889e+03 1 0))
s>    ( QUESTION0_16_R 1 -9.292e+03 1.460e+02 4.340e+01
s>        ( - -7.257e+03 2 0)
s>        ( - -1.889e+03 1 0))INFO: dtree.c(1315): Comp split 50
INFO: dtree.c(1439): stop. leaf nodes are specific
INFO: dtree.c(1478): Final simple tree
|( WDBNDRY_B 0 -3.094e+05 1.526e+02 1.325e+03
|    ( - -8.134e+02 1 0)
|    ( - -3.084e+05 7 0))
s>    ( WDBNDRY_B 0 -3.094e+05 1.526e+02 1.325e+03
s>        ( - -8.134e+02 1 0)
s>        ( - -3.084e+05 7 0))INFO: dtree.c(1315): Comp split 51
INFO: dtree.c(1439): stop. leaf nodes are specific
INFO: dtree.c(1478): Final simple tree
|( QUESTION0_14_R 1 -1.027e+05 1.280e+02 4.439e+02
|    ( WDBNDRY_B 0 -1.017e+05 8.647e+01 4.399e+02
|        ( - -9.985e+04 5 0)
|        ( - -1.775e+03 2 0))
|    ( - -8.648e+02 1 0))
s>    ( QUESTION0_14_R 1 -1.027e+05 1.280e+02 4.439e+02
s>        ( WDBNDRY_B 0 -1.017e+05 8.647e+01 4.399e+02
s>            ( - -9.985e+04 5 0)
s>            ( - -1.775e+03 2 0))
s>        ( - -8.648e+02 1 0))INFO: dtree.c(1315): Comp split 52
INFO: dtree.c(1315): Comp split 53
INFO: dtree.c(1439): stop. leaf nodes are specific
INFO: dtree.c(1478): Final simple tree
|( WDBNDRY_B 0 -5.278e+04 2.153e+02 2.312e+02
|    ( - -2.016e+04 2 0)
|    ( - -3.241e+04 3 0))
s>    ( WDBNDRY_B 0 -5.278e+04 2.153e+02 2.312e+02
s>        ( - -2.016e+04 2 0)
s>        ( - -3.241e+04 3 0))INFO: dtree.c(1315): Comp split 54
INFO: dtree.c(1439): stop. leaf nodes are specific
INFO: dtree.c(1478): Final simple tree
|( QUESTION0_9_R 1 -1.263e+05 2.862e+02 5.764e+02
|    ( - -1.963e+04 1 0)
|    ( - -1.064e+05 4 0))
s>    ( QUESTION0_9_R 1 -1.263e+05 2.862e+02 5.764e+02
s>        ( - -1.963e+04 1 0)
s>        ( - -1.064e+05 4 0))INFO: dtree.c(1315): Comp split 55
INFO: dtree.c(1439): stop. leaf nodes are specific
INFO: dtree.c(1478): Final simple tree
|( QUESTION2_10_L -1 -2.726e+04 1.690e+02 1.185e+02
|    ( WDBNDRY_B 0 -5.422e+03 1.253e+02 2.401e+01
|        ( - -2.453e+03 1 0)
|        ( - -2.844e+03 2 0))
|    ( - -2.167e+04 2 0))
s>    ( QUESTION2_10_L -1 -2.726e+04 1.690e+02 1.185e+02
s>        ( WDBNDRY_B 0 -5.422e+03 1.253e+02 2.401e+01
s>            ( - -2.453e+03 1 0)
s>            ( - -2.844e+03 2 0))
s>        ( - -2.167e+04 2 0))INFO: dtree.c(1439): stop. leaf nodes are specific
INFO: dtree.c(1478): Final simple tree
|( QUESTION0_14_R 1 -7.450e+03 1.293e+02 3.355e+01
|    ( - -6.999e+03 1 0)
|    ( - -3.223e+02 1 0))
s>    ( QUESTION0_14_R 1 -7.450e+03 1.293e+02 3.355e+01
s>        ( - -6.999e+03 1 0)
s>        ( - -3.223e+02 1 0))INFO: dtree.c(1315): Comp split 56
INFO: dtree.c(1439): stop. leaf nodes are specific
INFO: dtree.c(1478): Final simple tree
|( QUESTION0_3_R 1 -1.799e+04 1.862e+02 8.219e+01
|    ( - -2.545e+02 1 0)
|    ( WDBNDRY_E 0 -1.755e+04 1.829e+02 8.019e+01
|        ( - -8.020e+03 1 0)
|        ( - -9.347e+03 2 0)))
s>    ( QUESTION0_3_R 1 -1.799e+04 1.862e+02 8.219e+01
s>        ( - -2.545e+02 1 0)
s>        ( WDBNDRY_E 0 -1.755e+04 1.829e+02 8.019e+01
s>            ( - -8.020e+03 1 0)
s>            ( - -9.347e+03 2 0)))INFO: dtree.c(1315): Comp split 57
INFO: dtree.c(1315): Comp split 58
INFO: dtree.c(1439): stop. leaf nodes are specific
INFO: dtree.c(1478): Final simple tree
|( WDBNDRY_B 0 -3.817e+03 1.315e+02 1.842e+01
|    ( - -5.326e+02 1 0)
|    ( - -3.153e+03 1 0))
s>    ( WDBNDRY_B 0 -3.817e+03 1.315e+02 1.842e+01
s>        ( - -5.326e+02 1 0)
s>        ( - -3.153e+03 1 0))INFO: dtree.c(1315): Comp split 59
INFO: dtree.c(1439): stop. leaf nodes are specific
INFO: dtree.c(1478): Final simple tree
|( SILENCE -1 -1.976e+04 1.780e+02 8.652e+01
|    ( - -9.560e+03 1 0)
|    ( QUESTION0_14_R 1 -1.002e+04 1.393e+02 4.352e+01
|        ( WDBNDRY_B 0 -7.376e+03 1.289e+02 3.239e+01
|            ( - -6.631e+03 2 0)
|            ( - -6.158e+02 1 0))
|        ( - -2.509e+03 1 0)))
s>    ( SILENCE -1 -1.976e+04 1.780e+02 8.652e+01
s>        ( - -9.560e+03 1 0)
s>        ( QUESTION0_14_R 1 -1.002e+04 1.393e+02 4.352e+01
s>            ( WDBNDRY_B 0 -7.376e+03 1.289e+02 3.239e+01
s>                ( - -6.631e+03 2 0)
s>                ( - -6.158e+02 1 0))
s>            ( - -2.509e+03 1 0)))INFO: dtree.c(1439): stop. leaf nodes are specific
INFO: dtree.c(1478): Final simple tree
|( QUESTION10 -1 -2.013e+04 1.423e+02 9.245e+01
|    ( - -7.788e+02 1 0)
|    ( WDBNDRY_B 0 -1.921e+04 1.081e+02 8.845e+01
|        ( - -1.853e+04 3 0)
|        ( - -5.646e+02 1 0)))
s>    ( QUESTION10 -1 -2.013e+04 1.423e+02 9.245e+01
s>        ( - -7.788e+02 1 0)
s>        ( WDBNDRY_B 0 -1.921e+04 1.081e+02 8.845e+01
s>            ( - -1.853e+04 3 0)
s>            ( - -5.646e+02 1 0)))INFO: dtree.c(1315): Comp split 60
INFO: dtree.c(1315): Comp split 61
INFO: dtree.c(1439): stop. leaf nodes are specific
INFO: dtree.c(1478): Final simple tree
|( WDBNDRY_B 0 -4.047e+04 1.750e+02 1.749e+02
|    ( QUESTION0_16_R 1 -3.812e+04 1.573e+02 1.649e+02
|        ( - -1.687e+03 1 0)
|        ( QUESTION0_14_R 1 -3.627e+04 1.409e+02 1.569e+02
|            ( - -3.485e+04 4 0)
|            ( - -1.284e+03 1 0)))
|    ( - -2.175e+03 1 0))
s>    ( WDBNDRY_B 0 -4.047e+04 1.750e+02 1.749e+02
s>        ( QUESTION0_16_R 1 -3.812e+04 1.573e+02 1.649e+02
s>            ( - -1.687e+03 1 0)
s>            ( QUESTION0_14_R 1 -3.627e+04 1.409e+02 1.569e+02
s>                ( - -3.485e+04 4 0)
s>                ( - -1.284e+03 1 0)))
s>        ( - -2.175e+03 1 0))INFO: dtree.c(1315): Comp split 62
INFO: dtree.c(1439): stop. leaf nodes are specific
INFO: dtree.c(1478): Final simple tree
|( QUESTION0_9_R 1 -1.905e+04 1.500e+02 8.525e+01
|    ( - -3.197e+02 1 0)
|    ( WDBNDRY_E 0 -1.858e+04 1.395e+02 8.325e+01
|        ( - -1.462e+04 2 0)
|        ( - -3.817e+03 1 0)))
s>    ( QUESTION0_9_R 1 -1.905e+04 1.500e+02 8.525e+01
s>        ( - -3.197e+02 1 0)
s>        ( WDBNDRY_E 0 -1.858e+04 1.395e+02 8.325e+01
s>            ( - -1.462e+04 2 0)
s>            ( - -3.817e+03 1 0)))INFO: dtree.c(1439): stop. leaf nodes are specific
INFO: dtree.c(1478): Final simple tree
|( QUESTION0_10_R 1 -2.223e+04 1.672e+02 9.698e+01
|    ( - -5.947e+02 1 0)
|    ( QUESTION17 1 -2.147e+04 1.842e+02 9.398e+01
|        ( WDBNDRY_B 0 -1.280e+04 1.326e+02 5.598e+01
|            ( - -7.401e+03 1 0)
|            ( - -5.270e+03 1 0))
|        ( QUESTION0_9_R 1 -8.478e+03 1.289e+02 3.800e+01
|            ( - -2.137e+03 1 0)
|            ( WDBNDRY_I 0 -6.212e+03 1.126e+02 2.800e+01
|                ( - -1.773e+03 1 0)
|                ( WDBNDRY_B 0 -4.326e+03 8.814e+01 2.000e+01
|                    ( - -2.380e+03 1 0)
|                    ( - -1.858e+03 1 0))))))
s>    ( QUESTION0_10_R 1 -2.223e+04 1.672e+02 9.698e+01
s>        ( - -5.947e+02 1 0)
s>        ( QUESTION17 1 -2.147e+04 1.842e+02 9.398e+01
s>            ( WDBNDRY_B 0 -1.280e+04 1.326e+02 5.598e+01
s>                ( - -7.401e+03 1 0)
s>                ( - -5.270e+03 1 0))
s>            ( QUESTION0_9_R 1 -8.478e+03 1.289e+02 3.800e+01
s>                ( - -2.137e+03 1 0)
s>                ( WDBNDRY_I 0 -6.212e+03 1.126e+02 2.800e+01
s>                    ( - -1.773e+03 1 0)
s>                    ( WDBNDRY_B 0 -4.326e+03 8.814e+01 2.000e+01
s>                        ( - -2.380e+03 1 0)
s>                        ( - -1.858e+03 1 0))))))INFO: dtree.c(1315): Comp split 63
INFO: dtree.c(1315): Comp split 64
INFO: dtree.c(1315): Comp split 65
INFO: dtree.c(1439): stop. leaf nodes are specific
INFO: dtree.c(1478): Final simple tree
|( WDBNDRY_E 0 -5.844e+04 1.942e+02 2.505e+02
|    ( - -4.932e+04 3 0)
|    ( QUESTION16 -1 -8.924e+03 1.394e+02 3.851e+01
|        ( - -4.834e+03 2 0)
|        ( - -3.951e+03 1 0)))
s>    ( WDBNDRY_E 0 -5.844e+04 1.942e+02 2.505e+02
s>        ( - -4.932e+04 3 0)
s>        ( QUESTION16 -1 -8.924e+03 1.394e+02 3.851e+01
s>            ( - -4.834e+03 2 0)
s>            ( - -3.951e+03 1 0)))INFO: dtree.c(1315): Comp split 66
INFO: dtree.c(1315): Comp split 67
INFO: dtree.c(1439): stop. leaf nodes are specific
INFO: dtree.c(1478): Final simple tree
|( WDBNDRY_I 0 -6.586e+03 1.226e+02 3.000e+01
|    ( - -2.137e+03 1 0)
|    ( WDBNDRY_B 0 -4.326e+03 8.814e+01 2.000e+01
|        ( - -2.380e+03 1 0)
|        ( - -1.858e+03 1 0)))
s>    ( WDBNDRY_I 0 -6.586e+03 1.226e+02 3.000e+01
s>        ( - -2.137e+03 1 0)
s>        ( WDBNDRY_B 0 -4.326e+03 8.814e+01 2.000e+01
s>            ( - -2.380e+03 1 0)
s>            ( - -1.858e+03 1 0)))INFO: dtree.c(1439): stop. leaf nodes are specific
INFO: dtree.c(1478): Final simple tree
|( WDBNDRY_E 0 -1.543e+04 1.650e+02 6.699e+01
|    ( - -5.947e+02 1 0)
|    ( QUESTION0_1_R 1 -1.467e+04 1.335e+02 6.399e+01
|        ( - -5.270e+03 1 0)
|        ( WDBNDRY_B 0 -9.269e+03 9.561e+01 4.071e+01
|            ( - -7.401e+03 1 0)
|            ( - -1.773e+03 1 0))))
s>    ( WDBNDRY_E 0 -1.543e+04 1.650e+02 6.699e+01
s>        ( - -5.947e+02 1 0)
s>        ( QUESTION0_1_R 1 -1.467e+04 1.335e+02 6.399e+01
s>            ( - -5.270e+03 1 0)
s>            ( WDBNDRY_B 0 -9.269e+03 9.561e+01 4.071e+01
s>                ( - -7.401e+03 1 0)
s>                ( - -1.773e+03 1 0))))INFO: dtree.c(1315): Comp split 68
INFO: dtree.c(1315): Comp split 69
INFO: dtree.c(1439): stop. leaf nodes are specific
INFO: dtree.c(1478): Final simple tree
|( WDBNDRY_B 0 -1.542e+05 1.747e+02 7.009e+02
|    ( - -1.538e+05 4 0)
|    ( - -2.572e+02 1 0))
s>    ( WDBNDRY_B 0 -1.542e+05 1.747e+02 7.009e+02
s>        ( - -1.538e+05 4 0)
s>        ( - -2.572e+02 1 0))INFO: dtree.c(1315): Comp split 70
INFO: dtree.c(1439): stop. leaf nodes are specific
INFO: dtree.c(1478): Final simple tree
|( QUESTION16 -1 -8.924e+03 1.394e+02 3.851e+01
|    ( - -4.834e+03 2 0)
|    ( - -3.951e+03 1 0))
s>    ( QUESTION16 -1 -8.924e+03 1.394e+02 3.851e+01
s>        ( - -4.834e+03 2 0)
s>        ( - -3.951e+03 1 0))INFO: dtree.c(1315): Comp split 71
INFO: dtree.c(1439): stop. leaf nodes are specific
INFO: dtree.c(1478): Final simple tree
|( WDBNDRY_E 0 -1.755e+04 1.829e+02 8.019e+01
|    ( - -8.020e+03 1 0)
|    ( - -9.347e+03 2 0))
s>    ( WDBNDRY_E 0 -1.755e+04 1.829e+02 8.019e+01
s>        ( - -8.020e+03 1 0)
s>        ( - -9.347e+03 2 0))INFO: dtree.c(1315): Comp split 72
INFO: dtree.c(1439): stop. leaf nodes are specific
INFO: dtree.c(1478): Final simple tree
|( QUESTION0_9_R 1 -2.666e+04 1.380e+02 1.166e+02
|    ( - -1.381e+04 2 0)
|    ( QUESTION12 1 -1.271e+04 1.066e+02 5.570e+01
|        ( - -2.650e+03 1 0)
|        ( - -9.952e+03 2 0)))
s>    ( QUESTION0_9_R 1 -2.666e+04 1.380e+02 1.166e+02
s>        ( - -1.381e+04 2 0)
s>        ( QUESTION12 1 -1.271e+04 1.066e+02 5.570e+01
s>            ( - -2.650e+03 1 0)
s>            ( - -9.952e+03 2 0)))INFO: dtree.c(1439): stop. leaf nodes are specific
INFO: dtree.c(1478): Final simple tree
|( QUESTION0_9_R 1 -3.740e+04 1.569e+02 1.657e+02
|    ( - -3.468e+04 3 0)
|    ( - -2.571e+03 1 0))
s>    ( QUESTION0_9_R 1 -3.740e+04 1.569e+02 1.657e+02
s>        ( - -3.468e+04 3 0)
s>        ( - -2.571e+03 1 0))INFO: dtree.c(1315): Comp split 73
INFO: dtree.c(1439): stop. leaf nodes are specific
INFO: dtree.c(1478): Final simple tree
|( WDBNDRY_B 0 -2.463e+04 1.102e+02 1.075e+02
|    ( - -2.167e+04 2 0)
|    ( - -2.844e+03 2 0))
s>    ( WDBNDRY_B 0 -2.463e+04 1.102e+02 1.075e+02
s>        ( - -2.167e+04 2 0)
s>        ( - -2.844e+03 2 0))INFO: dtree.c(1315): Comp split 74
INFO: dtree.c(1315): Comp split 75
INFO: dtree.c(1315): Comp split 76
INFO: dtree.c(1439): stop. leaf nodes are specific
INFO: dtree.c(1478): Final simple tree
|( QUESTION0_14_R 1 -1.002e+04 1.393e+02 4.352e+01
|    ( WDBNDRY_B 0 -7.376e+03 1.289e+02 3.239e+01
|        ( - -6.631e+03 2 0)
|        ( - -6.158e+02 1 0))
|    ( - -2.509e+03 1 0))
s>    ( QUESTION0_14_R 1 -1.002e+04 1.393e+02 4.352e+01
s>        ( WDBNDRY_B 0 -7.376e+03 1.289e+02 3.239e+01
s>            ( - -6.631e+03 2 0)
s>            ( - -6.158e+02 1 0))
s>        ( - -2.509e+03 1 0))INFO: dtree.c(1315): Comp split 77
INFO: dtree.c(1439): stop. leaf nodes are specific
INFO: dtree.c(1478): Final simple tree
|( QUESTION0_16_R 1 -3.812e+04 1.573e+02 1.649e+02
|    ( - -1.687e+03 1 0)
|    ( QUESTION0_14_R 1 -3.627e+04 1.409e+02 1.569e+02
|        ( - -3.485e+04 4 0)
|        ( - -1.284e+03 1 0)))
s>    ( QUESTION0_16_R 1 -3.812e+04 1.573e+02 1.649e+02
s>        ( - -1.687e+03 1 0)
s>        ( QUESTION0_14_R 1 -3.627e+04 1.409e+02 1.569e+02
s>            ( - -3.485e+04 4 0)
s>            ( - -1.284e+03 1 0)))INFO: dtree.c(1315): Comp split 78
INFO: dtree.c(1315): Comp split 79
INFO: dtree.c(1439): stop. leaf nodes are specific
INFO: dtree.c(1478): Final simple tree
|( WDBNDRY_B 0 -1.391e+06 9.206e+01 6.141e+03
|    ( - -6.768e+02 2 0)
|    ( - -1.390e+06 18 0))
s>    ( WDBNDRY_B 0 -1.391e+06 9.206e+01 6.141e+03
s>        ( - -6.768e+02 2 0)
s>        ( - -1.390e+06 18 0))INFO: dtree.c(1315): Comp split 80
INFO: dtree.c(1439): stop. leaf nodes are specific
INFO: dtree.c(1478): Final simple tree
|( QUESTION0_1_R 1 -1.467e+04 1.335e+02 6.399e+01
|    ( - -5.270e+03 1 0)
|    ( WDBNDRY_B 0 -9.269e+03 9.561e+01 4.071e+01
|        ( - -7.401e+03 1 0)
|        ( - -1.773e+03 1 0)))
s>    ( QUESTION0_1_R 1 -1.467e+04 1.335e+02 6.399e+01
s>        ( - -5.270e+03 1 0)
s>        ( WDBNDRY_B 0 -9.269e+03 9.561e+01 4.071e+01
s>            ( - -7.401e+03 1 0)
s>            ( - -1.773e+03 1 0)))INFO: dtree.c(1315): Comp split 81
INFO: dtree.c(1439): stop. leaf nodes are specific
INFO: dtree.c(1478): Final simple tree
|( QUESTION0_14_R 1 -3.627e+04 1.409e+02 1.569e+02
|    ( - -3.485e+04 4 0)
|    ( - -1.284e+03 1 0))
s>    ( QUESTION0_14_R 1 -3.627e+04 1.409e+02 1.569e+02
s>        ( - -3.485e+04 4 0)
s>        ( - -1.284e+03 1 0))INFO: dtree.c(1315): Comp split 82
INFO: dtree.c(1315): Comp split 83
INFO: dtree.c(1315): Comp split 84
INFO: dtree.c(1439): stop. leaf nodes are specific
INFO: dtree.c(1478): Final simple tree
|( WDBNDRY_E 0 -1.858e+04 1.395e+02 8.325e+01
|    ( - -1.462e+04 2 0)
|    ( - -3.817e+03 1 0))
s>    ( WDBNDRY_E 0 -1.858e+04 1.395e+02 8.325e+01
s>        ( - -1.462e+04 2 0)
s>        ( - -3.817e+03 1 0))INFO: dtree.c(1315): Comp split 85
INFO: dtree.c(1439): stop. leaf nodes are specific
INFO: dtree.c(1478): Final simple tree
|( WDBNDRY_B 0 -1.547e+04 1.198e+02 6.888e+01
|    ( - -7.944e+03 1 0)
|    ( - -7.408e+03 2 0))
s>    ( WDBNDRY_B 0 -1.547e+04 1.198e+02 6.888e+01
s>        ( - -7.944e+03 1 0)
s>        ( - -7.408e+03 2 0))INFO: dtree.c(1315): Comp split 86
INFO: dtree.c(1315): Comp split 87
INFO: dtree.c(1439): stop. leaf nodes are specific
INFO: dtree.c(1478): Final simple tree
|( WDBNDRY_B 0 -1.921e+04 1.081e+02 8.845e+01
|    ( - -1.853e+04 3 0)
|    ( - -5.646e+02 1 0))
s>    ( WDBNDRY_B 0 -1.921e+04 1.081e+02 8.845e+01
s>        ( - -1.853e+04 3 0)
s>        ( - -5.646e+02 1 0))INFO: dtree.c(1315): Comp split 88
INFO: dtree.c(1315): Comp split 89
INFO: dtree.c(1315): Comp split 90
INFO: dtree.c(1315): Comp split 91
INFO: dtree.c(1439): stop. leaf nodes are specific
INFO: dtree.c(1478): Final simple tree
|( WDBNDRY_B 0 -7.376e+03 1.289e+02 3.239e+01
|    ( - -6.631e+03 2 0)
|    ( - -6.158e+02 1 0))
s>    ( WDBNDRY_B 0 -7.376e+03 1.289e+02 3.239e+01
s>        ( - -6.631e+03 2 0)
s>        ( - -6.158e+02 1 0))INFO: dtree.c(1315): Comp split 92
INFO: dtree.c(1439): stop. leaf nodes are specific
INFO: dtree.c(1478): Final simple tree
|( QUESTION12 1 -1.271e+04 1.066e+02 5.570e+01
|    ( - -2.650e+03 1 0)
|    ( - -9.952e+03 2 0))
s>    ( QUESTION12 1 -1.271e+04 1.066e+02 5.570e+01
s>        ( - -2.650e+03 1 0)
s>        ( - -9.952e+03 2 0))INFO: dtree.c(1315): Comp split 93
INFO: dtree.c(1315): Comp split 94
INFO: dtree.c(1439): stop. leaf nodes are specific
INFO: dtree.c(1478): Final simple tree
|( WDBNDRY_B 0 -9.269e+03 9.561e+01 4.071e+01
|    ( - -7.401e+03 1 0)
|    ( - -1.773e+03 1 0))
s>    ( WDBNDRY_B 0 -9.269e+03 9.561e+01 4.071e+01
s>        ( - -7.401e+03 1 0)
s>        ( - -1.773e+03 1 0))INFO: dtree.c(1315): Comp split 95
INFO: dtree.c(1315): Comp split 96
INFO: dtree.c(1315): Comp split 97
INFO: dtree.c(1315): Comp split 98
INFO: dtree.c(1315): Comp split 99
INFO: dtree.c(1439): stop. leaf nodes are specific
INFO: dtree.c(1478): Final simple tree
|( WDBNDRY_B 0 -1.017e+05 8.647e+01 4.399e+02
|    ( - -9.985e+04 5 0)
|    ( - -1.775e+03 2 0))
s>    ( WDBNDRY_B 0 -1.017e+05 8.647e+01 4.399e+02
s>        ( - -9.985e+04 5 0)
s>        ( - -1.775e+03 2 0))INFO: dtree.c(1315): Comp split 100
INFO: dtree.c(1315): Comp split 101
INFO: dtree.c(1439): stop. leaf nodes are specific
INFO: dtree.c(1478): Final simple tree
|( WDBNDRY_B 0 -4.326e+03 8.814e+01 2.000e+01
|    ( - -2.380e+03 1 0)
|    ( - -1.858e+03 1 0))
s>    ( WDBNDRY_B 0 -4.326e+03 8.814e+01 2.000e+01
s>        ( - -2.380e+03 1 0)
s>        ( - -1.858e+03 1 0))INFO: dtree.c(1315): Comp split 102
INFO: dtree.c(1315): Comp split 103
INFO: dtree.c(1315): Comp split 104
INFO: dtree.c(1315): Comp split 105
INFO: dtree.c(1315): Comp split 106
INFO: dtree.c(1315): Comp split 107
INFO: dtree.c(1315): Comp split 108
INFO: dtree.c(1315): Comp split 109
INFO: dtree.c(1315): Comp split 110
INFO: dtree.c(1315): Comp split 111
INFO: dtree.c(1318): stop. leaf nodes are specific
Fri Jan  6 22:27:45 2023
