Current configuration:
[NAME]		[DEFLT]	[VALUE]
-allphones	no	no
-cntthresh	0.00001	1.000000e-05
-csplitmax	100	2000
-csplitmin	1	1
-csplitthr	8e-4	0.000000e+00
-example	no	no
-fullvar	no	no
-help		no	no
-meanfn			/mnt/c/users/robin/onedrive/desktop/cmu/Cebuano/model_parameters/Cebuano.cd_cont_untied/means
-mixwfn			/mnt/c/users/robin/onedrive/desktop/cmu/Cebuano/model_parameters/Cebuano.cd_cont_untied/mixture_weights
-moddeffn		/mnt/c/users/robin/onedrive/desktop/cmu/Cebuano/model_architecture/Cebuano.untied.mdef
-mwfloor	1e-4	1.000000e-08
-phone			UH
-psetfn			/mnt/c/users/robin/onedrive/desktop/cmu/Cebuano/model_architecture/Cebuano.tree_questions
-ssplitmax	5	7
-ssplitmin	1	1
-ssplitthr	8e-4	0.000000e+00
-state			0
-stwt			1.0,0.05,0.0,
-treefn			/mnt/c/users/robin/onedrive/desktop/cmu/Cebuano/trees/Cebuano.unpruned/UH-0.dtree
-ts2cbfn	.semi.	.cont.
-varfloor	0.00001	1.000000e-05
-varfn			/mnt/c/users/robin/onedrive/desktop/cmu/Cebuano/model_parameters/Cebuano.cd_cont_untied/variances

INFO: main.c(223): Reading: /mnt/c/users/robin/onedrive/desktop/cmu/Cebuano/model_architecture/Cebuano.untied.mdef
INFO: model_def_io.c(573): Model definition info:
INFO: model_def_io.c(574): 7744 total models defined (40 base, 7704 tri)
INFO: model_def_io.c(575): 30976 total states
INFO: model_def_io.c(576): 23232 total tied states
INFO: model_def_io.c(577): 120 total tied CI states
INFO: model_def_io.c(578): 40 total tied transition matrices
INFO: model_def_io.c(579): 4 max state/model
INFO: model_def_io.c(580): 4 min state/model
INFO: main.c(242): Building trees for [UH B CH i] through [UH Y R i]
INFO: main.c(268): Covering states |[21702 21737]| == 36
INFO: main.c(275): Reading: /mnt/c/users/robin/onedrive/desktop/cmu/Cebuano/model_parameters/Cebuano.cd_cont_untied/mixture_weights
INFO: s3mixw_io.c(172): Read /mnt/c/users/robin/onedrive/desktop/cmu/Cebuano/model_parameters/Cebuano.cd_cont_untied/mixture_weights [36x1x1 array]
INFO: main.c(311): 11 of 12 models have observation count greater than 0.000010
INFO: main.c(95): nrm stwt: 0.952 0.048 0.000 
INFO: s3gau_io.c(168): Read /mnt/c/users/robin/onedrive/desktop/cmu/Cebuano/model_parameters/Cebuano.cd_cont_untied/means [23232x1x1 array]
INFO: s3gau_io.c(168): Read /mnt/c/users/robin/onedrive/desktop/cmu/Cebuano/model_parameters/Cebuano.cd_cont_untied/variances [23232x1x1 array]
INFO: main.c(549): Reading: /mnt/c/users/robin/onedrive/desktop/cmu/Cebuano/model_architecture/Cebuano.tree_questions
INFO: main.c(587): 180 total simple questions (172 phone; 8 word bndry)
INFO: main.c(589): 42 Left Only questions, and 42 Right Only questions
INFO: dtree.c(1478): Final simple tree
|( QUESTION16 -1 -1.183e+05 1.243e+03 5.192e+02
|    ( QUESTION0_9_R 1 -6.414e+04 6.069e+02 2.804e+02
|        ( - -1.857e+04 1 0)
|        ( - -4.496e+04 2 0))
|    ( QUESTION0_1_R 1 -5.295e+04 6.422e+02 2.388e+02
|        ( - -3.073e+04 1 0)
|        ( QUESTION0_13_R 1 -2.157e+04 4.545e+02 9.555e+01
|            ( - -3.813e+03 1 0)
|            ( QUESTION10 1 -1.730e+04 2.667e+02 7.555e+01
|                ( QUESTION10 -1 -4.422e+03 2.175e+02 2.001e+01
|                    ( - -2.709e+03 1 0)
|                    ( - -1.495e+03 1 0))
|                ( QUESTION0_3_R 1 -1.261e+04 1.708e+02 5.554e+01
|                    ( - -2.713e+03 1 0)
|                    ( - -9.729e+03 3 0 QUESTION0_0_R 1 1.553e+02 4.254e+01))))))
s>    ( QUESTION16 -1 -1.183e+05 1.243e+03 5.192e+02
s>        ( QUESTION0_9_R 1 -6.414e+04 6.069e+02 2.804e+02
s>            ( - -1.857e+04 1 0)
s>            ( - -4.496e+04 2 0))
s>        ( QUESTION0_1_R 1 -5.295e+04 6.422e+02 2.388e+02
s>            ( - -3.073e+04 1 0)
s>            ( QUESTION0_13_R 1 -2.157e+04 4.545e+02 9.555e+01
s>                ( - -3.813e+03 1 0)
s>                ( QUESTION10 1 -1.730e+04 2.667e+02 7.555e+01
s>                    ( QUESTION10 -1 -4.422e+03 2.175e+02 2.001e+01
s>                        ( - -2.709e+03 1 0)
s>                        ( - -1.495e+03 1 0))
s>                    ( QUESTION0_3_R 1 -1.261e+04 1.708e+02 5.554e+01
s>                        ( - -2.713e+03 1 0)
s>                        ( - -9.729e+03 3 0 QUESTION0_0_R 1 1.553e+02 4.254e+01))))))INFO: dtree.c(1315): Comp split 0
INFO: dtree.c(1439): stop. leaf nodes are specific
INFO: dtree.c(1478): Final simple tree
|( QUESTION0_13_R 1 -7.908e+04 6.713e+02 3.429e+02
|    ( - -4.496e+04 2 0)
|    ( QUESTION16 -1 -3.344e+04 4.559e+02 1.436e+02
|        ( - -1.857e+04 1 0)
|        ( QUESTION0_3_R 1 -1.442e+04 2.650e+02 6.255e+01
|            ( QUESTION10 -1 -4.422e+03 2.175e+02 2.001e+01
|                ( - -2.709e+03 1 0)
|                ( - -1.495e+03 1 0))
|            ( QUESTION0_0_R 1 -9.729e+03 1.553e+02 4.254e+01
|                ( - -2.042e+03 1 0)
|                ( - -7.532e+03 2 0)))))
s>    ( QUESTION0_13_R 1 -7.908e+04 6.713e+02 3.429e+02
s>        ( - -4.496e+04 2 0)
s>        ( QUESTION16 -1 -3.344e+04 4.559e+02 1.436e+02
s>            ( - -1.857e+04 1 0)
s>            ( QUESTION0_3_R 1 -1.442e+04 2.650e+02 6.255e+01
s>                ( QUESTION10 -1 -4.422e+03 2.175e+02 2.001e+01
s>                    ( - -2.709e+03 1 0)
s>                    ( - -1.495e+03 1 0))
s>                ( QUESTION0_0_R 1 -9.729e+03 1.553e+02 4.254e+01
s>                    ( - -2.042e+03 1 0)
s>                    ( - -7.532e+03 2 0)))))INFO: dtree.c(1439): stop. leaf nodes are specific
INFO: dtree.c(1478): Final simple tree
|( QUESTION0_0_R 1 -3.793e+04 4.325e+02 1.762e+02
|    ( QUESTION0_1_R 1 -3.369e+04 2.404e+02 1.562e+02
|        ( - -3.073e+04 1 0)
|        ( - -2.713e+03 1 0))
|    ( - -3.813e+03 1 0))
s>    ( QUESTION0_0_R 1 -3.793e+04 4.325e+02 1.762e+02
s>        ( QUESTION0_1_R 1 -3.369e+04 2.404e+02 1.562e+02
s>            ( - -3.073e+04 1 0)
s>            ( - -2.713e+03 1 0))
s>        ( - -3.813e+03 1 0))INFO: dtree.c(1315): Comp split 1
INFO: dtree.c(1439): stop. leaf nodes are specific
INFO: dtree.c(1478): Final simple tree
|( QUESTION16 -1 -3.344e+04 4.559e+02 1.436e+02
|    ( - -1.857e+04 1 0)
|    ( QUESTION0_3_R 1 -1.442e+04 2.650e+02 6.255e+01
|        ( QUESTION10 -1 -4.422e+03 2.175e+02 2.001e+01
|            ( - -2.709e+03 1 0)
|            ( - -1.495e+03 1 0))
|        ( QUESTION0_0_R 1 -9.729e+03 1.553e+02 4.254e+01
|            ( - -2.042e+03 1 0)
|            ( - -7.532e+03 2 0))))
s>    ( QUESTION16 -1 -3.344e+04 4.559e+02 1.436e+02
s>        ( - -1.857e+04 1 0)
s>        ( QUESTION0_3_R 1 -1.442e+04 2.650e+02 6.255e+01
s>            ( QUESTION10 -1 -4.422e+03 2.175e+02 2.001e+01
s>                ( - -2.709e+03 1 0)
s>                ( - -1.495e+03 1 0))
s>            ( QUESTION0_0_R 1 -9.729e+03 1.553e+02 4.254e+01
s>                ( - -2.042e+03 1 0)
s>                ( - -7.532e+03 2 0))))INFO: dtree.c(1315): Comp split 2
INFO: dtree.c(1439): stop. leaf nodes are specific
INFO: dtree.c(1478): Final simple tree
|( QUESTION0_3_R 1 -1.442e+04 2.650e+02 6.255e+01
|    ( QUESTION10 -1 -4.422e+03 2.175e+02 2.001e+01
|        ( - -2.709e+03 1 0)
|        ( - -1.495e+03 1 0))
|    ( QUESTION0_0_R 1 -9.729e+03 1.553e+02 4.254e+01
|        ( - -2.042e+03 1 0)
|        ( - -7.532e+03 2 0)))
s>    ( QUESTION0_3_R 1 -1.442e+04 2.650e+02 6.255e+01
s>        ( QUESTION10 -1 -4.422e+03 2.175e+02 2.001e+01
s>            ( - -2.709e+03 1 0)
s>            ( - -1.495e+03 1 0))
s>        ( QUESTION0_0_R 1 -9.729e+03 1.553e+02 4.254e+01
s>            ( - -2.042e+03 1 0)
s>            ( - -7.532e+03 2 0)))INFO: dtree.c(1315): Comp split 3
INFO: dtree.c(1439): stop. leaf nodes are specific
INFO: dtree.c(1478): Final simple tree
|( QUESTION0_1_R 1 -3.369e+04 2.404e+02 1.562e+02
|    ( - -3.073e+04 1 0)
|    ( - -2.713e+03 1 0))
s>    ( QUESTION0_1_R 1 -3.369e+04 2.404e+02 1.562e+02
s>        ( - -3.073e+04 1 0)
s>        ( - -2.713e+03 1 0))INFO: dtree.c(1315): Comp split 4
INFO: dtree.c(1439): stop. leaf nodes are specific
INFO: dtree.c(1478): Final simple tree
|( QUESTION0_3_R 1 -1.140e+04 1.759e+02 4.954e+01
|    ( - -1.495e+03 1 0)
|    ( QUESTION0_0_R 1 -9.729e+03 1.553e+02 4.254e+01
|        ( - -2.042e+03 1 0)
|        ( - -7.532e+03 2 0)))
s>    ( QUESTION0_3_R 1 -1.140e+04 1.759e+02 4.954e+01
s>        ( - -1.495e+03 1 0)
s>        ( QUESTION0_0_R 1 -9.729e+03 1.553e+02 4.254e+01
s>            ( - -2.042e+03 1 0)
s>            ( - -7.532e+03 2 0)))INFO: dtree.c(1315): Comp split 5
INFO: dtree.c(1315): Comp split 6
INFO: dtree.c(1439): stop. leaf nodes are specific
INFO: dtree.c(1478): Final simple tree
|( QUESTION0_0_R 1 -9.729e+03 1.553e+02 4.254e+01
|    ( - -2.042e+03 1 0)
|    ( - -7.532e+03 2 0))
s>    ( QUESTION0_0_R 1 -9.729e+03 1.553e+02 4.254e+01
s>        ( - -2.042e+03 1 0)
s>        ( - -7.532e+03 2 0))INFO: dtree.c(1315): Comp split 7
INFO: dtree.c(1315): Comp split 8
INFO: dtree.c(1318): stop. leaf nodes are specific
Fri Jan  6 22:27:38 2023
