Current configuration:
[NAME]		[DEFLT]	[VALUE]
-allphones	no	no
-cntthresh	0.00001	1.000000e-05
-csplitmax	100	2000
-csplitmin	1	1
-csplitthr	8e-4	0.000000e+00
-example	no	no
-fullvar	no	no
-help		no	no
-meanfn			/mnt/c/users/robin/onedrive/desktop/cmu/Cebuano/model_parameters/Cebuano.cd_cont_untied/means
-mixwfn			/mnt/c/users/robin/onedrive/desktop/cmu/Cebuano/model_parameters/Cebuano.cd_cont_untied/mixture_weights
-moddeffn		/mnt/c/users/robin/onedrive/desktop/cmu/Cebuano/model_architecture/Cebuano.untied.mdef
-mwfloor	1e-4	1.000000e-08
-phone			JH
-psetfn			/mnt/c/users/robin/onedrive/desktop/cmu/Cebuano/model_architecture/Cebuano.tree_questions
-ssplitmax	5	7
-ssplitmin	1	1
-ssplitthr	8e-4	0.000000e+00
-state			1
-stwt			1.0,0.05,0.0,
-treefn			/mnt/c/users/robin/onedrive/desktop/cmu/Cebuano/trees/Cebuano.unpruned/JH-1.dtree
-ts2cbfn	.semi.	.cont.
-varfloor	0.00001	1.000000e-05
-varfn			/mnt/c/users/robin/onedrive/desktop/cmu/Cebuano/model_parameters/Cebuano.cd_cont_untied/variances

INFO: main.c(223): Reading: /mnt/c/users/robin/onedrive/desktop/cmu/Cebuano/model_architecture/Cebuano.untied.mdef
INFO: model_def_io.c(573): Model definition info:
INFO: model_def_io.c(574): 7744 total models defined (40 base, 7704 tri)
INFO: model_def_io.c(575): 30976 total states
INFO: model_def_io.c(576): 23232 total tied states
INFO: model_def_io.c(577): 120 total tied CI states
INFO: model_def_io.c(578): 40 total tied transition matrices
INFO: model_def_io.c(579): 4 max state/model
INFO: model_def_io.c(580): 4 min state/model
INFO: main.c(242): Building trees for [JH AA AH b] through [JH Z IH b]
INFO: main.c(268): Covering states |[11994 12329]| == 336
INFO: main.c(275): Reading: /mnt/c/users/robin/onedrive/desktop/cmu/Cebuano/model_parameters/Cebuano.cd_cont_untied/mixture_weights
INFO: s3mixw_io.c(172): Read /mnt/c/users/robin/onedrive/desktop/cmu/Cebuano/model_parameters/Cebuano.cd_cont_untied/mixture_weights [336x1x1 array]
INFO: main.c(311): 112 of 112 models have observation count greater than 0.000010
INFO: main.c(95): nrm stwt: 0.045 0.909 0.045 
INFO: s3gau_io.c(168): Read /mnt/c/users/robin/onedrive/desktop/cmu/Cebuano/model_parameters/Cebuano.cd_cont_untied/means [23232x1x1 array]
INFO: s3gau_io.c(168): Read /mnt/c/users/robin/onedrive/desktop/cmu/Cebuano/model_parameters/Cebuano.cd_cont_untied/variances [23232x1x1 array]
INFO: main.c(549): Reading: /mnt/c/users/robin/onedrive/desktop/cmu/Cebuano/model_architecture/Cebuano.tree_questions
INFO: main.c(587): 180 total simple questions (172 phone; 8 word bndry)
INFO: main.c(589): 42 Left Only questions, and 42 Right Only questions
INFO: dtree.c(1478): Final simple tree
|( QUESTION12 -1 -1.919e+06 4.685e+03 8.093e+03
|    ( WDBNDRY_B 0 -2.067e+05 1.191e+03 8.743e+02
|        ( - -4.663e+04 5 0 QUESTION0_9_R 1 1.871e+02 2.027e+02)
|        ( - -1.589e+05 5 0 QUESTION0_15_R 1 7.158e+02 6.716e+02))
|    ( SILENCE -1 -1.708e+06 3.690e+03 7.218e+03
|        ( - -3.489e+05 5 0 QUESTION0_15_R 1 3.555e+02 1.501e+03)
|        ( QUESTION2_12_L -1 -1.355e+06 1.756e+03 5.717e+03
|            ( - -8.006e+05 50 0 WDBNDRY_B 0 7.543e+02 3.388e+03)
|            ( QUESTION0 -1 -5.529e+05 1.251e+03 2.329e+03
|                ( - -1.934e+05 7 0 QUESTION0_14_R 1 2.260e+02 8.285e+02)
|                ( QUESTION0_14_R 1 -3.582e+05 1.142e+03 1.501e+03
|                    ( QUESTION14 -1 -1.411e+05 7.585e+02 5.980e+02
|                        ( - -8.174e+04 4 0 WDBNDRY_B 0 1.686e+02 3.559e+02)
|                        ( - -5.866e+04 10 0 QUESTION2 -1 1.958e+02 2.420e+02))
|                    ( - -2.159e+05 26 0 QUESTION15 -1 4.559e+02 9.028e+02))))))
s>    ( QUESTION12 -1 -1.919e+06 4.685e+03 8.093e+03
s>        ( WDBNDRY_B 0 -2.067e+05 1.191e+03 8.743e+02
s>            ( - -4.663e+04 5 0 QUESTION0_9_R 1 1.871e+02 2.027e+02)
s>            ( - -1.589e+05 5 0 QUESTION0_15_R 1 7.158e+02 6.716e+02))
s>        ( SILENCE -1 -1.708e+06 3.690e+03 7.218e+03
s>            ( - -3.489e+05 5 0 QUESTION0_15_R 1 3.555e+02 1.501e+03)
s>            ( QUESTION2_12_L -1 -1.355e+06 1.756e+03 5.717e+03
s>                ( - -8.006e+05 50 0 WDBNDRY_B 0 7.543e+02 3.388e+03)
s>                ( QUESTION0 -1 -5.529e+05 1.251e+03 2.329e+03
s>                    ( - -1.934e+05 7 0 QUESTION0_14_R 1 2.260e+02 8.285e+02)
s>                    ( QUESTION0_14_R 1 -3.582e+05 1.142e+03 1.501e+03
s>                        ( QUESTION14 -1 -1.411e+05 7.585e+02 5.980e+02
s>                            ( - -8.174e+04 4 0 WDBNDRY_B 0 1.686e+02 3.559e+02)
s>                            ( - -5.866e+04 10 0 QUESTION2 -1 1.958e+02 2.420e+02))
s>                        ( - -2.159e+05 26 0 QUESTION15 -1 4.559e+02 9.028e+02))))))INFO: dtree.c(1315): Comp split 0
INFO: dtree.c(1439): stop. leaf nodes are specific
INFO: dtree.c(1478): Final simple tree
|( QUESTION0_15_R 1 -1.589e+05 7.158e+02 6.716e+02
|    ( QUESTION0 1 -2.166e+04 2.331e+02 9.095e+01
|        ( - -1.469e+03 1 0)
|        ( - -1.996e+04 1 0))
|    ( QUESTION0_9_R 1 -1.365e+05 4.449e+02 5.806e+02
|        ( - -2.087e+04 2 0)
|        ( - -1.152e+05 1 0)))
s>    ( QUESTION0_15_R 1 -1.589e+05 7.158e+02 6.716e+02
s>        ( QUESTION0 1 -2.166e+04 2.331e+02 9.095e+01
s>            ( - -1.469e+03 1 0)
s>            ( - -1.996e+04 1 0))
s>        ( QUESTION0_9_R 1 -1.365e+05 4.449e+02 5.806e+02
s>            ( - -2.087e+04 2 0)
s>            ( - -1.152e+05 1 0)))INFO: dtree.c(1478): Final simple tree
|( SILENCE -1 -1.755e+06 3.698e+03 7.421e+03
|    ( - -3.489e+05 5 0 QUESTION0_15_R 1 3.555e+02 1.501e+03)
|    ( QUESTION2_12_L -1 -1.402e+06 1.782e+03 5.920e+03
|        ( WDBNDRY_B 0 -8.006e+05 7.543e+02 3.388e+03
|            ( - -3.450e+05 17 0 QUESTION0_10_R 1 5.572e+02 1.475e+03)
|            ( QUESTION14 1 -4.548e+05 7.117e+02 1.913e+03
|                ( - -2.289e+05 14 0 QUESTION0_9_R 1 5.667e+02 9.870e+02)
|                ( - -2.251e+05 19 0 QUESTION9 1 6.044e+02 9.257e+02)))
|        ( QUESTION0 -1 -5.998e+05 1.164e+03 2.532e+03
|            ( - -1.934e+05 7 0 QUESTION0_14_R 1 2.260e+02 8.285e+02)
|            ( QUESTION0_14_R 1 -4.052e+05 1.140e+03 1.703e+03
|                ( QUESTION14 -1 -1.608e+05 7.441e+02 6.828e+02
|                    ( - -8.174e+04 4 0 WDBNDRY_B 0 1.686e+02 3.559e+02)
|                    ( - -7.836e+04 13 0 QUESTION13 -1 2.999e+02 3.268e+02))
|                ( - -2.432e+05 28 0 QUESTION15 -1 4.693e+02 1.021e+03)))))
s>    ( SILENCE -1 -1.755e+06 3.698e+03 7.421e+03
s>        ( - -3.489e+05 5 0 QUESTION0_15_R 1 3.555e+02 1.501e+03)
s>        ( QUESTION2_12_L -1 -1.402e+06 1.782e+03 5.920e+03
s>            ( WDBNDRY_B 0 -8.006e+05 7.543e+02 3.388e+03
s>                ( - -3.450e+05 17 0 QUESTION0_10_R 1 5.572e+02 1.475e+03)
s>                ( QUESTION14 1 -4.548e+05 7.117e+02 1.913e+03
s>                    ( - -2.289e+05 14 0 QUESTION0_9_R 1 5.667e+02 9.870e+02)
s>                    ( - -2.251e+05 19 0 QUESTION9 1 6.044e+02 9.257e+02)))
s>            ( QUESTION0 -1 -5.998e+05 1.164e+03 2.532e+03
s>                ( - -1.934e+05 7 0 QUESTION0_14_R 1 2.260e+02 8.285e+02)
s>                ( QUESTION0_14_R 1 -4.052e+05 1.140e+03 1.703e+03
s>                    ( QUESTION14 -1 -1.608e+05 7.441e+02 6.828e+02
s>                        ( - -8.174e+04 4 0 WDBNDRY_B 0 1.686e+02 3.559e+02)
s>                        ( - -7.836e+04 13 0 QUESTION13 -1 2.999e+02 3.268e+02))
s>                    ( - -2.432e+05 28 0 QUESTION15 -1 4.693e+02 1.021e+03)))))INFO: dtree.c(1315): Comp split 1
INFO: dtree.c(1478): Final simple tree
|( QUESTION2_12_L -1 -1.402e+06 1.782e+03 5.920e+03
|    ( WDBNDRY_B 0 -8.006e+05 7.543e+02 3.388e+03
|        ( - -3.450e+05 17 0 QUESTION0_10_R 1 5.572e+02 1.475e+03)
|        ( QUESTION14 1 -4.548e+05 7.117e+02 1.913e+03
|            ( - -2.289e+05 14 0 QUESTION0_9_R 1 5.667e+02 9.870e+02)
|            ( QUESTION9 1 -2.251e+05 6.044e+02 9.257e+02
|                ( - -1.698e+04 7 0 QUESTION0_10_R 1 2.753e+02 6.320e+01)
|                ( - -2.076e+05 12 0 QUESTION14 -1 2.797e+02 8.625e+02))))
|    ( QUESTION0 -1 -5.998e+05 1.164e+03 2.532e+03
|        ( - -1.934e+05 7 0 QUESTION0_14_R 1 2.260e+02 8.285e+02)
|        ( QUESTION0_14_R 1 -4.052e+05 1.140e+03 1.703e+03
|            ( QUESTION14 -1 -1.608e+05 7.441e+02 6.828e+02
|                ( - -8.174e+04 4 0 WDBNDRY_B 0 1.686e+02 3.559e+02)
|                ( - -7.836e+04 13 0 QUESTION13 -1 2.999e+02 3.268e+02))
|            ( - -2.432e+05 28 0 QUESTION15 -1 4.693e+02 1.021e+03))))
s>    ( QUESTION2_12_L -1 -1.402e+06 1.782e+03 5.920e+03
s>        ( WDBNDRY_B 0 -8.006e+05 7.543e+02 3.388e+03
s>            ( - -3.450e+05 17 0 QUESTION0_10_R 1 5.572e+02 1.475e+03)
s>            ( QUESTION14 1 -4.548e+05 7.117e+02 1.913e+03
s>                ( - -2.289e+05 14 0 QUESTION0_9_R 1 5.667e+02 9.870e+02)
s>                ( QUESTION9 1 -2.251e+05 6.044e+02 9.257e+02
s>                    ( - -1.698e+04 7 0 QUESTION0_10_R 1 2.753e+02 6.320e+01)
s>                    ( - -2.076e+05 12 0 QUESTION14 -1 2.797e+02 8.625e+02))))
s>        ( QUESTION0 -1 -5.998e+05 1.164e+03 2.532e+03
s>            ( - -1.934e+05 7 0 QUESTION0_14_R 1 2.260e+02 8.285e+02)
s>            ( QUESTION0_14_R 1 -4.052e+05 1.140e+03 1.703e+03
s>                ( QUESTION14 -1 -1.608e+05 7.441e+02 6.828e+02
s>                    ( - -8.174e+04 4 0 WDBNDRY_B 0 1.686e+02 3.559e+02)
s>                    ( - -7.836e+04 13 0 QUESTION13 -1 2.999e+02 3.268e+02))
s>                ( - -2.432e+05 28 0 QUESTION15 -1 4.693e+02 1.021e+03))))INFO: dtree.c(1439): stop. leaf nodes are specific
INFO: dtree.c(1478): Final simple tree
|( QUESTION0_15_R 1 -3.489e+05 3.555e+02 1.501e+03
|    ( QUESTION0 1 -2.346e+05 1.831e+02 1.016e+03
|        ( - -2.895e+03 1 0)
|        ( - -2.315e+05 1 0))
|    ( QUESTION0_9_R 1 -1.139e+05 2.490e+02 4.846e+02
|        ( - -3.259e+04 2 0)
|        ( - -8.104e+04 1 0)))
s>    ( QUESTION0_15_R 1 -3.489e+05 3.555e+02 1.501e+03
s>        ( QUESTION0 1 -2.346e+05 1.831e+02 1.016e+03
s>            ( - -2.895e+03 1 0)
s>            ( - -2.315e+05 1 0))
s>        ( QUESTION0_9_R 1 -1.139e+05 2.490e+02 4.846e+02
s>            ( - -3.259e+04 2 0)
s>            ( - -8.104e+04 1 0)))INFO: dtree.c(1315): Comp split 2
INFO: dtree.c(1478): Final simple tree
|( QUESTION14 -1 -3.728e+05 1.157e+03 1.575e+03
|    ( QUESTION0_9_R 1 -8.949e+04 4.894e+02 3.820e+02
|        ( - -5.698e+03 1 0)
|        ( QUESTION0_1_R 1 -8.331e+04 4.698e+02 3.619e+02
|            ( - 2.210e+02 1 0)
|            ( - -8.306e+04 5 0 WDBNDRY_B 0 1.685e+02 3.609e+02)))
|    ( QUESTION13 -1 -2.822e+05 4.683e+02 1.193e+03
|        ( - -4.268e+04 2 0)
|        ( QUESTION10 1 -2.390e+05 4.634e+02 1.014e+03
|            ( - 1.956e+02 1 0)
|            ( QUESTION2_12_L -1 -2.387e+05 4.332e+02 1.013e+03
|                ( - -9.201e+03 3 0 QUESTION0_0_R 1 2.334e+02 3.617e+01)
|                ( QUESTION0 -1 -2.291e+05 2.928e+02 9.769e+02
|                    ( - -1.934e+05 7 0 QUESTION0_14_R 1 2.260e+02 8.285e+02)
|                    ( - -3.537e+04 11 0 QUESTION2 -1 2.035e+02 1.484e+02))))))
s>    ( QUESTION14 -1 -3.728e+05 1.157e+03 1.575e+03
s>        ( QUESTION0_9_R 1 -8.949e+04 4.894e+02 3.820e+02
s>            ( - -5.698e+03 1 0)
s>            ( QUESTION0_1_R 1 -8.331e+04 4.698e+02 3.619e+02
s>                ( - 2.210e+02 1 0)
s>                ( - -8.306e+04 5 0 WDBNDRY_B 0 1.685e+02 3.609e+02)))
s>        ( QUESTION13 -1 -2.822e+05 4.683e+02 1.193e+03
s>            ( - -4.268e+04 2 0)
s>            ( QUESTION10 1 -2.390e+05 4.634e+02 1.014e+03
s>                ( - 1.956e+02 1 0)
s>                ( QUESTION2_12_L -1 -2.387e+05 4.332e+02 1.013e+03
s>                    ( - -9.201e+03 3 0 QUESTION0_0_R 1 2.334e+02 3.617e+01)
s>                    ( QUESTION0 -1 -2.291e+05 2.928e+02 9.769e+02
s>                        ( - -1.934e+05 7 0 QUESTION0_14_R 1 2.260e+02 8.285e+02)
s>                        ( - -3.537e+04 11 0 QUESTION2 -1 2.035e+02 1.484e+02))))))INFO: dtree.c(1478): Final simple tree
|( QUESTION0 -1 -1.027e+06 1.136e+03 4.346e+03
|    ( QUESTION0_10_R 1 -7.396e+05 8.364e+02 3.153e+03
|        ( WDBNDRY_B 0 -2.340e+05 7.177e+02 1.010e+03
|            ( - -7.873e+04 4 0)
|            ( - -1.546e+05 6 0 QUESTION2_13_L -1 2.444e+02 6.691e+02))
|        ( WDBNDRY_B 0 -5.047e+05 5.679e+02 2.143e+03
|            ( - -2.568e+05 9 0 QUESTION2_13_L -1 3.018e+02 1.098e+03)
|            ( QUESTION0_15_R 1 -2.474e+05 3.813e+02 1.045e+03
|                ( - -6.351e+04 5 0 QUESTION2_13_L -1 2.533e+02 2.749e+02)
|                ( - -1.835e+05 9 0 QUESTION2_13_L -1 2.626e+02 7.705e+02))))
|    ( QUESTION18 -1 -2.864e+05 5.266e+02 1.193e+03
|        ( QUESTION0_16_R 1 -9.327e+04 4.569e+02 4.027e+02
|            ( - -6.768e+04 1 0)
|            ( - -2.514e+04 4 0 WDBNDRY_B 0 1.994e+02 1.116e+02))
|        ( - -1.927e+05 33 0 QUESTION2_6_L -1 3.338e+02 7.899e+02)))
s>    ( QUESTION0 -1 -1.027e+06 1.136e+03 4.346e+03
s>        ( QUESTION0_10_R 1 -7.396e+05 8.364e+02 3.153e+03
s>            ( WDBNDRY_B 0 -2.340e+05 7.177e+02 1.010e+03
s>                ( - -7.873e+04 4 0)
s>                ( - -1.546e+05 6 0 QUESTION2_13_L -1 2.444e+02 6.691e+02))
s>            ( WDBNDRY_B 0 -5.047e+05 5.679e+02 2.143e+03
s>                ( - -2.568e+05 9 0 QUESTION2_13_L -1 3.018e+02 1.098e+03)
s>                ( QUESTION0_15_R 1 -2.474e+05 3.813e+02 1.045e+03
s>                    ( - -6.351e+04 5 0 QUESTION2_13_L -1 2.533e+02 2.749e+02)
s>                    ( - -1.835e+05 9 0 QUESTION2_13_L -1 2.626e+02 7.705e+02))))
s>        ( QUESTION18 -1 -2.864e+05 5.266e+02 1.193e+03
s>            ( QUESTION0_16_R 1 -9.327e+04 4.569e+02 4.027e+02
s>                ( - -6.768e+04 1 0)
s>                ( - -2.514e+04 4 0 WDBNDRY_B 0 1.994e+02 1.116e+02))
s>            ( - -1.927e+05 33 0 QUESTION2_6_L -1 3.338e+02 7.899e+02)))INFO: dtree.c(1315): Comp split 3
INFO: dtree.c(1478): Final simple tree
|( QUESTION13 -1 -2.723e+05 4.851e+02 1.155e+03
|    ( - -4.268e+04 2 0)
|    ( QUESTION0 -1 -2.291e+05 2.928e+02 9.769e+02
|        ( QUESTION0_14_R 1 -1.934e+05 2.260e+02 8.285e+02
|            ( WDBNDRY_B 0 -8.955e+04 1.720e+02 3.863e+02
|                ( - -8.707e+04 3 0)
|                ( - -2.309e+03 1 0))
|            ( QUESTION0_9_R 1 -1.037e+05 1.362e+02 4.422e+02
|                ( - -2.524e+04 2 0)
|                ( - -7.829e+04 1 0)))
|        ( QUESTION2 -1 -3.537e+04 2.035e+02 1.484e+02
|            ( - -5.081e+02 1 0)
|            ( QUESTION2_6_L -1 -3.466e+04 1.934e+02 1.464e+02
|                ( - -8.386e+03 2 0)
|                ( - -2.608e+04 8 0 QUESTION2_10_L -1 1.303e+02 1.118e+02)))))
s>    ( QUESTION13 -1 -2.723e+05 4.851e+02 1.155e+03
s>        ( - -4.268e+04 2 0)
s>        ( QUESTION0 -1 -2.291e+05 2.928e+02 9.769e+02
s>            ( QUESTION0_14_R 1 -1.934e+05 2.260e+02 8.285e+02
s>                ( WDBNDRY_B 0 -8.955e+04 1.720e+02 3.863e+02
s>                    ( - -8.707e+04 3 0)
s>                    ( - -2.309e+03 1 0))
s>                ( QUESTION0_9_R 1 -1.037e+05 1.362e+02 4.422e+02
s>                    ( - -2.524e+04 2 0)
s>                    ( - -7.829e+04 1 0)))
s>            ( QUESTION2 -1 -3.537e+04 2.035e+02 1.484e+02
s>                ( - -5.081e+02 1 0)
s>                ( QUESTION2_6_L -1 -3.466e+04 1.934e+02 1.464e+02
s>                    ( - -8.386e+03 2 0)
s>                    ( - -2.608e+04 8 0 QUESTION2_10_L -1 1.303e+02 1.118e+02)))))INFO: dtree.c(1478): Final simple tree
|( QUESTION0_13_R 1 -9.918e+04 4.664e+02 4.191e+02
|    ( WDBNDRY_B 0 -8.174e+04 1.686e+02 3.559e+02
|        ( - -7.543e+04 3 0)
|        ( - -6.138e+03 1 0))
|    ( QUESTION0_10_R 1 -1.698e+04 2.753e+02 6.320e+01
|        ( - -5.698e+03 1 0)
|        ( QUESTION0_0_R 1 -1.101e+04 2.343e+02 4.317e+01
|            ( WDBNDRY_E 0 -9.129e+03 1.326e+02 3.517e+01
|                ( QUESTION0 -1 -4.284e+03 1.533e+02 1.600e+01
|                    ( - -2.698e+03 2 0 QUESTION10 1 4.584e+02 1.000e+01)
|                    ( QUESTION0_1_R 1 -1.433e+03 4.785e+02 6.000e+00
|                        ( - 2.210e+02 1 0)
|                        ( - -1.175e+03 1 0)))
|                ( - -4.712e+03 1 0))
|            ( - -1.645e+03 1 0))))
s>    ( QUESTION0_13_R 1 -9.918e+04 4.664e+02 4.191e+02
s>        ( WDBNDRY_B 0 -8.174e+04 1.686e+02 3.559e+02
s>            ( - -7.543e+04 3 0)
s>            ( - -6.138e+03 1 0))
s>        ( QUESTION0_10_R 1 -1.698e+04 2.753e+02 6.320e+01
s>            ( - -5.698e+03 1 0)
s>            ( QUESTION0_0_R 1 -1.101e+04 2.343e+02 4.317e+01
s>                ( WDBNDRY_E 0 -9.129e+03 1.326e+02 3.517e+01
s>                    ( QUESTION0 -1 -4.284e+03 1.533e+02 1.600e+01
s>                        ( - -2.698e+03 2 0 QUESTION10 1 4.584e+02 1.000e+01)
s>                        ( QUESTION0_1_R 1 -1.433e+03 4.785e+02 6.000e+00
s>                            ( - 2.210e+02 1 0)
s>                            ( - -1.175e+03 1 0)))
s>                    ( - -4.712e+03 1 0))
s>                ( - -1.645e+03 1 0))))INFO: dtree.c(1315): Comp split 4
INFO: dtree.c(1478): Final simple tree
|( QUESTION0_10_R 1 -7.396e+05 8.364e+02 3.153e+03
|    ( WDBNDRY_B 0 -2.340e+05 7.177e+02 1.010e+03
|        ( - -7.873e+04 4 0)
|        ( - -1.546e+05 6 0 QUESTION2_13_L -1 2.444e+02 6.691e+02))
|    ( WDBNDRY_B 0 -5.047e+05 5.679e+02 2.143e+03
|        ( QUESTION2_13_L -1 -2.568e+05 3.018e+02 1.098e+03
|            ( - -1.794e+04 1 0)
|            ( QUESTION0_16_R 1 -2.385e+05 3.128e+02 1.024e+03
|                ( - -1.193e+05 2 0)
|                ( - -1.189e+05 6 0 QUESTION0_14_R 1 2.565e+02 5.034e+02)))
|        ( QUESTION0_15_R 1 -2.474e+05 3.813e+02 1.045e+03
|            ( - -6.351e+04 5 0 QUESTION2_13_L -1 2.533e+02 2.749e+02)
|            ( QUESTION2_13_L -1 -1.835e+05 2.626e+02 7.705e+02
|                ( - -9.742e+03 2 0)
|                ( - -1.735e+05 7 0 SILENCE 1 1.795e+02 7.289e+02)))))
s>    ( QUESTION0_10_R 1 -7.396e+05 8.364e+02 3.153e+03
s>        ( WDBNDRY_B 0 -2.340e+05 7.177e+02 1.010e+03
s>            ( - -7.873e+04 4 0)
s>            ( - -1.546e+05 6 0 QUESTION2_13_L -1 2.444e+02 6.691e+02))
s>        ( WDBNDRY_B 0 -5.047e+05 5.679e+02 2.143e+03
s>            ( QUESTION2_13_L -1 -2.568e+05 3.018e+02 1.098e+03
s>                ( - -1.794e+04 1 0)
s>                ( QUESTION0_16_R 1 -2.385e+05 3.128e+02 1.024e+03
s>                    ( - -1.193e+05 2 0)
s>                    ( - -1.189e+05 6 0 QUESTION0_14_R 1 2.565e+02 5.034e+02)))
s>            ( QUESTION0_15_R 1 -2.474e+05 3.813e+02 1.045e+03
s>                ( - -6.351e+04 5 0 QUESTION2_13_L -1 2.533e+02 2.749e+02)
s>                ( QUESTION2_13_L -1 -1.835e+05 2.626e+02 7.705e+02
s>                    ( - -9.742e+03 2 0)
s>                    ( - -1.735e+05 7 0 SILENCE 1 1.795e+02 7.289e+02)))))INFO: dtree.c(1478): Final simple tree
|( QUESTION18 -1 -2.864e+05 5.266e+02 1.193e+03
|    ( QUESTION0_16_R 1 -9.327e+04 4.569e+02 4.027e+02
|        ( - -6.768e+04 1 0)
|        ( - -2.514e+04 4 0 WDBNDRY_B 0 1.994e+02 1.116e+02))
|    ( QUESTION2_6_L -1 -1.927e+05 3.338e+02 7.899e+02
|        ( - -5.945e+04 3 0 QUESTION0_9_R 1 1.625e+02 2.488e+02)
|        ( WDBNDRY_B 0 -1.329e+05 3.114e+02 5.411e+02
|            ( QUESTION12 -1 -9.808e+04 3.292e+02 4.041e+02
|                ( - -2.702e+04 2 0 QUESTION0_9_R 1 1.677e+02 1.179e+02)
|                ( QUESTION14 1 -7.073e+04 2.509e+02 2.863e+02
|                    ( - -5.984e+04 15 0 QUESTION14 -1 2.250e+02 2.432e+02)
|                    ( QUESTION10 -1 -1.064e+04 4.510e+02 4.311e+01
|                        ( - 1.872e+02 1 0)
|                        ( - -1.037e+04 5 0 QUESTION16 -1 2.269e+02 4.211e+01))))
|            ( - -3.449e+04 7 0 QUESTION2_17_L -1 2.343e+02 1.369e+02))))
s>    ( QUESTION18 -1 -2.864e+05 5.266e+02 1.193e+03
s>        ( QUESTION0_16_R 1 -9.327e+04 4.569e+02 4.027e+02
s>            ( - -6.768e+04 1 0)
s>            ( - -2.514e+04 4 0 WDBNDRY_B 0 1.994e+02 1.116e+02))
s>        ( QUESTION2_6_L -1 -1.927e+05 3.338e+02 7.899e+02
s>            ( - -5.945e+04 3 0 QUESTION0_9_R 1 1.625e+02 2.488e+02)
s>            ( WDBNDRY_B 0 -1.329e+05 3.114e+02 5.411e+02
s>                ( QUESTION12 -1 -9.808e+04 3.292e+02 4.041e+02
s>                    ( - -2.702e+04 2 0 QUESTION0_9_R 1 1.677e+02 1.179e+02)
s>                    ( QUESTION14 1 -7.073e+04 2.509e+02 2.863e+02
s>                        ( - -5.984e+04 15 0 QUESTION14 -1 2.250e+02 2.432e+02)
s>                        ( QUESTION10 -1 -1.064e+04 4.510e+02 4.311e+01
s>                            ( - 1.872e+02 1 0)
s>                            ( - -1.037e+04 5 0 QUESTION16 -1 2.269e+02 4.211e+01))))
s>                ( - -3.449e+04 7 0 QUESTION2_17_L -1 2.343e+02 1.369e+02))))INFO: dtree.c(1315): Comp split 5
INFO: dtree.c(1439): stop. leaf nodes are specific
INFO: dtree.c(1478): Final simple tree
|( QUESTION2_13_L -1 -1.546e+05 2.444e+02 6.691e+02
|    ( - -1.485e+04 1 0)
|    ( - -1.395e+05 5 0))
s>    ( QUESTION2_13_L -1 -1.546e+05 2.444e+02 6.691e+02
s>        ( - -1.485e+04 1 0)
s>        ( - -1.395e+05 5 0))INFO: dtree.c(1478): Final simple tree
|( QUESTION0_10_R 1 -5.841e+05 6.054e+02 2.484e+03
|    ( - -7.873e+04 4 0)
|    ( WDBNDRY_B 0 -5.047e+05 5.679e+02 2.143e+03
|        ( QUESTION2_13_L -1 -2.568e+05 3.018e+02 1.098e+03
|            ( - -1.794e+04 1 0)
|            ( QUESTION0_16_R 1 -2.385e+05 3.128e+02 1.024e+03
|                ( - -1.193e+05 2 0)
|                ( QUESTION0_14_R 1 -1.189e+05 2.565e+02 5.034e+02
|                    ( - -1.118e+05 4 0)
|                    ( - -6.815e+03 2 0 QUESTION0_9_R 1 1.814e+02 2.724e+01))))
|        ( QUESTION0_15_R 1 -2.474e+05 3.813e+02 1.045e+03
|            ( - -6.351e+04 5 0 QUESTION2_13_L -1 2.533e+02 2.749e+02)
|            ( QUESTION2_13_L -1 -1.835e+05 2.626e+02 7.705e+02
|                ( - -9.742e+03 2 0)
|                ( - -1.735e+05 7 0 SILENCE 1 1.795e+02 7.289e+02)))))
s>    ( QUESTION0_10_R 1 -5.841e+05 6.054e+02 2.484e+03
s>        ( - -7.873e+04 4 0)
s>        ( WDBNDRY_B 0 -5.047e+05 5.679e+02 2.143e+03
s>            ( QUESTION2_13_L -1 -2.568e+05 3.018e+02 1.098e+03
s>                ( - -1.794e+04 1 0)
s>                ( QUESTION0_16_R 1 -2.385e+05 3.128e+02 1.024e+03
s>                    ( - -1.193e+05 2 0)
s>                    ( QUESTION0_14_R 1 -1.189e+05 2.565e+02 5.034e+02
s>                        ( - -1.118e+05 4 0)
s>                        ( - -6.815e+03 2 0 QUESTION0_9_R 1 1.814e+02 2.724e+01))))
s>            ( QUESTION0_15_R 1 -2.474e+05 3.813e+02 1.045e+03
s>                ( - -6.351e+04 5 0 QUESTION2_13_L -1 2.533e+02 2.749e+02)
s>                ( QUESTION2_13_L -1 -1.835e+05 2.626e+02 7.705e+02
s>                    ( - -9.742e+03 2 0)
s>                    ( - -1.735e+05 7 0 SILENCE 1 1.795e+02 7.289e+02)))))INFO: dtree.c(1315): Comp split 6
INFO: dtree.c(1478): Final simple tree
|( WDBNDRY_B 0 -4.408e+05 5.163e+02 1.868e+03
|    ( QUESTION2_13_L -1 -2.568e+05 3.018e+02 1.098e+03
|        ( - -1.794e+04 1 0)
|        ( QUESTION0_16_R 1 -2.385e+05 3.128e+02 1.024e+03
|            ( - -1.193e+05 2 0)
|            ( QUESTION0_14_R 1 -1.189e+05 2.565e+02 5.034e+02
|                ( - -1.118e+05 4 0)
|                ( QUESTION0_9_R 1 -6.815e+03 1.814e+02 2.724e+01
|                    ( - -1.576e+03 1 0)
|                    ( - -5.058e+03 1 0)))))
|    ( QUESTION2_13_L -1 -1.835e+05 2.626e+02 7.705e+02
|        ( - -9.742e+03 2 0)
|        ( SILENCE 1 -1.735e+05 1.795e+02 7.289e+02
|            ( - -1.185e+03 1 0)
|            ( - -1.721e+05 6 0 WDBNDRY_E 0 1.471e+02 7.259e+02))))
s>    ( WDBNDRY_B 0 -4.408e+05 5.163e+02 1.868e+03
s>        ( QUESTION2_13_L -1 -2.568e+05 3.018e+02 1.098e+03
s>            ( - -1.794e+04 1 0)
s>            ( QUESTION0_16_R 1 -2.385e+05 3.128e+02 1.024e+03
s>                ( - -1.193e+05 2 0)
s>                ( QUESTION0_14_R 1 -1.189e+05 2.565e+02 5.034e+02
s>                    ( - -1.118e+05 4 0)
s>                    ( QUESTION0_9_R 1 -6.815e+03 1.814e+02 2.724e+01
s>                        ( - -1.576e+03 1 0)
s>                        ( - -5.058e+03 1 0)))))
s>        ( QUESTION2_13_L -1 -1.835e+05 2.626e+02 7.705e+02
s>            ( - -9.742e+03 2 0)
s>            ( SILENCE 1 -1.735e+05 1.795e+02 7.289e+02
s>                ( - -1.185e+03 1 0)
s>                ( - -1.721e+05 6 0 WDBNDRY_E 0 1.471e+02 7.259e+02))))INFO: dtree.c(1439): stop. leaf nodes are specific
INFO: dtree.c(1478): Final simple tree
|( WDBNDRY_B 0 -1.425e+05 3.010e+02 6.154e+02
|    ( - -7.873e+04 4 0)
|    ( QUESTION2_13_L -1 -6.351e+04 2.533e+02 2.749e+02
|        ( - -8.704e+03 1 0)
|        ( - -5.456e+04 4 0)))
s>    ( WDBNDRY_B 0 -1.425e+05 3.010e+02 6.154e+02
s>        ( - -7.873e+04 4 0)
s>        ( QUESTION2_13_L -1 -6.351e+04 2.533e+02 2.749e+02
s>            ( - -8.704e+03 1 0)
s>            ( - -5.456e+04 4 0)))INFO: dtree.c(1315): Comp split 7
INFO: dtree.c(1439): stop. leaf nodes are specific
INFO: dtree.c(1478): Final simple tree
|( QUESTION0_9_R 1 -1.382e+05 4.461e+02 5.876e+02
|    ( - -2.087e+04 2 0)
|    ( QUESTION0_14_R 1 -1.169e+05 2.255e+02 4.967e+02
|        ( - -1.152e+05 1 0)
|        ( - -1.469e+03 1 0)))
s>    ( QUESTION0_9_R 1 -1.382e+05 4.461e+02 5.876e+02
s>        ( - -2.087e+04 2 0)
s>        ( QUESTION0_14_R 1 -1.169e+05 2.255e+02 4.967e+02
s>            ( - -1.152e+05 1 0)
s>            ( - -1.469e+03 1 0)))INFO: dtree.c(1315): Comp split 8
INFO: dtree.c(1478): Final simple tree
|( QUESTION0_16_R 1 -1.537e+05 4.394e+02 6.469e+02
|    ( QUESTION0 1 -9.744e+04 4.663e+02 4.102e+02
|        ( - 1.872e+02 1 0)
|        ( QUESTION2_11_L -1 -9.716e+04 4.396e+02 4.092e+02
|            ( - 8.655e+01 1 0)
|            ( QUESTION14 -1 -9.680e+04 2.809e+02 4.082e+02
|                ( - -1.932e+04 1 0)
|                ( QUESTION3 -1 -7.720e+04 2.585e+02 3.312e+02
|                    ( - -1.615e+03 1 0)
|                    ( - -7.533e+04 4 0 QUESTION2 -1 1.354e+02 3.232e+02)))))
|    ( QUESTION18 -1 -5.584e+04 2.383e+02 2.367e+02
|        ( WDBNDRY_B 0 -2.514e+04 1.994e+02 1.116e+02
|            ( - -1.707e+04 3 0 QUESTION0_9_R 1 1.992e+02 7.483e+01)
|            ( - -7.867e+03 1 0))
|        ( - -3.047e+04 9 0 QUESTION10 -1 1.913e+02 1.251e+02)))
s>    ( QUESTION0_16_R 1 -1.537e+05 4.394e+02 6.469e+02
s>        ( QUESTION0 1 -9.744e+04 4.663e+02 4.102e+02
s>            ( - 1.872e+02 1 0)
s>            ( QUESTION2_11_L -1 -9.716e+04 4.396e+02 4.092e+02
s>                ( - 8.655e+01 1 0)
s>                ( QUESTION14 -1 -9.680e+04 2.809e+02 4.082e+02
s>                    ( - -1.932e+04 1 0)
s>                    ( QUESTION3 -1 -7.720e+04 2.585e+02 3.312e+02
s>                        ( - -1.615e+03 1 0)
s>                        ( - -7.533e+04 4 0 QUESTION2 -1 1.354e+02 3.232e+02)))))
s>        ( QUESTION18 -1 -5.584e+04 2.383e+02 2.367e+02
s>            ( WDBNDRY_B 0 -2.514e+04 1.994e+02 1.116e+02
s>                ( - -1.707e+04 3 0 QUESTION0_9_R 1 1.992e+02 7.483e+01)
s>                ( - -7.867e+03 1 0))
s>            ( - -3.047e+04 9 0 QUESTION10 -1 1.913e+02 1.251e+02)))INFO: dtree.c(1478): Final simple tree
|( QUESTION10 -1 -1.322e+05 3.250e+02 5.457e+02
|    ( - -5.945e+04 3 0 QUESTION0_9_R 1 1.625e+02 2.488e+02)
|    ( QUESTION2_17_L -1 -7.238e+04 2.996e+02 2.969e+02
|        ( - -2.589e+04 3 0 QUESTION0_9_R 1 1.195e+02 1.022e+02)
|        ( QUESTION14 1 -4.620e+04 2.351e+02 1.947e+02
|            ( QUESTION15 -1 -3.159e+04 2.236e+02 1.366e+02
|                ( - -3.865e+03 1 0)
|                ( WDBNDRY_B 0 -2.751e+04 2.022e+02 1.199e+02
|                    ( QUESTION0_9_R 1 -2.702e+04 1.677e+02 1.179e+02
|                        ( - -8.832e+03 1 0)
|                        ( - -1.802e+04 1 0))
|                    ( - -2.859e+02 1 0)))
|            ( QUESTION0_15_R 1 -1.437e+04 1.650e+02 5.811e+01
|                ( - -4.226e+03 3 0 QUESTION14 -1 2.368e+02 1.800e+01)
|                ( - -9.975e+03 4 0 WDBNDRY_B 0 1.474e+02 4.011e+01)))))
s>    ( QUESTION10 -1 -1.322e+05 3.250e+02 5.457e+02
s>        ( - -5.945e+04 3 0 QUESTION0_9_R 1 1.625e+02 2.488e+02)
s>        ( QUESTION2_17_L -1 -7.238e+04 2.996e+02 2.969e+02
s>            ( - -2.589e+04 3 0 QUESTION0_9_R 1 1.195e+02 1.022e+02)
s>            ( QUESTION14 1 -4.620e+04 2.351e+02 1.947e+02
s>                ( QUESTION15 -1 -3.159e+04 2.236e+02 1.366e+02
s>                    ( - -3.865e+03 1 0)
s>                    ( WDBNDRY_B 0 -2.751e+04 2.022e+02 1.199e+02
s>                        ( QUESTION0_9_R 1 -2.702e+04 1.677e+02 1.179e+02
s>                            ( - -8.832e+03 1 0)
s>                            ( - -1.802e+04 1 0))
s>                        ( - -2.859e+02 1 0)))
s>                ( QUESTION0_15_R 1 -1.437e+04 1.650e+02 5.811e+01
s>                    ( - -4.226e+03 3 0 QUESTION14 -1 2.368e+02 1.800e+01)
s>                    ( - -9.975e+03 4 0 WDBNDRY_B 0 1.474e+02 4.011e+01)))))INFO: dtree.c(1315): Comp split 9
INFO: dtree.c(1439): stop. leaf nodes are specific
INFO: dtree.c(1478): Final simple tree
|( WDBNDRY_I 0 -1.905e+05 2.717e+02 7.978e+02
|    ( QUESTION2_13_L -1 -1.811e+05 2.620e+02 7.635e+02
|        ( - -9.742e+03 2 0)
|        ( - -1.711e+05 5 0))
|    ( QUESTION0_9_R 1 -9.153e+03 1.683e+02 3.424e+01
|        ( - -1.576e+03 1 0)
|        ( SILENCE 1 -7.409e+03 1.578e+02 2.824e+01
|            ( - -1.185e+03 1 0)
|            ( WDBNDRY_B 0 -6.065e+03 1.459e+02 2.524e+01
|                ( - -5.058e+03 1 0)
|                ( - -8.618e+02 1 0)))))
s>    ( WDBNDRY_I 0 -1.905e+05 2.717e+02 7.978e+02
s>        ( QUESTION2_13_L -1 -1.811e+05 2.620e+02 7.635e+02
s>            ( - -9.742e+03 2 0)
s>            ( - -1.711e+05 5 0))
s>        ( QUESTION0_9_R 1 -9.153e+03 1.683e+02 3.424e+01
s>            ( - -1.576e+03 1 0)
s>            ( SILENCE 1 -7.409e+03 1.578e+02 2.824e+01
s>                ( - -1.185e+03 1 0)
s>                ( WDBNDRY_B 0 -6.065e+03 1.459e+02 2.524e+01
s>                    ( - -5.058e+03 1 0)
s>                    ( - -8.618e+02 1 0)))))INFO: dtree.c(1439): stop. leaf nodes are specific
INFO: dtree.c(1478): Final simple tree
|( QUESTION2_13_L -1 -2.497e+05 3.100e+02 1.071e+03
|    ( - -1.794e+04 1 0)
|    ( QUESTION0_14_R 1 -2.314e+05 2.863e+02 9.964e+02
|        ( - -1.118e+05 4 0)
|        ( - -1.193e+05 2 0)))
s>    ( QUESTION2_13_L -1 -2.497e+05 3.100e+02 1.071e+03
s>        ( - -1.794e+04 1 0)
s>        ( QUESTION0_14_R 1 -2.314e+05 2.863e+02 9.964e+02
s>            ( - -1.118e+05 4 0)
s>            ( - -1.193e+05 2 0)))INFO: dtree.c(1315): Comp split 10
INFO: dtree.c(1439): stop. leaf nodes are specific
INFO: dtree.c(1478): Final simple tree
|( QUESTION0 -1 -2.198e+05 2.802e+02 9.404e+02
|    ( QUESTION0_14_R 1 -1.934e+05 2.260e+02 8.285e+02
|        ( WDBNDRY_B 0 -8.955e+04 1.720e+02 3.863e+02
|            ( - -8.707e+04 3 0)
|            ( - -2.309e+03 1 0))
|        ( QUESTION0_9_R 1 -1.037e+05 1.362e+02 4.422e+02
|            ( - -2.524e+04 2 0)
|            ( - -7.829e+04 1 0)))
|    ( QUESTION2_10_L -1 -2.608e+04 1.303e+02 1.118e+02
|        ( - -5.016e+03 4 0)
|        ( QUESTION10 -1 -2.094e+04 1.012e+02 9.082e+01
|            ( - -1.406e+03 1 0)
|            ( - -1.943e+04 3 0))))
s>    ( QUESTION0 -1 -2.198e+05 2.802e+02 9.404e+02
s>        ( QUESTION0_14_R 1 -1.934e+05 2.260e+02 8.285e+02
s>            ( WDBNDRY_B 0 -8.955e+04 1.720e+02 3.863e+02
s>                ( - -8.707e+04 3 0)
s>                ( - -2.309e+03 1 0))
s>            ( QUESTION0_9_R 1 -1.037e+05 1.362e+02 4.422e+02
s>                ( - -2.524e+04 2 0)
s>                ( - -7.829e+04 1 0)))
s>        ( QUESTION2_10_L -1 -2.608e+04 1.303e+02 1.118e+02
s>            ( - -5.016e+03 4 0)
s>            ( QUESTION10 -1 -2.094e+04 1.012e+02 9.082e+01
s>                ( - -1.406e+03 1 0)
s>                ( - -1.943e+04 3 0))))INFO: dtree.c(1439): stop. leaf nodes are specific
INFO: dtree.c(1478): Final simple tree
|( QUESTION2 -1 -5.196e+04 1.976e+02 2.150e+02
|    ( - -5.081e+02 1 0)
|    ( QUESTION10 -1 -5.125e+04 1.844e+02 2.130e+02
|        ( - -8.386e+03 2 0)
|        ( - -4.268e+04 2 0)))
s>    ( QUESTION2 -1 -5.196e+04 1.976e+02 2.150e+02
s>        ( - -5.081e+02 1 0)
s>        ( QUESTION10 -1 -5.125e+04 1.844e+02 2.130e+02
s>            ( - -8.386e+03 2 0)
s>            ( - -4.268e+04 2 0)))INFO: dtree.c(1315): Comp split 11
INFO: dtree.c(1439): stop. leaf nodes are specific
INFO: dtree.c(1478): Final simple tree
|( QUESTION2 -1 -7.533e+04 1.354e+02 3.232e+02
|    ( - -3.186e+03 1 0)
|    ( QUESTION2_12_L -1 -7.200e+04 1.221e+02 3.090e+02
|        ( - -7.973e+02 1 0)
|        ( QUESTION10 -1 -7.108e+04 1.203e+02 3.050e+02
|            ( - -3.289e+03 1 0)
|            ( - -6.768e+04 1 0))))
s>    ( QUESTION2 -1 -7.533e+04 1.354e+02 3.232e+02
s>        ( - -3.186e+03 1 0)
s>        ( QUESTION2_12_L -1 -7.200e+04 1.221e+02 3.090e+02
s>            ( - -7.973e+02 1 0)
s>            ( QUESTION10 -1 -7.108e+04 1.203e+02 3.050e+02
s>                ( - -3.289e+03 1 0)
s>                ( - -6.768e+04 1 0))))INFO: dtree.c(1478): Final simple tree
|( QUESTION18 -1 -7.790e+04 3.226e+02 3.237e+02
|    ( WDBNDRY_B 0 -2.514e+04 1.994e+02 1.116e+02
|        ( QUESTION0_9_R 1 -1.707e+04 1.992e+02 7.483e+01
|            ( - -7.782e+03 2 0)
|            ( - -9.090e+03 1 0))
|        ( - -7.867e+03 1 0))
|    ( QUESTION0 1 -5.244e+04 4.561e+02 2.121e+02
|        ( - 1.872e+02 1 0)
|        ( QUESTION2_0_L -1 -5.218e+04 2.298e+02 2.111e+02
|            ( QUESTION0_9_R 1 -2.076e+04 2.098e+02 8.388e+01
|                ( - -1.858e+04 6 0 QUESTION2 -1 1.848e+02 7.488e+01)
|                ( QUESTION2 -1 -1.971e+03 4.428e+02 9.001e+00
|                    ( - -1.615e+03 1 0)
|                    ( - 8.655e+01 1 0)))
|            ( - -3.118e+04 4 0 QUESTION2 -1 1.528e+02 1.272e+02))))
s>    ( QUESTION18 -1 -7.790e+04 3.226e+02 3.237e+02
s>        ( WDBNDRY_B 0 -2.514e+04 1.994e+02 1.116e+02
s>            ( QUESTION0_9_R 1 -1.707e+04 1.992e+02 7.483e+01
s>                ( - -7.782e+03 2 0)
s>                ( - -9.090e+03 1 0))
s>            ( - -7.867e+03 1 0))
s>        ( QUESTION0 1 -5.244e+04 4.561e+02 2.121e+02
s>            ( - 1.872e+02 1 0)
s>            ( QUESTION2_0_L -1 -5.218e+04 2.298e+02 2.111e+02
s>                ( QUESTION0_9_R 1 -2.076e+04 2.098e+02 8.388e+01
s>                    ( - -1.858e+04 6 0 QUESTION2 -1 1.848e+02 7.488e+01)
s>                    ( QUESTION2 -1 -1.971e+03 4.428e+02 9.001e+00
s>                        ( - -1.615e+03 1 0)
s>                        ( - 8.655e+01 1 0)))
s>                ( - -3.118e+04 4 0 QUESTION2 -1 1.528e+02 1.272e+02))))INFO: dtree.c(1315): Comp split 12
INFO: dtree.c(1439): stop. leaf nodes are specific
INFO: dtree.c(1478): Final simple tree
|( WDBNDRY_B 0 -8.796e+04 2.137e+02 3.801e+02
|    ( - -7.543e+04 3 0)
|    ( QUESTION0_0_R 1 -1.232e+04 1.635e+02 5.061e+01
|        ( WDBNDRY_E 0 -6.018e+03 1.302e+02 2.417e+01
|            ( - -1.175e+03 1 0)
|            ( - -4.712e+03 1 0))
|        ( - -6.138e+03 1 0)))
s>    ( WDBNDRY_B 0 -8.796e+04 2.137e+02 3.801e+02
s>        ( - -7.543e+04 3 0)
s>        ( QUESTION0_0_R 1 -1.232e+04 1.635e+02 5.061e+01
s>            ( WDBNDRY_E 0 -6.018e+03 1.302e+02 2.417e+01
s>                ( - -1.175e+03 1 0)
s>                ( - -4.712e+03 1 0))
s>            ( - -6.138e+03 1 0)))INFO: dtree.c(1439): stop. leaf nodes are specific
INFO: dtree.c(1478): Final simple tree
|( QUESTION2_15_L -1 -1.075e+04 4.642e+02 3.903e+01
|    ( - 2.210e+02 1 0)
|    ( QUESTION10 1 -1.051e+04 4.521e+02 3.803e+01
|        ( - 1.956e+02 1 0)
|        ( WDBNDRY_E 0 -1.025e+04 2.810e+02 3.703e+01
|            ( QUESTION0_0_R 1 -8.325e+03 1.918e+02 2.903e+01
|                ( - -2.435e+03 1 0)
|                ( - -5.698e+03 1 0))
|            ( - -1.645e+03 1 0))))
s>    ( QUESTION2_15_L -1 -1.075e+04 4.642e+02 3.903e+01
s>        ( - 2.210e+02 1 0)
s>        ( QUESTION10 1 -1.051e+04 4.521e+02 3.803e+01
s>            ( - 1.956e+02 1 0)
s>            ( WDBNDRY_E 0 -1.025e+04 2.810e+02 3.703e+01
s>                ( QUESTION0_0_R 1 -8.325e+03 1.918e+02 2.903e+01
s>                    ( - -2.435e+03 1 0)
s>                    ( - -5.698e+03 1 0))
s>                ( - -1.645e+03 1 0))))INFO: dtree.c(1315): Comp split 13
INFO: dtree.c(1439): stop. leaf nodes are specific
INFO: dtree.c(1478): Final simple tree
|( QUESTION10 1 -1.051e+04 4.521e+02 3.803e+01
|    ( - 1.956e+02 1 0)
|    ( WDBNDRY_E 0 -1.025e+04 2.810e+02 3.703e+01
|        ( QUESTION0_0_R 1 -8.325e+03 1.918e+02 2.903e+01
|            ( - -2.435e+03 1 0)
|            ( - -5.698e+03 1 0))
|        ( - -1.645e+03 1 0)))
s>    ( QUESTION10 1 -1.051e+04 4.521e+02 3.803e+01
s>        ( - 1.956e+02 1 0)
s>        ( WDBNDRY_E 0 -1.025e+04 2.810e+02 3.703e+01
s>            ( QUESTION0_0_R 1 -8.325e+03 1.918e+02 2.903e+01
s>                ( - -2.435e+03 1 0)
s>                ( - -5.698e+03 1 0))
s>            ( - -1.645e+03 1 0)))INFO: dtree.c(1315): Comp split 14
INFO: dtree.c(1439): stop. leaf nodes are specific
INFO: dtree.c(1478): Final simple tree
|( WDBNDRY_E 0 -1.025e+04 2.810e+02 3.703e+01
|    ( QUESTION0_0_R 1 -8.325e+03 1.918e+02 2.903e+01
|        ( - -2.435e+03 1 0)
|        ( - -5.698e+03 1 0))
|    ( - -1.645e+03 1 0))
s>    ( WDBNDRY_E 0 -1.025e+04 2.810e+02 3.703e+01
s>        ( QUESTION0_0_R 1 -8.325e+03 1.918e+02 2.903e+01
s>            ( - -2.435e+03 1 0)
s>            ( - -5.698e+03 1 0))
s>        ( - -1.645e+03 1 0))INFO: dtree.c(1315): Comp split 15
INFO: dtree.c(1478): Final simple tree
|( QUESTION18 -1 -7.764e+04 3.278e+02 3.227e+02
|    ( WDBNDRY_B 0 -2.514e+04 1.994e+02 1.116e+02
|        ( QUESTION0_9_R 1 -1.707e+04 1.992e+02 7.483e+01
|            ( - -7.782e+03 2 0)
|            ( - -9.090e+03 1 0))
|        ( - -7.867e+03 1 0))
|    ( QUESTION2_0_L -1 -5.218e+04 2.298e+02 2.111e+02
|        ( QUESTION0_9_R 1 -2.076e+04 2.098e+02 8.388e+01
|            ( QUESTION2 -1 -1.858e+04 1.848e+02 7.488e+01
|                ( - -4.015e+03 1 0)
|                ( - -1.438e+04 5 0 QUESTION2_10_L -1 1.636e+02 5.788e+01))
|            ( QUESTION2 -1 -1.971e+03 4.428e+02 9.001e+00
|                ( - -1.615e+03 1 0)
|                ( - 8.655e+01 1 0)))
|        ( - -3.118e+04 4 0 QUESTION2 -1 1.528e+02 1.272e+02)))
s>    ( QUESTION18 -1 -7.764e+04 3.278e+02 3.227e+02
s>        ( WDBNDRY_B 0 -2.514e+04 1.994e+02 1.116e+02
s>            ( QUESTION0_9_R 1 -1.707e+04 1.992e+02 7.483e+01
s>                ( - -7.782e+03 2 0)
s>                ( - -9.090e+03 1 0))
s>            ( - -7.867e+03 1 0))
s>        ( QUESTION2_0_L -1 -5.218e+04 2.298e+02 2.111e+02
s>            ( QUESTION0_9_R 1 -2.076e+04 2.098e+02 8.388e+01
s>                ( QUESTION2 -1 -1.858e+04 1.848e+02 7.488e+01
s>                    ( - -4.015e+03 1 0)
s>                    ( - -1.438e+04 5 0 QUESTION2_10_L -1 1.636e+02 5.788e+01))
s>                ( QUESTION2 -1 -1.971e+03 4.428e+02 9.001e+00
s>                    ( - -1.615e+03 1 0)
s>                    ( - 8.655e+01 1 0)))
s>            ( - -3.118e+04 4 0 QUESTION2 -1 1.528e+02 1.272e+02)))INFO: dtree.c(1315): Comp split 16
INFO: dtree.c(1439): stop. leaf nodes are specific
INFO: dtree.c(1478): Final simple tree
|( QUESTION0_14_R 1 -1.169e+05 2.255e+02 4.967e+02
|    ( - -1.152e+05 1 0)
|    ( - -1.469e+03 1 0))
s>    ( QUESTION0_14_R 1 -1.169e+05 2.255e+02 4.967e+02
s>        ( - -1.152e+05 1 0)
s>        ( - -1.469e+03 1 0))INFO: dtree.c(1315): Comp split 17
INFO: dtree.c(1478): Final simple tree
|( QUESTION18 -1 -7.729e+04 3.254e+02 3.217e+02
|    ( WDBNDRY_B 0 -2.514e+04 1.994e+02 1.116e+02
|        ( QUESTION0_9_R 1 -1.707e+04 1.992e+02 7.483e+01
|            ( - -7.782e+03 2 0)
|            ( - -9.090e+03 1 0))
|        ( - -7.867e+03 1 0))
|    ( QUESTION2_0_L -1 -5.183e+04 2.297e+02 2.101e+02
|        ( QUESTION0_9_R 1 -2.042e+04 2.175e+02 8.288e+01
|            ( QUESTION2 -1 -1.858e+04 1.848e+02 7.488e+01
|                ( - -4.015e+03 1 0)
|                ( QUESTION2_10_L -1 -1.438e+04 1.636e+02 5.788e+01
|                    ( - -7.066e+03 3 0)
|                    ( - -7.155e+03 2 0 QUESTION10 -1 1.498e+02 2.804e+01)))
|            ( - -1.615e+03 1 0))
|        ( - -3.118e+04 4 0 QUESTION2 -1 1.528e+02 1.272e+02)))
s>    ( QUESTION18 -1 -7.729e+04 3.254e+02 3.217e+02
s>        ( WDBNDRY_B 0 -2.514e+04 1.994e+02 1.116e+02
s>            ( QUESTION0_9_R 1 -1.707e+04 1.992e+02 7.483e+01
s>                ( - -7.782e+03 2 0)
s>                ( - -9.090e+03 1 0))
s>            ( - -7.867e+03 1 0))
s>        ( QUESTION2_0_L -1 -5.183e+04 2.297e+02 2.101e+02
s>            ( QUESTION0_9_R 1 -2.042e+04 2.175e+02 8.288e+01
s>                ( QUESTION2 -1 -1.858e+04 1.848e+02 7.488e+01
s>                    ( - -4.015e+03 1 0)
s>                    ( QUESTION2_10_L -1 -1.438e+04 1.636e+02 5.788e+01
s>                        ( - -7.066e+03 3 0)
s>                        ( - -7.155e+03 2 0 QUESTION10 -1 1.498e+02 2.804e+01)))
s>                ( - -1.615e+03 1 0))
s>            ( - -3.118e+04 4 0 QUESTION2 -1 1.528e+02 1.272e+02)))INFO: dtree.c(1315): Comp split 18
INFO: dtree.c(1439): stop. leaf nodes are specific
INFO: dtree.c(1478): Final simple tree
|( QUESTION0_14_R 1 -1.169e+05 2.499e+02 4.966e+02
|    ( - -8.104e+04 1 0)
|    ( QUESTION0_9_R 1 -3.565e+04 1.623e+02 1.537e+02
|        ( - -3.259e+04 2 0)
|        ( - -2.895e+03 1 0)))
s>    ( QUESTION0_14_R 1 -1.169e+05 2.499e+02 4.966e+02
s>        ( - -8.104e+04 1 0)
s>        ( QUESTION0_9_R 1 -3.565e+04 1.623e+02 1.537e+02
s>            ( - -3.259e+04 2 0)
s>            ( - -2.895e+03 1 0)))INFO: dtree.c(1315): Comp split 19
INFO: dtree.c(1478): Final simple tree
|( QUESTION14 -1 -5.794e+04 2.510e+02 2.381e+02
|    ( QUESTION0_9_R 1 -2.982e+04 1.287e+02 1.212e+02
|        ( - -1.036e+04 2 0)
|        ( - -1.932e+04 1 0))
|    ( QUESTION10 -1 -2.787e+04 1.845e+02 1.169e+02
|        ( QUESTION2_10_L -1 -9.478e+03 1.593e+02 3.685e+01
|            ( - -7.066e+03 3 0)
|            ( - -2.252e+03 1 0))
|        ( QUESTION4 -1 -1.821e+04 1.653e+02 8.001e+01
|            ( - -1.211e+03 1 0)
|            ( QUESTION2 -1 -1.684e+04 1.642e+02 7.401e+01
|                ( - -4.015e+03 1 0)
|                ( QUESTION17 -1 -1.266e+04 1.213e+02 5.701e+01
|                    ( - -4.753e+03 1 0)
|                    ( - -7.782e+03 2 0))))))
s>    ( QUESTION14 -1 -5.794e+04 2.510e+02 2.381e+02
s>        ( QUESTION0_9_R 1 -2.982e+04 1.287e+02 1.212e+02
s>            ( - -1.036e+04 2 0)
s>            ( - -1.932e+04 1 0))
s>        ( QUESTION10 -1 -2.787e+04 1.845e+02 1.169e+02
s>            ( QUESTION2_10_L -1 -9.478e+03 1.593e+02 3.685e+01
s>                ( - -7.066e+03 3 0)
s>                ( - -2.252e+03 1 0))
s>            ( QUESTION4 -1 -1.821e+04 1.653e+02 8.001e+01
s>                ( - -1.211e+03 1 0)
s>                ( QUESTION2 -1 -1.684e+04 1.642e+02 7.401e+01
s>                    ( - -4.015e+03 1 0)
s>                    ( QUESTION17 -1 -1.266e+04 1.213e+02 5.701e+01
s>                        ( - -4.753e+03 1 0)
s>                        ( - -7.782e+03 2 0))))))INFO: dtree.c(1439): stop. leaf nodes are specific
INFO: dtree.c(1478): Final simple tree
|( QUESTION0_16_R 1 -1.897e+04 2.328e+02 8.361e+01
|    ( - -1.615e+03 1 0)
|    ( WDBNDRY_B 0 -1.713e+04 1.695e+02 7.561e+01
|        ( - -9.090e+03 1 0)
|        ( - -7.867e+03 1 0)))
s>    ( QUESTION0_16_R 1 -1.897e+04 2.328e+02 8.361e+01
s>        ( - -1.615e+03 1 0)
s>        ( WDBNDRY_B 0 -1.713e+04 1.695e+02 7.561e+01
s>            ( - -9.090e+03 1 0)
s>            ( - -7.867e+03 1 0)))INFO: dtree.c(1315): Comp split 20
INFO: dtree.c(1439): stop. leaf nodes are specific
INFO: dtree.c(1478): Final simple tree
|( WDBNDRY_B 0 -8.765e+04 2.181e+02 3.788e+02
|    ( - -7.873e+04 4 0)
|    ( - -8.704e+03 1 0))
s>    ( WDBNDRY_B 0 -8.765e+04 2.181e+02 3.788e+02
s>        ( - -7.873e+04 4 0)
s>        ( - -8.704e+03 1 0))INFO: dtree.c(1315): Comp split 21
INFO: dtree.c(1439): stop. leaf nodes are specific
INFO: dtree.c(1478): Final simple tree
|( QUESTION15 -1 -6.435e+04 2.229e+02 2.688e+02
|    ( - -2.263e+02 1 0)
|    ( QUESTION10 -1 -6.390e+04 2.172e+02 2.668e+02
|        ( QUESTION0_9_R 1 -5.945e+04 1.625e+02 2.488e+02
|            ( - -5.646e+03 2 0)
|            ( - -5.364e+04 1 0))
|        ( WDBNDRY_B 0 -4.241e+03 1.922e+02 1.800e+01
|            ( QUESTION0_16_R 1 -3.763e+03 1.536e+02 1.600e+01
|                ( - -1.674e+03 1 0)
|                ( - -1.935e+03 1 0))
|            ( - -2.859e+02 1 0))))
s>    ( QUESTION15 -1 -6.435e+04 2.229e+02 2.688e+02
s>        ( - -2.263e+02 1 0)
s>        ( QUESTION10 -1 -6.390e+04 2.172e+02 2.668e+02
s>            ( QUESTION0_9_R 1 -5.945e+04 1.625e+02 2.488e+02
s>                ( - -5.646e+03 2 0)
s>                ( - -5.364e+04 1 0))
s>            ( WDBNDRY_B 0 -4.241e+03 1.922e+02 1.800e+01
s>                ( QUESTION0_16_R 1 -3.763e+03 1.536e+02 1.600e+01
s>                    ( - -1.674e+03 1 0)
s>                    ( - -1.935e+03 1 0))
s>                ( - -2.859e+02 1 0))))INFO: dtree.c(1478): Final simple tree
|( QUESTION2_17_L -1 -6.747e+04 2.996e+02 2.769e+02
|    ( QUESTION0_9_R 1 -2.589e+04 1.195e+02 1.022e+02
|        ( - -5.989e+03 2 0)
|        ( - -1.978e+04 1 0))
|    ( QUESTION12 -1 -4.128e+04 2.189e+02 1.747e+02
|        ( QUESTION0_9_R 1 -2.702e+04 1.677e+02 1.179e+02
|            ( - -8.832e+03 1 0)
|            ( - -1.802e+04 1 0))
|        ( QUESTION0_10_R 1 -1.404e+04 2.002e+02 5.682e+01
|            ( - -3.865e+03 1 0)
|            ( WDBNDRY_B 0 -9.975e+03 1.474e+02 4.011e+01
|                ( - -5.986e+03 2 0 QUESTION0_9_R 1 9.764e+01 2.411e+01)
|                ( WDBNDRY_E 0 -3.842e+03 1.128e+02 1.600e+01
|                    ( - -2.499e+03 1 0)
|                    ( - -1.230e+03 1 0))))))
s>    ( QUESTION2_17_L -1 -6.747e+04 2.996e+02 2.769e+02
s>        ( QUESTION0_9_R 1 -2.589e+04 1.195e+02 1.022e+02
s>            ( - -5.989e+03 2 0)
s>            ( - -1.978e+04 1 0))
s>        ( QUESTION12 -1 -4.128e+04 2.189e+02 1.747e+02
s>            ( QUESTION0_9_R 1 -2.702e+04 1.677e+02 1.179e+02
s>                ( - -8.832e+03 1 0)
s>                ( - -1.802e+04 1 0))
s>            ( QUESTION0_10_R 1 -1.404e+04 2.002e+02 5.682e+01
s>                ( - -3.865e+03 1 0)
s>                ( WDBNDRY_B 0 -9.975e+03 1.474e+02 4.011e+01
s>                    ( - -5.986e+03 2 0 QUESTION0_9_R 1 9.764e+01 2.411e+01)
s>                    ( WDBNDRY_E 0 -3.842e+03 1.128e+02 1.600e+01
s>                        ( - -2.499e+03 1 0)
s>                        ( - -1.230e+03 1 0))))))INFO: dtree.c(1315): Comp split 22
INFO: dtree.c(1439): stop. leaf nodes are specific
INFO: dtree.c(1478): Final simple tree
|( QUESTION0_14_R 1 -1.300e+05 2.763e+02 5.504e+02
|    ( - -1.118e+05 4 0)
|    ( - -1.794e+04 1 0))
s>    ( QUESTION0_14_R 1 -1.300e+05 2.763e+02 5.504e+02
s>        ( - -1.118e+05 4 0)
s>        ( - -1.794e+04 1 0))INFO: dtree.c(1315): Comp split 23
INFO: dtree.c(1439): stop. leaf nodes are specific
INFO: dtree.c(1478): Final simple tree
|( QUESTION11 -1 -2.852e+04 1.327e+02 1.218e+02
|    ( - -1.943e+04 3 0)
|    ( QUESTION2_10_L -1 -8.962e+03 1.270e+02 3.700e+01
|        ( - -5.016e+03 4 0)
|        ( WDBNDRY_B 0 -3.819e+03 1.033e+02 1.600e+01
|            ( - -1.406e+03 1 0)
|            ( - -2.309e+03 1 0))))
s>    ( QUESTION11 -1 -2.852e+04 1.327e+02 1.218e+02
s>        ( - -1.943e+04 3 0)
s>        ( QUESTION2_10_L -1 -8.962e+03 1.270e+02 3.700e+01
s>            ( - -5.016e+03 4 0)
s>            ( WDBNDRY_B 0 -3.819e+03 1.033e+02 1.600e+01
s>                ( - -1.406e+03 1 0)
s>                ( - -2.309e+03 1 0))))INFO: dtree.c(1439): stop. leaf nodes are specific
INFO: dtree.c(1478): Final simple tree
|( QUESTION0_14_R 1 -1.910e+05 2.390e+02 8.185e+02
|    ( - -8.707e+04 3 0)
|    ( QUESTION0_9_R 1 -1.037e+05 1.362e+02 4.422e+02
|        ( - -2.524e+04 2 0)
|        ( - -7.829e+04 1 0)))
s>    ( QUESTION0_14_R 1 -1.910e+05 2.390e+02 8.185e+02
s>        ( - -8.707e+04 3 0)
s>        ( QUESTION0_9_R 1 -1.037e+05 1.362e+02 4.422e+02
s>            ( - -2.524e+04 2 0)
s>            ( - -7.829e+04 1 0)))INFO: dtree.c(1315): Comp split 24
INFO: dtree.c(1439): stop. leaf nodes are specific
INFO: dtree.c(1478): Final simple tree
|( QUESTION12 -1 -3.719e+04 1.994e+02 1.580e+02
|    ( QUESTION0_9_R 1 -2.702e+04 1.677e+02 1.179e+02
|        ( - -8.832e+03 1 0)
|        ( - -1.802e+04 1 0))
|    ( WDBNDRY_B 0 -9.975e+03 1.474e+02 4.011e+01
|        ( QUESTION0_9_R 1 -5.986e+03 9.764e+01 2.411e+01
|            ( - -3.472e+03 1 0)
|            ( - -2.417e+03 1 0))
|        ( WDBNDRY_E 0 -3.842e+03 1.128e+02 1.600e+01
|            ( - -2.499e+03 1 0)
|            ( - -1.230e+03 1 0))))
s>    ( QUESTION12 -1 -3.719e+04 1.994e+02 1.580e+02
s>        ( QUESTION0_9_R 1 -2.702e+04 1.677e+02 1.179e+02
s>            ( - -8.832e+03 1 0)
s>            ( - -1.802e+04 1 0))
s>        ( WDBNDRY_B 0 -9.975e+03 1.474e+02 4.011e+01
s>            ( QUESTION0_9_R 1 -5.986e+03 9.764e+01 2.411e+01
s>                ( - -3.472e+03 1 0)
s>                ( - -2.417e+03 1 0))
s>            ( WDBNDRY_E 0 -3.842e+03 1.128e+02 1.600e+01
s>                ( - -2.499e+03 1 0)
s>                ( - -1.230e+03 1 0))))INFO: dtree.c(1439): stop. leaf nodes are specific
INFO: dtree.c(1478): Final simple tree
|( QUESTION14 -1 -2.997e+04 2.153e+02 1.189e+02
|    ( QUESTION0_9_R 1 -2.589e+04 1.195e+02 1.022e+02
|        ( - -5.989e+03 2 0)
|        ( - -1.978e+04 1 0))
|    ( - -3.865e+03 1 0))
s>    ( QUESTION14 -1 -2.997e+04 2.153e+02 1.189e+02
s>        ( QUESTION0_9_R 1 -2.589e+04 1.195e+02 1.022e+02
s>            ( - -5.989e+03 2 0)
s>            ( - -1.978e+04 1 0))
s>        ( - -3.865e+03 1 0))INFO: dtree.c(1315): Comp split 25
INFO: dtree.c(1439): stop. leaf nodes are specific
INFO: dtree.c(1478): Final simple tree
|( QUESTION2_10_L -1 -2.231e+04 1.799e+02 9.386e+01
|    ( - -7.066e+03 3 0)
|    ( QUESTION10 -1 -1.506e+04 1.520e+02 6.402e+01
|        ( - -2.252e+03 1 0)
|        ( QUESTION17 -1 -1.266e+04 1.213e+02 5.701e+01
|            ( - -4.753e+03 1 0)
|            ( - -7.782e+03 2 0))))
s>    ( QUESTION2_10_L -1 -2.231e+04 1.799e+02 9.386e+01
s>        ( - -7.066e+03 3 0)
s>        ( QUESTION10 -1 -1.506e+04 1.520e+02 6.402e+01
s>            ( - -2.252e+03 1 0)
s>            ( QUESTION17 -1 -1.266e+04 1.213e+02 5.701e+01
s>                ( - -4.753e+03 1 0)
s>                ( - -7.782e+03 2 0))))INFO: dtree.c(1439): stop. leaf nodes are specific
INFO: dtree.c(1478): Final simple tree
|( QUESTION3 -1 -3.535e+04 1.554e+02 1.442e+02
|    ( - -4.015e+03 1 0)
|    ( QUESTION2 -1 -3.118e+04 1.528e+02 1.272e+02
|        ( - -1.211e+03 1 0)
|        ( QUESTION0_9_R 1 -2.982e+04 1.287e+02 1.212e+02
|            ( - -1.036e+04 2 0)
|            ( - -1.932e+04 1 0))))
s>    ( QUESTION3 -1 -3.535e+04 1.554e+02 1.442e+02
s>        ( - -4.015e+03 1 0)
s>        ( QUESTION2 -1 -3.118e+04 1.528e+02 1.272e+02
s>            ( - -1.211e+03 1 0)
s>            ( QUESTION0_9_R 1 -2.982e+04 1.287e+02 1.212e+02
s>                ( - -1.036e+04 2 0)
s>                ( - -1.932e+04 1 0))))INFO: dtree.c(1315): Comp split 26
INFO: dtree.c(1439): stop. leaf nodes are specific
INFO: dtree.c(1478): Final simple tree
|( QUESTION0_0_R 1 -8.325e+03 1.918e+02 2.903e+01
|    ( - -2.435e+03 1 0)
|    ( - -5.698e+03 1 0))
s>    ( QUESTION0_0_R 1 -8.325e+03 1.918e+02 2.903e+01
s>        ( - -2.435e+03 1 0)
s>        ( - -5.698e+03 1 0))INFO: dtree.c(1315): Comp split 27
INFO: dtree.c(1315): Comp split 28
INFO: dtree.c(1439): stop. leaf nodes are specific
INFO: dtree.c(1478): Final simple tree
|( QUESTION2_13_L -1 -1.821e+05 2.615e+02 7.675e+02
|    ( - -9.742e+03 2 0)
|    ( WDBNDRY_E 0 -1.721e+05 1.471e+02 7.259e+02
|        ( - -8.618e+02 1 0)
|        ( - -1.711e+05 5 0)))
s>    ( QUESTION2_13_L -1 -1.821e+05 2.615e+02 7.675e+02
s>        ( - -9.742e+03 2 0)
s>        ( WDBNDRY_E 0 -1.721e+05 1.471e+02 7.259e+02
s>            ( - -8.618e+02 1 0)
s>            ( - -1.711e+05 5 0)))INFO: dtree.c(1439): stop. leaf nodes are specific
INFO: dtree.c(1478): Final simple tree
|( QUESTION0_13_R 1 -8.140e+03 1.695e+02 3.024e+01
|    ( - -5.058e+03 1 0)
|    ( WDBNDRY_B 0 -2.913e+03 1.515e+02 9.000e+00
|        ( - -1.576e+03 1 0)
|        ( - -1.185e+03 1 0)))
s>    ( QUESTION0_13_R 1 -8.140e+03 1.695e+02 3.024e+01
s>        ( - -5.058e+03 1 0)
s>        ( WDBNDRY_B 0 -2.913e+03 1.515e+02 9.000e+00
s>            ( - -1.576e+03 1 0)
s>            ( - -1.185e+03 1 0)))INFO: dtree.c(1315): Comp split 29
INFO: dtree.c(1439): stop. leaf nodes are specific
INFO: dtree.c(1478): Final simple tree
|( WDBNDRY_E 0 -1.721e+05 1.471e+02 7.259e+02
|    ( - -8.618e+02 1 0)
|    ( - -1.711e+05 5 0))
s>    ( WDBNDRY_E 0 -1.721e+05 1.471e+02 7.259e+02
s>        ( - -8.618e+02 1 0)
s>        ( - -1.711e+05 5 0))INFO: dtree.c(1315): Comp split 30
INFO: dtree.c(1439): stop. leaf nodes are specific
INFO: dtree.c(1478): Final simple tree
|( QUESTION0_9_R 1 -3.565e+04 1.623e+02 1.537e+02
|    ( - -3.259e+04 2 0)
|    ( - -2.895e+03 1 0))
s>    ( QUESTION0_9_R 1 -3.565e+04 1.623e+02 1.537e+02
s>        ( - -3.259e+04 2 0)
s>        ( - -2.895e+03 1 0))INFO: dtree.c(1315): Comp split 31
INFO: dtree.c(1315): Comp split 32
INFO: dtree.c(1439): stop. leaf nodes are specific
INFO: dtree.c(1478): Final simple tree
|( QUESTION0_9_R 1 -1.037e+05 1.362e+02 4.422e+02
|    ( - -2.524e+04 2 0)
|    ( - -7.829e+04 1 0))
s>    ( QUESTION0_9_R 1 -1.037e+05 1.362e+02 4.422e+02
s>        ( - -2.524e+04 2 0)
s>        ( - -7.829e+04 1 0))INFO: dtree.c(1315): Comp split 33
INFO: dtree.c(1439): stop. leaf nodes are specific
INFO: dtree.c(1478): Final simple tree
|( WDBNDRY_B 0 -1.713e+04 1.695e+02 7.561e+01
|    ( - -9.090e+03 1 0)
|    ( - -7.867e+03 1 0))
s>    ( WDBNDRY_B 0 -1.713e+04 1.695e+02 7.561e+01
s>        ( - -9.090e+03 1 0)
s>        ( - -7.867e+03 1 0))INFO: dtree.c(1315): Comp split 34
INFO: dtree.c(1315): Comp split 35
INFO: dtree.c(1439): stop. leaf nodes are specific
INFO: dtree.c(1478): Final simple tree
|( QUESTION10 -1 -6.390e+04 2.172e+02 2.668e+02
|    ( QUESTION0_9_R 1 -5.945e+04 1.625e+02 2.488e+02
|        ( - -5.646e+03 2 0)
|        ( - -5.364e+04 1 0))
|    ( WDBNDRY_B 0 -4.241e+03 1.922e+02 1.800e+01
|        ( QUESTION0_16_R 1 -3.763e+03 1.536e+02 1.600e+01
|            ( - -1.674e+03 1 0)
|            ( - -1.935e+03 1 0))
|        ( - -2.859e+02 1 0)))
s>    ( QUESTION10 -1 -6.390e+04 2.172e+02 2.668e+02
s>        ( QUESTION0_9_R 1 -5.945e+04 1.625e+02 2.488e+02
s>            ( - -5.646e+03 2 0)
s>            ( - -5.364e+04 1 0))
s>        ( WDBNDRY_B 0 -4.241e+03 1.922e+02 1.800e+01
s>            ( QUESTION0_16_R 1 -3.763e+03 1.536e+02 1.600e+01
s>                ( - -1.674e+03 1 0)
s>                ( - -1.935e+03 1 0))
s>            ( - -2.859e+02 1 0)))INFO: dtree.c(1315): Comp split 36
INFO: dtree.c(1315): Comp split 37
INFO: dtree.c(1439): stop. leaf nodes are specific
INFO: dtree.c(1478): Final simple tree
|( WDBNDRY_B 0 -4.241e+03 1.922e+02 1.800e+01
|    ( QUESTION0_16_R 1 -3.763e+03 1.536e+02 1.600e+01
|        ( - -1.674e+03 1 0)
|        ( - -1.935e+03 1 0))
|    ( - -2.859e+02 1 0))
s>    ( WDBNDRY_B 0 -4.241e+03 1.922e+02 1.800e+01
s>        ( QUESTION0_16_R 1 -3.763e+03 1.536e+02 1.600e+01
s>            ( - -1.674e+03 1 0)
s>            ( - -1.935e+03 1 0))
s>        ( - -2.859e+02 1 0))INFO: dtree.c(1439): stop. leaf nodes are specific
INFO: dtree.c(1478): Final simple tree
|( QUESTION0_9_R 1 -5.945e+04 1.625e+02 2.488e+02
|    ( - -5.646e+03 2 0)
|    ( - -5.364e+04 1 0))
s>    ( QUESTION0_9_R 1 -5.945e+04 1.625e+02 2.488e+02
s>        ( - -5.646e+03 2 0)
s>        ( - -5.364e+04 1 0))INFO: dtree.c(1315): Comp split 38
INFO: dtree.c(1439): stop. leaf nodes are specific
INFO: dtree.c(1478): Final simple tree
|( QUESTION0_9_R 1 -2.589e+04 1.195e+02 1.022e+02
|    ( - -5.989e+03 2 0)
|    ( - -1.978e+04 1 0))
s>    ( QUESTION0_9_R 1 -2.589e+04 1.195e+02 1.022e+02
s>        ( - -5.989e+03 2 0)
s>        ( - -1.978e+04 1 0))INFO: dtree.c(1315): Comp split 39
INFO: dtree.c(1439): stop. leaf nodes are specific
INFO: dtree.c(1478): Final simple tree
|( QUESTION0_0_R 1 -1.232e+04 1.635e+02 5.061e+01
|    ( WDBNDRY_E 0 -6.018e+03 1.302e+02 2.417e+01
|        ( - -1.175e+03 1 0)
|        ( - -4.712e+03 1 0))
|    ( - -6.138e+03 1 0))
s>    ( QUESTION0_0_R 1 -1.232e+04 1.635e+02 5.061e+01
s>        ( WDBNDRY_E 0 -6.018e+03 1.302e+02 2.417e+01
s>            ( - -1.175e+03 1 0)
s>            ( - -4.712e+03 1 0))
s>        ( - -6.138e+03 1 0))INFO: dtree.c(1315): Comp split 40
INFO: dtree.c(1439): stop. leaf nodes are specific
INFO: dtree.c(1478): Final simple tree
|( WDBNDRY_B 0 -9.975e+03 1.474e+02 4.011e+01
|    ( QUESTION0_9_R 1 -5.986e+03 9.764e+01 2.411e+01
|        ( - -3.472e+03 1 0)
|        ( - -2.417e+03 1 0))
|    ( WDBNDRY_E 0 -3.842e+03 1.128e+02 1.600e+01
|        ( - -2.499e+03 1 0)
|        ( - -1.230e+03 1 0)))
s>    ( WDBNDRY_B 0 -9.975e+03 1.474e+02 4.011e+01
s>        ( QUESTION0_9_R 1 -5.986e+03 9.764e+01 2.411e+01
s>            ( - -3.472e+03 1 0)
s>            ( - -2.417e+03 1 0))
s>        ( WDBNDRY_E 0 -3.842e+03 1.128e+02 1.600e+01
s>            ( - -2.499e+03 1 0)
s>            ( - -1.230e+03 1 0)))INFO: dtree.c(1439): stop. leaf nodes are specific
INFO: dtree.c(1478): Final simple tree
|( QUESTION0_9_R 1 -2.702e+04 1.677e+02 1.179e+02
|    ( - -8.832e+03 1 0)
|    ( - -1.802e+04 1 0))
s>    ( QUESTION0_9_R 1 -2.702e+04 1.677e+02 1.179e+02
s>        ( - -8.832e+03 1 0)
s>        ( - -1.802e+04 1 0))INFO: dtree.c(1315): Comp split 41
INFO: dtree.c(1439): stop. leaf nodes are specific
INFO: dtree.c(1478): Final simple tree
|( QUESTION10 -1 -5.125e+04 1.844e+02 2.130e+02
|    ( - -8.386e+03 2 0)
|    ( - -4.268e+04 2 0))
s>    ( QUESTION10 -1 -5.125e+04 1.844e+02 2.130e+02
s>        ( - -8.386e+03 2 0)
s>        ( - -4.268e+04 2 0))INFO: dtree.c(1315): Comp split 42
INFO: dtree.c(1439): stop. leaf nodes are specific
INFO: dtree.c(1478): Final simple tree
|( QUESTION0_16_R 1 -3.763e+03 1.536e+02 1.600e+01
|    ( - -1.674e+03 1 0)
|    ( - -1.935e+03 1 0))
s>    ( QUESTION0_16_R 1 -3.763e+03 1.536e+02 1.600e+01
s>        ( - -1.674e+03 1 0)
s>        ( - -1.935e+03 1 0))INFO: dtree.c(1315): Comp split 43
INFO: dtree.c(1315): Comp split 44
INFO: dtree.c(1315): Comp split 45
INFO: dtree.c(1439): stop. leaf nodes are specific
INFO: dtree.c(1478): Final simple tree
|( QUESTION10 -1 -1.506e+04 1.520e+02 6.402e+01
|    ( - -2.252e+03 1 0)
|    ( QUESTION17 -1 -1.266e+04 1.213e+02 5.701e+01
|        ( - -4.753e+03 1 0)
|        ( - -7.782e+03 2 0)))
s>    ( QUESTION10 -1 -1.506e+04 1.520e+02 6.402e+01
s>        ( - -2.252e+03 1 0)
s>        ( QUESTION17 -1 -1.266e+04 1.213e+02 5.701e+01
s>            ( - -4.753e+03 1 0)
s>            ( - -7.782e+03 2 0)))INFO: dtree.c(1315): Comp split 46
INFO: dtree.c(1315): Comp split 47
INFO: dtree.c(1439): stop. leaf nodes are specific
INFO: dtree.c(1478): Final simple tree
|( WDBNDRY_B 0 -2.913e+03 1.515e+02 9.000e+00
|    ( - -1.576e+03 1 0)
|    ( - -1.185e+03 1 0))
s>    ( WDBNDRY_B 0 -2.913e+03 1.515e+02 9.000e+00
s>        ( - -1.576e+03 1 0)
s>        ( - -1.185e+03 1 0))INFO: dtree.c(1315): Comp split 48
INFO: dtree.c(1315): Comp split 49
INFO: dtree.c(1439): stop. leaf nodes are specific
INFO: dtree.c(1478): Final simple tree
|( WDBNDRY_E 0 -6.018e+03 1.302e+02 2.417e+01
|    ( - -1.175e+03 1 0)
|    ( - -4.712e+03 1 0))
s>    ( WDBNDRY_E 0 -6.018e+03 1.302e+02 2.417e+01
s>        ( - -1.175e+03 1 0)
s>        ( - -4.712e+03 1 0))INFO: dtree.c(1315): Comp split 50
INFO: dtree.c(1315): Comp split 51
INFO: dtree.c(1315): Comp split 52
INFO: dtree.c(1439): stop. leaf nodes are specific
INFO: dtree.c(1478): Final simple tree
|( QUESTION2 -1 -3.118e+04 1.528e+02 1.272e+02
|    ( - -1.211e+03 1 0)
|    ( QUESTION0_9_R 1 -2.982e+04 1.287e+02 1.212e+02
|        ( - -1.036e+04 2 0)
|        ( - -1.932e+04 1 0)))
s>    ( QUESTION2 -1 -3.118e+04 1.528e+02 1.272e+02
s>        ( - -1.211e+03 1 0)
s>        ( QUESTION0_9_R 1 -2.982e+04 1.287e+02 1.212e+02
s>            ( - -1.036e+04 2 0)
s>            ( - -1.932e+04 1 0)))INFO: dtree.c(1315): Comp split 53
INFO: dtree.c(1315): Comp split 54
INFO: dtree.c(1439): stop. leaf nodes are specific
INFO: dtree.c(1478): Final simple tree
|( QUESTION0_9_R 1 -2.982e+04 1.287e+02 1.212e+02
|    ( - -1.036e+04 2 0)
|    ( - -1.932e+04 1 0))
s>    ( QUESTION0_9_R 1 -2.982e+04 1.287e+02 1.212e+02
s>        ( - -1.036e+04 2 0)
s>        ( - -1.932e+04 1 0))INFO: dtree.c(1315): Comp split 55
INFO: dtree.c(1439): stop. leaf nodes are specific
INFO: dtree.c(1478): Final simple tree
|( QUESTION17 -1 -1.266e+04 1.213e+02 5.701e+01
|    ( - -4.753e+03 1 0)
|    ( - -7.782e+03 2 0))
s>    ( QUESTION17 -1 -1.266e+04 1.213e+02 5.701e+01
s>        ( - -4.753e+03 1 0)
s>        ( - -7.782e+03 2 0))INFO: dtree.c(1315): Comp split 56
INFO: dtree.c(1315): Comp split 57
INFO: dtree.c(1439): stop. leaf nodes are specific
INFO: dtree.c(1478): Final simple tree
|( WDBNDRY_E 0 -3.842e+03 1.128e+02 1.600e+01
|    ( - -2.499e+03 1 0)
|    ( - -1.230e+03 1 0))
s>    ( WDBNDRY_E 0 -3.842e+03 1.128e+02 1.600e+01
s>        ( - -2.499e+03 1 0)
s>        ( - -1.230e+03 1 0))INFO: dtree.c(1439): stop. leaf nodes are specific
INFO: dtree.c(1478): Final simple tree
|( QUESTION0_9_R 1 -5.986e+03 9.764e+01 2.411e+01
|    ( - -3.472e+03 1 0)
|    ( - -2.417e+03 1 0))
s>    ( QUESTION0_9_R 1 -5.986e+03 9.764e+01 2.411e+01
s>        ( - -3.472e+03 1 0)
s>        ( - -2.417e+03 1 0))INFO: dtree.c(1315): Comp split 58
INFO: dtree.c(1315): Comp split 59
INFO: dtree.c(1439): stop. leaf nodes are specific
INFO: dtree.c(1478): Final simple tree
|( QUESTION10 -1 -7.108e+04 1.203e+02 3.050e+02
|    ( - -3.289e+03 1 0)
|    ( - -6.768e+04 1 0))
s>    ( QUESTION10 -1 -7.108e+04 1.203e+02 3.050e+02
s>        ( - -3.289e+03 1 0)
s>        ( - -6.768e+04 1 0))INFO: dtree.c(1439): stop. leaf nodes are specific
INFO: dtree.c(1478): Final simple tree
|( QUESTION2 -1 -4.103e+03 1.197e+02 1.816e+01
|    ( - -3.186e+03 1 0)
|    ( - -7.973e+02 1 0))
s>    ( QUESTION2 -1 -4.103e+03 1.197e+02 1.816e+01
s>        ( - -3.186e+03 1 0)
s>        ( - -7.973e+02 1 0))INFO: dtree.c(1315): Comp split 60
INFO: dtree.c(1315): Comp split 61
INFO: dtree.c(1439): stop. leaf nodes are specific
INFO: dtree.c(1478): Final simple tree
|( QUESTION2_10_L -1 -8.962e+03 1.270e+02 3.700e+01
|    ( - -5.016e+03 4 0)
|    ( WDBNDRY_B 0 -3.819e+03 1.033e+02 1.600e+01
|        ( - -1.406e+03 1 0)
|        ( - -2.309e+03 1 0)))
s>    ( QUESTION2_10_L -1 -8.962e+03 1.270e+02 3.700e+01
s>        ( - -5.016e+03 4 0)
s>        ( WDBNDRY_B 0 -3.819e+03 1.033e+02 1.600e+01
s>            ( - -1.406e+03 1 0)
s>            ( - -2.309e+03 1 0)))INFO: dtree.c(1315): Comp split 62
INFO: dtree.c(1315): Comp split 63
INFO: dtree.c(1315): Comp split 64
INFO: dtree.c(1439): stop. leaf nodes are specific
INFO: dtree.c(1478): Final simple tree
|( WDBNDRY_B 0 -3.819e+03 1.033e+02 1.600e+01
|    ( - -1.406e+03 1 0)
|    ( - -2.309e+03 1 0))
s>    ( WDBNDRY_B 0 -3.819e+03 1.033e+02 1.600e+01
s>        ( - -1.406e+03 1 0)
s>        ( - -2.309e+03 1 0))INFO: dtree.c(1315): Comp split 65
INFO: dtree.c(1315): Comp split 66
INFO: dtree.c(1315): Comp split 67
INFO: dtree.c(1315): Comp split 68
INFO: dtree.c(1315): Comp split 69
INFO: dtree.c(1315): Comp split 70
INFO: dtree.c(1315): Comp split 71
INFO: dtree.c(1315): Comp split 72
INFO: dtree.c(1318): stop. leaf nodes are specific
Fri Jan  6 22:28:23 2023
