Current configuration:
[NAME]		[DEFLT]	[VALUE]
-allphones	no	no
-cntthresh	0.00001	1.000000e-05
-csplitmax	100	2000
-csplitmin	1	1
-csplitthr	8e-4	0.000000e+00
-example	no	no
-fullvar	no	no
-help		no	no
-meanfn			/mnt/c/users/robin/onedrive/desktop/cmu/Cebuano/model_parameters/Cebuano.cd_cont_untied/means
-mixwfn			/mnt/c/users/robin/onedrive/desktop/cmu/Cebuano/model_parameters/Cebuano.cd_cont_untied/mixture_weights
-moddeffn		/mnt/c/users/robin/onedrive/desktop/cmu/Cebuano/model_architecture/Cebuano.untied.mdef
-mwfloor	1e-4	1.000000e-08
-phone			JH
-psetfn			/mnt/c/users/robin/onedrive/desktop/cmu/Cebuano/model_architecture/Cebuano.tree_questions
-ssplitmax	5	7
-ssplitmin	1	1
-ssplitthr	8e-4	0.000000e+00
-state			2
-stwt			1.0,0.05,0.0,
-treefn			/mnt/c/users/robin/onedrive/desktop/cmu/Cebuano/trees/Cebuano.unpruned/JH-2.dtree
-ts2cbfn	.semi.	.cont.
-varfloor	0.00001	1.000000e-05
-varfn			/mnt/c/users/robin/onedrive/desktop/cmu/Cebuano/model_parameters/Cebuano.cd_cont_untied/variances

INFO: main.c(223): Reading: /mnt/c/users/robin/onedrive/desktop/cmu/Cebuano/model_architecture/Cebuano.untied.mdef
INFO: model_def_io.c(573): Model definition info:
INFO: model_def_io.c(574): 7744 total models defined (40 base, 7704 tri)
INFO: model_def_io.c(575): 30976 total states
INFO: model_def_io.c(576): 23232 total tied states
INFO: model_def_io.c(577): 120 total tied CI states
INFO: model_def_io.c(578): 40 total tied transition matrices
INFO: model_def_io.c(579): 4 max state/model
INFO: model_def_io.c(580): 4 min state/model
INFO: main.c(242): Building trees for [JH AA AH b] through [JH Z IH b]
INFO: main.c(268): Covering states |[11994 12329]| == 336
INFO: main.c(275): Reading: /mnt/c/users/robin/onedrive/desktop/cmu/Cebuano/model_parameters/Cebuano.cd_cont_untied/mixture_weights
INFO: s3mixw_io.c(172): Read /mnt/c/users/robin/onedrive/desktop/cmu/Cebuano/model_parameters/Cebuano.cd_cont_untied/mixture_weights [336x1x1 array]
INFO: main.c(311): 112 of 112 models have observation count greater than 0.000010
INFO: main.c(95): nrm stwt: 0.000 0.048 0.952 
INFO: s3gau_io.c(168): Read /mnt/c/users/robin/onedrive/desktop/cmu/Cebuano/model_parameters/Cebuano.cd_cont_untied/means [23232x1x1 array]
INFO: s3gau_io.c(168): Read /mnt/c/users/robin/onedrive/desktop/cmu/Cebuano/model_parameters/Cebuano.cd_cont_untied/variances [23232x1x1 array]
INFO: main.c(549): Reading: /mnt/c/users/robin/onedrive/desktop/cmu/Cebuano/model_architecture/Cebuano.tree_questions
INFO: main.c(587): 180 total simple questions (172 phone; 8 word bndry)
INFO: main.c(589): 42 Left Only questions, and 42 Right Only questions
INFO: dtree.c(1478): Final simple tree
|( QUESTION12 -1 -1.984e+06 8.977e+03 8.689e+03
|    ( WDBNDRY_B 0 -2.888e+05 3.256e+03 1.313e+03
|        ( - -5.141e+04 5 0 QUESTION0_14_R 1 3.992e+02 2.245e+02)
|        ( - -2.341e+05 5 0 QUESTION0_14_R 1 9.146e+02 1.089e+03))
|    ( QUESTION14 1 -1.687e+06 3.550e+03 7.376e+03
|        ( QUESTION0_9_R 1 -8.697e+05 2.322e+03 3.814e+03
|            ( - -3.746e+05 32 0 WDBNDRY_B 0 9.162e+02 1.664e+03)
|            ( - -4.928e+05 18 0 SILENCE -1 1.180e+03 2.150e+03))
|        ( QUESTION0_14_R 1 -8.133e+05 1.497e+03 3.562e+03
|            ( QUESTION14 -1 -7.256e+05 1.299e+03 3.178e+03
|                ( - -1.484e+05 5 0 QUESTION2_0_L -1 7.839e+02 6.652e+02)
|                ( WDBNDRY_B 0 -5.760e+05 1.440e+03 2.513e+03
|                    ( - -3.539e+05 19 0 SILENCE -1 6.798e+02 1.551e+03)
|                    ( - -2.207e+05 9 0 QUESTION2_17_L -1 5.250e+02 9.618e+02)))
|            ( - -8.618e+04 19 0 QUESTION0_8_R 1 6.023e+02 3.844e+02))))
s>    ( QUESTION12 -1 -1.984e+06 8.977e+03 8.689e+03
s>        ( WDBNDRY_B 0 -2.888e+05 3.256e+03 1.313e+03
s>            ( - -5.141e+04 5 0 QUESTION0_14_R 1 3.992e+02 2.245e+02)
s>            ( - -2.341e+05 5 0 QUESTION0_14_R 1 9.146e+02 1.089e+03))
s>        ( QUESTION14 1 -1.687e+06 3.550e+03 7.376e+03
s>            ( QUESTION0_9_R 1 -8.697e+05 2.322e+03 3.814e+03
s>                ( - -3.746e+05 32 0 WDBNDRY_B 0 9.162e+02 1.664e+03)
s>                ( - -4.928e+05 18 0 SILENCE -1 1.180e+03 2.150e+03))
s>            ( QUESTION0_14_R 1 -8.133e+05 1.497e+03 3.562e+03
s>                ( QUESTION14 -1 -7.256e+05 1.299e+03 3.178e+03
s>                    ( - -1.484e+05 5 0 QUESTION2_0_L -1 7.839e+02 6.652e+02)
s>                    ( WDBNDRY_B 0 -5.760e+05 1.440e+03 2.513e+03
s>                        ( - -3.539e+05 19 0 SILENCE -1 6.798e+02 1.551e+03)
s>                        ( - -2.207e+05 9 0 QUESTION2_17_L -1 5.250e+02 9.618e+02)))
s>                ( - -8.618e+04 19 0 QUESTION0_8_R 1 6.023e+02 3.844e+02))))INFO: dtree.c(1315): Comp split 0
INFO: dtree.c(1439): stop. leaf nodes are specific
INFO: dtree.c(1478): Final simple tree
|( QUESTION0_14_R 1 -2.341e+05 9.146e+02 1.089e+03
|    ( - -1.733e+05 1 0)
|    ( QUESTION0_9_R 1 -5.991e+04 4.217e+02 2.711e+02
|        ( - -2.498e+04 2 0)
|        ( QUESTION0 1 -3.451e+04 3.869e+02 1.583e+02
|            ( - -2.536e+03 1 0)
|            ( - -3.158e+04 1 0))))
s>    ( QUESTION0_14_R 1 -2.341e+05 9.146e+02 1.089e+03
s>        ( - -1.733e+05 1 0)
s>        ( QUESTION0_9_R 1 -5.991e+04 4.217e+02 2.711e+02
s>            ( - -2.498e+04 2 0)
s>            ( QUESTION0 1 -3.451e+04 3.869e+02 1.583e+02
s>                ( - -2.536e+03 1 0)
s>                ( - -3.158e+04 1 0))))INFO: dtree.c(1478): Final simple tree
|( QUESTION14 1 -1.738e+06 3.759e+03 7.601e+03
|    ( QUESTION0_9_R 1 -8.917e+05 2.311e+03 3.910e+03
|        ( WDBNDRY_B 0 -3.835e+05 9.510e+02 1.702e+03
|            ( - -1.812e+05 22 0 QUESTION0 -1 3.349e+02 7.974e+02)
|            ( - -2.013e+05 11 0 QUESTION17 -1 4.042e+02 9.049e+02))
|        ( SILENCE -1 -5.059e+05 1.178e+03 2.208e+03
|            ( - -1.703e+05 1 0)
|            ( - -3.344e+05 18 0 WDBNDRY_B 0 4.257e+02 1.464e+03)))
|    ( QUESTION0_14_R 1 -8.429e+05 1.487e+03 3.691e+03
|        ( QUESTION14 -1 -7.552e+05 1.274e+03 3.306e+03
|            ( - -1.484e+05 5 0 QUESTION2_0_L -1 7.839e+02 6.652e+02)
|            ( WDBNDRY_B 0 -6.056e+05 1.411e+03 2.641e+03
|                ( - -3.835e+05 22 0 QUESTION1 -1 6.966e+02 1.679e+03)
|                ( - -2.207e+05 9 0 QUESTION2_17_L -1 5.250e+02 9.618e+02)))
|        ( - -8.618e+04 19 0 QUESTION0_8_R 1 6.023e+02 3.844e+02)))
s>    ( QUESTION14 1 -1.738e+06 3.759e+03 7.601e+03
s>        ( QUESTION0_9_R 1 -8.917e+05 2.311e+03 3.910e+03
s>            ( WDBNDRY_B 0 -3.835e+05 9.510e+02 1.702e+03
s>                ( - -1.812e+05 22 0 QUESTION0 -1 3.349e+02 7.974e+02)
s>                ( - -2.013e+05 11 0 QUESTION17 -1 4.042e+02 9.049e+02))
s>            ( SILENCE -1 -5.059e+05 1.178e+03 2.208e+03
s>                ( - -1.703e+05 1 0)
s>                ( - -3.344e+05 18 0 WDBNDRY_B 0 4.257e+02 1.464e+03)))
s>        ( QUESTION0_14_R 1 -8.429e+05 1.487e+03 3.691e+03
s>            ( QUESTION14 -1 -7.552e+05 1.274e+03 3.306e+03
s>                ( - -1.484e+05 5 0 QUESTION2_0_L -1 7.839e+02 6.652e+02)
s>                ( WDBNDRY_B 0 -6.056e+05 1.411e+03 2.641e+03
s>                    ( - -3.835e+05 22 0 QUESTION1 -1 6.966e+02 1.679e+03)
s>                    ( - -2.207e+05 9 0 QUESTION2_17_L -1 5.250e+02 9.618e+02)))
s>            ( - -8.618e+04 19 0 QUESTION0_8_R 1 6.023e+02 3.844e+02)))INFO: dtree.c(1315): Comp split 1
INFO: dtree.c(1478): Final simple tree
|( QUESTION0_15_R 1 -1.276e+06 2.658e+03 5.589e+03
|    ( SILENCE -1 -5.059e+05 1.178e+03 2.208e+03
|        ( - -1.703e+05 1 0)
|        ( WDBNDRY_B 0 -3.344e+05 4.257e+02 1.464e+03
|            ( - -2.692e+05 13 0 QUESTION13 -1 4.003e+02 1.178e+03)
|            ( - -6.475e+04 5 0 QUESTION2_13_L -1 1.986e+02 2.858e+02)))
|    ( WDBNDRY_B 0 -7.679e+05 1.539e+03 3.381e+03
|        ( QUESTION0 -1 -5.651e+05 7.662e+02 2.477e+03
|            ( - -2.955e+05 13 0 QUESTION2_0_L -1 3.021e+02 1.304e+03)
|            ( SILENCE -1 -2.688e+05 6.153e+02 1.173e+03
|                ( - -1.079e+05 3 0 QUESTION0_9_R 1 1.985e+02 4.718e+02)
|                ( - -1.603e+05 28 0 QUESTION0_9_R 1 3.911e+02 7.010e+02)))
|        ( QUESTION17 -1 -2.013e+05 4.042e+02 9.049e+02
|            ( - -2.993e+03 1 0)
|            ( - -1.979e+05 10 0 QUESTION2_13_L -1 2.867e+02 8.916e+02))))
s>    ( QUESTION0_15_R 1 -1.276e+06 2.658e+03 5.589e+03
s>        ( SILENCE -1 -5.059e+05 1.178e+03 2.208e+03
s>            ( - -1.703e+05 1 0)
s>            ( WDBNDRY_B 0 -3.344e+05 4.257e+02 1.464e+03
s>                ( - -2.692e+05 13 0 QUESTION13 -1 4.003e+02 1.178e+03)
s>                ( - -6.475e+04 5 0 QUESTION2_13_L -1 1.986e+02 2.858e+02)))
s>        ( WDBNDRY_B 0 -7.679e+05 1.539e+03 3.381e+03
s>            ( QUESTION0 -1 -5.651e+05 7.662e+02 2.477e+03
s>                ( - -2.955e+05 13 0 QUESTION2_0_L -1 3.021e+02 1.304e+03)
s>                ( SILENCE -1 -2.688e+05 6.153e+02 1.173e+03
s>                    ( - -1.079e+05 3 0 QUESTION0_9_R 1 1.985e+02 4.718e+02)
s>                    ( - -1.603e+05 28 0 QUESTION0_9_R 1 3.911e+02 7.010e+02)))
s>            ( QUESTION17 -1 -2.013e+05 4.042e+02 9.049e+02
s>                ( - -2.993e+03 1 0)
s>                ( - -1.979e+05 10 0 QUESTION2_13_L -1 2.867e+02 8.916e+02))))INFO: dtree.c(1478): Final simple tree
|( QUESTION0_8_R 1 -4.574e+05 1.181e+03 2.011e+03
|    ( QUESTION2_0_L -1 -4.192e+05 1.125e+03 1.839e+03
|        ( QUESTION14 -1 -2.628e+05 6.656e+02 1.148e+03
|            ( - -3.276e+04 2 0 WDBNDRY_E 0 3.534e+02 1.487e+02)
|            ( QUESTION2_17_L -1 -2.293e+05 5.315e+02 9.989e+02
|                ( - -1.033e+04 2 0)
|                ( QUESTION11 -1 -2.185e+05 3.770e+02 9.527e+02
|                    ( WDBNDRY_B 0 -6.320e+03 4.820e+02 2.905e+01
|                        ( - 2.180e+02 1 0)
|                        ( - -6.056e+03 1 0))
|                    ( - -2.118e+05 9 0 QUESTION0_14_R 1 2.896e+02 9.236e+02))))
|        ( QUESTION0_14_R 1 -1.553e+05 5.292e+02 6.916e+02
|            ( - -1.234e+05 5 0 WDBNDRY_B 0 3.502e+02 5.545e+02)
|            ( - -3.140e+04 5 0 QUESTION0_9_R 1 2.551e+02 1.371e+02)))
|    ( - -3.701e+04 8 0 SILENCE 1 3.185e+02 1.723e+02))
s>    ( QUESTION0_8_R 1 -4.574e+05 1.181e+03 2.011e+03
s>        ( QUESTION2_0_L -1 -4.192e+05 1.125e+03 1.839e+03
s>            ( QUESTION14 -1 -2.628e+05 6.656e+02 1.148e+03
s>                ( - -3.276e+04 2 0 WDBNDRY_E 0 3.534e+02 1.487e+02)
s>                ( QUESTION2_17_L -1 -2.293e+05 5.315e+02 9.989e+02
s>                    ( - -1.033e+04 2 0)
s>                    ( QUESTION11 -1 -2.185e+05 3.770e+02 9.527e+02
s>                        ( WDBNDRY_B 0 -6.320e+03 4.820e+02 2.905e+01
s>                            ( - 2.180e+02 1 0)
s>                            ( - -6.056e+03 1 0))
s>                        ( - -2.118e+05 9 0 QUESTION0_14_R 1 2.896e+02 9.236e+02))))
s>            ( QUESTION0_14_R 1 -1.553e+05 5.292e+02 6.916e+02
s>                ( - -1.234e+05 5 0 WDBNDRY_B 0 3.502e+02 5.545e+02)
s>                ( - -3.140e+04 5 0 QUESTION0_9_R 1 2.551e+02 1.371e+02)))
s>        ( - -3.701e+04 8 0 SILENCE 1 3.185e+02 1.723e+02))INFO: dtree.c(1315): Comp split 2
INFO: dtree.c(1478): Final simple tree
|( WDBNDRY_B 0 -7.646e+05 1.584e+03 3.368e+03
|    ( QUESTION0 -1 -5.651e+05 7.662e+02 2.477e+03
|        ( QUESTION2_0_L -1 -2.955e+05 3.021e+02 1.304e+03
|            ( - -1.657e+05 8 0 QUESTION0_9_R 1 2.506e+02 7.282e+02)
|            ( - -1.295e+05 5 0 QUESTION0_9_R 1 1.801e+02 5.757e+02))
|        ( SILENCE -1 -2.688e+05 6.153e+02 1.173e+03
|            ( - -1.079e+05 3 0 QUESTION0_9_R 1 1.985e+02 4.718e+02)
|            ( QUESTION0_9_R 1 -1.603e+05 3.911e+02 7.010e+02
|                ( - -5.122e+04 14 0 QUESTION2_9_L -1 2.115e+02 2.264e+02)
|                ( QUESTION12 -1 -1.087e+05 2.816e+02 4.745e+02
|                    ( - -2.925e+04 3 0)
|                    ( - -7.915e+04 11 0 QUESTION2 -1 2.316e+02 3.463e+02)))))
|    ( QUESTION2_13_L -1 -1.979e+05 2.867e+02 8.916e+02
|        ( - -2.083e+04 3 0 QUESTION0 -1 1.710e+02 9.368e+01)
|        ( - -1.768e+05 7 0 QUESTION14 -1 2.293e+02 7.979e+02)))
s>    ( WDBNDRY_B 0 -7.646e+05 1.584e+03 3.368e+03
s>        ( QUESTION0 -1 -5.651e+05 7.662e+02 2.477e+03
s>            ( QUESTION2_0_L -1 -2.955e+05 3.021e+02 1.304e+03
s>                ( - -1.657e+05 8 0 QUESTION0_9_R 1 2.506e+02 7.282e+02)
s>                ( - -1.295e+05 5 0 QUESTION0_9_R 1 1.801e+02 5.757e+02))
s>            ( SILENCE -1 -2.688e+05 6.153e+02 1.173e+03
s>                ( - -1.079e+05 3 0 QUESTION0_9_R 1 1.985e+02 4.718e+02)
s>                ( QUESTION0_9_R 1 -1.603e+05 3.911e+02 7.010e+02
s>                    ( - -5.122e+04 14 0 QUESTION2_9_L -1 2.115e+02 2.264e+02)
s>                    ( QUESTION12 -1 -1.087e+05 2.816e+02 4.745e+02
s>                        ( - -2.925e+04 3 0)
s>                        ( - -7.915e+04 11 0 QUESTION2 -1 2.316e+02 3.463e+02)))))
s>        ( QUESTION2_13_L -1 -1.979e+05 2.867e+02 8.916e+02
s>            ( - -2.083e+04 3 0 QUESTION0 -1 1.710e+02 9.368e+01)
s>            ( - -1.768e+05 7 0 QUESTION14 -1 2.293e+02 7.979e+02)))INFO: dtree.c(1478): Final simple tree
|( SILENCE -1 -5.092e+05 1.193e+03 2.221e+03
|    ( - -1.703e+05 1 0)
|    ( WDBNDRY_B 0 -3.377e+05 4.753e+02 1.477e+03
|        ( QUESTION13 -1 -2.692e+05 4.003e+02 1.178e+03
|            ( - -4.496e+04 3 0 QUESTION2_0_L -1 1.811e+02 1.924e+02)
|            ( QUESTION2_0_L -1 -2.239e+05 3.372e+02 9.857e+02
|                ( QUESTION2_19_L -1 -1.424e+05 2.958e+02 6.240e+02
|                    ( - -8.944e+04 2 0)
|                    ( QUESTION0 -1 -5.262e+04 2.376e+02 2.274e+02
|                        ( - -1.131e+04 1 0)
|                        ( - -4.107e+04 4 0 QUESTION2 -1 1.903e+02 1.785e+02)))
|                ( - -8.119e+04 3 0 QUESTION2 -1 1.645e+02 3.617e+02)))
|        ( QUESTION0_9_R 1 -6.803e+04 2.821e+02 2.991e+02
|            ( - -2.993e+03 1 0)
|            ( - -6.475e+04 5 0 QUESTION2_13_L -1 1.986e+02 2.858e+02))))
s>    ( SILENCE -1 -5.092e+05 1.193e+03 2.221e+03
s>        ( - -1.703e+05 1 0)
s>        ( WDBNDRY_B 0 -3.377e+05 4.753e+02 1.477e+03
s>            ( QUESTION13 -1 -2.692e+05 4.003e+02 1.178e+03
s>                ( - -4.496e+04 3 0 QUESTION2_0_L -1 1.811e+02 1.924e+02)
s>                ( QUESTION2_0_L -1 -2.239e+05 3.372e+02 9.857e+02
s>                    ( QUESTION2_19_L -1 -1.424e+05 2.958e+02 6.240e+02
s>                        ( - -8.944e+04 2 0)
s>                        ( QUESTION0 -1 -5.262e+04 2.376e+02 2.274e+02
s>                            ( - -1.131e+04 1 0)
s>                            ( - -4.107e+04 4 0 QUESTION2 -1 1.903e+02 1.785e+02)))
s>                    ( - -8.119e+04 3 0 QUESTION2 -1 1.645e+02 3.617e+02)))
s>            ( QUESTION0_9_R 1 -6.803e+04 2.821e+02 2.991e+02
s>                ( - -2.993e+03 1 0)
s>                ( - -6.475e+04 5 0 QUESTION2_13_L -1 1.986e+02 2.858e+02))))INFO: dtree.c(1315): Comp split 3
INFO: dtree.c(1439): stop. leaf nodes are specific
INFO: dtree.c(1478): Final simple tree
|( QUESTION14 -1 -1.768e+05 2.293e+02 7.979e+02
|    ( - -2.891e+02 1 0)
|    ( QUESTION0 -1 -1.763e+05 1.479e+02 7.959e+02
|        ( - -1.726e+05 5 0)
|        ( - -3.521e+03 1 0)))
s>    ( QUESTION14 -1 -1.768e+05 2.293e+02 7.979e+02
s>        ( - -2.891e+02 1 0)
s>        ( QUESTION0 -1 -1.763e+05 1.479e+02 7.959e+02
s>            ( - -1.726e+05 5 0)
s>            ( - -3.521e+03 1 0)))INFO: dtree.c(1478): Final simple tree
|( QUESTION0 -1 -5.862e+05 7.635e+02 2.570e+03
|    ( QUESTION2_0_L -1 -3.097e+05 3.020e+02 1.366e+03
|        ( QUESTION0_9_R 1 -1.798e+05 2.613e+02 7.906e+02
|            ( WDBNDRY_B 0 -9.027e+04 2.476e+02 3.999e+02
|                ( - -7.614e+04 4 0)
|                ( - -1.388e+04 1 0))
|            ( - -8.932e+04 4 0))
|        ( - -1.295e+05 5 0 QUESTION0_9_R 1 1.801e+02 5.757e+02))
|    ( SILENCE -1 -2.758e+05 6.077e+02 1.204e+03
|        ( - -1.079e+05 3 0 QUESTION0_9_R 1 1.985e+02 4.718e+02)
|        ( QUESTION0_9_R 1 -1.673e+05 4.110e+02 7.322e+02
|            ( - -5.818e+04 16 0 QUESTION2_9_L -1 2.144e+02 2.576e+02)
|            ( QUESTION12 -1 -1.087e+05 2.816e+02 4.745e+02
|                ( - -2.925e+04 3 0)
|                ( - -7.915e+04 11 0 QUESTION2 -1 2.316e+02 3.463e+02)))))
s>    ( QUESTION0 -1 -5.862e+05 7.635e+02 2.570e+03
s>        ( QUESTION2_0_L -1 -3.097e+05 3.020e+02 1.366e+03
s>            ( QUESTION0_9_R 1 -1.798e+05 2.613e+02 7.906e+02
s>                ( WDBNDRY_B 0 -9.027e+04 2.476e+02 3.999e+02
s>                    ( - -7.614e+04 4 0)
s>                    ( - -1.388e+04 1 0))
s>                ( - -8.932e+04 4 0))
s>            ( - -1.295e+05 5 0 QUESTION0_9_R 1 1.801e+02 5.757e+02))
s>        ( SILENCE -1 -2.758e+05 6.077e+02 1.204e+03
s>            ( - -1.079e+05 3 0 QUESTION0_9_R 1 1.985e+02 4.718e+02)
s>            ( QUESTION0_9_R 1 -1.673e+05 4.110e+02 7.322e+02
s>                ( - -5.818e+04 16 0 QUESTION2_9_L -1 2.144e+02 2.576e+02)
s>                ( QUESTION12 -1 -1.087e+05 2.816e+02 4.745e+02
s>                    ( - -2.925e+04 3 0)
s>                    ( - -7.915e+04 11 0 QUESTION2 -1 2.316e+02 3.463e+02)))))INFO: dtree.c(1315): Comp split 4
INFO: dtree.c(1478): Final simple tree
|( WDBNDRY_B 0 -2.924e+05 4.723e+02 1.285e+03
|    ( QUESTION2_0_L -1 -2.239e+05 3.372e+02 9.857e+02
|        ( QUESTION2_19_L -1 -1.424e+05 2.958e+02 6.240e+02
|            ( - -8.944e+04 2 0)
|            ( QUESTION0 -1 -5.262e+04 2.376e+02 2.274e+02
|                ( - -1.131e+04 1 0)
|                ( QUESTION2 -1 -4.107e+04 1.903e+02 1.785e+02
|                    ( - -1.027e+03 1 0)
|                    ( - -3.986e+04 3 0 QUESTION2_11_L -1 1.796e+02 1.735e+02))))
|        ( - -8.119e+04 3 0 QUESTION2 -1 1.645e+02 3.617e+02))
|    ( QUESTION0_9_R 1 -6.803e+04 2.821e+02 2.991e+02
|        ( - -2.993e+03 1 0)
|        ( QUESTION2_13_L -1 -6.475e+04 1.986e+02 2.858e+02
|            ( - -7.192e+03 1 0)
|            ( - -5.736e+04 4 0))))
s>    ( WDBNDRY_B 0 -2.924e+05 4.723e+02 1.285e+03
s>        ( QUESTION2_0_L -1 -2.239e+05 3.372e+02 9.857e+02
s>            ( QUESTION2_19_L -1 -1.424e+05 2.958e+02 6.240e+02
s>                ( - -8.944e+04 2 0)
s>                ( QUESTION0 -1 -5.262e+04 2.376e+02 2.274e+02
s>                    ( - -1.131e+04 1 0)
s>                    ( QUESTION2 -1 -4.107e+04 1.903e+02 1.785e+02
s>                        ( - -1.027e+03 1 0)
s>                        ( - -3.986e+04 3 0 QUESTION2_11_L -1 1.796e+02 1.735e+02))))
s>            ( - -8.119e+04 3 0 QUESTION2 -1 1.645e+02 3.617e+02))
s>        ( QUESTION0_9_R 1 -6.803e+04 2.821e+02 2.991e+02
s>            ( - -2.993e+03 1 0)
s>            ( QUESTION2_13_L -1 -6.475e+04 1.986e+02 2.858e+02
s>                ( - -7.192e+03 1 0)
s>                ( - -5.736e+04 4 0))))INFO: dtree.c(1439): stop. leaf nodes are specific
INFO: dtree.c(1478): Final simple tree
|( QUESTION16 -1 -2.155e+05 2.355e+02 9.364e+02
|    ( - -3.405e+04 1 0)
|    ( QUESTION15 -1 -1.812e+05 1.779e+02 7.908e+02
|        ( - -4.871e+02 1 0)
|        ( SILENCE -1 -1.805e+05 1.462e+02 7.878e+02
|            ( - -1.703e+05 1 0)
|            ( - -1.009e+04 1 0))))
s>    ( QUESTION16 -1 -2.155e+05 2.355e+02 9.364e+02
s>        ( - -3.405e+04 1 0)
s>        ( QUESTION15 -1 -1.812e+05 1.779e+02 7.908e+02
s>            ( - -4.871e+02 1 0)
s>            ( SILENCE -1 -1.805e+05 1.462e+02 7.878e+02
s>                ( - -1.703e+05 1 0)
s>                ( - -1.009e+04 1 0))))INFO: dtree.c(1315): Comp split 5
INFO: dtree.c(1478): Final simple tree
|( QUESTION2_0_L -1 -1.998e+05 1.097e+03 8.919e+02
|    ( SILENCE 1 -4.335e+04 3.562e+02 2.003e+02
|        ( - -7.028e+03 1 0)
|        ( QUESTION0_0_R 1 -3.597e+04 2.505e+02 1.644e+02
|            ( - -2.966e+04 7 0 QUESTION10 1 1.840e+02 1.363e+02)
|            ( - -6.056e+03 1 0)))
|    ( QUESTION0_14_R 1 -1.553e+05 5.292e+02 6.916e+02
|        ( WDBNDRY_B 0 -1.234e+05 3.502e+02 5.545e+02
|            ( - -1.053e+05 3 0)
|            ( - -1.775e+04 2 0 QUESTION0 -1 1.874e+02 8.080e+01))
|        ( QUESTION0_9_R 1 -3.140e+04 2.551e+02 1.371e+02
|            ( - -8.573e+03 1 0)
|            ( QUESTION15 -1 -2.257e+04 2.213e+02 9.913e+01
|                ( - -1.271e+04 1 0)
|                ( - -9.638e+03 3 0 SILENCE -1 1.453e+02 4.299e+01)))))
s>    ( QUESTION2_0_L -1 -1.998e+05 1.097e+03 8.919e+02
s>        ( SILENCE 1 -4.335e+04 3.562e+02 2.003e+02
s>            ( - -7.028e+03 1 0)
s>            ( QUESTION0_0_R 1 -3.597e+04 2.505e+02 1.644e+02
s>                ( - -2.966e+04 7 0 QUESTION10 1 1.840e+02 1.363e+02)
s>                ( - -6.056e+03 1 0)))
s>        ( QUESTION0_14_R 1 -1.553e+05 5.292e+02 6.916e+02
s>            ( WDBNDRY_B 0 -1.234e+05 3.502e+02 5.545e+02
s>                ( - -1.053e+05 3 0)
s>                ( - -1.775e+04 2 0 QUESTION0 -1 1.874e+02 8.080e+01))
s>            ( QUESTION0_9_R 1 -3.140e+04 2.551e+02 1.371e+02
s>                ( - -8.573e+03 1 0)
s>                ( QUESTION15 -1 -2.257e+04 2.213e+02 9.913e+01
s>                    ( - -1.271e+04 1 0)
s>                    ( - -9.638e+03 3 0 SILENCE -1 1.453e+02 4.299e+01)))))INFO: dtree.c(1478): Final simple tree
|( QUESTION14 -1 -2.563e+05 6.629e+02 1.120e+03
|    ( WDBNDRY_E 0 -3.276e+04 3.534e+02 1.487e+02
|        ( - -4.633e+03 1 0)
|        ( - -2.778e+04 1 0))
|    ( QUESTION2_17_L -1 -2.229e+05 5.283e+02 9.708e+02
|        ( - -1.033e+04 2 0)
|        ( QUESTION11 -1 -2.120e+05 4.630e+02 9.246e+02
|            ( - 2.180e+02 1 0)
|            ( QUESTION0_14_R 1 -2.118e+05 2.896e+02 9.236e+02
|                ( - -1.997e+05 5 0)
|                ( WDBNDRY_B 0 -1.176e+04 3.149e+02 5.208e+01
|                    ( QUESTION0_16_R 1 -9.712e+03 2.126e+02 4.350e+01
|                        ( - -2.231e+02 1 0)
|                        ( - -9.277e+03 2 0 QUESTION0_9_R 1 1.438e+02 4.150e+01))
|                    ( - -1.730e+03 1 0))))))
s>    ( QUESTION14 -1 -2.563e+05 6.629e+02 1.120e+03
s>        ( WDBNDRY_E 0 -3.276e+04 3.534e+02 1.487e+02
s>            ( - -4.633e+03 1 0)
s>            ( - -2.778e+04 1 0))
s>        ( QUESTION2_17_L -1 -2.229e+05 5.283e+02 9.708e+02
s>            ( - -1.033e+04 2 0)
s>            ( QUESTION11 -1 -2.120e+05 4.630e+02 9.246e+02
s>                ( - 2.180e+02 1 0)
s>                ( QUESTION0_14_R 1 -2.118e+05 2.896e+02 9.236e+02
s>                    ( - -1.997e+05 5 0)
s>                    ( WDBNDRY_B 0 -1.176e+04 3.149e+02 5.208e+01
s>                        ( QUESTION0_16_R 1 -9.712e+03 2.126e+02 4.350e+01
s>                            ( - -2.231e+02 1 0)
s>                            ( - -9.277e+03 2 0 QUESTION0_9_R 1 1.438e+02 4.150e+01))
s>                        ( - -1.730e+03 1 0))))))INFO: dtree.c(1315): Comp split 6
INFO: dtree.c(1439): stop. leaf nodes are specific
INFO: dtree.c(1478): Final simple tree
|( WDBNDRY_B 0 -1.332e+05 3.361e+02 5.975e+02
|    ( QUESTION0_14_R 1 -1.151e+05 1.802e+02 5.167e+02
|        ( - -1.053e+05 3 0)
|        ( SILENCE -1 -9.638e+03 1.453e+02 4.299e+01
|            ( - -5.010e+03 1 0)
|            ( QUESTION0_16_R 1 -4.483e+03 1.882e+02 2.000e+01
|                ( - -2.694e+03 1 0)
|                ( - -1.601e+03 1 0))))
|    ( QUESTION0 -1 -1.775e+04 1.874e+02 8.080e+01
|        ( - -3.410e+03 1 0)
|        ( - -1.415e+04 1 0)))
s>    ( WDBNDRY_B 0 -1.332e+05 3.361e+02 5.975e+02
s>        ( QUESTION0_14_R 1 -1.151e+05 1.802e+02 5.167e+02
s>            ( - -1.053e+05 3 0)
s>            ( SILENCE -1 -9.638e+03 1.453e+02 4.299e+01
s>                ( - -5.010e+03 1 0)
s>                ( QUESTION0_16_R 1 -4.483e+03 1.882e+02 2.000e+01
s>                    ( - -2.694e+03 1 0)
s>                    ( - -1.601e+03 1 0))))
s>        ( QUESTION0 -1 -1.775e+04 1.874e+02 8.080e+01
s>            ( - -3.410e+03 1 0)
s>            ( - -1.415e+04 1 0)))INFO: dtree.c(1478): Final simple tree
|( QUESTION0_8_R 1 -6.525e+04 4.954e+02 2.944e+02
|    ( QUESTION0_15_R 1 -2.774e+04 2.592e+02 1.221e+02
|        ( - -1.271e+04 1 0)
|        ( - -1.477e+04 2 0 WDBNDRY_B 0 1.443e+02 6.598e+01))
|    ( SILENCE 1 -3.701e+04 3.185e+02 1.723e+02
|        ( - -7.028e+03 1 0)
|        ( QUESTION10 1 -2.966e+04 1.840e+02 1.363e+02
|            ( QUESTION0_1_R 1 -4.646e+03 1.952e+02 2.300e+01
|                ( - -2.465e+02 1 0)
|                ( - -4.204e+03 1 0))
|            ( QUESTION14 -1 -2.483e+04 4.753e+02 1.133e+02
|                ( - 2.431e+02 1 0)
|                ( QUESTION0_1_R 1 -2.460e+04 1.501e+02 1.123e+02
|                    ( - -2.051e+04 2 0 WDBNDRY_E 0 1.516e+02 9.428e+01)
|                    ( - -3.945e+03 2 0 QUESTION0 -1 8.439e+01 1.803e+01))))))
s>    ( QUESTION0_8_R 1 -6.525e+04 4.954e+02 2.944e+02
s>        ( QUESTION0_15_R 1 -2.774e+04 2.592e+02 1.221e+02
s>            ( - -1.271e+04 1 0)
s>            ( - -1.477e+04 2 0 WDBNDRY_B 0 1.443e+02 6.598e+01))
s>        ( SILENCE 1 -3.701e+04 3.185e+02 1.723e+02
s>            ( - -7.028e+03 1 0)
s>            ( QUESTION10 1 -2.966e+04 1.840e+02 1.363e+02
s>                ( QUESTION0_1_R 1 -4.646e+03 1.952e+02 2.300e+01
s>                    ( - -2.465e+02 1 0)
s>                    ( - -4.204e+03 1 0))
s>                ( QUESTION14 -1 -2.483e+04 4.753e+02 1.133e+02
s>                    ( - 2.431e+02 1 0)
s>                    ( QUESTION0_1_R 1 -2.460e+04 1.501e+02 1.123e+02
s>                        ( - -2.051e+04 2 0 WDBNDRY_E 0 1.516e+02 9.428e+01)
s>                        ( - -3.945e+03 2 0 QUESTION0 -1 8.439e+01 1.803e+01))))))INFO: dtree.c(1315): Comp split 7
INFO: dtree.c(1439): stop. leaf nodes are specific
INFO: dtree.c(1478): Final simple tree
|( QUESTION0_9_R 1 -5.991e+04 4.217e+02 2.711e+02
|    ( - -2.498e+04 2 0)
|    ( QUESTION0 1 -3.451e+04 3.869e+02 1.583e+02
|        ( - -2.536e+03 1 0)
|        ( - -3.158e+04 1 0)))
s>    ( QUESTION0_9_R 1 -5.991e+04 4.217e+02 2.711e+02
s>        ( - -2.498e+04 2 0)
s>        ( QUESTION0 1 -3.451e+04 3.869e+02 1.583e+02
s>            ( - -2.536e+03 1 0)
s>            ( - -3.158e+04 1 0)))INFO: dtree.c(1315): Comp split 8
INFO: dtree.c(1478): Final simple tree
|( SILENCE -1 -2.173e+05 7.243e+02 9.463e+02
|    ( QUESTION0_9_R 1 -1.079e+05 1.985e+02 4.718e+02
|        ( - -2.381e+04 2 0)
|        ( - -8.388e+04 1 0))
|    ( QUESTION12 -1 -1.087e+05 2.816e+02 4.745e+02
|        ( - -2.925e+04 3 0)
|        ( QUESTION2 -1 -7.915e+04 2.316e+02 3.463e+02
|            ( - -5.098e+03 1 0)
|            ( QUESTION2_9_L -1 -7.382e+04 1.763e+02 3.227e+02
|                ( - -9.735e+03 5 0 QUESTION2_10_L -1 1.437e+02 4.391e+01)
|                ( QUESTION10 -1 -6.391e+04 1.637e+02 2.788e+02
|                    ( - -1.610e+04 2 0)
|                    ( QUESTION16 -1 -4.764e+04 1.471e+02 2.079e+02
|                        ( - -4.312e+04 2 0)
|                        ( - -4.374e+03 1 0)))))))
s>    ( SILENCE -1 -2.173e+05 7.243e+02 9.463e+02
s>        ( QUESTION0_9_R 1 -1.079e+05 1.985e+02 4.718e+02
s>            ( - -2.381e+04 2 0)
s>            ( - -8.388e+04 1 0))
s>        ( QUESTION12 -1 -1.087e+05 2.816e+02 4.745e+02
s>            ( - -2.925e+04 3 0)
s>            ( QUESTION2 -1 -7.915e+04 2.316e+02 3.463e+02
s>                ( - -5.098e+03 1 0)
s>                ( QUESTION2_9_L -1 -7.382e+04 1.763e+02 3.227e+02
s>                    ( - -9.735e+03 5 0 QUESTION2_10_L -1 1.437e+02 4.391e+01)
s>                    ( QUESTION10 -1 -6.391e+04 1.637e+02 2.788e+02
s>                        ( - -1.610e+04 2 0)
s>                        ( QUESTION16 -1 -4.764e+04 1.471e+02 2.079e+02
s>                            ( - -4.312e+04 2 0)
s>                            ( - -4.374e+03 1 0)))))))INFO: dtree.c(1478): Final simple tree
|( QUESTION2_19_L -1 -3.681e+05 2.768e+02 1.624e+03
|    ( QUESTION0_9_R 1 -1.657e+05 2.506e+02 7.282e+02
|        ( - -7.614e+04 4 0)
|        ( - -8.932e+04 4 0))
|    ( QUESTION0_9_R 1 -2.021e+05 2.692e+02 8.958e+02
|        ( QUESTION2_18_L -1 -1.018e+05 2.475e+02 4.523e+02
|            ( - -1.388e+04 1 0)
|            ( QUESTION2_9_L -1 -8.767e+04 2.256e+02 3.899e+02
|                ( - -1.151e+04 4 0 QUESTION2_10_L -1 1.759e+02 5.324e+01)
|                ( QUESTION3 -1 -7.593e+04 1.886e+02 3.366e+02
|                    ( - -3.474e+03 1 0)
|                    ( QUESTION17 -1 -7.227e+04 1.805e+02 3.214e+02
|                        ( - -5.120e+03 1 0)
|                        ( - -6.697e+04 12 0 QUESTION2 -1 1.451e+02 2.985e+02)))))
|        ( - -1.000e+05 3 0)))
s>    ( QUESTION2_19_L -1 -3.681e+05 2.768e+02 1.624e+03
s>        ( QUESTION0_9_R 1 -1.657e+05 2.506e+02 7.282e+02
s>            ( - -7.614e+04 4 0)
s>            ( - -8.932e+04 4 0))
s>        ( QUESTION0_9_R 1 -2.021e+05 2.692e+02 8.958e+02
s>            ( QUESTION2_18_L -1 -1.018e+05 2.475e+02 4.523e+02
s>                ( - -1.388e+04 1 0)
s>                ( QUESTION2_9_L -1 -8.767e+04 2.256e+02 3.899e+02
s>                    ( - -1.151e+04 4 0 QUESTION2_10_L -1 1.759e+02 5.324e+01)
s>                    ( QUESTION3 -1 -7.593e+04 1.886e+02 3.366e+02
s>                        ( - -3.474e+03 1 0)
s>                        ( QUESTION17 -1 -7.227e+04 1.805e+02 3.214e+02
s>                            ( - -5.120e+03 1 0)
s>                            ( - -6.697e+04 12 0 QUESTION2 -1 1.451e+02 2.985e+02)))))
s>            ( - -1.000e+05 3 0)))INFO: dtree.c(1315): Comp split 9
INFO: dtree.c(1439): stop. leaf nodes are specific
INFO: dtree.c(1478): Final simple tree
|( QUESTION12 -1 -1.087e+05 2.816e+02 4.745e+02
|    ( - -2.925e+04 3 0)
|    ( QUESTION2 -1 -7.915e+04 2.316e+02 3.463e+02
|        ( - -5.098e+03 1 0)
|        ( QUESTION2_9_L -1 -7.382e+04 1.763e+02 3.227e+02
|            ( QUESTION2_10_L -1 -9.735e+03 1.437e+02 4.391e+01
|                ( - -7.095e+03 4 0)
|                ( - -2.496e+03 1 0))
|            ( QUESTION10 -1 -6.391e+04 1.637e+02 2.788e+02
|                ( - -1.610e+04 2 0)
|                ( QUESTION16 -1 -4.764e+04 1.471e+02 2.079e+02
|                    ( - -4.312e+04 2 0)
|                    ( - -4.374e+03 1 0))))))
s>    ( QUESTION12 -1 -1.087e+05 2.816e+02 4.745e+02
s>        ( - -2.925e+04 3 0)
s>        ( QUESTION2 -1 -7.915e+04 2.316e+02 3.463e+02
s>            ( - -5.098e+03 1 0)
s>            ( QUESTION2_9_L -1 -7.382e+04 1.763e+02 3.227e+02
s>                ( QUESTION2_10_L -1 -9.735e+03 1.437e+02 4.391e+01
s>                    ( - -7.095e+03 4 0)
s>                    ( - -2.496e+03 1 0))
s>                ( QUESTION10 -1 -6.391e+04 1.637e+02 2.788e+02
s>                    ( - -1.610e+04 2 0)
s>                    ( QUESTION16 -1 -4.764e+04 1.471e+02 2.079e+02
s>                        ( - -4.312e+04 2 0)
s>                        ( - -4.374e+03 1 0))))))INFO: dtree.c(1439): stop. leaf nodes are specific
INFO: dtree.c(1478): Final simple tree
|( QUESTION0_9_R 1 -1.079e+05 1.985e+02 4.718e+02
|    ( - -2.381e+04 2 0)
|    ( - -8.388e+04 1 0))
s>    ( QUESTION0_9_R 1 -1.079e+05 1.985e+02 4.718e+02
s>        ( - -2.381e+04 2 0)
s>        ( - -8.388e+04 1 0))INFO: dtree.c(1315): Comp split 10
INFO: dtree.c(1439): stop. leaf nodes are specific
INFO: dtree.c(1478): Final simple tree
|( QUESTION2_17_L -1 -2.229e+05 5.283e+02 9.708e+02
|    ( - -1.033e+04 2 0)
|    ( QUESTION11 -1 -2.120e+05 4.630e+02 9.246e+02
|        ( - 2.180e+02 1 0)
|        ( QUESTION0_14_R 1 -2.118e+05 2.896e+02 9.236e+02
|            ( - -1.997e+05 5 0)
|            ( WDBNDRY_B 0 -1.176e+04 3.149e+02 5.208e+01
|                ( QUESTION0_16_R 1 -9.712e+03 2.126e+02 4.350e+01
|                    ( - -2.231e+02 1 0)
|                    ( QUESTION0_9_R 1 -9.277e+03 1.438e+02 4.150e+01
|                        ( - -2.804e+03 1 0)
|                        ( - -6.329e+03 1 0)))
|                ( - -1.730e+03 1 0)))))
s>    ( QUESTION2_17_L -1 -2.229e+05 5.283e+02 9.708e+02
s>        ( - -1.033e+04 2 0)
s>        ( QUESTION11 -1 -2.120e+05 4.630e+02 9.246e+02
s>            ( - 2.180e+02 1 0)
s>            ( QUESTION0_14_R 1 -2.118e+05 2.896e+02 9.236e+02
s>                ( - -1.997e+05 5 0)
s>                ( WDBNDRY_B 0 -1.176e+04 3.149e+02 5.208e+01
s>                    ( QUESTION0_16_R 1 -9.712e+03 2.126e+02 4.350e+01
s>                        ( - -2.231e+02 1 0)
s>                        ( QUESTION0_9_R 1 -9.277e+03 1.438e+02 4.150e+01
s>                            ( - -2.804e+03 1 0)
s>                            ( - -6.329e+03 1 0)))
s>                    ( - -1.730e+03 1 0)))))INFO: dtree.c(1439): stop. leaf nodes are specific
INFO: dtree.c(1478): Final simple tree
|( WDBNDRY_E 0 -3.276e+04 3.534e+02 1.487e+02
|    ( - -4.633e+03 1 0)
|    ( - -2.778e+04 1 0))
s>    ( WDBNDRY_E 0 -3.276e+04 3.534e+02 1.487e+02
s>        ( - -4.633e+03 1 0)
s>        ( - -2.778e+04 1 0))INFO: dtree.c(1315): Comp split 11
INFO: dtree.c(1439): stop. leaf nodes are specific
INFO: dtree.c(1478): Final simple tree
|( QUESTION0 -1 -7.332e+04 2.951e+02 3.202e+02
|    ( WDBNDRY_B 0 -6.884e+04 1.712e+02 3.019e+02
|        ( - -1.131e+04 1 0)
|        ( - -5.736e+04 4 0))
|    ( WDBNDRY_B 0 -4.180e+03 1.603e+02 1.830e+01
|        ( - -1.027e+03 1 0)
|        ( - -2.993e+03 1 0)))
s>    ( QUESTION0 -1 -7.332e+04 2.951e+02 3.202e+02
s>        ( WDBNDRY_B 0 -6.884e+04 1.712e+02 3.019e+02
s>            ( - -1.131e+04 1 0)
s>            ( - -5.736e+04 4 0))
s>        ( WDBNDRY_B 0 -4.180e+03 1.603e+02 1.830e+01
s>            ( - -1.027e+03 1 0)
s>            ( - -2.993e+03 1 0)))INFO: dtree.c(1478): Final simple tree
|( QUESTION2_0_L -1 -2.184e+05 3.268e+02 9.646e+02
|    ( QUESTION0 -1 -1.369e+05 2.510e+02 6.029e+02
|        ( WDBNDRY_B 0 -9.680e+04 1.746e+02 4.294e+02
|            ( - -8.944e+04 2 0)
|            ( - -7.192e+03 1 0))
|        ( QUESTION2_11_L -1 -3.986e+04 1.796e+02 1.735e+02
|            ( - -2.422e+02 1 0)
|            ( QUESTION2_6_L -1 -3.943e+04 7.780e+01 1.715e+02
|                ( - -3.756e+04 1 0)
|                ( - -1.797e+03 1 0))))
|    ( QUESTION2 -1 -8.119e+04 1.645e+02 3.617e+02
|        ( - -2.026e+03 1 0)
|        ( QUESTION0 -1 -7.900e+04 1.437e+02 3.527e+02
|            ( - -6.592e+04 1 0)
|            ( - -1.294e+04 1 0))))
s>    ( QUESTION2_0_L -1 -2.184e+05 3.268e+02 9.646e+02
s>        ( QUESTION0 -1 -1.369e+05 2.510e+02 6.029e+02
s>            ( WDBNDRY_B 0 -9.680e+04 1.746e+02 4.294e+02
s>                ( - -8.944e+04 2 0)
s>                ( - -7.192e+03 1 0))
s>            ( QUESTION2_11_L -1 -3.986e+04 1.796e+02 1.735e+02
s>                ( - -2.422e+02 1 0)
s>                ( QUESTION2_6_L -1 -3.943e+04 7.780e+01 1.715e+02
s>                    ( - -3.756e+04 1 0)
s>                    ( - -1.797e+03 1 0))))
s>        ( QUESTION2 -1 -8.119e+04 1.645e+02 3.617e+02
s>            ( - -2.026e+03 1 0)
s>            ( QUESTION0 -1 -7.900e+04 1.437e+02 3.527e+02
s>                ( - -6.592e+04 1 0)
s>                ( - -1.294e+04 1 0))))INFO: dtree.c(1315): Comp split 12
INFO: dtree.c(1439): stop. leaf nodes are specific
INFO: dtree.c(1478): Final simple tree
|( QUESTION11 -1 -2.120e+05 4.630e+02 9.246e+02
|    ( - 2.180e+02 1 0)
|    ( QUESTION0_14_R 1 -2.118e+05 2.896e+02 9.236e+02
|        ( - -1.997e+05 5 0)
|        ( WDBNDRY_B 0 -1.176e+04 3.149e+02 5.208e+01
|            ( QUESTION0_16_R 1 -9.712e+03 2.126e+02 4.350e+01
|                ( - -2.231e+02 1 0)
|                ( QUESTION0_9_R 1 -9.277e+03 1.438e+02 4.150e+01
|                    ( - -2.804e+03 1 0)
|                    ( - -6.329e+03 1 0)))
|            ( - -1.730e+03 1 0))))
s>    ( QUESTION11 -1 -2.120e+05 4.630e+02 9.246e+02
s>        ( - 2.180e+02 1 0)
s>        ( QUESTION0_14_R 1 -2.118e+05 2.896e+02 9.236e+02
s>            ( - -1.997e+05 5 0)
s>            ( WDBNDRY_B 0 -1.176e+04 3.149e+02 5.208e+01
s>                ( QUESTION0_16_R 1 -9.712e+03 2.126e+02 4.350e+01
s>                    ( - -2.231e+02 1 0)
s>                    ( QUESTION0_9_R 1 -9.277e+03 1.438e+02 4.150e+01
s>                        ( - -2.804e+03 1 0)
s>                        ( - -6.329e+03 1 0)))
s>                ( - -1.730e+03 1 0))))INFO: dtree.c(1315): Comp split 13
INFO: dtree.c(1439): stop. leaf nodes are specific
INFO: dtree.c(1478): Final simple tree
|( SILENCE 1 -3.268e+04 3.159e+02 1.533e+02
|    ( - -7.028e+03 1 0)
|    ( QUESTION10 1 -2.534e+04 1.833e+02 1.173e+02
|        ( QUESTION0_1_R 1 -4.646e+03 1.952e+02 2.300e+01
|            ( - -2.465e+02 1 0)
|            ( - -4.204e+03 1 0))
|        ( WDBNDRY_E 0 -2.051e+04 1.516e+02 9.428e+01
|            ( - -5.163e+03 1 0)
|            ( - -1.519e+04 1 0))))
s>    ( SILENCE 1 -3.268e+04 3.159e+02 1.533e+02
s>        ( - -7.028e+03 1 0)
s>        ( QUESTION10 1 -2.534e+04 1.833e+02 1.173e+02
s>            ( QUESTION0_1_R 1 -4.646e+03 1.952e+02 2.300e+01
s>                ( - -2.465e+02 1 0)
s>                ( - -4.204e+03 1 0))
s>            ( WDBNDRY_E 0 -2.051e+04 1.516e+02 9.428e+01
s>                ( - -5.163e+03 1 0)
s>                ( - -1.519e+04 1 0))))INFO: dtree.c(1439): stop. leaf nodes are specific
INFO: dtree.c(1478): Final simple tree
|( QUESTION0_1_R 1 -3.205e+04 4.759e+02 1.411e+02
|    ( - 2.431e+02 1 0)
|    ( QUESTION0_15_R 1 -3.182e+04 2.235e+02 1.401e+02
|        ( - -1.271e+04 1 0)
|        ( WDBNDRY_E 0 -1.888e+04 1.660e+02 8.401e+01
|            ( QUESTION0 -1 -3.945e+03 8.439e+01 1.803e+01
|                ( - -1.438e+03 1 0)
|                ( - -2.423e+03 1 0))
|            ( WDBNDRY_B 0 -1.477e+04 1.443e+02 6.598e+01
|                ( - -8.573e+03 1 0)
|                ( - -6.056e+03 1 0)))))
s>    ( QUESTION0_1_R 1 -3.205e+04 4.759e+02 1.411e+02
s>        ( - 2.431e+02 1 0)
s>        ( QUESTION0_15_R 1 -3.182e+04 2.235e+02 1.401e+02
s>            ( - -1.271e+04 1 0)
s>            ( WDBNDRY_E 0 -1.888e+04 1.660e+02 8.401e+01
s>                ( QUESTION0 -1 -3.945e+03 8.439e+01 1.803e+01
s>                    ( - -1.438e+03 1 0)
s>                    ( - -2.423e+03 1 0))
s>                ( WDBNDRY_B 0 -1.477e+04 1.443e+02 6.598e+01
s>                    ( - -8.573e+03 1 0)
s>                    ( - -6.056e+03 1 0)))))INFO: dtree.c(1315): Comp split 14
INFO: dtree.c(1439): stop. leaf nodes are specific
INFO: dtree.c(1478): Final simple tree
|( QUESTION0_15_R 1 -3.182e+04 2.235e+02 1.401e+02
|    ( - -1.271e+04 1 0)
|    ( WDBNDRY_E 0 -1.888e+04 1.660e+02 8.401e+01
|        ( QUESTION0 -1 -3.945e+03 8.439e+01 1.803e+01
|            ( - -1.438e+03 1 0)
|            ( - -2.423e+03 1 0))
|        ( WDBNDRY_B 0 -1.477e+04 1.443e+02 6.598e+01
|            ( - -8.573e+03 1 0)
|            ( - -6.056e+03 1 0))))
s>    ( QUESTION0_15_R 1 -3.182e+04 2.235e+02 1.401e+02
s>        ( - -1.271e+04 1 0)
s>        ( WDBNDRY_E 0 -1.888e+04 1.660e+02 8.401e+01
s>            ( QUESTION0 -1 -3.945e+03 8.439e+01 1.803e+01
s>                ( - -1.438e+03 1 0)
s>                ( - -2.423e+03 1 0))
s>            ( WDBNDRY_B 0 -1.477e+04 1.443e+02 6.598e+01
s>                ( - -8.573e+03 1 0)
s>                ( - -6.056e+03 1 0))))INFO: dtree.c(1315): Comp split 15
INFO: dtree.c(1439): stop. leaf nodes are specific
INFO: dtree.c(1478): Final simple tree
|( QUESTION0_14_R 1 -2.118e+05 2.896e+02 9.236e+02
|    ( - -1.997e+05 5 0)
|    ( WDBNDRY_B 0 -1.176e+04 3.149e+02 5.208e+01
|        ( QUESTION0_16_R 1 -9.712e+03 2.126e+02 4.350e+01
|            ( - -2.231e+02 1 0)
|            ( QUESTION0_9_R 1 -9.277e+03 1.438e+02 4.150e+01
|                ( - -2.804e+03 1 0)
|                ( - -6.329e+03 1 0)))
|        ( - -1.730e+03 1 0)))
s>    ( QUESTION0_14_R 1 -2.118e+05 2.896e+02 9.236e+02
s>        ( - -1.997e+05 5 0)
s>        ( WDBNDRY_B 0 -1.176e+04 3.149e+02 5.208e+01
s>            ( QUESTION0_16_R 1 -9.712e+03 2.126e+02 4.350e+01
s>                ( - -2.231e+02 1 0)
s>                ( QUESTION0_9_R 1 -9.277e+03 1.438e+02 4.150e+01
s>                    ( - -2.804e+03 1 0)
s>                    ( - -6.329e+03 1 0)))
s>            ( - -1.730e+03 1 0)))INFO: dtree.c(1315): Comp split 16
INFO: dtree.c(1439): stop. leaf nodes are specific
INFO: dtree.c(1478): Final simple tree
|( QUESTION0_9_R 1 -2.788e+04 3.707e+02 1.248e+02
|    ( - -2.498e+04 2 0)
|    ( - -2.536e+03 1 0))
s>    ( QUESTION0_9_R 1 -2.788e+04 3.707e+02 1.248e+02
s>        ( - -2.498e+04 2 0)
s>        ( - -2.536e+03 1 0))INFO: dtree.c(1315): Comp split 17
INFO: dtree.c(1315): Comp split 18
INFO: dtree.c(1439): stop. leaf nodes are specific
INFO: dtree.c(1478): Final simple tree
|( QUESTION0_9_R 1 -1.089e+05 1.946e+02 4.815e+02
|    ( QUESTION2 -1 -8.706e+03 1.125e+02 3.810e+01
|        ( - -3.474e+03 1 0)
|        ( - -5.120e+03 1 0))
|    ( - -1.000e+05 3 0))
s>    ( QUESTION0_9_R 1 -1.089e+05 1.946e+02 4.815e+02
s>        ( QUESTION2 -1 -8.706e+03 1.125e+02 3.810e+01
s>            ( - -3.474e+03 1 0)
s>            ( - -5.120e+03 1 0))
s>        ( - -1.000e+05 3 0))INFO: dtree.c(1478): Final simple tree
|( QUESTION0_9_R 1 -2.588e+05 2.694e+02 1.142e+03
|    ( QUESTION2_9_L -1 -1.692e+05 2.515e+02 7.517e+02
|        ( QUESTION2_10_L -1 -1.151e+04 1.759e+02 5.324e+01
|            ( - -8.184e+03 3 0)
|            ( - -3.153e+03 1 0))
|        ( QUESTION2_18_L -1 -1.574e+05 2.424e+02 6.984e+02
|            ( - -1.388e+04 1 0)
|            ( QUESTION2_19_L -1 -1.433e+05 2.138e+02 6.360e+02
|                ( - -7.614e+04 4 0)
|                ( QUESTION2 -1 -6.697e+04 1.451e+02 2.985e+02
|                    ( - -1.195e+03 1 0)
|                    ( WDBNDRY_B 0 -6.563e+04 1.461e+02 2.925e+02
|                        ( - -5.870e+04 9 0 QUESTION13 -1 1.279e+02 2.613e+02)
|                        ( - -6.785e+03 2 0))))))
|    ( - -8.932e+04 4 0))
s>    ( QUESTION0_9_R 1 -2.588e+05 2.694e+02 1.142e+03
s>        ( QUESTION2_9_L -1 -1.692e+05 2.515e+02 7.517e+02
s>            ( QUESTION2_10_L -1 -1.151e+04 1.759e+02 5.324e+01
s>                ( - -8.184e+03 3 0)
s>                ( - -3.153e+03 1 0))
s>            ( QUESTION2_18_L -1 -1.574e+05 2.424e+02 6.984e+02
s>                ( - -1.388e+04 1 0)
s>                ( QUESTION2_19_L -1 -1.433e+05 2.138e+02 6.360e+02
s>                    ( - -7.614e+04 4 0)
s>                    ( QUESTION2 -1 -6.697e+04 1.451e+02 2.985e+02
s>                        ( - -1.195e+03 1 0)
s>                        ( WDBNDRY_B 0 -6.563e+04 1.461e+02 2.925e+02
s>                            ( - -5.870e+04 9 0 QUESTION13 -1 1.279e+02 2.613e+02)
s>                            ( - -6.785e+03 2 0))))))
s>        ( - -8.932e+04 4 0))INFO: dtree.c(1315): Comp split 19
INFO: dtree.c(1315): Comp split 20
INFO: dtree.c(1439): stop. leaf nodes are specific
INFO: dtree.c(1478): Final simple tree
|( QUESTION0 -1 -7.900e+04 1.437e+02 3.527e+02
|    ( - -6.592e+04 1 0)
|    ( - -1.294e+04 1 0))
s>    ( QUESTION0 -1 -7.900e+04 1.437e+02 3.527e+02
s>        ( - -6.592e+04 1 0)
s>        ( - -1.294e+04 1 0))INFO: dtree.c(1439): stop. leaf nodes are specific
INFO: dtree.c(1478): Final simple tree
|( QUESTION0 -1 -1.391e+05 2.508e+02 6.119e+02
|    ( WDBNDRY_B 0 -9.680e+04 1.746e+02 4.294e+02
|        ( - -8.944e+04 2 0)
|        ( - -7.192e+03 1 0))
|    ( QUESTION2_11_L -1 -4.202e+04 1.786e+02 1.825e+02
|        ( - -2.422e+02 1 0)
|        ( QUESTION2 -1 -4.160e+04 1.416e+02 1.805e+02
|            ( - -2.026e+03 1 0)
|            ( QUESTION2_6_L -1 -3.943e+04 7.780e+01 1.715e+02
|                ( - -3.756e+04 1 0)
|                ( - -1.797e+03 1 0)))))
s>    ( QUESTION0 -1 -1.391e+05 2.508e+02 6.119e+02
s>        ( WDBNDRY_B 0 -9.680e+04 1.746e+02 4.294e+02
s>            ( - -8.944e+04 2 0)
s>            ( - -7.192e+03 1 0))
s>        ( QUESTION2_11_L -1 -4.202e+04 1.786e+02 1.825e+02
s>            ( - -2.422e+02 1 0)
s>            ( QUESTION2 -1 -4.160e+04 1.416e+02 1.805e+02
s>                ( - -2.026e+03 1 0)
s>                ( QUESTION2_6_L -1 -3.943e+04 7.780e+01 1.715e+02
s>                    ( - -3.756e+04 1 0)
s>                    ( - -1.797e+03 1 0)))))INFO: dtree.c(1315): Comp split 21
INFO: dtree.c(1439): stop. leaf nodes are specific
INFO: dtree.c(1478): Final simple tree
|( QUESTION0_14_R 1 -1.151e+05 1.802e+02 5.167e+02
|    ( - -1.053e+05 3 0)
|    ( SILENCE -1 -9.638e+03 1.453e+02 4.299e+01
|        ( - -5.010e+03 1 0)
|        ( QUESTION0_16_R 1 -4.483e+03 1.882e+02 2.000e+01
|            ( - -2.694e+03 1 0)
|            ( - -1.601e+03 1 0))))
s>    ( QUESTION0_14_R 1 -1.151e+05 1.802e+02 5.167e+02
s>        ( - -1.053e+05 3 0)
s>        ( SILENCE -1 -9.638e+03 1.453e+02 4.299e+01
s>            ( - -5.010e+03 1 0)
s>            ( QUESTION0_16_R 1 -4.483e+03 1.882e+02 2.000e+01
s>                ( - -2.694e+03 1 0)
s>                ( - -1.601e+03 1 0))))INFO: dtree.c(1439): stop. leaf nodes are specific
INFO: dtree.c(1478): Final simple tree
|( QUESTION0 -1 -1.775e+04 1.874e+02 8.080e+01
|    ( - -3.410e+03 1 0)
|    ( - -1.415e+04 1 0))
s>    ( QUESTION0 -1 -1.775e+04 1.874e+02 8.080e+01
s>        ( - -3.410e+03 1 0)
s>        ( - -1.415e+04 1 0))INFO: dtree.c(1315): Comp split 22
INFO: dtree.c(1439): stop. leaf nodes are specific
INFO: dtree.c(1478): Final simple tree
|( QUESTION10 -1 -5.938e+04 1.607e+02 2.588e+02
|    ( - -1.610e+04 2 0)
|    ( - -4.312e+04 2 0))
s>    ( QUESTION10 -1 -5.938e+04 1.607e+02 2.588e+02
s>        ( - -1.610e+04 2 0)
s>        ( - -4.312e+04 2 0))INFO: dtree.c(1439): stop. leaf nodes are specific
INFO: dtree.c(1478): Final simple tree
|( QUESTION12 -1 -4.896e+04 2.220e+02 2.157e+02
|    ( - -2.925e+04 3 0)
|    ( QUESTION2 -1 -1.949e+04 1.795e+02 8.749e+01
|        ( - -5.098e+03 1 0)
|        ( QUESTION2_11_L -1 -1.421e+04 1.442e+02 6.388e+01
|            ( - -2.496e+03 1 0)
|            ( QUESTION10 -1 -1.157e+04 1.019e+02 5.192e+01
|                ( - -7.095e+03 4 0)
|                ( - -4.374e+03 1 0)))))
s>    ( QUESTION12 -1 -4.896e+04 2.220e+02 2.157e+02
s>        ( - -2.925e+04 3 0)
s>        ( QUESTION2 -1 -1.949e+04 1.795e+02 8.749e+01
s>            ( - -5.098e+03 1 0)
s>            ( QUESTION2_11_L -1 -1.421e+04 1.442e+02 6.388e+01
s>                ( - -2.496e+03 1 0)
s>                ( QUESTION10 -1 -1.157e+04 1.019e+02 5.192e+01
s>                    ( - -7.095e+03 4 0)
s>                    ( - -4.374e+03 1 0)))))INFO: dtree.c(1315): Comp split 23
INFO: dtree.c(1439): stop. leaf nodes are specific
INFO: dtree.c(1478): Final simple tree
|( WDBNDRY_B 0 -2.097e+05 2.816e+02 9.151e+02
|    ( QUESTION0_16_R 1 -9.712e+03 2.126e+02 4.350e+01
|        ( - -2.231e+02 1 0)
|        ( QUESTION0_9_R 1 -9.277e+03 1.438e+02 4.150e+01
|            ( - -2.804e+03 1 0)
|            ( - -6.329e+03 1 0)))
|    ( - -1.997e+05 5 0))
s>    ( WDBNDRY_B 0 -2.097e+05 2.816e+02 9.151e+02
s>        ( QUESTION0_16_R 1 -9.712e+03 2.126e+02 4.350e+01
s>            ( - -2.231e+02 1 0)
s>            ( QUESTION0_9_R 1 -9.277e+03 1.438e+02 4.150e+01
s>                ( - -2.804e+03 1 0)
s>                ( - -6.329e+03 1 0)))
s>        ( - -1.997e+05 5 0))INFO: dtree.c(1315): Comp split 24
INFO: dtree.c(1439): stop. leaf nodes are specific
INFO: dtree.c(1478): Final simple tree
|( QUESTION10 1 -2.534e+04 1.833e+02 1.173e+02
|    ( QUESTION0_1_R 1 -4.646e+03 1.952e+02 2.300e+01
|        ( - -2.465e+02 1 0)
|        ( - -4.204e+03 1 0))
|    ( WDBNDRY_E 0 -2.051e+04 1.516e+02 9.428e+01
|        ( - -5.163e+03 1 0)
|        ( - -1.519e+04 1 0)))
s>    ( QUESTION10 1 -2.534e+04 1.833e+02 1.173e+02
s>        ( QUESTION0_1_R 1 -4.646e+03 1.952e+02 2.300e+01
s>            ( - -2.465e+02 1 0)
s>            ( - -4.204e+03 1 0))
s>        ( WDBNDRY_E 0 -2.051e+04 1.516e+02 9.428e+01
s>            ( - -5.163e+03 1 0)
s>            ( - -1.519e+04 1 0)))INFO: dtree.c(1315): Comp split 25
INFO: dtree.c(1478): Final simple tree
|( QUESTION2_18_L -1 -1.658e+05 2.493e+02 7.365e+02
|    ( - -1.388e+04 1 0)
|    ( QUESTION2_19_L -1 -1.517e+05 2.149e+02 6.741e+02
|        ( - -7.614e+04 4 0)
|        ( QUESTION2_9_L -1 -7.534e+04 1.896e+02 3.367e+02
|            ( - -8.184e+03 3 0)
|            ( QUESTION2 -1 -6.697e+04 1.451e+02 2.985e+02
|                ( - -1.195e+03 1 0)
|                ( WDBNDRY_B 0 -6.563e+04 1.461e+02 2.925e+02
|                    ( QUESTION13 -1 -5.870e+04 1.279e+02 2.613e+02
|                        ( - -1.478e+04 4 0 QUESTION14 -1 7.548e+01 6.545e+01)
|                        ( QUESTION11 -1 -4.379e+04 1.219e+02 1.959e+02
|                            ( - -8.708e+03 1 0)
|                            ( - -3.496e+04 4 0 QUESTION0 -1 1.173e+02 1.572e+02)))
|                    ( - -6.785e+03 2 0))))))
s>    ( QUESTION2_18_L -1 -1.658e+05 2.493e+02 7.365e+02
s>        ( - -1.388e+04 1 0)
s>        ( QUESTION2_19_L -1 -1.517e+05 2.149e+02 6.741e+02
s>            ( - -7.614e+04 4 0)
s>            ( QUESTION2_9_L -1 -7.534e+04 1.896e+02 3.367e+02
s>                ( - -8.184e+03 3 0)
s>                ( QUESTION2 -1 -6.697e+04 1.451e+02 2.985e+02
s>                    ( - -1.195e+03 1 0)
s>                    ( WDBNDRY_B 0 -6.563e+04 1.461e+02 2.925e+02
s>                        ( QUESTION13 -1 -5.870e+04 1.279e+02 2.613e+02
s>                            ( - -1.478e+04 4 0 QUESTION14 -1 7.548e+01 6.545e+01)
s>                            ( QUESTION11 -1 -4.379e+04 1.219e+02 1.959e+02
s>                                ( - -8.708e+03 1 0)
s>                                ( - -3.496e+04 4 0 QUESTION0 -1 1.173e+02 1.572e+02)))
s>                        ( - -6.785e+03 2 0))))))INFO: dtree.c(1439): stop. leaf nodes are specific
INFO: dtree.c(1478): Final simple tree
|( QUESTION0_9_R 1 -9.267e+04 1.970e+02 4.059e+02
|    ( - -3.153e+03 1 0)
|    ( - -8.932e+04 4 0))
s>    ( QUESTION0_9_R 1 -9.267e+04 1.970e+02 4.059e+02
s>        ( - -3.153e+03 1 0)
s>        ( - -8.932e+04 4 0))INFO: dtree.c(1315): Comp split 26
INFO: dtree.c(1439): stop. leaf nodes are specific
INFO: dtree.c(1478): Final simple tree
|( WDBNDRY_B 0 -4.180e+03 1.603e+02 1.830e+01
|    ( - -1.027e+03 1 0)
|    ( - -2.993e+03 1 0))
s>    ( WDBNDRY_B 0 -4.180e+03 1.603e+02 1.830e+01
s>        ( - -1.027e+03 1 0)
s>        ( - -2.993e+03 1 0))INFO: dtree.c(1439): stop. leaf nodes are specific
INFO: dtree.c(1478): Final simple tree
|( WDBNDRY_B 0 -6.884e+04 1.712e+02 3.019e+02
|    ( - -1.131e+04 1 0)
|    ( - -5.736e+04 4 0))
s>    ( WDBNDRY_B 0 -6.884e+04 1.712e+02 3.019e+02
s>        ( - -1.131e+04 1 0)
s>        ( - -5.736e+04 4 0))INFO: dtree.c(1315): Comp split 27
INFO: dtree.c(1439): stop. leaf nodes are specific
INFO: dtree.c(1478): Final simple tree
|( QUESTION0_9_R 1 -9.277e+03 1.438e+02 4.150e+01
|    ( - -2.804e+03 1 0)
|    ( - -6.329e+03 1 0))
s>    ( QUESTION0_9_R 1 -9.277e+03 1.438e+02 4.150e+01
s>        ( - -2.804e+03 1 0)
s>        ( - -6.329e+03 1 0))INFO: dtree.c(1439): stop. leaf nodes are specific
INFO: dtree.c(1478): Final simple tree
|( WDBNDRY_B 0 -2.002e+05 2.081e+02 8.736e+02
|    ( - -2.231e+02 1 0)
|    ( - -1.997e+05 5 0))
s>    ( WDBNDRY_B 0 -2.002e+05 2.081e+02 8.736e+02
s>        ( - -2.231e+02 1 0)
s>        ( - -1.997e+05 5 0))INFO: dtree.c(1315): Comp split 28
INFO: dtree.c(1439): stop. leaf nodes are specific
INFO: dtree.c(1478): Final simple tree
|( WDBNDRY_B 0 -1.477e+04 1.443e+02 6.598e+01
|    ( - -8.573e+03 1 0)
|    ( - -6.056e+03 1 0))
s>    ( WDBNDRY_B 0 -1.477e+04 1.443e+02 6.598e+01
s>        ( - -8.573e+03 1 0)
s>        ( - -6.056e+03 1 0))INFO: dtree.c(1439): stop. leaf nodes are specific
INFO: dtree.c(1478): Final simple tree
|( WDBNDRY_B 0 -1.678e+04 1.257e+02 7.417e+01
|    ( - -1.271e+04 1 0)
|    ( QUESTION0 -1 -3.945e+03 8.439e+01 1.803e+01
|        ( - -1.438e+03 1 0)
|        ( - -2.423e+03 1 0)))
s>    ( WDBNDRY_B 0 -1.678e+04 1.257e+02 7.417e+01
s>        ( - -1.271e+04 1 0)
s>        ( QUESTION0 -1 -3.945e+03 8.439e+01 1.803e+01
s>            ( - -1.438e+03 1 0)
s>            ( - -2.423e+03 1 0)))INFO: dtree.c(1315): Comp split 29
INFO: dtree.c(1439): stop. leaf nodes are specific
INFO: dtree.c(1478): Final simple tree
|( QUESTION2 -1 -4.160e+04 1.416e+02 1.805e+02
|    ( - -2.026e+03 1 0)
|    ( QUESTION2_6_L -1 -3.943e+04 7.780e+01 1.715e+02
|        ( - -3.756e+04 1 0)
|        ( - -1.797e+03 1 0)))
s>    ( QUESTION2 -1 -4.160e+04 1.416e+02 1.805e+02
s>        ( - -2.026e+03 1 0)
s>        ( QUESTION2_6_L -1 -3.943e+04 7.780e+01 1.715e+02
s>            ( - -3.756e+04 1 0)
s>            ( - -1.797e+03 1 0)))INFO: dtree.c(1439): stop. leaf nodes are specific
INFO: dtree.c(1478): Final simple tree
|( QUESTION2_19_L -1 -9.722e+04 1.821e+02 4.314e+02
|    ( - -8.944e+04 2 0)
|    ( WDBNDRY_B 0 -7.599e+03 1.651e+02 3.486e+01
|        ( - -2.422e+02 1 0)
|        ( - -7.192e+03 1 0)))
s>    ( QUESTION2_19_L -1 -9.722e+04 1.821e+02 4.314e+02
s>        ( - -8.944e+04 2 0)
s>        ( WDBNDRY_B 0 -7.599e+03 1.651e+02 3.486e+01
s>            ( - -2.422e+02 1 0)
s>            ( - -7.192e+03 1 0)))INFO: dtree.c(1315): Comp split 30
INFO: dtree.c(1439): stop. leaf nodes are specific
INFO: dtree.c(1478): Final simple tree
|( QUESTION2_18_L -1 -7.973e+04 2.303e+02 3.550e+02
|    ( - -1.388e+04 1 0)
|    ( WDBNDRY_B 0 -6.563e+04 1.461e+02 2.925e+02
|        ( QUESTION13 -1 -5.870e+04 1.279e+02 2.613e+02
|            ( QUESTION14 -1 -1.478e+04 7.548e+01 6.545e+01
|                ( - -1.156e+04 2 0)
|                ( - -3.136e+03 2 0))
|            ( QUESTION11 -1 -4.379e+04 1.219e+02 1.959e+02
|                ( - -8.708e+03 1 0)
|                ( QUESTION0 -1 -3.496e+04 1.173e+02 1.572e+02
|                    ( - -2.935e+04 2 0)
|                    ( - -5.493e+03 2 0))))
|        ( - -6.785e+03 2 0)))
s>    ( QUESTION2_18_L -1 -7.973e+04 2.303e+02 3.550e+02
s>        ( - -1.388e+04 1 0)
s>        ( WDBNDRY_B 0 -6.563e+04 1.461e+02 2.925e+02
s>            ( QUESTION13 -1 -5.870e+04 1.279e+02 2.613e+02
s>                ( QUESTION14 -1 -1.478e+04 7.548e+01 6.545e+01
s>                    ( - -1.156e+04 2 0)
s>                    ( - -3.136e+03 2 0))
s>                ( QUESTION11 -1 -4.379e+04 1.219e+02 1.959e+02
s>                    ( - -8.708e+03 1 0)
s>                    ( QUESTION0 -1 -3.496e+04 1.173e+02 1.572e+02
s>                        ( - -2.935e+04 2 0)
s>                        ( - -5.493e+03 2 0))))
s>            ( - -6.785e+03 2 0)))INFO: dtree.c(1439): stop. leaf nodes are specific
INFO: dtree.c(1478): Final simple tree
|( QUESTION9 -1 -8.584e+04 1.927e+02 3.815e+02
|    ( - -8.184e+03 3 0)
|    ( QUESTION0 -1 -7.746e+04 1.249e+02 3.434e+02
|        ( - -7.614e+04 4 0)
|        ( - -1.195e+03 1 0)))
s>    ( QUESTION9 -1 -8.584e+04 1.927e+02 3.815e+02
s>        ( - -8.184e+03 3 0)
s>        ( QUESTION0 -1 -7.746e+04 1.249e+02 3.434e+02
s>            ( - -7.614e+04 4 0)
s>            ( - -1.195e+03 1 0)))INFO: dtree.c(1315): Comp split 31
INFO: dtree.c(1439): stop. leaf nodes are specific
INFO: dtree.c(1478): Final simple tree
|( QUESTION15 -1 -1.812e+05 1.779e+02 7.908e+02
|    ( - -4.871e+02 1 0)
|    ( SILENCE -1 -1.805e+05 1.462e+02 7.878e+02
|        ( - -1.703e+05 1 0)
|        ( - -1.009e+04 1 0)))
s>    ( QUESTION15 -1 -1.812e+05 1.779e+02 7.908e+02
s>        ( - -4.871e+02 1 0)
s>        ( SILENCE -1 -1.805e+05 1.462e+02 7.878e+02
s>            ( - -1.703e+05 1 0)
s>            ( - -1.009e+04 1 0)))INFO: dtree.c(1315): Comp split 32
INFO: dtree.c(1439): stop. leaf nodes are specific
INFO: dtree.c(1478): Final simple tree
|( QUESTION2 -1 -1.683e+04 1.583e+02 7.554e+01
|    ( - -5.098e+03 1 0)
|    ( QUESTION10 -1 -1.157e+04 1.019e+02 5.192e+01
|        ( - -7.095e+03 4 0)
|        ( - -4.374e+03 1 0)))
s>    ( QUESTION2 -1 -1.683e+04 1.583e+02 7.554e+01
s>        ( - -5.098e+03 1 0)
s>        ( QUESTION10 -1 -1.157e+04 1.019e+02 5.192e+01
s>            ( - -7.095e+03 4 0)
s>            ( - -4.374e+03 1 0)))INFO: dtree.c(1439): stop. leaf nodes are specific
INFO: dtree.c(1478): Final simple tree
|( QUESTION10 -1 -3.190e+04 1.542e+02 1.402e+02
|    ( - -2.496e+03 1 0)
|    ( - -2.925e+04 3 0))
s>    ( QUESTION10 -1 -3.190e+04 1.542e+02 1.402e+02
s>        ( - -2.496e+03 1 0)
s>        ( - -2.925e+04 3 0))INFO: dtree.c(1315): Comp split 33
INFO: dtree.c(1439): stop. leaf nodes are specific
INFO: dtree.c(1478): Final simple tree
|( WDBNDRY_B 0 -6.563e+04 1.461e+02 2.925e+02
|    ( QUESTION13 -1 -5.870e+04 1.279e+02 2.613e+02
|        ( QUESTION14 -1 -1.478e+04 7.548e+01 6.545e+01
|            ( - -1.156e+04 2 0)
|            ( - -3.136e+03 2 0))
|        ( QUESTION11 -1 -4.379e+04 1.219e+02 1.959e+02
|            ( - -8.708e+03 1 0)
|            ( QUESTION0 -1 -3.496e+04 1.173e+02 1.572e+02
|                ( - -2.935e+04 2 0)
|                ( - -5.493e+03 2 0))))
|    ( - -6.785e+03 2 0))
s>    ( WDBNDRY_B 0 -6.563e+04 1.461e+02 2.925e+02
s>        ( QUESTION13 -1 -5.870e+04 1.279e+02 2.613e+02
s>            ( QUESTION14 -1 -1.478e+04 7.548e+01 6.545e+01
s>                ( - -1.156e+04 2 0)
s>                ( - -3.136e+03 2 0))
s>            ( QUESTION11 -1 -4.379e+04 1.219e+02 1.959e+02
s>                ( - -8.708e+03 1 0)
s>                ( QUESTION0 -1 -3.496e+04 1.173e+02 1.572e+02
s>                    ( - -2.935e+04 2 0)
s>                    ( - -5.493e+03 2 0))))
s>        ( - -6.785e+03 2 0))INFO: dtree.c(1315): Comp split 34
INFO: dtree.c(1439): stop. leaf nodes are specific
INFO: dtree.c(1478): Final simple tree
|( QUESTION0 -1 -1.763e+05 1.479e+02 7.959e+02
|    ( - -1.726e+05 5 0)
|    ( - -3.521e+03 1 0))
s>    ( QUESTION0 -1 -1.763e+05 1.479e+02 7.959e+02
s>        ( - -1.726e+05 5 0)
s>        ( - -3.521e+03 1 0))INFO: dtree.c(1315): Comp split 35
INFO: dtree.c(1315): Comp split 36
INFO: dtree.c(1439): stop. leaf nodes are specific
INFO: dtree.c(1478): Final simple tree
|( QUESTION0_14_R 1 -1.122e+05 1.942e+02 5.037e+02
|    ( - -1.053e+05 3 0)
|    ( SILENCE -1 -6.725e+03 1.144e+02 2.999e+01
|        ( - -5.010e+03 1 0)
|        ( - -1.601e+03 1 0)))
s>    ( QUESTION0_14_R 1 -1.122e+05 1.942e+02 5.037e+02
s>        ( - -1.053e+05 3 0)
s>        ( SILENCE -1 -6.725e+03 1.144e+02 2.999e+01
s>            ( - -5.010e+03 1 0)
s>            ( - -1.601e+03 1 0)))INFO: dtree.c(1315): Comp split 37
INFO: dtree.c(1315): Comp split 38
INFO: dtree.c(1315): Comp split 39
INFO: dtree.c(1439): stop. leaf nodes are specific
INFO: dtree.c(1478): Final simple tree
|( QUESTION0_1_R 1 -2.490e+04 1.838e+02 1.153e+02
|    ( WDBNDRY_E 0 -2.051e+04 1.516e+02 9.428e+01
|        ( - -5.163e+03 1 0)
|        ( - -1.519e+04 1 0))
|    ( - -4.204e+03 1 0))
s>    ( QUESTION0_1_R 1 -2.490e+04 1.838e+02 1.153e+02
s>        ( WDBNDRY_E 0 -2.051e+04 1.516e+02 9.428e+01
s>            ( - -5.163e+03 1 0)
s>            ( - -1.519e+04 1 0))
s>        ( - -4.204e+03 1 0))INFO: dtree.c(1315): Comp split 40
INFO: dtree.c(1439): stop. leaf nodes are specific
INFO: dtree.c(1478): Final simple tree
|( QUESTION2 -1 -8.706e+03 1.125e+02 3.810e+01
|    ( - -3.474e+03 1 0)
|    ( - -5.120e+03 1 0))
s>    ( QUESTION2 -1 -8.706e+03 1.125e+02 3.810e+01
s>        ( - -3.474e+03 1 0)
s>        ( - -5.120e+03 1 0))INFO: dtree.c(1315): Comp split 41
INFO: dtree.c(1439): stop. leaf nodes are specific
INFO: dtree.c(1478): Final simple tree
|( SILENCE -1 -6.725e+03 1.144e+02 2.999e+01
|    ( - -5.010e+03 1 0)
|    ( - -1.601e+03 1 0))
s>    ( SILENCE -1 -6.725e+03 1.144e+02 2.999e+01
s>        ( - -5.010e+03 1 0)
s>        ( - -1.601e+03 1 0))INFO: dtree.c(1315): Comp split 42
INFO: dtree.c(1439): stop. leaf nodes are specific
INFO: dtree.c(1478): Final simple tree
|( QUESTION0 -1 -7.746e+04 1.249e+02 3.434e+02
|    ( - -7.614e+04 4 0)
|    ( - -1.195e+03 1 0))
s>    ( QUESTION0 -1 -7.746e+04 1.249e+02 3.434e+02
s>        ( - -7.614e+04 4 0)
s>        ( - -1.195e+03 1 0))INFO: dtree.c(1315): Comp split 43
INFO: dtree.c(1315): Comp split 44
INFO: dtree.c(1439): stop. leaf nodes are specific
INFO: dtree.c(1478): Final simple tree
|( WDBNDRY_E 0 -2.051e+04 1.516e+02 9.428e+01
|    ( - -5.163e+03 1 0)
|    ( - -1.519e+04 1 0))
s>    ( WDBNDRY_E 0 -2.051e+04 1.516e+02 9.428e+01
s>        ( - -5.163e+03 1 0)
s>        ( - -1.519e+04 1 0))INFO: dtree.c(1315): Comp split 45
INFO: dtree.c(1439): stop. leaf nodes are specific
INFO: dtree.c(1478): Final simple tree
|( WDBNDRY_B 0 -7.599e+03 1.651e+02 3.486e+01
|    ( - -2.422e+02 1 0)
|    ( - -7.192e+03 1 0))
s>    ( WDBNDRY_B 0 -7.599e+03 1.651e+02 3.486e+01
s>        ( - -2.422e+02 1 0)
s>        ( - -7.192e+03 1 0))INFO: dtree.c(1315): Comp split 46
INFO: dtree.c(1439): stop. leaf nodes are specific
INFO: dtree.c(1478): Final simple tree
|( SILENCE -1 -1.805e+05 1.462e+02 7.878e+02
|    ( - -1.703e+05 1 0)
|    ( - -1.009e+04 1 0))
s>    ( SILENCE -1 -1.805e+05 1.462e+02 7.878e+02
s>        ( - -1.703e+05 1 0)
s>        ( - -1.009e+04 1 0))INFO: dtree.c(1315): Comp split 47
INFO: dtree.c(1315): Comp split 48
INFO: dtree.c(1315): Comp split 49
INFO: dtree.c(1315): Comp split 50
INFO: dtree.c(1315): Comp split 51
INFO: dtree.c(1439): stop. leaf nodes are specific
INFO: dtree.c(1478): Final simple tree
|( QUESTION10 -1 -1.157e+04 1.019e+02 5.192e+01
|    ( - -7.095e+03 4 0)
|    ( - -4.374e+03 1 0))
s>    ( QUESTION10 -1 -1.157e+04 1.019e+02 5.192e+01
s>        ( - -7.095e+03 4 0)
s>        ( - -4.374e+03 1 0))INFO: dtree.c(1315): Comp split 52
INFO: dtree.c(1315): Comp split 53
INFO: dtree.c(1315): Comp split 54
INFO: dtree.c(1315): Comp split 55
INFO: dtree.c(1315): Comp split 56
INFO: dtree.c(1439): stop. leaf nodes are specific
INFO: dtree.c(1478): Final simple tree
|( QUESTION13 -1 -5.870e+04 1.279e+02 2.613e+02
|    ( QUESTION14 -1 -1.478e+04 7.548e+01 6.545e+01
|        ( - -1.156e+04 2 0)
|        ( - -3.136e+03 2 0))
|    ( QUESTION11 -1 -4.379e+04 1.219e+02 1.959e+02
|        ( - -8.708e+03 1 0)
|        ( QUESTION0 -1 -3.496e+04 1.173e+02 1.572e+02
|            ( - -2.935e+04 2 0)
|            ( - -5.493e+03 2 0))))
s>    ( QUESTION13 -1 -5.870e+04 1.279e+02 2.613e+02
s>        ( QUESTION14 -1 -1.478e+04 7.548e+01 6.545e+01
s>            ( - -1.156e+04 2 0)
s>            ( - -3.136e+03 2 0))
s>        ( QUESTION11 -1 -4.379e+04 1.219e+02 1.959e+02
s>            ( - -8.708e+03 1 0)
s>            ( QUESTION0 -1 -3.496e+04 1.173e+02 1.572e+02
s>                ( - -2.935e+04 2 0)
s>                ( - -5.493e+03 2 0))))INFO: dtree.c(1315): Comp split 57
INFO: dtree.c(1315): Comp split 58
INFO: dtree.c(1315): Comp split 59
INFO: dtree.c(1315): Comp split 60
INFO: dtree.c(1439): stop. leaf nodes are specific
INFO: dtree.c(1478): Final simple tree
|( QUESTION2_6_L -1 -3.943e+04 7.780e+01 1.715e+02
|    ( - -3.756e+04 1 0)
|    ( - -1.797e+03 1 0))
s>    ( QUESTION2_6_L -1 -3.943e+04 7.780e+01 1.715e+02
s>        ( - -3.756e+04 1 0)
s>        ( - -1.797e+03 1 0))INFO: dtree.c(1315): Comp split 61
INFO: dtree.c(1439): stop. leaf nodes are specific
INFO: dtree.c(1478): Final simple tree
|( QUESTION11 -1 -4.379e+04 1.219e+02 1.959e+02
|    ( - -8.708e+03 1 0)
|    ( QUESTION0 -1 -3.496e+04 1.173e+02 1.572e+02
|        ( - -2.935e+04 2 0)
|        ( - -5.493e+03 2 0)))
s>    ( QUESTION11 -1 -4.379e+04 1.219e+02 1.959e+02
s>        ( - -8.708e+03 1 0)
s>        ( QUESTION0 -1 -3.496e+04 1.173e+02 1.572e+02
s>            ( - -2.935e+04 2 0)
s>            ( - -5.493e+03 2 0)))INFO: dtree.c(1439): stop. leaf nodes are specific
INFO: dtree.c(1478): Final simple tree
|( QUESTION14 -1 -1.478e+04 7.548e+01 6.545e+01
|    ( - -1.156e+04 2 0)
|    ( - -3.136e+03 2 0))
s>    ( QUESTION14 -1 -1.478e+04 7.548e+01 6.545e+01
s>        ( - -1.156e+04 2 0)
s>        ( - -3.136e+03 2 0))INFO: dtree.c(1315): Comp split 62
INFO: dtree.c(1439): stop. leaf nodes are specific
INFO: dtree.c(1478): Final simple tree
|( QUESTION0 -1 -3.945e+03 8.439e+01 1.803e+01
|    ( - -1.438e+03 1 0)
|    ( - -2.423e+03 1 0))
s>    ( QUESTION0 -1 -3.945e+03 8.439e+01 1.803e+01
s>        ( - -1.438e+03 1 0)
s>        ( - -2.423e+03 1 0))INFO: dtree.c(1315): Comp split 63
INFO: dtree.c(1315): Comp split 64
INFO: dtree.c(1439): stop. leaf nodes are specific
INFO: dtree.c(1478): Final simple tree
|( QUESTION0 -1 -3.496e+04 1.173e+02 1.572e+02
|    ( - -2.935e+04 2 0)
|    ( - -5.493e+03 2 0))
s>    ( QUESTION0 -1 -3.496e+04 1.173e+02 1.572e+02
s>        ( - -2.935e+04 2 0)
s>        ( - -5.493e+03 2 0))INFO: dtree.c(1315): Comp split 65
INFO: dtree.c(1315): Comp split 66
INFO: dtree.c(1315): Comp split 67
INFO: dtree.c(1315): Comp split 68
INFO: dtree.c(1315): Comp split 69
INFO: dtree.c(1315): Comp split 70
INFO: dtree.c(1315): Comp split 71
INFO: dtree.c(1315): Comp split 72
INFO: dtree.c(1318): stop. leaf nodes are specific
Fri Jan  6 22:28:24 2023
