Current configuration:
[NAME]		[DEFLT]	[VALUE]
-allphones	no	no
-cntthresh	0.00001	1.000000e-05
-csplitmax	100	2000
-csplitmin	1	1
-csplitthr	8e-4	0.000000e+00
-example	no	no
-fullvar	no	no
-help		no	no
-meanfn			/mnt/c/users/robin/onedrive/desktop/cmu/Cebuano/model_parameters/Cebuano.cd_cont_untied/means
-mixwfn			/mnt/c/users/robin/onedrive/desktop/cmu/Cebuano/model_parameters/Cebuano.cd_cont_untied/mixture_weights
-moddeffn		/mnt/c/users/robin/onedrive/desktop/cmu/Cebuano/model_architecture/Cebuano.untied.mdef
-mwfloor	1e-4	1.000000e-08
-phone			UH
-psetfn			/mnt/c/users/robin/onedrive/desktop/cmu/Cebuano/model_architecture/Cebuano.tree_questions
-ssplitmax	5	7
-ssplitmin	1	1
-ssplitthr	8e-4	0.000000e+00
-state			2
-stwt			1.0,0.05,0.0,
-treefn			/mnt/c/users/robin/onedrive/desktop/cmu/Cebuano/trees/Cebuano.unpruned/UH-2.dtree
-ts2cbfn	.semi.	.cont.
-varfloor	0.00001	1.000000e-05
-varfn			/mnt/c/users/robin/onedrive/desktop/cmu/Cebuano/model_parameters/Cebuano.cd_cont_untied/variances

INFO: main.c(223): Reading: /mnt/c/users/robin/onedrive/desktop/cmu/Cebuano/model_architecture/Cebuano.untied.mdef
INFO: model_def_io.c(573): Model definition info:
INFO: model_def_io.c(574): 7744 total models defined (40 base, 7704 tri)
INFO: model_def_io.c(575): 30976 total states
INFO: model_def_io.c(576): 23232 total tied states
INFO: model_def_io.c(577): 120 total tied CI states
INFO: model_def_io.c(578): 40 total tied transition matrices
INFO: model_def_io.c(579): 4 max state/model
INFO: model_def_io.c(580): 4 min state/model
INFO: main.c(242): Building trees for [UH B CH i] through [UH Y R i]
INFO: main.c(268): Covering states |[21702 21737]| == 36
INFO: main.c(275): Reading: /mnt/c/users/robin/onedrive/desktop/cmu/Cebuano/model_parameters/Cebuano.cd_cont_untied/mixture_weights
INFO: s3mixw_io.c(172): Read /mnt/c/users/robin/onedrive/desktop/cmu/Cebuano/model_parameters/Cebuano.cd_cont_untied/mixture_weights [36x1x1 array]
INFO: main.c(311): 11 of 12 models have observation count greater than 0.000010
INFO: main.c(95): nrm stwt: 0.000 0.048 0.952 
INFO: s3gau_io.c(168): Read /mnt/c/users/robin/onedrive/desktop/cmu/Cebuano/model_parameters/Cebuano.cd_cont_untied/means [23232x1x1 array]
INFO: s3gau_io.c(168): Read /mnt/c/users/robin/onedrive/desktop/cmu/Cebuano/model_parameters/Cebuano.cd_cont_untied/variances [23232x1x1 array]
INFO: main.c(549): Reading: /mnt/c/users/robin/onedrive/desktop/cmu/Cebuano/model_architecture/Cebuano.tree_questions
INFO: main.c(587): 180 total simple questions (172 phone; 8 word bndry)
INFO: main.c(589): 42 Left Only questions, and 42 Right Only questions
INFO: dtree.c(1478): Final simple tree
|( QUESTION0_13_R 1 -9.148e+04 1.297e+03 3.936e+02
|    ( - -4.141e+04 3 0 QUESTION2 -1 9.812e+01 1.827e+02)
|    ( QUESTION0_0_R 1 -4.877e+04 6.453e+02 2.110e+02
|        ( QUESTION0_1_R 1 -2.206e+04 3.881e+02 9.680e+01
|            ( - -1.429e+04 1 0)
|            ( QUESTION8 1 -7.382e+03 2.574e+02 3.300e+01
|                ( - -2.906e+03 1 0)
|                ( QUESTION0_3_R 1 -4.219e+03 2.023e+02 1.900e+01
|                    ( QUESTION10 -1 -3.050e+03 1.860e+02 1.400e+01
|                        ( - -1.638e+03 1 0)
|                        ( - -1.226e+03 1 0))
|                    ( - -9.663e+02 1 0))))
|        ( QUESTION10 -1 -2.607e+04 1.606e+02 1.142e+02
|            ( - -5.825e+03 2 0)
|            ( - -2.008e+04 1 0))))
s>    ( QUESTION0_13_R 1 -9.148e+04 1.297e+03 3.936e+02
s>        ( - -4.141e+04 3 0 QUESTION2 -1 9.812e+01 1.827e+02)
s>        ( QUESTION0_0_R 1 -4.877e+04 6.453e+02 2.110e+02
s>            ( QUESTION0_1_R 1 -2.206e+04 3.881e+02 9.680e+01
s>                ( - -1.429e+04 1 0)
s>                ( QUESTION8 1 -7.382e+03 2.574e+02 3.300e+01
s>                    ( - -2.906e+03 1 0)
s>                    ( QUESTION0_3_R 1 -4.219e+03 2.023e+02 1.900e+01
s>                        ( QUESTION10 -1 -3.050e+03 1.860e+02 1.400e+01
s>                            ( - -1.638e+03 1 0)
s>                            ( - -1.226e+03 1 0))
s>                        ( - -9.663e+02 1 0))))
s>            ( QUESTION10 -1 -2.607e+04 1.606e+02 1.142e+02
s>                ( - -5.825e+03 2 0)
s>                ( - -2.008e+04 1 0))))INFO: dtree.c(1315): Comp split 0
INFO: dtree.c(1439): stop. leaf nodes are specific
INFO: dtree.c(1478): Final simple tree
|( QUESTION0_0_R 1 -4.877e+04 6.453e+02 2.110e+02
|    ( QUESTION0_1_R 1 -2.206e+04 3.881e+02 9.680e+01
|        ( - -1.429e+04 1 0)
|        ( QUESTION8 1 -7.382e+03 2.574e+02 3.300e+01
|            ( - -2.906e+03 1 0)
|            ( QUESTION0_3_R 1 -4.219e+03 2.023e+02 1.900e+01
|                ( QUESTION10 -1 -3.050e+03 1.860e+02 1.400e+01
|                    ( - -1.638e+03 1 0)
|                    ( - -1.226e+03 1 0))
|                ( - -9.663e+02 1 0))))
|    ( QUESTION10 -1 -2.607e+04 1.606e+02 1.142e+02
|        ( - -5.825e+03 2 0)
|        ( - -2.008e+04 1 0)))
s>    ( QUESTION0_0_R 1 -4.877e+04 6.453e+02 2.110e+02
s>        ( QUESTION0_1_R 1 -2.206e+04 3.881e+02 9.680e+01
s>            ( - -1.429e+04 1 0)
s>            ( QUESTION8 1 -7.382e+03 2.574e+02 3.300e+01
s>                ( - -2.906e+03 1 0)
s>                ( QUESTION0_3_R 1 -4.219e+03 2.023e+02 1.900e+01
s>                    ( QUESTION10 -1 -3.050e+03 1.860e+02 1.400e+01
s>                        ( - -1.638e+03 1 0)
s>                        ( - -1.226e+03 1 0))
s>                    ( - -9.663e+02 1 0))))
s>        ( QUESTION10 -1 -2.607e+04 1.606e+02 1.142e+02
s>            ( - -5.825e+03 2 0)
s>            ( - -2.008e+04 1 0)))INFO: dtree.c(1439): stop. leaf nodes are specific
INFO: dtree.c(1478): Final simple tree
|( QUESTION2 -1 -4.141e+04 9.812e+01 1.827e+02
|    ( - -3.878e+02 1 0)
|    ( - -4.093e+04 2 0))
s>    ( QUESTION2 -1 -4.141e+04 9.812e+01 1.827e+02
s>        ( - -3.878e+02 1 0)
s>        ( - -4.093e+04 2 0))INFO: dtree.c(1315): Comp split 1
INFO: dtree.c(1439): stop. leaf nodes are specific
INFO: dtree.c(1478): Final simple tree
|( QUESTION0_0_R 1 -2.725e+04 2.167e+02 1.192e+02
|    ( - -9.663e+02 1 0)
|    ( QUESTION10 -1 -2.607e+04 1.606e+02 1.142e+02
|        ( - -5.825e+03 2 0)
|        ( - -2.008e+04 1 0)))
s>    ( QUESTION0_0_R 1 -2.725e+04 2.167e+02 1.192e+02
s>        ( - -9.663e+02 1 0)
s>        ( QUESTION10 -1 -2.607e+04 1.606e+02 1.142e+02
s>            ( - -5.825e+03 2 0)
s>            ( - -2.008e+04 1 0)))INFO: dtree.c(1439): stop. leaf nodes are specific
INFO: dtree.c(1478): Final simple tree
|( QUESTION0_1_R 1 -2.087e+04 3.630e+02 9.179e+01
|    ( - -1.429e+04 1 0)
|    ( QUESTION2 1 -6.223e+03 2.666e+02 2.800e+01
|        ( - -2.906e+03 1 0)
|        ( QUESTION10 -1 -3.050e+03 1.860e+02 1.400e+01
|            ( - -1.638e+03 1 0)
|            ( - -1.226e+03 1 0))))
s>    ( QUESTION0_1_R 1 -2.087e+04 3.630e+02 9.179e+01
s>        ( - -1.429e+04 1 0)
s>        ( QUESTION2 1 -6.223e+03 2.666e+02 2.800e+01
s>            ( - -2.906e+03 1 0)
s>            ( QUESTION10 -1 -3.050e+03 1.860e+02 1.400e+01
s>                ( - -1.638e+03 1 0)
s>                ( - -1.226e+03 1 0))))INFO: dtree.c(1315): Comp split 2
INFO: dtree.c(1439): stop. leaf nodes are specific
INFO: dtree.c(1478): Final simple tree
|( QUESTION2 1 -6.223e+03 2.666e+02 2.800e+01
|    ( - -2.906e+03 1 0)
|    ( QUESTION10 -1 -3.050e+03 1.860e+02 1.400e+01
|        ( - -1.638e+03 1 0)
|        ( - -1.226e+03 1 0)))
s>    ( QUESTION2 1 -6.223e+03 2.666e+02 2.800e+01
s>        ( - -2.906e+03 1 0)
s>        ( QUESTION10 -1 -3.050e+03 1.860e+02 1.400e+01
s>            ( - -1.638e+03 1 0)
s>            ( - -1.226e+03 1 0)))INFO: dtree.c(1315): Comp split 3
INFO: dtree.c(1439): stop. leaf nodes are specific
INFO: dtree.c(1478): Final simple tree
|( QUESTION10 -1 -3.050e+03 1.860e+02 1.400e+01
|    ( - -1.638e+03 1 0)
|    ( - -1.226e+03 1 0))
s>    ( QUESTION10 -1 -3.050e+03 1.860e+02 1.400e+01
s>        ( - -1.638e+03 1 0)
s>        ( - -1.226e+03 1 0))INFO: dtree.c(1315): Comp split 4
INFO: dtree.c(1439): stop. leaf nodes are specific
INFO: dtree.c(1478): Final simple tree
|( QUESTION10 -1 -2.607e+04 1.606e+02 1.142e+02
|    ( - -5.825e+03 2 0)
|    ( - -2.008e+04 1 0))
s>    ( QUESTION10 -1 -2.607e+04 1.606e+02 1.142e+02
s>        ( - -5.825e+03 2 0)
s>        ( - -2.008e+04 1 0))INFO: dtree.c(1315): Comp split 5
INFO: dtree.c(1315): Comp split 6
INFO: dtree.c(1315): Comp split 7
INFO: dtree.c(1315): Comp split 8
INFO: dtree.c(1318): stop. leaf nodes are specific
Fri Jan  6 22:27:40 2023
