Current configuration:
[NAME]		[DEFLT]	[VALUE]
-allphones	no	no
-cntthresh	0.00001	1.000000e-05
-csplitmax	100	2000
-csplitmin	1	1
-csplitthr	8e-4	0.000000e+00
-example	no	no
-fullvar	no	no
-help		no	no
-meanfn			/mnt/c/users/robin/onedrive/desktop/cmu/Cebuano/model_parameters/Cebuano.cd_cont_untied/means
-mixwfn			/mnt/c/users/robin/onedrive/desktop/cmu/Cebuano/model_parameters/Cebuano.cd_cont_untied/mixture_weights
-moddeffn		/mnt/c/users/robin/onedrive/desktop/cmu/Cebuano/model_architecture/Cebuano.untied.mdef
-mwfloor	1e-4	1.000000e-08
-phone			R
-psetfn			/mnt/c/users/robin/onedrive/desktop/cmu/Cebuano/model_architecture/Cebuano.tree_questions
-ssplitmax	5	7
-ssplitmin	1	1
-ssplitthr	8e-4	0.000000e+00
-state			1
-stwt			1.0,0.05,0.0,
-treefn			/mnt/c/users/robin/onedrive/desktop/cmu/Cebuano/trees/Cebuano.unpruned/R-1.dtree
-ts2cbfn	.semi.	.cont.
-varfloor	0.00001	1.000000e-05
-varfn			/mnt/c/users/robin/onedrive/desktop/cmu/Cebuano/model_parameters/Cebuano.cd_cont_untied/variances

INFO: main.c(223): Reading: /mnt/c/users/robin/onedrive/desktop/cmu/Cebuano/model_architecture/Cebuano.untied.mdef
INFO: model_def_io.c(573): Model definition info:
INFO: model_def_io.c(574): 7744 total models defined (40 base, 7704 tri)
INFO: model_def_io.c(575): 30976 total states
INFO: model_def_io.c(576): 23232 total tied states
INFO: model_def_io.c(577): 120 total tied CI states
INFO: model_def_io.c(578): 40 total tied transition matrices
INFO: model_def_io.c(579): 4 max state/model
INFO: model_def_io.c(580): 4 min state/model
INFO: main.c(242): Building trees for [R AA AA b] through [R Z EH b]
INFO: main.c(268): Covering states |[18612 19304]| == 693
INFO: main.c(275): Reading: /mnt/c/users/robin/onedrive/desktop/cmu/Cebuano/model_parameters/Cebuano.cd_cont_untied/mixture_weights
INFO: s3mixw_io.c(172): Read /mnt/c/users/robin/onedrive/desktop/cmu/Cebuano/model_parameters/Cebuano.cd_cont_untied/mixture_weights [693x1x1 array]
INFO: main.c(311): 225 of 231 models have observation count greater than 0.000010
INFO: main.c(95): nrm stwt: 0.045 0.909 0.045 
INFO: s3gau_io.c(168): Read /mnt/c/users/robin/onedrive/desktop/cmu/Cebuano/model_parameters/Cebuano.cd_cont_untied/means [23232x1x1 array]
INFO: s3gau_io.c(168): Read /mnt/c/users/robin/onedrive/desktop/cmu/Cebuano/model_parameters/Cebuano.cd_cont_untied/variances [23232x1x1 array]
INFO: main.c(549): Reading: /mnt/c/users/robin/onedrive/desktop/cmu/Cebuano/model_architecture/Cebuano.tree_questions
INFO: main.c(587): 180 total simple questions (172 phone; 8 word bndry)
INFO: main.c(589): 42 Left Only questions, and 42 Right Only questions
INFO: dtree.c(1478): Final simple tree
|( QUESTION0_8_R 1 -2.395e+06 1.065e+04 1.005e+04
|    ( QUESTION14 1 -1.751e+06 6.984e+03 7.467e+03
|        ( QUESTION10 -1 -3.686e+05 2.729e+03 1.574e+03
|            ( - -1.849e+05 14 0 QUESTION0_9_R 1 1.084e+03 8.025e+02)
|            ( - -1.810e+05 31 0 QUESTION0 -1 5.825e+02 7.719e+02))
|        ( QUESTION18 1 -1.376e+06 2.402e+03 5.893e+03
|            ( - -1.814e+05 25 0 WDBNDRY_B 0 6.666e+02 7.790e+02)
|            ( QUESTION2_1_L -1 -1.192e+06 2.090e+03 5.113e+03
|                ( - -2.079e+05 32 0 QUESTION0_16_R 1 8.112e+02 8.756e+02)
|                ( - -9.819e+05 58 0 QUESTION0_16_R 1 1.254e+03 4.238e+03))))
|    ( SILENCE 1 -6.326e+05 3.227e+03 2.587e+03
|        ( - -1.161e+05 4 0 QUESTION0 -1 3.065e+02 4.808e+02)
|        ( QUESTION0 -1 -5.133e+05 2.377e+03 2.106e+03
|            ( - -4.491e+05 54 0 QUESTION10 1 1.416e+03 1.838e+03)
|            ( - -6.179e+04 7 0 QUESTION4 1 9.918e+02 2.684e+02))))
s>    ( QUESTION0_8_R 1 -2.395e+06 1.065e+04 1.005e+04
s>        ( QUESTION14 1 -1.751e+06 6.984e+03 7.467e+03
s>            ( QUESTION10 -1 -3.686e+05 2.729e+03 1.574e+03
s>                ( - -1.849e+05 14 0 QUESTION0_9_R 1 1.084e+03 8.025e+02)
s>                ( - -1.810e+05 31 0 QUESTION0 -1 5.825e+02 7.719e+02))
s>            ( QUESTION18 1 -1.376e+06 2.402e+03 5.893e+03
s>                ( - -1.814e+05 25 0 WDBNDRY_B 0 6.666e+02 7.790e+02)
s>                ( QUESTION2_1_L -1 -1.192e+06 2.090e+03 5.113e+03
s>                    ( - -2.079e+05 32 0 QUESTION0_16_R 1 8.112e+02 8.756e+02)
s>                    ( - -9.819e+05 58 0 QUESTION0_16_R 1 1.254e+03 4.238e+03))))
s>        ( SILENCE 1 -6.326e+05 3.227e+03 2.587e+03
s>            ( - -1.161e+05 4 0 QUESTION0 -1 3.065e+02 4.808e+02)
s>            ( QUESTION0 -1 -5.133e+05 2.377e+03 2.106e+03
s>                ( - -4.491e+05 54 0 QUESTION10 1 1.416e+03 1.838e+03)
s>                ( - -6.179e+04 7 0 QUESTION4 1 9.918e+02 2.684e+02))))INFO: dtree.c(1315): Comp split 0
INFO: dtree.c(1478): Final simple tree
|( QUESTION18 1 -1.376e+06 2.402e+03 5.893e+03
|    ( - -1.814e+05 25 0 WDBNDRY_B 0 6.666e+02 7.790e+02)
|    ( QUESTION2_1_L -1 -1.192e+06 2.090e+03 5.113e+03
|        ( QUESTION0_16_R 1 -2.079e+05 8.112e+02 8.756e+02
|            ( - -4.019e+04 5 0 QUESTION2_6_L -1 1.165e+02 1.782e+02)
|            ( - -1.669e+05 27 0 QUESTION0_14_R 1 6.058e+02 6.974e+02))
|        ( QUESTION0_16_R 1 -9.819e+05 1.254e+03 4.238e+03
|            ( - -3.693e+04 8 0 QUESTION13 -1 4.446e+02 1.572e+02)
|            ( QUESTION16 -1 -9.437e+05 1.030e+03 4.081e+03
|                ( - -5.203e+04 5 0 WDBNDRY_B 0 2.197e+02 2.263e+02)
|                ( QUESTION2_15_L -1 -8.907e+05 8.408e+02 3.854e+03
|                    ( - -4.290e+04 3 0 QUESTION0 -1 6.834e+02 1.801e+02)
|                    ( QUESTION14 -1 -8.470e+05 8.473e+02 3.674e+03
|                        ( - -5.506e+04 7 0 QUESTION0_14_R 1 2.011e+02 2.402e+02)
|                        ( - -7.910e+05 35 0 QUESTION0_18_R 1 4.794e+02 3.434e+03)))))))
s>    ( QUESTION18 1 -1.376e+06 2.402e+03 5.893e+03
s>        ( - -1.814e+05 25 0 WDBNDRY_B 0 6.666e+02 7.790e+02)
s>        ( QUESTION2_1_L -1 -1.192e+06 2.090e+03 5.113e+03
s>            ( QUESTION0_16_R 1 -2.079e+05 8.112e+02 8.756e+02
s>                ( - -4.019e+04 5 0 QUESTION2_6_L -1 1.165e+02 1.782e+02)
s>                ( - -1.669e+05 27 0 QUESTION0_14_R 1 6.058e+02 6.974e+02))
s>            ( QUESTION0_16_R 1 -9.819e+05 1.254e+03 4.238e+03
s>                ( - -3.693e+04 8 0 QUESTION13 -1 4.446e+02 1.572e+02)
s>                ( QUESTION16 -1 -9.437e+05 1.030e+03 4.081e+03
s>                    ( - -5.203e+04 5 0 WDBNDRY_B 0 2.197e+02 2.263e+02)
s>                    ( QUESTION2_15_L -1 -8.907e+05 8.408e+02 3.854e+03
s>                        ( - -4.290e+04 3 0 QUESTION0 -1 6.834e+02 1.801e+02)
s>                        ( QUESTION14 -1 -8.470e+05 8.473e+02 3.674e+03
s>                            ( - -5.506e+04 7 0 QUESTION0_14_R 1 2.011e+02 2.402e+02)
s>                            ( - -7.910e+05 35 0 QUESTION0_18_R 1 4.794e+02 3.434e+03)))))))INFO: dtree.c(1478): Final simple tree
|( QUESTION0_0_R 1 -1.005e+06 5.200e+03 4.161e+03
|    ( QUESTION0 -1 -5.133e+05 2.377e+03 2.106e+03
|        ( QUESTION10 1 -4.491e+05 1.416e+03 1.838e+03
|            ( WDBNDRY_E 0 -2.866e+05 1.147e+03 1.169e+03
|                ( - -5.157e+04 13 0 QUESTION2_13_L -1 4.718e+02 2.096e+02)
|                ( - -2.339e+05 19 0 QUESTION0_1_R 1 4.173e+02 9.593e+02))
|            ( - -1.611e+05 22 0 QUESTION0_1_R 1 7.349e+02 6.689e+02))
|        ( - -6.179e+04 7 0 QUESTION4 1 9.918e+02 2.684e+02))
|    ( QUESTION10 -1 -4.869e+05 2.442e+03 2.055e+03
|        ( QUESTION0_9_R 1 -1.849e+05 1.084e+03 8.025e+02
|            ( - -1.571e+05 8 0 QUESTION2_10_L -1 3.737e+02 6.895e+02)
|            ( - -2.667e+04 6 0 WDBNDRY_B 0 1.367e+02 1.130e+02))
|        ( WDBNDRY_E 0 -2.995e+05 2.468e+03 1.253e+03
|            ( - -1.204e+05 6 0 QUESTION0 -1 4.600e+02 4.964e+02)
|            ( - -1.767e+05 29 0 QUESTION0_9_R 1 5.526e+02 7.563e+02))))
s>    ( QUESTION0_0_R 1 -1.005e+06 5.200e+03 4.161e+03
s>        ( QUESTION0 -1 -5.133e+05 2.377e+03 2.106e+03
s>            ( QUESTION10 1 -4.491e+05 1.416e+03 1.838e+03
s>                ( WDBNDRY_E 0 -2.866e+05 1.147e+03 1.169e+03
s>                    ( - -5.157e+04 13 0 QUESTION2_13_L -1 4.718e+02 2.096e+02)
s>                    ( - -2.339e+05 19 0 QUESTION0_1_R 1 4.173e+02 9.593e+02))
s>                ( - -1.611e+05 22 0 QUESTION0_1_R 1 7.349e+02 6.689e+02))
s>            ( - -6.179e+04 7 0 QUESTION4 1 9.918e+02 2.684e+02))
s>        ( QUESTION10 -1 -4.869e+05 2.442e+03 2.055e+03
s>            ( QUESTION0_9_R 1 -1.849e+05 1.084e+03 8.025e+02
s>                ( - -1.571e+05 8 0 QUESTION2_10_L -1 3.737e+02 6.895e+02)
s>                ( - -2.667e+04 6 0 WDBNDRY_B 0 1.367e+02 1.130e+02))
s>            ( WDBNDRY_E 0 -2.995e+05 2.468e+03 1.253e+03
s>                ( - -1.204e+05 6 0 QUESTION0 -1 4.600e+02 4.964e+02)
s>                ( - -1.767e+05 29 0 QUESTION0_9_R 1 5.526e+02 7.563e+02))))INFO: dtree.c(1315): Comp split 1
INFO: dtree.c(1478): Final simple tree
|( QUESTION0_0_R 1 -6.563e+05 3.560e+03 2.707e+03
|    ( QUESTION10 1 -4.491e+05 1.416e+03 1.838e+03
|        ( WDBNDRY_E 0 -2.866e+05 1.147e+03 1.169e+03
|            ( - -5.157e+04 13 0 QUESTION2_13_L -1 4.718e+02 2.096e+02)
|            ( - -2.339e+05 19 0 QUESTION0_1_R 1 4.173e+02 9.593e+02))
|        ( QUESTION0_1_R 1 -1.611e+05 7.349e+02 6.689e+02
|            ( - -7.655e+04 10 0 QUESTION2_13_L -1 2.977e+02 3.250e+02)
|            ( QUESTION2_13_L -1 -8.377e+04 5.723e+02 3.439e+02
|                ( - -7.790e+03 1 0)
|                ( - -7.541e+04 11 0 WDBNDRY_I 0 3.692e+02 3.114e+02))))
|    ( QUESTION2_19_L -1 -2.036e+05 5.670e+02 8.694e+02
|        ( QUESTION0_9_R 1 -1.117e+05 6.308e+02 4.771e+02
|            ( - -8.221e+04 11 0 WDBNDRY_B 0 1.152e+02 3.551e+02)
|            ( - -2.890e+04 3 0 WDBNDRY_B 0 1.089e+02 1.220e+02))
|        ( - -9.134e+04 21 0 QUESTION12 -1 4.273e+02 3.923e+02)))
s>    ( QUESTION0_0_R 1 -6.563e+05 3.560e+03 2.707e+03
s>        ( QUESTION10 1 -4.491e+05 1.416e+03 1.838e+03
s>            ( WDBNDRY_E 0 -2.866e+05 1.147e+03 1.169e+03
s>                ( - -5.157e+04 13 0 QUESTION2_13_L -1 4.718e+02 2.096e+02)
s>                ( - -2.339e+05 19 0 QUESTION0_1_R 1 4.173e+02 9.593e+02))
s>            ( QUESTION0_1_R 1 -1.611e+05 7.349e+02 6.689e+02
s>                ( - -7.655e+04 10 0 QUESTION2_13_L -1 2.977e+02 3.250e+02)
s>                ( QUESTION2_13_L -1 -8.377e+04 5.723e+02 3.439e+02
s>                    ( - -7.790e+03 1 0)
s>                    ( - -7.541e+04 11 0 WDBNDRY_I 0 3.692e+02 3.114e+02))))
s>        ( QUESTION2_19_L -1 -2.036e+05 5.670e+02 8.694e+02
s>            ( QUESTION0_9_R 1 -1.117e+05 6.308e+02 4.771e+02
s>                ( - -8.221e+04 11 0 WDBNDRY_B 0 1.152e+02 3.551e+02)
s>                ( - -2.890e+04 3 0 WDBNDRY_B 0 1.089e+02 1.220e+02))
s>            ( - -9.134e+04 21 0 QUESTION12 -1 4.273e+02 3.923e+02)))INFO: dtree.c(1478): Final simple tree
|( QUESTION10 -1 -3.418e+05 2.004e+03 1.454e+03
|    ( QUESTION0_1_R 1 -1.991e+05 6.329e+02 8.656e+02
|        ( - -7.373e+03 1 0)
|        ( QUESTION0_0_R 1 -1.911e+05 4.069e+02 8.322e+02
|            ( - -3.349e+04 1 0)
|            ( QUESTION2_10_L -1 -1.571e+05 3.737e+02 6.895e+02
|                ( - -1.399e+05 6 0 WDBNDRY_B 0 3.217e+02 6.147e+02)
|                ( - -1.689e+04 2 0))))
|    ( QUESTION0_1_R 1 -1.407e+05 1.175e+03 5.887e+02
|        ( - -1.343e+04 2 0 WDBNDRY_E 0 2.243e+02 6.832e+01)
|        ( QUESTION14 -1 -1.261e+05 5.080e+02 5.204e+02
|            ( QUESTION0_8_R 1 -7.870e+03 3.307e+02 3.207e+01
|                ( - -1.693e+03 1 0)
|                ( - -5.847e+03 3 0 SILENCE 1 2.479e+02 2.499e+01))
|            ( - -1.177e+05 5 0 WDBNDRY_E 0 2.227e+02 4.883e+02))))
s>    ( QUESTION10 -1 -3.418e+05 2.004e+03 1.454e+03
s>        ( QUESTION0_1_R 1 -1.991e+05 6.329e+02 8.656e+02
s>            ( - -7.373e+03 1 0)
s>            ( QUESTION0_0_R 1 -1.911e+05 4.069e+02 8.322e+02
s>                ( - -3.349e+04 1 0)
s>                ( QUESTION2_10_L -1 -1.571e+05 3.737e+02 6.895e+02
s>                    ( - -1.399e+05 6 0 WDBNDRY_B 0 3.217e+02 6.147e+02)
s>                    ( - -1.689e+04 2 0))))
s>        ( QUESTION0_1_R 1 -1.407e+05 1.175e+03 5.887e+02
s>            ( - -1.343e+04 2 0 WDBNDRY_E 0 2.243e+02 6.832e+01)
s>            ( QUESTION14 -1 -1.261e+05 5.080e+02 5.204e+02
s>                ( QUESTION0_8_R 1 -7.870e+03 3.307e+02 3.207e+01
s>                    ( - -1.693e+03 1 0)
s>                    ( - -5.847e+03 3 0 SILENCE 1 2.479e+02 2.499e+01))
s>                ( - -1.177e+05 5 0 WDBNDRY_E 0 2.227e+02 4.883e+02))))INFO: dtree.c(1315): Comp split 2
INFO: dtree.c(1478): Final simple tree
|( QUESTION10 1 -3.966e+05 1.578e+03 1.628e+03
|    ( QUESTION0_1_R 1 -2.339e+05 4.173e+02 9.593e+02
|        ( - -2.933e+04 8 0)
|        ( - -2.042e+05 11 0))
|    ( QUESTION0_1_R 1 -1.611e+05 7.349e+02 6.689e+02
|        ( QUESTION2_13_L -1 -7.655e+04 2.977e+02 3.250e+02
|            ( - -3.212e+03 1 0)
|            ( WDBNDRY_E 0 -7.304e+04 2.521e+02 3.100e+02
|                ( - -1.100e+04 3 0)
|                ( - -6.179e+04 6 0)))
|        ( QUESTION2_13_L -1 -8.377e+04 5.723e+02 3.439e+02
|            ( - -7.790e+03 1 0)
|            ( WDBNDRY_I 0 -7.541e+04 3.692e+02 3.114e+02
|                ( - -5.590e+04 7 0 QUESTION5 1 1.895e+02 2.385e+02)
|                ( - -1.914e+04 4 0 QUESTION0_6_R 1 1.876e+02 7.290e+01)))))
s>    ( QUESTION10 1 -3.966e+05 1.578e+03 1.628e+03
s>        ( QUESTION0_1_R 1 -2.339e+05 4.173e+02 9.593e+02
s>            ( - -2.933e+04 8 0)
s>            ( - -2.042e+05 11 0))
s>        ( QUESTION0_1_R 1 -1.611e+05 7.349e+02 6.689e+02
s>            ( QUESTION2_13_L -1 -7.655e+04 2.977e+02 3.250e+02
s>                ( - -3.212e+03 1 0)
s>                ( WDBNDRY_E 0 -7.304e+04 2.521e+02 3.100e+02
s>                    ( - -1.100e+04 3 0)
s>                    ( - -6.179e+04 6 0)))
s>            ( QUESTION2_13_L -1 -8.377e+04 5.723e+02 3.439e+02
s>                ( - -7.790e+03 1 0)
s>                ( WDBNDRY_I 0 -7.541e+04 3.692e+02 3.114e+02
s>                    ( - -5.590e+04 7 0 QUESTION5 1 1.895e+02 2.385e+02)
s>                    ( - -1.914e+04 4 0 QUESTION0_6_R 1 1.876e+02 7.290e+01)))))INFO: dtree.c(1478): Final simple tree
|( WDBNDRY_I 0 -2.560e+05 7.835e+02 1.079e+03
|    ( QUESTION2_19_L -1 -1.712e+05 5.717e+02 7.319e+02
|        ( QUESTION0_9_R 1 -1.042e+05 5.694e+02 4.459e+02
|            ( - -7.849e+04 9 0 QUESTION0 -1 1.139e+02 3.391e+02)
|            ( - -2.509e+04 2 0))
|        ( - -6.652e+04 12 0 QUESTION2_15_L -1 3.039e+02 2.860e+02))
|    ( QUESTION2_19_L -1 -8.395e+04 4.092e+02 3.470e+02
|        ( QUESTION0_2_R 1 -4.843e+04 3.699e+02 2.029e+02
|            ( - -3.083e+04 6 0)
|            ( - -1.723e+04 7 0 QUESTION0_9_R 1 1.675e+02 7.016e+01))
|        ( WDBNDRY_B 0 -3.511e+04 3.112e+02 1.441e+02
|            ( QUESTION12 -1 -2.445e+04 3.285e+02 1.063e+02
|                ( - -1.081e+04 2 0 QUESTION0_9_R 1 2.727e+02 4.874e+01)
|                ( - -1.331e+04 7 0 QUESTION2 -1 2.486e+02 5.754e+01))
|            ( - -1.035e+04 3 0 QUESTION0_1_R 1 1.247e+02 3.786e+01))))
s>    ( WDBNDRY_I 0 -2.560e+05 7.835e+02 1.079e+03
s>        ( QUESTION2_19_L -1 -1.712e+05 5.717e+02 7.319e+02
s>            ( QUESTION0_9_R 1 -1.042e+05 5.694e+02 4.459e+02
s>                ( - -7.849e+04 9 0 QUESTION0 -1 1.139e+02 3.391e+02)
s>                ( - -2.509e+04 2 0))
s>            ( - -6.652e+04 12 0 QUESTION2_15_L -1 3.039e+02 2.860e+02))
s>        ( QUESTION2_19_L -1 -8.395e+04 4.092e+02 3.470e+02
s>            ( QUESTION0_2_R 1 -4.843e+04 3.699e+02 2.029e+02
s>                ( - -3.083e+04 6 0)
s>                ( - -1.723e+04 7 0 QUESTION0_9_R 1 1.675e+02 7.016e+01))
s>            ( WDBNDRY_B 0 -3.511e+04 3.112e+02 1.441e+02
s>                ( QUESTION12 -1 -2.445e+04 3.285e+02 1.063e+02
s>                    ( - -1.081e+04 2 0 QUESTION0_9_R 1 2.727e+02 4.874e+01)
s>                    ( - -1.331e+04 7 0 QUESTION2 -1 2.486e+02 5.754e+01))
s>                ( - -1.035e+04 3 0 QUESTION0_1_R 1 1.247e+02 3.786e+01))))INFO: dtree.c(1315): Comp split 3
INFO: dtree.c(1478): Final simple tree
|( QUESTION0_14_R 1 -1.030e+06 2.149e+03 4.453e+03
|    ( QUESTION14 -1 -8.243e+05 7.957e+02 3.580e+03
|        ( - -4.902e+04 6 0 WDBNDRY_B 0 1.621e+02 2.142e+02)
|        ( SILENCE -1 -7.745e+05 3.741e+02 3.366e+03
|            ( - -8.139e+03 1 0)
|            ( - -7.660e+05 30 0 WDBNDRY_I 0 2.623e+02 3.330e+03)))
|    ( SILENCE -1 -2.038e+05 6.332e+02 8.731e+02
|        ( - -1.392e+04 1 0)
|        ( QUESTION2_9_L -1 -1.892e+05 4.682e+02 8.138e+02
|            ( - -5.008e+04 5 0 QUESTION2_10_L -1 1.770e+02 2.162e+02)
|            ( QUESTION0_12_R 1 -1.387e+05 4.342e+02 5.976e+02
|                ( - -3.879e+03 1 0)
|                ( WDBNDRY_I 0 -1.344e+05 3.383e+02 5.796e+02
|                    ( - -9.255e+04 13 0 QUESTION0_11_R 1 2.922e+02 4.022e+02)
|                    ( - -4.147e+04 10 0 QUESTION10 -1 2.604e+02 1.774e+02))))))
s>    ( QUESTION0_14_R 1 -1.030e+06 2.149e+03 4.453e+03
s>        ( QUESTION14 -1 -8.243e+05 7.957e+02 3.580e+03
s>            ( - -4.902e+04 6 0 WDBNDRY_B 0 1.621e+02 2.142e+02)
s>            ( SILENCE -1 -7.745e+05 3.741e+02 3.366e+03
s>                ( - -8.139e+03 1 0)
s>                ( - -7.660e+05 30 0 WDBNDRY_I 0 2.623e+02 3.330e+03)))
s>        ( SILENCE -1 -2.038e+05 6.332e+02 8.731e+02
s>            ( - -1.392e+04 1 0)
s>            ( QUESTION2_9_L -1 -1.892e+05 4.682e+02 8.138e+02
s>                ( - -5.008e+04 5 0 QUESTION2_10_L -1 1.770e+02 2.162e+02)
s>                ( QUESTION0_12_R 1 -1.387e+05 4.342e+02 5.976e+02
s>                    ( - -3.879e+03 1 0)
s>                    ( WDBNDRY_I 0 -1.344e+05 3.383e+02 5.796e+02
s>                        ( - -9.255e+04 13 0 QUESTION0_11_R 1 2.922e+02 4.022e+02)
s>                        ( - -4.147e+04 10 0 QUESTION10 -1 2.604e+02 1.774e+02))))))INFO: dtree.c(1478): Final simple tree
|( QUESTION0_16_R 1 -3.418e+05 1.112e+03 1.439e+03
|    ( QUESTION1 -1 -7.762e+04 5.176e+02 3.354e+02
|        ( - -4.199e+04 8 0 QUESTION13 -1 4.461e+02 1.862e+02)
|        ( - -3.511e+04 5 0 QUESTION0 1 2.607e+02 1.492e+02))
|    ( QUESTION15 -1 -2.630e+05 7.558e+02 1.104e+03
|        ( - -5.203e+04 5 0 WDBNDRY_B 0 2.197e+02 2.263e+02)
|        ( QUESTION9 -1 -2.103e+05 7.046e+02 8.775e+02
|            ( QUESTION0_15_R 1 -1.748e+05 5.476e+02 7.274e+02
|                ( - -1.148e+04 5 0 QUESTION2_6_L -1 1.742e+02 4.892e+01)
|                ( QUESTION10 -1 -1.628e+05 4.896e+02 6.785e+02
|                    ( - -1.377e+05 20 0 QUESTION2_6_L -1 4.150e+02 5.764e+02)
|                    ( - -2.460e+04 2 0 WDBNDRY_E 0 2.233e+02 1.021e+02)))
|            ( QUESTION0 -1 -3.471e+04 6.147e+02 1.501e+02
|                ( - -1.762e+04 1 0)
|                ( - -1.648e+04 2 0)))))
s>    ( QUESTION0_16_R 1 -3.418e+05 1.112e+03 1.439e+03
s>        ( QUESTION1 -1 -7.762e+04 5.176e+02 3.354e+02
s>            ( - -4.199e+04 8 0 QUESTION13 -1 4.461e+02 1.862e+02)
s>            ( - -3.511e+04 5 0 QUESTION0 1 2.607e+02 1.492e+02))
s>        ( QUESTION15 -1 -2.630e+05 7.558e+02 1.104e+03
s>            ( - -5.203e+04 5 0 WDBNDRY_B 0 2.197e+02 2.263e+02)
s>            ( QUESTION9 -1 -2.103e+05 7.046e+02 8.775e+02
s>                ( QUESTION0_15_R 1 -1.748e+05 5.476e+02 7.274e+02
s>                    ( - -1.148e+04 5 0 QUESTION2_6_L -1 1.742e+02 4.892e+01)
s>                    ( QUESTION10 -1 -1.628e+05 4.896e+02 6.785e+02
s>                        ( - -1.377e+05 20 0 QUESTION2_6_L -1 4.150e+02 5.764e+02)
s>                        ( - -2.460e+04 2 0 WDBNDRY_E 0 2.233e+02 1.021e+02)))
s>                ( QUESTION0 -1 -3.471e+04 6.147e+02 1.501e+02
s>                    ( - -1.762e+04 1 0)
s>                    ( - -1.648e+04 2 0)))))INFO: dtree.c(1315): Comp split 4
INFO: dtree.c(1478): Final simple tree
|( SILENCE -1 -7.787e+05 3.735e+02 3.384e+03
|    ( - -8.139e+03 1 0)
|    ( QUESTION0_9_R 1 -7.702e+05 3.641e+02 3.348e+03
|        ( - -3.879e+03 1 0)
|        ( WDBNDRY_I 0 -7.660e+05 2.623e+02 3.330e+03
|            ( QUESTION0 -1 -7.127e+05 1.936e+02 3.107e+03
|                ( - -7.111e+05 11 0)
|                ( - -1.388e+03 1 0))
|            ( QUESTION2_0_L -1 -5.299e+04 2.435e+02 2.228e+02
|                ( WDBNDRY_B 0 -3.636e+04 1.766e+02 1.525e+02
|                    ( - -3.416e+04 8 0 QUESTION0 -1 1.606e+02 1.447e+02)
|                    ( - -2.022e+03 1 0))
|                ( QUESTION2 -1 -1.639e+04 2.211e+02 7.030e+01
|                    ( - -1.428e+03 1 0)
|                    ( - -1.474e+04 8 0 QUESTION0 -1 1.604e+02 6.330e+01))))))
s>    ( SILENCE -1 -7.787e+05 3.735e+02 3.384e+03
s>        ( - -8.139e+03 1 0)
s>        ( QUESTION0_9_R 1 -7.702e+05 3.641e+02 3.348e+03
s>            ( - -3.879e+03 1 0)
s>            ( WDBNDRY_I 0 -7.660e+05 2.623e+02 3.330e+03
s>                ( QUESTION0 -1 -7.127e+05 1.936e+02 3.107e+03
s>                    ( - -7.111e+05 11 0)
s>                    ( - -1.388e+03 1 0))
s>                ( QUESTION2_0_L -1 -5.299e+04 2.435e+02 2.228e+02
s>                    ( WDBNDRY_B 0 -3.636e+04 1.766e+02 1.525e+02
s>                        ( - -3.416e+04 8 0 QUESTION0 -1 1.606e+02 1.447e+02)
s>                        ( - -2.022e+03 1 0))
s>                    ( QUESTION2 -1 -1.639e+04 2.211e+02 7.030e+01
s>                        ( - -1.428e+03 1 0)
s>                        ( - -1.474e+04 8 0 QUESTION0 -1 1.604e+02 6.330e+01))))))INFO: dtree.c(1478): Final simple tree
|( WDBNDRY_I 0 -2.489e+05 6.932e+02 1.069e+03
|    ( QUESTION2_10_L -1 -1.453e+05 4.363e+02 6.274e+02
|        ( - -4.845e+04 4 0)
|        ( QUESTION0_11_R 1 -9.638e+04 2.954e+02 4.182e+02
|            ( QUESTION2_0_L -1 -7.745e+04 2.785e+02 3.391e+02
|                ( - -7.163e+04 10 0 QUESTION0 -1 2.401e+02 3.143e+02)
|                ( - -5.541e+03 1 0))
|            ( - -1.863e+04 5 0 QUESTION0_9_R 1 2.401e+02 7.913e+01)))
|    ( SILENCE -1 -1.030e+05 4.450e+02 4.419e+02
|        ( - -1.392e+04 1 0)
|        ( QUESTION0_14_R 1 -8.861e+04 2.973e+02 3.826e+02
|            ( - -4.684e+04 4 0)
|            ( QUESTION10 -1 -4.147e+04 2.604e+02 1.774e+02
|                ( - -1.319e+03 1 0)
|                ( - -3.989e+04 9 0 QUESTION0_10_R 1 2.409e+02 1.714e+02)))))
s>    ( WDBNDRY_I 0 -2.489e+05 6.932e+02 1.069e+03
s>        ( QUESTION2_10_L -1 -1.453e+05 4.363e+02 6.274e+02
s>            ( - -4.845e+04 4 0)
s>            ( QUESTION0_11_R 1 -9.638e+04 2.954e+02 4.182e+02
s>                ( QUESTION2_0_L -1 -7.745e+04 2.785e+02 3.391e+02
s>                    ( - -7.163e+04 10 0 QUESTION0 -1 2.401e+02 3.143e+02)
s>                    ( - -5.541e+03 1 0))
s>                ( - -1.863e+04 5 0 QUESTION0_9_R 1 2.401e+02 7.913e+01)))
s>        ( SILENCE -1 -1.030e+05 4.450e+02 4.419e+02
s>            ( - -1.392e+04 1 0)
s>            ( QUESTION0_14_R 1 -8.861e+04 2.973e+02 3.826e+02
s>                ( - -4.684e+04 4 0)
s>                ( QUESTION10 -1 -4.147e+04 2.604e+02 1.774e+02
s>                    ( - -1.319e+03 1 0)
s>                    ( - -3.989e+04 9 0 QUESTION0_10_R 1 2.409e+02 1.714e+02)))))INFO: dtree.c(1315): Comp split 5
INFO: dtree.c(1439): stop. leaf nodes are specific
INFO: dtree.c(1478): Final simple tree
|( QUESTION0_1_R 1 -2.012e+05 6.211e+02 8.727e+02
|    ( - -7.373e+03 1 0)
|    ( QUESTION2_10_L -1 -1.932e+05 4.916e+02 8.393e+02
|        ( QUESTION0_0_R 1 -1.738e+05 3.879e+02 7.574e+02
|            ( - -3.349e+04 1 0)
|            ( WDBNDRY_B 0 -1.399e+05 3.217e+02 6.147e+02
|                ( - -6.229e+02 1 0)
|                ( - -1.389e+05 5 0)))
|        ( WDBNDRY_E 0 -1.892e+04 3.330e+02 8.188e+01
|            ( - -1.693e+03 1 0)
|            ( - -1.689e+04 2 0))))
s>    ( QUESTION0_1_R 1 -2.012e+05 6.211e+02 8.727e+02
s>        ( - -7.373e+03 1 0)
s>        ( QUESTION2_10_L -1 -1.932e+05 4.916e+02 8.393e+02
s>            ( QUESTION0_0_R 1 -1.738e+05 3.879e+02 7.574e+02
s>                ( - -3.349e+04 1 0)
s>                ( WDBNDRY_B 0 -1.399e+05 3.217e+02 6.147e+02
s>                    ( - -6.229e+02 1 0)
s>                    ( - -1.389e+05 5 0)))
s>            ( WDBNDRY_E 0 -1.892e+04 3.330e+02 8.188e+01
s>                ( - -1.693e+03 1 0)
s>                ( - -1.689e+04 2 0))))INFO: dtree.c(1478): Final simple tree
|( QUESTION0_1_R 1 -1.386e+05 1.201e+03 5.816e+02
|    ( WDBNDRY_E 0 -1.343e+04 2.243e+02 6.832e+01
|        ( - -3.482e+02 1 0)
|        ( - -1.285e+04 1 0))
|    ( QUESTION14 -1 -1.239e+05 3.451e+02 5.133e+02
|        ( SILENCE 1 -5.847e+03 2.479e+02 2.499e+01
|            ( - -1.149e+03 1 0)
|            ( WDBNDRY_E 0 -4.450e+03 1.985e+02 1.999e+01
|                ( - -2.968e+03 1 0)
|                ( - -1.283e+03 1 0)))
|        ( WDBNDRY_E 0 -1.177e+05 2.227e+02 4.883e+02
|            ( SILENCE 1 -1.167e+05 1.945e+02 4.843e+02
|                ( - -1.146e+05 3 0)
|                ( - -1.898e+03 1 0))
|            ( - -8.135e+02 1 0))))
s>    ( QUESTION0_1_R 1 -1.386e+05 1.201e+03 5.816e+02
s>        ( WDBNDRY_E 0 -1.343e+04 2.243e+02 6.832e+01
s>            ( - -3.482e+02 1 0)
s>            ( - -1.285e+04 1 0))
s>        ( QUESTION14 -1 -1.239e+05 3.451e+02 5.133e+02
s>            ( SILENCE 1 -5.847e+03 2.479e+02 2.499e+01
s>                ( - -1.149e+03 1 0)
s>                ( WDBNDRY_E 0 -4.450e+03 1.985e+02 1.999e+01
s>                    ( - -2.968e+03 1 0)
s>                    ( - -1.283e+03 1 0)))
s>            ( WDBNDRY_E 0 -1.177e+05 2.227e+02 4.883e+02
s>                ( SILENCE 1 -1.167e+05 1.945e+02 4.843e+02
s>                    ( - -1.146e+05 3 0)
s>                    ( - -1.898e+03 1 0))
s>                ( - -8.135e+02 1 0))))INFO: dtree.c(1315): Comp split 6
INFO: dtree.c(1478): Final simple tree
|( QUESTION0_1_R 1 -1.611e+05 7.349e+02 6.689e+02
|    ( QUESTION2_13_L -1 -7.655e+04 2.977e+02 3.250e+02
|        ( - -3.212e+03 1 0)
|        ( WDBNDRY_E 0 -7.304e+04 2.521e+02 3.100e+02
|            ( - -1.100e+04 3 0)
|            ( - -6.179e+04 6 0)))
|    ( QUESTION2_13_L -1 -8.377e+04 5.723e+02 3.439e+02
|        ( - -7.790e+03 1 0)
|        ( WDBNDRY_I 0 -7.541e+04 3.692e+02 3.114e+02
|            ( QUESTION5 1 -5.590e+04 1.895e+02 2.385e+02
|                ( - -3.423e+03 2 0 QUESTION0_3_R 1 1.583e+02 1.500e+01)
|                ( - -5.228e+04 5 0 QUESTION0_5_R 1 1.198e+02 2.235e+02))
|            ( QUESTION0_6_R 1 -1.914e+04 1.876e+02 7.290e+01
|                ( - -1.697e+04 2 0)
|                ( - -1.983e+03 2 0 WDBNDRY_B 0 2.252e+02 6.000e+00)))))
s>    ( QUESTION0_1_R 1 -1.611e+05 7.349e+02 6.689e+02
s>        ( QUESTION2_13_L -1 -7.655e+04 2.977e+02 3.250e+02
s>            ( - -3.212e+03 1 0)
s>            ( WDBNDRY_E 0 -7.304e+04 2.521e+02 3.100e+02
s>                ( - -1.100e+04 3 0)
s>                ( - -6.179e+04 6 0)))
s>        ( QUESTION2_13_L -1 -8.377e+04 5.723e+02 3.439e+02
s>            ( - -7.790e+03 1 0)
s>            ( WDBNDRY_I 0 -7.541e+04 3.692e+02 3.114e+02
s>                ( QUESTION5 1 -5.590e+04 1.895e+02 2.385e+02
s>                    ( - -3.423e+03 2 0 QUESTION0_3_R 1 1.583e+02 1.500e+01)
s>                    ( - -5.228e+04 5 0 QUESTION0_5_R 1 1.198e+02 2.235e+02))
s>                ( QUESTION0_6_R 1 -1.914e+04 1.876e+02 7.290e+01
s>                    ( - -1.697e+04 2 0)
s>                    ( - -1.983e+03 2 0 WDBNDRY_B 0 2.252e+02 6.000e+00)))))INFO: dtree.c(1439): stop. leaf nodes are specific
INFO: dtree.c(1478): Final simple tree
|( QUESTION0_1_R 1 -2.339e+05 4.173e+02 9.593e+02
|    ( - -2.933e+04 8 0)
|    ( - -2.042e+05 11 0))
s>    ( QUESTION0_1_R 1 -2.339e+05 4.173e+02 9.593e+02
s>        ( - -2.933e+04 8 0)
s>        ( - -2.042e+05 11 0))INFO: dtree.c(1315): Comp split 7
INFO: dtree.c(1439): stop. leaf nodes are specific
INFO: dtree.c(1478): Final simple tree
|( QUESTION14 -1 -1.244e+05 3.490e+02 5.153e+02
|    ( SILENCE 1 -6.341e+03 2.427e+02 2.699e+01
|        ( - -1.149e+03 1 0)
|        ( WDBNDRY_E 0 -4.949e+03 1.853e+02 2.199e+01
|            ( QUESTION0_1_R 1 -3.481e+03 1.641e+02 1.599e+01
|                ( - -3.482e+02 1 0)
|                ( - -2.968e+03 1 0))
|            ( - -1.283e+03 1 0)))
|    ( WDBNDRY_E 0 -1.177e+05 2.227e+02 4.883e+02
|        ( SILENCE 1 -1.167e+05 1.945e+02 4.843e+02
|            ( - -1.146e+05 3 0)
|            ( - -1.898e+03 1 0))
|        ( - -8.135e+02 1 0)))
s>    ( QUESTION14 -1 -1.244e+05 3.490e+02 5.153e+02
s>        ( SILENCE 1 -6.341e+03 2.427e+02 2.699e+01
s>            ( - -1.149e+03 1 0)
s>            ( WDBNDRY_E 0 -4.949e+03 1.853e+02 2.199e+01
s>                ( QUESTION0_1_R 1 -3.481e+03 1.641e+02 1.599e+01
s>                    ( - -3.482e+02 1 0)
s>                    ( - -2.968e+03 1 0))
s>                ( - -1.283e+03 1 0)))
s>        ( WDBNDRY_E 0 -1.177e+05 2.227e+02 4.883e+02
s>            ( SILENCE 1 -1.167e+05 1.945e+02 4.843e+02
s>                ( - -1.146e+05 3 0)
s>                ( - -1.898e+03 1 0))
s>            ( - -8.135e+02 1 0)))INFO: dtree.c(1315): Comp split 8
INFO: dtree.c(1478): Final simple tree
|( QUESTION0_16_R 1 -2.534e+05 9.794e+02 1.063e+03
|    ( QUESTION1 -1 -7.762e+04 5.176e+02 3.354e+02
|        ( QUESTION13 -1 -4.199e+04 4.461e+02 1.862e+02
|            ( - 2.221e+02 1 0)
|            ( - -4.177e+04 7 0 QUESTION2 -1 2.573e+02 1.852e+02))
|        ( QUESTION0 1 -3.511e+04 2.607e+02 1.492e+02
|            ( - -3.334e+04 4 0 WDBNDRY_B 0 1.658e+02 1.416e+02)
|            ( - -1.505e+03 1 0)))
|    ( QUESTION0_15_R 1 -1.748e+05 5.476e+02 7.274e+02
|        ( - -1.148e+04 5 0 QUESTION2_6_L -1 1.742e+02 4.892e+01)
|        ( QUESTION10 -1 -1.628e+05 4.896e+02 6.785e+02
|            ( QUESTION2_6_L -1 -1.377e+05 4.150e+02 5.764e+02
|                ( - -3.002e+04 5 0 WDBNDRY_B 0 1.789e+02 1.312e+02)
|                ( - -1.073e+05 15 0 WDBNDRY_B 0 2.177e+02 4.452e+02))
|            ( - -2.460e+04 2 0 WDBNDRY_E 0 2.233e+02 1.021e+02))))
s>    ( QUESTION0_16_R 1 -2.534e+05 9.794e+02 1.063e+03
s>        ( QUESTION1 -1 -7.762e+04 5.176e+02 3.354e+02
s>            ( QUESTION13 -1 -4.199e+04 4.461e+02 1.862e+02
s>                ( - 2.221e+02 1 0)
s>                ( - -4.177e+04 7 0 QUESTION2 -1 2.573e+02 1.852e+02))
s>            ( QUESTION0 1 -3.511e+04 2.607e+02 1.492e+02
s>                ( - -3.334e+04 4 0 WDBNDRY_B 0 1.658e+02 1.416e+02)
s>                ( - -1.505e+03 1 0)))
s>        ( QUESTION0_15_R 1 -1.748e+05 5.476e+02 7.274e+02
s>            ( - -1.148e+04 5 0 QUESTION2_6_L -1 1.742e+02 4.892e+01)
s>            ( QUESTION10 -1 -1.628e+05 4.896e+02 6.785e+02
s>                ( QUESTION2_6_L -1 -1.377e+05 4.150e+02 5.764e+02
s>                    ( - -3.002e+04 5 0 WDBNDRY_B 0 1.789e+02 1.312e+02)
s>                    ( - -1.073e+05 15 0 WDBNDRY_B 0 2.177e+02 4.452e+02))
s>                ( - -2.460e+04 2 0 WDBNDRY_E 0 2.233e+02 1.021e+02))))INFO: dtree.c(1439): stop. leaf nodes are specific
INFO: dtree.c(1478): Final simple tree
|( QUESTION2 -1 -8.719e+04 5.847e+02 3.764e+02
|    ( - -1.648e+04 2 0)
|    ( QUESTION0 -1 -7.012e+04 4.754e+02 3.043e+02
|        ( - -1.762e+04 1 0)
|        ( WDBNDRY_B 0 -5.203e+04 2.197e+02 2.263e+02
|            ( QUESTION17 -1 -1.382e+04 1.347e+02 5.863e+01
|                ( - -7.900e+02 1 0)
|                ( - -1.289e+04 3 0))
|            ( - -3.799e+04 1 0))))
s>    ( QUESTION2 -1 -8.719e+04 5.847e+02 3.764e+02
s>        ( - -1.648e+04 2 0)
s>        ( QUESTION0 -1 -7.012e+04 4.754e+02 3.043e+02
s>            ( - -1.762e+04 1 0)
s>            ( WDBNDRY_B 0 -5.203e+04 2.197e+02 2.263e+02
s>                ( QUESTION17 -1 -1.382e+04 1.347e+02 5.863e+01
s>                    ( - -7.900e+02 1 0)
s>                    ( - -1.289e+04 3 0))
s>                ( - -3.799e+04 1 0))))INFO: dtree.c(1315): Comp split 9
INFO: dtree.c(1439): stop. leaf nodes are specific
INFO: dtree.c(1478): Final simple tree
|( QUESTION1 -1 -7.564e+04 5.305e+02 3.268e+02
|    ( QUESTION2 -1 -4.177e+04 2.573e+02 1.852e+02
|        ( - -2.140e+02 1 0)
|        ( WDBNDRY_B 0 -4.129e+04 1.850e+02 1.832e+02
|            ( - -9.238e+02 1 0)
|            ( QUESTION2_6_L -1 -4.019e+04 1.165e+02 1.782e+02
|                ( - -3.910e+02 1 0)
|                ( - -3.968e+04 4 0))))
|    ( WDBNDRY_B 0 -3.334e+04 1.658e+02 1.416e+02
|        ( SILENCE -1 -2.296e+03 1.337e+02 1.002e+01
|            ( - -1.643e+03 1 0)
|            ( - -5.191e+02 1 0))
|        ( - -3.088e+04 2 0)))
s>    ( QUESTION1 -1 -7.564e+04 5.305e+02 3.268e+02
s>        ( QUESTION2 -1 -4.177e+04 2.573e+02 1.852e+02
s>            ( - -2.140e+02 1 0)
s>            ( WDBNDRY_B 0 -4.129e+04 1.850e+02 1.832e+02
s>                ( - -9.238e+02 1 0)
s>                ( QUESTION2_6_L -1 -4.019e+04 1.165e+02 1.782e+02
s>                    ( - -3.910e+02 1 0)
s>                    ( - -3.968e+04 4 0))))
s>        ( WDBNDRY_B 0 -3.334e+04 1.658e+02 1.416e+02
s>            ( SILENCE -1 -2.296e+03 1.337e+02 1.002e+01
s>                ( - -1.643e+03 1 0)
s>                ( - -5.191e+02 1 0))
s>            ( - -3.088e+04 2 0)))INFO: dtree.c(1478): Final simple tree
|( QUESTION0_15_R 1 -1.768e+05 5.694e+02 7.360e+02
|    ( WDBNDRY_B 0 -1.342e+04 4.512e+02 5.751e+01
|        ( - 2.221e+02 1 0)
|        ( - -1.319e+04 6 0 QUESTION0_16_R 1 2.105e+02 5.651e+01))
|    ( QUESTION10 -1 -1.628e+05 4.896e+02 6.785e+02
|        ( QUESTION2_6_L -1 -1.377e+05 4.150e+02 5.764e+02
|            ( - -3.002e+04 5 0 WDBNDRY_B 0 1.789e+02 1.312e+02)
|            ( WDBNDRY_B 0 -1.073e+05 2.177e+02 4.452e+02
|                ( - -7.220e+03 4 0 QUESTION2_10_L -1 1.542e+02 3.221e+01)
|                ( QUESTION2_10_L -1 -9.985e+04 2.392e+02 4.130e+02
|                    ( - -9.356e+04 9 0)
|                    ( - -6.053e+03 2 0))))
|        ( WDBNDRY_E 0 -2.460e+04 2.233e+02 1.021e+02
|            ( - -2.699e+03 1 0)
|            ( - -2.168e+04 1 0))))
s>    ( QUESTION0_15_R 1 -1.768e+05 5.694e+02 7.360e+02
s>        ( WDBNDRY_B 0 -1.342e+04 4.512e+02 5.751e+01
s>            ( - 2.221e+02 1 0)
s>            ( - -1.319e+04 6 0 QUESTION0_16_R 1 2.105e+02 5.651e+01))
s>        ( QUESTION10 -1 -1.628e+05 4.896e+02 6.785e+02
s>            ( QUESTION2_6_L -1 -1.377e+05 4.150e+02 5.764e+02
s>                ( - -3.002e+04 5 0 WDBNDRY_B 0 1.789e+02 1.312e+02)
s>                ( WDBNDRY_B 0 -1.073e+05 2.177e+02 4.452e+02
s>                    ( - -7.220e+03 4 0 QUESTION2_10_L -1 1.542e+02 3.221e+01)
s>                    ( QUESTION2_10_L -1 -9.985e+04 2.392e+02 4.130e+02
s>                        ( - -9.356e+04 9 0)
s>                        ( - -6.053e+03 2 0))))
s>            ( WDBNDRY_E 0 -2.460e+04 2.233e+02 1.021e+02
s>                ( - -2.699e+03 1 0)
s>                ( - -2.168e+04 1 0))))INFO: dtree.c(1315): Comp split 10
INFO: dtree.c(1439): stop. leaf nodes are specific
INFO: dtree.c(1478): Final simple tree
|( QUESTION5 1 -5.590e+04 1.895e+02 2.385e+02
|    ( QUESTION0_3_R 1 -3.423e+03 1.583e+02 1.500e+01
|        ( - -2.490e+03 1 0)
|        ( - -7.745e+02 1 0))
|    ( QUESTION0_5_R 1 -5.228e+04 1.198e+02 2.235e+02
|        ( - -4.967e+04 2 0)
|        ( - -2.494e+03 3 0)))
s>    ( QUESTION5 1 -5.590e+04 1.895e+02 2.385e+02
s>        ( QUESTION0_3_R 1 -3.423e+03 1.583e+02 1.500e+01
s>            ( - -2.490e+03 1 0)
s>            ( - -7.745e+02 1 0))
s>        ( QUESTION0_5_R 1 -5.228e+04 1.198e+02 2.235e+02
s>            ( - -4.967e+04 2 0)
s>            ( - -2.494e+03 3 0)))INFO: dtree.c(1439): stop. leaf nodes are specific
INFO: dtree.c(1478): Final simple tree
|( QUESTION2_13_L -1 -1.043e+05 4.407e+02 4.303e+02
|    ( QUESTION0_1_R 1 -1.137e+04 3.693e+02 4.744e+01
|        ( - -3.212e+03 1 0)
|        ( - -7.790e+03 1 0))
|    ( WDBNDRY_I 0 -9.250e+04 3.365e+02 3.829e+02
|        ( - -6.179e+04 6 0)
|        ( QUESTION0_1_R 1 -3.037e+04 2.280e+02 1.205e+02
|            ( - -1.100e+04 3 0)
|            ( QUESTION0_6_R 1 -1.914e+04 1.876e+02 7.290e+01
|                ( - -1.697e+04 2 0)
|                ( WDBNDRY_B 0 -1.983e+03 2.252e+02 6.000e+00
|                    ( - -1.167e+03 1 0)
|                    ( - -5.903e+02 1 0))))))
s>    ( QUESTION2_13_L -1 -1.043e+05 4.407e+02 4.303e+02
s>        ( QUESTION0_1_R 1 -1.137e+04 3.693e+02 4.744e+01
s>            ( - -3.212e+03 1 0)
s>            ( - -7.790e+03 1 0))
s>        ( WDBNDRY_I 0 -9.250e+04 3.365e+02 3.829e+02
s>            ( - -6.179e+04 6 0)
s>            ( QUESTION0_1_R 1 -3.037e+04 2.280e+02 1.205e+02
s>                ( - -1.100e+04 3 0)
s>                ( QUESTION0_6_R 1 -1.914e+04 1.876e+02 7.290e+01
s>                    ( - -1.697e+04 2 0)
s>                    ( WDBNDRY_B 0 -1.983e+03 2.252e+02 6.000e+00
s>                        ( - -1.167e+03 1 0)
s>                        ( - -5.903e+02 1 0))))))INFO: dtree.c(1315): Comp split 11
INFO: dtree.c(1478): Final simple tree
|( QUESTION0 -1 -1.848e+05 5.482e+02 7.895e+02
|    ( QUESTION0_9_R 1 -1.081e+05 5.356e+02 4.619e+02
|        ( WDBNDRY_B 0 -8.082e+04 2.004e+02 3.481e+02
|            ( - -2.952e+03 1 0)
|            ( QUESTION2_13_L -1 -7.767e+04 1.876e+02 3.351e+02
|                ( - -1.640e+03 1 0)
|                ( - -7.584e+04 8 0)))
|        ( - -2.674e+04 4 0 WDBNDRY_B 0 1.484e+02 1.138e+02))
|    ( QUESTION2_15_L -1 -7.611e+04 3.175e+02 3.276e+02
|        ( - -1.812e+04 1 0)
|        ( QUESTION10 -1 -5.767e+04 2.483e+02 2.458e+02
|            ( - -2.667e+04 6 0 WDBNDRY_B 0 1.367e+02 1.130e+02)
|            ( QUESTION3 -1 -3.076e+04 2.299e+02 1.327e+02
|                ( - -2.239e+02 1 0)
|                ( - -3.030e+04 8 0 WDBNDRY_B 0 1.818e+02 1.307e+02)))))
s>    ( QUESTION0 -1 -1.848e+05 5.482e+02 7.895e+02
s>        ( QUESTION0_9_R 1 -1.081e+05 5.356e+02 4.619e+02
s>            ( WDBNDRY_B 0 -8.082e+04 2.004e+02 3.481e+02
s>                ( - -2.952e+03 1 0)
s>                ( QUESTION2_13_L -1 -7.767e+04 1.876e+02 3.351e+02
s>                    ( - -1.640e+03 1 0)
s>                    ( - -7.584e+04 8 0)))
s>            ( - -2.674e+04 4 0 WDBNDRY_B 0 1.484e+02 1.138e+02))
s>        ( QUESTION2_15_L -1 -7.611e+04 3.175e+02 3.276e+02
s>            ( - -1.812e+04 1 0)
s>            ( QUESTION10 -1 -5.767e+04 2.483e+02 2.458e+02
s>                ( - -2.667e+04 6 0 WDBNDRY_B 0 1.367e+02 1.130e+02)
s>                ( QUESTION3 -1 -3.076e+04 2.299e+02 1.327e+02
s>                    ( - -2.239e+02 1 0)
s>                    ( - -3.030e+04 8 0 WDBNDRY_B 0 1.818e+02 1.307e+02)))))INFO: dtree.c(1478): Final simple tree
|( QUESTION2_19_L -1 -7.038e+04 5.085e+02 2.895e+02
|    ( QUESTION0_2_R 1 -4.843e+04 3.699e+02 2.029e+02
|        ( - -3.083e+04 6 0)
|        ( QUESTION0_9_R 1 -1.723e+04 1.675e+02 7.016e+01
|            ( - -3.598e+03 2 0)
|            ( WDBNDRY_B 0 -1.347e+04 1.504e+02 5.422e+01
|                ( - -3.701e+03 1 0)
|                ( - -9.615e+03 4 0))))
|    ( QUESTION0_13_R 1 -2.144e+04 2.822e+02 8.661e+01
|        ( - -5.108e+03 1 0)
|        ( WDBNDRY_B 0 -1.605e+04 2.726e+02 6.341e+01
|            ( - -5.432e+03 1 0)
|            ( QUESTION0_1_R 1 -1.035e+04 1.247e+02 3.786e+01
|                ( - -3.976e+03 2 0)
|                ( - -6.246e+03 1 0)))))
s>    ( QUESTION2_19_L -1 -7.038e+04 5.085e+02 2.895e+02
s>        ( QUESTION0_2_R 1 -4.843e+04 3.699e+02 2.029e+02
s>            ( - -3.083e+04 6 0)
s>            ( QUESTION0_9_R 1 -1.723e+04 1.675e+02 7.016e+01
s>                ( - -3.598e+03 2 0)
s>                ( WDBNDRY_B 0 -1.347e+04 1.504e+02 5.422e+01
s>                    ( - -3.701e+03 1 0)
s>                    ( - -9.615e+03 4 0))))
s>        ( QUESTION0_13_R 1 -2.144e+04 2.822e+02 8.661e+01
s>            ( - -5.108e+03 1 0)
s>            ( WDBNDRY_B 0 -1.605e+04 2.726e+02 6.341e+01
s>                ( - -5.432e+03 1 0)
s>                ( QUESTION0_1_R 1 -1.035e+04 1.247e+02 3.786e+01
s>                    ( - -3.976e+03 2 0)
s>                    ( - -6.246e+03 1 0)))))INFO: dtree.c(1315): Comp split 12
INFO: dtree.c(1439): stop. leaf nodes are specific
INFO: dtree.c(1478): Final simple tree
|( QUESTION0_0_R 1 -1.728e+05 3.886e+02 7.544e+02
|    ( - -3.349e+04 1 0)
|    ( - -1.389e+05 5 0))
s>    ( QUESTION0_0_R 1 -1.728e+05 3.886e+02 7.544e+02
s>        ( - -3.349e+04 1 0)
s>        ( - -1.389e+05 5 0))INFO: dtree.c(1439): stop. leaf nodes are specific
INFO: dtree.c(1478): Final simple tree
|( QUESTION2_10_L -1 -2.755e+04 4.107e+02 1.183e+02
|    ( WDBNDRY_B 0 -8.223e+03 2.271e+02 3.638e+01
|        ( - -6.229e+02 1 0)
|        ( - -7.373e+03 1 0))
|    ( WDBNDRY_E 0 -1.892e+04 3.330e+02 8.188e+01
|        ( - -1.693e+03 1 0)
|        ( - -1.689e+04 2 0)))
s>    ( QUESTION2_10_L -1 -2.755e+04 4.107e+02 1.183e+02
s>        ( WDBNDRY_B 0 -8.223e+03 2.271e+02 3.638e+01
s>            ( - -6.229e+02 1 0)
s>            ( - -7.373e+03 1 0))
s>        ( WDBNDRY_E 0 -1.892e+04 3.330e+02 8.188e+01
s>            ( - -1.693e+03 1 0)
s>            ( - -1.689e+04 2 0)))INFO: dtree.c(1315): Comp split 13
INFO: dtree.c(1478): Final simple tree
|( SILENCE -1 -1.030e+05 4.450e+02 4.419e+02
|    ( - -1.392e+04 1 0)
|    ( QUESTION0_14_R 1 -8.861e+04 2.973e+02 3.826e+02
|        ( - -4.684e+04 4 0)
|        ( QUESTION10 -1 -4.147e+04 2.604e+02 1.774e+02
|            ( - -1.319e+03 1 0)
|            ( QUESTION0_10_R 1 -3.989e+04 2.409e+02 1.714e+02
|                ( - -4.068e+02 1 0)
|                ( QUESTION2_19_L -1 -3.925e+04 2.355e+02 1.694e+02
|                    ( WDBNDRY_B 0 -2.613e+04 1.775e+02 1.146e+02
|                        ( QUESTION0_9_R 1 -2.563e+04 1.767e+02 1.126e+02
|                            ( - -2.458e+04 2 0)
|                            ( - -8.699e+02 1 0))
|                        ( - -3.248e+02 1 0))
|                    ( - -1.288e+04 4 0 QUESTION0_9_R 1 1.703e+02 5.476e+01))))))
s>    ( SILENCE -1 -1.030e+05 4.450e+02 4.419e+02
s>        ( - -1.392e+04 1 0)
s>        ( QUESTION0_14_R 1 -8.861e+04 2.973e+02 3.826e+02
s>            ( - -4.684e+04 4 0)
s>            ( QUESTION10 -1 -4.147e+04 2.604e+02 1.774e+02
s>                ( - -1.319e+03 1 0)
s>                ( QUESTION0_10_R 1 -3.989e+04 2.409e+02 1.714e+02
s>                    ( - -4.068e+02 1 0)
s>                    ( QUESTION2_19_L -1 -3.925e+04 2.355e+02 1.694e+02
s>                        ( WDBNDRY_B 0 -2.613e+04 1.775e+02 1.146e+02
s>                            ( QUESTION0_9_R 1 -2.563e+04 1.767e+02 1.126e+02
s>                                ( - -2.458e+04 2 0)
s>                                ( - -8.699e+02 1 0))
s>                            ( - -3.248e+02 1 0))
s>                        ( - -1.288e+04 4 0 QUESTION0_9_R 1 1.703e+02 5.476e+01))))))INFO: dtree.c(1478): Final simple tree
|( QUESTION2_10_L -1 -1.453e+05 4.363e+02 6.274e+02
|    ( - -4.845e+04 4 0)
|    ( QUESTION0_11_R 1 -9.638e+04 2.954e+02 4.182e+02
|        ( QUESTION2_0_L -1 -7.745e+04 2.785e+02 3.391e+02
|            ( QUESTION0 -1 -7.163e+04 2.401e+02 3.143e+02
|                ( - -6.019e+04 6 0 QUESTION2_13_L -1 1.364e+02 2.650e+02)
|                ( QUESTION2_6_L -1 -1.120e+04 1.973e+02 4.933e+01
|                    ( - -2.817e+02 1 0)
|                    ( - -1.072e+04 3 0 QUESTION10 -1 1.696e+02 4.733e+01)))
|            ( - -5.541e+03 1 0))
|        ( QUESTION0_9_R 1 -1.863e+04 2.401e+02 7.913e+01
|            ( - -7.862e+02 1 0)
|            ( QUESTION0 -1 -1.761e+04 1.962e+02 7.513e+01
|                ( - -1.394e+04 1 0)
|                ( - -3.474e+03 3 0 QUESTION0_14_R 1 1.358e+02 1.500e+01)))))
s>    ( QUESTION2_10_L -1 -1.453e+05 4.363e+02 6.274e+02
s>        ( - -4.845e+04 4 0)
s>        ( QUESTION0_11_R 1 -9.638e+04 2.954e+02 4.182e+02
s>            ( QUESTION2_0_L -1 -7.745e+04 2.785e+02 3.391e+02
s>                ( QUESTION0 -1 -7.163e+04 2.401e+02 3.143e+02
s>                    ( - -6.019e+04 6 0 QUESTION2_13_L -1 1.364e+02 2.650e+02)
s>                    ( QUESTION2_6_L -1 -1.120e+04 1.973e+02 4.933e+01
s>                        ( - -2.817e+02 1 0)
s>                        ( - -1.072e+04 3 0 QUESTION10 -1 1.696e+02 4.733e+01)))
s>                ( - -5.541e+03 1 0))
s>            ( QUESTION0_9_R 1 -1.863e+04 2.401e+02 7.913e+01
s>                ( - -7.862e+02 1 0)
s>                ( QUESTION0 -1 -1.761e+04 1.962e+02 7.513e+01
s>                    ( - -1.394e+04 1 0)
s>                    ( - -3.474e+03 3 0 QUESTION0_14_R 1 1.358e+02 1.500e+01)))))INFO: dtree.c(1315): Comp split 14
INFO: dtree.c(1439): stop. leaf nodes are specific
INFO: dtree.c(1478): Final simple tree
|( QUESTION2_10_L -1 -1.303e+05 4.621e+02 5.442e+02
|    ( - -9.356e+04 9 0)
|    ( QUESTION2_6_L -1 -3.627e+04 1.923e+02 1.567e+02
|        ( WDBNDRY_B 0 -3.002e+04 1.789e+02 1.312e+02
|            ( - -3.571e+03 1 0)
|            ( - -2.627e+04 4 0))
|        ( - -6.053e+03 2 0)))
s>    ( QUESTION2_10_L -1 -1.303e+05 4.621e+02 5.442e+02
s>        ( - -9.356e+04 9 0)
s>        ( QUESTION2_6_L -1 -3.627e+04 1.923e+02 1.567e+02
s>            ( WDBNDRY_B 0 -3.002e+04 1.789e+02 1.312e+02
s>                ( - -3.571e+03 1 0)
s>                ( - -2.627e+04 4 0))
s>            ( - -6.053e+03 2 0)))INFO: dtree.c(1478): Final simple tree
|( QUESTION15 -1 -4.585e+04 4.438e+02 1.918e+02
|    ( - 2.221e+02 1 0)
|    ( QUESTION0_15_R 1 -4.563e+04 4.095e+02 1.908e+02
|        ( QUESTION0_16_R 1 -1.319e+04 2.105e+02 5.651e+01
|            ( - -1.505e+03 1 0)
|            ( QUESTION2_6_L -1 -1.148e+04 1.742e+02 4.892e+01
|                ( - -4.036e+03 1 0)
|                ( - -7.269e+03 4 0)))
|        ( WDBNDRY_I 0 -3.203e+04 2.401e+02 1.343e+02
|            ( - -2.168e+04 1 0)
|            ( WDBNDRY_B 0 -1.011e+04 1.923e+02 4.335e+01
|                ( QUESTION2_10_L -1 -7.220e+03 1.542e+02 3.221e+01
|                    ( - -1.272e+03 2 0)
|                    ( - -5.793e+03 2 0))
|                ( - -2.699e+03 1 0)))))
s>    ( QUESTION15 -1 -4.585e+04 4.438e+02 1.918e+02
s>        ( - 2.221e+02 1 0)
s>        ( QUESTION0_15_R 1 -4.563e+04 4.095e+02 1.908e+02
s>            ( QUESTION0_16_R 1 -1.319e+04 2.105e+02 5.651e+01
s>                ( - -1.505e+03 1 0)
s>                ( QUESTION2_6_L -1 -1.148e+04 1.742e+02 4.892e+01
s>                    ( - -4.036e+03 1 0)
s>                    ( - -7.269e+03 4 0)))
s>            ( WDBNDRY_I 0 -3.203e+04 2.401e+02 1.343e+02
s>                ( - -2.168e+04 1 0)
s>                ( WDBNDRY_B 0 -1.011e+04 1.923e+02 4.335e+01
s>                    ( QUESTION2_10_L -1 -7.220e+03 1.542e+02 3.221e+01
s>                        ( - -1.272e+03 2 0)
s>                        ( - -5.793e+03 2 0))
s>                    ( - -2.699e+03 1 0)))))INFO: dtree.c(1315): Comp split 15
INFO: dtree.c(1478): Final simple tree
|( QUESTION2_19_L -1 -1.543e+05 5.479e+02 6.627e+02
|    ( - -7.849e+04 9 0 QUESTION0 -1 1.139e+02 3.391e+02)
|    ( QUESTION2_15_L -1 -7.525e+04 2.972e+02 3.235e+02
|        ( QUESTION0 -1 -1.993e+04 1.740e+02 8.878e+01
|            ( - -1.640e+03 1 0)
|            ( - -1.812e+04 1 0))
|        ( QUESTION10 -1 -5.502e+04 2.564e+02 2.348e+02
|            ( - -2.667e+04 6 0 WDBNDRY_B 0 1.367e+02 1.130e+02)
|            ( QUESTION3 -1 -2.809e+04 2.297e+02 1.217e+02
|                ( - -2.239e+02 1 0)
|                ( WDBNDRY_B 0 -2.764e+04 1.766e+02 1.197e+02
|                    ( - -6.914e+03 2 0 QUESTION0_9_R 1 1.497e+02 3.054e+01)
|                    ( QUESTION2_2_L -1 -2.055e+04 1.767e+02 8.918e+01
|                        ( - -4.891e+03 2 0 QUESTION0_9_R 1 1.323e+02 2.204e+01)
|                        ( - -1.548e+04 3 0 QUESTION13 -1 1.646e+02 6.714e+01)))))))
s>    ( QUESTION2_19_L -1 -1.543e+05 5.479e+02 6.627e+02
s>        ( - -7.849e+04 9 0 QUESTION0 -1 1.139e+02 3.391e+02)
s>        ( QUESTION2_15_L -1 -7.525e+04 2.972e+02 3.235e+02
s>            ( QUESTION0 -1 -1.993e+04 1.740e+02 8.878e+01
s>                ( - -1.640e+03 1 0)
s>                ( - -1.812e+04 1 0))
s>            ( QUESTION10 -1 -5.502e+04 2.564e+02 2.348e+02
s>                ( - -2.667e+04 6 0 WDBNDRY_B 0 1.367e+02 1.130e+02)
s>                ( QUESTION3 -1 -2.809e+04 2.297e+02 1.217e+02
s>                    ( - -2.239e+02 1 0)
s>                    ( WDBNDRY_B 0 -2.764e+04 1.766e+02 1.197e+02
s>                        ( - -6.914e+03 2 0 QUESTION0_9_R 1 1.497e+02 3.054e+01)
s>                        ( QUESTION2_2_L -1 -2.055e+04 1.767e+02 8.918e+01
s>                            ( - -4.891e+03 2 0 QUESTION0_9_R 1 1.323e+02 2.204e+01)
s>                            ( - -1.548e+04 3 0 QUESTION13 -1 1.646e+02 6.714e+01)))))))INFO: dtree.c(1439): stop. leaf nodes are specific
INFO: dtree.c(1478): Final simple tree
|( QUESTION0_9_R 1 -2.988e+04 1.874e+02 1.268e+02
|    ( - -2.952e+03 1 0)
|    ( WDBNDRY_B 0 -2.674e+04 1.484e+02 1.138e+02
|        ( - -1.499e+03 2 0)
|        ( - -2.509e+04 2 0)))
s>    ( QUESTION0_9_R 1 -2.988e+04 1.874e+02 1.268e+02
s>        ( - -2.952e+03 1 0)
s>        ( WDBNDRY_B 0 -2.674e+04 1.484e+02 1.138e+02
s>            ( - -1.499e+03 2 0)
s>            ( - -2.509e+04 2 0)))INFO: dtree.c(1315): Comp split 16
INFO: dtree.c(1439): stop. leaf nodes are specific
INFO: dtree.c(1478): Final simple tree
|( QUESTION2_0_L -1 -3.896e+04 3.109e+02 1.568e+02
|    ( QUESTION2_13_L -1 -3.322e+04 2.828e+02 1.312e+02
|        ( QUESTION0_1_R 1 -1.035e+04 1.247e+02 3.786e+01
|            ( - -3.976e+03 2 0)
|            ( - -6.246e+03 1 0))
|        ( QUESTION0 -1 -2.259e+04 2.513e+02 9.336e+01
|            ( QUESTION0_9_R 1 -1.723e+04 1.675e+02 7.016e+01
|                ( - -3.598e+03 2 0)
|                ( WDBNDRY_B 0 -1.347e+04 1.504e+02 5.422e+01
|                    ( - -3.701e+03 1 0)
|                    ( - -9.615e+03 4 0)))
|            ( - -5.108e+03 1 0)))
|    ( - -5.432e+03 1 0))
s>    ( QUESTION2_0_L -1 -3.896e+04 3.109e+02 1.568e+02
s>        ( QUESTION2_13_L -1 -3.322e+04 2.828e+02 1.312e+02
s>            ( QUESTION0_1_R 1 -1.035e+04 1.247e+02 3.786e+01
s>                ( - -3.976e+03 2 0)
s>                ( - -6.246e+03 1 0))
s>            ( QUESTION0 -1 -2.259e+04 2.513e+02 9.336e+01
s>                ( QUESTION0_9_R 1 -1.723e+04 1.675e+02 7.016e+01
s>                    ( - -3.598e+03 2 0)
s>                    ( WDBNDRY_B 0 -1.347e+04 1.504e+02 5.422e+01
s>                        ( - -3.701e+03 1 0)
s>                        ( - -9.615e+03 4 0)))
s>                ( - -5.108e+03 1 0)))
s>        ( - -5.432e+03 1 0))INFO: dtree.c(1315): Comp split 17
INFO: dtree.c(1439): stop. leaf nodes are specific
INFO: dtree.c(1478): Final simple tree
|( QUESTION0 -1 -7.012e+04 4.754e+02 3.043e+02
|    ( - -1.762e+04 1 0)
|    ( WDBNDRY_B 0 -5.203e+04 2.197e+02 2.263e+02
|        ( QUESTION17 -1 -1.382e+04 1.347e+02 5.863e+01
|            ( - -7.900e+02 1 0)
|            ( - -1.289e+04 3 0))
|        ( - -3.799e+04 1 0)))
s>    ( QUESTION0 -1 -7.012e+04 4.754e+02 3.043e+02
s>        ( - -1.762e+04 1 0)
s>        ( WDBNDRY_B 0 -5.203e+04 2.197e+02 2.263e+02
s>            ( QUESTION17 -1 -1.382e+04 1.347e+02 5.863e+01
s>                ( - -7.900e+02 1 0)
s>                ( - -1.289e+04 3 0))
s>            ( - -3.799e+04 1 0)))INFO: dtree.c(1315): Comp split 18
INFO: dtree.c(1478): Final simple tree
|( QUESTION2_15_L -1 -7.525e+04 2.972e+02 3.235e+02
|    ( QUESTION0 -1 -1.993e+04 1.740e+02 8.878e+01
|        ( - -1.640e+03 1 0)
|        ( - -1.812e+04 1 0))
|    ( QUESTION10 -1 -5.502e+04 2.564e+02 2.348e+02
|        ( - -2.667e+04 6 0 WDBNDRY_B 0 1.367e+02 1.130e+02)
|        ( QUESTION3 -1 -2.809e+04 2.297e+02 1.217e+02
|            ( - -2.239e+02 1 0)
|            ( WDBNDRY_B 0 -2.764e+04 1.766e+02 1.197e+02
|                ( - -6.914e+03 2 0 QUESTION0_9_R 1 1.497e+02 3.054e+01)
|                ( QUESTION2_2_L -1 -2.055e+04 1.767e+02 8.918e+01
|                    ( - -4.891e+03 2 0 QUESTION0_9_R 1 1.323e+02 2.204e+01)
|                    ( QUESTION13 -1 -1.548e+04 1.646e+02 6.714e+01
|                        ( - -1.512e+03 1 0)
|                        ( - -1.380e+04 2 0 QUESTION2 -1 1.115e+02 6.014e+01)))))))
s>    ( QUESTION2_15_L -1 -7.525e+04 2.972e+02 3.235e+02
s>        ( QUESTION0 -1 -1.993e+04 1.740e+02 8.878e+01
s>            ( - -1.640e+03 1 0)
s>            ( - -1.812e+04 1 0))
s>        ( QUESTION10 -1 -5.502e+04 2.564e+02 2.348e+02
s>            ( - -2.667e+04 6 0 WDBNDRY_B 0 1.367e+02 1.130e+02)
s>            ( QUESTION3 -1 -2.809e+04 2.297e+02 1.217e+02
s>                ( - -2.239e+02 1 0)
s>                ( WDBNDRY_B 0 -2.764e+04 1.766e+02 1.197e+02
s>                    ( - -6.914e+03 2 0 QUESTION0_9_R 1 1.497e+02 3.054e+01)
s>                    ( QUESTION2_2_L -1 -2.055e+04 1.767e+02 8.918e+01
s>                        ( - -4.891e+03 2 0 QUESTION0_9_R 1 1.323e+02 2.204e+01)
s>                        ( QUESTION13 -1 -1.548e+04 1.646e+02 6.714e+01
s>                            ( - -1.512e+03 1 0)
s>                            ( - -1.380e+04 2 0 QUESTION2 -1 1.115e+02 6.014e+01)))))))INFO: dtree.c(1439): stop. leaf nodes are specific
INFO: dtree.c(1478): Final simple tree
|( QUESTION0 -1 -7.849e+04 1.139e+02 3.391e+02
|    ( - -7.584e+04 8 0)
|    ( - -2.537e+03 1 0))
s>    ( QUESTION0 -1 -7.849e+04 1.139e+02 3.391e+02
s>        ( - -7.584e+04 8 0)
s>        ( - -2.537e+03 1 0))INFO: dtree.c(1315): Comp split 19
INFO: dtree.c(1439): stop. leaf nodes are specific
INFO: dtree.c(1478): Final simple tree
|( QUESTION0 -1 -3.384e+04 1.665e+02 1.436e+02
|    ( WDBNDRY_B 0 -3.154e+04 1.402e+02 1.346e+02
|        ( - -5.191e+02 1 0)
|        ( - -3.088e+04 2 0))
|    ( WDBNDRY_B 0 -2.135e+03 1.015e+02 9.020e+00
|        ( - -1.643e+03 1 0)
|        ( - -3.910e+02 1 0)))
s>    ( QUESTION0 -1 -3.384e+04 1.665e+02 1.436e+02
s>        ( WDBNDRY_B 0 -3.154e+04 1.402e+02 1.346e+02
s>            ( - -5.191e+02 1 0)
s>            ( - -3.088e+04 2 0))
s>        ( WDBNDRY_B 0 -2.135e+03 1.015e+02 9.020e+00
s>            ( - -1.643e+03 1 0)
s>            ( - -3.910e+02 1 0)))INFO: dtree.c(1439): stop. leaf nodes are specific
INFO: dtree.c(1478): Final simple tree
|( QUESTION2 -1 -4.126e+04 2.577e+02 1.832e+02
|    ( - -2.140e+02 1 0)
|    ( WDBNDRY_B 0 -4.079e+04 1.854e+02 1.812e+02
|        ( - -9.238e+02 1 0)
|        ( - -3.968e+04 4 0)))
s>    ( QUESTION2 -1 -4.126e+04 2.577e+02 1.832e+02
s>        ( - -2.140e+02 1 0)
s>        ( WDBNDRY_B 0 -4.079e+04 1.854e+02 1.812e+02
s>            ( - -9.238e+02 1 0)
s>            ( - -3.968e+04 4 0)))INFO: dtree.c(1315): Comp split 20
INFO: dtree.c(1439): stop. leaf nodes are specific
INFO: dtree.c(1478): Final simple tree
|( WDBNDRY_I 0 -9.601e+04 3.208e+02 3.979e+02
|    ( - -6.179e+04 6 0)
|    ( QUESTION2_13_L -1 -3.390e+04 3.144e+02 1.355e+02
|        ( - -3.212e+03 1 0)
|        ( QUESTION0_1_R 1 -3.037e+04 2.280e+02 1.205e+02
|            ( - -1.100e+04 3 0)
|            ( QUESTION0_6_R 1 -1.914e+04 1.876e+02 7.290e+01
|                ( - -1.697e+04 2 0)
|                ( WDBNDRY_B 0 -1.983e+03 2.252e+02 6.000e+00
|                    ( - -1.167e+03 1 0)
|                    ( - -5.903e+02 1 0))))))
s>    ( WDBNDRY_I 0 -9.601e+04 3.208e+02 3.979e+02
s>        ( - -6.179e+04 6 0)
s>        ( QUESTION2_13_L -1 -3.390e+04 3.144e+02 1.355e+02
s>            ( - -3.212e+03 1 0)
s>            ( QUESTION0_1_R 1 -3.037e+04 2.280e+02 1.205e+02
s>                ( - -1.100e+04 3 0)
s>                ( QUESTION0_6_R 1 -1.914e+04 1.876e+02 7.290e+01
s>                    ( - -1.697e+04 2 0)
s>                    ( WDBNDRY_B 0 -1.983e+03 2.252e+02 6.000e+00
s>                        ( - -1.167e+03 1 0)
s>                        ( - -5.903e+02 1 0))))))INFO: dtree.c(1315): Comp split 21
INFO: dtree.c(1439): stop. leaf nodes are specific
INFO: dtree.c(1478): Final simple tree
|( SILENCE -1 -3.878e+04 2.781e+02 1.679e+02
|    ( - -1.392e+04 1 0)
|    ( - -2.458e+04 2 0))
s>    ( SILENCE -1 -3.878e+04 2.781e+02 1.679e+02
s>        ( - -1.392e+04 1 0)
s>        ( - -2.458e+04 2 0))INFO: dtree.c(1478): Final simple tree
|( QUESTION0_14_R 1 -6.369e+04 2.916e+02 2.739e+02
|    ( - -4.684e+04 4 0)
|    ( QUESTION10 -1 -1.656e+04 2.312e+02 6.876e+01
|        ( - -1.319e+03 1 0)
|        ( QUESTION0_10_R 1 -1.501e+04 2.232e+02 6.276e+01
|            ( - -4.068e+02 1 0)
|            ( QUESTION0_18_R 1 -1.438e+04 1.801e+02 6.076e+01
|                ( QUESTION0_19_R 1 -6.848e+03 1.382e+02 2.997e+01
|                    ( - -5.840e+03 1 0)
|                    ( - -8.699e+02 1 0))
|                ( WDBNDRY_B 0 -7.349e+03 1.547e+02 3.079e+01
|                    ( QUESTION0 -1 -6.869e+03 1.182e+02 2.879e+01
|                        ( - -4.149e+02 1 0)
|                        ( - -6.336e+03 2 0 QUESTION14 -1 1.045e+02 2.679e+01))
|                    ( - -3.248e+02 1 0))))))
s>    ( QUESTION0_14_R 1 -6.369e+04 2.916e+02 2.739e+02
s>        ( - -4.684e+04 4 0)
s>        ( QUESTION10 -1 -1.656e+04 2.312e+02 6.876e+01
s>            ( - -1.319e+03 1 0)
s>            ( QUESTION0_10_R 1 -1.501e+04 2.232e+02 6.276e+01
s>                ( - -4.068e+02 1 0)
s>                ( QUESTION0_18_R 1 -1.438e+04 1.801e+02 6.076e+01
s>                    ( QUESTION0_19_R 1 -6.848e+03 1.382e+02 2.997e+01
s>                        ( - -5.840e+03 1 0)
s>                        ( - -8.699e+02 1 0))
s>                    ( WDBNDRY_B 0 -7.349e+03 1.547e+02 3.079e+01
s>                        ( QUESTION0 -1 -6.869e+03 1.182e+02 2.879e+01
s>                            ( - -4.149e+02 1 0)
s>                            ( - -6.336e+03 2 0 QUESTION14 -1 1.045e+02 2.679e+01))
s>                        ( - -3.248e+02 1 0))))))INFO: dtree.c(1315): Comp split 22
INFO: dtree.c(1478): Final simple tree
|( QUESTION2_0_L -1 -9.165e+04 2.802e+02 3.992e+02
|    ( QUESTION0_9_R 1 -8.583e+04 2.637e+02 3.745e+02
|        ( QUESTION0 -1 -7.163e+04 2.401e+02 3.143e+02
|            ( QUESTION2_13_L -1 -6.019e+04 1.364e+02 2.650e+02
|                ( - -4.417e+03 1 0)
|                ( - -5.564e+04 5 0))
|            ( QUESTION2_6_L -1 -1.120e+04 1.973e+02 4.933e+01
|                ( - -2.817e+02 1 0)
|                ( QUESTION10 -1 -1.072e+04 1.696e+02 4.733e+01
|                    ( - -1.457e+03 1 0)
|                    ( QUESTION14 -1 -9.095e+03 1.608e+02 4.033e+01
|                        ( - -7.485e+03 1 0)
|                        ( - -1.449e+03 1 0)))))
|        ( - -1.394e+04 1 0))
|    ( - -5.541e+03 1 0))
s>    ( QUESTION2_0_L -1 -9.165e+04 2.802e+02 3.992e+02
s>        ( QUESTION0_9_R 1 -8.583e+04 2.637e+02 3.745e+02
s>            ( QUESTION0 -1 -7.163e+04 2.401e+02 3.143e+02
s>                ( QUESTION2_13_L -1 -6.019e+04 1.364e+02 2.650e+02
s>                    ( - -4.417e+03 1 0)
s>                    ( - -5.564e+04 5 0))
s>                ( QUESTION2_6_L -1 -1.120e+04 1.973e+02 4.933e+01
s>                    ( - -2.817e+02 1 0)
s>                    ( QUESTION10 -1 -1.072e+04 1.696e+02 4.733e+01
s>                        ( - -1.457e+03 1 0)
s>                        ( QUESTION14 -1 -9.095e+03 1.608e+02 4.033e+01
s>                            ( - -7.485e+03 1 0)
s>                            ( - -1.449e+03 1 0)))))
s>            ( - -1.394e+04 1 0))
s>        ( - -5.541e+03 1 0))INFO: dtree.c(1439): stop. leaf nodes are specific
INFO: dtree.c(1478): Final simple tree
|( QUESTION0_10_R 1 -5.312e+04 2.414e+02 2.282e+02
|    ( - -7.862e+02 1 0)
|    ( QUESTION0_9_R 1 -5.210e+04 1.740e+02 2.242e+02
|        ( - -4.845e+04 4 0)
|        ( QUESTION0_14_R 1 -3.474e+03 1.358e+02 1.500e+01
|            ( - -2.019e+03 2 0)
|            ( - -1.319e+03 1 0))))
s>    ( QUESTION0_10_R 1 -5.312e+04 2.414e+02 2.282e+02
s>        ( - -7.862e+02 1 0)
s>        ( QUESTION0_9_R 1 -5.210e+04 1.740e+02 2.242e+02
s>            ( - -4.845e+04 4 0)
s>            ( QUESTION0_14_R 1 -3.474e+03 1.358e+02 1.500e+01
s>                ( - -2.019e+03 2 0)
s>                ( - -1.319e+03 1 0))))INFO: dtree.c(1315): Comp split 23
INFO: dtree.c(1439): stop. leaf nodes are specific
INFO: dtree.c(1478): Final simple tree
|( WDBNDRY_B 0 -5.203e+04 2.197e+02 2.263e+02
|    ( QUESTION17 -1 -1.382e+04 1.347e+02 5.863e+01
|        ( - -7.900e+02 1 0)
|        ( - -1.289e+04 3 0))
|    ( - -3.799e+04 1 0))
s>    ( WDBNDRY_B 0 -5.203e+04 2.197e+02 2.263e+02
s>        ( QUESTION17 -1 -1.382e+04 1.347e+02 5.863e+01
s>            ( - -7.900e+02 1 0)
s>            ( - -1.289e+04 3 0))
s>        ( - -3.799e+04 1 0))INFO: dtree.c(1315): Comp split 24
INFO: dtree.c(1439): stop. leaf nodes are specific
INFO: dtree.c(1478): Final simple tree
|( QUESTION2_19_L -1 -7.643e+05 2.704e+02 3.323e+03
|    ( WDBNDRY_I 0 -7.458e+05 2.556e+02 3.245e+03
|        ( - -7.111e+05 11 0)
|        ( WDBNDRY_B 0 -3.442e+04 1.757e+02 1.451e+02
|            ( - -3.223e+04 7 0)
|            ( - -2.022e+03 1 0)))
|    ( QUESTION0 -1 -1.825e+04 1.824e+02 7.769e+01
|        ( - -7.839e+03 5 0)
|        ( WDBNDRY_B 0 -1.023e+04 1.623e+02 4.368e+01
|            ( QUESTION12 -1 -8.676e+03 1.615e+02 3.668e+01
|                ( - -6.741e+03 3 0)
|                ( - -1.774e+03 1 0))
|            ( - -1.388e+03 1 0))))
s>    ( QUESTION2_19_L -1 -7.643e+05 2.704e+02 3.323e+03
s>        ( WDBNDRY_I 0 -7.458e+05 2.556e+02 3.245e+03
s>            ( - -7.111e+05 11 0)
s>            ( WDBNDRY_B 0 -3.442e+04 1.757e+02 1.451e+02
s>                ( - -3.223e+04 7 0)
s>                ( - -2.022e+03 1 0)))
s>        ( QUESTION0 -1 -1.825e+04 1.824e+02 7.769e+01
s>            ( - -7.839e+03 5 0)
s>            ( WDBNDRY_B 0 -1.023e+04 1.623e+02 4.368e+01
s>                ( QUESTION12 -1 -8.676e+03 1.615e+02 3.668e+01
s>                    ( - -6.741e+03 3 0)
s>                    ( - -1.774e+03 1 0))
s>                ( - -1.388e+03 1 0))))INFO: dtree.c(1439): stop. leaf nodes are specific
INFO: dtree.c(1478): Final simple tree
|( WDBNDRY_B 0 -1.392e+04 3.301e+02 6.104e+01
|    ( SILENCE -1 -9.714e+03 1.474e+02 4.305e+01
|        ( - -8.139e+03 1 0)
|        ( - -1.428e+03 1 0))
|    ( - -3.879e+03 1 0))
s>    ( WDBNDRY_B 0 -1.392e+04 3.301e+02 6.104e+01
s>        ( SILENCE -1 -9.714e+03 1.474e+02 4.305e+01
s>            ( - -8.139e+03 1 0)
s>            ( - -1.428e+03 1 0))
s>        ( - -3.879e+03 1 0))INFO: dtree.c(1315): Comp split 25
INFO: dtree.c(1439): stop. leaf nodes are specific
INFO: dtree.c(1478): Final simple tree
|( QUESTION2_6_L -1 -3.627e+04 1.923e+02 1.567e+02
|    ( WDBNDRY_B 0 -3.002e+04 1.789e+02 1.312e+02
|        ( - -3.571e+03 1 0)
|        ( - -2.627e+04 4 0))
|    ( - -6.053e+03 2 0))
s>    ( QUESTION2_6_L -1 -3.627e+04 1.923e+02 1.567e+02
s>        ( WDBNDRY_B 0 -3.002e+04 1.789e+02 1.312e+02
s>            ( - -3.571e+03 1 0)
s>            ( - -2.627e+04 4 0))
s>        ( - -6.053e+03 2 0))INFO: dtree.c(1315): Comp split 26
INFO: dtree.c(1439): stop. leaf nodes are specific
INFO: dtree.c(1478): Final simple tree
|( QUESTION0_15_R 1 -4.563e+04 4.095e+02 1.908e+02
|    ( QUESTION0_16_R 1 -1.319e+04 2.105e+02 5.651e+01
|        ( - -1.505e+03 1 0)
|        ( QUESTION2_6_L -1 -1.148e+04 1.742e+02 4.892e+01
|            ( - -4.036e+03 1 0)
|            ( - -7.269e+03 4 0)))
|    ( WDBNDRY_I 0 -3.203e+04 2.401e+02 1.343e+02
|        ( - -2.168e+04 1 0)
|        ( WDBNDRY_B 0 -1.011e+04 1.923e+02 4.335e+01
|            ( QUESTION2_10_L -1 -7.220e+03 1.542e+02 3.221e+01
|                ( - -1.272e+03 2 0)
|                ( - -5.793e+03 2 0))
|            ( - -2.699e+03 1 0))))
s>    ( QUESTION0_15_R 1 -4.563e+04 4.095e+02 1.908e+02
s>        ( QUESTION0_16_R 1 -1.319e+04 2.105e+02 5.651e+01
s>            ( - -1.505e+03 1 0)
s>            ( QUESTION2_6_L -1 -1.148e+04 1.742e+02 4.892e+01
s>                ( - -4.036e+03 1 0)
s>                ( - -7.269e+03 4 0)))
s>        ( WDBNDRY_I 0 -3.203e+04 2.401e+02 1.343e+02
s>            ( - -2.168e+04 1 0)
s>            ( WDBNDRY_B 0 -1.011e+04 1.923e+02 4.335e+01
s>                ( QUESTION2_10_L -1 -7.220e+03 1.542e+02 3.221e+01
s>                    ( - -1.272e+03 2 0)
s>                    ( - -5.793e+03 2 0))
s>                ( - -2.699e+03 1 0))))INFO: dtree.c(1315): Comp split 27
INFO: dtree.c(1315): Comp split 28
INFO: dtree.c(1439): stop. leaf nodes are specific
INFO: dtree.c(1478): Final simple tree
|( WDBNDRY_E 0 -1.892e+04 3.330e+02 8.188e+01
|    ( - -1.693e+03 1 0)
|    ( - -1.689e+04 2 0))
s>    ( WDBNDRY_E 0 -1.892e+04 3.330e+02 8.188e+01
s>        ( - -1.693e+03 1 0)
s>        ( - -1.689e+04 2 0))INFO: dtree.c(1439): stop. leaf nodes are specific
INFO: dtree.c(1478): Final simple tree
|( WDBNDRY_B 0 -8.223e+03 2.271e+02 3.638e+01
|    ( - -6.229e+02 1 0)
|    ( - -7.373e+03 1 0))
s>    ( WDBNDRY_B 0 -8.223e+03 2.271e+02 3.638e+01
s>        ( - -6.229e+02 1 0)
s>        ( - -7.373e+03 1 0))INFO: dtree.c(1315): Comp split 29
INFO: dtree.c(1439): stop. leaf nodes are specific
INFO: dtree.c(1478): Final simple tree
|( WDBNDRY_B 0 -1.921e+04 2.268e+02 8.272e+01
|    ( - -5.793e+03 2 0)
|    ( QUESTION0_16_R 1 -1.319e+04 2.105e+02 5.651e+01
|        ( - -1.505e+03 1 0)
|        ( QUESTION2_6_L -1 -1.148e+04 1.742e+02 4.892e+01
|            ( - -4.036e+03 1 0)
|            ( - -7.269e+03 4 0))))
s>    ( WDBNDRY_B 0 -1.921e+04 2.268e+02 8.272e+01
s>        ( - -5.793e+03 2 0)
s>        ( QUESTION0_16_R 1 -1.319e+04 2.105e+02 5.651e+01
s>            ( - -1.505e+03 1 0)
s>            ( QUESTION2_6_L -1 -1.148e+04 1.742e+02 4.892e+01
s>                ( - -4.036e+03 1 0)
s>                ( - -7.269e+03 4 0))))INFO: dtree.c(1439): stop. leaf nodes are specific
INFO: dtree.c(1478): Final simple tree
|( WDBNDRY_E 0 -2.601e+04 2.197e+02 1.081e+02
|    ( - -2.699e+03 1 0)
|    ( WDBNDRY_B 0 -2.309e+04 1.392e+02 9.699e+01
|        ( - -1.272e+03 2 0)
|        ( - -2.168e+04 1 0)))
s>    ( WDBNDRY_E 0 -2.601e+04 2.197e+02 1.081e+02
s>        ( - -2.699e+03 1 0)
s>        ( WDBNDRY_B 0 -2.309e+04 1.392e+02 9.699e+01
s>            ( - -1.272e+03 2 0)
s>            ( - -2.168e+04 1 0)))INFO: dtree.c(1315): Comp split 30
INFO: dtree.c(1315): Comp split 31
INFO: dtree.c(1439): stop. leaf nodes are specific
INFO: dtree.c(1478): Final simple tree
|( SILENCE 1 -8.414e+03 2.383e+02 3.555e+01
|    ( - -1.149e+03 1 0)
|    ( QUESTION0_4_R 1 -7.027e+03 1.967e+02 3.055e+01
|        ( - -2.968e+03 1 0)
|        ( WDBNDRY_E 0 -3.862e+03 1.968e+02 1.656e+01
|            ( QUESTION0_0_R 1 -2.381e+03 1.347e+02 1.056e+01
|                ( - -3.482e+02 1 0)
|                ( - -1.898e+03 1 0))
|            ( - -1.283e+03 1 0))))
s>    ( SILENCE 1 -8.414e+03 2.383e+02 3.555e+01
s>        ( - -1.149e+03 1 0)
s>        ( QUESTION0_4_R 1 -7.027e+03 1.967e+02 3.055e+01
s>            ( - -2.968e+03 1 0)
s>            ( WDBNDRY_E 0 -3.862e+03 1.968e+02 1.656e+01
s>                ( QUESTION0_0_R 1 -2.381e+03 1.347e+02 1.056e+01
s>                    ( - -3.482e+02 1 0)
s>                    ( - -1.898e+03 1 0))
s>                ( - -1.283e+03 1 0))))INFO: dtree.c(1439): stop. leaf nodes are specific
INFO: dtree.c(1478): Final simple tree
|( WDBNDRY_E 0 -1.156e+05 2.234e+02 4.798e+02
|    ( - -1.146e+05 3 0)
|    ( - -8.135e+02 1 0))
s>    ( WDBNDRY_E 0 -1.156e+05 2.234e+02 4.798e+02
s>        ( - -1.146e+05 3 0)
s>        ( - -8.135e+02 1 0))INFO: dtree.c(1315): Comp split 32
INFO: dtree.c(1439): stop. leaf nodes are specific
INFO: dtree.c(1478): Final simple tree
|( QUESTION0_1_R 1 -2.819e+04 2.181e+02 1.145e+02
|    ( - -1.100e+04 3 0)
|    ( - -1.697e+04 2 0))
s>    ( QUESTION0_1_R 1 -2.819e+04 2.181e+02 1.145e+02
s>        ( - -1.100e+04 3 0)
s>        ( - -1.697e+04 2 0))INFO: dtree.c(1439): stop. leaf nodes are specific
INFO: dtree.c(1478): Final simple tree
|( QUESTION2_13_L -1 -6.747e+04 2.953e+02 2.834e+02
|    ( - -3.212e+03 1 0)
|    ( WDBNDRY_E 0 -6.396e+04 2.826e+02 2.684e+02
|        ( - -5.903e+02 1 0)
|        ( WDBNDRY_B 0 -6.309e+04 1.339e+02 2.664e+02
|            ( - -1.167e+03 1 0)
|            ( - -6.179e+04 6 0))))
s>    ( QUESTION2_13_L -1 -6.747e+04 2.953e+02 2.834e+02
s>        ( - -3.212e+03 1 0)
s>        ( WDBNDRY_E 0 -6.396e+04 2.826e+02 2.684e+02
s>            ( - -5.903e+02 1 0)
s>            ( WDBNDRY_B 0 -6.309e+04 1.339e+02 2.664e+02
s>                ( - -1.167e+03 1 0)
s>                ( - -6.179e+04 6 0))))INFO: dtree.c(1315): Comp split 33
INFO: dtree.c(1315): Comp split 34
INFO: dtree.c(1439): stop. leaf nodes are specific
INFO: dtree.c(1478): Final simple tree
|( SILENCE -1 -9.714e+03 1.474e+02 4.305e+01
|    ( - -8.139e+03 1 0)
|    ( - -1.428e+03 1 0))
s>    ( SILENCE -1 -9.714e+03 1.474e+02 4.305e+01
s>        ( - -8.139e+03 1 0)
s>        ( - -1.428e+03 1 0))INFO: dtree.c(1315): Comp split 35
INFO: dtree.c(1439): stop. leaf nodes are specific
INFO: dtree.c(1478): Final simple tree
|( QUESTION0 -1 -2.259e+04 2.513e+02 9.336e+01
|    ( QUESTION0_9_R 1 -1.723e+04 1.675e+02 7.016e+01
|        ( - -3.598e+03 2 0)
|        ( WDBNDRY_B 0 -1.347e+04 1.504e+02 5.422e+01
|            ( - -3.701e+03 1 0)
|            ( - -9.615e+03 4 0)))
|    ( - -5.108e+03 1 0))
s>    ( QUESTION0 -1 -2.259e+04 2.513e+02 9.336e+01
s>        ( QUESTION0_9_R 1 -1.723e+04 1.675e+02 7.016e+01
s>            ( - -3.598e+03 2 0)
s>            ( WDBNDRY_B 0 -1.347e+04 1.504e+02 5.422e+01
s>                ( - -3.701e+03 1 0)
s>                ( - -9.615e+03 4 0)))
s>        ( - -5.108e+03 1 0))INFO: dtree.c(1439): stop. leaf nodes are specific
INFO: dtree.c(1478): Final simple tree
|( WDBNDRY_B 0 -1.605e+04 2.726e+02 6.341e+01
|    ( - -5.432e+03 1 0)
|    ( QUESTION0_1_R 1 -1.035e+04 1.247e+02 3.786e+01
|        ( - -3.976e+03 2 0)
|        ( - -6.246e+03 1 0)))
s>    ( WDBNDRY_B 0 -1.605e+04 2.726e+02 6.341e+01
s>        ( - -5.432e+03 1 0)
s>        ( QUESTION0_1_R 1 -1.035e+04 1.247e+02 3.786e+01
s>            ( - -3.976e+03 2 0)
s>            ( - -6.246e+03 1 0)))INFO: dtree.c(1315): Comp split 36
INFO: dtree.c(1439): stop. leaf nodes are specific
INFO: dtree.c(1478): Final simple tree
|( WDBNDRY_B 0 -1.857e+04 2.237e+02 8.377e+01
|    ( - -2.239e+02 1 0)
|    ( - -1.812e+04 1 0))
s>    ( WDBNDRY_B 0 -1.857e+04 2.237e+02 8.377e+01
s>        ( - -2.239e+02 1 0)
s>        ( - -1.812e+04 1 0))INFO: dtree.c(1478): Final simple tree
|( QUESTION10 -1 -5.637e+04 2.665e+02 2.398e+02
|    ( WDBNDRY_B 0 -2.667e+04 1.367e+02 1.130e+02
|        ( - -1.034e+03 1 0)
|        ( - -2.550e+04 5 0 QUESTION2_6_L -1 1.095e+02 1.080e+02))
|    ( QUESTION2_2_L -1 -2.944e+04 1.823e+02 1.267e+02
|        ( - -4.891e+03 2 0 QUESTION0_9_R 1 1.323e+02 2.204e+01)
|        ( WDBNDRY_B 0 -2.436e+04 1.725e+02 1.047e+02
|            ( QUESTION0_9_R 1 -6.914e+03 1.497e+02 3.054e+01
|                ( - -4.190e+03 1 0)
|                ( - -2.574e+03 1 0))
|            ( QUESTION13 -1 -1.728e+04 1.649e+02 7.414e+01
|                ( - -1.512e+03 1 0)
|                ( QUESTION0 -1 -1.560e+04 1.574e+02 6.714e+01
|                    ( - -1.640e+03 1 0)
|                    ( - -1.380e+04 2 0 QUESTION2 -1 1.115e+02 6.014e+01))))))
s>    ( QUESTION10 -1 -5.637e+04 2.665e+02 2.398e+02
s>        ( WDBNDRY_B 0 -2.667e+04 1.367e+02 1.130e+02
s>            ( - -1.034e+03 1 0)
s>            ( - -2.550e+04 5 0 QUESTION2_6_L -1 1.095e+02 1.080e+02))
s>        ( QUESTION2_2_L -1 -2.944e+04 1.823e+02 1.267e+02
s>            ( - -4.891e+03 2 0 QUESTION0_9_R 1 1.323e+02 2.204e+01)
s>            ( WDBNDRY_B 0 -2.436e+04 1.725e+02 1.047e+02
s>                ( QUESTION0_9_R 1 -6.914e+03 1.497e+02 3.054e+01
s>                    ( - -4.190e+03 1 0)
s>                    ( - -2.574e+03 1 0))
s>                ( QUESTION13 -1 -1.728e+04 1.649e+02 7.414e+01
s>                    ( - -1.512e+03 1 0)
s>                    ( QUESTION0 -1 -1.560e+04 1.574e+02 6.714e+01
s>                        ( - -1.640e+03 1 0)
s>                        ( - -1.380e+04 2 0 QUESTION2 -1 1.115e+02 6.014e+01))))))INFO: dtree.c(1315): Comp split 37
INFO: dtree.c(1439): stop. leaf nodes are specific
INFO: dtree.c(1478): Final simple tree
|( WDBNDRY_B 0 -2.436e+04 1.725e+02 1.047e+02
|    ( QUESTION0_9_R 1 -6.914e+03 1.497e+02 3.054e+01
|        ( - -4.190e+03 1 0)
|        ( - -2.574e+03 1 0))
|    ( QUESTION13 -1 -1.728e+04 1.649e+02 7.414e+01
|        ( - -1.512e+03 1 0)
|        ( QUESTION0 -1 -1.560e+04 1.574e+02 6.714e+01
|            ( - -1.640e+03 1 0)
|            ( QUESTION2 -1 -1.380e+04 1.115e+02 6.014e+01
|                ( - -1.284e+04 1 0)
|                ( - -8.556e+02 1 0)))))
s>    ( WDBNDRY_B 0 -2.436e+04 1.725e+02 1.047e+02
s>        ( QUESTION0_9_R 1 -6.914e+03 1.497e+02 3.054e+01
s>            ( - -4.190e+03 1 0)
s>            ( - -2.574e+03 1 0))
s>        ( QUESTION13 -1 -1.728e+04 1.649e+02 7.414e+01
s>            ( - -1.512e+03 1 0)
s>            ( QUESTION0 -1 -1.560e+04 1.574e+02 6.714e+01
s>                ( - -1.640e+03 1 0)
s>                ( QUESTION2 -1 -1.380e+04 1.115e+02 6.014e+01
s>                    ( - -1.284e+04 1 0)
s>                    ( - -8.556e+02 1 0)))))INFO: dtree.c(1439): stop. leaf nodes are specific
INFO: dtree.c(1478): Final simple tree
|( QUESTION0_9_R 1 -3.171e+04 1.565e+02 1.351e+02
|    ( - -1.638e+03 1 0)
|    ( WDBNDRY_B 0 -2.992e+04 1.382e+02 1.271e+02
|        ( - -1.034e+03 1 0)
|        ( QUESTION2 -1 -2.875e+04 1.275e+02 1.221e+02
|            ( - -3.120e+03 1 0)
|            ( QUESTION2_6_L -1 -2.550e+04 1.095e+02 1.080e+02
|                ( - -1.562e+03 1 0)
|                ( - -2.383e+04 4 0)))))
s>    ( QUESTION0_9_R 1 -3.171e+04 1.565e+02 1.351e+02
s>        ( - -1.638e+03 1 0)
s>        ( WDBNDRY_B 0 -2.992e+04 1.382e+02 1.271e+02
s>            ( - -1.034e+03 1 0)
s>            ( QUESTION2 -1 -2.875e+04 1.275e+02 1.221e+02
s>                ( - -3.120e+03 1 0)
s>                ( QUESTION2_6_L -1 -2.550e+04 1.095e+02 1.080e+02
s>                    ( - -1.562e+03 1 0)
s>                    ( - -2.383e+04 4 0)))))INFO: dtree.c(1315): Comp split 38
INFO: dtree.c(1439): stop. leaf nodes are specific
INFO: dtree.c(1478): Final simple tree
|( QUESTION0_9_R 1 -4.737e+04 1.197e+02 2.072e+02
|    ( - -4.149e+02 1 0)
|    ( - -4.684e+04 4 0))
s>    ( QUESTION0_9_R 1 -4.737e+04 1.197e+02 2.072e+02
s>        ( - -4.149e+02 1 0)
s>        ( - -4.684e+04 4 0))INFO: dtree.c(1439): stop. leaf nodes are specific
INFO: dtree.c(1478): Final simple tree
|( QUESTION10 -1 -1.602e+04 2.340e+02 6.676e+01
|    ( - -1.319e+03 1 0)
|    ( QUESTION0_10_R 1 -1.447e+04 2.236e+02 6.076e+01
|        ( - -4.068e+02 1 0)
|        ( QUESTION0_18_R 1 -1.384e+04 1.709e+02 5.876e+01
|            ( QUESTION0_19_R 1 -6.848e+03 1.382e+02 2.997e+01
|                ( - -5.840e+03 1 0)
|                ( - -8.699e+02 1 0))
|            ( WDBNDRY_B 0 -6.816e+03 1.553e+02 2.879e+01
|                ( QUESTION14 -1 -6.336e+03 1.045e+02 2.679e+01
|                    ( - -5.860e+03 1 0)
|                    ( - -3.720e+02 1 0))
|                ( - -3.248e+02 1 0)))))
s>    ( QUESTION10 -1 -1.602e+04 2.340e+02 6.676e+01
s>        ( - -1.319e+03 1 0)
s>        ( QUESTION0_10_R 1 -1.447e+04 2.236e+02 6.076e+01
s>            ( - -4.068e+02 1 0)
s>            ( QUESTION0_18_R 1 -1.384e+04 1.709e+02 5.876e+01
s>                ( QUESTION0_19_R 1 -6.848e+03 1.382e+02 2.997e+01
s>                    ( - -5.840e+03 1 0)
s>                    ( - -8.699e+02 1 0))
s>                ( WDBNDRY_B 0 -6.816e+03 1.553e+02 2.879e+01
s>                    ( QUESTION14 -1 -6.336e+03 1.045e+02 2.679e+01
s>                        ( - -5.860e+03 1 0)
s>                        ( - -3.720e+02 1 0))
s>                    ( - -3.248e+02 1 0)))))INFO: dtree.c(1315): Comp split 39
INFO: dtree.c(1439): stop. leaf nodes are specific
INFO: dtree.c(1478): Final simple tree
|( WDBNDRY_E 0 -6.396e+04 2.826e+02 2.684e+02
|    ( - -5.903e+02 1 0)
|    ( WDBNDRY_B 0 -6.309e+04 1.339e+02 2.664e+02
|        ( - -1.167e+03 1 0)
|        ( - -6.179e+04 6 0)))
s>    ( WDBNDRY_E 0 -6.396e+04 2.826e+02 2.684e+02
s>        ( - -5.903e+02 1 0)
s>        ( WDBNDRY_B 0 -6.309e+04 1.339e+02 2.664e+02
s>            ( - -1.167e+03 1 0)
s>            ( - -6.179e+04 6 0)))INFO: dtree.c(1315): Comp split 40
INFO: dtree.c(1439): stop. leaf nodes are specific
INFO: dtree.c(1478): Final simple tree
|( WDBNDRY_B 0 -6.309e+04 1.339e+02 2.664e+02
|    ( - -1.167e+03 1 0)
|    ( - -6.179e+04 6 0))
s>    ( WDBNDRY_B 0 -6.309e+04 1.339e+02 2.664e+02
s>        ( - -1.167e+03 1 0)
s>        ( - -6.179e+04 6 0))INFO: dtree.c(1315): Comp split 41
INFO: dtree.c(1439): stop. leaf nodes are specific
INFO: dtree.c(1478): Final simple tree
|( QUESTION0_9_R 1 -8.583e+04 2.637e+02 3.745e+02
|    ( QUESTION0 -1 -7.163e+04 2.401e+02 3.143e+02
|        ( QUESTION2_13_L -1 -6.019e+04 1.364e+02 2.650e+02
|            ( - -4.417e+03 1 0)
|            ( - -5.564e+04 5 0))
|        ( QUESTION2_6_L -1 -1.120e+04 1.973e+02 4.933e+01
|            ( - -2.817e+02 1 0)
|            ( QUESTION10 -1 -1.072e+04 1.696e+02 4.733e+01
|                ( - -1.457e+03 1 0)
|                ( QUESTION14 -1 -9.095e+03 1.608e+02 4.033e+01
|                    ( - -7.485e+03 1 0)
|                    ( - -1.449e+03 1 0)))))
|    ( - -1.394e+04 1 0))
s>    ( QUESTION0_9_R 1 -8.583e+04 2.637e+02 3.745e+02
s>        ( QUESTION0 -1 -7.163e+04 2.401e+02 3.143e+02
s>            ( QUESTION2_13_L -1 -6.019e+04 1.364e+02 2.650e+02
s>                ( - -4.417e+03 1 0)
s>                ( - -5.564e+04 5 0))
s>            ( QUESTION2_6_L -1 -1.120e+04 1.973e+02 4.933e+01
s>                ( - -2.817e+02 1 0)
s>                ( QUESTION10 -1 -1.072e+04 1.696e+02 4.733e+01
s>                    ( - -1.457e+03 1 0)
s>                    ( QUESTION14 -1 -9.095e+03 1.608e+02 4.033e+01
s>                        ( - -7.485e+03 1 0)
s>                        ( - -1.449e+03 1 0)))))
s>        ( - -1.394e+04 1 0))INFO: dtree.c(1315): Comp split 42
INFO: dtree.c(1315): Comp split 43
INFO: dtree.c(1439): stop. leaf nodes are specific
INFO: dtree.c(1478): Final simple tree
|( QUESTION0_9_R 1 -1.553e+04 1.471e+02 6.713e+01
|    ( - -1.449e+03 1 0)
|    ( - -1.394e+04 1 0))
s>    ( QUESTION0_9_R 1 -1.553e+04 1.471e+02 6.713e+01
s>        ( - -1.449e+03 1 0)
s>        ( - -1.394e+04 1 0))INFO: dtree.c(1439): stop. leaf nodes are specific
INFO: dtree.c(1478): Final simple tree
|( QUESTION0 -1 -7.002e+04 2.472e+02 3.073e+02
|    ( QUESTION2_13_L -1 -6.019e+04 1.364e+02 2.650e+02
|        ( - -4.417e+03 1 0)
|        ( - -5.564e+04 5 0))
|    ( QUESTION2_6_L -1 -9.586e+03 1.997e+02 4.232e+01
|        ( - -2.817e+02 1 0)
|        ( QUESTION10 -1 -9.104e+03 1.626e+02 4.032e+01
|            ( - -1.457e+03 1 0)
|            ( - -7.485e+03 1 0))))
s>    ( QUESTION0 -1 -7.002e+04 2.472e+02 3.073e+02
s>        ( QUESTION2_13_L -1 -6.019e+04 1.364e+02 2.650e+02
s>            ( - -4.417e+03 1 0)
s>            ( - -5.564e+04 5 0))
s>        ( QUESTION2_6_L -1 -9.586e+03 1.997e+02 4.232e+01
s>            ( - -2.817e+02 1 0)
s>            ( QUESTION10 -1 -9.104e+03 1.626e+02 4.032e+01
s>                ( - -1.457e+03 1 0)
s>                ( - -7.485e+03 1 0))))INFO: dtree.c(1315): Comp split 44
INFO: dtree.c(1439): stop. leaf nodes are specific
INFO: dtree.c(1478): Final simple tree
|( QUESTION0_1_R 1 -1.035e+04 1.247e+02 3.786e+01
|    ( - -3.976e+03 2 0)
|    ( - -6.246e+03 1 0))
s>    ( QUESTION0_1_R 1 -1.035e+04 1.247e+02 3.786e+01
s>        ( - -3.976e+03 2 0)
s>        ( - -6.246e+03 1 0))INFO: dtree.c(1315): Comp split 45
INFO: dtree.c(1439): stop. leaf nodes are specific
INFO: dtree.c(1478): Final simple tree
|( QUESTION0 -1 -1.825e+04 1.824e+02 7.769e+01
|    ( - -7.839e+03 5 0)
|    ( WDBNDRY_B 0 -1.023e+04 1.623e+02 4.368e+01
|        ( QUESTION12 -1 -8.676e+03 1.615e+02 3.668e+01
|            ( - -6.741e+03 3 0)
|            ( - -1.774e+03 1 0))
|        ( - -1.388e+03 1 0)))
s>    ( QUESTION0 -1 -1.825e+04 1.824e+02 7.769e+01
s>        ( - -7.839e+03 5 0)
s>        ( WDBNDRY_B 0 -1.023e+04 1.623e+02 4.368e+01
s>            ( QUESTION12 -1 -8.676e+03 1.615e+02 3.668e+01
s>                ( - -6.741e+03 3 0)
s>                ( - -1.774e+03 1 0))
s>            ( - -1.388e+03 1 0)))INFO: dtree.c(1439): stop. leaf nodes are specific
INFO: dtree.c(1478): Final simple tree
|( WDBNDRY_I 0 -7.458e+05 2.556e+02 3.245e+03
|    ( - -7.111e+05 11 0)
|    ( WDBNDRY_B 0 -3.442e+04 1.757e+02 1.451e+02
|        ( - -3.223e+04 7 0)
|        ( - -2.022e+03 1 0)))
s>    ( WDBNDRY_I 0 -7.458e+05 2.556e+02 3.245e+03
s>        ( - -7.111e+05 11 0)
s>        ( WDBNDRY_B 0 -3.442e+04 1.757e+02 1.451e+02
s>            ( - -3.223e+04 7 0)
s>            ( - -2.022e+03 1 0)))INFO: dtree.c(1315): Comp split 46
INFO: dtree.c(1439): stop. leaf nodes are specific
INFO: dtree.c(1478): Final simple tree
|( WDBNDRY_B 0 -4.079e+04 1.854e+02 1.812e+02
|    ( - -9.238e+02 1 0)
|    ( - -3.968e+04 4 0))
s>    ( WDBNDRY_B 0 -4.079e+04 1.854e+02 1.812e+02
s>        ( - -9.238e+02 1 0)
s>        ( - -3.968e+04 4 0))INFO: dtree.c(1315): Comp split 47
INFO: dtree.c(1439): stop. leaf nodes are specific
INFO: dtree.c(1478): Final simple tree
|( WDBNDRY_B 0 -3.442e+04 1.757e+02 1.451e+02
|    ( - -3.223e+04 7 0)
|    ( - -2.022e+03 1 0))
s>    ( WDBNDRY_B 0 -3.442e+04 1.757e+02 1.451e+02
s>        ( - -3.223e+04 7 0)
s>        ( - -2.022e+03 1 0))INFO: dtree.c(1315): Comp split 48
INFO: dtree.c(1439): stop. leaf nodes are specific
INFO: dtree.c(1478): Final simple tree
|( QUESTION10 -1 -9.104e+03 1.626e+02 4.032e+01
|    ( - -1.457e+03 1 0)
|    ( - -7.485e+03 1 0))
s>    ( QUESTION10 -1 -9.104e+03 1.626e+02 4.032e+01
s>        ( - -1.457e+03 1 0)
s>        ( - -7.485e+03 1 0))INFO: dtree.c(1439): stop. leaf nodes are specific
INFO: dtree.c(1478): Final simple tree
|( QUESTION0 -1 -6.067e+04 1.941e+02 2.670e+02
|    ( QUESTION2_13_L -1 -6.019e+04 1.364e+02 2.650e+02
|        ( - -4.417e+03 1 0)
|        ( - -5.564e+04 5 0))
|    ( - -2.817e+02 1 0))
s>    ( QUESTION0 -1 -6.067e+04 1.941e+02 2.670e+02
s>        ( QUESTION2_13_L -1 -6.019e+04 1.364e+02 2.650e+02
s>            ( - -4.417e+03 1 0)
s>            ( - -5.564e+04 5 0))
s>        ( - -2.817e+02 1 0))INFO: dtree.c(1315): Comp split 49
INFO: dtree.c(1439): stop. leaf nodes are specific
INFO: dtree.c(1478): Final simple tree
|( QUESTION0_9_R 1 -1.723e+04 1.675e+02 7.016e+01
|    ( - -3.598e+03 2 0)
|    ( WDBNDRY_B 0 -1.347e+04 1.504e+02 5.422e+01
|        ( - -3.701e+03 1 0)
|        ( - -9.615e+03 4 0)))
s>    ( QUESTION0_9_R 1 -1.723e+04 1.675e+02 7.016e+01
s>        ( - -3.598e+03 2 0)
s>        ( WDBNDRY_B 0 -1.347e+04 1.504e+02 5.422e+01
s>            ( - -3.701e+03 1 0)
s>            ( - -9.615e+03 4 0)))INFO: dtree.c(1315): Comp split 50
INFO: dtree.c(1439): stop. leaf nodes are specific
INFO: dtree.c(1478): Final simple tree
|( QUESTION0_9_R 1 -5.210e+04 1.740e+02 2.242e+02
|    ( - -4.845e+04 4 0)
|    ( QUESTION0_14_R 1 -3.474e+03 1.358e+02 1.500e+01
|        ( - -2.019e+03 2 0)
|        ( - -1.319e+03 1 0)))
s>    ( QUESTION0_9_R 1 -5.210e+04 1.740e+02 2.242e+02
s>        ( - -4.845e+04 4 0)
s>        ( QUESTION0_14_R 1 -3.474e+03 1.358e+02 1.500e+01
s>            ( - -2.019e+03 2 0)
s>            ( - -1.319e+03 1 0)))INFO: dtree.c(1315): Comp split 51
INFO: dtree.c(1439): stop. leaf nodes are specific
INFO: dtree.c(1478): Final simple tree
|( QUESTION0_4_R 1 -7.027e+03 1.967e+02 3.055e+01
|    ( - -2.968e+03 1 0)
|    ( WDBNDRY_E 0 -3.862e+03 1.968e+02 1.656e+01
|        ( QUESTION0_0_R 1 -2.381e+03 1.347e+02 1.056e+01
|            ( - -3.482e+02 1 0)
|            ( - -1.898e+03 1 0))
|        ( - -1.283e+03 1 0)))
s>    ( QUESTION0_4_R 1 -7.027e+03 1.967e+02 3.055e+01
s>        ( - -2.968e+03 1 0)
s>        ( WDBNDRY_E 0 -3.862e+03 1.968e+02 1.656e+01
s>            ( QUESTION0_0_R 1 -2.381e+03 1.347e+02 1.056e+01
s>                ( - -3.482e+02 1 0)
s>                ( - -1.898e+03 1 0))
s>            ( - -1.283e+03 1 0)))INFO: dtree.c(1315): Comp split 52
INFO: dtree.c(1439): stop. leaf nodes are specific
INFO: dtree.c(1478): Final simple tree
|( QUESTION0_10_R 1 -1.447e+04 2.236e+02 6.076e+01
|    ( - -4.068e+02 1 0)
|    ( QUESTION0_18_R 1 -1.384e+04 1.709e+02 5.876e+01
|        ( QUESTION0_19_R 1 -6.848e+03 1.382e+02 2.997e+01
|            ( - -5.840e+03 1 0)
|            ( - -8.699e+02 1 0))
|        ( WDBNDRY_B 0 -6.816e+03 1.553e+02 2.879e+01
|            ( QUESTION14 -1 -6.336e+03 1.045e+02 2.679e+01
|                ( - -5.860e+03 1 0)
|                ( - -3.720e+02 1 0))
|            ( - -3.248e+02 1 0))))
s>    ( QUESTION0_10_R 1 -1.447e+04 2.236e+02 6.076e+01
s>        ( - -4.068e+02 1 0)
s>        ( QUESTION0_18_R 1 -1.384e+04 1.709e+02 5.876e+01
s>            ( QUESTION0_19_R 1 -6.848e+03 1.382e+02 2.997e+01
s>                ( - -5.840e+03 1 0)
s>                ( - -8.699e+02 1 0))
s>            ( WDBNDRY_B 0 -6.816e+03 1.553e+02 2.879e+01
s>                ( QUESTION14 -1 -6.336e+03 1.045e+02 2.679e+01
s>                    ( - -5.860e+03 1 0)
s>                    ( - -3.720e+02 1 0))
s>                ( - -3.248e+02 1 0))))INFO: dtree.c(1315): Comp split 53
INFO: dtree.c(1439): stop. leaf nodes are specific
INFO: dtree.c(1478): Final simple tree
|( WDBNDRY_B 0 -3.278e+03 1.166e+02 1.440e+01
|    ( - -1.774e+03 1 0)
|    ( - -1.388e+03 1 0))
s>    ( WDBNDRY_B 0 -3.278e+03 1.166e+02 1.440e+01
s>        ( - -1.774e+03 1 0)
s>        ( - -1.388e+03 1 0))INFO: dtree.c(1439): stop. leaf nodes are specific
INFO: dtree.c(1478): Final simple tree
|( QUESTION0 -1 -1.474e+04 1.604e+02 6.330e+01
|    ( - -7.839e+03 5 0)
|    ( - -6.741e+03 3 0))
s>    ( QUESTION0 -1 -1.474e+04 1.604e+02 6.330e+01
s>        ( - -7.839e+03 5 0)
s>        ( - -6.741e+03 3 0))INFO: dtree.c(1315): Comp split 54
INFO: dtree.c(1315): Comp split 55
INFO: dtree.c(1439): stop. leaf nodes are specific
INFO: dtree.c(1478): Final simple tree
|( QUESTION0_16_R 1 -1.319e+04 2.105e+02 5.651e+01
|    ( - -1.505e+03 1 0)
|    ( QUESTION2_6_L -1 -1.148e+04 1.742e+02 4.892e+01
|        ( - -4.036e+03 1 0)
|        ( - -7.269e+03 4 0)))
s>    ( QUESTION0_16_R 1 -1.319e+04 2.105e+02 5.651e+01
s>        ( - -1.505e+03 1 0)
s>        ( QUESTION2_6_L -1 -1.148e+04 1.742e+02 4.892e+01
s>            ( - -4.036e+03 1 0)
s>            ( - -7.269e+03 4 0)))INFO: dtree.c(1315): Comp split 56
INFO: dtree.c(1315): Comp split 57
INFO: dtree.c(1439): stop. leaf nodes are specific
INFO: dtree.c(1478): Final simple tree
|( QUESTION0_18_R 1 -1.384e+04 1.709e+02 5.876e+01
|    ( QUESTION0_19_R 1 -6.848e+03 1.382e+02 2.997e+01
|        ( - -5.840e+03 1 0)
|        ( - -8.699e+02 1 0))
|    ( WDBNDRY_B 0 -6.816e+03 1.553e+02 2.879e+01
|        ( QUESTION14 -1 -6.336e+03 1.045e+02 2.679e+01
|            ( - -5.860e+03 1 0)
|            ( - -3.720e+02 1 0))
|        ( - -3.248e+02 1 0)))
s>    ( QUESTION0_18_R 1 -1.384e+04 1.709e+02 5.876e+01
s>        ( QUESTION0_19_R 1 -6.848e+03 1.382e+02 2.997e+01
s>            ( - -5.840e+03 1 0)
s>            ( - -8.699e+02 1 0))
s>        ( WDBNDRY_B 0 -6.816e+03 1.553e+02 2.879e+01
s>            ( QUESTION14 -1 -6.336e+03 1.045e+02 2.679e+01
s>                ( - -5.860e+03 1 0)
s>                ( - -3.720e+02 1 0))
s>            ( - -3.248e+02 1 0)))INFO: dtree.c(1315): Comp split 58
INFO: dtree.c(1315): Comp split 59
INFO: dtree.c(1439): stop. leaf nodes are specific
INFO: dtree.c(1478): Final simple tree
|( QUESTION17 -1 -1.382e+04 1.347e+02 5.863e+01
|    ( - -7.900e+02 1 0)
|    ( - -1.289e+04 3 0))
s>    ( QUESTION17 -1 -1.382e+04 1.347e+02 5.863e+01
s>        ( - -7.900e+02 1 0)
s>        ( - -1.289e+04 3 0))INFO: dtree.c(1315): Comp split 60
INFO: dtree.c(1439): stop. leaf nodes are specific
INFO: dtree.c(1478): Final simple tree
|( WDBNDRY_B 0 -2.309e+04 1.392e+02 9.699e+01
|    ( - -1.272e+03 2 0)
|    ( - -2.168e+04 1 0))
s>    ( WDBNDRY_B 0 -2.309e+04 1.392e+02 9.699e+01
s>        ( - -1.272e+03 2 0)
s>        ( - -2.168e+04 1 0))INFO: dtree.c(1315): Comp split 61
INFO: dtree.c(1315): Comp split 62
INFO: dtree.c(1439): stop. leaf nodes are specific
INFO: dtree.c(1478): Final simple tree
|( QUESTION2_6_L -1 -1.148e+04 1.742e+02 4.892e+01
|    ( - -4.036e+03 1 0)
|    ( - -7.269e+03 4 0))
s>    ( QUESTION2_6_L -1 -1.148e+04 1.742e+02 4.892e+01
s>        ( - -4.036e+03 1 0)
s>        ( - -7.269e+03 4 0))INFO: dtree.c(1315): Comp split 63
INFO: dtree.c(1439): stop. leaf nodes are specific
INFO: dtree.c(1478): Final simple tree
|( WDBNDRY_B 0 -5.955e+03 1.250e+02 2.553e+01
|    ( - -4.190e+03 1 0)
|    ( - -1.640e+03 1 0))
s>    ( WDBNDRY_B 0 -5.955e+03 1.250e+02 2.553e+01
s>        ( - -4.190e+03 1 0)
s>        ( - -1.640e+03 1 0))INFO: dtree.c(1439): stop. leaf nodes are specific
INFO: dtree.c(1478): Final simple tree
|( QUESTION2_12_L -1 -1.820e+04 1.606e+02 7.915e+01
|    ( - -1.512e+03 1 0)
|    ( WDBNDRY_B 0 -1.653e+04 1.534e+02 7.215e+01
|        ( - -2.574e+03 1 0)
|        ( QUESTION2 -1 -1.380e+04 1.115e+02 6.014e+01
|            ( - -1.284e+04 1 0)
|            ( - -8.556e+02 1 0))))
s>    ( QUESTION2_12_L -1 -1.820e+04 1.606e+02 7.915e+01
s>        ( - -1.512e+03 1 0)
s>        ( WDBNDRY_B 0 -1.653e+04 1.534e+02 7.215e+01
s>            ( - -2.574e+03 1 0)
s>            ( QUESTION2 -1 -1.380e+04 1.115e+02 6.014e+01
s>                ( - -1.284e+04 1 0)
s>                ( - -8.556e+02 1 0))))INFO: dtree.c(1315): Comp split 64
INFO: dtree.c(1439): stop. leaf nodes are specific
INFO: dtree.c(1478): Final simple tree
|( WDBNDRY_E 0 -3.862e+03 1.968e+02 1.656e+01
|    ( QUESTION0_0_R 1 -2.381e+03 1.347e+02 1.056e+01
|        ( - -3.482e+02 1 0)
|        ( - -1.898e+03 1 0))
|    ( - -1.283e+03 1 0))
s>    ( WDBNDRY_E 0 -3.862e+03 1.968e+02 1.656e+01
s>        ( QUESTION0_0_R 1 -2.381e+03 1.347e+02 1.056e+01
s>            ( - -3.482e+02 1 0)
s>            ( - -1.898e+03 1 0))
s>        ( - -1.283e+03 1 0))INFO: dtree.c(1315): Comp split 65
INFO: dtree.c(1439): stop. leaf nodes are specific
INFO: dtree.c(1478): Final simple tree
|( QUESTION0_0_R 1 -2.381e+03 1.347e+02 1.056e+01
|    ( - -3.482e+02 1 0)
|    ( - -1.898e+03 1 0))
s>    ( QUESTION0_0_R 1 -2.381e+03 1.347e+02 1.056e+01
s>        ( - -3.482e+02 1 0)
s>        ( - -1.898e+03 1 0))INFO: dtree.c(1315): Comp split 66
INFO: dtree.c(1439): stop. leaf nodes are specific
INFO: dtree.c(1478): Final simple tree
|( QUESTION2_13_L -1 -6.019e+04 1.364e+02 2.650e+02
|    ( - -4.417e+03 1 0)
|    ( - -5.564e+04 5 0))
s>    ( QUESTION2_13_L -1 -6.019e+04 1.364e+02 2.650e+02
s>        ( - -4.417e+03 1 0)
s>        ( - -5.564e+04 5 0))INFO: dtree.c(1315): Comp split 67
INFO: dtree.c(1439): stop. leaf nodes are specific
INFO: dtree.c(1478): Final simple tree
|( WDBNDRY_B 0 -3.002e+04 1.789e+02 1.312e+02
|    ( - -3.571e+03 1 0)
|    ( - -2.627e+04 4 0))
s>    ( WDBNDRY_B 0 -3.002e+04 1.789e+02 1.312e+02
s>        ( - -3.571e+03 1 0)
s>        ( - -2.627e+04 4 0))INFO: dtree.c(1315): Comp split 68
INFO: dtree.c(1439): stop. leaf nodes are specific
INFO: dtree.c(1478): Final simple tree
|( QUESTION0_5_R 1 -5.228e+04 1.198e+02 2.235e+02
|    ( - -4.967e+04 2 0)
|    ( - -2.494e+03 3 0))
s>    ( QUESTION0_5_R 1 -5.228e+04 1.198e+02 2.235e+02
s>        ( - -4.967e+04 2 0)
s>        ( - -2.494e+03 3 0))INFO: dtree.c(1439): stop. leaf nodes are specific
INFO: dtree.c(1478): Final simple tree
|( QUESTION0_3_R 1 -3.423e+03 1.583e+02 1.500e+01
|    ( - -2.490e+03 1 0)
|    ( - -7.745e+02 1 0))
s>    ( QUESTION0_3_R 1 -3.423e+03 1.583e+02 1.500e+01
s>        ( - -2.490e+03 1 0)
s>        ( - -7.745e+02 1 0))INFO: dtree.c(1315): Comp split 69
INFO: dtree.c(1439): stop. leaf nodes are specific
INFO: dtree.c(1478): Final simple tree
|( WDBNDRY_B 0 -2.674e+04 1.484e+02 1.138e+02
|    ( - -1.499e+03 2 0)
|    ( - -2.509e+04 2 0))
s>    ( WDBNDRY_B 0 -2.674e+04 1.484e+02 1.138e+02
s>        ( - -1.499e+03 2 0)
s>        ( - -2.509e+04 2 0))INFO: dtree.c(1315): Comp split 70
INFO: dtree.c(1315): Comp split 71
INFO: dtree.c(1315): Comp split 72
INFO: dtree.c(1315): Comp split 73
INFO: dtree.c(1315): Comp split 74
INFO: dtree.c(1439): stop. leaf nodes are specific
INFO: dtree.c(1478): Final simple tree
|( QUESTION0_14_R 1 -3.474e+03 1.358e+02 1.500e+01
|    ( - -2.019e+03 2 0)
|    ( - -1.319e+03 1 0))
s>    ( QUESTION0_14_R 1 -3.474e+03 1.358e+02 1.500e+01
s>        ( - -2.019e+03 2 0)
s>        ( - -1.319e+03 1 0))INFO: dtree.c(1315): Comp split 75
INFO: dtree.c(1439): stop. leaf nodes are specific
INFO: dtree.c(1478): Final simple tree
|( WDBNDRY_B 0 -6.816e+03 1.553e+02 2.879e+01
|    ( QUESTION14 -1 -6.336e+03 1.045e+02 2.679e+01
|        ( - -5.860e+03 1 0)
|        ( - -3.720e+02 1 0))
|    ( - -3.248e+02 1 0))
s>    ( WDBNDRY_B 0 -6.816e+03 1.553e+02 2.879e+01
s>        ( QUESTION14 -1 -6.336e+03 1.045e+02 2.679e+01
s>            ( - -5.860e+03 1 0)
s>            ( - -3.720e+02 1 0))
s>        ( - -3.248e+02 1 0))INFO: dtree.c(1439): stop. leaf nodes are specific
INFO: dtree.c(1478): Final simple tree
|( QUESTION0_19_R 1 -6.848e+03 1.382e+02 2.997e+01
|    ( - -5.840e+03 1 0)
|    ( - -8.699e+02 1 0))
s>    ( QUESTION0_19_R 1 -6.848e+03 1.382e+02 2.997e+01
s>        ( - -5.840e+03 1 0)
s>        ( - -8.699e+02 1 0))INFO: dtree.c(1315): Comp split 76
INFO: dtree.c(1439): stop. leaf nodes are specific
INFO: dtree.c(1478): Final simple tree
|( QUESTION0 -1 -2.792e+03 1.372e+02 1.202e+01
|    ( - -5.191e+02 1 0)
|    ( WDBNDRY_B 0 -2.135e+03 1.015e+02 9.020e+00
|        ( - -1.643e+03 1 0)
|        ( - -3.910e+02 1 0)))
s>    ( QUESTION0 -1 -2.792e+03 1.372e+02 1.202e+01
s>        ( - -5.191e+02 1 0)
s>        ( WDBNDRY_B 0 -2.135e+03 1.015e+02 9.020e+00
s>            ( - -1.643e+03 1 0)
s>            ( - -3.910e+02 1 0)))INFO: dtree.c(1315): Comp split 77
INFO: dtree.c(1439): stop. leaf nodes are specific
INFO: dtree.c(1478): Final simple tree
|( WDBNDRY_B 0 -1.347e+04 1.504e+02 5.422e+01
|    ( - -3.701e+03 1 0)
|    ( - -9.615e+03 4 0))
s>    ( WDBNDRY_B 0 -1.347e+04 1.504e+02 5.422e+01
s>        ( - -3.701e+03 1 0)
s>        ( - -9.615e+03 4 0))INFO: dtree.c(1315): Comp split 78
INFO: dtree.c(1315): Comp split 79
INFO: dtree.c(1439): stop. leaf nodes are specific
INFO: dtree.c(1478): Final simple tree
|( WDBNDRY_B 0 -1.653e+04 1.534e+02 7.215e+01
|    ( - -2.574e+03 1 0)
|    ( QUESTION2 -1 -1.380e+04 1.115e+02 6.014e+01
|        ( - -1.284e+04 1 0)
|        ( - -8.556e+02 1 0)))
s>    ( WDBNDRY_B 0 -1.653e+04 1.534e+02 7.215e+01
s>        ( - -2.574e+03 1 0)
s>        ( QUESTION2 -1 -1.380e+04 1.115e+02 6.014e+01
s>            ( - -1.284e+04 1 0)
s>            ( - -8.556e+02 1 0)))INFO: dtree.c(1315): Comp split 80
INFO: dtree.c(1315): Comp split 81
INFO: dtree.c(1315): Comp split 82
INFO: dtree.c(1439): stop. leaf nodes are specific
INFO: dtree.c(1478): Final simple tree
|( WDBNDRY_B 0 -2.992e+04 1.382e+02 1.271e+02
|    ( - -1.034e+03 1 0)
|    ( QUESTION2 -1 -2.875e+04 1.275e+02 1.221e+02
|        ( - -3.120e+03 1 0)
|        ( QUESTION2_6_L -1 -2.550e+04 1.095e+02 1.080e+02
|            ( - -1.562e+03 1 0)
|            ( - -2.383e+04 4 0))))
s>    ( WDBNDRY_B 0 -2.992e+04 1.382e+02 1.271e+02
s>        ( - -1.034e+03 1 0)
s>        ( QUESTION2 -1 -2.875e+04 1.275e+02 1.221e+02
s>            ( - -3.120e+03 1 0)
s>            ( QUESTION2_6_L -1 -2.550e+04 1.095e+02 1.080e+02
s>                ( - -1.562e+03 1 0)
s>                ( - -2.383e+04 4 0))))INFO: dtree.c(1315): Comp split 83
INFO: dtree.c(1439): stop. leaf nodes are specific
INFO: dtree.c(1478): Final simple tree
|( QUESTION14 -1 -6.336e+03 1.045e+02 2.679e+01
|    ( - -5.860e+03 1 0)
|    ( - -3.720e+02 1 0))
s>    ( QUESTION14 -1 -6.336e+03 1.045e+02 2.679e+01
s>        ( - -5.860e+03 1 0)
s>        ( - -3.720e+02 1 0))INFO: dtree.c(1315): Comp split 84
INFO: dtree.c(1439): stop. leaf nodes are specific
INFO: dtree.c(1478): Final simple tree
|( QUESTION2 -1 -1.380e+04 1.115e+02 6.014e+01
|    ( - -1.284e+04 1 0)
|    ( - -8.556e+02 1 0))
s>    ( QUESTION2 -1 -1.380e+04 1.115e+02 6.014e+01
s>        ( - -1.284e+04 1 0)
s>        ( - -8.556e+02 1 0))INFO: dtree.c(1315): Comp split 85
INFO: dtree.c(1315): Comp split 86
INFO: dtree.c(1315): Comp split 87
INFO: dtree.c(1315): Comp split 88
INFO: dtree.c(1315): Comp split 89
INFO: dtree.c(1315): Comp split 90
INFO: dtree.c(1315): Comp split 91
INFO: dtree.c(1439): stop. leaf nodes are specific
INFO: dtree.c(1478): Final simple tree
|( QUESTION2 -1 -2.875e+04 1.275e+02 1.221e+02
|    ( - -3.120e+03 1 0)
|    ( QUESTION2_6_L -1 -2.550e+04 1.095e+02 1.080e+02
|        ( - -1.562e+03 1 0)
|        ( - -2.383e+04 4 0)))
s>    ( QUESTION2 -1 -2.875e+04 1.275e+02 1.221e+02
s>        ( - -3.120e+03 1 0)
s>        ( QUESTION2_6_L -1 -2.550e+04 1.095e+02 1.080e+02
s>            ( - -1.562e+03 1 0)
s>            ( - -2.383e+04 4 0)))INFO: dtree.c(1315): Comp split 92
INFO: dtree.c(1439): stop. leaf nodes are specific
INFO: dtree.c(1478): Final simple tree
|( WDBNDRY_B 0 -2.135e+03 1.015e+02 9.020e+00
|    ( - -1.643e+03 1 0)
|    ( - -3.910e+02 1 0))
s>    ( WDBNDRY_B 0 -2.135e+03 1.015e+02 9.020e+00
s>        ( - -1.643e+03 1 0)
s>        ( - -3.910e+02 1 0))INFO: dtree.c(1315): Comp split 93
INFO: dtree.c(1315): Comp split 94
INFO: dtree.c(1315): Comp split 95
INFO: dtree.c(1315): Comp split 96
INFO: dtree.c(1315): Comp split 97
INFO: dtree.c(1315): Comp split 98
INFO: dtree.c(1439): stop. leaf nodes are specific
INFO: dtree.c(1478): Final simple tree
|( QUESTION2_6_L -1 -2.550e+04 1.095e+02 1.080e+02
|    ( - -1.562e+03 1 0)
|    ( - -2.383e+04 4 0))
s>    ( QUESTION2_6_L -1 -2.550e+04 1.095e+02 1.080e+02
s>        ( - -1.562e+03 1 0)
s>        ( - -2.383e+04 4 0))INFO: dtree.c(1315): Comp split 99
INFO: dtree.c(1315): Comp split 100
INFO: dtree.c(1315): Comp split 101
INFO: dtree.c(1315): Comp split 102
INFO: dtree.c(1315): Comp split 103
INFO: dtree.c(1315): Comp split 104
INFO: dtree.c(1315): Comp split 105
INFO: dtree.c(1315): Comp split 106
INFO: dtree.c(1315): Comp split 107
INFO: dtree.c(1315): Comp split 108
INFO: dtree.c(1315): Comp split 109
INFO: dtree.c(1318): stop. leaf nodes are specific
Fri Jan  6 22:28:11 2023
