Current configuration:
[NAME]		[DEFLT]	[VALUE]
-allphones	no	no
-cntthresh	0.00001	1.000000e-05
-csplitmax	100	2000
-csplitmin	1	1
-csplitthr	8e-4	0.000000e+00
-example	no	no
-fullvar	no	no
-help		no	no
-meanfn			/mnt/c/users/robin/onedrive/desktop/cmu/Cebuano/model_parameters/Cebuano.cd_cont_untied/means
-mixwfn			/mnt/c/users/robin/onedrive/desktop/cmu/Cebuano/model_parameters/Cebuano.cd_cont_untied/mixture_weights
-moddeffn		/mnt/c/users/robin/onedrive/desktop/cmu/Cebuano/model_architecture/Cebuano.untied.mdef
-mwfloor	1e-4	1.000000e-08
-phone			NG
-psetfn			/mnt/c/users/robin/onedrive/desktop/cmu/Cebuano/model_architecture/Cebuano.tree_questions
-ssplitmax	5	7
-ssplitmin	1	1
-ssplitthr	8e-4	0.000000e+00
-state			2
-stwt			1.0,0.05,0.0,
-treefn			/mnt/c/users/robin/onedrive/desktop/cmu/Cebuano/trees/Cebuano.unpruned/NG-2.dtree
-ts2cbfn	.semi.	.cont.
-varfloor	0.00001	1.000000e-05
-varfn			/mnt/c/users/robin/onedrive/desktop/cmu/Cebuano/model_parameters/Cebuano.cd_cont_untied/variances

INFO: main.c(223): Reading: /mnt/c/users/robin/onedrive/desktop/cmu/Cebuano/model_architecture/Cebuano.untied.mdef
INFO: model_def_io.c(573): Model definition info:
INFO: model_def_io.c(574): 7744 total models defined (40 base, 7704 tri)
INFO: model_def_io.c(575): 30976 total states
INFO: model_def_io.c(576): 23232 total tied states
INFO: model_def_io.c(577): 120 total tied CI states
INFO: model_def_io.c(578): 40 total tied transition matrices
INFO: model_def_io.c(579): 4 max state/model
INFO: model_def_io.c(580): 4 min state/model
INFO: main.c(242): Building trees for [NG AA AA e] through [NG UW AE e]
INFO: main.c(268): Covering states |[16461 16862]| == 402
INFO: main.c(275): Reading: /mnt/c/users/robin/onedrive/desktop/cmu/Cebuano/model_parameters/Cebuano.cd_cont_untied/mixture_weights
INFO: s3mixw_io.c(172): Read /mnt/c/users/robin/onedrive/desktop/cmu/Cebuano/model_parameters/Cebuano.cd_cont_untied/mixture_weights [402x1x1 array]
INFO: main.c(311): 134 of 134 models have observation count greater than 0.000010
INFO: main.c(95): nrm stwt: 0.000 0.048 0.952 
INFO: s3gau_io.c(168): Read /mnt/c/users/robin/onedrive/desktop/cmu/Cebuano/model_parameters/Cebuano.cd_cont_untied/means [23232x1x1 array]
INFO: s3gau_io.c(168): Read /mnt/c/users/robin/onedrive/desktop/cmu/Cebuano/model_parameters/Cebuano.cd_cont_untied/variances [23232x1x1 array]
INFO: main.c(549): Reading: /mnt/c/users/robin/onedrive/desktop/cmu/Cebuano/model_architecture/Cebuano.tree_questions
INFO: main.c(587): 180 total simple questions (172 phone; 8 word bndry)
INFO: main.c(589): 42 Left Only questions, and 42 Right Only questions
INFO: dtree.c(1478): Final simple tree
|( SILENCE 1 -8.326e+06 2.583e+04 3.686e+04
|    ( - -1.139e+06 5 0 QUESTION0 -1 3.703e+02 5.322e+03)
|    ( QUESTION0_1_R 1 -7.161e+06 2.624e+04 3.154e+04
|        ( QUESTION12 1 -2.172e+06 7.981e+03 9.611e+03
|            ( - -8.449e+05 11 0 QUESTION0 -1 8.831e+02 3.743e+03)
|            ( - -1.319e+06 31 0 QUESTION2_13_L -1 2.435e+03 5.868e+03))
|        ( QUESTION0_3_R 1 -4.963e+06 1.466e+04 2.193e+04
|            ( - -2.185e+06 23 0 QUESTION2_13_L -1 8.550e+02 9.848e+03)
|            ( QUESTION0_0_R 1 -2.763e+06 1.233e+04 1.208e+04
|                ( - -5.641e+05 10 0 QUESTION2_13_L -1 6.577e+02 2.438e+03)
|                ( QUESTION0_14_R 1 -2.186e+06 5.916e+03 9.642e+03
|                    ( - -1.015e+06 20 0 QUESTION0 -1 2.604e+03 4.524e+03)
|                    ( QUESTION14 1 -1.165e+06 3.528e+03 5.118e+03
|                        ( - -4.133e+05 8 0 QUESTION0_9_R 1 8.429e+02 1.818e+03)
|                        ( - -7.483e+05 26 0 QUESTION0_10_R 1 2.448e+03 3.300e+03)))))))
s>    ( SILENCE 1 -8.326e+06 2.583e+04 3.686e+04
s>        ( - -1.139e+06 5 0 QUESTION0 -1 3.703e+02 5.322e+03)
s>        ( QUESTION0_1_R 1 -7.161e+06 2.624e+04 3.154e+04
s>            ( QUESTION12 1 -2.172e+06 7.981e+03 9.611e+03
s>                ( - -8.449e+05 11 0 QUESTION0 -1 8.831e+02 3.743e+03)
s>                ( - -1.319e+06 31 0 QUESTION2_13_L -1 2.435e+03 5.868e+03))
s>            ( QUESTION0_3_R 1 -4.963e+06 1.466e+04 2.193e+04
s>                ( - -2.185e+06 23 0 QUESTION2_13_L -1 8.550e+02 9.848e+03)
s>                ( QUESTION0_0_R 1 -2.763e+06 1.233e+04 1.208e+04
s>                    ( - -5.641e+05 10 0 QUESTION2_13_L -1 6.577e+02 2.438e+03)
s>                    ( QUESTION0_14_R 1 -2.186e+06 5.916e+03 9.642e+03
s>                        ( - -1.015e+06 20 0 QUESTION0 -1 2.604e+03 4.524e+03)
s>                        ( QUESTION14 1 -1.165e+06 3.528e+03 5.118e+03
s>                            ( - -4.133e+05 8 0 QUESTION0_9_R 1 8.429e+02 1.818e+03)
s>                            ( - -7.483e+05 26 0 QUESTION0_10_R 1 2.448e+03 3.300e+03)))))))INFO: dtree.c(1315): Comp split 0
INFO: dtree.c(1478): Final simple tree
|( QUESTION0_3_R 1 -4.963e+06 1.466e+04 2.193e+04
|    ( - -2.185e+06 23 0 QUESTION2_13_L -1 8.550e+02 9.848e+03)
|    ( QUESTION0_0_R 1 -2.763e+06 1.233e+04 1.208e+04
|        ( - -5.641e+05 10 0 QUESTION2_13_L -1 6.577e+02 2.438e+03)
|        ( QUESTION0_14_R 1 -2.186e+06 5.916e+03 9.642e+03
|            ( QUESTION0 -1 -1.015e+06 2.604e+03 4.524e+03
|                ( - -8.893e+05 16 0 WDBNDRY_E 0 5.748e+02 3.945e+03)
|                ( - -1.233e+05 4 0 WDBNDRY_E 0 1.742e+03 5.787e+02))
|            ( QUESTION14 1 -1.165e+06 3.528e+03 5.118e+03
|                ( - -4.133e+05 8 0 QUESTION0_9_R 1 8.429e+02 1.818e+03)
|                ( QUESTION0_10_R 1 -7.483e+05 2.448e+03 3.300e+03
|                    ( QUESTION0 1 -5.283e+05 2.503e+03 2.321e+03
|                        ( - -2.858e+05 5 0 QUESTION0 -1 6.188e+02 1.271e+03)
|                        ( - -2.401e+05 7 0 QUESTION0 -1 2.694e+02 1.051e+03))
|                    ( - -2.175e+05 14 0 QUESTION0 -1 6.435e+02 9.789e+02))))))
s>    ( QUESTION0_3_R 1 -4.963e+06 1.466e+04 2.193e+04
s>        ( - -2.185e+06 23 0 QUESTION2_13_L -1 8.550e+02 9.848e+03)
s>        ( QUESTION0_0_R 1 -2.763e+06 1.233e+04 1.208e+04
s>            ( - -5.641e+05 10 0 QUESTION2_13_L -1 6.577e+02 2.438e+03)
s>            ( QUESTION0_14_R 1 -2.186e+06 5.916e+03 9.642e+03
s>                ( QUESTION0 -1 -1.015e+06 2.604e+03 4.524e+03
s>                    ( - -8.893e+05 16 0 WDBNDRY_E 0 5.748e+02 3.945e+03)
s>                    ( - -1.233e+05 4 0 WDBNDRY_E 0 1.742e+03 5.787e+02))
s>                ( QUESTION14 1 -1.165e+06 3.528e+03 5.118e+03
s>                    ( - -4.133e+05 8 0 QUESTION0_9_R 1 8.429e+02 1.818e+03)
s>                    ( QUESTION0_10_R 1 -7.483e+05 2.448e+03 3.300e+03
s>                        ( QUESTION0 1 -5.283e+05 2.503e+03 2.321e+03
s>                            ( - -2.858e+05 5 0 QUESTION0 -1 6.188e+02 1.271e+03)
s>                            ( - -2.401e+05 7 0 QUESTION0 -1 2.694e+02 1.051e+03))
s>                        ( - -2.175e+05 14 0 QUESTION0 -1 6.435e+02 9.789e+02))))))INFO: dtree.c(1478): Final simple tree
|( SILENCE 1 -3.330e+06 1.928e+04 1.493e+04
|    ( - -1.139e+06 5 0 QUESTION0 -1 3.703e+02 5.322e+03)
|    ( QUESTION12 1 -2.172e+06 7.981e+03 9.611e+03
|        ( QUESTION0 -1 -8.449e+05 8.831e+02 3.743e+03
|            ( - -8.151e+05 9 0 QUESTION2_13_L -1 1.698e+02 3.602e+03)
|            ( - -2.891e+04 2 0))
|        ( QUESTION2_13_L -1 -1.319e+06 2.435e+03 5.868e+03
|            ( WDBNDRY_E 0 -1.412e+05 6.845e+02 6.496e+02
|                ( - -1.250e+05 8 0 QUESTION10 1 3.310e+02 5.780e+02)
|                ( - -1.544e+04 1 0))
|            ( QUESTION10 1 -1.176e+06 6.816e+02 5.218e+03
|                ( WDBNDRY_E 0 -1.147e+06 5.923e+02 5.094e+03
|                    ( - -1.121e+06 15 0)
|                    ( - -2.551e+04 5 0 QUESTION14 -1 2.025e+02 1.154e+02))
|                ( - -2.832e+04 2 0)))))
s>    ( SILENCE 1 -3.330e+06 1.928e+04 1.493e+04
s>        ( - -1.139e+06 5 0 QUESTION0 -1 3.703e+02 5.322e+03)
s>        ( QUESTION12 1 -2.172e+06 7.981e+03 9.611e+03
s>            ( QUESTION0 -1 -8.449e+05 8.831e+02 3.743e+03
s>                ( - -8.151e+05 9 0 QUESTION2_13_L -1 1.698e+02 3.602e+03)
s>                ( - -2.891e+04 2 0))
s>            ( QUESTION2_13_L -1 -1.319e+06 2.435e+03 5.868e+03
s>                ( WDBNDRY_E 0 -1.412e+05 6.845e+02 6.496e+02
s>                    ( - -1.250e+05 8 0 QUESTION10 1 3.310e+02 5.780e+02)
s>                    ( - -1.544e+04 1 0))
s>                ( QUESTION10 1 -1.176e+06 6.816e+02 5.218e+03
s>                    ( WDBNDRY_E 0 -1.147e+06 5.923e+02 5.094e+03
s>                        ( - -1.121e+06 15 0)
s>                        ( - -2.551e+04 5 0 QUESTION14 -1 2.025e+02 1.154e+02))
s>                    ( - -2.832e+04 2 0)))))INFO: dtree.c(1315): Comp split 1
INFO: dtree.c(1478): Final simple tree
|( QUESTION12 1 -2.172e+06 7.981e+03 9.611e+03
|    ( QUESTION0 -1 -8.449e+05 8.831e+02 3.743e+03
|        ( - -8.151e+05 9 0 QUESTION2_13_L -1 1.698e+02 3.602e+03)
|        ( - -2.891e+04 2 0))
|    ( QUESTION2_13_L -1 -1.319e+06 2.435e+03 5.868e+03
|        ( WDBNDRY_E 0 -1.412e+05 6.845e+02 6.496e+02
|            ( QUESTION10 1 -1.250e+05 3.310e+02 5.780e+02
|                ( - -1.150e+05 7 0 QUESTION0 -1 2.565e+02 5.332e+02)
|                ( - -9.695e+03 1 0))
|            ( - -1.544e+04 1 0))
|        ( QUESTION10 1 -1.176e+06 6.816e+02 5.218e+03
|            ( WDBNDRY_E 0 -1.147e+06 5.923e+02 5.094e+03
|                ( - -1.121e+06 15 0)
|                ( - -2.551e+04 5 0 QUESTION14 -1 2.025e+02 1.154e+02))
|            ( - -2.832e+04 2 0))))
s>    ( QUESTION12 1 -2.172e+06 7.981e+03 9.611e+03
s>        ( QUESTION0 -1 -8.449e+05 8.831e+02 3.743e+03
s>            ( - -8.151e+05 9 0 QUESTION2_13_L -1 1.698e+02 3.602e+03)
s>            ( - -2.891e+04 2 0))
s>        ( QUESTION2_13_L -1 -1.319e+06 2.435e+03 5.868e+03
s>            ( WDBNDRY_E 0 -1.412e+05 6.845e+02 6.496e+02
s>                ( QUESTION10 1 -1.250e+05 3.310e+02 5.780e+02
s>                    ( - -1.150e+05 7 0 QUESTION0 -1 2.565e+02 5.332e+02)
s>                    ( - -9.695e+03 1 0))
s>                ( - -1.544e+04 1 0))
s>            ( QUESTION10 1 -1.176e+06 6.816e+02 5.218e+03
s>                ( WDBNDRY_E 0 -1.147e+06 5.923e+02 5.094e+03
s>                    ( - -1.121e+06 15 0)
s>                    ( - -2.551e+04 5 0 QUESTION14 -1 2.025e+02 1.154e+02))
s>                ( - -2.832e+04 2 0))))INFO: dtree.c(1439): stop. leaf nodes are specific
INFO: dtree.c(1478): Final simple tree
|( QUESTION0 -1 -1.139e+06 3.703e+02 5.322e+03
|    ( - -1.091e+06 4 0)
|    ( - -4.716e+04 1 0))
s>    ( QUESTION0 -1 -1.139e+06 3.703e+02 5.322e+03
s>        ( - -1.091e+06 4 0)
s>        ( - -4.716e+04 1 0))INFO: dtree.c(1315): Comp split 2
INFO: dtree.c(1478): Final simple tree
|( QUESTION0_0_R 1 -2.532e+06 4.215e+03 1.141e+04
|    ( QUESTION2_13_L -1 -2.185e+06 8.550e+02 9.848e+03
|        ( - -8.472e+04 7 0 QUESTION0 -1 2.377e+02 3.893e+02)
|        ( - -2.100e+06 16 0 WDBNDRY_E 0 3.380e+02 9.459e+03))
|    ( QUESTION0 -1 -3.424e+05 1.811e+03 1.558e+03
|        ( QUESTION0_20_R 1 -1.851e+05 5.497e+02 8.338e+02
|            ( - -1.343e+04 4 0 QUESTION12 1 1.428e+02 5.735e+01)
|            ( QUESTION0 1 -1.711e+05 4.547e+02 7.765e+02
|                ( - -3.484e+04 4 0 QUESTION0_16_R 1 2.637e+02 1.587e+02)
|                ( - -1.358e+05 4 0 QUESTION0_9_R 1 1.861e+02 6.178e+02)))
|        ( WDBNDRY_E 0 -1.555e+05 1.617e+03 7.238e+02
|            ( QUESTION0_14_R 1 -1.319e+05 5.809e+02 6.201e+02
|                ( - -9.953e+04 3 0)
|                ( - -3.174e+04 2 0 QUESTION0 1 2.296e+02 1.451e+02))
|            ( - -2.203e+04 1 0))))
s>    ( QUESTION0_0_R 1 -2.532e+06 4.215e+03 1.141e+04
s>        ( QUESTION2_13_L -1 -2.185e+06 8.550e+02 9.848e+03
s>            ( - -8.472e+04 7 0 QUESTION0 -1 2.377e+02 3.893e+02)
s>            ( - -2.100e+06 16 0 WDBNDRY_E 0 3.380e+02 9.459e+03))
s>        ( QUESTION0 -1 -3.424e+05 1.811e+03 1.558e+03
s>            ( QUESTION0_20_R 1 -1.851e+05 5.497e+02 8.338e+02
s>                ( - -1.343e+04 4 0 QUESTION12 1 1.428e+02 5.735e+01)
s>                ( QUESTION0 1 -1.711e+05 4.547e+02 7.765e+02
s>                    ( - -3.484e+04 4 0 QUESTION0_16_R 1 2.637e+02 1.587e+02)
s>                    ( - -1.358e+05 4 0 QUESTION0_9_R 1 1.861e+02 6.178e+02)))
s>            ( WDBNDRY_E 0 -1.555e+05 1.617e+03 7.238e+02
s>                ( QUESTION0_14_R 1 -1.319e+05 5.809e+02 6.201e+02
s>                    ( - -9.953e+04 3 0)
s>                    ( - -3.174e+04 2 0 QUESTION0 1 2.296e+02 1.451e+02))
s>                ( - -2.203e+04 1 0))))INFO: dtree.c(1478): Final simple tree
|( QUESTION0_0_R 1 -2.416e+06 1.108e+04 1.052e+04
|    ( QUESTION2_13_L -1 -5.641e+05 6.577e+02 2.438e+03
|        ( - -2.557e+04 3 0 QUESTION0_6_R 1 1.511e+02 1.114e+02)
|        ( - -5.379e+05 7 0 QUESTION6 1 6.512e+02 2.327e+03))
|    ( QUESTION0 1 -1.841e+06 6.365e+03 8.084e+03
|        ( QUESTION0_9_R 1 -1.178e+06 3.316e+03 5.216e+03
|            ( - -2.858e+05 5 0 QUESTION0 -1 6.188e+02 1.271e+03)
|            ( - -8.893e+05 16 0 WDBNDRY_E 0 5.748e+02 3.945e+03))
|        ( QUESTION14 1 -6.559e+05 2.542e+03 2.868e+03
|            ( QUESTION0_9_R 1 -4.133e+05 8.429e+02 1.818e+03
|                ( - -1.893e+05 4 0)
|                ( WDBNDRY_E 0 -2.232e+05 7.794e+02 9.914e+02
|                    ( - -2.037e+05 3 0)
|                    ( - -1.871e+04 1 0)))
|            ( - -2.401e+05 7 0 QUESTION0 -1 2.694e+02 1.051e+03))))
s>    ( QUESTION0_0_R 1 -2.416e+06 1.108e+04 1.052e+04
s>        ( QUESTION2_13_L -1 -5.641e+05 6.577e+02 2.438e+03
s>            ( - -2.557e+04 3 0 QUESTION0_6_R 1 1.511e+02 1.114e+02)
s>            ( - -5.379e+05 7 0 QUESTION6 1 6.512e+02 2.327e+03))
s>        ( QUESTION0 1 -1.841e+06 6.365e+03 8.084e+03
s>            ( QUESTION0_9_R 1 -1.178e+06 3.316e+03 5.216e+03
s>                ( - -2.858e+05 5 0 QUESTION0 -1 6.188e+02 1.271e+03)
s>                ( - -8.893e+05 16 0 WDBNDRY_E 0 5.748e+02 3.945e+03))
s>            ( QUESTION14 1 -6.559e+05 2.542e+03 2.868e+03
s>                ( QUESTION0_9_R 1 -4.133e+05 8.429e+02 1.818e+03
s>                    ( - -1.893e+05 4 0)
s>                    ( WDBNDRY_E 0 -2.232e+05 7.794e+02 9.914e+02
s>                        ( - -2.037e+05 3 0)
s>                        ( - -1.871e+04 1 0)))
s>                ( - -2.401e+05 7 0 QUESTION0 -1 2.694e+02 1.051e+03))))INFO: dtree.c(1315): Comp split 3
INFO: dtree.c(1478): Final simple tree
|( QUESTION0 1 -1.841e+06 6.365e+03 8.084e+03
|    ( QUESTION0_9_R 1 -1.178e+06 3.316e+03 5.216e+03
|        ( QUESTION0 -1 -2.858e+05 6.188e+02 1.271e+03
|            ( - -2.682e+05 4 0)
|            ( - -1.698e+04 1 0))
|        ( WDBNDRY_E 0 -8.893e+05 5.748e+02 3.945e+03
|            ( - -8.732e+05 15 0)
|            ( - -1.549e+04 1 0)))
|    ( QUESTION14 1 -6.559e+05 2.542e+03 2.868e+03
|        ( QUESTION0_9_R 1 -4.133e+05 8.429e+02 1.818e+03
|            ( - -1.893e+05 4 0)
|            ( WDBNDRY_E 0 -2.232e+05 7.794e+02 9.914e+02
|                ( - -2.037e+05 3 0)
|                ( - -1.871e+04 1 0)))
|        ( - -2.401e+05 7 0 QUESTION0 -1 2.694e+02 1.051e+03)))
s>    ( QUESTION0 1 -1.841e+06 6.365e+03 8.084e+03
s>        ( QUESTION0_9_R 1 -1.178e+06 3.316e+03 5.216e+03
s>            ( QUESTION0 -1 -2.858e+05 6.188e+02 1.271e+03
s>                ( - -2.682e+05 4 0)
s>                ( - -1.698e+04 1 0))
s>            ( WDBNDRY_E 0 -8.893e+05 5.748e+02 3.945e+03
s>                ( - -8.732e+05 15 0)
s>                ( - -1.549e+04 1 0)))
s>        ( QUESTION14 1 -6.559e+05 2.542e+03 2.868e+03
s>            ( QUESTION0_9_R 1 -4.133e+05 8.429e+02 1.818e+03
s>                ( - -1.893e+05 4 0)
s>                ( WDBNDRY_E 0 -2.232e+05 7.794e+02 9.914e+02
s>                    ( - -2.037e+05 3 0)
s>                    ( - -1.871e+04 1 0)))
s>            ( - -2.401e+05 7 0 QUESTION0 -1 2.694e+02 1.051e+03)))INFO: dtree.c(1439): stop. leaf nodes are specific
INFO: dtree.c(1478): Final simple tree
|( QUESTION2_13_L -1 -5.641e+05 6.577e+02 2.438e+03
|    ( QUESTION0_6_R 1 -2.557e+04 1.511e+02 1.114e+02
|        ( QUESTION0 -1 -2.304e+04 1.045e+02 1.004e+02
|            ( - -1.099e+03 1 0)
|            ( - -2.184e+04 1 0))
|        ( - -2.372e+03 1 0))
|    ( QUESTION6 1 -5.379e+05 6.512e+02 2.327e+03
|        ( - -2.756e+04 2 0)
|        ( WDBNDRY_E 0 -5.097e+05 3.369e+02 2.204e+03
|            ( QUESTION0_6_R 1 -4.916e+05 1.403e+02 2.126e+03
|                ( - -4.908e+05 3 0)
|                ( - -6.556e+02 1 0))
|            ( - -1.775e+04 1 0))))
s>    ( QUESTION2_13_L -1 -5.641e+05 6.577e+02 2.438e+03
s>        ( QUESTION0_6_R 1 -2.557e+04 1.511e+02 1.114e+02
s>            ( QUESTION0 -1 -2.304e+04 1.045e+02 1.004e+02
s>                ( - -1.099e+03 1 0)
s>                ( - -2.184e+04 1 0))
s>            ( - -2.372e+03 1 0))
s>        ( QUESTION6 1 -5.379e+05 6.512e+02 2.327e+03
s>            ( - -2.756e+04 2 0)
s>            ( WDBNDRY_E 0 -5.097e+05 3.369e+02 2.204e+03
s>                ( QUESTION0_6_R 1 -4.916e+05 1.403e+02 2.126e+03
s>                    ( - -4.908e+05 3 0)
s>                    ( - -6.556e+02 1 0))
s>                ( - -1.775e+04 1 0))))INFO: dtree.c(1315): Comp split 4
INFO: dtree.c(1478): Final simple tree
|( QUESTION2_13_L -1 -1.290e+06 2.409e+03 5.743e+03
|    ( WDBNDRY_E 0 -1.412e+05 6.845e+02 6.496e+02
|        ( QUESTION10 1 -1.250e+05 3.310e+02 5.780e+02
|            ( QUESTION0 -1 -1.150e+05 2.565e+02 5.332e+02
|                ( - -1.511e+04 3 0)
|                ( - -9.963e+04 4 0))
|            ( - -9.695e+03 1 0))
|        ( - -1.544e+04 1 0))
|    ( WDBNDRY_E 0 -1.147e+06 5.923e+02 5.094e+03
|        ( - -1.121e+06 15 0)
|        ( QUESTION14 -1 -2.551e+04 2.025e+02 1.154e+02
|            ( - -5.348e+03 1 0)
|            ( QUESTION0 -1 -1.996e+04 1.355e+02 9.126e+01
|                ( - -1.946e+04 3 0)
|                ( - -3.658e+02 1 0)))))
s>    ( QUESTION2_13_L -1 -1.290e+06 2.409e+03 5.743e+03
s>        ( WDBNDRY_E 0 -1.412e+05 6.845e+02 6.496e+02
s>            ( QUESTION10 1 -1.250e+05 3.310e+02 5.780e+02
s>                ( QUESTION0 -1 -1.150e+05 2.565e+02 5.332e+02
s>                    ( - -1.511e+04 3 0)
s>                    ( - -9.963e+04 4 0))
s>                ( - -9.695e+03 1 0))
s>            ( - -1.544e+04 1 0))
s>        ( WDBNDRY_E 0 -1.147e+06 5.923e+02 5.094e+03
s>            ( - -1.121e+06 15 0)
s>            ( QUESTION14 -1 -2.551e+04 2.025e+02 1.154e+02
s>                ( - -5.348e+03 1 0)
s>                ( QUESTION0 -1 -1.996e+04 1.355e+02 9.126e+01
s>                    ( - -1.946e+04 3 0)
s>                    ( - -3.658e+02 1 0)))))INFO: dtree.c(1439): stop. leaf nodes are specific
INFO: dtree.c(1478): Final simple tree
|( QUESTION0 -1 -8.739e+05 8.824e+02 3.868e+03
|    ( QUESTION12 1 -8.441e+05 6.708e+02 3.727e+03
|        ( QUESTION2_13_L -1 -8.151e+05 1.698e+02 3.602e+03
|            ( - -1.313e+03 1 0)
|            ( - -8.136e+05 8 0))
|        ( - -2.832e+04 2 0))
|    ( - -2.891e+04 2 0))
s>    ( QUESTION0 -1 -8.739e+05 8.824e+02 3.868e+03
s>        ( QUESTION12 1 -8.441e+05 6.708e+02 3.727e+03
s>            ( QUESTION2_13_L -1 -8.151e+05 1.698e+02 3.602e+03
s>                ( - -1.313e+03 1 0)
s>                ( - -8.136e+05 8 0))
s>            ( - -2.832e+04 2 0))
s>        ( - -2.891e+04 2 0))INFO: dtree.c(1315): Comp split 5
INFO: dtree.c(1439): stop. leaf nodes are specific
INFO: dtree.c(1478): Final simple tree
|( QUESTION14 1 -6.559e+05 2.542e+03 2.868e+03
|    ( QUESTION0_9_R 1 -4.133e+05 8.429e+02 1.818e+03
|        ( - -1.893e+05 4 0)
|        ( WDBNDRY_E 0 -2.232e+05 7.794e+02 9.914e+02
|            ( - -2.037e+05 3 0)
|            ( - -1.871e+04 1 0)))
|    ( QUESTION0 -1 -2.401e+05 2.694e+02 1.051e+03
|        ( WDBNDRY_E 0 -2.233e+05 2.277e+02 9.777e+02
|            ( - -2.112e+05 5 0)
|            ( - -1.192e+04 1 0))
|        ( - -1.649e+04 1 0)))
s>    ( QUESTION14 1 -6.559e+05 2.542e+03 2.868e+03
s>        ( QUESTION0_9_R 1 -4.133e+05 8.429e+02 1.818e+03
s>            ( - -1.893e+05 4 0)
s>            ( WDBNDRY_E 0 -2.232e+05 7.794e+02 9.914e+02
s>                ( - -2.037e+05 3 0)
s>                ( - -1.871e+04 1 0)))
s>        ( QUESTION0 -1 -2.401e+05 2.694e+02 1.051e+03
s>            ( WDBNDRY_E 0 -2.233e+05 2.277e+02 9.777e+02
s>                ( - -2.112e+05 5 0)
s>                ( - -1.192e+04 1 0))
s>            ( - -1.649e+04 1 0)))INFO: dtree.c(1439): stop. leaf nodes are specific
INFO: dtree.c(1478): Final simple tree
|( QUESTION0_9_R 1 -1.178e+06 3.316e+03 5.216e+03
|    ( QUESTION0 -1 -2.858e+05 6.188e+02 1.271e+03
|        ( - -2.682e+05 4 0)
|        ( - -1.698e+04 1 0))
|    ( WDBNDRY_E 0 -8.893e+05 5.748e+02 3.945e+03
|        ( - -8.732e+05 15 0)
|        ( - -1.549e+04 1 0)))
s>    ( QUESTION0_9_R 1 -1.178e+06 3.316e+03 5.216e+03
s>        ( QUESTION0 -1 -2.858e+05 6.188e+02 1.271e+03
s>            ( - -2.682e+05 4 0)
s>            ( - -1.698e+04 1 0))
s>        ( WDBNDRY_E 0 -8.893e+05 5.748e+02 3.945e+03
s>            ( - -8.732e+05 15 0)
s>            ( - -1.549e+04 1 0)))INFO: dtree.c(1315): Comp split 6
INFO: dtree.c(1478): Final simple tree
|( QUESTION0 -1 -3.424e+05 1.811e+03 1.558e+03
|    ( QUESTION0_20_R 1 -1.851e+05 5.497e+02 8.338e+02
|        ( - -1.343e+04 4 0 QUESTION12 1 1.428e+02 5.735e+01)
|        ( QUESTION0 1 -1.711e+05 4.547e+02 7.765e+02
|            ( QUESTION0_16_R 1 -3.484e+04 2.637e+02 1.587e+02
|                ( - -2.833e+04 3 0)
|                ( - -6.252e+03 1 0))
|            ( - -1.358e+05 4 0 QUESTION0_9_R 1 1.861e+02 6.178e+02)))
|    ( WDBNDRY_E 0 -1.555e+05 1.617e+03 7.238e+02
|        ( QUESTION0_14_R 1 -1.319e+05 5.809e+02 6.201e+02
|            ( - -9.953e+04 3 0)
|            ( QUESTION0 1 -3.174e+04 2.296e+02 1.451e+02
|                ( - -1.129e+03 1 0)
|                ( - -3.038e+04 1 0)))
|        ( - -2.203e+04 1 0)))
s>    ( QUESTION0 -1 -3.424e+05 1.811e+03 1.558e+03
s>        ( QUESTION0_20_R 1 -1.851e+05 5.497e+02 8.338e+02
s>            ( - -1.343e+04 4 0 QUESTION12 1 1.428e+02 5.735e+01)
s>            ( QUESTION0 1 -1.711e+05 4.547e+02 7.765e+02
s>                ( QUESTION0_16_R 1 -3.484e+04 2.637e+02 1.587e+02
s>                    ( - -2.833e+04 3 0)
s>                    ( - -6.252e+03 1 0))
s>                ( - -1.358e+05 4 0 QUESTION0_9_R 1 1.861e+02 6.178e+02)))
s>        ( WDBNDRY_E 0 -1.555e+05 1.617e+03 7.238e+02
s>            ( QUESTION0_14_R 1 -1.319e+05 5.809e+02 6.201e+02
s>                ( - -9.953e+04 3 0)
s>                ( QUESTION0 1 -3.174e+04 2.296e+02 1.451e+02
s>                    ( - -1.129e+03 1 0)
s>                    ( - -3.038e+04 1 0)))
s>            ( - -2.203e+04 1 0)))INFO: dtree.c(1439): stop. leaf nodes are specific
INFO: dtree.c(1478): Final simple tree
|( QUESTION2_13_L -1 -2.185e+06 8.550e+02 9.848e+03
|    ( QUESTION0 -1 -8.472e+04 2.377e+02 3.893e+02
|        ( - -1.495e+04 2 0)
|        ( WDBNDRY_E 0 -6.953e+04 1.625e+02 3.184e+02
|            ( - -6.073e+04 3 0)
|            ( - -8.638e+03 2 0)))
|    ( WDBNDRY_E 0 -2.100e+06 3.380e+02 9.459e+03
|        ( QUESTION2 1 -2.073e+06 1.366e+02 9.339e+03
|            ( - -5.259e+02 1 0)
|            ( - -2.072e+06 12 0))
|        ( - -2.651e+04 3 0)))
s>    ( QUESTION2_13_L -1 -2.185e+06 8.550e+02 9.848e+03
s>        ( QUESTION0 -1 -8.472e+04 2.377e+02 3.893e+02
s>            ( - -1.495e+04 2 0)
s>            ( WDBNDRY_E 0 -6.953e+04 1.625e+02 3.184e+02
s>                ( - -6.073e+04 3 0)
s>                ( - -8.638e+03 2 0)))
s>        ( WDBNDRY_E 0 -2.100e+06 3.380e+02 9.459e+03
s>            ( QUESTION2 1 -2.073e+06 1.366e+02 9.339e+03
s>                ( - -5.259e+02 1 0)
s>                ( - -2.072e+06 12 0))
s>            ( - -2.651e+04 3 0)))INFO: dtree.c(1315): Comp split 7
INFO: dtree.c(1439): stop. leaf nodes are specific
INFO: dtree.c(1478): Final simple tree
|( WDBNDRY_E 0 -8.893e+05 5.748e+02 3.945e+03
|    ( - -8.732e+05 15 0)
|    ( - -1.549e+04 1 0))
s>    ( WDBNDRY_E 0 -8.893e+05 5.748e+02 3.945e+03
s>        ( - -8.732e+05 15 0)
s>        ( - -1.549e+04 1 0))INFO: dtree.c(1439): stop. leaf nodes are specific
INFO: dtree.c(1478): Final simple tree
|( QUESTION0 -1 -2.858e+05 6.188e+02 1.271e+03
|    ( - -2.682e+05 4 0)
|    ( - -1.698e+04 1 0))
s>    ( QUESTION0 -1 -2.858e+05 6.188e+02 1.271e+03
s>        ( - -2.682e+05 4 0)
s>        ( - -1.698e+04 1 0))INFO: dtree.c(1315): Comp split 8
INFO: dtree.c(1439): stop. leaf nodes are specific
INFO: dtree.c(1478): Final simple tree
|( WDBNDRY_E 0 -1.349e+05 4.668e+02 6.225e+02
|    ( QUESTION0 -1 -1.150e+05 2.565e+02 5.332e+02
|        ( - -1.511e+04 3 0)
|        ( - -9.963e+04 4 0))
|    ( - -1.946e+04 3 0))
s>    ( WDBNDRY_E 0 -1.349e+05 4.668e+02 6.225e+02
s>        ( QUESTION0 -1 -1.150e+05 2.565e+02 5.332e+02
s>            ( - -1.511e+04 3 0)
s>            ( - -9.963e+04 4 0))
s>        ( - -1.946e+04 3 0))INFO: dtree.c(1439): stop. leaf nodes are specific
INFO: dtree.c(1478): Final simple tree
|( QUESTION14 -1 -1.153e+06 4.458e+02 5.121e+03
|    ( WDBNDRY_E 0 -3.094e+04 2.685e+02 1.405e+02
|        ( - -9.695e+03 1 0)
|        ( QUESTION2_0_L -1 -2.098e+04 1.945e+02 9.570e+01
|            ( - -1.544e+04 1 0)
|            ( - -5.348e+03 1 0)))
|    ( WDBNDRY_E 0 -1.121e+06 1.280e+02 4.980e+03
|        ( - -1.121e+06 15 0)
|        ( - -3.658e+02 1 0)))
s>    ( QUESTION14 -1 -1.153e+06 4.458e+02 5.121e+03
s>        ( WDBNDRY_E 0 -3.094e+04 2.685e+02 1.405e+02
s>            ( - -9.695e+03 1 0)
s>            ( QUESTION2_0_L -1 -2.098e+04 1.945e+02 9.570e+01
s>                ( - -1.544e+04 1 0)
s>                ( - -5.348e+03 1 0)))
s>        ( WDBNDRY_E 0 -1.121e+06 1.280e+02 4.980e+03
s>            ( - -1.121e+06 15 0)
s>            ( - -3.658e+02 1 0)))INFO: dtree.c(1315): Comp split 9
INFO: dtree.c(1439): stop. leaf nodes are specific
INFO: dtree.c(1478): Final simple tree
|( QUESTION0 -1 -2.401e+05 2.694e+02 1.051e+03
|    ( WDBNDRY_E 0 -2.233e+05 2.277e+02 9.777e+02
|        ( - -2.112e+05 5 0)
|        ( - -1.192e+04 1 0))
|    ( - -1.649e+04 1 0))
s>    ( QUESTION0 -1 -2.401e+05 2.694e+02 1.051e+03
s>        ( WDBNDRY_E 0 -2.233e+05 2.277e+02 9.777e+02
s>            ( - -2.112e+05 5 0)
s>            ( - -1.192e+04 1 0))
s>        ( - -1.649e+04 1 0))INFO: dtree.c(1439): stop. leaf nodes are specific
INFO: dtree.c(1478): Final simple tree
|( QUESTION0_9_R 1 -4.133e+05 8.429e+02 1.818e+03
|    ( - -1.893e+05 4 0)
|    ( WDBNDRY_E 0 -2.232e+05 7.794e+02 9.914e+02
|        ( - -2.037e+05 3 0)
|        ( - -1.871e+04 1 0)))
s>    ( QUESTION0_9_R 1 -4.133e+05 8.429e+02 1.818e+03
s>        ( - -1.893e+05 4 0)
s>        ( WDBNDRY_E 0 -2.232e+05 7.794e+02 9.914e+02
s>            ( - -2.037e+05 3 0)
s>            ( - -1.871e+04 1 0)))INFO: dtree.c(1315): Comp split 10
INFO: dtree.c(1439): stop. leaf nodes are specific
INFO: dtree.c(1478): Final simple tree
|( QUESTION0_14_R 1 -1.304e+05 5.246e+02 6.141e+02
|    ( - -9.953e+04 3 0)
|    ( - -3.038e+04 1 0))
s>    ( QUESTION0_14_R 1 -1.304e+05 5.246e+02 6.141e+02
s>        ( - -9.953e+04 3 0)
s>        ( - -3.038e+04 1 0))INFO: dtree.c(1478): Final simple tree
|( WDBNDRY_E 0 -2.098e+05 1.285e+03 9.434e+02
|    ( QUESTION0_20_R 1 -1.864e+05 5.492e+02 8.398e+02
|        ( QUESTION12 1 -1.343e+04 1.428e+02 5.735e+01
|            ( - -8.577e+02 2 0)
|            ( - -1.243e+04 2 0))
|        ( QUESTION0 1 -1.725e+05 4.701e+02 7.825e+02
|            ( QUESTION0_16_R 1 -3.618e+04 2.704e+02 1.647e+02
|                ( QUESTION0 -1 -2.965e+04 1.958e+02 1.359e+02
|                    ( - -2.833e+04 3 0)
|                    ( - -1.129e+03 1 0))
|                ( - -6.252e+03 1 0))
|            ( QUESTION0_9_R 1 -1.358e+05 1.861e+02 6.178e+02
|                ( - -9.540e+02 1 0)
|                ( - -1.347e+05 3 0))))
|    ( - -2.203e+04 1 0))
s>    ( WDBNDRY_E 0 -2.098e+05 1.285e+03 9.434e+02
s>        ( QUESTION0_20_R 1 -1.864e+05 5.492e+02 8.398e+02
s>            ( QUESTION12 1 -1.343e+04 1.428e+02 5.735e+01
s>                ( - -8.577e+02 2 0)
s>                ( - -1.243e+04 2 0))
s>            ( QUESTION0 1 -1.725e+05 4.701e+02 7.825e+02
s>                ( QUESTION0_16_R 1 -3.618e+04 2.704e+02 1.647e+02
s>                    ( QUESTION0 -1 -2.965e+04 1.958e+02 1.359e+02
s>                        ( - -2.833e+04 3 0)
s>                        ( - -1.129e+03 1 0))
s>                    ( - -6.252e+03 1 0))
s>                ( QUESTION0_9_R 1 -1.358e+05 1.861e+02 6.178e+02
s>                    ( - -9.540e+02 1 0)
s>                    ( - -1.347e+05 3 0))))
s>        ( - -2.203e+04 1 0))INFO: dtree.c(1315): Comp split 11
INFO: dtree.c(1439): stop. leaf nodes are specific
INFO: dtree.c(1478): Final simple tree
|( QUESTION0_20_R 1 -1.864e+05 5.492e+02 8.398e+02
|    ( QUESTION12 1 -1.343e+04 1.428e+02 5.735e+01
|        ( - -8.577e+02 2 0)
|        ( - -1.243e+04 2 0))
|    ( QUESTION0 1 -1.725e+05 4.701e+02 7.825e+02
|        ( QUESTION0_16_R 1 -3.618e+04 2.704e+02 1.647e+02
|            ( QUESTION0 -1 -2.965e+04 1.958e+02 1.359e+02
|                ( - -2.833e+04 3 0)
|                ( - -1.129e+03 1 0))
|            ( - -6.252e+03 1 0))
|        ( QUESTION0_9_R 1 -1.358e+05 1.861e+02 6.178e+02
|            ( - -9.540e+02 1 0)
|            ( - -1.347e+05 3 0))))
s>    ( QUESTION0_20_R 1 -1.864e+05 5.492e+02 8.398e+02
s>        ( QUESTION12 1 -1.343e+04 1.428e+02 5.735e+01
s>            ( - -8.577e+02 2 0)
s>            ( - -1.243e+04 2 0))
s>        ( QUESTION0 1 -1.725e+05 4.701e+02 7.825e+02
s>            ( QUESTION0_16_R 1 -3.618e+04 2.704e+02 1.647e+02
s>                ( QUESTION0 -1 -2.965e+04 1.958e+02 1.359e+02
s>                    ( - -2.833e+04 3 0)
s>                    ( - -1.129e+03 1 0))
s>                ( - -6.252e+03 1 0))
s>            ( QUESTION0_9_R 1 -1.358e+05 1.861e+02 6.178e+02
s>                ( - -9.540e+02 1 0)
s>                ( - -1.347e+05 3 0))))INFO: dtree.c(1315): Comp split 12
INFO: dtree.c(1439): stop. leaf nodes are specific
INFO: dtree.c(1478): Final simple tree
|( QUESTION12 1 -8.441e+05 6.708e+02 3.727e+03
|    ( QUESTION2_13_L -1 -8.151e+05 1.698e+02 3.602e+03
|        ( - -1.313e+03 1 0)
|        ( - -8.136e+05 8 0))
|    ( - -2.832e+04 2 0))
s>    ( QUESTION12 1 -8.441e+05 6.708e+02 3.727e+03
s>        ( QUESTION2_13_L -1 -8.151e+05 1.698e+02 3.602e+03
s>            ( - -1.313e+03 1 0)
s>            ( - -8.136e+05 8 0))
s>        ( - -2.832e+04 2 0))INFO: dtree.c(1315): Comp split 13
INFO: dtree.c(1439): stop. leaf nodes are specific
INFO: dtree.c(1478): Final simple tree
|( QUESTION2_18_L -1 -8.538e+04 2.383e+02 3.923e+02
|    ( - -1.495e+04 2 0)
|    ( WDBNDRY_E 0 -7.020e+04 1.638e+02 3.214e+02
|        ( QUESTION0 -1 -6.139e+04 1.346e+02 2.803e+02
|            ( - -5.259e+02 1 0)
|            ( - -6.073e+04 3 0))
|        ( - -8.638e+03 2 0)))
s>    ( QUESTION2_18_L -1 -8.538e+04 2.383e+02 3.923e+02
s>        ( - -1.495e+04 2 0)
s>        ( WDBNDRY_E 0 -7.020e+04 1.638e+02 3.214e+02
s>            ( QUESTION0 -1 -6.139e+04 1.346e+02 2.803e+02
s>                ( - -5.259e+02 1 0)
s>                ( - -6.073e+04 3 0))
s>            ( - -8.638e+03 2 0)))INFO: dtree.c(1439): stop. leaf nodes are specific
INFO: dtree.c(1478): Final simple tree
|( WDBNDRY_E 0 -2.099e+06 3.381e+02 9.456e+03
|    ( - -2.072e+06 12 0)
|    ( - -2.651e+04 3 0))
s>    ( WDBNDRY_E 0 -2.099e+06 3.381e+02 9.456e+03
s>        ( - -2.072e+06 12 0)
s>        ( - -2.651e+04 3 0))INFO: dtree.c(1315): Comp split 14
INFO: dtree.c(1439): stop. leaf nodes are specific
INFO: dtree.c(1478): Final simple tree
|( WDBNDRY_E 0 -2.088e+05 7.767e+02 9.125e+02
|    ( - -1.893e+05 4 0)
|    ( - -1.871e+04 1 0))
s>    ( WDBNDRY_E 0 -2.088e+05 7.767e+02 9.125e+02
s>        ( - -1.893e+05 4 0)
s>        ( - -1.871e+04 1 0))INFO: dtree.c(1315): Comp split 15
INFO: dtree.c(1315): Comp split 16
INFO: dtree.c(1439): stop. leaf nodes are specific
INFO: dtree.c(1478): Final simple tree
|( QUESTION0_17_R 1 -4.364e+04 4.101e+02 1.943e+02
|    ( - -1.243e+04 2 0)
|    ( QUESTION0 -1 -3.080e+04 1.938e+02 1.409e+02
|        ( QUESTION0_9_R 1 -2.947e+04 1.913e+02 1.349e+02
|            ( - -9.540e+02 1 0)
|            ( - -2.833e+04 3 0))
|        ( - -1.129e+03 1 0)))
s>    ( QUESTION0_17_R 1 -4.364e+04 4.101e+02 1.943e+02
s>        ( - -1.243e+04 2 0)
s>        ( QUESTION0 -1 -3.080e+04 1.938e+02 1.409e+02
s>            ( QUESTION0_9_R 1 -2.947e+04 1.913e+02 1.349e+02
s>                ( - -9.540e+02 1 0)
s>                ( - -2.833e+04 3 0))
s>            ( - -1.129e+03 1 0)))INFO: dtree.c(1439): stop. leaf nodes are specific
INFO: dtree.c(1478): Final simple tree
|( QUESTION0_18_R 1 -1.421e+05 2.021e+02 6.455e+02
|    ( - -6.252e+03 1 0)
|    ( QUESTION0_16_R 1 -1.357e+05 1.201e+02 6.168e+02
|        ( - -1.347e+05 3 0)
|        ( - -8.577e+02 2 0)))
s>    ( QUESTION0_18_R 1 -1.421e+05 2.021e+02 6.455e+02
s>        ( - -6.252e+03 1 0)
s>        ( QUESTION0_16_R 1 -1.357e+05 1.201e+02 6.168e+02
s>            ( - -1.347e+05 3 0)
s>            ( - -8.577e+02 2 0)))INFO: dtree.c(1315): Comp split 17
INFO: dtree.c(1439): stop. leaf nodes are specific
INFO: dtree.c(1478): Final simple tree
|( QUESTION2_13_L -1 -8.151e+05 1.698e+02 3.602e+03
|    ( - -1.313e+03 1 0)
|    ( - -8.136e+05 8 0))
s>    ( QUESTION2_13_L -1 -8.151e+05 1.698e+02 3.602e+03
s>        ( - -1.313e+03 1 0)
s>        ( - -8.136e+05 8 0))INFO: dtree.c(1315): Comp split 18
INFO: dtree.c(1439): stop. leaf nodes are specific
INFO: dtree.c(1478): Final simple tree
|( QUESTION0 -1 -2.304e+04 1.045e+02 1.004e+02
|    ( - -1.099e+03 1 0)
|    ( - -2.184e+04 1 0))
s>    ( QUESTION0 -1 -2.304e+04 1.045e+02 1.004e+02
s>        ( - -1.099e+03 1 0)
s>        ( - -2.184e+04 1 0))INFO: dtree.c(1439): stop. leaf nodes are specific
INFO: dtree.c(1478): Final simple tree
|( QUESTION6 1 -5.404e+05 6.135e+02 2.338e+03
|    ( QUESTION0 -1 -3.012e+04 1.877e+02 1.342e+02
|        ( - -2.756e+04 2 0)
|        ( - -2.372e+03 1 0))
|    ( WDBNDRY_E 0 -5.097e+05 3.369e+02 2.204e+03
|        ( QUESTION0_6_R 1 -4.916e+05 1.403e+02 2.126e+03
|            ( - -4.908e+05 3 0)
|            ( - -6.556e+02 1 0))
|        ( - -1.775e+04 1 0)))
s>    ( QUESTION6 1 -5.404e+05 6.135e+02 2.338e+03
s>        ( QUESTION0 -1 -3.012e+04 1.877e+02 1.342e+02
s>            ( - -2.756e+04 2 0)
s>            ( - -2.372e+03 1 0))
s>        ( WDBNDRY_E 0 -5.097e+05 3.369e+02 2.204e+03
s>            ( QUESTION0_6_R 1 -4.916e+05 1.403e+02 2.126e+03
s>                ( - -4.908e+05 3 0)
s>                ( - -6.556e+02 1 0))
s>            ( - -1.775e+04 1 0)))INFO: dtree.c(1315): Comp split 19
INFO: dtree.c(1439): stop. leaf nodes are specific
INFO: dtree.c(1478): Final simple tree
|( WDBNDRY_E 0 -5.122e+05 3.358e+02 2.215e+03
|    ( QUESTION0 -1 -4.941e+05 1.514e+02 2.137e+03
|        ( QUESTION0_6_R 1 -4.916e+05 1.403e+02 2.126e+03
|            ( - -4.908e+05 3 0)
|            ( - -6.556e+02 1 0))
|        ( - -2.372e+03 1 0))
|    ( - -1.775e+04 1 0))
s>    ( WDBNDRY_E 0 -5.122e+05 3.358e+02 2.215e+03
s>        ( QUESTION0 -1 -4.941e+05 1.514e+02 2.137e+03
s>            ( QUESTION0_6_R 1 -4.916e+05 1.403e+02 2.126e+03
s>                ( - -4.908e+05 3 0)
s>                ( - -6.556e+02 1 0))
s>            ( - -2.372e+03 1 0))
s>        ( - -1.775e+04 1 0))INFO: dtree.c(1315): Comp split 20
INFO: dtree.c(1315): Comp split 21
INFO: dtree.c(1315): Comp split 22
INFO: dtree.c(1315): Comp split 23
INFO: dtree.c(1439): stop. leaf nodes are specific
INFO: dtree.c(1478): Final simple tree
|( QUESTION0 -1 -1.150e+05 2.565e+02 5.332e+02
|    ( - -1.511e+04 3 0)
|    ( - -9.963e+04 4 0))
s>    ( QUESTION0 -1 -1.150e+05 2.565e+02 5.332e+02
s>        ( - -1.511e+04 3 0)
s>        ( - -9.963e+04 4 0))INFO: dtree.c(1315): Comp split 24
INFO: dtree.c(1439): stop. leaf nodes are specific
INFO: dtree.c(1478): Final simple tree
|( WDBNDRY_E 0 -3.094e+04 2.685e+02 1.405e+02
|    ( - -9.695e+03 1 0)
|    ( QUESTION2_0_L -1 -2.098e+04 1.945e+02 9.570e+01
|        ( - -1.544e+04 1 0)
|        ( - -5.348e+03 1 0)))
s>    ( WDBNDRY_E 0 -3.094e+04 2.685e+02 1.405e+02
s>        ( - -9.695e+03 1 0)
s>        ( QUESTION2_0_L -1 -2.098e+04 1.945e+02 9.570e+01
s>            ( - -1.544e+04 1 0)
s>            ( - -5.348e+03 1 0)))INFO: dtree.c(1439): stop. leaf nodes are specific
INFO: dtree.c(1478): Final simple tree
|( WDBNDRY_E 0 -1.121e+06 1.280e+02 4.980e+03
|    ( - -1.121e+06 15 0)
|    ( - -3.658e+02 1 0))
s>    ( WDBNDRY_E 0 -1.121e+06 1.280e+02 4.980e+03
s>        ( - -1.121e+06 15 0)
s>        ( - -3.658e+02 1 0))INFO: dtree.c(1315): Comp split 25
INFO: dtree.c(1439): stop. leaf nodes are specific
INFO: dtree.c(1478): Final simple tree
|( QUESTION0 -1 -3.080e+04 1.938e+02 1.409e+02
|    ( QUESTION0_9_R 1 -2.947e+04 1.913e+02 1.349e+02
|        ( - -9.540e+02 1 0)
|        ( - -2.833e+04 3 0))
|    ( - -1.129e+03 1 0))
s>    ( QUESTION0 -1 -3.080e+04 1.938e+02 1.409e+02
s>        ( QUESTION0_9_R 1 -2.947e+04 1.913e+02 1.349e+02
s>            ( - -9.540e+02 1 0)
s>            ( - -2.833e+04 3 0))
s>        ( - -1.129e+03 1 0))INFO: dtree.c(1315): Comp split 26
INFO: dtree.c(1315): Comp split 27
INFO: dtree.c(1315): Comp split 28
INFO: dtree.c(1439): stop. leaf nodes are specific
INFO: dtree.c(1478): Final simple tree
|( QUESTION0 -1 -4.941e+05 1.514e+02 2.137e+03
|    ( QUESTION0_6_R 1 -4.916e+05 1.403e+02 2.126e+03
|        ( - -4.908e+05 3 0)
|        ( - -6.556e+02 1 0))
|    ( - -2.372e+03 1 0))
s>    ( QUESTION0 -1 -4.941e+05 1.514e+02 2.137e+03
s>        ( QUESTION0_6_R 1 -4.916e+05 1.403e+02 2.126e+03
s>            ( - -4.908e+05 3 0)
s>            ( - -6.556e+02 1 0))
s>        ( - -2.372e+03 1 0))INFO: dtree.c(1315): Comp split 29
INFO: dtree.c(1439): stop. leaf nodes are specific
INFO: dtree.c(1478): Final simple tree
|( WDBNDRY_E 0 -1.524e+04 1.932e+02 6.887e+01
|    ( - -9.695e+03 1 0)
|    ( - -5.348e+03 1 0))
s>    ( WDBNDRY_E 0 -1.524e+04 1.932e+02 6.887e+01
s>        ( - -9.695e+03 1 0)
s>        ( - -5.348e+03 1 0))INFO: dtree.c(1315): Comp split 30
INFO: dtree.c(1439): stop. leaf nodes are specific
INFO: dtree.c(1478): Final simple tree
|( WDBNDRY_E 0 -2.233e+05 2.277e+02 9.777e+02
|    ( - -2.112e+05 5 0)
|    ( - -1.192e+04 1 0))
s>    ( WDBNDRY_E 0 -2.233e+05 2.277e+02 9.777e+02
s>        ( - -2.112e+05 5 0)
s>        ( - -1.192e+04 1 0))INFO: dtree.c(1315): Comp split 31
INFO: dtree.c(1315): Comp split 32
INFO: dtree.c(1439): stop. leaf nodes are specific
INFO: dtree.c(1478): Final simple tree
|( WDBNDRY_E 0 -7.020e+04 1.638e+02 3.214e+02
|    ( QUESTION0 -1 -6.139e+04 1.346e+02 2.803e+02
|        ( - -5.259e+02 1 0)
|        ( - -6.073e+04 3 0))
|    ( - -8.638e+03 2 0))
s>    ( WDBNDRY_E 0 -7.020e+04 1.638e+02 3.214e+02
s>        ( QUESTION0 -1 -6.139e+04 1.346e+02 2.803e+02
s>            ( - -5.259e+02 1 0)
s>            ( - -6.073e+04 3 0))
s>        ( - -8.638e+03 2 0))INFO: dtree.c(1315): Comp split 33
INFO: dtree.c(1315): Comp split 34
INFO: dtree.c(1439): stop. leaf nodes are specific
INFO: dtree.c(1478): Final simple tree
|( QUESTION0_16_R 1 -1.357e+05 1.201e+02 6.168e+02
|    ( - -1.347e+05 3 0)
|    ( - -8.577e+02 2 0))
s>    ( QUESTION0_16_R 1 -1.357e+05 1.201e+02 6.168e+02
s>        ( - -1.347e+05 3 0)
s>        ( - -8.577e+02 2 0))INFO: dtree.c(1315): Comp split 35
INFO: dtree.c(1439): stop. leaf nodes are specific
INFO: dtree.c(1478): Final simple tree
|( QUESTION0_9_R 1 -2.273e+03 1.905e+02 1.100e+01
|    ( - -9.540e+02 1 0)
|    ( - -1.129e+03 1 0))
s>    ( QUESTION0_9_R 1 -2.273e+03 1.905e+02 1.100e+01
s>        ( - -9.540e+02 1 0)
s>        ( - -1.129e+03 1 0))INFO: dtree.c(1315): Comp split 36
INFO: dtree.c(1315): Comp split 37
INFO: dtree.c(1315): Comp split 38
INFO: dtree.c(1315): Comp split 39
INFO: dtree.c(1439): stop. leaf nodes are specific
INFO: dtree.c(1478): Final simple tree
|( QUESTION0 -1 -6.139e+04 1.346e+02 2.803e+02
|    ( - -5.259e+02 1 0)
|    ( - -6.073e+04 3 0))
s>    ( QUESTION0 -1 -6.139e+04 1.346e+02 2.803e+02
s>        ( - -5.259e+02 1 0)
s>        ( - -6.073e+04 3 0))INFO: dtree.c(1315): Comp split 40
INFO: dtree.c(1439): stop. leaf nodes are specific
INFO: dtree.c(1478): Final simple tree
|( QUESTION0_6_R 1 -4.916e+05 1.403e+02 2.126e+03
|    ( - -4.908e+05 3 0)
|    ( - -6.556e+02 1 0))
s>    ( QUESTION0_6_R 1 -4.916e+05 1.403e+02 2.126e+03
s>        ( - -4.908e+05 3 0)
s>        ( - -6.556e+02 1 0))INFO: dtree.c(1315): Comp split 41
INFO: dtree.c(1315): Comp split 42
INFO: dtree.c(1315): Comp split 43
INFO: dtree.c(1315): Comp split 44
INFO: dtree.c(1315): Comp split 45
INFO: dtree.c(1315): Comp split 46
INFO: dtree.c(1318): stop. leaf nodes are specific
Fri Jan  6 22:28:10 2023
