Current configuration:
[NAME]		[DEFLT]	[VALUE]
-allphones	no	no
-cntthresh	0.00001	1.000000e-05
-csplitmax	100	2000
-csplitmin	1	1
-csplitthr	8e-4	0.000000e+00
-example	no	no
-fullvar	no	no
-help		no	no
-meanfn			/mnt/c/users/robin/onedrive/desktop/cmu/Cebuano/model_parameters/Cebuano.cd_cont_untied/means
-mixwfn			/mnt/c/users/robin/onedrive/desktop/cmu/Cebuano/model_parameters/Cebuano.cd_cont_untied/mixture_weights
-moddeffn		/mnt/c/users/robin/onedrive/desktop/cmu/Cebuano/model_architecture/Cebuano.untied.mdef
-mwfloor	1e-4	1.000000e-08
-phone			V
-psetfn			/mnt/c/users/robin/onedrive/desktop/cmu/Cebuano/model_architecture/Cebuano.tree_questions
-ssplitmax	5	7
-ssplitmin	1	1
-ssplitthr	8e-4	0.000000e+00
-state			1
-stwt			1.0,0.05,0.0,
-treefn			/mnt/c/users/robin/onedrive/desktop/cmu/Cebuano/trees/Cebuano.unpruned/V-1.dtree
-ts2cbfn	.semi.	.cont.
-varfloor	0.00001	1.000000e-05
-varfn			/mnt/c/users/robin/onedrive/desktop/cmu/Cebuano/model_parameters/Cebuano.cd_cont_untied/variances

INFO: main.c(223): Reading: /mnt/c/users/robin/onedrive/desktop/cmu/Cebuano/model_architecture/Cebuano.untied.mdef
INFO: model_def_io.c(573): Model definition info:
INFO: model_def_io.c(574): 7744 total models defined (40 base, 7704 tri)
INFO: model_def_io.c(575): 30976 total states
INFO: model_def_io.c(576): 23232 total tied states
INFO: model_def_io.c(577): 120 total tied CI states
INFO: model_def_io.c(578): 40 total tied transition matrices
INFO: model_def_io.c(579): 4 max state/model
INFO: model_def_io.c(580): 4 min state/model
INFO: main.c(242): Building trees for [V AA AA i] through [V Z IH b]
INFO: main.c(268): Covering states |[22173 22340]| == 168
INFO: main.c(275): Reading: /mnt/c/users/robin/onedrive/desktop/cmu/Cebuano/model_parameters/Cebuano.cd_cont_untied/mixture_weights
INFO: s3mixw_io.c(172): Read /mnt/c/users/robin/onedrive/desktop/cmu/Cebuano/model_parameters/Cebuano.cd_cont_untied/mixture_weights [168x1x1 array]
INFO: main.c(311): 56 of 56 models have observation count greater than 0.000010
INFO: main.c(95): nrm stwt: 0.045 0.909 0.045 
INFO: s3gau_io.c(168): Read /mnt/c/users/robin/onedrive/desktop/cmu/Cebuano/model_parameters/Cebuano.cd_cont_untied/means [23232x1x1 array]
INFO: s3gau_io.c(168): Read /mnt/c/users/robin/onedrive/desktop/cmu/Cebuano/model_parameters/Cebuano.cd_cont_untied/variances [23232x1x1 array]
INFO: main.c(549): Reading: /mnt/c/users/robin/onedrive/desktop/cmu/Cebuano/model_architecture/Cebuano.tree_questions
INFO: main.c(587): 180 total simple questions (172 phone; 8 word bndry)
INFO: main.c(589): 42 Left Only questions, and 42 Right Only questions
INFO: dtree.c(1478): Final simple tree
|( QUESTION2_14_L -1 -2.213e+05 9.232e+02 9.408e+02
|    ( QUESTION14 -1 -7.901e+04 4.783e+02 3.416e+02
|        ( - -4.264e+04 4 0 WDBNDRY_E 0 3.155e+02 1.842e+02)
|        ( WDBNDRY_E 0 -3.589e+04 4.878e+02 1.574e+02
|            ( - 2.413e+02 1 0)
|            ( - -3.564e+04 2 0 QUESTION0_14_R 1 1.833e+02 1.564e+02)))
|    ( QUESTION0_9_R 1 -1.414e+05 7.683e+02 5.992e+02
|        ( QUESTION0_10_R 1 -2.201e+04 4.763e+02 8.587e+01
|            ( - -1.403e+04 9 0 QUESTION2_19_L -1 2.373e+02 5.381e+01)
|            ( - -7.508e+03 1 0))
|        ( QUESTION15 -1 -1.186e+05 4.480e+02 5.133e+02
|            ( - -1.030e+04 2 0)
|            ( SILENCE 1 -1.079e+05 3.525e+02 4.731e+02
|                ( - -5.853e+03 1 0)
|                ( - -1.017e+05 36 0 QUESTION0 1 3.414e+02 4.434e+02)))))
s>    ( QUESTION2_14_L -1 -2.213e+05 9.232e+02 9.408e+02
s>        ( QUESTION14 -1 -7.901e+04 4.783e+02 3.416e+02
s>            ( - -4.264e+04 4 0 WDBNDRY_E 0 3.155e+02 1.842e+02)
s>            ( WDBNDRY_E 0 -3.589e+04 4.878e+02 1.574e+02
s>                ( - 2.413e+02 1 0)
s>                ( - -3.564e+04 2 0 QUESTION0_14_R 1 1.833e+02 1.564e+02)))
s>        ( QUESTION0_9_R 1 -1.414e+05 7.683e+02 5.992e+02
s>            ( QUESTION0_10_R 1 -2.201e+04 4.763e+02 8.587e+01
s>                ( - -1.403e+04 9 0 QUESTION2_19_L -1 2.373e+02 5.381e+01)
s>                ( - -7.508e+03 1 0))
s>            ( QUESTION15 -1 -1.186e+05 4.480e+02 5.133e+02
s>                ( - -1.030e+04 2 0)
s>                ( SILENCE 1 -1.079e+05 3.525e+02 4.731e+02
s>                    ( - -5.853e+03 1 0)
s>                    ( - -1.017e+05 36 0 QUESTION0 1 3.414e+02 4.434e+02)))))INFO: dtree.c(1315): Comp split 0
INFO: dtree.c(1478): Final simple tree
|( SILENCE 1 -1.079e+05 3.525e+02 4.731e+02
|    ( - -5.853e+03 1 0)
|    ( QUESTION0 1 -1.017e+05 3.414e+02 4.434e+02
|        ( QUESTION13 -1 -6.623e+04 2.689e+02 2.949e+02
|            ( WDBNDRY_B 0 -1.026e+04 4.631e+02 4.543e+01
|                ( - 2.400e+02 1 0)
|                ( QUESTION0_14_R 1 -1.004e+04 3.686e+02 4.443e+01
|                    ( - -6.794e+03 2 0 WDBNDRY_E 0 1.637e+02 3.043e+01)
|                    ( - -2.879e+03 1 0)))
|            ( - -5.570e+04 17 0 QUESTION2_13_L -1 1.978e+02 2.494e+02))
|        ( QUESTION10 -1 -3.509e+04 2.686e+02 1.485e+02
|            ( - -1.734e+03 1 0)
|            ( QUESTION14 1 -3.308e+04 2.699e+02 1.445e+02
|                ( - -1.590e+04 7 0 WDBNDRY_I 0 2.456e+02 7.359e+01)
|                ( - -1.691e+04 7 0 WDBNDRY_E 0 2.202e+02 7.089e+01)))))
s>    ( SILENCE 1 -1.079e+05 3.525e+02 4.731e+02
s>        ( - -5.853e+03 1 0)
s>        ( QUESTION0 1 -1.017e+05 3.414e+02 4.434e+02
s>            ( QUESTION13 -1 -6.623e+04 2.689e+02 2.949e+02
s>                ( WDBNDRY_B 0 -1.026e+04 4.631e+02 4.543e+01
s>                    ( - 2.400e+02 1 0)
s>                    ( QUESTION0_14_R 1 -1.004e+04 3.686e+02 4.443e+01
s>                        ( - -6.794e+03 2 0 WDBNDRY_E 0 1.637e+02 3.043e+01)
s>                        ( - -2.879e+03 1 0)))
s>                ( - -5.570e+04 17 0 QUESTION2_13_L -1 1.978e+02 2.494e+02))
s>            ( QUESTION10 -1 -3.509e+04 2.686e+02 1.485e+02
s>                ( - -1.734e+03 1 0)
s>                ( QUESTION14 1 -3.308e+04 2.699e+02 1.445e+02
s>                    ( - -1.590e+04 7 0 WDBNDRY_I 0 2.456e+02 7.359e+01)
s>                    ( - -1.691e+04 7 0 WDBNDRY_E 0 2.202e+02 7.089e+01)))))INFO: dtree.c(1478): Final simple tree
|( QUESTION0_11_R 1 -1.122e+05 6.694e+02 4.677e+02
|    ( - -7.508e+03 1 0)
|    ( QUESTION0_14_R 1 -1.040e+05 4.976e+02 4.357e+02
|        ( QUESTION14 -1 -8.001e+04 3.783e+02 3.449e+02
|            ( - -3.436e+04 2 0)
|            ( QUESTION16 -1 -4.526e+04 3.859e+02 1.927e+02
|                ( - -1.030e+04 2 0)
|                ( - -3.458e+04 1 0)))
|        ( QUESTION0_3_R 1 -2.351e+04 4.712e+02 9.076e+01
|            ( - 2.413e+02 1 0)
|            ( WDBNDRY_E 0 -2.328e+04 2.848e+02 8.976e+01
|                ( - -7.958e+03 2 0 QUESTION0_1_R 1 2.142e+02 3.194e+01)
|                ( QUESTION2_19_L -1 -1.504e+04 2.376e+02 5.781e+01
|                    ( - -2.692e+03 2 0 WDBNDRY_B 0 5.012e+02 1.201e+01)
|                    ( - -1.211e+04 8 0 QUESTION2_0_L -1 1.849e+02 4.580e+01))))))
s>    ( QUESTION0_11_R 1 -1.122e+05 6.694e+02 4.677e+02
s>        ( - -7.508e+03 1 0)
s>        ( QUESTION0_14_R 1 -1.040e+05 4.976e+02 4.357e+02
s>            ( QUESTION14 -1 -8.001e+04 3.783e+02 3.449e+02
s>                ( - -3.436e+04 2 0)
s>                ( QUESTION16 -1 -4.526e+04 3.859e+02 1.927e+02
s>                    ( - -1.030e+04 2 0)
s>                    ( - -3.458e+04 1 0)))
s>            ( QUESTION0_3_R 1 -2.351e+04 4.712e+02 9.076e+01
s>                ( - 2.413e+02 1 0)
s>                ( WDBNDRY_E 0 -2.328e+04 2.848e+02 8.976e+01
s>                    ( - -7.958e+03 2 0 QUESTION0_1_R 1 2.142e+02 3.194e+01)
s>                    ( QUESTION2_19_L -1 -1.504e+04 2.376e+02 5.781e+01
s>                        ( - -2.692e+03 2 0 WDBNDRY_B 0 5.012e+02 1.201e+01)
s>                        ( - -1.211e+04 8 0 QUESTION2_0_L -1 1.849e+02 4.580e+01))))))INFO: dtree.c(1315): Comp split 1
INFO: dtree.c(1478): Final simple tree
|( QUESTION0_11_R 1 -7.684e+04 5.921e+02 3.153e+02
|    ( - -7.508e+03 1 0)
|    ( QUESTION0_3_R 1 -6.874e+04 4.690e+02 2.832e+02
|        ( - 2.413e+02 1 0)
|        ( QUESTION0_14_R 1 -6.852e+04 3.663e+02 2.822e+02
|            ( - -4.487e+04 4 0 QUESTION14 -1 2.039e+02 1.925e+02)
|            ( WDBNDRY_E 0 -2.328e+04 2.848e+02 8.976e+01
|                ( QUESTION0_1_R 1 -7.958e+03 2.142e+02 3.194e+01
|                    ( - -5.572e+03 1 0)
|                    ( - -2.172e+03 1 0))
|                ( QUESTION2_19_L -1 -1.504e+04 2.376e+02 5.781e+01
|                    ( WDBNDRY_B 0 -2.692e+03 5.012e+02 1.201e+01
|                        ( - 1.627e+02 1 0)
|                        ( - -2.354e+03 1 0))
|                    ( - -1.211e+04 8 0 QUESTION2_0_L -1 1.849e+02 4.580e+01))))))
s>    ( QUESTION0_11_R 1 -7.684e+04 5.921e+02 3.153e+02
s>        ( - -7.508e+03 1 0)
s>        ( QUESTION0_3_R 1 -6.874e+04 4.690e+02 2.832e+02
s>            ( - 2.413e+02 1 0)
s>            ( QUESTION0_14_R 1 -6.852e+04 3.663e+02 2.822e+02
s>                ( - -4.487e+04 4 0 QUESTION14 -1 2.039e+02 1.925e+02)
s>                ( WDBNDRY_E 0 -2.328e+04 2.848e+02 8.976e+01
s>                    ( QUESTION0_1_R 1 -7.958e+03 2.142e+02 3.194e+01
s>                        ( - -5.572e+03 1 0)
s>                        ( - -2.172e+03 1 0))
s>                    ( QUESTION2_19_L -1 -1.504e+04 2.376e+02 5.781e+01
s>                        ( WDBNDRY_B 0 -2.692e+03 5.012e+02 1.201e+01
s>                            ( - 1.627e+02 1 0)
s>                            ( - -2.354e+03 1 0))
s>                        ( - -1.211e+04 8 0 QUESTION2_0_L -1 1.849e+02 4.580e+01))))))INFO: dtree.c(1315): Comp split 2
INFO: dtree.c(1478): Final simple tree
|( QUESTION0_3_R 1 -6.874e+04 4.690e+02 2.832e+02
|    ( - 2.413e+02 1 0)
|    ( QUESTION0_14_R 1 -6.852e+04 3.663e+02 2.822e+02
|        ( QUESTION14 -1 -4.487e+04 2.039e+02 1.925e+02
|            ( - -3.436e+04 2 0)
|            ( - -1.030e+04 2 0))
|        ( WDBNDRY_E 0 -2.328e+04 2.848e+02 8.976e+01
|            ( QUESTION0_1_R 1 -7.958e+03 2.142e+02 3.194e+01
|                ( - -5.572e+03 1 0)
|                ( - -2.172e+03 1 0))
|            ( QUESTION2_19_L -1 -1.504e+04 2.376e+02 5.781e+01
|                ( WDBNDRY_B 0 -2.692e+03 5.012e+02 1.201e+01
|                    ( - 1.627e+02 1 0)
|                    ( - -2.354e+03 1 0))
|                ( - -1.211e+04 8 0 QUESTION2_0_L -1 1.849e+02 4.580e+01)))))
s>    ( QUESTION0_3_R 1 -6.874e+04 4.690e+02 2.832e+02
s>        ( - 2.413e+02 1 0)
s>        ( QUESTION0_14_R 1 -6.852e+04 3.663e+02 2.822e+02
s>            ( QUESTION14 -1 -4.487e+04 2.039e+02 1.925e+02
s>                ( - -3.436e+04 2 0)
s>                ( - -1.030e+04 2 0))
s>            ( WDBNDRY_E 0 -2.328e+04 2.848e+02 8.976e+01
s>                ( QUESTION0_1_R 1 -7.958e+03 2.142e+02 3.194e+01
s>                    ( - -5.572e+03 1 0)
s>                    ( - -2.172e+03 1 0))
s>                ( QUESTION2_19_L -1 -1.504e+04 2.376e+02 5.781e+01
s>                    ( WDBNDRY_B 0 -2.692e+03 5.012e+02 1.201e+01
s>                        ( - 1.627e+02 1 0)
s>                        ( - -2.354e+03 1 0))
s>                    ( - -1.211e+04 8 0 QUESTION2_0_L -1 1.849e+02 4.580e+01)))))INFO: dtree.c(1315): Comp split 3
INFO: dtree.c(1478): Final simple tree
|( QUESTION0_3_R 1 -6.843e+04 4.690e+02 2.822e+02
|    ( - 2.413e+02 1 0)
|    ( QUESTION0_14_R 1 -6.820e+04 3.621e+02 2.812e+02
|        ( QUESTION14 -1 -4.487e+04 2.039e+02 1.925e+02
|            ( - -3.436e+04 2 0)
|            ( - -1.030e+04 2 0))
|        ( QUESTION2_19_L -1 -2.297e+04 3.004e+02 8.876e+01
|            ( - -2.354e+03 1 0)
|            ( WDBNDRY_E 0 -2.031e+04 2.471e+02 7.774e+01
|                ( QUESTION0_1_R 1 -7.958e+03 2.142e+02 3.194e+01
|                    ( - -5.572e+03 1 0)
|                    ( - -2.172e+03 1 0))
|                ( QUESTION2_0_L -1 -1.211e+04 1.849e+02 4.580e+01
|                    ( - -8.693e+03 4 0 QUESTION14 -1 1.614e+02 3.080e+01)
|                    ( - -3.231e+03 4 0 WDBNDRY_B 0 1.376e+02 1.500e+01))))))
s>    ( QUESTION0_3_R 1 -6.843e+04 4.690e+02 2.822e+02
s>        ( - 2.413e+02 1 0)
s>        ( QUESTION0_14_R 1 -6.820e+04 3.621e+02 2.812e+02
s>            ( QUESTION14 -1 -4.487e+04 2.039e+02 1.925e+02
s>                ( - -3.436e+04 2 0)
s>                ( - -1.030e+04 2 0))
s>            ( QUESTION2_19_L -1 -2.297e+04 3.004e+02 8.876e+01
s>                ( - -2.354e+03 1 0)
s>                ( WDBNDRY_E 0 -2.031e+04 2.471e+02 7.774e+01
s>                    ( QUESTION0_1_R 1 -7.958e+03 2.142e+02 3.194e+01
s>                        ( - -5.572e+03 1 0)
s>                        ( - -2.172e+03 1 0))
s>                    ( QUESTION2_0_L -1 -1.211e+04 1.849e+02 4.580e+01
s>                        ( - -8.693e+03 4 0 QUESTION14 -1 1.614e+02 3.080e+01)
s>                        ( - -3.231e+03 4 0 WDBNDRY_B 0 1.376e+02 1.500e+01))))))INFO: dtree.c(1315): Comp split 4
INFO: dtree.c(1478): Final simple tree
|( QUESTION0_14_R 1 -6.820e+04 3.621e+02 2.812e+02
|    ( QUESTION14 -1 -4.487e+04 2.039e+02 1.925e+02
|        ( - -3.436e+04 2 0)
|        ( - -1.030e+04 2 0))
|    ( QUESTION2_19_L -1 -2.297e+04 3.004e+02 8.876e+01
|        ( - -2.354e+03 1 0)
|        ( WDBNDRY_E 0 -2.031e+04 2.471e+02 7.774e+01
|            ( QUESTION0_1_R 1 -7.958e+03 2.142e+02 3.194e+01
|                ( - -5.572e+03 1 0)
|                ( - -2.172e+03 1 0))
|            ( QUESTION2_0_L -1 -1.211e+04 1.849e+02 4.580e+01
|                ( QUESTION14 -1 -8.693e+03 1.614e+02 3.080e+01
|                    ( - -4.929e+03 1 0)
|                    ( - -3.602e+03 3 0 QUESTION0_9_R 1 1.284e+02 1.400e+01))
|                ( - -3.231e+03 4 0 WDBNDRY_B 0 1.376e+02 1.500e+01)))))
s>    ( QUESTION0_14_R 1 -6.820e+04 3.621e+02 2.812e+02
s>        ( QUESTION14 -1 -4.487e+04 2.039e+02 1.925e+02
s>            ( - -3.436e+04 2 0)
s>            ( - -1.030e+04 2 0))
s>        ( QUESTION2_19_L -1 -2.297e+04 3.004e+02 8.876e+01
s>            ( - -2.354e+03 1 0)
s>            ( WDBNDRY_E 0 -2.031e+04 2.471e+02 7.774e+01
s>                ( QUESTION0_1_R 1 -7.958e+03 2.142e+02 3.194e+01
s>                    ( - -5.572e+03 1 0)
s>                    ( - -2.172e+03 1 0))
s>                ( QUESTION2_0_L -1 -1.211e+04 1.849e+02 4.580e+01
s>                    ( QUESTION14 -1 -8.693e+03 1.614e+02 3.080e+01
s>                        ( - -4.929e+03 1 0)
s>                        ( - -3.602e+03 3 0 QUESTION0_9_R 1 1.284e+02 1.400e+01))
s>                    ( - -3.231e+03 4 0 WDBNDRY_B 0 1.376e+02 1.500e+01)))))INFO: dtree.c(1315): Comp split 5
INFO: dtree.c(1478): Final simple tree
|( SILENCE 1 -1.076e+05 3.526e+02 4.721e+02
|    ( - -5.853e+03 1 0)
|    ( QUESTION0 1 -1.014e+05 3.424e+02 4.424e+02
|        ( QUESTION13 -1 -6.601e+04 2.684e+02 2.939e+02
|            ( QUESTION0_14_R 1 -1.004e+04 3.686e+02 4.443e+01
|                ( - -6.794e+03 2 0 WDBNDRY_E 0 1.637e+02 3.043e+01)
|                ( - -2.879e+03 1 0))
|            ( - -5.570e+04 17 0 QUESTION2_13_L -1 1.978e+02 2.494e+02))
|        ( QUESTION10 -1 -3.509e+04 2.686e+02 1.485e+02
|            ( - -1.734e+03 1 0)
|            ( QUESTION14 1 -3.308e+04 2.699e+02 1.445e+02
|                ( WDBNDRY_I 0 -1.590e+04 2.456e+02 7.359e+01
|                    ( - -4.517e+03 2 0 QUESTION0 -1 1.338e+02 2.198e+01)
|                    ( - -1.114e+04 5 0 QUESTION2_19_L -1 1.683e+02 5.161e+01))
|                ( - -1.691e+04 7 0 WDBNDRY_E 0 2.202e+02 7.089e+01)))))
s>    ( SILENCE 1 -1.076e+05 3.526e+02 4.721e+02
s>        ( - -5.853e+03 1 0)
s>        ( QUESTION0 1 -1.014e+05 3.424e+02 4.424e+02
s>            ( QUESTION13 -1 -6.601e+04 2.684e+02 2.939e+02
s>                ( QUESTION0_14_R 1 -1.004e+04 3.686e+02 4.443e+01
s>                    ( - -6.794e+03 2 0 WDBNDRY_E 0 1.637e+02 3.043e+01)
s>                    ( - -2.879e+03 1 0))
s>                ( - -5.570e+04 17 0 QUESTION2_13_L -1 1.978e+02 2.494e+02))
s>            ( QUESTION10 -1 -3.509e+04 2.686e+02 1.485e+02
s>                ( - -1.734e+03 1 0)
s>                ( QUESTION14 1 -3.308e+04 2.699e+02 1.445e+02
s>                    ( WDBNDRY_I 0 -1.590e+04 2.456e+02 7.359e+01
s>                        ( - -4.517e+03 2 0 QUESTION0 -1 1.338e+02 2.198e+01)
s>                        ( - -1.114e+04 5 0 QUESTION2_19_L -1 1.683e+02 5.161e+01))
s>                    ( - -1.691e+04 7 0 WDBNDRY_E 0 2.202e+02 7.089e+01)))))INFO: dtree.c(1315): Comp split 6
INFO: dtree.c(1478): Final simple tree
|( SILENCE 1 -2.917e+04 3.414e+02 1.338e+02
|    ( - -5.853e+03 1 0)
|    ( QUESTION0_14_R 1 -2.298e+04 2.823e+02 1.040e+02
|        ( WDBNDRY_E 0 -6.794e+03 1.637e+02 3.043e+01
|            ( - -9.503e+02 1 0)
|            ( - -5.680e+03 1 0))
|        ( WDBNDRY_I 0 -1.590e+04 2.456e+02 7.359e+01
|            ( - -4.517e+03 2 0 QUESTION0 -1 1.338e+02 2.198e+01)
|            ( QUESTION2_19_L -1 -1.114e+04 1.683e+02 5.161e+01
|                ( - -1.113e+03 1 0)
|                ( QUESTION0 -1 -9.859e+03 4.641e+02 4.561e+01
|                    ( - 2.421e+02 1 0)
|                    ( WDBNDRY_B 0 -9.637e+03 1.504e+02 4.461e+01
|                        ( - -8.935e+03 2 0 QUESTION2 -1 1.323e+02 4.161e+01)
|                        ( - -5.510e+02 1 0)))))))
s>    ( SILENCE 1 -2.917e+04 3.414e+02 1.338e+02
s>        ( - -5.853e+03 1 0)
s>        ( QUESTION0_14_R 1 -2.298e+04 2.823e+02 1.040e+02
s>            ( WDBNDRY_E 0 -6.794e+03 1.637e+02 3.043e+01
s>                ( - -9.503e+02 1 0)
s>                ( - -5.680e+03 1 0))
s>            ( WDBNDRY_I 0 -1.590e+04 2.456e+02 7.359e+01
s>                ( - -4.517e+03 2 0 QUESTION0 -1 1.338e+02 2.198e+01)
s>                ( QUESTION2_19_L -1 -1.114e+04 1.683e+02 5.161e+01
s>                    ( - -1.113e+03 1 0)
s>                    ( QUESTION0 -1 -9.859e+03 4.641e+02 4.561e+01
s>                        ( - 2.421e+02 1 0)
s>                        ( WDBNDRY_B 0 -9.637e+03 1.504e+02 4.461e+01
s>                            ( - -8.935e+03 2 0 QUESTION2 -1 1.323e+02 4.161e+01)
s>                            ( - -5.510e+02 1 0)))))))INFO: dtree.c(1478): Final simple tree
|( QUESTION0 1 -7.806e+04 2.868e+02 3.383e+02
|    ( QUESTION13 -1 -5.886e+04 2.894e+02 2.634e+02
|        ( - -2.879e+03 1 0)
|        ( QUESTION2_13_L -1 -5.570e+04 1.978e+02 2.494e+02
|            ( - -4.457e+02 1 0)
|            ( WDBNDRY_E 0 -5.505e+04 1.768e+02 2.464e+02
|                ( - -2.208e+03 1 0)
|                ( - -5.267e+04 15 0 WDBNDRY_B 0 1.675e+02 2.364e+02))))
|    ( WDBNDRY_B 0 -1.890e+04 2.594e+02 7.489e+01
|        ( - -1.734e+03 1 0)
|        ( WDBNDRY_E 0 -1.691e+04 2.202e+02 7.089e+01
|            ( QUESTION0_0_R 1 -1.433e+04 4.660e+02 5.789e+01
|                ( - -1.365e+04 5 0 QUESTION0_3_R 1 1.588e+02 5.689e+01)
|                ( - -2.158e+02 1 0))
|            ( - -2.363e+03 1 0))))
s>    ( QUESTION0 1 -7.806e+04 2.868e+02 3.383e+02
s>        ( QUESTION13 -1 -5.886e+04 2.894e+02 2.634e+02
s>            ( - -2.879e+03 1 0)
s>            ( QUESTION2_13_L -1 -5.570e+04 1.978e+02 2.494e+02
s>                ( - -4.457e+02 1 0)
s>                ( WDBNDRY_E 0 -5.505e+04 1.768e+02 2.464e+02
s>                    ( - -2.208e+03 1 0)
s>                    ( - -5.267e+04 15 0 WDBNDRY_B 0 1.675e+02 2.364e+02))))
s>        ( WDBNDRY_B 0 -1.890e+04 2.594e+02 7.489e+01
s>            ( - -1.734e+03 1 0)
s>            ( WDBNDRY_E 0 -1.691e+04 2.202e+02 7.089e+01
s>                ( QUESTION0_0_R 1 -1.433e+04 4.660e+02 5.789e+01
s>                    ( - -1.365e+04 5 0 QUESTION0_3_R 1 1.588e+02 5.689e+01)
s>                    ( - -2.158e+02 1 0))
s>                ( - -2.363e+03 1 0))))INFO: dtree.c(1315): Comp split 7
INFO: dtree.c(1478): Final simple tree
|( QUESTION0 1 -7.737e+04 2.823e+02 3.373e+02
|    ( QUESTION13 -1 -5.886e+04 2.894e+02 2.634e+02
|        ( - -2.879e+03 1 0)
|        ( QUESTION2_13_L -1 -5.570e+04 1.978e+02 2.494e+02
|            ( - -4.457e+02 1 0)
|            ( WDBNDRY_E 0 -5.505e+04 1.768e+02 2.464e+02
|                ( - -2.208e+03 1 0)
|                ( WDBNDRY_B 0 -5.267e+04 1.675e+02 2.364e+02
|                    ( - -1.300e+04 7 0 QUESTION2_0_L -1 1.875e+02 5.800e+01)
|                    ( - -3.950e+04 8 0 QUESTION0_14_R 1 1.374e+02 1.784e+02)))))
|    ( WDBNDRY_B 0 -1.823e+04 2.608e+02 7.389e+01
|        ( - -1.734e+03 1 0)
|        ( WDBNDRY_E 0 -1.623e+04 2.209e+02 6.989e+01
|            ( - -1.365e+04 5 0 QUESTION0_3_R 1 1.588e+02 5.689e+01)
|            ( - -2.363e+03 1 0))))
s>    ( QUESTION0 1 -7.737e+04 2.823e+02 3.373e+02
s>        ( QUESTION13 -1 -5.886e+04 2.894e+02 2.634e+02
s>            ( - -2.879e+03 1 0)
s>            ( QUESTION2_13_L -1 -5.570e+04 1.978e+02 2.494e+02
s>                ( - -4.457e+02 1 0)
s>                ( WDBNDRY_E 0 -5.505e+04 1.768e+02 2.464e+02
s>                    ( - -2.208e+03 1 0)
s>                    ( WDBNDRY_B 0 -5.267e+04 1.675e+02 2.364e+02
s>                        ( - -1.300e+04 7 0 QUESTION2_0_L -1 1.875e+02 5.800e+01)
s>                        ( - -3.950e+04 8 0 QUESTION0_14_R 1 1.374e+02 1.784e+02)))))
s>        ( WDBNDRY_B 0 -1.823e+04 2.608e+02 7.389e+01
s>            ( - -1.734e+03 1 0)
s>            ( WDBNDRY_E 0 -1.623e+04 2.209e+02 6.989e+01
s>                ( - -1.365e+04 5 0 QUESTION0_3_R 1 1.588e+02 5.689e+01)
s>                ( - -2.363e+03 1 0))))INFO: dtree.c(1315): Comp split 8
INFO: dtree.c(1478): Final simple tree
|( SILENCE 1 -2.895e+04 3.402e+02 1.328e+02
|    ( - -5.853e+03 1 0)
|    ( QUESTION0_14_R 1 -2.276e+04 2.793e+02 1.030e+02
|        ( WDBNDRY_E 0 -6.794e+03 1.637e+02 3.043e+01
|            ( - -9.503e+02 1 0)
|            ( - -5.680e+03 1 0))
|        ( WDBNDRY_I 0 -1.568e+04 2.476e+02 7.259e+01
|            ( QUESTION0 -1 -4.517e+03 1.338e+02 2.198e+01
|                ( - -2.886e+03 1 0)
|                ( - -1.497e+03 1 0))
|            ( QUESTION9 -1 -1.092e+04 1.748e+02 5.061e+01
|                ( WDBNDRY_B 0 -8.948e+03 1.538e+02 4.161e+01
|                    ( - -8.244e+03 1 0)
|                    ( - -5.510e+02 1 0))
|                ( - -1.795e+03 2 0 QUESTION0 -1 1.227e+02 9.000e+00)))))
s>    ( SILENCE 1 -2.895e+04 3.402e+02 1.328e+02
s>        ( - -5.853e+03 1 0)
s>        ( QUESTION0_14_R 1 -2.276e+04 2.793e+02 1.030e+02
s>            ( WDBNDRY_E 0 -6.794e+03 1.637e+02 3.043e+01
s>                ( - -9.503e+02 1 0)
s>                ( - -5.680e+03 1 0))
s>            ( WDBNDRY_I 0 -1.568e+04 2.476e+02 7.259e+01
s>                ( QUESTION0 -1 -4.517e+03 1.338e+02 2.198e+01
s>                    ( - -2.886e+03 1 0)
s>                    ( - -1.497e+03 1 0))
s>                ( QUESTION9 -1 -1.092e+04 1.748e+02 5.061e+01
s>                    ( WDBNDRY_B 0 -8.948e+03 1.538e+02 4.161e+01
s>                        ( - -8.244e+03 1 0)
s>                        ( - -5.510e+02 1 0))
s>                    ( - -1.795e+03 2 0 QUESTION0 -1 1.227e+02 9.000e+00)))))INFO: dtree.c(1315): Comp split 9
INFO: dtree.c(1439): stop. leaf nodes are specific
INFO: dtree.c(1478): Final simple tree
|( QUESTION0 -1 -7.506e+03 2.227e+02 2.782e+01
|    ( - -2.354e+03 1 0)
|    ( - -4.929e+03 1 0))
s>    ( QUESTION0 -1 -7.506e+03 2.227e+02 2.782e+01
s>        ( - -2.354e+03 1 0)
s>        ( - -4.929e+03 1 0))INFO: dtree.c(1478): Final simple tree
|( QUESTION0_14_R 1 -6.032e+04 3.567e+02 2.534e+02
|    ( QUESTION14 -1 -4.487e+04 2.039e+02 1.925e+02
|        ( - -3.436e+04 2 0)
|        ( - -1.030e+04 2 0))
|    ( QUESTION0_2_R 1 -1.509e+04 2.177e+02 6.094e+01
|        ( - -2.172e+03 1 0)
|        ( WDBNDRY_E 0 -1.270e+04 1.727e+02 5.093e+01
|            ( - -5.572e+03 1 0)
|            ( QUESTION10 -1 -6.960e+03 1.578e+02 2.900e+01
|                ( - -1.468e+03 1 0)
|                ( QUESTION12 -1 -5.334e+03 1.340e+02 2.400e+01
|                    ( - -6.815e+02 1 0)
|                    ( QUESTION15 -1 -4.518e+03 1.324e+02 2.000e+01
|                        ( - -2.427e+03 2 0 QUESTION0_9_R 1 1.374e+02 1.100e+01)
|                        ( - -1.959e+03 3 0 WDBNDRY_B 0 8.605e+01 8.997e+00)))))))
s>    ( QUESTION0_14_R 1 -6.032e+04 3.567e+02 2.534e+02
s>        ( QUESTION14 -1 -4.487e+04 2.039e+02 1.925e+02
s>            ( - -3.436e+04 2 0)
s>            ( - -1.030e+04 2 0))
s>        ( QUESTION0_2_R 1 -1.509e+04 2.177e+02 6.094e+01
s>            ( - -2.172e+03 1 0)
s>            ( WDBNDRY_E 0 -1.270e+04 1.727e+02 5.093e+01
s>                ( - -5.572e+03 1 0)
s>                ( QUESTION10 -1 -6.960e+03 1.578e+02 2.900e+01
s>                    ( - -1.468e+03 1 0)
s>                    ( QUESTION12 -1 -5.334e+03 1.340e+02 2.400e+01
s>                        ( - -6.815e+02 1 0)
s>                        ( QUESTION15 -1 -4.518e+03 1.324e+02 2.000e+01
s>                            ( - -2.427e+03 2 0 QUESTION0_9_R 1 1.374e+02 1.100e+01)
s>                            ( - -1.959e+03 3 0 WDBNDRY_B 0 8.605e+01 8.997e+00)))))))INFO: dtree.c(1315): Comp split 10
INFO: dtree.c(1439): stop. leaf nodes are specific
INFO: dtree.c(1478): Final simple tree
|( QUESTION14 -1 -4.648e+04 2.127e+02 1.975e+02
|    ( - -3.436e+04 2 0)
|    ( WDBNDRY_B 0 -1.190e+04 1.352e+02 4.524e+01
|        ( - -1.468e+03 1 0)
|        ( - -1.030e+04 2 0)))
s>    ( QUESTION14 -1 -4.648e+04 2.127e+02 1.975e+02
s>        ( - -3.436e+04 2 0)
s>        ( WDBNDRY_B 0 -1.190e+04 1.352e+02 4.524e+01
s>            ( - -1.468e+03 1 0)
s>            ( - -1.030e+04 2 0)))INFO: dtree.c(1439): stop. leaf nodes are specific
INFO: dtree.c(1478): Final simple tree
|( QUESTION0_2_R 1 -1.347e+04 2.074e+02 5.594e+01
|    ( - -2.172e+03 1 0)
|    ( WDBNDRY_E 0 -1.109e+04 1.860e+02 4.593e+01
|        ( - -5.572e+03 1 0)
|        ( QUESTION12 -1 -5.334e+03 1.340e+02 2.400e+01
|            ( - -6.815e+02 1 0)
|            ( QUESTION15 -1 -4.518e+03 1.324e+02 2.000e+01
|                ( QUESTION0_9_R 1 -2.427e+03 1.374e+02 1.100e+01
|                    ( - -1.406e+03 1 0)
|                    ( - -8.840e+02 1 0))
|                ( WDBNDRY_B 0 -1.959e+03 8.605e+01 8.997e+00
|                    ( - -8.721e+02 2 0)
|                    ( - -1.001e+03 1 0))))))
s>    ( QUESTION0_2_R 1 -1.347e+04 2.074e+02 5.594e+01
s>        ( - -2.172e+03 1 0)
s>        ( WDBNDRY_E 0 -1.109e+04 1.860e+02 4.593e+01
s>            ( - -5.572e+03 1 0)
s>            ( QUESTION12 -1 -5.334e+03 1.340e+02 2.400e+01
s>                ( - -6.815e+02 1 0)
s>                ( QUESTION15 -1 -4.518e+03 1.324e+02 2.000e+01
s>                    ( QUESTION0_9_R 1 -2.427e+03 1.374e+02 1.100e+01
s>                        ( - -1.406e+03 1 0)
s>                        ( - -8.840e+02 1 0))
s>                    ( WDBNDRY_B 0 -1.959e+03 8.605e+01 8.997e+00
s>                        ( - -8.721e+02 2 0)
s>                        ( - -1.001e+03 1 0))))))INFO: dtree.c(1315): Comp split 11
INFO: dtree.c(1439): stop. leaf nodes are specific
INFO: dtree.c(1478): Final simple tree
|( SILENCE 1 -6.986e+03 1.828e+02 3.373e+01
|    ( - -5.853e+03 1 0)
|    ( - -9.503e+02 1 0))
s>    ( SILENCE 1 -6.986e+03 1.828e+02 3.373e+01
s>        ( - -5.853e+03 1 0)
s>        ( - -9.503e+02 1 0))INFO: dtree.c(1439): stop. leaf nodes are specific
INFO: dtree.c(1478): Final simple tree
|( QUESTION2_0_L -1 -2.161e+04 2.604e+02 9.903e+01
|    ( QUESTION0_14_R 1 -1.242e+04 2.318e+02 5.741e+01
|        ( - -5.680e+03 1 0)
|        ( WDBNDRY_I 0 -6.505e+03 1.708e+02 3.098e+01
|            ( QUESTION0 -1 -4.517e+03 1.338e+02 2.198e+01
|                ( - -2.886e+03 1 0)
|                ( - -1.497e+03 1 0))
|            ( WDBNDRY_B 0 -1.818e+03 1.537e+02 9.000e+00
|                ( - -1.113e+03 1 0)
|                ( - -5.510e+02 1 0))))
|    ( QUESTION2 -1 -8.935e+03 1.323e+02 4.161e+01
|        ( - -5.594e+02 1 0)
|        ( - -8.244e+03 1 0)))
s>    ( QUESTION2_0_L -1 -2.161e+04 2.604e+02 9.903e+01
s>        ( QUESTION0_14_R 1 -1.242e+04 2.318e+02 5.741e+01
s>            ( - -5.680e+03 1 0)
s>            ( WDBNDRY_I 0 -6.505e+03 1.708e+02 3.098e+01
s>                ( QUESTION0 -1 -4.517e+03 1.338e+02 2.198e+01
s>                    ( - -2.886e+03 1 0)
s>                    ( - -1.497e+03 1 0))
s>                ( WDBNDRY_B 0 -1.818e+03 1.537e+02 9.000e+00
s>                    ( - -1.113e+03 1 0)
s>                    ( - -5.510e+02 1 0))))
s>        ( QUESTION2 -1 -8.935e+03 1.323e+02 4.161e+01
s>            ( - -5.594e+02 1 0)
s>            ( - -8.244e+03 1 0)))INFO: dtree.c(1315): Comp split 12
INFO: dtree.c(1478): Final simple tree
|( QUESTION0_0_R 1 -6.892e+04 2.194e+02 3.033e+02
|    ( QUESTION0_3_R 1 -1.365e+04 1.588e+02 5.689e+01
|        ( - -1.793e+03 1 0)
|        ( QUESTION0 -1 -1.169e+04 1.415e+02 4.789e+01
|            ( - -4.301e+03 1 0)
|            ( - -7.252e+03 3 0 QUESTION0_1_R 1 1.295e+02 3.300e+01)))
|    ( WDBNDRY_E 0 -5.505e+04 1.768e+02 2.464e+02
|        ( - -2.208e+03 1 0)
|        ( WDBNDRY_B 0 -5.267e+04 1.675e+02 2.364e+02
|            ( QUESTION2_0_L -1 -1.300e+04 1.875e+02 5.800e+01
|                ( - -1.057e+04 4 0 QUESTION2 -1 1.374e+02 4.700e+01)
|                ( - -2.237e+03 3 0))
|            ( QUESTION0_14_R 1 -3.950e+04 1.374e+02 1.784e+02
|                ( - -3.786e+04 6 0)
|                ( - -1.504e+03 2 0 QUESTION0 -1 1.621e+02 8.000e+00)))))
s>    ( QUESTION0_0_R 1 -6.892e+04 2.194e+02 3.033e+02
s>        ( QUESTION0_3_R 1 -1.365e+04 1.588e+02 5.689e+01
s>            ( - -1.793e+03 1 0)
s>            ( QUESTION0 -1 -1.169e+04 1.415e+02 4.789e+01
s>                ( - -4.301e+03 1 0)
s>                ( - -7.252e+03 3 0 QUESTION0_1_R 1 1.295e+02 3.300e+01)))
s>        ( WDBNDRY_E 0 -5.505e+04 1.768e+02 2.464e+02
s>            ( - -2.208e+03 1 0)
s>            ( WDBNDRY_B 0 -5.267e+04 1.675e+02 2.364e+02
s>                ( QUESTION2_0_L -1 -1.300e+04 1.875e+02 5.800e+01
s>                    ( - -1.057e+04 4 0 QUESTION2 -1 1.374e+02 4.700e+01)
s>                    ( - -2.237e+03 3 0))
s>                ( QUESTION0_14_R 1 -3.950e+04 1.374e+02 1.784e+02
s>                    ( - -3.786e+04 6 0)
s>                    ( - -1.504e+03 2 0 QUESTION0 -1 1.621e+02 8.000e+00)))))INFO: dtree.c(1439): stop. leaf nodes are specific
INFO: dtree.c(1478): Final simple tree
|( QUESTION15 1 -8.148e+03 2.589e+02 3.400e+01
|    ( - -2.363e+03 1 0)
|    ( WDBNDRY_B 0 -5.527e+03 2.497e+02 2.100e+01
|        ( - -1.734e+03 1 0)
|        ( QUESTION0_14_R 1 -3.543e+03 2.186e+02 1.700e+01
|            ( - -4.457e+02 1 0)
|            ( - -2.879e+03 1 0))))
s>    ( QUESTION15 1 -8.148e+03 2.589e+02 3.400e+01
s>        ( - -2.363e+03 1 0)
s>        ( WDBNDRY_B 0 -5.527e+03 2.497e+02 2.100e+01
s>            ( - -1.734e+03 1 0)
s>            ( QUESTION0_14_R 1 -3.543e+03 2.186e+02 1.700e+01
s>                ( - -4.457e+02 1 0)
s>                ( - -2.879e+03 1 0))))INFO: dtree.c(1315): Comp split 13
INFO: dtree.c(1439): stop. leaf nodes are specific
INFO: dtree.c(1478): Final simple tree
|( QUESTION0_14_R 1 -1.310e+04 2.317e+02 6.041e+01
|    ( - -5.680e+03 1 0)
|    ( WDBNDRY_I 0 -7.184e+03 1.797e+02 3.398e+01
|        ( QUESTION0 -1 -4.517e+03 1.338e+02 2.198e+01
|            ( - -2.886e+03 1 0)
|            ( - -1.497e+03 1 0))
|        ( WDBNDRY_B 0 -2.488e+03 1.417e+02 1.200e+01
|            ( QUESTION0 -1 -1.795e+03 1.227e+02 9.000e+00
|                ( - -1.113e+03 1 0)
|                ( - -5.594e+02 1 0))
|            ( - -5.510e+02 1 0))))
s>    ( QUESTION0_14_R 1 -1.310e+04 2.317e+02 6.041e+01
s>        ( - -5.680e+03 1 0)
s>        ( WDBNDRY_I 0 -7.184e+03 1.797e+02 3.398e+01
s>            ( QUESTION0 -1 -4.517e+03 1.338e+02 2.198e+01
s>                ( - -2.886e+03 1 0)
s>                ( - -1.497e+03 1 0))
s>            ( WDBNDRY_B 0 -2.488e+03 1.417e+02 1.200e+01
s>                ( QUESTION0 -1 -1.795e+03 1.227e+02 9.000e+00
s>                    ( - -1.113e+03 1 0)
s>                    ( - -5.594e+02 1 0))
s>                ( - -5.510e+02 1 0))))INFO: dtree.c(1315): Comp split 14
INFO: dtree.c(1439): stop. leaf nodes are specific
INFO: dtree.c(1478): Final simple tree
|( WDBNDRY_B 0 -5.527e+03 2.497e+02 2.100e+01
|    ( - -1.734e+03 1 0)
|    ( QUESTION0_14_R 1 -3.543e+03 2.186e+02 1.700e+01
|        ( - -4.457e+02 1 0)
|        ( - -2.879e+03 1 0)))
s>    ( WDBNDRY_B 0 -5.527e+03 2.497e+02 2.100e+01
s>        ( - -1.734e+03 1 0)
s>        ( QUESTION0_14_R 1 -3.543e+03 2.186e+02 1.700e+01
s>            ( - -4.457e+02 1 0)
s>            ( - -2.879e+03 1 0)))INFO: dtree.c(1315): Comp split 15
INFO: dtree.c(1439): stop. leaf nodes are specific
INFO: dtree.c(1478): Final simple tree
|( QUESTION0_14_R 1 -3.543e+03 2.186e+02 1.700e+01
|    ( - -4.457e+02 1 0)
|    ( - -2.879e+03 1 0))
s>    ( QUESTION0_14_R 1 -3.543e+03 2.186e+02 1.700e+01
s>        ( - -4.457e+02 1 0)
s>        ( - -2.879e+03 1 0))INFO: dtree.c(1315): Comp split 16
INFO: dtree.c(1439): stop. leaf nodes are specific
INFO: dtree.c(1478): Final simple tree
|( QUESTION0 -1 -4.517e+03 1.338e+02 2.198e+01
|    ( - -2.886e+03 1 0)
|    ( - -1.497e+03 1 0))
s>    ( QUESTION0 -1 -4.517e+03 1.338e+02 2.198e+01
s>        ( - -2.886e+03 1 0)
s>        ( - -1.497e+03 1 0))INFO: dtree.c(1439): stop. leaf nodes are specific
INFO: dtree.c(1478): Final simple tree
|( WDBNDRY_I 0 -8.340e+03 1.719e+02 3.843e+01
|    ( - -5.680e+03 1 0)
|    ( WDBNDRY_B 0 -2.488e+03 1.417e+02 1.200e+01
|        ( QUESTION0 -1 -1.795e+03 1.227e+02 9.000e+00
|            ( - -1.113e+03 1 0)
|            ( - -5.594e+02 1 0))
|        ( - -5.510e+02 1 0)))
s>    ( WDBNDRY_I 0 -8.340e+03 1.719e+02 3.843e+01
s>        ( - -5.680e+03 1 0)
s>        ( WDBNDRY_B 0 -2.488e+03 1.417e+02 1.200e+01
s>            ( QUESTION0 -1 -1.795e+03 1.227e+02 9.000e+00
s>                ( - -1.113e+03 1 0)
s>                ( - -5.594e+02 1 0))
s>            ( - -5.510e+02 1 0)))INFO: dtree.c(1315): Comp split 17
INFO: dtree.c(1439): stop. leaf nodes are specific
INFO: dtree.c(1478): Final simple tree
|( WDBNDRY_B 0 -5.026e+04 1.846e+02 2.254e+02
|    ( QUESTION2 -1 -1.057e+04 1.374e+02 4.700e+01
|        ( - -9.951e+02 1 0)
|        ( QUESTION0_14_R 1 -9.441e+03 1.108e+02 4.200e+01
|            ( - -8.082e+03 2 0)
|            ( - -1.248e+03 1 0)))
|    ( QUESTION0_14_R 1 -3.950e+04 1.374e+02 1.784e+02
|        ( - -3.786e+04 6 0)
|        ( QUESTION0 -1 -1.504e+03 1.621e+02 8.000e+00
|            ( - -6.367e+02 1 0)
|            ( - -7.055e+02 1 0))))
s>    ( WDBNDRY_B 0 -5.026e+04 1.846e+02 2.254e+02
s>        ( QUESTION2 -1 -1.057e+04 1.374e+02 4.700e+01
s>            ( - -9.951e+02 1 0)
s>            ( QUESTION0_14_R 1 -9.441e+03 1.108e+02 4.200e+01
s>                ( - -8.082e+03 2 0)
s>                ( - -1.248e+03 1 0)))
s>        ( QUESTION0_14_R 1 -3.950e+04 1.374e+02 1.784e+02
s>            ( - -3.786e+04 6 0)
s>            ( QUESTION0 -1 -1.504e+03 1.621e+02 8.000e+00
s>                ( - -6.367e+02 1 0)
s>                ( - -7.055e+02 1 0))))INFO: dtree.c(1439): stop. leaf nodes are specific
INFO: dtree.c(1478): Final simple tree
|( QUESTION0_0_R 1 -1.843e+04 1.822e+02 7.789e+01
|    ( QUESTION0_3_R 1 -1.365e+04 1.588e+02 5.689e+01
|        ( - -1.793e+03 1 0)
|        ( QUESTION0 -1 -1.169e+04 1.415e+02 4.789e+01
|            ( - -4.301e+03 1 0)
|            ( QUESTION0_1_R 1 -7.252e+03 1.295e+02 3.300e+01
|                ( - -4.519e+03 2 0)
|                ( - -2.604e+03 1 0))))
|    ( WDBNDRY_B 0 -4.597e+03 1.526e+02 2.099e+01
|        ( - -2.237e+03 3 0)
|        ( - -2.208e+03 1 0)))
s>    ( QUESTION0_0_R 1 -1.843e+04 1.822e+02 7.789e+01
s>        ( QUESTION0_3_R 1 -1.365e+04 1.588e+02 5.689e+01
s>            ( - -1.793e+03 1 0)
s>            ( QUESTION0 -1 -1.169e+04 1.415e+02 4.789e+01
s>                ( - -4.301e+03 1 0)
s>                ( QUESTION0_1_R 1 -7.252e+03 1.295e+02 3.300e+01
s>                    ( - -4.519e+03 2 0)
s>                    ( - -2.604e+03 1 0))))
s>        ( WDBNDRY_B 0 -4.597e+03 1.526e+02 2.099e+01
s>            ( - -2.237e+03 3 0)
s>            ( - -2.208e+03 1 0)))INFO: dtree.c(1315): Comp split 18
INFO: dtree.c(1315): Comp split 19
INFO: dtree.c(1315): Comp split 20
INFO: dtree.c(1439): stop. leaf nodes are specific
INFO: dtree.c(1478): Final simple tree
|( WDBNDRY_B 0 -1.190e+04 1.352e+02 4.524e+01
|    ( - -1.468e+03 1 0)
|    ( - -1.030e+04 2 0))
s>    ( WDBNDRY_B 0 -1.190e+04 1.352e+02 4.524e+01
s>        ( - -1.468e+03 1 0)
s>        ( - -1.030e+04 2 0))INFO: dtree.c(1315): Comp split 21
INFO: dtree.c(1439): stop. leaf nodes are specific
INFO: dtree.c(1478): Final simple tree
|( WDBNDRY_E 0 -4.277e+03 1.460e+02 1.901e+01
|    ( - -2.172e+03 1 0)
|    ( WDBNDRY_B 0 -1.959e+03 8.605e+01 8.997e+00
|        ( - -8.721e+02 2 0)
|        ( - -1.001e+03 1 0)))
s>    ( WDBNDRY_E 0 -4.277e+03 1.460e+02 1.901e+01
s>        ( - -2.172e+03 1 0)
s>        ( WDBNDRY_B 0 -1.959e+03 8.605e+01 8.997e+00
s>            ( - -8.721e+02 2 0)
s>            ( - -1.001e+03 1 0)))INFO: dtree.c(1439): stop. leaf nodes are specific
INFO: dtree.c(1478): Final simple tree
|( WDBNDRY_E 0 -8.982e+03 1.689e+02 3.693e+01
|    ( - -5.572e+03 1 0)
|    ( WDBNDRY_B 0 -3.241e+03 1.326e+02 1.500e+01
|        ( - -6.815e+02 1 0)
|        ( QUESTION0_9_R 1 -2.427e+03 1.374e+02 1.100e+01
|            ( - -1.406e+03 1 0)
|            ( - -8.840e+02 1 0))))
s>    ( WDBNDRY_E 0 -8.982e+03 1.689e+02 3.693e+01
s>        ( - -5.572e+03 1 0)
s>        ( WDBNDRY_B 0 -3.241e+03 1.326e+02 1.500e+01
s>            ( - -6.815e+02 1 0)
s>            ( QUESTION0_9_R 1 -2.427e+03 1.374e+02 1.100e+01
s>                ( - -1.406e+03 1 0)
s>                ( - -8.840e+02 1 0))))INFO: dtree.c(1315): Comp split 22
INFO: dtree.c(1439): stop. leaf nodes are specific
INFO: dtree.c(1478): Final simple tree
|( WDBNDRY_B 0 -3.921e+04 1.003e+02 1.764e+02
|    ( - -1.248e+03 1 0)
|    ( - -3.786e+04 6 0))
s>    ( WDBNDRY_B 0 -3.921e+04 1.003e+02 1.764e+02
s>        ( - -1.248e+03 1 0)
s>        ( - -3.786e+04 6 0))INFO: dtree.c(1439): stop. leaf nodes are specific
INFO: dtree.c(1478): Final simple tree
|( QUESTION0_14_R 1 -1.085e+04 1.682e+02 4.900e+01
|    ( - -8.082e+03 2 0)
|    ( QUESTION0 -1 -2.598e+03 1.501e+02 1.300e+01
|        ( - -6.367e+02 1 0)
|        ( WDBNDRY_B 0 -1.811e+03 1.104e+02 9.000e+00
|            ( - -9.951e+02 1 0)
|            ( - -7.055e+02 1 0))))
s>    ( QUESTION0_14_R 1 -1.085e+04 1.682e+02 4.900e+01
s>        ( - -8.082e+03 2 0)
s>        ( QUESTION0 -1 -2.598e+03 1.501e+02 1.300e+01
s>            ( - -6.367e+02 1 0)
s>            ( WDBNDRY_B 0 -1.811e+03 1.104e+02 9.000e+00
s>                ( - -9.951e+02 1 0)
s>                ( - -7.055e+02 1 0))))INFO: dtree.c(1315): Comp split 23
INFO: dtree.c(1315): Comp split 24
INFO: dtree.c(1439): stop. leaf nodes are specific
INFO: dtree.c(1478): Final simple tree
|( QUESTION0_3_R 1 -1.365e+04 1.588e+02 5.689e+01
|    ( - -1.793e+03 1 0)
|    ( QUESTION0 -1 -1.169e+04 1.415e+02 4.789e+01
|        ( - -4.301e+03 1 0)
|        ( QUESTION0_1_R 1 -7.252e+03 1.295e+02 3.300e+01
|            ( - -4.519e+03 2 0)
|            ( - -2.604e+03 1 0))))
s>    ( QUESTION0_3_R 1 -1.365e+04 1.588e+02 5.689e+01
s>        ( - -1.793e+03 1 0)
s>        ( QUESTION0 -1 -1.169e+04 1.415e+02 4.789e+01
s>            ( - -4.301e+03 1 0)
s>            ( QUESTION0_1_R 1 -7.252e+03 1.295e+02 3.300e+01
s>                ( - -4.519e+03 2 0)
s>                ( - -2.604e+03 1 0))))INFO: dtree.c(1439): stop. leaf nodes are specific
INFO: dtree.c(1478): Final simple tree
|( WDBNDRY_B 0 -4.597e+03 1.526e+02 2.099e+01
|    ( - -2.237e+03 3 0)
|    ( - -2.208e+03 1 0))
s>    ( WDBNDRY_B 0 -4.597e+03 1.526e+02 2.099e+01
s>        ( - -2.237e+03 3 0)
s>        ( - -2.208e+03 1 0))INFO: dtree.c(1315): Comp split 25
INFO: dtree.c(1439): stop. leaf nodes are specific
INFO: dtree.c(1478): Final simple tree
|( WDBNDRY_B 0 -2.488e+03 1.417e+02 1.200e+01
|    ( QUESTION0 -1 -1.795e+03 1.227e+02 9.000e+00
|        ( - -1.113e+03 1 0)
|        ( - -5.594e+02 1 0))
|    ( - -5.510e+02 1 0))
s>    ( WDBNDRY_B 0 -2.488e+03 1.417e+02 1.200e+01
s>        ( QUESTION0 -1 -1.795e+03 1.227e+02 9.000e+00
s>            ( - -1.113e+03 1 0)
s>            ( - -5.594e+02 1 0))
s>        ( - -5.510e+02 1 0))INFO: dtree.c(1315): Comp split 26
INFO: dtree.c(1439): stop. leaf nodes are specific
INFO: dtree.c(1478): Final simple tree
|( QUESTION0_14_R 1 -1.004e+04 1.472e+02 4.500e+01
|    ( - -8.082e+03 2 0)
|    ( WDBNDRY_B 0 -1.811e+03 1.104e+02 9.000e+00
|        ( - -9.951e+02 1 0)
|        ( - -7.055e+02 1 0)))
s>    ( QUESTION0_14_R 1 -1.004e+04 1.472e+02 4.500e+01
s>        ( - -8.082e+03 2 0)
s>        ( WDBNDRY_B 0 -1.811e+03 1.104e+02 9.000e+00
s>            ( - -9.951e+02 1 0)
s>            ( - -7.055e+02 1 0)))INFO: dtree.c(1315): Comp split 27
INFO: dtree.c(1439): stop. leaf nodes are specific
INFO: dtree.c(1478): Final simple tree
|( WDBNDRY_B 0 -3.241e+03 1.326e+02 1.500e+01
|    ( - -6.815e+02 1 0)
|    ( QUESTION0_9_R 1 -2.427e+03 1.374e+02 1.100e+01
|        ( - -1.406e+03 1 0)
|        ( - -8.840e+02 1 0)))
s>    ( WDBNDRY_B 0 -3.241e+03 1.326e+02 1.500e+01
s>        ( - -6.815e+02 1 0)
s>        ( QUESTION0_9_R 1 -2.427e+03 1.374e+02 1.100e+01
s>            ( - -1.406e+03 1 0)
s>            ( - -8.840e+02 1 0)))INFO: dtree.c(1315): Comp split 28
INFO: dtree.c(1439): stop. leaf nodes are specific
INFO: dtree.c(1478): Final simple tree
|( QUESTION0 -1 -1.169e+04 1.415e+02 4.789e+01
|    ( - -4.301e+03 1 0)
|    ( QUESTION0_1_R 1 -7.252e+03 1.295e+02 3.300e+01
|        ( - -4.519e+03 2 0)
|        ( - -2.604e+03 1 0)))
s>    ( QUESTION0 -1 -1.169e+04 1.415e+02 4.789e+01
s>        ( - -4.301e+03 1 0)
s>        ( QUESTION0_1_R 1 -7.252e+03 1.295e+02 3.300e+01
s>            ( - -4.519e+03 2 0)
s>            ( - -2.604e+03 1 0)))INFO: dtree.c(1315): Comp split 29
INFO: dtree.c(1315): Comp split 30
INFO: dtree.c(1439): stop. leaf nodes are specific
INFO: dtree.c(1478): Final simple tree
|( WDBNDRY_B 0 -1.811e+03 1.104e+02 9.000e+00
|    ( - -9.951e+02 1 0)
|    ( - -7.055e+02 1 0))
s>    ( WDBNDRY_B 0 -1.811e+03 1.104e+02 9.000e+00
s>        ( - -9.951e+02 1 0)
s>        ( - -7.055e+02 1 0))INFO: dtree.c(1315): Comp split 31
INFO: dtree.c(1439): stop. leaf nodes are specific
INFO: dtree.c(1478): Final simple tree
|( WDBNDRY_B 0 -1.959e+03 8.605e+01 8.997e+00
|    ( - -8.721e+02 2 0)
|    ( - -1.001e+03 1 0))
s>    ( WDBNDRY_B 0 -1.959e+03 8.605e+01 8.997e+00
s>        ( - -8.721e+02 2 0)
s>        ( - -1.001e+03 1 0))INFO: dtree.c(1315): Comp split 32
INFO: dtree.c(1439): stop. leaf nodes are specific
INFO: dtree.c(1478): Final simple tree
|( QUESTION0 -1 -1.795e+03 1.227e+02 9.000e+00
|    ( - -1.113e+03 1 0)
|    ( - -5.594e+02 1 0))
s>    ( QUESTION0 -1 -1.795e+03 1.227e+02 9.000e+00
s>        ( - -1.113e+03 1 0)
s>        ( - -5.594e+02 1 0))INFO: dtree.c(1315): Comp split 33
INFO: dtree.c(1439): stop. leaf nodes are specific
INFO: dtree.c(1478): Final simple tree
|( QUESTION0_1_R 1 -7.252e+03 1.295e+02 3.300e+01
|    ( - -4.519e+03 2 0)
|    ( - -2.604e+03 1 0))
s>    ( QUESTION0_1_R 1 -7.252e+03 1.295e+02 3.300e+01
s>        ( - -4.519e+03 2 0)
s>        ( - -2.604e+03 1 0))INFO: dtree.c(1315): Comp split 34
INFO: dtree.c(1315): Comp split 35
INFO: dtree.c(1315): Comp split 36
INFO: dtree.c(1439): stop. leaf nodes are specific
INFO: dtree.c(1478): Final simple tree
|( QUESTION0_9_R 1 -2.427e+03 1.374e+02 1.100e+01
|    ( - -1.406e+03 1 0)
|    ( - -8.840e+02 1 0))
s>    ( QUESTION0_9_R 1 -2.427e+03 1.374e+02 1.100e+01
s>        ( - -1.406e+03 1 0)
s>        ( - -8.840e+02 1 0))INFO: dtree.c(1315): Comp split 37
INFO: dtree.c(1315): Comp split 38
INFO: dtree.c(1315): Comp split 39
INFO: dtree.c(1315): Comp split 40
INFO: dtree.c(1315): Comp split 41
INFO: dtree.c(1315): Comp split 42
INFO: dtree.c(1315): Comp split 43
INFO: dtree.c(1318): stop. leaf nodes are specific
Fri Jan  6 22:28:07 2023
