Current configuration:
[NAME]		[DEFLT]	[VALUE]
-allphones	no	no
-cntthresh	0.00001	1.000000e-05
-csplitmax	100	2000
-csplitmin	1	1
-csplitthr	8e-4	0.000000e+00
-example	no	no
-fullvar	no	no
-help		no	no
-meanfn			/mnt/c/users/robin/onedrive/desktop/cmu/Cebuano/model_parameters/Cebuano.cd_cont_untied/means
-mixwfn			/mnt/c/users/robin/onedrive/desktop/cmu/Cebuano/model_parameters/Cebuano.cd_cont_untied/mixture_weights
-moddeffn		/mnt/c/users/robin/onedrive/desktop/cmu/Cebuano/model_architecture/Cebuano.untied.mdef
-mwfloor	1e-4	1.000000e-08
-phone			NG
-psetfn			/mnt/c/users/robin/onedrive/desktop/cmu/Cebuano/model_architecture/Cebuano.tree_questions
-ssplitmax	5	7
-ssplitmin	1	1
-ssplitthr	8e-4	0.000000e+00
-state			0
-stwt			1.0,0.05,0.0,
-treefn			/mnt/c/users/robin/onedrive/desktop/cmu/Cebuano/trees/Cebuano.unpruned/NG-0.dtree
-ts2cbfn	.semi.	.cont.
-varfloor	0.00001	1.000000e-05
-varfn			/mnt/c/users/robin/onedrive/desktop/cmu/Cebuano/model_parameters/Cebuano.cd_cont_untied/variances

INFO: main.c(223): Reading: /mnt/c/users/robin/onedrive/desktop/cmu/Cebuano/model_architecture/Cebuano.untied.mdef
INFO: model_def_io.c(573): Model definition info:
INFO: model_def_io.c(574): 7744 total models defined (40 base, 7704 tri)
INFO: model_def_io.c(575): 30976 total states
INFO: model_def_io.c(576): 23232 total tied states
INFO: model_def_io.c(577): 120 total tied CI states
INFO: model_def_io.c(578): 40 total tied transition matrices
INFO: model_def_io.c(579): 4 max state/model
INFO: model_def_io.c(580): 4 min state/model
INFO: main.c(242): Building trees for [NG AA AA e] through [NG UW AE e]
INFO: main.c(268): Covering states |[16461 16862]| == 402
INFO: main.c(275): Reading: /mnt/c/users/robin/onedrive/desktop/cmu/Cebuano/model_parameters/Cebuano.cd_cont_untied/mixture_weights
INFO: s3mixw_io.c(172): Read /mnt/c/users/robin/onedrive/desktop/cmu/Cebuano/model_parameters/Cebuano.cd_cont_untied/mixture_weights [402x1x1 array]
INFO: main.c(311): 134 of 134 models have observation count greater than 0.000010
INFO: main.c(95): nrm stwt: 0.952 0.048 0.000 
INFO: s3gau_io.c(168): Read /mnt/c/users/robin/onedrive/desktop/cmu/Cebuano/model_parameters/Cebuano.cd_cont_untied/means [23232x1x1 array]
INFO: s3gau_io.c(168): Read /mnt/c/users/robin/onedrive/desktop/cmu/Cebuano/model_parameters/Cebuano.cd_cont_untied/variances [23232x1x1 array]
INFO: main.c(549): Reading: /mnt/c/users/robin/onedrive/desktop/cmu/Cebuano/model_architecture/Cebuano.tree_questions
INFO: main.c(587): 180 total simple questions (172 phone; 8 word bndry)
INFO: main.c(589): 42 Left Only questions, and 42 Right Only questions
INFO: dtree.c(1478): Final simple tree
|( QUESTION2_19_L -1 -5.652e+06 1.296e+04 2.420e+04
|    ( SILENCE 1 -5.374e+06 9.119e+03 2.304e+04
|        ( - -5.696e+05 4 0)
|        ( QUESTION0_1_R 1 -4.795e+06 4.445e+03 2.058e+04
|            ( QUESTION10 1 -1.923e+06 1.556e+03 8.333e+03
|                ( - -9.117e+05 18 0 WDBNDRY_E 0 1.990e+02 3.923e+03)
|                ( - -1.010e+06 10 0 QUESTION12 1 5.004e+02 4.410e+03))
|            ( QUESTION14 1 -2.868e+06 2.620e+03 1.225e+04
|                ( - -2.886e+05 8 0 WDBNDRY_E 0 3.660e+02 1.242e+03)
|                ( QUESTION10 1 -2.576e+06 2.093e+03 1.101e+04
|                    ( - -1.155e+06 15 0 WDBNDRY_E 0 4.090e+02 4.930e+03)
|                    ( QUESTION0_10_R 1 -1.420e+06 1.062e+03 6.079e+03
|                        ( - -3.692e+05 10 0 QUESTION0 1 7.956e+02 1.562e+03)
|                        ( - -1.050e+06 36 0 QUESTION0_13_R 1 9.747e+02 4.518e+03))))))
|    ( - -2.652e+05 33 0 SILENCE 1 7.444e+02 1.156e+03))
s>    ( QUESTION2_19_L -1 -5.652e+06 1.296e+04 2.420e+04
s>        ( SILENCE 1 -5.374e+06 9.119e+03 2.304e+04
s>            ( - -5.696e+05 4 0)
s>            ( QUESTION0_1_R 1 -4.795e+06 4.445e+03 2.058e+04
s>                ( QUESTION10 1 -1.923e+06 1.556e+03 8.333e+03
s>                    ( - -9.117e+05 18 0 WDBNDRY_E 0 1.990e+02 3.923e+03)
s>                    ( - -1.010e+06 10 0 QUESTION12 1 5.004e+02 4.410e+03))
s>                ( QUESTION14 1 -2.868e+06 2.620e+03 1.225e+04
s>                    ( - -2.886e+05 8 0 WDBNDRY_E 0 3.660e+02 1.242e+03)
s>                    ( QUESTION10 1 -2.576e+06 2.093e+03 1.101e+04
s>                        ( - -1.155e+06 15 0 WDBNDRY_E 0 4.090e+02 4.930e+03)
s>                        ( QUESTION0_10_R 1 -1.420e+06 1.062e+03 6.079e+03
s>                            ( - -3.692e+05 10 0 QUESTION0 1 7.956e+02 1.562e+03)
s>                            ( - -1.050e+06 36 0 QUESTION0_13_R 1 9.747e+02 4.518e+03))))))
s>        ( - -2.652e+05 33 0 SILENCE 1 7.444e+02 1.156e+03))INFO: dtree.c(1315): Comp split 0
INFO: dtree.c(1478): Final simple tree
|( QUESTION0_1_R 1 -4.795e+06 4.445e+03 2.058e+04
|    ( QUESTION10 1 -1.923e+06 1.556e+03 8.333e+03
|        ( - -9.117e+05 18 0 WDBNDRY_E 0 1.990e+02 3.923e+03)
|        ( - -1.010e+06 10 0 QUESTION12 1 5.004e+02 4.410e+03))
|    ( QUESTION14 1 -2.868e+06 2.620e+03 1.225e+04
|        ( - -2.886e+05 8 0 WDBNDRY_E 0 3.660e+02 1.242e+03)
|        ( QUESTION10 1 -2.576e+06 2.093e+03 1.101e+04
|            ( - -1.155e+06 15 0 WDBNDRY_E 0 4.090e+02 4.930e+03)
|            ( QUESTION0_10_R 1 -1.420e+06 1.062e+03 6.079e+03
|                ( - -3.692e+05 10 0 QUESTION0 1 7.956e+02 1.562e+03)
|                ( QUESTION0_13_R 1 -1.050e+06 9.747e+02 4.518e+03
|                    ( - -6.578e+05 27 0 QUESTION0_16_R 1 5.540e+02 2.837e+03)
|                    ( WDBNDRY_E 0 -3.907e+05 9.005e+02 1.681e+03
|                        ( - -3.734e+05 8 0 QUESTION0_6_R 1 6.941e+02 1.609e+03)
|                        ( - -1.639e+04 1 0)))))))
s>    ( QUESTION0_1_R 1 -4.795e+06 4.445e+03 2.058e+04
s>        ( QUESTION10 1 -1.923e+06 1.556e+03 8.333e+03
s>            ( - -9.117e+05 18 0 WDBNDRY_E 0 1.990e+02 3.923e+03)
s>            ( - -1.010e+06 10 0 QUESTION12 1 5.004e+02 4.410e+03))
s>        ( QUESTION14 1 -2.868e+06 2.620e+03 1.225e+04
s>            ( - -2.886e+05 8 0 WDBNDRY_E 0 3.660e+02 1.242e+03)
s>            ( QUESTION10 1 -2.576e+06 2.093e+03 1.101e+04
s>                ( - -1.155e+06 15 0 WDBNDRY_E 0 4.090e+02 4.930e+03)
s>                ( QUESTION0_10_R 1 -1.420e+06 1.062e+03 6.079e+03
s>                    ( - -3.692e+05 10 0 QUESTION0 1 7.956e+02 1.562e+03)
s>                    ( QUESTION0_13_R 1 -1.050e+06 9.747e+02 4.518e+03
s>                        ( - -6.578e+05 27 0 QUESTION0_16_R 1 5.540e+02 2.837e+03)
s>                        ( WDBNDRY_E 0 -3.907e+05 9.005e+02 1.681e+03
s>                            ( - -3.734e+05 8 0 QUESTION0_6_R 1 6.941e+02 1.609e+03)
s>                            ( - -1.639e+04 1 0)))))))INFO: dtree.c(1478): Final simple tree
|( QUESTION2_19_L -1 -8.431e+05 8.333e+03 3.612e+03
|    ( - -5.696e+05 4 0)
|    ( SILENCE 1 -2.652e+05 7.444e+02 1.156e+03
|        ( - -2.582e+04 1 0)
|        ( QUESTION14 -1 -2.386e+05 5.970e+02 1.045e+03
|            ( QUESTION0_1_R 1 -2.217e+05 3.825e+02 9.752e+02
|                ( - -8.510e+04 9 0 QUESTION10 1 3.258e+02 3.810e+02)
|                ( QUESTION0_13_R 1 -1.362e+05 3.422e+02 5.942e+02
|                    ( - -6.662e+04 6 0 WDBNDRY_E 0 3.474e+02 2.922e+02)
|                    ( - -6.924e+04 9 0 QUESTION11 1 2.676e+02 3.020e+02)))
|            ( WDBNDRY_E 0 -1.634e+04 3.677e+02 6.962e+01
|                ( QUESTION10 1 -1.409e+04 3.451e+02 6.062e+01
|                    ( - -1.013e+04 5 0 QUESTION0_1_R 1 1.499e+02 4.466e+01)
|                    ( - -3.613e+03 2 0 QUESTION0_1_R 1 1.293e+02 1.596e+01))
|                ( - -1.880e+03 1 0)))))
s>    ( QUESTION2_19_L -1 -8.431e+05 8.333e+03 3.612e+03
s>        ( - -5.696e+05 4 0)
s>        ( SILENCE 1 -2.652e+05 7.444e+02 1.156e+03
s>            ( - -2.582e+04 1 0)
s>            ( QUESTION14 -1 -2.386e+05 5.970e+02 1.045e+03
s>                ( QUESTION0_1_R 1 -2.217e+05 3.825e+02 9.752e+02
s>                    ( - -8.510e+04 9 0 QUESTION10 1 3.258e+02 3.810e+02)
s>                    ( QUESTION0_13_R 1 -1.362e+05 3.422e+02 5.942e+02
s>                        ( - -6.662e+04 6 0 WDBNDRY_E 0 3.474e+02 2.922e+02)
s>                        ( - -6.924e+04 9 0 QUESTION11 1 2.676e+02 3.020e+02)))
s>                ( WDBNDRY_E 0 -1.634e+04 3.677e+02 6.962e+01
s>                    ( QUESTION10 1 -1.409e+04 3.451e+02 6.062e+01
s>                        ( - -1.013e+04 5 0 QUESTION0_1_R 1 1.499e+02 4.466e+01)
s>                        ( - -3.613e+03 2 0 QUESTION0_1_R 1 1.293e+02 1.596e+01))
s>                    ( - -1.880e+03 1 0)))))INFO: dtree.c(1315): Comp split 1
INFO: dtree.c(1439): stop. leaf nodes are specific
INFO: dtree.c(1478): Final simple tree
|( WDBNDRY_E 0 -5.718e+05 3.741e+02 2.465e+03
|    ( - -5.696e+05 4 0)
|    ( - -1.880e+03 1 0))
s>    ( WDBNDRY_E 0 -5.718e+05 3.741e+02 2.465e+03
s>        ( - -5.696e+05 4 0)
s>        ( - -1.880e+03 1 0))INFO: dtree.c(1478): Final simple tree
|( SILENCE 1 -2.628e+05 7.444e+02 1.147e+03
|    ( - -2.582e+04 1 0)
|    ( QUESTION0 -1 -2.362e+05 4.819e+02 1.036e+03
|        ( QUESTION10 1 -1.409e+04 3.451e+02 6.062e+01
|            ( - -1.013e+04 5 0 QUESTION0_1_R 1 1.499e+02 4.466e+01)
|            ( - -3.613e+03 2 0 QUESTION0_1_R 1 1.293e+02 1.596e+01))
|        ( QUESTION0_1_R 1 -2.217e+05 3.825e+02 9.752e+02
|            ( QUESTION10 1 -8.510e+04 3.258e+02 3.810e+02
|                ( - -5.390e+04 6 0 WDBNDRY_E 0 1.811e+02 2.413e+02)
|                ( - -3.088e+04 3 0 QUESTION12 1 1.338e+02 1.397e+02))
|            ( QUESTION0_13_R 1 -1.362e+05 3.422e+02 5.942e+02
|                ( WDBNDRY_E 0 -6.662e+04 3.474e+02 2.922e+02
|                    ( - -4.223e+04 5 0 QUESTION0_14_R 1 2.293e+02 1.808e+02)
|                    ( - -2.404e+04 1 0))
|                ( - -6.924e+04 9 0 QUESTION11 1 2.676e+02 3.020e+02)))))
s>    ( SILENCE 1 -2.628e+05 7.444e+02 1.147e+03
s>        ( - -2.582e+04 1 0)
s>        ( QUESTION0 -1 -2.362e+05 4.819e+02 1.036e+03
s>            ( QUESTION10 1 -1.409e+04 3.451e+02 6.062e+01
s>                ( - -1.013e+04 5 0 QUESTION0_1_R 1 1.499e+02 4.466e+01)
s>                ( - -3.613e+03 2 0 QUESTION0_1_R 1 1.293e+02 1.596e+01))
s>            ( QUESTION0_1_R 1 -2.217e+05 3.825e+02 9.752e+02
s>                ( QUESTION10 1 -8.510e+04 3.258e+02 3.810e+02
s>                    ( - -5.390e+04 6 0 WDBNDRY_E 0 1.811e+02 2.413e+02)
s>                    ( - -3.088e+04 3 0 QUESTION12 1 1.338e+02 1.397e+02))
s>                ( QUESTION0_13_R 1 -1.362e+05 3.422e+02 5.942e+02
s>                    ( WDBNDRY_E 0 -6.662e+04 3.474e+02 2.922e+02
s>                        ( - -4.223e+04 5 0 QUESTION0_14_R 1 2.293e+02 1.808e+02)
s>                        ( - -2.404e+04 1 0))
s>                    ( - -6.924e+04 9 0 QUESTION11 1 2.676e+02 3.020e+02)))))INFO: dtree.c(1315): Comp split 2
INFO: dtree.c(1478): Final simple tree
|( QUESTION14 1 -2.868e+06 2.620e+03 1.225e+04
|    ( - -2.886e+05 8 0 WDBNDRY_E 0 3.660e+02 1.242e+03)
|    ( QUESTION10 1 -2.576e+06 2.093e+03 1.101e+04
|        ( - -1.155e+06 15 0 WDBNDRY_E 0 4.090e+02 4.930e+03)
|        ( QUESTION0_10_R 1 -1.420e+06 1.062e+03 6.079e+03
|            ( QUESTION0 1 -3.692e+05 7.956e+02 1.562e+03
|                ( - -2.133e+05 4 0)
|                ( - -1.551e+05 6 0 WDBNDRY_E 0 2.500e+02 6.615e+02))
|            ( QUESTION0_13_R 1 -1.050e+06 9.747e+02 4.518e+03
|                ( - -6.578e+05 27 0 QUESTION0_16_R 1 5.540e+02 2.837e+03)
|                ( WDBNDRY_E 0 -3.907e+05 9.005e+02 1.681e+03
|                    ( QUESTION0_6_R 1 -3.734e+05 6.941e+02 1.609e+03
|                        ( - -3.425e+05 3 0)
|                        ( - -3.029e+04 5 0 QUESTION0_0_R 1 2.453e+02 1.352e+02))
|                    ( - -1.639e+04 1 0))))))
s>    ( QUESTION14 1 -2.868e+06 2.620e+03 1.225e+04
s>        ( - -2.886e+05 8 0 WDBNDRY_E 0 3.660e+02 1.242e+03)
s>        ( QUESTION10 1 -2.576e+06 2.093e+03 1.101e+04
s>            ( - -1.155e+06 15 0 WDBNDRY_E 0 4.090e+02 4.930e+03)
s>            ( QUESTION0_10_R 1 -1.420e+06 1.062e+03 6.079e+03
s>                ( QUESTION0 1 -3.692e+05 7.956e+02 1.562e+03
s>                    ( - -2.133e+05 4 0)
s>                    ( - -1.551e+05 6 0 WDBNDRY_E 0 2.500e+02 6.615e+02))
s>                ( QUESTION0_13_R 1 -1.050e+06 9.747e+02 4.518e+03
s>                    ( - -6.578e+05 27 0 QUESTION0_16_R 1 5.540e+02 2.837e+03)
s>                    ( WDBNDRY_E 0 -3.907e+05 9.005e+02 1.681e+03
s>                        ( QUESTION0_6_R 1 -3.734e+05 6.941e+02 1.609e+03
s>                            ( - -3.425e+05 3 0)
s>                            ( - -3.029e+04 5 0 QUESTION0_0_R 1 2.453e+02 1.352e+02))
s>                        ( - -1.639e+04 1 0))))))INFO: dtree.c(1439): stop. leaf nodes are specific
INFO: dtree.c(1478): Final simple tree
|( QUESTION10 1 -1.923e+06 1.556e+03 8.333e+03
|    ( WDBNDRY_E 0 -9.117e+05 1.990e+02 3.923e+03
|        ( - -9.016e+05 15 0)
|        ( - -9.880e+03 3 0))
|    ( QUESTION12 1 -1.010e+06 5.004e+02 4.410e+03
|        ( - -9.762e+05 8 0)
|        ( - -3.293e+04 2 0)))
s>    ( QUESTION10 1 -1.923e+06 1.556e+03 8.333e+03
s>        ( WDBNDRY_E 0 -9.117e+05 1.990e+02 3.923e+03
s>            ( - -9.016e+05 15 0)
s>            ( - -9.880e+03 3 0))
s>        ( QUESTION12 1 -1.010e+06 5.004e+02 4.410e+03
s>            ( - -9.762e+05 8 0)
s>            ( - -3.293e+04 2 0)))INFO: dtree.c(1315): Comp split 3
INFO: dtree.c(1439): stop. leaf nodes are specific
INFO: dtree.c(1478): Final simple tree
|( QUESTION0_3_R 1 -1.386e+06 1.133e+03 5.902e+03
|    ( WDBNDRY_E 0 -1.155e+06 4.090e+02 4.930e+03
|        ( - -1.138e+06 12 0)
|        ( - -1.587e+04 3 0))
|    ( WDBNDRY_E 0 -2.303e+05 6.085e+02 9.723e+02
|        ( - -2.133e+05 4 0)
|        ( - -1.639e+04 1 0)))
s>    ( QUESTION0_3_R 1 -1.386e+06 1.133e+03 5.902e+03
s>        ( WDBNDRY_E 0 -1.155e+06 4.090e+02 4.930e+03
s>            ( - -1.138e+06 12 0)
s>            ( - -1.587e+04 3 0))
s>        ( WDBNDRY_E 0 -2.303e+05 6.085e+02 9.723e+02
s>            ( - -2.133e+05 4 0)
s>            ( - -1.639e+04 1 0)))INFO: dtree.c(1478): Final simple tree
|( QUESTION14 1 -1.479e+06 2.236e+03 6.349e+03
|    ( WDBNDRY_E 0 -2.886e+05 3.660e+02 1.242e+03
|        ( - -2.667e+05 7 0 QUESTION0_9_R 1 3.082e+02 1.145e+03)
|        ( - -2.154e+04 1 0))
|    ( QUESTION0_4_R 1 -1.188e+06 1.172e+03 5.107e+03
|        ( QUESTION0_6_R 1 -3.710e+05 6.971e+02 1.598e+03
|            ( - -3.425e+05 3 0)
|            ( - -2.785e+04 3 0 QUESTION6 1 1.493e+02 1.242e+02))
|        ( QUESTION0_16_R 1 -8.159e+05 6.081e+02 3.509e+03
|            ( QUESTION0 1 -1.310e+05 3.751e+02 5.700e+02
|                ( - -1.712e+04 3 0)
|                ( - -1.135e+05 3 0))
|            ( QUESTION0_10_R 1 -6.843e+05 4.995e+02 2.939e+03
|                ( - -1.551e+05 6 0 WDBNDRY_E 0 2.500e+02 6.615e+02)
|                ( - -5.287e+05 23 0 QUESTION0_9_R 1 2.895e+02 2.278e+03)))))
s>    ( QUESTION14 1 -1.479e+06 2.236e+03 6.349e+03
s>        ( WDBNDRY_E 0 -2.886e+05 3.660e+02 1.242e+03
s>            ( - -2.667e+05 7 0 QUESTION0_9_R 1 3.082e+02 1.145e+03)
s>            ( - -2.154e+04 1 0))
s>        ( QUESTION0_4_R 1 -1.188e+06 1.172e+03 5.107e+03
s>            ( QUESTION0_6_R 1 -3.710e+05 6.971e+02 1.598e+03
s>                ( - -3.425e+05 3 0)
s>                ( - -2.785e+04 3 0 QUESTION6 1 1.493e+02 1.242e+02))
s>            ( QUESTION0_16_R 1 -8.159e+05 6.081e+02 3.509e+03
s>                ( QUESTION0 1 -1.310e+05 3.751e+02 5.700e+02
s>                    ( - -1.712e+04 3 0)
s>                    ( - -1.135e+05 3 0))
s>                ( QUESTION0_10_R 1 -6.843e+05 4.995e+02 2.939e+03
s>                    ( - -1.551e+05 6 0 WDBNDRY_E 0 2.500e+02 6.615e+02)
s>                    ( - -5.287e+05 23 0 QUESTION0_9_R 1 2.895e+02 2.278e+03)))))INFO: dtree.c(1315): Comp split 4
INFO: dtree.c(1439): stop. leaf nodes are specific
INFO: dtree.c(1478): Final simple tree
|( WDBNDRY_E 0 -3.060e+05 3.784e+02 1.319e+03
|    ( QUESTION0_9_R 1 -2.841e+05 3.133e+02 1.223e+03
|        ( - -1.324e+05 4 0)
|        ( QUESTION0 1 -1.514e+05 2.828e+02 6.501e+02
|            ( - -1.712e+04 3 0)
|            ( - -1.340e+05 3 0)))
|    ( - -2.154e+04 1 0))
s>    ( WDBNDRY_E 0 -3.060e+05 3.784e+02 1.319e+03
s>        ( QUESTION0_9_R 1 -2.841e+05 3.133e+02 1.223e+03
s>            ( - -1.324e+05 4 0)
s>            ( QUESTION0 1 -1.514e+05 2.828e+02 6.501e+02
s>                ( - -1.712e+04 3 0)
s>                ( - -1.340e+05 3 0)))
s>        ( - -2.154e+04 1 0))INFO: dtree.c(1478): Final simple tree
|( QUESTION0_4_R 1 -1.171e+06 1.195e+03 5.030e+03
|    ( QUESTION0_6_R 1 -3.710e+05 6.971e+02 1.598e+03
|        ( - -3.425e+05 3 0)
|        ( - -2.785e+04 3 0 QUESTION6 1 1.493e+02 1.242e+02))
|    ( QUESTION0_16_R 1 -7.985e+05 6.390e+02 3.432e+03
|        ( - -1.135e+05 3 0)
|        ( QUESTION0_10_R 1 -6.843e+05 4.995e+02 2.939e+03
|            ( WDBNDRY_E 0 -1.551e+05 2.500e+02 6.615e+02
|                ( - -1.416e+05 5 0)
|                ( - -1.322e+04 1 0))
|            ( QUESTION0_9_R 1 -5.287e+05 2.895e+02 2.278e+03
|                ( - -1.263e+03 1 0)
|                ( WDBNDRY_E 0 -5.272e+05 2.756e+02 2.271e+03
|                    ( - -5.099e+05 21 0 QUESTION0_20_R 1 2.116e+02 2.193e+03)
|                    ( - -1.700e+04 1 0))))))
s>    ( QUESTION0_4_R 1 -1.171e+06 1.195e+03 5.030e+03
s>        ( QUESTION0_6_R 1 -3.710e+05 6.971e+02 1.598e+03
s>            ( - -3.425e+05 3 0)
s>            ( - -2.785e+04 3 0 QUESTION6 1 1.493e+02 1.242e+02))
s>        ( QUESTION0_16_R 1 -7.985e+05 6.390e+02 3.432e+03
s>            ( - -1.135e+05 3 0)
s>            ( QUESTION0_10_R 1 -6.843e+05 4.995e+02 2.939e+03
s>                ( WDBNDRY_E 0 -1.551e+05 2.500e+02 6.615e+02
s>                    ( - -1.416e+05 5 0)
s>                    ( - -1.322e+04 1 0))
s>                ( QUESTION0_9_R 1 -5.287e+05 2.895e+02 2.278e+03
s>                    ( - -1.263e+03 1 0)
s>                    ( WDBNDRY_E 0 -5.272e+05 2.756e+02 2.271e+03
s>                        ( - -5.099e+05 21 0 QUESTION0_20_R 1 2.116e+02 2.193e+03)
s>                        ( - -1.700e+04 1 0))))))INFO: dtree.c(1315): Comp split 5
INFO: dtree.c(1439): stop. leaf nodes are specific
INFO: dtree.c(1478): Final simple tree
|( QUESTION12 1 -1.010e+06 5.004e+02 4.410e+03
|    ( - -9.762e+05 8 0)
|    ( - -3.293e+04 2 0))
s>    ( QUESTION12 1 -1.010e+06 5.004e+02 4.410e+03
s>        ( - -9.762e+05 8 0)
s>        ( - -3.293e+04 2 0))INFO: dtree.c(1439): stop. leaf nodes are specific
INFO: dtree.c(1478): Final simple tree
|( WDBNDRY_E 0 -9.117e+05 1.990e+02 3.923e+03
|    ( - -9.016e+05 15 0)
|    ( - -9.880e+03 3 0))
s>    ( WDBNDRY_E 0 -9.117e+05 1.990e+02 3.923e+03
s>        ( - -9.016e+05 15 0)
s>        ( - -9.880e+03 3 0))INFO: dtree.c(1315): Comp split 6
INFO: dtree.c(1439): stop. leaf nodes are specific
INFO: dtree.c(1478): Final simple tree
|( QUESTION0_6_R 1 -3.726e+05 7.380e+02 1.605e+03
|    ( - -3.425e+05 3 0)
|    ( QUESTION0_0_R 1 -2.935e+04 2.429e+02 1.312e+02
|        ( QUESTION6 1 -2.785e+04 1.493e+02 1.242e+02
|            ( - -2.643e+04 2 0)
|            ( - -1.264e+03 1 0))
|        ( - -1.263e+03 1 0)))
s>    ( QUESTION0_6_R 1 -3.726e+05 7.380e+02 1.605e+03
s>        ( - -3.425e+05 3 0)
s>        ( QUESTION0_0_R 1 -2.935e+04 2.429e+02 1.312e+02
s>            ( QUESTION6 1 -2.785e+04 1.493e+02 1.242e+02
s>                ( - -2.643e+04 2 0)
s>                ( - -1.264e+03 1 0))
s>            ( - -1.263e+03 1 0)))INFO: dtree.c(1478): Final simple tree
|( QUESTION0_16_R 1 -7.969e+05 6.378e+02 3.425e+03
|    ( - -1.135e+05 3 0)
|    ( QUESTION9 1 -6.828e+05 4.980e+02 2.932e+03
|        ( WDBNDRY_E 0 -1.668e+05 2.595e+02 7.116e+02
|            ( QUESTION0_9_R 1 -1.533e+05 2.004e+02 6.529e+02
|                ( - -1.416e+05 5 0)
|                ( QUESTION12 1 -1.144e+04 1.636e+02 5.007e+01
|                    ( - -1.858e+03 2 0)
|                    ( - -9.422e+03 2 0)))
|            ( - -1.322e+04 1 0))
|        ( WDBNDRY_E 0 -5.155e+05 2.748e+02 2.221e+03
|            ( QUESTION0_15_R 1 -4.982e+05 1.958e+02 2.143e+03
|                ( - -4.359e+03 1 0)
|                ( - -4.937e+05 16 0 QUESTION0_0_R 1 1.577e+02 2.123e+03))
|            ( - -1.700e+04 1 0))))
s>    ( QUESTION0_16_R 1 -7.969e+05 6.378e+02 3.425e+03
s>        ( - -1.135e+05 3 0)
s>        ( QUESTION9 1 -6.828e+05 4.980e+02 2.932e+03
s>            ( WDBNDRY_E 0 -1.668e+05 2.595e+02 7.116e+02
s>                ( QUESTION0_9_R 1 -1.533e+05 2.004e+02 6.529e+02
s>                    ( - -1.416e+05 5 0)
s>                    ( QUESTION12 1 -1.144e+04 1.636e+02 5.007e+01
s>                        ( - -1.858e+03 2 0)
s>                        ( - -9.422e+03 2 0)))
s>                ( - -1.322e+04 1 0))
s>            ( WDBNDRY_E 0 -5.155e+05 2.748e+02 2.221e+03
s>                ( QUESTION0_15_R 1 -4.982e+05 1.958e+02 2.143e+03
s>                    ( - -4.359e+03 1 0)
s>                    ( - -4.937e+05 16 0 QUESTION0_0_R 1 1.577e+02 2.123e+03))
s>                ( - -1.700e+04 1 0))))INFO: dtree.c(1315): Comp split 7
INFO: dtree.c(1439): stop. leaf nodes are specific
INFO: dtree.c(1478): Final simple tree
|( WDBNDRY_E 0 -2.303e+05 6.085e+02 9.723e+02
|    ( - -2.133e+05 4 0)
|    ( - -1.639e+04 1 0))
s>    ( WDBNDRY_E 0 -2.303e+05 6.085e+02 9.723e+02
s>        ( - -2.133e+05 4 0)
s>        ( - -1.639e+04 1 0))INFO: dtree.c(1439): stop. leaf nodes are specific
INFO: dtree.c(1478): Final simple tree
|( WDBNDRY_E 0 -1.155e+06 4.090e+02 4.930e+03
|    ( - -1.138e+06 12 0)
|    ( - -1.587e+04 3 0))
s>    ( WDBNDRY_E 0 -1.155e+06 4.090e+02 4.930e+03
s>        ( - -1.138e+06 12 0)
s>        ( - -1.587e+04 3 0))INFO: dtree.c(1315): Comp split 8
INFO: dtree.c(1478): Final simple tree
|( QUESTION0_0_R 1 -1.263e+05 3.945e+02 5.434e+02
|    ( QUESTION11 1 -6.220e+04 3.738e+02 2.705e+02
|        ( - -2.422e+03 1 0)
|        ( QUESTION0 -1 -5.941e+04 2.922e+02 2.595e+02
|            ( - -1.134e+04 6 0 QUESTION0_1_R 1 1.695e+02 4.966e+01)
|            ( QUESTION0_6_R 1 -4.778e+04 1.940e+02 2.098e+02
|                ( - -1.452e+04 1 0)
|                ( - -3.306e+04 6 0 WDBNDRY_E 0 1.687e+02 1.457e+02))))
|    ( QUESTION0_15_R 1 -6.367e+04 2.812e+02 2.730e+02
|        ( QUESTION0 1 -1.711e+04 1.921e+02 7.404e+01
|            ( - -2.626e+02 1 0)
|            ( - -1.666e+04 1 0))
|        ( QUESTION0 1 -4.628e+04 2.747e+02 1.989e+02
|            ( - -3.619e+04 4 0 QUESTION0_9_R 1 1.243e+02 1.552e+02)
|            ( - -9.809e+03 1 0))))
s>    ( QUESTION0_0_R 1 -1.263e+05 3.945e+02 5.434e+02
s>        ( QUESTION11 1 -6.220e+04 3.738e+02 2.705e+02
s>            ( - -2.422e+03 1 0)
s>            ( QUESTION0 -1 -5.941e+04 2.922e+02 2.595e+02
s>                ( - -1.134e+04 6 0 QUESTION0_1_R 1 1.695e+02 4.966e+01)
s>                ( QUESTION0_6_R 1 -4.778e+04 1.940e+02 2.098e+02
s>                    ( - -1.452e+04 1 0)
s>                    ( - -3.306e+04 6 0 WDBNDRY_E 0 1.687e+02 1.457e+02))))
s>        ( QUESTION0_15_R 1 -6.367e+04 2.812e+02 2.730e+02
s>            ( QUESTION0 1 -1.711e+04 1.921e+02 7.404e+01
s>                ( - -2.626e+02 1 0)
s>                ( - -1.666e+04 1 0))
s>            ( QUESTION0 1 -4.628e+04 2.747e+02 1.989e+02
s>                ( - -3.619e+04 4 0 QUESTION0_9_R 1 1.243e+02 1.552e+02)
s>                ( - -9.809e+03 1 0))))INFO: dtree.c(1439): stop. leaf nodes are specific
INFO: dtree.c(1478): Final simple tree
|( SILENCE 1 -1.358e+05 6.130e+02 6.038e+02
|    ( - -2.582e+04 1 0)
|    ( QUESTION10 1 -1.094e+05 3.535e+02 4.924e+02
|        ( WDBNDRY_E 0 -5.390e+04 1.811e+02 2.413e+02
|            ( - -3.690e+04 4 0)
|            ( QUESTION2_0_L -1 -1.681e+04 1.577e+02 7.494e+01
|                ( - -1.246e+04 1 0)
|                ( - -4.198e+03 1 0)))
|        ( WDBNDRY_E 0 -5.512e+04 2.019e+02 2.511e+02
|            ( QUESTION12 1 -3.088e+04 1.338e+02 1.397e+02
|                ( - -2.343e+04 2 0)
|                ( - -7.319e+03 1 0))
|            ( - -2.404e+04 1 0))))
s>    ( SILENCE 1 -1.358e+05 6.130e+02 6.038e+02
s>        ( - -2.582e+04 1 0)
s>        ( QUESTION10 1 -1.094e+05 3.535e+02 4.924e+02
s>            ( WDBNDRY_E 0 -5.390e+04 1.811e+02 2.413e+02
s>                ( - -3.690e+04 4 0)
s>                ( QUESTION2_0_L -1 -1.681e+04 1.577e+02 7.494e+01
s>                    ( - -1.246e+04 1 0)
s>                    ( - -4.198e+03 1 0)))
s>            ( WDBNDRY_E 0 -5.512e+04 2.019e+02 2.511e+02
s>                ( QUESTION12 1 -3.088e+04 1.338e+02 1.397e+02
s>                    ( - -2.343e+04 2 0)
s>                    ( - -7.319e+03 1 0))
s>                ( - -2.404e+04 1 0))))INFO: dtree.c(1315): Comp split 9
INFO: dtree.c(1439): stop. leaf nodes are specific
INFO: dtree.c(1478): Final simple tree
|( QUESTION0_0_R 1 -2.935e+04 2.429e+02 1.312e+02
|    ( QUESTION6 1 -2.785e+04 1.493e+02 1.242e+02
|        ( - -2.643e+04 2 0)
|        ( - -1.264e+03 1 0))
|    ( - -1.263e+03 1 0))
s>    ( QUESTION0_0_R 1 -2.935e+04 2.429e+02 1.312e+02
s>        ( QUESTION6 1 -2.785e+04 1.493e+02 1.242e+02
s>            ( - -2.643e+04 2 0)
s>            ( - -1.264e+03 1 0))
s>        ( - -1.263e+03 1 0))INFO: dtree.c(1315): Comp split 10
INFO: dtree.c(1439): stop. leaf nodes are specific
INFO: dtree.c(1478): Final simple tree
|( QUESTION0_16_R 1 -1.156e+05 1.893e+02 5.019e+02
|    ( - -1.135e+05 3 0)
|    ( - -1.858e+03 2 0))
s>    ( QUESTION0_16_R 1 -1.156e+05 1.893e+02 5.019e+02
s>        ( - -1.135e+05 3 0)
s>        ( - -1.858e+03 2 0))INFO: dtree.c(1439): stop. leaf nodes are specific
INFO: dtree.c(1478): Final simple tree
|( QUESTION9 1 -6.807e+05 4.981e+02 2.923e+03
|    ( WDBNDRY_E 0 -1.647e+05 2.567e+02 7.026e+02
|        ( QUESTION0_9_R 1 -1.512e+05 1.654e+02 6.439e+02
|            ( - -1.416e+05 5 0)
|            ( - -9.422e+03 2 0))
|        ( - -1.322e+04 1 0))
|    ( WDBNDRY_E 0 -5.155e+05 2.748e+02 2.221e+03
|        ( QUESTION0_15_R 1 -4.982e+05 1.958e+02 2.143e+03
|            ( - -4.359e+03 1 0)
|            ( QUESTION0_0_R 1 -4.937e+05 1.577e+02 2.123e+03
|                ( - -7.305e+02 1 0)
|                ( - -4.928e+05 15 0)))
|        ( - -1.700e+04 1 0)))
s>    ( QUESTION9 1 -6.807e+05 4.981e+02 2.923e+03
s>        ( WDBNDRY_E 0 -1.647e+05 2.567e+02 7.026e+02
s>            ( QUESTION0_9_R 1 -1.512e+05 1.654e+02 6.439e+02
s>                ( - -1.416e+05 5 0)
s>                ( - -9.422e+03 2 0))
s>            ( - -1.322e+04 1 0))
s>        ( WDBNDRY_E 0 -5.155e+05 2.748e+02 2.221e+03
s>            ( QUESTION0_15_R 1 -4.982e+05 1.958e+02 2.143e+03
s>                ( - -4.359e+03 1 0)
s>                ( QUESTION0_0_R 1 -4.937e+05 1.577e+02 2.123e+03
s>                    ( - -7.305e+02 1 0)
s>                    ( - -4.928e+05 15 0)))
s>            ( - -1.700e+04 1 0)))INFO: dtree.c(1315): Comp split 11
INFO: dtree.c(1439): stop. leaf nodes are specific
INFO: dtree.c(1478): Final simple tree
|( QUESTION10 1 -1.094e+05 3.535e+02 4.924e+02
|    ( WDBNDRY_E 0 -5.390e+04 1.811e+02 2.413e+02
|        ( - -3.690e+04 4 0)
|        ( QUESTION2_0_L -1 -1.681e+04 1.577e+02 7.494e+01
|            ( - -1.246e+04 1 0)
|            ( - -4.198e+03 1 0)))
|    ( WDBNDRY_E 0 -5.512e+04 2.019e+02 2.511e+02
|        ( QUESTION12 1 -3.088e+04 1.338e+02 1.397e+02
|            ( - -2.343e+04 2 0)
|            ( - -7.319e+03 1 0))
|        ( - -2.404e+04 1 0)))
s>    ( QUESTION10 1 -1.094e+05 3.535e+02 4.924e+02
s>        ( WDBNDRY_E 0 -5.390e+04 1.811e+02 2.413e+02
s>            ( - -3.690e+04 4 0)
s>            ( QUESTION2_0_L -1 -1.681e+04 1.577e+02 7.494e+01
s>                ( - -1.246e+04 1 0)
s>                ( - -4.198e+03 1 0)))
s>        ( WDBNDRY_E 0 -5.512e+04 2.019e+02 2.511e+02
s>            ( QUESTION12 1 -3.088e+04 1.338e+02 1.397e+02
s>                ( - -2.343e+04 2 0)
s>                ( - -7.319e+03 1 0))
s>            ( - -2.404e+04 1 0)))INFO: dtree.c(1315): Comp split 12
INFO: dtree.c(1315): Comp split 13
INFO: dtree.c(1315): Comp split 14
INFO: dtree.c(1439): stop. leaf nodes are specific
INFO: dtree.c(1478): Final simple tree
|( WDBNDRY_E 0 -5.155e+05 2.748e+02 2.221e+03
|    ( QUESTION0_15_R 1 -4.982e+05 1.958e+02 2.143e+03
|        ( - -4.359e+03 1 0)
|        ( QUESTION0_0_R 1 -4.937e+05 1.577e+02 2.123e+03
|            ( - -7.305e+02 1 0)
|            ( - -4.928e+05 15 0)))
|    ( - -1.700e+04 1 0))
s>    ( WDBNDRY_E 0 -5.155e+05 2.748e+02 2.221e+03
s>        ( QUESTION0_15_R 1 -4.982e+05 1.958e+02 2.143e+03
s>            ( - -4.359e+03 1 0)
s>            ( QUESTION0_0_R 1 -4.937e+05 1.577e+02 2.123e+03
s>                ( - -7.305e+02 1 0)
s>                ( - -4.928e+05 15 0)))
s>        ( - -1.700e+04 1 0))INFO: dtree.c(1439): stop. leaf nodes are specific
INFO: dtree.c(1478): Final simple tree
|( WDBNDRY_E 0 -1.647e+05 2.567e+02 7.026e+02
|    ( QUESTION0_9_R 1 -1.512e+05 1.654e+02 6.439e+02
|        ( - -1.416e+05 5 0)
|        ( - -9.422e+03 2 0))
|    ( - -1.322e+04 1 0))
s>    ( WDBNDRY_E 0 -1.647e+05 2.567e+02 7.026e+02
s>        ( QUESTION0_9_R 1 -1.512e+05 1.654e+02 6.439e+02
s>            ( - -1.416e+05 5 0)
s>            ( - -9.422e+03 2 0))
s>        ( - -1.322e+04 1 0))INFO: dtree.c(1315): Comp split 15
INFO: dtree.c(1478): Final simple tree
|( QUESTION12 1 -7.227e+04 3.756e+02 3.142e+02
|    ( - -2.422e+03 1 0)
|    ( QUESTION0 -1 -6.947e+04 2.826e+02 3.032e+02
|        ( QUESTION0_1_R 1 -1.134e+04 1.695e+02 4.966e+01
|            ( - -6.473e+03 3 0)
|            ( QUESTION0_3_R 1 -4.695e+03 1.236e+02 2.096e+01
|                ( - -3.510e+03 2 0)
|                ( - -1.062e+03 1 0)))
|        ( QUESTION0_0_R 1 -5.785e+04 2.671e+02 2.536e+02
|            ( QUESTION0_6_R 1 -4.778e+04 1.940e+02 2.098e+02
|                ( - -1.452e+04 1 0)
|                ( WDBNDRY_E 0 -3.306e+04 1.687e+02 1.457e+02
|                    ( - -2.891e+04 4 0 QUESTION0_3_R 1 1.198e+02 1.268e+02)
|                    ( - -3.985e+03 2 0)))
|            ( - -9.809e+03 1 0))))
s>    ( QUESTION12 1 -7.227e+04 3.756e+02 3.142e+02
s>        ( - -2.422e+03 1 0)
s>        ( QUESTION0 -1 -6.947e+04 2.826e+02 3.032e+02
s>            ( QUESTION0_1_R 1 -1.134e+04 1.695e+02 4.966e+01
s>                ( - -6.473e+03 3 0)
s>                ( QUESTION0_3_R 1 -4.695e+03 1.236e+02 2.096e+01
s>                    ( - -3.510e+03 2 0)
s>                    ( - -1.062e+03 1 0)))
s>            ( QUESTION0_0_R 1 -5.785e+04 2.671e+02 2.536e+02
s>                ( QUESTION0_6_R 1 -4.778e+04 1.940e+02 2.098e+02
s>                    ( - -1.452e+04 1 0)
s>                    ( WDBNDRY_E 0 -3.306e+04 1.687e+02 1.457e+02
s>                        ( - -2.891e+04 4 0 QUESTION0_3_R 1 1.198e+02 1.268e+02)
s>                        ( - -3.985e+03 2 0)))
s>                ( - -9.809e+03 1 0))))INFO: dtree.c(1439): stop. leaf nodes are specific
INFO: dtree.c(1478): Final simple tree
|( QUESTION0_15_R 1 -5.356e+04 2.584e+02 2.293e+02
|    ( QUESTION0 1 -1.711e+04 1.921e+02 7.404e+01
|        ( - -2.626e+02 1 0)
|        ( - -1.666e+04 1 0))
|    ( QUESTION0_9_R 1 -3.619e+04 1.243e+02 1.552e+02
|        ( - -1.118e+04 1 0)
|        ( - -2.489e+04 3 0)))
s>    ( QUESTION0_15_R 1 -5.356e+04 2.584e+02 2.293e+02
s>        ( QUESTION0 1 -1.711e+04 1.921e+02 7.404e+01
s>            ( - -2.626e+02 1 0)
s>            ( - -1.666e+04 1 0))
s>        ( QUESTION0_9_R 1 -3.619e+04 1.243e+02 1.552e+02
s>            ( - -1.118e+04 1 0)
s>            ( - -2.489e+04 3 0)))INFO: dtree.c(1315): Comp split 16
INFO: dtree.c(1315): Comp split 17
INFO: dtree.c(1439): stop. leaf nodes are specific
INFO: dtree.c(1478): Final simple tree
|( QUESTION0_9_R 1 -2.841e+05 3.133e+02 1.223e+03
|    ( - -1.324e+05 4 0)
|    ( QUESTION0 1 -1.514e+05 2.828e+02 6.501e+02
|        ( - -1.712e+04 3 0)
|        ( - -1.340e+05 3 0)))
s>    ( QUESTION0_9_R 1 -2.841e+05 3.133e+02 1.223e+03
s>        ( - -1.324e+05 4 0)
s>        ( QUESTION0 1 -1.514e+05 2.828e+02 6.501e+02
s>            ( - -1.712e+04 3 0)
s>            ( - -1.340e+05 3 0)))INFO: dtree.c(1315): Comp split 18
INFO: dtree.c(1478): Final simple tree
|( QUESTION0 -1 -6.947e+04 2.826e+02 3.032e+02
|    ( QUESTION0_1_R 1 -1.134e+04 1.695e+02 4.966e+01
|        ( - -6.473e+03 3 0)
|        ( QUESTION0_3_R 1 -4.695e+03 1.236e+02 2.096e+01
|            ( - -3.510e+03 2 0)
|            ( - -1.062e+03 1 0)))
|    ( QUESTION0_0_R 1 -5.785e+04 2.671e+02 2.536e+02
|        ( QUESTION0_6_R 1 -4.778e+04 1.940e+02 2.098e+02
|            ( - -1.452e+04 1 0)
|            ( WDBNDRY_E 0 -3.306e+04 1.687e+02 1.457e+02
|                ( QUESTION0_3_R 1 -2.891e+04 1.198e+02 1.268e+02
|                    ( - -2.671e+04 3 0)
|                    ( - -2.077e+03 1 0))
|                ( - -3.985e+03 2 0)))
|        ( - -9.809e+03 1 0)))
s>    ( QUESTION0 -1 -6.947e+04 2.826e+02 3.032e+02
s>        ( QUESTION0_1_R 1 -1.134e+04 1.695e+02 4.966e+01
s>            ( - -6.473e+03 3 0)
s>            ( QUESTION0_3_R 1 -4.695e+03 1.236e+02 2.096e+01
s>                ( - -3.510e+03 2 0)
s>                ( - -1.062e+03 1 0)))
s>        ( QUESTION0_0_R 1 -5.785e+04 2.671e+02 2.536e+02
s>            ( QUESTION0_6_R 1 -4.778e+04 1.940e+02 2.098e+02
s>                ( - -1.452e+04 1 0)
s>                ( WDBNDRY_E 0 -3.306e+04 1.687e+02 1.457e+02
s>                    ( QUESTION0_3_R 1 -2.891e+04 1.198e+02 1.268e+02
s>                        ( - -2.671e+04 3 0)
s>                        ( - -2.077e+03 1 0))
s>                    ( - -3.985e+03 2 0)))
s>            ( - -9.809e+03 1 0)))INFO: dtree.c(1315): Comp split 19
INFO: dtree.c(1315): Comp split 20
INFO: dtree.c(1439): stop. leaf nodes are specific
INFO: dtree.c(1478): Final simple tree
|( WDBNDRY_E 0 -5.512e+04 2.019e+02 2.511e+02
|    ( QUESTION12 1 -3.088e+04 1.338e+02 1.397e+02
|        ( - -2.343e+04 2 0)
|        ( - -7.319e+03 1 0))
|    ( - -2.404e+04 1 0))
s>    ( WDBNDRY_E 0 -5.512e+04 2.019e+02 2.511e+02
s>        ( QUESTION12 1 -3.088e+04 1.338e+02 1.397e+02
s>            ( - -2.343e+04 2 0)
s>            ( - -7.319e+03 1 0))
s>        ( - -2.404e+04 1 0))INFO: dtree.c(1439): stop. leaf nodes are specific
INFO: dtree.c(1478): Final simple tree
|( WDBNDRY_E 0 -5.390e+04 1.811e+02 2.413e+02
|    ( - -3.690e+04 4 0)
|    ( QUESTION2_0_L -1 -1.681e+04 1.577e+02 7.494e+01
|        ( - -1.246e+04 1 0)
|        ( - -4.198e+03 1 0)))
s>    ( WDBNDRY_E 0 -5.390e+04 1.811e+02 2.413e+02
s>        ( - -3.690e+04 4 0)
s>        ( QUESTION2_0_L -1 -1.681e+04 1.577e+02 7.494e+01
s>            ( - -1.246e+04 1 0)
s>            ( - -4.198e+03 1 0)))INFO: dtree.c(1315): Comp split 21
INFO: dtree.c(1439): stop. leaf nodes are specific
INFO: dtree.c(1478): Final simple tree
|( QUESTION0 1 -1.514e+05 2.828e+02 6.501e+02
|    ( - -1.712e+04 3 0)
|    ( - -1.340e+05 3 0))
s>    ( QUESTION0 1 -1.514e+05 2.828e+02 6.501e+02
s>        ( - -1.712e+04 3 0)
s>        ( - -1.340e+05 3 0))INFO: dtree.c(1315): Comp split 22
INFO: dtree.c(1439): stop. leaf nodes are specific
INFO: dtree.c(1478): Final simple tree
|( QUESTION0_0_R 1 -5.903e+04 2.662e+02 2.586e+02
|    ( QUESTION0_6_R 1 -4.896e+04 2.125e+02 2.148e+02
|        ( QUESTION0 -1 -1.568e+04 9.854e+01 6.912e+01
|            ( - -1.062e+03 1 0)
|            ( - -1.452e+04 1 0))
|        ( WDBNDRY_E 0 -3.306e+04 1.687e+02 1.457e+02
|            ( QUESTION0_3_R 1 -2.891e+04 1.198e+02 1.268e+02
|                ( - -2.671e+04 3 0)
|                ( - -2.077e+03 1 0))
|            ( - -3.985e+03 2 0)))
|    ( - -9.809e+03 1 0))
s>    ( QUESTION0_0_R 1 -5.903e+04 2.662e+02 2.586e+02
s>        ( QUESTION0_6_R 1 -4.896e+04 2.125e+02 2.148e+02
s>            ( QUESTION0 -1 -1.568e+04 9.854e+01 6.912e+01
s>                ( - -1.062e+03 1 0)
s>                ( - -1.452e+04 1 0))
s>            ( WDBNDRY_E 0 -3.306e+04 1.687e+02 1.457e+02
s>                ( QUESTION0_3_R 1 -2.891e+04 1.198e+02 1.268e+02
s>                    ( - -2.671e+04 3 0)
s>                    ( - -2.077e+03 1 0))
s>                ( - -3.985e+03 2 0)))
s>        ( - -9.809e+03 1 0))INFO: dtree.c(1439): stop. leaf nodes are specific
INFO: dtree.c(1478): Final simple tree
|( QUESTION0_1_R 1 -1.013e+04 1.499e+02 4.466e+01
|    ( - -6.473e+03 3 0)
|    ( - -3.510e+03 2 0))
s>    ( QUESTION0_1_R 1 -1.013e+04 1.499e+02 4.466e+01
s>        ( - -6.473e+03 3 0)
s>        ( - -3.510e+03 2 0))INFO: dtree.c(1315): Comp split 23
INFO: dtree.c(1315): Comp split 24
INFO: dtree.c(1439): stop. leaf nodes are specific
INFO: dtree.c(1478): Final simple tree
|( QUESTION0_15_R 1 -4.982e+05 1.958e+02 2.143e+03
|    ( - -4.359e+03 1 0)
|    ( QUESTION0_0_R 1 -4.937e+05 1.577e+02 2.123e+03
|        ( - -7.305e+02 1 0)
|        ( - -4.928e+05 15 0)))
s>    ( QUESTION0_15_R 1 -4.982e+05 1.958e+02 2.143e+03
s>        ( - -4.359e+03 1 0)
s>        ( QUESTION0_0_R 1 -4.937e+05 1.577e+02 2.123e+03
s>            ( - -7.305e+02 1 0)
s>            ( - -4.928e+05 15 0)))INFO: dtree.c(1315): Comp split 25
INFO: dtree.c(1439): stop. leaf nodes are specific
INFO: dtree.c(1478): Final simple tree
|( QUESTION0_6_R 1 -4.896e+04 2.125e+02 2.148e+02
|    ( QUESTION0 -1 -1.568e+04 9.854e+01 6.912e+01
|        ( - -1.062e+03 1 0)
|        ( - -1.452e+04 1 0))
|    ( WDBNDRY_E 0 -3.306e+04 1.687e+02 1.457e+02
|        ( QUESTION0_3_R 1 -2.891e+04 1.198e+02 1.268e+02
|            ( - -2.671e+04 3 0)
|            ( - -2.077e+03 1 0))
|        ( - -3.985e+03 2 0)))
s>    ( QUESTION0_6_R 1 -4.896e+04 2.125e+02 2.148e+02
s>        ( QUESTION0 -1 -1.568e+04 9.854e+01 6.912e+01
s>            ( - -1.062e+03 1 0)
s>            ( - -1.452e+04 1 0))
s>        ( WDBNDRY_E 0 -3.306e+04 1.687e+02 1.457e+02
s>            ( QUESTION0_3_R 1 -2.891e+04 1.198e+02 1.268e+02
s>                ( - -2.671e+04 3 0)
s>                ( - -2.077e+03 1 0))
s>            ( - -3.985e+03 2 0)))INFO: dtree.c(1315): Comp split 26
INFO: dtree.c(1439): stop. leaf nodes are specific
INFO: dtree.c(1478): Final simple tree
|( QUESTION0_9_R 1 -3.619e+04 1.243e+02 1.552e+02
|    ( - -1.118e+04 1 0)
|    ( - -2.489e+04 3 0))
s>    ( QUESTION0_9_R 1 -3.619e+04 1.243e+02 1.552e+02
s>        ( - -1.118e+04 1 0)
s>        ( - -2.489e+04 3 0))INFO: dtree.c(1439): stop. leaf nodes are specific
INFO: dtree.c(1478): Final simple tree
|( QUESTION0 1 -1.711e+04 1.921e+02 7.404e+01
|    ( - -2.626e+02 1 0)
|    ( - -1.666e+04 1 0))
s>    ( QUESTION0 1 -1.711e+04 1.921e+02 7.404e+01
s>        ( - -2.626e+02 1 0)
s>        ( - -1.666e+04 1 0))INFO: dtree.c(1315): Comp split 27
INFO: dtree.c(1439): stop. leaf nodes are specific
INFO: dtree.c(1478): Final simple tree
|( QUESTION0_9_R 1 -1.512e+05 1.654e+02 6.439e+02
|    ( - -1.416e+05 5 0)
|    ( - -9.422e+03 2 0))
s>    ( QUESTION0_9_R 1 -1.512e+05 1.654e+02 6.439e+02
s>        ( - -1.416e+05 5 0)
s>        ( - -9.422e+03 2 0))INFO: dtree.c(1315): Comp split 28
INFO: dtree.c(1439): stop. leaf nodes are specific
INFO: dtree.c(1478): Final simple tree
|( QUESTION6 1 -2.785e+04 1.493e+02 1.242e+02
|    ( - -2.643e+04 2 0)
|    ( - -1.264e+03 1 0))
s>    ( QUESTION6 1 -2.785e+04 1.493e+02 1.242e+02
s>        ( - -2.643e+04 2 0)
s>        ( - -1.264e+03 1 0))INFO: dtree.c(1315): Comp split 29
INFO: dtree.c(1439): stop. leaf nodes are specific
INFO: dtree.c(1478): Final simple tree
|( QUESTION0_3_R 1 -2.891e+04 1.198e+02 1.268e+02
|    ( - -2.671e+04 3 0)
|    ( - -2.077e+03 1 0))
s>    ( QUESTION0_3_R 1 -2.891e+04 1.198e+02 1.268e+02
s>        ( - -2.671e+04 3 0)
s>        ( - -2.077e+03 1 0))INFO: dtree.c(1439): stop. leaf nodes are specific
INFO: dtree.c(1478): Final simple tree
|( WDBNDRY_E 0 -1.983e+04 1.628e+02 8.808e+01
|    ( QUESTION0 -1 -1.568e+04 9.854e+01 6.912e+01
|        ( - -1.062e+03 1 0)
|        ( - -1.452e+04 1 0))
|    ( - -3.985e+03 2 0))
s>    ( WDBNDRY_E 0 -1.983e+04 1.628e+02 8.808e+01
s>        ( QUESTION0 -1 -1.568e+04 9.854e+01 6.912e+01
s>            ( - -1.062e+03 1 0)
s>            ( - -1.452e+04 1 0))
s>        ( - -3.985e+03 2 0))INFO: dtree.c(1315): Comp split 30
INFO: dtree.c(1439): stop. leaf nodes are specific
INFO: dtree.c(1478): Final simple tree
|( WDBNDRY_E 0 -4.122e+04 1.234e+02 1.855e+02
|    ( - -3.690e+04 4 0)
|    ( - -4.198e+03 1 0))
s>    ( WDBNDRY_E 0 -4.122e+04 1.234e+02 1.855e+02
s>        ( - -3.690e+04 4 0)
s>        ( - -4.198e+03 1 0))INFO: dtree.c(1315): Comp split 31
INFO: dtree.c(1439): stop. leaf nodes are specific
INFO: dtree.c(1478): Final simple tree
|( QUESTION12 1 -3.088e+04 1.338e+02 1.397e+02
|    ( - -2.343e+04 2 0)
|    ( - -7.319e+03 1 0))
s>    ( QUESTION12 1 -3.088e+04 1.338e+02 1.397e+02
s>        ( - -2.343e+04 2 0)
s>        ( - -7.319e+03 1 0))INFO: dtree.c(1315): Comp split 32
INFO: dtree.c(1315): Comp split 33
INFO: dtree.c(1439): stop. leaf nodes are specific
INFO: dtree.c(1478): Final simple tree
|( QUESTION0_0_R 1 -4.937e+05 1.577e+02 2.123e+03
|    ( - -7.305e+02 1 0)
|    ( - -4.928e+05 15 0))
s>    ( QUESTION0_0_R 1 -4.937e+05 1.577e+02 2.123e+03
s>        ( - -7.305e+02 1 0)
s>        ( - -4.928e+05 15 0))INFO: dtree.c(1315): Comp split 34
INFO: dtree.c(1315): Comp split 35
INFO: dtree.c(1315): Comp split 36
INFO: dtree.c(1315): Comp split 37
INFO: dtree.c(1439): stop. leaf nodes are specific
INFO: dtree.c(1478): Final simple tree
|( QUESTION0 -1 -1.568e+04 9.854e+01 6.912e+01
|    ( - -1.062e+03 1 0)
|    ( - -1.452e+04 1 0))
s>    ( QUESTION0 -1 -1.568e+04 9.854e+01 6.912e+01
s>        ( - -1.062e+03 1 0)
s>        ( - -1.452e+04 1 0))INFO: dtree.c(1315): Comp split 38
INFO: dtree.c(1315): Comp split 39
INFO: dtree.c(1315): Comp split 40
INFO: dtree.c(1315): Comp split 41
INFO: dtree.c(1315): Comp split 42
INFO: dtree.c(1315): Comp split 43
INFO: dtree.c(1315): Comp split 44
INFO: dtree.c(1315): Comp split 45
INFO: dtree.c(1315): Comp split 46
INFO: dtree.c(1318): stop. leaf nodes are specific
Fri Jan  6 22:28:05 2023
