Current configuration:
[NAME]		[DEFLT]	[VALUE]
-allphones	no	no
-cntthresh	0.00001	1.000000e-05
-csplitmax	100	2000
-csplitmin	1	1
-csplitthr	8e-4	0.000000e+00
-example	no	no
-fullvar	no	no
-help		no	no
-meanfn			/mnt/c/users/robin/onedrive/desktop/cmu/Cebuano/model_parameters/Cebuano.cd_cont_untied/means
-mixwfn			/mnt/c/users/robin/onedrive/desktop/cmu/Cebuano/model_parameters/Cebuano.cd_cont_untied/mixture_weights
-moddeffn		/mnt/c/users/robin/onedrive/desktop/cmu/Cebuano/model_architecture/Cebuano.untied.mdef
-mwfloor	1e-4	1.000000e-08
-phone			F
-psetfn			/mnt/c/users/robin/onedrive/desktop/cmu/Cebuano/model_architecture/Cebuano.tree_questions
-ssplitmax	5	7
-ssplitmin	1	1
-ssplitthr	8e-4	0.000000e+00
-state			2
-stwt			1.0,0.05,0.0,
-treefn			/mnt/c/users/robin/onedrive/desktop/cmu/Cebuano/trees/Cebuano.unpruned/F-2.dtree
-ts2cbfn	.semi.	.cont.
-varfloor	0.00001	1.000000e-05
-varfn			/mnt/c/users/robin/onedrive/desktop/cmu/Cebuano/model_parameters/Cebuano.cd_cont_untied/variances

INFO: main.c(223): Reading: /mnt/c/users/robin/onedrive/desktop/cmu/Cebuano/model_architecture/Cebuano.untied.mdef
INFO: model_def_io.c(573): Model definition info:
INFO: model_def_io.c(574): 7744 total models defined (40 base, 7704 tri)
INFO: model_def_io.c(575): 30976 total states
INFO: model_def_io.c(576): 23232 total tied states
INFO: model_def_io.c(577): 120 total tied CI states
INFO: model_def_io.c(578): 40 total tied transition matrices
INFO: model_def_io.c(579): 4 max state/model
INFO: model_def_io.c(580): 4 min state/model
INFO: main.c(242): Building trees for [F AA AO b] through [F UW AY b]
INFO: main.c(268): Covering states |[8682 8849]| == 168
INFO: main.c(275): Reading: /mnt/c/users/robin/onedrive/desktop/cmu/Cebuano/model_parameters/Cebuano.cd_cont_untied/mixture_weights
INFO: s3mixw_io.c(172): Read /mnt/c/users/robin/onedrive/desktop/cmu/Cebuano/model_parameters/Cebuano.cd_cont_untied/mixture_weights [168x1x1 array]
INFO: main.c(311): 56 of 56 models have observation count greater than 0.000010
INFO: main.c(95): nrm stwt: 0.000 0.048 0.952 
INFO: s3gau_io.c(168): Read /mnt/c/users/robin/onedrive/desktop/cmu/Cebuano/model_parameters/Cebuano.cd_cont_untied/means [23232x1x1 array]
INFO: s3gau_io.c(168): Read /mnt/c/users/robin/onedrive/desktop/cmu/Cebuano/model_parameters/Cebuano.cd_cont_untied/variances [23232x1x1 array]
INFO: main.c(549): Reading: /mnt/c/users/robin/onedrive/desktop/cmu/Cebuano/model_architecture/Cebuano.tree_questions
INFO: main.c(587): 180 total simple questions (172 phone; 8 word bndry)
INFO: main.c(589): 42 Left Only questions, and 42 Right Only questions
INFO: dtree.c(1478): Final simple tree
|( QUESTION0_9_R 1 -4.094e+05 1.746e+03 1.696e+03
|    ( QUESTION14 1 -1.460e+05 1.045e+03 5.992e+02
|        ( - -2.015e+04 5 0 WDBNDRY_B 0 1.946e+02 8.725e+01)
|        ( QUESTION0_10_R 1 -1.248e+05 1.109e+03 5.120e+02
|            ( QUESTION8 -1 -1.067e+05 3.715e+02 4.384e+02
|                ( - -1.487e+04 1 0)
|                ( - -9.144e+04 5 0 QUESTION2_12_L -1 3.189e+02 3.759e+02))
|            ( - -1.703e+04 3 0 QUESTION0 -1 1.066e+02 7.358e+01)))
|    ( QUESTION2_17_L -1 -2.616e+05 1.187e+03 1.097e+03
|        ( QUESTION0_2_R 1 -1.321e+05 4.473e+02 5.632e+02
|            ( - 2.060e+02 1 0)
|            ( - -1.319e+05 3 0 WDBNDRY_I 0 1.480e+02 5.622e+02))
|        ( QUESTION0_17_R 1 -1.283e+05 7.290e+02 5.339e+02
|            ( - -4.340e+04 7 0 QUESTION2_19_L -1 2.532e+02 1.869e+02)
|            ( - -8.415e+04 31 0 QUESTION0_15_R 1 2.936e+02 3.470e+02))))
s>    ( QUESTION0_9_R 1 -4.094e+05 1.746e+03 1.696e+03
s>        ( QUESTION14 1 -1.460e+05 1.045e+03 5.992e+02
s>            ( - -2.015e+04 5 0 WDBNDRY_B 0 1.946e+02 8.725e+01)
s>            ( QUESTION0_10_R 1 -1.248e+05 1.109e+03 5.120e+02
s>                ( QUESTION8 -1 -1.067e+05 3.715e+02 4.384e+02
s>                    ( - -1.487e+04 1 0)
s>                    ( - -9.144e+04 5 0 QUESTION2_12_L -1 3.189e+02 3.759e+02))
s>                ( - -1.703e+04 3 0 QUESTION0 -1 1.066e+02 7.358e+01)))
s>        ( QUESTION2_17_L -1 -2.616e+05 1.187e+03 1.097e+03
s>            ( QUESTION0_2_R 1 -1.321e+05 4.473e+02 5.632e+02
s>                ( - 2.060e+02 1 0)
s>                ( - -1.319e+05 3 0 WDBNDRY_I 0 1.480e+02 5.622e+02))
s>            ( QUESTION0_17_R 1 -1.283e+05 7.290e+02 5.339e+02
s>                ( - -4.340e+04 7 0 QUESTION2_19_L -1 2.532e+02 1.869e+02)
s>                ( - -8.415e+04 31 0 QUESTION0_15_R 1 2.936e+02 3.470e+02))))INFO: dtree.c(1315): Comp split 0
INFO: dtree.c(1439): stop. leaf nodes are specific
INFO: dtree.c(1478): Final simple tree
|( QUESTION0_2_R 1 -1.321e+05 4.473e+02 5.632e+02
|    ( - 2.060e+02 1 0)
|    ( WDBNDRY_I 0 -1.319e+05 1.480e+02 5.622e+02
|        ( - -1.121e+03 1 0)
|        ( WDBNDRY_B 0 -1.306e+05 1.338e+02 5.572e+02
|            ( - -1.254e+05 1 0)
|            ( - -5.132e+03 1 0))))
s>    ( QUESTION0_2_R 1 -1.321e+05 4.473e+02 5.632e+02
s>        ( - 2.060e+02 1 0)
s>        ( WDBNDRY_I 0 -1.319e+05 1.480e+02 5.622e+02
s>            ( - -1.121e+03 1 0)
s>            ( WDBNDRY_B 0 -1.306e+05 1.338e+02 5.572e+02
s>                ( - -1.254e+05 1 0)
s>                ( - -5.132e+03 1 0))))INFO: dtree.c(1478): Final simple tree
|( QUESTION15 1 -2.752e+05 9.626e+02 1.133e+03
|    ( QUESTION0_10_R 1 -1.712e+05 1.273e+03 7.059e+02
|        ( QUESTION8 -1 -1.067e+05 3.715e+02 4.384e+02
|            ( - -1.487e+04 1 0)
|            ( QUESTION2_12_L -1 -9.144e+04 3.189e+02 3.759e+02
|                ( - -2.924e+04 1 0)
|                ( - -6.188e+04 4 0 QUESTION11 -1 1.965e+02 2.553e+02)))
|        ( QUESTION0_9_R 1 -6.321e+04 9.361e+02 2.675e+02
|            ( - -1.703e+04 3 0 QUESTION0 -1 1.066e+02 7.358e+01)
|            ( - -4.525e+04 9 0 QUESTION2_19_L -1 2.458e+02 1.939e+02)))
|    ( QUESTION0_9_R 1 -1.031e+05 5.649e+02 4.272e+02
|        ( - -2.015e+04 5 0 WDBNDRY_B 0 1.946e+02 8.725e+01)
|        ( QUESTION0_15_R 1 -8.234e+04 2.812e+02 3.400e+02
|            ( - -1.765e+04 9 0 QUESTION15 -1 3.624e+02 7.377e+01)
|            ( - -6.440e+04 20 0 WDBNDRY_B 0 3.434e+02 2.662e+02))))
s>    ( QUESTION15 1 -2.752e+05 9.626e+02 1.133e+03
s>        ( QUESTION0_10_R 1 -1.712e+05 1.273e+03 7.059e+02
s>            ( QUESTION8 -1 -1.067e+05 3.715e+02 4.384e+02
s>                ( - -1.487e+04 1 0)
s>                ( QUESTION2_12_L -1 -9.144e+04 3.189e+02 3.759e+02
s>                    ( - -2.924e+04 1 0)
s>                    ( - -6.188e+04 4 0 QUESTION11 -1 1.965e+02 2.553e+02)))
s>            ( QUESTION0_9_R 1 -6.321e+04 9.361e+02 2.675e+02
s>                ( - -1.703e+04 3 0 QUESTION0 -1 1.066e+02 7.358e+01)
s>                ( - -4.525e+04 9 0 QUESTION2_19_L -1 2.458e+02 1.939e+02)))
s>        ( QUESTION0_9_R 1 -1.031e+05 5.649e+02 4.272e+02
s>            ( - -2.015e+04 5 0 WDBNDRY_B 0 1.946e+02 8.725e+01)
s>            ( QUESTION0_15_R 1 -8.234e+04 2.812e+02 3.400e+02
s>                ( - -1.765e+04 9 0 QUESTION15 -1 3.624e+02 7.377e+01)
s>                ( - -6.440e+04 20 0 WDBNDRY_B 0 3.434e+02 2.662e+02))))INFO: dtree.c(1315): Comp split 1
INFO: dtree.c(1439): stop. leaf nodes are specific
INFO: dtree.c(1478): Final simple tree
|( QUESTION8 -1 -1.067e+05 3.715e+02 4.384e+02
|    ( - -1.487e+04 1 0)
|    ( QUESTION2_12_L -1 -9.144e+04 3.189e+02 3.759e+02
|        ( - -2.924e+04 1 0)
|        ( QUESTION11 -1 -6.188e+04 1.965e+02 2.553e+02
|            ( - -2.826e+04 1 0)
|            ( QUESTION0 -1 -3.343e+04 1.629e+02 1.381e+02
|                ( - -3.085e+04 1 0)
|                ( WDBNDRY_B 0 -2.418e+03 1.295e+02 1.027e+01
|                    ( - -1.438e+03 1 0)
|                    ( - -8.503e+02 1 0))))))
s>    ( QUESTION8 -1 -1.067e+05 3.715e+02 4.384e+02
s>        ( - -1.487e+04 1 0)
s>        ( QUESTION2_12_L -1 -9.144e+04 3.189e+02 3.759e+02
s>            ( - -2.924e+04 1 0)
s>            ( QUESTION11 -1 -6.188e+04 1.965e+02 2.553e+02
s>                ( - -2.826e+04 1 0)
s>                ( QUESTION0 -1 -3.343e+04 1.629e+02 1.381e+02
s>                    ( - -3.085e+04 1 0)
s>                    ( WDBNDRY_B 0 -2.418e+03 1.295e+02 1.027e+01
s>                        ( - -1.438e+03 1 0)
s>                        ( - -8.503e+02 1 0))))))INFO: dtree.c(1478): Final simple tree
|( QUESTION0_17_R 1 -1.668e+05 8.719e+02 6.947e+02
|    ( QUESTION2_19_L -1 -4.340e+04 2.532e+02 1.869e+02
|        ( - -8.051e+03 2 0)
|        ( - -3.510e+04 5 0 QUESTION14 -1 1.800e+02 1.529e+02))
|    ( QUESTION0_9_R 1 -1.225e+05 7.131e+02 5.078e+02
|        ( QUESTION0_10_R 1 -3.763e+04 4.564e+02 1.608e+02
|            ( - -2.015e+04 5 0 WDBNDRY_B 0 1.946e+02 8.725e+01)
|            ( - -1.703e+04 3 0 QUESTION0 -1 1.066e+02 7.358e+01))
|        ( QUESTION0_15_R 1 -8.415e+04 2.936e+02 3.470e+02
|            ( QUESTION15 -1 -1.819e+04 3.656e+02 7.577e+01
|                ( - -2.502e+03 1 0)
|                ( - -1.533e+04 9 0 QUESTION15 1 1.621e+02 6.477e+01))
|            ( WDBNDRY_B 0 -6.566e+04 3.458e+02 2.712e+02
|                ( - -3.193e+04 12 0 QUESTION12 -1 2.453e+02 1.326e+02)
|                ( - -3.339e+04 9 0 QUESTION0_0_R 1 2.520e+02 1.386e+02)))))
s>    ( QUESTION0_17_R 1 -1.668e+05 8.719e+02 6.947e+02
s>        ( QUESTION2_19_L -1 -4.340e+04 2.532e+02 1.869e+02
s>            ( - -8.051e+03 2 0)
s>            ( - -3.510e+04 5 0 QUESTION14 -1 1.800e+02 1.529e+02))
s>        ( QUESTION0_9_R 1 -1.225e+05 7.131e+02 5.078e+02
s>            ( QUESTION0_10_R 1 -3.763e+04 4.564e+02 1.608e+02
s>                ( - -2.015e+04 5 0 WDBNDRY_B 0 1.946e+02 8.725e+01)
s>                ( - -1.703e+04 3 0 QUESTION0 -1 1.066e+02 7.358e+01))
s>            ( QUESTION0_15_R 1 -8.415e+04 2.936e+02 3.470e+02
s>                ( QUESTION15 -1 -1.819e+04 3.656e+02 7.577e+01
s>                    ( - -2.502e+03 1 0)
s>                    ( - -1.533e+04 9 0 QUESTION15 1 1.621e+02 6.477e+01))
s>                ( WDBNDRY_B 0 -6.566e+04 3.458e+02 2.712e+02
s>                    ( - -3.193e+04 12 0 QUESTION12 -1 2.453e+02 1.326e+02)
s>                    ( - -3.339e+04 9 0 QUESTION0_0_R 1 2.520e+02 1.386e+02)))))INFO: dtree.c(1315): Comp split 2
INFO: dtree.c(1439): stop. leaf nodes are specific
INFO: dtree.c(1478): Final simple tree
|( QUESTION0_11_R 1 -4.038e+04 4.871e+02 1.718e+02
|    ( QUESTION0 -1 -1.703e+04 1.066e+02 7.358e+01
|        ( - -5.834e+03 1 0)
|        ( WDBNDRY_B 0 -1.109e+04 7.997e+01 4.857e+01
|            ( - -8.905e+03 1 0)
|            ( - -2.102e+03 1 0)))
|    ( QUESTION0_9_R 1 -2.287e+04 2.160e+02 9.825e+01
|        ( WDBNDRY_B 0 -2.015e+04 1.946e+02 8.725e+01
|            ( QUESTION0 -1 -1.528e+04 1.508e+02 6.625e+01
|                ( - -7.649e+03 2 0)
|                ( - -7.478e+03 1 0))
|            ( - -4.677e+03 2 0))
|        ( - -2.502e+03 1 0)))
s>    ( QUESTION0_11_R 1 -4.038e+04 4.871e+02 1.718e+02
s>        ( QUESTION0 -1 -1.703e+04 1.066e+02 7.358e+01
s>            ( - -5.834e+03 1 0)
s>            ( WDBNDRY_B 0 -1.109e+04 7.997e+01 4.857e+01
s>                ( - -8.905e+03 1 0)
s>                ( - -2.102e+03 1 0)))
s>        ( QUESTION0_9_R 1 -2.287e+04 2.160e+02 9.825e+01
s>            ( WDBNDRY_B 0 -2.015e+04 1.946e+02 8.725e+01
s>                ( QUESTION0 -1 -1.528e+04 1.508e+02 6.625e+01
s>                    ( - -7.649e+03 2 0)
s>                    ( - -7.478e+03 1 0))
s>                ( - -4.677e+03 2 0))
s>            ( - -2.502e+03 1 0)))INFO: dtree.c(1478): Final simple tree
|( QUESTION0_17_R 1 -1.255e+05 7.146e+02 5.229e+02
|    ( QUESTION2_19_L -1 -4.340e+04 2.532e+02 1.869e+02
|        ( - -8.051e+03 2 0)
|        ( - -3.510e+04 5 0 QUESTION14 -1 1.800e+02 1.529e+02))
|    ( QUESTION0_15_R 1 -8.135e+04 3.697e+02 3.360e+02
|        ( - -1.533e+04 9 0 QUESTION15 1 1.621e+02 6.477e+01)
|        ( WDBNDRY_B 0 -6.566e+04 3.458e+02 2.712e+02
|            ( QUESTION12 -1 -3.193e+04 2.453e+02 1.326e+02
|                ( - -9.616e+02 1 0)
|                ( - -3.072e+04 11 0 QUESTION10 -1 2.179e+02 1.276e+02))
|            ( QUESTION0_0_R 1 -3.339e+04 2.520e+02 1.386e+02
|                ( - -5.742e+03 3 0 QUESTION0_1_R 1 1.378e+02 2.396e+01)
|                ( QUESTION13 -1 -2.739e+04 2.473e+02 1.146e+02
|                    ( - -4.006e+03 1 0)
|                    ( - -2.314e+04 5 0 WDBNDRY_E 0 1.745e+02 9.759e+01))))))
s>    ( QUESTION0_17_R 1 -1.255e+05 7.146e+02 5.229e+02
s>        ( QUESTION2_19_L -1 -4.340e+04 2.532e+02 1.869e+02
s>            ( - -8.051e+03 2 0)
s>            ( - -3.510e+04 5 0 QUESTION14 -1 1.800e+02 1.529e+02))
s>        ( QUESTION0_15_R 1 -8.135e+04 3.697e+02 3.360e+02
s>            ( - -1.533e+04 9 0 QUESTION15 1 1.621e+02 6.477e+01)
s>            ( WDBNDRY_B 0 -6.566e+04 3.458e+02 2.712e+02
s>                ( QUESTION12 -1 -3.193e+04 2.453e+02 1.326e+02
s>                    ( - -9.616e+02 1 0)
s>                    ( - -3.072e+04 11 0 QUESTION10 -1 2.179e+02 1.276e+02))
s>                ( QUESTION0_0_R 1 -3.339e+04 2.520e+02 1.386e+02
s>                    ( - -5.742e+03 3 0 QUESTION0_1_R 1 1.378e+02 2.396e+01)
s>                    ( QUESTION13 -1 -2.739e+04 2.473e+02 1.146e+02
s>                        ( - -4.006e+03 1 0)
s>                        ( - -2.314e+04 5 0 WDBNDRY_E 0 1.745e+02 9.759e+01))))))INFO: dtree.c(1315): Comp split 3
INFO: dtree.c(1439): stop. leaf nodes are specific
INFO: dtree.c(1478): Final simple tree
|( QUESTION2_19_L -1 -4.459e+04 2.487e+02 1.919e+02
|    ( - -8.051e+03 2 0)
|    ( QUESTION0_14_R 1 -3.629e+04 2.313e+02 1.579e+02
|        ( - -9.616e+02 1 0)
|        ( QUESTION14 -1 -3.510e+04 1.800e+02 1.529e+02
|            ( - -2.406e+04 1 0)
|            ( QUESTION0 -1 -1.085e+04 1.475e+02 4.637e+01
|                ( - -5.447e+03 2 0)
|                ( WDBNDRY_B 0 -5.259e+03 8.922e+01 2.299e+01
|                    ( - -3.083e+03 1 0)
|                    ( - -2.087e+03 1 0))))))
s>    ( QUESTION2_19_L -1 -4.459e+04 2.487e+02 1.919e+02
s>        ( - -8.051e+03 2 0)
s>        ( QUESTION0_14_R 1 -3.629e+04 2.313e+02 1.579e+02
s>            ( - -9.616e+02 1 0)
s>            ( QUESTION14 -1 -3.510e+04 1.800e+02 1.529e+02
s>                ( - -2.406e+04 1 0)
s>                ( QUESTION0 -1 -1.085e+04 1.475e+02 4.637e+01
s>                    ( - -5.447e+03 2 0)
s>                    ( WDBNDRY_B 0 -5.259e+03 8.922e+01 2.299e+01
s>                        ( - -3.083e+03 1 0)
s>                        ( - -2.087e+03 1 0))))))INFO: dtree.c(1478): Final simple tree
|( QUESTION0_15_R 1 -8.016e+04 3.681e+02 3.310e+02
|    ( - -1.533e+04 9 0 QUESTION15 1 1.621e+02 6.477e+01)
|    ( WDBNDRY_B 0 -6.447e+04 3.610e+02 2.662e+02
|        ( QUESTION10 -1 -3.072e+04 2.179e+02 1.276e+02
|            ( - -3.860e+03 2 0 QUESTION2_6_L -1 1.316e+02 1.700e+01)
|            ( QUESTION2_12_L -1 -2.664e+04 2.776e+02 1.106e+02
|                ( QUESTION0 -1 -1.750e+04 1.975e+02 7.267e+01
|                    ( - -1.613e+04 5 0 QUESTION0_0_R 1 1.218e+02 6.667e+01)
|                    ( - -1.180e+03 1 0))
|                ( - -8.863e+03 3 0 QUESTION0 -1 1.501e+02 3.796e+01)))
|        ( QUESTION0_0_R 1 -3.339e+04 2.520e+02 1.386e+02
|            ( - -5.742e+03 3 0 QUESTION0_1_R 1 1.378e+02 2.396e+01)
|            ( QUESTION13 -1 -2.739e+04 2.473e+02 1.146e+02
|                ( - -4.006e+03 1 0)
|                ( - -2.314e+04 5 0 WDBNDRY_E 0 1.745e+02 9.759e+01)))))
s>    ( QUESTION0_15_R 1 -8.016e+04 3.681e+02 3.310e+02
s>        ( - -1.533e+04 9 0 QUESTION15 1 1.621e+02 6.477e+01)
s>        ( WDBNDRY_B 0 -6.447e+04 3.610e+02 2.662e+02
s>            ( QUESTION10 -1 -3.072e+04 2.179e+02 1.276e+02
s>                ( - -3.860e+03 2 0 QUESTION2_6_L -1 1.316e+02 1.700e+01)
s>                ( QUESTION2_12_L -1 -2.664e+04 2.776e+02 1.106e+02
s>                    ( QUESTION0 -1 -1.750e+04 1.975e+02 7.267e+01
s>                        ( - -1.613e+04 5 0 QUESTION0_0_R 1 1.218e+02 6.667e+01)
s>                        ( - -1.180e+03 1 0))
s>                    ( - -8.863e+03 3 0 QUESTION0 -1 1.501e+02 3.796e+01)))
s>            ( QUESTION0_0_R 1 -3.339e+04 2.520e+02 1.386e+02
s>                ( - -5.742e+03 3 0 QUESTION0_1_R 1 1.378e+02 2.396e+01)
s>                ( QUESTION13 -1 -2.739e+04 2.473e+02 1.146e+02
s>                    ( - -4.006e+03 1 0)
s>                    ( - -2.314e+04 5 0 WDBNDRY_E 0 1.745e+02 9.759e+01)))))INFO: dtree.c(1315): Comp split 4
INFO: dtree.c(1478): Final simple tree
|( QUESTION0_14_R 1 -3.874e+04 2.754e+02 1.624e+02
|    ( WDBNDRY_E 0 -2.314e+04 1.745e+02 9.759e+01
|        ( - -2.677e+02 1 0)
|        ( QUESTION0 -1 -2.270e+04 1.488e+02 9.559e+01
|            ( - -2.154e+04 3 0)
|            ( - -1.010e+03 1 0)))
|    ( QUESTION15 1 -1.533e+04 1.621e+02 6.477e+01
|        ( - -3.725e+02 1 0)
|        ( WDBNDRY_B 0 -1.479e+04 1.137e+02 6.277e+01
|            ( QUESTION13 -1 -8.739e+03 1.534e+02 3.781e+01
|                ( - -3.154e+02 1 0)
|                ( QUESTION2_0_L -1 -8.270e+03 1.028e+02 3.581e+01
|                    ( - -1.305e+03 1 0)
|                    ( - -6.863e+03 3 0 QUESTION0 1 7.126e+01 2.981e+01)))
|            ( - -5.938e+03 3 0 WDBNDRY_E 0 1.007e+02 2.495e+01))))
s>    ( QUESTION0_14_R 1 -3.874e+04 2.754e+02 1.624e+02
s>        ( WDBNDRY_E 0 -2.314e+04 1.745e+02 9.759e+01
s>            ( - -2.677e+02 1 0)
s>            ( QUESTION0 -1 -2.270e+04 1.488e+02 9.559e+01
s>                ( - -2.154e+04 3 0)
s>                ( - -1.010e+03 1 0)))
s>        ( QUESTION15 1 -1.533e+04 1.621e+02 6.477e+01
s>            ( - -3.725e+02 1 0)
s>            ( WDBNDRY_B 0 -1.479e+04 1.137e+02 6.277e+01
s>                ( QUESTION13 -1 -8.739e+03 1.534e+02 3.781e+01
s>                    ( - -3.154e+02 1 0)
s>                    ( QUESTION2_0_L -1 -8.270e+03 1.028e+02 3.581e+01
s>                        ( - -1.305e+03 1 0)
s>                        ( - -6.863e+03 3 0 QUESTION0 1 7.126e+01 2.981e+01)))
s>                ( - -5.938e+03 3 0 WDBNDRY_E 0 1.007e+02 2.495e+01))))INFO: dtree.c(1478): Final simple tree
|( WDBNDRY_E 0 -4.092e+04 2.644e+02 1.686e+02
|    ( - -5.742e+03 3 0 QUESTION0_1_R 1 1.378e+02 2.396e+01)
|    ( QUESTION2_0_L -1 -3.491e+04 2.355e+02 1.446e+02
|        ( QUESTION2 -1 -2.787e+04 2.210e+02 1.157e+02
|            ( - -1.939e+03 1 0)
|            ( QUESTION15 -1 -2.571e+04 1.992e+02 1.067e+02
|                ( - -1.180e+03 1 0)
|                ( QUESTION0 -1 -2.433e+04 1.956e+02 1.007e+02
|                    ( - -1.613e+04 5 0 QUESTION0_0_R 1 1.218e+02 6.667e+01)
|                    ( WDBNDRY_B 0 -8.009e+03 1.428e+02 3.400e+01
|                        ( - -3.860e+03 2 0 QUESTION2_6_L -1 1.316e+02 1.700e+01)
|                        ( - -4.006e+03 1 0)))))
|        ( QUESTION0 -1 -6.809e+03 1.572e+02 2.896e+01
|            ( - -4.194e+03 1 0)
|            ( - -2.458e+03 1 0))))
s>    ( WDBNDRY_E 0 -4.092e+04 2.644e+02 1.686e+02
s>        ( - -5.742e+03 3 0 QUESTION0_1_R 1 1.378e+02 2.396e+01)
s>        ( QUESTION2_0_L -1 -3.491e+04 2.355e+02 1.446e+02
s>            ( QUESTION2 -1 -2.787e+04 2.210e+02 1.157e+02
s>                ( - -1.939e+03 1 0)
s>                ( QUESTION15 -1 -2.571e+04 1.992e+02 1.067e+02
s>                    ( - -1.180e+03 1 0)
s>                    ( QUESTION0 -1 -2.433e+04 1.956e+02 1.007e+02
s>                        ( - -1.613e+04 5 0 QUESTION0_0_R 1 1.218e+02 6.667e+01)
s>                        ( WDBNDRY_B 0 -8.009e+03 1.428e+02 3.400e+01
s>                            ( - -3.860e+03 2 0 QUESTION2_6_L -1 1.316e+02 1.700e+01)
s>                            ( - -4.006e+03 1 0)))))
s>            ( QUESTION0 -1 -6.809e+03 1.572e+02 2.896e+01
s>                ( - -4.194e+03 1 0)
s>                ( - -2.458e+03 1 0))))INFO: dtree.c(1315): Comp split 5
INFO: dtree.c(1439): stop. leaf nodes are specific
INFO: dtree.c(1478): Final simple tree
|( QUESTION0 -1 -1.703e+04 1.066e+02 7.358e+01
|    ( - -5.834e+03 1 0)
|    ( WDBNDRY_B 0 -1.109e+04 7.997e+01 4.857e+01
|        ( - -8.905e+03 1 0)
|        ( - -2.102e+03 1 0)))
s>    ( QUESTION0 -1 -1.703e+04 1.066e+02 7.358e+01
s>        ( - -5.834e+03 1 0)
s>        ( WDBNDRY_B 0 -1.109e+04 7.997e+01 4.857e+01
s>            ( - -8.905e+03 1 0)
s>            ( - -2.102e+03 1 0)))INFO: dtree.c(1439): stop. leaf nodes are specific
INFO: dtree.c(1478): Final simple tree
|( QUESTION0_9_R 1 -2.287e+04 2.160e+02 9.825e+01
|    ( WDBNDRY_B 0 -2.015e+04 1.946e+02 8.725e+01
|        ( QUESTION0 -1 -1.528e+04 1.508e+02 6.625e+01
|            ( - -7.649e+03 2 0)
|            ( - -7.478e+03 1 0))
|        ( - -4.677e+03 2 0))
|    ( - -2.502e+03 1 0))
s>    ( QUESTION0_9_R 1 -2.287e+04 2.160e+02 9.825e+01
s>        ( WDBNDRY_B 0 -2.015e+04 1.946e+02 8.725e+01
s>            ( QUESTION0 -1 -1.528e+04 1.508e+02 6.625e+01
s>                ( - -7.649e+03 2 0)
s>                ( - -7.478e+03 1 0))
s>            ( - -4.677e+03 2 0))
s>        ( - -2.502e+03 1 0))INFO: dtree.c(1315): Comp split 6
INFO: dtree.c(1439): stop. leaf nodes are specific
INFO: dtree.c(1478): Final simple tree
|( WDBNDRY_I 0 -1.319e+05 1.480e+02 5.622e+02
|    ( - -1.121e+03 1 0)
|    ( WDBNDRY_B 0 -1.306e+05 1.338e+02 5.572e+02
|        ( - -1.254e+05 1 0)
|        ( - -5.132e+03 1 0)))
s>    ( WDBNDRY_I 0 -1.319e+05 1.480e+02 5.622e+02
s>        ( - -1.121e+03 1 0)
s>        ( WDBNDRY_B 0 -1.306e+05 1.338e+02 5.572e+02
s>            ( - -1.254e+05 1 0)
s>            ( - -5.132e+03 1 0)))INFO: dtree.c(1315): Comp split 7
INFO: dtree.c(1439): stop. leaf nodes are specific
INFO: dtree.c(1478): Final simple tree
|( QUESTION2_12_L -1 -9.144e+04 3.189e+02 3.759e+02
|    ( - -2.924e+04 1 0)
|    ( QUESTION11 -1 -6.188e+04 1.965e+02 2.553e+02
|        ( - -2.826e+04 1 0)
|        ( QUESTION0 -1 -3.343e+04 1.629e+02 1.381e+02
|            ( - -3.085e+04 1 0)
|            ( WDBNDRY_B 0 -2.418e+03 1.295e+02 1.027e+01
|                ( - -1.438e+03 1 0)
|                ( - -8.503e+02 1 0)))))
s>    ( QUESTION2_12_L -1 -9.144e+04 3.189e+02 3.759e+02
s>        ( - -2.924e+04 1 0)
s>        ( QUESTION11 -1 -6.188e+04 1.965e+02 2.553e+02
s>            ( - -2.826e+04 1 0)
s>            ( QUESTION0 -1 -3.343e+04 1.629e+02 1.381e+02
s>                ( - -3.085e+04 1 0)
s>                ( WDBNDRY_B 0 -2.418e+03 1.295e+02 1.027e+01
s>                    ( - -1.438e+03 1 0)
s>                    ( - -8.503e+02 1 0)))))INFO: dtree.c(1315): Comp split 8
INFO: dtree.c(1478): Final simple tree
|( WDBNDRY_E 0 -3.170e+04 2.533e+02 1.306e+02
|    ( QUESTION0_1_R 1 -5.742e+03 1.378e+02 2.396e+01
|        ( - -2.988e+03 1 0)
|        ( QUESTION0 -1 -2.616e+03 4.970e+02 1.101e+01
|            ( - 2.418e+02 1 0)
|            ( - -2.361e+03 1 0)))
|    ( QUESTION15 -1 -2.571e+04 1.992e+02 1.067e+02
|        ( - -1.180e+03 1 0)
|        ( QUESTION0 -1 -2.433e+04 1.956e+02 1.007e+02
|            ( - -1.613e+04 5 0 QUESTION0_0_R 1 1.218e+02 6.667e+01)
|            ( WDBNDRY_B 0 -8.009e+03 1.428e+02 3.400e+01
|                ( QUESTION2_6_L -1 -3.860e+03 1.316e+02 1.700e+01
|                    ( - -2.000e+03 1 0)
|                    ( - -1.728e+03 1 0))
|                ( - -4.006e+03 1 0)))))
s>    ( WDBNDRY_E 0 -3.170e+04 2.533e+02 1.306e+02
s>        ( QUESTION0_1_R 1 -5.742e+03 1.378e+02 2.396e+01
s>            ( - -2.988e+03 1 0)
s>            ( QUESTION0 -1 -2.616e+03 4.970e+02 1.101e+01
s>                ( - 2.418e+02 1 0)
s>                ( - -2.361e+03 1 0)))
s>        ( QUESTION15 -1 -2.571e+04 1.992e+02 1.067e+02
s>            ( - -1.180e+03 1 0)
s>            ( QUESTION0 -1 -2.433e+04 1.956e+02 1.007e+02
s>                ( - -1.613e+04 5 0 QUESTION0_0_R 1 1.218e+02 6.667e+01)
s>                ( WDBNDRY_B 0 -8.009e+03 1.428e+02 3.400e+01
s>                    ( QUESTION2_6_L -1 -3.860e+03 1.316e+02 1.700e+01
s>                        ( - -2.000e+03 1 0)
s>                        ( - -1.728e+03 1 0))
s>                    ( - -4.006e+03 1 0)))))INFO: dtree.c(1439): stop. leaf nodes are specific
INFO: dtree.c(1478): Final simple tree
|( QUESTION0 -1 -8.863e+03 1.501e+02 3.796e+01
|    ( - -4.194e+03 1 0)
|    ( QUESTION2 -1 -4.519e+03 1.217e+02 2.000e+01
|        ( - -1.939e+03 1 0)
|        ( - -2.458e+03 1 0)))
s>    ( QUESTION0 -1 -8.863e+03 1.501e+02 3.796e+01
s>        ( - -4.194e+03 1 0)
s>        ( QUESTION2 -1 -4.519e+03 1.217e+02 2.000e+01
s>            ( - -1.939e+03 1 0)
s>            ( - -2.458e+03 1 0)))INFO: dtree.c(1315): Comp split 9
INFO: dtree.c(1478): Final simple tree
|( WDBNDRY_E 0 -3.145e+04 2.497e+02 1.296e+02
|    ( QUESTION0_1_R 1 -5.494e+03 1.446e+02 2.296e+01
|        ( - -2.988e+03 1 0)
|        ( - -2.361e+03 1 0))
|    ( QUESTION15 -1 -2.571e+04 1.992e+02 1.067e+02
|        ( - -1.180e+03 1 0)
|        ( QUESTION0 -1 -2.433e+04 1.956e+02 1.007e+02
|            ( QUESTION0_0_R 1 -1.613e+04 1.218e+02 6.667e+01
|                ( - -1.126e+03 1 0)
|                ( - -1.488e+04 4 0))
|            ( WDBNDRY_B 0 -8.009e+03 1.428e+02 3.400e+01
|                ( QUESTION2_6_L -1 -3.860e+03 1.316e+02 1.700e+01
|                    ( - -2.000e+03 1 0)
|                    ( - -1.728e+03 1 0))
|                ( - -4.006e+03 1 0)))))
s>    ( WDBNDRY_E 0 -3.145e+04 2.497e+02 1.296e+02
s>        ( QUESTION0_1_R 1 -5.494e+03 1.446e+02 2.296e+01
s>            ( - -2.988e+03 1 0)
s>            ( - -2.361e+03 1 0))
s>        ( QUESTION15 -1 -2.571e+04 1.992e+02 1.067e+02
s>            ( - -1.180e+03 1 0)
s>            ( QUESTION0 -1 -2.433e+04 1.956e+02 1.007e+02
s>                ( QUESTION0_0_R 1 -1.613e+04 1.218e+02 6.667e+01
s>                    ( - -1.126e+03 1 0)
s>                    ( - -1.488e+04 4 0))
s>                ( WDBNDRY_B 0 -8.009e+03 1.428e+02 3.400e+01
s>                    ( QUESTION2_6_L -1 -3.860e+03 1.316e+02 1.700e+01
s>                        ( - -2.000e+03 1 0)
s>                        ( - -1.728e+03 1 0))
s>                    ( - -4.006e+03 1 0)))))INFO: dtree.c(1315): Comp split 10
INFO: dtree.c(1439): stop. leaf nodes are specific
INFO: dtree.c(1478): Final simple tree
|( QUESTION11 -1 -6.188e+04 1.965e+02 2.553e+02
|    ( - -2.826e+04 1 0)
|    ( QUESTION0 -1 -3.343e+04 1.629e+02 1.381e+02
|        ( - -3.085e+04 1 0)
|        ( WDBNDRY_B 0 -2.418e+03 1.295e+02 1.027e+01
|            ( - -1.438e+03 1 0)
|            ( - -8.503e+02 1 0))))
s>    ( QUESTION11 -1 -6.188e+04 1.965e+02 2.553e+02
s>        ( - -2.826e+04 1 0)
s>        ( QUESTION0 -1 -3.343e+04 1.629e+02 1.381e+02
s>            ( - -3.085e+04 1 0)
s>            ( WDBNDRY_B 0 -2.418e+03 1.295e+02 1.027e+01
s>                ( - -1.438e+03 1 0)
s>                ( - -8.503e+02 1 0))))INFO: dtree.c(1315): Comp split 11
INFO: dtree.c(1478): Final simple tree
|( QUESTION15 1 -1.533e+04 1.621e+02 6.477e+01
|    ( - -3.725e+02 1 0)
|    ( WDBNDRY_B 0 -1.479e+04 1.137e+02 6.277e+01
|        ( QUESTION13 -1 -8.739e+03 1.534e+02 3.781e+01
|            ( - -3.154e+02 1 0)
|            ( QUESTION2_0_L -1 -8.270e+03 1.028e+02 3.581e+01
|                ( - -1.305e+03 1 0)
|                ( QUESTION0 1 -6.863e+03 7.126e+01 2.981e+01
|                    ( - -1.736e+03 1 0)
|                    ( QUESTION0 -1 -5.056e+03 7.747e+01 2.181e+01
|                        ( - -2.321e+03 1 0)
|                        ( - -2.657e+03 1 0)))))
|        ( WDBNDRY_E 0 -5.938e+03 1.007e+02 2.495e+01
|            ( - -3.015e+03 1 0)
|            ( - -2.823e+03 2 0))))
s>    ( QUESTION15 1 -1.533e+04 1.621e+02 6.477e+01
s>        ( - -3.725e+02 1 0)
s>        ( WDBNDRY_B 0 -1.479e+04 1.137e+02 6.277e+01
s>            ( QUESTION13 -1 -8.739e+03 1.534e+02 3.781e+01
s>                ( - -3.154e+02 1 0)
s>                ( QUESTION2_0_L -1 -8.270e+03 1.028e+02 3.581e+01
s>                    ( - -1.305e+03 1 0)
s>                    ( QUESTION0 1 -6.863e+03 7.126e+01 2.981e+01
s>                        ( - -1.736e+03 1 0)
s>                        ( QUESTION0 -1 -5.056e+03 7.747e+01 2.181e+01
s>                            ( - -2.321e+03 1 0)
s>                            ( - -2.657e+03 1 0)))))
s>            ( WDBNDRY_E 0 -5.938e+03 1.007e+02 2.495e+01
s>                ( - -3.015e+03 1 0)
s>                ( - -2.823e+03 2 0))))INFO: dtree.c(1439): stop. leaf nodes are specific
INFO: dtree.c(1478): Final simple tree
|( WDBNDRY_E 0 -2.314e+04 1.745e+02 9.759e+01
|    ( - -2.677e+02 1 0)
|    ( QUESTION0 -1 -2.270e+04 1.488e+02 9.559e+01
|        ( - -2.154e+04 3 0)
|        ( - -1.010e+03 1 0)))
s>    ( WDBNDRY_E 0 -2.314e+04 1.745e+02 9.759e+01
s>        ( - -2.677e+02 1 0)
s>        ( QUESTION0 -1 -2.270e+04 1.488e+02 9.559e+01
s>            ( - -2.154e+04 3 0)
s>            ( - -1.010e+03 1 0)))INFO: dtree.c(1315): Comp split 12
INFO: dtree.c(1439): stop. leaf nodes are specific
INFO: dtree.c(1478): Final simple tree
|( QUESTION14 -1 -3.510e+04 1.800e+02 1.529e+02
|    ( - -2.406e+04 1 0)
|    ( QUESTION0 -1 -1.085e+04 1.475e+02 4.637e+01
|        ( - -5.447e+03 2 0)
|        ( WDBNDRY_B 0 -5.259e+03 8.922e+01 2.299e+01
|            ( - -3.083e+03 1 0)
|            ( - -2.087e+03 1 0))))
s>    ( QUESTION14 -1 -3.510e+04 1.800e+02 1.529e+02
s>        ( - -2.406e+04 1 0)
s>        ( QUESTION0 -1 -1.085e+04 1.475e+02 4.637e+01
s>            ( - -5.447e+03 2 0)
s>            ( WDBNDRY_B 0 -5.259e+03 8.922e+01 2.299e+01
s>                ( - -3.083e+03 1 0)
s>                ( - -2.087e+03 1 0))))INFO: dtree.c(1439): stop. leaf nodes are specific
INFO: dtree.c(1478): Final simple tree
|( WDBNDRY_B 0 -9.242e+03 2.290e+02 3.907e+01
|    ( - -9.616e+02 1 0)
|    ( - -8.051e+03 2 0))
s>    ( WDBNDRY_B 0 -9.242e+03 2.290e+02 3.907e+01
s>        ( - -9.616e+02 1 0)
s>        ( - -8.051e+03 2 0))INFO: dtree.c(1315): Comp split 13
INFO: dtree.c(1439): stop. leaf nodes are specific
INFO: dtree.c(1478): Final simple tree
|( QUESTION15 -1 -2.571e+04 1.992e+02 1.067e+02
|    ( - -1.180e+03 1 0)
|    ( QUESTION0 -1 -2.433e+04 1.956e+02 1.007e+02
|        ( QUESTION0_0_R 1 -1.613e+04 1.218e+02 6.667e+01
|            ( - -1.126e+03 1 0)
|            ( - -1.488e+04 4 0))
|        ( WDBNDRY_B 0 -8.009e+03 1.428e+02 3.400e+01
|            ( QUESTION2_6_L -1 -3.860e+03 1.316e+02 1.700e+01
|                ( - -2.000e+03 1 0)
|                ( - -1.728e+03 1 0))
|            ( - -4.006e+03 1 0))))
s>    ( QUESTION15 -1 -2.571e+04 1.992e+02 1.067e+02
s>        ( - -1.180e+03 1 0)
s>        ( QUESTION0 -1 -2.433e+04 1.956e+02 1.007e+02
s>            ( QUESTION0_0_R 1 -1.613e+04 1.218e+02 6.667e+01
s>                ( - -1.126e+03 1 0)
s>                ( - -1.488e+04 4 0))
s>            ( WDBNDRY_B 0 -8.009e+03 1.428e+02 3.400e+01
s>                ( QUESTION2_6_L -1 -3.860e+03 1.316e+02 1.700e+01
s>                    ( - -2.000e+03 1 0)
s>                    ( - -1.728e+03 1 0))
s>                ( - -4.006e+03 1 0))))INFO: dtree.c(1439): stop. leaf nodes are specific
INFO: dtree.c(1478): Final simple tree
|( QUESTION0_1_R 1 -5.494e+03 1.446e+02 2.296e+01
|    ( - -2.988e+03 1 0)
|    ( - -2.361e+03 1 0))
s>    ( QUESTION0_1_R 1 -5.494e+03 1.446e+02 2.296e+01
s>        ( - -2.988e+03 1 0)
s>        ( - -2.361e+03 1 0))INFO: dtree.c(1315): Comp split 14
INFO: dtree.c(1315): Comp split 15
INFO: dtree.c(1439): stop. leaf nodes are specific
INFO: dtree.c(1478): Final simple tree
|( WDBNDRY_B 0 -2.015e+04 1.946e+02 8.725e+01
|    ( QUESTION0 -1 -1.528e+04 1.508e+02 6.625e+01
|        ( - -7.649e+03 2 0)
|        ( - -7.478e+03 1 0))
|    ( - -4.677e+03 2 0))
s>    ( WDBNDRY_B 0 -2.015e+04 1.946e+02 8.725e+01
s>        ( QUESTION0 -1 -1.528e+04 1.508e+02 6.625e+01
s>            ( - -7.649e+03 2 0)
s>            ( - -7.478e+03 1 0))
s>        ( - -4.677e+03 2 0))INFO: dtree.c(1315): Comp split 16
INFO: dtree.c(1439): stop. leaf nodes are specific
INFO: dtree.c(1478): Final simple tree
|( QUESTION0 -1 -2.433e+04 1.956e+02 1.007e+02
|    ( QUESTION0_0_R 1 -1.613e+04 1.218e+02 6.667e+01
|        ( - -1.126e+03 1 0)
|        ( - -1.488e+04 4 0))
|    ( WDBNDRY_B 0 -8.009e+03 1.428e+02 3.400e+01
|        ( QUESTION2_6_L -1 -3.860e+03 1.316e+02 1.700e+01
|            ( - -2.000e+03 1 0)
|            ( - -1.728e+03 1 0))
|        ( - -4.006e+03 1 0)))
s>    ( QUESTION0 -1 -2.433e+04 1.956e+02 1.007e+02
s>        ( QUESTION0_0_R 1 -1.613e+04 1.218e+02 6.667e+01
s>            ( - -1.126e+03 1 0)
s>            ( - -1.488e+04 4 0))
s>        ( WDBNDRY_B 0 -8.009e+03 1.428e+02 3.400e+01
s>            ( QUESTION2_6_L -1 -3.860e+03 1.316e+02 1.700e+01
s>                ( - -2.000e+03 1 0)
s>                ( - -1.728e+03 1 0))
s>            ( - -4.006e+03 1 0)))INFO: dtree.c(1315): Comp split 17
INFO: dtree.c(1439): stop. leaf nodes are specific
INFO: dtree.c(1478): Final simple tree
|( QUESTION0 -1 -3.343e+04 1.629e+02 1.381e+02
|    ( - -3.085e+04 1 0)
|    ( WDBNDRY_B 0 -2.418e+03 1.295e+02 1.027e+01
|        ( - -1.438e+03 1 0)
|        ( - -8.503e+02 1 0)))
s>    ( QUESTION0 -1 -3.343e+04 1.629e+02 1.381e+02
s>        ( - -3.085e+04 1 0)
s>        ( WDBNDRY_B 0 -2.418e+03 1.295e+02 1.027e+01
s>            ( - -1.438e+03 1 0)
s>            ( - -8.503e+02 1 0)))INFO: dtree.c(1315): Comp split 18
INFO: dtree.c(1439): stop. leaf nodes are specific
INFO: dtree.c(1478): Final simple tree
|( WDBNDRY_B 0 -8.009e+03 1.428e+02 3.400e+01
|    ( QUESTION2_6_L -1 -3.860e+03 1.316e+02 1.700e+01
|        ( - -2.000e+03 1 0)
|        ( - -1.728e+03 1 0))
|    ( - -4.006e+03 1 0))
s>    ( WDBNDRY_B 0 -8.009e+03 1.428e+02 3.400e+01
s>        ( QUESTION2_6_L -1 -3.860e+03 1.316e+02 1.700e+01
s>            ( - -2.000e+03 1 0)
s>            ( - -1.728e+03 1 0))
s>        ( - -4.006e+03 1 0))INFO: dtree.c(1439): stop. leaf nodes are specific
INFO: dtree.c(1478): Final simple tree
|( QUESTION0_0_R 1 -1.613e+04 1.218e+02 6.667e+01
|    ( - -1.126e+03 1 0)
|    ( - -1.488e+04 4 0))
s>    ( QUESTION0_0_R 1 -1.613e+04 1.218e+02 6.667e+01
s>        ( - -1.126e+03 1 0)
s>        ( - -1.488e+04 4 0))INFO: dtree.c(1315): Comp split 19
INFO: dtree.c(1439): stop. leaf nodes are specific
INFO: dtree.c(1478): Final simple tree
|( QUESTION0 -1 -1.528e+04 1.508e+02 6.625e+01
|    ( - -7.649e+03 2 0)
|    ( - -7.478e+03 1 0))
s>    ( QUESTION0 -1 -1.528e+04 1.508e+02 6.625e+01
s>        ( - -7.649e+03 2 0)
s>        ( - -7.478e+03 1 0))INFO: dtree.c(1315): Comp split 20
INFO: dtree.c(1439): stop. leaf nodes are specific
INFO: dtree.c(1478): Final simple tree
|( QUESTION0 -1 -1.085e+04 1.475e+02 4.637e+01
|    ( - -5.447e+03 2 0)
|    ( WDBNDRY_B 0 -5.259e+03 8.922e+01 2.299e+01
|        ( - -3.083e+03 1 0)
|        ( - -2.087e+03 1 0)))
s>    ( QUESTION0 -1 -1.085e+04 1.475e+02 4.637e+01
s>        ( - -5.447e+03 2 0)
s>        ( WDBNDRY_B 0 -5.259e+03 8.922e+01 2.299e+01
s>            ( - -3.083e+03 1 0)
s>            ( - -2.087e+03 1 0)))INFO: dtree.c(1315): Comp split 21
INFO: dtree.c(1439): stop. leaf nodes are specific
INFO: dtree.c(1478): Final simple tree
|( QUESTION0 -1 -2.270e+04 1.488e+02 9.559e+01
|    ( - -2.154e+04 3 0)
|    ( - -1.010e+03 1 0))
s>    ( QUESTION0 -1 -2.270e+04 1.488e+02 9.559e+01
s>        ( - -2.154e+04 3 0)
s>        ( - -1.010e+03 1 0))INFO: dtree.c(1315): Comp split 22
INFO: dtree.c(1439): stop. leaf nodes are specific
INFO: dtree.c(1478): Final simple tree
|( WDBNDRY_B 0 -2.418e+03 1.295e+02 1.027e+01
|    ( - -1.438e+03 1 0)
|    ( - -8.503e+02 1 0))
s>    ( WDBNDRY_B 0 -2.418e+03 1.295e+02 1.027e+01
s>        ( - -1.438e+03 1 0)
s>        ( - -8.503e+02 1 0))INFO: dtree.c(1315): Comp split 23
INFO: dtree.c(1439): stop. leaf nodes are specific
INFO: dtree.c(1478): Final simple tree
|( WDBNDRY_B 0 -1.479e+04 1.137e+02 6.277e+01
|    ( QUESTION13 -1 -8.739e+03 1.534e+02 3.781e+01
|        ( - -3.154e+02 1 0)
|        ( QUESTION2_0_L -1 -8.270e+03 1.028e+02 3.581e+01
|            ( - -1.305e+03 1 0)
|            ( QUESTION0 1 -6.863e+03 7.126e+01 2.981e+01
|                ( - -1.736e+03 1 0)
|                ( QUESTION0 -1 -5.056e+03 7.747e+01 2.181e+01
|                    ( - -2.321e+03 1 0)
|                    ( - -2.657e+03 1 0)))))
|    ( WDBNDRY_E 0 -5.938e+03 1.007e+02 2.495e+01
|        ( - -3.015e+03 1 0)
|        ( - -2.823e+03 2 0)))
s>    ( WDBNDRY_B 0 -1.479e+04 1.137e+02 6.277e+01
s>        ( QUESTION13 -1 -8.739e+03 1.534e+02 3.781e+01
s>            ( - -3.154e+02 1 0)
s>            ( QUESTION2_0_L -1 -8.270e+03 1.028e+02 3.581e+01
s>                ( - -1.305e+03 1 0)
s>                ( QUESTION0 1 -6.863e+03 7.126e+01 2.981e+01
s>                    ( - -1.736e+03 1 0)
s>                    ( QUESTION0 -1 -5.056e+03 7.747e+01 2.181e+01
s>                        ( - -2.321e+03 1 0)
s>                        ( - -2.657e+03 1 0)))))
s>        ( WDBNDRY_E 0 -5.938e+03 1.007e+02 2.495e+01
s>            ( - -3.015e+03 1 0)
s>            ( - -2.823e+03 2 0)))INFO: dtree.c(1315): Comp split 24
INFO: dtree.c(1315): Comp split 25
INFO: dtree.c(1439): stop. leaf nodes are specific
INFO: dtree.c(1478): Final simple tree
|( QUESTION2 -1 -4.519e+03 1.217e+02 2.000e+01
|    ( - -1.939e+03 1 0)
|    ( - -2.458e+03 1 0))
s>    ( QUESTION2 -1 -4.519e+03 1.217e+02 2.000e+01
s>        ( - -1.939e+03 1 0)
s>        ( - -2.458e+03 1 0))INFO: dtree.c(1315): Comp split 26
INFO: dtree.c(1439): stop. leaf nodes are specific
INFO: dtree.c(1478): Final simple tree
|( WDBNDRY_B 0 -1.433e+04 1.180e+02 6.077e+01
|    ( QUESTION2_0_L -1 -8.270e+03 1.028e+02 3.581e+01
|        ( - -1.305e+03 1 0)
|        ( QUESTION0 1 -6.863e+03 7.126e+01 2.981e+01
|            ( - -1.736e+03 1 0)
|            ( QUESTION0 -1 -5.056e+03 7.747e+01 2.181e+01
|                ( - -2.321e+03 1 0)
|                ( - -2.657e+03 1 0))))
|    ( WDBNDRY_E 0 -5.938e+03 1.007e+02 2.495e+01
|        ( - -3.015e+03 1 0)
|        ( - -2.823e+03 2 0)))
s>    ( WDBNDRY_B 0 -1.433e+04 1.180e+02 6.077e+01
s>        ( QUESTION2_0_L -1 -8.270e+03 1.028e+02 3.581e+01
s>            ( - -1.305e+03 1 0)
s>            ( QUESTION0 1 -6.863e+03 7.126e+01 2.981e+01
s>                ( - -1.736e+03 1 0)
s>                ( QUESTION0 -1 -5.056e+03 7.747e+01 2.181e+01
s>                    ( - -2.321e+03 1 0)
s>                    ( - -2.657e+03 1 0))))
s>        ( WDBNDRY_E 0 -5.938e+03 1.007e+02 2.495e+01
s>            ( - -3.015e+03 1 0)
s>            ( - -2.823e+03 2 0)))INFO: dtree.c(1315): Comp split 27
INFO: dtree.c(1315): Comp split 28
INFO: dtree.c(1439): stop. leaf nodes are specific
INFO: dtree.c(1478): Final simple tree
|( WDBNDRY_B 0 -1.306e+05 1.338e+02 5.572e+02
|    ( - -1.254e+05 1 0)
|    ( - -5.132e+03 1 0))
s>    ( WDBNDRY_B 0 -1.306e+05 1.338e+02 5.572e+02
s>        ( - -1.254e+05 1 0)
s>        ( - -5.132e+03 1 0))INFO: dtree.c(1315): Comp split 29
INFO: dtree.c(1439): stop. leaf nodes are specific
INFO: dtree.c(1478): Final simple tree
|( WDBNDRY_B 0 -5.259e+03 8.922e+01 2.299e+01
|    ( - -3.083e+03 1 0)
|    ( - -2.087e+03 1 0))
s>    ( WDBNDRY_B 0 -5.259e+03 8.922e+01 2.299e+01
s>        ( - -3.083e+03 1 0)
s>        ( - -2.087e+03 1 0))INFO: dtree.c(1315): Comp split 30
INFO: dtree.c(1315): Comp split 31
INFO: dtree.c(1439): stop. leaf nodes are specific
INFO: dtree.c(1478): Final simple tree
|( QUESTION2_6_L -1 -3.860e+03 1.316e+02 1.700e+01
|    ( - -2.000e+03 1 0)
|    ( - -1.728e+03 1 0))
s>    ( QUESTION2_6_L -1 -3.860e+03 1.316e+02 1.700e+01
s>        ( - -2.000e+03 1 0)
s>        ( - -1.728e+03 1 0))INFO: dtree.c(1315): Comp split 32
INFO: dtree.c(1315): Comp split 33
INFO: dtree.c(1315): Comp split 34
INFO: dtree.c(1315): Comp split 35
INFO: dtree.c(1315): Comp split 36
INFO: dtree.c(1315): Comp split 37
INFO: dtree.c(1439): stop. leaf nodes are specific
INFO: dtree.c(1478): Final simple tree
|( WDBNDRY_E 0 -5.938e+03 1.007e+02 2.495e+01
|    ( - -3.015e+03 1 0)
|    ( - -2.823e+03 2 0))
s>    ( WDBNDRY_E 0 -5.938e+03 1.007e+02 2.495e+01
s>        ( - -3.015e+03 1 0)
s>        ( - -2.823e+03 2 0))INFO: dtree.c(1439): stop. leaf nodes are specific
INFO: dtree.c(1478): Final simple tree
|( QUESTION2_0_L -1 -8.270e+03 1.028e+02 3.581e+01
|    ( - -1.305e+03 1 0)
|    ( QUESTION0 1 -6.863e+03 7.126e+01 2.981e+01
|        ( - -1.736e+03 1 0)
|        ( QUESTION0 -1 -5.056e+03 7.747e+01 2.181e+01
|            ( - -2.321e+03 1 0)
|            ( - -2.657e+03 1 0))))
s>    ( QUESTION2_0_L -1 -8.270e+03 1.028e+02 3.581e+01
s>        ( - -1.305e+03 1 0)
s>        ( QUESTION0 1 -6.863e+03 7.126e+01 2.981e+01
s>            ( - -1.736e+03 1 0)
s>            ( QUESTION0 -1 -5.056e+03 7.747e+01 2.181e+01
s>                ( - -2.321e+03 1 0)
s>                ( - -2.657e+03 1 0))))INFO: dtree.c(1315): Comp split 38
INFO: dtree.c(1439): stop. leaf nodes are specific
INFO: dtree.c(1478): Final simple tree
|( WDBNDRY_B 0 -1.109e+04 7.997e+01 4.857e+01
|    ( - -8.905e+03 1 0)
|    ( - -2.102e+03 1 0))
s>    ( WDBNDRY_B 0 -1.109e+04 7.997e+01 4.857e+01
s>        ( - -8.905e+03 1 0)
s>        ( - -2.102e+03 1 0))INFO: dtree.c(1315): Comp split 39
INFO: dtree.c(1439): stop. leaf nodes are specific
INFO: dtree.c(1478): Final simple tree
|( QUESTION0 1 -6.863e+03 7.126e+01 2.981e+01
|    ( - -1.736e+03 1 0)
|    ( QUESTION0 -1 -5.056e+03 7.747e+01 2.181e+01
|        ( - -2.321e+03 1 0)
|        ( - -2.657e+03 1 0)))
s>    ( QUESTION0 1 -6.863e+03 7.126e+01 2.981e+01
s>        ( - -1.736e+03 1 0)
s>        ( QUESTION0 -1 -5.056e+03 7.747e+01 2.181e+01
s>            ( - -2.321e+03 1 0)
s>            ( - -2.657e+03 1 0)))INFO: dtree.c(1315): Comp split 40
INFO: dtree.c(1315): Comp split 41
INFO: dtree.c(1315): Comp split 42
INFO: dtree.c(1439): stop. leaf nodes are specific
INFO: dtree.c(1478): Final simple tree
|( QUESTION0 -1 -4.460e+03 6.704e+01 1.981e+01
|    ( - -1.736e+03 1 0)
|    ( - -2.657e+03 1 0))
s>    ( QUESTION0 -1 -4.460e+03 6.704e+01 1.981e+01
s>        ( - -1.736e+03 1 0)
s>        ( - -2.657e+03 1 0))INFO: dtree.c(1315): Comp split 43
INFO: dtree.c(1315): Comp split 44
INFO: dtree.c(1315): Comp split 45
INFO: dtree.c(1318): stop. leaf nodes are specific
Fri Jan  6 22:28:08 2023
