Current configuration:
[NAME]		[DEFLT]	[VALUE]
-allphones	no	no
-cntthresh	0.00001	1.000000e-05
-csplitmax	100	2000
-csplitmin	1	1
-csplitthr	8e-4	0.000000e+00
-example	no	no
-fullvar	no	no
-help		no	no
-meanfn			/mnt/c/users/robin/onedrive/desktop/cmu/Cebuano/model_parameters/Cebuano.cd_cont_untied/means
-mixwfn			/mnt/c/users/robin/onedrive/desktop/cmu/Cebuano/model_parameters/Cebuano.cd_cont_untied/mixture_weights
-moddeffn		/mnt/c/users/robin/onedrive/desktop/cmu/Cebuano/model_architecture/Cebuano.untied.mdef
-mwfloor	1e-4	1.000000e-08
-phone			HH
-psetfn			/mnt/c/users/robin/onedrive/desktop/cmu/Cebuano/model_architecture/Cebuano.tree_questions
-ssplitmax	5	7
-ssplitmin	1	1
-ssplitthr	8e-4	0.000000e+00
-state			2
-stwt			1.0,0.05,0.0,
-treefn			/mnt/c/users/robin/onedrive/desktop/cmu/Cebuano/trees/Cebuano.unpruned/HH-2.dtree
-ts2cbfn	.semi.	.cont.
-varfloor	0.00001	1.000000e-05
-varfn			/mnt/c/users/robin/onedrive/desktop/cmu/Cebuano/model_parameters/Cebuano.cd_cont_untied/variances

INFO: main.c(223): Reading: /mnt/c/users/robin/onedrive/desktop/cmu/Cebuano/model_architecture/Cebuano.untied.mdef
INFO: model_def_io.c(573): Model definition info:
INFO: model_def_io.c(574): 7744 total models defined (40 base, 7704 tri)
INFO: model_def_io.c(575): 30976 total states
INFO: model_def_io.c(576): 23232 total tied states
INFO: model_def_io.c(577): 120 total tied CI states
INFO: model_def_io.c(578): 40 total tied transition matrices
INFO: model_def_io.c(579): 4 max state/model
INFO: model_def_io.c(580): 4 min state/model
INFO: main.c(242): Building trees for [HH AA AA b] through [HH Z AE b]
INFO: main.c(268): Covering states |[9609 9974]| == 366
INFO: main.c(275): Reading: /mnt/c/users/robin/onedrive/desktop/cmu/Cebuano/model_parameters/Cebuano.cd_cont_untied/mixture_weights
INFO: s3mixw_io.c(172): Read /mnt/c/users/robin/onedrive/desktop/cmu/Cebuano/model_parameters/Cebuano.cd_cont_untied/mixture_weights [366x1x1 array]
INFO: main.c(311): 120 of 122 models have observation count greater than 0.000010
INFO: main.c(95): nrm stwt: 0.000 0.048 0.952 
INFO: s3gau_io.c(168): Read /mnt/c/users/robin/onedrive/desktop/cmu/Cebuano/model_parameters/Cebuano.cd_cont_untied/means [23232x1x1 array]
INFO: s3gau_io.c(168): Read /mnt/c/users/robin/onedrive/desktop/cmu/Cebuano/model_parameters/Cebuano.cd_cont_untied/variances [23232x1x1 array]
INFO: main.c(549): Reading: /mnt/c/users/robin/onedrive/desktop/cmu/Cebuano/model_architecture/Cebuano.tree_questions
INFO: main.c(587): 180 total simple questions (172 phone; 8 word bndry)
INFO: main.c(589): 42 Left Only questions, and 42 Right Only questions
INFO: dtree.c(1478): Final simple tree
|( QUESTION0 1 -2.862e+06 1.148e+04 1.305e+04
|    ( WDBNDRY_I 0 -2.020e+06 5.938e+03 9.293e+03
|        ( QUESTION2_12_L -1 -1.585e+06 4.537e+03 7.344e+03
|            ( QUESTION0 -1 -1.272e+06 2.805e+03 5.911e+03
|                ( - -1.040e+06 9 0 QUESTION2_13_L -1 1.111e+03 4.844e+03)
|                ( - -2.288e+05 3 0 QUESTION14 -1 3.170e+02 1.067e+03))
|            ( - -3.091e+05 9 0 QUESTION2_6_L -1 2.238e+03 1.433e+03))
|        ( - -4.291e+05 52 0 SILENCE -1 2.133e+03 1.949e+03))
|    ( QUESTION14 1 -8.299e+05 7.646e+03 3.761e+03
|        ( SILENCE -1 -4.517e+05 2.925e+03 2.080e+03
|            ( - -4.342e+04 1 0)
|            ( - -4.054e+05 25 0 QUESTION2_0_L -1 1.006e+03 1.879e+03))
|        ( QUESTION0_9_R 1 -3.705e+05 3.496e+03 1.682e+03
|            ( - -1.177e+05 6 0 QUESTION10 -1 2.435e+02 5.465e+02)
|            ( - -2.493e+05 15 0 QUESTION0 -1 1.743e+03 1.135e+03))))
s>    ( QUESTION0 1 -2.862e+06 1.148e+04 1.305e+04
s>        ( WDBNDRY_I 0 -2.020e+06 5.938e+03 9.293e+03
s>            ( QUESTION2_12_L -1 -1.585e+06 4.537e+03 7.344e+03
s>                ( QUESTION0 -1 -1.272e+06 2.805e+03 5.911e+03
s>                    ( - -1.040e+06 9 0 QUESTION2_13_L -1 1.111e+03 4.844e+03)
s>                    ( - -2.288e+05 3 0 QUESTION14 -1 3.170e+02 1.067e+03))
s>                ( - -3.091e+05 9 0 QUESTION2_6_L -1 2.238e+03 1.433e+03))
s>            ( - -4.291e+05 52 0 SILENCE -1 2.133e+03 1.949e+03))
s>        ( QUESTION14 1 -8.299e+05 7.646e+03 3.761e+03
s>            ( SILENCE -1 -4.517e+05 2.925e+03 2.080e+03
s>                ( - -4.342e+04 1 0)
s>                ( - -4.054e+05 25 0 QUESTION2_0_L -1 1.006e+03 1.879e+03))
s>            ( QUESTION0_9_R 1 -3.705e+05 3.496e+03 1.682e+03
s>                ( - -1.177e+05 6 0 QUESTION10 -1 2.435e+02 5.465e+02)
s>                ( - -2.493e+05 15 0 QUESTION0 -1 1.743e+03 1.135e+03))))INFO: dtree.c(1315): Comp split 0
INFO: dtree.c(1478): Final simple tree
|( QUESTION15 1 -9.407e+05 7.889e+03 4.282e+03
|    ( QUESTION0 -1 -2.493e+05 1.743e+03 1.135e+03
|        ( - -1.381e+05 5 0 QUESTION2_0_L -1 5.373e+02 6.377e+02)
|        ( QUESTION14 -1 -1.095e+05 1.522e+03 4.976e+02
|            ( - -2.616e+04 2 0 WDBNDRY_B 0 1.866e+02 1.199e+02)
|            ( QUESTION2_7_L -1 -8.177e+04 1.393e+03 3.778e+02
|                ( - -1.193e+04 1 0)
|                ( - -6.845e+04 7 0 QUESTION2_10_L -1 9.330e+02 3.169e+02))))
|    ( SILENCE -1 -6.835e+05 3.346e+03 3.146e+03
|        ( - -4.342e+04 1 0)
|        ( QUESTION0_14_R 1 -6.367e+05 2.561e+03 2.946e+03
|            ( - -2.288e+05 3 0 QUESTION14 -1 3.170e+02 1.067e+03)
|            ( QUESTION2_0_L -1 -4.054e+05 1.006e+03 1.879e+03
|                ( - -2.692e+05 18 0 QUESTION15 -1 8.390e+02 1.259e+03)
|                ( - -1.351e+05 7 0 QUESTION0_9_R 1 6.573e+02 6.201e+02)))))
s>    ( QUESTION15 1 -9.407e+05 7.889e+03 4.282e+03
s>        ( QUESTION0 -1 -2.493e+05 1.743e+03 1.135e+03
s>            ( - -1.381e+05 5 0 QUESTION2_0_L -1 5.373e+02 6.377e+02)
s>            ( QUESTION14 -1 -1.095e+05 1.522e+03 4.976e+02
s>                ( - -2.616e+04 2 0 WDBNDRY_B 0 1.866e+02 1.199e+02)
s>                ( QUESTION2_7_L -1 -8.177e+04 1.393e+03 3.778e+02
s>                    ( - -1.193e+04 1 0)
s>                    ( - -6.845e+04 7 0 QUESTION2_10_L -1 9.330e+02 3.169e+02))))
s>        ( SILENCE -1 -6.835e+05 3.346e+03 3.146e+03
s>            ( - -4.342e+04 1 0)
s>            ( QUESTION0_14_R 1 -6.367e+05 2.561e+03 2.946e+03
s>                ( - -2.288e+05 3 0 QUESTION14 -1 3.170e+02 1.067e+03)
s>                ( QUESTION2_0_L -1 -4.054e+05 1.006e+03 1.879e+03
s>                    ( - -2.692e+05 18 0 QUESTION15 -1 8.390e+02 1.259e+03)
s>                    ( - -1.351e+05 7 0 QUESTION0_9_R 1 6.573e+02 6.201e+02)))))INFO: dtree.c(1478): Final simple tree
|( WDBNDRY_I 0 -1.909e+06 5.426e+03 8.773e+03
|    ( QUESTION2_19_L -1 -1.472e+06 4.575e+03 6.812e+03
|        ( QUESTION0_9_R 1 -1.138e+06 3.206e+03 5.284e+03
|            ( - -1.132e+05 3 0)
|            ( - -1.022e+06 8 0))
|        ( QUESTION2_6_L -1 -3.289e+05 2.101e+03 1.527e+03
|            ( - -1.005e+05 3 0 QUESTION0_9_R 1 3.170e+02 4.869e+02)
|            ( QUESTION0 -1 -2.263e+05 7.511e+02 1.040e+03
|                ( - -1.730e+04 1 0)
|                ( - -2.083e+05 7 0 QUESTION2_10_L -1 2.820e+02 9.544e+02))))
|    ( SILENCE -1 -4.318e+05 2.155e+03 1.961e+03
|        ( - -1.567e+05 5 0)
|        ( QUESTION11 -1 -2.730e+05 1.198e+03 1.229e+03
|            ( - -4.287e+04 18 0 QUESTION17 -1 4.566e+02 1.903e+02)
|            ( - -2.289e+05 31 0 QUESTION2_12_L -1 6.635e+02 1.038e+03))))
s>    ( WDBNDRY_I 0 -1.909e+06 5.426e+03 8.773e+03
s>        ( QUESTION2_19_L -1 -1.472e+06 4.575e+03 6.812e+03
s>            ( QUESTION0_9_R 1 -1.138e+06 3.206e+03 5.284e+03
s>                ( - -1.132e+05 3 0)
s>                ( - -1.022e+06 8 0))
s>            ( QUESTION2_6_L -1 -3.289e+05 2.101e+03 1.527e+03
s>                ( - -1.005e+05 3 0 QUESTION0_9_R 1 3.170e+02 4.869e+02)
s>                ( QUESTION0 -1 -2.263e+05 7.511e+02 1.040e+03
s>                    ( - -1.730e+04 1 0)
s>                    ( - -2.083e+05 7 0 QUESTION2_10_L -1 2.820e+02 9.544e+02))))
s>        ( SILENCE -1 -4.318e+05 2.155e+03 1.961e+03
s>            ( - -1.567e+05 5 0)
s>            ( QUESTION11 -1 -2.730e+05 1.198e+03 1.229e+03
s>                ( - -4.287e+04 18 0 QUESTION17 -1 4.566e+02 1.903e+02)
s>                ( - -2.289e+05 31 0 QUESTION2_12_L -1 6.635e+02 1.038e+03))))INFO: dtree.c(1315): Comp split 1
INFO: dtree.c(1478): Final simple tree
|( SILENCE -1 -6.962e+05 3.358e+03 3.207e+03
|    ( - -4.342e+04 1 0)
|    ( QUESTION0_14_R 1 -6.494e+05 2.523e+03 3.007e+03
|        ( - -2.288e+05 3 0 QUESTION14 -1 3.170e+02 1.067e+03)
|        ( QUESTION2_0_L -1 -4.181e+05 1.133e+03 1.940e+03
|            ( WDBNDRY_B 0 -2.818e+05 8.741e+02 1.320e+03
|                ( QUESTION16 -1 -8.658e+04 6.974e+02 4.102e+02
|                    ( - -4.298e+03 1 0)
|                    ( - -8.159e+04 12 0 QUESTION11 -1 6.296e+02 3.894e+02))
|                ( QUESTION0_9_R 1 -1.944e+05 6.459e+02 9.099e+02
|                    ( - -1.143e+05 5 0 QUESTION11 -1 4.450e+02 5.375e+02)
|                    ( - -7.943e+04 1 0)))
|            ( QUESTION0_9_R 1 -1.351e+05 6.573e+02 6.201e+02
|                ( - -5.516e+04 3 0 WDBNDRY_B 0 2.205e+02 2.551e+02)
|                ( - -7.931e+04 4 0 QUESTION13 -1 3.614e+02 3.650e+02)))))
s>    ( SILENCE -1 -6.962e+05 3.358e+03 3.207e+03
s>        ( - -4.342e+04 1 0)
s>        ( QUESTION0_14_R 1 -6.494e+05 2.523e+03 3.007e+03
s>            ( - -2.288e+05 3 0 QUESTION14 -1 3.170e+02 1.067e+03)
s>            ( QUESTION2_0_L -1 -4.181e+05 1.133e+03 1.940e+03
s>                ( WDBNDRY_B 0 -2.818e+05 8.741e+02 1.320e+03
s>                    ( QUESTION16 -1 -8.658e+04 6.974e+02 4.102e+02
s>                        ( - -4.298e+03 1 0)
s>                        ( - -8.159e+04 12 0 QUESTION11 -1 6.296e+02 3.894e+02))
s>                    ( QUESTION0_9_R 1 -1.944e+05 6.459e+02 9.099e+02
s>                        ( - -1.143e+05 5 0 QUESTION11 -1 4.450e+02 5.375e+02)
s>                        ( - -7.943e+04 1 0)))
s>                ( QUESTION0_9_R 1 -1.351e+05 6.573e+02 6.201e+02
s>                    ( - -5.516e+04 3 0 WDBNDRY_B 0 2.205e+02 2.551e+02)
s>                    ( - -7.931e+04 4 0 QUESTION13 -1 3.614e+02 3.650e+02)))))INFO: dtree.c(1478): Final simple tree
|( QUESTION0 -1 -2.360e+05 1.733e+03 1.075e+03
|    ( QUESTION2_0_L -1 -1.381e+05 5.373e+02 6.377e+02
|        ( WDBNDRY_B 0 -1.120e+05 2.678e+02 5.174e+02
|            ( - -3.035e+04 2 0)
|            ( - -8.141e+04 2 0))
|        ( - -2.558e+04 1 0))
|    ( QUESTION14 -1 -9.610e+04 1.498e+03 4.368e+02
|        ( - -2.616e+04 2 0 WDBNDRY_B 0 1.866e+02 1.199e+02)
|        ( QUESTION2_10_L -1 -6.845e+04 9.330e+02 3.169e+02
|            ( - -1.871e+04 1 0)
|            ( SILENCE -1 -4.881e+04 5.860e+02 2.207e+02
|                ( - -2.229e+04 1 0)
|                ( QUESTION12 -1 -2.593e+04 2.716e+02 1.184e+02
|                    ( - -8.599e+03 1 0)
|                    ( - -1.706e+04 4 0 QUESTION2_6_L -1 2.358e+02 7.795e+01))))))
s>    ( QUESTION0 -1 -2.360e+05 1.733e+03 1.075e+03
s>        ( QUESTION2_0_L -1 -1.381e+05 5.373e+02 6.377e+02
s>            ( WDBNDRY_B 0 -1.120e+05 2.678e+02 5.174e+02
s>                ( - -3.035e+04 2 0)
s>                ( - -8.141e+04 2 0))
s>            ( - -2.558e+04 1 0))
s>        ( QUESTION14 -1 -9.610e+04 1.498e+03 4.368e+02
s>            ( - -2.616e+04 2 0 WDBNDRY_B 0 1.866e+02 1.199e+02)
s>            ( QUESTION2_10_L -1 -6.845e+04 9.330e+02 3.169e+02
s>                ( - -1.871e+04 1 0)
s>                ( SILENCE -1 -4.881e+04 5.860e+02 2.207e+02
s>                    ( - -2.229e+04 1 0)
s>                    ( QUESTION12 -1 -2.593e+04 2.716e+02 1.184e+02
s>                        ( - -8.599e+03 1 0)
s>                        ( - -1.706e+04 4 0 QUESTION2_6_L -1 2.358e+02 7.795e+01))))))INFO: dtree.c(1315): Comp split 2
INFO: dtree.c(1478): Final simple tree
|( QUESTION0_9_R 1 -1.182e+06 3.148e+03 5.475e+03
|    ( - -1.145e+05 4 0 WDBNDRY_B 0 1.103e+02 5.325e+02)
|    ( WDBNDRY_B 0 -1.065e+06 1.632e+03 4.942e+03
|        ( QUESTION17 -1 -4.154e+04 4.565e+02 1.843e+02
|            ( - 2.419e+02 1 0)
|            ( QUESTION16 -1 -4.132e+04 1.859e+02 1.833e+02
|                ( - -1.499e+04 4 0)
|                ( QUESTION2_1_L -1 -2.614e+04 1.463e+02 1.165e+02
|                    ( - -6.815e+02 1 0)
|                    ( QUESTION14 -1 -2.531e+04 1.312e+02 1.135e+02
|                        ( - -1.221e+04 5 0 QUESTION0_14_R 1 9.491e+01 5.543e+01)
|                        ( QUESTION12 -1 -1.297e+04 1.163e+02 5.806e+01
|                            ( - -9.183e+03 4 0)
|                            ( - -3.674e+03 2 0))))))
|        ( - -1.022e+06 8 0)))
s>    ( QUESTION0_9_R 1 -1.182e+06 3.148e+03 5.475e+03
s>        ( - -1.145e+05 4 0 WDBNDRY_B 0 1.103e+02 5.325e+02)
s>        ( WDBNDRY_B 0 -1.065e+06 1.632e+03 4.942e+03
s>            ( QUESTION17 -1 -4.154e+04 4.565e+02 1.843e+02
s>                ( - 2.419e+02 1 0)
s>                ( QUESTION16 -1 -4.132e+04 1.859e+02 1.833e+02
s>                    ( - -1.499e+04 4 0)
s>                    ( QUESTION2_1_L -1 -2.614e+04 1.463e+02 1.165e+02
s>                        ( - -6.815e+02 1 0)
s>                        ( QUESTION14 -1 -2.531e+04 1.312e+02 1.135e+02
s>                            ( - -1.221e+04 5 0 QUESTION0_14_R 1 9.491e+01 5.543e+01)
s>                            ( QUESTION12 -1 -1.297e+04 1.163e+02 5.806e+01
s>                                ( - -9.183e+03 4 0)
s>                                ( - -3.674e+03 2 0))))))
s>            ( - -1.022e+06 8 0)))INFO: dtree.c(1478): Final simple tree
|( WDBNDRY_B 0 -7.189e+05 2.653e+03 3.298e+03
|    ( SILENCE -1 -3.871e+05 1.736e+03 1.770e+03
|        ( - -1.567e+05 5 0)
|        ( QUESTION2_12_L -1 -2.287e+05 6.643e+02 1.037e+03
|            ( - -1.046e+05 11 0 QUESTION0_14_R 1 3.531e+02 4.824e+02)
|            ( QUESTION2_9_L -1 -1.234e+05 4.573e+02 5.550e+02
|                ( - -3.198e+04 9 0 QUESTION2_10_L -1 1.545e+02 1.414e+02)
|                ( - -9.099e+04 10 0 QUESTION0_16_R 1 2.327e+02 4.136e+02))))
|    ( QUESTION2_6_L -1 -3.291e+05 2.102e+03 1.528e+03
|        ( - -1.005e+05 3 0 QUESTION0_9_R 1 3.170e+02 4.869e+02)
|        ( QUESTION2_13_L -1 -2.266e+05 7.500e+02 1.041e+03
|            ( - -1.730e+04 1 0)
|            ( WDBNDRY_E 0 -2.085e+05 4.775e+02 9.554e+02
|                ( - 2.417e+02 1 0)
|                ( - -2.083e+05 7 0 QUESTION2_10_L -1 2.820e+02 9.544e+02)))))
s>    ( WDBNDRY_B 0 -7.189e+05 2.653e+03 3.298e+03
s>        ( SILENCE -1 -3.871e+05 1.736e+03 1.770e+03
s>            ( - -1.567e+05 5 0)
s>            ( QUESTION2_12_L -1 -2.287e+05 6.643e+02 1.037e+03
s>                ( - -1.046e+05 11 0 QUESTION0_14_R 1 3.531e+02 4.824e+02)
s>                ( QUESTION2_9_L -1 -1.234e+05 4.573e+02 5.550e+02
s>                    ( - -3.198e+04 9 0 QUESTION2_10_L -1 1.545e+02 1.414e+02)
s>                    ( - -9.099e+04 10 0 QUESTION0_16_R 1 2.327e+02 4.136e+02))))
s>        ( QUESTION2_6_L -1 -3.291e+05 2.102e+03 1.528e+03
s>            ( - -1.005e+05 3 0 QUESTION0_9_R 1 3.170e+02 4.869e+02)
s>            ( QUESTION2_13_L -1 -2.266e+05 7.500e+02 1.041e+03
s>                ( - -1.730e+04 1 0)
s>                ( WDBNDRY_E 0 -2.085e+05 4.775e+02 9.554e+02
s>                    ( - 2.417e+02 1 0)
s>                    ( - -2.083e+05 7 0 QUESTION2_10_L -1 2.820e+02 9.544e+02)))))INFO: dtree.c(1315): Comp split 3
INFO: dtree.c(1478): Final simple tree
|( QUESTION0_14_R 1 -6.494e+05 2.523e+03 3.007e+03
|    ( - -2.288e+05 3 0 QUESTION14 -1 3.170e+02 1.067e+03)
|    ( QUESTION2_0_L -1 -4.181e+05 1.133e+03 1.940e+03
|        ( WDBNDRY_B 0 -2.818e+05 8.741e+02 1.320e+03
|            ( QUESTION16 -1 -8.658e+04 6.974e+02 4.102e+02
|                ( - -4.298e+03 1 0)
|                ( QUESTION11 -1 -8.159e+04 6.296e+02 3.894e+02
|                    ( - -2.435e+04 4 0 QUESTION12 -1 4.236e+02 1.214e+02)
|                    ( - -5.661e+04 8 0 QUESTION2_10_L -1 4.992e+02 2.679e+02)))
|            ( QUESTION0_9_R 1 -1.944e+05 6.459e+02 9.099e+02
|                ( - -1.143e+05 5 0 QUESTION11 -1 4.450e+02 5.375e+02)
|                ( - -7.943e+04 1 0)))
|        ( QUESTION0_9_R 1 -1.351e+05 6.573e+02 6.201e+02
|            ( - -5.516e+04 3 0 WDBNDRY_B 0 2.205e+02 2.551e+02)
|            ( - -7.931e+04 4 0 QUESTION13 -1 3.614e+02 3.650e+02))))
s>    ( QUESTION0_14_R 1 -6.494e+05 2.523e+03 3.007e+03
s>        ( - -2.288e+05 3 0 QUESTION14 -1 3.170e+02 1.067e+03)
s>        ( QUESTION2_0_L -1 -4.181e+05 1.133e+03 1.940e+03
s>            ( WDBNDRY_B 0 -2.818e+05 8.741e+02 1.320e+03
s>                ( QUESTION16 -1 -8.658e+04 6.974e+02 4.102e+02
s>                    ( - -4.298e+03 1 0)
s>                    ( QUESTION11 -1 -8.159e+04 6.296e+02 3.894e+02
s>                        ( - -2.435e+04 4 0 QUESTION12 -1 4.236e+02 1.214e+02)
s>                        ( - -5.661e+04 8 0 QUESTION2_10_L -1 4.992e+02 2.679e+02)))
s>                ( QUESTION0_9_R 1 -1.944e+05 6.459e+02 9.099e+02
s>                    ( - -1.143e+05 5 0 QUESTION11 -1 4.450e+02 5.375e+02)
s>                    ( - -7.943e+04 1 0)))
s>            ( QUESTION0_9_R 1 -1.351e+05 6.573e+02 6.201e+02
s>                ( - -5.516e+04 3 0 WDBNDRY_B 0 2.205e+02 2.551e+02)
s>                ( - -7.931e+04 4 0 QUESTION13 -1 3.614e+02 3.650e+02))))INFO: dtree.c(1315): Comp split 4
INFO: dtree.c(1478): Final simple tree
|( WDBNDRY_B 0 -1.065e+06 1.632e+03 4.942e+03
|    ( QUESTION17 -1 -4.154e+04 4.565e+02 1.843e+02
|        ( - 2.419e+02 1 0)
|        ( QUESTION16 -1 -4.132e+04 1.859e+02 1.833e+02
|            ( - -1.499e+04 4 0)
|            ( QUESTION2_1_L -1 -2.614e+04 1.463e+02 1.165e+02
|                ( - -6.815e+02 1 0)
|                ( QUESTION14 -1 -2.531e+04 1.312e+02 1.135e+02
|                    ( QUESTION0_14_R 1 -1.221e+04 9.491e+01 5.543e+01
|                        ( - -1.178e+04 4 0)
|                        ( - -3.321e+02 1 0))
|                    ( QUESTION12 -1 -1.297e+04 1.163e+02 5.806e+01
|                        ( - -9.183e+03 4 0)
|                        ( - -3.674e+03 2 0))))))
|    ( - -1.022e+06 8 0))
s>    ( WDBNDRY_B 0 -1.065e+06 1.632e+03 4.942e+03
s>        ( QUESTION17 -1 -4.154e+04 4.565e+02 1.843e+02
s>            ( - 2.419e+02 1 0)
s>            ( QUESTION16 -1 -4.132e+04 1.859e+02 1.833e+02
s>                ( - -1.499e+04 4 0)
s>                ( QUESTION2_1_L -1 -2.614e+04 1.463e+02 1.165e+02
s>                    ( - -6.815e+02 1 0)
s>                    ( QUESTION14 -1 -2.531e+04 1.312e+02 1.135e+02
s>                        ( QUESTION0_14_R 1 -1.221e+04 9.491e+01 5.543e+01
s>                            ( - -1.178e+04 4 0)
s>                            ( - -3.321e+02 1 0))
s>                        ( QUESTION12 -1 -1.297e+04 1.163e+02 5.806e+01
s>                            ( - -9.183e+03 4 0)
s>                            ( - -3.674e+03 2 0))))))
s>        ( - -1.022e+06 8 0))INFO: dtree.c(1439): stop. leaf nodes are specific
INFO: dtree.c(1478): Final simple tree
|( WDBNDRY_B 0 -1.145e+05 1.103e+02 5.325e+02
|    ( - -1.214e+03 1 0)
|    ( - -1.132e+05 3 0))
s>    ( WDBNDRY_B 0 -1.145e+05 1.103e+02 5.325e+02
s>        ( - -1.214e+03 1 0)
s>        ( - -1.132e+05 3 0))INFO: dtree.c(1315): Comp split 5
INFO: dtree.c(1478): Final simple tree
|( WDBNDRY_B 0 -4.388e+05 1.656e+03 1.993e+03
|    ( QUESTION2_12_L -1 -2.287e+05 6.643e+02 1.037e+03
|        ( QUESTION0_14_R 1 -1.046e+05 3.531e+02 4.824e+02
|            ( - -1.003e+05 9 0)
|            ( - -3.967e+03 2 0 QUESTION0_9_R 1 2.104e+02 1.883e+01))
|        ( QUESTION2_9_L -1 -1.234e+05 4.573e+02 5.550e+02
|            ( - -3.198e+04 9 0 QUESTION2_10_L -1 1.545e+02 1.414e+02)
|            ( QUESTION0_16_R 1 -9.099e+04 2.327e+02 4.136e+02
|                ( - -4.169e+03 2 0 QUESTION0 -1 1.692e+02 2.005e+01)
|                ( - -8.659e+04 8 0 QUESTION0 -1 2.118e+02 3.936e+02))))
|    ( WDBNDRY_E 0 -2.085e+05 4.775e+02 9.554e+02
|        ( - 2.417e+02 1 0)
|        ( QUESTION2_10_L -1 -2.083e+05 2.820e+02 9.544e+02
|            ( - -3.004e+03 1 0)
|            ( - -2.050e+05 6 0 QUESTION0_14_R 1 1.887e+02 9.390e+02))))
s>    ( WDBNDRY_B 0 -4.388e+05 1.656e+03 1.993e+03
s>        ( QUESTION2_12_L -1 -2.287e+05 6.643e+02 1.037e+03
s>            ( QUESTION0_14_R 1 -1.046e+05 3.531e+02 4.824e+02
s>                ( - -1.003e+05 9 0)
s>                ( - -3.967e+03 2 0 QUESTION0_9_R 1 2.104e+02 1.883e+01))
s>            ( QUESTION2_9_L -1 -1.234e+05 4.573e+02 5.550e+02
s>                ( - -3.198e+04 9 0 QUESTION2_10_L -1 1.545e+02 1.414e+02)
s>                ( QUESTION0_16_R 1 -9.099e+04 2.327e+02 4.136e+02
s>                    ( - -4.169e+03 2 0 QUESTION0 -1 1.692e+02 2.005e+01)
s>                    ( - -8.659e+04 8 0 QUESTION0 -1 2.118e+02 3.936e+02))))
s>        ( WDBNDRY_E 0 -2.085e+05 4.775e+02 9.554e+02
s>            ( - 2.417e+02 1 0)
s>            ( QUESTION2_10_L -1 -2.083e+05 2.820e+02 9.544e+02
s>                ( - -3.004e+03 1 0)
s>                ( - -2.050e+05 6 0 QUESTION0_14_R 1 1.887e+02 9.390e+02))))INFO: dtree.c(1439): stop. leaf nodes are specific
INFO: dtree.c(1478): Final simple tree
|( QUESTION1 -1 -2.772e+05 1.939e+03 1.305e+03
|    ( QUESTION0_9_R 1 -1.005e+05 3.170e+02 4.869e+02
|        ( - -1.586e+03 1 0)
|        ( - -9.856e+04 2 0))
|    ( WDBNDRY_B 0 -1.748e+05 8.040e+02 8.183e+02
|        ( - -1.567e+05 5 0)
|        ( - -1.730e+04 1 0)))
s>    ( QUESTION1 -1 -2.772e+05 1.939e+03 1.305e+03
s>        ( QUESTION0_9_R 1 -1.005e+05 3.170e+02 4.869e+02
s>            ( - -1.586e+03 1 0)
s>            ( - -9.856e+04 2 0))
s>        ( WDBNDRY_B 0 -1.748e+05 8.040e+02 8.183e+02
s>            ( - -1.567e+05 5 0)
s>            ( - -1.730e+04 1 0)))INFO: dtree.c(1315): Comp split 6
INFO: dtree.c(1478): Final simple tree
|( QUESTION2_0_L -1 -3.876e+05 9.223e+02 1.798e+03
|    ( QUESTION0_9_R 1 -2.515e+05 7.973e+02 1.178e+03
|        ( QUESTION11 -1 -1.249e+05 4.222e+02 5.874e+02
|            ( - -2.115e+04 1 0)
|            ( WDBNDRY_B 0 -1.033e+05 3.906e+02 4.840e+02
|                ( QUESTION0 -1 -1.020e+04 3.834e+02 4.987e+01
|                    ( - -7.823e+03 3 0)
|                    ( - -1.992e+03 1 0))
|                ( - -9.272e+04 4 0 QUESTION0 -1 2.815e+02 4.341e+02)))
|        ( - -1.259e+05 5 0 WDBNDRY_B 0 3.468e+02 5.904e+02))
|    ( QUESTION0_9_R 1 -1.351e+05 6.573e+02 6.201e+02
|        ( - -5.516e+04 3 0 WDBNDRY_B 0 2.205e+02 2.551e+02)
|        ( QUESTION13 -1 -7.931e+04 3.614e+02 3.650e+02
|            ( - -7.714e+03 2 0 QUESTION14 -1 1.843e+02 3.565e+01)
|            ( - -7.124e+04 2 0 QUESTION0 -1 1.874e+02 3.294e+02))))
s>    ( QUESTION2_0_L -1 -3.876e+05 9.223e+02 1.798e+03
s>        ( QUESTION0_9_R 1 -2.515e+05 7.973e+02 1.178e+03
s>            ( QUESTION11 -1 -1.249e+05 4.222e+02 5.874e+02
s>                ( - -2.115e+04 1 0)
s>                ( WDBNDRY_B 0 -1.033e+05 3.906e+02 4.840e+02
s>                    ( QUESTION0 -1 -1.020e+04 3.834e+02 4.987e+01
s>                        ( - -7.823e+03 3 0)
s>                        ( - -1.992e+03 1 0))
s>                    ( - -9.272e+04 4 0 QUESTION0 -1 2.815e+02 4.341e+02)))
s>            ( - -1.259e+05 5 0 WDBNDRY_B 0 3.468e+02 5.904e+02))
s>        ( QUESTION0_9_R 1 -1.351e+05 6.573e+02 6.201e+02
s>            ( - -5.516e+04 3 0 WDBNDRY_B 0 2.205e+02 2.551e+02)
s>            ( QUESTION13 -1 -7.931e+04 3.614e+02 3.650e+02
s>                ( - -7.714e+03 2 0 QUESTION14 -1 1.843e+02 3.565e+01)
s>                ( - -7.124e+04 2 0 QUESTION0 -1 1.874e+02 3.294e+02))))INFO: dtree.c(1439): stop. leaf nodes are specific
INFO: dtree.c(1478): Final simple tree
|( QUESTION0_15_R 1 -2.591e+05 1.085e+03 1.209e+03
|    ( QUESTION12 -1 -2.229e+04 3.881e+02 1.114e+02
|        ( QUESTION14 1 -1.249e+04 2.287e+02 6.282e+01
|            ( - -3.338e+02 1 0)
|            ( - -1.193e+04 1 0))
|        ( - -9.407e+03 1 0))
|    ( QUESTION16 -1 -2.357e+05 5.418e+02 1.098e+03
|        ( - -4.298e+03 1 0)
|        ( QUESTION14 -1 -2.309e+05 3.761e+02 1.077e+03
|            ( - -2.182e+05 2 0)
|            ( WDBNDRY_B 0 -1.232e+04 2.386e+02 6.001e+01
|                ( - -1.774e+03 1 0)
|                ( - -1.031e+04 1 0)))))
s>    ( QUESTION0_15_R 1 -2.591e+05 1.085e+03 1.209e+03
s>        ( QUESTION12 -1 -2.229e+04 3.881e+02 1.114e+02
s>            ( QUESTION14 1 -1.249e+04 2.287e+02 6.282e+01
s>                ( - -3.338e+02 1 0)
s>                ( - -1.193e+04 1 0))
s>            ( - -9.407e+03 1 0))
s>        ( QUESTION16 -1 -2.357e+05 5.418e+02 1.098e+03
s>            ( - -4.298e+03 1 0)
s>            ( QUESTION14 -1 -2.309e+05 3.761e+02 1.077e+03
s>                ( - -2.182e+05 2 0)
s>                ( WDBNDRY_B 0 -1.232e+04 2.386e+02 6.001e+01
s>                    ( - -1.774e+03 1 0)
s>                    ( - -1.031e+04 1 0)))))INFO: dtree.c(1315): Comp split 7
INFO: dtree.c(1439): stop. leaf nodes are specific
INFO: dtree.c(1478): Final simple tree
|( QUESTION0 -1 -1.767e+05 8.055e+02 8.263e+02
|    ( - -1.730e+04 1 0)
|    ( WDBNDRY_B 0 -1.586e+05 3.130e+02 7.401e+02
|        ( - -1.567e+05 5 0)
|        ( - -1.586e+03 1 0)))
s>    ( QUESTION0 -1 -1.767e+05 8.055e+02 8.263e+02
s>        ( - -1.730e+04 1 0)
s>        ( WDBNDRY_B 0 -1.586e+05 3.130e+02 7.401e+02
s>            ( - -1.567e+05 5 0)
s>            ( - -1.586e+03 1 0)))INFO: dtree.c(1315): Comp split 8
INFO: dtree.c(1439): stop. leaf nodes are specific
INFO: dtree.c(1478): Final simple tree
|( QUESTION2_10_L -1 -6.845e+04 9.330e+02 3.169e+02
|    ( - -1.871e+04 1 0)
|    ( SILENCE -1 -4.881e+04 5.860e+02 2.207e+02
|        ( - -2.229e+04 1 0)
|        ( QUESTION12 -1 -2.593e+04 2.716e+02 1.184e+02
|            ( - -8.599e+03 1 0)
|            ( QUESTION2_6_L -1 -1.706e+04 2.358e+02 7.795e+01
|                ( - -4.634e+03 1 0)
|                ( QUESTION2 -1 -1.219e+04 1.689e+02 5.659e+01
|                    ( - -2.774e+03 1 0)
|                    ( QUESTION10 -1 -9.246e+03 1.566e+02 4.246e+01
|                        ( - -4.176e+03 1 0)
|                        ( - -4.913e+03 1 0)))))))
s>    ( QUESTION2_10_L -1 -6.845e+04 9.330e+02 3.169e+02
s>        ( - -1.871e+04 1 0)
s>        ( SILENCE -1 -4.881e+04 5.860e+02 2.207e+02
s>            ( - -2.229e+04 1 0)
s>            ( QUESTION12 -1 -2.593e+04 2.716e+02 1.184e+02
s>                ( - -8.599e+03 1 0)
s>                ( QUESTION2_6_L -1 -1.706e+04 2.358e+02 7.795e+01
s>                    ( - -4.634e+03 1 0)
s>                    ( QUESTION2 -1 -1.219e+04 1.689e+02 5.659e+01
s>                        ( - -2.774e+03 1 0)
s>                        ( QUESTION10 -1 -9.246e+03 1.566e+02 4.246e+01
s>                            ( - -4.176e+03 1 0)
s>                            ( - -4.913e+03 1 0)))))))INFO: dtree.c(1439): stop. leaf nodes are specific
INFO: dtree.c(1478): Final simple tree
|( QUESTION0 -1 -1.658e+05 1.473e+03 7.576e+02
|    ( QUESTION2_0_L -1 -1.381e+05 5.373e+02 6.377e+02
|        ( WDBNDRY_B 0 -1.120e+05 2.678e+02 5.174e+02
|            ( - -3.035e+04 2 0)
|            ( - -8.141e+04 2 0))
|        ( - -2.558e+04 1 0))
|    ( WDBNDRY_B 0 -2.616e+04 1.866e+02 1.199e+02
|        ( - -6.001e+03 1 0)
|        ( - -1.997e+04 1 0)))
s>    ( QUESTION0 -1 -1.658e+05 1.473e+03 7.576e+02
s>        ( QUESTION2_0_L -1 -1.381e+05 5.373e+02 6.377e+02
s>            ( WDBNDRY_B 0 -1.120e+05 2.678e+02 5.174e+02
s>                ( - -3.035e+04 2 0)
s>                ( - -8.141e+04 2 0))
s>            ( - -2.558e+04 1 0))
s>        ( WDBNDRY_B 0 -2.616e+04 1.866e+02 1.199e+02
s>            ( - -6.001e+03 1 0)
s>            ( - -1.997e+04 1 0)))INFO: dtree.c(1315): Comp split 9
INFO: dtree.c(1439): stop. leaf nodes are specific
INFO: dtree.c(1478): Final simple tree
|( QUESTION16 -1 -4.006e+04 1.824e+02 1.783e+02
|    ( - -1.499e+04 4 0)
|    ( QUESTION12 -1 -2.488e+04 1.284e+02 1.115e+02
|        ( - -9.183e+03 4 0)
|        ( QUESTION14 -1 -1.557e+04 1.153e+02 7.042e+01
|            ( - -1.178e+04 4 0)
|            ( - -3.674e+03 2 0))))
s>    ( QUESTION16 -1 -4.006e+04 1.824e+02 1.783e+02
s>        ( - -1.499e+04 4 0)
s>        ( QUESTION12 -1 -2.488e+04 1.284e+02 1.115e+02
s>            ( - -9.183e+03 4 0)
s>            ( QUESTION14 -1 -1.557e+04 1.153e+02 7.042e+01
s>                ( - -1.178e+04 4 0)
s>                ( - -3.674e+03 2 0))))INFO: dtree.c(1439): stop. leaf nodes are specific
INFO: dtree.c(1478): Final simple tree
|( QUESTION15 -1 -1.023e+06 4.525e+02 4.764e+03
|    ( - 2.419e+02 1 0)
|    ( QUESTION12 -1 -1.023e+06 1.359e+02 4.763e+03
|        ( - -6.815e+02 1 0)
|        ( WDBNDRY_B 0 -1.022e+06 9.078e+01 4.760e+03
|            ( - -3.321e+02 1 0)
|            ( - -1.022e+06 8 0))))
s>    ( QUESTION15 -1 -1.023e+06 4.525e+02 4.764e+03
s>        ( - 2.419e+02 1 0)
s>        ( QUESTION12 -1 -1.023e+06 1.359e+02 4.763e+03
s>            ( - -6.815e+02 1 0)
s>            ( WDBNDRY_B 0 -1.022e+06 9.078e+01 4.760e+03
s>                ( - -3.321e+02 1 0)
s>                ( - -1.022e+06 8 0))))INFO: dtree.c(1315): Comp split 10
INFO: dtree.c(1478): Final simple tree
|( QUESTION2_12_L -1 -2.287e+05 6.643e+02 1.037e+03
|    ( QUESTION0_14_R 1 -1.046e+05 3.531e+02 4.824e+02
|        ( - -1.003e+05 9 0)
|        ( QUESTION0_9_R 1 -3.967e+03 2.104e+02 1.883e+01
|            ( - -1.133e+03 1 0)
|            ( - -2.624e+03 1 0)))
|    ( QUESTION2_9_L -1 -1.234e+05 4.573e+02 5.550e+02
|        ( - -3.198e+04 9 0 QUESTION2_10_L -1 1.545e+02 1.414e+02)
|        ( QUESTION0_16_R 1 -9.099e+04 2.327e+02 4.136e+02
|            ( - -4.169e+03 2 0 QUESTION0 -1 1.692e+02 2.005e+01)
|            ( QUESTION0 -1 -8.659e+04 2.118e+02 3.936e+02
|                ( QUESTION0_14_R 1 -8.255e+04 1.882e+02 3.756e+02
|                    ( - -8.206e+04 4 0)
|                    ( - -2.991e+02 1 0))
|                ( - -3.826e+03 3 0 QUESTION2 -1 1.347e+02 1.801e+01)))))
s>    ( QUESTION2_12_L -1 -2.287e+05 6.643e+02 1.037e+03
s>        ( QUESTION0_14_R 1 -1.046e+05 3.531e+02 4.824e+02
s>            ( - -1.003e+05 9 0)
s>            ( QUESTION0_9_R 1 -3.967e+03 2.104e+02 1.883e+01
s>                ( - -1.133e+03 1 0)
s>                ( - -2.624e+03 1 0)))
s>        ( QUESTION2_9_L -1 -1.234e+05 4.573e+02 5.550e+02
s>            ( - -3.198e+04 9 0 QUESTION2_10_L -1 1.545e+02 1.414e+02)
s>            ( QUESTION0_16_R 1 -9.099e+04 2.327e+02 4.136e+02
s>                ( - -4.169e+03 2 0 QUESTION0 -1 1.692e+02 2.005e+01)
s>                ( QUESTION0 -1 -8.659e+04 2.118e+02 3.936e+02
s>                    ( QUESTION0_14_R 1 -8.255e+04 1.882e+02 3.756e+02
s>                        ( - -8.206e+04 4 0)
s>                        ( - -2.991e+02 1 0))
s>                    ( - -3.826e+03 3 0 QUESTION2 -1 1.347e+02 1.801e+01)))))INFO: dtree.c(1439): stop. leaf nodes are specific
INFO: dtree.c(1478): Final simple tree
|( WDBNDRY_E 0 -2.085e+05 4.775e+02 9.554e+02
|    ( - 2.417e+02 1 0)
|    ( QUESTION2_10_L -1 -2.083e+05 2.820e+02 9.544e+02
|        ( - -3.004e+03 1 0)
|        ( QUESTION0_14_R 1 -2.050e+05 1.887e+02 9.390e+02
|            ( QUESTION10 -1 -2.021e+05 1.170e+02 9.259e+02
|                ( - -1.023e+03 1 0)
|                ( - -2.009e+05 4 0))
|            ( - -2.733e+03 1 0))))
s>    ( WDBNDRY_E 0 -2.085e+05 4.775e+02 9.554e+02
s>        ( - 2.417e+02 1 0)
s>        ( QUESTION2_10_L -1 -2.083e+05 2.820e+02 9.544e+02
s>            ( - -3.004e+03 1 0)
s>            ( QUESTION0_14_R 1 -2.050e+05 1.887e+02 9.390e+02
s>                ( QUESTION10 -1 -2.021e+05 1.170e+02 9.259e+02
s>                    ( - -1.023e+03 1 0)
s>                    ( - -2.009e+05 4 0))
s>                ( - -2.733e+03 1 0))))INFO: dtree.c(1315): Comp split 11
INFO: dtree.c(1439): stop. leaf nodes are specific
INFO: dtree.c(1478): Final simple tree
|( QUESTION2_0_L -1 -1.381e+05 5.373e+02 6.377e+02
|    ( WDBNDRY_B 0 -1.120e+05 2.678e+02 5.174e+02
|        ( - -3.035e+04 2 0)
|        ( - -8.141e+04 2 0))
|    ( - -2.558e+04 1 0))
s>    ( QUESTION2_0_L -1 -1.381e+05 5.373e+02 6.377e+02
s>        ( WDBNDRY_B 0 -1.120e+05 2.678e+02 5.174e+02
s>            ( - -3.035e+04 2 0)
s>            ( - -8.141e+04 2 0))
s>        ( - -2.558e+04 1 0))INFO: dtree.c(1439): stop. leaf nodes are specific
INFO: dtree.c(1478): Final simple tree
|( WDBNDRY_B 0 -2.616e+04 1.866e+02 1.199e+02
|    ( - -6.001e+03 1 0)
|    ( - -1.997e+04 1 0))
s>    ( WDBNDRY_B 0 -2.616e+04 1.866e+02 1.199e+02
s>        ( - -6.001e+03 1 0)
s>        ( - -1.997e+04 1 0))INFO: dtree.c(1315): Comp split 12
INFO: dtree.c(1439): stop. leaf nodes are specific
INFO: dtree.c(1478): Final simple tree
|( QUESTION2_13_L -1 -1.247e+05 4.533e+02 5.852e+02
|    ( - -2.115e+04 1 0)
|    ( QUESTION10 -1 -1.031e+05 3.682e+02 4.818e+02
|        ( WDBNDRY_B 0 -1.375e+04 4.125e+02 6.708e+01
|            ( - -1.992e+03 1 0)
|            ( - -1.134e+04 1 0))
|        ( QUESTION15 -1 -8.900e+04 2.521e+02 4.147e+02
|            ( - -3.781e+03 1 0)
|            ( WDBNDRY_B 0 -8.497e+04 1.309e+02 3.967e+02
|                ( - -3.749e+03 1 0)
|                ( - -8.109e+04 3 0)))))
s>    ( QUESTION2_13_L -1 -1.247e+05 4.533e+02 5.852e+02
s>        ( - -2.115e+04 1 0)
s>        ( QUESTION10 -1 -1.031e+05 3.682e+02 4.818e+02
s>            ( WDBNDRY_B 0 -1.375e+04 4.125e+02 6.708e+01
s>                ( - -1.992e+03 1 0)
s>                ( - -1.134e+04 1 0))
s>            ( QUESTION15 -1 -8.900e+04 2.521e+02 4.147e+02
s>                ( - -3.781e+03 1 0)
s>                ( WDBNDRY_B 0 -8.497e+04 1.309e+02 3.967e+02
s>                    ( - -3.749e+03 1 0)
s>                    ( - -8.109e+04 3 0)))))INFO: dtree.c(1478): Final simple tree
|( QUESTION2_0_L -1 -2.617e+05 7.150e+02 1.213e+03
|    ( WDBNDRY_B 0 -1.339e+05 3.655e+02 6.283e+02
|        ( QUESTION2_19_L -1 -5.411e+04 3.114e+02 2.559e+02
|            ( QUESTION0_9_R 1 -3.620e+04 2.221e+02 1.702e+02
|                ( - -7.823e+03 3 0)
|                ( - -2.816e+04 2 0))
|            ( QUESTION0 -1 -1.760e+04 2.147e+02 8.572e+01
|                ( - -1.390e+04 1 0)
|                ( - -3.484e+03 1 0)))
|        ( - -7.943e+04 1 0))
|    ( QUESTION0_9_R 1 -1.271e+05 6.843e+02 5.845e+02
|        ( WDBNDRY_B 0 -5.516e+04 2.205e+02 2.551e+02
|            ( - -1.325e+03 2 0)
|            ( - -5.362e+04 1 0))
|        ( - -7.124e+04 2 0 QUESTION0 -1 1.874e+02 3.294e+02)))
s>    ( QUESTION2_0_L -1 -2.617e+05 7.150e+02 1.213e+03
s>        ( WDBNDRY_B 0 -1.339e+05 3.655e+02 6.283e+02
s>            ( QUESTION2_19_L -1 -5.411e+04 3.114e+02 2.559e+02
s>                ( QUESTION0_9_R 1 -3.620e+04 2.221e+02 1.702e+02
s>                    ( - -7.823e+03 3 0)
s>                    ( - -2.816e+04 2 0))
s>                ( QUESTION0 -1 -1.760e+04 2.147e+02 8.572e+01
s>                    ( - -1.390e+04 1 0)
s>                    ( - -3.484e+03 1 0)))
s>            ( - -7.943e+04 1 0))
s>        ( QUESTION0_9_R 1 -1.271e+05 6.843e+02 5.845e+02
s>            ( WDBNDRY_B 0 -5.516e+04 2.205e+02 2.551e+02
s>                ( - -1.325e+03 2 0)
s>                ( - -5.362e+04 1 0))
s>            ( - -7.124e+04 2 0 QUESTION0 -1 1.874e+02 3.294e+02)))INFO: dtree.c(1315): Comp split 13
INFO: dtree.c(1439): stop. leaf nodes are specific
INFO: dtree.c(1478): Final simple tree
|( QUESTION12 -1 -2.381e+04 4.348e+02 1.194e+02
|    ( QUESTION0_9_R 1 -1.396e+04 2.584e+02 7.087e+01
|        ( - -1.774e+03 1 0)
|        ( - -1.193e+04 1 0))
|    ( - -9.407e+03 1 0))
s>    ( QUESTION12 -1 -2.381e+04 4.348e+02 1.194e+02
s>        ( QUESTION0_9_R 1 -1.396e+04 2.584e+02 7.087e+01
s>            ( - -1.774e+03 1 0)
s>            ( - -1.193e+04 1 0))
s>        ( - -9.407e+03 1 0))INFO: dtree.c(1439): stop. leaf nodes are specific
INFO: dtree.c(1478): Final simple tree
|( QUESTION0_9_R 1 -2.341e+05 5.389e+02 1.090e+03
|    ( - -4.298e+03 1 0)
|    ( QUESTION15 -1 -2.293e+05 3.171e+02 1.069e+03
|        ( - -1.031e+04 1 0)
|        ( WDBNDRY_B 0 -2.187e+05 1.691e+02 1.019e+03
|            ( - -3.338e+02 1 0)
|            ( - -2.182e+05 2 0))))
s>    ( QUESTION0_9_R 1 -2.341e+05 5.389e+02 1.090e+03
s>        ( - -4.298e+03 1 0)
s>        ( QUESTION15 -1 -2.293e+05 3.171e+02 1.069e+03
s>            ( - -1.031e+04 1 0)
s>            ( WDBNDRY_B 0 -2.187e+05 1.691e+02 1.019e+03
s>                ( - -3.338e+02 1 0)
s>                ( - -2.182e+05 2 0))))INFO: dtree.c(1315): Comp split 14
INFO: dtree.c(1439): stop. leaf nodes are specific
INFO: dtree.c(1478): Final simple tree
|( SILENCE -1 -2.712e+04 1.961e+02 1.237e+02
|    ( - -2.229e+04 1 0)
|    ( - -4.634e+03 1 0))
s>    ( SILENCE -1 -2.712e+04 1.961e+02 1.237e+02
s>        ( - -2.229e+04 1 0)
s>        ( - -4.634e+03 1 0))INFO: dtree.c(1439): stop. leaf nodes are specific
INFO: dtree.c(1478): Final simple tree
|( QUESTION2_10_L -1 -4.030e+04 5.447e+02 1.933e+02
|    ( - -1.871e+04 1 0)
|    ( QUESTION12 -1 -2.105e+04 2.584e+02 9.707e+01
|        ( - -8.599e+03 1 0)
|        ( QUESTION2 -1 -1.219e+04 1.689e+02 5.659e+01
|            ( - -2.774e+03 1 0)
|            ( QUESTION10 -1 -9.246e+03 1.566e+02 4.246e+01
|                ( - -4.176e+03 1 0)
|                ( - -4.913e+03 1 0)))))
s>    ( QUESTION2_10_L -1 -4.030e+04 5.447e+02 1.933e+02
s>        ( - -1.871e+04 1 0)
s>        ( QUESTION12 -1 -2.105e+04 2.584e+02 9.707e+01
s>            ( - -8.599e+03 1 0)
s>            ( QUESTION2 -1 -1.219e+04 1.689e+02 5.659e+01
s>                ( - -2.774e+03 1 0)
s>                ( QUESTION10 -1 -9.246e+03 1.566e+02 4.246e+01
s>                    ( - -4.176e+03 1 0)
s>                    ( - -4.913e+03 1 0)))))INFO: dtree.c(1315): Comp split 15
INFO: dtree.c(1439): stop. leaf nodes are specific
INFO: dtree.c(1478): Final simple tree
|( QUESTION0 -1 -7.124e+04 1.874e+02 3.294e+02
|    ( - -7.082e+04 1 0)
|    ( - -2.263e+02 1 0))
s>    ( QUESTION0 -1 -7.124e+04 1.874e+02 3.294e+02
s>        ( - -7.082e+04 1 0)
s>        ( - -2.263e+02 1 0))INFO: dtree.c(1439): stop. leaf nodes are specific
INFO: dtree.c(1478): Final simple tree
|( QUESTION2_0_L -1 -1.896e+05 5.441e+02 8.834e+02
|    ( WDBNDRY_B 0 -1.339e+05 3.655e+02 6.283e+02
|        ( QUESTION2_19_L -1 -5.411e+04 3.114e+02 2.559e+02
|            ( QUESTION0_9_R 1 -3.620e+04 2.221e+02 1.702e+02
|                ( - -7.823e+03 3 0)
|                ( - -2.816e+04 2 0))
|            ( QUESTION0 -1 -1.760e+04 2.147e+02 8.572e+01
|                ( - -1.390e+04 1 0)
|                ( - -3.484e+03 1 0)))
|        ( - -7.943e+04 1 0))
|    ( WDBNDRY_B 0 -5.516e+04 2.205e+02 2.551e+02
|        ( - -1.325e+03 2 0)
|        ( - -5.362e+04 1 0)))
s>    ( QUESTION2_0_L -1 -1.896e+05 5.441e+02 8.834e+02
s>        ( WDBNDRY_B 0 -1.339e+05 3.655e+02 6.283e+02
s>            ( QUESTION2_19_L -1 -5.411e+04 3.114e+02 2.559e+02
s>                ( QUESTION0_9_R 1 -3.620e+04 2.221e+02 1.702e+02
s>                    ( - -7.823e+03 3 0)
s>                    ( - -2.816e+04 2 0))
s>                ( QUESTION0 -1 -1.760e+04 2.147e+02 8.572e+01
s>                    ( - -1.390e+04 1 0)
s>                    ( - -3.484e+03 1 0)))
s>            ( - -7.943e+04 1 0))
s>        ( WDBNDRY_B 0 -5.516e+04 2.205e+02 2.551e+02
s>            ( - -1.325e+03 2 0)
s>            ( - -5.362e+04 1 0)))INFO: dtree.c(1315): Comp split 16
INFO: dtree.c(1439): stop. leaf nodes are specific
INFO: dtree.c(1478): Final simple tree
|( QUESTION9 -1 -1.042e+05 1.435e+02 4.816e+02
|    ( - -3.112e+03 2 0)
|    ( QUESTION0 -1 -1.010e+05 1.342e+02 4.666e+02
|        ( - -1.003e+05 9 0)
|        ( - -5.801e+02 1 0)))
s>    ( QUESTION9 -1 -1.042e+05 1.435e+02 4.816e+02
s>        ( - -3.112e+03 2 0)
s>        ( QUESTION0 -1 -1.010e+05 1.342e+02 4.666e+02
s>            ( - -1.003e+05 9 0)
s>            ( - -5.801e+02 1 0)))INFO: dtree.c(1478): Final simple tree
|( QUESTION2_0_L -1 -1.236e+05 4.615e+02 5.558e+02
|    ( QUESTION0_14_R 1 -3.927e+04 2.534e+02 1.742e+02
|        ( QUESTION2_10_L -1 -3.153e+04 1.545e+02 1.394e+02
|            ( - -3.101e+04 7 0)
|            ( - -3.624e+02 1 0))
|        ( QUESTION0_9_R 1 -7.490e+03 2.293e+02 3.486e+01
|            ( - -1.133e+03 1 0)
|            ( QUESTION0 -1 -6.128e+03 1.360e+02 2.886e+01
|                ( - -2.624e+03 1 0)
|                ( - -3.369e+03 2 0 QUESTION2_6_L -1 1.060e+02 1.603e+01))))
|    ( QUESTION0_16_R 1 -8.386e+04 2.272e+02 3.816e+02
|        ( - -1.087e+03 1 0)
|        ( QUESTION0_14_R 1 -8.255e+04 1.882e+02 3.756e+02
|            ( - -8.206e+04 4 0)
|            ( - -2.991e+02 1 0))))
s>    ( QUESTION2_0_L -1 -1.236e+05 4.615e+02 5.558e+02
s>        ( QUESTION0_14_R 1 -3.927e+04 2.534e+02 1.742e+02
s>            ( QUESTION2_10_L -1 -3.153e+04 1.545e+02 1.394e+02
s>                ( - -3.101e+04 7 0)
s>                ( - -3.624e+02 1 0))
s>            ( QUESTION0_9_R 1 -7.490e+03 2.293e+02 3.486e+01
s>                ( - -1.133e+03 1 0)
s>                ( QUESTION0 -1 -6.128e+03 1.360e+02 2.886e+01
s>                    ( - -2.624e+03 1 0)
s>                    ( - -3.369e+03 2 0 QUESTION2_6_L -1 1.060e+02 1.603e+01))))
s>        ( QUESTION0_16_R 1 -8.386e+04 2.272e+02 3.816e+02
s>            ( - -1.087e+03 1 0)
s>            ( QUESTION0_14_R 1 -8.255e+04 1.882e+02 3.756e+02
s>                ( - -8.206e+04 4 0)
s>                ( - -2.991e+02 1 0))))INFO: dtree.c(1315): Comp split 17
INFO: dtree.c(1439): stop. leaf nodes are specific
INFO: dtree.c(1478): Final simple tree
|( WDBNDRY_B 0 -1.586e+05 3.130e+02 7.401e+02
|    ( - -1.567e+05 5 0)
|    ( - -1.586e+03 1 0))
s>    ( WDBNDRY_B 0 -1.586e+05 3.130e+02 7.401e+02
s>        ( - -1.567e+05 5 0)
s>        ( - -1.586e+03 1 0))INFO: dtree.c(1315): Comp split 18
INFO: dtree.c(1439): stop. leaf nodes are specific
INFO: dtree.c(1478): Final simple tree
|( QUESTION12 -1 -1.809e+04 2.484e+02 8.294e+01
|    ( - -8.599e+03 1 0)
|    ( QUESTION10 -1 -9.246e+03 1.566e+02 4.246e+01
|        ( - -4.176e+03 1 0)
|        ( - -4.913e+03 1 0)))
s>    ( QUESTION12 -1 -1.809e+04 2.484e+02 8.294e+01
s>        ( - -8.599e+03 1 0)
s>        ( QUESTION10 -1 -9.246e+03 1.566e+02 4.246e+01
s>            ( - -4.176e+03 1 0)
s>            ( - -4.913e+03 1 0)))INFO: dtree.c(1439): stop. leaf nodes are specific
INFO: dtree.c(1478): Final simple tree
|( QUESTION2 -1 -2.166e+04 1.785e+02 1.103e+02
|    ( - -2.774e+03 1 0)
|    ( - -1.871e+04 1 0))
s>    ( QUESTION2 -1 -2.166e+04 1.785e+02 1.103e+02
s>        ( - -2.774e+03 1 0)
s>        ( - -1.871e+04 1 0))INFO: dtree.c(1315): Comp split 19
INFO: dtree.c(1439): stop. leaf nodes are specific
INFO: dtree.c(1478): Final simple tree
|( WDBNDRY_B 0 -1.339e+05 3.655e+02 6.283e+02
|    ( QUESTION2_19_L -1 -5.411e+04 3.114e+02 2.559e+02
|        ( QUESTION0_9_R 1 -3.620e+04 2.221e+02 1.702e+02
|            ( - -7.823e+03 3 0)
|            ( - -2.816e+04 2 0))
|        ( QUESTION0 -1 -1.760e+04 2.147e+02 8.572e+01
|            ( - -1.390e+04 1 0)
|            ( - -3.484e+03 1 0)))
|    ( - -7.943e+04 1 0))
s>    ( WDBNDRY_B 0 -1.339e+05 3.655e+02 6.283e+02
s>        ( QUESTION2_19_L -1 -5.411e+04 3.114e+02 2.559e+02
s>            ( QUESTION0_9_R 1 -3.620e+04 2.221e+02 1.702e+02
s>                ( - -7.823e+03 3 0)
s>                ( - -2.816e+04 2 0))
s>            ( QUESTION0 -1 -1.760e+04 2.147e+02 8.572e+01
s>                ( - -1.390e+04 1 0)
s>                ( - -3.484e+03 1 0)))
s>        ( - -7.943e+04 1 0))INFO: dtree.c(1439): stop. leaf nodes are specific
INFO: dtree.c(1478): Final simple tree
|( WDBNDRY_B 0 -5.516e+04 2.205e+02 2.551e+02
|    ( - -1.325e+03 2 0)
|    ( - -5.362e+04 1 0))
s>    ( WDBNDRY_B 0 -5.516e+04 2.205e+02 2.551e+02
s>        ( - -1.325e+03 2 0)
s>        ( - -5.362e+04 1 0))INFO: dtree.c(1315): Comp split 20
INFO: dtree.c(1439): stop. leaf nodes are specific
INFO: dtree.c(1478): Final simple tree
|( QUESTION15 -1 -2.293e+05 3.171e+02 1.069e+03
|    ( - -1.031e+04 1 0)
|    ( WDBNDRY_B 0 -2.187e+05 1.691e+02 1.019e+03
|        ( - -3.338e+02 1 0)
|        ( - -2.182e+05 2 0)))
s>    ( QUESTION15 -1 -2.293e+05 3.171e+02 1.069e+03
s>        ( - -1.031e+04 1 0)
s>        ( WDBNDRY_B 0 -2.187e+05 1.691e+02 1.019e+03
s>            ( - -3.338e+02 1 0)
s>            ( - -2.182e+05 2 0)))INFO: dtree.c(1315): Comp split 21
INFO: dtree.c(1439): stop. leaf nodes are specific
INFO: dtree.c(1478): Final simple tree
|( WDBNDRY_B 0 -1.120e+05 2.678e+02 5.174e+02
|    ( - -3.035e+04 2 0)
|    ( - -8.141e+04 2 0))
s>    ( WDBNDRY_B 0 -1.120e+05 2.678e+02 5.174e+02
s>        ( - -3.035e+04 2 0)
s>        ( - -8.141e+04 2 0))INFO: dtree.c(1315): Comp split 22
INFO: dtree.c(1439): stop. leaf nodes are specific
INFO: dtree.c(1478): Final simple tree
|( QUESTION0_9_R 1 -8.340e+04 2.110e+02 3.796e+02
|    ( - -1.133e+03 1 0)
|    ( - -8.206e+04 4 0))
s>    ( QUESTION0_9_R 1 -8.340e+04 2.110e+02 3.796e+02
s>        ( - -1.133e+03 1 0)
s>        ( - -8.206e+04 4 0))INFO: dtree.c(1439): stop. leaf nodes are specific
INFO: dtree.c(1478): Final simple tree
|( QUESTION0_16_R 1 -3.970e+04 2.827e+02 1.763e+02
|    ( QUESTION2_0_L -1 -7.398e+03 1.827e+02 3.488e+01
|        ( QUESTION0 -1 -6.128e+03 1.360e+02 2.886e+01
|            ( - -2.624e+03 1 0)
|            ( QUESTION2_6_L -1 -3.369e+03 1.060e+02 1.603e+01
|                ( - -2.913e+03 1 0)
|                ( - -3.492e+02 1 0)))
|        ( - -1.087e+03 1 0))
|    ( QUESTION0_14_R 1 -3.202e+04 1.891e+02 1.414e+02
|        ( QUESTION2_10_L -1 -3.153e+04 1.545e+02 1.394e+02
|            ( - -3.101e+04 7 0)
|            ( - -3.624e+02 1 0))
|        ( - -2.991e+02 1 0)))
s>    ( QUESTION0_16_R 1 -3.970e+04 2.827e+02 1.763e+02
s>        ( QUESTION2_0_L -1 -7.398e+03 1.827e+02 3.488e+01
s>            ( QUESTION0 -1 -6.128e+03 1.360e+02 2.886e+01
s>                ( - -2.624e+03 1 0)
s>                ( QUESTION2_6_L -1 -3.369e+03 1.060e+02 1.603e+01
s>                    ( - -2.913e+03 1 0)
s>                    ( - -3.492e+02 1 0)))
s>            ( - -1.087e+03 1 0))
s>        ( QUESTION0_14_R 1 -3.202e+04 1.891e+02 1.414e+02
s>            ( QUESTION2_10_L -1 -3.153e+04 1.545e+02 1.394e+02
s>                ( - -3.101e+04 7 0)
s>                ( - -3.624e+02 1 0))
s>            ( - -2.991e+02 1 0)))INFO: dtree.c(1315): Comp split 23
INFO: dtree.c(1439): stop. leaf nodes are specific
INFO: dtree.c(1478): Final simple tree
|( QUESTION2_13_L -1 -1.222e+05 4.629e+02 5.732e+02
|    ( - -2.115e+04 1 0)
|    ( QUESTION10 -1 -1.006e+05 2.911e+02 4.698e+02
|        ( - -1.134e+04 1 0)
|        ( QUESTION15 -1 -8.900e+04 2.521e+02 4.147e+02
|            ( - -3.781e+03 1 0)
|            ( WDBNDRY_B 0 -8.497e+04 1.309e+02 3.967e+02
|                ( - -3.749e+03 1 0)
|                ( - -8.109e+04 3 0)))))
s>    ( QUESTION2_13_L -1 -1.222e+05 4.629e+02 5.732e+02
s>        ( - -2.115e+04 1 0)
s>        ( QUESTION10 -1 -1.006e+05 2.911e+02 4.698e+02
s>            ( - -1.134e+04 1 0)
s>            ( QUESTION15 -1 -8.900e+04 2.521e+02 4.147e+02
s>                ( - -3.781e+03 1 0)
s>                ( WDBNDRY_B 0 -8.497e+04 1.309e+02 3.967e+02
s>                    ( - -3.749e+03 1 0)
s>                    ( - -8.109e+04 3 0)))))INFO: dtree.c(1315): Comp split 24
INFO: dtree.c(1439): stop. leaf nodes are specific
INFO: dtree.c(1478): Final simple tree
|( QUESTION2_10_L -1 -2.083e+05 2.820e+02 9.544e+02
|    ( - -3.004e+03 1 0)
|    ( QUESTION0_14_R 1 -2.050e+05 1.887e+02 9.390e+02
|        ( QUESTION10 -1 -2.021e+05 1.170e+02 9.259e+02
|            ( - -1.023e+03 1 0)
|            ( - -2.009e+05 4 0))
|        ( - -2.733e+03 1 0)))
s>    ( QUESTION2_10_L -1 -2.083e+05 2.820e+02 9.544e+02
s>        ( - -3.004e+03 1 0)
s>        ( QUESTION0_14_R 1 -2.050e+05 1.887e+02 9.390e+02
s>            ( QUESTION10 -1 -2.021e+05 1.170e+02 9.259e+02
s>                ( - -1.023e+03 1 0)
s>                ( - -2.009e+05 4 0))
s>            ( - -2.733e+03 1 0)))INFO: dtree.c(1315): Comp split 25
INFO: dtree.c(1439): stop. leaf nodes are specific
INFO: dtree.c(1478): Final simple tree
|( QUESTION10 -1 -1.006e+05 2.911e+02 4.698e+02
|    ( - -1.134e+04 1 0)
|    ( QUESTION15 -1 -8.900e+04 2.521e+02 4.147e+02
|        ( - -3.781e+03 1 0)
|        ( WDBNDRY_B 0 -8.497e+04 1.309e+02 3.967e+02
|            ( - -3.749e+03 1 0)
|            ( - -8.109e+04 3 0))))
s>    ( QUESTION10 -1 -1.006e+05 2.911e+02 4.698e+02
s>        ( - -1.134e+04 1 0)
s>        ( QUESTION15 -1 -8.900e+04 2.521e+02 4.147e+02
s>            ( - -3.781e+03 1 0)
s>            ( WDBNDRY_B 0 -8.497e+04 1.309e+02 3.967e+02
s>                ( - -3.749e+03 1 0)
s>                ( - -8.109e+04 3 0))))INFO: dtree.c(1315): Comp split 26
INFO: dtree.c(1439): stop. leaf nodes are specific
INFO: dtree.c(1478): Final simple tree
|( QUESTION12 -1 -1.023e+06 1.359e+02 4.763e+03
|    ( - -6.815e+02 1 0)
|    ( WDBNDRY_B 0 -1.022e+06 9.078e+01 4.760e+03
|        ( - -3.321e+02 1 0)
|        ( - -1.022e+06 8 0)))
s>    ( QUESTION12 -1 -1.023e+06 1.359e+02 4.763e+03
s>        ( - -6.815e+02 1 0)
s>        ( WDBNDRY_B 0 -1.022e+06 9.078e+01 4.760e+03
s>            ( - -3.321e+02 1 0)
s>            ( - -1.022e+06 8 0)))INFO: dtree.c(1315): Comp split 27
INFO: dtree.c(1439): stop. leaf nodes are specific
INFO: dtree.c(1478): Final simple tree
|( QUESTION0_9_R 1 -1.396e+04 2.584e+02 7.087e+01
|    ( - -1.774e+03 1 0)
|    ( - -1.193e+04 1 0))
s>    ( QUESTION0_9_R 1 -1.396e+04 2.584e+02 7.087e+01
s>        ( - -1.774e+03 1 0)
s>        ( - -1.193e+04 1 0))INFO: dtree.c(1315): Comp split 28
INFO: dtree.c(1439): stop. leaf nodes are specific
INFO: dtree.c(1478): Final simple tree
|( QUESTION2_13_L -1 -5.040e+04 2.952e+02 2.396e+02
|    ( - -1.390e+04 1 0)
|    ( QUESTION0_9_R 1 -3.620e+04 2.221e+02 1.702e+02
|        ( - -7.823e+03 3 0)
|        ( - -2.816e+04 2 0)))
s>    ( QUESTION2_13_L -1 -5.040e+04 2.952e+02 2.396e+02
s>        ( - -1.390e+04 1 0)
s>        ( QUESTION0_9_R 1 -3.620e+04 2.221e+02 1.702e+02
s>            ( - -7.823e+03 3 0)
s>            ( - -2.816e+04 2 0)))INFO: dtree.c(1439): stop. leaf nodes are specific
INFO: dtree.c(1478): Final simple tree
|( WDBNDRY_B 0 -8.309e+04 1.679e+02 3.886e+02
|    ( - -3.484e+03 1 0)
|    ( - -7.943e+04 1 0))
s>    ( WDBNDRY_B 0 -8.309e+04 1.679e+02 3.886e+02
s>        ( - -3.484e+03 1 0)
s>        ( - -7.943e+04 1 0))INFO: dtree.c(1315): Comp split 29
INFO: dtree.c(1439): stop. leaf nodes are specific
INFO: dtree.c(1478): Final simple tree
|( WDBNDRY_B 0 -2.187e+05 1.691e+02 1.019e+03
|    ( - -3.338e+02 1 0)
|    ( - -2.182e+05 2 0))
s>    ( WDBNDRY_B 0 -2.187e+05 1.691e+02 1.019e+03
s>        ( - -3.338e+02 1 0)
s>        ( - -2.182e+05 2 0))INFO: dtree.c(1315): Comp split 30
INFO: dtree.c(1315): Comp split 31
INFO: dtree.c(1439): stop. leaf nodes are specific
INFO: dtree.c(1478): Final simple tree
|( QUESTION0_9_R 1 -2.193e+04 2.081e+02 1.073e+02
|    ( - -7.823e+03 3 0)
|    ( - -1.390e+04 1 0))
s>    ( QUESTION0_9_R 1 -2.193e+04 2.081e+02 1.073e+02
s>        ( - -7.823e+03 3 0)
s>        ( - -1.390e+04 1 0))INFO: dtree.c(1315): Comp split 32
INFO: dtree.c(1439): stop. leaf nodes are specific
INFO: dtree.c(1478): Final simple tree
|( QUESTION15 -1 -8.900e+04 2.521e+02 4.147e+02
|    ( - -3.781e+03 1 0)
|    ( WDBNDRY_B 0 -8.497e+04 1.309e+02 3.967e+02
|        ( - -3.749e+03 1 0)
|        ( - -8.109e+04 3 0)))
s>    ( QUESTION15 -1 -8.900e+04 2.521e+02 4.147e+02
s>        ( - -3.781e+03 1 0)
s>        ( WDBNDRY_B 0 -8.497e+04 1.309e+02 3.967e+02
s>            ( - -3.749e+03 1 0)
s>            ( - -8.109e+04 3 0)))INFO: dtree.c(1315): Comp split 33
INFO: dtree.c(1439): stop. leaf nodes are specific
INFO: dtree.c(1478): Final simple tree
|( QUESTION2_0_L -1 -7.398e+03 1.827e+02 3.488e+01
|    ( QUESTION0 -1 -6.128e+03 1.360e+02 2.886e+01
|        ( - -2.624e+03 1 0)
|        ( QUESTION2_6_L -1 -3.369e+03 1.060e+02 1.603e+01
|            ( - -2.913e+03 1 0)
|            ( - -3.492e+02 1 0)))
|    ( - -1.087e+03 1 0))
s>    ( QUESTION2_0_L -1 -7.398e+03 1.827e+02 3.488e+01
s>        ( QUESTION0 -1 -6.128e+03 1.360e+02 2.886e+01
s>            ( - -2.624e+03 1 0)
s>            ( QUESTION2_6_L -1 -3.369e+03 1.060e+02 1.603e+01
s>                ( - -2.913e+03 1 0)
s>                ( - -3.492e+02 1 0)))
s>        ( - -1.087e+03 1 0))INFO: dtree.c(1439): stop. leaf nodes are specific
INFO: dtree.c(1478): Final simple tree
|( QUESTION0_14_R 1 -3.202e+04 1.891e+02 1.414e+02
|    ( QUESTION2_10_L -1 -3.153e+04 1.545e+02 1.394e+02
|        ( - -3.101e+04 7 0)
|        ( - -3.624e+02 1 0))
|    ( - -2.991e+02 1 0))
s>    ( QUESTION0_14_R 1 -3.202e+04 1.891e+02 1.414e+02
s>        ( QUESTION2_10_L -1 -3.153e+04 1.545e+02 1.394e+02
s>            ( - -3.101e+04 7 0)
s>            ( - -3.624e+02 1 0))
s>        ( - -2.991e+02 1 0))INFO: dtree.c(1315): Comp split 34
INFO: dtree.c(1439): stop. leaf nodes are specific
INFO: dtree.c(1478): Final simple tree
|( QUESTION0_14_R 1 -2.050e+05 1.887e+02 9.390e+02
|    ( QUESTION10 -1 -2.021e+05 1.170e+02 9.259e+02
|        ( - -1.023e+03 1 0)
|        ( - -2.009e+05 4 0))
|    ( - -2.733e+03 1 0))
s>    ( QUESTION0_14_R 1 -2.050e+05 1.887e+02 9.390e+02
s>        ( QUESTION10 -1 -2.021e+05 1.170e+02 9.259e+02
s>            ( - -1.023e+03 1 0)
s>            ( - -2.009e+05 4 0))
s>        ( - -2.733e+03 1 0))INFO: dtree.c(1315): Comp split 35
INFO: dtree.c(1315): Comp split 36
INFO: dtree.c(1315): Comp split 37
INFO: dtree.c(1439): stop. leaf nodes are specific
INFO: dtree.c(1478): Final simple tree
|( WDBNDRY_B 0 -8.497e+04 1.309e+02 3.967e+02
|    ( - -3.749e+03 1 0)
|    ( - -8.109e+04 3 0))
s>    ( WDBNDRY_B 0 -8.497e+04 1.309e+02 3.967e+02
s>        ( - -3.749e+03 1 0)
s>        ( - -8.109e+04 3 0))INFO: dtree.c(1315): Comp split 38
INFO: dtree.c(1439): stop. leaf nodes are specific
INFO: dtree.c(1478): Final simple tree
|( QUESTION10 -1 -9.246e+03 1.566e+02 4.246e+01
|    ( - -4.176e+03 1 0)
|    ( - -4.913e+03 1 0))
s>    ( QUESTION10 -1 -9.246e+03 1.566e+02 4.246e+01
s>        ( - -4.176e+03 1 0)
s>        ( - -4.913e+03 1 0))INFO: dtree.c(1315): Comp split 39
INFO: dtree.c(1315): Comp split 40
INFO: dtree.c(1315): Comp split 41
INFO: dtree.c(1315): Comp split 42
INFO: dtree.c(1315): Comp split 43
INFO: dtree.c(1439): stop. leaf nodes are specific
INFO: dtree.c(1478): Final simple tree
|( QUESTION2_10_L -1 -3.153e+04 1.545e+02 1.394e+02
|    ( - -3.101e+04 7 0)
|    ( - -3.624e+02 1 0))
s>    ( QUESTION2_10_L -1 -3.153e+04 1.545e+02 1.394e+02
s>        ( - -3.101e+04 7 0)
s>        ( - -3.624e+02 1 0))INFO: dtree.c(1315): Comp split 44
INFO: dtree.c(1439): stop. leaf nodes are specific
INFO: dtree.c(1478): Final simple tree
|( QUESTION10 -1 -2.021e+05 1.170e+02 9.259e+02
|    ( - -1.023e+03 1 0)
|    ( - -2.009e+05 4 0))
s>    ( QUESTION10 -1 -2.021e+05 1.170e+02 9.259e+02
s>        ( - -1.023e+03 1 0)
s>        ( - -2.009e+05 4 0))INFO: dtree.c(1315): Comp split 45
INFO: dtree.c(1315): Comp split 46
INFO: dtree.c(1315): Comp split 47
INFO: dtree.c(1439): stop. leaf nodes are specific
INFO: dtree.c(1478): Final simple tree
|( QUESTION0 -1 -6.128e+03 1.360e+02 2.886e+01
|    ( - -2.624e+03 1 0)
|    ( QUESTION2_6_L -1 -3.369e+03 1.060e+02 1.603e+01
|        ( - -2.913e+03 1 0)
|        ( - -3.492e+02 1 0)))
s>    ( QUESTION0 -1 -6.128e+03 1.360e+02 2.886e+01
s>        ( - -2.624e+03 1 0)
s>        ( QUESTION2_6_L -1 -3.369e+03 1.060e+02 1.603e+01
s>            ( - -2.913e+03 1 0)
s>            ( - -3.492e+02 1 0)))INFO: dtree.c(1315): Comp split 48
INFO: dtree.c(1439): stop. leaf nodes are specific
INFO: dtree.c(1478): Final simple tree
|( QUESTION12 -1 -2.488e+04 1.284e+02 1.115e+02
|    ( - -9.183e+03 4 0)
|    ( QUESTION14 -1 -1.557e+04 1.153e+02 7.042e+01
|        ( - -1.178e+04 4 0)
|        ( - -3.674e+03 2 0)))
s>    ( QUESTION12 -1 -2.488e+04 1.284e+02 1.115e+02
s>        ( - -9.183e+03 4 0)
s>        ( QUESTION14 -1 -1.557e+04 1.153e+02 7.042e+01
s>            ( - -1.178e+04 4 0)
s>            ( - -3.674e+03 2 0)))INFO: dtree.c(1315): Comp split 49
INFO: dtree.c(1315): Comp split 50
INFO: dtree.c(1315): Comp split 51
INFO: dtree.c(1315): Comp split 52
INFO: dtree.c(1315): Comp split 53
INFO: dtree.c(1315): Comp split 54
INFO: dtree.c(1439): stop. leaf nodes are specific
INFO: dtree.c(1478): Final simple tree
|( QUESTION0 -1 -1.010e+05 1.342e+02 4.666e+02
|    ( - -1.003e+05 9 0)
|    ( - -5.801e+02 1 0))
s>    ( QUESTION0 -1 -1.010e+05 1.342e+02 4.666e+02
s>        ( - -1.003e+05 9 0)
s>        ( - -5.801e+02 1 0))INFO: dtree.c(1315): Comp split 55
INFO: dtree.c(1439): stop. leaf nodes are specific
INFO: dtree.c(1478): Final simple tree
|( QUESTION2_6_L -1 -3.369e+03 1.060e+02 1.603e+01
|    ( - -2.913e+03 1 0)
|    ( - -3.492e+02 1 0))
s>    ( QUESTION2_6_L -1 -3.369e+03 1.060e+02 1.603e+01
s>        ( - -2.913e+03 1 0)
s>        ( - -3.492e+02 1 0))INFO: dtree.c(1315): Comp split 56
INFO: dtree.c(1439): stop. leaf nodes are specific
INFO: dtree.c(1478): Final simple tree
|( WDBNDRY_B 0 -1.022e+06 9.078e+01 4.760e+03
|    ( - -3.321e+02 1 0)
|    ( - -1.022e+06 8 0))
s>    ( WDBNDRY_B 0 -1.022e+06 9.078e+01 4.760e+03
s>        ( - -3.321e+02 1 0)
s>        ( - -1.022e+06 8 0))INFO: dtree.c(1315): Comp split 57
INFO: dtree.c(1315): Comp split 58
INFO: dtree.c(1315): Comp split 59
INFO: dtree.c(1439): stop. leaf nodes are specific
INFO: dtree.c(1478): Final simple tree
|( QUESTION14 -1 -1.557e+04 1.153e+02 7.042e+01
|    ( - -1.178e+04 4 0)
|    ( - -3.674e+03 2 0))
s>    ( QUESTION14 -1 -1.557e+04 1.153e+02 7.042e+01
s>        ( - -1.178e+04 4 0)
s>        ( - -3.674e+03 2 0))INFO: dtree.c(1315): Comp split 60
INFO: dtree.c(1315): Comp split 61
INFO: dtree.c(1315): Comp split 62
INFO: dtree.c(1315): Comp split 63
INFO: dtree.c(1315): Comp split 64
INFO: dtree.c(1315): Comp split 65
INFO: dtree.c(1318): stop. leaf nodes are specific
Fri Jan  6 22:27:07 2023
