Current configuration:
[NAME]		[DEFLT]	[VALUE]
-allphones	no	no
-cntthresh	0.00001	1.000000e-05
-csplitmax	100	2000
-csplitmin	1	1
-csplitthr	8e-4	0.000000e+00
-example	no	no
-fullvar	no	no
-help		no	no
-meanfn			/mnt/c/users/robin/onedrive/desktop/cmu/Cebuano/model_parameters/Cebuano.cd_cont_untied/means
-mixwfn			/mnt/c/users/robin/onedrive/desktop/cmu/Cebuano/model_parameters/Cebuano.cd_cont_untied/mixture_weights
-moddeffn		/mnt/c/users/robin/onedrive/desktop/cmu/Cebuano/model_architecture/Cebuano.untied.mdef
-mwfloor	1e-4	1.000000e-08
-phone			HH
-psetfn			/mnt/c/users/robin/onedrive/desktop/cmu/Cebuano/model_architecture/Cebuano.tree_questions
-ssplitmax	5	7
-ssplitmin	1	1
-ssplitthr	8e-4	0.000000e+00
-state			0
-stwt			1.0,0.05,0.0,
-treefn			/mnt/c/users/robin/onedrive/desktop/cmu/Cebuano/trees/Cebuano.unpruned/HH-0.dtree
-ts2cbfn	.semi.	.cont.
-varfloor	0.00001	1.000000e-05
-varfn			/mnt/c/users/robin/onedrive/desktop/cmu/Cebuano/model_parameters/Cebuano.cd_cont_untied/variances

INFO: main.c(223): Reading: /mnt/c/users/robin/onedrive/desktop/cmu/Cebuano/model_architecture/Cebuano.untied.mdef
INFO: model_def_io.c(573): Model definition info:
INFO: model_def_io.c(574): 7744 total models defined (40 base, 7704 tri)
INFO: model_def_io.c(575): 30976 total states
INFO: model_def_io.c(576): 23232 total tied states
INFO: model_def_io.c(577): 120 total tied CI states
INFO: model_def_io.c(578): 40 total tied transition matrices
INFO: model_def_io.c(579): 4 max state/model
INFO: model_def_io.c(580): 4 min state/model
INFO: main.c(242): Building trees for [HH AA AA b] through [HH Z AE b]
INFO: main.c(268): Covering states |[9609 9974]| == 366
INFO: main.c(275): Reading: /mnt/c/users/robin/onedrive/desktop/cmu/Cebuano/model_parameters/Cebuano.cd_cont_untied/mixture_weights
INFO: s3mixw_io.c(172): Read /mnt/c/users/robin/onedrive/desktop/cmu/Cebuano/model_parameters/Cebuano.cd_cont_untied/mixture_weights [366x1x1 array]
INFO: main.c(311): 120 of 122 models have observation count greater than 0.000010
INFO: main.c(95): nrm stwt: 0.952 0.048 0.000 
INFO: s3gau_io.c(168): Read /mnt/c/users/robin/onedrive/desktop/cmu/Cebuano/model_parameters/Cebuano.cd_cont_untied/means [23232x1x1 array]
INFO: s3gau_io.c(168): Read /mnt/c/users/robin/onedrive/desktop/cmu/Cebuano/model_parameters/Cebuano.cd_cont_untied/variances [23232x1x1 array]
INFO: main.c(549): Reading: /mnt/c/users/robin/onedrive/desktop/cmu/Cebuano/model_architecture/Cebuano.tree_questions
INFO: main.c(587): 180 total simple questions (172 phone; 8 word bndry)
INFO: main.c(589): 42 Left Only questions, and 42 Right Only questions
INFO: dtree.c(1478): Final simple tree
|( SILENCE -1 -4.255e+06 1.408e+04 1.925e+04
|    ( QUESTION14 1 -5.167e+05 4.144e+03 2.419e+03
|        ( - -1.202e+05 1 0)
|        ( - -3.924e+05 6 0 QUESTION0_14_R 1 2.575e+03 1.840e+03))
|    ( QUESTION2_19_L -1 -3.724e+06 1.021e+04 1.683e+04
|        ( QUESTION17 1 -2.027e+06 5.192e+03 9.246e+03
|            ( - -1.710e+05 4 0 WDBNDRY_B 0 5.028e+02 7.815e+02)
|            ( QUESTION14 1 -1.850e+06 4.400e+03 8.464e+03
|                ( - -2.474e+05 9 0 QUESTION0_9_R 1 1.070e+03 1.127e+03)
|                ( - -1.599e+06 23 0 WDBNDRY_I 0 2.569e+03 7.337e+03)))
|        ( WDBNDRY_B 0 -1.687e+06 4.587e+03 7.581e+03
|            ( - -7.503e+05 59 0 QUESTION2_0_L -1 2.249e+03 3.439e+03)
|            ( QUESTION2_12_L -1 -9.322e+05 4.269e+03 4.142e+03
|                ( - -3.154e+05 6 0 QUESTION0_15_R 1 1.915e+03 1.437e+03)
|                ( - -6.125e+05 12 0 QUESTION2_6_L -1 3.442e+03 2.704e+03)))))
s>    ( SILENCE -1 -4.255e+06 1.408e+04 1.925e+04
s>        ( QUESTION14 1 -5.167e+05 4.144e+03 2.419e+03
s>            ( - -1.202e+05 1 0)
s>            ( - -3.924e+05 6 0 QUESTION0_14_R 1 2.575e+03 1.840e+03))
s>        ( QUESTION2_19_L -1 -3.724e+06 1.021e+04 1.683e+04
s>            ( QUESTION17 1 -2.027e+06 5.192e+03 9.246e+03
s>                ( - -1.710e+05 4 0 WDBNDRY_B 0 5.028e+02 7.815e+02)
s>                ( QUESTION14 1 -1.850e+06 4.400e+03 8.464e+03
s>                    ( - -2.474e+05 9 0 QUESTION0_9_R 1 1.070e+03 1.127e+03)
s>                    ( - -1.599e+06 23 0 WDBNDRY_I 0 2.569e+03 7.337e+03)))
s>            ( WDBNDRY_B 0 -1.687e+06 4.587e+03 7.581e+03
s>                ( - -7.503e+05 59 0 QUESTION2_0_L -1 2.249e+03 3.439e+03)
s>                ( QUESTION2_12_L -1 -9.322e+05 4.269e+03 4.142e+03
s>                    ( - -3.154e+05 6 0 QUESTION0_15_R 1 1.915e+03 1.437e+03)
s>                    ( - -6.125e+05 12 0 QUESTION2_6_L -1 3.442e+03 2.704e+03)))))INFO: dtree.c(1315): Comp split 0
INFO: dtree.c(1478): Final simple tree
|( QUESTION2_19_L -1 -3.724e+06 1.021e+04 1.683e+04
|    ( QUESTION17 1 -2.027e+06 5.192e+03 9.246e+03
|        ( - -1.710e+05 4 0 WDBNDRY_B 0 5.028e+02 7.815e+02)
|        ( QUESTION14 1 -1.850e+06 4.400e+03 8.464e+03
|            ( - -2.474e+05 9 0 QUESTION0_9_R 1 1.070e+03 1.127e+03)
|            ( WDBNDRY_I 0 -1.599e+06 2.569e+03 7.337e+03
|                ( - -1.356e+06 11 0 QUESTION0_9_R 1 1.316e+03 6.198e+03)
|                ( - -2.400e+05 12 0 QUESTION0_9_R 1 3.974e+02 1.138e+03))))
|    ( WDBNDRY_B 0 -1.687e+06 4.587e+03 7.581e+03
|        ( - -7.503e+05 59 0 QUESTION2_0_L -1 2.249e+03 3.439e+03)
|        ( QUESTION2_12_L -1 -9.322e+05 4.269e+03 4.142e+03
|            ( - -3.154e+05 6 0 QUESTION0_15_R 1 1.915e+03 1.437e+03)
|            ( QUESTION2_6_L -1 -6.125e+05 3.442e+03 2.704e+03
|                ( - -1.542e+05 3 0 QUESTION0_9_R 1 2.966e+02 7.124e+02)
|                ( - -4.548e+05 9 0 QUESTION0_9_R 1 1.607e+03 1.992e+03)))))
s>    ( QUESTION2_19_L -1 -3.724e+06 1.021e+04 1.683e+04
s>        ( QUESTION17 1 -2.027e+06 5.192e+03 9.246e+03
s>            ( - -1.710e+05 4 0 WDBNDRY_B 0 5.028e+02 7.815e+02)
s>            ( QUESTION14 1 -1.850e+06 4.400e+03 8.464e+03
s>                ( - -2.474e+05 9 0 QUESTION0_9_R 1 1.070e+03 1.127e+03)
s>                ( WDBNDRY_I 0 -1.599e+06 2.569e+03 7.337e+03
s>                    ( - -1.356e+06 11 0 QUESTION0_9_R 1 1.316e+03 6.198e+03)
s>                    ( - -2.400e+05 12 0 QUESTION0_9_R 1 3.974e+02 1.138e+03))))
s>        ( WDBNDRY_B 0 -1.687e+06 4.587e+03 7.581e+03
s>            ( - -7.503e+05 59 0 QUESTION2_0_L -1 2.249e+03 3.439e+03)
s>            ( QUESTION2_12_L -1 -9.322e+05 4.269e+03 4.142e+03
s>                ( - -3.154e+05 6 0 QUESTION0_15_R 1 1.915e+03 1.437e+03)
s>                ( QUESTION2_6_L -1 -6.125e+05 3.442e+03 2.704e+03
s>                    ( - -1.542e+05 3 0 QUESTION0_9_R 1 2.966e+02 7.124e+02)
s>                    ( - -4.548e+05 9 0 QUESTION0_9_R 1 1.607e+03 1.992e+03)))))INFO: dtree.c(1439): stop. leaf nodes are specific
INFO: dtree.c(1478): Final simple tree
|( QUESTION14 1 -5.167e+05 4.144e+03 2.419e+03
|    ( - -1.202e+05 1 0)
|    ( QUESTION0_14_R 1 -3.924e+05 2.575e+03 1.840e+03
|        ( - -3.551e+05 5 0)
|        ( - -3.480e+04 1 0)))
s>    ( QUESTION14 1 -5.167e+05 4.144e+03 2.419e+03
s>        ( - -1.202e+05 1 0)
s>        ( QUESTION0_14_R 1 -3.924e+05 2.575e+03 1.840e+03
s>            ( - -3.551e+05 5 0)
s>            ( - -3.480e+04 1 0)))INFO: dtree.c(1315): Comp split 1
INFO: dtree.c(1478): Final simple tree
|( QUESTION2_12_L -1 -1.938e+06 5.062e+03 8.708e+03
|    ( QUESTION2_15_L -1 -6.113e+05 3.028e+03 2.773e+03
|        ( QUESTION15 1 -3.301e+05 1.896e+03 1.503e+03
|            ( - -2.853e+04 1 0)
|            ( - -2.997e+05 7 0 QUESTION0_14_R 1 6.001e+02 1.373e+03))
|        ( - -2.782e+05 13 0 QUESTION0_9_R 1 1.132e+03 1.270e+03))
|    ( WDBNDRY_B 0 -1.322e+06 4.404e+03 5.935e+03
|        ( QUESTION2_9_L -1 -7.050e+05 2.267e+03 3.231e+03
|            ( - -1.899e+05 13 0 QUESTION15 1 1.302e+03 9.020e+02)
|            ( QUESTION14 1 -5.128e+05 1.757e+03 2.329e+03
|                ( - -1.010e+05 8 0 QUESTION0 -1 2.407e+02 4.508e+02)
|                ( - -4.101e+05 32 0 QUESTION0 -1 1.521e+03 1.878e+03)))
|        ( QUESTION2_6_L -1 -6.125e+05 3.442e+03 2.704e+03
|            ( - -1.542e+05 3 0 QUESTION0_9_R 1 2.966e+02 7.124e+02)
|            ( - -4.548e+05 9 0 QUESTION0_9_R 1 1.607e+03 1.992e+03))))
s>    ( QUESTION2_12_L -1 -1.938e+06 5.062e+03 8.708e+03
s>        ( QUESTION2_15_L -1 -6.113e+05 3.028e+03 2.773e+03
s>            ( QUESTION15 1 -3.301e+05 1.896e+03 1.503e+03
s>                ( - -2.853e+04 1 0)
s>                ( - -2.997e+05 7 0 QUESTION0_14_R 1 6.001e+02 1.373e+03))
s>            ( - -2.782e+05 13 0 QUESTION0_9_R 1 1.132e+03 1.270e+03))
s>        ( WDBNDRY_B 0 -1.322e+06 4.404e+03 5.935e+03
s>            ( QUESTION2_9_L -1 -7.050e+05 2.267e+03 3.231e+03
s>                ( - -1.899e+05 13 0 QUESTION15 1 1.302e+03 9.020e+02)
s>                ( QUESTION14 1 -5.128e+05 1.757e+03 2.329e+03
s>                    ( - -1.010e+05 8 0 QUESTION0 -1 2.407e+02 4.508e+02)
s>                    ( - -4.101e+05 32 0 QUESTION0 -1 1.521e+03 1.878e+03)))
s>            ( QUESTION2_6_L -1 -6.125e+05 3.442e+03 2.704e+03
s>                ( - -1.542e+05 3 0 QUESTION0_9_R 1 2.966e+02 7.124e+02)
s>                ( - -4.548e+05 9 0 QUESTION0_9_R 1 1.607e+03 1.992e+03))))INFO: dtree.c(1478): Final simple tree
|( QUESTION17 1 -1.775e+06 5.252e+03 8.118e+03
|    ( WDBNDRY_B 0 -1.710e+05 5.028e+02 7.815e+02
|        ( - -5.408e+04 2 0)
|        ( - -1.164e+05 2 0))
|    ( WDBNDRY_I 0 -1.599e+06 2.569e+03 7.337e+03
|        ( QUESTION0_9_R 1 -1.356e+06 1.316e+03 6.198e+03
|            ( - -1.474e+05 3 0)
|            ( - -1.207e+06 8 0))
|        ( QUESTION0_9_R 1 -2.400e+05 3.974e+02 1.138e+03
|            ( - -4.424e+03 1 0)
|            ( WDBNDRY_B 0 -2.352e+05 2.655e+02 1.117e+03
|                ( QUESTION0_14_R 1 -2.343e+05 2.047e+02 1.113e+03
|                    ( - -2.317e+05 9 0)
|                    ( - -2.410e+03 1 0))
|                ( - -5.569e+02 1 0)))))
s>    ( QUESTION17 1 -1.775e+06 5.252e+03 8.118e+03
s>        ( WDBNDRY_B 0 -1.710e+05 5.028e+02 7.815e+02
s>            ( - -5.408e+04 2 0)
s>            ( - -1.164e+05 2 0))
s>        ( WDBNDRY_I 0 -1.599e+06 2.569e+03 7.337e+03
s>            ( QUESTION0_9_R 1 -1.356e+06 1.316e+03 6.198e+03
s>                ( - -1.474e+05 3 0)
s>                ( - -1.207e+06 8 0))
s>            ( QUESTION0_9_R 1 -2.400e+05 3.974e+02 1.138e+03
s>                ( - -4.424e+03 1 0)
s>                ( WDBNDRY_B 0 -2.352e+05 2.655e+02 1.117e+03
s>                    ( QUESTION0_14_R 1 -2.343e+05 2.047e+02 1.113e+03
s>                        ( - -2.317e+05 9 0)
s>                        ( - -2.410e+03 1 0))
s>                    ( - -5.569e+02 1 0)))))INFO: dtree.c(1315): Comp split 2
INFO: dtree.c(1478): Final simple tree
|( QUESTION2_6_L -1 -6.425e+05 3.519e+03 2.835e+03
|    ( QUESTION0_9_R 1 -1.542e+05 2.966e+02 7.124e+02
|        ( - -3.498e+03 1 0)
|        ( - -1.505e+05 2 0))
|    ( QUESTION0_9_R 1 -4.848e+05 1.652e+03 2.123e+03
|        ( QUESTION10 -1 -1.489e+05 4.813e+02 6.528e+02
|            ( - -1.149e+04 1 0)
|            ( - -1.369e+05 1 0))
|        ( QUESTION0 1 -3.342e+05 1.434e+03 1.470e+03
|            ( QUESTION10 -1 -3.043e+05 3.498e+02 1.339e+03
|                ( QUESTION0_14_R 1 -1.188e+04 2.005e+02 5.408e+01
|                    ( - -8.735e+03 2 0 QUESTION2_10_L -1 1.785e+02 4.008e+01)
|                    ( - -2.942e+03 1 0))
|                ( - -2.920e+05 4 0))
|            ( - -2.853e+04 1 0))))
s>    ( QUESTION2_6_L -1 -6.425e+05 3.519e+03 2.835e+03
s>        ( QUESTION0_9_R 1 -1.542e+05 2.966e+02 7.124e+02
s>            ( - -3.498e+03 1 0)
s>            ( - -1.505e+05 2 0))
s>        ( QUESTION0_9_R 1 -4.848e+05 1.652e+03 2.123e+03
s>            ( QUESTION10 -1 -1.489e+05 4.813e+02 6.528e+02
s>                ( - -1.149e+04 1 0)
s>                ( - -1.369e+05 1 0))
s>            ( QUESTION0 1 -3.342e+05 1.434e+03 1.470e+03
s>                ( QUESTION10 -1 -3.043e+05 3.498e+02 1.339e+03
s>                    ( QUESTION0_14_R 1 -1.188e+04 2.005e+02 5.408e+01
s>                        ( - -8.735e+03 2 0 QUESTION2_10_L -1 1.785e+02 4.008e+01)
s>                        ( - -2.942e+03 1 0))
s>                    ( - -2.920e+05 4 0))
s>                ( - -2.853e+04 1 0))))INFO: dtree.c(1478): Final simple tree
|( WDBNDRY_B 0 -1.290e+06 4.446e+03 5.873e+03
|    ( QUESTION2_0_L -1 -7.998e+05 2.320e+03 3.666e+03
|        ( QUESTION15 1 -3.279e+05 1.318e+03 1.534e+03
|            ( - -9.937e+04 5 0 QUESTION2_6_L -1 6.903e+02 4.822e+02)
|            ( - -2.273e+05 28 0 QUESTION0_14_R 1 8.774e+02 1.052e+03))
|        ( QUESTION14 1 -4.696e+05 1.744e+03 2.132e+03
|            ( - -9.872e+04 6 0 QUESTION15 -1 2.244e+02 4.407e+02)
|            ( QUESTION0 -1 -3.691e+05 1.502e+03 1.691e+03
|                ( - -2.553e+05 7 0 QUESTION0 1 1.034e+03 1.186e+03)
|                ( - -1.123e+05 18 0 QUESTION0_14_R 1 4.953e+02 5.050e+02))))
|    ( QUESTION2_15_L -1 -4.858e+05 2.855e+03 2.207e+03
|        ( - -2.780e+05 4 0 QUESTION0_9_R 1 6.288e+02 1.275e+03)
|        ( QUESTION0_9_R 1 -2.050e+05 1.050e+03 9.323e+02
|            ( - -9.243e+04 3 0)
|            ( - -1.115e+05 2 0 QUESTION0_14_R 1 1.974e+02 5.156e+02))))
s>    ( WDBNDRY_B 0 -1.290e+06 4.446e+03 5.873e+03
s>        ( QUESTION2_0_L -1 -7.998e+05 2.320e+03 3.666e+03
s>            ( QUESTION15 1 -3.279e+05 1.318e+03 1.534e+03
s>                ( - -9.937e+04 5 0 QUESTION2_6_L -1 6.903e+02 4.822e+02)
s>                ( - -2.273e+05 28 0 QUESTION0_14_R 1 8.774e+02 1.052e+03))
s>            ( QUESTION14 1 -4.696e+05 1.744e+03 2.132e+03
s>                ( - -9.872e+04 6 0 QUESTION15 -1 2.244e+02 4.407e+02)
s>                ( QUESTION0 -1 -3.691e+05 1.502e+03 1.691e+03
s>                    ( - -2.553e+05 7 0 QUESTION0 1 1.034e+03 1.186e+03)
s>                    ( - -1.123e+05 18 0 QUESTION0_14_R 1 4.953e+02 5.050e+02))))
s>        ( QUESTION2_15_L -1 -4.858e+05 2.855e+03 2.207e+03
s>            ( - -2.780e+05 4 0 QUESTION0_9_R 1 6.288e+02 1.275e+03)
s>            ( QUESTION0_9_R 1 -2.050e+05 1.050e+03 9.323e+02
s>                ( - -9.243e+04 3 0)
s>                ( - -1.115e+05 2 0 QUESTION0_14_R 1 1.974e+02 5.156e+02))))INFO: dtree.c(1315): Comp split 3
INFO: dtree.c(1439): stop. leaf nodes are specific
INFO: dtree.c(1478): Final simple tree
|( WDBNDRY_I 0 -1.594e+06 2.688e+03 7.316e+03
|    ( QUESTION0_9_R 1 -1.356e+06 1.316e+03 6.198e+03
|        ( - -1.474e+05 3 0)
|        ( - -1.207e+06 8 0))
|    ( WDBNDRY_B 0 -2.352e+05 2.655e+02 1.117e+03
|        ( QUESTION0_14_R 1 -2.343e+05 2.047e+02 1.113e+03
|            ( - -2.317e+05 9 0)
|            ( - -2.410e+03 1 0))
|        ( - -5.569e+02 1 0)))
s>    ( WDBNDRY_I 0 -1.594e+06 2.688e+03 7.316e+03
s>        ( QUESTION0_9_R 1 -1.356e+06 1.316e+03 6.198e+03
s>            ( - -1.474e+05 3 0)
s>            ( - -1.207e+06 8 0))
s>        ( WDBNDRY_B 0 -2.352e+05 2.655e+02 1.117e+03
s>            ( QUESTION0_14_R 1 -2.343e+05 2.047e+02 1.113e+03
s>                ( - -2.317e+05 9 0)
s>                ( - -2.410e+03 1 0))
s>            ( - -5.569e+02 1 0)))INFO: dtree.c(1439): stop. leaf nodes are specific
INFO: dtree.c(1478): Final simple tree
|( WDBNDRY_B 0 -1.757e+05 4.642e+02 8.026e+02
|    ( QUESTION0_9_R 1 -5.881e+04 3.059e+02 2.719e+02
|        ( - -4.424e+03 1 0)
|        ( - -5.408e+04 2 0))
|    ( - -1.164e+05 2 0))
s>    ( WDBNDRY_B 0 -1.757e+05 4.642e+02 8.026e+02
s>        ( QUESTION0_9_R 1 -5.881e+04 3.059e+02 2.719e+02
s>            ( - -4.424e+03 1 0)
s>            ( - -5.408e+04 2 0))
s>        ( - -1.164e+05 2 0))INFO: dtree.c(1315): Comp split 4
INFO: dtree.c(1478): Final simple tree
|( QUESTION2_15_L -1 -5.862e+05 3.340e+03 2.648e+03
|    ( QUESTION0_9_R 1 -2.780e+05 6.288e+02 1.275e+03
|        ( - -2.077e+04 1 0)
|        ( QUESTION0 -1 -2.566e+05 5.312e+02 1.176e+03
|            ( - -1.870e+04 1 0)
|            ( - -2.374e+05 2 0)))
|    ( WDBNDRY_B 0 -3.049e+05 1.136e+03 1.373e+03
|        ( QUESTION15 -1 -9.872e+04 2.244e+02 4.407e+02
|            ( - -4.532e+03 1 0)
|            ( QUESTION0_9_R 1 -9.396e+04 2.017e+02 4.198e+02
|                ( - -4.273e+03 2 0)
|                ( - -8.949e+04 3 0 QUESTION12 -1 1.972e+02 3.989e+02)))
|        ( QUESTION0_9_R 1 -2.050e+05 1.050e+03 9.323e+02
|            ( - -9.243e+04 3 0)
|            ( - -1.115e+05 2 0 QUESTION0_14_R 1 1.974e+02 5.156e+02))))
s>    ( QUESTION2_15_L -1 -5.862e+05 3.340e+03 2.648e+03
s>        ( QUESTION0_9_R 1 -2.780e+05 6.288e+02 1.275e+03
s>            ( - -2.077e+04 1 0)
s>            ( QUESTION0 -1 -2.566e+05 5.312e+02 1.176e+03
s>                ( - -1.870e+04 1 0)
s>                ( - -2.374e+05 2 0)))
s>        ( WDBNDRY_B 0 -3.049e+05 1.136e+03 1.373e+03
s>            ( QUESTION15 -1 -9.872e+04 2.244e+02 4.407e+02
s>                ( - -4.532e+03 1 0)
s>                ( QUESTION0_9_R 1 -9.396e+04 2.017e+02 4.198e+02
s>                    ( - -4.273e+03 2 0)
s>                    ( - -8.949e+04 3 0 QUESTION12 -1 1.972e+02 3.989e+02)))
s>            ( QUESTION0_9_R 1 -2.050e+05 1.050e+03 9.323e+02
s>                ( - -9.243e+04 3 0)
s>                ( - -1.115e+05 2 0 QUESTION0_14_R 1 1.974e+02 5.156e+02))))INFO: dtree.c(1478): Final simple tree
|( QUESTION2_0_L -1 -6.991e+05 2.082e+03 3.225e+03
|    ( QUESTION15 1 -3.279e+05 1.318e+03 1.534e+03
|        ( QUESTION2_6_L -1 -9.937e+04 6.903e+02 4.822e+02
|            ( - -1.580e+04 2 0 QUESTION10 -1 2.107e+02 7.303e+01)
|            ( - -8.287e+04 3 0 QUESTION2_10_L -1 5.090e+02 4.091e+02))
|        ( QUESTION0_14_R 1 -2.273e+05 8.774e+02 1.052e+03
|            ( - -1.308e+05 13 0 QUESTION13 -1 6.053e+02 6.137e+02)
|            ( QUESTION2_19_L -1 -9.556e+04 6.834e+02 4.383e+02
|                ( - -4.864e+04 5 0 QUESTION0_9_R 1 2.999e+02 2.271e+02)
|                ( - -4.624e+04 10 0 QUESTION16 -1 3.980e+02 2.112e+02))))
|    ( QUESTION0 -1 -3.691e+05 1.502e+03 1.691e+03
|        ( QUESTION0 1 -2.553e+05 1.034e+03 1.186e+03
|            ( - -2.101e+05 6 0 QUESTION0_16_R 1 2.151e+02 9.778e+02)
|            ( - -4.416e+04 1 0))
|        ( - -1.123e+05 18 0 QUESTION0_14_R 1 4.953e+02 5.050e+02)))
s>    ( QUESTION2_0_L -1 -6.991e+05 2.082e+03 3.225e+03
s>        ( QUESTION15 1 -3.279e+05 1.318e+03 1.534e+03
s>            ( QUESTION2_6_L -1 -9.937e+04 6.903e+02 4.822e+02
s>                ( - -1.580e+04 2 0 QUESTION10 -1 2.107e+02 7.303e+01)
s>                ( - -8.287e+04 3 0 QUESTION2_10_L -1 5.090e+02 4.091e+02))
s>            ( QUESTION0_14_R 1 -2.273e+05 8.774e+02 1.052e+03
s>                ( - -1.308e+05 13 0 QUESTION13 -1 6.053e+02 6.137e+02)
s>                ( QUESTION2_19_L -1 -9.556e+04 6.834e+02 4.383e+02
s>                    ( - -4.864e+04 5 0 QUESTION0_9_R 1 2.999e+02 2.271e+02)
s>                    ( - -4.624e+04 10 0 QUESTION16 -1 3.980e+02 2.112e+02))))
s>        ( QUESTION0 -1 -3.691e+05 1.502e+03 1.691e+03
s>            ( QUESTION0 1 -2.553e+05 1.034e+03 1.186e+03
s>                ( - -2.101e+05 6 0 QUESTION0_16_R 1 2.151e+02 9.778e+02)
s>                ( - -4.416e+04 1 0))
s>            ( - -1.123e+05 18 0 QUESTION0_14_R 1 4.953e+02 5.050e+02)))INFO: dtree.c(1315): Comp split 5
INFO: dtree.c(1439): stop. leaf nodes are specific
INFO: dtree.c(1478): Final simple tree
|( QUESTION0_14_R 1 -3.924e+05 2.575e+03 1.840e+03
|    ( - -3.551e+05 5 0)
|    ( - -3.480e+04 1 0))
s>    ( QUESTION0_14_R 1 -3.924e+05 2.575e+03 1.840e+03
s>        ( - -3.551e+05 5 0)
s>        ( - -3.480e+04 1 0))INFO: dtree.c(1315): Comp split 6
INFO: dtree.c(1478): Final simple tree
|( QUESTION0_9_R 1 -4.885e+05 1.672e+03 2.139e+03
|    ( QUESTION2_9_L -1 -1.526e+05 4.795e+02 6.691e+02
|        ( - -1.149e+04 1 0)
|        ( QUESTION0_10_R 1 -1.406e+05 2.123e+02 6.168e+02
|            ( - -1.369e+05 1 0)
|            ( - -3.498e+03 1 0)))
|    ( QUESTION0 1 -3.342e+05 1.434e+03 1.470e+03
|        ( QUESTION10 -1 -3.043e+05 3.498e+02 1.339e+03
|            ( QUESTION0_14_R 1 -1.188e+04 2.005e+02 5.408e+01
|                ( QUESTION2_10_L -1 -8.735e+03 1.785e+02 4.008e+01
|                    ( - -4.332e+03 1 0)
|                    ( - -4.225e+03 1 0))
|                ( - -2.942e+03 1 0))
|            ( - -2.920e+05 4 0))
|        ( - -2.853e+04 1 0)))
s>    ( QUESTION0_9_R 1 -4.885e+05 1.672e+03 2.139e+03
s>        ( QUESTION2_9_L -1 -1.526e+05 4.795e+02 6.691e+02
s>            ( - -1.149e+04 1 0)
s>            ( QUESTION0_10_R 1 -1.406e+05 2.123e+02 6.168e+02
s>                ( - -1.369e+05 1 0)
s>                ( - -3.498e+03 1 0)))
s>        ( QUESTION0 1 -3.342e+05 1.434e+03 1.470e+03
s>            ( QUESTION10 -1 -3.043e+05 3.498e+02 1.339e+03
s>                ( QUESTION0_14_R 1 -1.188e+04 2.005e+02 5.408e+01
s>                    ( QUESTION2_10_L -1 -8.735e+03 1.785e+02 4.008e+01
s>                        ( - -4.332e+03 1 0)
s>                        ( - -4.225e+03 1 0))
s>                    ( - -2.942e+03 1 0))
s>                ( - -2.920e+05 4 0))
s>            ( - -2.853e+04 1 0)))INFO: dtree.c(1315): Comp split 7
INFO: dtree.c(1478): Final simple tree
|( WDBNDRY_B 0 -3.049e+05 1.136e+03 1.373e+03
|    ( QUESTION15 -1 -9.872e+04 2.244e+02 4.407e+02
|        ( - -4.532e+03 1 0)
|        ( QUESTION0_9_R 1 -9.396e+04 2.017e+02 4.198e+02
|            ( - -4.273e+03 2 0)
|            ( QUESTION12 -1 -8.949e+04 1.972e+02 3.989e+02
|                ( - -2.302e+02 1 0)
|                ( QUESTION0 -1 -8.906e+04 1.566e+02 3.969e+02
|                    ( - -8.484e+04 1 0)
|                    ( - -4.061e+03 1 0)))))
|    ( QUESTION0_9_R 1 -2.050e+05 1.050e+03 9.323e+02
|        ( - -9.243e+04 3 0)
|        ( QUESTION0_14_R 1 -1.115e+05 1.974e+02 5.156e+02
|            ( - -6.796e+03 1 0)
|            ( - -1.045e+05 1 0))))
s>    ( WDBNDRY_B 0 -3.049e+05 1.136e+03 1.373e+03
s>        ( QUESTION15 -1 -9.872e+04 2.244e+02 4.407e+02
s>            ( - -4.532e+03 1 0)
s>            ( QUESTION0_9_R 1 -9.396e+04 2.017e+02 4.198e+02
s>                ( - -4.273e+03 2 0)
s>                ( QUESTION12 -1 -8.949e+04 1.972e+02 3.989e+02
s>                    ( - -2.302e+02 1 0)
s>                    ( QUESTION0 -1 -8.906e+04 1.566e+02 3.969e+02
s>                        ( - -8.484e+04 1 0)
s>                        ( - -4.061e+03 1 0)))))
s>        ( QUESTION0_9_R 1 -2.050e+05 1.050e+03 9.323e+02
s>            ( - -9.243e+04 3 0)
s>            ( QUESTION0_14_R 1 -1.115e+05 1.974e+02 5.156e+02
s>                ( - -6.796e+03 1 0)
s>                ( - -1.045e+05 1 0))))INFO: dtree.c(1439): stop. leaf nodes are specific
INFO: dtree.c(1478): Final simple tree
|( QUESTION0_9_R 1 -2.780e+05 6.288e+02 1.275e+03
|    ( - -2.077e+04 1 0)
|    ( QUESTION0 -1 -2.566e+05 5.312e+02 1.176e+03
|        ( - -1.870e+04 1 0)
|        ( - -2.374e+05 2 0)))
s>    ( QUESTION0_9_R 1 -2.780e+05 6.288e+02 1.275e+03
s>        ( - -2.077e+04 1 0)
s>        ( QUESTION0 -1 -2.566e+05 5.312e+02 1.176e+03
s>            ( - -1.870e+04 1 0)
s>            ( - -2.374e+05 2 0)))INFO: dtree.c(1315): Comp split 8
INFO: dtree.c(1439): stop. leaf nodes are specific
INFO: dtree.c(1478): Final simple tree
|( QUESTION0_9_R 1 -1.359e+06 1.315e+03 6.210e+03
|    ( - -1.474e+05 3 0)
|    ( WDBNDRY_B 0 -1.210e+06 1.802e+02 5.532e+03
|        ( - -2.410e+03 1 0)
|        ( - -1.207e+06 8 0)))
s>    ( QUESTION0_9_R 1 -1.359e+06 1.315e+03 6.210e+03
s>        ( - -1.474e+05 3 0)
s>        ( WDBNDRY_B 0 -1.210e+06 1.802e+02 5.532e+03
s>            ( - -2.410e+03 1 0)
s>            ( - -1.207e+06 8 0)))INFO: dtree.c(1439): stop. leaf nodes are specific
INFO: dtree.c(1478): Final simple tree
|( WDBNDRY_B 0 -2.325e+05 2.652e+02 1.105e+03
|    ( - -2.317e+05 9 0)
|    ( - -5.569e+02 1 0))
s>    ( WDBNDRY_B 0 -2.325e+05 2.652e+02 1.105e+03
s>        ( - -2.317e+05 9 0)
s>        ( - -5.569e+02 1 0))INFO: dtree.c(1315): Comp split 9
INFO: dtree.c(1315): Comp split 10
INFO: dtree.c(1478): Final simple tree
|( QUESTION0 -1 -4.162e+05 1.348e+03 1.902e+03
|    ( QUESTION0_14_R 1 -2.674e+05 1.051e+03 1.239e+03
|        ( - -2.061e+05 4 0)
|        ( QUESTION14 1 -6.029e+04 6.847e+02 2.794e+02
|            ( - -1.136e+04 1 0)
|            ( - -4.824e+04 3 0 QUESTION0 1 2.350e+02 2.263e+02)))
|    ( QUESTION2_0_L -1 -1.474e+05 5.532e+02 6.631e+02
|        ( QUESTION16 -1 -3.455e+04 3.541e+02 1.581e+02
|            ( - -9.573e+03 2 0 QUESTION0_9_R 1 1.963e+02 4.473e+01)
|            ( - -2.462e+04 7 0 QUESTION0 1 2.477e+02 1.134e+02))
|        ( QUESTION0_14_R 1 -1.123e+05 4.953e+02 5.050e+02
|            ( - -8.946e+04 13 0 QUESTION15 -1 2.348e+02 4.044e+02)
|            ( QUESTION14 -1 -2.236e+04 2.684e+02 1.007e+02
|                ( - -5.842e+03 2 0 QUESTION0 1 1.897e+02 2.620e+01)
|                ( - -1.625e+04 3 0 QUESTION12 -1 1.482e+02 7.446e+01)))))
s>    ( QUESTION0 -1 -4.162e+05 1.348e+03 1.902e+03
s>        ( QUESTION0_14_R 1 -2.674e+05 1.051e+03 1.239e+03
s>            ( - -2.061e+05 4 0)
s>            ( QUESTION14 1 -6.029e+04 6.847e+02 2.794e+02
s>                ( - -1.136e+04 1 0)
s>                ( - -4.824e+04 3 0 QUESTION0 1 2.350e+02 2.263e+02)))
s>        ( QUESTION2_0_L -1 -1.474e+05 5.532e+02 6.631e+02
s>            ( QUESTION16 -1 -3.455e+04 3.541e+02 1.581e+02
s>                ( - -9.573e+03 2 0 QUESTION0_9_R 1 1.963e+02 4.473e+01)
s>                ( - -2.462e+04 7 0 QUESTION0 1 2.477e+02 1.134e+02))
s>            ( QUESTION0_14_R 1 -1.123e+05 4.953e+02 5.050e+02
s>                ( - -8.946e+04 13 0 QUESTION15 -1 2.348e+02 4.044e+02)
s>                ( QUESTION14 -1 -2.236e+04 2.684e+02 1.007e+02
s>                    ( - -5.842e+03 2 0 QUESTION0 1 1.897e+02 2.620e+01)
s>                    ( - -1.625e+04 3 0 QUESTION12 -1 1.482e+02 7.446e+01)))))INFO: dtree.c(1478): Final simple tree
|( QUESTION15 1 -2.808e+05 1.136e+03 1.323e+03
|    ( QUESTION2_6_L -1 -9.937e+04 6.903e+02 4.822e+02
|        ( - -1.580e+04 2 0 QUESTION10 -1 2.107e+02 7.303e+01)
|        ( QUESTION2_10_L -1 -8.287e+04 5.090e+02 4.091e+02
|            ( - -5.399e+04 1 0)
|            ( QUESTION2 -1 -2.838e+04 3.012e+02 1.402e+02
|                ( - -5.007e+03 1 0)
|                ( - -2.307e+04 1 0))))
|    ( QUESTION2_1_L -1 -1.803e+05 8.681e+02 8.408e+02
|        ( QUESTION2_6_L -1 -1.115e+05 4.105e+02 5.231e+02
|            ( - -1.124e+04 3 0 QUESTION10 -1 1.623e+02 5.368e+01)
|            ( - -9.988e+04 8 0 QUESTION2_10_L -1 2.198e+02 4.694e+02))
|        ( QUESTION0_14_R 1 -6.790e+04 5.763e+02 3.177e+02
|            ( - -1.869e+04 2 0)
|            ( - -4.864e+04 5 0 QUESTION0_9_R 1 2.999e+02 2.271e+02))))
s>    ( QUESTION15 1 -2.808e+05 1.136e+03 1.323e+03
s>        ( QUESTION2_6_L -1 -9.937e+04 6.903e+02 4.822e+02
s>            ( - -1.580e+04 2 0 QUESTION10 -1 2.107e+02 7.303e+01)
s>            ( QUESTION2_10_L -1 -8.287e+04 5.090e+02 4.091e+02
s>                ( - -5.399e+04 1 0)
s>                ( QUESTION2 -1 -2.838e+04 3.012e+02 1.402e+02
s>                    ( - -5.007e+03 1 0)
s>                    ( - -2.307e+04 1 0))))
s>        ( QUESTION2_1_L -1 -1.803e+05 8.681e+02 8.408e+02
s>            ( QUESTION2_6_L -1 -1.115e+05 4.105e+02 5.231e+02
s>                ( - -1.124e+04 3 0 QUESTION10 -1 1.623e+02 5.368e+01)
s>                ( - -9.988e+04 8 0 QUESTION2_10_L -1 2.198e+02 4.694e+02))
s>            ( QUESTION0_14_R 1 -6.790e+04 5.763e+02 3.177e+02
s>                ( - -1.869e+04 2 0)
s>                ( - -4.864e+04 5 0 QUESTION0_9_R 1 2.999e+02 2.271e+02))))INFO: dtree.c(1315): Comp split 11
INFO: dtree.c(1478): Final simple tree
|( QUESTION2_0_L -1 -1.326e+05 7.410e+02 5.971e+02
|    ( QUESTION0 -1 -3.627e+04 2.871e+02 1.665e+02
|        ( - -1.136e+04 1 0)
|        ( QUESTION0 1 -2.462e+04 2.477e+02 1.134e+02
|            ( - -9.138e+03 2 0 QUESTION2_6_L -1 1.037e+02 4.338e+01)
|            ( QUESTION13 -1 -1.523e+04 1.922e+02 6.999e+01
|                ( - -4.077e+03 1 0)
|                ( - -1.097e+04 4 0 QUESTION10 -1 1.296e+02 5.046e+01))))
|    ( QUESTION0 1 -9.564e+04 3.671e+02 4.306e+02
|        ( QUESTION15 -1 -9.035e+04 2.324e+02 4.084e+02
|            ( - -3.806e+04 4 0)
|            ( QUESTION2 -1 -5.205e+04 1.946e+02 2.346e+02
|                ( - -4.157e+03 1 0)
|                ( - -4.770e+04 9 0 QUESTION0_14_R 1 1.622e+02 2.145e+02)))
|        ( - -4.923e+03 1 0)))
s>    ( QUESTION2_0_L -1 -1.326e+05 7.410e+02 5.971e+02
s>        ( QUESTION0 -1 -3.627e+04 2.871e+02 1.665e+02
s>            ( - -1.136e+04 1 0)
s>            ( QUESTION0 1 -2.462e+04 2.477e+02 1.134e+02
s>                ( - -9.138e+03 2 0 QUESTION2_6_L -1 1.037e+02 4.338e+01)
s>                ( QUESTION13 -1 -1.523e+04 1.922e+02 6.999e+01
s>                    ( - -4.077e+03 1 0)
s>                    ( - -1.097e+04 4 0 QUESTION10 -1 1.296e+02 5.046e+01))))
s>        ( QUESTION0 1 -9.564e+04 3.671e+02 4.306e+02
s>            ( QUESTION15 -1 -9.035e+04 2.324e+02 4.084e+02
s>                ( - -3.806e+04 4 0)
s>                ( QUESTION2 -1 -5.205e+04 1.946e+02 2.346e+02
s>                    ( - -4.157e+03 1 0)
s>                    ( - -4.770e+04 9 0 QUESTION0_14_R 1 1.622e+02 2.145e+02)))
s>            ( - -4.923e+03 1 0)))INFO: dtree.c(1478): Final simple tree
|( QUESTION15 1 -2.818e+05 1.040e+03 1.305e+03
|    ( QUESTION0 -1 -6.078e+04 3.673e+02 2.828e+02
|        ( - -4.416e+04 1 0)
|        ( QUESTION12 -1 -1.625e+04 1.482e+02 7.446e+01
|            ( - -1.036e+04 2 0 QUESTION0_9_R 1 1.257e+02 4.700e+01)
|            ( - -5.738e+03 1 0)))
|    ( QUESTION0_14_R 1 -2.200e+05 3.537e+02 1.023e+03
|        ( - -2.061e+05 4 0)
|        ( QUESTION0_16_R 1 -1.357e+04 1.946e+02 6.272e+01
|            ( QUESTION0 -1 -4.560e+03 1.605e+02 2.200e+01
|                ( - -3.361e+03 1 0)
|                ( - -1.038e+03 1 0))
|            ( QUESTION0_9_R 1 -8.816e+03 1.492e+02 4.073e+01
|                ( - -8.339e+03 1 0)
|                ( - -3.281e+02 1 0)))))
s>    ( QUESTION15 1 -2.818e+05 1.040e+03 1.305e+03
s>        ( QUESTION0 -1 -6.078e+04 3.673e+02 2.828e+02
s>            ( - -4.416e+04 1 0)
s>            ( QUESTION12 -1 -1.625e+04 1.482e+02 7.446e+01
s>                ( - -1.036e+04 2 0 QUESTION0_9_R 1 1.257e+02 4.700e+01)
s>                ( - -5.738e+03 1 0)))
s>        ( QUESTION0_14_R 1 -2.200e+05 3.537e+02 1.023e+03
s>            ( - -2.061e+05 4 0)
s>            ( QUESTION0_16_R 1 -1.357e+04 1.946e+02 6.272e+01
s>                ( QUESTION0 -1 -4.560e+03 1.605e+02 2.200e+01
s>                    ( - -3.361e+03 1 0)
s>                    ( - -1.038e+03 1 0))
s>                ( QUESTION0_9_R 1 -8.816e+03 1.492e+02 4.073e+01
s>                    ( - -8.339e+03 1 0)
s>                    ( - -3.281e+02 1 0)))))INFO: dtree.c(1315): Comp split 12
INFO: dtree.c(1439): stop. leaf nodes are specific
INFO: dtree.c(1478): Final simple tree
|( QUESTION0 1 -3.342e+05 1.434e+03 1.470e+03
|    ( QUESTION10 -1 -3.043e+05 3.498e+02 1.339e+03
|        ( QUESTION0_14_R 1 -1.188e+04 2.005e+02 5.408e+01
|            ( QUESTION2_10_L -1 -8.735e+03 1.785e+02 4.008e+01
|                ( - -4.332e+03 1 0)
|                ( - -4.225e+03 1 0))
|            ( - -2.942e+03 1 0))
|        ( - -2.920e+05 4 0))
|    ( - -2.853e+04 1 0))
s>    ( QUESTION0 1 -3.342e+05 1.434e+03 1.470e+03
s>        ( QUESTION10 -1 -3.043e+05 3.498e+02 1.339e+03
s>            ( QUESTION0_14_R 1 -1.188e+04 2.005e+02 5.408e+01
s>                ( QUESTION2_10_L -1 -8.735e+03 1.785e+02 4.008e+01
s>                    ( - -4.332e+03 1 0)
s>                    ( - -4.225e+03 1 0))
s>                ( - -2.942e+03 1 0))
s>            ( - -2.920e+05 4 0))
s>        ( - -2.853e+04 1 0))INFO: dtree.c(1439): stop. leaf nodes are specific
INFO: dtree.c(1478): Final simple tree
|( QUESTION2_9_L -1 -1.526e+05 4.795e+02 6.691e+02
|    ( - -1.149e+04 1 0)
|    ( QUESTION0_10_R 1 -1.406e+05 2.123e+02 6.168e+02
|        ( - -1.369e+05 1 0)
|        ( - -3.498e+03 1 0)))
s>    ( QUESTION2_9_L -1 -1.526e+05 4.795e+02 6.691e+02
s>        ( - -1.149e+04 1 0)
s>        ( QUESTION0_10_R 1 -1.406e+05 2.123e+02 6.168e+02
s>            ( - -1.369e+05 1 0)
s>            ( - -3.498e+03 1 0)))INFO: dtree.c(1315): Comp split 13
INFO: dtree.c(1439): stop. leaf nodes are specific
INFO: dtree.c(1478): Final simple tree
|( QUESTION2_11_L -1 -1.019e+05 4.997e+02 4.998e+02
|    ( - -2.307e+04 1 0)
|    ( QUESTION0_14_R 1 -7.834e+04 3.574e+02 3.856e+02
|        ( - -1.869e+04 2 0)
|        ( QUESTION2 -1 -5.930e+04 3.061e+02 2.949e+02
|            ( - -5.007e+03 1 0)
|            ( - -5.399e+04 1 0))))
s>    ( QUESTION2_11_L -1 -1.019e+05 4.997e+02 4.998e+02
s>        ( - -2.307e+04 1 0)
s>        ( QUESTION0_14_R 1 -7.834e+04 3.574e+02 3.856e+02
s>            ( - -1.869e+04 2 0)
s>            ( QUESTION2 -1 -5.930e+04 3.061e+02 2.949e+02
s>                ( - -5.007e+03 1 0)
s>                ( - -5.399e+04 1 0))))INFO: dtree.c(1478): Final simple tree
|( QUESTION0 -1 -1.773e+05 8.019e+02 8.232e+02
|    ( QUESTION0_9_R 1 -4.864e+04 2.999e+02 2.271e+02
|        ( - -1.521e+04 3 0)
|        ( - -3.313e+04 2 0))
|    ( QUESTION0_14_R 1 -1.279e+05 5.308e+02 5.961e+02
|        ( QUESTION2_6_L -1 -1.115e+05 4.105e+02 5.231e+02
|            ( QUESTION10 -1 -1.124e+04 1.623e+02 5.368e+01
|                ( - -1.019e+04 2 0)
|                ( - -8.864e+02 1 0))
|            ( QUESTION2_10_L -1 -9.988e+04 2.198e+02 4.694e+02
|                ( - -9.654e+04 7 0)
|                ( - -3.118e+03 1 0)))
|        ( QUESTION10 -1 -1.580e+04 2.107e+02 7.303e+01
|            ( - -4.104e+03 1 0)
|            ( - -1.149e+04 1 0))))
s>    ( QUESTION0 -1 -1.773e+05 8.019e+02 8.232e+02
s>        ( QUESTION0_9_R 1 -4.864e+04 2.999e+02 2.271e+02
s>            ( - -1.521e+04 3 0)
s>            ( - -3.313e+04 2 0))
s>        ( QUESTION0_14_R 1 -1.279e+05 5.308e+02 5.961e+02
s>            ( QUESTION2_6_L -1 -1.115e+05 4.105e+02 5.231e+02
s>                ( QUESTION10 -1 -1.124e+04 1.623e+02 5.368e+01
s>                    ( - -1.019e+04 2 0)
s>                    ( - -8.864e+02 1 0))
s>                ( QUESTION2_10_L -1 -9.988e+04 2.198e+02 4.694e+02
s>                    ( - -9.654e+04 7 0)
s>                    ( - -3.118e+03 1 0)))
s>            ( QUESTION10 -1 -1.580e+04 2.107e+02 7.303e+01
s>                ( - -4.104e+03 1 0)
s>                ( - -1.149e+04 1 0))))INFO: dtree.c(1315): Comp split 14
INFO: dtree.c(1439): stop. leaf nodes are specific
INFO: dtree.c(1478): Final simple tree
|( QUESTION10 -1 -3.043e+05 3.498e+02 1.339e+03
|    ( QUESTION0_14_R 1 -1.188e+04 2.005e+02 5.408e+01
|        ( QUESTION2_10_L -1 -8.735e+03 1.785e+02 4.008e+01
|            ( - -4.332e+03 1 0)
|            ( - -4.225e+03 1 0))
|        ( - -2.942e+03 1 0))
|    ( - -2.920e+05 4 0))
s>    ( QUESTION10 -1 -3.043e+05 3.498e+02 1.339e+03
s>        ( QUESTION0_14_R 1 -1.188e+04 2.005e+02 5.408e+01
s>            ( QUESTION2_10_L -1 -8.735e+03 1.785e+02 4.008e+01
s>                ( - -4.332e+03 1 0)
s>                ( - -4.225e+03 1 0))
s>            ( - -2.942e+03 1 0))
s>        ( - -2.920e+05 4 0))INFO: dtree.c(1315): Comp split 15
INFO: dtree.c(1439): stop. leaf nodes are specific
INFO: dtree.c(1478): Final simple tree
|( WDBNDRY_B 0 -1.210e+06 1.802e+02 5.532e+03
|    ( - -2.410e+03 1 0)
|    ( - -1.207e+06 8 0))
s>    ( WDBNDRY_B 0 -1.210e+06 1.802e+02 5.532e+03
s>        ( - -2.410e+03 1 0)
s>        ( - -1.207e+06 8 0))INFO: dtree.c(1315): Comp split 16
INFO: dtree.c(1439): stop. leaf nodes are specific
INFO: dtree.c(1478): Final simple tree
|( QUESTION0 -1 -1.119e+05 2.012e+02 5.176e+02
|    ( - -1.045e+05 1 0)
|    ( WDBNDRY_B 0 -7.218e+03 1.919e+02 3.391e+01
|        ( - -2.302e+02 1 0)
|        ( - -6.796e+03 1 0)))
s>    ( QUESTION0 -1 -1.119e+05 2.012e+02 5.176e+02
s>        ( - -1.045e+05 1 0)
s>        ( WDBNDRY_B 0 -7.218e+03 1.919e+02 3.391e+01
s>            ( - -2.302e+02 1 0)
s>            ( - -6.796e+03 1 0)))INFO: dtree.c(1439): stop. leaf nodes are specific
INFO: dtree.c(1478): Final simple tree
|( WDBNDRY_B 0 -1.917e+05 1.003e+03 8.555e+02
|    ( QUESTION15 -1 -9.829e+04 2.246e+02 4.387e+02
|        ( - -4.532e+03 1 0)
|        ( QUESTION0_9_R 1 -9.353e+04 2.026e+02 4.178e+02
|            ( - -4.273e+03 2 0)
|            ( QUESTION0 -1 -8.906e+04 1.566e+02 3.969e+02
|                ( - -8.484e+04 1 0)
|                ( - -4.061e+03 1 0))))
|    ( - -9.243e+04 3 0))
s>    ( WDBNDRY_B 0 -1.917e+05 1.003e+03 8.555e+02
s>        ( QUESTION15 -1 -9.829e+04 2.246e+02 4.387e+02
s>            ( - -4.532e+03 1 0)
s>            ( QUESTION0_9_R 1 -9.353e+04 2.026e+02 4.178e+02
s>                ( - -4.273e+03 2 0)
s>                ( QUESTION0 -1 -8.906e+04 1.566e+02 3.969e+02
s>                    ( - -8.484e+04 1 0)
s>                    ( - -4.061e+03 1 0))))
s>        ( - -9.243e+04 3 0))INFO: dtree.c(1315): Comp split 17
INFO: dtree.c(1439): stop. leaf nodes are specific
INFO: dtree.c(1478): Final simple tree
|( QUESTION0_9_R 1 -2.242e+05 2.985e+02 1.042e+03
|    ( - -8.339e+03 1 0)
|    ( QUESTION0 -1 -2.156e+05 2.358e+02 1.003e+03
|        ( QUESTION0_14_R 1 -2.096e+05 2.151e+02 9.758e+02
|            ( - -2.061e+05 4 0)
|            ( - -3.361e+03 1 0))
|        ( - -5.738e+03 1 0)))
s>    ( QUESTION0_9_R 1 -2.242e+05 2.985e+02 1.042e+03
s>        ( - -8.339e+03 1 0)
s>        ( QUESTION0 -1 -2.156e+05 2.358e+02 1.003e+03
s>            ( QUESTION0_14_R 1 -2.096e+05 2.151e+02 9.758e+02
s>                ( - -2.061e+05 4 0)
s>                ( - -3.361e+03 1 0))
s>            ( - -5.738e+03 1 0)))INFO: dtree.c(1439): stop. leaf nodes are specific
INFO: dtree.c(1478): Final simple tree
|( QUESTION12 -1 -5.650e+04 2.732e+02 2.633e+02
|    ( QUESTION0_9_R 1 -1.036e+04 1.257e+02 4.700e+01
|        ( - -1.872e+03 1 0)
|        ( - -8.366e+03 1 0))
|    ( QUESTION0 -1 -4.586e+04 2.026e+02 2.163e+02
|        ( QUESTION0_16_R 1 -4.462e+04 1.340e+02 2.103e+02
|            ( - -4.416e+04 1 0)
|            ( - -3.281e+02 1 0))
|        ( - -1.038e+03 1 0)))
s>    ( QUESTION12 -1 -5.650e+04 2.732e+02 2.633e+02
s>        ( QUESTION0_9_R 1 -1.036e+04 1.257e+02 4.700e+01
s>            ( - -1.872e+03 1 0)
s>            ( - -8.366e+03 1 0))
s>        ( QUESTION0 -1 -4.586e+04 2.026e+02 2.163e+02
s>            ( QUESTION0_16_R 1 -4.462e+04 1.340e+02 2.103e+02
s>                ( - -4.416e+04 1 0)
s>                ( - -3.281e+02 1 0))
s>            ( - -1.038e+03 1 0)))INFO: dtree.c(1315): Comp split 18
INFO: dtree.c(1439): stop. leaf nodes are specific
INFO: dtree.c(1478): Final simple tree
|( QUESTION15 -1 -9.829e+04 2.246e+02 4.387e+02
|    ( - -4.532e+03 1 0)
|    ( QUESTION0_9_R 1 -9.353e+04 2.026e+02 4.178e+02
|        ( - -4.273e+03 2 0)
|        ( QUESTION0 -1 -8.906e+04 1.566e+02 3.969e+02
|            ( - -8.484e+04 1 0)
|            ( - -4.061e+03 1 0))))
s>    ( QUESTION15 -1 -9.829e+04 2.246e+02 4.387e+02
s>        ( - -4.532e+03 1 0)
s>        ( QUESTION0_9_R 1 -9.353e+04 2.026e+02 4.178e+02
s>            ( - -4.273e+03 2 0)
s>            ( QUESTION0 -1 -8.906e+04 1.566e+02 3.969e+02
s>                ( - -8.484e+04 1 0)
s>                ( - -4.061e+03 1 0))))INFO: dtree.c(1315): Comp split 19
INFO: dtree.c(1439): stop. leaf nodes are specific
INFO: dtree.c(1478): Final simple tree
|( QUESTION0_14_R 1 -1.279e+05 5.308e+02 5.961e+02
|    ( QUESTION2_6_L -1 -1.115e+05 4.105e+02 5.231e+02
|        ( QUESTION10 -1 -1.124e+04 1.623e+02 5.368e+01
|            ( - -1.019e+04 2 0)
|            ( - -8.864e+02 1 0))
|        ( QUESTION2_10_L -1 -9.988e+04 2.198e+02 4.694e+02
|            ( - -9.654e+04 7 0)
|            ( - -3.118e+03 1 0)))
|    ( QUESTION10 -1 -1.580e+04 2.107e+02 7.303e+01
|        ( - -4.104e+03 1 0)
|        ( - -1.149e+04 1 0)))
s>    ( QUESTION0_14_R 1 -1.279e+05 5.308e+02 5.961e+02
s>        ( QUESTION2_6_L -1 -1.115e+05 4.105e+02 5.231e+02
s>            ( QUESTION10 -1 -1.124e+04 1.623e+02 5.368e+01
s>                ( - -1.019e+04 2 0)
s>                ( - -8.864e+02 1 0))
s>            ( QUESTION2_10_L -1 -9.988e+04 2.198e+02 4.694e+02
s>                ( - -9.654e+04 7 0)
s>                ( - -3.118e+03 1 0)))
s>        ( QUESTION10 -1 -1.580e+04 2.107e+02 7.303e+01
s>            ( - -4.104e+03 1 0)
s>            ( - -1.149e+04 1 0)))INFO: dtree.c(1439): stop. leaf nodes are specific
INFO: dtree.c(1478): Final simple tree
|( QUESTION0_9_R 1 -4.864e+04 2.999e+02 2.271e+02
|    ( - -1.521e+04 3 0)
|    ( - -3.313e+04 2 0))
s>    ( QUESTION0_9_R 1 -4.864e+04 2.999e+02 2.271e+02
s>        ( - -1.521e+04 3 0)
s>        ( - -3.313e+04 2 0))INFO: dtree.c(1315): Comp split 20
INFO: dtree.c(1439): stop. leaf nodes are specific
INFO: dtree.c(1478): Final simple tree
|( QUESTION0 1 -9.564e+04 3.671e+02 4.306e+02
|    ( QUESTION15 -1 -9.035e+04 2.324e+02 4.084e+02
|        ( - -3.806e+04 4 0)
|        ( QUESTION2 -1 -5.205e+04 1.946e+02 2.346e+02
|            ( - -4.157e+03 1 0)
|            ( QUESTION0_14_R 1 -4.770e+04 1.622e+02 2.145e+02
|                ( QUESTION12 -1 -4.681e+04 1.438e+02 2.105e+02
|                    ( - -2.382e+04 4 0)
|                    ( - -2.284e+04 4 0))
|                ( - -7.295e+02 1 0))))
|    ( - -4.923e+03 1 0))
s>    ( QUESTION0 1 -9.564e+04 3.671e+02 4.306e+02
s>        ( QUESTION15 -1 -9.035e+04 2.324e+02 4.084e+02
s>            ( - -3.806e+04 4 0)
s>            ( QUESTION2 -1 -5.205e+04 1.946e+02 2.346e+02
s>                ( - -4.157e+03 1 0)
s>                ( QUESTION0_14_R 1 -4.770e+04 1.622e+02 2.145e+02
s>                    ( QUESTION12 -1 -4.681e+04 1.438e+02 2.105e+02
s>                        ( - -2.382e+04 4 0)
s>                        ( - -2.284e+04 4 0))
s>                    ( - -7.295e+02 1 0))))
s>        ( - -4.923e+03 1 0))INFO: dtree.c(1478): Final simple tree
|( QUESTION0 -1 -3.627e+04 2.871e+02 1.665e+02
|    ( - -1.136e+04 1 0)
|    ( QUESTION0 1 -2.462e+04 2.477e+02 1.134e+02
|        ( QUESTION2_6_L -1 -9.138e+03 1.037e+02 4.338e+01
|            ( - -7.198e+03 1 0)
|            ( - -1.836e+03 1 0))
|        ( QUESTION13 -1 -1.523e+04 1.922e+02 6.999e+01
|            ( - -4.077e+03 1 0)
|            ( QUESTION10 -1 -1.097e+04 1.296e+02 5.046e+01
|                ( QUESTION0_9_R 1 -8.695e+03 1.169e+02 4.037e+01
|                    ( - -7.739e+02 1 0)
|                    ( - -7.804e+03 1 0))
|                ( QUESTION0_9_R 1 -2.141e+03 1.369e+02 1.008e+01
|                    ( - -7.953e+02 1 0)
|                    ( - -1.209e+03 1 0))))))
s>    ( QUESTION0 -1 -3.627e+04 2.871e+02 1.665e+02
s>        ( - -1.136e+04 1 0)
s>        ( QUESTION0 1 -2.462e+04 2.477e+02 1.134e+02
s>            ( QUESTION2_6_L -1 -9.138e+03 1.037e+02 4.338e+01
s>                ( - -7.198e+03 1 0)
s>                ( - -1.836e+03 1 0))
s>            ( QUESTION13 -1 -1.523e+04 1.922e+02 6.999e+01
s>                ( - -4.077e+03 1 0)
s>                ( QUESTION10 -1 -1.097e+04 1.296e+02 5.046e+01
s>                    ( QUESTION0_9_R 1 -8.695e+03 1.169e+02 4.037e+01
s>                        ( - -7.739e+02 1 0)
s>                        ( - -7.804e+03 1 0))
s>                    ( QUESTION0_9_R 1 -2.141e+03 1.369e+02 1.008e+01
s>                        ( - -7.953e+02 1 0)
s>                        ( - -1.209e+03 1 0))))))INFO: dtree.c(1315): Comp split 21
INFO: dtree.c(1439): stop. leaf nodes are specific
INFO: dtree.c(1478): Final simple tree
|( QUESTION0 -1 -2.566e+05 5.312e+02 1.176e+03
|    ( - -1.870e+04 1 0)
|    ( - -2.374e+05 2 0))
s>    ( QUESTION0 -1 -2.566e+05 5.312e+02 1.176e+03
s>        ( - -1.870e+04 1 0)
s>        ( - -2.374e+05 2 0))INFO: dtree.c(1315): Comp split 22
INFO: dtree.c(1315): Comp split 23
INFO: dtree.c(1439): stop. leaf nodes are specific
INFO: dtree.c(1478): Final simple tree
|( QUESTION2_6_L -1 -1.115e+05 4.105e+02 5.231e+02
|    ( QUESTION10 -1 -1.124e+04 1.623e+02 5.368e+01
|        ( - -1.019e+04 2 0)
|        ( - -8.864e+02 1 0))
|    ( QUESTION2_10_L -1 -9.988e+04 2.198e+02 4.694e+02
|        ( - -9.654e+04 7 0)
|        ( - -3.118e+03 1 0)))
s>    ( QUESTION2_6_L -1 -1.115e+05 4.105e+02 5.231e+02
s>        ( QUESTION10 -1 -1.124e+04 1.623e+02 5.368e+01
s>            ( - -1.019e+04 2 0)
s>            ( - -8.864e+02 1 0))
s>        ( QUESTION2_10_L -1 -9.988e+04 2.198e+02 4.694e+02
s>            ( - -9.654e+04 7 0)
s>            ( - -3.118e+03 1 0)))INFO: dtree.c(1439): stop. leaf nodes are specific
INFO: dtree.c(1478): Final simple tree
|( QUESTION10 -1 -1.580e+04 2.107e+02 7.303e+01
|    ( - -4.104e+03 1 0)
|    ( - -1.149e+04 1 0))
s>    ( QUESTION10 -1 -1.580e+04 2.107e+02 7.303e+01
s>        ( - -4.104e+03 1 0)
s>        ( - -1.149e+04 1 0))INFO: dtree.c(1315): Comp split 24
INFO: dtree.c(1439): stop. leaf nodes are specific
INFO: dtree.c(1478): Final simple tree
|( QUESTION0_14_R 1 -7.303e+04 3.603e+02 3.596e+02
|    ( - -1.869e+04 2 0)
|    ( - -5.399e+04 1 0))
s>    ( QUESTION0_14_R 1 -7.303e+04 3.603e+02 3.596e+02
s>        ( - -1.869e+04 2 0)
s>        ( - -5.399e+04 1 0))INFO: dtree.c(1439): stop. leaf nodes are specific
INFO: dtree.c(1478): Final simple tree
|( QUESTION2 -1 -2.838e+04 3.012e+02 1.402e+02
|    ( - -5.007e+03 1 0)
|    ( - -2.307e+04 1 0))
s>    ( QUESTION2 -1 -2.838e+04 3.012e+02 1.402e+02
s>        ( - -5.007e+03 1 0)
s>        ( - -2.307e+04 1 0))INFO: dtree.c(1315): Comp split 25
INFO: dtree.c(1439): stop. leaf nodes are specific
INFO: dtree.c(1478): Final simple tree
|( WDBNDRY_B 0 -1.211e+05 2.728e+02 5.518e+02
|    ( - -4.424e+03 1 0)
|    ( - -1.164e+05 2 0))
s>    ( WDBNDRY_B 0 -1.211e+05 2.728e+02 5.518e+02
s>        ( - -4.424e+03 1 0)
s>        ( - -1.164e+05 2 0))INFO: dtree.c(1315): Comp split 26
INFO: dtree.c(1439): stop. leaf nodes are specific
INFO: dtree.c(1478): Final simple tree
|( QUESTION0_10_R 1 -1.406e+05 2.123e+02 6.168e+02
|    ( - -1.369e+05 1 0)
|    ( - -3.498e+03 1 0))
s>    ( QUESTION0_10_R 1 -1.406e+05 2.123e+02 6.168e+02
s>        ( - -1.369e+05 1 0)
s>        ( - -3.498e+03 1 0))INFO: dtree.c(1315): Comp split 27
INFO: dtree.c(1439): stop. leaf nodes are specific
INFO: dtree.c(1478): Final simple tree
|( QUESTION2_10_L -1 -9.988e+04 2.198e+02 4.694e+02
|    ( - -9.654e+04 7 0)
|    ( - -3.118e+03 1 0))
s>    ( QUESTION2_10_L -1 -9.988e+04 2.198e+02 4.694e+02
s>        ( - -9.654e+04 7 0)
s>        ( - -3.118e+03 1 0))INFO: dtree.c(1439): stop. leaf nodes are specific
INFO: dtree.c(1478): Final simple tree
|( QUESTION10 -1 -1.124e+04 1.623e+02 5.368e+01
|    ( - -1.019e+04 2 0)
|    ( - -8.864e+02 1 0))
s>    ( QUESTION10 -1 -1.124e+04 1.623e+02 5.368e+01
s>        ( - -1.019e+04 2 0)
s>        ( - -8.864e+02 1 0))INFO: dtree.c(1315): Comp split 28
INFO: dtree.c(1439): stop. leaf nodes are specific
INFO: dtree.c(1478): Final simple tree
|( QUESTION2_10_L -1 -8.735e+03 1.785e+02 4.008e+01
|    ( - -4.332e+03 1 0)
|    ( - -4.225e+03 1 0))
s>    ( QUESTION2_10_L -1 -8.735e+03 1.785e+02 4.008e+01
s>        ( - -4.332e+03 1 0)
s>        ( - -4.225e+03 1 0))INFO: dtree.c(1439): stop. leaf nodes are specific
INFO: dtree.c(1478): Final simple tree
|( QUESTION0_14_R 1 -2.951e+05 1.662e+02 1.299e+03
|    ( - -2.920e+05 4 0)
|    ( - -2.942e+03 1 0))
s>    ( QUESTION0_14_R 1 -2.951e+05 1.662e+02 1.299e+03
s>        ( - -2.920e+05 4 0)
s>        ( - -2.942e+03 1 0))INFO: dtree.c(1315): Comp split 29
INFO: dtree.c(1439): stop. leaf nodes are specific
INFO: dtree.c(1478): Final simple tree
|( QUESTION15 -1 -9.035e+04 2.324e+02 4.084e+02
|    ( - -3.806e+04 4 0)
|    ( QUESTION2 -1 -5.205e+04 1.946e+02 2.346e+02
|        ( - -4.157e+03 1 0)
|        ( QUESTION0_14_R 1 -4.770e+04 1.622e+02 2.145e+02
|            ( QUESTION12 -1 -4.681e+04 1.438e+02 2.105e+02
|                ( - -2.382e+04 4 0)
|                ( - -2.284e+04 4 0))
|            ( - -7.295e+02 1 0))))
s>    ( QUESTION15 -1 -9.035e+04 2.324e+02 4.084e+02
s>        ( - -3.806e+04 4 0)
s>        ( QUESTION2 -1 -5.205e+04 1.946e+02 2.346e+02
s>            ( - -4.157e+03 1 0)
s>            ( QUESTION0_14_R 1 -4.770e+04 1.622e+02 2.145e+02
s>                ( QUESTION12 -1 -4.681e+04 1.438e+02 2.105e+02
s>                    ( - -2.382e+04 4 0)
s>                    ( - -2.284e+04 4 0))
s>                ( - -7.295e+02 1 0))))INFO: dtree.c(1315): Comp split 30
INFO: dtree.c(1315): Comp split 31
INFO: dtree.c(1439): stop. leaf nodes are specific
INFO: dtree.c(1478): Final simple tree
|( QUESTION0_14_R 1 -2.120e+05 2.360e+02 9.873e+02
|    ( - -2.061e+05 4 0)
|    ( - -5.738e+03 1 0))
s>    ( QUESTION0_14_R 1 -2.120e+05 2.360e+02 9.873e+02
s>        ( - -2.061e+05 4 0)
s>        ( - -5.738e+03 1 0))INFO: dtree.c(1439): stop. leaf nodes are specific
INFO: dtree.c(1478): Final simple tree
|( QUESTION0_9_R 1 -1.187e+04 1.725e+02 5.472e+01
|    ( - -8.339e+03 1 0)
|    ( - -3.361e+03 1 0))
s>    ( QUESTION0_9_R 1 -1.187e+04 1.725e+02 5.472e+01
s>        ( - -8.339e+03 1 0)
s>        ( - -3.361e+03 1 0))INFO: dtree.c(1315): Comp split 32
INFO: dtree.c(1439): stop. leaf nodes are specific
INFO: dtree.c(1478): Final simple tree
|( QUESTION11 -1 -1.317e+04 1.283e+02 6.121e+01
|    ( - -7.953e+02 1 0)
|    ( QUESTION0_9_R 1 -1.224e+04 1.084e+02 5.713e+01
|        ( - -7.739e+02 1 0)
|        ( - -1.136e+04 1 0)))
s>    ( QUESTION11 -1 -1.317e+04 1.283e+02 6.121e+01
s>        ( - -7.953e+02 1 0)
s>        ( QUESTION0_9_R 1 -1.224e+04 1.084e+02 5.713e+01
s>            ( - -7.739e+02 1 0)
s>            ( - -1.136e+04 1 0)))INFO: dtree.c(1439): stop. leaf nodes are specific
INFO: dtree.c(1478): Final simple tree
|( QUESTION0 1 -2.280e+04 2.498e+02 1.053e+02
|    ( QUESTION2_6_L -1 -9.138e+03 1.037e+02 4.338e+01
|        ( - -7.198e+03 1 0)
|        ( - -1.836e+03 1 0))
|    ( QUESTION13 -1 -1.341e+04 1.926e+02 6.191e+01
|        ( - -4.077e+03 1 0)
|        ( QUESTION10 -1 -9.142e+03 1.290e+02 4.237e+01
|            ( - -7.804e+03 1 0)
|            ( - -1.209e+03 1 0))))
s>    ( QUESTION0 1 -2.280e+04 2.498e+02 1.053e+02
s>        ( QUESTION2_6_L -1 -9.138e+03 1.037e+02 4.338e+01
s>            ( - -7.198e+03 1 0)
s>            ( - -1.836e+03 1 0))
s>        ( QUESTION13 -1 -1.341e+04 1.926e+02 6.191e+01
s>            ( - -4.077e+03 1 0)
s>            ( QUESTION10 -1 -9.142e+03 1.290e+02 4.237e+01
s>                ( - -7.804e+03 1 0)
s>                ( - -1.209e+03 1 0))))INFO: dtree.c(1315): Comp split 33
INFO: dtree.c(1315): Comp split 34
INFO: dtree.c(1315): Comp split 35
INFO: dtree.c(1439): stop. leaf nodes are specific
INFO: dtree.c(1478): Final simple tree
|( QUESTION0 -1 -4.586e+04 2.026e+02 2.163e+02
|    ( QUESTION0_16_R 1 -4.462e+04 1.340e+02 2.103e+02
|        ( - -4.416e+04 1 0)
|        ( - -3.281e+02 1 0))
|    ( - -1.038e+03 1 0))
s>    ( QUESTION0 -1 -4.586e+04 2.026e+02 2.163e+02
s>        ( QUESTION0_16_R 1 -4.462e+04 1.340e+02 2.103e+02
s>            ( - -4.416e+04 1 0)
s>            ( - -3.281e+02 1 0))
s>        ( - -1.038e+03 1 0))INFO: dtree.c(1439): stop. leaf nodes are specific
INFO: dtree.c(1478): Final simple tree
|( QUESTION0_9_R 1 -1.036e+04 1.257e+02 4.700e+01
|    ( - -1.872e+03 1 0)
|    ( - -8.366e+03 1 0))
s>    ( QUESTION0_9_R 1 -1.036e+04 1.257e+02 4.700e+01
s>        ( - -1.872e+03 1 0)
s>        ( - -8.366e+03 1 0))INFO: dtree.c(1315): Comp split 36
INFO: dtree.c(1315): Comp split 37
INFO: dtree.c(1315): Comp split 38
INFO: dtree.c(1439): stop. leaf nodes are specific
INFO: dtree.c(1478): Final simple tree
|( QUESTION13 -1 -1.341e+04 1.926e+02 6.191e+01
|    ( - -4.077e+03 1 0)
|    ( QUESTION10 -1 -9.142e+03 1.290e+02 4.237e+01
|        ( - -7.804e+03 1 0)
|        ( - -1.209e+03 1 0)))
s>    ( QUESTION13 -1 -1.341e+04 1.926e+02 6.191e+01
s>        ( - -4.077e+03 1 0)
s>        ( QUESTION10 -1 -9.142e+03 1.290e+02 4.237e+01
s>            ( - -7.804e+03 1 0)
s>            ( - -1.209e+03 1 0)))INFO: dtree.c(1439): stop. leaf nodes are specific
INFO: dtree.c(1478): Final simple tree
|( QUESTION2_6_L -1 -9.138e+03 1.037e+02 4.338e+01
|    ( - -7.198e+03 1 0)
|    ( - -1.836e+03 1 0))
s>    ( QUESTION2_6_L -1 -9.138e+03 1.037e+02 4.338e+01
s>        ( - -7.198e+03 1 0)
s>        ( - -1.836e+03 1 0))INFO: dtree.c(1315): Comp split 39
INFO: dtree.c(1315): Comp split 40
INFO: dtree.c(1439): stop. leaf nodes are specific
INFO: dtree.c(1478): Final simple tree
|( QUESTION2 -1 -5.116e+04 1.947e+02 2.306e+02
|    ( - -4.157e+03 1 0)
|    ( QUESTION12 -1 -4.681e+04 1.438e+02 2.105e+02
|        ( - -2.382e+04 4 0)
|        ( - -2.284e+04 4 0)))
s>    ( QUESTION2 -1 -5.116e+04 1.947e+02 2.306e+02
s>        ( - -4.157e+03 1 0)
s>        ( QUESTION12 -1 -4.681e+04 1.438e+02 2.105e+02
s>            ( - -2.382e+04 4 0)
s>            ( - -2.284e+04 4 0)))INFO: dtree.c(1439): stop. leaf nodes are specific
INFO: dtree.c(1478): Final simple tree
|( QUESTION0_14_R 1 -3.895e+04 1.595e+02 1.778e+02
|    ( - -3.806e+04 4 0)
|    ( - -7.295e+02 1 0))
s>    ( QUESTION0_14_R 1 -3.895e+04 1.595e+02 1.778e+02
s>        ( - -3.806e+04 4 0)
s>        ( - -7.295e+02 1 0))INFO: dtree.c(1315): Comp split 41
INFO: dtree.c(1439): stop. leaf nodes are specific
INFO: dtree.c(1478): Final simple tree
|( QUESTION0_9_R 1 -9.353e+04 2.026e+02 4.178e+02
|    ( - -4.273e+03 2 0)
|    ( QUESTION0 -1 -8.906e+04 1.566e+02 3.969e+02
|        ( - -8.484e+04 1 0)
|        ( - -4.061e+03 1 0)))
s>    ( QUESTION0_9_R 1 -9.353e+04 2.026e+02 4.178e+02
s>        ( - -4.273e+03 2 0)
s>        ( QUESTION0 -1 -8.906e+04 1.566e+02 3.969e+02
s>            ( - -8.484e+04 1 0)
s>            ( - -4.061e+03 1 0)))INFO: dtree.c(1315): Comp split 42
INFO: dtree.c(1315): Comp split 43
INFO: dtree.c(1315): Comp split 44
INFO: dtree.c(1315): Comp split 45
INFO: dtree.c(1439): stop. leaf nodes are specific
INFO: dtree.c(1478): Final simple tree
|( QUESTION0 -1 -8.906e+04 1.566e+02 3.969e+02
|    ( - -8.484e+04 1 0)
|    ( - -4.061e+03 1 0))
s>    ( QUESTION0 -1 -8.906e+04 1.566e+02 3.969e+02
s>        ( - -8.484e+04 1 0)
s>        ( - -4.061e+03 1 0))INFO: dtree.c(1315): Comp split 46
INFO: dtree.c(1439): stop. leaf nodes are specific
INFO: dtree.c(1478): Final simple tree
|( QUESTION0_16_R 1 -4.462e+04 1.340e+02 2.103e+02
|    ( - -4.416e+04 1 0)
|    ( - -3.281e+02 1 0))
s>    ( QUESTION0_16_R 1 -4.462e+04 1.340e+02 2.103e+02
s>        ( - -4.416e+04 1 0)
s>        ( - -3.281e+02 1 0))INFO: dtree.c(1315): Comp split 47
INFO: dtree.c(1439): stop. leaf nodes are specific
INFO: dtree.c(1478): Final simple tree
|( WDBNDRY_B 0 -7.218e+03 1.919e+02 3.391e+01
|    ( - -2.302e+02 1 0)
|    ( - -6.796e+03 1 0))
s>    ( WDBNDRY_B 0 -7.218e+03 1.919e+02 3.391e+01
s>        ( - -2.302e+02 1 0)
s>        ( - -6.796e+03 1 0))INFO: dtree.c(1315): Comp split 48
INFO: dtree.c(1439): stop. leaf nodes are specific
INFO: dtree.c(1478): Final simple tree
|( QUESTION12 -1 -4.681e+04 1.438e+02 2.105e+02
|    ( - -2.382e+04 4 0)
|    ( - -2.284e+04 4 0))
s>    ( QUESTION12 -1 -4.681e+04 1.438e+02 2.105e+02
s>        ( - -2.382e+04 4 0)
s>        ( - -2.284e+04 4 0))INFO: dtree.c(1315): Comp split 49
INFO: dtree.c(1439): stop. leaf nodes are specific
INFO: dtree.c(1478): Final simple tree
|( QUESTION10 -1 -9.142e+03 1.290e+02 4.237e+01
|    ( - -7.804e+03 1 0)
|    ( - -1.209e+03 1 0))
s>    ( QUESTION10 -1 -9.142e+03 1.290e+02 4.237e+01
s>        ( - -7.804e+03 1 0)
s>        ( - -1.209e+03 1 0))INFO: dtree.c(1315): Comp split 50
INFO: dtree.c(1315): Comp split 51
INFO: dtree.c(1315): Comp split 52
INFO: dtree.c(1315): Comp split 53
INFO: dtree.c(1315): Comp split 54
INFO: dtree.c(1315): Comp split 55
INFO: dtree.c(1315): Comp split 56
INFO: dtree.c(1315): Comp split 57
INFO: dtree.c(1315): Comp split 58
INFO: dtree.c(1315): Comp split 59
INFO: dtree.c(1315): Comp split 60
INFO: dtree.c(1315): Comp split 61
INFO: dtree.c(1439): stop. leaf nodes are specific
INFO: dtree.c(1478): Final simple tree
|( QUESTION0_9_R 1 -1.224e+04 1.084e+02 5.713e+01
|    ( - -7.739e+02 1 0)
|    ( - -1.136e+04 1 0))
s>    ( QUESTION0_9_R 1 -1.224e+04 1.084e+02 5.713e+01
s>        ( - -7.739e+02 1 0)
s>        ( - -1.136e+04 1 0))INFO: dtree.c(1315): Comp split 62
INFO: dtree.c(1315): Comp split 63
INFO: dtree.c(1315): Comp split 64
INFO: dtree.c(1315): Comp split 65
INFO: dtree.c(1318): stop. leaf nodes are specific
Fri Jan  6 22:27:02 2023
