Current configuration:
[NAME]		[DEFLT]			[VALUE]
-example	no			no
-fullvar	no			no
-help		no			no
-meanfn					/mnt/c/users/robin/onedrive/desktop/cmu/Cebuano/model_parameters/Cebuano.ci_cont/means
-mixwfn					/mnt/c/users/robin/onedrive/desktop/cmu/Cebuano/model_parameters/Cebuano.ci_cont/mixture_weights
-moddeffn				/mnt/c/users/robin/onedrive/desktop/cmu/Cebuano/model_architecture/Cebuano.ci.mdef
-niter		0			1
-npermute	6			12
-qstperstt	8			20
-questfn				/mnt/c/users/robin/onedrive/desktop/cmu/Cebuano/model_architecture/Cebuano.tree_questions
-tempfn		/tmp/TEMP.QUESTS	/tmp/TEMP.QUESTS
-type					.cont.
-varfloor	1.0e-08			1.000000e-08
-varfn					/mnt/c/users/robin/onedrive/desktop/cmu/Cebuano/model_parameters/Cebuano.ci_cont/variances

INFO: main.c(792): Reading: /mnt/c/users/robin/onedrive/desktop/cmu/Cebuano/model_architecture/Cebuano.ci.mdef
INFO: model_def_io.c(573): Model definition info:
INFO: model_def_io.c(574): 40 total models defined (40 base, 0 tri)
INFO: model_def_io.c(575): 160 total states
INFO: model_def_io.c(576): 120 total tied states
INFO: model_def_io.c(577): 120 total tied CI states
INFO: model_def_io.c(578): 40 total tied transition matrices
INFO: model_def_io.c(579): 4 max state/model
INFO: model_def_io.c(580): 4 min state/model
INFO: main.c(811): Reading: /mnt/c/users/robin/onedrive/desktop/cmu/Cebuano/model_parameters/Cebuano.ci_cont/mixture_weights
INFO: s3mixw_io.c(116): Read /mnt/c/users/robin/onedrive/desktop/cmu/Cebuano/model_parameters/Cebuano.ci_cont/mixture_weights [120x1x1 array]
INFO: s3gau_io.c(168): Read /mnt/c/users/robin/onedrive/desktop/cmu/Cebuano/model_parameters/Cebuano.ci_cont/means [120x1x1 array]
INFO: s3gau_io.c(168): Read /mnt/c/users/robin/onedrive/desktop/cmu/Cebuano/model_parameters/Cebuano.ci_cont/variances [120x1x1 array]
INFO: main.c(1109): Done building questions using state 0
INFO: main.c(1110):  21 questions from state 0
INFO: main.c(1109): Done building questions using state 1
INFO: main.c(1110):  21 questions from state 1
INFO: main.c(1109): Done building questions using state 2
INFO: main.c(1110):  21 questions from state 2
INFO: main.c(1115): Stored questions in /mnt/c/users/robin/onedrive/desktop/cmu/Cebuano/model_architecture/Cebuano.tree_questions
Fri Jan  6 22:26:58 2023
