Current configuration:
[NAME]		[DEFLT]	[VALUE]
-allphones	no	no
-cntthresh	0.00001	1.000000e-05
-csplitmax	100	2000
-csplitmin	1	1
-csplitthr	8e-4	0.000000e+00
-example	no	no
-fullvar	no	no
-help		no	no
-meanfn			/mnt/c/users/robin/onedrive/desktop/cmu/Cebuano/model_parameters/Cebuano.cd_cont_untied/means
-mixwfn			/mnt/c/users/robin/onedrive/desktop/cmu/Cebuano/model_parameters/Cebuano.cd_cont_untied/mixture_weights
-moddeffn		/mnt/c/users/robin/onedrive/desktop/cmu/Cebuano/model_architecture/Cebuano.untied.mdef
-mwfloor	1e-4	1.000000e-08
-phone			V
-psetfn			/mnt/c/users/robin/onedrive/desktop/cmu/Cebuano/model_architecture/Cebuano.tree_questions
-ssplitmax	5	7
-ssplitmin	1	1
-ssplitthr	8e-4	0.000000e+00
-state			0
-stwt			1.0,0.05,0.0,
-treefn			/mnt/c/users/robin/onedrive/desktop/cmu/Cebuano/trees/Cebuano.unpruned/V-0.dtree
-ts2cbfn	.semi.	.cont.
-varfloor	0.00001	1.000000e-05
-varfn			/mnt/c/users/robin/onedrive/desktop/cmu/Cebuano/model_parameters/Cebuano.cd_cont_untied/variances

INFO: main.c(223): Reading: /mnt/c/users/robin/onedrive/desktop/cmu/Cebuano/model_architecture/Cebuano.untied.mdef
INFO: model_def_io.c(573): Model definition info:
INFO: model_def_io.c(574): 7744 total models defined (40 base, 7704 tri)
INFO: model_def_io.c(575): 30976 total states
INFO: model_def_io.c(576): 23232 total tied states
INFO: model_def_io.c(577): 120 total tied CI states
INFO: model_def_io.c(578): 40 total tied transition matrices
INFO: model_def_io.c(579): 4 max state/model
INFO: model_def_io.c(580): 4 min state/model
INFO: main.c(242): Building trees for [V AA AA i] through [V Z IH b]
INFO: main.c(268): Covering states |[22173 22340]| == 168
INFO: main.c(275): Reading: /mnt/c/users/robin/onedrive/desktop/cmu/Cebuano/model_parameters/Cebuano.cd_cont_untied/mixture_weights
INFO: s3mixw_io.c(172): Read /mnt/c/users/robin/onedrive/desktop/cmu/Cebuano/model_parameters/Cebuano.cd_cont_untied/mixture_weights [168x1x1 array]
INFO: main.c(311): 56 of 56 models have observation count greater than 0.000010
INFO: main.c(95): nrm stwt: 0.952 0.048 0.000 
INFO: s3gau_io.c(168): Read /mnt/c/users/robin/onedrive/desktop/cmu/Cebuano/model_parameters/Cebuano.cd_cont_untied/means [23232x1x1 array]
INFO: s3gau_io.c(168): Read /mnt/c/users/robin/onedrive/desktop/cmu/Cebuano/model_parameters/Cebuano.cd_cont_untied/variances [23232x1x1 array]
INFO: main.c(549): Reading: /mnt/c/users/robin/onedrive/desktop/cmu/Cebuano/model_architecture/Cebuano.tree_questions
INFO: main.c(587): 180 total simple questions (172 phone; 8 word bndry)
INFO: main.c(589): 42 Left Only questions, and 42 Right Only questions
INFO: dtree.c(1478): Final simple tree
|( QUESTION2_19_L -1 -2.120e+05 5.699e+02 9.272e+02
|    ( QUESTION17 1 -8.268e+04 4.647e+02 3.675e+02
|        ( - 2.419e+02 1 0)
|        ( SILENCE 1 -8.246e+04 4.447e+02 3.665e+02
|            ( - -3.431e+03 1 0)
|            ( QUESTION0_9_R 1 -7.858e+04 4.120e+02 3.495e+02
|                ( - -2.445e+04 3 0 QUESTION0_10_R 1 2.906e+02 1.113e+02)
|                ( WDBNDRY_B 0 -5.372e+04 4.290e+02 2.382e+02
|                    ( - -1.437e+04 3 0 QUESTION0_14_R 1 1.579e+02 6.600e+01)
|                    ( - -3.892e+04 11 0 QUESTION0_15_R 1 2.266e+02 1.721e+02)))))
|    ( QUESTION0_3_R 1 -1.288e+05 4.675e+02 5.597e+02
|        ( - 2.411e+02 1 0)
|        ( QUESTION15 -1 -1.285e+05 4.098e+02 5.587e+02
|            ( - -3.403e+04 5 0 QUESTION16 -1 3.673e+02 1.460e+02)
|            ( - -9.409e+04 31 0 QUESTION0_9_R 1 4.149e+02 4.127e+02))))
s>    ( QUESTION2_19_L -1 -2.120e+05 5.699e+02 9.272e+02
s>        ( QUESTION17 1 -8.268e+04 4.647e+02 3.675e+02
s>            ( - 2.419e+02 1 0)
s>            ( SILENCE 1 -8.246e+04 4.447e+02 3.665e+02
s>                ( - -3.431e+03 1 0)
s>                ( QUESTION0_9_R 1 -7.858e+04 4.120e+02 3.495e+02
s>                    ( - -2.445e+04 3 0 QUESTION0_10_R 1 2.906e+02 1.113e+02)
s>                    ( WDBNDRY_B 0 -5.372e+04 4.290e+02 2.382e+02
s>                        ( - -1.437e+04 3 0 QUESTION0_14_R 1 1.579e+02 6.600e+01)
s>                        ( - -3.892e+04 11 0 QUESTION0_15_R 1 2.266e+02 1.721e+02)))))
s>        ( QUESTION0_3_R 1 -1.288e+05 4.675e+02 5.597e+02
s>            ( - 2.411e+02 1 0)
s>            ( QUESTION15 -1 -1.285e+05 4.098e+02 5.587e+02
s>                ( - -3.403e+04 5 0 QUESTION16 -1 3.673e+02 1.460e+02)
s>                ( - -9.409e+04 31 0 QUESTION0_9_R 1 4.149e+02 4.127e+02))))INFO: dtree.c(1315): Comp split 0
INFO: dtree.c(1478): Final simple tree
|( QUESTION0_9_R 1 -1.335e+05 5.266e+02 5.848e+02
|    ( - -2.375e+04 6 0 QUESTION0 -1 1.511e+02 1.077e+02)
|    ( QUESTION2_19_L -1 -1.093e+05 4.104e+02 4.771e+02
|        ( - -3.892e+04 11 0 QUESTION0_15_R 1 2.266e+02 1.721e+02)
|        ( QUESTION0 1 -6.993e+04 3.361e+02 3.050e+02
|            ( WDBNDRY_E 0 -4.537e+04 4.440e+02 1.985e+02
|                ( - -4.900e+03 1 0)
|                ( QUESTION2_14_L -1 -4.003e+04 2.474e+02 1.765e+02
|                    ( - -2.232e+04 2 0)
|                    ( QUESTION0_14_R 1 -1.746e+04 2.405e+02 7.804e+01
|                        ( - -1.189e+04 6 0 QUESTION0 -1 2.161e+02 5.404e+01)
|                        ( - -5.335e+03 4 0 QUESTION13 -1 1.895e+02 2.400e+01))))
|            ( QUESTION10 -1 -2.422e+04 4.545e+02 1.064e+02
|                ( - 2.001e+02 1 0)
|                ( - -2.396e+04 11 0 QUESTION12 1 1.998e+02 1.054e+02)))))
s>    ( QUESTION0_9_R 1 -1.335e+05 5.266e+02 5.848e+02
s>        ( - -2.375e+04 6 0 QUESTION0 -1 1.511e+02 1.077e+02)
s>        ( QUESTION2_19_L -1 -1.093e+05 4.104e+02 4.771e+02
s>            ( - -3.892e+04 11 0 QUESTION0_15_R 1 2.266e+02 1.721e+02)
s>            ( QUESTION0 1 -6.993e+04 3.361e+02 3.050e+02
s>                ( WDBNDRY_E 0 -4.537e+04 4.440e+02 1.985e+02
s>                    ( - -4.900e+03 1 0)
s>                    ( QUESTION2_14_L -1 -4.003e+04 2.474e+02 1.765e+02
s>                        ( - -2.232e+04 2 0)
s>                        ( QUESTION0_14_R 1 -1.746e+04 2.405e+02 7.804e+01
s>                            ( - -1.189e+04 6 0 QUESTION0 -1 2.161e+02 5.404e+01)
s>                            ( - -5.335e+03 4 0 QUESTION13 -1 1.895e+02 2.400e+01))))
s>                ( QUESTION10 -1 -2.422e+04 4.545e+02 1.064e+02
s>                    ( - 2.001e+02 1 0)
s>                    ( - -2.396e+04 11 0 QUESTION12 1 1.998e+02 1.054e+02)))))INFO: dtree.c(1478): Final simple tree
|( QUESTION17 1 -7.778e+04 4.663e+02 3.424e+02
|    ( - 2.419e+02 1 0)
|    ( QUESTION0_0_R 1 -7.755e+04 4.648e+02 3.414e+02
|        ( - 2.411e+02 1 0)
|        ( WDBNDRY_E 0 -7.733e+04 4.322e+02 3.404e+02
|            ( - -3.431e+03 1 0)
|            ( QUESTION0_11_R 1 -7.346e+04 4.065e+02 3.234e+02
|                ( - -1.747e+04 1 0)
|                ( QUESTION2_13_L -1 -5.559e+04 3.847e+02 2.419e+02
|                    ( QUESTION0_14_R 1 -1.900e+04 2.311e+02 8.015e+01
|                        ( - -1.530e+04 1 0)
|                        ( - -3.471e+03 1 0))
|                    ( WDBNDRY_B 0 -3.621e+04 3.087e+02 1.617e+02
|                        ( - -1.599e+04 4 0 QUESTION0_9_R 1 1.918e+02 7.300e+01)
|                        ( - -1.991e+04 4 0 QUESTION0_9_R 1 1.863e+02 8.873e+01)))))))
s>    ( QUESTION17 1 -7.778e+04 4.663e+02 3.424e+02
s>        ( - 2.419e+02 1 0)
s>        ( QUESTION0_0_R 1 -7.755e+04 4.648e+02 3.414e+02
s>            ( - 2.411e+02 1 0)
s>            ( WDBNDRY_E 0 -7.733e+04 4.322e+02 3.404e+02
s>                ( - -3.431e+03 1 0)
s>                ( QUESTION0_11_R 1 -7.346e+04 4.065e+02 3.234e+02
s>                    ( - -1.747e+04 1 0)
s>                    ( QUESTION2_13_L -1 -5.559e+04 3.847e+02 2.419e+02
s>                        ( QUESTION0_14_R 1 -1.900e+04 2.311e+02 8.015e+01
s>                            ( - -1.530e+04 1 0)
s>                            ( - -3.471e+03 1 0))
s>                        ( WDBNDRY_B 0 -3.621e+04 3.087e+02 1.617e+02
s>                            ( - -1.599e+04 4 0 QUESTION0_9_R 1 1.918e+02 7.300e+01)
s>                            ( - -1.991e+04 4 0 QUESTION0_9_R 1 1.863e+02 8.873e+01)))))))INFO: dtree.c(1315): Comp split 1
INFO: dtree.c(1439): stop. leaf nodes are specific
INFO: dtree.c(1478): Final simple tree
|( WDBNDRY_E 0 -2.893e+04 2.826e+02 1.297e+02
|    ( - -4.900e+03 1 0)
|    ( QUESTION0 -1 -2.375e+04 1.511e+02 1.077e+02
|        ( - -1.212e+03 1 0)
|        ( QUESTION2_0_L -1 -2.238e+04 1.433e+02 1.017e+02
|            ( WDBNDRY_B 0 -2.031e+04 1.315e+02 9.272e+01
|                ( - -1.326e+03 1 0)
|                ( - -1.885e+04 1 0))
|            ( QUESTION12 -1 -1.930e+03 1.563e+02 9.000e+00
|                ( - -5.272e+02 1 0)
|                ( - -1.246e+03 2 0)))))
s>    ( WDBNDRY_E 0 -2.893e+04 2.826e+02 1.297e+02
s>        ( - -4.900e+03 1 0)
s>        ( QUESTION0 -1 -2.375e+04 1.511e+02 1.077e+02
s>            ( - -1.212e+03 1 0)
s>            ( QUESTION2_0_L -1 -2.238e+04 1.433e+02 1.017e+02
s>                ( WDBNDRY_B 0 -2.031e+04 1.315e+02 9.272e+01
s>                    ( - -1.326e+03 1 0)
s>                    ( - -1.885e+04 1 0))
s>                ( QUESTION12 -1 -1.930e+03 1.563e+02 9.000e+00
s>                    ( - -5.272e+02 1 0)
s>                    ( - -1.246e+03 2 0)))))INFO: dtree.c(1478): Final simple tree
|( QUESTION2_19_L -1 -1.039e+05 4.105e+02 4.551e+02
|    ( QUESTION0_15_R 1 -3.892e+04 2.266e+02 1.721e+02
|        ( - -3.531e+03 2 0 QUESTION0 1 1.457e+02 1.698e+01)
|        ( - -3.516e+04 9 0 QUESTION0_1_R 1 1.838e+02 1.552e+02))
|    ( QUESTION0_14_R 1 -6.454e+04 3.011e+02 2.830e+02
|        ( QUESTION2_14_L -1 -3.453e+04 3.219e+02 1.525e+02
|            ( - -2.232e+04 2 0)
|            ( QUESTION0 -1 -1.189e+04 2.161e+02 5.404e+01
|                ( - -3.513e+03 4 0 WDBNDRY_B 0 1.715e+02 1.600e+01)
|                ( WDBNDRY_B 0 -8.160e+03 4.676e+02 3.804e+01
|                    ( - 2.415e+02 1 0)
|                    ( - -7.934e+03 1 0))))
|        ( QUESTION15 1 -2.971e+04 2.044e+02 1.305e+02
|            ( - -6.067e+02 1 0)
|            ( - -2.890e+04 15 0 QUESTION0 -1 4.661e+02 1.275e+02))))
s>    ( QUESTION2_19_L -1 -1.039e+05 4.105e+02 4.551e+02
s>        ( QUESTION0_15_R 1 -3.892e+04 2.266e+02 1.721e+02
s>            ( - -3.531e+03 2 0 QUESTION0 1 1.457e+02 1.698e+01)
s>            ( - -3.516e+04 9 0 QUESTION0_1_R 1 1.838e+02 1.552e+02))
s>        ( QUESTION0_14_R 1 -6.454e+04 3.011e+02 2.830e+02
s>            ( QUESTION2_14_L -1 -3.453e+04 3.219e+02 1.525e+02
s>                ( - -2.232e+04 2 0)
s>                ( QUESTION0 -1 -1.189e+04 2.161e+02 5.404e+01
s>                    ( - -3.513e+03 4 0 WDBNDRY_B 0 1.715e+02 1.600e+01)
s>                    ( WDBNDRY_B 0 -8.160e+03 4.676e+02 3.804e+01
s>                        ( - 2.415e+02 1 0)
s>                        ( - -7.934e+03 1 0))))
s>            ( QUESTION15 1 -2.971e+04 2.044e+02 1.305e+02
s>                ( - -6.067e+02 1 0)
s>                ( - -2.890e+04 15 0 QUESTION0 -1 4.661e+02 1.275e+02))))INFO: dtree.c(1315): Comp split 2
INFO: dtree.c(1478): Final simple tree
|( WDBNDRY_B 0 -4.815e+04 4.643e+02 2.132e+02
|    ( - 2.415e+02 1 0)
|    ( QUESTION2_19_L -1 -4.793e+04 2.654e+02 2.122e+02
|        ( QUESTION0_15_R 1 -3.892e+04 2.266e+02 1.721e+02
|            ( - -3.531e+03 2 0 QUESTION0 1 1.457e+02 1.698e+01)
|            ( QUESTION0_1_R 1 -3.516e+04 1.838e+02 1.552e+02
|                ( - -5.058e+03 1 0)
|                ( WDBNDRY_E 0 -2.992e+04 2.148e+02 1.318e+02
|                    ( QUESTION0_0_R 1 -3.102e+03 1.480e+02 1.501e+01
|                        ( - -9.965e+02 1 0)
|                        ( - -1.957e+03 1 0))
|                    ( - -2.660e+04 6 0))))
|        ( QUESTION0_14_R 1 -8.746e+03 2.057e+02 4.004e+01
|            ( - -7.934e+03 1 0)
|            ( - -6.067e+02 1 0))))
s>    ( WDBNDRY_B 0 -4.815e+04 4.643e+02 2.132e+02
s>        ( - 2.415e+02 1 0)
s>        ( QUESTION2_19_L -1 -4.793e+04 2.654e+02 2.122e+02
s>            ( QUESTION0_15_R 1 -3.892e+04 2.266e+02 1.721e+02
s>                ( - -3.531e+03 2 0 QUESTION0 1 1.457e+02 1.698e+01)
s>                ( QUESTION0_1_R 1 -3.516e+04 1.838e+02 1.552e+02
s>                    ( - -5.058e+03 1 0)
s>                    ( WDBNDRY_E 0 -2.992e+04 2.148e+02 1.318e+02
s>                        ( QUESTION0_0_R 1 -3.102e+03 1.480e+02 1.501e+01
s>                            ( - -9.965e+02 1 0)
s>                            ( - -1.957e+03 1 0))
s>                        ( - -2.660e+04 6 0))))
s>            ( QUESTION0_14_R 1 -8.746e+03 2.057e+02 4.004e+01
s>                ( - -7.934e+03 1 0)
s>                ( - -6.067e+02 1 0))))INFO: dtree.c(1478): Final simple tree
|( QUESTION0 1 -5.518e+04 2.914e+02 2.419e+02
|    ( QUESTION2_12_L -1 -3.148e+04 1.804e+02 1.385e+02
|        ( - -2.552e+04 4 0 QUESTION0_14_R 1 1.563e+02 1.125e+02)
|        ( QUESTION0_14_R 1 -5.782e+03 1.773e+02 2.600e+01
|            ( - -2.181e+03 3 0)
|            ( - -3.424e+03 3 0 QUESTION2 -1 1.420e+02 1.600e+01)))
|    ( QUESTION0 -1 -2.341e+04 4.671e+02 1.034e+02
|        ( - 2.427e+02 1 0)
|        ( QUESTION10 -1 -2.319e+04 4.543e+02 1.024e+02
|            ( - 2.001e+02 1 0)
|            ( QUESTION12 1 -2.294e+04 2.035e+02 1.014e+02
|                ( - -6.934e+03 1 0)
|                ( QUESTION2_14_L -1 -1.580e+04 2.006e+02 6.975e+01
|                    ( - -2.660e+03 1 0)
|                    ( - -1.294e+04 7 0 QUESTION2 -1 1.752e+02 5.679e+01))))))
s>    ( QUESTION0 1 -5.518e+04 2.914e+02 2.419e+02
s>        ( QUESTION2_12_L -1 -3.148e+04 1.804e+02 1.385e+02
s>            ( - -2.552e+04 4 0 QUESTION0_14_R 1 1.563e+02 1.125e+02)
s>            ( QUESTION0_14_R 1 -5.782e+03 1.773e+02 2.600e+01
s>                ( - -2.181e+03 3 0)
s>                ( - -3.424e+03 3 0 QUESTION2 -1 1.420e+02 1.600e+01)))
s>        ( QUESTION0 -1 -2.341e+04 4.671e+02 1.034e+02
s>            ( - 2.427e+02 1 0)
s>            ( QUESTION10 -1 -2.319e+04 4.543e+02 1.024e+02
s>                ( - 2.001e+02 1 0)
s>                ( QUESTION12 1 -2.294e+04 2.035e+02 1.014e+02
s>                    ( - -6.934e+03 1 0)
s>                    ( QUESTION2_14_L -1 -1.580e+04 2.006e+02 6.975e+01
s>                        ( - -2.660e+03 1 0)
s>                        ( - -1.294e+04 7 0 QUESTION2 -1 1.752e+02 5.679e+01))))))INFO: dtree.c(1315): Comp split 3
INFO: dtree.c(1439): stop. leaf nodes are specific
INFO: dtree.c(1478): Final simple tree
|( QUESTION0_9_R 1 -3.315e+04 3.825e+02 1.446e+02
|    ( - -1.747e+04 1 0)
|    ( - -1.530e+04 1 0))
s>    ( QUESTION0_9_R 1 -3.315e+04 3.825e+02 1.446e+02
s>        ( - -1.747e+04 1 0)
s>        ( - -1.530e+04 1 0))INFO: dtree.c(1478): Final simple tree
|( QUESTION15 1 -4.415e+04 4.658e+02 1.977e+02
|    ( - 2.419e+02 1 0)
|    ( QUESTION0_0_R 1 -4.393e+04 4.617e+02 1.967e+02
|        ( - 2.411e+02 1 0)
|        ( WDBNDRY_E 0 -4.371e+04 4.304e+02 1.957e+02
|            ( - -3.431e+03 1 0)
|            ( WDBNDRY_B 0 -3.985e+04 2.922e+02 1.787e+02
|                ( QUESTION0_9_R 1 -1.599e+04 1.918e+02 7.300e+01
|                    ( - -1.426e+03 1 0)
|                    ( - -1.437e+04 3 0 QUESTION0_14_R 1 1.579e+02 6.600e+01))
|                ( QUESTION0_9_R 1 -2.356e+04 1.891e+02 1.057e+02
|                    ( QUESTION0 -1 -7.221e+03 1.931e+02 3.184e+01
|                        ( - -5.122e+03 1 0)
|                        ( - -1.905e+03 1 0))
|                    ( - -1.615e+04 3 0 QUESTION0_14_R 1 1.821e+02 7.389e+01))))))
s>    ( QUESTION15 1 -4.415e+04 4.658e+02 1.977e+02
s>        ( - 2.419e+02 1 0)
s>        ( QUESTION0_0_R 1 -4.393e+04 4.617e+02 1.967e+02
s>            ( - 2.411e+02 1 0)
s>            ( WDBNDRY_E 0 -4.371e+04 4.304e+02 1.957e+02
s>                ( - -3.431e+03 1 0)
s>                ( WDBNDRY_B 0 -3.985e+04 2.922e+02 1.787e+02
s>                    ( QUESTION0_9_R 1 -1.599e+04 1.918e+02 7.300e+01
s>                        ( - -1.426e+03 1 0)
s>                        ( - -1.437e+04 3 0 QUESTION0_14_R 1 1.579e+02 6.600e+01))
s>                    ( QUESTION0_9_R 1 -2.356e+04 1.891e+02 1.057e+02
s>                        ( QUESTION0 -1 -7.221e+03 1.931e+02 3.184e+01
s>                            ( - -5.122e+03 1 0)
s>                            ( - -1.905e+03 1 0))
s>                        ( - -1.615e+04 3 0 QUESTION0_14_R 1 1.821e+02 7.389e+01))))))INFO: dtree.c(1315): Comp split 4
INFO: dtree.c(1478): Final simple tree
|( QUESTION0_0_R 1 -4.393e+04 4.617e+02 1.967e+02
|    ( - 2.411e+02 1 0)
|    ( WDBNDRY_E 0 -4.371e+04 4.304e+02 1.957e+02
|        ( - -3.431e+03 1 0)
|        ( WDBNDRY_B 0 -3.985e+04 2.922e+02 1.787e+02
|            ( QUESTION0_9_R 1 -1.599e+04 1.918e+02 7.300e+01
|                ( - -1.426e+03 1 0)
|                ( - -1.437e+04 3 0 QUESTION0_14_R 1 1.579e+02 6.600e+01))
|            ( QUESTION0_9_R 1 -2.356e+04 1.891e+02 1.057e+02
|                ( QUESTION0 -1 -7.221e+03 1.931e+02 3.184e+01
|                    ( - -5.122e+03 1 0)
|                    ( - -1.905e+03 1 0))
|                ( QUESTION0_14_R 1 -1.615e+04 1.821e+02 7.389e+01
|                    ( - -1.250e+04 2 0)
|                    ( - -3.471e+03 1 0))))))
s>    ( QUESTION0_0_R 1 -4.393e+04 4.617e+02 1.967e+02
s>        ( - 2.411e+02 1 0)
s>        ( WDBNDRY_E 0 -4.371e+04 4.304e+02 1.957e+02
s>            ( - -3.431e+03 1 0)
s>            ( WDBNDRY_B 0 -3.985e+04 2.922e+02 1.787e+02
s>                ( QUESTION0_9_R 1 -1.599e+04 1.918e+02 7.300e+01
s>                    ( - -1.426e+03 1 0)
s>                    ( - -1.437e+04 3 0 QUESTION0_14_R 1 1.579e+02 6.600e+01))
s>                ( QUESTION0_9_R 1 -2.356e+04 1.891e+02 1.057e+02
s>                    ( QUESTION0 -1 -7.221e+03 1.931e+02 3.184e+01
s>                        ( - -5.122e+03 1 0)
s>                        ( - -1.905e+03 1 0))
s>                    ( QUESTION0_14_R 1 -1.615e+04 1.821e+02 7.389e+01
s>                        ( - -1.250e+04 2 0)
s>                        ( - -3.471e+03 1 0))))))INFO: dtree.c(1315): Comp split 5
INFO: dtree.c(1478): Final simple tree
|( QUESTION0 1 -5.496e+04 2.928e+02 2.409e+02
|    ( QUESTION2_12_L -1 -3.148e+04 1.804e+02 1.385e+02
|        ( - -2.552e+04 4 0 QUESTION0_14_R 1 1.563e+02 1.125e+02)
|        ( QUESTION0_14_R 1 -5.782e+03 1.773e+02 2.600e+01
|            ( - -2.181e+03 3 0)
|            ( - -3.424e+03 3 0 QUESTION2 -1 1.420e+02 1.600e+01)))
|    ( QUESTION10 -1 -2.319e+04 4.543e+02 1.024e+02
|        ( - 2.001e+02 1 0)
|        ( QUESTION12 1 -2.294e+04 2.035e+02 1.014e+02
|            ( - -6.934e+03 1 0)
|            ( QUESTION2_14_L -1 -1.580e+04 2.006e+02 6.975e+01
|                ( - -2.660e+03 1 0)
|                ( QUESTION2 -1 -1.294e+04 1.752e+02 5.679e+01
|                    ( - -9.787e+02 1 0)
|                    ( - -1.178e+04 6 0 WDBNDRY_B 0 1.450e+02 5.179e+01))))))
s>    ( QUESTION0 1 -5.496e+04 2.928e+02 2.409e+02
s>        ( QUESTION2_12_L -1 -3.148e+04 1.804e+02 1.385e+02
s>            ( - -2.552e+04 4 0 QUESTION0_14_R 1 1.563e+02 1.125e+02)
s>            ( QUESTION0_14_R 1 -5.782e+03 1.773e+02 2.600e+01
s>                ( - -2.181e+03 3 0)
s>                ( - -3.424e+03 3 0 QUESTION2 -1 1.420e+02 1.600e+01)))
s>        ( QUESTION10 -1 -2.319e+04 4.543e+02 1.024e+02
s>            ( - 2.001e+02 1 0)
s>            ( QUESTION12 1 -2.294e+04 2.035e+02 1.014e+02
s>                ( - -6.934e+03 1 0)
s>                ( QUESTION2_14_L -1 -1.580e+04 2.006e+02 6.975e+01
s>                    ( - -2.660e+03 1 0)
s>                    ( QUESTION2 -1 -1.294e+04 1.752e+02 5.679e+01
s>                        ( - -9.787e+02 1 0)
s>                        ( - -1.178e+04 6 0 WDBNDRY_B 0 1.450e+02 5.179e+01))))))INFO: dtree.c(1315): Comp split 6
INFO: dtree.c(1478): Final simple tree
|( QUESTION2_19_L -1 -4.793e+04 2.654e+02 2.122e+02
|    ( QUESTION0_15_R 1 -3.892e+04 2.266e+02 1.721e+02
|        ( QUESTION0 1 -3.531e+03 1.457e+02 1.698e+01
|            ( - -2.894e+02 1 0)
|            ( - -3.095e+03 1 0))
|        ( QUESTION0_1_R 1 -3.516e+04 1.838e+02 1.552e+02
|            ( - -5.058e+03 1 0)
|            ( WDBNDRY_E 0 -2.992e+04 2.148e+02 1.318e+02
|                ( QUESTION0_0_R 1 -3.102e+03 1.480e+02 1.501e+01
|                    ( - -9.965e+02 1 0)
|                    ( - -1.957e+03 1 0))
|                ( - -2.660e+04 6 0))))
|    ( QUESTION0_14_R 1 -8.746e+03 2.057e+02 4.004e+01
|        ( - -7.934e+03 1 0)
|        ( - -6.067e+02 1 0)))
s>    ( QUESTION2_19_L -1 -4.793e+04 2.654e+02 2.122e+02
s>        ( QUESTION0_15_R 1 -3.892e+04 2.266e+02 1.721e+02
s>            ( QUESTION0 1 -3.531e+03 1.457e+02 1.698e+01
s>                ( - -2.894e+02 1 0)
s>                ( - -3.095e+03 1 0))
s>            ( QUESTION0_1_R 1 -3.516e+04 1.838e+02 1.552e+02
s>                ( - -5.058e+03 1 0)
s>                ( WDBNDRY_E 0 -2.992e+04 2.148e+02 1.318e+02
s>                    ( QUESTION0_0_R 1 -3.102e+03 1.480e+02 1.501e+01
s>                        ( - -9.965e+02 1 0)
s>                        ( - -1.957e+03 1 0))
s>                    ( - -2.660e+04 6 0))))
s>        ( QUESTION0_14_R 1 -8.746e+03 2.057e+02 4.004e+01
s>            ( - -7.934e+03 1 0)
s>            ( - -6.067e+02 1 0)))INFO: dtree.c(1315): Comp split 7
INFO: dtree.c(1478): Final simple tree
|( WDBNDRY_E 0 -4.371e+04 4.304e+02 1.957e+02
|    ( - -3.431e+03 1 0)
|    ( WDBNDRY_B 0 -3.985e+04 2.922e+02 1.787e+02
|        ( QUESTION0_9_R 1 -1.599e+04 1.918e+02 7.300e+01
|            ( - -1.426e+03 1 0)
|            ( QUESTION0_14_R 1 -1.437e+04 1.579e+02 6.600e+01
|                ( - -1.323e+04 2 0)
|                ( - -9.805e+02 1 0)))
|        ( QUESTION0_9_R 1 -2.356e+04 1.891e+02 1.057e+02
|            ( QUESTION0 -1 -7.221e+03 1.931e+02 3.184e+01
|                ( - -5.122e+03 1 0)
|                ( - -1.905e+03 1 0))
|            ( QUESTION0_14_R 1 -1.615e+04 1.821e+02 7.389e+01
|                ( - -1.250e+04 2 0)
|                ( - -3.471e+03 1 0)))))
s>    ( WDBNDRY_E 0 -4.371e+04 4.304e+02 1.957e+02
s>        ( - -3.431e+03 1 0)
s>        ( WDBNDRY_B 0 -3.985e+04 2.922e+02 1.787e+02
s>            ( QUESTION0_9_R 1 -1.599e+04 1.918e+02 7.300e+01
s>                ( - -1.426e+03 1 0)
s>                ( QUESTION0_14_R 1 -1.437e+04 1.579e+02 6.600e+01
s>                    ( - -1.323e+04 2 0)
s>                    ( - -9.805e+02 1 0)))
s>            ( QUESTION0_9_R 1 -2.356e+04 1.891e+02 1.057e+02
s>                ( QUESTION0 -1 -7.221e+03 1.931e+02 3.184e+01
s>                    ( - -5.122e+03 1 0)
s>                    ( - -1.905e+03 1 0))
s>                ( QUESTION0_14_R 1 -1.615e+04 1.821e+02 7.389e+01
s>                    ( - -1.250e+04 2 0)
s>                    ( - -3.471e+03 1 0)))))INFO: dtree.c(1315): Comp split 8
INFO: dtree.c(1478): Final simple tree
|( QUESTION0 1 -5.471e+04 2.978e+02 2.399e+02
|    ( QUESTION2_12_L -1 -3.148e+04 1.804e+02 1.385e+02
|        ( QUESTION0_14_R 1 -2.552e+04 1.563e+02 1.125e+02
|            ( - -2.364e+04 3 0 QUESTION0 -1 1.596e+02 1.045e+02)
|            ( - -1.721e+03 1 0))
|        ( QUESTION0_14_R 1 -5.782e+03 1.773e+02 2.600e+01
|            ( - -2.181e+03 3 0)
|            ( - -3.424e+03 3 0 QUESTION2 -1 1.420e+02 1.600e+01)))
|    ( QUESTION12 1 -2.294e+04 2.035e+02 1.014e+02
|        ( - -6.934e+03 1 0)
|        ( QUESTION2_14_L -1 -1.580e+04 2.006e+02 6.975e+01
|            ( - -2.660e+03 1 0)
|            ( QUESTION2 -1 -1.294e+04 1.752e+02 5.679e+01
|                ( - -9.787e+02 1 0)
|                ( - -1.178e+04 6 0 WDBNDRY_B 0 1.450e+02 5.179e+01)))))
s>    ( QUESTION0 1 -5.471e+04 2.978e+02 2.399e+02
s>        ( QUESTION2_12_L -1 -3.148e+04 1.804e+02 1.385e+02
s>            ( QUESTION0_14_R 1 -2.552e+04 1.563e+02 1.125e+02
s>                ( - -2.364e+04 3 0 QUESTION0 -1 1.596e+02 1.045e+02)
s>                ( - -1.721e+03 1 0))
s>            ( QUESTION0_14_R 1 -5.782e+03 1.773e+02 2.600e+01
s>                ( - -2.181e+03 3 0)
s>                ( - -3.424e+03 3 0 QUESTION2 -1 1.420e+02 1.600e+01)))
s>        ( QUESTION12 1 -2.294e+04 2.035e+02 1.014e+02
s>            ( - -6.934e+03 1 0)
s>            ( QUESTION2_14_L -1 -1.580e+04 2.006e+02 6.975e+01
s>                ( - -2.660e+03 1 0)
s>                ( QUESTION2 -1 -1.294e+04 1.752e+02 5.679e+01
s>                    ( - -9.787e+02 1 0)
s>                    ( - -1.178e+04 6 0 WDBNDRY_B 0 1.450e+02 5.179e+01)))))INFO: dtree.c(1315): Comp split 9
INFO: dtree.c(1439): stop. leaf nodes are specific
INFO: dtree.c(1478): Final simple tree
|( WDBNDRY_B 0 -3.985e+04 2.922e+02 1.787e+02
|    ( QUESTION0_9_R 1 -1.599e+04 1.918e+02 7.300e+01
|        ( - -1.426e+03 1 0)
|        ( QUESTION0_14_R 1 -1.437e+04 1.579e+02 6.600e+01
|            ( - -1.323e+04 2 0)
|            ( - -9.805e+02 1 0)))
|    ( QUESTION0_9_R 1 -2.356e+04 1.891e+02 1.057e+02
|        ( QUESTION0 -1 -7.221e+03 1.931e+02 3.184e+01
|            ( - -5.122e+03 1 0)
|            ( - -1.905e+03 1 0))
|        ( QUESTION0_14_R 1 -1.615e+04 1.821e+02 7.389e+01
|            ( - -1.250e+04 2 0)
|            ( - -3.471e+03 1 0))))
s>    ( WDBNDRY_B 0 -3.985e+04 2.922e+02 1.787e+02
s>        ( QUESTION0_9_R 1 -1.599e+04 1.918e+02 7.300e+01
s>            ( - -1.426e+03 1 0)
s>            ( QUESTION0_14_R 1 -1.437e+04 1.579e+02 6.600e+01
s>                ( - -1.323e+04 2 0)
s>                ( - -9.805e+02 1 0)))
s>        ( QUESTION0_9_R 1 -2.356e+04 1.891e+02 1.057e+02
s>            ( QUESTION0 -1 -7.221e+03 1.931e+02 3.184e+01
s>                ( - -5.122e+03 1 0)
s>                ( - -1.905e+03 1 0))
s>            ( QUESTION0_14_R 1 -1.615e+04 1.821e+02 7.389e+01
s>                ( - -1.250e+04 2 0)
s>                ( - -3.471e+03 1 0))))INFO: dtree.c(1315): Comp split 10
INFO: dtree.c(1315): Comp split 11
INFO: dtree.c(1439): stop. leaf nodes are specific
INFO: dtree.c(1478): Final simple tree
|( QUESTION0_9_R 1 -2.013e+04 2.104e+02 9.201e+01
|    ( - -1.905e+03 1 0)
|    ( QUESTION0_14_R 1 -1.801e+04 1.679e+02 8.300e+01
|        ( - -1.323e+04 2 0)
|        ( WDBNDRY_B 0 -4.607e+03 1.556e+02 2.200e+01
|            ( - -9.805e+02 1 0)
|            ( - -3.471e+03 1 0))))
s>    ( QUESTION0_9_R 1 -2.013e+04 2.104e+02 9.201e+01
s>        ( - -1.905e+03 1 0)
s>        ( QUESTION0_14_R 1 -1.801e+04 1.679e+02 8.300e+01
s>            ( - -1.323e+04 2 0)
s>            ( WDBNDRY_B 0 -4.607e+03 1.556e+02 2.200e+01
s>                ( - -9.805e+02 1 0)
s>                ( - -3.471e+03 1 0))))INFO: dtree.c(1439): stop. leaf nodes are specific
INFO: dtree.c(1478): Final simple tree
|( WDBNDRY_B 0 -1.935e+04 1.753e+02 8.673e+01
|    ( - -1.426e+03 1 0)
|    ( QUESTION0_9_R 1 -1.775e+04 1.301e+02 7.973e+01
|        ( - -5.122e+03 1 0)
|        ( - -1.250e+04 2 0)))
s>    ( WDBNDRY_B 0 -1.935e+04 1.753e+02 8.673e+01
s>        ( - -1.426e+03 1 0)
s>        ( QUESTION0_9_R 1 -1.775e+04 1.301e+02 7.973e+01
s>            ( - -5.122e+03 1 0)
s>            ( - -1.250e+04 2 0)))INFO: dtree.c(1315): Comp split 12
INFO: dtree.c(1439): stop. leaf nodes are specific
INFO: dtree.c(1478): Final simple tree
|( QUESTION0_14_R 1 -2.552e+04 1.563e+02 1.125e+02
|    ( QUESTION0 -1 -2.364e+04 1.596e+02 1.045e+02
|        ( - -1.160e+03 1 0)
|        ( - -2.232e+04 2 0))
|    ( - -1.721e+03 1 0))
s>    ( QUESTION0_14_R 1 -2.552e+04 1.563e+02 1.125e+02
s>        ( QUESTION0 -1 -2.364e+04 1.596e+02 1.045e+02
s>            ( - -1.160e+03 1 0)
s>            ( - -2.232e+04 2 0))
s>        ( - -1.721e+03 1 0))INFO: dtree.c(1478): Final simple tree
|( QUESTION0_2_R 1 -2.888e+04 2.000e+02 1.275e+02
|    ( QUESTION2_14_L -1 -4.293e+03 1.574e+02 1.997e+01
|        ( - -2.660e+03 1 0)
|        ( - -1.475e+03 1 0))
|    ( QUESTION2 -1 -2.439e+04 1.866e+02 1.075e+02
|        ( - -2.313e+03 2 0 QUESTION0 1 1.118e+02 1.100e+01)
|        ( QUESTION13 1 -2.189e+04 1.862e+02 9.648e+01
|            ( WDBNDRY_E 0 -6.310e+03 1.484e+02 2.790e+01
|                ( - -3.024e+02 1 0)
|                ( - -5.859e+03 2 0 WDBNDRY_B 0 1.450e+02 2.590e+01))
|            ( QUESTION0_14_R 1 -1.539e+04 1.724e+02 6.859e+01
|                ( - -2.181e+03 3 0)
|                ( QUESTION10 1 -1.304e+04 1.629e+02 5.859e+01
|                    ( - -3.755e+03 2 0)
|                    ( - -9.120e+03 3 0 WDBNDRY_E 0 1.271e+02 4.170e+01))))))
s>    ( QUESTION0_2_R 1 -2.888e+04 2.000e+02 1.275e+02
s>        ( QUESTION2_14_L -1 -4.293e+03 1.574e+02 1.997e+01
s>            ( - -2.660e+03 1 0)
s>            ( - -1.475e+03 1 0))
s>        ( QUESTION2 -1 -2.439e+04 1.866e+02 1.075e+02
s>            ( - -2.313e+03 2 0 QUESTION0 1 1.118e+02 1.100e+01)
s>            ( QUESTION13 1 -2.189e+04 1.862e+02 9.648e+01
s>                ( WDBNDRY_E 0 -6.310e+03 1.484e+02 2.790e+01
s>                    ( - -3.024e+02 1 0)
s>                    ( - -5.859e+03 2 0 WDBNDRY_B 0 1.450e+02 2.590e+01))
s>                ( QUESTION0_14_R 1 -1.539e+04 1.724e+02 6.859e+01
s>                    ( - -2.181e+03 3 0)
s>                    ( QUESTION10 1 -1.304e+04 1.629e+02 5.859e+01
s>                        ( - -3.755e+03 2 0)
s>                        ( - -9.120e+03 3 0 WDBNDRY_E 0 1.271e+02 4.170e+01))))))INFO: dtree.c(1315): Comp split 13
INFO: dtree.c(1439): stop. leaf nodes are specific
INFO: dtree.c(1478): Final simple tree
|( WDBNDRY_B 0 -6.284e+03 1.372e+02 2.799e+01
|    ( - -1.246e+03 2 0)
|    ( - -4.900e+03 1 0))
s>    ( WDBNDRY_B 0 -6.284e+03 1.372e+02 2.799e+01
s>        ( - -1.246e+03 2 0)
s>        ( - -4.900e+03 1 0))INFO: dtree.c(1439): stop. leaf nodes are specific
INFO: dtree.c(1478): Final simple tree
|( QUESTION0 -1 -2.234e+04 1.543e+02 1.017e+02
|    ( - -1.212e+03 1 0)
|    ( QUESTION12 -1 -2.098e+04 1.374e+02 9.572e+01
|        ( - -5.272e+02 1 0)
|        ( WDBNDRY_B 0 -2.031e+04 1.315e+02 9.272e+01
|            ( - -1.326e+03 1 0)
|            ( - -1.885e+04 1 0))))
s>    ( QUESTION0 -1 -2.234e+04 1.543e+02 1.017e+02
s>        ( - -1.212e+03 1 0)
s>        ( QUESTION12 -1 -2.098e+04 1.374e+02 9.572e+01
s>            ( - -5.272e+02 1 0)
s>            ( WDBNDRY_B 0 -2.031e+04 1.315e+02 9.272e+01
s>                ( - -1.326e+03 1 0)
s>                ( - -1.885e+04 1 0))))INFO: dtree.c(1315): Comp split 14
INFO: dtree.c(1439): stop. leaf nodes are specific
INFO: dtree.c(1478): Final simple tree
|( QUESTION0_15_R 1 -3.892e+04 2.266e+02 1.721e+02
|    ( QUESTION0 1 -3.531e+03 1.457e+02 1.698e+01
|        ( - -2.894e+02 1 0)
|        ( - -3.095e+03 1 0))
|    ( QUESTION0_1_R 1 -3.516e+04 1.838e+02 1.552e+02
|        ( - -5.058e+03 1 0)
|        ( WDBNDRY_E 0 -2.992e+04 2.148e+02 1.318e+02
|            ( QUESTION0_0_R 1 -3.102e+03 1.480e+02 1.501e+01
|                ( - -9.965e+02 1 0)
|                ( - -1.957e+03 1 0))
|            ( - -2.660e+04 6 0))))
s>    ( QUESTION0_15_R 1 -3.892e+04 2.266e+02 1.721e+02
s>        ( QUESTION0 1 -3.531e+03 1.457e+02 1.698e+01
s>            ( - -2.894e+02 1 0)
s>            ( - -3.095e+03 1 0))
s>        ( QUESTION0_1_R 1 -3.516e+04 1.838e+02 1.552e+02
s>            ( - -5.058e+03 1 0)
s>            ( WDBNDRY_E 0 -2.992e+04 2.148e+02 1.318e+02
s>                ( QUESTION0_0_R 1 -3.102e+03 1.480e+02 1.501e+01
s>                    ( - -9.965e+02 1 0)
s>                    ( - -1.957e+03 1 0))
s>                ( - -2.660e+04 6 0))))INFO: dtree.c(1439): stop. leaf nodes are specific
INFO: dtree.c(1478): Final simple tree
|( QUESTION0_14_R 1 -8.746e+03 2.057e+02 4.004e+01
|    ( - -7.934e+03 1 0)
|    ( - -6.067e+02 1 0))
s>    ( QUESTION0_14_R 1 -8.746e+03 2.057e+02 4.004e+01
s>        ( - -7.934e+03 1 0)
s>        ( - -6.067e+02 1 0))INFO: dtree.c(1315): Comp split 15
INFO: dtree.c(1439): stop. leaf nodes are specific
INFO: dtree.c(1478): Final simple tree
|( QUESTION2_14_L -1 -1.464e+04 2.015e+02 6.475e+01
|    ( - -2.660e+03 1 0)
|    ( WDBNDRY_B 0 -1.178e+04 1.450e+02 5.179e+01
|        ( - -4.311e+03 1 0)
|        ( QUESTION0_1_R 1 -7.327e+03 1.319e+02 3.256e+01
|            ( - -3.755e+03 2 0)
|            ( WDBNDRY_E 0 -3.440e+03 1.136e+02 1.567e+01
|                ( QUESTION0_0_R 1 -1.923e+03 1.459e+02 9.000e+00
|                    ( - -1.475e+03 1 0)
|                    ( - -3.024e+02 1 0))
|                ( - -1.403e+03 1 0)))))
s>    ( QUESTION2_14_L -1 -1.464e+04 2.015e+02 6.475e+01
s>        ( - -2.660e+03 1 0)
s>        ( WDBNDRY_B 0 -1.178e+04 1.450e+02 5.179e+01
s>            ( - -4.311e+03 1 0)
s>            ( QUESTION0_1_R 1 -7.327e+03 1.319e+02 3.256e+01
s>                ( - -3.755e+03 2 0)
s>                ( WDBNDRY_E 0 -3.440e+03 1.136e+02 1.567e+01
s>                    ( QUESTION0_0_R 1 -1.923e+03 1.459e+02 9.000e+00
s>                        ( - -1.475e+03 1 0)
s>                        ( - -3.024e+02 1 0))
s>                    ( - -1.403e+03 1 0)))))INFO: dtree.c(1439): stop. leaf nodes are specific
INFO: dtree.c(1478): Final simple tree
|( QUESTION0_14_R 1 -1.398e+04 1.879e+02 6.270e+01
|    ( - -2.181e+03 3 0)
|    ( QUESTION2 -1 -1.161e+04 1.766e+02 5.270e+01
|        ( QUESTION0 1 -2.313e+03 1.118e+02 1.100e+01
|            ( - -1.222e+03 1 0)
|            ( - -9.787e+02 1 0))
|        ( WDBNDRY_E 0 -9.120e+03 1.271e+02 4.170e+01
|            ( - -6.934e+03 1 0)
|            ( WDBNDRY_B 0 -2.059e+03 1.152e+02 1.000e+01
|                ( - -1.411e+03 1 0)
|                ( - -5.327e+02 1 0)))))
s>    ( QUESTION0_14_R 1 -1.398e+04 1.879e+02 6.270e+01
s>        ( - -2.181e+03 3 0)
s>        ( QUESTION2 -1 -1.161e+04 1.766e+02 5.270e+01
s>            ( QUESTION0 1 -2.313e+03 1.118e+02 1.100e+01
s>                ( - -1.222e+03 1 0)
s>                ( - -9.787e+02 1 0))
s>            ( WDBNDRY_E 0 -9.120e+03 1.271e+02 4.170e+01
s>                ( - -6.934e+03 1 0)
s>                ( WDBNDRY_B 0 -2.059e+03 1.152e+02 1.000e+01
s>                    ( - -1.411e+03 1 0)
s>                    ( - -5.327e+02 1 0)))))INFO: dtree.c(1315): Comp split 16
INFO: dtree.c(1439): stop. leaf nodes are specific
INFO: dtree.c(1478): Final simple tree
|( QUESTION0_1_R 1 -3.516e+04 1.838e+02 1.552e+02
|    ( - -5.058e+03 1 0)
|    ( WDBNDRY_E 0 -2.992e+04 2.148e+02 1.318e+02
|        ( QUESTION0_0_R 1 -3.102e+03 1.480e+02 1.501e+01
|            ( - -9.965e+02 1 0)
|            ( - -1.957e+03 1 0))
|        ( - -2.660e+04 6 0)))
s>    ( QUESTION0_1_R 1 -3.516e+04 1.838e+02 1.552e+02
s>        ( - -5.058e+03 1 0)
s>        ( WDBNDRY_E 0 -2.992e+04 2.148e+02 1.318e+02
s>            ( QUESTION0_0_R 1 -3.102e+03 1.480e+02 1.501e+01
s>                ( - -9.965e+02 1 0)
s>                ( - -1.957e+03 1 0))
s>            ( - -2.660e+04 6 0)))INFO: dtree.c(1439): stop. leaf nodes are specific
INFO: dtree.c(1478): Final simple tree
|( QUESTION0 1 -3.531e+03 1.457e+02 1.698e+01
|    ( - -2.894e+02 1 0)
|    ( - -3.095e+03 1 0))
s>    ( QUESTION0 1 -3.531e+03 1.457e+02 1.698e+01
s>        ( - -2.894e+02 1 0)
s>        ( - -3.095e+03 1 0))INFO: dtree.c(1315): Comp split 17
INFO: dtree.c(1439): stop. leaf nodes are specific
INFO: dtree.c(1478): Final simple tree
|( QUESTION0_0_R 1 -3.102e+03 1.480e+02 1.501e+01
|    ( - -9.965e+02 1 0)
|    ( - -1.957e+03 1 0))
s>    ( QUESTION0_0_R 1 -3.102e+03 1.480e+02 1.501e+01
s>        ( - -9.965e+02 1 0)
s>        ( - -1.957e+03 1 0))INFO: dtree.c(1439): stop. leaf nodes are specific
INFO: dtree.c(1478): Final simple tree
|( WDBNDRY_E 0 -3.184e+04 1.745e+02 1.402e+02
|    ( - -5.058e+03 1 0)
|    ( - -2.660e+04 6 0))
s>    ( WDBNDRY_E 0 -3.184e+04 1.745e+02 1.402e+02
s>        ( - -5.058e+03 1 0)
s>        ( - -2.660e+04 6 0))INFO: dtree.c(1315): Comp split 18
INFO: dtree.c(1439): stop. leaf nodes are specific
INFO: dtree.c(1478): Final simple tree
|( QUESTION0_14_R 1 -1.801e+04 1.679e+02 8.300e+01
|    ( - -1.323e+04 2 0)
|    ( WDBNDRY_B 0 -4.607e+03 1.556e+02 2.200e+01
|        ( - -9.805e+02 1 0)
|        ( - -3.471e+03 1 0)))
s>    ( QUESTION0_14_R 1 -1.801e+04 1.679e+02 8.300e+01
s>        ( - -1.323e+04 2 0)
s>        ( WDBNDRY_B 0 -4.607e+03 1.556e+02 2.200e+01
s>            ( - -9.805e+02 1 0)
s>            ( - -3.471e+03 1 0)))INFO: dtree.c(1315): Comp split 19
INFO: dtree.c(1315): Comp split 20
INFO: dtree.c(1439): stop. leaf nodes are specific
INFO: dtree.c(1478): Final simple tree
|( WDBNDRY_B 0 -1.178e+04 1.450e+02 5.179e+01
|    ( - -4.311e+03 1 0)
|    ( QUESTION0_1_R 1 -7.327e+03 1.319e+02 3.256e+01
|        ( - -3.755e+03 2 0)
|        ( WDBNDRY_E 0 -3.440e+03 1.136e+02 1.567e+01
|            ( QUESTION0_0_R 1 -1.923e+03 1.459e+02 9.000e+00
|                ( - -1.475e+03 1 0)
|                ( - -3.024e+02 1 0))
|            ( - -1.403e+03 1 0))))
s>    ( WDBNDRY_B 0 -1.178e+04 1.450e+02 5.179e+01
s>        ( - -4.311e+03 1 0)
s>        ( QUESTION0_1_R 1 -7.327e+03 1.319e+02 3.256e+01
s>            ( - -3.755e+03 2 0)
s>            ( WDBNDRY_E 0 -3.440e+03 1.136e+02 1.567e+01
s>                ( QUESTION0_0_R 1 -1.923e+03 1.459e+02 9.000e+00
s>                    ( - -1.475e+03 1 0)
s>                    ( - -3.024e+02 1 0))
s>                ( - -1.403e+03 1 0))))INFO: dtree.c(1315): Comp split 21
INFO: dtree.c(1439): stop. leaf nodes are specific
INFO: dtree.c(1478): Final simple tree
|( QUESTION2 -1 -1.161e+04 1.766e+02 5.270e+01
|    ( QUESTION0 1 -2.313e+03 1.118e+02 1.100e+01
|        ( - -1.222e+03 1 0)
|        ( - -9.787e+02 1 0))
|    ( WDBNDRY_E 0 -9.120e+03 1.271e+02 4.170e+01
|        ( - -6.934e+03 1 0)
|        ( WDBNDRY_B 0 -2.059e+03 1.152e+02 1.000e+01
|            ( - -1.411e+03 1 0)
|            ( - -5.327e+02 1 0))))
s>    ( QUESTION2 -1 -1.161e+04 1.766e+02 5.270e+01
s>        ( QUESTION0 1 -2.313e+03 1.118e+02 1.100e+01
s>            ( - -1.222e+03 1 0)
s>            ( - -9.787e+02 1 0))
s>        ( WDBNDRY_E 0 -9.120e+03 1.271e+02 4.170e+01
s>            ( - -6.934e+03 1 0)
s>            ( WDBNDRY_B 0 -2.059e+03 1.152e+02 1.000e+01
s>                ( - -1.411e+03 1 0)
s>                ( - -5.327e+02 1 0))))INFO: dtree.c(1315): Comp split 22
INFO: dtree.c(1439): stop. leaf nodes are specific
INFO: dtree.c(1478): Final simple tree
|( WDBNDRY_E 0 -9.120e+03 1.271e+02 4.170e+01
|    ( - -6.934e+03 1 0)
|    ( WDBNDRY_B 0 -2.059e+03 1.152e+02 1.000e+01
|        ( - -1.411e+03 1 0)
|        ( - -5.327e+02 1 0)))
s>    ( WDBNDRY_E 0 -9.120e+03 1.271e+02 4.170e+01
s>        ( - -6.934e+03 1 0)
s>        ( WDBNDRY_B 0 -2.059e+03 1.152e+02 1.000e+01
s>            ( - -1.411e+03 1 0)
s>            ( - -5.327e+02 1 0)))INFO: dtree.c(1439): stop. leaf nodes are specific
INFO: dtree.c(1478): Final simple tree
|( QUESTION0 1 -2.313e+03 1.118e+02 1.100e+01
|    ( - -1.222e+03 1 0)
|    ( - -9.787e+02 1 0))
s>    ( QUESTION0 1 -2.313e+03 1.118e+02 1.100e+01
s>        ( - -1.222e+03 1 0)
s>        ( - -9.787e+02 1 0))INFO: dtree.c(1315): Comp split 23
INFO: dtree.c(1439): stop. leaf nodes are specific
INFO: dtree.c(1478): Final simple tree
|( QUESTION0_9_R 1 -1.775e+04 1.301e+02 7.973e+01
|    ( - -5.122e+03 1 0)
|    ( - -1.250e+04 2 0))
s>    ( QUESTION0_9_R 1 -1.775e+04 1.301e+02 7.973e+01
s>        ( - -5.122e+03 1 0)
s>        ( - -1.250e+04 2 0))INFO: dtree.c(1315): Comp split 24
INFO: dtree.c(1315): Comp split 25
INFO: dtree.c(1439): stop. leaf nodes are specific
INFO: dtree.c(1478): Final simple tree
|( WDBNDRY_B 0 -4.607e+03 1.556e+02 2.200e+01
|    ( - -9.805e+02 1 0)
|    ( - -3.471e+03 1 0))
s>    ( WDBNDRY_B 0 -4.607e+03 1.556e+02 2.200e+01
s>        ( - -9.805e+02 1 0)
s>        ( - -3.471e+03 1 0))INFO: dtree.c(1315): Comp split 26
INFO: dtree.c(1439): stop. leaf nodes are specific
INFO: dtree.c(1478): Final simple tree
|( QUESTION0 -1 -2.364e+04 1.596e+02 1.045e+02
|    ( - -1.160e+03 1 0)
|    ( - -2.232e+04 2 0))
s>    ( QUESTION0 -1 -2.364e+04 1.596e+02 1.045e+02
s>        ( - -1.160e+03 1 0)
s>        ( - -2.232e+04 2 0))INFO: dtree.c(1315): Comp split 27
INFO: dtree.c(1315): Comp split 28
INFO: dtree.c(1315): Comp split 29
INFO: dtree.c(1439): stop. leaf nodes are specific
INFO: dtree.c(1478): Final simple tree
|( QUESTION12 -1 -2.098e+04 1.374e+02 9.572e+01
|    ( - -5.272e+02 1 0)
|    ( WDBNDRY_B 0 -2.031e+04 1.315e+02 9.272e+01
|        ( - -1.326e+03 1 0)
|        ( - -1.885e+04 1 0)))
s>    ( QUESTION12 -1 -2.098e+04 1.374e+02 9.572e+01
s>        ( - -5.272e+02 1 0)
s>        ( WDBNDRY_B 0 -2.031e+04 1.315e+02 9.272e+01
s>            ( - -1.326e+03 1 0)
s>            ( - -1.885e+04 1 0)))INFO: dtree.c(1315): Comp split 30
INFO: dtree.c(1315): Comp split 31
INFO: dtree.c(1439): stop. leaf nodes are specific
INFO: dtree.c(1478): Final simple tree
|( WDBNDRY_B 0 -1.133e+04 1.457e+02 4.979e+01
|    ( - -4.311e+03 1 0)
|    ( QUESTION0_1_R 1 -6.876e+03 1.301e+02 3.056e+01
|        ( - -3.755e+03 2 0)
|        ( WDBNDRY_E 0 -2.991e+03 1.126e+02 1.367e+01
|            ( - -1.475e+03 1 0)
|            ( - -1.403e+03 1 0))))
s>    ( WDBNDRY_B 0 -1.133e+04 1.457e+02 4.979e+01
s>        ( - -4.311e+03 1 0)
s>        ( QUESTION0_1_R 1 -6.876e+03 1.301e+02 3.056e+01
s>            ( - -3.755e+03 2 0)
s>            ( WDBNDRY_E 0 -2.991e+03 1.126e+02 1.367e+01
s>                ( - -1.475e+03 1 0)
s>                ( - -1.403e+03 1 0))))INFO: dtree.c(1315): Comp split 32
INFO: dtree.c(1315): Comp split 33
INFO: dtree.c(1439): stop. leaf nodes are specific
INFO: dtree.c(1478): Final simple tree
|( QUESTION0_1_R 1 -6.876e+03 1.301e+02 3.056e+01
|    ( - -3.755e+03 2 0)
|    ( WDBNDRY_E 0 -2.991e+03 1.126e+02 1.367e+01
|        ( - -1.475e+03 1 0)
|        ( - -1.403e+03 1 0)))
s>    ( QUESTION0_1_R 1 -6.876e+03 1.301e+02 3.056e+01
s>        ( - -3.755e+03 2 0)
s>        ( WDBNDRY_E 0 -2.991e+03 1.126e+02 1.367e+01
s>            ( - -1.475e+03 1 0)
s>            ( - -1.403e+03 1 0)))INFO: dtree.c(1315): Comp split 34
INFO: dtree.c(1439): stop. leaf nodes are specific
INFO: dtree.c(1478): Final simple tree
|( WDBNDRY_B 0 -2.031e+04 1.315e+02 9.272e+01
|    ( - -1.326e+03 1 0)
|    ( - -1.885e+04 1 0))
s>    ( WDBNDRY_B 0 -2.031e+04 1.315e+02 9.272e+01
s>        ( - -1.326e+03 1 0)
s>        ( - -1.885e+04 1 0))INFO: dtree.c(1315): Comp split 35
INFO: dtree.c(1315): Comp split 36
INFO: dtree.c(1315): Comp split 37
INFO: dtree.c(1315): Comp split 38
INFO: dtree.c(1439): stop. leaf nodes are specific
INFO: dtree.c(1478): Final simple tree
|( WDBNDRY_E 0 -2.991e+03 1.126e+02 1.367e+01
|    ( - -1.475e+03 1 0)
|    ( - -1.403e+03 1 0))
s>    ( WDBNDRY_E 0 -2.991e+03 1.126e+02 1.367e+01
s>        ( - -1.475e+03 1 0)
s>        ( - -1.403e+03 1 0))INFO: dtree.c(1315): Comp split 39
INFO: dtree.c(1439): stop. leaf nodes are specific
INFO: dtree.c(1478): Final simple tree
|( WDBNDRY_B 0 -2.059e+03 1.152e+02 1.000e+01
|    ( - -1.411e+03 1 0)
|    ( - -5.327e+02 1 0))
s>    ( WDBNDRY_B 0 -2.059e+03 1.152e+02 1.000e+01
s>        ( - -1.411e+03 1 0)
s>        ( - -5.327e+02 1 0))INFO: dtree.c(1315): Comp split 40
INFO: dtree.c(1315): Comp split 41
INFO: dtree.c(1315): Comp split 42
INFO: dtree.c(1315): Comp split 43
INFO: dtree.c(1318): stop. leaf nodes are specific
Fri Jan  6 22:28:05 2023
