Current configuration:
[NAME]		[DEFLT]	[VALUE]
-allphones	no	no
-cntthresh	0.00001	1.000000e-05
-csplitmax	100	2000
-csplitmin	1	1
-csplitthr	8e-4	0.000000e+00
-example	no	no
-fullvar	no	no
-help		no	no
-meanfn			/mnt/c/users/robin/onedrive/desktop/cmu/Cebuano/model_parameters/Cebuano.cd_cont_untied/means
-mixwfn			/mnt/c/users/robin/onedrive/desktop/cmu/Cebuano/model_parameters/Cebuano.cd_cont_untied/mixture_weights
-moddeffn		/mnt/c/users/robin/onedrive/desktop/cmu/Cebuano/model_architecture/Cebuano.untied.mdef
-mwfloor	1e-4	1.000000e-08
-phone			SH
-psetfn			/mnt/c/users/robin/onedrive/desktop/cmu/Cebuano/model_architecture/Cebuano.tree_questions
-ssplitmax	5	7
-ssplitmin	1	1
-ssplitthr	8e-4	0.000000e+00
-state			0
-stwt			1.0,0.05,0.0,
-treefn			/mnt/c/users/robin/onedrive/desktop/cmu/Cebuano/trees/Cebuano.unpruned/SH-0.dtree
-ts2cbfn	.semi.	.cont.
-varfloor	0.00001	1.000000e-05
-varfn			/mnt/c/users/robin/onedrive/desktop/cmu/Cebuano/model_parameters/Cebuano.cd_cont_untied/variances

INFO: main.c(223): Reading: /mnt/c/users/robin/onedrive/desktop/cmu/Cebuano/model_architecture/Cebuano.untied.mdef
INFO: model_def_io.c(573): Model definition info:
INFO: model_def_io.c(574): 7744 total models defined (40 base, 7704 tri)
INFO: model_def_io.c(575): 30976 total states
INFO: model_def_io.c(576): 23232 total tied states
INFO: model_def_io.c(577): 120 total tied CI states
INFO: model_def_io.c(578): 40 total tied transition matrices
INFO: model_def_io.c(579): 4 max state/model
INFO: model_def_io.c(580): 4 min state/model
INFO: main.c(242): Building trees for [SH AE AH e] through [SH UW EH b]
INFO: main.c(268): Covering states |[20439 20507]| == 69
INFO: main.c(275): Reading: /mnt/c/users/robin/onedrive/desktop/cmu/Cebuano/model_parameters/Cebuano.cd_cont_untied/mixture_weights
INFO: s3mixw_io.c(172): Read /mnt/c/users/robin/onedrive/desktop/cmu/Cebuano/model_parameters/Cebuano.cd_cont_untied/mixture_weights [69x1x1 array]
INFO: main.c(311): 23 of 23 models have observation count greater than 0.000010
INFO: main.c(95): nrm stwt: 0.952 0.048 0.000 
INFO: s3gau_io.c(168): Read /mnt/c/users/robin/onedrive/desktop/cmu/Cebuano/model_parameters/Cebuano.cd_cont_untied/means [23232x1x1 array]
INFO: s3gau_io.c(168): Read /mnt/c/users/robin/onedrive/desktop/cmu/Cebuano/model_parameters/Cebuano.cd_cont_untied/variances [23232x1x1 array]
INFO: main.c(549): Reading: /mnt/c/users/robin/onedrive/desktop/cmu/Cebuano/model_architecture/Cebuano.tree_questions
INFO: main.c(587): 180 total simple questions (172 phone; 8 word bndry)
INFO: main.c(589): 42 Left Only questions, and 42 Right Only questions
INFO: dtree.c(1478): Final simple tree
|( QUESTION2_17_L -1 -1.513e+05 1.223e+03 6.391e+02
|    ( QUESTION0 -1 -8.587e+04 6.098e+02 3.708e+02
|        ( - -4.397e+04 1 0)
|        ( - -4.129e+04 3 0 QUESTION0_15_R 1 1.535e+02 1.788e+02))
|    ( QUESTION0 -1 -6.421e+04 4.988e+02 2.683e+02
|        ( QUESTION0_14_R 1 -3.843e+04 2.412e+02 1.640e+02
|            ( WDBNDRY_I 0 -2.685e+04 2.039e+02 1.157e+02
|                ( - -2.447e+04 1 0)
|                ( - -2.180e+03 2 0 WDBNDRY_B 0 1.593e+02 1.000e+01))
|            ( - -1.133e+04 6 0 WDBNDRY_B 0 1.777e+02 4.828e+01))
|        ( QUESTION18 -1 -2.529e+04 2.414e+02 1.043e+02
|            ( WDBNDRY_E 0 -7.557e+03 1.931e+02 3.105e+01
|                ( - -3.129e+03 1 0)
|                ( - -4.235e+03 1 0))
|            ( - -1.749e+04 8 0 QUESTION13 -1 1.824e+02 7.324e+01))))
s>    ( QUESTION2_17_L -1 -1.513e+05 1.223e+03 6.391e+02
s>        ( QUESTION0 -1 -8.587e+04 6.098e+02 3.708e+02
s>            ( - -4.397e+04 1 0)
s>            ( - -4.129e+04 3 0 QUESTION0_15_R 1 1.535e+02 1.788e+02))
s>        ( QUESTION0 -1 -6.421e+04 4.988e+02 2.683e+02
s>            ( QUESTION0_14_R 1 -3.843e+04 2.412e+02 1.640e+02
s>                ( WDBNDRY_I 0 -2.685e+04 2.039e+02 1.157e+02
s>                    ( - -2.447e+04 1 0)
s>                    ( - -2.180e+03 2 0 WDBNDRY_B 0 1.593e+02 1.000e+01))
s>                ( - -1.133e+04 6 0 WDBNDRY_B 0 1.777e+02 4.828e+01))
s>            ( QUESTION18 -1 -2.529e+04 2.414e+02 1.043e+02
s>                ( WDBNDRY_E 0 -7.557e+03 1.931e+02 3.105e+01
s>                    ( - -3.129e+03 1 0)
s>                    ( - -4.235e+03 1 0))
s>                ( - -1.749e+04 8 0 QUESTION13 -1 1.824e+02 7.324e+01))))INFO: dtree.c(1315): Comp split 0
INFO: dtree.c(1478): Final simple tree
|( QUESTION0 -1 -6.421e+04 4.988e+02 2.683e+02
|    ( QUESTION0_14_R 1 -3.843e+04 2.412e+02 1.640e+02
|        ( WDBNDRY_I 0 -2.685e+04 2.039e+02 1.157e+02
|            ( - -2.447e+04 1 0)
|            ( - -2.180e+03 2 0 WDBNDRY_B 0 1.593e+02 1.000e+01))
|        ( - -1.133e+04 6 0 WDBNDRY_B 0 1.777e+02 4.828e+01))
|    ( QUESTION18 -1 -2.529e+04 2.414e+02 1.043e+02
|        ( WDBNDRY_E 0 -7.557e+03 1.931e+02 3.105e+01
|            ( - -3.129e+03 1 0)
|            ( - -4.235e+03 1 0))
|        ( QUESTION13 -1 -1.749e+04 1.824e+02 7.324e+01
|            ( - -6.690e+03 4 0 QUESTION0_9_R 1 1.718e+02 2.904e+01)
|            ( WDBNDRY_B 0 -1.061e+04 1.782e+02 4.420e+01
|                ( - -3.428e+03 2 0 QUESTION0_14_R 1 1.351e+02 1.500e+01)
|                ( - -7.008e+03 2 0 QUESTION10 -1 1.484e+02 2.920e+01)))))
s>    ( QUESTION0 -1 -6.421e+04 4.988e+02 2.683e+02
s>        ( QUESTION0_14_R 1 -3.843e+04 2.412e+02 1.640e+02
s>            ( WDBNDRY_I 0 -2.685e+04 2.039e+02 1.157e+02
s>                ( - -2.447e+04 1 0)
s>                ( - -2.180e+03 2 0 WDBNDRY_B 0 1.593e+02 1.000e+01))
s>            ( - -1.133e+04 6 0 WDBNDRY_B 0 1.777e+02 4.828e+01))
s>        ( QUESTION18 -1 -2.529e+04 2.414e+02 1.043e+02
s>            ( WDBNDRY_E 0 -7.557e+03 1.931e+02 3.105e+01
s>                ( - -3.129e+03 1 0)
s>                ( - -4.235e+03 1 0))
s>            ( QUESTION13 -1 -1.749e+04 1.824e+02 7.324e+01
s>                ( - -6.690e+03 4 0 QUESTION0_9_R 1 1.718e+02 2.904e+01)
s>                ( WDBNDRY_B 0 -1.061e+04 1.782e+02 4.420e+01
s>                    ( - -3.428e+03 2 0 QUESTION0_14_R 1 1.351e+02 1.500e+01)
s>                    ( - -7.008e+03 2 0 QUESTION10 -1 1.484e+02 2.920e+01)))))INFO: dtree.c(1439): stop. leaf nodes are specific
INFO: dtree.c(1478): Final simple tree
|( QUESTION0 -1 -8.587e+04 6.098e+02 3.708e+02
|    ( - -4.397e+04 1 0)
|    ( QUESTION0_15_R 1 -4.129e+04 1.535e+02 1.788e+02
|        ( - -3.352e+04 1 0)
|        ( WDBNDRY_E 0 -7.619e+03 1.161e+02 3.372e+01
|            ( - -4.058e+03 1 0)
|            ( - -3.446e+03 1 0))))
s>    ( QUESTION0 -1 -8.587e+04 6.098e+02 3.708e+02
s>        ( - -4.397e+04 1 0)
s>        ( QUESTION0_15_R 1 -4.129e+04 1.535e+02 1.788e+02
s>            ( - -3.352e+04 1 0)
s>            ( WDBNDRY_E 0 -7.619e+03 1.161e+02 3.372e+01
s>                ( - -4.058e+03 1 0)
s>                ( - -3.446e+03 1 0))))INFO: dtree.c(1315): Comp split 1
INFO: dtree.c(1439): stop. leaf nodes are specific
INFO: dtree.c(1478): Final simple tree
|( QUESTION0_15_R 1 -4.129e+04 1.535e+02 1.788e+02
|    ( - -3.352e+04 1 0)
|    ( WDBNDRY_E 0 -7.619e+03 1.161e+02 3.372e+01
|        ( - -4.058e+03 1 0)
|        ( - -3.446e+03 1 0)))
s>    ( QUESTION0_15_R 1 -4.129e+04 1.535e+02 1.788e+02
s>        ( - -3.352e+04 1 0)
s>        ( WDBNDRY_E 0 -7.619e+03 1.161e+02 3.372e+01
s>            ( - -4.058e+03 1 0)
s>            ( - -3.446e+03 1 0)))INFO: dtree.c(1315): Comp split 2
INFO: dtree.c(1478): Final simple tree
|( QUESTION18 -1 -2.762e+04 2.477e+02 1.143e+02
|    ( WDBNDRY_E 0 -7.557e+03 1.931e+02 3.105e+01
|        ( - -3.129e+03 1 0)
|        ( - -4.235e+03 1 0))
|    ( QUESTION13 -1 -1.981e+04 1.976e+02 8.324e+01
|        ( QUESTION0_9_R 1 -6.690e+03 1.718e+02 2.904e+01
|            ( - -2.727e+03 1 0)
|            ( - -3.792e+03 3 0 QUESTION0_14_R 1 1.336e+02 1.700e+01))
|        ( WDBNDRY_B 0 -1.292e+04 1.756e+02 5.420e+01
|            ( - -5.095e+03 3 0 QUESTION10 -1 1.363e+02 2.200e+01)
|            ( WDBNDRY_E 0 -7.653e+03 1.558e+02 3.220e+01
|                ( - -4.894e+02 1 0)
|                ( QUESTION10 -1 -7.008e+03 1.484e+02 2.920e+01
|                    ( - -3.387e+03 1 0)
|                    ( - -3.473e+03 1 0))))))
s>    ( QUESTION18 -1 -2.762e+04 2.477e+02 1.143e+02
s>        ( WDBNDRY_E 0 -7.557e+03 1.931e+02 3.105e+01
s>            ( - -3.129e+03 1 0)
s>            ( - -4.235e+03 1 0))
s>        ( QUESTION13 -1 -1.981e+04 1.976e+02 8.324e+01
s>            ( QUESTION0_9_R 1 -6.690e+03 1.718e+02 2.904e+01
s>                ( - -2.727e+03 1 0)
s>                ( - -3.792e+03 3 0 QUESTION0_14_R 1 1.336e+02 1.700e+01))
s>            ( WDBNDRY_B 0 -1.292e+04 1.756e+02 5.420e+01
s>                ( - -5.095e+03 3 0 QUESTION10 -1 1.363e+02 2.200e+01)
s>                ( WDBNDRY_E 0 -7.653e+03 1.558e+02 3.220e+01
s>                    ( - -4.894e+02 1 0)
s>                    ( QUESTION10 -1 -7.008e+03 1.484e+02 2.920e+01
s>                        ( - -3.387e+03 1 0)
s>                        ( - -3.473e+03 1 0))))))INFO: dtree.c(1439): stop. leaf nodes are specific
INFO: dtree.c(1478): Final simple tree
|( QUESTION0_14_R 1 -3.606e+04 2.556e+02 1.540e+02
|    ( - -2.447e+04 1 0)
|    ( WDBNDRY_B 0 -1.133e+04 1.777e+02 4.828e+01
|        ( - -6.158e+02 1 0)
|        ( QUESTION0_9_R 1 -1.054e+04 1.604e+02 4.528e+01
|            ( - -5.920e+02 1 0)
|            ( QUESTION0_2_R 1 -9.787e+03 1.500e+02 4.228e+01
|                ( WDBNDRY_E 0 -2.496e+03 1.241e+02 1.100e+01
|                    ( - -1.564e+03 1 0)
|                    ( - -8.083e+02 1 0))
|                ( WDBNDRY_E 0 -7.141e+03 1.318e+02 3.128e+01
|                    ( - -7.995e+02 1 0)
|                    ( - -6.210e+03 1 0))))))
s>    ( QUESTION0_14_R 1 -3.606e+04 2.556e+02 1.540e+02
s>        ( - -2.447e+04 1 0)
s>        ( WDBNDRY_B 0 -1.133e+04 1.777e+02 4.828e+01
s>            ( - -6.158e+02 1 0)
s>            ( QUESTION0_9_R 1 -1.054e+04 1.604e+02 4.528e+01
s>                ( - -5.920e+02 1 0)
s>                ( QUESTION0_2_R 1 -9.787e+03 1.500e+02 4.228e+01
s>                    ( WDBNDRY_E 0 -2.496e+03 1.241e+02 1.100e+01
s>                        ( - -1.564e+03 1 0)
s>                        ( - -8.083e+02 1 0))
s>                    ( WDBNDRY_E 0 -7.141e+03 1.318e+02 3.128e+01
s>                        ( - -7.995e+02 1 0)
s>                        ( - -6.210e+03 1 0))))))INFO: dtree.c(1315): Comp split 3
INFO: dtree.c(1439): stop. leaf nodes are specific
INFO: dtree.c(1478): Final simple tree
|( WDBNDRY_B 0 -9.635e+03 1.790e+02 4.128e+01
|    ( - -6.158e+02 1 0)
|    ( WDBNDRY_E 0 -8.841e+03 1.402e+02 3.828e+01
|        ( - -1.564e+03 1 0)
|        ( QUESTION0_0_R 1 -7.137e+03 1.186e+02 3.128e+01
|            ( - -8.083e+02 1 0)
|            ( - -6.210e+03 1 0))))
s>    ( WDBNDRY_B 0 -9.635e+03 1.790e+02 4.128e+01
s>        ( - -6.158e+02 1 0)
s>        ( WDBNDRY_E 0 -8.841e+03 1.402e+02 3.828e+01
s>            ( - -1.564e+03 1 0)
s>            ( QUESTION0_0_R 1 -7.137e+03 1.186e+02 3.128e+01
s>                ( - -8.083e+02 1 0)
s>                ( - -6.210e+03 1 0))))INFO: dtree.c(1439): stop. leaf nodes are specific
INFO: dtree.c(1478): Final simple tree
|( WDBNDRY_E 0 -2.614e+04 1.425e+02 1.127e+02
|    ( - -7.995e+02 1 0)
|    ( QUESTION0_9_R 1 -2.519e+04 1.355e+02 1.087e+02
|        ( - -5.920e+02 1 0)
|        ( - -2.447e+04 1 0)))
s>    ( WDBNDRY_E 0 -2.614e+04 1.425e+02 1.127e+02
s>        ( - -7.995e+02 1 0)
s>        ( QUESTION0_9_R 1 -2.519e+04 1.355e+02 1.087e+02
s>            ( - -5.920e+02 1 0)
s>            ( - -2.447e+04 1 0)))INFO: dtree.c(1315): Comp split 4
INFO: dtree.c(1439): stop. leaf nodes are specific
INFO: dtree.c(1478): Final simple tree
|( WDBNDRY_E 0 -1.398e+04 1.996e+02 5.719e+01
|    ( - -3.129e+03 1 0)
|    ( QUESTION0_15_R 1 -1.066e+04 1.665e+02 4.512e+01
|        ( - -4.235e+03 1 0)
|        ( QUESTION0_9_R 1 -6.254e+03 1.406e+02 2.614e+01
|            ( - -2.727e+03 1 0)
|            ( - -3.387e+03 1 0))))
s>    ( WDBNDRY_E 0 -1.398e+04 1.996e+02 5.719e+01
s>        ( - -3.129e+03 1 0)
s>        ( QUESTION0_15_R 1 -1.066e+04 1.665e+02 4.512e+01
s>            ( - -4.235e+03 1 0)
s>            ( QUESTION0_9_R 1 -6.254e+03 1.406e+02 2.614e+01
s>                ( - -2.727e+03 1 0)
s>                ( - -3.387e+03 1 0))))INFO: dtree.c(1478): Final simple tree
|( QUESTION2_12_L -1 -1.337e+04 1.807e+02 5.710e+01
|    ( WDBNDRY_E 0 -2.785e+03 1.507e+02 1.300e+01
|        ( - -4.894e+02 1 0)
|        ( - -2.144e+03 1 0))
|    ( WDBNDRY_B 0 -1.040e+04 1.727e+02 4.410e+01
|        ( QUESTION13 -1 -6.758e+03 1.441e+02 2.900e+01
|            ( QUESTION0_14_R 1 -1.518e+03 1.651e+02 7.000e+00
|                ( - -7.634e+02 1 0)
|                ( - -5.900e+02 1 0))
|            ( QUESTION10 -1 -5.095e+03 1.363e+02 2.200e+01
|                ( - -1.053e+03 1 0)
|                ( QUESTION0_14_R 1 -3.906e+03 1.349e+02 1.700e+01
|                    ( - -1.531e+03 1 0)
|                    ( - -2.240e+03 1 0))))
|        ( - -3.473e+03 1 0)))
s>    ( QUESTION2_12_L -1 -1.337e+04 1.807e+02 5.710e+01
s>        ( WDBNDRY_E 0 -2.785e+03 1.507e+02 1.300e+01
s>            ( - -4.894e+02 1 0)
s>            ( - -2.144e+03 1 0))
s>        ( WDBNDRY_B 0 -1.040e+04 1.727e+02 4.410e+01
s>            ( QUESTION13 -1 -6.758e+03 1.441e+02 2.900e+01
s>                ( QUESTION0_14_R 1 -1.518e+03 1.651e+02 7.000e+00
s>                    ( - -7.634e+02 1 0)
s>                    ( - -5.900e+02 1 0))
s>                ( QUESTION10 -1 -5.095e+03 1.363e+02 2.200e+01
s>                    ( - -1.053e+03 1 0)
s>                    ( QUESTION0_14_R 1 -3.906e+03 1.349e+02 1.700e+01
s>                        ( - -1.531e+03 1 0)
s>                        ( - -2.240e+03 1 0))))
s>            ( - -3.473e+03 1 0)))INFO: dtree.c(1315): Comp split 5
INFO: dtree.c(1439): stop. leaf nodes are specific
INFO: dtree.c(1478): Final simple tree
|( WDBNDRY_B 0 -8.742e+03 1.737e+02 3.710e+01
|    ( QUESTION10 -1 -5.095e+03 1.363e+02 2.200e+01
|        ( - -1.053e+03 1 0)
|        ( QUESTION0_14_R 1 -3.906e+03 1.349e+02 1.700e+01
|            ( - -1.531e+03 1 0)
|            ( - -2.240e+03 1 0)))
|    ( - -3.473e+03 1 0))
s>    ( WDBNDRY_B 0 -8.742e+03 1.737e+02 3.710e+01
s>        ( QUESTION10 -1 -5.095e+03 1.363e+02 2.200e+01
s>            ( - -1.053e+03 1 0)
s>            ( QUESTION0_14_R 1 -3.906e+03 1.349e+02 1.700e+01
s>                ( - -1.531e+03 1 0)
s>                ( - -2.240e+03 1 0)))
s>        ( - -3.473e+03 1 0))INFO: dtree.c(1439): stop. leaf nodes are specific
INFO: dtree.c(1478): Final simple tree
|( WDBNDRY_E 0 -4.427e+03 1.461e+02 2.000e+01
|    ( - -4.894e+02 1 0)
|    ( QUESTION0_14_R 1 -3.792e+03 1.336e+02 1.700e+01
|        ( WDBNDRY_B 0 -3.068e+03 1.603e+02 1.400e+01
|            ( - -7.634e+02 1 0)
|            ( - -2.144e+03 1 0))
|        ( - -5.900e+02 1 0)))
s>    ( WDBNDRY_E 0 -4.427e+03 1.461e+02 2.000e+01
s>        ( - -4.894e+02 1 0)
s>        ( QUESTION0_14_R 1 -3.792e+03 1.336e+02 1.700e+01
s>            ( WDBNDRY_B 0 -3.068e+03 1.603e+02 1.400e+01
s>                ( - -7.634e+02 1 0)
s>                ( - -2.144e+03 1 0))
s>            ( - -5.900e+02 1 0)))INFO: dtree.c(1315): Comp split 6
INFO: dtree.c(1439): stop. leaf nodes are specific
INFO: dtree.c(1478): Final simple tree
|( QUESTION0_15_R 1 -1.066e+04 1.665e+02 4.512e+01
|    ( - -4.235e+03 1 0)
|    ( QUESTION0_9_R 1 -6.254e+03 1.406e+02 2.614e+01
|        ( - -2.727e+03 1 0)
|        ( - -3.387e+03 1 0)))
s>    ( QUESTION0_15_R 1 -1.066e+04 1.665e+02 4.512e+01
s>        ( - -4.235e+03 1 0)
s>        ( QUESTION0_9_R 1 -6.254e+03 1.406e+02 2.614e+01
s>            ( - -2.727e+03 1 0)
s>            ( - -3.387e+03 1 0)))INFO: dtree.c(1315): Comp split 7
INFO: dtree.c(1439): stop. leaf nodes are specific
INFO: dtree.c(1478): Final simple tree
|( WDBNDRY_E 0 -8.841e+03 1.402e+02 3.828e+01
|    ( - -1.564e+03 1 0)
|    ( QUESTION0_0_R 1 -7.137e+03 1.186e+02 3.128e+01
|        ( - -8.083e+02 1 0)
|        ( - -6.210e+03 1 0)))
s>    ( WDBNDRY_E 0 -8.841e+03 1.402e+02 3.828e+01
s>        ( - -1.564e+03 1 0)
s>        ( QUESTION0_0_R 1 -7.137e+03 1.186e+02 3.128e+01
s>            ( - -8.083e+02 1 0)
s>            ( - -6.210e+03 1 0)))INFO: dtree.c(1315): Comp split 8
INFO: dtree.c(1439): stop. leaf nodes are specific
INFO: dtree.c(1478): Final simple tree
|( QUESTION10 -1 -5.095e+03 1.363e+02 2.200e+01
|    ( - -1.053e+03 1 0)
|    ( QUESTION0_14_R 1 -3.906e+03 1.349e+02 1.700e+01
|        ( - -1.531e+03 1 0)
|        ( - -2.240e+03 1 0)))
s>    ( QUESTION10 -1 -5.095e+03 1.363e+02 2.200e+01
s>        ( - -1.053e+03 1 0)
s>        ( QUESTION0_14_R 1 -3.906e+03 1.349e+02 1.700e+01
s>            ( - -1.531e+03 1 0)
s>            ( - -2.240e+03 1 0)))INFO: dtree.c(1315): Comp split 9
INFO: dtree.c(1439): stop. leaf nodes are specific
INFO: dtree.c(1478): Final simple tree
|( QUESTION0_9_R 1 -6.254e+03 1.406e+02 2.614e+01
|    ( - -2.727e+03 1 0)
|    ( - -3.387e+03 1 0))
s>    ( QUESTION0_9_R 1 -6.254e+03 1.406e+02 2.614e+01
s>        ( - -2.727e+03 1 0)
s>        ( - -3.387e+03 1 0))INFO: dtree.c(1315): Comp split 10
INFO: dtree.c(1439): stop. leaf nodes are specific
INFO: dtree.c(1478): Final simple tree
|( WDBNDRY_E 0 -7.619e+03 1.161e+02 3.372e+01
|    ( - -4.058e+03 1 0)
|    ( - -3.446e+03 1 0))
s>    ( WDBNDRY_E 0 -7.619e+03 1.161e+02 3.372e+01
s>        ( - -4.058e+03 1 0)
s>        ( - -3.446e+03 1 0))INFO: dtree.c(1315): Comp split 11
INFO: dtree.c(1439): stop. leaf nodes are specific
INFO: dtree.c(1478): Final simple tree
|( WDBNDRY_E 0 -3.514e+03 1.519e+02 1.600e+01
|    ( - -4.894e+02 1 0)
|    ( WDBNDRY_B 0 -2.873e+03 1.382e+02 1.300e+01
|        ( - -5.900e+02 1 0)
|        ( - -2.144e+03 1 0)))
s>    ( WDBNDRY_E 0 -3.514e+03 1.519e+02 1.600e+01
s>        ( - -4.894e+02 1 0)
s>        ( WDBNDRY_B 0 -2.873e+03 1.382e+02 1.300e+01
s>            ( - -5.900e+02 1 0)
s>            ( - -2.144e+03 1 0)))INFO: dtree.c(1315): Comp split 12
INFO: dtree.c(1439): stop. leaf nodes are specific
INFO: dtree.c(1478): Final simple tree
|( WDBNDRY_B 0 -2.873e+03 1.382e+02 1.300e+01
|    ( - -5.900e+02 1 0)
|    ( - -2.144e+03 1 0))
s>    ( WDBNDRY_B 0 -2.873e+03 1.382e+02 1.300e+01
s>        ( - -5.900e+02 1 0)
s>        ( - -2.144e+03 1 0))INFO: dtree.c(1315): Comp split 13
INFO: dtree.c(1439): stop. leaf nodes are specific
INFO: dtree.c(1478): Final simple tree
|( QUESTION0_9_R 1 -2.519e+04 1.355e+02 1.087e+02
|    ( - -5.920e+02 1 0)
|    ( - -2.447e+04 1 0))
s>    ( QUESTION0_9_R 1 -2.519e+04 1.355e+02 1.087e+02
s>        ( - -5.920e+02 1 0)
s>        ( - -2.447e+04 1 0))INFO: dtree.c(1315): Comp split 14
INFO: dtree.c(1315): Comp split 15
INFO: dtree.c(1439): stop. leaf nodes are specific
INFO: dtree.c(1478): Final simple tree
|( QUESTION0_0_R 1 -7.137e+03 1.186e+02 3.128e+01
|    ( - -8.083e+02 1 0)
|    ( - -6.210e+03 1 0))
s>    ( QUESTION0_0_R 1 -7.137e+03 1.186e+02 3.128e+01
s>        ( - -8.083e+02 1 0)
s>        ( - -6.210e+03 1 0))INFO: dtree.c(1315): Comp split 16
INFO: dtree.c(1315): Comp split 17
INFO: dtree.c(1439): stop. leaf nodes are specific
INFO: dtree.c(1478): Final simple tree
|( QUESTION0_14_R 1 -3.906e+03 1.349e+02 1.700e+01
|    ( - -1.531e+03 1 0)
|    ( - -2.240e+03 1 0))
s>    ( QUESTION0_14_R 1 -3.906e+03 1.349e+02 1.700e+01
s>        ( - -1.531e+03 1 0)
s>        ( - -2.240e+03 1 0))INFO: dtree.c(1315): Comp split 18
INFO: dtree.c(1315): Comp split 19
INFO: dtree.c(1315): Comp split 20
INFO: dtree.c(1315): Comp split 21
INFO: dtree.c(1315): Comp split 22
INFO: dtree.c(1318): stop. leaf nodes are specific
Fri Jan  6 22:28:03 2023
