Current configuration:
[NAME]		[DEFLT]	[VALUE]
-allphones	no	no
-cntthresh	0.00001	1.000000e-05
-csplitmax	100	2000
-csplitmin	1	1
-csplitthr	8e-4	0.000000e+00
-example	no	no
-fullvar	no	no
-help		no	no
-meanfn			/mnt/c/users/robin/onedrive/desktop/cmu/Cebuano/model_parameters/Cebuano.cd_cont_untied/means
-mixwfn			/mnt/c/users/robin/onedrive/desktop/cmu/Cebuano/model_parameters/Cebuano.cd_cont_untied/mixture_weights
-moddeffn		/mnt/c/users/robin/onedrive/desktop/cmu/Cebuano/model_architecture/Cebuano.untied.mdef
-mwfloor	1e-4	1.000000e-08
-phone			ER
-psetfn			/mnt/c/users/robin/onedrive/desktop/cmu/Cebuano/model_architecture/Cebuano.tree_questions
-ssplitmax	5	7
-ssplitmin	1	1
-ssplitthr	8e-4	0.000000e+00
-state			2
-stwt			1.0,0.05,0.0,
-treefn			/mnt/c/users/robin/onedrive/desktop/cmu/Cebuano/trees/Cebuano.unpruned/ER-2.dtree
-ts2cbfn	.semi.	.cont.
-varfloor	0.00001	1.000000e-05
-varfn			/mnt/c/users/robin/onedrive/desktop/cmu/Cebuano/model_parameters/Cebuano.cd_cont_untied/variances

INFO: main.c(223): Reading: /mnt/c/users/robin/onedrive/desktop/cmu/Cebuano/model_architecture/Cebuano.untied.mdef
INFO: model_def_io.c(573): Model definition info:
INFO: model_def_io.c(574): 7744 total models defined (40 base, 7704 tri)
INFO: model_def_io.c(575): 30976 total states
INFO: model_def_io.c(576): 23232 total tied states
INFO: model_def_io.c(577): 120 total tied CI states
INFO: model_def_io.c(578): 40 total tied transition matrices
INFO: model_def_io.c(579): 4 max state/model
INFO: model_def_io.c(580): 4 min state/model
INFO: main.c(242): Building trees for [ER AY V e] through [ER Z K e]
INFO: main.c(268): Covering states |[7581 7868]| == 288
INFO: main.c(275): Reading: /mnt/c/users/robin/onedrive/desktop/cmu/Cebuano/model_parameters/Cebuano.cd_cont_untied/mixture_weights
INFO: s3mixw_io.c(172): Read /mnt/c/users/robin/onedrive/desktop/cmu/Cebuano/model_parameters/Cebuano.cd_cont_untied/mixture_weights [288x1x1 array]
INFO: main.c(311): 96 of 96 models have observation count greater than 0.000010
INFO: main.c(95): nrm stwt: 0.000 0.048 0.952 
INFO: s3gau_io.c(168): Read /mnt/c/users/robin/onedrive/desktop/cmu/Cebuano/model_parameters/Cebuano.cd_cont_untied/means [23232x1x1 array]
INFO: s3gau_io.c(168): Read /mnt/c/users/robin/onedrive/desktop/cmu/Cebuano/model_parameters/Cebuano.cd_cont_untied/variances [23232x1x1 array]
INFO: main.c(549): Reading: /mnt/c/users/robin/onedrive/desktop/cmu/Cebuano/model_architecture/Cebuano.tree_questions
INFO: main.c(587): 180 total simple questions (172 phone; 8 word bndry)
INFO: main.c(589): 42 Left Only questions, and 42 Right Only questions
INFO: dtree.c(1478): Final simple tree
|( WDBNDRY_E 0 -1.040e+06 3.966e+03 4.671e+03
|    ( QUESTION0_3_R 1 -6.945e+05 1.783e+03 3.185e+03
|        ( - -7.495e+04 5 0 QUESTION2 -1 5.997e+02 3.740e+02)
|        ( SILENCE 1 -6.177e+05 9.732e+02 2.811e+03
|            ( - -1.723e+05 8 0 QUESTION2_9_L -1 5.377e+02 7.898e+02)
|            ( QUESTION2_10_L -1 -4.445e+05 1.023e+03 2.021e+03
|                ( - -2.105e+05 11 0 QUESTION11 1 9.974e+02 9.806e+02)
|                ( - -2.330e+05 28 0 QUESTION0_6_R 1 7.641e+02 1.040e+03))))
|    ( QUESTION0_13_R 1 -3.414e+05 2.049e+03 1.486e+03
|        ( QUESTION2_15_L -1 -1.879e+05 1.113e+03 8.309e+02
|            ( - -3.589e+04 1 0)
|            ( QUESTION0_16_R 1 -1.509e+05 9.863e+02 6.718e+02
|                ( - -3.892e+04 5 0 QUESTION2_11_L -1 7.530e+02 1.804e+02)
|                ( - -1.110e+05 12 0 QUESTION0_20_R 1 4.655e+02 4.914e+02)))
|        ( - -1.515e+05 26 0 QUESTION0_3_R 1 8.890e+02 6.552e+02)))
s>    ( WDBNDRY_E 0 -1.040e+06 3.966e+03 4.671e+03
s>        ( QUESTION0_3_R 1 -6.945e+05 1.783e+03 3.185e+03
s>            ( - -7.495e+04 5 0 QUESTION2 -1 5.997e+02 3.740e+02)
s>            ( SILENCE 1 -6.177e+05 9.732e+02 2.811e+03
s>                ( - -1.723e+05 8 0 QUESTION2_9_L -1 5.377e+02 7.898e+02)
s>                ( QUESTION2_10_L -1 -4.445e+05 1.023e+03 2.021e+03
s>                    ( - -2.105e+05 11 0 QUESTION11 1 9.974e+02 9.806e+02)
s>                    ( - -2.330e+05 28 0 QUESTION0_6_R 1 7.641e+02 1.040e+03))))
s>        ( QUESTION0_13_R 1 -3.414e+05 2.049e+03 1.486e+03
s>            ( QUESTION2_15_L -1 -1.879e+05 1.113e+03 8.309e+02
s>                ( - -3.589e+04 1 0)
s>                ( QUESTION0_16_R 1 -1.509e+05 9.863e+02 6.718e+02
s>                    ( - -3.892e+04 5 0 QUESTION2_11_L -1 7.530e+02 1.804e+02)
s>                    ( - -1.110e+05 12 0 QUESTION0_20_R 1 4.655e+02 4.914e+02)))
s>            ( - -1.515e+05 26 0 QUESTION0_3_R 1 8.890e+02 6.552e+02)))INFO: dtree.c(1315): Comp split 0
INFO: dtree.c(1478): Final simple tree
|( QUESTION0_3_R 1 -7.336e+05 1.767e+03 3.365e+03
|    ( QUESTION2 -1 -7.495e+04 5.997e+02 3.740e+02
|        ( - -7.541e+03 1 0)
|        ( - -6.681e+04 4 0 QUESTION10 -1 3.407e+02 3.350e+02))
|    ( SILENCE 1 -6.569e+05 9.634e+02 2.991e+03
|        ( - -1.723e+05 8 0 QUESTION2_9_L -1 5.377e+02 7.898e+02)
|        ( QUESTION10 -1 -4.836e+05 1.030e+03 2.201e+03
|            ( QUESTION11 1 -2.987e+05 7.912e+02 1.388e+03
|                ( - -4.010e+04 4 0 WDBNDRY_E 0 2.266e+02 1.764e+02)
|                ( QUESTION2_11_L -1 -2.579e+05 6.649e+02 1.211e+03
|                    ( - -7.127e+04 4 0 QUESTION0_0_R 1 5.483e+02 3.292e+02)
|                    ( - -1.859e+05 9 0 QUESTION0_0_R 1 4.709e+02 8.822e+02)))
|            ( WDBNDRY_B 0 -1.839e+05 6.019e+02 8.135e+02
|                ( - -4.659e+03 1 0)
|                ( - -1.786e+05 26 0 QUESTION0_0_R 1 5.694e+02 7.907e+02)))))
s>    ( QUESTION0_3_R 1 -7.336e+05 1.767e+03 3.365e+03
s>        ( QUESTION2 -1 -7.495e+04 5.997e+02 3.740e+02
s>            ( - -7.541e+03 1 0)
s>            ( - -6.681e+04 4 0 QUESTION10 -1 3.407e+02 3.350e+02))
s>        ( SILENCE 1 -6.569e+05 9.634e+02 2.991e+03
s>            ( - -1.723e+05 8 0 QUESTION2_9_L -1 5.377e+02 7.898e+02)
s>            ( QUESTION10 -1 -4.836e+05 1.030e+03 2.201e+03
s>                ( QUESTION11 1 -2.987e+05 7.912e+02 1.388e+03
s>                    ( - -4.010e+04 4 0 WDBNDRY_E 0 2.266e+02 1.764e+02)
s>                    ( QUESTION2_11_L -1 -2.579e+05 6.649e+02 1.211e+03
s>                        ( - -7.127e+04 4 0 QUESTION0_0_R 1 5.483e+02 3.292e+02)
s>                        ( - -1.859e+05 9 0 QUESTION0_0_R 1 4.709e+02 8.822e+02)))
s>                ( WDBNDRY_B 0 -1.839e+05 6.019e+02 8.135e+02
s>                    ( - -4.659e+03 1 0)
s>                    ( - -1.786e+05 26 0 QUESTION0_0_R 1 5.694e+02 7.907e+02)))))INFO: dtree.c(1478): Final simple tree
|( QUESTION0_13_R 1 -3.015e+05 2.068e+03 1.306e+03
|    ( WDBNDRY_B 0 -1.479e+05 1.089e+03 6.505e+02
|        ( - -3.589e+04 1 0)
|        ( QUESTION0_20_R 1 -1.110e+05 4.655e+02 4.914e+02
|            ( - 2.188e+02 1 0)
|            ( QUESTION0_14_R 1 -1.107e+05 4.404e+02 4.904e+02
|                ( - -5.185e+04 10 0 QUESTION2_11_L -1 3.811e+02 2.287e+02)
|                ( - -5.842e+04 1 0))))
|    ( QUESTION0_3_R 1 -1.515e+05 8.890e+02 6.552e+02
|        ( - -2.062e+04 3 0 QUESTION13 -1 4.279e+02 9.824e+01)
|        ( QUESTION11 1 -1.300e+05 6.722e+02 5.570e+02
|            ( QUESTION12 -1 -9.818e+04 4.909e+02 4.244e+02
|                ( - -6.572e+03 2 0 WDBNDRY_B 0 3.171e+02 2.861e+01)
|                ( - -9.112e+04 11 0 QUESTION2 -1 4.319e+02 3.958e+02))
|            ( - -3.115e+04 10 0 QUESTION0_1_R 1 3.229e+02 1.326e+02))))
s>    ( QUESTION0_13_R 1 -3.015e+05 2.068e+03 1.306e+03
s>        ( WDBNDRY_B 0 -1.479e+05 1.089e+03 6.505e+02
s>            ( - -3.589e+04 1 0)
s>            ( QUESTION0_20_R 1 -1.110e+05 4.655e+02 4.914e+02
s>                ( - 2.188e+02 1 0)
s>                ( QUESTION0_14_R 1 -1.107e+05 4.404e+02 4.904e+02
s>                    ( - -5.185e+04 10 0 QUESTION2_11_L -1 3.811e+02 2.287e+02)
s>                    ( - -5.842e+04 1 0))))
s>        ( QUESTION0_3_R 1 -1.515e+05 8.890e+02 6.552e+02
s>            ( - -2.062e+04 3 0 QUESTION13 -1 4.279e+02 9.824e+01)
s>            ( QUESTION11 1 -1.300e+05 6.722e+02 5.570e+02
s>                ( QUESTION12 -1 -9.818e+04 4.909e+02 4.244e+02
s>                    ( - -6.572e+03 2 0 WDBNDRY_B 0 3.171e+02 2.861e+01)
s>                    ( - -9.112e+04 11 0 QUESTION2 -1 4.319e+02 3.958e+02))
s>                ( - -3.115e+04 10 0 QUESTION0_1_R 1 3.229e+02 1.326e+02))))INFO: dtree.c(1315): Comp split 1
INFO: dtree.c(1478): Final simple tree
|( QUESTION0_2_R 1 -2.615e+05 7.476e+02 1.256e+03
|    ( QUESTION2 -1 -1.572e+05 5.112e+02 7.677e+02
|        ( - -7.541e+03 1 0)
|        ( QUESTION0_3_R 1 -1.492e+05 4.107e+02 7.287e+02
|            ( QUESTION10 -1 -6.681e+04 3.407e+02 3.350e+02
|                ( - -6.592e+04 3 0)
|                ( - -5.464e+02 1 0))
|            ( - -8.194e+04 2 0)))
|    ( QUESTION0_0_R 1 -1.035e+05 3.976e+02 4.885e+02
|        ( QUESTION2_6_L -1 -3.450e+04 4.590e+02 1.653e+02
|            ( - -8.588e+03 1 0)
|            ( - -2.546e+04 3 0))
|        ( QUESTION2_6_L -1 -6.865e+04 4.562e+02 3.232e+02
|            ( - -6.974e+03 1 0)
|            ( - -6.122e+04 2 0))))
s>    ( QUESTION0_2_R 1 -2.615e+05 7.476e+02 1.256e+03
s>        ( QUESTION2 -1 -1.572e+05 5.112e+02 7.677e+02
s>            ( - -7.541e+03 1 0)
s>            ( QUESTION0_3_R 1 -1.492e+05 4.107e+02 7.287e+02
s>                ( QUESTION10 -1 -6.681e+04 3.407e+02 3.350e+02
s>                    ( - -6.592e+04 3 0)
s>                    ( - -5.464e+02 1 0))
s>                ( - -8.194e+04 2 0)))
s>        ( QUESTION0_0_R 1 -1.035e+05 3.976e+02 4.885e+02
s>            ( QUESTION2_6_L -1 -3.450e+04 4.590e+02 1.653e+02
s>                ( - -8.588e+03 1 0)
s>                ( - -2.546e+04 3 0))
s>            ( QUESTION2_6_L -1 -6.865e+04 4.562e+02 3.232e+02
s>                ( - -6.974e+03 1 0)
s>                ( - -6.122e+04 2 0))))INFO: dtree.c(1478): Final simple tree
|( SILENCE 1 -4.691e+05 7.951e+02 2.109e+03
|    ( QUESTION2_9_L -1 -1.723e+05 5.377e+02 7.898e+02
|        ( - -1.171e+05 2 0)
|        ( - -5.467e+04 6 0 QUESTION10 -1 2.603e+02 2.527e+02))
|    ( QUESTION0_6_R 1 -2.960e+05 7.334e+02 1.319e+03
|        ( - -1.725e+04 4 0 QUESTION2_1_L -1 3.633e+02 7.207e+01)
|        ( WDBNDRY_B 0 -2.780e+05 6.223e+02 1.247e+03
|            ( - -4.659e+03 1 0)
|            ( QUESTION0_1_R 1 -2.727e+05 6.228e+02 1.224e+03
|                ( QUESTION12 1 -1.040e+05 6.645e+02 4.560e+02
|                    ( - -9.237e+04 10 0 QUESTION13 -1 4.533e+02 4.093e+02)
|                    ( - -1.092e+04 3 0 QUESTION10 1 2.316e+02 4.672e+01))
|                ( QUESTION2_14_L -1 -1.682e+05 4.666e+02 7.682e+02
|                    ( - -7.304e+03 3 0 WDBNDRY_E 0 2.266e+02 3.174e+01)
|                    ( - -1.604e+05 14 0 QUESTION0 -1 4.062e+02 7.365e+02))))))
s>    ( SILENCE 1 -4.691e+05 7.951e+02 2.109e+03
s>        ( QUESTION2_9_L -1 -1.723e+05 5.377e+02 7.898e+02
s>            ( - -1.171e+05 2 0)
s>            ( - -5.467e+04 6 0 QUESTION10 -1 2.603e+02 2.527e+02))
s>        ( QUESTION0_6_R 1 -2.960e+05 7.334e+02 1.319e+03
s>            ( - -1.725e+04 4 0 QUESTION2_1_L -1 3.633e+02 7.207e+01)
s>            ( WDBNDRY_B 0 -2.780e+05 6.223e+02 1.247e+03
s>                ( - -4.659e+03 1 0)
s>                ( QUESTION0_1_R 1 -2.727e+05 6.228e+02 1.224e+03
s>                    ( QUESTION12 1 -1.040e+05 6.645e+02 4.560e+02
s>                        ( - -9.237e+04 10 0 QUESTION13 -1 4.533e+02 4.093e+02)
s>                        ( - -1.092e+04 3 0 QUESTION10 1 2.316e+02 4.672e+01))
s>                    ( QUESTION2_14_L -1 -1.682e+05 4.666e+02 7.682e+02
s>                        ( - -7.304e+03 3 0 WDBNDRY_E 0 2.266e+02 3.174e+01)
s>                        ( - -1.604e+05 14 0 QUESTION0 -1 4.062e+02 7.365e+02))))))INFO: dtree.c(1315): Comp split 2
INFO: dtree.c(1478): Final simple tree
|( QUESTION11 1 -1.229e+05 6.605e+02 5.284e+02
|    ( QUESTION2 -1 -9.112e+04 4.319e+02 3.958e+02
|        ( - -1.563e+04 2 0)
|        ( QUESTION18 -1 -7.506e+04 3.113e+02 3.264e+02
|            ( - -1.101e+04 1 0)
|            ( QUESTION0_0_R 1 -6.373e+04 2.540e+02 2.779e+02
|                ( - -5.848e+04 4 0 WDBNDRY_B 0 1.278e+02 2.549e+02)
|                ( - -5.000e+03 4 0 QUESTION0_10_R 1 2.369e+02 2.300e+01))))
|    ( QUESTION0_1_R 1 -3.115e+04 3.229e+02 1.326e+02
|        ( - -1.171e+04 5 0 QUESTION11 -1 2.070e+02 5.031e+01)
|        ( QUESTION10 -1 -1.912e+04 2.531e+02 8.231e+01
|            ( QUESTION0_5_R 1 -1.083e+04 2.461e+02 4.772e+01
|                ( - -6.707e+03 2 0 QUESTION0_6_R 1 1.942e+02 2.972e+01)
|                ( - -3.873e+03 1 0))
|            ( - -8.043e+03 2 0 QUESTION0_5_R 1 1.951e+02 3.459e+01))))
s>    ( QUESTION11 1 -1.229e+05 6.605e+02 5.284e+02
s>        ( QUESTION2 -1 -9.112e+04 4.319e+02 3.958e+02
s>            ( - -1.563e+04 2 0)
s>            ( QUESTION18 -1 -7.506e+04 3.113e+02 3.264e+02
s>                ( - -1.101e+04 1 0)
s>                ( QUESTION0_0_R 1 -6.373e+04 2.540e+02 2.779e+02
s>                    ( - -5.848e+04 4 0 WDBNDRY_B 0 1.278e+02 2.549e+02)
s>                    ( - -5.000e+03 4 0 QUESTION0_10_R 1 2.369e+02 2.300e+01))))
s>        ( QUESTION0_1_R 1 -3.115e+04 3.229e+02 1.326e+02
s>            ( - -1.171e+04 5 0 QUESTION11 -1 2.070e+02 5.031e+01)
s>            ( QUESTION10 -1 -1.912e+04 2.531e+02 8.231e+01
s>                ( QUESTION0_5_R 1 -1.083e+04 2.461e+02 4.772e+01
s>                    ( - -6.707e+03 2 0 QUESTION0_6_R 1 1.942e+02 2.972e+01)
s>                    ( - -3.873e+03 1 0))
s>                ( - -8.043e+03 2 0 QUESTION0_5_R 1 1.951e+02 3.459e+01))))INFO: dtree.c(1478): Final simple tree
|( QUESTION2_12_L -1 -1.762e+05 1.094e+03 7.773e+02
|    ( - -3.589e+04 1 0)
|    ( QUESTION13 -1 -1.393e+05 7.640e+02 6.182e+02
|        ( - -1.065e+04 1 0)
|        ( QUESTION0_18_R 1 -1.279e+05 5.219e+02 5.642e+02
|            ( - -5.842e+04 1 0)
|            ( QUESTION0_15_R 1 -6.891e+04 4.656e+02 3.026e+02
|                ( - 2.188e+02 1 0)
|                ( WDBNDRY_B 0 -6.867e+04 4.343e+02 3.016e+02
|                    ( - -6.028e+03 1 0)
|                    ( QUESTION2_11_L -1 -6.220e+04 3.524e+02 2.749e+02
|                        ( - -1.865e+04 1 0)
|                        ( QUESTION0_0_R 1 -4.320e+04 3.327e+02 1.909e+02
|                            ( - -1.005e+04 3 0 QUESTION0_1_R 1 2.761e+02 4.624e+01)
|                            ( - -3.281e+04 9 0 QUESTION9 -1 2.458e+02 1.446e+02))))))))
s>    ( QUESTION2_12_L -1 -1.762e+05 1.094e+03 7.773e+02
s>        ( - -3.589e+04 1 0)
s>        ( QUESTION13 -1 -1.393e+05 7.640e+02 6.182e+02
s>            ( - -1.065e+04 1 0)
s>            ( QUESTION0_18_R 1 -1.279e+05 5.219e+02 5.642e+02
s>                ( - -5.842e+04 1 0)
s>                ( QUESTION0_15_R 1 -6.891e+04 4.656e+02 3.026e+02
s>                    ( - 2.188e+02 1 0)
s>                    ( WDBNDRY_B 0 -6.867e+04 4.343e+02 3.016e+02
s>                        ( - -6.028e+03 1 0)
s>                        ( QUESTION2_11_L -1 -6.220e+04 3.524e+02 2.749e+02
s>                            ( - -1.865e+04 1 0)
s>                            ( QUESTION0_0_R 1 -4.320e+04 3.327e+02 1.909e+02
s>                                ( - -1.005e+04 3 0 QUESTION0_1_R 1 2.761e+02 4.624e+01)
s>                                ( - -3.281e+04 9 0 QUESTION9 -1 2.458e+02 1.446e+02))))))))INFO: dtree.c(1315): Comp split 3
INFO: dtree.c(1478): Final simple tree
|( QUESTION0_6_R 1 -3.626e+04 4.656e+02 1.505e+02
|    ( QUESTION2_1_L -1 -1.725e+04 3.633e+02 7.207e+01
|        ( - -5.215e+03 2 0 QUESTION10 -1 1.628e+02 2.302e+01)
|        ( QUESTION0 -1 -1.167e+04 1.809e+02 4.906e+01
|            ( - -1.101e+04 1 0)
|            ( - -4.827e+02 1 0)))
|    ( QUESTION0_1_R 1 -1.854e+04 3.190e+02 7.847e+01
|        ( QUESTION10 1 -1.092e+04 2.316e+02 4.672e+01
|            ( QUESTION0 -1 -3.877e+03 1.845e+02 1.743e+01
|                ( - -2.957e+03 1 0)
|                ( - -7.353e+02 1 0))
|            ( - -6.811e+03 1 0))
|        ( WDBNDRY_E 0 -7.304e+03 2.266e+02 3.174e+01
|            ( - -4.272e+03 2 0 QUESTION0_0_R 1 1.360e+02 1.866e+01)
|            ( - -2.806e+03 1 0))))
s>    ( QUESTION0_6_R 1 -3.626e+04 4.656e+02 1.505e+02
s>        ( QUESTION2_1_L -1 -1.725e+04 3.633e+02 7.207e+01
s>            ( - -5.215e+03 2 0 QUESTION10 -1 1.628e+02 2.302e+01)
s>            ( QUESTION0 -1 -1.167e+04 1.809e+02 4.906e+01
s>                ( - -1.101e+04 1 0)
s>                ( - -4.827e+02 1 0)))
s>        ( QUESTION0_1_R 1 -1.854e+04 3.190e+02 7.847e+01
s>            ( QUESTION10 1 -1.092e+04 2.316e+02 4.672e+01
s>                ( QUESTION0 -1 -3.877e+03 1.845e+02 1.743e+01
s>                    ( - -2.957e+03 1 0)
s>                    ( - -7.353e+02 1 0))
s>                ( - -6.811e+03 1 0))
s>            ( WDBNDRY_E 0 -7.304e+03 2.266e+02 3.174e+01
s>                ( - -4.272e+03 2 0 QUESTION0_0_R 1 1.360e+02 1.866e+01)
s>                ( - -2.806e+03 1 0))))INFO: dtree.c(1478): Final simple tree
|( QUESTION2_10_L -1 -4.316e+05 7.227e+02 1.958e+03
|    ( QUESTION0_0_R 1 -1.582e+05 4.731e+02 7.155e+02
|        ( - -3.929e+04 3 0)
|        ( - -1.185e+05 4 0 WDBNDRY_E 0 2.164e+02 5.421e+02))
|    ( WDBNDRY_B 0 -2.726e+05 6.230e+02 1.243e+03
|        ( - -4.659e+03 1 0)
|        ( QUESTION0_8_R 1 -2.673e+05 5.339e+02 1.220e+03
|            ( QUESTION0 -1 -1.516e+05 5.041e+02 6.975e+02
|                ( - -3.359e+04 2 0 QUESTION0_14_R 1 2.282e+02 1.567e+02)
|                ( WDBNDRY_E 0 -1.175e+05 4.030e+02 5.407e+02
|                    ( - -8.745e+04 7 0 QUESTION12 -1 3.727e+02 3.993e+02)
|                    ( - -2.961e+04 2 0 QUESTION2 -1 2.988e+02 1.415e+02)))
|            ( QUESTION13 -1 -1.153e+05 4.611e+02 5.226e+02
|                ( - -8.542e+03 2 0 SILENCE 1 2.377e+02 4.001e+01)
|                ( - -1.062e+05 12 0 QUESTION0_1_R 1 2.981e+02 4.826e+02)))))
s>    ( QUESTION2_10_L -1 -4.316e+05 7.227e+02 1.958e+03
s>        ( QUESTION0_0_R 1 -1.582e+05 4.731e+02 7.155e+02
s>            ( - -3.929e+04 3 0)
s>            ( - -1.185e+05 4 0 WDBNDRY_E 0 2.164e+02 5.421e+02))
s>        ( WDBNDRY_B 0 -2.726e+05 6.230e+02 1.243e+03
s>            ( - -4.659e+03 1 0)
s>            ( QUESTION0_8_R 1 -2.673e+05 5.339e+02 1.220e+03
s>                ( QUESTION0 -1 -1.516e+05 5.041e+02 6.975e+02
s>                    ( - -3.359e+04 2 0 QUESTION0_14_R 1 2.282e+02 1.567e+02)
s>                    ( WDBNDRY_E 0 -1.175e+05 4.030e+02 5.407e+02
s>                        ( - -8.745e+04 7 0 QUESTION12 -1 3.727e+02 3.993e+02)
s>                        ( - -2.961e+04 2 0 QUESTION2 -1 2.988e+02 1.415e+02)))
s>                ( QUESTION13 -1 -1.153e+05 4.611e+02 5.226e+02
s>                    ( - -8.542e+03 2 0 SILENCE 1 2.377e+02 4.001e+01)
s>                    ( - -1.062e+05 12 0 QUESTION0_1_R 1 2.981e+02 4.826e+02)))))INFO: dtree.c(1315): Comp split 4
INFO: dtree.c(1478): Final simple tree
|( QUESTION13 -1 -1.393e+05 7.640e+02 6.182e+02
|    ( - -1.065e+04 1 0)
|    ( QUESTION0_18_R 1 -1.279e+05 5.219e+02 5.642e+02
|        ( - -5.842e+04 1 0)
|        ( QUESTION0_15_R 1 -6.891e+04 4.656e+02 3.026e+02
|            ( - 2.188e+02 1 0)
|            ( WDBNDRY_B 0 -6.867e+04 4.343e+02 3.016e+02
|                ( - -6.028e+03 1 0)
|                ( QUESTION2_11_L -1 -6.220e+04 3.524e+02 2.749e+02
|                    ( - -1.865e+04 1 0)
|                    ( QUESTION0_0_R 1 -4.320e+04 3.327e+02 1.909e+02
|                        ( QUESTION0_1_R 1 -1.005e+04 2.761e+02 4.624e+01
|                            ( - -2.269e+02 1 0)
|                            ( - -9.550e+03 2 0 QUESTION2 1 1.726e+02 4.424e+01))
|                        ( - -3.281e+04 9 0 QUESTION9 -1 2.458e+02 1.446e+02)))))))
s>    ( QUESTION13 -1 -1.393e+05 7.640e+02 6.182e+02
s>        ( - -1.065e+04 1 0)
s>        ( QUESTION0_18_R 1 -1.279e+05 5.219e+02 5.642e+02
s>            ( - -5.842e+04 1 0)
s>            ( QUESTION0_15_R 1 -6.891e+04 4.656e+02 3.026e+02
s>                ( - 2.188e+02 1 0)
s>                ( WDBNDRY_B 0 -6.867e+04 4.343e+02 3.016e+02
s>                    ( - -6.028e+03 1 0)
s>                    ( QUESTION2_11_L -1 -6.220e+04 3.524e+02 2.749e+02
s>                        ( - -1.865e+04 1 0)
s>                        ( QUESTION0_0_R 1 -4.320e+04 3.327e+02 1.909e+02
s>                            ( QUESTION0_1_R 1 -1.005e+04 2.761e+02 4.624e+01
s>                                ( - -2.269e+02 1 0)
s>                                ( - -9.550e+03 2 0 QUESTION2 1 1.726e+02 4.424e+01))
s>                            ( - -3.281e+04 9 0 QUESTION9 -1 2.458e+02 1.446e+02)))))))INFO: dtree.c(1315): Comp split 5
INFO: dtree.c(1439): stop. leaf nodes are specific
INFO: dtree.c(1478): Final simple tree
|( QUESTION0_0_R 1 -7.090e+04 3.309e+02 3.312e+02
|    ( QUESTION0_1_R 1 -9.355e+03 2.208e+02 4.400e+01
|        ( - -8.588e+03 1 0)
|        ( - -5.464e+02 1 0))
|    ( - -6.122e+04 2 0))
s>    ( QUESTION0_0_R 1 -7.090e+04 3.309e+02 3.312e+02
s>        ( QUESTION0_1_R 1 -9.355e+03 2.208e+02 4.400e+01
s>            ( - -8.588e+03 1 0)
s>            ( - -5.464e+02 1 0))
s>        ( - -6.122e+04 2 0))INFO: dtree.c(1439): stop. leaf nodes are specific
INFO: dtree.c(1478): Final simple tree
|( QUESTION0_2_R 1 -1.896e+05 4.992e+02 9.250e+02
|    ( QUESTION2 -1 -1.564e+05 5.117e+02 7.647e+02
|        ( - -7.541e+03 1 0)
|        ( QUESTION0_3_R 1 -1.483e+05 4.576e+02 7.257e+02
|            ( - -6.592e+04 3 0)
|            ( - -8.194e+04 2 0)))
|    ( QUESTION0_0_R 1 -3.272e+04 2.861e+02 1.603e+02
|        ( - -2.546e+04 3 0)
|        ( - -6.974e+03 1 0)))
s>    ( QUESTION0_2_R 1 -1.896e+05 4.992e+02 9.250e+02
s>        ( QUESTION2 -1 -1.564e+05 5.117e+02 7.647e+02
s>            ( - -7.541e+03 1 0)
s>            ( QUESTION0_3_R 1 -1.483e+05 4.576e+02 7.257e+02
s>                ( - -6.592e+04 3 0)
s>                ( - -8.194e+04 2 0)))
s>        ( QUESTION0_0_R 1 -3.272e+04 2.861e+02 1.603e+02
s>            ( - -2.546e+04 3 0)
s>            ( - -6.974e+03 1 0)))INFO: dtree.c(1315): Comp split 6
INFO: dtree.c(1439): stop. leaf nodes are specific
INFO: dtree.c(1478): Final simple tree
|( QUESTION0_20_R 1 -7.798e+04 4.661e+02 3.488e+02
|    ( - 2.188e+02 1 0)
|    ( QUESTION0_0_R 1 -7.774e+04 2.826e+02 3.478e+02
|        ( - -2.269e+02 1 0)
|        ( QUESTION0_14_R 1 -7.723e+04 1.522e+02 3.458e+02
|            ( - -1.865e+04 1 0)
|            ( - -5.842e+04 1 0))))
s>    ( QUESTION0_20_R 1 -7.798e+04 4.661e+02 3.488e+02
s>        ( - 2.188e+02 1 0)
s>        ( QUESTION0_0_R 1 -7.774e+04 2.826e+02 3.478e+02
s>            ( - -2.269e+02 1 0)
s>            ( QUESTION0_14_R 1 -7.723e+04 1.522e+02 3.458e+02
s>                ( - -1.865e+04 1 0)
s>                ( - -5.842e+04 1 0))))INFO: dtree.c(1478): Final simple tree
|( QUESTION13 -1 -6.031e+04 5.536e+02 2.695e+02
|    ( - -1.065e+04 1 0)
|    ( WDBNDRY_B 0 -4.911e+04 4.015e+02 2.155e+02
|        ( - -6.028e+03 1 0)
|        ( QUESTION0_0_R 1 -4.269e+04 3.235e+02 1.889e+02
|            ( QUESTION2 1 -9.550e+03 1.726e+02 4.424e+01
|                ( - -2.524e+03 1 0)
|                ( - -6.854e+03 1 0))
|            ( QUESTION9 -1 -3.281e+04 2.458e+02 1.446e+02
|                ( QUESTION10 -1 -2.386e+04 1.870e+02 1.065e+02
|                    ( - -2.286e+04 5 0)
|                    ( - -8.108e+02 1 0))
|                ( QUESTION0 -1 -8.710e+03 1.608e+02 3.816e+01
|                    ( - -4.231e+03 1 0)
|                    ( - -4.318e+03 2 0 QUESTION3 -1 1.355e+02 1.910e+01))))))
s>    ( QUESTION13 -1 -6.031e+04 5.536e+02 2.695e+02
s>        ( - -1.065e+04 1 0)
s>        ( WDBNDRY_B 0 -4.911e+04 4.015e+02 2.155e+02
s>            ( - -6.028e+03 1 0)
s>            ( QUESTION0_0_R 1 -4.269e+04 3.235e+02 1.889e+02
s>                ( QUESTION2 1 -9.550e+03 1.726e+02 4.424e+01
s>                    ( - -2.524e+03 1 0)
s>                    ( - -6.854e+03 1 0))
s>                ( QUESTION9 -1 -3.281e+04 2.458e+02 1.446e+02
s>                    ( QUESTION10 -1 -2.386e+04 1.870e+02 1.065e+02
s>                        ( - -2.286e+04 5 0)
s>                        ( - -8.108e+02 1 0))
s>                    ( QUESTION0 -1 -8.710e+03 1.608e+02 3.816e+01
s>                        ( - -4.231e+03 1 0)
s>                        ( - -4.318e+03 2 0 QUESTION3 -1 1.355e+02 1.910e+01))))))INFO: dtree.c(1315): Comp split 7
INFO: dtree.c(1478): Final simple tree
|( QUESTION0_8_R 1 -2.242e+05 4.752e+02 1.023e+03
|    ( WDBNDRY_E 0 -1.175e+05 4.030e+02 5.407e+02
|        ( QUESTION12 -1 -8.745e+04 3.727e+02 3.993e+02
|            ( QUESTION0_14_R 1 -4.531e+04 2.612e+02 2.086e+02
|                ( - -2.494e+04 2 0)
|                ( - -2.011e+04 1 0))
|            ( QUESTION0_14_R 1 -4.177e+04 2.850e+02 1.907e+02
|                ( - -3.911e+04 2 0)
|                ( - -2.375e+03 2 0 QUESTION2 -1 1.061e+02 1.095e+01)))
|        ( QUESTION2 -1 -2.961e+04 2.988e+02 1.415e+02
|            ( - -1.477e+03 1 0)
|            ( - -2.783e+04 1 0)))
|    ( QUESTION0_1_R 1 -1.062e+05 2.981e+02 4.826e+02
|        ( - -4.516e+04 6 0 QUESTION9 -1 2.057e+02 2.019e+02)
|        ( - -6.079e+04 6 0 QUESTION2 -1 2.323e+02 2.807e+02)))
s>    ( QUESTION0_8_R 1 -2.242e+05 4.752e+02 1.023e+03
s>        ( WDBNDRY_E 0 -1.175e+05 4.030e+02 5.407e+02
s>            ( QUESTION12 -1 -8.745e+04 3.727e+02 3.993e+02
s>                ( QUESTION0_14_R 1 -4.531e+04 2.612e+02 2.086e+02
s>                    ( - -2.494e+04 2 0)
s>                    ( - -2.011e+04 1 0))
s>                ( QUESTION0_14_R 1 -4.177e+04 2.850e+02 1.907e+02
s>                    ( - -3.911e+04 2 0)
s>                    ( - -2.375e+03 2 0 QUESTION2 -1 1.061e+02 1.095e+01)))
s>            ( QUESTION2 -1 -2.961e+04 2.988e+02 1.415e+02
s>                ( - -1.477e+03 1 0)
s>                ( - -2.783e+04 1 0)))
s>        ( QUESTION0_1_R 1 -1.062e+05 2.981e+02 4.826e+02
s>            ( - -4.516e+04 6 0 QUESTION9 -1 2.057e+02 2.019e+02)
s>            ( - -6.079e+04 6 0 QUESTION2 -1 2.323e+02 2.807e+02)))INFO: dtree.c(1478): Final simple tree
|( WDBNDRY_B 0 -2.065e+05 6.040e+02 9.351e+02
|    ( - -4.659e+03 1 0)
|    ( SILENCE 1 -2.012e+05 4.844e+02 9.122e+02
|        ( QUESTION10 -1 -1.184e+05 2.036e+02 5.431e+02
|            ( - -1.171e+05 2 0)
|            ( - -1.129e+03 1 0))
|        ( QUESTION0 -1 -8.229e+04 4.617e+02 3.691e+02
|            ( QUESTION0_14_R 1 -3.359e+04 2.282e+02 1.567e+02
|                ( - -2.328e+04 1 0)
|                ( - -1.008e+04 1 0))
|            ( QUESTION11 -1 -4.824e+04 3.974e+02 2.124e+02
|                ( - -7.175e+03 1 0)
|                ( WDBNDRY_E 0 -4.067e+04 2.259e+02 1.784e+02
|                    ( - -3.986e+04 4 0 QUESTION0_0_R 1 1.344e+02 1.754e+02)
|                    ( - -5.778e+02 1 0))))))
s>    ( WDBNDRY_B 0 -2.065e+05 6.040e+02 9.351e+02
s>        ( - -4.659e+03 1 0)
s>        ( SILENCE 1 -2.012e+05 4.844e+02 9.122e+02
s>            ( QUESTION10 -1 -1.184e+05 2.036e+02 5.431e+02
s>                ( - -1.171e+05 2 0)
s>                ( - -1.129e+03 1 0))
s>            ( QUESTION0 -1 -8.229e+04 4.617e+02 3.691e+02
s>                ( QUESTION0_14_R 1 -3.359e+04 2.282e+02 1.567e+02
s>                    ( - -2.328e+04 1 0)
s>                    ( - -1.008e+04 1 0))
s>                ( QUESTION11 -1 -4.824e+04 3.974e+02 2.124e+02
s>                    ( - -7.175e+03 1 0)
s>                    ( WDBNDRY_E 0 -4.067e+04 2.259e+02 1.784e+02
s>                        ( - -3.986e+04 4 0 QUESTION0_0_R 1 1.344e+02 1.754e+02)
s>                        ( - -5.778e+02 1 0))))))INFO: dtree.c(1315): Comp split 8
INFO: dtree.c(1478): Final simple tree
|( QUESTION0_1_R 1 -4.249e+04 3.349e+02 1.811e+02
|    ( QUESTION11 -1 -2.304e+04 3.290e+02 9.882e+01
|        ( QUESTION10 1 -1.382e+04 1.997e+02 6.053e+01
|            ( - -2.614e+03 1 0)
|            ( - -1.101e+04 1 0))
|        ( QUESTION6 -1 -8.884e+03 2.083e+02 3.829e+01
|            ( - -5.518e+03 2 0 QUESTION2_2_L -1 1.244e+02 2.429e+01)
|            ( - -3.158e+03 2 0 QUESTION2 -1 1.943e+02 1.401e+01)))
|    ( QUESTION10 -1 -1.912e+04 2.531e+02 8.231e+01
|        ( QUESTION0_5_R 1 -1.083e+04 2.461e+02 4.772e+01
|            ( - -6.707e+03 2 0 QUESTION0_6_R 1 1.942e+02 2.972e+01)
|            ( - -3.873e+03 1 0))
|        ( QUESTION0_5_R 1 -8.043e+03 1.951e+02 3.459e+01
|            ( - -7.496e+03 1 0)
|            ( - -3.522e+02 1 0))))
s>    ( QUESTION0_1_R 1 -4.249e+04 3.349e+02 1.811e+02
s>        ( QUESTION11 -1 -2.304e+04 3.290e+02 9.882e+01
s>            ( QUESTION10 1 -1.382e+04 1.997e+02 6.053e+01
s>                ( - -2.614e+03 1 0)
s>                ( - -1.101e+04 1 0))
s>            ( QUESTION6 -1 -8.884e+03 2.083e+02 3.829e+01
s>                ( - -5.518e+03 2 0 QUESTION2_2_L -1 1.244e+02 2.429e+01)
s>                ( - -3.158e+03 2 0 QUESTION2 -1 1.943e+02 1.401e+01)))
s>        ( QUESTION10 -1 -1.912e+04 2.531e+02 8.231e+01
s>            ( QUESTION0_5_R 1 -1.083e+04 2.461e+02 4.772e+01
s>                ( - -6.707e+03 2 0 QUESTION0_6_R 1 1.942e+02 2.972e+01)
s>                ( - -3.873e+03 1 0))
s>            ( QUESTION0_5_R 1 -8.043e+03 1.951e+02 3.459e+01
s>                ( - -7.496e+03 1 0)
s>                ( - -3.522e+02 1 0))))INFO: dtree.c(1439): stop. leaf nodes are specific
INFO: dtree.c(1478): Final simple tree
|( QUESTION2 -1 -7.976e+04 4.018e+02 3.473e+02
|    ( - -1.563e+04 2 0)
|    ( QUESTION0_0_R 1 -6.373e+04 2.540e+02 2.779e+02
|        ( WDBNDRY_B 0 -5.848e+04 1.278e+02 2.549e+02
|            ( - -1.636e+03 1 0)
|            ( - -5.672e+04 3 0))
|        ( QUESTION0_10_R 1 -5.000e+03 2.369e+02 2.300e+01
|            ( QUESTION2_14_L -1 -3.225e+03 2.545e+02 1.500e+01
|                ( - -1.105e+03 1 0)
|                ( QUESTION10 -1 -1.866e+03 1.716e+02 9.000e+00
|                    ( - -7.298e+02 1 0)
|                    ( - -9.644e+02 1 0)))
|            ( - -1.538e+03 1 0))))
s>    ( QUESTION2 -1 -7.976e+04 4.018e+02 3.473e+02
s>        ( - -1.563e+04 2 0)
s>        ( QUESTION0_0_R 1 -6.373e+04 2.540e+02 2.779e+02
s>            ( WDBNDRY_B 0 -5.848e+04 1.278e+02 2.549e+02
s>                ( - -1.636e+03 1 0)
s>                ( - -5.672e+04 3 0))
s>            ( QUESTION0_10_R 1 -5.000e+03 2.369e+02 2.300e+01
s>                ( QUESTION2_14_L -1 -3.225e+03 2.545e+02 1.500e+01
s>                    ( - -1.105e+03 1 0)
s>                    ( QUESTION10 -1 -1.866e+03 1.716e+02 9.000e+00
s>                        ( - -7.298e+02 1 0)
s>                        ( - -9.644e+02 1 0)))
s>                ( - -1.538e+03 1 0))))INFO: dtree.c(1315): Comp split 9
INFO: dtree.c(1439): stop. leaf nodes are specific
INFO: dtree.c(1478): Final simple tree
|( WDBNDRY_E 0 -4.824e+04 3.014e+02 2.301e+02
|    ( - -2.011e+04 1 0)
|    ( - -2.783e+04 1 0))
s>    ( WDBNDRY_E 0 -4.824e+04 3.014e+02 2.301e+02
s>        ( - -2.011e+04 1 0)
s>        ( - -2.783e+04 1 0))INFO: dtree.c(1478): Final simple tree
|( QUESTION0_8_R 1 -1.753e+05 4.147e+02 7.932e+02
|    ( QUESTION0 1 -6.865e+04 2.831e+02 3.106e+02
|        ( QUESTION11 -1 -6.599e+04 2.698e+02 2.997e+02
|            ( - -2.494e+04 2 0)
|            ( - -4.078e+04 3 0 WDBNDRY_E 0 1.949e+02 1.868e+02))
|        ( - -2.375e+03 2 0 QUESTION2 -1 1.061e+02 1.095e+01))
|    ( QUESTION0_1_R 1 -1.062e+05 2.981e+02 4.826e+02
|        ( - -4.516e+04 6 0 QUESTION9 -1 2.057e+02 2.019e+02)
|        ( QUESTION2 -1 -6.079e+04 2.323e+02 2.807e+02
|            ( - -2.702e+03 1 0)
|            ( QUESTION10 -1 -5.786e+04 2.152e+02 2.677e+02
|                ( - -4.132e+04 1 0)
|                ( SILENCE 1 -1.633e+04 2.133e+02 7.617e+01
|                    ( - -8.884e+03 3 0 QUESTION0 -1 1.482e+02 4.215e+01)
|                    ( - -7.229e+03 1 0))))))
s>    ( QUESTION0_8_R 1 -1.753e+05 4.147e+02 7.932e+02
s>        ( QUESTION0 1 -6.865e+04 2.831e+02 3.106e+02
s>            ( QUESTION11 -1 -6.599e+04 2.698e+02 2.997e+02
s>                ( - -2.494e+04 2 0)
s>                ( - -4.078e+04 3 0 WDBNDRY_E 0 1.949e+02 1.868e+02))
s>            ( - -2.375e+03 2 0 QUESTION2 -1 1.061e+02 1.095e+01))
s>        ( QUESTION0_1_R 1 -1.062e+05 2.981e+02 4.826e+02
s>            ( - -4.516e+04 6 0 QUESTION9 -1 2.057e+02 2.019e+02)
s>            ( QUESTION2 -1 -6.079e+04 2.323e+02 2.807e+02
s>                ( - -2.702e+03 1 0)
s>                ( QUESTION10 -1 -5.786e+04 2.152e+02 2.677e+02
s>                    ( - -4.132e+04 1 0)
s>                    ( SILENCE 1 -1.633e+04 2.133e+02 7.617e+01
s>                        ( - -8.884e+03 3 0 QUESTION0 -1 1.482e+02 4.215e+01)
s>                        ( - -7.229e+03 1 0))))))INFO: dtree.c(1315): Comp split 10
INFO: dtree.c(1439): stop. leaf nodes are specific
INFO: dtree.c(1478): Final simple tree
|( QUESTION0_3_R 1 -1.483e+05 4.576e+02 7.257e+02
|    ( - -6.592e+04 3 0)
|    ( - -8.194e+04 2 0))
s>    ( QUESTION0_3_R 1 -1.483e+05 4.576e+02 7.257e+02
s>        ( - -6.592e+04 3 0)
s>        ( - -8.194e+04 2 0))INFO: dtree.c(1439): stop. leaf nodes are specific
INFO: dtree.c(1478): Final simple tree
|( QUESTION0_2_R 1 -4.066e+04 4.034e+02 1.993e+02
|    ( - -7.541e+03 1 0)
|    ( QUESTION0_0_R 1 -3.272e+04 2.861e+02 1.603e+02
|        ( - -2.546e+04 3 0)
|        ( - -6.974e+03 1 0)))
s>    ( QUESTION0_2_R 1 -4.066e+04 4.034e+02 1.993e+02
s>        ( - -7.541e+03 1 0)
s>        ( QUESTION0_0_R 1 -3.272e+04 2.861e+02 1.603e+02
s>            ( - -2.546e+04 3 0)
s>            ( - -6.974e+03 1 0)))INFO: dtree.c(1315): Comp split 11
INFO: dtree.c(1478): Final simple tree
|( SILENCE 1 -2.012e+05 4.844e+02 9.122e+02
|    ( QUESTION10 -1 -1.184e+05 2.036e+02 5.431e+02
|        ( - -1.171e+05 2 0)
|        ( - -1.129e+03 1 0))
|    ( QUESTION0 -1 -8.229e+04 4.617e+02 3.691e+02
|        ( QUESTION0_14_R 1 -3.359e+04 2.282e+02 1.567e+02
|            ( - -2.328e+04 1 0)
|            ( - -1.008e+04 1 0))
|        ( QUESTION11 -1 -4.824e+04 3.974e+02 2.124e+02
|            ( - -7.175e+03 1 0)
|            ( WDBNDRY_E 0 -4.067e+04 2.259e+02 1.784e+02
|                ( QUESTION0_0_R 1 -3.986e+04 1.344e+02 1.754e+02
|                    ( - -3.929e+04 3 0)
|                    ( - -4.329e+02 1 0))
|                ( - -5.778e+02 1 0)))))
s>    ( SILENCE 1 -2.012e+05 4.844e+02 9.122e+02
s>        ( QUESTION10 -1 -1.184e+05 2.036e+02 5.431e+02
s>            ( - -1.171e+05 2 0)
s>            ( - -1.129e+03 1 0))
s>        ( QUESTION0 -1 -8.229e+04 4.617e+02 3.691e+02
s>            ( QUESTION0_14_R 1 -3.359e+04 2.282e+02 1.567e+02
s>                ( - -2.328e+04 1 0)
s>                ( - -1.008e+04 1 0))
s>            ( QUESTION11 -1 -4.824e+04 3.974e+02 2.124e+02
s>                ( - -7.175e+03 1 0)
s>                ( WDBNDRY_E 0 -4.067e+04 2.259e+02 1.784e+02
s>                    ( QUESTION0_0_R 1 -3.986e+04 1.344e+02 1.754e+02
s>                        ( - -3.929e+04 3 0)
s>                        ( - -4.329e+02 1 0))
s>                    ( - -5.778e+02 1 0)))))INFO: dtree.c(1315): Comp split 12
INFO: dtree.c(1478): Final simple tree
|( WDBNDRY_B 0 -4.911e+04 4.015e+02 2.155e+02
|    ( - -6.028e+03 1 0)
|    ( QUESTION0_0_R 1 -4.269e+04 3.235e+02 1.889e+02
|        ( QUESTION2 1 -9.550e+03 1.726e+02 4.424e+01
|            ( - -2.524e+03 1 0)
|            ( - -6.854e+03 1 0))
|        ( QUESTION9 -1 -3.281e+04 2.458e+02 1.446e+02
|            ( QUESTION10 -1 -2.386e+04 1.870e+02 1.065e+02
|                ( - -2.286e+04 5 0)
|                ( - -8.108e+02 1 0))
|            ( QUESTION0 -1 -8.710e+03 1.608e+02 3.816e+01
|                ( - -4.231e+03 1 0)
|                ( QUESTION3 -1 -4.318e+03 1.355e+02 1.910e+01
|                    ( - -3.390e+03 1 0)
|                    ( - -7.927e+02 1 0))))))
s>    ( WDBNDRY_B 0 -4.911e+04 4.015e+02 2.155e+02
s>        ( - -6.028e+03 1 0)
s>        ( QUESTION0_0_R 1 -4.269e+04 3.235e+02 1.889e+02
s>            ( QUESTION2 1 -9.550e+03 1.726e+02 4.424e+01
s>                ( - -2.524e+03 1 0)
s>                ( - -6.854e+03 1 0))
s>            ( QUESTION9 -1 -3.281e+04 2.458e+02 1.446e+02
s>                ( QUESTION10 -1 -2.386e+04 1.870e+02 1.065e+02
s>                    ( - -2.286e+04 5 0)
s>                    ( - -8.108e+02 1 0))
s>                ( QUESTION0 -1 -8.710e+03 1.608e+02 3.816e+01
s>                    ( - -4.231e+03 1 0)
s>                    ( QUESTION3 -1 -4.318e+03 1.355e+02 1.910e+01
s>                        ( - -3.390e+03 1 0)
s>                        ( - -7.927e+02 1 0))))))INFO: dtree.c(1315): Comp split 13
INFO: dtree.c(1439): stop. leaf nodes are specific
INFO: dtree.c(1478): Final simple tree
|( WDBNDRY_E 0 -1.192e+05 2.156e+02 5.461e+02
|    ( QUESTION10 -1 -1.184e+05 2.036e+02 5.431e+02
|        ( - -1.171e+05 2 0)
|        ( - -1.129e+03 1 0))
|    ( - -5.778e+02 1 0))
s>    ( WDBNDRY_E 0 -1.192e+05 2.156e+02 5.461e+02
s>        ( QUESTION10 -1 -1.184e+05 2.036e+02 5.431e+02
s>            ( - -1.171e+05 2 0)
s>            ( - -1.129e+03 1 0))
s>        ( - -5.778e+02 1 0))INFO: dtree.c(1439): stop. leaf nodes are specific
INFO: dtree.c(1478): Final simple tree
|( QUESTION0 -1 -8.149e+04 4.631e+02 3.661e+02
|    ( QUESTION0_14_R 1 -3.359e+04 2.282e+02 1.567e+02
|        ( - -2.328e+04 1 0)
|        ( - -1.008e+04 1 0))
|    ( QUESTION11 -1 -4.744e+04 4.012e+02 2.094e+02
|        ( - -7.175e+03 1 0)
|        ( QUESTION0_0_R 1 -3.986e+04 1.344e+02 1.754e+02
|            ( - -3.929e+04 3 0)
|            ( - -4.329e+02 1 0))))
s>    ( QUESTION0 -1 -8.149e+04 4.631e+02 3.661e+02
s>        ( QUESTION0_14_R 1 -3.359e+04 2.282e+02 1.567e+02
s>            ( - -2.328e+04 1 0)
s>            ( - -1.008e+04 1 0))
s>        ( QUESTION11 -1 -4.744e+04 4.012e+02 2.094e+02
s>            ( - -7.175e+03 1 0)
s>            ( QUESTION0_0_R 1 -3.986e+04 1.344e+02 1.754e+02
s>                ( - -3.929e+04 3 0)
s>                ( - -4.329e+02 1 0))))INFO: dtree.c(1315): Comp split 14
INFO: dtree.c(1439): stop. leaf nodes are specific
INFO: dtree.c(1478): Final simple tree
|( QUESTION0_0_R 1 -7.774e+04 2.826e+02 3.478e+02
|    ( - -2.269e+02 1 0)
|    ( QUESTION0_14_R 1 -7.723e+04 1.522e+02 3.458e+02
|        ( - -1.865e+04 1 0)
|        ( - -5.842e+04 1 0)))
s>    ( QUESTION0_0_R 1 -7.774e+04 2.826e+02 3.478e+02
s>        ( - -2.269e+02 1 0)
s>        ( QUESTION0_14_R 1 -7.723e+04 1.522e+02 3.458e+02
s>            ( - -1.865e+04 1 0)
s>            ( - -5.842e+04 1 0)))INFO: dtree.c(1315): Comp split 15
INFO: dtree.c(1439): stop. leaf nodes are specific
INFO: dtree.c(1478): Final simple tree
|( QUESTION0_1_R 1 -1.854e+04 3.190e+02 7.847e+01
|    ( QUESTION10 1 -1.092e+04 2.316e+02 4.672e+01
|        ( QUESTION0 -1 -3.877e+03 1.845e+02 1.743e+01
|            ( - -2.957e+03 1 0)
|            ( - -7.353e+02 1 0))
|        ( - -6.811e+03 1 0))
|    ( WDBNDRY_E 0 -7.304e+03 2.266e+02 3.174e+01
|        ( QUESTION0_0_R 1 -4.272e+03 1.360e+02 1.866e+01
|            ( - -2.676e+03 1 0)
|            ( - -1.459e+03 1 0))
|        ( - -2.806e+03 1 0)))
s>    ( QUESTION0_1_R 1 -1.854e+04 3.190e+02 7.847e+01
s>        ( QUESTION10 1 -1.092e+04 2.316e+02 4.672e+01
s>            ( QUESTION0 -1 -3.877e+03 1.845e+02 1.743e+01
s>                ( - -2.957e+03 1 0)
s>                ( - -7.353e+02 1 0))
s>            ( - -6.811e+03 1 0))
s>        ( WDBNDRY_E 0 -7.304e+03 2.266e+02 3.174e+01
s>            ( QUESTION0_0_R 1 -4.272e+03 1.360e+02 1.866e+01
s>                ( - -2.676e+03 1 0)
s>                ( - -1.459e+03 1 0))
s>            ( - -2.806e+03 1 0)))INFO: dtree.c(1439): stop. leaf nodes are specific
INFO: dtree.c(1478): Final simple tree
|( QUESTION2_1_L -1 -1.725e+04 3.633e+02 7.207e+01
|    ( QUESTION10 -1 -5.215e+03 1.628e+02 2.302e+01
|        ( - -3.319e+03 1 0)
|        ( - -1.733e+03 1 0))
|    ( QUESTION0 -1 -1.167e+04 1.809e+02 4.906e+01
|        ( - -1.101e+04 1 0)
|        ( - -4.827e+02 1 0)))
s>    ( QUESTION2_1_L -1 -1.725e+04 3.633e+02 7.207e+01
s>        ( QUESTION10 -1 -5.215e+03 1.628e+02 2.302e+01
s>            ( - -3.319e+03 1 0)
s>            ( - -1.733e+03 1 0))
s>        ( QUESTION0 -1 -1.167e+04 1.809e+02 4.906e+01
s>            ( - -1.101e+04 1 0)
s>            ( - -4.827e+02 1 0)))INFO: dtree.c(1315): Comp split 16
INFO: dtree.c(1439): stop. leaf nodes are specific
INFO: dtree.c(1478): Final simple tree
|( QUESTION11 -1 -4.744e+04 4.012e+02 2.094e+02
|    ( - -7.175e+03 1 0)
|    ( QUESTION0_0_R 1 -3.986e+04 1.344e+02 1.754e+02
|        ( - -3.929e+04 3 0)
|        ( - -4.329e+02 1 0)))
s>    ( QUESTION11 -1 -4.744e+04 4.012e+02 2.094e+02
s>        ( - -7.175e+03 1 0)
s>        ( QUESTION0_0_R 1 -3.986e+04 1.344e+02 1.754e+02
s>            ( - -3.929e+04 3 0)
s>            ( - -4.329e+02 1 0)))INFO: dtree.c(1439): stop. leaf nodes are specific
INFO: dtree.c(1478): Final simple tree
|( QUESTION0_14_R 1 -3.359e+04 2.282e+02 1.567e+02
|    ( - -2.328e+04 1 0)
|    ( - -1.008e+04 1 0))
s>    ( QUESTION0_14_R 1 -3.359e+04 2.282e+02 1.567e+02
s>        ( - -2.328e+04 1 0)
s>        ( - -1.008e+04 1 0))INFO: dtree.c(1315): Comp split 17
INFO: dtree.c(1315): Comp split 18
INFO: dtree.c(1439): stop. leaf nodes are specific
INFO: dtree.c(1478): Final simple tree
|( QUESTION10 -1 -5.786e+04 2.152e+02 2.677e+02
|    ( - -4.132e+04 1 0)
|    ( SILENCE 1 -1.633e+04 2.133e+02 7.617e+01
|        ( QUESTION0 -1 -8.884e+03 1.482e+02 4.215e+01
|            ( - -3.075e+03 1 0)
|            ( - -5.661e+03 2 0))
|        ( - -7.229e+03 1 0)))
s>    ( QUESTION10 -1 -5.786e+04 2.152e+02 2.677e+02
s>        ( - -4.132e+04 1 0)
s>        ( SILENCE 1 -1.633e+04 2.133e+02 7.617e+01
s>            ( QUESTION0 -1 -8.884e+03 1.482e+02 4.215e+01
s>                ( - -3.075e+03 1 0)
s>                ( - -5.661e+03 2 0))
s>            ( - -7.229e+03 1 0)))INFO: dtree.c(1478): Final simple tree
|( QUESTION12 -1 -1.170e+05 3.084e+02 5.255e+02
|    ( QUESTION0_0_R 1 -5.618e+04 2.570e+02 2.521e+02
|        ( - -3.098e+04 3 0)
|        ( - -2.494e+04 2 0))
|    ( QUESTION13 1 -6.051e+04 2.702e+02 2.734e+02
|        ( - -2.375e+03 2 0 QUESTION2 -1 1.061e+02 1.095e+01)
|        ( QUESTION0_14_R 1 -5.786e+04 2.296e+02 2.625e+02
|            ( - -3.911e+04 2 0)
|            ( SILENCE 1 -1.852e+04 2.088e+02 8.270e+01
|                ( - -2.702e+03 1 0)
|                ( QUESTION0 -1 -1.561e+04 1.803e+02 6.970e+01
|                    ( - -1.268e+04 2 0)
|                    ( WDBNDRY_E 0 -2.749e+03 1.585e+02 1.200e+01
|                        ( - -1.113e+03 1 0)
|                        ( - -1.477e+03 1 0)))))))
s>    ( QUESTION12 -1 -1.170e+05 3.084e+02 5.255e+02
s>        ( QUESTION0_0_R 1 -5.618e+04 2.570e+02 2.521e+02
s>            ( - -3.098e+04 3 0)
s>            ( - -2.494e+04 2 0))
s>        ( QUESTION13 1 -6.051e+04 2.702e+02 2.734e+02
s>            ( - -2.375e+03 2 0 QUESTION2 -1 1.061e+02 1.095e+01)
s>            ( QUESTION0_14_R 1 -5.786e+04 2.296e+02 2.625e+02
s>                ( - -3.911e+04 2 0)
s>                ( SILENCE 1 -1.852e+04 2.088e+02 8.270e+01
s>                    ( - -2.702e+03 1 0)
s>                    ( QUESTION0 -1 -1.561e+04 1.803e+02 6.970e+01
s>                        ( - -1.268e+04 2 0)
s>                        ( WDBNDRY_E 0 -2.749e+03 1.585e+02 1.200e+01
s>                            ( - -1.113e+03 1 0)
s>                            ( - -1.477e+03 1 0)))))))INFO: dtree.c(1315): Comp split 19
INFO: dtree.c(1439): stop. leaf nodes are specific
INFO: dtree.c(1478): Final simple tree
|( WDBNDRY_B 0 -7.004e+03 1.657e+02 3.065e+01
|    ( - -6.028e+03 1 0)
|    ( - -8.108e+02 1 0))
s>    ( WDBNDRY_B 0 -7.004e+03 1.657e+02 3.065e+01
s>        ( - -6.028e+03 1 0)
s>        ( - -8.108e+02 1 0))INFO: dtree.c(1439): stop. leaf nodes are specific
INFO: dtree.c(1478): Final simple tree
|( QUESTION0_0_R 1 -4.169e+04 3.219e+02 1.848e+02
|    ( QUESTION2 1 -9.550e+03 1.726e+02 4.424e+01
|        ( - -2.524e+03 1 0)
|        ( - -6.854e+03 1 0))
|    ( QUESTION9 -1 -3.181e+04 2.460e+02 1.406e+02
|        ( - -2.286e+04 5 0)
|        ( QUESTION0 -1 -8.710e+03 1.608e+02 3.816e+01
|            ( - -4.231e+03 1 0)
|            ( QUESTION3 -1 -4.318e+03 1.355e+02 1.910e+01
|                ( - -3.390e+03 1 0)
|                ( - -7.927e+02 1 0)))))
s>    ( QUESTION0_0_R 1 -4.169e+04 3.219e+02 1.848e+02
s>        ( QUESTION2 1 -9.550e+03 1.726e+02 4.424e+01
s>            ( - -2.524e+03 1 0)
s>            ( - -6.854e+03 1 0))
s>        ( QUESTION9 -1 -3.181e+04 2.460e+02 1.406e+02
s>            ( - -2.286e+04 5 0)
s>            ( QUESTION0 -1 -8.710e+03 1.608e+02 3.816e+01
s>                ( - -4.231e+03 1 0)
s>                ( QUESTION3 -1 -4.318e+03 1.355e+02 1.910e+01
s>                    ( - -3.390e+03 1 0)
s>                    ( - -7.927e+02 1 0)))))INFO: dtree.c(1315): Comp split 20
INFO: dtree.c(1439): stop. leaf nodes are specific
INFO: dtree.c(1478): Final simple tree
|( QUESTION0_0_R 1 -1.696e+04 2.270e+02 7.538e+01
|    ( - -1.563e+04 2 0)
|    ( - -1.105e+03 1 0))
s>    ( QUESTION0_0_R 1 -1.696e+04 2.270e+02 7.538e+01
s>        ( - -1.563e+04 2 0)
s>        ( - -1.105e+03 1 0))INFO: dtree.c(1439): stop. leaf nodes are specific
INFO: dtree.c(1478): Final simple tree
|( QUESTION0_10_R 1 -6.240e+04 2.677e+02 2.719e+02
|    ( QUESTION10 -1 -1.866e+03 1.716e+02 9.000e+00
|        ( - -7.298e+02 1 0)
|        ( - -9.644e+02 1 0))
|    ( QUESTION0_0_R 1 -6.026e+04 2.460e+02 2.629e+02
|        ( WDBNDRY_B 0 -5.848e+04 1.278e+02 2.549e+02
|            ( - -1.636e+03 1 0)
|            ( - -5.672e+04 3 0))
|        ( - -1.538e+03 1 0)))
s>    ( QUESTION0_10_R 1 -6.240e+04 2.677e+02 2.719e+02
s>        ( QUESTION10 -1 -1.866e+03 1.716e+02 9.000e+00
s>            ( - -7.298e+02 1 0)
s>            ( - -9.644e+02 1 0))
s>        ( QUESTION0_0_R 1 -6.026e+04 2.460e+02 2.629e+02
s>            ( WDBNDRY_B 0 -5.848e+04 1.278e+02 2.549e+02
s>                ( - -1.636e+03 1 0)
s>                ( - -5.672e+04 3 0))
s>            ( - -1.538e+03 1 0)))INFO: dtree.c(1315): Comp split 21
INFO: dtree.c(1439): stop. leaf nodes are specific
INFO: dtree.c(1478): Final simple tree
|( QUESTION0_0_R 1 -3.272e+04 2.861e+02 1.603e+02
|    ( - -2.546e+04 3 0)
|    ( - -6.974e+03 1 0))
s>    ( QUESTION0_0_R 1 -3.272e+04 2.861e+02 1.603e+02
s>        ( - -2.546e+04 3 0)
s>        ( - -6.974e+03 1 0))INFO: dtree.c(1315): Comp split 22
INFO: dtree.c(1439): stop. leaf nodes are specific
INFO: dtree.c(1478): Final simple tree
|( QUESTION0_0_R 1 -3.986e+04 1.344e+02 1.754e+02
|    ( - -3.929e+04 3 0)
|    ( - -4.329e+02 1 0))
s>    ( QUESTION0_0_R 1 -3.986e+04 1.344e+02 1.754e+02
s>        ( - -3.929e+04 3 0)
s>        ( - -4.329e+02 1 0))INFO: dtree.c(1315): Comp split 23
INFO: dtree.c(1439): stop. leaf nodes are specific
INFO: dtree.c(1478): Final simple tree
|( QUESTION10 1 -2.798e+04 3.394e+02 1.194e+02
|    ( QUESTION6 -1 -8.884e+03 2.083e+02 3.829e+01
|        ( QUESTION2_2_L -1 -5.518e+03 1.244e+02 2.429e+01
|            ( - -1.235e+03 1 0)
|            ( - -4.158e+03 1 0))
|        ( QUESTION2 -1 -3.158e+03 1.943e+02 1.401e+01
|            ( - -2.711e+02 1 0)
|            ( - -2.693e+03 1 0)))
|    ( QUESTION0_1_R 1 -1.876e+04 2.505e+02 8.110e+01
|        ( - -1.101e+04 1 0)
|        ( - -7.496e+03 1 0)))
s>    ( QUESTION10 1 -2.798e+04 3.394e+02 1.194e+02
s>        ( QUESTION6 -1 -8.884e+03 2.083e+02 3.829e+01
s>            ( QUESTION2_2_L -1 -5.518e+03 1.244e+02 2.429e+01
s>                ( - -1.235e+03 1 0)
s>                ( - -4.158e+03 1 0))
s>            ( QUESTION2 -1 -3.158e+03 1.943e+02 1.401e+01
s>                ( - -2.711e+02 1 0)
s>                ( - -2.693e+03 1 0)))
s>        ( QUESTION0_1_R 1 -1.876e+04 2.505e+02 8.110e+01
s>            ( - -1.101e+04 1 0)
s>            ( - -7.496e+03 1 0)))INFO: dtree.c(1439): stop. leaf nodes are specific
INFO: dtree.c(1478): Final simple tree
|( QUESTION4 1 -1.413e+04 2.180e+02 6.174e+01
|    ( QUESTION0_5_R 1 -4.936e+03 2.020e+02 2.200e+01
|        ( - -3.095e+02 1 0)
|        ( QUESTION10 -1 -4.425e+03 1.998e+02 2.000e+01
|            ( - -3.873e+03 1 0)
|            ( - -3.522e+02 1 0)))
|    ( QUESTION0_1_R 1 -8.971e+03 1.542e+02 3.974e+01
|        ( - -2.614e+03 1 0)
|        ( - -6.203e+03 1 0)))
s>    ( QUESTION4 1 -1.413e+04 2.180e+02 6.174e+01
s>        ( QUESTION0_5_R 1 -4.936e+03 2.020e+02 2.200e+01
s>            ( - -3.095e+02 1 0)
s>            ( QUESTION10 -1 -4.425e+03 1.998e+02 2.000e+01
s>                ( - -3.873e+03 1 0)
s>                ( - -3.522e+02 1 0)))
s>        ( QUESTION0_1_R 1 -8.971e+03 1.542e+02 3.974e+01
s>            ( - -2.614e+03 1 0)
s>            ( - -6.203e+03 1 0)))INFO: dtree.c(1315): Comp split 24
INFO: dtree.c(1439): stop. leaf nodes are specific
INFO: dtree.c(1478): Final simple tree
|( QUESTION0 -1 -1.167e+04 1.809e+02 4.906e+01
|    ( - -1.101e+04 1 0)
|    ( - -4.827e+02 1 0))
s>    ( QUESTION0 -1 -1.167e+04 1.809e+02 4.906e+01
s>        ( - -1.101e+04 1 0)
s>        ( - -4.827e+02 1 0))INFO: dtree.c(1439): stop. leaf nodes are specific
INFO: dtree.c(1478): Final simple tree
|( QUESTION10 -1 -5.215e+03 1.628e+02 2.302e+01
|    ( - -3.319e+03 1 0)
|    ( - -1.733e+03 1 0))
s>    ( QUESTION10 -1 -5.215e+03 1.628e+02 2.302e+01
s>        ( - -3.319e+03 1 0)
s>        ( - -1.733e+03 1 0))INFO: dtree.c(1315): Comp split 25
INFO: dtree.c(1439): stop. leaf nodes are specific
INFO: dtree.c(1478): Final simple tree
|( QUESTION6 -1 -8.884e+03 2.083e+02 3.829e+01
|    ( QUESTION2_2_L -1 -5.518e+03 1.244e+02 2.429e+01
|        ( - -1.235e+03 1 0)
|        ( - -4.158e+03 1 0))
|    ( QUESTION2 -1 -3.158e+03 1.943e+02 1.401e+01
|        ( - -2.711e+02 1 0)
|        ( - -2.693e+03 1 0)))
s>    ( QUESTION6 -1 -8.884e+03 2.083e+02 3.829e+01
s>        ( QUESTION2_2_L -1 -5.518e+03 1.244e+02 2.429e+01
s>            ( - -1.235e+03 1 0)
s>            ( - -4.158e+03 1 0))
s>        ( QUESTION2 -1 -3.158e+03 1.943e+02 1.401e+01
s>            ( - -2.711e+02 1 0)
s>            ( - -2.693e+03 1 0)))INFO: dtree.c(1439): stop. leaf nodes are specific
INFO: dtree.c(1478): Final simple tree
|( QUESTION0_1_R 1 -1.876e+04 2.505e+02 8.110e+01
|    ( - -1.101e+04 1 0)
|    ( - -7.496e+03 1 0))
s>    ( QUESTION0_1_R 1 -1.876e+04 2.505e+02 8.110e+01
s>        ( - -1.101e+04 1 0)
s>        ( - -7.496e+03 1 0))INFO: dtree.c(1315): Comp split 26
INFO: dtree.c(1439): stop. leaf nodes are specific
INFO: dtree.c(1478): Final simple tree
|( QUESTION0 -1 -1.849e+04 2.290e+02 8.240e+01
|    ( - -4.231e+03 1 0)
|    ( QUESTION2 1 -1.403e+04 1.765e+02 6.334e+01
|        ( - -2.524e+03 1 0)
|        ( QUESTION0_0_R 1 -1.133e+04 1.566e+02 5.132e+01
|            ( - -6.854e+03 1 0)
|            ( QUESTION3 -1 -4.318e+03 1.355e+02 1.910e+01
|                ( - -3.390e+03 1 0)
|                ( - -7.927e+02 1 0)))))
s>    ( QUESTION0 -1 -1.849e+04 2.290e+02 8.240e+01
s>        ( - -4.231e+03 1 0)
s>        ( QUESTION2 1 -1.403e+04 1.765e+02 6.334e+01
s>            ( - -2.524e+03 1 0)
s>            ( QUESTION0_0_R 1 -1.133e+04 1.566e+02 5.132e+01
s>                ( - -6.854e+03 1 0)
s>                ( QUESTION3 -1 -4.318e+03 1.355e+02 1.910e+01
s>                    ( - -3.390e+03 1 0)
s>                    ( - -7.927e+02 1 0)))))INFO: dtree.c(1315): Comp split 27
INFO: dtree.c(1439): stop. leaf nodes are specific
INFO: dtree.c(1478): Final simple tree
|( QUESTION0_0_R 1 -4.272e+03 1.360e+02 1.866e+01
|    ( - -2.676e+03 1 0)
|    ( - -1.459e+03 1 0))
s>    ( QUESTION0_0_R 1 -4.272e+03 1.360e+02 1.866e+01
s>        ( - -2.676e+03 1 0)
s>        ( - -1.459e+03 1 0))INFO: dtree.c(1439): stop. leaf nodes are specific
INFO: dtree.c(1478): Final simple tree
|( QUESTION15 1 -1.394e+04 2.562e+02 5.980e+01
|    ( - -6.811e+03 1 0)
|    ( WDBNDRY_E 0 -6.872e+03 1.884e+02 3.051e+01
|        ( QUESTION0 -1 -3.877e+03 1.845e+02 1.743e+01
|            ( - -2.957e+03 1 0)
|            ( - -7.353e+02 1 0))
|        ( - -2.806e+03 1 0)))
s>    ( QUESTION15 1 -1.394e+04 2.562e+02 5.980e+01
s>        ( - -6.811e+03 1 0)
s>        ( WDBNDRY_E 0 -6.872e+03 1.884e+02 3.051e+01
s>            ( QUESTION0 -1 -3.877e+03 1.845e+02 1.743e+01
s>                ( - -2.957e+03 1 0)
s>                ( - -7.353e+02 1 0))
s>            ( - -2.806e+03 1 0)))INFO: dtree.c(1315): Comp split 28
INFO: dtree.c(1439): stop. leaf nodes are specific
INFO: dtree.c(1478): Final simple tree
|( QUESTION0_1_R 1 -9.355e+03 2.208e+02 4.400e+01
|    ( - -8.588e+03 1 0)
|    ( - -5.464e+02 1 0))
s>    ( QUESTION0_1_R 1 -9.355e+03 2.208e+02 4.400e+01
s>        ( - -8.588e+03 1 0)
s>        ( - -5.464e+02 1 0))INFO: dtree.c(1315): Comp split 29
INFO: dtree.c(1439): stop. leaf nodes are specific
INFO: dtree.c(1478): Final simple tree
|( WDBNDRY_E 0 -5.298e+03 1.994e+02 2.295e+01
|    ( QUESTION0_0_R 1 -3.622e+03 1.340e+02 1.595e+01
|        ( - -1.113e+03 1 0)
|        ( QUESTION2 -1 -2.375e+03 1.061e+02 1.095e+01
|            ( - -1.702e+03 1 0)
|            ( - -5.660e+02 1 0)))
|    ( - -1.477e+03 1 0))
s>    ( WDBNDRY_E 0 -5.298e+03 1.994e+02 2.295e+01
s>        ( QUESTION0_0_R 1 -3.622e+03 1.340e+02 1.595e+01
s>            ( - -1.113e+03 1 0)
s>            ( QUESTION2 -1 -2.375e+03 1.061e+02 1.095e+01
s>                ( - -1.702e+03 1 0)
s>                ( - -5.660e+02 1 0)))
s>        ( - -1.477e+03 1 0))INFO: dtree.c(1439): stop. leaf nodes are specific
INFO: dtree.c(1478): Final simple tree
|( QUESTION10 -1 -1.114e+05 2.853e+02 5.025e+02
|    ( - -3.911e+04 2 0)
|    ( QUESTION0_8_R 1 -7.198e+04 2.624e+02 3.228e+02
|        ( - -2.494e+04 2 0)
|        ( SILENCE 1 -4.678e+04 2.129e+02 2.099e+02
|            ( - -2.702e+03 1 0)
|            ( QUESTION0 -1 -4.386e+04 1.927e+02 1.969e+02
|                ( - -1.268e+04 2 0)
|                ( - -3.098e+04 3 0)))))
s>    ( QUESTION10 -1 -1.114e+05 2.853e+02 5.025e+02
s>        ( - -3.911e+04 2 0)
s>        ( QUESTION0_8_R 1 -7.198e+04 2.624e+02 3.228e+02
s>            ( - -2.494e+04 2 0)
s>            ( SILENCE 1 -4.678e+04 2.129e+02 2.099e+02
s>                ( - -2.702e+03 1 0)
s>                ( QUESTION0 -1 -4.386e+04 1.927e+02 1.969e+02
s>                    ( - -1.268e+04 2 0)
s>                    ( - -3.098e+04 3 0)))))INFO: dtree.c(1315): Comp split 30
INFO: dtree.c(1315): Comp split 31
INFO: dtree.c(1315): Comp split 32
INFO: dtree.c(1439): stop. leaf nodes are specific
INFO: dtree.c(1478): Final simple tree
|( QUESTION0_8_R 1 -7.198e+04 2.624e+02 3.228e+02
|    ( - -2.494e+04 2 0)
|    ( SILENCE 1 -4.678e+04 2.129e+02 2.099e+02
|        ( - -2.702e+03 1 0)
|        ( QUESTION0 -1 -4.386e+04 1.927e+02 1.969e+02
|            ( - -1.268e+04 2 0)
|            ( - -3.098e+04 3 0))))
s>    ( QUESTION0_8_R 1 -7.198e+04 2.624e+02 3.228e+02
s>        ( - -2.494e+04 2 0)
s>        ( SILENCE 1 -4.678e+04 2.129e+02 2.099e+02
s>            ( - -2.702e+03 1 0)
s>            ( QUESTION0 -1 -4.386e+04 1.927e+02 1.969e+02
s>                ( - -1.268e+04 2 0)
s>                ( - -3.098e+04 3 0))))INFO: dtree.c(1315): Comp split 33
INFO: dtree.c(1439): stop. leaf nodes are specific
INFO: dtree.c(1478): Final simple tree
|( QUESTION0_14_R 1 -7.723e+04 1.522e+02 3.458e+02
|    ( - -1.865e+04 1 0)
|    ( - -5.842e+04 1 0))
s>    ( QUESTION0_14_R 1 -7.723e+04 1.522e+02 3.458e+02
s>        ( - -1.865e+04 1 0)
s>        ( - -5.842e+04 1 0))INFO: dtree.c(1315): Comp split 34
INFO: dtree.c(1439): stop. leaf nodes are specific
INFO: dtree.c(1478): Final simple tree
|( QUESTION0_0_R 1 -6.026e+04 2.460e+02 2.629e+02
|    ( WDBNDRY_B 0 -5.848e+04 1.278e+02 2.549e+02
|        ( - -1.636e+03 1 0)
|        ( - -5.672e+04 3 0))
|    ( - -1.538e+03 1 0))
s>    ( QUESTION0_0_R 1 -6.026e+04 2.460e+02 2.629e+02
s>        ( WDBNDRY_B 0 -5.848e+04 1.278e+02 2.549e+02
s>            ( - -1.636e+03 1 0)
s>            ( - -5.672e+04 3 0))
s>        ( - -1.538e+03 1 0))INFO: dtree.c(1439): stop. leaf nodes are specific
INFO: dtree.c(1478): Final simple tree
|( QUESTION10 -1 -1.866e+03 1.716e+02 9.000e+00
|    ( - -7.298e+02 1 0)
|    ( - -9.644e+02 1 0))
s>    ( QUESTION10 -1 -1.866e+03 1.716e+02 9.000e+00
s>        ( - -7.298e+02 1 0)
s>        ( - -9.644e+02 1 0))INFO: dtree.c(1315): Comp split 35
INFO: dtree.c(1439): stop. leaf nodes are specific
INFO: dtree.c(1478): Final simple tree
|( SILENCE 1 -4.678e+04 2.129e+02 2.099e+02
|    ( - -2.702e+03 1 0)
|    ( QUESTION0 -1 -4.386e+04 1.927e+02 1.969e+02
|        ( - -1.268e+04 2 0)
|        ( - -3.098e+04 3 0)))
s>    ( SILENCE 1 -4.678e+04 2.129e+02 2.099e+02
s>        ( - -2.702e+03 1 0)
s>        ( QUESTION0 -1 -4.386e+04 1.927e+02 1.969e+02
s>            ( - -1.268e+04 2 0)
s>            ( - -3.098e+04 3 0)))INFO: dtree.c(1315): Comp split 36
INFO: dtree.c(1439): stop. leaf nodes are specific
INFO: dtree.c(1478): Final simple tree
|( WDBNDRY_E 0 -6.872e+03 1.884e+02 3.051e+01
|    ( QUESTION0 -1 -3.877e+03 1.845e+02 1.743e+01
|        ( - -2.957e+03 1 0)
|        ( - -7.353e+02 1 0))
|    ( - -2.806e+03 1 0))
s>    ( WDBNDRY_E 0 -6.872e+03 1.884e+02 3.051e+01
s>        ( QUESTION0 -1 -3.877e+03 1.845e+02 1.743e+01
s>            ( - -2.957e+03 1 0)
s>            ( - -7.353e+02 1 0))
s>        ( - -2.806e+03 1 0))INFO: dtree.c(1315): Comp split 37
INFO: dtree.c(1439): stop. leaf nodes are specific
INFO: dtree.c(1478): Final simple tree
|( QUESTION4 1 -1.000e+04 1.946e+02 4.374e+01
|    ( QUESTION0_5_R 1 -8.362e+02 1.746e+02 4.000e+00
|        ( - -3.095e+02 1 0)
|        ( - -3.522e+02 1 0))
|    ( QUESTION0_1_R 1 -8.971e+03 1.542e+02 3.974e+01
|        ( - -2.614e+03 1 0)
|        ( - -6.203e+03 1 0)))
s>    ( QUESTION4 1 -1.000e+04 1.946e+02 4.374e+01
s>        ( QUESTION0_5_R 1 -8.362e+02 1.746e+02 4.000e+00
s>            ( - -3.095e+02 1 0)
s>            ( - -3.522e+02 1 0))
s>        ( QUESTION0_1_R 1 -8.971e+03 1.542e+02 3.974e+01
s>            ( - -2.614e+03 1 0)
s>            ( - -6.203e+03 1 0)))INFO: dtree.c(1315): Comp split 38
INFO: dtree.c(1315): Comp split 39
INFO: dtree.c(1439): stop. leaf nodes are specific
INFO: dtree.c(1478): Final simple tree
|( WDBNDRY_B 0 -5.848e+04 1.278e+02 2.549e+02
|    ( - -1.636e+03 1 0)
|    ( - -5.672e+04 3 0))
s>    ( WDBNDRY_B 0 -5.848e+04 1.278e+02 2.549e+02
s>        ( - -1.636e+03 1 0)
s>        ( - -5.672e+04 3 0))INFO: dtree.c(1315): Comp split 40
INFO: dtree.c(1439): stop. leaf nodes are specific
INFO: dtree.c(1478): Final simple tree
|( QUESTION0 -1 -7.767e+03 1.465e+02 3.416e+01
|    ( - -4.231e+03 1 0)
|    ( - -3.390e+03 1 0))
s>    ( QUESTION0 -1 -7.767e+03 1.465e+02 3.416e+01
s>        ( - -4.231e+03 1 0)
s>        ( - -3.390e+03 1 0))INFO: dtree.c(1439): stop. leaf nodes are specific
INFO: dtree.c(1478): Final simple tree
|( QUESTION2 1 -1.049e+04 1.747e+02 4.824e+01
|    ( - -2.524e+03 1 0)
|    ( QUESTION0_0_R 1 -7.789e+03 1.419e+02 3.622e+01
|        ( - -6.854e+03 1 0)
|        ( - -7.927e+02 1 0)))
s>    ( QUESTION2 1 -1.049e+04 1.747e+02 4.824e+01
s>        ( - -2.524e+03 1 0)
s>        ( QUESTION0_0_R 1 -7.789e+03 1.419e+02 3.622e+01
s>            ( - -6.854e+03 1 0)
s>            ( - -7.927e+02 1 0)))INFO: dtree.c(1315): Comp split 41
INFO: dtree.c(1315): Comp split 42
INFO: dtree.c(1315): Comp split 43
INFO: dtree.c(1315): Comp split 44
INFO: dtree.c(1439): stop. leaf nodes are specific
INFO: dtree.c(1478): Final simple tree
|( QUESTION0 -1 -8.884e+03 1.482e+02 4.215e+01
|    ( - -3.075e+03 1 0)
|    ( - -5.661e+03 2 0))
s>    ( QUESTION0 -1 -8.884e+03 1.482e+02 4.215e+01
s>        ( - -3.075e+03 1 0)
s>        ( - -5.661e+03 2 0))INFO: dtree.c(1439): stop. leaf nodes are specific
INFO: dtree.c(1478): Final simple tree
|( SILENCE 1 -4.876e+04 2.080e+02 2.256e+02
|    ( - -4.132e+04 1 0)
|    ( - -7.229e+03 1 0))
s>    ( SILENCE 1 -4.876e+04 2.080e+02 2.256e+02
s>        ( - -4.132e+04 1 0)
s>        ( - -7.229e+03 1 0))INFO: dtree.c(1315): Comp split 45
INFO: dtree.c(1439): stop. leaf nodes are specific
INFO: dtree.c(1478): Final simple tree
|( QUESTION10 -1 -1.184e+05 2.036e+02 5.431e+02
|    ( - -1.171e+05 2 0)
|    ( - -1.129e+03 1 0))
s>    ( QUESTION10 -1 -1.184e+05 2.036e+02 5.431e+02
s>        ( - -1.171e+05 2 0)
s>        ( - -1.129e+03 1 0))INFO: dtree.c(1315): Comp split 46
INFO: dtree.c(1439): stop. leaf nodes are specific
INFO: dtree.c(1478): Final simple tree
|( QUESTION0 -1 -4.386e+04 1.927e+02 1.969e+02
|    ( - -1.268e+04 2 0)
|    ( - -3.098e+04 3 0))
s>    ( QUESTION0 -1 -4.386e+04 1.927e+02 1.969e+02
s>        ( - -1.268e+04 2 0)
s>        ( - -3.098e+04 3 0))INFO: dtree.c(1315): Comp split 47
INFO: dtree.c(1439): stop. leaf nodes are specific
INFO: dtree.c(1478): Final simple tree
|( QUESTION2 -1 -3.158e+03 1.943e+02 1.401e+01
|    ( - -2.711e+02 1 0)
|    ( - -2.693e+03 1 0))
s>    ( QUESTION2 -1 -3.158e+03 1.943e+02 1.401e+01
s>        ( - -2.711e+02 1 0)
s>        ( - -2.693e+03 1 0))INFO: dtree.c(1439): stop. leaf nodes are specific
INFO: dtree.c(1478): Final simple tree
|( QUESTION2_2_L -1 -5.518e+03 1.244e+02 2.429e+01
|    ( - -1.235e+03 1 0)
|    ( - -4.158e+03 1 0))
s>    ( QUESTION2_2_L -1 -5.518e+03 1.244e+02 2.429e+01
s>        ( - -1.235e+03 1 0)
s>        ( - -4.158e+03 1 0))INFO: dtree.c(1315): Comp split 48
INFO: dtree.c(1315): Comp split 49
INFO: dtree.c(1315): Comp split 50
INFO: dtree.c(1439): stop. leaf nodes are specific
INFO: dtree.c(1478): Final simple tree
|( QUESTION0_0_R 1 -3.622e+03 1.340e+02 1.595e+01
|    ( - -1.113e+03 1 0)
|    ( QUESTION2 -1 -2.375e+03 1.061e+02 1.095e+01
|        ( - -1.702e+03 1 0)
|        ( - -5.660e+02 1 0)))
s>    ( QUESTION0_0_R 1 -3.622e+03 1.340e+02 1.595e+01
s>        ( - -1.113e+03 1 0)
s>        ( QUESTION2 -1 -2.375e+03 1.061e+02 1.095e+01
s>            ( - -1.702e+03 1 0)
s>            ( - -5.660e+02 1 0)))INFO: dtree.c(1315): Comp split 51
INFO: dtree.c(1439): stop. leaf nodes are specific
INFO: dtree.c(1478): Final simple tree
|( QUESTION0_1_R 1 -8.971e+03 1.542e+02 3.974e+01
|    ( - -2.614e+03 1 0)
|    ( - -6.203e+03 1 0))
s>    ( QUESTION0_1_R 1 -8.971e+03 1.542e+02 3.974e+01
s>        ( - -2.614e+03 1 0)
s>        ( - -6.203e+03 1 0))INFO: dtree.c(1439): stop. leaf nodes are specific
INFO: dtree.c(1478): Final simple tree
|( QUESTION0_5_R 1 -8.362e+02 1.746e+02 4.000e+00
|    ( - -3.095e+02 1 0)
|    ( - -3.522e+02 1 0))
s>    ( QUESTION0_5_R 1 -8.362e+02 1.746e+02 4.000e+00
s>        ( - -3.095e+02 1 0)
s>        ( - -3.522e+02 1 0))INFO: dtree.c(1315): Comp split 52
INFO: dtree.c(1315): Comp split 53
INFO: dtree.c(1315): Comp split 54
INFO: dtree.c(1439): stop. leaf nodes are specific
INFO: dtree.c(1478): Final simple tree
|( QUESTION0 -1 -3.877e+03 1.845e+02 1.743e+01
|    ( - -2.957e+03 1 0)
|    ( - -7.353e+02 1 0))
s>    ( QUESTION0 -1 -3.877e+03 1.845e+02 1.743e+01
s>        ( - -2.957e+03 1 0)
s>        ( - -7.353e+02 1 0))INFO: dtree.c(1315): Comp split 55
INFO: dtree.c(1315): Comp split 56
INFO: dtree.c(1315): Comp split 57
INFO: dtree.c(1439): stop. leaf nodes are specific
INFO: dtree.c(1478): Final simple tree
|( QUESTION0_0_R 1 -7.789e+03 1.419e+02 3.622e+01
|    ( - -6.854e+03 1 0)
|    ( - -7.927e+02 1 0))
s>    ( QUESTION0_0_R 1 -7.789e+03 1.419e+02 3.622e+01
s>        ( - -6.854e+03 1 0)
s>        ( - -7.927e+02 1 0))INFO: dtree.c(1315): Comp split 58
INFO: dtree.c(1315): Comp split 59
INFO: dtree.c(1315): Comp split 60
INFO: dtree.c(1315): Comp split 61
INFO: dtree.c(1315): Comp split 62
INFO: dtree.c(1315): Comp split 63
INFO: dtree.c(1315): Comp split 64
INFO: dtree.c(1315): Comp split 65
INFO: dtree.c(1315): Comp split 66
INFO: dtree.c(1315): Comp split 67
INFO: dtree.c(1315): Comp split 68
INFO: dtree.c(1315): Comp split 69
INFO: dtree.c(1439): stop. leaf nodes are specific
INFO: dtree.c(1478): Final simple tree
|( QUESTION2 -1 -2.375e+03 1.061e+02 1.095e+01
|    ( - -1.702e+03 1 0)
|    ( - -5.660e+02 1 0))
s>    ( QUESTION2 -1 -2.375e+03 1.061e+02 1.095e+01
s>        ( - -1.702e+03 1 0)
s>        ( - -5.660e+02 1 0))INFO: dtree.c(1315): Comp split 70
INFO: dtree.c(1315): Comp split 71
INFO: dtree.c(1315): Comp split 72
INFO: dtree.c(1315): Comp split 73
INFO: dtree.c(1318): stop. leaf nodes are specific
Fri Jan  6 22:28:10 2023
