Current configuration:
[NAME]		[DEFLT]	[VALUE]
-dictfn			/mnt/c/users/robin/onedrive/desktop/cmu/Cebuano/etc/Cebuano.dic
-example	no	no
-fdictfn		/mnt/c/users/robin/onedrive/desktop/cmu/Cebuano/etc/Cebuano.filler
-help		no	no
-ignorewpos	no	no
-inCDmdef		
-inCImdef		
-lsnfn			
-maxtriphones	100000	100000
-minocc		1	1
-n_state_pm	3	3
-oalltphnmdef		/mnt/c/users/robin/onedrive/desktop/cmu/Cebuano/model_architecture/Cebuano.alltriphones.mdef
-ocimdef		
-ocountfn		
-ountiedmdef		
-phnlstfn		/mnt/c/users/robin/onedrive/desktop/cmu/Cebuano/model_architecture/Cebuano.phonelist
-triphnlstfn		

INFO: main.c(94): Will write alltriphone mdef file /mnt/c/users/robin/onedrive/desktop/cmu/Cebuano/model_architecture/Cebuano.alltriphones.mdef
INFO: mk_mdef_gen.c(189): 0 single word triphones in input phone list
INFO: mk_mdef_gen.c(190): 0 word beginning triphones in input phone list
INFO: mk_mdef_gen.c(191): 0 word internal triphones in input phone list
INFO: mk_mdef_gen.c(192): 0 word ending triphones in input phone list
INFO: mk_mdef_gen.c(280): Reading dict /mnt/c/users/robin/onedrive/desktop/cmu/Cebuano/etc/Cebuano.dic
INFO: mk_mdef_gen.c(322): 7700 words in dict /mnt/c/users/robin/onedrive/desktop/cmu/Cebuano/etc/Cebuano.dic
INFO: mk_mdef_gen.c(280): Reading dict /mnt/c/users/robin/onedrive/desktop/cmu/Cebuano/etc/Cebuano.filler
INFO: mk_mdef_gen.c(322): 3 words in dict /mnt/c/users/robin/onedrive/desktop/cmu/Cebuano/etc/Cebuano.filler
INFO: mk_mdef_gen.c(442): 7703 words in dictionary
INFO: mk_mdef_gen.c(443): 9065 unique single word triphones in dictionary
INFO: mk_mdef_gen.c(444): 14280 unique word beginning triphones in dictionary
INFO: mk_mdef_gen.c(445): 4526 unique word internal triphones in dictionary
INFO: mk_mdef_gen.c(446): 14208 unique word ending triphones in dictionary
INFO: mk_mdef_gen.c(897): 40 n_base, 42079 n_tri
INFO: mk_mdef_gen.c(969): Wrote mdef file /mnt/c/users/robin/onedrive/desktop/cmu/Cebuano/model_architecture/Cebuano.alltriphones.mdef
Fri Jan  6 22:28:37 2023
