Current configuration:
[NAME]		[DEFLT]	[VALUE]
-allphones	no	no
-example	no	no
-help		no	no
-itreedir		/mnt/c/users/robin/onedrive/desktop/cmu/Cebuano/trees/Cebuano.unpruned
-minocc		0.0	0.000000e+00
-moddeffn		/mnt/c/users/robin/onedrive/desktop/cmu/Cebuano/model_architecture/Cebuano.alltriphones.mdef
-nseno			200
-otreedir		/mnt/c/users/robin/onedrive/desktop/cmu/Cebuano/trees/Cebuano.200
-psetfn			/mnt/c/users/robin/onedrive/desktop/cmu/Cebuano/model_architecture/Cebuano.tree_questions

INFO: main.c(76): Reading: /mnt/c/users/robin/onedrive/desktop/cmu/Cebuano/model_architecture/Cebuano.alltriphones.mdef
INFO: model_def_io.c(573): Model definition info:
INFO: model_def_io.c(574): 42119 total models defined (40 base, 42079 tri)
INFO: model_def_io.c(575): 168476 total states
INFO: model_def_io.c(576): 126357 total tied states
INFO: model_def_io.c(577): 120 total tied CI states
INFO: model_def_io.c(578): 40 total tied transition matrices
INFO: model_def_io.c(579): 4 max state/model
INFO: model_def_io.c(580): 4 min state/model
INFO: main.c(82): Reading: /mnt/c/users/robin/onedrive/desktop/cmu/Cebuano/model_architecture/Cebuano.tree_questions
INFO: main.c(183): AA-0	213 [0 < 0.000000e+00]
INFO: main.c(183): AA-1	213 [0 < 0.000000e+00]
INFO: main.c(183): AA-2	213 [0 < 0.000000e+00]
INFO: main.c(183): AE-0	175 [0 < 0.000000e+00]
INFO: main.c(183): AE-1	175 [0 < 0.000000e+00]
INFO: main.c(183): AE-2	175 [0 < 0.000000e+00]
INFO: main.c(183): AH-0	414 [0 < 0.000000e+00]
INFO: main.c(183): AH-1	414 [0 < 0.000000e+00]
INFO: main.c(183): AH-2	414 [0 < 0.000000e+00]
INFO: main.c(183): AO-0	98 [0 < 0.000000e+00]
INFO: main.c(183): AO-1	98 [0 < 0.000000e+00]
INFO: main.c(183): AO-2	98 [0 < 0.000000e+00]
INFO: main.c(183): AW-0	20 [0 < 0.000000e+00]
INFO: main.c(183): AW-1	20 [0 < 0.000000e+00]
INFO: main.c(183): AW-2	20 [0 < 0.000000e+00]
INFO: main.c(183): AY-0	104 [0 < 0.000000e+00]
INFO: main.c(183): AY-1	104 [0 < 0.000000e+00]
INFO: main.c(183): AY-2	104 [0 < 0.000000e+00]
INFO: main.c(183): B-0	124 [0 < 0.000000e+00]
INFO: main.c(183): B-1	124 [0 < 0.000000e+00]
INFO: main.c(183): B-2	124 [0 < 0.000000e+00]
INFO: main.c(183): CH-0	16 [0 < 0.000000e+00]
INFO: main.c(183): CH-1	16 [0 < 0.000000e+00]
INFO: main.c(183): CH-2	16 [0 < 0.000000e+00]
INFO: main.c(183): D-0	171 [0 < 0.000000e+00]
INFO: main.c(183): D-1	171 [0 < 0.000000e+00]
INFO: main.c(183): D-2	171 [0 < 0.000000e+00]
INFO: main.c(183): DH-0	4 [0 < 0.000000e+00]
INFO: main.c(183): DH-1	4 [0 < 0.000000e+00]
INFO: main.c(183): DH-2	4 [0 < 0.000000e+00]
INFO: main.c(183): EH-0	111 [0 < 0.000000e+00]
INFO: main.c(183): EH-1	111 [0 < 0.000000e+00]
INFO: main.c(183): EH-2	111 [0 < 0.000000e+00]
INFO: main.c(183): ER-0	74 [0 < 0.000000e+00]
INFO: main.c(183): ER-1	74 [0 < 0.000000e+00]
INFO: main.c(183): ER-2	74 [0 < 0.000000e+00]
INFO: main.c(183): EY-0	184 [0 < 0.000000e+00]
INFO: main.c(183): EY-1	184 [0 < 0.000000e+00]
INFO: main.c(183): EY-2	184 [0 < 0.000000e+00]
INFO: main.c(183): F-0	46 [0 < 0.000000e+00]
INFO: main.c(183): F-1	46 [0 < 0.000000e+00]
INFO: main.c(183): F-2	46 [0 < 0.000000e+00]
INFO: main.c(183): G-0	112 [0 < 0.000000e+00]
INFO: main.c(183): G-1	112 [0 < 0.000000e+00]
INFO: main.c(183): G-2	112 [0 < 0.000000e+00]
INFO: main.c(183): HH-0	66 [0 < 0.000000e+00]
INFO: main.c(183): HH-1	66 [0 < 0.000000e+00]
INFO: main.c(183): HH-2	66 [0 < 0.000000e+00]
INFO: main.c(183): IH-0	163 [0 < 0.000000e+00]
INFO: main.c(183): IH-1	163 [0 < 0.000000e+00]
INFO: main.c(183): IH-2	163 [0 < 0.000000e+00]
INFO: main.c(183): IY-0	237 [0 < 0.000000e+00]
INFO: main.c(183): IY-1	237 [0 < 0.000000e+00]
INFO: main.c(183): IY-2	237 [0 < 0.000000e+00]
INFO: main.c(183): JH-0	73 [0 < 0.000000e+00]
INFO: main.c(183): JH-1	73 [0 < 0.000000e+00]
INFO: main.c(183): JH-2	73 [0 < 0.000000e+00]
INFO: main.c(183): K-0	173 [0 < 0.000000e+00]
INFO: main.c(183): K-1	173 [0 < 0.000000e+00]
INFO: main.c(183): K-2	173 [0 < 0.000000e+00]
INFO: main.c(183): L-0	131 [0 < 0.000000e+00]
INFO: main.c(183): L-1	131 [0 < 0.000000e+00]
INFO: main.c(183): L-2	131 [0 < 0.000000e+00]
INFO: main.c(183): M-0	134 [0 < 0.000000e+00]
INFO: main.c(183): M-1	134 [0 < 0.000000e+00]
INFO: main.c(183): M-2	134 [0 < 0.000000e+00]
INFO: main.c(183): N-0	198 [0 < 0.000000e+00]
INFO: main.c(183): N-1	198 [0 < 0.000000e+00]
INFO: main.c(183): N-2	198 [0 < 0.000000e+00]
INFO: main.c(183): NG-0	47 [0 < 0.000000e+00]
INFO: main.c(183): NG-1	47 [0 < 0.000000e+00]
INFO: main.c(183): NG-2	47 [0 < 0.000000e+00]
INFO: main.c(183): OW-0	219 [0 < 0.000000e+00]
INFO: main.c(183): OW-1	219 [0 < 0.000000e+00]
INFO: main.c(183): OW-2	219 [0 < 0.000000e+00]
INFO: main.c(183): OY-0	7 [0 < 0.000000e+00]
INFO: main.c(183): OY-1	7 [0 < 0.000000e+00]
INFO: main.c(183): OY-2	7 [0 < 0.000000e+00]
INFO: main.c(183): P-0	117 [0 < 0.000000e+00]
INFO: main.c(183): P-1	117 [0 < 0.000000e+00]
INFO: main.c(183): P-2	117 [0 < 0.000000e+00]
INFO: main.c(183): R-0	110 [0 < 0.000000e+00]
INFO: main.c(183): R-1	110 [0 < 0.000000e+00]
INFO: main.c(183): R-2	110 [0 < 0.000000e+00]
INFO: main.c(183): S-0	183 [0 < 0.000000e+00]
INFO: main.c(183): S-1	183 [0 < 0.000000e+00]
INFO: main.c(183): S-2	183 [0 < 0.000000e+00]
INFO: main.c(183): SH-0	23 [0 < 0.000000e+00]
INFO: main.c(183): SH-1	23 [0 < 0.000000e+00]
INFO: main.c(183): SH-2	23 [0 < 0.000000e+00]
INFO: main.c(183): T-0	213 [0 < 0.000000e+00]
INFO: main.c(183): T-1	213 [0 < 0.000000e+00]
INFO: main.c(183): T-2	213 [0 < 0.000000e+00]
INFO: main.c(183): TH-0	16 [0 < 0.000000e+00]
INFO: main.c(183): TH-1	16 [0 < 0.000000e+00]
INFO: main.c(183): TH-2	16 [0 < 0.000000e+00]
INFO: main.c(183): UH-0	9 [0 < 0.000000e+00]
INFO: main.c(183): UH-1	9 [0 < 0.000000e+00]
INFO: main.c(183): UH-2	9 [0 < 0.000000e+00]
INFO: main.c(183): UW-0	92 [0 < 0.000000e+00]
INFO: main.c(183): UW-1	92 [0 < 0.000000e+00]
INFO: main.c(183): UW-2	92 [0 < 0.000000e+00]
INFO: main.c(183): V-0	44 [0 < 0.000000e+00]
INFO: main.c(183): V-1	44 [0 < 0.000000e+00]
INFO: main.c(183): V-2	44 [0 < 0.000000e+00]
INFO: main.c(183): W-0	35 [0 < 0.000000e+00]
INFO: main.c(183): W-1	35 [0 < 0.000000e+00]
INFO: main.c(183): W-2	35 [0 < 0.000000e+00]
INFO: main.c(183): Y-0	49 [0 < 0.000000e+00]
INFO: main.c(183): Y-1	49 [0 < 0.000000e+00]
INFO: main.c(183): Y-2	49 [0 < 0.000000e+00]
INFO: main.c(183): Z-0	100 [0 < 0.000000e+00]
INFO: main.c(183): Z-1	100 [0 < 0.000000e+00]
INFO: main.c(183): Z-2	100 [0 < 0.000000e+00]
INFO: main.c(183): ZH-0	2 [0 < 0.000000e+00]
INFO: main.c(183): ZH-1	2 [0 < 0.000000e+00]
INFO: main.c(183): ZH-2	2 [0 < 0.000000e+00]
INFO: main.c(270): Prior to pruning n_seno= 12921
INFO: main.c(278): n_twig= 4298
INFO: main.c(308): Pruning 12721 nodes
INFO: main.c(340): Root node extracted (ZH 2) from heap
INFO: main.c(340): Root node extracted (ZH 0) from heap
INFO: main.c(340): Root node extracted (OY 0) from heap
INFO: main.c(340): Root node extracted (OY 1) from heap
INFO: main.c(340): Root node extracted (TH 1) from heap
INFO: main.c(340): Root node extracted (DH 1) from heap
INFO: main.c(340): Root node extracted (ZH 1) from heap
INFO: main.c(340): Root node extracted (TH 2) from heap
INFO: main.c(340): Root node extracted (DH 2) from heap
INFO: main.c(340): Root node extracted (TH 0) from heap
INFO: main.c(340): Root node extracted (DH 0) from heap
INFO: main.c(340): Root node extracted (OY 2) from heap
INFO: main.c(340): Root node extracted (SH 2) from heap
INFO: main.c(340): Root node extracted (V 0) from heap
INFO: main.c(340): Root node extracted (CH 0) from heap
INFO: main.c(340): Root node extracted (UH 1) from heap
INFO: main.c(340): Root node extracted (CH 1) from heap
INFO: main.c(340): Root node extracted (CH 2) from heap
INFO: main.c(340): Root node extracted (SH 0) from heap
INFO: main.c(340): Root node extracted (V 1) from heap
INFO: main.c(340): Root node extracted (SH 1) from heap
INFO: main.c(340): Root node extracted (UH 2) from heap
INFO: main.c(340): Root node extracted (UH 0) from heap
INFO: main.c(340): Root node extracted (V 2) from heap
INFO: main.c(340): Root node extracted (AW 1) from heap
INFO: main.c(340): Root node extracted (F 1) from heap
INFO: main.c(340): Root node extracted (F 2) from heap
INFO: main.c(340): Root node extracted (ER 0) from heap
INFO: main.c(340): Root node extracted (F 0) from heap
INFO: main.c(340): Root node extracted (AW 0) from heap
INFO: main.c(340): Root node extracted (ER 1) from heap
INFO: main.c(340): Root node extracted (AW 2) from heap
INFO: main.c(340): Root node extracted (ER 2) from heap
INFO: main.c(340): Root node extracted (W 1) from heap
INFO: main.c(340): Root node extracted (JH 1) from heap
INFO: main.c(340): Root node extracted (W 2) from heap
INFO: main.c(340): Root node extracted (Z 0) from heap
INFO: main.c(340): Root node extracted (R 0) from heap
INFO: main.c(340): Root node extracted (EH 0) from heap
INFO: main.c(340): Root node extracted (HH 1) from heap
INFO: main.c(340): Root node extracted (JH 0) from heap
INFO: main.c(340): Root node extracted (JH 2) from heap
INFO: main.c(340): Root node extracted (Y 2) from heap
INFO: main.c(340): Root node extracted (HH 2) from heap
INFO: main.c(340): Root node extracted (Y 1) from heap
INFO: main.c(340): Root node extracted (R 1) from heap
INFO: main.c(340): Root node extracted (EH 2) from heap
INFO: main.c(340): Root node extracted (NG 0) from heap
INFO: main.c(340): Root node extracted (HH 0) from heap
INFO: main.c(340): Root node extracted (P 1) from heap
INFO: main.c(340): Root node extracted (Y 0) from heap
INFO: main.c(340): Root node extracted (W 0) from heap
INFO: main.c(340): Root node extracted (AO 2) from heap
INFO: main.c(340): Root node extracted (EH 1) from heap
INFO: main.c(340): Root node extracted (EY 0) from heap
INFO: main.c(340): Root node extracted (R 2) from heap
INFO: main.c(340): Root node extracted (B 1) from heap
INFO: main.c(340): Root node extracted (AO 0) from heap
INFO: main.c(340): Root node extracted (B 0) from heap
INFO: main.c(340): Root node extracted (UW 0) from heap
INFO: main.c(340): Root node extracted (P 2) from heap
INFO: main.c(340): Root node extracted (AO 1) from heap
INFO: main.c(340): Root node extracted (IY 1) from heap
INFO: main.c(340): Root node extracted (OW 1) from heap
INFO: main.c(340): Root node extracted (AY 0) from heap
INFO: main.c(340): Root node extracted (K 1) from heap
INFO: main.c(340): Root node extracted (NG 2) from heap
INFO: main.c(386): AA-0	5
INFO: main.c(386): AA-1	5
INFO: main.c(386): AA-2	5
INFO: main.c(386): AE-0	7
INFO: main.c(386): AE-1	3
INFO: main.c(386): AE-2	7
INFO: main.c(386): AH-0	11
INFO: main.c(386): AH-1	9
INFO: main.c(386): AH-2	13
INFO: main.c(386): AO-0	1
INFO: main.c(386): AO-1	1
INFO: main.c(386): AO-2	1
INFO: main.c(386): AW-0	1
INFO: main.c(386): AW-1	1
INFO: main.c(386): AW-2	1
INFO: main.c(386): AY-0	1
INFO: main.c(386): AY-1	3
INFO: main.c(386): AY-2	5
INFO: main.c(386): B-0	1
INFO: main.c(386): B-1	1
INFO: main.c(386): B-2	3
INFO: main.c(386): CH-0	1
INFO: main.c(386): CH-1	1
INFO: main.c(386): CH-2	1
INFO: main.c(386): D-0	3
INFO: main.c(386): D-1	3
INFO: main.c(386): D-2	3
INFO: main.c(386): DH-0	1
INFO: main.c(386): DH-1	1
INFO: main.c(386): DH-2	1
INFO: main.c(386): EH-0	1
INFO: main.c(386): EH-1	1
INFO: main.c(386): EH-2	1
INFO: main.c(386): ER-0	1
INFO: main.c(386): ER-1	1
INFO: main.c(386): ER-2	1
INFO: main.c(386): EY-0	1
INFO: main.c(386): EY-1	3
INFO: main.c(386): EY-2	3
INFO: main.c(386): F-0	1
INFO: main.c(386): F-1	1
INFO: main.c(386): F-2	1
INFO: main.c(386): G-0	3
INFO: main.c(386): G-1	5
INFO: main.c(386): G-2	5
INFO: main.c(386): HH-0	1
INFO: main.c(386): HH-1	1
INFO: main.c(386): HH-2	1
INFO: main.c(386): IH-0	3
INFO: main.c(386): IH-1	3
INFO: main.c(386): IH-2	3
INFO: main.c(386): IY-0	3
INFO: main.c(386): IY-1	1
INFO: main.c(386): IY-2	3
INFO: main.c(386): JH-0	1
INFO: main.c(386): JH-1	1
INFO: main.c(386): JH-2	1
INFO: main.c(386): K-0	3
INFO: main.c(386): K-1	1
INFO: main.c(386): K-2	3
INFO: main.c(386): L-0	3
INFO: main.c(386): L-1	3
INFO: main.c(386): L-2	5
INFO: main.c(386): M-0	5
INFO: main.c(386): M-1	3
INFO: main.c(386): M-2	3
INFO: main.c(386): N-0	5
INFO: main.c(386): N-1	7
INFO: main.c(386): N-2	13
INFO: main.c(386): NG-0	1
INFO: main.c(386): NG-1	3
INFO: main.c(386): NG-2	1
INFO: main.c(386): OW-0	3
INFO: main.c(386): OW-1	1
INFO: main.c(386): OW-2	5
INFO: main.c(386): OY-0	1
INFO: main.c(386): OY-1	1
INFO: main.c(386): OY-2	1
INFO: main.c(386): P-0	3
INFO: main.c(386): P-1	1
INFO: main.c(386): P-2	1
INFO: main.c(386): R-0	1
INFO: main.c(386): R-1	1
INFO: main.c(386): R-2	1
INFO: main.c(386): S-0	3
INFO: main.c(386): S-1	3
INFO: main.c(386): S-2	3
INFO: main.c(386): SH-0	1
INFO: main.c(386): SH-1	1
INFO: main.c(386): SH-2	1
INFO: main.c(386): T-0	3
INFO: main.c(386): T-1	3
INFO: main.c(386): T-2	3
INFO: main.c(386): TH-0	1
INFO: main.c(386): TH-1	1
INFO: main.c(386): TH-2	1
INFO: main.c(386): UH-0	1
INFO: main.c(386): UH-1	1
INFO: main.c(386): UH-2	1
INFO: main.c(386): UW-0	1
INFO: main.c(386): UW-1	3
INFO: main.c(386): UW-2	3
INFO: main.c(386): V-0	1
INFO: main.c(386): V-1	1
INFO: main.c(386): V-2	1
INFO: main.c(386): W-0	1
INFO: main.c(386): W-1	1
INFO: main.c(386): W-2	1
INFO: main.c(386): Y-0	1
INFO: main.c(386): Y-1	1
INFO: main.c(386): Y-2	1
INFO: main.c(386): Z-0	1
INFO: main.c(386): Z-1	3
INFO: main.c(386): Z-2	3
INFO: main.c(386): ZH-0	1
INFO: main.c(386): ZH-1	1
INFO: main.c(386): ZH-2	1
Fri Jan  6 22:28:41 2023
